# load graph
Processing Static file: filename='CollegeMsg_20041006.csv'
# initialize tNodeEmbed for dataset=COLLEGE_NC, test_size=0.2
# load dataset
# fit
# tNodeEmbed steps_per_epoch=1
Epoch 1/25

1/1 [==============================] - ETA: 0s - loss: 4.7596 - accuracy: 0.0000e+00
1/1 [==============================] - 2s 2s/step - loss: 4.7596 - accuracy: 0.0000e+00
Epoch 2/25

1/1 [==============================] - ETA: 0s - loss: 4.7280 - accuracy: 0.0000e+00
1/1 [==============================] - 0s 6ms/step - loss: 4.7280 - accuracy: 0.0000e+00
Epoch 3/25

1/1 [==============================] - ETA: 0s - loss: 4.6965 - accuracy: 0.0000e+00
1/1 [==============================] - 0s 6ms/step - loss: 4.6965 - accuracy: 0.0000e+00
Epoch 4/25

1/1 [==============================] - ETA: 0s - loss: 4.6651 - accuracy: 0.1250
1/1 [==============================] - 0s 5ms/step - loss: 4.6651 - accuracy: 0.1250
Epoch 5/25

1/1 [==============================] - ETA: 0s - loss: 4.6336 - accuracy: 0.3750
1/1 [==============================] - 0s 6ms/step - loss: 4.6336 - accuracy: 0.3750
Epoch 6/25

1/1 [==============================] - ETA: 0s - loss: 4.6019 - accuracy: 0.6250
1/1 [==============================] - 0s 6ms/step - loss: 4.6019 - accuracy: 0.6250
Epoch 7/25

1/1 [==============================] - ETA: 0s - loss: 4.5698 - accuracy: 0.8750
1/1 [==============================] - 0s 6ms/step - loss: 4.5698 - accuracy: 0.8750
Epoch 8/25

1/1 [==============================] - ETA: 0s - loss: 4.5373 - accuracy: 0.9375
1/1 [==============================] - 0s 5ms/step - loss: 4.5373 - accuracy: 0.9375
Epoch 9/25

1/1 [==============================] - ETA: 0s - loss: 4.5040 - accuracy: 1.0000
1/1 [==============================] - 0s 6ms/step - loss: 4.5040 - accuracy: 1.0000
Epoch 10/25

1/1 [==============================] - ETA: 0s - loss: 4.4700 - accuracy: 1.0000
1/1 [==============================] - 0s 6ms/step - loss: 4.4700 - accuracy: 1.0000
Epoch 11/25

1/1 [==============================] - ETA: 0s - loss: 4.4350 - accuracy: 1.0000
1/1 [==============================] - 0s 6ms/step - loss: 4.4350 - accuracy: 1.0000
Epoch 12/25

1/1 [==============================] - ETA: 0s - loss: 4.3990 - accuracy: 1.0000
1/1 [==============================] - 0s 5ms/step - loss: 4.3990 - accuracy: 1.0000
Epoch 13/25

1/1 [==============================] - ETA: 0s - loss: 4.3617 - accuracy: 1.0000
1/1 [==============================] - 0s 6ms/step - loss: 4.3617 - accuracy: 1.0000
Epoch 14/25

1/1 [==============================] - ETA: 0s - loss: 4.3232 - accuracy: 1.0000
1/1 [==============================] - 0s 9ms/step - loss: 4.3232 - accuracy: 1.0000
Epoch 15/25

1/1 [==============================] - ETA: 0s - loss: 4.2831 - accuracy: 1.0000
1/1 [==============================] - 0s 8ms/step - loss: 4.2831 - accuracy: 1.0000
Epoch 16/25

1/1 [==============================] - ETA: 0s - loss: 4.2415 - accuracy: 1.0000
1/1 [==============================] - 0s 8ms/step - loss: 4.2415 - accuracy: 1.0000
Epoch 17/25

1/1 [==============================] - ETA: 0s - loss: 4.1982 - accuracy: 1.0000
1/1 [==============================] - 0s 7ms/step - loss: 4.1982 - accuracy: 1.0000
Epoch 18/25

1/1 [==============================] - ETA: 0s - loss: 4.1531 - accuracy: 1.0000
1/1 [==============================] - 0s 8ms/step - loss: 4.1531 - accuracy: 1.0000
Epoch 19/25

1/1 [==============================] - ETA: 0s - loss: 4.1061 - accuracy: 1.0000
1/1 [==============================] - 0s 7ms/step - loss: 4.1061 - accuracy: 1.0000
Epoch 20/25

1/1 [==============================] - ETA: 0s - loss: 4.0572 - accuracy: 1.0000
1/1 [==============================] - 0s 8ms/step - loss: 4.0572 - accuracy: 1.0000
Epoch 21/25

1/1 [==============================] - ETA: 0s - loss: 4.0062 - accuracy: 1.0000
1/1 [==============================] - 0s 9ms/step - loss: 4.0062 - accuracy: 1.0000
Epoch 22/25

1/1 [==============================] - ETA: 0s - loss: 3.9530 - accuracy: 1.0000
1/1 [==============================] - 0s 7ms/step - loss: 3.9530 - accuracy: 1.0000
Epoch 23/25

1/1 [==============================] - ETA: 0s - loss: 3.8975 - accuracy: 1.0000
1/1 [==============================] - 0s 8ms/step - loss: 3.8975 - accuracy: 1.0000
Epoch 24/25

1/1 [==============================] - ETA: 0s - loss: 3.8398 - accuracy: 1.0000
1/1 [==============================] - 0s 7ms/step - loss: 3.8398 - accuracy: 1.0000
Epoch 25/25

1/1 [==============================] - ETA: 0s - loss: 3.7797 - accuracy: 1.0000
1/1 [==============================] - 0s 7ms/step - loss: 3.7797 - accuracy: 1.0000
# node2vec
Epoch 1/25

1/1 [==============================] - ETA: 0s - loss: 4.7565 - accuracy: 0.0000e+00
1/1 [==============================] - 0s 326ms/step - loss: 4.7565 - accuracy: 0.0000e+00
Epoch 2/25

1/1 [==============================] - ETA: 0s - loss: 4.7181 - accuracy: 0.0000e+00
1/1 [==============================] - 0s 5ms/step - loss: 4.7181 - accuracy: 0.0000e+00
Epoch 3/25

1/1 [==============================] - ETA: 0s - loss: 4.6798 - accuracy: 0.0625
1/1 [==============================] - 0s 5ms/step - loss: 4.6798 - accuracy: 0.0625
Epoch 4/25

1/1 [==============================] - ETA: 0s - loss: 4.6415 - accuracy: 0.0625
1/1 [==============================] - 0s 4ms/step - loss: 4.6415 - accuracy: 0.0625
Epoch 5/25

1/1 [==============================] - ETA: 0s - loss: 4.6033 - accuracy: 0.0625
1/1 [==============================] - 0s 5ms/step - loss: 4.6033 - accuracy: 0.0625
Epoch 6/25

1/1 [==============================] - ETA: 0s - loss: 4.5651 - accuracy: 0.0625
1/1 [==============================] - 0s 4ms/step - loss: 4.5651 - accuracy: 0.0625
Epoch 7/25

1/1 [==============================] - ETA: 0s - loss: 4.5270 - accuracy: 0.0625
1/1 [==============================] - 0s 4ms/step - loss: 4.5270 - accuracy: 0.0625
Epoch 8/25

1/1 [==============================] - ETA: 0s - loss: 4.4890 - accuracy: 0.0625
1/1 [==============================] - 0s 4ms/step - loss: 4.4890 - accuracy: 0.0625
Epoch 9/25

1/1 [==============================] - ETA: 0s - loss: 4.4510 - accuracy: 0.0625
1/1 [==============================] - 0s 5ms/step - loss: 4.4510 - accuracy: 0.0625
Epoch 10/25

1/1 [==============================] - ETA: 0s - loss: 4.4131 - accuracy: 0.0625
1/1 [==============================] - 0s 5ms/step - loss: 4.4131 - accuracy: 0.0625
Epoch 11/25

1/1 [==============================] - ETA: 0s - loss: 4.3753 - accuracy: 0.0625
1/1 [==============================] - 0s 5ms/step - loss: 4.3753 - accuracy: 0.0625
Epoch 12/25

1/1 [==============================] - ETA: 0s - loss: 4.3375 - accuracy: 0.0625
1/1 [==============================] - 0s 6ms/step - loss: 4.3375 - accuracy: 0.0625
Epoch 13/25

1/1 [==============================] - ETA: 0s - loss: 4.2998 - accuracy: 0.1250
1/1 [==============================] - 0s 5ms/step - loss: 4.2998 - accuracy: 0.1250
Epoch 14/25

1/1 [==============================] - ETA: 0s - loss: 4.2622 - accuracy: 0.2500
1/1 [==============================] - 0s 5ms/step - loss: 4.2622 - accuracy: 0.2500
Epoch 15/25

1/1 [==============================] - ETA: 0s - loss: 4.2247 - accuracy: 0.2500
1/1 [==============================] - 0s 5ms/step - loss: 4.2247 - accuracy: 0.2500
Epoch 16/25

1/1 [==============================] - ETA: 0s - loss: 4.1873 - accuracy: 0.2500
1/1 [==============================] - 0s 4ms/step - loss: 4.1873 - accuracy: 0.2500
Epoch 17/25

1/1 [==============================] - ETA: 0s - loss: 4.1500 - accuracy: 0.2500
1/1 [==============================] - 0s 5ms/step - loss: 4.1500 - accuracy: 0.2500
Epoch 18/25

1/1 [==============================] - ETA: 0s - loss: 4.1127 - accuracy: 0.3125
1/1 [==============================] - 0s 4ms/step - loss: 4.1127 - accuracy: 0.3125
Epoch 19/25

1/1 [==============================] - ETA: 0s - loss: 4.0755 - accuracy: 0.3750
1/1 [==============================] - 0s 4ms/step - loss: 4.0755 - accuracy: 0.3750
Epoch 20/25

1/1 [==============================] - ETA: 0s - loss: 4.0385 - accuracy: 0.3750
1/1 [==============================] - 0s 5ms/step - loss: 4.0385 - accuracy: 0.3750
Epoch 21/25

1/1 [==============================] - ETA: 0s - loss: 4.0015 - accuracy: 0.5000
1/1 [==============================] - 0s 5ms/step - loss: 4.0015 - accuracy: 0.5000
Epoch 22/25

1/1 [==============================] - ETA: 0s - loss: 3.9646 - accuracy: 0.5000
1/1 [==============================] - 0s 4ms/step - loss: 3.9646 - accuracy: 0.5000
Epoch 23/25

1/1 [==============================] - ETA: 0s - loss: 3.9278 - accuracy: 0.5000
1/1 [==============================] - 0s 6ms/step - loss: 3.9278 - accuracy: 0.5000
Epoch 24/25

1/1 [==============================] - ETA: 0s - loss: 3.8912 - accuracy: 0.6250
1/1 [==============================] - 0s 5ms/step - loss: 3.8912 - accuracy: 0.6250
Epoch 25/25

1/1 [==============================] - ETA: 0s - loss: 3.8546 - accuracy: 0.6250
1/1 [==============================] - 0s 5ms/step - loss: 3.8546 - accuracy: 0.6250
# predict: steps=12
# predict: tnodeembed_metrics
# predict: node2vec_metrics
tnodeembed: {'auc': 0.6853378030544457, 'f1_micro': 0.0, 'f1_macro': 0.0} tNodeEmbed_final_loss=3.7797112464904785 tNodeEmbed_final_accuracy=1.0 
node2vec: {'auc': 0.6622918147721424, 'f1_micro': 0.0, 'f1_macro': 0.0} node2vec_final_loss=3.8546102046966553 node2vec_final_accuracy=0.625 
