# load graph
Processing Static file: filename='CollegeMsg_20040913.csv'
# initialize tNodeEmbed for dataset=COLLEGE_NC, test_size=0.2
# load dataset
# fit
# tNodeEmbed steps_per_epoch=1
Epoch 1/25

1/1 [==============================] - ETA: 0s - loss: 4.7403 - accuracy: 0.0625
1/1 [==============================] - 2s 2s/step - loss: 4.7403 - accuracy: 0.0625
Epoch 2/25

1/1 [==============================] - ETA: 0s - loss: 4.7081 - accuracy: 0.0625
1/1 [==============================] - 0s 6ms/step - loss: 4.7081 - accuracy: 0.0625
Epoch 3/25

1/1 [==============================] - ETA: 0s - loss: 4.6759 - accuracy: 0.1250
1/1 [==============================] - 0s 6ms/step - loss: 4.6759 - accuracy: 0.1250
Epoch 4/25

1/1 [==============================] - ETA: 0s - loss: 4.6436 - accuracy: 0.2500
1/1 [==============================] - 0s 6ms/step - loss: 4.6436 - accuracy: 0.2500
Epoch 5/25

1/1 [==============================] - ETA: 0s - loss: 4.6111 - accuracy: 0.5625
1/1 [==============================] - 0s 5ms/step - loss: 4.6111 - accuracy: 0.5625
Epoch 6/25

1/1 [==============================] - ETA: 0s - loss: 4.5783 - accuracy: 0.8125
1/1 [==============================] - 0s 6ms/step - loss: 4.5783 - accuracy: 0.8125
Epoch 7/25

1/1 [==============================] - ETA: 0s - loss: 4.5449 - accuracy: 0.9375
1/1 [==============================] - 0s 5ms/step - loss: 4.5449 - accuracy: 0.9375
Epoch 8/25

1/1 [==============================] - ETA: 0s - loss: 4.5109 - accuracy: 1.0000
1/1 [==============================] - 0s 5ms/step - loss: 4.5109 - accuracy: 1.0000
Epoch 9/25

1/1 [==============================] - ETA: 0s - loss: 4.4761 - accuracy: 1.0000
1/1 [==============================] - 0s 5ms/step - loss: 4.4761 - accuracy: 1.0000
Epoch 10/25

1/1 [==============================] - ETA: 0s - loss: 4.4404 - accuracy: 1.0000
1/1 [==============================] - 0s 5ms/step - loss: 4.4404 - accuracy: 1.0000
Epoch 11/25

1/1 [==============================] - ETA: 0s - loss: 4.4037 - accuracy: 1.0000
1/1 [==============================] - 0s 6ms/step - loss: 4.4037 - accuracy: 1.0000
Epoch 12/25

1/1 [==============================] - ETA: 0s - loss: 4.3658 - accuracy: 1.0000
1/1 [==============================] - 0s 5ms/step - loss: 4.3658 - accuracy: 1.0000
Epoch 13/25

1/1 [==============================] - ETA: 0s - loss: 4.3266 - accuracy: 1.0000
1/1 [==============================] - 0s 6ms/step - loss: 4.3266 - accuracy: 1.0000
Epoch 14/25

1/1 [==============================] - ETA: 0s - loss: 4.2861 - accuracy: 1.0000
1/1 [==============================] - 0s 6ms/step - loss: 4.2861 - accuracy: 1.0000
Epoch 15/25

1/1 [==============================] - ETA: 0s - loss: 4.2440 - accuracy: 1.0000
1/1 [==============================] - 0s 6ms/step - loss: 4.2440 - accuracy: 1.0000
Epoch 16/25

1/1 [==============================] - ETA: 0s - loss: 4.2003 - accuracy: 1.0000
1/1 [==============================] - 0s 4ms/step - loss: 4.2003 - accuracy: 1.0000
Epoch 17/25

1/1 [==============================] - ETA: 0s - loss: 4.1549 - accuracy: 1.0000
1/1 [==============================] - 0s 5ms/step - loss: 4.1549 - accuracy: 1.0000
Epoch 18/25

1/1 [==============================] - ETA: 0s - loss: 4.1077 - accuracy: 1.0000
1/1 [==============================] - 0s 5ms/step - loss: 4.1077 - accuracy: 1.0000
Epoch 19/25

1/1 [==============================] - ETA: 0s - loss: 4.0586 - accuracy: 1.0000
1/1 [==============================] - 0s 5ms/step - loss: 4.0586 - accuracy: 1.0000
Epoch 20/25

1/1 [==============================] - ETA: 0s - loss: 4.0075 - accuracy: 1.0000
1/1 [==============================] - 0s 5ms/step - loss: 4.0075 - accuracy: 1.0000
Epoch 21/25

1/1 [==============================] - ETA: 0s - loss: 3.9544 - accuracy: 1.0000
1/1 [==============================] - 0s 5ms/step - loss: 3.9544 - accuracy: 1.0000
Epoch 22/25

1/1 [==============================] - ETA: 0s - loss: 3.8991 - accuracy: 1.0000
1/1 [==============================] - 0s 5ms/step - loss: 3.8991 - accuracy: 1.0000
Epoch 23/25

1/1 [==============================] - ETA: 0s - loss: 3.8417 - accuracy: 1.0000
1/1 [==============================] - 0s 6ms/step - loss: 3.8417 - accuracy: 1.0000
Epoch 24/25

1/1 [==============================] - ETA: 0s - loss: 3.7821 - accuracy: 1.0000
1/1 [==============================] - 0s 5ms/step - loss: 3.7821 - accuracy: 1.0000
Epoch 25/25

1/1 [==============================] - ETA: 0s - loss: 3.7201 - accuracy: 1.0000
1/1 [==============================] - 0s 5ms/step - loss: 3.7201 - accuracy: 1.0000
# node2vec
Epoch 1/25

1/1 [==============================] - ETA: 0s - loss: 4.6991 - accuracy: 0.0625
1/1 [==============================] - 0s 234ms/step - loss: 4.6991 - accuracy: 0.0625
Epoch 2/25

1/1 [==============================] - ETA: 0s - loss: 4.6627 - accuracy: 0.0625
1/1 [==============================] - 0s 2ms/step - loss: 4.6627 - accuracy: 0.0625
Epoch 3/25

1/1 [==============================] - ETA: 0s - loss: 4.6264 - accuracy: 0.1250
1/1 [==============================] - 0s 3ms/step - loss: 4.6264 - accuracy: 0.1250
Epoch 4/25

1/1 [==============================] - ETA: 0s - loss: 4.5902 - accuracy: 0.1250
1/1 [==============================] - 0s 2ms/step - loss: 4.5902 - accuracy: 0.1250
Epoch 5/25

1/1 [==============================] - ETA: 0s - loss: 4.5539 - accuracy: 0.1250
1/1 [==============================] - 0s 2ms/step - loss: 4.5539 - accuracy: 0.1250
Epoch 6/25

1/1 [==============================] - ETA: 0s - loss: 4.5178 - accuracy: 0.1250
1/1 [==============================] - 0s 3ms/step - loss: 4.5178 - accuracy: 0.1250
Epoch 7/25

1/1 [==============================] - ETA: 0s - loss: 4.4817 - accuracy: 0.1250
1/1 [==============================] - 0s 3ms/step - loss: 4.4817 - accuracy: 0.1250
Epoch 8/25

1/1 [==============================] - ETA: 0s - loss: 4.4456 - accuracy: 0.1250
1/1 [==============================] - 0s 3ms/step - loss: 4.4456 - accuracy: 0.1250
Epoch 9/25

1/1 [==============================] - ETA: 0s - loss: 4.4096 - accuracy: 0.1250
1/1 [==============================] - 0s 3ms/step - loss: 4.4096 - accuracy: 0.1250
Epoch 10/25

1/1 [==============================] - ETA: 0s - loss: 4.3737 - accuracy: 0.2500
1/1 [==============================] - 0s 3ms/step - loss: 4.3737 - accuracy: 0.2500
Epoch 11/25

1/1 [==============================] - ETA: 0s - loss: 4.3379 - accuracy: 0.2500
1/1 [==============================] - 0s 3ms/step - loss: 4.3379 - accuracy: 0.2500
Epoch 12/25

1/1 [==============================] - ETA: 0s - loss: 4.3021 - accuracy: 0.2500
1/1 [==============================] - 0s 2ms/step - loss: 4.3021 - accuracy: 0.2500
Epoch 13/25

1/1 [==============================] - ETA: 0s - loss: 4.2663 - accuracy: 0.3750
1/1 [==============================] - 0s 2ms/step - loss: 4.2663 - accuracy: 0.3750
Epoch 14/25

1/1 [==============================] - ETA: 0s - loss: 4.2307 - accuracy: 0.3750
1/1 [==============================] - 0s 2ms/step - loss: 4.2307 - accuracy: 0.3750
Epoch 15/25

1/1 [==============================] - ETA: 0s - loss: 4.1951 - accuracy: 0.5000
1/1 [==============================] - 0s 3ms/step - loss: 4.1951 - accuracy: 0.5000
Epoch 16/25

1/1 [==============================] - ETA: 0s - loss: 4.1596 - accuracy: 0.5000
1/1 [==============================] - 0s 3ms/step - loss: 4.1596 - accuracy: 0.5000
Epoch 17/25

1/1 [==============================] - ETA: 0s - loss: 4.1242 - accuracy: 0.5000
1/1 [==============================] - 0s 3ms/step - loss: 4.1242 - accuracy: 0.5000
Epoch 18/25

1/1 [==============================] - ETA: 0s - loss: 4.0888 - accuracy: 0.5000
1/1 [==============================] - 0s 3ms/step - loss: 4.0888 - accuracy: 0.5000
Epoch 19/25

1/1 [==============================] - ETA: 0s - loss: 4.0535 - accuracy: 0.5000
1/1 [==============================] - 0s 4ms/step - loss: 4.0535 - accuracy: 0.5000
Epoch 20/25

1/1 [==============================] - ETA: 0s - loss: 4.0184 - accuracy: 0.5625
1/1 [==============================] - 0s 11ms/step - loss: 4.0184 - accuracy: 0.5625
Epoch 21/25

1/1 [==============================] - ETA: 0s - loss: 3.9833 - accuracy: 0.5625
1/1 [==============================] - 0s 4ms/step - loss: 3.9833 - accuracy: 0.5625
Epoch 22/25

1/1 [==============================] - ETA: 0s - loss: 3.9483 - accuracy: 0.5625
1/1 [==============================] - 0s 4ms/step - loss: 3.9483 - accuracy: 0.5625
Epoch 23/25

1/1 [==============================] - ETA: 0s - loss: 3.9133 - accuracy: 0.5625
1/1 [==============================] - 0s 4ms/step - loss: 3.9133 - accuracy: 0.5625
Epoch 24/25

1/1 [==============================] - ETA: 0s - loss: 3.8785 - accuracy: 0.5625
1/1 [==============================] - 0s 3ms/step - loss: 3.8785 - accuracy: 0.5625
Epoch 25/25

1/1 [==============================] - ETA: 0s - loss: 3.8438 - accuracy: 0.6250
1/1 [==============================] - 0s 3ms/step - loss: 3.8438 - accuracy: 0.6250
# predict: steps=12
# predict: tnodeembed_metrics
# predict: node2vec_metrics
tnodeembed: {'auc': 0.7266213566052999, 'f1_micro': 0.0, 'f1_macro': 0.0} tNodeEmbed_final_loss=3.7201404571533203 tNodeEmbed_final_accuracy=1.0 
node2vec: {'auc': 0.6941722844605691, 'f1_micro': 0.0, 'f1_macro': 0.0} node2vec_final_loss=3.8438103199005127 node2vec_final_accuracy=0.625 
