# load graph
Processing Static file: filename='CollegeMsg_20041004.csv'
# initialize tNodeEmbed for dataset=COLLEGE_NC, test_size=0.2
# load dataset
# fit
# tNodeEmbed steps_per_epoch=1
Epoch 1/25

1/1 [==============================] - ETA: 0s - loss: 4.7575 - accuracy: 0.0000e+00
1/1 [==============================] - 3s 3s/step - loss: 4.7575 - accuracy: 0.0000e+00
Epoch 2/25

1/1 [==============================] - ETA: 0s - loss: 4.7237 - accuracy: 0.0000e+00
1/1 [==============================] - 0s 9ms/step - loss: 4.7237 - accuracy: 0.0000e+00
Epoch 3/25

1/1 [==============================] - ETA: 0s - loss: 4.6901 - accuracy: 0.0000e+00
1/1 [==============================] - 0s 9ms/step - loss: 4.6901 - accuracy: 0.0000e+00
Epoch 4/25

1/1 [==============================] - ETA: 0s - loss: 4.6564 - accuracy: 0.1875
1/1 [==============================] - 0s 8ms/step - loss: 4.6564 - accuracy: 0.1875
Epoch 5/25

1/1 [==============================] - ETA: 0s - loss: 4.6226 - accuracy: 0.5000
1/1 [==============================] - 0s 8ms/step - loss: 4.6226 - accuracy: 0.5000
Epoch 6/25

1/1 [==============================] - ETA: 0s - loss: 4.5884 - accuracy: 0.7500
1/1 [==============================] - 0s 8ms/step - loss: 4.5884 - accuracy: 0.7500
Epoch 7/25

1/1 [==============================] - ETA: 0s - loss: 4.5538 - accuracy: 0.9375
1/1 [==============================] - 0s 9ms/step - loss: 4.5538 - accuracy: 0.9375
Epoch 8/25

1/1 [==============================] - ETA: 0s - loss: 4.5184 - accuracy: 1.0000
1/1 [==============================] - 0s 9ms/step - loss: 4.5184 - accuracy: 1.0000
Epoch 9/25

1/1 [==============================] - ETA: 0s - loss: 4.4821 - accuracy: 1.0000
1/1 [==============================] - 0s 8ms/step - loss: 4.4821 - accuracy: 1.0000
Epoch 10/25

1/1 [==============================] - ETA: 0s - loss: 4.4449 - accuracy: 1.0000
1/1 [==============================] - 0s 7ms/step - loss: 4.4449 - accuracy: 1.0000
Epoch 11/25

1/1 [==============================] - ETA: 0s - loss: 4.4064 - accuracy: 1.0000
1/1 [==============================] - 0s 7ms/step - loss: 4.4064 - accuracy: 1.0000
Epoch 12/25

1/1 [==============================] - ETA: 0s - loss: 4.3667 - accuracy: 1.0000
1/1 [==============================] - 0s 7ms/step - loss: 4.3667 - accuracy: 1.0000
Epoch 13/25

1/1 [==============================] - ETA: 0s - loss: 4.3255 - accuracy: 1.0000
1/1 [==============================] - 0s 7ms/step - loss: 4.3255 - accuracy: 1.0000
Epoch 14/25

1/1 [==============================] - ETA: 0s - loss: 4.2827 - accuracy: 1.0000
1/1 [==============================] - 0s 8ms/step - loss: 4.2827 - accuracy: 1.0000
Epoch 15/25

1/1 [==============================] - ETA: 0s - loss: 4.2382 - accuracy: 1.0000
1/1 [==============================] - 0s 7ms/step - loss: 4.2382 - accuracy: 1.0000
Epoch 16/25

1/1 [==============================] - ETA: 0s - loss: 4.1918 - accuracy: 1.0000
1/1 [==============================] - 0s 8ms/step - loss: 4.1918 - accuracy: 1.0000
Epoch 17/25

1/1 [==============================] - ETA: 0s - loss: 4.1435 - accuracy: 1.0000
1/1 [==============================] - 0s 8ms/step - loss: 4.1435 - accuracy: 1.0000
Epoch 18/25

1/1 [==============================] - ETA: 0s - loss: 4.0932 - accuracy: 1.0000
1/1 [==============================] - 0s 8ms/step - loss: 4.0932 - accuracy: 1.0000
Epoch 19/25

1/1 [==============================] - ETA: 0s - loss: 4.0406 - accuracy: 1.0000
1/1 [==============================] - 0s 6ms/step - loss: 4.0406 - accuracy: 1.0000
Epoch 20/25

1/1 [==============================] - ETA: 0s - loss: 3.9859 - accuracy: 1.0000
1/1 [==============================] - 0s 8ms/step - loss: 3.9859 - accuracy: 1.0000
Epoch 21/25

1/1 [==============================] - ETA: 0s - loss: 3.9288 - accuracy: 1.0000
1/1 [==============================] - 0s 8ms/step - loss: 3.9288 - accuracy: 1.0000
Epoch 22/25

1/1 [==============================] - ETA: 0s - loss: 3.8693 - accuracy: 1.0000
1/1 [==============================] - 0s 8ms/step - loss: 3.8693 - accuracy: 1.0000
Epoch 23/25

1/1 [==============================] - ETA: 0s - loss: 3.8073 - accuracy: 1.0000
1/1 [==============================] - 0s 7ms/step - loss: 3.8073 - accuracy: 1.0000
Epoch 24/25

1/1 [==============================] - ETA: 0s - loss: 3.7428 - accuracy: 1.0000
1/1 [==============================] - 0s 8ms/step - loss: 3.7428 - accuracy: 1.0000
Epoch 25/25

1/1 [==============================] - ETA: 0s - loss: 3.6758 - accuracy: 1.0000
1/1 [==============================] - 0s 7ms/step - loss: 3.6758 - accuracy: 1.0000
# node2vec
Epoch 1/25

1/1 [==============================] - ETA: 0s - loss: 4.8253 - accuracy: 0.0000e+00
1/1 [==============================] - 0s 432ms/step - loss: 4.8253 - accuracy: 0.0000e+00
Epoch 2/25

1/1 [==============================] - ETA: 0s - loss: 4.7853 - accuracy: 0.0000e+00
1/1 [==============================] - 0s 7ms/step - loss: 4.7853 - accuracy: 0.0000e+00
Epoch 3/25

1/1 [==============================] - ETA: 0s - loss: 4.7452 - accuracy: 0.0000e+00
1/1 [==============================] - 0s 5ms/step - loss: 4.7452 - accuracy: 0.0000e+00
Epoch 4/25

1/1 [==============================] - ETA: 0s - loss: 4.7053 - accuracy: 0.0000e+00
1/1 [==============================] - 0s 5ms/step - loss: 4.7053 - accuracy: 0.0000e+00
Epoch 5/25

1/1 [==============================] - ETA: 0s - loss: 4.6654 - accuracy: 0.0000e+00
1/1 [==============================] - 0s 4ms/step - loss: 4.6654 - accuracy: 0.0000e+00
Epoch 6/25

1/1 [==============================] - ETA: 0s - loss: 4.6255 - accuracy: 0.0000e+00
1/1 [==============================] - 0s 4ms/step - loss: 4.6255 - accuracy: 0.0000e+00
Epoch 7/25

1/1 [==============================] - ETA: 0s - loss: 4.5858 - accuracy: 0.0000e+00
1/1 [==============================] - 0s 4ms/step - loss: 4.5858 - accuracy: 0.0000e+00
Epoch 8/25

1/1 [==============================] - ETA: 0s - loss: 4.5461 - accuracy: 0.0000e+00
1/1 [==============================] - 0s 4ms/step - loss: 4.5461 - accuracy: 0.0000e+00
Epoch 9/25

1/1 [==============================] - ETA: 0s - loss: 4.5064 - accuracy: 0.0000e+00
1/1 [==============================] - 0s 5ms/step - loss: 4.5064 - accuracy: 0.0000e+00
Epoch 10/25

1/1 [==============================] - ETA: 0s - loss: 4.4668 - accuracy: 0.0000e+00
1/1 [==============================] - 0s 4ms/step - loss: 4.4668 - accuracy: 0.0000e+00
Epoch 11/25

1/1 [==============================] - ETA: 0s - loss: 4.4273 - accuracy: 0.0000e+00
1/1 [==============================] - 0s 5ms/step - loss: 4.4273 - accuracy: 0.0000e+00
Epoch 12/25

1/1 [==============================] - ETA: 0s - loss: 4.3879 - accuracy: 0.0625
1/1 [==============================] - 0s 5ms/step - loss: 4.3879 - accuracy: 0.0625
Epoch 13/25

1/1 [==============================] - ETA: 0s - loss: 4.3486 - accuracy: 0.0625
1/1 [==============================] - 0s 4ms/step - loss: 4.3486 - accuracy: 0.0625
Epoch 14/25

1/1 [==============================] - ETA: 0s - loss: 4.3093 - accuracy: 0.0625
1/1 [==============================] - 0s 5ms/step - loss: 4.3093 - accuracy: 0.0625
Epoch 15/25

1/1 [==============================] - ETA: 0s - loss: 4.2701 - accuracy: 0.1250
1/1 [==============================] - 0s 4ms/step - loss: 4.2701 - accuracy: 0.1250
Epoch 16/25

1/1 [==============================] - ETA: 0s - loss: 4.2310 - accuracy: 0.1250
1/1 [==============================] - 0s 5ms/step - loss: 4.2310 - accuracy: 0.1250
Epoch 17/25

1/1 [==============================] - ETA: 0s - loss: 4.1920 - accuracy: 0.1875
1/1 [==============================] - 0s 5ms/step - loss: 4.1920 - accuracy: 0.1875
Epoch 18/25

1/1 [==============================] - ETA: 0s - loss: 4.1531 - accuracy: 0.3125
1/1 [==============================] - 0s 4ms/step - loss: 4.1531 - accuracy: 0.3125
Epoch 19/25

1/1 [==============================] - ETA: 0s - loss: 4.1143 - accuracy: 0.3125
1/1 [==============================] - 0s 4ms/step - loss: 4.1143 - accuracy: 0.3125
Epoch 20/25

1/1 [==============================] - ETA: 0s - loss: 4.0756 - accuracy: 0.3125
1/1 [==============================] - 0s 5ms/step - loss: 4.0756 - accuracy: 0.3125
Epoch 21/25

1/1 [==============================] - ETA: 0s - loss: 4.0370 - accuracy: 0.3125
1/1 [==============================] - 0s 5ms/step - loss: 4.0370 - accuracy: 0.3125
Epoch 22/25

1/1 [==============================] - ETA: 0s - loss: 3.9985 - accuracy: 0.3125
1/1 [==============================] - 0s 5ms/step - loss: 3.9985 - accuracy: 0.3125
Epoch 23/25

1/1 [==============================] - ETA: 0s - loss: 3.9601 - accuracy: 0.3750
1/1 [==============================] - 0s 7ms/step - loss: 3.9601 - accuracy: 0.3750
Epoch 24/25

1/1 [==============================] - ETA: 0s - loss: 3.9218 - accuracy: 0.5000
1/1 [==============================] - 0s 5ms/step - loss: 3.9218 - accuracy: 0.5000
Epoch 25/25

1/1 [==============================] - ETA: 0s - loss: 3.8837 - accuracy: 0.6250
1/1 [==============================] - 0s 5ms/step - loss: 3.8837 - accuracy: 0.6250
# predict: steps=12
# predict: tnodeembed_metrics
# predict: node2vec_metrics
tnodeembed: {'auc': 0.7626197509376609, 'f1_micro': 0.0, 'f1_macro': 0.0} tNodeEmbed_final_loss=3.6757659912109375 tNodeEmbed_final_accuracy=1.0 
node2vec: {'auc': 0.6755795418331577, 'f1_micro': 0.0, 'f1_macro': 0.0} node2vec_final_loss=3.8836522102355957 node2vec_final_accuracy=0.625 
