# load graph
Processing Static file: filename='CollegeMsg_20040925.csv'
# initialize tNodeEmbed for dataset=COLLEGE_NC, test_size=0.2
# load dataset
# fit
# tNodeEmbed steps_per_epoch=1
Epoch 1/25

1/1 [==============================] - ETA: 0s - loss: 4.7421 - accuracy: 0.0625
1/1 [==============================] - 1s 1s/step - loss: 4.7421 - accuracy: 0.0625
Epoch 2/25

1/1 [==============================] - ETA: 0s - loss: 4.7064 - accuracy: 0.0000e+00
1/1 [==============================] - 0s 7ms/step - loss: 4.7064 - accuracy: 0.0000e+00
Epoch 3/25

1/1 [==============================] - ETA: 0s - loss: 4.6706 - accuracy: 0.1250
1/1 [==============================] - 0s 7ms/step - loss: 4.6706 - accuracy: 0.1250
Epoch 4/25

1/1 [==============================] - ETA: 0s - loss: 4.6346 - accuracy: 0.3750
1/1 [==============================] - 0s 6ms/step - loss: 4.6346 - accuracy: 0.3750
Epoch 5/25

1/1 [==============================] - ETA: 0s - loss: 4.5984 - accuracy: 0.6250
1/1 [==============================] - 0s 6ms/step - loss: 4.5984 - accuracy: 0.6250
Epoch 6/25

1/1 [==============================] - ETA: 0s - loss: 4.5616 - accuracy: 0.8125
1/1 [==============================] - 0s 6ms/step - loss: 4.5616 - accuracy: 0.8125
Epoch 7/25

1/1 [==============================] - ETA: 0s - loss: 4.5243 - accuracy: 0.8750
1/1 [==============================] - 0s 6ms/step - loss: 4.5243 - accuracy: 0.8750
Epoch 8/25

1/1 [==============================] - ETA: 0s - loss: 4.4861 - accuracy: 0.9375
1/1 [==============================] - 0s 5ms/step - loss: 4.4861 - accuracy: 0.9375
Epoch 9/25

1/1 [==============================] - ETA: 0s - loss: 4.4470 - accuracy: 0.9375
1/1 [==============================] - 0s 6ms/step - loss: 4.4470 - accuracy: 0.9375
Epoch 10/25

1/1 [==============================] - ETA: 0s - loss: 4.4069 - accuracy: 0.9375
1/1 [==============================] - 0s 6ms/step - loss: 4.4069 - accuracy: 0.9375
Epoch 11/25

1/1 [==============================] - ETA: 0s - loss: 4.3654 - accuracy: 0.9375
1/1 [==============================] - 0s 6ms/step - loss: 4.3654 - accuracy: 0.9375
Epoch 12/25

1/1 [==============================] - ETA: 0s - loss: 4.3226 - accuracy: 0.9375
1/1 [==============================] - 0s 5ms/step - loss: 4.3226 - accuracy: 0.9375
Epoch 13/25

1/1 [==============================] - ETA: 0s - loss: 4.2783 - accuracy: 0.9375
1/1 [==============================] - 0s 7ms/step - loss: 4.2783 - accuracy: 0.9375
Epoch 14/25

1/1 [==============================] - ETA: 0s - loss: 4.2324 - accuracy: 0.9375
1/1 [==============================] - 0s 6ms/step - loss: 4.2324 - accuracy: 0.9375
Epoch 15/25

1/1 [==============================] - ETA: 0s - loss: 4.1847 - accuracy: 0.9375
1/1 [==============================] - 0s 6ms/step - loss: 4.1847 - accuracy: 0.9375
Epoch 16/25

1/1 [==============================] - ETA: 0s - loss: 4.1351 - accuracy: 0.9375
1/1 [==============================] - 0s 6ms/step - loss: 4.1351 - accuracy: 0.9375
Epoch 17/25

1/1 [==============================] - ETA: 0s - loss: 4.0835 - accuracy: 0.9375
1/1 [==============================] - 0s 5ms/step - loss: 4.0835 - accuracy: 0.9375
Epoch 18/25

1/1 [==============================] - ETA: 0s - loss: 4.0299 - accuracy: 0.9375
1/1 [==============================] - 0s 6ms/step - loss: 4.0299 - accuracy: 0.9375
Epoch 19/25

1/1 [==============================] - ETA: 0s - loss: 3.9741 - accuracy: 0.9375
1/1 [==============================] - 0s 5ms/step - loss: 3.9741 - accuracy: 0.9375
Epoch 20/25

1/1 [==============================] - ETA: 0s - loss: 3.9160 - accuracy: 0.9375
1/1 [==============================] - 0s 4ms/step - loss: 3.9160 - accuracy: 0.9375
Epoch 21/25

1/1 [==============================] - ETA: 0s - loss: 3.8556 - accuracy: 0.9375
1/1 [==============================] - 0s 5ms/step - loss: 3.8556 - accuracy: 0.9375
Epoch 22/25

1/1 [==============================] - ETA: 0s - loss: 3.7928 - accuracy: 0.9375
1/1 [==============================] - 0s 5ms/step - loss: 3.7928 - accuracy: 0.9375
Epoch 23/25

1/1 [==============================] - ETA: 0s - loss: 3.7276 - accuracy: 0.9375
1/1 [==============================] - 0s 5ms/step - loss: 3.7276 - accuracy: 0.9375
Epoch 24/25

1/1 [==============================] - ETA: 0s - loss: 3.6598 - accuracy: 0.9375
1/1 [==============================] - 0s 5ms/step - loss: 3.6598 - accuracy: 0.9375
Epoch 25/25

1/1 [==============================] - ETA: 0s - loss: 3.5896 - accuracy: 0.9375
1/1 [==============================] - 0s 5ms/step - loss: 3.5896 - accuracy: 0.9375
# node2vec
Epoch 1/25

1/1 [==============================] - ETA: 0s - loss: 4.9055 - accuracy: 0.0625
1/1 [==============================] - 0s 209ms/step - loss: 4.9055 - accuracy: 0.0625
Epoch 2/25

1/1 [==============================] - ETA: 0s - loss: 4.8675 - accuracy: 0.0625
1/1 [==============================] - 0s 2ms/step - loss: 4.8675 - accuracy: 0.0625
Epoch 3/25

1/1 [==============================] - ETA: 0s - loss: 4.8296 - accuracy: 0.1250
1/1 [==============================] - 0s 3ms/step - loss: 4.8296 - accuracy: 0.1250
Epoch 4/25

1/1 [==============================] - ETA: 0s - loss: 4.7917 - accuracy: 0.0625
1/1 [==============================] - 0s 2ms/step - loss: 4.7917 - accuracy: 0.0625
Epoch 5/25

1/1 [==============================] - ETA: 0s - loss: 4.7539 - accuracy: 0.0625
1/1 [==============================] - 0s 4ms/step - loss: 4.7539 - accuracy: 0.0625
Epoch 6/25

1/1 [==============================] - ETA: 0s - loss: 4.7161 - accuracy: 0.0625
1/1 [==============================] - 0s 3ms/step - loss: 4.7161 - accuracy: 0.0625
Epoch 7/25

1/1 [==============================] - ETA: 0s - loss: 4.6784 - accuracy: 0.0625
1/1 [==============================] - 0s 4ms/step - loss: 4.6784 - accuracy: 0.0625
Epoch 8/25

1/1 [==============================] - ETA: 0s - loss: 4.6407 - accuracy: 0.0625
1/1 [==============================] - 0s 3ms/step - loss: 4.6407 - accuracy: 0.0625
Epoch 9/25

1/1 [==============================] - ETA: 0s - loss: 4.6031 - accuracy: 0.0625
1/1 [==============================] - 0s 3ms/step - loss: 4.6031 - accuracy: 0.0625
Epoch 10/25

1/1 [==============================] - ETA: 0s - loss: 4.5656 - accuracy: 0.1250
1/1 [==============================] - 0s 6ms/step - loss: 4.5656 - accuracy: 0.1250
Epoch 11/25

1/1 [==============================] - ETA: 0s - loss: 4.5281 - accuracy: 0.1250
1/1 [==============================] - 0s 7ms/step - loss: 4.5281 - accuracy: 0.1250
Epoch 12/25

1/1 [==============================] - ETA: 0s - loss: 4.4907 - accuracy: 0.1250
1/1 [==============================] - 0s 4ms/step - loss: 4.4907 - accuracy: 0.1250
Epoch 13/25

1/1 [==============================] - ETA: 0s - loss: 4.4534 - accuracy: 0.1250
1/1 [==============================] - 0s 5ms/step - loss: 4.4534 - accuracy: 0.1250
Epoch 14/25

1/1 [==============================] - ETA: 0s - loss: 4.4161 - accuracy: 0.1875
1/1 [==============================] - 0s 4ms/step - loss: 4.4161 - accuracy: 0.1875
Epoch 15/25

1/1 [==============================] - ETA: 0s - loss: 4.3789 - accuracy: 0.1875
1/1 [==============================] - 0s 4ms/step - loss: 4.3789 - accuracy: 0.1875
Epoch 16/25

1/1 [==============================] - ETA: 0s - loss: 4.3418 - accuracy: 0.2500
1/1 [==============================] - 0s 5ms/step - loss: 4.3418 - accuracy: 0.2500
Epoch 17/25

1/1 [==============================] - ETA: 0s - loss: 4.3047 - accuracy: 0.2500
1/1 [==============================] - 0s 4ms/step - loss: 4.3047 - accuracy: 0.2500
Epoch 18/25

1/1 [==============================] - ETA: 0s - loss: 4.2678 - accuracy: 0.2500
1/1 [==============================] - 0s 4ms/step - loss: 4.2678 - accuracy: 0.2500
Epoch 19/25

1/1 [==============================] - ETA: 0s - loss: 4.2309 - accuracy: 0.3125
1/1 [==============================] - 0s 3ms/step - loss: 4.2309 - accuracy: 0.3125
Epoch 20/25

1/1 [==============================] - ETA: 0s - loss: 4.1941 - accuracy: 0.3125
1/1 [==============================] - 0s 3ms/step - loss: 4.1941 - accuracy: 0.3125
Epoch 21/25

1/1 [==============================] - ETA: 0s - loss: 4.1574 - accuracy: 0.3125
1/1 [==============================] - 0s 3ms/step - loss: 4.1574 - accuracy: 0.3125
Epoch 22/25

1/1 [==============================] - ETA: 0s - loss: 4.1208 - accuracy: 0.3125
1/1 [==============================] - 0s 3ms/step - loss: 4.1208 - accuracy: 0.3125
Epoch 23/25

1/1 [==============================] - ETA: 0s - loss: 4.0843 - accuracy: 0.3125
1/1 [==============================] - 0s 3ms/step - loss: 4.0843 - accuracy: 0.3125
Epoch 24/25

1/1 [==============================] - ETA: 0s - loss: 4.0479 - accuracy: 0.3125
1/1 [==============================] - 0s 3ms/step - loss: 4.0479 - accuracy: 0.3125
Epoch 25/25

1/1 [==============================] - ETA: 0s - loss: 4.0116 - accuracy: 0.3125
1/1 [==============================] - 0s 3ms/step - loss: 4.0116 - accuracy: 0.3125
# predict: steps=12
# predict: tnodeembed_metrics
# predict: node2vec_metrics
tnodeembed: {'auc': 0.7670453876890642, 'f1_micro': 0.0, 'f1_macro': 0.0} tNodeEmbed_final_loss=3.589590072631836 tNodeEmbed_final_accuracy=0.9375 
node2vec: {'auc': 0.6322072414384821, 'f1_micro': 0.0, 'f1_macro': 0.0} node2vec_final_loss=4.011626243591309 node2vec_final_accuracy=0.3125 
