# load graph
Processing Static file: filename='CollegeMsg_20040602.csv'
# initialize tNodeEmbed for dataset=COLLEGE_NC, test_size=0.2
# load dataset
# fit
# tNodeEmbed steps_per_epoch=1
Epoch 1/25

1/1 [==============================] - ETA: 0s - loss: 4.7436 - accuracy: 0.1250
1/1 [==============================] - 2s 2s/step - loss: 4.7436 - accuracy: 0.1250
Epoch 2/25

1/1 [==============================] - ETA: 0s - loss: 4.7133 - accuracy: 0.1250
1/1 [==============================] - 0s 5ms/step - loss: 4.7133 - accuracy: 0.1250
Epoch 3/25

1/1 [==============================] - ETA: 0s - loss: 4.6829 - accuracy: 0.3750
1/1 [==============================] - 0s 6ms/step - loss: 4.6829 - accuracy: 0.3750
Epoch 4/25

1/1 [==============================] - ETA: 0s - loss: 4.6524 - accuracy: 0.4375
1/1 [==============================] - 0s 5ms/step - loss: 4.6524 - accuracy: 0.4375
Epoch 5/25

1/1 [==============================] - ETA: 0s - loss: 4.6217 - accuracy: 0.6250
1/1 [==============================] - 0s 5ms/step - loss: 4.6217 - accuracy: 0.6250
Epoch 6/25

1/1 [==============================] - ETA: 0s - loss: 4.5906 - accuracy: 0.8125
1/1 [==============================] - 0s 4ms/step - loss: 4.5906 - accuracy: 0.8125
Epoch 7/25

1/1 [==============================] - ETA: 0s - loss: 4.5590 - accuracy: 0.8750
1/1 [==============================] - 0s 4ms/step - loss: 4.5590 - accuracy: 0.8750
Epoch 8/25

1/1 [==============================] - ETA: 0s - loss: 4.5268 - accuracy: 0.9375
1/1 [==============================] - 0s 5ms/step - loss: 4.5268 - accuracy: 0.9375
Epoch 9/25

1/1 [==============================] - ETA: 0s - loss: 4.4939 - accuracy: 0.9375
1/1 [==============================] - 0s 4ms/step - loss: 4.4939 - accuracy: 0.9375
Epoch 10/25

1/1 [==============================] - ETA: 0s - loss: 4.4600 - accuracy: 0.9375
1/1 [==============================] - 0s 5ms/step - loss: 4.4600 - accuracy: 0.9375
Epoch 11/25

1/1 [==============================] - ETA: 0s - loss: 4.4252 - accuracy: 0.9375
1/1 [==============================] - 0s 4ms/step - loss: 4.4252 - accuracy: 0.9375
Epoch 12/25

1/1 [==============================] - ETA: 0s - loss: 4.3893 - accuracy: 0.9375
1/1 [==============================] - 0s 4ms/step - loss: 4.3893 - accuracy: 0.9375
Epoch 13/25

1/1 [==============================] - ETA: 0s - loss: 4.3521 - accuracy: 0.9375
1/1 [==============================] - 0s 4ms/step - loss: 4.3521 - accuracy: 0.9375
Epoch 14/25

1/1 [==============================] - ETA: 0s - loss: 4.3136 - accuracy: 0.9375
1/1 [==============================] - 0s 4ms/step - loss: 4.3136 - accuracy: 0.9375
Epoch 15/25

1/1 [==============================] - ETA: 0s - loss: 4.2737 - accuracy: 0.9375
1/1 [==============================] - 0s 5ms/step - loss: 4.2737 - accuracy: 0.9375
Epoch 16/25

1/1 [==============================] - ETA: 0s - loss: 4.2323 - accuracy: 0.9375
1/1 [==============================] - 0s 3ms/step - loss: 4.2323 - accuracy: 0.9375
Epoch 17/25

1/1 [==============================] - ETA: 0s - loss: 4.1892 - accuracy: 0.9375
1/1 [==============================] - 0s 4ms/step - loss: 4.1892 - accuracy: 0.9375
Epoch 18/25

1/1 [==============================] - ETA: 0s - loss: 4.1444 - accuracy: 0.9375
1/1 [==============================] - 0s 4ms/step - loss: 4.1444 - accuracy: 0.9375
Epoch 19/25

1/1 [==============================] - ETA: 0s - loss: 4.0979 - accuracy: 0.9375
1/1 [==============================] - 0s 4ms/step - loss: 4.0979 - accuracy: 0.9375
Epoch 20/25

1/1 [==============================] - ETA: 0s - loss: 4.0495 - accuracy: 0.9375
1/1 [==============================] - 0s 5ms/step - loss: 4.0495 - accuracy: 0.9375
Epoch 21/25

1/1 [==============================] - ETA: 0s - loss: 3.9993 - accuracy: 0.9375
1/1 [==============================] - 0s 4ms/step - loss: 3.9993 - accuracy: 0.9375
Epoch 22/25

1/1 [==============================] - ETA: 0s - loss: 3.9471 - accuracy: 0.9375
1/1 [==============================] - 0s 4ms/step - loss: 3.9471 - accuracy: 0.9375
Epoch 23/25

1/1 [==============================] - ETA: 0s - loss: 3.8929 - accuracy: 0.9375
1/1 [==============================] - 0s 4ms/step - loss: 3.8929 - accuracy: 0.9375
Epoch 24/25

1/1 [==============================] - ETA: 0s - loss: 3.8367 - accuracy: 0.9375
1/1 [==============================] - 0s 4ms/step - loss: 3.8367 - accuracy: 0.9375
Epoch 25/25

1/1 [==============================] - ETA: 0s - loss: 3.7785 - accuracy: 0.9375
1/1 [==============================] - 0s 4ms/step - loss: 3.7785 - accuracy: 0.9375
# node2vec
Epoch 1/25

1/1 [==============================] - ETA: 0s - loss: 4.8020 - accuracy: 0.1250
1/1 [==============================] - 0s 249ms/step - loss: 4.8020 - accuracy: 0.1250
Epoch 2/25

1/1 [==============================] - ETA: 0s - loss: 4.7691 - accuracy: 0.1250
1/1 [==============================] - 0s 4ms/step - loss: 4.7691 - accuracy: 0.1250
Epoch 3/25

1/1 [==============================] - ETA: 0s - loss: 4.7362 - accuracy: 0.1250
1/1 [==============================] - 0s 4ms/step - loss: 4.7362 - accuracy: 0.1250
Epoch 4/25

1/1 [==============================] - ETA: 0s - loss: 4.7034 - accuracy: 0.1250
1/1 [==============================] - 0s 4ms/step - loss: 4.7034 - accuracy: 0.1250
Epoch 5/25

1/1 [==============================] - ETA: 0s - loss: 4.6706 - accuracy: 0.1875
1/1 [==============================] - 0s 4ms/step - loss: 4.6706 - accuracy: 0.1875
Epoch 6/25

1/1 [==============================] - ETA: 0s - loss: 4.6378 - accuracy: 0.1250
1/1 [==============================] - 0s 4ms/step - loss: 4.6378 - accuracy: 0.1250
Epoch 7/25

1/1 [==============================] - ETA: 0s - loss: 4.6051 - accuracy: 0.1250
1/1 [==============================] - 0s 3ms/step - loss: 4.6051 - accuracy: 0.1250
Epoch 8/25

1/1 [==============================] - ETA: 0s - loss: 4.5724 - accuracy: 0.1250
1/1 [==============================] - 0s 4ms/step - loss: 4.5724 - accuracy: 0.1250
Epoch 9/25

1/1 [==============================] - ETA: 0s - loss: 4.5398 - accuracy: 0.1250
1/1 [==============================] - 0s 4ms/step - loss: 4.5398 - accuracy: 0.1250
Epoch 10/25

1/1 [==============================] - ETA: 0s - loss: 4.5072 - accuracy: 0.1250
1/1 [==============================] - 0s 4ms/step - loss: 4.5072 - accuracy: 0.1250
Epoch 11/25

1/1 [==============================] - ETA: 0s - loss: 4.4747 - accuracy: 0.1875
1/1 [==============================] - 0s 3ms/step - loss: 4.4747 - accuracy: 0.1875
Epoch 12/25

1/1 [==============================] - ETA: 0s - loss: 4.4423 - accuracy: 0.1875
1/1 [==============================] - 0s 4ms/step - loss: 4.4423 - accuracy: 0.1875
Epoch 13/25

1/1 [==============================] - ETA: 0s - loss: 4.4099 - accuracy: 0.1875
1/1 [==============================] - 0s 3ms/step - loss: 4.4099 - accuracy: 0.1875
Epoch 14/25

1/1 [==============================] - ETA: 0s - loss: 4.3776 - accuracy: 0.1875
1/1 [==============================] - 0s 3ms/step - loss: 4.3776 - accuracy: 0.1875
Epoch 15/25

1/1 [==============================] - ETA: 0s - loss: 4.3453 - accuracy: 0.2500
1/1 [==============================] - 0s 3ms/step - loss: 4.3453 - accuracy: 0.2500
Epoch 16/25

1/1 [==============================] - ETA: 0s - loss: 4.3131 - accuracy: 0.2500
1/1 [==============================] - 0s 3ms/step - loss: 4.3131 - accuracy: 0.2500
Epoch 17/25

1/1 [==============================] - ETA: 0s - loss: 4.2810 - accuracy: 0.2500
1/1 [==============================] - 0s 3ms/step - loss: 4.2810 - accuracy: 0.2500
Epoch 18/25

1/1 [==============================] - ETA: 0s - loss: 4.2489 - accuracy: 0.3750
1/1 [==============================] - 0s 3ms/step - loss: 4.2489 - accuracy: 0.3750
Epoch 19/25

1/1 [==============================] - ETA: 0s - loss: 4.2169 - accuracy: 0.3750
1/1 [==============================] - 0s 3ms/step - loss: 4.2169 - accuracy: 0.3750
Epoch 20/25

1/1 [==============================] - ETA: 0s - loss: 4.1850 - accuracy: 0.5000
1/1 [==============================] - 0s 3ms/step - loss: 4.1850 - accuracy: 0.5000
Epoch 21/25

1/1 [==============================] - ETA: 0s - loss: 4.1531 - accuracy: 0.5000
1/1 [==============================] - 0s 4ms/step - loss: 4.1531 - accuracy: 0.5000
Epoch 22/25

1/1 [==============================] - ETA: 0s - loss: 4.1214 - accuracy: 0.5000
1/1 [==============================] - 0s 4ms/step - loss: 4.1214 - accuracy: 0.5000
Epoch 23/25

1/1 [==============================] - ETA: 0s - loss: 4.0897 - accuracy: 0.5000
1/1 [==============================] - 0s 7ms/step - loss: 4.0897 - accuracy: 0.5000
Epoch 24/25

1/1 [==============================] - ETA: 0s - loss: 4.0581 - accuracy: 0.5000
1/1 [==============================] - 0s 5ms/step - loss: 4.0581 - accuracy: 0.5000
Epoch 25/25

1/1 [==============================] - ETA: 0s - loss: 4.0265 - accuracy: 0.5000
1/1 [==============================] - 0s 5ms/step - loss: 4.0265 - accuracy: 0.5000
# predict: steps=12
# predict: tnodeembed_metrics
# predict: node2vec_metrics
tnodeembed: {'auc': 0.6892960189248156, 'f1_micro': 0.0, 'f1_macro': 0.0} tNodeEmbed_final_loss=3.7784624099731445 tNodeEmbed_final_accuracy=0.9375 
node2vec: {'auc': 0.6224257531929497, 'f1_micro': 0.0, 'f1_macro': 0.0} node2vec_final_loss=4.026548385620117 node2vec_final_accuracy=0.5 
