# load graph
Processing Static file: filename='CollegeMsg_20040922.csv'
# initialize tNodeEmbed for dataset=COLLEGE_NC, test_size=0.2
# load dataset
# fit
# tNodeEmbed steps_per_epoch=1
Epoch 1/25

1/1 [==============================] - ETA: 0s - loss: 4.7411 - accuracy: 0.0000e+00
1/1 [==============================] - 1s 1s/step - loss: 4.7411 - accuracy: 0.0000e+00
Epoch 2/25

1/1 [==============================] - ETA: 0s - loss: 4.7093 - accuracy: 0.0000e+00
1/1 [==============================] - 0s 5ms/step - loss: 4.7093 - accuracy: 0.0000e+00
Epoch 3/25

1/1 [==============================] - ETA: 0s - loss: 4.6775 - accuracy: 0.0625
1/1 [==============================] - 0s 6ms/step - loss: 4.6775 - accuracy: 0.0625
Epoch 4/25

1/1 [==============================] - ETA: 0s - loss: 4.6455 - accuracy: 0.1250
1/1 [==============================] - 0s 5ms/step - loss: 4.6455 - accuracy: 0.1250
Epoch 5/25

1/1 [==============================] - ETA: 0s - loss: 4.6132 - accuracy: 0.5000
1/1 [==============================] - 0s 6ms/step - loss: 4.6132 - accuracy: 0.5000
Epoch 6/25

1/1 [==============================] - ETA: 0s - loss: 4.5805 - accuracy: 0.6875
1/1 [==============================] - 0s 5ms/step - loss: 4.5805 - accuracy: 0.6875
Epoch 7/25

1/1 [==============================] - ETA: 0s - loss: 4.5472 - accuracy: 0.7500
1/1 [==============================] - 0s 4ms/step - loss: 4.5472 - accuracy: 0.7500
Epoch 8/25

1/1 [==============================] - ETA: 0s - loss: 4.5132 - accuracy: 0.8125
1/1 [==============================] - 0s 5ms/step - loss: 4.5132 - accuracy: 0.8125
Epoch 9/25

1/1 [==============================] - ETA: 0s - loss: 4.4783 - accuracy: 0.8125
1/1 [==============================] - 0s 5ms/step - loss: 4.4783 - accuracy: 0.8125
Epoch 10/25

1/1 [==============================] - ETA: 0s - loss: 4.4424 - accuracy: 0.8750
1/1 [==============================] - 0s 5ms/step - loss: 4.4424 - accuracy: 0.8750
Epoch 11/25

1/1 [==============================] - ETA: 0s - loss: 4.4055 - accuracy: 0.8750
1/1 [==============================] - 0s 6ms/step - loss: 4.4055 - accuracy: 0.8750
Epoch 12/25

1/1 [==============================] - ETA: 0s - loss: 4.3673 - accuracy: 0.9375
1/1 [==============================] - 0s 4ms/step - loss: 4.3673 - accuracy: 0.9375
Epoch 13/25

1/1 [==============================] - ETA: 0s - loss: 4.3278 - accuracy: 0.9375
1/1 [==============================] - 0s 5ms/step - loss: 4.3278 - accuracy: 0.9375
Epoch 14/25

1/1 [==============================] - ETA: 0s - loss: 4.2869 - accuracy: 0.9375
1/1 [==============================] - 0s 5ms/step - loss: 4.2869 - accuracy: 0.9375
Epoch 15/25

1/1 [==============================] - ETA: 0s - loss: 4.2444 - accuracy: 0.9375
1/1 [==============================] - 0s 5ms/step - loss: 4.2444 - accuracy: 0.9375
Epoch 16/25

1/1 [==============================] - ETA: 0s - loss: 4.2002 - accuracy: 0.9375
1/1 [==============================] - 0s 5ms/step - loss: 4.2002 - accuracy: 0.9375
Epoch 17/25

1/1 [==============================] - ETA: 0s - loss: 4.1544 - accuracy: 0.9375
1/1 [==============================] - 0s 5ms/step - loss: 4.1544 - accuracy: 0.9375
Epoch 18/25

1/1 [==============================] - ETA: 0s - loss: 4.1066 - accuracy: 0.9375
1/1 [==============================] - 0s 6ms/step - loss: 4.1066 - accuracy: 0.9375
Epoch 19/25

1/1 [==============================] - ETA: 0s - loss: 4.0570 - accuracy: 0.9375
1/1 [==============================] - 0s 6ms/step - loss: 4.0570 - accuracy: 0.9375
Epoch 20/25

1/1 [==============================] - ETA: 0s - loss: 4.0054 - accuracy: 0.9375
1/1 [==============================] - 0s 6ms/step - loss: 4.0054 - accuracy: 0.9375
Epoch 21/25

1/1 [==============================] - ETA: 0s - loss: 3.9517 - accuracy: 0.9375
1/1 [==============================] - 0s 6ms/step - loss: 3.9517 - accuracy: 0.9375
Epoch 22/25

1/1 [==============================] - ETA: 0s - loss: 3.8960 - accuracy: 0.9375
1/1 [==============================] - 0s 6ms/step - loss: 3.8960 - accuracy: 0.9375
Epoch 23/25

1/1 [==============================] - ETA: 0s - loss: 3.8380 - accuracy: 0.9375
1/1 [==============================] - 0s 6ms/step - loss: 3.8380 - accuracy: 0.9375
Epoch 24/25

1/1 [==============================] - ETA: 0s - loss: 3.7779 - accuracy: 0.9375
1/1 [==============================] - 0s 6ms/step - loss: 3.7779 - accuracy: 0.9375
Epoch 25/25

1/1 [==============================] - ETA: 0s - loss: 3.7155 - accuracy: 0.9375
1/1 [==============================] - 0s 6ms/step - loss: 3.7155 - accuracy: 0.9375
# node2vec
Epoch 1/25

1/1 [==============================] - ETA: 0s - loss: 4.6801 - accuracy: 0.1250
1/1 [==============================] - 0s 192ms/step - loss: 4.6801 - accuracy: 0.1250
Epoch 2/25

1/1 [==============================] - ETA: 0s - loss: 4.6422 - accuracy: 0.1250
1/1 [==============================] - 0s 3ms/step - loss: 4.6422 - accuracy: 0.1250
Epoch 3/25

1/1 [==============================] - ETA: 0s - loss: 4.6044 - accuracy: 0.1250
1/1 [==============================] - 0s 3ms/step - loss: 4.6044 - accuracy: 0.1250
Epoch 4/25

1/1 [==============================] - ETA: 0s - loss: 4.5666 - accuracy: 0.1875
1/1 [==============================] - 0s 3ms/step - loss: 4.5666 - accuracy: 0.1875
Epoch 5/25

1/1 [==============================] - ETA: 0s - loss: 4.5289 - accuracy: 0.2500
1/1 [==============================] - 0s 3ms/step - loss: 4.5289 - accuracy: 0.2500
Epoch 6/25

1/1 [==============================] - ETA: 0s - loss: 4.4912 - accuracy: 0.2500
1/1 [==============================] - 0s 3ms/step - loss: 4.4912 - accuracy: 0.2500
Epoch 7/25

1/1 [==============================] - ETA: 0s - loss: 4.4536 - accuracy: 0.2500
1/1 [==============================] - 0s 3ms/step - loss: 4.4536 - accuracy: 0.2500
Epoch 8/25

1/1 [==============================] - ETA: 0s - loss: 4.4161 - accuracy: 0.2500
1/1 [==============================] - 0s 3ms/step - loss: 4.4161 - accuracy: 0.2500
Epoch 9/25

1/1 [==============================] - ETA: 0s - loss: 4.3786 - accuracy: 0.3125
1/1 [==============================] - 0s 4ms/step - loss: 4.3786 - accuracy: 0.3125
Epoch 10/25

1/1 [==============================] - ETA: 0s - loss: 4.3412 - accuracy: 0.3125
1/1 [==============================] - 0s 3ms/step - loss: 4.3412 - accuracy: 0.3125
Epoch 11/25

1/1 [==============================] - ETA: 0s - loss: 4.3039 - accuracy: 0.3125
1/1 [==============================] - 0s 3ms/step - loss: 4.3039 - accuracy: 0.3125
Epoch 12/25

1/1 [==============================] - ETA: 0s - loss: 4.2666 - accuracy: 0.3125
1/1 [==============================] - 0s 2ms/step - loss: 4.2666 - accuracy: 0.3125
Epoch 13/25

1/1 [==============================] - ETA: 0s - loss: 4.2294 - accuracy: 0.3125
1/1 [==============================] - 0s 3ms/step - loss: 4.2294 - accuracy: 0.3125
Epoch 14/25

1/1 [==============================] - ETA: 0s - loss: 4.1922 - accuracy: 0.3125
1/1 [==============================] - 0s 3ms/step - loss: 4.1922 - accuracy: 0.3125
Epoch 15/25

1/1 [==============================] - ETA: 0s - loss: 4.1552 - accuracy: 0.3125
1/1 [==============================] - 0s 2ms/step - loss: 4.1552 - accuracy: 0.3125
Epoch 16/25

1/1 [==============================] - ETA: 0s - loss: 4.1182 - accuracy: 0.3750
1/1 [==============================] - 0s 4ms/step - loss: 4.1182 - accuracy: 0.3750
Epoch 17/25

1/1 [==============================] - ETA: 0s - loss: 4.0813 - accuracy: 0.3750
1/1 [==============================] - 0s 3ms/step - loss: 4.0813 - accuracy: 0.3750
Epoch 18/25

1/1 [==============================] - ETA: 0s - loss: 4.0445 - accuracy: 0.3750
1/1 [==============================] - 0s 5ms/step - loss: 4.0445 - accuracy: 0.3750
Epoch 19/25

1/1 [==============================] - ETA: 0s - loss: 4.0078 - accuracy: 0.3750
1/1 [==============================] - 0s 4ms/step - loss: 4.0078 - accuracy: 0.3750
Epoch 20/25

1/1 [==============================] - ETA: 0s - loss: 3.9712 - accuracy: 0.5000
1/1 [==============================] - 0s 4ms/step - loss: 3.9712 - accuracy: 0.5000
Epoch 21/25

1/1 [==============================] - ETA: 0s - loss: 3.9347 - accuracy: 0.5000
1/1 [==============================] - 0s 4ms/step - loss: 3.9347 - accuracy: 0.5000
Epoch 22/25

1/1 [==============================] - ETA: 0s - loss: 3.8983 - accuracy: 0.5000
1/1 [==============================] - 0s 5ms/step - loss: 3.8983 - accuracy: 0.5000
Epoch 23/25

1/1 [==============================] - ETA: 0s - loss: 3.8619 - accuracy: 0.5625
1/1 [==============================] - 0s 5ms/step - loss: 3.8619 - accuracy: 0.5625
Epoch 24/25

1/1 [==============================] - ETA: 0s - loss: 3.8257 - accuracy: 0.5625
1/1 [==============================] - 0s 4ms/step - loss: 3.8257 - accuracy: 0.5625
Epoch 25/25

1/1 [==============================] - ETA: 0s - loss: 3.7896 - accuracy: 0.6250
1/1 [==============================] - 0s 3ms/step - loss: 3.7896 - accuracy: 0.6250
# predict: steps=12
# predict: tnodeembed_metrics
# predict: node2vec_metrics
tnodeembed: {'auc': 0.690283841590469, 'f1_micro': 0.0, 'f1_macro': 0.0} tNodeEmbed_final_loss=3.715527057647705 tNodeEmbed_final_accuracy=0.9375 
node2vec: {'auc': 0.5964058171745152, 'f1_micro': 0.0, 'f1_macro': 0.0} node2vec_final_loss=3.789572238922119 node2vec_final_accuracy=0.625 
