# load graph
Processing Static file: filename='CollegeMsg_20040924.csv'
# initialize tNodeEmbed for dataset=COLLEGE_NC, test_size=0.2
# load dataset
# fit
# tNodeEmbed steps_per_epoch=1
Epoch 1/25

1/1 [==============================] - ETA: 0s - loss: 4.7419 - accuracy: 0.0000e+00
1/1 [==============================] - 1s 1s/step - loss: 4.7419 - accuracy: 0.0000e+00
Epoch 2/25

1/1 [==============================] - ETA: 0s - loss: 4.7009 - accuracy: 0.0000e+00
1/1 [==============================] - 0s 6ms/step - loss: 4.7009 - accuracy: 0.0000e+00
Epoch 3/25

1/1 [==============================] - ETA: 0s - loss: 4.6598 - accuracy: 0.1250
1/1 [==============================] - 0s 6ms/step - loss: 4.6598 - accuracy: 0.1250
Epoch 4/25

1/1 [==============================] - ETA: 0s - loss: 4.6184 - accuracy: 0.2500
1/1 [==============================] - 0s 6ms/step - loss: 4.6184 - accuracy: 0.2500
Epoch 5/25

1/1 [==============================] - ETA: 0s - loss: 4.5765 - accuracy: 0.3750
1/1 [==============================] - 0s 5ms/step - loss: 4.5765 - accuracy: 0.3750
Epoch 6/25

1/1 [==============================] - ETA: 0s - loss: 4.5340 - accuracy: 0.5000
1/1 [==============================] - 0s 6ms/step - loss: 4.5340 - accuracy: 0.5000
Epoch 7/25

1/1 [==============================] - ETA: 0s - loss: 4.4905 - accuracy: 0.6250
1/1 [==============================] - 0s 6ms/step - loss: 4.4905 - accuracy: 0.6250
Epoch 8/25

1/1 [==============================] - ETA: 0s - loss: 4.4460 - accuracy: 0.6250
1/1 [==============================] - 0s 7ms/step - loss: 4.4460 - accuracy: 0.6250
Epoch 9/25

1/1 [==============================] - ETA: 0s - loss: 4.4001 - accuracy: 0.6875
1/1 [==============================] - 0s 7ms/step - loss: 4.4001 - accuracy: 0.6875
Epoch 10/25

1/1 [==============================] - ETA: 0s - loss: 4.3529 - accuracy: 0.6875
1/1 [==============================] - 0s 7ms/step - loss: 4.3529 - accuracy: 0.6875
Epoch 11/25

1/1 [==============================] - ETA: 0s - loss: 4.3040 - accuracy: 0.6875
1/1 [==============================] - 0s 6ms/step - loss: 4.3040 - accuracy: 0.6875
Epoch 12/25

1/1 [==============================] - ETA: 0s - loss: 4.2534 - accuracy: 0.6875
1/1 [==============================] - 0s 7ms/step - loss: 4.2534 - accuracy: 0.6875
Epoch 13/25

1/1 [==============================] - ETA: 0s - loss: 4.2011 - accuracy: 0.6875
1/1 [==============================] - 0s 7ms/step - loss: 4.2011 - accuracy: 0.6875
Epoch 14/25

1/1 [==============================] - ETA: 0s - loss: 4.1468 - accuracy: 0.6875
1/1 [==============================] - 0s 6ms/step - loss: 4.1468 - accuracy: 0.6875
Epoch 15/25

1/1 [==============================] - ETA: 0s - loss: 4.0906 - accuracy: 0.6250
1/1 [==============================] - 0s 7ms/step - loss: 4.0906 - accuracy: 0.6250
Epoch 16/25

1/1 [==============================] - ETA: 0s - loss: 4.0325 - accuracy: 0.6250
1/1 [==============================] - 0s 7ms/step - loss: 4.0325 - accuracy: 0.6250
Epoch 17/25

1/1 [==============================] - ETA: 0s - loss: 3.9724 - accuracy: 0.6250
1/1 [==============================] - 0s 7ms/step - loss: 3.9724 - accuracy: 0.6250
Epoch 18/25

1/1 [==============================] - ETA: 0s - loss: 3.9105 - accuracy: 0.6250
1/1 [==============================] - 0s 7ms/step - loss: 3.9105 - accuracy: 0.6250
Epoch 19/25

1/1 [==============================] - ETA: 0s - loss: 3.8466 - accuracy: 0.6250
1/1 [==============================] - 0s 7ms/step - loss: 3.8466 - accuracy: 0.6250
Epoch 20/25

1/1 [==============================] - ETA: 0s - loss: 3.7811 - accuracy: 0.6250
1/1 [==============================] - 0s 6ms/step - loss: 3.7811 - accuracy: 0.6250
Epoch 21/25

1/1 [==============================] - ETA: 0s - loss: 3.7139 - accuracy: 0.6250
1/1 [==============================] - 0s 6ms/step - loss: 3.7139 - accuracy: 0.6250
Epoch 22/25

1/1 [==============================] - ETA: 0s - loss: 3.6452 - accuracy: 0.6250
1/1 [==============================] - 0s 7ms/step - loss: 3.6452 - accuracy: 0.6250
Epoch 23/25

1/1 [==============================] - ETA: 0s - loss: 3.5751 - accuracy: 0.6250
1/1 [==============================] - 0s 6ms/step - loss: 3.5751 - accuracy: 0.6250
Epoch 24/25

1/1 [==============================] - ETA: 0s - loss: 3.5038 - accuracy: 0.6250
1/1 [==============================] - 0s 6ms/step - loss: 3.5038 - accuracy: 0.6250
Epoch 25/25

1/1 [==============================] - ETA: 0s - loss: 3.4313 - accuracy: 0.6875
1/1 [==============================] - 0s 5ms/step - loss: 3.4313 - accuracy: 0.6875
# node2vec
Epoch 1/25

1/1 [==============================] - ETA: 0s - loss: 4.8379 - accuracy: 0.0625
1/1 [==============================] - 0s 204ms/step - loss: 4.8379 - accuracy: 0.0625
Epoch 2/25

1/1 [==============================] - ETA: 0s - loss: 4.7944 - accuracy: 0.0625
1/1 [==============================] - 0s 2ms/step - loss: 4.7944 - accuracy: 0.0625
Epoch 3/25

1/1 [==============================] - ETA: 0s - loss: 4.7510 - accuracy: 0.0625
1/1 [==============================] - 0s 3ms/step - loss: 4.7510 - accuracy: 0.0625
Epoch 4/25

1/1 [==============================] - ETA: 0s - loss: 4.7077 - accuracy: 0.0625
1/1 [==============================] - 0s 2ms/step - loss: 4.7077 - accuracy: 0.0625
Epoch 5/25

1/1 [==============================] - ETA: 0s - loss: 4.6644 - accuracy: 0.0625
1/1 [==============================] - 0s 3ms/step - loss: 4.6644 - accuracy: 0.0625
Epoch 6/25

1/1 [==============================] - ETA: 0s - loss: 4.6212 - accuracy: 0.0625
1/1 [==============================] - 0s 3ms/step - loss: 4.6212 - accuracy: 0.0625
Epoch 7/25

1/1 [==============================] - ETA: 0s - loss: 4.5781 - accuracy: 0.0625
1/1 [==============================] - 0s 2ms/step - loss: 4.5781 - accuracy: 0.0625
Epoch 8/25

1/1 [==============================] - ETA: 0s - loss: 4.5351 - accuracy: 0.0625
1/1 [==============================] - 0s 3ms/step - loss: 4.5351 - accuracy: 0.0625
Epoch 9/25

1/1 [==============================] - ETA: 0s - loss: 4.4922 - accuracy: 0.0625
1/1 [==============================] - 0s 3ms/step - loss: 4.4922 - accuracy: 0.0625
Epoch 10/25

1/1 [==============================] - ETA: 0s - loss: 4.4494 - accuracy: 0.1250
1/1 [==============================] - 0s 2ms/step - loss: 4.4494 - accuracy: 0.1250
Epoch 11/25

1/1 [==============================] - ETA: 0s - loss: 4.4067 - accuracy: 0.1250
1/1 [==============================] - 0s 3ms/step - loss: 4.4067 - accuracy: 0.1250
Epoch 12/25

1/1 [==============================] - ETA: 0s - loss: 4.3641 - accuracy: 0.1875
1/1 [==============================] - 0s 3ms/step - loss: 4.3641 - accuracy: 0.1875
Epoch 13/25

1/1 [==============================] - ETA: 0s - loss: 4.3217 - accuracy: 0.1875
1/1 [==============================] - 0s 3ms/step - loss: 4.3217 - accuracy: 0.1875
Epoch 14/25

1/1 [==============================] - ETA: 0s - loss: 4.2793 - accuracy: 0.2500
1/1 [==============================] - 0s 3ms/step - loss: 4.2793 - accuracy: 0.2500
Epoch 15/25

1/1 [==============================] - ETA: 0s - loss: 4.2371 - accuracy: 0.3125
1/1 [==============================] - 0s 3ms/step - loss: 4.2371 - accuracy: 0.3125
Epoch 16/25

1/1 [==============================] - ETA: 0s - loss: 4.1950 - accuracy: 0.3125
1/1 [==============================] - 0s 2ms/step - loss: 4.1950 - accuracy: 0.3125
Epoch 17/25

1/1 [==============================] - ETA: 0s - loss: 4.1530 - accuracy: 0.3750
1/1 [==============================] - 0s 3ms/step - loss: 4.1530 - accuracy: 0.3750
Epoch 18/25

1/1 [==============================] - ETA: 0s - loss: 4.1111 - accuracy: 0.3750
1/1 [==============================] - 0s 2ms/step - loss: 4.1111 - accuracy: 0.3750
Epoch 19/25

1/1 [==============================] - ETA: 0s - loss: 4.0694 - accuracy: 0.3750
1/1 [==============================] - 0s 3ms/step - loss: 4.0694 - accuracy: 0.3750
Epoch 20/25

1/1 [==============================] - ETA: 0s - loss: 4.0279 - accuracy: 0.3750
1/1 [==============================] - 0s 3ms/step - loss: 4.0279 - accuracy: 0.3750
Epoch 21/25

1/1 [==============================] - ETA: 0s - loss: 3.9865 - accuracy: 0.3750
1/1 [==============================] - 0s 2ms/step - loss: 3.9865 - accuracy: 0.3750
Epoch 22/25

1/1 [==============================] - ETA: 0s - loss: 3.9452 - accuracy: 0.3750
1/1 [==============================] - 0s 3ms/step - loss: 3.9452 - accuracy: 0.3750
Epoch 23/25

1/1 [==============================] - ETA: 0s - loss: 3.9041 - accuracy: 0.4375
1/1 [==============================] - 0s 3ms/step - loss: 3.9041 - accuracy: 0.4375
Epoch 24/25

1/1 [==============================] - ETA: 0s - loss: 3.8632 - accuracy: 0.4375
1/1 [==============================] - 0s 2ms/step - loss: 3.8632 - accuracy: 0.4375
Epoch 25/25

1/1 [==============================] - ETA: 0s - loss: 3.8224 - accuracy: 0.5000
1/1 [==============================] - 0s 4ms/step - loss: 3.8224 - accuracy: 0.5000
# predict: steps=12
# predict: tnodeembed_metrics
# predict: node2vec_metrics
tnodeembed: {'auc': 0.7466954501997892, 'f1_micro': 0.0, 'f1_macro': 0.0} tNodeEmbed_final_loss=3.431313991546631 tNodeEmbed_final_accuracy=0.6875 
node2vec: {'auc': 0.6244501814036721, 'f1_micro': 0.0, 'f1_macro': 0.0} node2vec_final_loss=3.822406768798828 node2vec_final_accuracy=0.5 
