# load graph
Processing Static file: filename='CollegeMsg_20040518.csv'
# initialize tNodeEmbed for dataset=COLLEGE_NC, test_size=0.2
# load dataset
# fit
# tNodeEmbed steps_per_epoch=1
Epoch 1/25

1/1 [==============================] - ETA: 0s - loss: 4.7328 - accuracy: 0.0625
1/1 [==============================] - 1s 997ms/step - loss: 4.7328 - accuracy: 0.0625
Epoch 2/25

1/1 [==============================] - ETA: 0s - loss: 4.7096 - accuracy: 0.1250
1/1 [==============================] - 0s 3ms/step - loss: 4.7096 - accuracy: 0.1250
Epoch 3/25

1/1 [==============================] - ETA: 0s - loss: 4.6863 - accuracy: 0.1875
1/1 [==============================] - 0s 4ms/step - loss: 4.6863 - accuracy: 0.1875
Epoch 4/25

1/1 [==============================] - ETA: 0s - loss: 4.6628 - accuracy: 0.5000
1/1 [==============================] - 0s 5ms/step - loss: 4.6628 - accuracy: 0.5000
Epoch 5/25

1/1 [==============================] - ETA: 0s - loss: 4.6390 - accuracy: 0.5000
1/1 [==============================] - 0s 4ms/step - loss: 4.6390 - accuracy: 0.5000
Epoch 6/25

1/1 [==============================] - ETA: 0s - loss: 4.6148 - accuracy: 0.6250
1/1 [==============================] - 0s 5ms/step - loss: 4.6148 - accuracy: 0.6250
Epoch 7/25

1/1 [==============================] - ETA: 0s - loss: 4.5901 - accuracy: 0.6250
1/1 [==============================] - 0s 4ms/step - loss: 4.5901 - accuracy: 0.6250
Epoch 8/25

1/1 [==============================] - ETA: 0s - loss: 4.5648 - accuracy: 0.6250
1/1 [==============================] - 0s 4ms/step - loss: 4.5648 - accuracy: 0.6250
Epoch 9/25

1/1 [==============================] - ETA: 0s - loss: 4.5388 - accuracy: 0.6250
1/1 [==============================] - 0s 4ms/step - loss: 4.5388 - accuracy: 0.6250
Epoch 10/25

1/1 [==============================] - ETA: 0s - loss: 4.5120 - accuracy: 0.6250
1/1 [==============================] - 0s 4ms/step - loss: 4.5120 - accuracy: 0.6250
Epoch 11/25

1/1 [==============================] - ETA: 0s - loss: 4.4843 - accuracy: 0.6250
1/1 [==============================] - 0s 4ms/step - loss: 4.4843 - accuracy: 0.6250
Epoch 12/25

1/1 [==============================] - ETA: 0s - loss: 4.4556 - accuracy: 0.6250
1/1 [==============================] - 0s 4ms/step - loss: 4.4556 - accuracy: 0.6250
Epoch 13/25

1/1 [==============================] - ETA: 0s - loss: 4.4259 - accuracy: 0.6250
1/1 [==============================] - 0s 4ms/step - loss: 4.4259 - accuracy: 0.6250
Epoch 14/25

1/1 [==============================] - ETA: 0s - loss: 4.3950 - accuracy: 0.6250
1/1 [==============================] - 0s 4ms/step - loss: 4.3950 - accuracy: 0.6250
Epoch 15/25

1/1 [==============================] - ETA: 0s - loss: 4.3629 - accuracy: 0.6250
1/1 [==============================] - 0s 4ms/step - loss: 4.3629 - accuracy: 0.6250
Epoch 16/25

1/1 [==============================] - ETA: 0s - loss: 4.3296 - accuracy: 0.6250
1/1 [==============================] - 0s 4ms/step - loss: 4.3296 - accuracy: 0.6250
Epoch 17/25

1/1 [==============================] - ETA: 0s - loss: 4.2949 - accuracy: 0.6250
1/1 [==============================] - 0s 4ms/step - loss: 4.2949 - accuracy: 0.6250
Epoch 18/25

1/1 [==============================] - ETA: 0s - loss: 4.2589 - accuracy: 0.6250
1/1 [==============================] - 0s 5ms/step - loss: 4.2589 - accuracy: 0.6250
Epoch 19/25

1/1 [==============================] - ETA: 0s - loss: 4.2214 - accuracy: 0.6250
1/1 [==============================] - 0s 4ms/step - loss: 4.2214 - accuracy: 0.6250
Epoch 20/25

1/1 [==============================] - ETA: 0s - loss: 4.1824 - accuracy: 0.6250
1/1 [==============================] - 0s 4ms/step - loss: 4.1824 - accuracy: 0.6250
Epoch 21/25

1/1 [==============================] - ETA: 0s - loss: 4.1420 - accuracy: 0.6250
1/1 [==============================] - 0s 4ms/step - loss: 4.1420 - accuracy: 0.6250
Epoch 22/25

1/1 [==============================] - ETA: 0s - loss: 4.1000 - accuracy: 0.6250
1/1 [==============================] - 0s 4ms/step - loss: 4.1000 - accuracy: 0.6250
Epoch 23/25

1/1 [==============================] - ETA: 0s - loss: 4.0564 - accuracy: 0.6250
1/1 [==============================] - 0s 4ms/step - loss: 4.0564 - accuracy: 0.6250
Epoch 24/25

1/1 [==============================] - ETA: 0s - loss: 4.0113 - accuracy: 0.6250
1/1 [==============================] - 0s 4ms/step - loss: 4.0113 - accuracy: 0.6250
Epoch 25/25

1/1 [==============================] - ETA: 0s - loss: 3.9645 - accuracy: 0.6250
1/1 [==============================] - 0s 4ms/step - loss: 3.9645 - accuracy: 0.6250
# node2vec
Epoch 1/25

1/1 [==============================] - ETA: 0s - loss: 4.7632 - accuracy: 0.0625
1/1 [==============================] - 0s 200ms/step - loss: 4.7632 - accuracy: 0.0625
Epoch 2/25

1/1 [==============================] - ETA: 0s - loss: 4.7410 - accuracy: 0.0625
1/1 [==============================] - 0s 2ms/step - loss: 4.7410 - accuracy: 0.0625
Epoch 3/25

1/1 [==============================] - ETA: 0s - loss: 4.7188 - accuracy: 0.1250
1/1 [==============================] - 0s 3ms/step - loss: 4.7188 - accuracy: 0.1250
Epoch 4/25

1/1 [==============================] - ETA: 0s - loss: 4.6967 - accuracy: 0.1250
1/1 [==============================] - 0s 2ms/step - loss: 4.6967 - accuracy: 0.1250
Epoch 5/25

1/1 [==============================] - ETA: 0s - loss: 4.6746 - accuracy: 0.1875
1/1 [==============================] - 0s 3ms/step - loss: 4.6746 - accuracy: 0.1875
Epoch 6/25

1/1 [==============================] - ETA: 0s - loss: 4.6525 - accuracy: 0.1875
1/1 [==============================] - 0s 4ms/step - loss: 4.6525 - accuracy: 0.1875
Epoch 7/25

1/1 [==============================] - ETA: 0s - loss: 4.6304 - accuracy: 0.1875
1/1 [==============================] - 0s 4ms/step - loss: 4.6304 - accuracy: 0.1875
Epoch 8/25

1/1 [==============================] - ETA: 0s - loss: 4.6083 - accuracy: 0.1875
1/1 [==============================] - 0s 2ms/step - loss: 4.6083 - accuracy: 0.1875
Epoch 9/25

1/1 [==============================] - ETA: 0s - loss: 4.5863 - accuracy: 0.1875
1/1 [==============================] - 0s 3ms/step - loss: 4.5863 - accuracy: 0.1875
Epoch 10/25

1/1 [==============================] - ETA: 0s - loss: 4.5643 - accuracy: 0.1875
1/1 [==============================] - 0s 4ms/step - loss: 4.5643 - accuracy: 0.1875
Epoch 11/25

1/1 [==============================] - ETA: 0s - loss: 4.5424 - accuracy: 0.2500
1/1 [==============================] - 0s 2ms/step - loss: 4.5424 - accuracy: 0.2500
Epoch 12/25

1/1 [==============================] - ETA: 0s - loss: 4.5205 - accuracy: 0.2500
1/1 [==============================] - 0s 3ms/step - loss: 4.5205 - accuracy: 0.2500
Epoch 13/25

1/1 [==============================] - ETA: 0s - loss: 4.4986 - accuracy: 0.2500
1/1 [==============================] - 0s 2ms/step - loss: 4.4986 - accuracy: 0.2500
Epoch 14/25

1/1 [==============================] - ETA: 0s - loss: 4.4767 - accuracy: 0.2500
1/1 [==============================] - 0s 4ms/step - loss: 4.4767 - accuracy: 0.2500
Epoch 15/25

1/1 [==============================] - ETA: 0s - loss: 4.4549 - accuracy: 0.2500
1/1 [==============================] - 0s 2ms/step - loss: 4.4549 - accuracy: 0.2500
Epoch 16/25

1/1 [==============================] - ETA: 0s - loss: 4.4331 - accuracy: 0.2500
1/1 [==============================] - 0s 3ms/step - loss: 4.4331 - accuracy: 0.2500
Epoch 17/25

1/1 [==============================] - ETA: 0s - loss: 4.4114 - accuracy: 0.3125
1/1 [==============================] - 0s 6ms/step - loss: 4.4114 - accuracy: 0.3125
Epoch 18/25

1/1 [==============================] - ETA: 0s - loss: 4.3897 - accuracy: 0.3125
1/1 [==============================] - 0s 5ms/step - loss: 4.3897 - accuracy: 0.3125
Epoch 19/25

1/1 [==============================] - ETA: 0s - loss: 4.3680 - accuracy: 0.3125
1/1 [==============================] - 0s 6ms/step - loss: 4.3680 - accuracy: 0.3125
Epoch 20/25

1/1 [==============================] - ETA: 0s - loss: 4.3464 - accuracy: 0.3125
1/1 [==============================] - 0s 5ms/step - loss: 4.3464 - accuracy: 0.3125
Epoch 21/25

1/1 [==============================] - ETA: 0s - loss: 4.3249 - accuracy: 0.3125
1/1 [==============================] - 0s 4ms/step - loss: 4.3249 - accuracy: 0.3125
Epoch 22/25

1/1 [==============================] - ETA: 0s - loss: 4.3034 - accuracy: 0.3125
1/1 [==============================] - 0s 3ms/step - loss: 4.3034 - accuracy: 0.3125
Epoch 23/25

1/1 [==============================] - ETA: 0s - loss: 4.2819 - accuracy: 0.3125
1/1 [==============================] - 0s 3ms/step - loss: 4.2819 - accuracy: 0.3125
Epoch 24/25

1/1 [==============================] - ETA: 0s - loss: 4.2605 - accuracy: 0.3125
1/1 [==============================] - 0s 4ms/step - loss: 4.2605 - accuracy: 0.3125
Epoch 25/25

1/1 [==============================] - ETA: 0s - loss: 4.2391 - accuracy: 0.3125
1/1 [==============================] - 0s 3ms/step - loss: 4.2391 - accuracy: 0.3125
# predict: steps=12
# predict: tnodeembed_metrics
# predict: node2vec_metrics
tnodeembed: {'auc': 0.6993413698428652, 'f1_micro': 0.0, 'f1_macro': 0.0} tNodeEmbed_final_loss=3.9645447731018066 tNodeEmbed_final_accuracy=0.625 
node2vec: {'auc': 0.6175246059372932, 'f1_micro': 0.0, 'f1_macro': 0.0} node2vec_final_loss=4.239102363586426 node2vec_final_accuracy=0.3125 
