# load graph
Processing Static file: filename='CollegeMsg_20040808.csv'
# initialize tNodeEmbed for dataset=COLLEGE_NC, test_size=0.2
# load dataset
# fit
# tNodeEmbed steps_per_epoch=1
Epoch 1/25

1/1 [==============================] - ETA: 0s - loss: 4.7293 - accuracy: 0.0000e+00
1/1 [==============================] - 1s 1s/step - loss: 4.7293 - accuracy: 0.0000e+00
Epoch 2/25

1/1 [==============================] - ETA: 0s - loss: 4.6962 - accuracy: 0.0625
1/1 [==============================] - 0s 5ms/step - loss: 4.6962 - accuracy: 0.0625
Epoch 3/25

1/1 [==============================] - ETA: 0s - loss: 4.6630 - accuracy: 0.1875
1/1 [==============================] - 0s 4ms/step - loss: 4.6630 - accuracy: 0.1875
Epoch 4/25

1/1 [==============================] - ETA: 0s - loss: 4.6295 - accuracy: 0.3750
1/1 [==============================] - 0s 3ms/step - loss: 4.6295 - accuracy: 0.3750
Epoch 5/25

1/1 [==============================] - ETA: 0s - loss: 4.5957 - accuracy: 0.5625
1/1 [==============================] - 0s 5ms/step - loss: 4.5957 - accuracy: 0.5625
Epoch 6/25

1/1 [==============================] - ETA: 0s - loss: 4.5613 - accuracy: 0.7500
1/1 [==============================] - 0s 4ms/step - loss: 4.5613 - accuracy: 0.7500
Epoch 7/25

1/1 [==============================] - ETA: 0s - loss: 4.5262 - accuracy: 0.7500
1/1 [==============================] - 0s 4ms/step - loss: 4.5262 - accuracy: 0.7500
Epoch 8/25

1/1 [==============================] - ETA: 0s - loss: 4.4902 - accuracy: 0.7500
1/1 [==============================] - 0s 5ms/step - loss: 4.4902 - accuracy: 0.7500
Epoch 9/25

1/1 [==============================] - ETA: 0s - loss: 4.4532 - accuracy: 0.8125
1/1 [==============================] - 0s 5ms/step - loss: 4.4532 - accuracy: 0.8125
Epoch 10/25

1/1 [==============================] - ETA: 0s - loss: 4.4150 - accuracy: 0.8125
1/1 [==============================] - 0s 6ms/step - loss: 4.4150 - accuracy: 0.8125
Epoch 11/25

1/1 [==============================] - ETA: 0s - loss: 4.3755 - accuracy: 0.8125
1/1 [==============================] - 0s 4ms/step - loss: 4.3755 - accuracy: 0.8125
Epoch 12/25

1/1 [==============================] - ETA: 0s - loss: 4.3345 - accuracy: 0.9375
1/1 [==============================] - 0s 5ms/step - loss: 4.3345 - accuracy: 0.9375
Epoch 13/25

1/1 [==============================] - ETA: 0s - loss: 4.2919 - accuracy: 0.9375
1/1 [==============================] - 0s 4ms/step - loss: 4.2919 - accuracy: 0.9375
Epoch 14/25

1/1 [==============================] - ETA: 0s - loss: 4.2475 - accuracy: 0.9375
1/1 [==============================] - 0s 5ms/step - loss: 4.2475 - accuracy: 0.9375
Epoch 15/25

1/1 [==============================] - ETA: 0s - loss: 4.2013 - accuracy: 0.9375
1/1 [==============================] - 0s 4ms/step - loss: 4.2013 - accuracy: 0.9375
Epoch 16/25

1/1 [==============================] - ETA: 0s - loss: 4.1530 - accuracy: 0.9375
1/1 [==============================] - 0s 4ms/step - loss: 4.1530 - accuracy: 0.9375
Epoch 17/25

1/1 [==============================] - ETA: 0s - loss: 4.1027 - accuracy: 0.9375
1/1 [==============================] - 0s 5ms/step - loss: 4.1027 - accuracy: 0.9375
Epoch 18/25

1/1 [==============================] - ETA: 0s - loss: 4.0502 - accuracy: 0.9375
1/1 [==============================] - 0s 5ms/step - loss: 4.0502 - accuracy: 0.9375
Epoch 19/25

1/1 [==============================] - ETA: 0s - loss: 3.9953 - accuracy: 0.9375
1/1 [==============================] - 0s 6ms/step - loss: 3.9953 - accuracy: 0.9375
Epoch 20/25

1/1 [==============================] - ETA: 0s - loss: 3.9381 - accuracy: 0.9375
1/1 [==============================] - 0s 5ms/step - loss: 3.9381 - accuracy: 0.9375
Epoch 21/25

1/1 [==============================] - ETA: 0s - loss: 3.8784 - accuracy: 0.9375
1/1 [==============================] - 0s 5ms/step - loss: 3.8784 - accuracy: 0.9375
Epoch 22/25

1/1 [==============================] - ETA: 0s - loss: 3.8162 - accuracy: 0.9375
1/1 [==============================] - 0s 5ms/step - loss: 3.8162 - accuracy: 0.9375
Epoch 23/25

1/1 [==============================] - ETA: 0s - loss: 3.7514 - accuracy: 0.9375
1/1 [==============================] - 0s 6ms/step - loss: 3.7514 - accuracy: 0.9375
Epoch 24/25

1/1 [==============================] - ETA: 0s - loss: 3.6840 - accuracy: 0.9375
1/1 [==============================] - 0s 5ms/step - loss: 3.6840 - accuracy: 0.9375
Epoch 25/25

1/1 [==============================] - ETA: 0s - loss: 3.6139 - accuracy: 0.9375
1/1 [==============================] - 0s 6ms/step - loss: 3.6139 - accuracy: 0.9375
# node2vec
Epoch 1/25

1/1 [==============================] - ETA: 0s - loss: 4.6842 - accuracy: 0.0000e+00
1/1 [==============================] - 0s 195ms/step - loss: 4.6842 - accuracy: 0.0000e+00
Epoch 2/25

1/1 [==============================] - ETA: 0s - loss: 4.6475 - accuracy: 0.0000e+00
1/1 [==============================] - 0s 3ms/step - loss: 4.6475 - accuracy: 0.0000e+00
Epoch 3/25

1/1 [==============================] - ETA: 0s - loss: 4.6108 - accuracy: 0.0000e+00
1/1 [==============================] - 0s 5ms/step - loss: 4.6108 - accuracy: 0.0000e+00
Epoch 4/25

1/1 [==============================] - ETA: 0s - loss: 4.5741 - accuracy: 0.0000e+00
1/1 [==============================] - 0s 7ms/step - loss: 4.5741 - accuracy: 0.0000e+00
Epoch 5/25

1/1 [==============================] - ETA: 0s - loss: 4.5375 - accuracy: 0.0625
1/1 [==============================] - 0s 5ms/step - loss: 4.5375 - accuracy: 0.0625
Epoch 6/25

1/1 [==============================] - ETA: 0s - loss: 4.5009 - accuracy: 0.0625
1/1 [==============================] - 0s 4ms/step - loss: 4.5009 - accuracy: 0.0625
Epoch 7/25

1/1 [==============================] - ETA: 0s - loss: 4.4644 - accuracy: 0.0625
1/1 [==============================] - 0s 3ms/step - loss: 4.4644 - accuracy: 0.0625
Epoch 8/25

1/1 [==============================] - ETA: 0s - loss: 4.4280 - accuracy: 0.0625
1/1 [==============================] - 0s 4ms/step - loss: 4.4280 - accuracy: 0.0625
Epoch 9/25

1/1 [==============================] - ETA: 0s - loss: 4.3916 - accuracy: 0.0625
1/1 [==============================] - 0s 3ms/step - loss: 4.3916 - accuracy: 0.0625
Epoch 10/25

1/1 [==============================] - ETA: 0s - loss: 4.3553 - accuracy: 0.0625
1/1 [==============================] - 0s 4ms/step - loss: 4.3553 - accuracy: 0.0625
Epoch 11/25

1/1 [==============================] - ETA: 0s - loss: 4.3190 - accuracy: 0.0625
1/1 [==============================] - 0s 3ms/step - loss: 4.3190 - accuracy: 0.0625
Epoch 12/25

1/1 [==============================] - ETA: 0s - loss: 4.2828 - accuracy: 0.0625
1/1 [==============================] - 0s 3ms/step - loss: 4.2828 - accuracy: 0.0625
Epoch 13/25

1/1 [==============================] - ETA: 0s - loss: 4.2467 - accuracy: 0.0625
1/1 [==============================] - 0s 3ms/step - loss: 4.2467 - accuracy: 0.0625
Epoch 14/25

1/1 [==============================] - ETA: 0s - loss: 4.2107 - accuracy: 0.0625
1/1 [==============================] - 0s 3ms/step - loss: 4.2107 - accuracy: 0.0625
Epoch 15/25

1/1 [==============================] - ETA: 0s - loss: 4.1747 - accuracy: 0.1250
1/1 [==============================] - 0s 3ms/step - loss: 4.1747 - accuracy: 0.1250
Epoch 16/25

1/1 [==============================] - ETA: 0s - loss: 4.1388 - accuracy: 0.3125
1/1 [==============================] - 0s 4ms/step - loss: 4.1388 - accuracy: 0.3125
Epoch 17/25

1/1 [==============================] - ETA: 0s - loss: 4.1030 - accuracy: 0.3125
1/1 [==============================] - 0s 4ms/step - loss: 4.1030 - accuracy: 0.3125
Epoch 18/25

1/1 [==============================] - ETA: 0s - loss: 4.0673 - accuracy: 0.3750
1/1 [==============================] - 0s 3ms/step - loss: 4.0673 - accuracy: 0.3750
Epoch 19/25

1/1 [==============================] - ETA: 0s - loss: 4.0316 - accuracy: 0.3750
1/1 [==============================] - 0s 4ms/step - loss: 4.0316 - accuracy: 0.3750
Epoch 20/25

1/1 [==============================] - ETA: 0s - loss: 3.9961 - accuracy: 0.3750
1/1 [==============================] - 0s 3ms/step - loss: 3.9961 - accuracy: 0.3750
Epoch 21/25

1/1 [==============================] - ETA: 0s - loss: 3.9606 - accuracy: 0.4375
1/1 [==============================] - 0s 3ms/step - loss: 3.9606 - accuracy: 0.4375
Epoch 22/25

1/1 [==============================] - ETA: 0s - loss: 3.9252 - accuracy: 0.4375
1/1 [==============================] - 0s 4ms/step - loss: 3.9252 - accuracy: 0.4375
Epoch 23/25

1/1 [==============================] - ETA: 0s - loss: 3.8899 - accuracy: 0.5625
1/1 [==============================] - 0s 3ms/step - loss: 3.8899 - accuracy: 0.5625
Epoch 24/25

1/1 [==============================] - ETA: 0s - loss: 3.8547 - accuracy: 0.6250
1/1 [==============================] - 0s 3ms/step - loss: 3.8547 - accuracy: 0.6250
Epoch 25/25

1/1 [==============================] - ETA: 0s - loss: 3.8197 - accuracy: 0.6875
1/1 [==============================] - 0s 3ms/step - loss: 3.8197 - accuracy: 0.6875
# predict: steps=12
# predict: tnodeembed_metrics
# predict: node2vec_metrics
tnodeembed: {'auc': 0.7325720405461721, 'f1_micro': 0.0, 'f1_macro': 0.0} tNodeEmbed_final_loss=3.6138691902160645 tNodeEmbed_final_accuracy=0.9375 
node2vec: {'auc': 0.6348791152893879, 'f1_micro': 0.0, 'f1_macro': 0.0} node2vec_final_loss=3.8196520805358887 node2vec_final_accuracy=0.6875 
