# load graph
Processing Static file: filename='CollegeMsg_20041008.csv'
# initialize tNodeEmbed for dataset=COLLEGE_NC, test_size=0.2
# load dataset
# fit
# tNodeEmbed steps_per_epoch=1
Epoch 1/25

1/1 [==============================] - ETA: 0s - loss: 4.7299 - accuracy: 0.0000e+00
1/1 [==============================] - 1s 1s/step - loss: 4.7299 - accuracy: 0.0000e+00
Epoch 2/25

1/1 [==============================] - ETA: 0s - loss: 4.6962 - accuracy: 0.0000e+00
1/1 [==============================] - 0s 6ms/step - loss: 4.6962 - accuracy: 0.0000e+00
Epoch 3/25

1/1 [==============================] - ETA: 0s - loss: 4.6622 - accuracy: 0.1875
1/1 [==============================] - 0s 6ms/step - loss: 4.6622 - accuracy: 0.1875
Epoch 4/25

1/1 [==============================] - ETA: 0s - loss: 4.6279 - accuracy: 0.4375
1/1 [==============================] - 0s 6ms/step - loss: 4.6279 - accuracy: 0.4375
Epoch 5/25

1/1 [==============================] - ETA: 0s - loss: 4.5932 - accuracy: 0.5625
1/1 [==============================] - 0s 8ms/step - loss: 4.5932 - accuracy: 0.5625
Epoch 6/25

1/1 [==============================] - ETA: 0s - loss: 4.5578 - accuracy: 0.6875
1/1 [==============================] - 0s 7ms/step - loss: 4.5578 - accuracy: 0.6875
Epoch 7/25

1/1 [==============================] - ETA: 0s - loss: 4.5218 - accuracy: 0.8125
1/1 [==============================] - 0s 6ms/step - loss: 4.5218 - accuracy: 0.8125
Epoch 8/25

1/1 [==============================] - ETA: 0s - loss: 4.4848 - accuracy: 0.9375
1/1 [==============================] - 0s 6ms/step - loss: 4.4848 - accuracy: 0.9375
Epoch 9/25

1/1 [==============================] - ETA: 0s - loss: 4.4468 - accuracy: 0.9375
1/1 [==============================] - 0s 7ms/step - loss: 4.4468 - accuracy: 0.9375
Epoch 10/25

1/1 [==============================] - ETA: 0s - loss: 4.4077 - accuracy: 0.9375
1/1 [==============================] - 0s 7ms/step - loss: 4.4077 - accuracy: 0.9375
Epoch 11/25

1/1 [==============================] - ETA: 0s - loss: 4.3673 - accuracy: 1.0000
1/1 [==============================] - 0s 8ms/step - loss: 4.3673 - accuracy: 1.0000
Epoch 12/25

1/1 [==============================] - ETA: 0s - loss: 4.3255 - accuracy: 1.0000
1/1 [==============================] - 0s 6ms/step - loss: 4.3255 - accuracy: 1.0000
Epoch 13/25

1/1 [==============================] - ETA: 0s - loss: 4.2822 - accuracy: 1.0000
1/1 [==============================] - 0s 6ms/step - loss: 4.2822 - accuracy: 1.0000
Epoch 14/25

1/1 [==============================] - ETA: 0s - loss: 4.2373 - accuracy: 1.0000
1/1 [==============================] - 0s 6ms/step - loss: 4.2373 - accuracy: 1.0000
Epoch 15/25

1/1 [==============================] - ETA: 0s - loss: 4.1906 - accuracy: 1.0000
1/1 [==============================] - 0s 6ms/step - loss: 4.1906 - accuracy: 1.0000
Epoch 16/25

1/1 [==============================] - ETA: 0s - loss: 4.1421 - accuracy: 1.0000
1/1 [==============================] - 0s 7ms/step - loss: 4.1421 - accuracy: 1.0000
Epoch 17/25

1/1 [==============================] - ETA: 0s - loss: 4.0917 - accuracy: 1.0000
1/1 [==============================] - 0s 7ms/step - loss: 4.0917 - accuracy: 1.0000
Epoch 18/25

1/1 [==============================] - ETA: 0s - loss: 4.0393 - accuracy: 1.0000
1/1 [==============================] - 0s 7ms/step - loss: 4.0393 - accuracy: 1.0000
Epoch 19/25

1/1 [==============================] - ETA: 0s - loss: 3.9849 - accuracy: 1.0000
1/1 [==============================] - 0s 6ms/step - loss: 3.9849 - accuracy: 1.0000
Epoch 20/25

1/1 [==============================] - ETA: 0s - loss: 3.9282 - accuracy: 1.0000
1/1 [==============================] - 0s 6ms/step - loss: 3.9282 - accuracy: 1.0000
Epoch 21/25

1/1 [==============================] - ETA: 0s - loss: 3.8694 - accuracy: 1.0000
1/1 [==============================] - 0s 7ms/step - loss: 3.8694 - accuracy: 1.0000
Epoch 22/25

1/1 [==============================] - ETA: 0s - loss: 3.8083 - accuracy: 1.0000
1/1 [==============================] - 0s 6ms/step - loss: 3.8083 - accuracy: 1.0000
Epoch 23/25

1/1 [==============================] - ETA: 0s - loss: 3.7449 - accuracy: 1.0000
1/1 [==============================] - 0s 6ms/step - loss: 3.7449 - accuracy: 1.0000
Epoch 24/25

1/1 [==============================] - ETA: 0s - loss: 3.6792 - accuracy: 1.0000
1/1 [==============================] - 0s 6ms/step - loss: 3.6792 - accuracy: 1.0000
Epoch 25/25

1/1 [==============================] - ETA: 0s - loss: 3.6111 - accuracy: 1.0000
1/1 [==============================] - 0s 6ms/step - loss: 3.6111 - accuracy: 1.0000
# node2vec
Epoch 1/25

1/1 [==============================] - ETA: 0s - loss: 4.7094 - accuracy: 0.0625
1/1 [==============================] - 0s 198ms/step - loss: 4.7094 - accuracy: 0.0625
Epoch 2/25

1/1 [==============================] - ETA: 0s - loss: 4.6688 - accuracy: 0.0625
1/1 [==============================] - 0s 3ms/step - loss: 4.6688 - accuracy: 0.0625
Epoch 3/25

1/1 [==============================] - ETA: 0s - loss: 4.6282 - accuracy: 0.0625
1/1 [==============================] - 0s 5ms/step - loss: 4.6282 - accuracy: 0.0625
Epoch 4/25

1/1 [==============================] - ETA: 0s - loss: 4.5876 - accuracy: 0.0625
1/1 [==============================] - 0s 4ms/step - loss: 4.5876 - accuracy: 0.0625
Epoch 5/25

1/1 [==============================] - ETA: 0s - loss: 4.5472 - accuracy: 0.0625
1/1 [==============================] - 0s 3ms/step - loss: 4.5472 - accuracy: 0.0625
Epoch 6/25

1/1 [==============================] - ETA: 0s - loss: 4.5068 - accuracy: 0.0625
1/1 [==============================] - 0s 4ms/step - loss: 4.5068 - accuracy: 0.0625
Epoch 7/25

1/1 [==============================] - ETA: 0s - loss: 4.4665 - accuracy: 0.0625
1/1 [==============================] - 0s 4ms/step - loss: 4.4665 - accuracy: 0.0625
Epoch 8/25

1/1 [==============================] - ETA: 0s - loss: 4.4262 - accuracy: 0.0625
1/1 [==============================] - 0s 4ms/step - loss: 4.4262 - accuracy: 0.0625
Epoch 9/25

1/1 [==============================] - ETA: 0s - loss: 4.3861 - accuracy: 0.0625
1/1 [==============================] - 0s 4ms/step - loss: 4.3861 - accuracy: 0.0625
Epoch 10/25

1/1 [==============================] - ETA: 0s - loss: 4.3460 - accuracy: 0.0625
1/1 [==============================] - 0s 4ms/step - loss: 4.3460 - accuracy: 0.0625
Epoch 11/25

1/1 [==============================] - ETA: 0s - loss: 4.3060 - accuracy: 0.0625
1/1 [==============================] - 0s 4ms/step - loss: 4.3060 - accuracy: 0.0625
Epoch 12/25

1/1 [==============================] - ETA: 0s - loss: 4.2661 - accuracy: 0.0625
1/1 [==============================] - 0s 4ms/step - loss: 4.2661 - accuracy: 0.0625
Epoch 13/25

1/1 [==============================] - ETA: 0s - loss: 4.2263 - accuracy: 0.1250
1/1 [==============================] - 0s 4ms/step - loss: 4.2263 - accuracy: 0.1250
Epoch 14/25

1/1 [==============================] - ETA: 0s - loss: 4.1866 - accuracy: 0.1250
1/1 [==============================] - 0s 3ms/step - loss: 4.1866 - accuracy: 0.1250
Epoch 15/25

1/1 [==============================] - ETA: 0s - loss: 4.1470 - accuracy: 0.1875
1/1 [==============================] - 0s 4ms/step - loss: 4.1470 - accuracy: 0.1875
Epoch 16/25

1/1 [==============================] - ETA: 0s - loss: 4.1074 - accuracy: 0.1875
1/1 [==============================] - 0s 4ms/step - loss: 4.1074 - accuracy: 0.1875
Epoch 17/25

1/1 [==============================] - ETA: 0s - loss: 4.0680 - accuracy: 0.1875
1/1 [==============================] - 0s 5ms/step - loss: 4.0680 - accuracy: 0.1875
Epoch 18/25

1/1 [==============================] - ETA: 0s - loss: 4.0287 - accuracy: 0.3125
1/1 [==============================] - 0s 3ms/step - loss: 4.0287 - accuracy: 0.3125
Epoch 19/25

1/1 [==============================] - ETA: 0s - loss: 3.9895 - accuracy: 0.3750
1/1 [==============================] - 0s 5ms/step - loss: 3.9895 - accuracy: 0.3750
Epoch 20/25

1/1 [==============================] - ETA: 0s - loss: 3.9504 - accuracy: 0.5000
1/1 [==============================] - 0s 4ms/step - loss: 3.9504 - accuracy: 0.5000
Epoch 21/25

1/1 [==============================] - ETA: 0s - loss: 3.9114 - accuracy: 0.5000
1/1 [==============================] - 0s 5ms/step - loss: 3.9114 - accuracy: 0.5000
Epoch 22/25

1/1 [==============================] - ETA: 0s - loss: 3.8726 - accuracy: 0.6250
1/1 [==============================] - 0s 4ms/step - loss: 3.8726 - accuracy: 0.6250
Epoch 23/25

1/1 [==============================] - ETA: 0s - loss: 3.8339 - accuracy: 0.6250
1/1 [==============================] - 0s 5ms/step - loss: 3.8339 - accuracy: 0.6250
Epoch 24/25

1/1 [==============================] - ETA: 0s - loss: 3.7953 - accuracy: 0.6250
1/1 [==============================] - 0s 4ms/step - loss: 3.7953 - accuracy: 0.6250
Epoch 25/25

1/1 [==============================] - ETA: 0s - loss: 3.7568 - accuracy: 0.6250
1/1 [==============================] - 0s 4ms/step - loss: 3.7568 - accuracy: 0.6250
# predict: steps=12
# predict: tnodeembed_metrics
# predict: node2vec_metrics
tnodeembed: {'auc': 0.7498441828254848, 'f1_micro': 0.0, 'f1_macro': 0.0} tNodeEmbed_final_loss=3.6111412048339844 tNodeEmbed_final_accuracy=1.0 
node2vec: {'auc': 0.6820946608486751, 'f1_micro': 0.0, 'f1_macro': 0.0} node2vec_final_loss=3.7567954063415527 node2vec_final_accuracy=0.625 
