# load graph
Processing Static file: filename='CollegeMsg_20040512.csv'
# initialize tNodeEmbed for dataset=COLLEGE_NC, test_size=0.2
# load dataset
# fit
# tNodeEmbed steps_per_epoch=1
Epoch 1/25

1/1 [==============================] - ETA: 0s - loss: 4.7358 - accuracy: 0.1250
1/1 [==============================] - 1s 937ms/step - loss: 4.7358 - accuracy: 0.1250
Epoch 2/25

1/1 [==============================] - ETA: 0s - loss: 4.7157 - accuracy: 0.0625
1/1 [==============================] - 0s 5ms/step - loss: 4.7157 - accuracy: 0.0625
Epoch 3/25

1/1 [==============================] - ETA: 0s - loss: 4.6956 - accuracy: 0.0625
1/1 [==============================] - 0s 9ms/step - loss: 4.6956 - accuracy: 0.0625
Epoch 4/25

1/1 [==============================] - ETA: 0s - loss: 4.6754 - accuracy: 0.3125
1/1 [==============================] - 0s 8ms/step - loss: 4.6754 - accuracy: 0.3125
Epoch 5/25

1/1 [==============================] - ETA: 0s - loss: 4.6551 - accuracy: 0.5000
1/1 [==============================] - 0s 6ms/step - loss: 4.6551 - accuracy: 0.5000
Epoch 6/25

1/1 [==============================] - ETA: 0s - loss: 4.6345 - accuracy: 0.5000
1/1 [==============================] - 0s 5ms/step - loss: 4.6345 - accuracy: 0.5000
Epoch 7/25

1/1 [==============================] - ETA: 0s - loss: 4.6136 - accuracy: 0.5000
1/1 [==============================] - 0s 5ms/step - loss: 4.6136 - accuracy: 0.5000
Epoch 8/25

1/1 [==============================] - ETA: 0s - loss: 4.5923 - accuracy: 0.5000
1/1 [==============================] - 0s 3ms/step - loss: 4.5923 - accuracy: 0.5000
Epoch 9/25

1/1 [==============================] - ETA: 0s - loss: 4.5705 - accuracy: 0.5000
1/1 [==============================] - 0s 3ms/step - loss: 4.5705 - accuracy: 0.5000
Epoch 10/25

1/1 [==============================] - ETA: 0s - loss: 4.5481 - accuracy: 0.5000
1/1 [==============================] - 0s 4ms/step - loss: 4.5481 - accuracy: 0.5000
Epoch 11/25

1/1 [==============================] - ETA: 0s - loss: 4.5251 - accuracy: 0.5000
1/1 [==============================] - 0s 3ms/step - loss: 4.5251 - accuracy: 0.5000
Epoch 12/25

1/1 [==============================] - ETA: 0s - loss: 4.5014 - accuracy: 0.5000
1/1 [==============================] - 0s 4ms/step - loss: 4.5014 - accuracy: 0.5000
Epoch 13/25

1/1 [==============================] - ETA: 0s - loss: 4.4769 - accuracy: 0.5000
1/1 [==============================] - 0s 4ms/step - loss: 4.4769 - accuracy: 0.5000
Epoch 14/25

1/1 [==============================] - ETA: 0s - loss: 4.4516 - accuracy: 0.5000
1/1 [==============================] - 0s 3ms/step - loss: 4.4516 - accuracy: 0.5000
Epoch 15/25

1/1 [==============================] - ETA: 0s - loss: 4.4254 - accuracy: 0.5000
1/1 [==============================] - 0s 3ms/step - loss: 4.4254 - accuracy: 0.5000
Epoch 16/25

1/1 [==============================] - ETA: 0s - loss: 4.3982 - accuracy: 0.5000
1/1 [==============================] - 0s 5ms/step - loss: 4.3982 - accuracy: 0.5000
Epoch 17/25

1/1 [==============================] - ETA: 0s - loss: 4.3701 - accuracy: 0.5000
1/1 [==============================] - 0s 3ms/step - loss: 4.3701 - accuracy: 0.5000
Epoch 18/25

1/1 [==============================] - ETA: 0s - loss: 4.3409 - accuracy: 0.5000
1/1 [==============================] - 0s 3ms/step - loss: 4.3409 - accuracy: 0.5000
Epoch 19/25

1/1 [==============================] - ETA: 0s - loss: 4.3107 - accuracy: 0.5000
1/1 [==============================] - 0s 3ms/step - loss: 4.3107 - accuracy: 0.5000
Epoch 20/25

1/1 [==============================] - ETA: 0s - loss: 4.2794 - accuracy: 0.5000
1/1 [==============================] - 0s 4ms/step - loss: 4.2794 - accuracy: 0.5000
Epoch 21/25

1/1 [==============================] - ETA: 0s - loss: 4.2469 - accuracy: 0.5000
1/1 [==============================] - 0s 3ms/step - loss: 4.2469 - accuracy: 0.5000
Epoch 22/25

1/1 [==============================] - ETA: 0s - loss: 4.2133 - accuracy: 0.5000
1/1 [==============================] - 0s 4ms/step - loss: 4.2133 - accuracy: 0.5000
Epoch 23/25

1/1 [==============================] - ETA: 0s - loss: 4.1785 - accuracy: 0.5000
1/1 [==============================] - 0s 4ms/step - loss: 4.1785 - accuracy: 0.5000
Epoch 24/25

1/1 [==============================] - ETA: 0s - loss: 4.1425 - accuracy: 0.5000
1/1 [==============================] - 0s 3ms/step - loss: 4.1425 - accuracy: 0.5000
Epoch 25/25

1/1 [==============================] - ETA: 0s - loss: 4.1054 - accuracy: 0.5000
1/1 [==============================] - 0s 4ms/step - loss: 4.1054 - accuracy: 0.5000
# node2vec
Epoch 1/25

1/1 [==============================] - ETA: 0s - loss: 4.7622 - accuracy: 0.1250
1/1 [==============================] - 0s 206ms/step - loss: 4.7622 - accuracy: 0.1250
Epoch 2/25

1/1 [==============================] - ETA: 0s - loss: 4.7425 - accuracy: 0.1250
1/1 [==============================] - 0s 3ms/step - loss: 4.7425 - accuracy: 0.1250
Epoch 3/25

1/1 [==============================] - ETA: 0s - loss: 4.7227 - accuracy: 0.1250
1/1 [==============================] - 0s 3ms/step - loss: 4.7227 - accuracy: 0.1250
Epoch 4/25

1/1 [==============================] - ETA: 0s - loss: 4.7029 - accuracy: 0.1250
1/1 [==============================] - 0s 3ms/step - loss: 4.7029 - accuracy: 0.1250
Epoch 5/25

1/1 [==============================] - ETA: 0s - loss: 4.6832 - accuracy: 0.1250
1/1 [==============================] - 0s 3ms/step - loss: 4.6832 - accuracy: 0.1250
Epoch 6/25

1/1 [==============================] - ETA: 0s - loss: 4.6635 - accuracy: 0.1250
1/1 [==============================] - 0s 3ms/step - loss: 4.6635 - accuracy: 0.1250
Epoch 7/25

1/1 [==============================] - ETA: 0s - loss: 4.6438 - accuracy: 0.1250
1/1 [==============================] - 0s 3ms/step - loss: 4.6438 - accuracy: 0.1250
Epoch 8/25

1/1 [==============================] - ETA: 0s - loss: 4.6241 - accuracy: 0.1250
1/1 [==============================] - 0s 3ms/step - loss: 4.6241 - accuracy: 0.1250
Epoch 9/25

1/1 [==============================] - ETA: 0s - loss: 4.6045 - accuracy: 0.1250
1/1 [==============================] - 0s 4ms/step - loss: 4.6045 - accuracy: 0.1250
Epoch 10/25

1/1 [==============================] - ETA: 0s - loss: 4.5848 - accuracy: 0.1250
1/1 [==============================] - 0s 2ms/step - loss: 4.5848 - accuracy: 0.1250
Epoch 11/25

1/1 [==============================] - ETA: 0s - loss: 4.5652 - accuracy: 0.1250
1/1 [==============================] - 0s 3ms/step - loss: 4.5652 - accuracy: 0.1250
Epoch 12/25

1/1 [==============================] - ETA: 0s - loss: 4.5456 - accuracy: 0.1875
1/1 [==============================] - 0s 2ms/step - loss: 4.5456 - accuracy: 0.1875
Epoch 13/25

1/1 [==============================] - ETA: 0s - loss: 4.5261 - accuracy: 0.2500
1/1 [==============================] - 0s 3ms/step - loss: 4.5261 - accuracy: 0.2500
Epoch 14/25

1/1 [==============================] - ETA: 0s - loss: 4.5066 - accuracy: 0.2500
1/1 [==============================] - 0s 3ms/step - loss: 4.5066 - accuracy: 0.2500
Epoch 15/25

1/1 [==============================] - ETA: 0s - loss: 4.4871 - accuracy: 0.3125
1/1 [==============================] - 0s 3ms/step - loss: 4.4871 - accuracy: 0.3125
Epoch 16/25

1/1 [==============================] - ETA: 0s - loss: 4.4676 - accuracy: 0.3750
1/1 [==============================] - 0s 3ms/step - loss: 4.4676 - accuracy: 0.3750
Epoch 17/25

1/1 [==============================] - ETA: 0s - loss: 4.4482 - accuracy: 0.3750
1/1 [==============================] - 0s 4ms/step - loss: 4.4482 - accuracy: 0.3750
Epoch 18/25

1/1 [==============================] - ETA: 0s - loss: 4.4288 - accuracy: 0.3750
1/1 [==============================] - 0s 3ms/step - loss: 4.4288 - accuracy: 0.3750
Epoch 19/25

1/1 [==============================] - ETA: 0s - loss: 4.4094 - accuracy: 0.3750
1/1 [==============================] - 0s 3ms/step - loss: 4.4094 - accuracy: 0.3750
Epoch 20/25

1/1 [==============================] - ETA: 0s - loss: 4.3901 - accuracy: 0.3750
1/1 [==============================] - 0s 4ms/step - loss: 4.3901 - accuracy: 0.3750
Epoch 21/25

1/1 [==============================] - ETA: 0s - loss: 4.3708 - accuracy: 0.3750
1/1 [==============================] - 0s 2ms/step - loss: 4.3708 - accuracy: 0.3750
Epoch 22/25

1/1 [==============================] - ETA: 0s - loss: 4.3516 - accuracy: 0.3750
1/1 [==============================] - 0s 3ms/step - loss: 4.3516 - accuracy: 0.3750
Epoch 23/25

1/1 [==============================] - ETA: 0s - loss: 4.3324 - accuracy: 0.4375
1/1 [==============================] - 0s 3ms/step - loss: 4.3324 - accuracy: 0.4375
Epoch 24/25

1/1 [==============================] - ETA: 0s - loss: 4.3132 - accuracy: 0.4375
1/1 [==============================] - 0s 3ms/step - loss: 4.3132 - accuracy: 0.4375
Epoch 25/25

1/1 [==============================] - ETA: 0s - loss: 4.2941 - accuracy: 0.4375
1/1 [==============================] - 0s 3ms/step - loss: 4.2941 - accuracy: 0.4375
# predict: steps=12
# predict: tnodeembed_metrics
# predict: node2vec_metrics
tnodeembed: {'auc': 0.7219876878385998, 'f1_micro': 0.0, 'f1_macro': 0.0} tNodeEmbed_final_loss=4.105356216430664 tNodeEmbed_final_accuracy=0.5 
node2vec: {'auc': 0.6183196872012355, 'f1_micro': 0.0, 'f1_macro': 0.0} node2vec_final_loss=4.294065475463867 node2vec_final_accuracy=0.4375 
