# load graph
Processing Static file: filename='CollegeMsg_20040930.csv'
# initialize tNodeEmbed for dataset=COLLEGE_NC, test_size=0.2
# load dataset
# fit
# tNodeEmbed steps_per_epoch=1
Epoch 1/25

1/1 [==============================] - ETA: 0s - loss: 4.7318 - accuracy: 0.0000e+00
1/1 [==============================] - 1s 1s/step - loss: 4.7318 - accuracy: 0.0000e+00
Epoch 2/25

1/1 [==============================] - ETA: 0s - loss: 4.6979 - accuracy: 0.0625
1/1 [==============================] - 0s 5ms/step - loss: 4.6979 - accuracy: 0.0625
Epoch 3/25

1/1 [==============================] - ETA: 0s - loss: 4.6638 - accuracy: 0.1250
1/1 [==============================] - 0s 6ms/step - loss: 4.6638 - accuracy: 0.1250
Epoch 4/25

1/1 [==============================] - ETA: 0s - loss: 4.6295 - accuracy: 0.3750
1/1 [==============================] - 0s 5ms/step - loss: 4.6295 - accuracy: 0.3750
Epoch 5/25

1/1 [==============================] - ETA: 0s - loss: 4.5948 - accuracy: 0.5625
1/1 [==============================] - 0s 5ms/step - loss: 4.5948 - accuracy: 0.5625
Epoch 6/25

1/1 [==============================] - ETA: 0s - loss: 4.5597 - accuracy: 0.6875
1/1 [==============================] - 0s 6ms/step - loss: 4.5597 - accuracy: 0.6875
Epoch 7/25

1/1 [==============================] - ETA: 0s - loss: 4.5239 - accuracy: 0.8125
1/1 [==============================] - 0s 6ms/step - loss: 4.5239 - accuracy: 0.8125
Epoch 8/25

1/1 [==============================] - ETA: 0s - loss: 4.4874 - accuracy: 0.8125
1/1 [==============================] - 0s 5ms/step - loss: 4.4874 - accuracy: 0.8125
Epoch 9/25

1/1 [==============================] - ETA: 0s - loss: 4.4499 - accuracy: 0.8750
1/1 [==============================] - 0s 6ms/step - loss: 4.4499 - accuracy: 0.8750
Epoch 10/25

1/1 [==============================] - ETA: 0s - loss: 4.4115 - accuracy: 0.9375
1/1 [==============================] - 0s 6ms/step - loss: 4.4115 - accuracy: 0.9375
Epoch 11/25

1/1 [==============================] - ETA: 0s - loss: 4.3720 - accuracy: 1.0000
1/1 [==============================] - 0s 6ms/step - loss: 4.3720 - accuracy: 1.0000
Epoch 12/25

1/1 [==============================] - ETA: 0s - loss: 4.3312 - accuracy: 1.0000
1/1 [==============================] - 0s 6ms/step - loss: 4.3312 - accuracy: 1.0000
Epoch 13/25

1/1 [==============================] - ETA: 0s - loss: 4.2890 - accuracy: 1.0000
1/1 [==============================] - 0s 6ms/step - loss: 4.2890 - accuracy: 1.0000
Epoch 14/25

1/1 [==============================] - ETA: 0s - loss: 4.2454 - accuracy: 1.0000
1/1 [==============================] - 0s 6ms/step - loss: 4.2454 - accuracy: 1.0000
Epoch 15/25

1/1 [==============================] - ETA: 0s - loss: 4.2002 - accuracy: 1.0000
1/1 [==============================] - 0s 6ms/step - loss: 4.2002 - accuracy: 1.0000
Epoch 16/25

1/1 [==============================] - ETA: 0s - loss: 4.1533 - accuracy: 1.0000
1/1 [==============================] - 0s 6ms/step - loss: 4.1533 - accuracy: 1.0000
Epoch 17/25

1/1 [==============================] - ETA: 0s - loss: 4.1046 - accuracy: 1.0000
1/1 [==============================] - 0s 6ms/step - loss: 4.1046 - accuracy: 1.0000
Epoch 18/25

1/1 [==============================] - ETA: 0s - loss: 4.0540 - accuracy: 1.0000
1/1 [==============================] - 0s 6ms/step - loss: 4.0540 - accuracy: 1.0000
Epoch 19/25

1/1 [==============================] - ETA: 0s - loss: 4.0015 - accuracy: 1.0000
1/1 [==============================] - 0s 6ms/step - loss: 4.0015 - accuracy: 1.0000
Epoch 20/25

1/1 [==============================] - ETA: 0s - loss: 3.9470 - accuracy: 1.0000
1/1 [==============================] - 0s 7ms/step - loss: 3.9470 - accuracy: 1.0000
Epoch 21/25

1/1 [==============================] - ETA: 0s - loss: 3.8904 - accuracy: 1.0000
1/1 [==============================] - 0s 6ms/step - loss: 3.8904 - accuracy: 1.0000
Epoch 22/25

1/1 [==============================] - ETA: 0s - loss: 3.8316 - accuracy: 1.0000
1/1 [==============================] - 0s 6ms/step - loss: 3.8316 - accuracy: 1.0000
Epoch 23/25

1/1 [==============================] - ETA: 0s - loss: 3.7706 - accuracy: 1.0000
1/1 [==============================] - 0s 5ms/step - loss: 3.7706 - accuracy: 1.0000
Epoch 24/25

1/1 [==============================] - ETA: 0s - loss: 3.7074 - accuracy: 1.0000
1/1 [==============================] - 0s 6ms/step - loss: 3.7074 - accuracy: 1.0000
Epoch 25/25

1/1 [==============================] - ETA: 0s - loss: 3.6419 - accuracy: 1.0000
1/1 [==============================] - 0s 7ms/step - loss: 3.6419 - accuracy: 1.0000
# node2vec
Epoch 1/25

1/1 [==============================] - ETA: 0s - loss: 4.8468 - accuracy: 0.0000e+00
1/1 [==============================] - 0s 203ms/step - loss: 4.8468 - accuracy: 0.0000e+00
Epoch 2/25

1/1 [==============================] - ETA: 0s - loss: 4.8050 - accuracy: 0.0000e+00
1/1 [==============================] - 0s 3ms/step - loss: 4.8050 - accuracy: 0.0000e+00
Epoch 3/25

1/1 [==============================] - ETA: 0s - loss: 4.7633 - accuracy: 0.0000e+00
1/1 [==============================] - 0s 2ms/step - loss: 4.7633 - accuracy: 0.0000e+00
Epoch 4/25

1/1 [==============================] - ETA: 0s - loss: 4.7216 - accuracy: 0.0000e+00
1/1 [==============================] - 0s 3ms/step - loss: 4.7216 - accuracy: 0.0000e+00
Epoch 5/25

1/1 [==============================] - ETA: 0s - loss: 4.6800 - accuracy: 0.0625
1/1 [==============================] - 0s 3ms/step - loss: 4.6800 - accuracy: 0.0625
Epoch 6/25

1/1 [==============================] - ETA: 0s - loss: 4.6384 - accuracy: 0.0625
1/1 [==============================] - 0s 3ms/step - loss: 4.6384 - accuracy: 0.0625
Epoch 7/25

1/1 [==============================] - ETA: 0s - loss: 4.5969 - accuracy: 0.0625
1/1 [==============================] - 0s 2ms/step - loss: 4.5969 - accuracy: 0.0625
Epoch 8/25

1/1 [==============================] - ETA: 0s - loss: 4.5555 - accuracy: 0.0625
1/1 [==============================] - 0s 3ms/step - loss: 4.5555 - accuracy: 0.0625
Epoch 9/25

1/1 [==============================] - ETA: 0s - loss: 4.5141 - accuracy: 0.0625
1/1 [==============================] - 0s 3ms/step - loss: 4.5141 - accuracy: 0.0625
Epoch 10/25

1/1 [==============================] - ETA: 0s - loss: 4.4729 - accuracy: 0.0625
1/1 [==============================] - 0s 2ms/step - loss: 4.4729 - accuracy: 0.0625
Epoch 11/25

1/1 [==============================] - ETA: 0s - loss: 4.4317 - accuracy: 0.0625
1/1 [==============================] - 0s 2ms/step - loss: 4.4317 - accuracy: 0.0625
Epoch 12/25

1/1 [==============================] - ETA: 0s - loss: 4.3906 - accuracy: 0.0625
1/1 [==============================] - 0s 3ms/step - loss: 4.3906 - accuracy: 0.0625
Epoch 13/25

1/1 [==============================] - ETA: 0s - loss: 4.3496 - accuracy: 0.0625
1/1 [==============================] - 0s 3ms/step - loss: 4.3496 - accuracy: 0.0625
Epoch 14/25

1/1 [==============================] - ETA: 0s - loss: 4.3086 - accuracy: 0.0625
1/1 [==============================] - 0s 3ms/step - loss: 4.3086 - accuracy: 0.0625
Epoch 15/25

1/1 [==============================] - ETA: 0s - loss: 4.2678 - accuracy: 0.1875
1/1 [==============================] - 0s 2ms/step - loss: 4.2678 - accuracy: 0.1875
Epoch 16/25

1/1 [==============================] - ETA: 0s - loss: 4.2270 - accuracy: 0.1875
1/1 [==============================] - 0s 4ms/step - loss: 4.2270 - accuracy: 0.1875
Epoch 17/25

1/1 [==============================] - ETA: 0s - loss: 4.1864 - accuracy: 0.3125
1/1 [==============================] - 0s 4ms/step - loss: 4.1864 - accuracy: 0.3125
Epoch 18/25

1/1 [==============================] - ETA: 0s - loss: 4.1458 - accuracy: 0.3125
1/1 [==============================] - 0s 3ms/step - loss: 4.1458 - accuracy: 0.3125
Epoch 19/25

1/1 [==============================] - ETA: 0s - loss: 4.1054 - accuracy: 0.3125
1/1 [==============================] - 0s 3ms/step - loss: 4.1054 - accuracy: 0.3125
Epoch 20/25

1/1 [==============================] - ETA: 0s - loss: 4.0650 - accuracy: 0.3125
1/1 [==============================] - 0s 2ms/step - loss: 4.0650 - accuracy: 0.3125
Epoch 21/25

1/1 [==============================] - ETA: 0s - loss: 4.0248 - accuracy: 0.3750
1/1 [==============================] - 0s 3ms/step - loss: 4.0248 - accuracy: 0.3750
Epoch 22/25

1/1 [==============================] - ETA: 0s - loss: 3.9846 - accuracy: 0.5000
1/1 [==============================] - 0s 3ms/step - loss: 3.9846 - accuracy: 0.5000
Epoch 23/25

1/1 [==============================] - ETA: 0s - loss: 3.9446 - accuracy: 0.5625
1/1 [==============================] - 0s 4ms/step - loss: 3.9446 - accuracy: 0.5625
Epoch 24/25

1/1 [==============================] - ETA: 0s - loss: 3.9047 - accuracy: 0.5625
1/1 [==============================] - 0s 4ms/step - loss: 3.9047 - accuracy: 0.5625
Epoch 25/25

1/1 [==============================] - ETA: 0s - loss: 3.8649 - accuracy: 0.6250
1/1 [==============================] - 0s 3ms/step - loss: 3.8649 - accuracy: 0.6250
# predict: steps=12
# predict: tnodeembed_metrics
# predict: node2vec_metrics
tnodeembed: {'auc': 0.7964303924692961, 'f1_micro': 0.0, 'f1_macro': 0.0} tNodeEmbed_final_loss=3.641930103302002 tNodeEmbed_final_accuracy=1.0 
node2vec: {'auc': 0.6341346248130807, 'f1_micro': 0.0, 'f1_macro': 0.0} node2vec_final_loss=3.8649187088012695 node2vec_final_accuracy=0.625 
