# load graph
Processing Static file: filename='CollegeMsg_20040821.csv'
# initialize tNodeEmbed for dataset=COLLEGE_NC, test_size=0.2
# load dataset
# fit
# tNodeEmbed steps_per_epoch=1
Epoch 1/25

1/1 [==============================] - ETA: 0s - loss: 4.7394 - accuracy: 0.0000e+00
1/1 [==============================] - 1s 1s/step - loss: 4.7394 - accuracy: 0.0000e+00
Epoch 2/25

1/1 [==============================] - ETA: 0s - loss: 4.7079 - accuracy: 0.1250
1/1 [==============================] - 0s 6ms/step - loss: 4.7079 - accuracy: 0.1250
Epoch 3/25

1/1 [==============================] - ETA: 0s - loss: 4.6762 - accuracy: 0.1875
1/1 [==============================] - 0s 6ms/step - loss: 4.6762 - accuracy: 0.1875
Epoch 4/25

1/1 [==============================] - ETA: 0s - loss: 4.6444 - accuracy: 0.3750
1/1 [==============================] - 0s 5ms/step - loss: 4.6444 - accuracy: 0.3750
Epoch 5/25

1/1 [==============================] - ETA: 0s - loss: 4.6123 - accuracy: 0.6250
1/1 [==============================] - 0s 5ms/step - loss: 4.6123 - accuracy: 0.6250
Epoch 6/25

1/1 [==============================] - ETA: 0s - loss: 4.5797 - accuracy: 0.6250
1/1 [==============================] - 0s 6ms/step - loss: 4.5797 - accuracy: 0.6250
Epoch 7/25

1/1 [==============================] - ETA: 0s - loss: 4.5465 - accuracy: 0.8125
1/1 [==============================] - 0s 5ms/step - loss: 4.5465 - accuracy: 0.8125
Epoch 8/25

1/1 [==============================] - ETA: 0s - loss: 4.5125 - accuracy: 0.9375
1/1 [==============================] - 0s 5ms/step - loss: 4.5125 - accuracy: 0.9375
Epoch 9/25

1/1 [==============================] - ETA: 0s - loss: 4.4777 - accuracy: 0.9375
1/1 [==============================] - 0s 5ms/step - loss: 4.4777 - accuracy: 0.9375
Epoch 10/25

1/1 [==============================] - ETA: 0s - loss: 4.4418 - accuracy: 1.0000
1/1 [==============================] - 0s 5ms/step - loss: 4.4418 - accuracy: 1.0000
Epoch 11/25

1/1 [==============================] - ETA: 0s - loss: 4.4048 - accuracy: 1.0000
1/1 [==============================] - 0s 6ms/step - loss: 4.4048 - accuracy: 1.0000
Epoch 12/25

1/1 [==============================] - ETA: 0s - loss: 4.3665 - accuracy: 1.0000
1/1 [==============================] - 0s 5ms/step - loss: 4.3665 - accuracy: 1.0000
Epoch 13/25

1/1 [==============================] - ETA: 0s - loss: 4.3268 - accuracy: 1.0000
1/1 [==============================] - 0s 6ms/step - loss: 4.3268 - accuracy: 1.0000
Epoch 14/25

1/1 [==============================] - ETA: 0s - loss: 4.2856 - accuracy: 1.0000
1/1 [==============================] - 0s 6ms/step - loss: 4.2856 - accuracy: 1.0000
Epoch 15/25

1/1 [==============================] - ETA: 0s - loss: 4.2428 - accuracy: 1.0000
1/1 [==============================] - 0s 5ms/step - loss: 4.2428 - accuracy: 1.0000
Epoch 16/25

1/1 [==============================] - ETA: 0s - loss: 4.1982 - accuracy: 1.0000
1/1 [==============================] - 0s 6ms/step - loss: 4.1982 - accuracy: 1.0000
Epoch 17/25

1/1 [==============================] - ETA: 0s - loss: 4.1518 - accuracy: 1.0000
1/1 [==============================] - 0s 6ms/step - loss: 4.1518 - accuracy: 1.0000
Epoch 18/25

1/1 [==============================] - ETA: 0s - loss: 4.1035 - accuracy: 1.0000
1/1 [==============================] - 0s 6ms/step - loss: 4.1035 - accuracy: 1.0000
Epoch 19/25

1/1 [==============================] - ETA: 0s - loss: 4.0531 - accuracy: 1.0000
1/1 [==============================] - 0s 5ms/step - loss: 4.0531 - accuracy: 1.0000
Epoch 20/25

1/1 [==============================] - ETA: 0s - loss: 4.0007 - accuracy: 1.0000
1/1 [==============================] - 0s 5ms/step - loss: 4.0007 - accuracy: 1.0000
Epoch 21/25

1/1 [==============================] - ETA: 0s - loss: 3.9460 - accuracy: 1.0000
1/1 [==============================] - 0s 6ms/step - loss: 3.9460 - accuracy: 1.0000
Epoch 22/25

1/1 [==============================] - ETA: 0s - loss: 3.8892 - accuracy: 1.0000
1/1 [==============================] - 0s 6ms/step - loss: 3.8892 - accuracy: 1.0000
Epoch 23/25

1/1 [==============================] - ETA: 0s - loss: 3.8300 - accuracy: 1.0000
1/1 [==============================] - 0s 6ms/step - loss: 3.8300 - accuracy: 1.0000
Epoch 24/25

1/1 [==============================] - ETA: 0s - loss: 3.7685 - accuracy: 1.0000
1/1 [==============================] - 0s 5ms/step - loss: 3.7685 - accuracy: 1.0000
Epoch 25/25

1/1 [==============================] - ETA: 0s - loss: 3.7047 - accuracy: 1.0000
1/1 [==============================] - 0s 6ms/step - loss: 3.7047 - accuracy: 1.0000
# node2vec
Epoch 1/25

1/1 [==============================] - ETA: 0s - loss: 4.8694 - accuracy: 0.0000e+00
1/1 [==============================] - 0s 203ms/step - loss: 4.8694 - accuracy: 0.0000e+00
Epoch 2/25

1/1 [==============================] - ETA: 0s - loss: 4.8317 - accuracy: 0.0000e+00
1/1 [==============================] - 0s 3ms/step - loss: 4.8317 - accuracy: 0.0000e+00
Epoch 3/25

1/1 [==============================] - ETA: 0s - loss: 4.7940 - accuracy: 0.0000e+00
1/1 [==============================] - 0s 4ms/step - loss: 4.7940 - accuracy: 0.0000e+00
Epoch 4/25

1/1 [==============================] - ETA: 0s - loss: 4.7564 - accuracy: 0.0000e+00
1/1 [==============================] - 0s 5ms/step - loss: 4.7564 - accuracy: 0.0000e+00
Epoch 5/25

1/1 [==============================] - ETA: 0s - loss: 4.7188 - accuracy: 0.0000e+00
1/1 [==============================] - 0s 2ms/step - loss: 4.7188 - accuracy: 0.0000e+00
Epoch 6/25

1/1 [==============================] - ETA: 0s - loss: 4.6812 - accuracy: 0.0000e+00
1/1 [==============================] - 0s 3ms/step - loss: 4.6812 - accuracy: 0.0000e+00
Epoch 7/25

1/1 [==============================] - ETA: 0s - loss: 4.6437 - accuracy: 0.0000e+00
1/1 [==============================] - 0s 2ms/step - loss: 4.6437 - accuracy: 0.0000e+00
Epoch 8/25

1/1 [==============================] - ETA: 0s - loss: 4.6063 - accuracy: 0.0000e+00
1/1 [==============================] - 0s 2ms/step - loss: 4.6063 - accuracy: 0.0000e+00
Epoch 9/25

1/1 [==============================] - ETA: 0s - loss: 4.5689 - accuracy: 0.0000e+00
1/1 [==============================] - 0s 3ms/step - loss: 4.5689 - accuracy: 0.0000e+00
Epoch 10/25

1/1 [==============================] - ETA: 0s - loss: 4.5315 - accuracy: 0.0000e+00
1/1 [==============================] - 0s 3ms/step - loss: 4.5315 - accuracy: 0.0000e+00
Epoch 11/25

1/1 [==============================] - ETA: 0s - loss: 4.4942 - accuracy: 0.0000e+00
1/1 [==============================] - 0s 3ms/step - loss: 4.4942 - accuracy: 0.0000e+00
Epoch 12/25

1/1 [==============================] - ETA: 0s - loss: 4.4570 - accuracy: 0.0000e+00
1/1 [==============================] - 0s 4ms/step - loss: 4.4570 - accuracy: 0.0000e+00
Epoch 13/25

1/1 [==============================] - ETA: 0s - loss: 4.4198 - accuracy: 0.0625
1/1 [==============================] - 0s 3ms/step - loss: 4.4198 - accuracy: 0.0625
Epoch 14/25

1/1 [==============================] - ETA: 0s - loss: 4.3827 - accuracy: 0.0625
1/1 [==============================] - 0s 4ms/step - loss: 4.3827 - accuracy: 0.0625
Epoch 15/25

1/1 [==============================] - ETA: 0s - loss: 4.3457 - accuracy: 0.1250
1/1 [==============================] - 0s 4ms/step - loss: 4.3457 - accuracy: 0.1250
Epoch 16/25

1/1 [==============================] - ETA: 0s - loss: 4.3087 - accuracy: 0.1250
1/1 [==============================] - 0s 2ms/step - loss: 4.3087 - accuracy: 0.1250
Epoch 17/25

1/1 [==============================] - ETA: 0s - loss: 4.2718 - accuracy: 0.1250
1/1 [==============================] - 0s 3ms/step - loss: 4.2718 - accuracy: 0.1250
Epoch 18/25

1/1 [==============================] - ETA: 0s - loss: 4.2350 - accuracy: 0.2500
1/1 [==============================] - 0s 3ms/step - loss: 4.2350 - accuracy: 0.2500
Epoch 19/25

1/1 [==============================] - ETA: 0s - loss: 4.1982 - accuracy: 0.3750
1/1 [==============================] - 0s 3ms/step - loss: 4.1982 - accuracy: 0.3750
Epoch 20/25

1/1 [==============================] - ETA: 0s - loss: 4.1616 - accuracy: 0.4375
1/1 [==============================] - 0s 2ms/step - loss: 4.1616 - accuracy: 0.4375
Epoch 21/25

1/1 [==============================] - ETA: 0s - loss: 4.1250 - accuracy: 0.5000
1/1 [==============================] - 0s 2ms/step - loss: 4.1250 - accuracy: 0.5000
Epoch 22/25

1/1 [==============================] - ETA: 0s - loss: 4.0885 - accuracy: 0.5000
1/1 [==============================] - 0s 2ms/step - loss: 4.0885 - accuracy: 0.5000
Epoch 23/25

1/1 [==============================] - ETA: 0s - loss: 4.0520 - accuracy: 0.5625
1/1 [==============================] - 0s 2ms/step - loss: 4.0520 - accuracy: 0.5625
Epoch 24/25

1/1 [==============================] - ETA: 0s - loss: 4.0157 - accuracy: 0.6875
1/1 [==============================] - 0s 2ms/step - loss: 4.0157 - accuracy: 0.6875
Epoch 25/25

1/1 [==============================] - ETA: 0s - loss: 3.9794 - accuracy: 0.6875
1/1 [==============================] - 0s 3ms/step - loss: 3.9794 - accuracy: 0.6875
# predict: steps=12
# predict: tnodeembed_metrics
# predict: node2vec_metrics
tnodeembed: {'auc': 0.6927997144117863, 'f1_micro': 0.0, 'f1_macro': 0.0} tNodeEmbed_final_loss=3.7046942710876465 tNodeEmbed_final_accuracy=1.0 
node2vec: {'auc': 0.5898002721055082, 'f1_micro': 0.0, 'f1_macro': 0.0} node2vec_final_loss=3.9794137477874756 node2vec_final_accuracy=0.6875 
