# load graph
Processing Static file: filename='CollegeMsg_20040714.csv'
# initialize tNodeEmbed for dataset=COLLEGE_NC, test_size=0.2
# load dataset
# fit
# tNodeEmbed steps_per_epoch=1
Epoch 1/25

1/1 [==============================] - ETA: 0s - loss: 4.7575 - accuracy: 0.1250
1/1 [==============================] - 1s 1s/step - loss: 4.7575 - accuracy: 0.1250
Epoch 2/25

1/1 [==============================] - ETA: 0s - loss: 4.7291 - accuracy: 0.1250
1/1 [==============================] - 0s 3ms/step - loss: 4.7291 - accuracy: 0.1250
Epoch 3/25

1/1 [==============================] - ETA: 0s - loss: 4.7007 - accuracy: 0.1875
1/1 [==============================] - 0s 5ms/step - loss: 4.7007 - accuracy: 0.1875
Epoch 4/25

1/1 [==============================] - ETA: 0s - loss: 4.6722 - accuracy: 0.2500
1/1 [==============================] - 0s 4ms/step - loss: 4.6722 - accuracy: 0.2500
Epoch 5/25

1/1 [==============================] - ETA: 0s - loss: 4.6436 - accuracy: 0.4375
1/1 [==============================] - 0s 4ms/step - loss: 4.6436 - accuracy: 0.4375
Epoch 6/25

1/1 [==============================] - ETA: 0s - loss: 4.6147 - accuracy: 0.6250
1/1 [==============================] - 0s 3ms/step - loss: 4.6147 - accuracy: 0.6250
Epoch 7/25

1/1 [==============================] - ETA: 0s - loss: 4.5855 - accuracy: 0.8125
1/1 [==============================] - 0s 4ms/step - loss: 4.5855 - accuracy: 0.8125
Epoch 8/25

1/1 [==============================] - ETA: 0s - loss: 4.5557 - accuracy: 0.8750
1/1 [==============================] - 0s 3ms/step - loss: 4.5557 - accuracy: 0.8750
Epoch 9/25

1/1 [==============================] - ETA: 0s - loss: 4.5253 - accuracy: 0.8750
1/1 [==============================] - 0s 4ms/step - loss: 4.5253 - accuracy: 0.8750
Epoch 10/25

1/1 [==============================] - ETA: 0s - loss: 4.4942 - accuracy: 0.8750
1/1 [==============================] - 0s 4ms/step - loss: 4.4942 - accuracy: 0.8750
Epoch 11/25

1/1 [==============================] - ETA: 0s - loss: 4.4622 - accuracy: 0.8750
1/1 [==============================] - 0s 4ms/step - loss: 4.4622 - accuracy: 0.8750
Epoch 12/25

1/1 [==============================] - ETA: 0s - loss: 4.4293 - accuracy: 0.8750
1/1 [==============================] - 0s 3ms/step - loss: 4.4293 - accuracy: 0.8750
Epoch 13/25

1/1 [==============================] - ETA: 0s - loss: 4.3954 - accuracy: 0.9375
1/1 [==============================] - 0s 4ms/step - loss: 4.3954 - accuracy: 0.9375
Epoch 14/25

1/1 [==============================] - ETA: 0s - loss: 4.3603 - accuracy: 0.9375
1/1 [==============================] - 0s 3ms/step - loss: 4.3603 - accuracy: 0.9375
Epoch 15/25

1/1 [==============================] - ETA: 0s - loss: 4.3239 - accuracy: 0.9375
1/1 [==============================] - 0s 4ms/step - loss: 4.3239 - accuracy: 0.9375
Epoch 16/25

1/1 [==============================] - ETA: 0s - loss: 4.2863 - accuracy: 0.9375
1/1 [==============================] - 0s 4ms/step - loss: 4.2863 - accuracy: 0.9375
Epoch 17/25

1/1 [==============================] - ETA: 0s - loss: 4.2472 - accuracy: 0.9375
1/1 [==============================] - 0s 3ms/step - loss: 4.2472 - accuracy: 0.9375
Epoch 18/25

1/1 [==============================] - ETA: 0s - loss: 4.2067 - accuracy: 0.9375
1/1 [==============================] - 0s 4ms/step - loss: 4.2067 - accuracy: 0.9375
Epoch 19/25

1/1 [==============================] - ETA: 0s - loss: 4.1646 - accuracy: 0.9375
1/1 [==============================] - 0s 4ms/step - loss: 4.1646 - accuracy: 0.9375
Epoch 20/25

1/1 [==============================] - ETA: 0s - loss: 4.1208 - accuracy: 0.9375
1/1 [==============================] - 0s 4ms/step - loss: 4.1208 - accuracy: 0.9375
Epoch 21/25

1/1 [==============================] - ETA: 0s - loss: 4.0754 - accuracy: 0.9375
1/1 [==============================] - 0s 3ms/step - loss: 4.0754 - accuracy: 0.9375
Epoch 22/25

1/1 [==============================] - ETA: 0s - loss: 4.0282 - accuracy: 0.9375
1/1 [==============================] - 0s 4ms/step - loss: 4.0282 - accuracy: 0.9375
Epoch 23/25

1/1 [==============================] - ETA: 0s - loss: 3.9793 - accuracy: 0.9375
1/1 [==============================] - 0s 3ms/step - loss: 3.9793 - accuracy: 0.9375
Epoch 24/25

1/1 [==============================] - ETA: 0s - loss: 3.9285 - accuracy: 0.9375
1/1 [==============================] - 0s 4ms/step - loss: 3.9285 - accuracy: 0.9375
Epoch 25/25

1/1 [==============================] - ETA: 0s - loss: 3.8758 - accuracy: 0.9375
1/1 [==============================] - 0s 3ms/step - loss: 3.8758 - accuracy: 0.9375
# node2vec
Epoch 1/25

1/1 [==============================] - ETA: 0s - loss: 4.7696 - accuracy: 0.1250
1/1 [==============================] - 0s 204ms/step - loss: 4.7696 - accuracy: 0.1250
Epoch 2/25

1/1 [==============================] - ETA: 0s - loss: 4.7371 - accuracy: 0.1250
1/1 [==============================] - 0s 2ms/step - loss: 4.7371 - accuracy: 0.1250
Epoch 3/25

1/1 [==============================] - ETA: 0s - loss: 4.7047 - accuracy: 0.1250
1/1 [==============================] - 0s 3ms/step - loss: 4.7047 - accuracy: 0.1250
Epoch 4/25

1/1 [==============================] - ETA: 0s - loss: 4.6723 - accuracy: 0.1250
1/1 [==============================] - 0s 2ms/step - loss: 4.6723 - accuracy: 0.1250
Epoch 5/25

1/1 [==============================] - ETA: 0s - loss: 4.6399 - accuracy: 0.1250
1/1 [==============================] - 0s 3ms/step - loss: 4.6399 - accuracy: 0.1250
Epoch 6/25

1/1 [==============================] - ETA: 0s - loss: 4.6076 - accuracy: 0.0625
1/1 [==============================] - 0s 2ms/step - loss: 4.6076 - accuracy: 0.0625
Epoch 7/25

1/1 [==============================] - ETA: 0s - loss: 4.5753 - accuracy: 0.0625
1/1 [==============================] - 0s 3ms/step - loss: 4.5753 - accuracy: 0.0625
Epoch 8/25

1/1 [==============================] - ETA: 0s - loss: 4.5430 - accuracy: 0.0625
1/1 [==============================] - 0s 2ms/step - loss: 4.5430 - accuracy: 0.0625
Epoch 9/25

1/1 [==============================] - ETA: 0s - loss: 4.5109 - accuracy: 0.0625
1/1 [==============================] - 0s 3ms/step - loss: 4.5109 - accuracy: 0.0625
Epoch 10/25

1/1 [==============================] - ETA: 0s - loss: 4.4787 - accuracy: 0.0625
1/1 [==============================] - 0s 2ms/step - loss: 4.4787 - accuracy: 0.0625
Epoch 11/25

1/1 [==============================] - ETA: 0s - loss: 4.4466 - accuracy: 0.1250
1/1 [==============================] - 0s 3ms/step - loss: 4.4466 - accuracy: 0.1250
Epoch 12/25

1/1 [==============================] - ETA: 0s - loss: 4.4146 - accuracy: 0.1250
1/1 [==============================] - 0s 4ms/step - loss: 4.4146 - accuracy: 0.1250
Epoch 13/25

1/1 [==============================] - ETA: 0s - loss: 4.3826 - accuracy: 0.1250
1/1 [==============================] - 0s 2ms/step - loss: 4.3826 - accuracy: 0.1250
Epoch 14/25

1/1 [==============================] - ETA: 0s - loss: 4.3507 - accuracy: 0.1875
1/1 [==============================] - 0s 4ms/step - loss: 4.3507 - accuracy: 0.1875
Epoch 15/25

1/1 [==============================] - ETA: 0s - loss: 4.3189 - accuracy: 0.2500
1/1 [==============================] - 0s 3ms/step - loss: 4.3189 - accuracy: 0.2500
Epoch 16/25

1/1 [==============================] - ETA: 0s - loss: 4.2871 - accuracy: 0.3125
1/1 [==============================] - 0s 2ms/step - loss: 4.2871 - accuracy: 0.3125
Epoch 17/25

1/1 [==============================] - ETA: 0s - loss: 4.2553 - accuracy: 0.3125
1/1 [==============================] - 0s 3ms/step - loss: 4.2553 - accuracy: 0.3125
Epoch 18/25

1/1 [==============================] - ETA: 0s - loss: 4.2237 - accuracy: 0.3750
1/1 [==============================] - 0s 2ms/step - loss: 4.2237 - accuracy: 0.3750
Epoch 19/25

1/1 [==============================] - ETA: 0s - loss: 4.1921 - accuracy: 0.3750
1/1 [==============================] - 0s 2ms/step - loss: 4.1921 - accuracy: 0.3750
Epoch 20/25

1/1 [==============================] - ETA: 0s - loss: 4.1605 - accuracy: 0.5000
1/1 [==============================] - 0s 3ms/step - loss: 4.1605 - accuracy: 0.5000
Epoch 21/25

1/1 [==============================] - ETA: 0s - loss: 4.1291 - accuracy: 0.5000
1/1 [==============================] - 0s 3ms/step - loss: 4.1291 - accuracy: 0.5000
Epoch 22/25

1/1 [==============================] - ETA: 0s - loss: 4.0977 - accuracy: 0.5625
1/1 [==============================] - 0s 3ms/step - loss: 4.0977 - accuracy: 0.5625
Epoch 23/25

1/1 [==============================] - ETA: 0s - loss: 4.0664 - accuracy: 0.6250
1/1 [==============================] - 0s 3ms/step - loss: 4.0664 - accuracy: 0.6250
Epoch 24/25

1/1 [==============================] - ETA: 0s - loss: 4.0352 - accuracy: 0.6250
1/1 [==============================] - 0s 2ms/step - loss: 4.0352 - accuracy: 0.6250
Epoch 25/25

1/1 [==============================] - ETA: 0s - loss: 4.0040 - accuracy: 0.6250
1/1 [==============================] - 0s 3ms/step - loss: 4.0040 - accuracy: 0.6250
# predict: steps=12
# predict: tnodeembed_metrics
# predict: node2vec_metrics
tnodeembed: {'auc': 0.6576996972519795, 'f1_micro': 0.0, 'f1_macro': 0.0} tNodeEmbed_final_loss=3.8757643699645996 tNodeEmbed_final_accuracy=0.9375 
node2vec: {'auc': 0.6004177493687642, 'f1_micro': 0.0, 'f1_macro': 0.0} node2vec_final_loss=4.003995895385742 node2vec_final_accuracy=0.625 
