# load graph
Processing Static file: filename='CollegeMsg_20041009.csv'
# initialize tNodeEmbed for dataset=COLLEGE_NC, test_size=0.2
# load dataset
# fit
# tNodeEmbed steps_per_epoch=1
Epoch 1/25

1/1 [==============================] - ETA: 0s - loss: 4.7378 - accuracy: 0.0000e+00
1/1 [==============================] - 1s 1s/step - loss: 4.7378 - accuracy: 0.0000e+00
Epoch 2/25

1/1 [==============================] - ETA: 0s - loss: 4.7040 - accuracy: 0.0000e+00
1/1 [==============================] - 0s 7ms/step - loss: 4.7040 - accuracy: 0.0000e+00
Epoch 3/25

1/1 [==============================] - ETA: 0s - loss: 4.6700 - accuracy: 0.1250
1/1 [==============================] - 0s 7ms/step - loss: 4.6700 - accuracy: 0.1250
Epoch 4/25

1/1 [==============================] - ETA: 0s - loss: 4.6359 - accuracy: 0.3750
1/1 [==============================] - 0s 6ms/step - loss: 4.6359 - accuracy: 0.3750
Epoch 5/25

1/1 [==============================] - ETA: 0s - loss: 4.6013 - accuracy: 0.5625
1/1 [==============================] - 0s 6ms/step - loss: 4.6013 - accuracy: 0.5625
Epoch 6/25

1/1 [==============================] - ETA: 0s - loss: 4.5663 - accuracy: 0.7500
1/1 [==============================] - 0s 6ms/step - loss: 4.5663 - accuracy: 0.7500
Epoch 7/25

1/1 [==============================] - ETA: 0s - loss: 4.5305 - accuracy: 0.8750
1/1 [==============================] - 0s 6ms/step - loss: 4.5305 - accuracy: 0.8750
Epoch 8/25

1/1 [==============================] - ETA: 0s - loss: 4.4939 - accuracy: 0.9375
1/1 [==============================] - 0s 7ms/step - loss: 4.4939 - accuracy: 0.9375
Epoch 9/25

1/1 [==============================] - ETA: 0s - loss: 4.4564 - accuracy: 1.0000
1/1 [==============================] - 0s 5ms/step - loss: 4.4564 - accuracy: 1.0000
Epoch 10/25

1/1 [==============================] - ETA: 0s - loss: 4.4178 - accuracy: 1.0000
1/1 [==============================] - 0s 6ms/step - loss: 4.4178 - accuracy: 1.0000
Epoch 11/25

1/1 [==============================] - ETA: 0s - loss: 4.3779 - accuracy: 1.0000
1/1 [==============================] - 0s 6ms/step - loss: 4.3779 - accuracy: 1.0000
Epoch 12/25

1/1 [==============================] - ETA: 0s - loss: 4.3366 - accuracy: 1.0000
1/1 [==============================] - 0s 7ms/step - loss: 4.3366 - accuracy: 1.0000
Epoch 13/25

1/1 [==============================] - ETA: 0s - loss: 4.2937 - accuracy: 1.0000
1/1 [==============================] - 0s 7ms/step - loss: 4.2937 - accuracy: 1.0000
Epoch 14/25

1/1 [==============================] - ETA: 0s - loss: 4.2493 - accuracy: 1.0000
1/1 [==============================] - 0s 8ms/step - loss: 4.2493 - accuracy: 1.0000
Epoch 15/25

1/1 [==============================] - ETA: 0s - loss: 4.2030 - accuracy: 1.0000
1/1 [==============================] - 0s 7ms/step - loss: 4.2030 - accuracy: 1.0000
Epoch 16/25

1/1 [==============================] - ETA: 0s - loss: 4.1549 - accuracy: 1.0000
1/1 [==============================] - 0s 7ms/step - loss: 4.1549 - accuracy: 1.0000
Epoch 17/25

1/1 [==============================] - ETA: 0s - loss: 4.1047 - accuracy: 1.0000
1/1 [==============================] - 0s 7ms/step - loss: 4.1047 - accuracy: 1.0000
Epoch 18/25

1/1 [==============================] - ETA: 0s - loss: 4.0524 - accuracy: 1.0000
1/1 [==============================] - 0s 7ms/step - loss: 4.0524 - accuracy: 1.0000
Epoch 19/25

1/1 [==============================] - ETA: 0s - loss: 3.9979 - accuracy: 1.0000
1/1 [==============================] - 0s 7ms/step - loss: 3.9979 - accuracy: 1.0000
Epoch 20/25

1/1 [==============================] - ETA: 0s - loss: 3.9411 - accuracy: 1.0000
1/1 [==============================] - 0s 8ms/step - loss: 3.9411 - accuracy: 1.0000
Epoch 21/25

1/1 [==============================] - ETA: 0s - loss: 3.8819 - accuracy: 1.0000
1/1 [==============================] - 0s 6ms/step - loss: 3.8819 - accuracy: 1.0000
Epoch 22/25

1/1 [==============================] - ETA: 0s - loss: 3.8203 - accuracy: 1.0000
1/1 [==============================] - 0s 8ms/step - loss: 3.8203 - accuracy: 1.0000
Epoch 23/25

1/1 [==============================] - ETA: 0s - loss: 3.7561 - accuracy: 1.0000
1/1 [==============================] - 0s 7ms/step - loss: 3.7561 - accuracy: 1.0000
Epoch 24/25

1/1 [==============================] - ETA: 0s - loss: 3.6894 - accuracy: 1.0000
1/1 [==============================] - 0s 7ms/step - loss: 3.6894 - accuracy: 1.0000
Epoch 25/25

1/1 [==============================] - ETA: 0s - loss: 3.6201 - accuracy: 1.0000
1/1 [==============================] - 0s 6ms/step - loss: 3.6201 - accuracy: 1.0000
# node2vec
Epoch 1/25

1/1 [==============================] - ETA: 0s - loss: 4.8563 - accuracy: 0.0000e+00
1/1 [==============================] - 0s 192ms/step - loss: 4.8563 - accuracy: 0.0000e+00
Epoch 2/25

1/1 [==============================] - ETA: 0s - loss: 4.8189 - accuracy: 0.0000e+00
1/1 [==============================] - 0s 4ms/step - loss: 4.8189 - accuracy: 0.0000e+00
Epoch 3/25

1/1 [==============================] - ETA: 0s - loss: 4.7816 - accuracy: 0.0000e+00
1/1 [==============================] - 0s 3ms/step - loss: 4.7816 - accuracy: 0.0000e+00
Epoch 4/25

1/1 [==============================] - ETA: 0s - loss: 4.7443 - accuracy: 0.0000e+00
1/1 [==============================] - 0s 2ms/step - loss: 4.7443 - accuracy: 0.0000e+00
Epoch 5/25

1/1 [==============================] - ETA: 0s - loss: 4.7070 - accuracy: 0.0000e+00
1/1 [==============================] - 0s 3ms/step - loss: 4.7070 - accuracy: 0.0000e+00
Epoch 6/25

1/1 [==============================] - ETA: 0s - loss: 4.6698 - accuracy: 0.0000e+00
1/1 [==============================] - 0s 2ms/step - loss: 4.6698 - accuracy: 0.0000e+00
Epoch 7/25

1/1 [==============================] - ETA: 0s - loss: 4.6327 - accuracy: 0.0000e+00
1/1 [==============================] - 0s 2ms/step - loss: 4.6327 - accuracy: 0.0000e+00
Epoch 8/25

1/1 [==============================] - ETA: 0s - loss: 4.5956 - accuracy: 0.0000e+00
1/1 [==============================] - 0s 3ms/step - loss: 4.5956 - accuracy: 0.0000e+00
Epoch 9/25

1/1 [==============================] - ETA: 0s - loss: 4.5585 - accuracy: 0.0000e+00
1/1 [==============================] - 0s 4ms/step - loss: 4.5585 - accuracy: 0.0000e+00
Epoch 10/25

1/1 [==============================] - ETA: 0s - loss: 4.5215 - accuracy: 0.0625
1/1 [==============================] - 0s 3ms/step - loss: 4.5215 - accuracy: 0.0625
Epoch 11/25

1/1 [==============================] - ETA: 0s - loss: 4.4846 - accuracy: 0.0625
1/1 [==============================] - 0s 3ms/step - loss: 4.4846 - accuracy: 0.0625
Epoch 12/25

1/1 [==============================] - ETA: 0s - loss: 4.4477 - accuracy: 0.1250
1/1 [==============================] - 0s 3ms/step - loss: 4.4477 - accuracy: 0.1250
Epoch 13/25

1/1 [==============================] - ETA: 0s - loss: 4.4109 - accuracy: 0.1250
1/1 [==============================] - 0s 3ms/step - loss: 4.4109 - accuracy: 0.1250
Epoch 14/25

1/1 [==============================] - ETA: 0s - loss: 4.3742 - accuracy: 0.1250
1/1 [==============================] - 0s 4ms/step - loss: 4.3742 - accuracy: 0.1250
Epoch 15/25

1/1 [==============================] - ETA: 0s - loss: 4.3375 - accuracy: 0.1875
1/1 [==============================] - 0s 4ms/step - loss: 4.3375 - accuracy: 0.1875
Epoch 16/25

1/1 [==============================] - ETA: 0s - loss: 4.3009 - accuracy: 0.1875
1/1 [==============================] - 0s 3ms/step - loss: 4.3009 - accuracy: 0.1875
Epoch 17/25

1/1 [==============================] - ETA: 0s - loss: 4.2644 - accuracy: 0.1875
1/1 [==============================] - 0s 3ms/step - loss: 4.2644 - accuracy: 0.1875
Epoch 18/25

1/1 [==============================] - ETA: 0s - loss: 4.2279 - accuracy: 0.2500
1/1 [==============================] - 0s 4ms/step - loss: 4.2279 - accuracy: 0.2500
Epoch 19/25

1/1 [==============================] - ETA: 0s - loss: 4.1915 - accuracy: 0.3125
1/1 [==============================] - 0s 3ms/step - loss: 4.1915 - accuracy: 0.3125
Epoch 20/25

1/1 [==============================] - ETA: 0s - loss: 4.1553 - accuracy: 0.3750
1/1 [==============================] - 0s 3ms/step - loss: 4.1553 - accuracy: 0.3750
Epoch 21/25

1/1 [==============================] - ETA: 0s - loss: 4.1190 - accuracy: 0.3750
1/1 [==============================] - 0s 3ms/step - loss: 4.1190 - accuracy: 0.3750
Epoch 22/25

1/1 [==============================] - ETA: 0s - loss: 4.0829 - accuracy: 0.3750
1/1 [==============================] - 0s 3ms/step - loss: 4.0829 - accuracy: 0.3750
Epoch 23/25

1/1 [==============================] - ETA: 0s - loss: 4.0469 - accuracy: 0.3750
1/1 [==============================] - 0s 3ms/step - loss: 4.0469 - accuracy: 0.3750
Epoch 24/25

1/1 [==============================] - ETA: 0s - loss: 4.0109 - accuracy: 0.3750
1/1 [==============================] - 0s 3ms/step - loss: 4.0109 - accuracy: 0.3750
Epoch 25/25

1/1 [==============================] - ETA: 0s - loss: 3.9751 - accuracy: 0.3750
1/1 [==============================] - 0s 3ms/step - loss: 3.9751 - accuracy: 0.3750
# predict: steps=12
# predict: tnodeembed_metrics
# predict: node2vec_metrics
tnodeembed: {'auc': 0.7359289277572132, 'f1_micro': 0.0, 'f1_macro': 0.0} tNodeEmbed_final_loss=3.620086193084717 tNodeEmbed_final_accuracy=1.0 
node2vec: {'auc': 0.6831725418576717, 'f1_micro': 0.0, 'f1_macro': 0.0} node2vec_final_loss=3.975069046020508 node2vec_final_accuracy=0.375 
