# load graph
Processing Static file: filename='CollegeMsg_20040909.csv'
# initialize tNodeEmbed for dataset=COLLEGE_NC, test_size=0.2
# load dataset
# fit
# tNodeEmbed steps_per_epoch=1
Epoch 1/25

1/1 [==============================] - ETA: 0s - loss: 4.7177 - accuracy: 0.0000e+00
1/1 [==============================] - 1s 1s/step - loss: 4.7177 - accuracy: 0.0000e+00
Epoch 2/25

1/1 [==============================] - ETA: 0s - loss: 4.6833 - accuracy: 0.0000e+00
1/1 [==============================] - 0s 4ms/step - loss: 4.6833 - accuracy: 0.0000e+00
Epoch 3/25

1/1 [==============================] - ETA: 0s - loss: 4.6487 - accuracy: 0.0625
1/1 [==============================] - 0s 5ms/step - loss: 4.6487 - accuracy: 0.0625
Epoch 4/25

1/1 [==============================] - ETA: 0s - loss: 4.6138 - accuracy: 0.4375
1/1 [==============================] - 0s 5ms/step - loss: 4.6138 - accuracy: 0.4375
Epoch 5/25

1/1 [==============================] - ETA: 0s - loss: 4.5785 - accuracy: 0.6250
1/1 [==============================] - 0s 7ms/step - loss: 4.5785 - accuracy: 0.6250
Epoch 6/25

1/1 [==============================] - ETA: 0s - loss: 4.5426 - accuracy: 0.7500
1/1 [==============================] - 0s 6ms/step - loss: 4.5426 - accuracy: 0.7500
Epoch 7/25

1/1 [==============================] - ETA: 0s - loss: 4.5060 - accuracy: 0.8750
1/1 [==============================] - 0s 5ms/step - loss: 4.5060 - accuracy: 0.8750
Epoch 8/25

1/1 [==============================] - ETA: 0s - loss: 4.4685 - accuracy: 0.9375
1/1 [==============================] - 0s 5ms/step - loss: 4.4685 - accuracy: 0.9375
Epoch 9/25

1/1 [==============================] - ETA: 0s - loss: 4.4300 - accuracy: 0.9375
1/1 [==============================] - 0s 5ms/step - loss: 4.4300 - accuracy: 0.9375
Epoch 10/25

1/1 [==============================] - ETA: 0s - loss: 4.3903 - accuracy: 0.9375
1/1 [==============================] - 0s 5ms/step - loss: 4.3903 - accuracy: 0.9375
Epoch 11/25

1/1 [==============================] - ETA: 0s - loss: 4.3492 - accuracy: 0.9375
1/1 [==============================] - 0s 5ms/step - loss: 4.3492 - accuracy: 0.9375
Epoch 12/25

1/1 [==============================] - ETA: 0s - loss: 4.3068 - accuracy: 0.9375
1/1 [==============================] - 0s 5ms/step - loss: 4.3068 - accuracy: 0.9375
Epoch 13/25

1/1 [==============================] - ETA: 0s - loss: 4.2627 - accuracy: 0.9375
1/1 [==============================] - 0s 5ms/step - loss: 4.2627 - accuracy: 0.9375
Epoch 14/25

1/1 [==============================] - ETA: 0s - loss: 4.2169 - accuracy: 0.9375
1/1 [==============================] - 0s 4ms/step - loss: 4.2169 - accuracy: 0.9375
Epoch 15/25

1/1 [==============================] - ETA: 0s - loss: 4.1694 - accuracy: 0.9375
1/1 [==============================] - 0s 6ms/step - loss: 4.1694 - accuracy: 0.9375
Epoch 16/25

1/1 [==============================] - ETA: 0s - loss: 4.1199 - accuracy: 0.9375
1/1 [==============================] - 0s 5ms/step - loss: 4.1199 - accuracy: 0.9375
Epoch 17/25

1/1 [==============================] - ETA: 0s - loss: 4.0683 - accuracy: 0.9375
1/1 [==============================] - 0s 5ms/step - loss: 4.0683 - accuracy: 0.9375
Epoch 18/25

1/1 [==============================] - ETA: 0s - loss: 4.0147 - accuracy: 0.9375
1/1 [==============================] - 0s 5ms/step - loss: 4.0147 - accuracy: 0.9375
Epoch 19/25

1/1 [==============================] - ETA: 0s - loss: 3.9589 - accuracy: 0.9375
1/1 [==============================] - 0s 5ms/step - loss: 3.9589 - accuracy: 0.9375
Epoch 20/25

1/1 [==============================] - ETA: 0s - loss: 3.9007 - accuracy: 0.9375
1/1 [==============================] - 0s 5ms/step - loss: 3.9007 - accuracy: 0.9375
Epoch 21/25

1/1 [==============================] - ETA: 0s - loss: 3.8403 - accuracy: 0.9375
1/1 [==============================] - 0s 4ms/step - loss: 3.8403 - accuracy: 0.9375
Epoch 22/25

1/1 [==============================] - ETA: 0s - loss: 3.7774 - accuracy: 0.9375
1/1 [==============================] - 0s 5ms/step - loss: 3.7774 - accuracy: 0.9375
Epoch 23/25

1/1 [==============================] - ETA: 0s - loss: 3.7120 - accuracy: 0.9375
1/1 [==============================] - 0s 4ms/step - loss: 3.7120 - accuracy: 0.9375
Epoch 24/25

1/1 [==============================] - ETA: 0s - loss: 3.6442 - accuracy: 0.9375
1/1 [==============================] - 0s 5ms/step - loss: 3.6442 - accuracy: 0.9375
Epoch 25/25

1/1 [==============================] - ETA: 0s - loss: 3.5738 - accuracy: 0.9375
1/1 [==============================] - 0s 4ms/step - loss: 3.5738 - accuracy: 0.9375
# node2vec
Epoch 1/25

1/1 [==============================] - ETA: 0s - loss: 4.8573 - accuracy: 0.0000e+00
1/1 [==============================] - 0s 249ms/step - loss: 4.8573 - accuracy: 0.0000e+00
Epoch 2/25

1/1 [==============================] - ETA: 0s - loss: 4.8149 - accuracy: 0.0000e+00
1/1 [==============================] - 0s 4ms/step - loss: 4.8149 - accuracy: 0.0000e+00
Epoch 3/25

1/1 [==============================] - ETA: 0s - loss: 4.7726 - accuracy: 0.0000e+00
1/1 [==============================] - 0s 3ms/step - loss: 4.7726 - accuracy: 0.0000e+00
Epoch 4/25

1/1 [==============================] - ETA: 0s - loss: 4.7303 - accuracy: 0.0000e+00
1/1 [==============================] - 0s 3ms/step - loss: 4.7303 - accuracy: 0.0000e+00
Epoch 5/25

1/1 [==============================] - ETA: 0s - loss: 4.6881 - accuracy: 0.0000e+00
1/1 [==============================] - 0s 3ms/step - loss: 4.6881 - accuracy: 0.0000e+00
Epoch 6/25

1/1 [==============================] - ETA: 0s - loss: 4.6460 - accuracy: 0.0000e+00
1/1 [==============================] - 0s 3ms/step - loss: 4.6460 - accuracy: 0.0000e+00
Epoch 7/25

1/1 [==============================] - ETA: 0s - loss: 4.6039 - accuracy: 0.0000e+00
1/1 [==============================] - 0s 3ms/step - loss: 4.6039 - accuracy: 0.0000e+00
Epoch 8/25

1/1 [==============================] - ETA: 0s - loss: 4.5619 - accuracy: 0.0000e+00
1/1 [==============================] - 0s 2ms/step - loss: 4.5619 - accuracy: 0.0000e+00
Epoch 9/25

1/1 [==============================] - ETA: 0s - loss: 4.5201 - accuracy: 0.0000e+00
1/1 [==============================] - 0s 3ms/step - loss: 4.5201 - accuracy: 0.0000e+00
Epoch 10/25

1/1 [==============================] - ETA: 0s - loss: 4.4783 - accuracy: 0.0000e+00
1/1 [==============================] - 0s 3ms/step - loss: 4.4783 - accuracy: 0.0000e+00
Epoch 11/25

1/1 [==============================] - ETA: 0s - loss: 4.4365 - accuracy: 0.0625
1/1 [==============================] - 0s 2ms/step - loss: 4.4365 - accuracy: 0.0625
Epoch 12/25

1/1 [==============================] - ETA: 0s - loss: 4.3949 - accuracy: 0.0625
1/1 [==============================] - 0s 3ms/step - loss: 4.3949 - accuracy: 0.0625
Epoch 13/25

1/1 [==============================] - ETA: 0s - loss: 4.3534 - accuracy: 0.0625
1/1 [==============================] - 0s 4ms/step - loss: 4.3534 - accuracy: 0.0625
Epoch 14/25

1/1 [==============================] - ETA: 0s - loss: 4.3120 - accuracy: 0.0625
1/1 [==============================] - 0s 2ms/step - loss: 4.3120 - accuracy: 0.0625
Epoch 15/25

1/1 [==============================] - ETA: 0s - loss: 4.2707 - accuracy: 0.0625
1/1 [==============================] - 0s 2ms/step - loss: 4.2707 - accuracy: 0.0625
Epoch 16/25

1/1 [==============================] - ETA: 0s - loss: 4.2294 - accuracy: 0.1250
1/1 [==============================] - 0s 2ms/step - loss: 4.2294 - accuracy: 0.1250
Epoch 17/25

1/1 [==============================] - ETA: 0s - loss: 4.1883 - accuracy: 0.2500
1/1 [==============================] - 0s 2ms/step - loss: 4.1883 - accuracy: 0.2500
Epoch 18/25

1/1 [==============================] - ETA: 0s - loss: 4.1473 - accuracy: 0.2500
1/1 [==============================] - 0s 3ms/step - loss: 4.1473 - accuracy: 0.2500
Epoch 19/25

1/1 [==============================] - ETA: 0s - loss: 4.1064 - accuracy: 0.2500
1/1 [==============================] - 0s 3ms/step - loss: 4.1064 - accuracy: 0.2500
Epoch 20/25

1/1 [==============================] - ETA: 0s - loss: 4.0657 - accuracy: 0.2500
1/1 [==============================] - 0s 3ms/step - loss: 4.0657 - accuracy: 0.2500
Epoch 21/25

1/1 [==============================] - ETA: 0s - loss: 4.0250 - accuracy: 0.3750
1/1 [==============================] - 0s 2ms/step - loss: 4.0250 - accuracy: 0.3750
Epoch 22/25

1/1 [==============================] - ETA: 0s - loss: 3.9845 - accuracy: 0.3750
1/1 [==============================] - 0s 2ms/step - loss: 3.9845 - accuracy: 0.3750
Epoch 23/25

1/1 [==============================] - ETA: 0s - loss: 3.9441 - accuracy: 0.4375
1/1 [==============================] - 0s 4ms/step - loss: 3.9441 - accuracy: 0.4375
Epoch 24/25

1/1 [==============================] - ETA: 0s - loss: 3.9038 - accuracy: 0.4375
1/1 [==============================] - 0s 3ms/step - loss: 3.9038 - accuracy: 0.4375
Epoch 25/25

1/1 [==============================] - ETA: 0s - loss: 3.8637 - accuracy: 0.4375
1/1 [==============================] - 0s 4ms/step - loss: 3.8637 - accuracy: 0.4375
# predict: steps=12
# predict: tnodeembed_metrics
# predict: node2vec_metrics
tnodeembed: {'auc': 0.7026732834064667, 'f1_micro': 0.0, 'f1_macro': 0.0} tNodeEmbed_final_loss=3.573833465576172 tNodeEmbed_final_accuracy=0.9375 
node2vec: {'auc': 0.6559012575687005, 'f1_micro': 0.0, 'f1_macro': 0.0} node2vec_final_loss=3.863689422607422 node2vec_final_accuracy=0.4375 
