# load graph
Processing Static file: filename='CollegeMsg_20040531.csv'
# initialize tNodeEmbed for dataset=COLLEGE_NC, test_size=0.2
# load dataset
# fit
# tNodeEmbed steps_per_epoch=1
Epoch 1/25

1/1 [==============================] - ETA: 0s - loss: 4.7373 - accuracy: 0.0625
1/1 [==============================] - 1s 1s/step - loss: 4.7373 - accuracy: 0.0625
Epoch 2/25

1/1 [==============================] - ETA: 0s - loss: 4.7080 - accuracy: 0.0625
1/1 [==============================] - 0s 3ms/step - loss: 4.7080 - accuracy: 0.0625
Epoch 3/25

1/1 [==============================] - ETA: 0s - loss: 4.6787 - accuracy: 0.2500
1/1 [==============================] - 0s 5ms/step - loss: 4.6787 - accuracy: 0.2500
Epoch 4/25

1/1 [==============================] - ETA: 0s - loss: 4.6491 - accuracy: 0.3125
1/1 [==============================] - 0s 4ms/step - loss: 4.6491 - accuracy: 0.3125
Epoch 5/25

1/1 [==============================] - ETA: 0s - loss: 4.6193 - accuracy: 0.5000
1/1 [==============================] - 0s 4ms/step - loss: 4.6193 - accuracy: 0.5000
Epoch 6/25

1/1 [==============================] - ETA: 0s - loss: 4.5891 - accuracy: 0.7500
1/1 [==============================] - 0s 5ms/step - loss: 4.5891 - accuracy: 0.7500
Epoch 7/25

1/1 [==============================] - ETA: 0s - loss: 4.5583 - accuracy: 0.7500
1/1 [==============================] - 0s 4ms/step - loss: 4.5583 - accuracy: 0.7500
Epoch 8/25

1/1 [==============================] - ETA: 0s - loss: 4.5268 - accuracy: 0.7500
1/1 [==============================] - 0s 4ms/step - loss: 4.5268 - accuracy: 0.7500
Epoch 9/25

1/1 [==============================] - ETA: 0s - loss: 4.4945 - accuracy: 0.7500
1/1 [==============================] - 0s 4ms/step - loss: 4.4945 - accuracy: 0.7500
Epoch 10/25

1/1 [==============================] - ETA: 0s - loss: 4.4613 - accuracy: 0.8125
1/1 [==============================] - 0s 3ms/step - loss: 4.4613 - accuracy: 0.8125
Epoch 11/25

1/1 [==============================] - ETA: 0s - loss: 4.4270 - accuracy: 0.8125
1/1 [==============================] - 0s 3ms/step - loss: 4.4270 - accuracy: 0.8125
Epoch 12/25

1/1 [==============================] - ETA: 0s - loss: 4.3916 - accuracy: 0.8125
1/1 [==============================] - 0s 4ms/step - loss: 4.3916 - accuracy: 0.8125
Epoch 13/25

1/1 [==============================] - ETA: 0s - loss: 4.3549 - accuracy: 0.8125
1/1 [==============================] - 0s 4ms/step - loss: 4.3549 - accuracy: 0.8125
Epoch 14/25

1/1 [==============================] - ETA: 0s - loss: 4.3168 - accuracy: 0.8125
1/1 [==============================] - 0s 3ms/step - loss: 4.3168 - accuracy: 0.8125
Epoch 15/25

1/1 [==============================] - ETA: 0s - loss: 4.2772 - accuracy: 0.8125
1/1 [==============================] - 0s 4ms/step - loss: 4.2772 - accuracy: 0.8125
Epoch 16/25

1/1 [==============================] - ETA: 0s - loss: 4.2361 - accuracy: 0.8125
1/1 [==============================] - 0s 4ms/step - loss: 4.2361 - accuracy: 0.8125
Epoch 17/25

1/1 [==============================] - ETA: 0s - loss: 4.1933 - accuracy: 0.8125
1/1 [==============================] - 0s 4ms/step - loss: 4.1933 - accuracy: 0.8125
Epoch 18/25

1/1 [==============================] - ETA: 0s - loss: 4.1489 - accuracy: 0.8125
1/1 [==============================] - 0s 4ms/step - loss: 4.1489 - accuracy: 0.8125
Epoch 19/25

1/1 [==============================] - ETA: 0s - loss: 4.1026 - accuracy: 0.8125
1/1 [==============================] - 0s 3ms/step - loss: 4.1026 - accuracy: 0.8125
Epoch 20/25

1/1 [==============================] - ETA: 0s - loss: 4.0544 - accuracy: 0.8125
1/1 [==============================] - 0s 3ms/step - loss: 4.0544 - accuracy: 0.8125
Epoch 21/25

1/1 [==============================] - ETA: 0s - loss: 4.0043 - accuracy: 0.8125
1/1 [==============================] - 0s 4ms/step - loss: 4.0043 - accuracy: 0.8125
Epoch 22/25

1/1 [==============================] - ETA: 0s - loss: 3.9522 - accuracy: 0.8125
1/1 [==============================] - 0s 4ms/step - loss: 3.9522 - accuracy: 0.8125
Epoch 23/25

1/1 [==============================] - ETA: 0s - loss: 3.8981 - accuracy: 0.8125
1/1 [==============================] - 0s 4ms/step - loss: 3.8981 - accuracy: 0.8125
Epoch 24/25

1/1 [==============================] - ETA: 0s - loss: 3.8419 - accuracy: 0.8125
1/1 [==============================] - 0s 4ms/step - loss: 3.8419 - accuracy: 0.8125
Epoch 25/25

1/1 [==============================] - ETA: 0s - loss: 3.7836 - accuracy: 0.8125
1/1 [==============================] - 0s 4ms/step - loss: 3.7836 - accuracy: 0.8125
# node2vec
Epoch 1/25

1/1 [==============================] - ETA: 0s - loss: 4.5751 - accuracy: 0.0625
1/1 [==============================] - 0s 255ms/step - loss: 4.5751 - accuracy: 0.0625
Epoch 2/25

1/1 [==============================] - ETA: 0s - loss: 4.5444 - accuracy: 0.0625
1/1 [==============================] - 0s 5ms/step - loss: 4.5444 - accuracy: 0.0625
Epoch 3/25

1/1 [==============================] - ETA: 0s - loss: 4.5138 - accuracy: 0.0625
1/1 [==============================] - 0s 4ms/step - loss: 4.5138 - accuracy: 0.0625
Epoch 4/25

1/1 [==============================] - ETA: 0s - loss: 4.4833 - accuracy: 0.1250
1/1 [==============================] - 0s 5ms/step - loss: 4.4833 - accuracy: 0.1250
Epoch 5/25

1/1 [==============================] - ETA: 0s - loss: 4.4528 - accuracy: 0.2500
1/1 [==============================] - 0s 4ms/step - loss: 4.4528 - accuracy: 0.2500
Epoch 6/25

1/1 [==============================] - ETA: 0s - loss: 4.4223 - accuracy: 0.2500
1/1 [==============================] - 0s 4ms/step - loss: 4.4223 - accuracy: 0.2500
Epoch 7/25

1/1 [==============================] - ETA: 0s - loss: 4.3919 - accuracy: 0.2500
1/1 [==============================] - 0s 5ms/step - loss: 4.3919 - accuracy: 0.2500
Epoch 8/25

1/1 [==============================] - ETA: 0s - loss: 4.3615 - accuracy: 0.2500
1/1 [==============================] - 0s 5ms/step - loss: 4.3615 - accuracy: 0.2500
Epoch 9/25

1/1 [==============================] - ETA: 0s - loss: 4.3312 - accuracy: 0.2500
1/1 [==============================] - 0s 4ms/step - loss: 4.3312 - accuracy: 0.2500
Epoch 10/25

1/1 [==============================] - ETA: 0s - loss: 4.3009 - accuracy: 0.3125
1/1 [==============================] - 0s 4ms/step - loss: 4.3009 - accuracy: 0.3125
Epoch 11/25

1/1 [==============================] - ETA: 0s - loss: 4.2707 - accuracy: 0.3125
1/1 [==============================] - 0s 5ms/step - loss: 4.2707 - accuracy: 0.3125
Epoch 12/25

1/1 [==============================] - ETA: 0s - loss: 4.2405 - accuracy: 0.4375
1/1 [==============================] - 0s 5ms/step - loss: 4.2405 - accuracy: 0.4375
Epoch 13/25

1/1 [==============================] - ETA: 0s - loss: 4.2104 - accuracy: 0.5000
1/1 [==============================] - 0s 4ms/step - loss: 4.2104 - accuracy: 0.5000
Epoch 14/25

1/1 [==============================] - ETA: 0s - loss: 4.1803 - accuracy: 0.5000
1/1 [==============================] - 0s 4ms/step - loss: 4.1803 - accuracy: 0.5000
Epoch 15/25

1/1 [==============================] - ETA: 0s - loss: 4.1503 - accuracy: 0.5000
1/1 [==============================] - 0s 3ms/step - loss: 4.1503 - accuracy: 0.5000
Epoch 16/25

1/1 [==============================] - ETA: 0s - loss: 4.1204 - accuracy: 0.5625
1/1 [==============================] - 0s 4ms/step - loss: 4.1204 - accuracy: 0.5625
Epoch 17/25

1/1 [==============================] - ETA: 0s - loss: 4.0905 - accuracy: 0.5625
1/1 [==============================] - 0s 3ms/step - loss: 4.0905 - accuracy: 0.5625
Epoch 18/25

1/1 [==============================] - ETA: 0s - loss: 4.0607 - accuracy: 0.6250
1/1 [==============================] - 0s 4ms/step - loss: 4.0607 - accuracy: 0.6250
Epoch 19/25

1/1 [==============================] - ETA: 0s - loss: 4.0310 - accuracy: 0.6250
1/1 [==============================] - 0s 3ms/step - loss: 4.0310 - accuracy: 0.6250
Epoch 20/25

1/1 [==============================] - ETA: 0s - loss: 4.0014 - accuracy: 0.6250
1/1 [==============================] - 0s 3ms/step - loss: 4.0014 - accuracy: 0.6250
Epoch 21/25

1/1 [==============================] - ETA: 0s - loss: 3.9718 - accuracy: 0.6250
1/1 [==============================] - 0s 3ms/step - loss: 3.9718 - accuracy: 0.6250
Epoch 22/25

1/1 [==============================] - ETA: 0s - loss: 3.9423 - accuracy: 0.6250
1/1 [==============================] - 0s 3ms/step - loss: 3.9423 - accuracy: 0.6250
Epoch 23/25

1/1 [==============================] - ETA: 0s - loss: 3.9128 - accuracy: 0.6250
1/1 [==============================] - 0s 4ms/step - loss: 3.9128 - accuracy: 0.6250
Epoch 24/25

1/1 [==============================] - ETA: 0s - loss: 3.8835 - accuracy: 0.6250
1/1 [==============================] - 0s 4ms/step - loss: 3.8835 - accuracy: 0.6250
Epoch 25/25

1/1 [==============================] - ETA: 0s - loss: 3.8542 - accuracy: 0.6250
1/1 [==============================] - 0s 3ms/step - loss: 3.8542 - accuracy: 0.6250
# predict: steps=12
# predict: tnodeembed_metrics
# predict: node2vec_metrics
tnodeembed: {'auc': 0.6713929779619052, 'f1_micro': 0.0, 'f1_macro': 0.0} tNodeEmbed_final_loss=3.783587694168091 tNodeEmbed_final_accuracy=0.8125 
node2vec: {'auc': 0.6419431949108917, 'f1_micro': 0.0, 'f1_macro': 0.0} node2vec_final_loss=3.854213237762451 node2vec_final_accuracy=0.625 
