# load graph
Processing Static file: filename='CollegeMsg_20040918.csv'
# initialize tNodeEmbed for dataset=COLLEGE_NC, test_size=0.2
# load dataset
# fit
# tNodeEmbed steps_per_epoch=1
Epoch 1/25

1/1 [==============================] - ETA: 0s - loss: 4.7484 - accuracy: 0.0000e+00
1/1 [==============================] - 2s 2s/step - loss: 4.7484 - accuracy: 0.0000e+00
Epoch 2/25

1/1 [==============================] - ETA: 0s - loss: 4.7150 - accuracy: 0.0000e+00
1/1 [==============================] - 0s 5ms/step - loss: 4.7150 - accuracy: 0.0000e+00
Epoch 3/25

1/1 [==============================] - ETA: 0s - loss: 4.6815 - accuracy: 0.0000e+00
1/1 [==============================] - 0s 6ms/step - loss: 4.6815 - accuracy: 0.0000e+00
Epoch 4/25

1/1 [==============================] - ETA: 0s - loss: 4.6478 - accuracy: 0.3125
1/1 [==============================] - 0s 6ms/step - loss: 4.6478 - accuracy: 0.3125
Epoch 5/25

1/1 [==============================] - ETA: 0s - loss: 4.6139 - accuracy: 0.5000
1/1 [==============================] - 0s 6ms/step - loss: 4.6139 - accuracy: 0.5000
Epoch 6/25

1/1 [==============================] - ETA: 0s - loss: 4.5796 - accuracy: 0.8750
1/1 [==============================] - 0s 5ms/step - loss: 4.5796 - accuracy: 0.8750
Epoch 7/25

1/1 [==============================] - ETA: 0s - loss: 4.5447 - accuracy: 0.9375
1/1 [==============================] - 0s 7ms/step - loss: 4.5447 - accuracy: 0.9375
Epoch 8/25

1/1 [==============================] - ETA: 0s - loss: 4.5092 - accuracy: 0.9375
1/1 [==============================] - 0s 6ms/step - loss: 4.5092 - accuracy: 0.9375
Epoch 9/25

1/1 [==============================] - ETA: 0s - loss: 4.4727 - accuracy: 0.9375
1/1 [==============================] - 0s 6ms/step - loss: 4.4727 - accuracy: 0.9375
Epoch 10/25

1/1 [==============================] - ETA: 0s - loss: 4.4353 - accuracy: 0.9375
1/1 [==============================] - 0s 7ms/step - loss: 4.4353 - accuracy: 0.9375
Epoch 11/25

1/1 [==============================] - ETA: 0s - loss: 4.3968 - accuracy: 0.9375
1/1 [==============================] - 0s 6ms/step - loss: 4.3968 - accuracy: 0.9375
Epoch 12/25

1/1 [==============================] - ETA: 0s - loss: 4.3571 - accuracy: 0.9375
1/1 [==============================] - 0s 6ms/step - loss: 4.3571 - accuracy: 0.9375
Epoch 13/25

1/1 [==============================] - ETA: 0s - loss: 4.3159 - accuracy: 0.9375
1/1 [==============================] - 0s 6ms/step - loss: 4.3159 - accuracy: 0.9375
Epoch 14/25

1/1 [==============================] - ETA: 0s - loss: 4.2733 - accuracy: 0.9375
1/1 [==============================] - 0s 6ms/step - loss: 4.2733 - accuracy: 0.9375
Epoch 15/25

1/1 [==============================] - ETA: 0s - loss: 4.2290 - accuracy: 0.9375
1/1 [==============================] - 0s 5ms/step - loss: 4.2290 - accuracy: 0.9375
Epoch 16/25

1/1 [==============================] - ETA: 0s - loss: 4.1831 - accuracy: 0.9375
1/1 [==============================] - 0s 6ms/step - loss: 4.1831 - accuracy: 0.9375
Epoch 17/25

1/1 [==============================] - ETA: 0s - loss: 4.1353 - accuracy: 0.9375
1/1 [==============================] - 0s 6ms/step - loss: 4.1353 - accuracy: 0.9375
Epoch 18/25

1/1 [==============================] - ETA: 0s - loss: 4.0856 - accuracy: 0.9375
1/1 [==============================] - 0s 6ms/step - loss: 4.0856 - accuracy: 0.9375
Epoch 19/25

1/1 [==============================] - ETA: 0s - loss: 4.0338 - accuracy: 0.9375
1/1 [==============================] - 0s 5ms/step - loss: 4.0338 - accuracy: 0.9375
Epoch 20/25

1/1 [==============================] - ETA: 0s - loss: 3.9800 - accuracy: 0.9375
1/1 [==============================] - 0s 6ms/step - loss: 3.9800 - accuracy: 0.9375
Epoch 21/25

1/1 [==============================] - ETA: 0s - loss: 3.9240 - accuracy: 0.9375
1/1 [==============================] - 0s 5ms/step - loss: 3.9240 - accuracy: 0.9375
Epoch 22/25

1/1 [==============================] - ETA: 0s - loss: 3.8658 - accuracy: 0.9375
1/1 [==============================] - 0s 7ms/step - loss: 3.8658 - accuracy: 0.9375
Epoch 23/25

1/1 [==============================] - ETA: 0s - loss: 3.8052 - accuracy: 0.9375
1/1 [==============================] - 0s 5ms/step - loss: 3.8052 - accuracy: 0.9375
Epoch 24/25

1/1 [==============================] - ETA: 0s - loss: 3.7423 - accuracy: 0.9375
1/1 [==============================] - 0s 7ms/step - loss: 3.7423 - accuracy: 0.9375
Epoch 25/25

1/1 [==============================] - ETA: 0s - loss: 3.6770 - accuracy: 0.9375
1/1 [==============================] - 0s 6ms/step - loss: 3.6770 - accuracy: 0.9375
# node2vec
Epoch 1/25

1/1 [==============================] - ETA: 0s - loss: 4.9754 - accuracy: 0.0000e+00
1/1 [==============================] - 0s 273ms/step - loss: 4.9754 - accuracy: 0.0000e+00
Epoch 2/25

1/1 [==============================] - ETA: 0s - loss: 4.9383 - accuracy: 0.0000e+00
1/1 [==============================] - 0s 3ms/step - loss: 4.9383 - accuracy: 0.0000e+00
Epoch 3/25

1/1 [==============================] - ETA: 0s - loss: 4.9012 - accuracy: 0.0000e+00
1/1 [==============================] - 0s 3ms/step - loss: 4.9012 - accuracy: 0.0000e+00
Epoch 4/25

1/1 [==============================] - ETA: 0s - loss: 4.8642 - accuracy: 0.0000e+00
1/1 [==============================] - 0s 4ms/step - loss: 4.8642 - accuracy: 0.0000e+00
Epoch 5/25

1/1 [==============================] - ETA: 0s - loss: 4.8271 - accuracy: 0.0000e+00
1/1 [==============================] - 0s 3ms/step - loss: 4.8271 - accuracy: 0.0000e+00
Epoch 6/25

1/1 [==============================] - ETA: 0s - loss: 4.7902 - accuracy: 0.0000e+00
1/1 [==============================] - 0s 4ms/step - loss: 4.7902 - accuracy: 0.0000e+00
Epoch 7/25

1/1 [==============================] - ETA: 0s - loss: 4.7533 - accuracy: 0.0000e+00
1/1 [==============================] - 0s 3ms/step - loss: 4.7533 - accuracy: 0.0000e+00
Epoch 8/25

1/1 [==============================] - ETA: 0s - loss: 4.7164 - accuracy: 0.0000e+00
1/1 [==============================] - 0s 4ms/step - loss: 4.7164 - accuracy: 0.0000e+00
Epoch 9/25

1/1 [==============================] - ETA: 0s - loss: 4.6796 - accuracy: 0.0000e+00
1/1 [==============================] - 0s 4ms/step - loss: 4.6796 - accuracy: 0.0000e+00
Epoch 10/25

1/1 [==============================] - ETA: 0s - loss: 4.6429 - accuracy: 0.0000e+00
1/1 [==============================] - 0s 4ms/step - loss: 4.6429 - accuracy: 0.0000e+00
Epoch 11/25

1/1 [==============================] - ETA: 0s - loss: 4.6062 - accuracy: 0.0625
1/1 [==============================] - 0s 4ms/step - loss: 4.6062 - accuracy: 0.0625
Epoch 12/25

1/1 [==============================] - ETA: 0s - loss: 4.5696 - accuracy: 0.0625
1/1 [==============================] - 0s 4ms/step - loss: 4.5696 - accuracy: 0.0625
Epoch 13/25

1/1 [==============================] - ETA: 0s - loss: 4.5330 - accuracy: 0.0625
1/1 [==============================] - 0s 3ms/step - loss: 4.5330 - accuracy: 0.0625
Epoch 14/25

1/1 [==============================] - ETA: 0s - loss: 4.4965 - accuracy: 0.1250
1/1 [==============================] - 0s 3ms/step - loss: 4.4965 - accuracy: 0.1250
Epoch 15/25

1/1 [==============================] - ETA: 0s - loss: 4.4601 - accuracy: 0.1250
1/1 [==============================] - 0s 4ms/step - loss: 4.4601 - accuracy: 0.1250
Epoch 16/25

1/1 [==============================] - ETA: 0s - loss: 4.4237 - accuracy: 0.1250
1/1 [==============================] - 0s 4ms/step - loss: 4.4237 - accuracy: 0.1250
Epoch 17/25

1/1 [==============================] - ETA: 0s - loss: 4.3874 - accuracy: 0.1250
1/1 [==============================] - 0s 3ms/step - loss: 4.3874 - accuracy: 0.1250
Epoch 18/25

1/1 [==============================] - ETA: 0s - loss: 4.3512 - accuracy: 0.1250
1/1 [==============================] - 0s 4ms/step - loss: 4.3512 - accuracy: 0.1250
Epoch 19/25

1/1 [==============================] - ETA: 0s - loss: 4.3150 - accuracy: 0.1250
1/1 [==============================] - 0s 4ms/step - loss: 4.3150 - accuracy: 0.1250
Epoch 20/25

1/1 [==============================] - ETA: 0s - loss: 4.2790 - accuracy: 0.1250
1/1 [==============================] - 0s 3ms/step - loss: 4.2790 - accuracy: 0.1250
Epoch 21/25

1/1 [==============================] - ETA: 0s - loss: 4.2430 - accuracy: 0.1250
1/1 [==============================] - 0s 3ms/step - loss: 4.2430 - accuracy: 0.1250
Epoch 22/25

1/1 [==============================] - ETA: 0s - loss: 4.2071 - accuracy: 0.1250
1/1 [==============================] - 0s 4ms/step - loss: 4.2071 - accuracy: 0.1250
Epoch 23/25

1/1 [==============================] - ETA: 0s - loss: 4.1712 - accuracy: 0.1250
1/1 [==============================] - 0s 3ms/step - loss: 4.1712 - accuracy: 0.1250
Epoch 24/25

1/1 [==============================] - ETA: 0s - loss: 4.1355 - accuracy: 0.1250
1/1 [==============================] - 0s 3ms/step - loss: 4.1355 - accuracy: 0.1250
Epoch 25/25

1/1 [==============================] - ETA: 0s - loss: 4.0999 - accuracy: 0.1250
1/1 [==============================] - 0s 3ms/step - loss: 4.0999 - accuracy: 0.1250
# predict: steps=12
# predict: tnodeembed_metrics
# predict: node2vec_metrics
tnodeembed: {'auc': 0.7748055426176059, 'f1_micro': 0.0, 'f1_macro': 0.0} tNodeEmbed_final_loss=3.6770119667053223 tNodeEmbed_final_accuracy=0.9375 
node2vec: {'auc': 0.6752765180300542, 'f1_micro': 0.0, 'f1_macro': 0.0} node2vec_final_loss=4.099851131439209 node2vec_final_accuracy=0.125 
