# load graph
Processing Static file: filename='CollegeMsg_20041002.csv'
# initialize tNodeEmbed for dataset=COLLEGE_NC, test_size=0.2
# load dataset
# fit
# tNodeEmbed steps_per_epoch=1
Epoch 1/25

1/1 [==============================] - ETA: 0s - loss: 4.7589 - accuracy: 0.0000e+00
1/1 [==============================] - 1s 1s/step - loss: 4.7589 - accuracy: 0.0000e+00
Epoch 2/25

1/1 [==============================] - ETA: 0s - loss: 4.7252 - accuracy: 0.0000e+00
1/1 [==============================] - 0s 4ms/step - loss: 4.7252 - accuracy: 0.0000e+00
Epoch 3/25

1/1 [==============================] - ETA: 0s - loss: 4.6916 - accuracy: 0.0625
1/1 [==============================] - 0s 5ms/step - loss: 4.6916 - accuracy: 0.0625
Epoch 4/25

1/1 [==============================] - ETA: 0s - loss: 4.6579 - accuracy: 0.2500
1/1 [==============================] - 0s 5ms/step - loss: 4.6579 - accuracy: 0.2500
Epoch 5/25

1/1 [==============================] - ETA: 0s - loss: 4.6240 - accuracy: 0.4375
1/1 [==============================] - 0s 4ms/step - loss: 4.6240 - accuracy: 0.4375
Epoch 6/25

1/1 [==============================] - ETA: 0s - loss: 4.5899 - accuracy: 0.5625
1/1 [==============================] - 0s 5ms/step - loss: 4.5899 - accuracy: 0.5625
Epoch 7/25

1/1 [==============================] - ETA: 0s - loss: 4.5552 - accuracy: 0.8125
1/1 [==============================] - 0s 4ms/step - loss: 4.5552 - accuracy: 0.8125
Epoch 8/25

1/1 [==============================] - ETA: 0s - loss: 4.5200 - accuracy: 0.9375
1/1 [==============================] - 0s 4ms/step - loss: 4.5200 - accuracy: 0.9375
Epoch 9/25

1/1 [==============================] - ETA: 0s - loss: 4.4841 - accuracy: 1.0000
1/1 [==============================] - 0s 5ms/step - loss: 4.4841 - accuracy: 1.0000
Epoch 10/25

1/1 [==============================] - ETA: 0s - loss: 4.4473 - accuracy: 1.0000
1/1 [==============================] - 0s 5ms/step - loss: 4.4473 - accuracy: 1.0000
Epoch 11/25

1/1 [==============================] - ETA: 0s - loss: 4.4095 - accuracy: 1.0000
1/1 [==============================] - 0s 5ms/step - loss: 4.4095 - accuracy: 1.0000
Epoch 12/25

1/1 [==============================] - ETA: 0s - loss: 4.3706 - accuracy: 1.0000
1/1 [==============================] - 0s 5ms/step - loss: 4.3706 - accuracy: 1.0000
Epoch 13/25

1/1 [==============================] - ETA: 0s - loss: 4.3304 - accuracy: 1.0000
1/1 [==============================] - 0s 5ms/step - loss: 4.3304 - accuracy: 1.0000
Epoch 14/25

1/1 [==============================] - ETA: 0s - loss: 4.2888 - accuracy: 1.0000
1/1 [==============================] - 0s 5ms/step - loss: 4.2888 - accuracy: 1.0000
Epoch 15/25

1/1 [==============================] - ETA: 0s - loss: 4.2458 - accuracy: 1.0000
1/1 [==============================] - 0s 5ms/step - loss: 4.2458 - accuracy: 1.0000
Epoch 16/25

1/1 [==============================] - ETA: 0s - loss: 4.2012 - accuracy: 1.0000
1/1 [==============================] - 0s 4ms/step - loss: 4.2012 - accuracy: 1.0000
Epoch 17/25

1/1 [==============================] - ETA: 0s - loss: 4.1550 - accuracy: 1.0000
1/1 [==============================] - 0s 5ms/step - loss: 4.1550 - accuracy: 1.0000
Epoch 18/25

1/1 [==============================] - ETA: 0s - loss: 4.1069 - accuracy: 1.0000
1/1 [==============================] - 0s 5ms/step - loss: 4.1069 - accuracy: 1.0000
Epoch 19/25

1/1 [==============================] - ETA: 0s - loss: 4.0570 - accuracy: 1.0000
1/1 [==============================] - 0s 4ms/step - loss: 4.0570 - accuracy: 1.0000
Epoch 20/25

1/1 [==============================] - ETA: 0s - loss: 4.0052 - accuracy: 1.0000
1/1 [==============================] - 0s 4ms/step - loss: 4.0052 - accuracy: 1.0000
Epoch 21/25

1/1 [==============================] - ETA: 0s - loss: 3.9513 - accuracy: 1.0000
1/1 [==============================] - 0s 5ms/step - loss: 3.9513 - accuracy: 1.0000
Epoch 22/25

1/1 [==============================] - ETA: 0s - loss: 3.8953 - accuracy: 1.0000
1/1 [==============================] - 0s 5ms/step - loss: 3.8953 - accuracy: 1.0000
Epoch 23/25

1/1 [==============================] - ETA: 0s - loss: 3.8372 - accuracy: 1.0000
1/1 [==============================] - 0s 5ms/step - loss: 3.8372 - accuracy: 1.0000
Epoch 24/25

1/1 [==============================] - ETA: 0s - loss: 3.7769 - accuracy: 1.0000
1/1 [==============================] - 0s 4ms/step - loss: 3.7769 - accuracy: 1.0000
Epoch 25/25

1/1 [==============================] - ETA: 0s - loss: 3.7143 - accuracy: 1.0000
1/1 [==============================] - 0s 5ms/step - loss: 3.7143 - accuracy: 1.0000
# node2vec
Epoch 1/25

1/1 [==============================] - ETA: 0s - loss: 4.7185 - accuracy: 0.0625
1/1 [==============================] - 0s 201ms/step - loss: 4.7185 - accuracy: 0.0625
Epoch 2/25

1/1 [==============================] - ETA: 0s - loss: 4.6762 - accuracy: 0.0625
1/1 [==============================] - 0s 2ms/step - loss: 4.6762 - accuracy: 0.0625
Epoch 3/25

1/1 [==============================] - ETA: 0s - loss: 4.6340 - accuracy: 0.0625
1/1 [==============================] - 0s 3ms/step - loss: 4.6340 - accuracy: 0.0625
Epoch 4/25

1/1 [==============================] - ETA: 0s - loss: 4.5918 - accuracy: 0.1250
1/1 [==============================] - 0s 3ms/step - loss: 4.5918 - accuracy: 0.1250
Epoch 5/25

1/1 [==============================] - ETA: 0s - loss: 4.5497 - accuracy: 0.1875
1/1 [==============================] - 0s 3ms/step - loss: 4.5497 - accuracy: 0.1875
Epoch 6/25

1/1 [==============================] - ETA: 0s - loss: 4.5076 - accuracy: 0.1875
1/1 [==============================] - 0s 2ms/step - loss: 4.5076 - accuracy: 0.1875
Epoch 7/25

1/1 [==============================] - ETA: 0s - loss: 4.4656 - accuracy: 0.1875
1/1 [==============================] - 0s 2ms/step - loss: 4.4656 - accuracy: 0.1875
Epoch 8/25

1/1 [==============================] - ETA: 0s - loss: 4.4237 - accuracy: 0.3125
1/1 [==============================] - 0s 3ms/step - loss: 4.4237 - accuracy: 0.3125
Epoch 9/25

1/1 [==============================] - ETA: 0s - loss: 4.3819 - accuracy: 0.3125
1/1 [==============================] - 0s 3ms/step - loss: 4.3819 - accuracy: 0.3125
Epoch 10/25

1/1 [==============================] - ETA: 0s - loss: 4.3401 - accuracy: 0.3750
1/1 [==============================] - 0s 3ms/step - loss: 4.3401 - accuracy: 0.3750
Epoch 11/25

1/1 [==============================] - ETA: 0s - loss: 4.2984 - accuracy: 0.3750
1/1 [==============================] - 0s 3ms/step - loss: 4.2984 - accuracy: 0.3750
Epoch 12/25

1/1 [==============================] - ETA: 0s - loss: 4.2568 - accuracy: 0.3750
1/1 [==============================] - 0s 2ms/step - loss: 4.2568 - accuracy: 0.3750
Epoch 13/25

1/1 [==============================] - ETA: 0s - loss: 4.2153 - accuracy: 0.3750
1/1 [==============================] - 0s 2ms/step - loss: 4.2153 - accuracy: 0.3750
Epoch 14/25

1/1 [==============================] - ETA: 0s - loss: 4.1739 - accuracy: 0.3750
1/1 [==============================] - 0s 2ms/step - loss: 4.1739 - accuracy: 0.3750
Epoch 15/25

1/1 [==============================] - ETA: 0s - loss: 4.1326 - accuracy: 0.3750
1/1 [==============================] - 0s 3ms/step - loss: 4.1326 - accuracy: 0.3750
Epoch 16/25

1/1 [==============================] - ETA: 0s - loss: 4.0914 - accuracy: 0.3750
1/1 [==============================] - 0s 3ms/step - loss: 4.0914 - accuracy: 0.3750
Epoch 17/25

1/1 [==============================] - ETA: 0s - loss: 4.0503 - accuracy: 0.3750
1/1 [==============================] - 0s 2ms/step - loss: 4.0503 - accuracy: 0.3750
Epoch 18/25

1/1 [==============================] - ETA: 0s - loss: 4.0093 - accuracy: 0.4375
1/1 [==============================] - 0s 3ms/step - loss: 4.0093 - accuracy: 0.4375
Epoch 19/25

1/1 [==============================] - ETA: 0s - loss: 3.9684 - accuracy: 0.4375
1/1 [==============================] - 0s 3ms/step - loss: 3.9684 - accuracy: 0.4375
Epoch 20/25

1/1 [==============================] - ETA: 0s - loss: 3.9277 - accuracy: 0.5000
1/1 [==============================] - 0s 3ms/step - loss: 3.9277 - accuracy: 0.5000
Epoch 21/25

1/1 [==============================] - ETA: 0s - loss: 3.8870 - accuracy: 0.5000
1/1 [==============================] - 0s 2ms/step - loss: 3.8870 - accuracy: 0.5000
Epoch 22/25

1/1 [==============================] - ETA: 0s - loss: 3.8464 - accuracy: 0.5000
1/1 [==============================] - 0s 3ms/step - loss: 3.8464 - accuracy: 0.5000
Epoch 23/25

1/1 [==============================] - ETA: 0s - loss: 3.8060 - accuracy: 0.5000
1/1 [==============================] - 0s 2ms/step - loss: 3.8060 - accuracy: 0.5000
Epoch 24/25

1/1 [==============================] - ETA: 0s - loss: 3.7657 - accuracy: 0.5000
1/1 [==============================] - 0s 3ms/step - loss: 3.7657 - accuracy: 0.5000
Epoch 25/25

1/1 [==============================] - ETA: 0s - loss: 3.7255 - accuracy: 0.5000
1/1 [==============================] - 0s 3ms/step - loss: 3.7255 - accuracy: 0.5000
# predict: steps=12
# predict: tnodeembed_metrics
# predict: node2vec_metrics
tnodeembed: {'auc': 0.6237145159708772, 'f1_micro': 0.0, 'f1_macro': 0.0} tNodeEmbed_final_loss=3.7143378257751465 tNodeEmbed_final_accuracy=1.0 
node2vec: {'auc': 0.6448965508788272, 'f1_micro': 0.0, 'f1_macro': 0.0} node2vec_final_loss=3.7255454063415527 node2vec_final_accuracy=0.5 
