# load graph
Processing Static file: filename='CollegeMsg_20040818.csv'
# initialize tNodeEmbed for dataset=COLLEGE_NC, test_size=0.2
# load dataset
# fit
# tNodeEmbed steps_per_epoch=1
Epoch 1/25

1/1 [==============================] - ETA: 0s - loss: 4.7432 - accuracy: 0.0625
1/1 [==============================] - 2s 2s/step - loss: 4.7432 - accuracy: 0.0625
Epoch 2/25

1/1 [==============================] - ETA: 0s - loss: 4.7105 - accuracy: 0.0625
1/1 [==============================] - 0s 6ms/step - loss: 4.7105 - accuracy: 0.0625
Epoch 3/25

1/1 [==============================] - ETA: 0s - loss: 4.6779 - accuracy: 0.1875
1/1 [==============================] - 0s 6ms/step - loss: 4.6779 - accuracy: 0.1875
Epoch 4/25

1/1 [==============================] - ETA: 0s - loss: 4.6451 - accuracy: 0.2500
1/1 [==============================] - 0s 5ms/step - loss: 4.6451 - accuracy: 0.2500
Epoch 5/25

1/1 [==============================] - ETA: 0s - loss: 4.6121 - accuracy: 0.4375
1/1 [==============================] - 0s 7ms/step - loss: 4.6121 - accuracy: 0.4375
Epoch 6/25

1/1 [==============================] - ETA: 0s - loss: 4.5787 - accuracy: 0.6875
1/1 [==============================] - 0s 8ms/step - loss: 4.5787 - accuracy: 0.6875
Epoch 7/25

1/1 [==============================] - ETA: 0s - loss: 4.5448 - accuracy: 0.8750
1/1 [==============================] - 0s 8ms/step - loss: 4.5448 - accuracy: 0.8750
Epoch 8/25

1/1 [==============================] - ETA: 0s - loss: 4.5103 - accuracy: 0.9375
1/1 [==============================] - 0s 7ms/step - loss: 4.5103 - accuracy: 0.9375
Epoch 9/25

1/1 [==============================] - ETA: 0s - loss: 4.4751 - accuracy: 0.9375
1/1 [==============================] - 0s 6ms/step - loss: 4.4751 - accuracy: 0.9375
Epoch 10/25

1/1 [==============================] - ETA: 0s - loss: 4.4389 - accuracy: 1.0000
1/1 [==============================] - 0s 6ms/step - loss: 4.4389 - accuracy: 1.0000
Epoch 11/25

1/1 [==============================] - ETA: 0s - loss: 4.4017 - accuracy: 1.0000
1/1 [==============================] - 0s 6ms/step - loss: 4.4017 - accuracy: 1.0000
Epoch 12/25

1/1 [==============================] - ETA: 0s - loss: 4.3634 - accuracy: 1.0000
1/1 [==============================] - 0s 5ms/step - loss: 4.3634 - accuracy: 1.0000
Epoch 13/25

1/1 [==============================] - ETA: 0s - loss: 4.3239 - accuracy: 1.0000
1/1 [==============================] - 0s 6ms/step - loss: 4.3239 - accuracy: 1.0000
Epoch 14/25

1/1 [==============================] - ETA: 0s - loss: 4.2829 - accuracy: 1.0000
1/1 [==============================] - 0s 7ms/step - loss: 4.2829 - accuracy: 1.0000
Epoch 15/25

1/1 [==============================] - ETA: 0s - loss: 4.2405 - accuracy: 1.0000
1/1 [==============================] - 0s 6ms/step - loss: 4.2405 - accuracy: 1.0000
Epoch 16/25

1/1 [==============================] - ETA: 0s - loss: 4.1966 - accuracy: 1.0000
1/1 [==============================] - 0s 6ms/step - loss: 4.1966 - accuracy: 1.0000
Epoch 17/25

1/1 [==============================] - ETA: 0s - loss: 4.1510 - accuracy: 1.0000
1/1 [==============================] - 0s 6ms/step - loss: 4.1510 - accuracy: 1.0000
Epoch 18/25

1/1 [==============================] - ETA: 0s - loss: 4.1037 - accuracy: 1.0000
1/1 [==============================] - 0s 7ms/step - loss: 4.1037 - accuracy: 1.0000
Epoch 19/25

1/1 [==============================] - ETA: 0s - loss: 4.0546 - accuracy: 1.0000
1/1 [==============================] - 0s 6ms/step - loss: 4.0546 - accuracy: 1.0000
Epoch 20/25

1/1 [==============================] - ETA: 0s - loss: 4.0037 - accuracy: 1.0000
1/1 [==============================] - 0s 6ms/step - loss: 4.0037 - accuracy: 1.0000
Epoch 21/25

1/1 [==============================] - ETA: 0s - loss: 3.9508 - accuracy: 1.0000
1/1 [==============================] - 0s 6ms/step - loss: 3.9508 - accuracy: 1.0000
Epoch 22/25

1/1 [==============================] - ETA: 0s - loss: 3.8959 - accuracy: 1.0000
1/1 [==============================] - 0s 6ms/step - loss: 3.8959 - accuracy: 1.0000
Epoch 23/25

1/1 [==============================] - ETA: 0s - loss: 3.8390 - accuracy: 1.0000
1/1 [==============================] - 0s 6ms/step - loss: 3.8390 - accuracy: 1.0000
Epoch 24/25

1/1 [==============================] - ETA: 0s - loss: 3.7800 - accuracy: 1.0000
1/1 [==============================] - 0s 6ms/step - loss: 3.7800 - accuracy: 1.0000
Epoch 25/25

1/1 [==============================] - ETA: 0s - loss: 3.7190 - accuracy: 1.0000
1/1 [==============================] - 0s 6ms/step - loss: 3.7190 - accuracy: 1.0000
# node2vec
Epoch 1/25

1/1 [==============================] - ETA: 0s - loss: 4.7539 - accuracy: 0.0625
1/1 [==============================] - 0s 272ms/step - loss: 4.7539 - accuracy: 0.0625
Epoch 2/25

1/1 [==============================] - ETA: 0s - loss: 4.7144 - accuracy: 0.0625
1/1 [==============================] - 0s 3ms/step - loss: 4.7144 - accuracy: 0.0625
Epoch 3/25

1/1 [==============================] - ETA: 0s - loss: 4.6750 - accuracy: 0.0625
1/1 [==============================] - 0s 4ms/step - loss: 4.6750 - accuracy: 0.0625
Epoch 4/25

1/1 [==============================] - ETA: 0s - loss: 4.6356 - accuracy: 0.1250
1/1 [==============================] - 0s 4ms/step - loss: 4.6356 - accuracy: 0.1250
Epoch 5/25

1/1 [==============================] - ETA: 0s - loss: 4.5964 - accuracy: 0.1250
1/1 [==============================] - 0s 5ms/step - loss: 4.5964 - accuracy: 0.1250
Epoch 6/25

1/1 [==============================] - ETA: 0s - loss: 4.5571 - accuracy: 0.1250
1/1 [==============================] - 0s 5ms/step - loss: 4.5571 - accuracy: 0.1250
Epoch 7/25

1/1 [==============================] - ETA: 0s - loss: 4.5180 - accuracy: 0.1250
1/1 [==============================] - 0s 5ms/step - loss: 4.5180 - accuracy: 0.1250
Epoch 8/25

1/1 [==============================] - ETA: 0s - loss: 4.4789 - accuracy: 0.1250
1/1 [==============================] - 0s 4ms/step - loss: 4.4789 - accuracy: 0.1250
Epoch 9/25

1/1 [==============================] - ETA: 0s - loss: 4.4399 - accuracy: 0.1250
1/1 [==============================] - 0s 3ms/step - loss: 4.4399 - accuracy: 0.1250
Epoch 10/25

1/1 [==============================] - ETA: 0s - loss: 4.4009 - accuracy: 0.1250
1/1 [==============================] - 0s 5ms/step - loss: 4.4009 - accuracy: 0.1250
Epoch 11/25

1/1 [==============================] - ETA: 0s - loss: 4.3621 - accuracy: 0.1875
1/1 [==============================] - 0s 4ms/step - loss: 4.3621 - accuracy: 0.1875
Epoch 12/25

1/1 [==============================] - ETA: 0s - loss: 4.3233 - accuracy: 0.3125
1/1 [==============================] - 0s 5ms/step - loss: 4.3233 - accuracy: 0.3125
Epoch 13/25

1/1 [==============================] - ETA: 0s - loss: 4.2846 - accuracy: 0.3125
1/1 [==============================] - 0s 5ms/step - loss: 4.2846 - accuracy: 0.3125
Epoch 14/25

1/1 [==============================] - ETA: 0s - loss: 4.2460 - accuracy: 0.3125
1/1 [==============================] - 0s 4ms/step - loss: 4.2460 - accuracy: 0.3125
Epoch 15/25

1/1 [==============================] - ETA: 0s - loss: 4.2075 - accuracy: 0.3125
1/1 [==============================] - 0s 5ms/step - loss: 4.2075 - accuracy: 0.3125
Epoch 16/25

1/1 [==============================] - ETA: 0s - loss: 4.1690 - accuracy: 0.3125
1/1 [==============================] - 0s 3ms/step - loss: 4.1690 - accuracy: 0.3125
Epoch 17/25

1/1 [==============================] - ETA: 0s - loss: 4.1307 - accuracy: 0.5000
1/1 [==============================] - 0s 5ms/step - loss: 4.1307 - accuracy: 0.5000
Epoch 18/25

1/1 [==============================] - ETA: 0s - loss: 4.0925 - accuracy: 0.5000
1/1 [==============================] - 0s 4ms/step - loss: 4.0925 - accuracy: 0.5000
Epoch 19/25

1/1 [==============================] - ETA: 0s - loss: 4.0544 - accuracy: 0.5000
1/1 [==============================] - 0s 5ms/step - loss: 4.0544 - accuracy: 0.5000
Epoch 20/25

1/1 [==============================] - ETA: 0s - loss: 4.0163 - accuracy: 0.5000
1/1 [==============================] - 0s 5ms/step - loss: 4.0163 - accuracy: 0.5000
Epoch 21/25

1/1 [==============================] - ETA: 0s - loss: 3.9784 - accuracy: 0.5625
1/1 [==============================] - 0s 3ms/step - loss: 3.9784 - accuracy: 0.5625
Epoch 22/25

1/1 [==============================] - ETA: 0s - loss: 3.9406 - accuracy: 0.5625
1/1 [==============================] - 0s 5ms/step - loss: 3.9406 - accuracy: 0.5625
Epoch 23/25

1/1 [==============================] - ETA: 0s - loss: 3.9029 - accuracy: 0.5625
1/1 [==============================] - 0s 4ms/step - loss: 3.9029 - accuracy: 0.5625
Epoch 24/25

1/1 [==============================] - ETA: 0s - loss: 3.8654 - accuracy: 0.5625
1/1 [==============================] - 0s 4ms/step - loss: 3.8654 - accuracy: 0.5625
Epoch 25/25

1/1 [==============================] - ETA: 0s - loss: 3.8279 - accuracy: 0.6250
1/1 [==============================] - 0s 4ms/step - loss: 3.8279 - accuracy: 0.6250
# predict: steps=12
# predict: tnodeembed_metrics
# predict: node2vec_metrics
tnodeembed: {'auc': 0.7604294854509351, 'f1_micro': 0.0, 'f1_macro': 0.0} tNodeEmbed_final_loss=3.718998432159424 tNodeEmbed_final_accuracy=1.0 
node2vec: {'auc': 0.6640309918368348, 'f1_micro': 0.0, 'f1_macro': 0.0} node2vec_final_loss=3.827924966812134 node2vec_final_accuracy=0.625 
