# load graph
Processing Static file: filename='CollegeMsg_20040720.csv'
# initialize tNodeEmbed for dataset=COLLEGE_NC, test_size=0.2
# load dataset
# fit
# tNodeEmbed steps_per_epoch=1
Epoch 1/25

1/1 [==============================] - ETA: 0s - loss: 4.7417 - accuracy: 0.1250
1/1 [==============================] - 1s 1s/step - loss: 4.7417 - accuracy: 0.1250
Epoch 2/25

1/1 [==============================] - ETA: 0s - loss: 4.7101 - accuracy: 0.1250
1/1 [==============================] - 0s 4ms/step - loss: 4.7101 - accuracy: 0.1250
Epoch 3/25

1/1 [==============================] - ETA: 0s - loss: 4.6783 - accuracy: 0.3125
1/1 [==============================] - 0s 5ms/step - loss: 4.6783 - accuracy: 0.3125
Epoch 4/25

1/1 [==============================] - ETA: 0s - loss: 4.6463 - accuracy: 0.5000
1/1 [==============================] - 0s 3ms/step - loss: 4.6463 - accuracy: 0.5000
Epoch 5/25

1/1 [==============================] - ETA: 0s - loss: 4.6141 - accuracy: 0.6875
1/1 [==============================] - 0s 4ms/step - loss: 4.6141 - accuracy: 0.6875
Epoch 6/25

1/1 [==============================] - ETA: 0s - loss: 4.5814 - accuracy: 0.6875
1/1 [==============================] - 0s 4ms/step - loss: 4.5814 - accuracy: 0.6875
Epoch 7/25

1/1 [==============================] - ETA: 0s - loss: 4.5481 - accuracy: 0.7500
1/1 [==============================] - 0s 4ms/step - loss: 4.5481 - accuracy: 0.7500
Epoch 8/25

1/1 [==============================] - ETA: 0s - loss: 4.5142 - accuracy: 0.8750
1/1 [==============================] - 0s 3ms/step - loss: 4.5142 - accuracy: 0.8750
Epoch 9/25

1/1 [==============================] - ETA: 0s - loss: 4.4794 - accuracy: 0.8750
1/1 [==============================] - 0s 3ms/step - loss: 4.4794 - accuracy: 0.8750
Epoch 10/25

1/1 [==============================] - ETA: 0s - loss: 4.4437 - accuracy: 0.9375
1/1 [==============================] - 0s 3ms/step - loss: 4.4437 - accuracy: 0.9375
Epoch 11/25

1/1 [==============================] - ETA: 0s - loss: 4.4070 - accuracy: 0.9375
1/1 [==============================] - 0s 4ms/step - loss: 4.4070 - accuracy: 0.9375
Epoch 12/25

1/1 [==============================] - ETA: 0s - loss: 4.3691 - accuracy: 1.0000
1/1 [==============================] - 0s 4ms/step - loss: 4.3691 - accuracy: 1.0000
Epoch 13/25

1/1 [==============================] - ETA: 0s - loss: 4.3300 - accuracy: 1.0000
1/1 [==============================] - 0s 4ms/step - loss: 4.3300 - accuracy: 1.0000
Epoch 14/25

1/1 [==============================] - ETA: 0s - loss: 4.2895 - accuracy: 1.0000
1/1 [==============================] - 0s 4ms/step - loss: 4.2895 - accuracy: 1.0000
Epoch 15/25

1/1 [==============================] - ETA: 0s - loss: 4.2475 - accuracy: 1.0000
1/1 [==============================] - 0s 5ms/step - loss: 4.2475 - accuracy: 1.0000
Epoch 16/25

1/1 [==============================] - ETA: 0s - loss: 4.2040 - accuracy: 1.0000
1/1 [==============================] - 0s 4ms/step - loss: 4.2040 - accuracy: 1.0000
Epoch 17/25

1/1 [==============================] - ETA: 0s - loss: 4.1588 - accuracy: 1.0000
1/1 [==============================] - 0s 5ms/step - loss: 4.1588 - accuracy: 1.0000
Epoch 18/25

1/1 [==============================] - ETA: 0s - loss: 4.1119 - accuracy: 1.0000
1/1 [==============================] - 0s 4ms/step - loss: 4.1119 - accuracy: 1.0000
Epoch 19/25

1/1 [==============================] - ETA: 0s - loss: 4.0632 - accuracy: 1.0000
1/1 [==============================] - 0s 4ms/step - loss: 4.0632 - accuracy: 1.0000
Epoch 20/25

1/1 [==============================] - ETA: 0s - loss: 4.0126 - accuracy: 1.0000
1/1 [==============================] - 0s 3ms/step - loss: 4.0126 - accuracy: 1.0000
Epoch 21/25

1/1 [==============================] - ETA: 0s - loss: 3.9601 - accuracy: 1.0000
1/1 [==============================] - 0s 4ms/step - loss: 3.9601 - accuracy: 1.0000
Epoch 22/25

1/1 [==============================] - ETA: 0s - loss: 3.9057 - accuracy: 1.0000
1/1 [==============================] - 0s 3ms/step - loss: 3.9057 - accuracy: 1.0000
Epoch 23/25

1/1 [==============================] - ETA: 0s - loss: 3.8492 - accuracy: 1.0000
1/1 [==============================] - 0s 4ms/step - loss: 3.8492 - accuracy: 1.0000
Epoch 24/25

1/1 [==============================] - ETA: 0s - loss: 3.7907 - accuracy: 1.0000
1/1 [==============================] - 0s 4ms/step - loss: 3.7907 - accuracy: 1.0000
Epoch 25/25

1/1 [==============================] - ETA: 0s - loss: 3.7301 - accuracy: 1.0000
1/1 [==============================] - 0s 4ms/step - loss: 3.7301 - accuracy: 1.0000
# node2vec
Epoch 1/25

1/1 [==============================] - ETA: 0s - loss: 4.7932 - accuracy: 0.1250
1/1 [==============================] - 0s 197ms/step - loss: 4.7932 - accuracy: 0.1250
Epoch 2/25

1/1 [==============================] - ETA: 0s - loss: 4.7561 - accuracy: 0.1250
1/1 [==============================] - 0s 3ms/step - loss: 4.7561 - accuracy: 0.1250
Epoch 3/25

1/1 [==============================] - ETA: 0s - loss: 4.7189 - accuracy: 0.1250
1/1 [==============================] - 0s 3ms/step - loss: 4.7189 - accuracy: 0.1250
Epoch 4/25

1/1 [==============================] - ETA: 0s - loss: 4.6819 - accuracy: 0.1875
1/1 [==============================] - 0s 3ms/step - loss: 4.6819 - accuracy: 0.1875
Epoch 5/25

1/1 [==============================] - ETA: 0s - loss: 4.6448 - accuracy: 0.1875
1/1 [==============================] - 0s 3ms/step - loss: 4.6448 - accuracy: 0.1875
Epoch 6/25

1/1 [==============================] - ETA: 0s - loss: 4.6079 - accuracy: 0.1875
1/1 [==============================] - 0s 2ms/step - loss: 4.6079 - accuracy: 0.1875
Epoch 7/25

1/1 [==============================] - ETA: 0s - loss: 4.5710 - accuracy: 0.1875
1/1 [==============================] - 0s 2ms/step - loss: 4.5710 - accuracy: 0.1875
Epoch 8/25

1/1 [==============================] - ETA: 0s - loss: 4.5341 - accuracy: 0.2500
1/1 [==============================] - 0s 2ms/step - loss: 4.5341 - accuracy: 0.2500
Epoch 9/25

1/1 [==============================] - ETA: 0s - loss: 4.4973 - accuracy: 0.2500
1/1 [==============================] - 0s 2ms/step - loss: 4.4973 - accuracy: 0.2500
Epoch 10/25

1/1 [==============================] - ETA: 0s - loss: 4.4606 - accuracy: 0.2500
1/1 [==============================] - 0s 3ms/step - loss: 4.4606 - accuracy: 0.2500
Epoch 11/25

1/1 [==============================] - ETA: 0s - loss: 4.4240 - accuracy: 0.2500
1/1 [==============================] - 0s 2ms/step - loss: 4.4240 - accuracy: 0.2500
Epoch 12/25

1/1 [==============================] - ETA: 0s - loss: 4.3874 - accuracy: 0.2500
1/1 [==============================] - 0s 2ms/step - loss: 4.3874 - accuracy: 0.2500
Epoch 13/25

1/1 [==============================] - ETA: 0s - loss: 4.3509 - accuracy: 0.3125
1/1 [==============================] - 0s 3ms/step - loss: 4.3509 - accuracy: 0.3125
Epoch 14/25

1/1 [==============================] - ETA: 0s - loss: 4.3145 - accuracy: 0.3750
1/1 [==============================] - 0s 3ms/step - loss: 4.3145 - accuracy: 0.3750
Epoch 15/25

1/1 [==============================] - ETA: 0s - loss: 4.2781 - accuracy: 0.3750
1/1 [==============================] - 0s 3ms/step - loss: 4.2781 - accuracy: 0.3750
Epoch 16/25

1/1 [==============================] - ETA: 0s - loss: 4.2418 - accuracy: 0.3750
1/1 [==============================] - 0s 3ms/step - loss: 4.2418 - accuracy: 0.3750
Epoch 17/25

1/1 [==============================] - ETA: 0s - loss: 4.2057 - accuracy: 0.3750
1/1 [==============================] - 0s 3ms/step - loss: 4.2057 - accuracy: 0.3750
Epoch 18/25

1/1 [==============================] - ETA: 0s - loss: 4.1696 - accuracy: 0.3750
1/1 [==============================] - 0s 4ms/step - loss: 4.1696 - accuracy: 0.3750
Epoch 19/25

1/1 [==============================] - ETA: 0s - loss: 4.1335 - accuracy: 0.3750
1/1 [==============================] - 0s 3ms/step - loss: 4.1335 - accuracy: 0.3750
Epoch 20/25

1/1 [==============================] - ETA: 0s - loss: 4.0976 - accuracy: 0.3750
1/1 [==============================] - 0s 3ms/step - loss: 4.0976 - accuracy: 0.3750
Epoch 21/25

1/1 [==============================] - ETA: 0s - loss: 4.0618 - accuracy: 0.3750
1/1 [==============================] - 0s 3ms/step - loss: 4.0618 - accuracy: 0.3750
Epoch 22/25

1/1 [==============================] - ETA: 0s - loss: 4.0261 - accuracy: 0.3750
1/1 [==============================] - 0s 3ms/step - loss: 4.0261 - accuracy: 0.3750
Epoch 23/25

1/1 [==============================] - ETA: 0s - loss: 3.9905 - accuracy: 0.5000
1/1 [==============================] - 0s 4ms/step - loss: 3.9905 - accuracy: 0.5000
Epoch 24/25

1/1 [==============================] - ETA: 0s - loss: 3.9549 - accuracy: 0.5625
1/1 [==============================] - 0s 4ms/step - loss: 3.9549 - accuracy: 0.5625
Epoch 25/25

1/1 [==============================] - ETA: 0s - loss: 3.9195 - accuracy: 0.5625
1/1 [==============================] - 0s 3ms/step - loss: 3.9195 - accuracy: 0.5625
# predict: steps=12
# predict: tnodeembed_metrics
# predict: node2vec_metrics
tnodeembed: {'auc': 0.7310956843085824, 'f1_micro': 0.0, 'f1_macro': 0.0} tNodeEmbed_final_loss=3.730053424835205 tNodeEmbed_final_accuracy=1.0 
node2vec: {'auc': 0.6454357978084475, 'f1_micro': 0.0, 'f1_macro': 0.0} node2vec_final_loss=3.919513702392578 node2vec_final_accuracy=0.5625 
