# load graph
Processing Static file: filename='CollegeMsg_20040525.csv'
# initialize tNodeEmbed for dataset=COLLEGE_NC, test_size=0.2
# load dataset
# fit
# tNodeEmbed steps_per_epoch=1
Epoch 1/25

1/1 [==============================] - ETA: 0s - loss: 4.7235 - accuracy: 0.0000e+00
1/1 [==============================] - 1s 1s/step - loss: 4.7235 - accuracy: 0.0000e+00
Epoch 2/25

1/1 [==============================] - ETA: 0s - loss: 4.6913 - accuracy: 0.0000e+00
1/1 [==============================] - 0s 4ms/step - loss: 4.6913 - accuracy: 0.0000e+00
Epoch 3/25

1/1 [==============================] - ETA: 0s - loss: 4.6590 - accuracy: 0.1250
1/1 [==============================] - 0s 4ms/step - loss: 4.6590 - accuracy: 0.1250
Epoch 4/25

1/1 [==============================] - ETA: 0s - loss: 4.6265 - accuracy: 0.1875
1/1 [==============================] - 0s 3ms/step - loss: 4.6265 - accuracy: 0.1875
Epoch 5/25

1/1 [==============================] - ETA: 0s - loss: 4.5936 - accuracy: 0.4375
1/1 [==============================] - 0s 3ms/step - loss: 4.5936 - accuracy: 0.4375
Epoch 6/25

1/1 [==============================] - ETA: 0s - loss: 4.5601 - accuracy: 0.6875
1/1 [==============================] - 0s 4ms/step - loss: 4.5601 - accuracy: 0.6875
Epoch 7/25

1/1 [==============================] - ETA: 0s - loss: 4.5258 - accuracy: 0.8125
1/1 [==============================] - 0s 3ms/step - loss: 4.5258 - accuracy: 0.8125
Epoch 8/25

1/1 [==============================] - ETA: 0s - loss: 4.4906 - accuracy: 0.8750
1/1 [==============================] - 0s 4ms/step - loss: 4.4906 - accuracy: 0.8750
Epoch 9/25

1/1 [==============================] - ETA: 0s - loss: 4.4544 - accuracy: 0.8750
1/1 [==============================] - 0s 4ms/step - loss: 4.4544 - accuracy: 0.8750
Epoch 10/25

1/1 [==============================] - ETA: 0s - loss: 4.4169 - accuracy: 0.8750
1/1 [==============================] - 0s 4ms/step - loss: 4.4169 - accuracy: 0.8750
Epoch 11/25

1/1 [==============================] - ETA: 0s - loss: 4.3781 - accuracy: 0.8750
1/1 [==============================] - 0s 3ms/step - loss: 4.3781 - accuracy: 0.8750
Epoch 12/25

1/1 [==============================] - ETA: 0s - loss: 4.3379 - accuracy: 0.8750
1/1 [==============================] - 0s 3ms/step - loss: 4.3379 - accuracy: 0.8750
Epoch 13/25

1/1 [==============================] - ETA: 0s - loss: 4.2960 - accuracy: 0.8750
1/1 [==============================] - 0s 3ms/step - loss: 4.2960 - accuracy: 0.8750
Epoch 14/25

1/1 [==============================] - ETA: 0s - loss: 4.2525 - accuracy: 0.8750
1/1 [==============================] - 0s 3ms/step - loss: 4.2525 - accuracy: 0.8750
Epoch 15/25

1/1 [==============================] - ETA: 0s - loss: 4.2072 - accuracy: 0.8750
1/1 [==============================] - 0s 3ms/step - loss: 4.2072 - accuracy: 0.8750
Epoch 16/25

1/1 [==============================] - ETA: 0s - loss: 4.1600 - accuracy: 0.8750
1/1 [==============================] - 0s 4ms/step - loss: 4.1600 - accuracy: 0.8750
Epoch 17/25

1/1 [==============================] - ETA: 0s - loss: 4.1110 - accuracy: 0.8750
1/1 [==============================] - 0s 3ms/step - loss: 4.1110 - accuracy: 0.8750
Epoch 18/25

1/1 [==============================] - ETA: 0s - loss: 4.0599 - accuracy: 0.8750
1/1 [==============================] - 0s 3ms/step - loss: 4.0599 - accuracy: 0.8750
Epoch 19/25

1/1 [==============================] - ETA: 0s - loss: 4.0069 - accuracy: 0.8750
1/1 [==============================] - 0s 3ms/step - loss: 4.0069 - accuracy: 0.8750
Epoch 20/25

1/1 [==============================] - ETA: 0s - loss: 3.9518 - accuracy: 0.8750
1/1 [==============================] - 0s 4ms/step - loss: 3.9518 - accuracy: 0.8750
Epoch 21/25

1/1 [==============================] - ETA: 0s - loss: 3.8947 - accuracy: 0.8750
1/1 [==============================] - 0s 4ms/step - loss: 3.8947 - accuracy: 0.8750
Epoch 22/25

1/1 [==============================] - ETA: 0s - loss: 3.8356 - accuracy: 0.8750
1/1 [==============================] - 0s 4ms/step - loss: 3.8356 - accuracy: 0.8750
Epoch 23/25

1/1 [==============================] - ETA: 0s - loss: 3.7746 - accuracy: 0.8750
1/1 [==============================] - 0s 3ms/step - loss: 3.7746 - accuracy: 0.8750
Epoch 24/25

1/1 [==============================] - ETA: 0s - loss: 3.7116 - accuracy: 0.8750
1/1 [==============================] - 0s 3ms/step - loss: 3.7116 - accuracy: 0.8750
Epoch 25/25

1/1 [==============================] - ETA: 0s - loss: 3.6467 - accuracy: 0.8750
1/1 [==============================] - 0s 6ms/step - loss: 3.6467 - accuracy: 0.8750
# node2vec
Epoch 1/25

1/1 [==============================] - ETA: 0s - loss: 4.7921 - accuracy: 0.0625
1/1 [==============================] - 0s 185ms/step - loss: 4.7921 - accuracy: 0.0625
Epoch 2/25

1/1 [==============================] - ETA: 0s - loss: 4.7532 - accuracy: 0.0625
1/1 [==============================] - 0s 3ms/step - loss: 4.7532 - accuracy: 0.0625
Epoch 3/25

1/1 [==============================] - ETA: 0s - loss: 4.7144 - accuracy: 0.0625
1/1 [==============================] - 0s 2ms/step - loss: 4.7144 - accuracy: 0.0625
Epoch 4/25

1/1 [==============================] - ETA: 0s - loss: 4.6757 - accuracy: 0.1250
1/1 [==============================] - 0s 3ms/step - loss: 4.6757 - accuracy: 0.1250
Epoch 5/25

1/1 [==============================] - ETA: 0s - loss: 4.6370 - accuracy: 0.1250
1/1 [==============================] - 0s 2ms/step - loss: 4.6370 - accuracy: 0.1250
Epoch 6/25

1/1 [==============================] - ETA: 0s - loss: 4.5984 - accuracy: 0.1250
1/1 [==============================] - 0s 3ms/step - loss: 4.5984 - accuracy: 0.1250
Epoch 7/25

1/1 [==============================] - ETA: 0s - loss: 4.5599 - accuracy: 0.1250
1/1 [==============================] - 0s 2ms/step - loss: 4.5599 - accuracy: 0.1250
Epoch 8/25

1/1 [==============================] - ETA: 0s - loss: 4.5215 - accuracy: 0.1250
1/1 [==============================] - 0s 2ms/step - loss: 4.5215 - accuracy: 0.1250
Epoch 9/25

1/1 [==============================] - ETA: 0s - loss: 4.4832 - accuracy: 0.1250
1/1 [==============================] - 0s 3ms/step - loss: 4.4832 - accuracy: 0.1250
Epoch 10/25

1/1 [==============================] - ETA: 0s - loss: 4.4450 - accuracy: 0.1250
1/1 [==============================] - 0s 3ms/step - loss: 4.4450 - accuracy: 0.1250
Epoch 11/25

1/1 [==============================] - ETA: 0s - loss: 4.4069 - accuracy: 0.1875
1/1 [==============================] - 0s 2ms/step - loss: 4.4069 - accuracy: 0.1875
Epoch 12/25

1/1 [==============================] - ETA: 0s - loss: 4.3689 - accuracy: 0.1875
1/1 [==============================] - 0s 3ms/step - loss: 4.3689 - accuracy: 0.1875
Epoch 13/25

1/1 [==============================] - ETA: 0s - loss: 4.3310 - accuracy: 0.1875
1/1 [==============================] - 0s 2ms/step - loss: 4.3310 - accuracy: 0.1875
Epoch 14/25

1/1 [==============================] - ETA: 0s - loss: 4.2932 - accuracy: 0.1875
1/1 [==============================] - 0s 3ms/step - loss: 4.2932 - accuracy: 0.1875
Epoch 15/25

1/1 [==============================] - ETA: 0s - loss: 4.2556 - accuracy: 0.2500
1/1 [==============================] - 0s 2ms/step - loss: 4.2556 - accuracy: 0.2500
Epoch 16/25

1/1 [==============================] - ETA: 0s - loss: 4.2181 - accuracy: 0.3125
1/1 [==============================] - 0s 3ms/step - loss: 4.2181 - accuracy: 0.3125
Epoch 17/25

1/1 [==============================] - ETA: 0s - loss: 4.1807 - accuracy: 0.3125
1/1 [==============================] - 0s 3ms/step - loss: 4.1807 - accuracy: 0.3125
Epoch 18/25

1/1 [==============================] - ETA: 0s - loss: 4.1435 - accuracy: 0.3125
1/1 [==============================] - 0s 2ms/step - loss: 4.1435 - accuracy: 0.3125
Epoch 19/25

1/1 [==============================] - ETA: 0s - loss: 4.1064 - accuracy: 0.3125
1/1 [==============================] - 0s 3ms/step - loss: 4.1064 - accuracy: 0.3125
Epoch 20/25

1/1 [==============================] - ETA: 0s - loss: 4.0695 - accuracy: 0.3750
1/1 [==============================] - 0s 2ms/step - loss: 4.0695 - accuracy: 0.3750
Epoch 21/25

1/1 [==============================] - ETA: 0s - loss: 4.0327 - accuracy: 0.4375
1/1 [==============================] - 0s 2ms/step - loss: 4.0327 - accuracy: 0.4375
Epoch 22/25

1/1 [==============================] - ETA: 0s - loss: 3.9960 - accuracy: 0.4375
1/1 [==============================] - 0s 2ms/step - loss: 3.9960 - accuracy: 0.4375
Epoch 23/25

1/1 [==============================] - ETA: 0s - loss: 3.9596 - accuracy: 0.5000
1/1 [==============================] - 0s 3ms/step - loss: 3.9596 - accuracy: 0.5000
Epoch 24/25

1/1 [==============================] - ETA: 0s - loss: 3.9233 - accuracy: 0.5000
1/1 [==============================] - 0s 3ms/step - loss: 3.9233 - accuracy: 0.5000
Epoch 25/25

1/1 [==============================] - ETA: 0s - loss: 3.8872 - accuracy: 0.5625
1/1 [==============================] - 0s 3ms/step - loss: 3.8872 - accuracy: 0.5625
# predict: steps=12
# predict: tnodeembed_metrics
# predict: node2vec_metrics
tnodeembed: {'auc': 0.72629633147844, 'f1_micro': 0.0, 'f1_macro': 0.0} tNodeEmbed_final_loss=3.6467041969299316 tNodeEmbed_final_accuracy=0.875 
node2vec: {'auc': 0.6781210011521585, 'f1_micro': 0.0, 'f1_macro': 0.0} node2vec_final_loss=3.8871967792510986 node2vec_final_accuracy=0.5625 
