# load graph
Processing Static file: filename='CollegeMsg_20040501.csv'
# initialize tNodeEmbed for dataset=COLLEGE_NC, test_size=0.2
# load dataset
# fit
# tNodeEmbed steps_per_epoch=1
Epoch 1/25

1/1 [==============================] - ETA: 0s - loss: 4.7395 - accuracy: 0.2500
1/1 [==============================] - 1s 1s/step - loss: 4.7395 - accuracy: 0.2500
Epoch 2/25

1/1 [==============================] - ETA: 0s - loss: 4.7217 - accuracy: 0.2500
1/1 [==============================] - 0s 4ms/step - loss: 4.7217 - accuracy: 0.2500
Epoch 3/25

1/1 [==============================] - ETA: 0s - loss: 4.7038 - accuracy: 0.3125
1/1 [==============================] - 0s 4ms/step - loss: 4.7038 - accuracy: 0.3125
Epoch 4/25

1/1 [==============================] - ETA: 0s - loss: 4.6857 - accuracy: 0.4375
1/1 [==============================] - 0s 4ms/step - loss: 4.6857 - accuracy: 0.4375
Epoch 5/25

1/1 [==============================] - ETA: 0s - loss: 4.6674 - accuracy: 0.5625
1/1 [==============================] - 0s 5ms/step - loss: 4.6674 - accuracy: 0.5625
Epoch 6/25

1/1 [==============================] - ETA: 0s - loss: 4.6489 - accuracy: 0.6250
1/1 [==============================] - 0s 5ms/step - loss: 4.6489 - accuracy: 0.6250
Epoch 7/25

1/1 [==============================] - ETA: 0s - loss: 4.6299 - accuracy: 0.6250
1/1 [==============================] - 0s 5ms/step - loss: 4.6299 - accuracy: 0.6250
Epoch 8/25

1/1 [==============================] - ETA: 0s - loss: 4.6105 - accuracy: 0.6250
1/1 [==============================] - 0s 5ms/step - loss: 4.6105 - accuracy: 0.6250
Epoch 9/25

1/1 [==============================] - ETA: 0s - loss: 4.5905 - accuracy: 0.6250
1/1 [==============================] - 0s 5ms/step - loss: 4.5905 - accuracy: 0.6250
Epoch 10/25

1/1 [==============================] - ETA: 0s - loss: 4.5699 - accuracy: 0.6250
1/1 [==============================] - 0s 5ms/step - loss: 4.5699 - accuracy: 0.6250
Epoch 11/25

1/1 [==============================] - ETA: 0s - loss: 4.5487 - accuracy: 0.6250
1/1 [==============================] - 0s 4ms/step - loss: 4.5487 - accuracy: 0.6250
Epoch 12/25

1/1 [==============================] - ETA: 0s - loss: 4.5267 - accuracy: 0.6250
1/1 [==============================] - 0s 4ms/step - loss: 4.5267 - accuracy: 0.6250
Epoch 13/25

1/1 [==============================] - ETA: 0s - loss: 4.5039 - accuracy: 0.6250
1/1 [==============================] - 0s 5ms/step - loss: 4.5039 - accuracy: 0.6250
Epoch 14/25

1/1 [==============================] - ETA: 0s - loss: 4.4802 - accuracy: 0.6250
1/1 [==============================] - 0s 4ms/step - loss: 4.4802 - accuracy: 0.6250
Epoch 15/25

1/1 [==============================] - ETA: 0s - loss: 4.4557 - accuracy: 0.6250
1/1 [==============================] - 0s 5ms/step - loss: 4.4557 - accuracy: 0.6250
Epoch 16/25

1/1 [==============================] - ETA: 0s - loss: 4.4302 - accuracy: 0.6250
1/1 [==============================] - 0s 4ms/step - loss: 4.4302 - accuracy: 0.6250
Epoch 17/25

1/1 [==============================] - ETA: 0s - loss: 4.4037 - accuracy: 0.6250
1/1 [==============================] - 0s 4ms/step - loss: 4.4037 - accuracy: 0.6250
Epoch 18/25

1/1 [==============================] - ETA: 0s - loss: 4.3762 - accuracy: 0.6250
1/1 [==============================] - 0s 5ms/step - loss: 4.3762 - accuracy: 0.6250
Epoch 19/25

1/1 [==============================] - ETA: 0s - loss: 4.3477 - accuracy: 0.6250
1/1 [==============================] - 0s 5ms/step - loss: 4.3477 - accuracy: 0.6250
Epoch 20/25

1/1 [==============================] - ETA: 0s - loss: 4.3180 - accuracy: 0.6250
1/1 [==============================] - 0s 4ms/step - loss: 4.3180 - accuracy: 0.6250
Epoch 21/25

1/1 [==============================] - ETA: 0s - loss: 4.2873 - accuracy: 0.6250
1/1 [==============================] - 0s 4ms/step - loss: 4.2873 - accuracy: 0.6250
Epoch 22/25

1/1 [==============================] - ETA: 0s - loss: 4.2554 - accuracy: 0.6250
1/1 [==============================] - 0s 6ms/step - loss: 4.2554 - accuracy: 0.6250
Epoch 23/25

1/1 [==============================] - ETA: 0s - loss: 4.2224 - accuracy: 0.6250
1/1 [==============================] - 0s 5ms/step - loss: 4.2224 - accuracy: 0.6250
Epoch 24/25

1/1 [==============================] - ETA: 0s - loss: 4.1883 - accuracy: 0.6250
1/1 [==============================] - 0s 5ms/step - loss: 4.1883 - accuracy: 0.6250
Epoch 25/25

1/1 [==============================] - ETA: 0s - loss: 4.1531 - accuracy: 0.6250
1/1 [==============================] - 0s 5ms/step - loss: 4.1531 - accuracy: 0.6250
# node2vec
Epoch 1/25

1/1 [==============================] - ETA: 0s - loss: 4.6972 - accuracy: 0.2500
1/1 [==============================] - 0s 197ms/step - loss: 4.6972 - accuracy: 0.2500
Epoch 2/25

1/1 [==============================] - ETA: 0s - loss: 4.6798 - accuracy: 0.2500
1/1 [==============================] - 0s 2ms/step - loss: 4.6798 - accuracy: 0.2500
Epoch 3/25

1/1 [==============================] - ETA: 0s - loss: 4.6623 - accuracy: 0.2500
1/1 [==============================] - 0s 3ms/step - loss: 4.6623 - accuracy: 0.2500
Epoch 4/25

1/1 [==============================] - ETA: 0s - loss: 4.6449 - accuracy: 0.2500
1/1 [==============================] - 0s 3ms/step - loss: 4.6449 - accuracy: 0.2500
Epoch 5/25

1/1 [==============================] - ETA: 0s - loss: 4.6275 - accuracy: 0.2500
1/1 [==============================] - 0s 4ms/step - loss: 4.6275 - accuracy: 0.2500
Epoch 6/25

1/1 [==============================] - ETA: 0s - loss: 4.6102 - accuracy: 0.3125
1/1 [==============================] - 0s 5ms/step - loss: 4.6102 - accuracy: 0.3125
Epoch 7/25

1/1 [==============================] - ETA: 0s - loss: 4.5928 - accuracy: 0.3125
1/1 [==============================] - 0s 5ms/step - loss: 4.5928 - accuracy: 0.3125
Epoch 8/25

1/1 [==============================] - ETA: 0s - loss: 4.5755 - accuracy: 0.3125
1/1 [==============================] - 0s 6ms/step - loss: 4.5755 - accuracy: 0.3125
Epoch 9/25

1/1 [==============================] - ETA: 0s - loss: 4.5582 - accuracy: 0.3125
1/1 [==============================] - 0s 5ms/step - loss: 4.5582 - accuracy: 0.3125
Epoch 10/25

1/1 [==============================] - ETA: 0s - loss: 4.5409 - accuracy: 0.3125
1/1 [==============================] - 0s 3ms/step - loss: 4.5409 - accuracy: 0.3125
Epoch 11/25

1/1 [==============================] - ETA: 0s - loss: 4.5237 - accuracy: 0.3125
1/1 [==============================] - 0s 3ms/step - loss: 4.5237 - accuracy: 0.3125
Epoch 12/25

1/1 [==============================] - ETA: 0s - loss: 4.5065 - accuracy: 0.3125
1/1 [==============================] - 0s 4ms/step - loss: 4.5065 - accuracy: 0.3125
Epoch 13/25

1/1 [==============================] - ETA: 0s - loss: 4.4893 - accuracy: 0.4375
1/1 [==============================] - 0s 4ms/step - loss: 4.4893 - accuracy: 0.4375
Epoch 14/25

1/1 [==============================] - ETA: 0s - loss: 4.4721 - accuracy: 0.5000
1/1 [==============================] - 0s 3ms/step - loss: 4.4721 - accuracy: 0.5000
Epoch 15/25

1/1 [==============================] - ETA: 0s - loss: 4.4550 - accuracy: 0.5000
1/1 [==============================] - 0s 4ms/step - loss: 4.4550 - accuracy: 0.5000
Epoch 16/25

1/1 [==============================] - ETA: 0s - loss: 4.4379 - accuracy: 0.5000
1/1 [==============================] - 0s 3ms/step - loss: 4.4379 - accuracy: 0.5000
Epoch 17/25

1/1 [==============================] - ETA: 0s - loss: 4.4208 - accuracy: 0.5625
1/1 [==============================] - 0s 4ms/step - loss: 4.4208 - accuracy: 0.5625
Epoch 18/25

1/1 [==============================] - ETA: 0s - loss: 4.4038 - accuracy: 0.5625
1/1 [==============================] - 0s 2ms/step - loss: 4.4038 - accuracy: 0.5625
Epoch 19/25

1/1 [==============================] - ETA: 0s - loss: 4.3869 - accuracy: 0.5625
1/1 [==============================] - 0s 4ms/step - loss: 4.3869 - accuracy: 0.5625
Epoch 20/25

1/1 [==============================] - ETA: 0s - loss: 4.3699 - accuracy: 0.5625
1/1 [==============================] - 0s 3ms/step - loss: 4.3699 - accuracy: 0.5625
Epoch 21/25

1/1 [==============================] - ETA: 0s - loss: 4.3530 - accuracy: 0.5625
1/1 [==============================] - 0s 4ms/step - loss: 4.3530 - accuracy: 0.5625
Epoch 22/25

1/1 [==============================] - ETA: 0s - loss: 4.3362 - accuracy: 0.5625
1/1 [==============================] - 0s 3ms/step - loss: 4.3362 - accuracy: 0.5625
Epoch 23/25

1/1 [==============================] - ETA: 0s - loss: 4.3194 - accuracy: 0.5625
1/1 [==============================] - 0s 4ms/step - loss: 4.3194 - accuracy: 0.5625
Epoch 24/25

1/1 [==============================] - ETA: 0s - loss: 4.3026 - accuracy: 0.5625
1/1 [==============================] - 0s 7ms/step - loss: 4.3026 - accuracy: 0.5625
Epoch 25/25

1/1 [==============================] - ETA: 0s - loss: 4.2859 - accuracy: 0.5625
1/1 [==============================] - 0s 6ms/step - loss: 4.2859 - accuracy: 0.5625
# predict: steps=12
# predict: tnodeembed_metrics
# predict: node2vec_metrics
tnodeembed: {'auc': 0.7481587527271836, 'f1_micro': 0.0, 'f1_macro': 0.0} tNodeEmbed_final_loss=4.153055667877197 tNodeEmbed_final_accuracy=0.625 
node2vec: {'auc': 0.6606203270168901, 'f1_micro': 0.0, 'f1_macro': 0.0} node2vec_final_loss=4.285898208618164 node2vec_final_accuracy=0.5625 
