# load graph
Processing Static file: filename='CollegeMsg_20040611.csv'
# initialize tNodeEmbed for dataset=COLLEGE_NC, test_size=0.2
# load dataset
# fit
# tNodeEmbed steps_per_epoch=1
Epoch 1/25

1/1 [==============================] - ETA: 0s - loss: 4.7489 - accuracy: 0.0625
1/1 [==============================] - 1s 1s/step - loss: 4.7489 - accuracy: 0.0625
Epoch 2/25

1/1 [==============================] - ETA: 0s - loss: 4.7186 - accuracy: 0.0625
1/1 [==============================] - 0s 3ms/step - loss: 4.7186 - accuracy: 0.0625
Epoch 3/25

1/1 [==============================] - ETA: 0s - loss: 4.6883 - accuracy: 0.1875
1/1 [==============================] - 0s 4ms/step - loss: 4.6883 - accuracy: 0.1875
Epoch 4/25

1/1 [==============================] - ETA: 0s - loss: 4.6578 - accuracy: 0.2500
1/1 [==============================] - 0s 4ms/step - loss: 4.6578 - accuracy: 0.2500
Epoch 5/25

1/1 [==============================] - ETA: 0s - loss: 4.6270 - accuracy: 0.5625
1/1 [==============================] - 0s 5ms/step - loss: 4.6270 - accuracy: 0.5625
Epoch 6/25

1/1 [==============================] - ETA: 0s - loss: 4.5958 - accuracy: 0.6250
1/1 [==============================] - 0s 5ms/step - loss: 4.5958 - accuracy: 0.6250
Epoch 7/25

1/1 [==============================] - ETA: 0s - loss: 4.5640 - accuracy: 0.6875
1/1 [==============================] - 0s 4ms/step - loss: 4.5640 - accuracy: 0.6875
Epoch 8/25

1/1 [==============================] - ETA: 0s - loss: 4.5316 - accuracy: 0.6875
1/1 [==============================] - 0s 4ms/step - loss: 4.5316 - accuracy: 0.6875
Epoch 9/25

1/1 [==============================] - ETA: 0s - loss: 4.4984 - accuracy: 0.6875
1/1 [==============================] - 0s 4ms/step - loss: 4.4984 - accuracy: 0.6875
Epoch 10/25

1/1 [==============================] - ETA: 0s - loss: 4.4642 - accuracy: 0.6875
1/1 [==============================] - 0s 4ms/step - loss: 4.4642 - accuracy: 0.6875
Epoch 11/25

1/1 [==============================] - ETA: 0s - loss: 4.4290 - accuracy: 0.6875
1/1 [==============================] - 0s 4ms/step - loss: 4.4290 - accuracy: 0.6875
Epoch 12/25

1/1 [==============================] - ETA: 0s - loss: 4.3925 - accuracy: 0.7500
1/1 [==============================] - 0s 3ms/step - loss: 4.3925 - accuracy: 0.7500
Epoch 13/25

1/1 [==============================] - ETA: 0s - loss: 4.3548 - accuracy: 0.7500
1/1 [==============================] - 0s 4ms/step - loss: 4.3548 - accuracy: 0.7500
Epoch 14/25

1/1 [==============================] - ETA: 0s - loss: 4.3156 - accuracy: 0.7500
1/1 [==============================] - 0s 4ms/step - loss: 4.3156 - accuracy: 0.7500
Epoch 15/25

1/1 [==============================] - ETA: 0s - loss: 4.2749 - accuracy: 0.7500
1/1 [==============================] - 0s 3ms/step - loss: 4.2749 - accuracy: 0.7500
Epoch 16/25

1/1 [==============================] - ETA: 0s - loss: 4.2327 - accuracy: 0.7500
1/1 [==============================] - 0s 4ms/step - loss: 4.2327 - accuracy: 0.7500
Epoch 17/25

1/1 [==============================] - ETA: 0s - loss: 4.1887 - accuracy: 0.7500
1/1 [==============================] - 0s 4ms/step - loss: 4.1887 - accuracy: 0.7500
Epoch 18/25

1/1 [==============================] - ETA: 0s - loss: 4.1429 - accuracy: 0.7500
1/1 [==============================] - 0s 4ms/step - loss: 4.1429 - accuracy: 0.7500
Epoch 19/25

1/1 [==============================] - ETA: 0s - loss: 4.0952 - accuracy: 0.7500
1/1 [==============================] - 0s 3ms/step - loss: 4.0952 - accuracy: 0.7500
Epoch 20/25

1/1 [==============================] - ETA: 0s - loss: 4.0456 - accuracy: 0.7500
1/1 [==============================] - 0s 4ms/step - loss: 4.0456 - accuracy: 0.7500
Epoch 21/25

1/1 [==============================] - ETA: 0s - loss: 3.9941 - accuracy: 0.7500
1/1 [==============================] - 0s 4ms/step - loss: 3.9941 - accuracy: 0.7500
Epoch 22/25

1/1 [==============================] - ETA: 0s - loss: 3.9405 - accuracy: 0.7500
1/1 [==============================] - 0s 4ms/step - loss: 3.9405 - accuracy: 0.7500
Epoch 23/25

1/1 [==============================] - ETA: 0s - loss: 3.8848 - accuracy: 0.7500
1/1 [==============================] - 0s 4ms/step - loss: 3.8848 - accuracy: 0.7500
Epoch 24/25

1/1 [==============================] - ETA: 0s - loss: 3.8270 - accuracy: 0.7500
1/1 [==============================] - 0s 4ms/step - loss: 3.8270 - accuracy: 0.7500
Epoch 25/25

1/1 [==============================] - ETA: 0s - loss: 3.7671 - accuracy: 0.7500
1/1 [==============================] - 0s 3ms/step - loss: 3.7671 - accuracy: 0.7500
# node2vec
Epoch 1/25

1/1 [==============================] - ETA: 0s - loss: 4.8093 - accuracy: 0.0625
1/1 [==============================] - 0s 184ms/step - loss: 4.8093 - accuracy: 0.0625
Epoch 2/25

1/1 [==============================] - ETA: 0s - loss: 4.7757 - accuracy: 0.0625
1/1 [==============================] - 0s 2ms/step - loss: 4.7757 - accuracy: 0.0625
Epoch 3/25

1/1 [==============================] - ETA: 0s - loss: 4.7422 - accuracy: 0.0625
1/1 [==============================] - 0s 3ms/step - loss: 4.7422 - accuracy: 0.0625
Epoch 4/25

1/1 [==============================] - ETA: 0s - loss: 4.7087 - accuracy: 0.0625
1/1 [==============================] - 0s 2ms/step - loss: 4.7087 - accuracy: 0.0625
Epoch 5/25

1/1 [==============================] - ETA: 0s - loss: 4.6752 - accuracy: 0.0625
1/1 [==============================] - 0s 2ms/step - loss: 4.6752 - accuracy: 0.0625
Epoch 6/25

1/1 [==============================] - ETA: 0s - loss: 4.6418 - accuracy: 0.0625
1/1 [==============================] - 0s 3ms/step - loss: 4.6418 - accuracy: 0.0625
Epoch 7/25

1/1 [==============================] - ETA: 0s - loss: 4.6085 - accuracy: 0.0625
1/1 [==============================] - 0s 3ms/step - loss: 4.6085 - accuracy: 0.0625
Epoch 8/25

1/1 [==============================] - ETA: 0s - loss: 4.5752 - accuracy: 0.0625
1/1 [==============================] - 0s 2ms/step - loss: 4.5752 - accuracy: 0.0625
Epoch 9/25

1/1 [==============================] - ETA: 0s - loss: 4.5420 - accuracy: 0.0625
1/1 [==============================] - 0s 2ms/step - loss: 4.5420 - accuracy: 0.0625
Epoch 10/25

1/1 [==============================] - ETA: 0s - loss: 4.5088 - accuracy: 0.0625
1/1 [==============================] - 0s 2ms/step - loss: 4.5088 - accuracy: 0.0625
Epoch 11/25

1/1 [==============================] - ETA: 0s - loss: 4.4757 - accuracy: 0.1250
1/1 [==============================] - 0s 2ms/step - loss: 4.4757 - accuracy: 0.1250
Epoch 12/25

1/1 [==============================] - ETA: 0s - loss: 4.4426 - accuracy: 0.1250
1/1 [==============================] - 0s 2ms/step - loss: 4.4426 - accuracy: 0.1250
Epoch 13/25

1/1 [==============================] - ETA: 0s - loss: 4.4096 - accuracy: 0.1875
1/1 [==============================] - 0s 2ms/step - loss: 4.4096 - accuracy: 0.1875
Epoch 14/25

1/1 [==============================] - ETA: 0s - loss: 4.3767 - accuracy: 0.1875
1/1 [==============================] - 0s 2ms/step - loss: 4.3767 - accuracy: 0.1875
Epoch 15/25

1/1 [==============================] - ETA: 0s - loss: 4.3438 - accuracy: 0.1875
1/1 [==============================] - 0s 2ms/step - loss: 4.3438 - accuracy: 0.1875
Epoch 16/25

1/1 [==============================] - ETA: 0s - loss: 4.3111 - accuracy: 0.2500
1/1 [==============================] - 0s 2ms/step - loss: 4.3111 - accuracy: 0.2500
Epoch 17/25

1/1 [==============================] - ETA: 0s - loss: 4.2783 - accuracy: 0.3125
1/1 [==============================] - 0s 2ms/step - loss: 4.2783 - accuracy: 0.3125
Epoch 18/25

1/1 [==============================] - ETA: 0s - loss: 4.2457 - accuracy: 0.3125
1/1 [==============================] - 0s 2ms/step - loss: 4.2457 - accuracy: 0.3125
Epoch 19/25

1/1 [==============================] - ETA: 0s - loss: 4.2131 - accuracy: 0.3125
1/1 [==============================] - 0s 2ms/step - loss: 4.2131 - accuracy: 0.3125
Epoch 20/25

1/1 [==============================] - ETA: 0s - loss: 4.1806 - accuracy: 0.3125
1/1 [==============================] - 0s 7ms/step - loss: 4.1806 - accuracy: 0.3125
Epoch 21/25

1/1 [==============================] - ETA: 0s - loss: 4.1482 - accuracy: 0.3750
1/1 [==============================] - 0s 5ms/step - loss: 4.1482 - accuracy: 0.3750
Epoch 22/25

1/1 [==============================] - ETA: 0s - loss: 4.1159 - accuracy: 0.3750
1/1 [==============================] - 0s 4ms/step - loss: 4.1159 - accuracy: 0.3750
Epoch 23/25

1/1 [==============================] - ETA: 0s - loss: 4.0837 - accuracy: 0.4375
1/1 [==============================] - 0s 4ms/step - loss: 4.0837 - accuracy: 0.4375
Epoch 24/25

1/1 [==============================] - ETA: 0s - loss: 4.0515 - accuracy: 0.4375
1/1 [==============================] - 0s 3ms/step - loss: 4.0515 - accuracy: 0.4375
Epoch 25/25

1/1 [==============================] - ETA: 0s - loss: 4.0195 - accuracy: 0.4375
1/1 [==============================] - 0s 3ms/step - loss: 4.0195 - accuracy: 0.4375
# predict: steps=12
# predict: tnodeembed_metrics
# predict: node2vec_metrics
tnodeembed: {'auc': 0.684316120412816, 'f1_micro': 0.0, 'f1_macro': 0.0} tNodeEmbed_final_loss=3.767124652862549 tNodeEmbed_final_accuracy=0.75 
node2vec: {'auc': 0.5775078138406098, 'f1_micro': 0.0, 'f1_macro': 0.0} node2vec_final_loss=4.019494533538818 node2vec_final_accuracy=0.4375 
