# load graph
Processing Static file: filename='CollegeMsg_20040601.csv'
# initialize tNodeEmbed for dataset=COLLEGE_NC, test_size=0.2
# load dataset
# fit
# tNodeEmbed steps_per_epoch=1
Epoch 1/25

1/1 [==============================] - ETA: 0s - loss: 4.7358 - accuracy: 0.0625
1/1 [==============================] - 1s 1s/step - loss: 4.7358 - accuracy: 0.0625
Epoch 2/25

1/1 [==============================] - ETA: 0s - loss: 4.7051 - accuracy: 0.1250
1/1 [==============================] - 0s 3ms/step - loss: 4.7051 - accuracy: 0.1250
Epoch 3/25

1/1 [==============================] - ETA: 0s - loss: 4.6744 - accuracy: 0.1875
1/1 [==============================] - 0s 4ms/step - loss: 4.6744 - accuracy: 0.1875
Epoch 4/25

1/1 [==============================] - ETA: 0s - loss: 4.6435 - accuracy: 0.3750
1/1 [==============================] - 0s 4ms/step - loss: 4.6435 - accuracy: 0.3750
Epoch 5/25

1/1 [==============================] - ETA: 0s - loss: 4.6123 - accuracy: 0.5625
1/1 [==============================] - 0s 3ms/step - loss: 4.6123 - accuracy: 0.5625
Epoch 6/25

1/1 [==============================] - ETA: 0s - loss: 4.5807 - accuracy: 0.7500
1/1 [==============================] - 0s 3ms/step - loss: 4.5807 - accuracy: 0.7500
Epoch 7/25

1/1 [==============================] - ETA: 0s - loss: 4.5485 - accuracy: 0.8125
1/1 [==============================] - 0s 4ms/step - loss: 4.5485 - accuracy: 0.8125
Epoch 8/25

1/1 [==============================] - ETA: 0s - loss: 4.5157 - accuracy: 0.8750
1/1 [==============================] - 0s 4ms/step - loss: 4.5157 - accuracy: 0.8750
Epoch 9/25

1/1 [==============================] - ETA: 0s - loss: 4.4821 - accuracy: 0.8750
1/1 [==============================] - 0s 3ms/step - loss: 4.4821 - accuracy: 0.8750
Epoch 10/25

1/1 [==============================] - ETA: 0s - loss: 4.4475 - accuracy: 0.8750
1/1 [==============================] - 0s 4ms/step - loss: 4.4475 - accuracy: 0.8750
Epoch 11/25

1/1 [==============================] - ETA: 0s - loss: 4.4118 - accuracy: 0.8750
1/1 [==============================] - 0s 4ms/step - loss: 4.4118 - accuracy: 0.8750
Epoch 12/25

1/1 [==============================] - ETA: 0s - loss: 4.3750 - accuracy: 0.8750
1/1 [==============================] - 0s 4ms/step - loss: 4.3750 - accuracy: 0.8750
Epoch 13/25

1/1 [==============================] - ETA: 0s - loss: 4.3369 - accuracy: 0.8750
1/1 [==============================] - 0s 4ms/step - loss: 4.3369 - accuracy: 0.8750
Epoch 14/25

1/1 [==============================] - ETA: 0s - loss: 4.2973 - accuracy: 0.8750
1/1 [==============================] - 0s 3ms/step - loss: 4.2973 - accuracy: 0.8750
Epoch 15/25

1/1 [==============================] - ETA: 0s - loss: 4.2563 - accuracy: 0.8750
1/1 [==============================] - 0s 3ms/step - loss: 4.2563 - accuracy: 0.8750
Epoch 16/25

1/1 [==============================] - ETA: 0s - loss: 4.2137 - accuracy: 0.8750
1/1 [==============================] - 0s 3ms/step - loss: 4.2137 - accuracy: 0.8750
Epoch 17/25

1/1 [==============================] - ETA: 0s - loss: 4.1693 - accuracy: 0.8750
1/1 [==============================] - 0s 4ms/step - loss: 4.1693 - accuracy: 0.8750
Epoch 18/25

1/1 [==============================] - ETA: 0s - loss: 4.1232 - accuracy: 0.8750
1/1 [==============================] - 0s 4ms/step - loss: 4.1232 - accuracy: 0.8750
Epoch 19/25

1/1 [==============================] - ETA: 0s - loss: 4.0752 - accuracy: 0.8750
1/1 [==============================] - 0s 3ms/step - loss: 4.0752 - accuracy: 0.8750
Epoch 20/25

1/1 [==============================] - ETA: 0s - loss: 4.0252 - accuracy: 0.8750
1/1 [==============================] - 0s 4ms/step - loss: 4.0252 - accuracy: 0.8750
Epoch 21/25

1/1 [==============================] - ETA: 0s - loss: 3.9732 - accuracy: 0.8750
1/1 [==============================] - 0s 4ms/step - loss: 3.9732 - accuracy: 0.8750
Epoch 22/25

1/1 [==============================] - ETA: 0s - loss: 3.9192 - accuracy: 0.8750
1/1 [==============================] - 0s 3ms/step - loss: 3.9192 - accuracy: 0.8750
Epoch 23/25

1/1 [==============================] - ETA: 0s - loss: 3.8630 - accuracy: 0.8750
1/1 [==============================] - 0s 3ms/step - loss: 3.8630 - accuracy: 0.8750
Epoch 24/25

1/1 [==============================] - ETA: 0s - loss: 3.8046 - accuracy: 0.8750
1/1 [==============================] - 0s 4ms/step - loss: 3.8046 - accuracy: 0.8750
Epoch 25/25

1/1 [==============================] - ETA: 0s - loss: 3.7441 - accuracy: 0.8750
1/1 [==============================] - 0s 4ms/step - loss: 3.7441 - accuracy: 0.8750
# node2vec
Epoch 1/25

1/1 [==============================] - ETA: 0s - loss: 4.7349 - accuracy: 0.0625
1/1 [==============================] - 0s 204ms/step - loss: 4.7349 - accuracy: 0.0625
Epoch 2/25

1/1 [==============================] - ETA: 0s - loss: 4.7013 - accuracy: 0.0625
1/1 [==============================] - 0s 3ms/step - loss: 4.7013 - accuracy: 0.0625
Epoch 3/25

1/1 [==============================] - ETA: 0s - loss: 4.6676 - accuracy: 0.0625
1/1 [==============================] - 0s 3ms/step - loss: 4.6676 - accuracy: 0.0625
Epoch 4/25

1/1 [==============================] - ETA: 0s - loss: 4.6341 - accuracy: 0.0625
1/1 [==============================] - 0s 3ms/step - loss: 4.6341 - accuracy: 0.0625
Epoch 5/25

1/1 [==============================] - ETA: 0s - loss: 4.6005 - accuracy: 0.0625
1/1 [==============================] - 0s 3ms/step - loss: 4.6005 - accuracy: 0.0625
Epoch 6/25

1/1 [==============================] - ETA: 0s - loss: 4.5671 - accuracy: 0.1250
1/1 [==============================] - 0s 3ms/step - loss: 4.5671 - accuracy: 0.1250
Epoch 7/25

1/1 [==============================] - ETA: 0s - loss: 4.5336 - accuracy: 0.1250
1/1 [==============================] - 0s 3ms/step - loss: 4.5336 - accuracy: 0.1250
Epoch 8/25

1/1 [==============================] - ETA: 0s - loss: 4.5002 - accuracy: 0.1250
1/1 [==============================] - 0s 4ms/step - loss: 4.5002 - accuracy: 0.1250
Epoch 9/25

1/1 [==============================] - ETA: 0s - loss: 4.4669 - accuracy: 0.1250
1/1 [==============================] - 0s 4ms/step - loss: 4.4669 - accuracy: 0.1250
Epoch 10/25

1/1 [==============================] - ETA: 0s - loss: 4.4336 - accuracy: 0.1875
1/1 [==============================] - 0s 4ms/step - loss: 4.4336 - accuracy: 0.1875
Epoch 11/25

1/1 [==============================] - ETA: 0s - loss: 4.4003 - accuracy: 0.1875
1/1 [==============================] - 0s 4ms/step - loss: 4.4003 - accuracy: 0.1875
Epoch 12/25

1/1 [==============================] - ETA: 0s - loss: 4.3672 - accuracy: 0.1875
1/1 [==============================] - 0s 3ms/step - loss: 4.3672 - accuracy: 0.1875
Epoch 13/25

1/1 [==============================] - ETA: 0s - loss: 4.3340 - accuracy: 0.1875
1/1 [==============================] - 0s 4ms/step - loss: 4.3340 - accuracy: 0.1875
Epoch 14/25

1/1 [==============================] - ETA: 0s - loss: 4.3010 - accuracy: 0.2500
1/1 [==============================] - 0s 3ms/step - loss: 4.3010 - accuracy: 0.2500
Epoch 15/25

1/1 [==============================] - ETA: 0s - loss: 4.2680 - accuracy: 0.2500
1/1 [==============================] - 0s 3ms/step - loss: 4.2680 - accuracy: 0.2500
Epoch 16/25

1/1 [==============================] - ETA: 0s - loss: 4.2350 - accuracy: 0.3125
1/1 [==============================] - 0s 4ms/step - loss: 4.2350 - accuracy: 0.3125
Epoch 17/25

1/1 [==============================] - ETA: 0s - loss: 4.2021 - accuracy: 0.4375
1/1 [==============================] - 0s 3ms/step - loss: 4.2021 - accuracy: 0.4375
Epoch 18/25

1/1 [==============================] - ETA: 0s - loss: 4.1693 - accuracy: 0.4375
1/1 [==============================] - 0s 3ms/step - loss: 4.1693 - accuracy: 0.4375
Epoch 19/25

1/1 [==============================] - ETA: 0s - loss: 4.1366 - accuracy: 0.5000
1/1 [==============================] - 0s 4ms/step - loss: 4.1366 - accuracy: 0.5000
Epoch 20/25

1/1 [==============================] - ETA: 0s - loss: 4.1039 - accuracy: 0.5000
1/1 [==============================] - 0s 2ms/step - loss: 4.1039 - accuracy: 0.5000
Epoch 21/25

1/1 [==============================] - ETA: 0s - loss: 4.0713 - accuracy: 0.5000
1/1 [==============================] - 0s 3ms/step - loss: 4.0713 - accuracy: 0.5000
Epoch 22/25

1/1 [==============================] - ETA: 0s - loss: 4.0388 - accuracy: 0.5000
1/1 [==============================] - 0s 3ms/step - loss: 4.0388 - accuracy: 0.5000
Epoch 23/25

1/1 [==============================] - ETA: 0s - loss: 4.0064 - accuracy: 0.5000
1/1 [==============================] - 0s 3ms/step - loss: 4.0064 - accuracy: 0.5000
Epoch 24/25

1/1 [==============================] - ETA: 0s - loss: 3.9740 - accuracy: 0.5000
1/1 [==============================] - 0s 3ms/step - loss: 3.9740 - accuracy: 0.5000
Epoch 25/25

1/1 [==============================] - ETA: 0s - loss: 3.9417 - accuracy: 0.5000
1/1 [==============================] - 0s 3ms/step - loss: 3.9417 - accuracy: 0.5000
# predict: steps=12
# predict: tnodeembed_metrics
# predict: node2vec_metrics
tnodeembed: {'auc': 0.6998959380285833, 'f1_micro': 0.0, 'f1_macro': 0.0} tNodeEmbed_final_loss=3.744067430496216 tNodeEmbed_final_accuracy=0.875 
node2vec: {'auc': 0.636100495182997, 'f1_micro': 0.0, 'f1_macro': 0.0} node2vec_final_loss=3.9417316913604736 node2vec_final_accuracy=0.5 
