# load graph
Processing Static file: filename='CollegeMsg_20040927.csv'
# initialize tNodeEmbed for dataset=COLLEGE_NC, test_size=0.2
# load dataset
# fit
# tNodeEmbed steps_per_epoch=1
Epoch 1/25

1/1 [==============================] - ETA: 0s - loss: 4.7313 - accuracy: 0.0000e+00
1/1 [==============================] - 1s 1s/step - loss: 4.7313 - accuracy: 0.0000e+00
Epoch 2/25

1/1 [==============================] - ETA: 0s - loss: 4.6998 - accuracy: 0.0000e+00
1/1 [==============================] - 0s 6ms/step - loss: 4.6998 - accuracy: 0.0000e+00
Epoch 3/25

1/1 [==============================] - ETA: 0s - loss: 4.6682 - accuracy: 0.1875
1/1 [==============================] - 0s 7ms/step - loss: 4.6682 - accuracy: 0.1875
Epoch 4/25

1/1 [==============================] - ETA: 0s - loss: 4.6364 - accuracy: 0.1875
1/1 [==============================] - 0s 6ms/step - loss: 4.6364 - accuracy: 0.1875
Epoch 5/25

1/1 [==============================] - ETA: 0s - loss: 4.6044 - accuracy: 0.5625
1/1 [==============================] - 0s 5ms/step - loss: 4.6044 - accuracy: 0.5625
Epoch 6/25

1/1 [==============================] - ETA: 0s - loss: 4.5720 - accuracy: 0.6875
1/1 [==============================] - 0s 6ms/step - loss: 4.5720 - accuracy: 0.6875
Epoch 7/25

1/1 [==============================] - ETA: 0s - loss: 4.5390 - accuracy: 0.8125
1/1 [==============================] - 0s 5ms/step - loss: 4.5390 - accuracy: 0.8125
Epoch 8/25

1/1 [==============================] - ETA: 0s - loss: 4.5053 - accuracy: 0.8125
1/1 [==============================] - 0s 6ms/step - loss: 4.5053 - accuracy: 0.8125
Epoch 9/25

1/1 [==============================] - ETA: 0s - loss: 4.4708 - accuracy: 0.9375
1/1 [==============================] - 0s 5ms/step - loss: 4.4708 - accuracy: 0.9375
Epoch 10/25

1/1 [==============================] - ETA: 0s - loss: 4.4353 - accuracy: 0.9375
1/1 [==============================] - 0s 6ms/step - loss: 4.4353 - accuracy: 0.9375
Epoch 11/25

1/1 [==============================] - ETA: 0s - loss: 4.3988 - accuracy: 0.9375
1/1 [==============================] - 0s 5ms/step - loss: 4.3988 - accuracy: 0.9375
Epoch 12/25

1/1 [==============================] - ETA: 0s - loss: 4.3610 - accuracy: 0.9375
1/1 [==============================] - 0s 6ms/step - loss: 4.3610 - accuracy: 0.9375
Epoch 13/25

1/1 [==============================] - ETA: 0s - loss: 4.3219 - accuracy: 0.9375
1/1 [==============================] - 0s 7ms/step - loss: 4.3219 - accuracy: 0.9375
Epoch 14/25

1/1 [==============================] - ETA: 0s - loss: 4.2814 - accuracy: 0.9375
1/1 [==============================] - 0s 5ms/step - loss: 4.2814 - accuracy: 0.9375
Epoch 15/25

1/1 [==============================] - ETA: 0s - loss: 4.2393 - accuracy: 0.9375
1/1 [==============================] - 0s 6ms/step - loss: 4.2393 - accuracy: 0.9375
Epoch 16/25

1/1 [==============================] - ETA: 0s - loss: 4.1956 - accuracy: 0.9375
1/1 [==============================] - 0s 6ms/step - loss: 4.1956 - accuracy: 0.9375
Epoch 17/25

1/1 [==============================] - ETA: 0s - loss: 4.1500 - accuracy: 0.9375
1/1 [==============================] - 0s 5ms/step - loss: 4.1500 - accuracy: 0.9375
Epoch 18/25

1/1 [==============================] - ETA: 0s - loss: 4.1027 - accuracy: 0.9375
1/1 [==============================] - 0s 6ms/step - loss: 4.1027 - accuracy: 0.9375
Epoch 19/25

1/1 [==============================] - ETA: 0s - loss: 4.0533 - accuracy: 0.9375
1/1 [==============================] - 0s 6ms/step - loss: 4.0533 - accuracy: 0.9375
Epoch 20/25

1/1 [==============================] - ETA: 0s - loss: 4.0020 - accuracy: 0.9375
1/1 [==============================] - 0s 7ms/step - loss: 4.0020 - accuracy: 0.9375
Epoch 21/25

1/1 [==============================] - ETA: 0s - loss: 3.9485 - accuracy: 0.9375
1/1 [==============================] - 0s 5ms/step - loss: 3.9485 - accuracy: 0.9375
Epoch 22/25

1/1 [==============================] - ETA: 0s - loss: 3.8929 - accuracy: 0.9375
1/1 [==============================] - 0s 5ms/step - loss: 3.8929 - accuracy: 0.9375
Epoch 23/25

1/1 [==============================] - ETA: 0s - loss: 3.8350 - accuracy: 0.9375
1/1 [==============================] - 0s 5ms/step - loss: 3.8350 - accuracy: 0.9375
Epoch 24/25

1/1 [==============================] - ETA: 0s - loss: 3.7748 - accuracy: 0.9375
1/1 [==============================] - 0s 5ms/step - loss: 3.7748 - accuracy: 0.9375
Epoch 25/25

1/1 [==============================] - ETA: 0s - loss: 3.7123 - accuracy: 0.9375
1/1 [==============================] - 0s 6ms/step - loss: 3.7123 - accuracy: 0.9375
# node2vec
Epoch 1/25

1/1 [==============================] - ETA: 0s - loss: 4.7672 - accuracy: 0.0625
1/1 [==============================] - 0s 186ms/step - loss: 4.7672 - accuracy: 0.0625
Epoch 2/25

1/1 [==============================] - ETA: 0s - loss: 4.7273 - accuracy: 0.0625
1/1 [==============================] - 0s 2ms/step - loss: 4.7273 - accuracy: 0.0625
Epoch 3/25

1/1 [==============================] - ETA: 0s - loss: 4.6876 - accuracy: 0.0625
1/1 [==============================] - 0s 2ms/step - loss: 4.6876 - accuracy: 0.0625
Epoch 4/25

1/1 [==============================] - ETA: 0s - loss: 4.6479 - accuracy: 0.0625
1/1 [==============================] - 0s 2ms/step - loss: 4.6479 - accuracy: 0.0625
Epoch 5/25

1/1 [==============================] - ETA: 0s - loss: 4.6082 - accuracy: 0.0625
1/1 [==============================] - 0s 2ms/step - loss: 4.6082 - accuracy: 0.0625
Epoch 6/25

1/1 [==============================] - ETA: 0s - loss: 4.5686 - accuracy: 0.0625
1/1 [==============================] - 0s 3ms/step - loss: 4.5686 - accuracy: 0.0625
Epoch 7/25

1/1 [==============================] - ETA: 0s - loss: 4.5291 - accuracy: 0.0625
1/1 [==============================] - 0s 3ms/step - loss: 4.5291 - accuracy: 0.0625
Epoch 8/25

1/1 [==============================] - ETA: 0s - loss: 4.4897 - accuracy: 0.0625
1/1 [==============================] - 0s 2ms/step - loss: 4.4897 - accuracy: 0.0625
Epoch 9/25

1/1 [==============================] - ETA: 0s - loss: 4.4503 - accuracy: 0.1250
1/1 [==============================] - 0s 3ms/step - loss: 4.4503 - accuracy: 0.1250
Epoch 10/25

1/1 [==============================] - ETA: 0s - loss: 4.4111 - accuracy: 0.1875
1/1 [==============================] - 0s 3ms/step - loss: 4.4111 - accuracy: 0.1875
Epoch 11/25

1/1 [==============================] - ETA: 0s - loss: 4.3719 - accuracy: 0.2500
1/1 [==============================] - 0s 2ms/step - loss: 4.3719 - accuracy: 0.2500
Epoch 12/25

1/1 [==============================] - ETA: 0s - loss: 4.3327 - accuracy: 0.2500
1/1 [==============================] - 0s 2ms/step - loss: 4.3327 - accuracy: 0.2500
Epoch 13/25

1/1 [==============================] - ETA: 0s - loss: 4.2937 - accuracy: 0.2500
1/1 [==============================] - 0s 3ms/step - loss: 4.2937 - accuracy: 0.2500
Epoch 14/25

1/1 [==============================] - ETA: 0s - loss: 4.2548 - accuracy: 0.2500
1/1 [==============================] - 0s 3ms/step - loss: 4.2548 - accuracy: 0.2500
Epoch 15/25

1/1 [==============================] - ETA: 0s - loss: 4.2159 - accuracy: 0.2500
1/1 [==============================] - 0s 3ms/step - loss: 4.2159 - accuracy: 0.2500
Epoch 16/25

1/1 [==============================] - ETA: 0s - loss: 4.1772 - accuracy: 0.3125
1/1 [==============================] - 0s 2ms/step - loss: 4.1772 - accuracy: 0.3125
Epoch 17/25

1/1 [==============================] - ETA: 0s - loss: 4.1385 - accuracy: 0.3125
1/1 [==============================] - 0s 2ms/step - loss: 4.1385 - accuracy: 0.3125
Epoch 18/25

1/1 [==============================] - ETA: 0s - loss: 4.1000 - accuracy: 0.3125
1/1 [==============================] - 0s 3ms/step - loss: 4.1000 - accuracy: 0.3125
Epoch 19/25

1/1 [==============================] - ETA: 0s - loss: 4.0615 - accuracy: 0.3750
1/1 [==============================] - 0s 2ms/step - loss: 4.0615 - accuracy: 0.3750
Epoch 20/25

1/1 [==============================] - ETA: 0s - loss: 4.0232 - accuracy: 0.3750
1/1 [==============================] - 0s 3ms/step - loss: 4.0232 - accuracy: 0.3750
Epoch 21/25

1/1 [==============================] - ETA: 0s - loss: 3.9850 - accuracy: 0.3750
1/1 [==============================] - 0s 2ms/step - loss: 3.9850 - accuracy: 0.3750
Epoch 22/25

1/1 [==============================] - ETA: 0s - loss: 3.9468 - accuracy: 0.3750
1/1 [==============================] - 0s 2ms/step - loss: 3.9468 - accuracy: 0.3750
Epoch 23/25

1/1 [==============================] - ETA: 0s - loss: 3.9088 - accuracy: 0.4375
1/1 [==============================] - 0s 3ms/step - loss: 3.9088 - accuracy: 0.4375
Epoch 24/25

1/1 [==============================] - ETA: 0s - loss: 3.8710 - accuracy: 0.4375
1/1 [==============================] - 0s 3ms/step - loss: 3.8710 - accuracy: 0.4375
Epoch 25/25

1/1 [==============================] - ETA: 0s - loss: 3.8332 - accuracy: 0.5000
1/1 [==============================] - 0s 3ms/step - loss: 3.8332 - accuracy: 0.5000
# predict: steps=12
# predict: tnodeembed_metrics
# predict: node2vec_metrics
tnodeembed: {'auc': 0.7572911712793862, 'f1_micro': 0.0, 'f1_macro': 0.0} tNodeEmbed_final_loss=3.712310314178467 tNodeEmbed_final_accuracy=0.9375 
node2vec: {'auc': 0.7068034650552792, 'f1_micro': 0.0, 'f1_macro': 0.0} node2vec_final_loss=3.8332037925720215 node2vec_final_accuracy=0.5 
