# load graph
Processing Static file: filename='CollegeMsg_20040911.csv'
# initialize tNodeEmbed for dataset=COLLEGE_NC, test_size=0.2
# load dataset
# fit
# tNodeEmbed steps_per_epoch=1
Epoch 1/25

1/1 [==============================] - ETA: 0s - loss: 4.7426 - accuracy: 0.0000e+00
1/1 [==============================] - 2s 2s/step - loss: 4.7426 - accuracy: 0.0000e+00
Epoch 2/25

1/1 [==============================] - ETA: 0s - loss: 4.7083 - accuracy: 0.0625
1/1 [==============================] - 0s 7ms/step - loss: 4.7083 - accuracy: 0.0625
Epoch 3/25

1/1 [==============================] - ETA: 0s - loss: 4.6740 - accuracy: 0.2500
1/1 [==============================] - 0s 6ms/step - loss: 4.6740 - accuracy: 0.2500
Epoch 4/25

1/1 [==============================] - ETA: 0s - loss: 4.6395 - accuracy: 0.3750
1/1 [==============================] - 0s 6ms/step - loss: 4.6395 - accuracy: 0.3750
Epoch 5/25

1/1 [==============================] - ETA: 0s - loss: 4.6048 - accuracy: 0.5000
1/1 [==============================] - 0s 6ms/step - loss: 4.6048 - accuracy: 0.5000
Epoch 6/25

1/1 [==============================] - ETA: 0s - loss: 4.5696 - accuracy: 0.7500
1/1 [==============================] - 0s 6ms/step - loss: 4.5696 - accuracy: 0.7500
Epoch 7/25

1/1 [==============================] - ETA: 0s - loss: 4.5338 - accuracy: 0.7500
1/1 [==============================] - 0s 7ms/step - loss: 4.5338 - accuracy: 0.7500
Epoch 8/25

1/1 [==============================] - ETA: 0s - loss: 4.4973 - accuracy: 0.8750
1/1 [==============================] - 0s 7ms/step - loss: 4.4973 - accuracy: 0.8750
Epoch 9/25

1/1 [==============================] - ETA: 0s - loss: 4.4599 - accuracy: 0.9375
1/1 [==============================] - 0s 7ms/step - loss: 4.4599 - accuracy: 0.9375
Epoch 10/25

1/1 [==============================] - ETA: 0s - loss: 4.4214 - accuracy: 0.9375
1/1 [==============================] - 0s 6ms/step - loss: 4.4214 - accuracy: 0.9375
Epoch 11/25

1/1 [==============================] - ETA: 0s - loss: 4.3818 - accuracy: 0.9375
1/1 [==============================] - 0s 5ms/step - loss: 4.3818 - accuracy: 0.9375
Epoch 12/25

1/1 [==============================] - ETA: 0s - loss: 4.3409 - accuracy: 0.9375
1/1 [==============================] - 0s 6ms/step - loss: 4.3409 - accuracy: 0.9375
Epoch 13/25

1/1 [==============================] - ETA: 0s - loss: 4.2986 - accuracy: 0.9375
1/1 [==============================] - 0s 7ms/step - loss: 4.2986 - accuracy: 0.9375
Epoch 14/25

1/1 [==============================] - ETA: 0s - loss: 4.2547 - accuracy: 1.0000
1/1 [==============================] - 0s 6ms/step - loss: 4.2547 - accuracy: 1.0000
Epoch 15/25

1/1 [==============================] - ETA: 0s - loss: 4.2091 - accuracy: 1.0000
1/1 [==============================] - 0s 6ms/step - loss: 4.2091 - accuracy: 1.0000
Epoch 16/25

1/1 [==============================] - ETA: 0s - loss: 4.1617 - accuracy: 1.0000
1/1 [==============================] - 0s 6ms/step - loss: 4.1617 - accuracy: 1.0000
Epoch 17/25

1/1 [==============================] - ETA: 0s - loss: 4.1124 - accuracy: 1.0000
1/1 [==============================] - 0s 6ms/step - loss: 4.1124 - accuracy: 1.0000
Epoch 18/25

1/1 [==============================] - ETA: 0s - loss: 4.0612 - accuracy: 1.0000
1/1 [==============================] - 0s 6ms/step - loss: 4.0612 - accuracy: 1.0000
Epoch 19/25

1/1 [==============================] - ETA: 0s - loss: 4.0078 - accuracy: 1.0000
1/1 [==============================] - 0s 6ms/step - loss: 4.0078 - accuracy: 1.0000
Epoch 20/25

1/1 [==============================] - ETA: 0s - loss: 3.9523 - accuracy: 1.0000
1/1 [==============================] - 0s 5ms/step - loss: 3.9523 - accuracy: 1.0000
Epoch 21/25

1/1 [==============================] - ETA: 0s - loss: 3.8946 - accuracy: 1.0000
1/1 [==============================] - 0s 6ms/step - loss: 3.8946 - accuracy: 1.0000
Epoch 22/25

1/1 [==============================] - ETA: 0s - loss: 3.8345 - accuracy: 1.0000
1/1 [==============================] - 0s 7ms/step - loss: 3.8345 - accuracy: 1.0000
Epoch 23/25

1/1 [==============================] - ETA: 0s - loss: 3.7721 - accuracy: 1.0000
1/1 [==============================] - 0s 6ms/step - loss: 3.7721 - accuracy: 1.0000
Epoch 24/25

1/1 [==============================] - ETA: 0s - loss: 3.7073 - accuracy: 1.0000
1/1 [==============================] - 0s 6ms/step - loss: 3.7073 - accuracy: 1.0000
Epoch 25/25

1/1 [==============================] - ETA: 0s - loss: 3.6401 - accuracy: 1.0000
1/1 [==============================] - 0s 6ms/step - loss: 3.6401 - accuracy: 1.0000
# node2vec
Epoch 1/25

1/1 [==============================] - ETA: 0s - loss: 4.8907 - accuracy: 0.0000e+00
1/1 [==============================] - 0s 193ms/step - loss: 4.8907 - accuracy: 0.0000e+00
Epoch 2/25

1/1 [==============================] - ETA: 0s - loss: 4.8516 - accuracy: 0.0000e+00
1/1 [==============================] - 0s 3ms/step - loss: 4.8516 - accuracy: 0.0000e+00
Epoch 3/25

1/1 [==============================] - ETA: 0s - loss: 4.8125 - accuracy: 0.0000e+00
1/1 [==============================] - 0s 3ms/step - loss: 4.8125 - accuracy: 0.0000e+00
Epoch 4/25

1/1 [==============================] - ETA: 0s - loss: 4.7735 - accuracy: 0.0000e+00
1/1 [==============================] - 0s 5ms/step - loss: 4.7735 - accuracy: 0.0000e+00
Epoch 5/25

1/1 [==============================] - ETA: 0s - loss: 4.7345 - accuracy: 0.0000e+00
1/1 [==============================] - 0s 2ms/step - loss: 4.7345 - accuracy: 0.0000e+00
Epoch 6/25

1/1 [==============================] - ETA: 0s - loss: 4.6956 - accuracy: 0.0000e+00
1/1 [==============================] - 0s 2ms/step - loss: 4.6956 - accuracy: 0.0000e+00
Epoch 7/25

1/1 [==============================] - ETA: 0s - loss: 4.6568 - accuracy: 0.0000e+00
1/1 [==============================] - 0s 3ms/step - loss: 4.6568 - accuracy: 0.0000e+00
Epoch 8/25

1/1 [==============================] - ETA: 0s - loss: 4.6180 - accuracy: 0.0000e+00
1/1 [==============================] - 0s 4ms/step - loss: 4.6180 - accuracy: 0.0000e+00
Epoch 9/25

1/1 [==============================] - ETA: 0s - loss: 4.5793 - accuracy: 0.0000e+00
1/1 [==============================] - 0s 3ms/step - loss: 4.5793 - accuracy: 0.0000e+00
Epoch 10/25

1/1 [==============================] - ETA: 0s - loss: 4.5407 - accuracy: 0.1875
1/1 [==============================] - 0s 3ms/step - loss: 4.5407 - accuracy: 0.1875
Epoch 11/25

1/1 [==============================] - ETA: 0s - loss: 4.5021 - accuracy: 0.1875
1/1 [==============================] - 0s 3ms/step - loss: 4.5021 - accuracy: 0.1875
Epoch 12/25

1/1 [==============================] - ETA: 0s - loss: 4.4636 - accuracy: 0.1875
1/1 [==============================] - 0s 2ms/step - loss: 4.4636 - accuracy: 0.1875
Epoch 13/25

1/1 [==============================] - ETA: 0s - loss: 4.4252 - accuracy: 0.1875
1/1 [==============================] - 0s 2ms/step - loss: 4.4252 - accuracy: 0.1875
Epoch 14/25

1/1 [==============================] - ETA: 0s - loss: 4.3869 - accuracy: 0.1875
1/1 [==============================] - 0s 3ms/step - loss: 4.3869 - accuracy: 0.1875
Epoch 15/25

1/1 [==============================] - ETA: 0s - loss: 4.3486 - accuracy: 0.1875
1/1 [==============================] - 0s 3ms/step - loss: 4.3486 - accuracy: 0.1875
Epoch 16/25

1/1 [==============================] - ETA: 0s - loss: 4.3105 - accuracy: 0.1875
1/1 [==============================] - 0s 2ms/step - loss: 4.3105 - accuracy: 0.1875
Epoch 17/25

1/1 [==============================] - ETA: 0s - loss: 4.2724 - accuracy: 0.2500
1/1 [==============================] - 0s 3ms/step - loss: 4.2724 - accuracy: 0.2500
Epoch 18/25

1/1 [==============================] - ETA: 0s - loss: 4.2344 - accuracy: 0.3125
1/1 [==============================] - 0s 3ms/step - loss: 4.2344 - accuracy: 0.3125
Epoch 19/25

1/1 [==============================] - ETA: 0s - loss: 4.1965 - accuracy: 0.3750
1/1 [==============================] - 0s 3ms/step - loss: 4.1965 - accuracy: 0.3750
Epoch 20/25

1/1 [==============================] - ETA: 0s - loss: 4.1587 - accuracy: 0.3750
1/1 [==============================] - 0s 2ms/step - loss: 4.1587 - accuracy: 0.3750
Epoch 21/25

1/1 [==============================] - ETA: 0s - loss: 4.1210 - accuracy: 0.3750
1/1 [==============================] - 0s 3ms/step - loss: 4.1210 - accuracy: 0.3750
Epoch 22/25

1/1 [==============================] - ETA: 0s - loss: 4.0834 - accuracy: 0.3750
1/1 [==============================] - 0s 3ms/step - loss: 4.0834 - accuracy: 0.3750
Epoch 23/25

1/1 [==============================] - ETA: 0s - loss: 4.0459 - accuracy: 0.3750
1/1 [==============================] - 0s 2ms/step - loss: 4.0459 - accuracy: 0.3750
Epoch 24/25

1/1 [==============================] - ETA: 0s - loss: 4.0085 - accuracy: 0.3750
1/1 [==============================] - 0s 4ms/step - loss: 4.0085 - accuracy: 0.3750
Epoch 25/25

1/1 [==============================] - ETA: 0s - loss: 3.9712 - accuracy: 0.3750
1/1 [==============================] - 0s 4ms/step - loss: 3.9712 - accuracy: 0.3750
# predict: steps=12
# predict: tnodeembed_metrics
# predict: node2vec_metrics
tnodeembed: {'auc': 0.7650364033044885, 'f1_micro': 0.0, 'f1_macro': 0.0} tNodeEmbed_final_loss=3.640110731124878 tNodeEmbed_final_accuracy=1.0 
node2vec: {'auc': 0.6923992780624126, 'f1_micro': 0.0, 'f1_macro': 0.0} node2vec_final_loss=3.9711780548095703 node2vec_final_accuracy=0.375 
