# load graph
Processing Static file: filename='CollegeMsg_20040622.csv'
# initialize tNodeEmbed for dataset=COLLEGE_NC, test_size=0.2
# load dataset
# fit
# tNodeEmbed steps_per_epoch=1
Epoch 1/25

1/1 [==============================] - ETA: 0s - loss: 4.7407 - accuracy: 0.0625
1/1 [==============================] - 1s 963ms/step - loss: 4.7407 - accuracy: 0.0625
Epoch 2/25

1/1 [==============================] - ETA: 0s - loss: 4.7111 - accuracy: 0.0000e+00
1/1 [==============================] - 0s 4ms/step - loss: 4.7111 - accuracy: 0.0000e+00
Epoch 3/25

1/1 [==============================] - ETA: 0s - loss: 4.6814 - accuracy: 0.0000e+00
1/1 [==============================] - 0s 5ms/step - loss: 4.6814 - accuracy: 0.0000e+00
Epoch 4/25

1/1 [==============================] - ETA: 0s - loss: 4.6515 - accuracy: 0.1875
1/1 [==============================] - 0s 4ms/step - loss: 4.6515 - accuracy: 0.1875
Epoch 5/25

1/1 [==============================] - ETA: 0s - loss: 4.6215 - accuracy: 0.5000
1/1 [==============================] - 0s 4ms/step - loss: 4.6215 - accuracy: 0.5000
Epoch 6/25

1/1 [==============================] - ETA: 0s - loss: 4.5910 - accuracy: 0.7500
1/1 [==============================] - 0s 3ms/step - loss: 4.5910 - accuracy: 0.7500
Epoch 7/25

1/1 [==============================] - ETA: 0s - loss: 4.5601 - accuracy: 0.7500
1/1 [==============================] - 0s 4ms/step - loss: 4.5601 - accuracy: 0.7500
Epoch 8/25

1/1 [==============================] - ETA: 0s - loss: 4.5285 - accuracy: 0.7500
1/1 [==============================] - 0s 4ms/step - loss: 4.5285 - accuracy: 0.7500
Epoch 9/25

1/1 [==============================] - ETA: 0s - loss: 4.4961 - accuracy: 0.7500
1/1 [==============================] - 0s 3ms/step - loss: 4.4961 - accuracy: 0.7500
Epoch 10/25

1/1 [==============================] - ETA: 0s - loss: 4.4629 - accuracy: 0.8125
1/1 [==============================] - 0s 4ms/step - loss: 4.4629 - accuracy: 0.8125
Epoch 11/25

1/1 [==============================] - ETA: 0s - loss: 4.4286 - accuracy: 0.8750
1/1 [==============================] - 0s 4ms/step - loss: 4.4286 - accuracy: 0.8750
Epoch 12/25

1/1 [==============================] - ETA: 0s - loss: 4.3932 - accuracy: 0.8750
1/1 [==============================] - 0s 4ms/step - loss: 4.3932 - accuracy: 0.8750
Epoch 13/25

1/1 [==============================] - ETA: 0s - loss: 4.3566 - accuracy: 0.8750
1/1 [==============================] - 0s 4ms/step - loss: 4.3566 - accuracy: 0.8750
Epoch 14/25

1/1 [==============================] - ETA: 0s - loss: 4.3186 - accuracy: 0.8750
1/1 [==============================] - 0s 3ms/step - loss: 4.3186 - accuracy: 0.8750
Epoch 15/25

1/1 [==============================] - ETA: 0s - loss: 4.2792 - accuracy: 0.8750
1/1 [==============================] - 0s 4ms/step - loss: 4.2792 - accuracy: 0.8750
Epoch 16/25

1/1 [==============================] - ETA: 0s - loss: 4.2382 - accuracy: 0.8750
1/1 [==============================] - 0s 4ms/step - loss: 4.2382 - accuracy: 0.8750
Epoch 17/25

1/1 [==============================] - ETA: 0s - loss: 4.1956 - accuracy: 0.8750
1/1 [==============================] - 0s 3ms/step - loss: 4.1956 - accuracy: 0.8750
Epoch 18/25

1/1 [==============================] - ETA: 0s - loss: 4.1512 - accuracy: 0.8750
1/1 [==============================] - 0s 4ms/step - loss: 4.1512 - accuracy: 0.8750
Epoch 19/25

1/1 [==============================] - ETA: 0s - loss: 4.1051 - accuracy: 0.8750
1/1 [==============================] - 0s 4ms/step - loss: 4.1051 - accuracy: 0.8750
Epoch 20/25

1/1 [==============================] - ETA: 0s - loss: 4.0571 - accuracy: 0.8750
1/1 [==============================] - 0s 3ms/step - loss: 4.0571 - accuracy: 0.8750
Epoch 21/25

1/1 [==============================] - ETA: 0s - loss: 4.0071 - accuracy: 0.8750
1/1 [==============================] - 0s 4ms/step - loss: 4.0071 - accuracy: 0.8750
Epoch 22/25

1/1 [==============================] - ETA: 0s - loss: 3.9552 - accuracy: 0.8750
1/1 [==============================] - 0s 3ms/step - loss: 3.9552 - accuracy: 0.8750
Epoch 23/25

1/1 [==============================] - ETA: 0s - loss: 3.9012 - accuracy: 0.8750
1/1 [==============================] - 0s 4ms/step - loss: 3.9012 - accuracy: 0.8750
Epoch 24/25

1/1 [==============================] - ETA: 0s - loss: 3.8451 - accuracy: 0.8750
1/1 [==============================] - 0s 4ms/step - loss: 3.8451 - accuracy: 0.8750
Epoch 25/25

1/1 [==============================] - ETA: 0s - loss: 3.7869 - accuracy: 0.8750
1/1 [==============================] - 0s 4ms/step - loss: 3.7869 - accuracy: 0.8750
# node2vec
Epoch 1/25

1/1 [==============================] - ETA: 0s - loss: 4.8694 - accuracy: 0.0625
1/1 [==============================] - 0s 217ms/step - loss: 4.8694 - accuracy: 0.0625
Epoch 2/25

1/1 [==============================] - ETA: 0s - loss: 4.8348 - accuracy: 0.0000e+00
1/1 [==============================] - 0s 2ms/step - loss: 4.8348 - accuracy: 0.0000e+00
Epoch 3/25

1/1 [==============================] - ETA: 0s - loss: 4.8002 - accuracy: 0.0625
1/1 [==============================] - 0s 2ms/step - loss: 4.8002 - accuracy: 0.0625
Epoch 4/25

1/1 [==============================] - ETA: 0s - loss: 4.7657 - accuracy: 0.0625
1/1 [==============================] - 0s 2ms/step - loss: 4.7657 - accuracy: 0.0625
Epoch 5/25

1/1 [==============================] - ETA: 0s - loss: 4.7312 - accuracy: 0.0625
1/1 [==============================] - 0s 3ms/step - loss: 4.7312 - accuracy: 0.0625
Epoch 6/25

1/1 [==============================] - ETA: 0s - loss: 4.6968 - accuracy: 0.0625
1/1 [==============================] - 0s 2ms/step - loss: 4.6968 - accuracy: 0.0625
Epoch 7/25

1/1 [==============================] - ETA: 0s - loss: 4.6624 - accuracy: 0.0625
1/1 [==============================] - 0s 3ms/step - loss: 4.6624 - accuracy: 0.0625
Epoch 8/25

1/1 [==============================] - ETA: 0s - loss: 4.6281 - accuracy: 0.0625
1/1 [==============================] - 0s 3ms/step - loss: 4.6281 - accuracy: 0.0625
Epoch 9/25

1/1 [==============================] - ETA: 0s - loss: 4.5938 - accuracy: 0.1250
1/1 [==============================] - 0s 3ms/step - loss: 4.5938 - accuracy: 0.1250
Epoch 10/25

1/1 [==============================] - ETA: 0s - loss: 4.5596 - accuracy: 0.1875
1/1 [==============================] - 0s 2ms/step - loss: 4.5596 - accuracy: 0.1875
Epoch 11/25

1/1 [==============================] - ETA: 0s - loss: 4.5254 - accuracy: 0.2500
1/1 [==============================] - 0s 3ms/step - loss: 4.5254 - accuracy: 0.2500
Epoch 12/25

1/1 [==============================] - ETA: 0s - loss: 4.4913 - accuracy: 0.2500
1/1 [==============================] - 0s 2ms/step - loss: 4.4913 - accuracy: 0.2500
Epoch 13/25

1/1 [==============================] - ETA: 0s - loss: 4.4573 - accuracy: 0.2500
1/1 [==============================] - 0s 3ms/step - loss: 4.4573 - accuracy: 0.2500
Epoch 14/25

1/1 [==============================] - ETA: 0s - loss: 4.4233 - accuracy: 0.2500
1/1 [==============================] - 0s 2ms/step - loss: 4.4233 - accuracy: 0.2500
Epoch 15/25

1/1 [==============================] - ETA: 0s - loss: 4.3894 - accuracy: 0.2500
1/1 [==============================] - 0s 3ms/step - loss: 4.3894 - accuracy: 0.2500
Epoch 16/25

1/1 [==============================] - ETA: 0s - loss: 4.3556 - accuracy: 0.2500
1/1 [==============================] - 0s 2ms/step - loss: 4.3556 - accuracy: 0.2500
Epoch 17/25

1/1 [==============================] - ETA: 0s - loss: 4.3218 - accuracy: 0.2500
1/1 [==============================] - 0s 2ms/step - loss: 4.3218 - accuracy: 0.2500
Epoch 18/25

1/1 [==============================] - ETA: 0s - loss: 4.2881 - accuracy: 0.2500
1/1 [==============================] - 0s 2ms/step - loss: 4.2881 - accuracy: 0.2500
Epoch 19/25

1/1 [==============================] - ETA: 0s - loss: 4.2545 - accuracy: 0.3125
1/1 [==============================] - 0s 2ms/step - loss: 4.2545 - accuracy: 0.3125
Epoch 20/25

1/1 [==============================] - ETA: 0s - loss: 4.2210 - accuracy: 0.3125
1/1 [==============================] - 0s 2ms/step - loss: 4.2210 - accuracy: 0.3125
Epoch 21/25

1/1 [==============================] - ETA: 0s - loss: 4.1875 - accuracy: 0.3750
1/1 [==============================] - 0s 3ms/step - loss: 4.1875 - accuracy: 0.3750
Epoch 22/25

1/1 [==============================] - ETA: 0s - loss: 4.1541 - accuracy: 0.3750
1/1 [==============================] - 0s 3ms/step - loss: 4.1541 - accuracy: 0.3750
Epoch 23/25

1/1 [==============================] - ETA: 0s - loss: 4.1208 - accuracy: 0.3750
1/1 [==============================] - 0s 2ms/step - loss: 4.1208 - accuracy: 0.3750
Epoch 24/25

1/1 [==============================] - ETA: 0s - loss: 4.0876 - accuracy: 0.3750
1/1 [==============================] - 0s 2ms/step - loss: 4.0876 - accuracy: 0.3750
Epoch 25/25

1/1 [==============================] - ETA: 0s - loss: 4.0545 - accuracy: 0.3750
1/1 [==============================] - 0s 3ms/step - loss: 4.0545 - accuracy: 0.3750
# predict: steps=12
# predict: tnodeembed_metrics
# predict: node2vec_metrics
tnodeembed: {'auc': 0.7112306339322922, 'f1_micro': 0.0, 'f1_macro': 0.0} tNodeEmbed_final_loss=3.786930561065674 tNodeEmbed_final_accuracy=0.875 
node2vec: {'auc': 0.601789982349913, 'f1_micro': 0.0, 'f1_macro': 0.0} node2vec_final_loss=4.054521083831787 node2vec_final_accuracy=0.375 
