# load graph
Processing Static file: filename='CollegeMsg_20040509.csv'
# initialize tNodeEmbed for dataset=COLLEGE_NC, test_size=0.2
# load dataset
# fit
# tNodeEmbed steps_per_epoch=1
Epoch 1/25

1/1 [==============================] - ETA: 0s - loss: 4.7481 - accuracy: 0.1875
1/1 [==============================] - 1s 962ms/step - loss: 4.7481 - accuracy: 0.1875
Epoch 2/25

1/1 [==============================] - ETA: 0s - loss: 4.7253 - accuracy: 0.1250
1/1 [==============================] - 0s 4ms/step - loss: 4.7253 - accuracy: 0.1250
Epoch 3/25

1/1 [==============================] - ETA: 0s - loss: 4.7025 - accuracy: 0.1250
1/1 [==============================] - 0s 8ms/step - loss: 4.7025 - accuracy: 0.1250
Epoch 4/25

1/1 [==============================] - ETA: 0s - loss: 4.6796 - accuracy: 0.2500
1/1 [==============================] - 0s 4ms/step - loss: 4.6796 - accuracy: 0.2500
Epoch 5/25

1/1 [==============================] - ETA: 0s - loss: 4.6566 - accuracy: 0.3125
1/1 [==============================] - 0s 4ms/step - loss: 4.6566 - accuracy: 0.3125
Epoch 6/25

1/1 [==============================] - ETA: 0s - loss: 4.6332 - accuracy: 0.5625
1/1 [==============================] - 0s 4ms/step - loss: 4.6332 - accuracy: 0.5625
Epoch 7/25

1/1 [==============================] - ETA: 0s - loss: 4.6095 - accuracy: 0.5625
1/1 [==============================] - 0s 3ms/step - loss: 4.6095 - accuracy: 0.5625
Epoch 8/25

1/1 [==============================] - ETA: 0s - loss: 4.5852 - accuracy: 0.5625
1/1 [==============================] - 0s 4ms/step - loss: 4.5852 - accuracy: 0.5625
Epoch 9/25

1/1 [==============================] - ETA: 0s - loss: 4.5603 - accuracy: 0.5625
1/1 [==============================] - 0s 5ms/step - loss: 4.5603 - accuracy: 0.5625
Epoch 10/25

1/1 [==============================] - ETA: 0s - loss: 4.5347 - accuracy: 0.5625
1/1 [==============================] - 0s 5ms/step - loss: 4.5347 - accuracy: 0.5625
Epoch 11/25

1/1 [==============================] - ETA: 0s - loss: 4.5083 - accuracy: 0.5625
1/1 [==============================] - 0s 3ms/step - loss: 4.5083 - accuracy: 0.5625
Epoch 12/25

1/1 [==============================] - ETA: 0s - loss: 4.4809 - accuracy: 0.5625
1/1 [==============================] - 0s 4ms/step - loss: 4.4809 - accuracy: 0.5625
Epoch 13/25

1/1 [==============================] - ETA: 0s - loss: 4.4525 - accuracy: 0.5625
1/1 [==============================] - 0s 5ms/step - loss: 4.4525 - accuracy: 0.5625
Epoch 14/25

1/1 [==============================] - ETA: 0s - loss: 4.4231 - accuracy: 0.5625
1/1 [==============================] - 0s 5ms/step - loss: 4.4231 - accuracy: 0.5625
Epoch 15/25

1/1 [==============================] - ETA: 0s - loss: 4.3924 - accuracy: 0.5625
1/1 [==============================] - 0s 3ms/step - loss: 4.3924 - accuracy: 0.5625
Epoch 16/25

1/1 [==============================] - ETA: 0s - loss: 4.3605 - accuracy: 0.5625
1/1 [==============================] - 0s 4ms/step - loss: 4.3605 - accuracy: 0.5625
Epoch 17/25

1/1 [==============================] - ETA: 0s - loss: 4.3273 - accuracy: 0.5625
1/1 [==============================] - 0s 5ms/step - loss: 4.3273 - accuracy: 0.5625
Epoch 18/25

1/1 [==============================] - ETA: 0s - loss: 4.2927 - accuracy: 0.5625
1/1 [==============================] - 0s 3ms/step - loss: 4.2927 - accuracy: 0.5625
Epoch 19/25

1/1 [==============================] - ETA: 0s - loss: 4.2567 - accuracy: 0.5625
1/1 [==============================] - 0s 4ms/step - loss: 4.2567 - accuracy: 0.5625
Epoch 20/25

1/1 [==============================] - ETA: 0s - loss: 4.2193 - accuracy: 0.5625
1/1 [==============================] - 0s 5ms/step - loss: 4.2193 - accuracy: 0.5625
Epoch 21/25

1/1 [==============================] - ETA: 0s - loss: 4.1803 - accuracy: 0.5625
1/1 [==============================] - 0s 6ms/step - loss: 4.1803 - accuracy: 0.5625
Epoch 22/25

1/1 [==============================] - ETA: 0s - loss: 4.1398 - accuracy: 0.5625
1/1 [==============================] - 0s 5ms/step - loss: 4.1398 - accuracy: 0.5625
Epoch 23/25

1/1 [==============================] - ETA: 0s - loss: 4.0977 - accuracy: 0.5625
1/1 [==============================] - 0s 3ms/step - loss: 4.0977 - accuracy: 0.5625
Epoch 24/25

1/1 [==============================] - ETA: 0s - loss: 4.0540 - accuracy: 0.5625
1/1 [==============================] - 0s 4ms/step - loss: 4.0540 - accuracy: 0.5625
Epoch 25/25

1/1 [==============================] - ETA: 0s - loss: 4.0087 - accuracy: 0.5625
1/1 [==============================] - 0s 5ms/step - loss: 4.0087 - accuracy: 0.5625
# node2vec
Epoch 1/25

1/1 [==============================] - ETA: 0s - loss: 4.7466 - accuracy: 0.1875
1/1 [==============================] - 0s 186ms/step - loss: 4.7466 - accuracy: 0.1875
Epoch 2/25

1/1 [==============================] - ETA: 0s - loss: 4.7253 - accuracy: 0.1875
1/1 [==============================] - 0s 2ms/step - loss: 4.7253 - accuracy: 0.1875
Epoch 3/25

1/1 [==============================] - ETA: 0s - loss: 4.7041 - accuracy: 0.1875
1/1 [==============================] - 0s 3ms/step - loss: 4.7041 - accuracy: 0.1875
Epoch 4/25

1/1 [==============================] - ETA: 0s - loss: 4.6828 - accuracy: 0.1875
1/1 [==============================] - 0s 3ms/step - loss: 4.6828 - accuracy: 0.1875
Epoch 5/25

1/1 [==============================] - ETA: 0s - loss: 4.6616 - accuracy: 0.1875
1/1 [==============================] - 0s 2ms/step - loss: 4.6616 - accuracy: 0.1875
Epoch 6/25

1/1 [==============================] - ETA: 0s - loss: 4.6404 - accuracy: 0.1875
1/1 [==============================] - 0s 3ms/step - loss: 4.6404 - accuracy: 0.1875
Epoch 7/25

1/1 [==============================] - ETA: 0s - loss: 4.6192 - accuracy: 0.1875
1/1 [==============================] - 0s 3ms/step - loss: 4.6192 - accuracy: 0.1875
Epoch 8/25

1/1 [==============================] - ETA: 0s - loss: 4.5981 - accuracy: 0.1875
1/1 [==============================] - 0s 3ms/step - loss: 4.5981 - accuracy: 0.1875
Epoch 9/25

1/1 [==============================] - ETA: 0s - loss: 4.5770 - accuracy: 0.1875
1/1 [==============================] - 0s 3ms/step - loss: 4.5770 - accuracy: 0.1875
Epoch 10/25

1/1 [==============================] - ETA: 0s - loss: 4.5559 - accuracy: 0.2500
1/1 [==============================] - 0s 3ms/step - loss: 4.5559 - accuracy: 0.2500
Epoch 11/25

1/1 [==============================] - ETA: 0s - loss: 4.5348 - accuracy: 0.2500
1/1 [==============================] - 0s 3ms/step - loss: 4.5348 - accuracy: 0.2500
Epoch 12/25

1/1 [==============================] - ETA: 0s - loss: 4.5137 - accuracy: 0.2500
1/1 [==============================] - 0s 3ms/step - loss: 4.5137 - accuracy: 0.2500
Epoch 13/25

1/1 [==============================] - ETA: 0s - loss: 4.4927 - accuracy: 0.2500
1/1 [==============================] - 0s 2ms/step - loss: 4.4927 - accuracy: 0.2500
Epoch 14/25

1/1 [==============================] - ETA: 0s - loss: 4.4717 - accuracy: 0.2500
1/1 [==============================] - 0s 3ms/step - loss: 4.4717 - accuracy: 0.2500
Epoch 15/25

1/1 [==============================] - ETA: 0s - loss: 4.4507 - accuracy: 0.3125
1/1 [==============================] - 0s 3ms/step - loss: 4.4507 - accuracy: 0.3125
Epoch 16/25

1/1 [==============================] - ETA: 0s - loss: 4.4298 - accuracy: 0.3750
1/1 [==============================] - 0s 4ms/step - loss: 4.4298 - accuracy: 0.3750
Epoch 17/25

1/1 [==============================] - ETA: 0s - loss: 4.4089 - accuracy: 0.3750
1/1 [==============================] - 0s 2ms/step - loss: 4.4089 - accuracy: 0.3750
Epoch 18/25

1/1 [==============================] - ETA: 0s - loss: 4.3880 - accuracy: 0.4375
1/1 [==============================] - 0s 4ms/step - loss: 4.3880 - accuracy: 0.4375
Epoch 19/25

1/1 [==============================] - ETA: 0s - loss: 4.3672 - accuracy: 0.4375
1/1 [==============================] - 0s 3ms/step - loss: 4.3672 - accuracy: 0.4375
Epoch 20/25

1/1 [==============================] - ETA: 0s - loss: 4.3464 - accuracy: 0.4375
1/1 [==============================] - 0s 3ms/step - loss: 4.3464 - accuracy: 0.4375
Epoch 21/25

1/1 [==============================] - ETA: 0s - loss: 4.3256 - accuracy: 0.4375
1/1 [==============================] - 0s 2ms/step - loss: 4.3256 - accuracy: 0.4375
Epoch 22/25

1/1 [==============================] - ETA: 0s - loss: 4.3049 - accuracy: 0.4375
1/1 [==============================] - 0s 2ms/step - loss: 4.3049 - accuracy: 0.4375
Epoch 23/25

1/1 [==============================] - ETA: 0s - loss: 4.2842 - accuracy: 0.6250
1/1 [==============================] - 0s 3ms/step - loss: 4.2842 - accuracy: 0.6250
Epoch 24/25

1/1 [==============================] - ETA: 0s - loss: 4.2636 - accuracy: 0.6250
1/1 [==============================] - 0s 5ms/step - loss: 4.2636 - accuracy: 0.6250
Epoch 25/25

1/1 [==============================] - ETA: 0s - loss: 4.2430 - accuracy: 0.6250
1/1 [==============================] - 0s 5ms/step - loss: 4.2430 - accuracy: 0.6250
# predict: steps=12
# predict: tnodeembed_metrics
# predict: node2vec_metrics
tnodeembed: {'auc': 0.6452610435613952, 'f1_micro': 0.0, 'f1_macro': 0.0} tNodeEmbed_final_loss=4.008746147155762 tNodeEmbed_final_accuracy=0.5625 
node2vec: {'auc': 0.5811079413134607, 'f1_micro': 0.0, 'f1_macro': 0.0} node2vec_final_loss=4.242969512939453 node2vec_final_accuracy=0.625 
