# load graph
Processing Static file: filename='CollegeMsg_20040421.csv'
# initialize tNodeEmbed for dataset=COLLEGE_NC, test_size=0.2
# load dataset
# fit
# tNodeEmbed steps_per_epoch=1
Epoch 1/25

1/1 [==============================] - ETA: 0s - loss: 4.7335 - accuracy: 0.0000e+00
1/1 [==============================] - 1s 989ms/step - loss: 4.7335 - accuracy: 0.0000e+00
Epoch 2/25

1/1 [==============================] - ETA: 0s - loss: 4.7262 - accuracy: 0.1875
1/1 [==============================] - 0s 4ms/step - loss: 4.7262 - accuracy: 0.1875
Epoch 3/25

1/1 [==============================] - ETA: 0s - loss: 4.7187 - accuracy: 0.1875
1/1 [==============================] - 0s 5ms/step - loss: 4.7187 - accuracy: 0.1875
Epoch 4/25

1/1 [==============================] - ETA: 0s - loss: 4.7111 - accuracy: 0.1875
1/1 [==============================] - 0s 4ms/step - loss: 4.7111 - accuracy: 0.1875
Epoch 5/25

1/1 [==============================] - ETA: 0s - loss: 4.7032 - accuracy: 0.1875
1/1 [==============================] - 0s 5ms/step - loss: 4.7032 - accuracy: 0.1875
Epoch 6/25

1/1 [==============================] - ETA: 0s - loss: 4.6952 - accuracy: 0.1875
1/1 [==============================] - 0s 5ms/step - loss: 4.6952 - accuracy: 0.1875
Epoch 7/25

1/1 [==============================] - ETA: 0s - loss: 4.6868 - accuracy: 0.1875
1/1 [==============================] - 0s 5ms/step - loss: 4.6868 - accuracy: 0.1875
Epoch 8/25

1/1 [==============================] - ETA: 0s - loss: 4.6781 - accuracy: 0.1875
1/1 [==============================] - 0s 4ms/step - loss: 4.6781 - accuracy: 0.1875
Epoch 9/25

1/1 [==============================] - ETA: 0s - loss: 4.6691 - accuracy: 0.1875
1/1 [==============================] - 0s 4ms/step - loss: 4.6691 - accuracy: 0.1875
Epoch 10/25

1/1 [==============================] - ETA: 0s - loss: 4.6597 - accuracy: 0.1875
1/1 [==============================] - 0s 6ms/step - loss: 4.6597 - accuracy: 0.1875
Epoch 11/25

1/1 [==============================] - ETA: 0s - loss: 4.6499 - accuracy: 0.1875
1/1 [==============================] - 0s 4ms/step - loss: 4.6499 - accuracy: 0.1875
Epoch 12/25

1/1 [==============================] - ETA: 0s - loss: 4.6397 - accuracy: 0.1875
1/1 [==============================] - 0s 5ms/step - loss: 4.6397 - accuracy: 0.1875
Epoch 13/25

1/1 [==============================] - ETA: 0s - loss: 4.6291 - accuracy: 0.1875
1/1 [==============================] - 0s 5ms/step - loss: 4.6291 - accuracy: 0.1875
Epoch 14/25

1/1 [==============================] - ETA: 0s - loss: 4.6180 - accuracy: 0.1875
1/1 [==============================] - 0s 4ms/step - loss: 4.6180 - accuracy: 0.1875
Epoch 15/25

1/1 [==============================] - ETA: 0s - loss: 4.6065 - accuracy: 0.1875
1/1 [==============================] - 0s 5ms/step - loss: 4.6065 - accuracy: 0.1875
Epoch 16/25

1/1 [==============================] - ETA: 0s - loss: 4.5946 - accuracy: 0.1875
1/1 [==============================] - 0s 4ms/step - loss: 4.5946 - accuracy: 0.1875
Epoch 17/25

1/1 [==============================] - ETA: 0s - loss: 4.5823 - accuracy: 0.1875
1/1 [==============================] - 0s 4ms/step - loss: 4.5823 - accuracy: 0.1875
Epoch 18/25

1/1 [==============================] - ETA: 0s - loss: 4.5695 - accuracy: 0.1875
1/1 [==============================] - 0s 4ms/step - loss: 4.5695 - accuracy: 0.1875
Epoch 19/25

1/1 [==============================] - ETA: 0s - loss: 4.5563 - accuracy: 0.1875
1/1 [==============================] - 0s 5ms/step - loss: 4.5563 - accuracy: 0.1875
Epoch 20/25

1/1 [==============================] - ETA: 0s - loss: 4.5428 - accuracy: 0.1875
1/1 [==============================] - 0s 5ms/step - loss: 4.5428 - accuracy: 0.1875
Epoch 21/25

1/1 [==============================] - ETA: 0s - loss: 4.5289 - accuracy: 0.1875
1/1 [==============================] - 0s 4ms/step - loss: 4.5289 - accuracy: 0.1875
Epoch 22/25

1/1 [==============================] - ETA: 0s - loss: 4.5147 - accuracy: 0.1875
1/1 [==============================] - 0s 4ms/step - loss: 4.5147 - accuracy: 0.1875
Epoch 23/25

1/1 [==============================] - ETA: 0s - loss: 4.5003 - accuracy: 0.1875
1/1 [==============================] - 0s 5ms/step - loss: 4.5003 - accuracy: 0.1875
Epoch 24/25

1/1 [==============================] - ETA: 0s - loss: 4.4857 - accuracy: 0.1875
1/1 [==============================] - 0s 4ms/step - loss: 4.4857 - accuracy: 0.1875
Epoch 25/25

1/1 [==============================] - ETA: 0s - loss: 4.4710 - accuracy: 0.1875
1/1 [==============================] - 0s 4ms/step - loss: 4.4710 - accuracy: 0.1875
# node2vec
Epoch 1/25

1/1 [==============================] - ETA: 0s - loss: 4.7294 - accuracy: 0.0000e+00
1/1 [==============================] - 0s 183ms/step - loss: 4.7294 - accuracy: 0.0000e+00
Epoch 2/25

1/1 [==============================] - ETA: 0s - loss: 4.7244 - accuracy: 0.1250
1/1 [==============================] - 0s 2ms/step - loss: 4.7244 - accuracy: 0.1250
Epoch 3/25

1/1 [==============================] - ETA: 0s - loss: 4.7193 - accuracy: 0.1250
1/1 [==============================] - 0s 2ms/step - loss: 4.7193 - accuracy: 0.1250
Epoch 4/25

1/1 [==============================] - ETA: 0s - loss: 4.7142 - accuracy: 0.1250
1/1 [==============================] - 0s 5ms/step - loss: 4.7142 - accuracy: 0.1250
Epoch 5/25

1/1 [==============================] - ETA: 0s - loss: 4.7092 - accuracy: 0.1250
1/1 [==============================] - 0s 3ms/step - loss: 4.7092 - accuracy: 0.1250
Epoch 6/25

1/1 [==============================] - ETA: 0s - loss: 4.7041 - accuracy: 0.1250
1/1 [==============================] - 0s 3ms/step - loss: 4.7041 - accuracy: 0.1250
Epoch 7/25

1/1 [==============================] - ETA: 0s - loss: 4.6991 - accuracy: 0.1250
1/1 [==============================] - 0s 2ms/step - loss: 4.6991 - accuracy: 0.1250
Epoch 8/25

1/1 [==============================] - ETA: 0s - loss: 4.6940 - accuracy: 0.1250
1/1 [==============================] - 0s 3ms/step - loss: 4.6940 - accuracy: 0.1250
Epoch 9/25

1/1 [==============================] - ETA: 0s - loss: 4.6890 - accuracy: 0.1250
1/1 [==============================] - 0s 2ms/step - loss: 4.6890 - accuracy: 0.1250
Epoch 10/25

1/1 [==============================] - ETA: 0s - loss: 4.6839 - accuracy: 0.1875
1/1 [==============================] - 0s 4ms/step - loss: 4.6839 - accuracy: 0.1875
Epoch 11/25

1/1 [==============================] - ETA: 0s - loss: 4.6789 - accuracy: 0.1875
1/1 [==============================] - 0s 2ms/step - loss: 4.6789 - accuracy: 0.1875
Epoch 12/25

1/1 [==============================] - ETA: 0s - loss: 4.6738 - accuracy: 0.1875
1/1 [==============================] - 0s 3ms/step - loss: 4.6738 - accuracy: 0.1875
Epoch 13/25

1/1 [==============================] - ETA: 0s - loss: 4.6688 - accuracy: 0.1875
1/1 [==============================] - 0s 5ms/step - loss: 4.6688 - accuracy: 0.1875
Epoch 14/25

1/1 [==============================] - ETA: 0s - loss: 4.6638 - accuracy: 0.1875
1/1 [==============================] - 0s 3ms/step - loss: 4.6638 - accuracy: 0.1875
Epoch 15/25

1/1 [==============================] - ETA: 0s - loss: 4.6587 - accuracy: 0.1875
1/1 [==============================] - 0s 3ms/step - loss: 4.6587 - accuracy: 0.1875
Epoch 16/25

1/1 [==============================] - ETA: 0s - loss: 4.6537 - accuracy: 0.1875
1/1 [==============================] - 0s 4ms/step - loss: 4.6537 - accuracy: 0.1875
Epoch 17/25

1/1 [==============================] - ETA: 0s - loss: 4.6487 - accuracy: 0.1875
1/1 [==============================] - 0s 3ms/step - loss: 4.6487 - accuracy: 0.1875
Epoch 18/25

1/1 [==============================] - ETA: 0s - loss: 4.6437 - accuracy: 0.1875
1/1 [==============================] - 0s 4ms/step - loss: 4.6437 - accuracy: 0.1875
Epoch 19/25

1/1 [==============================] - ETA: 0s - loss: 4.6387 - accuracy: 0.1875
1/1 [==============================] - 0s 4ms/step - loss: 4.6387 - accuracy: 0.1875
Epoch 20/25

1/1 [==============================] - ETA: 0s - loss: 4.6337 - accuracy: 0.1875
1/1 [==============================] - 0s 4ms/step - loss: 4.6337 - accuracy: 0.1875
Epoch 21/25

1/1 [==============================] - ETA: 0s - loss: 4.6287 - accuracy: 0.1875
1/1 [==============================] - 0s 3ms/step - loss: 4.6287 - accuracy: 0.1875
Epoch 22/25

1/1 [==============================] - ETA: 0s - loss: 4.6237 - accuracy: 0.1875
1/1 [==============================] - 0s 3ms/step - loss: 4.6237 - accuracy: 0.1875
Epoch 23/25

1/1 [==============================] - ETA: 0s - loss: 4.6187 - accuracy: 0.1875
1/1 [==============================] - 0s 3ms/step - loss: 4.6187 - accuracy: 0.1875
Epoch 24/25

1/1 [==============================] - ETA: 0s - loss: 4.6137 - accuracy: 0.1875
1/1 [==============================] - 0s 3ms/step - loss: 4.6137 - accuracy: 0.1875
Epoch 25/25

1/1 [==============================] - ETA: 0s - loss: 4.6087 - accuracy: 0.1875
1/1 [==============================] - 0s 3ms/step - loss: 4.6087 - accuracy: 0.1875
# predict: steps=12
# predict: tnodeembed_metrics
# predict: node2vec_metrics
tnodeembed: {'auc': 0.4869476993601843, 'f1_micro': 0.0, 'f1_macro': 0.0} tNodeEmbed_final_loss=4.470987319946289 tNodeEmbed_final_accuracy=0.1875 
node2vec: {'auc': 0.5925520309857084, 'f1_micro': 0.0, 'f1_macro': 0.0} node2vec_final_loss=4.608746528625488 node2vec_final_accuracy=0.1875 
