# load graph
Processing Static file: filename='CollegeMsg_20040507.csv'
# initialize tNodeEmbed for dataset=COLLEGE_NC, test_size=0.2
# load dataset
# fit
# tNodeEmbed steps_per_epoch=1
Epoch 1/25

1/1 [==============================] - ETA: 0s - loss: 4.7305 - accuracy: 0.1250
1/1 [==============================] - 1s 1s/step - loss: 4.7305 - accuracy: 0.1250
Epoch 2/25

1/1 [==============================] - ETA: 0s - loss: 4.7184 - accuracy: 0.1250
1/1 [==============================] - 0s 4ms/step - loss: 4.7184 - accuracy: 0.1250
Epoch 3/25

1/1 [==============================] - ETA: 0s - loss: 4.7062 - accuracy: 0.2500
1/1 [==============================] - 0s 5ms/step - loss: 4.7062 - accuracy: 0.2500
Epoch 4/25

1/1 [==============================] - ETA: 0s - loss: 4.6939 - accuracy: 0.2500
1/1 [==============================] - 0s 4ms/step - loss: 4.6939 - accuracy: 0.2500
Epoch 5/25

1/1 [==============================] - ETA: 0s - loss: 4.6813 - accuracy: 0.2500
1/1 [==============================] - 0s 4ms/step - loss: 4.6813 - accuracy: 0.2500
Epoch 6/25

1/1 [==============================] - ETA: 0s - loss: 4.6685 - accuracy: 0.2500
1/1 [==============================] - 0s 4ms/step - loss: 4.6685 - accuracy: 0.2500
Epoch 7/25

1/1 [==============================] - ETA: 0s - loss: 4.6554 - accuracy: 0.2500
1/1 [==============================] - 0s 4ms/step - loss: 4.6554 - accuracy: 0.2500
Epoch 8/25

1/1 [==============================] - ETA: 0s - loss: 4.6419 - accuracy: 0.2500
1/1 [==============================] - 0s 4ms/step - loss: 4.6419 - accuracy: 0.2500
Epoch 9/25

1/1 [==============================] - ETA: 0s - loss: 4.6279 - accuracy: 0.2500
1/1 [==============================] - 0s 4ms/step - loss: 4.6279 - accuracy: 0.2500
Epoch 10/25

1/1 [==============================] - ETA: 0s - loss: 4.6134 - accuracy: 0.2500
1/1 [==============================] - 0s 4ms/step - loss: 4.6134 - accuracy: 0.2500
Epoch 11/25

1/1 [==============================] - ETA: 0s - loss: 4.5984 - accuracy: 0.2500
1/1 [==============================] - 0s 4ms/step - loss: 4.5984 - accuracy: 0.2500
Epoch 12/25

1/1 [==============================] - ETA: 0s - loss: 4.5828 - accuracy: 0.2500
1/1 [==============================] - 0s 4ms/step - loss: 4.5828 - accuracy: 0.2500
Epoch 13/25

1/1 [==============================] - ETA: 0s - loss: 4.5666 - accuracy: 0.2500
1/1 [==============================] - 0s 5ms/step - loss: 4.5666 - accuracy: 0.2500
Epoch 14/25

1/1 [==============================] - ETA: 0s - loss: 4.5498 - accuracy: 0.2500
1/1 [==============================] - 0s 5ms/step - loss: 4.5498 - accuracy: 0.2500
Epoch 15/25

1/1 [==============================] - ETA: 0s - loss: 4.5323 - accuracy: 0.2500
1/1 [==============================] - 0s 4ms/step - loss: 4.5323 - accuracy: 0.2500
Epoch 16/25

1/1 [==============================] - ETA: 0s - loss: 4.5141 - accuracy: 0.2500
1/1 [==============================] - 0s 8ms/step - loss: 4.5141 - accuracy: 0.2500
Epoch 17/25

1/1 [==============================] - ETA: 0s - loss: 4.4952 - accuracy: 0.2500
1/1 [==============================] - 0s 8ms/step - loss: 4.4952 - accuracy: 0.2500
Epoch 18/25

1/1 [==============================] - ETA: 0s - loss: 4.4756 - accuracy: 0.2500
1/1 [==============================] - 0s 5ms/step - loss: 4.4756 - accuracy: 0.2500
Epoch 19/25

1/1 [==============================] - ETA: 0s - loss: 4.4552 - accuracy: 0.3125
1/1 [==============================] - 0s 5ms/step - loss: 4.4552 - accuracy: 0.3125
Epoch 20/25

1/1 [==============================] - ETA: 0s - loss: 4.4341 - accuracy: 0.3125
1/1 [==============================] - 0s 3ms/step - loss: 4.4341 - accuracy: 0.3125
Epoch 21/25

1/1 [==============================] - ETA: 0s - loss: 4.4122 - accuracy: 0.3125
1/1 [==============================] - 0s 4ms/step - loss: 4.4122 - accuracy: 0.3125
Epoch 22/25

1/1 [==============================] - ETA: 0s - loss: 4.3896 - accuracy: 0.3125
1/1 [==============================] - 0s 4ms/step - loss: 4.3896 - accuracy: 0.3125
Epoch 23/25

1/1 [==============================] - ETA: 0s - loss: 4.3663 - accuracy: 0.3125
1/1 [==============================] - 0s 4ms/step - loss: 4.3663 - accuracy: 0.3125
Epoch 24/25

1/1 [==============================] - ETA: 0s - loss: 4.3423 - accuracy: 0.3125
1/1 [==============================] - 0s 4ms/step - loss: 4.3423 - accuracy: 0.3125
Epoch 25/25

1/1 [==============================] - ETA: 0s - loss: 4.3176 - accuracy: 0.3125
1/1 [==============================] - 0s 3ms/step - loss: 4.3176 - accuracy: 0.3125
# node2vec
Epoch 1/25

1/1 [==============================] - ETA: 0s - loss: 4.7254 - accuracy: 0.1250
1/1 [==============================] - 0s 189ms/step - loss: 4.7254 - accuracy: 0.1250
Epoch 2/25

1/1 [==============================] - ETA: 0s - loss: 4.7158 - accuracy: 0.1250
1/1 [==============================] - 0s 3ms/step - loss: 4.7158 - accuracy: 0.1250
Epoch 3/25

1/1 [==============================] - ETA: 0s - loss: 4.7062 - accuracy: 0.1250
1/1 [==============================] - 0s 2ms/step - loss: 4.7062 - accuracy: 0.1250
Epoch 4/25

1/1 [==============================] - ETA: 0s - loss: 4.6965 - accuracy: 0.1250
1/1 [==============================] - 0s 8ms/step - loss: 4.6965 - accuracy: 0.1250
Epoch 5/25

1/1 [==============================] - ETA: 0s - loss: 4.6869 - accuracy: 0.1250
1/1 [==============================] - 0s 4ms/step - loss: 4.6869 - accuracy: 0.1250
Epoch 6/25

1/1 [==============================] - ETA: 0s - loss: 4.6772 - accuracy: 0.1250
1/1 [==============================] - 0s 4ms/step - loss: 4.6772 - accuracy: 0.1250
Epoch 7/25

1/1 [==============================] - ETA: 0s - loss: 4.6676 - accuracy: 0.1250
1/1 [==============================] - 0s 4ms/step - loss: 4.6676 - accuracy: 0.1250
Epoch 8/25

1/1 [==============================] - ETA: 0s - loss: 4.6580 - accuracy: 0.1250
1/1 [==============================] - 0s 5ms/step - loss: 4.6580 - accuracy: 0.1250
Epoch 9/25

1/1 [==============================] - ETA: 0s - loss: 4.6484 - accuracy: 0.1250
1/1 [==============================] - 0s 3ms/step - loss: 4.6484 - accuracy: 0.1250
Epoch 10/25

1/1 [==============================] - ETA: 0s - loss: 4.6388 - accuracy: 0.1250
1/1 [==============================] - 0s 3ms/step - loss: 4.6388 - accuracy: 0.1250
Epoch 11/25

1/1 [==============================] - ETA: 0s - loss: 4.6292 - accuracy: 0.1250
1/1 [==============================] - 0s 4ms/step - loss: 4.6292 - accuracy: 0.1250
Epoch 12/25

1/1 [==============================] - ETA: 0s - loss: 4.6196 - accuracy: 0.2500
1/1 [==============================] - 0s 3ms/step - loss: 4.6196 - accuracy: 0.2500
Epoch 13/25

1/1 [==============================] - ETA: 0s - loss: 4.6100 - accuracy: 0.2500
1/1 [==============================] - 0s 3ms/step - loss: 4.6100 - accuracy: 0.2500
Epoch 14/25

1/1 [==============================] - ETA: 0s - loss: 4.6004 - accuracy: 0.3125
1/1 [==============================] - 0s 4ms/step - loss: 4.6004 - accuracy: 0.3125
Epoch 15/25

1/1 [==============================] - ETA: 0s - loss: 4.5909 - accuracy: 0.3125
1/1 [==============================] - 0s 3ms/step - loss: 4.5909 - accuracy: 0.3125
Epoch 16/25

1/1 [==============================] - ETA: 0s - loss: 4.5813 - accuracy: 0.3125
1/1 [==============================] - 0s 4ms/step - loss: 4.5813 - accuracy: 0.3125
Epoch 17/25

1/1 [==============================] - ETA: 0s - loss: 4.5718 - accuracy: 0.3125
1/1 [==============================] - 0s 3ms/step - loss: 4.5718 - accuracy: 0.3125
Epoch 18/25

1/1 [==============================] - ETA: 0s - loss: 4.5623 - accuracy: 0.3125
1/1 [==============================] - 0s 2ms/step - loss: 4.5623 - accuracy: 0.3125
Epoch 19/25

1/1 [==============================] - ETA: 0s - loss: 4.5528 - accuracy: 0.3125
1/1 [==============================] - 0s 4ms/step - loss: 4.5528 - accuracy: 0.3125
Epoch 20/25

1/1 [==============================] - ETA: 0s - loss: 4.5433 - accuracy: 0.3125
1/1 [==============================] - 0s 3ms/step - loss: 4.5433 - accuracy: 0.3125
Epoch 21/25

1/1 [==============================] - ETA: 0s - loss: 4.5338 - accuracy: 0.3125
1/1 [==============================] - 0s 3ms/step - loss: 4.5338 - accuracy: 0.3125
Epoch 22/25

1/1 [==============================] - ETA: 0s - loss: 4.5243 - accuracy: 0.3125
1/1 [==============================] - 0s 3ms/step - loss: 4.5243 - accuracy: 0.3125
Epoch 23/25

1/1 [==============================] - ETA: 0s - loss: 4.5149 - accuracy: 0.3125
1/1 [==============================] - 0s 2ms/step - loss: 4.5149 - accuracy: 0.3125
Epoch 24/25

1/1 [==============================] - ETA: 0s - loss: 4.5055 - accuracy: 0.3125
1/1 [==============================] - 0s 3ms/step - loss: 4.5055 - accuracy: 0.3125
Epoch 25/25

1/1 [==============================] - ETA: 0s - loss: 4.4960 - accuracy: 0.3125
1/1 [==============================] - 0s 3ms/step - loss: 4.4960 - accuracy: 0.3125
# predict: steps=12
# predict: tnodeembed_metrics
# predict: node2vec_metrics
tnodeembed: {'auc': 0.7048136628833378, 'f1_micro': 0.0, 'f1_macro': 0.0} tNodeEmbed_final_loss=4.317575454711914 tNodeEmbed_final_accuracy=0.3125 
node2vec: {'auc': 0.643487608168068, 'f1_micro': 0.0, 'f1_macro': 0.0} node2vec_final_loss=4.4960479736328125 node2vec_final_accuracy=0.3125 
