# load graph
Processing Static file: filename='CollegeMsg_20040902.csv'
# initialize tNodeEmbed for dataset=COLLEGE_NC, test_size=0.2
# load dataset
# fit
# tNodeEmbed steps_per_epoch=1
Epoch 1/25

1/1 [==============================] - ETA: 0s - loss: 4.7308 - accuracy: 0.0000e+00
1/1 [==============================] - 1s 1s/step - loss: 4.7308 - accuracy: 0.0000e+00
Epoch 2/25

1/1 [==============================] - ETA: 0s - loss: 4.6973 - accuracy: 0.1250
1/1 [==============================] - 0s 4ms/step - loss: 4.6973 - accuracy: 0.1250
Epoch 3/25

1/1 [==============================] - ETA: 0s - loss: 4.6635 - accuracy: 0.1250
1/1 [==============================] - 0s 5ms/step - loss: 4.6635 - accuracy: 0.1250
Epoch 4/25

1/1 [==============================] - ETA: 0s - loss: 4.6295 - accuracy: 0.4375
1/1 [==============================] - 0s 6ms/step - loss: 4.6295 - accuracy: 0.4375
Epoch 5/25

1/1 [==============================] - ETA: 0s - loss: 4.5950 - accuracy: 0.5000
1/1 [==============================] - 0s 5ms/step - loss: 4.5950 - accuracy: 0.5000
Epoch 6/25

1/1 [==============================] - ETA: 0s - loss: 4.5600 - accuracy: 0.5625
1/1 [==============================] - 0s 5ms/step - loss: 4.5600 - accuracy: 0.5625
Epoch 7/25

1/1 [==============================] - ETA: 0s - loss: 4.5243 - accuracy: 0.6250
1/1 [==============================] - 0s 6ms/step - loss: 4.5243 - accuracy: 0.6250
Epoch 8/25

1/1 [==============================] - ETA: 0s - loss: 4.4878 - accuracy: 0.7500
1/1 [==============================] - 0s 5ms/step - loss: 4.4878 - accuracy: 0.7500
Epoch 9/25

1/1 [==============================] - ETA: 0s - loss: 4.4504 - accuracy: 0.8125
1/1 [==============================] - 0s 6ms/step - loss: 4.4504 - accuracy: 0.8125
Epoch 10/25

1/1 [==============================] - ETA: 0s - loss: 4.4119 - accuracy: 0.9375
1/1 [==============================] - 0s 5ms/step - loss: 4.4119 - accuracy: 0.9375
Epoch 11/25

1/1 [==============================] - ETA: 0s - loss: 4.3721 - accuracy: 0.9375
1/1 [==============================] - 0s 5ms/step - loss: 4.3721 - accuracy: 0.9375
Epoch 12/25

1/1 [==============================] - ETA: 0s - loss: 4.3311 - accuracy: 0.9375
1/1 [==============================] - 0s 5ms/step - loss: 4.3311 - accuracy: 0.9375
Epoch 13/25

1/1 [==============================] - ETA: 0s - loss: 4.2886 - accuracy: 0.9375
1/1 [==============================] - 0s 6ms/step - loss: 4.2886 - accuracy: 0.9375
Epoch 14/25

1/1 [==============================] - ETA: 0s - loss: 4.2445 - accuracy: 0.9375
1/1 [==============================] - 0s 5ms/step - loss: 4.2445 - accuracy: 0.9375
Epoch 15/25

1/1 [==============================] - ETA: 0s - loss: 4.1988 - accuracy: 0.9375
1/1 [==============================] - 0s 7ms/step - loss: 4.1988 - accuracy: 0.9375
Epoch 16/25

1/1 [==============================] - ETA: 0s - loss: 4.1513 - accuracy: 0.9375
1/1 [==============================] - 0s 6ms/step - loss: 4.1513 - accuracy: 0.9375
Epoch 17/25

1/1 [==============================] - ETA: 0s - loss: 4.1019 - accuracy: 0.9375
1/1 [==============================] - 0s 7ms/step - loss: 4.1019 - accuracy: 0.9375
Epoch 18/25

1/1 [==============================] - ETA: 0s - loss: 4.0506 - accuracy: 0.9375
1/1 [==============================] - 0s 7ms/step - loss: 4.0506 - accuracy: 0.9375
Epoch 19/25

1/1 [==============================] - ETA: 0s - loss: 3.9973 - accuracy: 0.9375
1/1 [==============================] - 0s 7ms/step - loss: 3.9973 - accuracy: 0.9375
Epoch 20/25

1/1 [==============================] - ETA: 0s - loss: 3.9419 - accuracy: 0.9375
1/1 [==============================] - 0s 7ms/step - loss: 3.9419 - accuracy: 0.9375
Epoch 21/25

1/1 [==============================] - ETA: 0s - loss: 3.8843 - accuracy: 0.9375
1/1 [==============================] - 0s 6ms/step - loss: 3.8843 - accuracy: 0.9375
Epoch 22/25

1/1 [==============================] - ETA: 0s - loss: 3.8244 - accuracy: 0.9375
1/1 [==============================] - 0s 6ms/step - loss: 3.8244 - accuracy: 0.9375
Epoch 23/25

1/1 [==============================] - ETA: 0s - loss: 3.7623 - accuracy: 0.9375
1/1 [==============================] - 0s 7ms/step - loss: 3.7623 - accuracy: 0.9375
Epoch 24/25

1/1 [==============================] - ETA: 0s - loss: 3.6979 - accuracy: 0.9375
1/1 [==============================] - 0s 8ms/step - loss: 3.6979 - accuracy: 0.9375
Epoch 25/25

1/1 [==============================] - ETA: 0s - loss: 3.6311 - accuracy: 0.9375
1/1 [==============================] - 0s 7ms/step - loss: 3.6311 - accuracy: 0.9375
# node2vec
Epoch 1/25

1/1 [==============================] - ETA: 0s - loss: 4.9372 - accuracy: 0.0000e+00
1/1 [==============================] - 0s 189ms/step - loss: 4.9372 - accuracy: 0.0000e+00
Epoch 2/25

1/1 [==============================] - ETA: 0s - loss: 4.8969 - accuracy: 0.0000e+00
1/1 [==============================] - 0s 3ms/step - loss: 4.8969 - accuracy: 0.0000e+00
Epoch 3/25

1/1 [==============================] - ETA: 0s - loss: 4.8566 - accuracy: 0.0000e+00
1/1 [==============================] - 0s 5ms/step - loss: 4.8566 - accuracy: 0.0000e+00
Epoch 4/25

1/1 [==============================] - ETA: 0s - loss: 4.8164 - accuracy: 0.0000e+00
1/1 [==============================] - 0s 7ms/step - loss: 4.8164 - accuracy: 0.0000e+00
Epoch 5/25

1/1 [==============================] - ETA: 0s - loss: 4.7763 - accuracy: 0.0000e+00
1/1 [==============================] - 0s 5ms/step - loss: 4.7763 - accuracy: 0.0000e+00
Epoch 6/25

1/1 [==============================] - ETA: 0s - loss: 4.7362 - accuracy: 0.0000e+00
1/1 [==============================] - 0s 5ms/step - loss: 4.7362 - accuracy: 0.0000e+00
Epoch 7/25

1/1 [==============================] - ETA: 0s - loss: 4.6962 - accuracy: 0.0000e+00
1/1 [==============================] - 0s 4ms/step - loss: 4.6962 - accuracy: 0.0000e+00
Epoch 8/25

1/1 [==============================] - ETA: 0s - loss: 4.6563 - accuracy: 0.0000e+00
1/1 [==============================] - 0s 4ms/step - loss: 4.6563 - accuracy: 0.0000e+00
Epoch 9/25

1/1 [==============================] - ETA: 0s - loss: 4.6164 - accuracy: 0.1250
1/1 [==============================] - 0s 4ms/step - loss: 4.6164 - accuracy: 0.1250
Epoch 10/25

1/1 [==============================] - ETA: 0s - loss: 4.5766 - accuracy: 0.1250
1/1 [==============================] - 0s 4ms/step - loss: 4.5766 - accuracy: 0.1250
Epoch 11/25

1/1 [==============================] - ETA: 0s - loss: 4.5369 - accuracy: 0.1250
1/1 [==============================] - 0s 4ms/step - loss: 4.5369 - accuracy: 0.1250
Epoch 12/25

1/1 [==============================] - ETA: 0s - loss: 4.4973 - accuracy: 0.1250
1/1 [==============================] - 0s 4ms/step - loss: 4.4973 - accuracy: 0.1250
Epoch 13/25

1/1 [==============================] - ETA: 0s - loss: 4.4577 - accuracy: 0.1250
1/1 [==============================] - 0s 3ms/step - loss: 4.4577 - accuracy: 0.1250
Epoch 14/25

1/1 [==============================] - ETA: 0s - loss: 4.4182 - accuracy: 0.1250
1/1 [==============================] - 0s 3ms/step - loss: 4.4182 - accuracy: 0.1250
Epoch 15/25

1/1 [==============================] - ETA: 0s - loss: 4.3788 - accuracy: 0.1250
1/1 [==============================] - 0s 3ms/step - loss: 4.3788 - accuracy: 0.1250
Epoch 16/25

1/1 [==============================] - ETA: 0s - loss: 4.3395 - accuracy: 0.1250
1/1 [==============================] - 0s 3ms/step - loss: 4.3395 - accuracy: 0.1250
Epoch 17/25

1/1 [==============================] - ETA: 0s - loss: 4.3003 - accuracy: 0.1250
1/1 [==============================] - 0s 3ms/step - loss: 4.3003 - accuracy: 0.1250
Epoch 18/25

1/1 [==============================] - ETA: 0s - loss: 4.2612 - accuracy: 0.1250
1/1 [==============================] - 0s 4ms/step - loss: 4.2612 - accuracy: 0.1250
Epoch 19/25

1/1 [==============================] - ETA: 0s - loss: 4.2222 - accuracy: 0.1875
1/1 [==============================] - 0s 3ms/step - loss: 4.2222 - accuracy: 0.1875
Epoch 20/25

1/1 [==============================] - ETA: 0s - loss: 4.1832 - accuracy: 0.2500
1/1 [==============================] - 0s 4ms/step - loss: 4.1832 - accuracy: 0.2500
Epoch 21/25

1/1 [==============================] - ETA: 0s - loss: 4.1444 - accuracy: 0.2500
1/1 [==============================] - 0s 4ms/step - loss: 4.1444 - accuracy: 0.2500
Epoch 22/25

1/1 [==============================] - ETA: 0s - loss: 4.1057 - accuracy: 0.2500
1/1 [==============================] - 0s 4ms/step - loss: 4.1057 - accuracy: 0.2500
Epoch 23/25

1/1 [==============================] - ETA: 0s - loss: 4.0671 - accuracy: 0.2500
1/1 [==============================] - 0s 3ms/step - loss: 4.0671 - accuracy: 0.2500
Epoch 24/25

1/1 [==============================] - ETA: 0s - loss: 4.0286 - accuracy: 0.3750
1/1 [==============================] - 0s 3ms/step - loss: 4.0286 - accuracy: 0.3750
Epoch 25/25

1/1 [==============================] - ETA: 0s - loss: 3.9902 - accuracy: 0.3750
1/1 [==============================] - 0s 3ms/step - loss: 3.9902 - accuracy: 0.3750
# predict: steps=12
# predict: tnodeembed_metrics
# predict: node2vec_metrics
tnodeembed: {'auc': 0.748146465079793, 'f1_micro': 0.0, 'f1_macro': 0.0} tNodeEmbed_final_loss=3.631129026412964 tNodeEmbed_final_accuracy=0.9375 
node2vec: {'auc': 0.6424546797244626, 'f1_micro': 0.0, 'f1_macro': 0.0} node2vec_final_loss=3.9901626110076904 node2vec_final_accuracy=0.375 
