# load graph
Processing Static file: filename='CollegeMsg_20040716.csv'
# initialize tNodeEmbed for dataset=COLLEGE_NC, test_size=0.2
# load dataset
# fit
# tNodeEmbed steps_per_epoch=1
Epoch 1/25

1/1 [==============================] - ETA: 0s - loss: 4.7339 - accuracy: 0.0000e+00
1/1 [==============================] - 1s 1s/step - loss: 4.7339 - accuracy: 0.0000e+00
Epoch 2/25

1/1 [==============================] - ETA: 0s - loss: 4.6974 - accuracy: 0.0625
1/1 [==============================] - 0s 4ms/step - loss: 4.6974 - accuracy: 0.0625
Epoch 3/25

1/1 [==============================] - ETA: 0s - loss: 4.6606 - accuracy: 0.1875
1/1 [==============================] - 0s 8ms/step - loss: 4.6606 - accuracy: 0.1875
Epoch 4/25

1/1 [==============================] - ETA: 0s - loss: 4.6236 - accuracy: 0.5625
1/1 [==============================] - 0s 5ms/step - loss: 4.6236 - accuracy: 0.5625
Epoch 5/25

1/1 [==============================] - ETA: 0s - loss: 4.5862 - accuracy: 0.6250
1/1 [==============================] - 0s 5ms/step - loss: 4.5862 - accuracy: 0.6250
Epoch 6/25

1/1 [==============================] - ETA: 0s - loss: 4.5483 - accuracy: 0.6875
1/1 [==============================] - 0s 5ms/step - loss: 4.5483 - accuracy: 0.6875
Epoch 7/25

1/1 [==============================] - ETA: 0s - loss: 4.5096 - accuracy: 0.8750
1/1 [==============================] - 0s 4ms/step - loss: 4.5096 - accuracy: 0.8750
Epoch 8/25

1/1 [==============================] - ETA: 0s - loss: 4.4700 - accuracy: 0.8750
1/1 [==============================] - 0s 5ms/step - loss: 4.4700 - accuracy: 0.8750
Epoch 9/25

1/1 [==============================] - ETA: 0s - loss: 4.4294 - accuracy: 0.8750
1/1 [==============================] - 0s 4ms/step - loss: 4.4294 - accuracy: 0.8750
Epoch 10/25

1/1 [==============================] - ETA: 0s - loss: 4.3875 - accuracy: 1.0000
1/1 [==============================] - 0s 5ms/step - loss: 4.3875 - accuracy: 1.0000
Epoch 11/25

1/1 [==============================] - ETA: 0s - loss: 4.3443 - accuracy: 1.0000
1/1 [==============================] - 0s 4ms/step - loss: 4.3443 - accuracy: 1.0000
Epoch 12/25

1/1 [==============================] - ETA: 0s - loss: 4.2996 - accuracy: 1.0000
1/1 [==============================] - 0s 4ms/step - loss: 4.2996 - accuracy: 1.0000
Epoch 13/25

1/1 [==============================] - ETA: 0s - loss: 4.2533 - accuracy: 1.0000
1/1 [==============================] - 0s 4ms/step - loss: 4.2533 - accuracy: 1.0000
Epoch 14/25

1/1 [==============================] - ETA: 0s - loss: 4.2052 - accuracy: 1.0000
1/1 [==============================] - 0s 5ms/step - loss: 4.2052 - accuracy: 1.0000
Epoch 15/25

1/1 [==============================] - ETA: 0s - loss: 4.1552 - accuracy: 1.0000
1/1 [==============================] - 0s 6ms/step - loss: 4.1552 - accuracy: 1.0000
Epoch 16/25

1/1 [==============================] - ETA: 0s - loss: 4.1032 - accuracy: 1.0000
1/1 [==============================] - 0s 5ms/step - loss: 4.1032 - accuracy: 1.0000
Epoch 17/25

1/1 [==============================] - ETA: 0s - loss: 4.0491 - accuracy: 1.0000
1/1 [==============================] - 0s 5ms/step - loss: 4.0491 - accuracy: 1.0000
Epoch 18/25

1/1 [==============================] - ETA: 0s - loss: 3.9928 - accuracy: 1.0000
1/1 [==============================] - 0s 5ms/step - loss: 3.9928 - accuracy: 1.0000
Epoch 19/25

1/1 [==============================] - ETA: 0s - loss: 3.9342 - accuracy: 1.0000
1/1 [==============================] - 0s 4ms/step - loss: 3.9342 - accuracy: 1.0000
Epoch 20/25

1/1 [==============================] - ETA: 0s - loss: 3.8733 - accuracy: 1.0000
1/1 [==============================] - 0s 4ms/step - loss: 3.8733 - accuracy: 1.0000
Epoch 21/25

1/1 [==============================] - ETA: 0s - loss: 3.8099 - accuracy: 1.0000
1/1 [==============================] - 0s 4ms/step - loss: 3.8099 - accuracy: 1.0000
Epoch 22/25

1/1 [==============================] - ETA: 0s - loss: 3.7440 - accuracy: 1.0000
1/1 [==============================] - 0s 4ms/step - loss: 3.7440 - accuracy: 1.0000
Epoch 23/25

1/1 [==============================] - ETA: 0s - loss: 3.6756 - accuracy: 1.0000
1/1 [==============================] - 0s 5ms/step - loss: 3.6756 - accuracy: 1.0000
Epoch 24/25

1/1 [==============================] - ETA: 0s - loss: 3.6046 - accuracy: 1.0000
1/1 [==============================] - 0s 4ms/step - loss: 3.6046 - accuracy: 1.0000
Epoch 25/25

1/1 [==============================] - ETA: 0s - loss: 3.5310 - accuracy: 1.0000
1/1 [==============================] - 0s 4ms/step - loss: 3.5310 - accuracy: 1.0000
# node2vec
Epoch 1/25

1/1 [==============================] - ETA: 0s - loss: 4.8831 - accuracy: 0.0000e+00
1/1 [==============================] - 0s 190ms/step - loss: 4.8831 - accuracy: 0.0000e+00
Epoch 2/25

1/1 [==============================] - ETA: 0s - loss: 4.8433 - accuracy: 0.0000e+00
1/1 [==============================] - 0s 3ms/step - loss: 4.8433 - accuracy: 0.0000e+00
Epoch 3/25

1/1 [==============================] - ETA: 0s - loss: 4.8034 - accuracy: 0.0000e+00
1/1 [==============================] - 0s 5ms/step - loss: 4.8034 - accuracy: 0.0000e+00
Epoch 4/25

1/1 [==============================] - ETA: 0s - loss: 4.7637 - accuracy: 0.0000e+00
1/1 [==============================] - 0s 3ms/step - loss: 4.7637 - accuracy: 0.0000e+00
Epoch 5/25

1/1 [==============================] - ETA: 0s - loss: 4.7240 - accuracy: 0.0000e+00
1/1 [==============================] - 0s 3ms/step - loss: 4.7240 - accuracy: 0.0000e+00
Epoch 6/25

1/1 [==============================] - ETA: 0s - loss: 4.6843 - accuracy: 0.0000e+00
1/1 [==============================] - 0s 4ms/step - loss: 4.6843 - accuracy: 0.0000e+00
Epoch 7/25

1/1 [==============================] - ETA: 0s - loss: 4.6447 - accuracy: 0.0000e+00
1/1 [==============================] - 0s 2ms/step - loss: 4.6447 - accuracy: 0.0000e+00
Epoch 8/25

1/1 [==============================] - ETA: 0s - loss: 4.6052 - accuracy: 0.0000e+00
1/1 [==============================] - 0s 3ms/step - loss: 4.6052 - accuracy: 0.0000e+00
Epoch 9/25

1/1 [==============================] - ETA: 0s - loss: 4.5657 - accuracy: 0.0000e+00
1/1 [==============================] - 0s 3ms/step - loss: 4.5657 - accuracy: 0.0000e+00
Epoch 10/25

1/1 [==============================] - ETA: 0s - loss: 4.5263 - accuracy: 0.0000e+00
1/1 [==============================] - 0s 3ms/step - loss: 4.5263 - accuracy: 0.0000e+00
Epoch 11/25

1/1 [==============================] - ETA: 0s - loss: 4.4869 - accuracy: 0.0625
1/1 [==============================] - 0s 3ms/step - loss: 4.4869 - accuracy: 0.0625
Epoch 12/25

1/1 [==============================] - ETA: 0s - loss: 4.4477 - accuracy: 0.0625
1/1 [==============================] - 0s 3ms/step - loss: 4.4477 - accuracy: 0.0625
Epoch 13/25

1/1 [==============================] - ETA: 0s - loss: 4.4085 - accuracy: 0.0625
1/1 [==============================] - 0s 2ms/step - loss: 4.4085 - accuracy: 0.0625
Epoch 14/25

1/1 [==============================] - ETA: 0s - loss: 4.3693 - accuracy: 0.0625
1/1 [==============================] - 0s 3ms/step - loss: 4.3693 - accuracy: 0.0625
Epoch 15/25

1/1 [==============================] - ETA: 0s - loss: 4.3303 - accuracy: 0.1250
1/1 [==============================] - 0s 3ms/step - loss: 4.3303 - accuracy: 0.1250
Epoch 16/25

1/1 [==============================] - ETA: 0s - loss: 4.2913 - accuracy: 0.1875
1/1 [==============================] - 0s 2ms/step - loss: 4.2913 - accuracy: 0.1875
Epoch 17/25

1/1 [==============================] - ETA: 0s - loss: 4.2524 - accuracy: 0.1875
1/1 [==============================] - 0s 2ms/step - loss: 4.2524 - accuracy: 0.1875
Epoch 18/25

1/1 [==============================] - ETA: 0s - loss: 4.2137 - accuracy: 0.1875
1/1 [==============================] - 0s 2ms/step - loss: 4.2137 - accuracy: 0.1875
Epoch 19/25

1/1 [==============================] - ETA: 0s - loss: 4.1750 - accuracy: 0.2500
1/1 [==============================] - 0s 3ms/step - loss: 4.1750 - accuracy: 0.2500
Epoch 20/25

1/1 [==============================] - ETA: 0s - loss: 4.1363 - accuracy: 0.3125
1/1 [==============================] - 0s 3ms/step - loss: 4.1363 - accuracy: 0.3125
Epoch 21/25

1/1 [==============================] - ETA: 0s - loss: 4.0978 - accuracy: 0.3125
1/1 [==============================] - 0s 3ms/step - loss: 4.0978 - accuracy: 0.3125
Epoch 22/25

1/1 [==============================] - ETA: 0s - loss: 4.0594 - accuracy: 0.3125
1/1 [==============================] - 0s 3ms/step - loss: 4.0594 - accuracy: 0.3125
Epoch 23/25

1/1 [==============================] - ETA: 0s - loss: 4.0211 - accuracy: 0.4375
1/1 [==============================] - 0s 3ms/step - loss: 4.0211 - accuracy: 0.4375
Epoch 24/25

1/1 [==============================] - ETA: 0s - loss: 3.9829 - accuracy: 0.5625
1/1 [==============================] - 0s 2ms/step - loss: 3.9829 - accuracy: 0.5625
Epoch 25/25

1/1 [==============================] - ETA: 0s - loss: 3.9448 - accuracy: 0.6250
1/1 [==============================] - 0s 3ms/step - loss: 3.9448 - accuracy: 0.6250
# predict: steps=12
# predict: tnodeembed_metrics
# predict: node2vec_metrics
tnodeembed: {'auc': 0.7415162527884686, 'f1_micro': 0.0, 'f1_macro': 0.0} tNodeEmbed_final_loss=3.5309877395629883 tNodeEmbed_final_accuracy=1.0 
node2vec: {'auc': 0.6710314882455323, 'f1_micro': 0.0, 'f1_macro': 0.0} node2vec_final_loss=3.944761276245117 node2vec_final_accuracy=0.625 
