# load graph
Processing Static file: filename='CollegeMsg_20040923.csv'
# initialize tNodeEmbed for dataset=COLLEGE_NC, test_size=0.2
# load dataset
# fit
# tNodeEmbed steps_per_epoch=1
Epoch 1/25

1/1 [==============================] - ETA: 0s - loss: 4.7156 - accuracy: 0.0000e+00
1/1 [==============================] - 1s 1s/step - loss: 4.7156 - accuracy: 0.0000e+00
Epoch 2/25

1/1 [==============================] - ETA: 0s - loss: 4.6799 - accuracy: 0.1250
1/1 [==============================] - 0s 4ms/step - loss: 4.6799 - accuracy: 0.1250
Epoch 3/25

1/1 [==============================] - ETA: 0s - loss: 4.6440 - accuracy: 0.2500
1/1 [==============================] - 0s 8ms/step - loss: 4.6440 - accuracy: 0.2500
Epoch 4/25

1/1 [==============================] - ETA: 0s - loss: 4.6079 - accuracy: 0.4375
1/1 [==============================] - 0s 6ms/step - loss: 4.6079 - accuracy: 0.4375
Epoch 5/25

1/1 [==============================] - ETA: 0s - loss: 4.5714 - accuracy: 0.7500
1/1 [==============================] - 0s 7ms/step - loss: 4.5714 - accuracy: 0.7500
Epoch 6/25

1/1 [==============================] - ETA: 0s - loss: 4.5343 - accuracy: 0.8125
1/1 [==============================] - 0s 6ms/step - loss: 4.5343 - accuracy: 0.8125
Epoch 7/25

1/1 [==============================] - ETA: 0s - loss: 4.4965 - accuracy: 0.8750
1/1 [==============================] - 0s 7ms/step - loss: 4.4965 - accuracy: 0.8750
Epoch 8/25

1/1 [==============================] - ETA: 0s - loss: 4.4578 - accuracy: 0.8750
1/1 [==============================] - 0s 6ms/step - loss: 4.4578 - accuracy: 0.8750
Epoch 9/25

1/1 [==============================] - ETA: 0s - loss: 4.4182 - accuracy: 0.9375
1/1 [==============================] - 0s 6ms/step - loss: 4.4182 - accuracy: 0.9375
Epoch 10/25

1/1 [==============================] - ETA: 0s - loss: 4.3774 - accuracy: 1.0000
1/1 [==============================] - 0s 6ms/step - loss: 4.3774 - accuracy: 1.0000
Epoch 11/25

1/1 [==============================] - ETA: 0s - loss: 4.3353 - accuracy: 1.0000
1/1 [==============================] - 0s 6ms/step - loss: 4.3353 - accuracy: 1.0000
Epoch 12/25

1/1 [==============================] - ETA: 0s - loss: 4.2918 - accuracy: 1.0000
1/1 [==============================] - 0s 6ms/step - loss: 4.2918 - accuracy: 1.0000
Epoch 13/25

1/1 [==============================] - ETA: 0s - loss: 4.2467 - accuracy: 1.0000
1/1 [==============================] - 0s 6ms/step - loss: 4.2467 - accuracy: 1.0000
Epoch 14/25

1/1 [==============================] - ETA: 0s - loss: 4.2000 - accuracy: 1.0000
1/1 [==============================] - 0s 6ms/step - loss: 4.2000 - accuracy: 1.0000
Epoch 15/25

1/1 [==============================] - ETA: 0s - loss: 4.1515 - accuracy: 1.0000
1/1 [==============================] - 0s 6ms/step - loss: 4.1515 - accuracy: 1.0000
Epoch 16/25

1/1 [==============================] - ETA: 0s - loss: 4.1011 - accuracy: 1.0000
1/1 [==============================] - 0s 6ms/step - loss: 4.1011 - accuracy: 1.0000
Epoch 17/25

1/1 [==============================] - ETA: 0s - loss: 4.0487 - accuracy: 1.0000
1/1 [==============================] - 0s 7ms/step - loss: 4.0487 - accuracy: 1.0000
Epoch 18/25

1/1 [==============================] - ETA: 0s - loss: 3.9942 - accuracy: 1.0000
1/1 [==============================] - 0s 6ms/step - loss: 3.9942 - accuracy: 1.0000
Epoch 19/25

1/1 [==============================] - ETA: 0s - loss: 3.9376 - accuracy: 1.0000
1/1 [==============================] - 0s 6ms/step - loss: 3.9376 - accuracy: 1.0000
Epoch 20/25

1/1 [==============================] - ETA: 0s - loss: 3.8787 - accuracy: 1.0000
1/1 [==============================] - 0s 5ms/step - loss: 3.8787 - accuracy: 1.0000
Epoch 21/25

1/1 [==============================] - ETA: 0s - loss: 3.8174 - accuracy: 1.0000
1/1 [==============================] - 0s 5ms/step - loss: 3.8174 - accuracy: 1.0000
Epoch 22/25

1/1 [==============================] - ETA: 0s - loss: 3.7538 - accuracy: 1.0000
1/1 [==============================] - 0s 6ms/step - loss: 3.7538 - accuracy: 1.0000
Epoch 23/25

1/1 [==============================] - ETA: 0s - loss: 3.6877 - accuracy: 1.0000
1/1 [==============================] - 0s 5ms/step - loss: 3.6877 - accuracy: 1.0000
Epoch 24/25

1/1 [==============================] - ETA: 0s - loss: 3.6192 - accuracy: 1.0000
1/1 [==============================] - 0s 5ms/step - loss: 3.6192 - accuracy: 1.0000
Epoch 25/25

1/1 [==============================] - ETA: 0s - loss: 3.5481 - accuracy: 1.0000
1/1 [==============================] - 0s 4ms/step - loss: 3.5481 - accuracy: 1.0000
# node2vec
Epoch 1/25

1/1 [==============================] - ETA: 0s - loss: 4.6637 - accuracy: 0.0000e+00
1/1 [==============================] - 0s 210ms/step - loss: 4.6637 - accuracy: 0.0000e+00
Epoch 2/25

1/1 [==============================] - ETA: 0s - loss: 4.6243 - accuracy: 0.0000e+00
1/1 [==============================] - 0s 5ms/step - loss: 4.6243 - accuracy: 0.0000e+00
Epoch 3/25

1/1 [==============================] - ETA: 0s - loss: 4.5850 - accuracy: 0.0625
1/1 [==============================] - 0s 5ms/step - loss: 4.5850 - accuracy: 0.0625
Epoch 4/25

1/1 [==============================] - ETA: 0s - loss: 4.5458 - accuracy: 0.0625
1/1 [==============================] - 0s 6ms/step - loss: 4.5458 - accuracy: 0.0625
Epoch 5/25

1/1 [==============================] - ETA: 0s - loss: 4.5066 - accuracy: 0.0625
1/1 [==============================] - 0s 5ms/step - loss: 4.5066 - accuracy: 0.0625
Epoch 6/25

1/1 [==============================] - ETA: 0s - loss: 4.4674 - accuracy: 0.0625
1/1 [==============================] - 0s 5ms/step - loss: 4.4674 - accuracy: 0.0625
Epoch 7/25

1/1 [==============================] - ETA: 0s - loss: 4.4284 - accuracy: 0.0625
1/1 [==============================] - 0s 5ms/step - loss: 4.4284 - accuracy: 0.0625
Epoch 8/25

1/1 [==============================] - ETA: 0s - loss: 4.3893 - accuracy: 0.0625
1/1 [==============================] - 0s 5ms/step - loss: 4.3893 - accuracy: 0.0625
Epoch 9/25

1/1 [==============================] - ETA: 0s - loss: 4.3504 - accuracy: 0.0625
1/1 [==============================] - 0s 4ms/step - loss: 4.3504 - accuracy: 0.0625
Epoch 10/25

1/1 [==============================] - ETA: 0s - loss: 4.3115 - accuracy: 0.1250
1/1 [==============================] - 0s 4ms/step - loss: 4.3115 - accuracy: 0.1250
Epoch 11/25

1/1 [==============================] - ETA: 0s - loss: 4.2727 - accuracy: 0.1875
1/1 [==============================] - 0s 5ms/step - loss: 4.2727 - accuracy: 0.1875
Epoch 12/25

1/1 [==============================] - ETA: 0s - loss: 4.2339 - accuracy: 0.3125
1/1 [==============================] - 0s 4ms/step - loss: 4.2339 - accuracy: 0.3125
Epoch 13/25

1/1 [==============================] - ETA: 0s - loss: 4.1953 - accuracy: 0.3125
1/1 [==============================] - 0s 4ms/step - loss: 4.1953 - accuracy: 0.3125
Epoch 14/25

1/1 [==============================] - ETA: 0s - loss: 4.1567 - accuracy: 0.3125
1/1 [==============================] - 0s 4ms/step - loss: 4.1567 - accuracy: 0.3125
Epoch 15/25

1/1 [==============================] - ETA: 0s - loss: 4.1182 - accuracy: 0.3750
1/1 [==============================] - 0s 4ms/step - loss: 4.1182 - accuracy: 0.3750
Epoch 16/25

1/1 [==============================] - ETA: 0s - loss: 4.0797 - accuracy: 0.4375
1/1 [==============================] - 0s 4ms/step - loss: 4.0797 - accuracy: 0.4375
Epoch 17/25

1/1 [==============================] - ETA: 0s - loss: 4.0414 - accuracy: 0.5000
1/1 [==============================] - 0s 4ms/step - loss: 4.0414 - accuracy: 0.5000
Epoch 18/25

1/1 [==============================] - ETA: 0s - loss: 4.0032 - accuracy: 0.5000
1/1 [==============================] - 0s 4ms/step - loss: 4.0032 - accuracy: 0.5000
Epoch 19/25

1/1 [==============================] - ETA: 0s - loss: 3.9650 - accuracy: 0.5000
1/1 [==============================] - 0s 4ms/step - loss: 3.9650 - accuracy: 0.5000
Epoch 20/25

1/1 [==============================] - ETA: 0s - loss: 3.9269 - accuracy: 0.5000
1/1 [==============================] - 0s 4ms/step - loss: 3.9269 - accuracy: 0.5000
Epoch 21/25

1/1 [==============================] - ETA: 0s - loss: 3.8890 - accuracy: 0.5000
1/1 [==============================] - 0s 4ms/step - loss: 3.8890 - accuracy: 0.5000
Epoch 22/25

1/1 [==============================] - ETA: 0s - loss: 3.8511 - accuracy: 0.5625
1/1 [==============================] - 0s 4ms/step - loss: 3.8511 - accuracy: 0.5625
Epoch 23/25

1/1 [==============================] - ETA: 0s - loss: 3.8134 - accuracy: 0.5625
1/1 [==============================] - 0s 4ms/step - loss: 3.8134 - accuracy: 0.5625
Epoch 24/25

1/1 [==============================] - ETA: 0s - loss: 3.7757 - accuracy: 0.6250
1/1 [==============================] - 0s 4ms/step - loss: 3.7757 - accuracy: 0.6250
Epoch 25/25

1/1 [==============================] - ETA: 0s - loss: 3.7382 - accuracy: 0.6875
1/1 [==============================] - 0s 4ms/step - loss: 3.7382 - accuracy: 0.6875
# predict: steps=12
# predict: tnodeembed_metrics
# predict: node2vec_metrics
tnodeembed: {'auc': 0.7443764248768172, 'f1_micro': 0.0, 'f1_macro': 0.0} tNodeEmbed_final_loss=3.548081398010254 tNodeEmbed_final_accuracy=1.0 
node2vec: {'auc': 0.6489823008849558, 'f1_micro': 0.0, 'f1_macro': 0.0} node2vec_final_loss=3.7381725311279297 node2vec_final_accuracy=0.6875 
