# load graph
Processing Static file: filename='CollegeMsg_20040917.csv'
# initialize tNodeEmbed for dataset=COLLEGE_NC, test_size=0.2
# load dataset
# fit
# tNodeEmbed steps_per_epoch=1
Epoch 1/25

1/1 [==============================] - ETA: 0s - loss: 4.7333 - accuracy: 0.0625
1/1 [==============================] - 2s 2s/step - loss: 4.7333 - accuracy: 0.0625
Epoch 2/25

1/1 [==============================] - ETA: 0s - loss: 4.7019 - accuracy: 0.0000e+00
1/1 [==============================] - 0s 5ms/step - loss: 4.7019 - accuracy: 0.0000e+00
Epoch 3/25

1/1 [==============================] - ETA: 0s - loss: 4.6704 - accuracy: 0.0625
1/1 [==============================] - 0s 6ms/step - loss: 4.6704 - accuracy: 0.0625
Epoch 4/25

1/1 [==============================] - ETA: 0s - loss: 4.6386 - accuracy: 0.3750
1/1 [==============================] - 0s 5ms/step - loss: 4.6386 - accuracy: 0.3750
Epoch 5/25

1/1 [==============================] - ETA: 0s - loss: 4.6065 - accuracy: 0.5625
1/1 [==============================] - 0s 6ms/step - loss: 4.6065 - accuracy: 0.5625
Epoch 6/25

1/1 [==============================] - ETA: 0s - loss: 4.5739 - accuracy: 0.7500
1/1 [==============================] - 0s 5ms/step - loss: 4.5739 - accuracy: 0.7500
Epoch 7/25

1/1 [==============================] - ETA: 0s - loss: 4.5406 - accuracy: 0.8125
1/1 [==============================] - 0s 5ms/step - loss: 4.5406 - accuracy: 0.8125
Epoch 8/25

1/1 [==============================] - ETA: 0s - loss: 4.5066 - accuracy: 0.8750
1/1 [==============================] - 0s 5ms/step - loss: 4.5066 - accuracy: 0.8750
Epoch 9/25

1/1 [==============================] - ETA: 0s - loss: 4.4718 - accuracy: 0.8750
1/1 [==============================] - 0s 5ms/step - loss: 4.4718 - accuracy: 0.8750
Epoch 10/25

1/1 [==============================] - ETA: 0s - loss: 4.4359 - accuracy: 0.8750
1/1 [==============================] - 0s 5ms/step - loss: 4.4359 - accuracy: 0.8750
Epoch 11/25

1/1 [==============================] - ETA: 0s - loss: 4.3988 - accuracy: 0.8750
1/1 [==============================] - 0s 5ms/step - loss: 4.3988 - accuracy: 0.8750
Epoch 12/25

1/1 [==============================] - ETA: 0s - loss: 4.3605 - accuracy: 0.8750
1/1 [==============================] - 0s 5ms/step - loss: 4.3605 - accuracy: 0.8750
Epoch 13/25

1/1 [==============================] - ETA: 0s - loss: 4.3209 - accuracy: 0.8750
1/1 [==============================] - 0s 5ms/step - loss: 4.3209 - accuracy: 0.8750
Epoch 14/25

1/1 [==============================] - ETA: 0s - loss: 4.2797 - accuracy: 0.8750
1/1 [==============================] - 0s 5ms/step - loss: 4.2797 - accuracy: 0.8750
Epoch 15/25

1/1 [==============================] - ETA: 0s - loss: 4.2370 - accuracy: 0.8750
1/1 [==============================] - 0s 5ms/step - loss: 4.2370 - accuracy: 0.8750
Epoch 16/25

1/1 [==============================] - ETA: 0s - loss: 4.1926 - accuracy: 0.8750
1/1 [==============================] - 0s 5ms/step - loss: 4.1926 - accuracy: 0.8750
Epoch 17/25

1/1 [==============================] - ETA: 0s - loss: 4.1464 - accuracy: 0.8750
1/1 [==============================] - 0s 4ms/step - loss: 4.1464 - accuracy: 0.8750
Epoch 18/25

1/1 [==============================] - ETA: 0s - loss: 4.0984 - accuracy: 0.8750
1/1 [==============================] - 0s 5ms/step - loss: 4.0984 - accuracy: 0.8750
Epoch 19/25

1/1 [==============================] - ETA: 0s - loss: 4.0484 - accuracy: 0.8750
1/1 [==============================] - 0s 5ms/step - loss: 4.0484 - accuracy: 0.8750
Epoch 20/25

1/1 [==============================] - ETA: 0s - loss: 3.9964 - accuracy: 0.8750
1/1 [==============================] - 0s 5ms/step - loss: 3.9964 - accuracy: 0.8750
Epoch 21/25

1/1 [==============================] - ETA: 0s - loss: 3.9423 - accuracy: 0.8750
1/1 [==============================] - 0s 6ms/step - loss: 3.9423 - accuracy: 0.8750
Epoch 22/25

1/1 [==============================] - ETA: 0s - loss: 3.8861 - accuracy: 0.8750
1/1 [==============================] - 0s 5ms/step - loss: 3.8861 - accuracy: 0.8750
Epoch 23/25

1/1 [==============================] - ETA: 0s - loss: 3.8277 - accuracy: 0.8750
1/1 [==============================] - 0s 4ms/step - loss: 3.8277 - accuracy: 0.8750
Epoch 24/25

1/1 [==============================] - ETA: 0s - loss: 3.7671 - accuracy: 0.8750
1/1 [==============================] - 0s 5ms/step - loss: 3.7671 - accuracy: 0.8750
Epoch 25/25

1/1 [==============================] - ETA: 0s - loss: 3.7042 - accuracy: 0.8750
1/1 [==============================] - 0s 4ms/step - loss: 3.7042 - accuracy: 0.8750
# node2vec
Epoch 1/25

1/1 [==============================] - ETA: 0s - loss: 4.7619 - accuracy: 0.1875
1/1 [==============================] - 0s 249ms/step - loss: 4.7619 - accuracy: 0.1875
Epoch 2/25

1/1 [==============================] - ETA: 0s - loss: 4.7259 - accuracy: 0.1250
1/1 [==============================] - 0s 4ms/step - loss: 4.7259 - accuracy: 0.1250
Epoch 3/25

1/1 [==============================] - ETA: 0s - loss: 4.6898 - accuracy: 0.1250
1/1 [==============================] - 0s 3ms/step - loss: 4.6898 - accuracy: 0.1250
Epoch 4/25

1/1 [==============================] - ETA: 0s - loss: 4.6538 - accuracy: 0.1875
1/1 [==============================] - 0s 3ms/step - loss: 4.6538 - accuracy: 0.1875
Epoch 5/25

1/1 [==============================] - ETA: 0s - loss: 4.6179 - accuracy: 0.1875
1/1 [==============================] - 0s 3ms/step - loss: 4.6179 - accuracy: 0.1875
Epoch 6/25

1/1 [==============================] - ETA: 0s - loss: 4.5820 - accuracy: 0.1875
1/1 [==============================] - 0s 2ms/step - loss: 4.5820 - accuracy: 0.1875
Epoch 7/25

1/1 [==============================] - ETA: 0s - loss: 4.5461 - accuracy: 0.1875
1/1 [==============================] - 0s 3ms/step - loss: 4.5461 - accuracy: 0.1875
Epoch 8/25

1/1 [==============================] - ETA: 0s - loss: 4.5103 - accuracy: 0.1875
1/1 [==============================] - 0s 3ms/step - loss: 4.5103 - accuracy: 0.1875
Epoch 9/25

1/1 [==============================] - ETA: 0s - loss: 4.4746 - accuracy: 0.1875
1/1 [==============================] - 0s 2ms/step - loss: 4.4746 - accuracy: 0.1875
Epoch 10/25

1/1 [==============================] - ETA: 0s - loss: 4.4389 - accuracy: 0.1875
1/1 [==============================] - 0s 3ms/step - loss: 4.4389 - accuracy: 0.1875
Epoch 11/25

1/1 [==============================] - ETA: 0s - loss: 4.4033 - accuracy: 0.1875
1/1 [==============================] - 0s 4ms/step - loss: 4.4033 - accuracy: 0.1875
Epoch 12/25

1/1 [==============================] - ETA: 0s - loss: 4.3677 - accuracy: 0.1875
1/1 [==============================] - 0s 2ms/step - loss: 4.3677 - accuracy: 0.1875
Epoch 13/25

1/1 [==============================] - ETA: 0s - loss: 4.3322 - accuracy: 0.2500
1/1 [==============================] - 0s 3ms/step - loss: 4.3322 - accuracy: 0.2500
Epoch 14/25

1/1 [==============================] - ETA: 0s - loss: 4.2968 - accuracy: 0.3125
1/1 [==============================] - 0s 3ms/step - loss: 4.2968 - accuracy: 0.3125
Epoch 15/25

1/1 [==============================] - ETA: 0s - loss: 4.2614 - accuracy: 0.3125
1/1 [==============================] - 0s 3ms/step - loss: 4.2614 - accuracy: 0.3125
Epoch 16/25

1/1 [==============================] - ETA: 0s - loss: 4.2262 - accuracy: 0.3125
1/1 [==============================] - 0s 3ms/step - loss: 4.2262 - accuracy: 0.3125
Epoch 17/25

1/1 [==============================] - ETA: 0s - loss: 4.1909 - accuracy: 0.3750
1/1 [==============================] - 0s 2ms/step - loss: 4.1909 - accuracy: 0.3750
Epoch 18/25

1/1 [==============================] - ETA: 0s - loss: 4.1558 - accuracy: 0.4375
1/1 [==============================] - 0s 3ms/step - loss: 4.1558 - accuracy: 0.4375
Epoch 19/25

1/1 [==============================] - ETA: 0s - loss: 4.1208 - accuracy: 0.4375
1/1 [==============================] - 0s 2ms/step - loss: 4.1208 - accuracy: 0.4375
Epoch 20/25

1/1 [==============================] - ETA: 0s - loss: 4.0858 - accuracy: 0.4375
1/1 [==============================] - 0s 3ms/step - loss: 4.0858 - accuracy: 0.4375
Epoch 21/25

1/1 [==============================] - ETA: 0s - loss: 4.0509 - accuracy: 0.4375
1/1 [==============================] - 0s 3ms/step - loss: 4.0509 - accuracy: 0.4375
Epoch 22/25

1/1 [==============================] - ETA: 0s - loss: 4.0161 - accuracy: 0.5000
1/1 [==============================] - 0s 3ms/step - loss: 4.0161 - accuracy: 0.5000
Epoch 23/25

1/1 [==============================] - ETA: 0s - loss: 3.9814 - accuracy: 0.5625
1/1 [==============================] - 0s 3ms/step - loss: 3.9814 - accuracy: 0.5625
Epoch 24/25

1/1 [==============================] - ETA: 0s - loss: 3.9468 - accuracy: 0.5625
1/1 [==============================] - 0s 2ms/step - loss: 3.9468 - accuracy: 0.5625
Epoch 25/25

1/1 [==============================] - ETA: 0s - loss: 3.9123 - accuracy: 0.5625
1/1 [==============================] - 0s 3ms/step - loss: 3.9123 - accuracy: 0.5625
# predict: steps=12
# predict: tnodeembed_metrics
# predict: node2vec_metrics
tnodeembed: {'auc': 0.6393385507317433, 'f1_micro': 0.0, 'f1_macro': 0.0} tNodeEmbed_final_loss=3.704167366027832 tNodeEmbed_final_accuracy=0.875 
node2vec: {'auc': 0.6168015958620352, 'f1_micro': 0.0, 'f1_macro': 0.0} node2vec_final_loss=3.912260055541992 node2vec_final_accuracy=0.5625 
