# load graph
Processing Static file: filename='CollegeMsg_20040812.csv'
# initialize tNodeEmbed for dataset=COLLEGE_NC, test_size=0.2
# load dataset
# fit
# tNodeEmbed steps_per_epoch=1
Epoch 1/25

1/1 [==============================] - ETA: 0s - loss: 4.7505 - accuracy: 0.0000e+00
1/1 [==============================] - 1s 1s/step - loss: 4.7505 - accuracy: 0.0000e+00
Epoch 2/25

1/1 [==============================] - ETA: 0s - loss: 4.7182 - accuracy: 0.0625
1/1 [==============================] - 0s 6ms/step - loss: 4.7182 - accuracy: 0.0625
Epoch 3/25

1/1 [==============================] - ETA: 0s - loss: 4.6859 - accuracy: 0.1875
1/1 [==============================] - 0s 6ms/step - loss: 4.6859 - accuracy: 0.1875
Epoch 4/25

1/1 [==============================] - ETA: 0s - loss: 4.6534 - accuracy: 0.3125
1/1 [==============================] - 0s 5ms/step - loss: 4.6534 - accuracy: 0.3125
Epoch 5/25

1/1 [==============================] - ETA: 0s - loss: 4.6206 - accuracy: 0.5000
1/1 [==============================] - 0s 5ms/step - loss: 4.6206 - accuracy: 0.5000
Epoch 6/25

1/1 [==============================] - ETA: 0s - loss: 4.5874 - accuracy: 0.8125
1/1 [==============================] - 0s 5ms/step - loss: 4.5874 - accuracy: 0.8125
Epoch 7/25

1/1 [==============================] - ETA: 0s - loss: 4.5535 - accuracy: 0.8750
1/1 [==============================] - 0s 5ms/step - loss: 4.5535 - accuracy: 0.8750
Epoch 8/25

1/1 [==============================] - ETA: 0s - loss: 4.5189 - accuracy: 0.9375
1/1 [==============================] - 0s 5ms/step - loss: 4.5189 - accuracy: 0.9375
Epoch 9/25

1/1 [==============================] - ETA: 0s - loss: 4.4835 - accuracy: 1.0000
1/1 [==============================] - 0s 4ms/step - loss: 4.4835 - accuracy: 1.0000
Epoch 10/25

1/1 [==============================] - ETA: 0s - loss: 4.4470 - accuracy: 1.0000
1/1 [==============================] - 0s 5ms/step - loss: 4.4470 - accuracy: 1.0000
Epoch 11/25

1/1 [==============================] - ETA: 0s - loss: 4.4094 - accuracy: 1.0000
1/1 [==============================] - 0s 6ms/step - loss: 4.4094 - accuracy: 1.0000
Epoch 12/25

1/1 [==============================] - ETA: 0s - loss: 4.3705 - accuracy: 1.0000
1/1 [==============================] - 0s 5ms/step - loss: 4.3705 - accuracy: 1.0000
Epoch 13/25

1/1 [==============================] - ETA: 0s - loss: 4.3302 - accuracy: 1.0000
1/1 [==============================] - 0s 5ms/step - loss: 4.3302 - accuracy: 1.0000
Epoch 14/25

1/1 [==============================] - ETA: 0s - loss: 4.2885 - accuracy: 1.0000
1/1 [==============================] - 0s 4ms/step - loss: 4.2885 - accuracy: 1.0000
Epoch 15/25

1/1 [==============================] - ETA: 0s - loss: 4.2451 - accuracy: 1.0000
1/1 [==============================] - 0s 4ms/step - loss: 4.2451 - accuracy: 1.0000
Epoch 16/25

1/1 [==============================] - ETA: 0s - loss: 4.2001 - accuracy: 1.0000
1/1 [==============================] - 0s 5ms/step - loss: 4.2001 - accuracy: 1.0000
Epoch 17/25

1/1 [==============================] - ETA: 0s - loss: 4.1532 - accuracy: 1.0000
1/1 [==============================] - 0s 6ms/step - loss: 4.1532 - accuracy: 1.0000
Epoch 18/25

1/1 [==============================] - ETA: 0s - loss: 4.1045 - accuracy: 1.0000
1/1 [==============================] - 0s 6ms/step - loss: 4.1045 - accuracy: 1.0000
Epoch 19/25

1/1 [==============================] - ETA: 0s - loss: 4.0539 - accuracy: 1.0000
1/1 [==============================] - 0s 6ms/step - loss: 4.0539 - accuracy: 1.0000
Epoch 20/25

1/1 [==============================] - ETA: 0s - loss: 4.0012 - accuracy: 1.0000
1/1 [==============================] - 0s 5ms/step - loss: 4.0012 - accuracy: 1.0000
Epoch 21/25

1/1 [==============================] - ETA: 0s - loss: 3.9465 - accuracy: 1.0000
1/1 [==============================] - 0s 5ms/step - loss: 3.9465 - accuracy: 1.0000
Epoch 22/25

1/1 [==============================] - ETA: 0s - loss: 3.8896 - accuracy: 1.0000
1/1 [==============================] - 0s 5ms/step - loss: 3.8896 - accuracy: 1.0000
Epoch 23/25

1/1 [==============================] - ETA: 0s - loss: 3.8306 - accuracy: 1.0000
1/1 [==============================] - 0s 5ms/step - loss: 3.8306 - accuracy: 1.0000
Epoch 24/25

1/1 [==============================] - ETA: 0s - loss: 3.7693 - accuracy: 1.0000
1/1 [==============================] - 0s 4ms/step - loss: 3.7693 - accuracy: 1.0000
Epoch 25/25

1/1 [==============================] - ETA: 0s - loss: 3.7058 - accuracy: 1.0000
1/1 [==============================] - 0s 5ms/step - loss: 3.7058 - accuracy: 1.0000
# node2vec
Epoch 1/25

1/1 [==============================] - ETA: 0s - loss: 4.8531 - accuracy: 0.0000e+00
1/1 [==============================] - 0s 202ms/step - loss: 4.8531 - accuracy: 0.0000e+00
Epoch 2/25

1/1 [==============================] - ETA: 0s - loss: 4.8140 - accuracy: 0.0625
1/1 [==============================] - 0s 4ms/step - loss: 4.8140 - accuracy: 0.0625
Epoch 3/25

1/1 [==============================] - ETA: 0s - loss: 4.7749 - accuracy: 0.0625
1/1 [==============================] - 0s 4ms/step - loss: 4.7749 - accuracy: 0.0625
Epoch 4/25

1/1 [==============================] - ETA: 0s - loss: 4.7358 - accuracy: 0.0625
1/1 [==============================] - 0s 3ms/step - loss: 4.7358 - accuracy: 0.0625
Epoch 5/25

1/1 [==============================] - ETA: 0s - loss: 4.6968 - accuracy: 0.0625
1/1 [==============================] - 0s 4ms/step - loss: 4.6968 - accuracy: 0.0625
Epoch 6/25

1/1 [==============================] - ETA: 0s - loss: 4.6579 - accuracy: 0.0625
1/1 [==============================] - 0s 5ms/step - loss: 4.6579 - accuracy: 0.0625
Epoch 7/25

1/1 [==============================] - ETA: 0s - loss: 4.6190 - accuracy: 0.0625
1/1 [==============================] - 0s 4ms/step - loss: 4.6190 - accuracy: 0.0625
Epoch 8/25

1/1 [==============================] - ETA: 0s - loss: 4.5802 - accuracy: 0.0625
1/1 [==============================] - 0s 3ms/step - loss: 4.5802 - accuracy: 0.0625
Epoch 9/25

1/1 [==============================] - ETA: 0s - loss: 4.5414 - accuracy: 0.0625
1/1 [==============================] - 0s 5ms/step - loss: 4.5414 - accuracy: 0.0625
Epoch 10/25

1/1 [==============================] - ETA: 0s - loss: 4.5028 - accuracy: 0.0625
1/1 [==============================] - 0s 6ms/step - loss: 4.5028 - accuracy: 0.0625
Epoch 11/25

1/1 [==============================] - ETA: 0s - loss: 4.4642 - accuracy: 0.1250
1/1 [==============================] - 0s 4ms/step - loss: 4.4642 - accuracy: 0.1250
Epoch 12/25

1/1 [==============================] - ETA: 0s - loss: 4.4257 - accuracy: 0.1250
1/1 [==============================] - 0s 4ms/step - loss: 4.4257 - accuracy: 0.1250
Epoch 13/25

1/1 [==============================] - ETA: 0s - loss: 4.3872 - accuracy: 0.1250
1/1 [==============================] - 0s 4ms/step - loss: 4.3872 - accuracy: 0.1250
Epoch 14/25

1/1 [==============================] - ETA: 0s - loss: 4.3489 - accuracy: 0.1250
1/1 [==============================] - 0s 4ms/step - loss: 4.3489 - accuracy: 0.1250
Epoch 15/25

1/1 [==============================] - ETA: 0s - loss: 4.3106 - accuracy: 0.1875
1/1 [==============================] - 0s 5ms/step - loss: 4.3106 - accuracy: 0.1875
Epoch 16/25

1/1 [==============================] - ETA: 0s - loss: 4.2724 - accuracy: 0.2500
1/1 [==============================] - 0s 4ms/step - loss: 4.2724 - accuracy: 0.2500
Epoch 17/25

1/1 [==============================] - ETA: 0s - loss: 4.2344 - accuracy: 0.3125
1/1 [==============================] - 0s 4ms/step - loss: 4.2344 - accuracy: 0.3125
Epoch 18/25

1/1 [==============================] - ETA: 0s - loss: 4.1964 - accuracy: 0.3125
1/1 [==============================] - 0s 4ms/step - loss: 4.1964 - accuracy: 0.3125
Epoch 19/25

1/1 [==============================] - ETA: 0s - loss: 4.1585 - accuracy: 0.3125
1/1 [==============================] - 0s 3ms/step - loss: 4.1585 - accuracy: 0.3125
Epoch 20/25

1/1 [==============================] - ETA: 0s - loss: 4.1207 - accuracy: 0.3750
1/1 [==============================] - 0s 5ms/step - loss: 4.1207 - accuracy: 0.3750
Epoch 21/25

1/1 [==============================] - ETA: 0s - loss: 4.0830 - accuracy: 0.3750
1/1 [==============================] - 0s 6ms/step - loss: 4.0830 - accuracy: 0.3750
Epoch 22/25

1/1 [==============================] - ETA: 0s - loss: 4.0454 - accuracy: 0.3750
1/1 [==============================] - 0s 6ms/step - loss: 4.0454 - accuracy: 0.3750
Epoch 23/25

1/1 [==============================] - ETA: 0s - loss: 4.0080 - accuracy: 0.3750
1/1 [==============================] - 0s 4ms/step - loss: 4.0080 - accuracy: 0.3750
Epoch 24/25

1/1 [==============================] - ETA: 0s - loss: 3.9706 - accuracy: 0.4375
1/1 [==============================] - 0s 6ms/step - loss: 3.9706 - accuracy: 0.4375
Epoch 25/25

1/1 [==============================] - ETA: 0s - loss: 3.9334 - accuracy: 0.5000
1/1 [==============================] - 0s 3ms/step - loss: 3.9334 - accuracy: 0.5000
# predict: steps=12
# predict: tnodeembed_metrics
# predict: node2vec_metrics
tnodeembed: {'auc': 0.7493888350942564, 'f1_micro': 0.0, 'f1_macro': 0.0} tNodeEmbed_final_loss=3.7057948112487793 tNodeEmbed_final_accuracy=1.0 
node2vec: {'auc': 0.6622920905547521, 'f1_micro': 0.0, 'f1_macro': 0.0} node2vec_final_loss=3.9333791732788086 node2vec_final_accuracy=0.5 
