# load graph
Processing Static file: filename='CollegeMsg_20040822.csv'
# initialize tNodeEmbed for dataset=COLLEGE_NC, test_size=0.2
# load dataset
# fit
# tNodeEmbed steps_per_epoch=1
Epoch 1/25

1/1 [==============================] - ETA: 0s - loss: 4.7477 - accuracy: 0.0000e+00
1/1 [==============================] - 1s 1s/step - loss: 4.7477 - accuracy: 0.0000e+00
Epoch 2/25

1/1 [==============================] - ETA: 0s - loss: 4.7106 - accuracy: 0.0625
1/1 [==============================] - 0s 4ms/step - loss: 4.7106 - accuracy: 0.0625
Epoch 3/25

1/1 [==============================] - ETA: 0s - loss: 4.6736 - accuracy: 0.1875
1/1 [==============================] - 0s 4ms/step - loss: 4.6736 - accuracy: 0.1875
Epoch 4/25

1/1 [==============================] - ETA: 0s - loss: 4.6366 - accuracy: 0.4375
1/1 [==============================] - 0s 4ms/step - loss: 4.6366 - accuracy: 0.4375
Epoch 5/25

1/1 [==============================] - ETA: 0s - loss: 4.5994 - accuracy: 0.5000
1/1 [==============================] - 0s 4ms/step - loss: 4.5994 - accuracy: 0.5000
Epoch 6/25

1/1 [==============================] - ETA: 0s - loss: 4.5617 - accuracy: 0.6875
1/1 [==============================] - 0s 4ms/step - loss: 4.5617 - accuracy: 0.6875
Epoch 7/25

1/1 [==============================] - ETA: 0s - loss: 4.5235 - accuracy: 0.8125
1/1 [==============================] - 0s 4ms/step - loss: 4.5235 - accuracy: 0.8125
Epoch 8/25

1/1 [==============================] - ETA: 0s - loss: 4.4844 - accuracy: 0.8750
1/1 [==============================] - 0s 5ms/step - loss: 4.4844 - accuracy: 0.8750
Epoch 9/25

1/1 [==============================] - ETA: 0s - loss: 4.4442 - accuracy: 0.8750
1/1 [==============================] - 0s 5ms/step - loss: 4.4442 - accuracy: 0.8750
Epoch 10/25

1/1 [==============================] - ETA: 0s - loss: 4.4029 - accuracy: 0.8750
1/1 [==============================] - 0s 5ms/step - loss: 4.4029 - accuracy: 0.8750
Epoch 11/25

1/1 [==============================] - ETA: 0s - loss: 4.3602 - accuracy: 0.8750
1/1 [==============================] - 0s 5ms/step - loss: 4.3602 - accuracy: 0.8750
Epoch 12/25

1/1 [==============================] - ETA: 0s - loss: 4.3160 - accuracy: 0.9375
1/1 [==============================] - 0s 5ms/step - loss: 4.3160 - accuracy: 0.9375
Epoch 13/25

1/1 [==============================] - ETA: 0s - loss: 4.2701 - accuracy: 0.9375
1/1 [==============================] - 0s 4ms/step - loss: 4.2701 - accuracy: 0.9375
Epoch 14/25

1/1 [==============================] - ETA: 0s - loss: 4.2224 - accuracy: 0.9375
1/1 [==============================] - 0s 4ms/step - loss: 4.2224 - accuracy: 0.9375
Epoch 15/25

1/1 [==============================] - ETA: 0s - loss: 4.1727 - accuracy: 0.9375
1/1 [==============================] - 0s 5ms/step - loss: 4.1727 - accuracy: 0.9375
Epoch 16/25

1/1 [==============================] - ETA: 0s - loss: 4.1210 - accuracy: 0.9375
1/1 [==============================] - 0s 4ms/step - loss: 4.1210 - accuracy: 0.9375
Epoch 17/25

1/1 [==============================] - ETA: 0s - loss: 4.0670 - accuracy: 0.9375
1/1 [==============================] - 0s 4ms/step - loss: 4.0670 - accuracy: 0.9375
Epoch 18/25

1/1 [==============================] - ETA: 0s - loss: 4.0109 - accuracy: 0.9375
1/1 [==============================] - 0s 4ms/step - loss: 4.0109 - accuracy: 0.9375
Epoch 19/25

1/1 [==============================] - ETA: 0s - loss: 3.9523 - accuracy: 0.9375
1/1 [==============================] - 0s 4ms/step - loss: 3.9523 - accuracy: 0.9375
Epoch 20/25

1/1 [==============================] - ETA: 0s - loss: 3.8913 - accuracy: 0.9375
1/1 [==============================] - 0s 4ms/step - loss: 3.8913 - accuracy: 0.9375
Epoch 21/25

1/1 [==============================] - ETA: 0s - loss: 3.8277 - accuracy: 0.8750
1/1 [==============================] - 0s 5ms/step - loss: 3.8277 - accuracy: 0.8750
Epoch 22/25

1/1 [==============================] - ETA: 0s - loss: 3.7616 - accuracy: 0.8750
1/1 [==============================] - 0s 4ms/step - loss: 3.7616 - accuracy: 0.8750
Epoch 23/25

1/1 [==============================] - ETA: 0s - loss: 3.6929 - accuracy: 0.8750
1/1 [==============================] - 0s 4ms/step - loss: 3.6929 - accuracy: 0.8750
Epoch 24/25

1/1 [==============================] - ETA: 0s - loss: 3.6216 - accuracy: 0.8750
1/1 [==============================] - 0s 4ms/step - loss: 3.6216 - accuracy: 0.8750
Epoch 25/25

1/1 [==============================] - ETA: 0s - loss: 3.5477 - accuracy: 0.8750
1/1 [==============================] - 0s 4ms/step - loss: 3.5477 - accuracy: 0.8750
# node2vec
Epoch 1/25

1/1 [==============================] - ETA: 0s - loss: 4.7016 - accuracy: 0.0000e+00
1/1 [==============================] - 0s 217ms/step - loss: 4.7016 - accuracy: 0.0000e+00
Epoch 2/25

1/1 [==============================] - ETA: 0s - loss: 4.6617 - accuracy: 0.0000e+00
1/1 [==============================] - 0s 4ms/step - loss: 4.6617 - accuracy: 0.0000e+00
Epoch 3/25

1/1 [==============================] - ETA: 0s - loss: 4.6218 - accuracy: 0.0000e+00
1/1 [==============================] - 0s 3ms/step - loss: 4.6218 - accuracy: 0.0000e+00
Epoch 4/25

1/1 [==============================] - ETA: 0s - loss: 4.5820 - accuracy: 0.0000e+00
1/1 [==============================] - 0s 3ms/step - loss: 4.5820 - accuracy: 0.0000e+00
Epoch 5/25

1/1 [==============================] - ETA: 0s - loss: 4.5422 - accuracy: 0.0000e+00
1/1 [==============================] - 0s 3ms/step - loss: 4.5422 - accuracy: 0.0000e+00
Epoch 6/25

1/1 [==============================] - ETA: 0s - loss: 4.5025 - accuracy: 0.0000e+00
1/1 [==============================] - 0s 3ms/step - loss: 4.5025 - accuracy: 0.0000e+00
Epoch 7/25

1/1 [==============================] - ETA: 0s - loss: 4.4629 - accuracy: 0.0625
1/1 [==============================] - 0s 4ms/step - loss: 4.4629 - accuracy: 0.0625
Epoch 8/25

1/1 [==============================] - ETA: 0s - loss: 4.4233 - accuracy: 0.0625
1/1 [==============================] - 0s 3ms/step - loss: 4.4233 - accuracy: 0.0625
Epoch 9/25

1/1 [==============================] - ETA: 0s - loss: 4.3838 - accuracy: 0.0625
1/1 [==============================] - 0s 4ms/step - loss: 4.3838 - accuracy: 0.0625
Epoch 10/25

1/1 [==============================] - ETA: 0s - loss: 4.3443 - accuracy: 0.0625
1/1 [==============================] - 0s 4ms/step - loss: 4.3443 - accuracy: 0.0625
Epoch 11/25

1/1 [==============================] - ETA: 0s - loss: 4.3050 - accuracy: 0.1250
1/1 [==============================] - 0s 2ms/step - loss: 4.3050 - accuracy: 0.1250
Epoch 12/25

1/1 [==============================] - ETA: 0s - loss: 4.2657 - accuracy: 0.1250
1/1 [==============================] - 0s 3ms/step - loss: 4.2657 - accuracy: 0.1250
Epoch 13/25

1/1 [==============================] - ETA: 0s - loss: 4.2265 - accuracy: 0.1875
1/1 [==============================] - 0s 3ms/step - loss: 4.2265 - accuracy: 0.1875
Epoch 14/25

1/1 [==============================] - ETA: 0s - loss: 4.1874 - accuracy: 0.1875
1/1 [==============================] - 0s 3ms/step - loss: 4.1874 - accuracy: 0.1875
Epoch 15/25

1/1 [==============================] - ETA: 0s - loss: 4.1483 - accuracy: 0.1875
1/1 [==============================] - 0s 3ms/step - loss: 4.1483 - accuracy: 0.1875
Epoch 16/25

1/1 [==============================] - ETA: 0s - loss: 4.1094 - accuracy: 0.2500
1/1 [==============================] - 0s 2ms/step - loss: 4.1094 - accuracy: 0.2500
Epoch 17/25

1/1 [==============================] - ETA: 0s - loss: 4.0705 - accuracy: 0.2500
1/1 [==============================] - 0s 3ms/step - loss: 4.0705 - accuracy: 0.2500
Epoch 18/25

1/1 [==============================] - ETA: 0s - loss: 4.0318 - accuracy: 0.3125
1/1 [==============================] - 0s 3ms/step - loss: 4.0318 - accuracy: 0.3125
Epoch 19/25

1/1 [==============================] - ETA: 0s - loss: 3.9931 - accuracy: 0.3125
1/1 [==============================] - 0s 3ms/step - loss: 3.9931 - accuracy: 0.3125
Epoch 20/25

1/1 [==============================] - ETA: 0s - loss: 3.9546 - accuracy: 0.3750
1/1 [==============================] - 0s 3ms/step - loss: 3.9546 - accuracy: 0.3750
Epoch 21/25

1/1 [==============================] - ETA: 0s - loss: 3.9161 - accuracy: 0.3750
1/1 [==============================] - 0s 4ms/step - loss: 3.9161 - accuracy: 0.3750
Epoch 22/25

1/1 [==============================] - ETA: 0s - loss: 3.8777 - accuracy: 0.4375
1/1 [==============================] - 0s 3ms/step - loss: 3.8777 - accuracy: 0.4375
Epoch 23/25

1/1 [==============================] - ETA: 0s - loss: 3.8395 - accuracy: 0.5625
1/1 [==============================] - 0s 3ms/step - loss: 3.8395 - accuracy: 0.5625
Epoch 24/25

1/1 [==============================] - ETA: 0s - loss: 3.8014 - accuracy: 0.5625
1/1 [==============================] - 0s 3ms/step - loss: 3.8014 - accuracy: 0.5625
Epoch 25/25

1/1 [==============================] - ETA: 0s - loss: 3.7633 - accuracy: 0.5625
1/1 [==============================] - 0s 4ms/step - loss: 3.7633 - accuracy: 0.5625
# predict: steps=12
# predict: tnodeembed_metrics
# predict: node2vec_metrics
tnodeembed: {'auc': 0.7303764739048365, 'f1_micro': 0.0, 'f1_macro': 0.0} tNodeEmbed_final_loss=3.547666311264038 tNodeEmbed_final_accuracy=0.875 
node2vec: {'auc': 0.6599058049175104, 'f1_micro': 0.0, 'f1_macro': 0.0} node2vec_final_loss=3.7633473873138428 node2vec_final_accuracy=0.5625 
