# load graph
Processing Static file: filename='CollegeMsg_20040717.csv'
# initialize tNodeEmbed for dataset=COLLEGE_NC, test_size=0.2
# load dataset
# fit
# tNodeEmbed steps_per_epoch=1
Epoch 1/25

1/1 [==============================] - ETA: 0s - loss: 4.7291 - accuracy: 0.0000e+00
1/1 [==============================] - 1s 1s/step - loss: 4.7291 - accuracy: 0.0000e+00
Epoch 2/25

1/1 [==============================] - ETA: 0s - loss: 4.6961 - accuracy: 0.0625
1/1 [==============================] - 0s 5ms/step - loss: 4.6961 - accuracy: 0.0625
Epoch 3/25

1/1 [==============================] - ETA: 0s - loss: 4.6631 - accuracy: 0.2500
1/1 [==============================] - 0s 4ms/step - loss: 4.6631 - accuracy: 0.2500
Epoch 4/25

1/1 [==============================] - ETA: 0s - loss: 4.6298 - accuracy: 0.3750
1/1 [==============================] - 0s 4ms/step - loss: 4.6298 - accuracy: 0.3750
Epoch 5/25

1/1 [==============================] - ETA: 0s - loss: 4.5963 - accuracy: 0.5000
1/1 [==============================] - 0s 4ms/step - loss: 4.5963 - accuracy: 0.5000
Epoch 6/25

1/1 [==============================] - ETA: 0s - loss: 4.5622 - accuracy: 0.6875
1/1 [==============================] - 0s 4ms/step - loss: 4.5622 - accuracy: 0.6875
Epoch 7/25

1/1 [==============================] - ETA: 0s - loss: 4.5275 - accuracy: 0.8125
1/1 [==============================] - 0s 4ms/step - loss: 4.5275 - accuracy: 0.8125
Epoch 8/25

1/1 [==============================] - ETA: 0s - loss: 4.4921 - accuracy: 0.8750
1/1 [==============================] - 0s 4ms/step - loss: 4.4921 - accuracy: 0.8750
Epoch 9/25

1/1 [==============================] - ETA: 0s - loss: 4.4557 - accuracy: 0.9375
1/1 [==============================] - 0s 4ms/step - loss: 4.4557 - accuracy: 0.9375
Epoch 10/25

1/1 [==============================] - ETA: 0s - loss: 4.4182 - accuracy: 0.9375
1/1 [==============================] - 0s 4ms/step - loss: 4.4182 - accuracy: 0.9375
Epoch 11/25

1/1 [==============================] - ETA: 0s - loss: 4.3795 - accuracy: 0.9375
1/1 [==============================] - 0s 3ms/step - loss: 4.3795 - accuracy: 0.9375
Epoch 12/25

1/1 [==============================] - ETA: 0s - loss: 4.3395 - accuracy: 0.9375
1/1 [==============================] - 0s 4ms/step - loss: 4.3395 - accuracy: 0.9375
Epoch 13/25

1/1 [==============================] - ETA: 0s - loss: 4.2980 - accuracy: 0.9375
1/1 [==============================] - 0s 3ms/step - loss: 4.2980 - accuracy: 0.9375
Epoch 14/25

1/1 [==============================] - ETA: 0s - loss: 4.2549 - accuracy: 0.9375
1/1 [==============================] - 0s 4ms/step - loss: 4.2549 - accuracy: 0.9375
Epoch 15/25

1/1 [==============================] - ETA: 0s - loss: 4.2101 - accuracy: 0.9375
1/1 [==============================] - 0s 4ms/step - loss: 4.2101 - accuracy: 0.9375
Epoch 16/25

1/1 [==============================] - ETA: 0s - loss: 4.1634 - accuracy: 0.9375
1/1 [==============================] - 0s 3ms/step - loss: 4.1634 - accuracy: 0.9375
Epoch 17/25

1/1 [==============================] - ETA: 0s - loss: 4.1149 - accuracy: 0.9375
1/1 [==============================] - 0s 3ms/step - loss: 4.1149 - accuracy: 0.9375
Epoch 18/25

1/1 [==============================] - ETA: 0s - loss: 4.0643 - accuracy: 0.9375
1/1 [==============================] - 0s 4ms/step - loss: 4.0643 - accuracy: 0.9375
Epoch 19/25

1/1 [==============================] - ETA: 0s - loss: 4.0116 - accuracy: 0.9375
1/1 [==============================] - 0s 3ms/step - loss: 4.0116 - accuracy: 0.9375
Epoch 20/25

1/1 [==============================] - ETA: 0s - loss: 3.9567 - accuracy: 0.9375
1/1 [==============================] - 0s 4ms/step - loss: 3.9567 - accuracy: 0.9375
Epoch 21/25

1/1 [==============================] - ETA: 0s - loss: 3.8996 - accuracy: 0.9375
1/1 [==============================] - 0s 3ms/step - loss: 3.8996 - accuracy: 0.9375
Epoch 22/25

1/1 [==============================] - ETA: 0s - loss: 3.8401 - accuracy: 0.9375
1/1 [==============================] - 0s 4ms/step - loss: 3.8401 - accuracy: 0.9375
Epoch 23/25

1/1 [==============================] - ETA: 0s - loss: 3.7782 - accuracy: 0.9375
1/1 [==============================] - 0s 5ms/step - loss: 3.7782 - accuracy: 0.9375
Epoch 24/25

1/1 [==============================] - ETA: 0s - loss: 3.7139 - accuracy: 0.9375
1/1 [==============================] - 0s 4ms/step - loss: 3.7139 - accuracy: 0.9375
Epoch 25/25

1/1 [==============================] - ETA: 0s - loss: 3.6472 - accuracy: 0.9375
1/1 [==============================] - 0s 4ms/step - loss: 3.6472 - accuracy: 0.9375
# node2vec
Epoch 1/25

1/1 [==============================] - ETA: 0s - loss: 4.7426 - accuracy: 0.0625
1/1 [==============================] - 0s 194ms/step - loss: 4.7426 - accuracy: 0.0625
Epoch 2/25

1/1 [==============================] - ETA: 0s - loss: 4.7037 - accuracy: 0.0625
1/1 [==============================] - 0s 2ms/step - loss: 4.7037 - accuracy: 0.0625
Epoch 3/25

1/1 [==============================] - ETA: 0s - loss: 4.6647 - accuracy: 0.0625
1/1 [==============================] - 0s 3ms/step - loss: 4.6647 - accuracy: 0.0625
Epoch 4/25

1/1 [==============================] - ETA: 0s - loss: 4.6258 - accuracy: 0.0625
1/1 [==============================] - 0s 2ms/step - loss: 4.6258 - accuracy: 0.0625
Epoch 5/25

1/1 [==============================] - ETA: 0s - loss: 4.5870 - accuracy: 0.0625
1/1 [==============================] - 0s 2ms/step - loss: 4.5870 - accuracy: 0.0625
Epoch 6/25

1/1 [==============================] - ETA: 0s - loss: 4.5482 - accuracy: 0.0625
1/1 [==============================] - 0s 2ms/step - loss: 4.5482 - accuracy: 0.0625
Epoch 7/25

1/1 [==============================] - ETA: 0s - loss: 4.5095 - accuracy: 0.0625
1/1 [==============================] - 0s 2ms/step - loss: 4.5095 - accuracy: 0.0625
Epoch 8/25

1/1 [==============================] - ETA: 0s - loss: 4.4709 - accuracy: 0.0625
1/1 [==============================] - 0s 2ms/step - loss: 4.4709 - accuracy: 0.0625
Epoch 9/25

1/1 [==============================] - ETA: 0s - loss: 4.4324 - accuracy: 0.0625
1/1 [==============================] - 0s 2ms/step - loss: 4.4324 - accuracy: 0.0625
Epoch 10/25

1/1 [==============================] - ETA: 0s - loss: 4.3939 - accuracy: 0.1250
1/1 [==============================] - 0s 2ms/step - loss: 4.3939 - accuracy: 0.1250
Epoch 11/25

1/1 [==============================] - ETA: 0s - loss: 4.3556 - accuracy: 0.1250
1/1 [==============================] - 0s 2ms/step - loss: 4.3556 - accuracy: 0.1250
Epoch 12/25

1/1 [==============================] - ETA: 0s - loss: 4.3173 - accuracy: 0.1250
1/1 [==============================] - 0s 2ms/step - loss: 4.3173 - accuracy: 0.1250
Epoch 13/25

1/1 [==============================] - ETA: 0s - loss: 4.2791 - accuracy: 0.1250
1/1 [==============================] - 0s 2ms/step - loss: 4.2791 - accuracy: 0.1250
Epoch 14/25

1/1 [==============================] - ETA: 0s - loss: 4.2410 - accuracy: 0.1250
1/1 [==============================] - 0s 3ms/step - loss: 4.2410 - accuracy: 0.1250
Epoch 15/25

1/1 [==============================] - ETA: 0s - loss: 4.2030 - accuracy: 0.1250
1/1 [==============================] - 0s 2ms/step - loss: 4.2030 - accuracy: 0.1250
Epoch 16/25

1/1 [==============================] - ETA: 0s - loss: 4.1651 - accuracy: 0.1250
1/1 [==============================] - 0s 2ms/step - loss: 4.1651 - accuracy: 0.1250
Epoch 17/25

1/1 [==============================] - ETA: 0s - loss: 4.1273 - accuracy: 0.1875
1/1 [==============================] - 0s 3ms/step - loss: 4.1273 - accuracy: 0.1875
Epoch 18/25

1/1 [==============================] - ETA: 0s - loss: 4.0896 - accuracy: 0.2500
1/1 [==============================] - 0s 2ms/step - loss: 4.0896 - accuracy: 0.2500
Epoch 19/25

1/1 [==============================] - ETA: 0s - loss: 4.0520 - accuracy: 0.3125
1/1 [==============================] - 0s 2ms/step - loss: 4.0520 - accuracy: 0.3125
Epoch 20/25

1/1 [==============================] - ETA: 0s - loss: 4.0145 - accuracy: 0.3125
1/1 [==============================] - 0s 3ms/step - loss: 4.0145 - accuracy: 0.3125
Epoch 21/25

1/1 [==============================] - ETA: 0s - loss: 3.9771 - accuracy: 0.3125
1/1 [==============================] - 0s 3ms/step - loss: 3.9771 - accuracy: 0.3125
Epoch 22/25

1/1 [==============================] - ETA: 0s - loss: 3.9398 - accuracy: 0.3125
1/1 [==============================] - 0s 3ms/step - loss: 3.9398 - accuracy: 0.3125
Epoch 23/25

1/1 [==============================] - ETA: 0s - loss: 3.9027 - accuracy: 0.3125
1/1 [==============================] - 0s 2ms/step - loss: 3.9027 - accuracy: 0.3125
Epoch 24/25

1/1 [==============================] - ETA: 0s - loss: 3.8657 - accuracy: 0.3750
1/1 [==============================] - 0s 3ms/step - loss: 3.8657 - accuracy: 0.3750
Epoch 25/25

1/1 [==============================] - ETA: 0s - loss: 3.8288 - accuracy: 0.3750
1/1 [==============================] - 0s 2ms/step - loss: 3.8288 - accuracy: 0.3750
# predict: steps=12
# predict: tnodeembed_metrics
# predict: node2vec_metrics
tnodeembed: {'auc': 0.751515057730493, 'f1_micro': 0.0, 'f1_macro': 0.0} tNodeEmbed_final_loss=3.647195816040039 tNodeEmbed_final_accuracy=0.9375 
node2vec: {'auc': 0.677472452381536, 'f1_micro': 0.0, 'f1_macro': 0.0} node2vec_final_loss=3.828794479370117 node2vec_final_accuracy=0.375 
