# load graph
Processing Static file: filename='CollegeMsg.txt'
# initialize tNodeEmbed for dataset=COLLEGE_NC, test_size=0.2
# load dataset
# fit
# tNodeEmbed steps_per_epoch=1
Epoch 1/25

1/1 [==============================] - ETA: 0s - loss: 4.8008 - accuracy: 0.0000e+00
1/1 [==============================] - 1s 1s/step - loss: 4.8008 - accuracy: 0.0000e+00
Epoch 2/25

1/1 [==============================] - ETA: 0s - loss: 4.6334 - accuracy: 0.0000e+00
1/1 [==============================] - 0s 60ms/step - loss: 4.6334 - accuracy: 0.0000e+00
Epoch 3/25

1/1 [==============================] - ETA: 0s - loss: 4.4667 - accuracy: 0.3125
1/1 [==============================] - 0s 53ms/step - loss: 4.4667 - accuracy: 0.3125
Epoch 4/25

1/1 [==============================] - ETA: 0s - loss: 4.2973 - accuracy: 0.5625
1/1 [==============================] - 0s 52ms/step - loss: 4.2973 - accuracy: 0.5625
Epoch 5/25

1/1 [==============================] - ETA: 0s - loss: 4.1218 - accuracy: 0.8750
1/1 [==============================] - 0s 50ms/step - loss: 4.1218 - accuracy: 0.8750
Epoch 6/25

1/1 [==============================] - ETA: 0s - loss: 3.9371 - accuracy: 0.8750
1/1 [==============================] - 0s 52ms/step - loss: 3.9371 - accuracy: 0.8750
Epoch 7/25

1/1 [==============================] - ETA: 0s - loss: 3.7401 - accuracy: 0.9375
1/1 [==============================] - 0s 57ms/step - loss: 3.7401 - accuracy: 0.9375
Epoch 8/25

1/1 [==============================] - ETA: 0s - loss: 3.5281 - accuracy: 0.9375
1/1 [==============================] - 0s 54ms/step - loss: 3.5281 - accuracy: 0.9375
Epoch 9/25

1/1 [==============================] - ETA: 0s - loss: 3.2991 - accuracy: 0.8750
1/1 [==============================] - 0s 46ms/step - loss: 3.2991 - accuracy: 0.8750
Epoch 10/25

1/1 [==============================] - ETA: 0s - loss: 3.0528 - accuracy: 0.8750
1/1 [==============================] - 0s 45ms/step - loss: 3.0528 - accuracy: 0.8750
Epoch 11/25

1/1 [==============================] - ETA: 0s - loss: 2.7919 - accuracy: 0.8750
1/1 [==============================] - 0s 46ms/step - loss: 2.7919 - accuracy: 0.8750
Epoch 12/25

1/1 [==============================] - ETA: 0s - loss: 2.5228 - accuracy: 0.8750
1/1 [==============================] - 0s 45ms/step - loss: 2.5228 - accuracy: 0.8750
Epoch 13/25

1/1 [==============================] - ETA: 0s - loss: 2.2550 - accuracy: 0.8750
1/1 [==============================] - 0s 47ms/step - loss: 2.2550 - accuracy: 0.8750
Epoch 14/25

1/1 [==============================] - ETA: 0s - loss: 1.9957 - accuracy: 0.8750
1/1 [==============================] - 0s 48ms/step - loss: 1.9957 - accuracy: 0.8750
Epoch 15/25

1/1 [==============================] - ETA: 0s - loss: 1.7460 - accuracy: 0.8750
1/1 [==============================] - 0s 48ms/step - loss: 1.7460 - accuracy: 0.8750
Epoch 16/25

1/1 [==============================] - ETA: 0s - loss: 1.5128 - accuracy: 0.8750
1/1 [==============================] - 0s 50ms/step - loss: 1.5128 - accuracy: 0.8750
Epoch 17/25

1/1 [==============================] - ETA: 0s - loss: 1.2997 - accuracy: 0.8750
1/1 [==============================] - 0s 50ms/step - loss: 1.2997 - accuracy: 0.8750
Epoch 18/25

1/1 [==============================] - ETA: 0s - loss: 1.1024 - accuracy: 0.8750
1/1 [==============================] - 0s 60ms/step - loss: 1.1024 - accuracy: 0.8750
Epoch 19/25

1/1 [==============================] - ETA: 0s - loss: 0.9195 - accuracy: 0.9375
1/1 [==============================] - 0s 58ms/step - loss: 0.9195 - accuracy: 0.9375
Epoch 20/25

1/1 [==============================] - ETA: 0s - loss: 0.7587 - accuracy: 1.0000
1/1 [==============================] - 0s 56ms/step - loss: 0.7587 - accuracy: 1.0000
Epoch 21/25

1/1 [==============================] - ETA: 0s - loss: 0.6205 - accuracy: 1.0000
1/1 [==============================] - 0s 59ms/step - loss: 0.6205 - accuracy: 1.0000
Epoch 22/25

1/1 [==============================] - ETA: 0s - loss: 0.5036 - accuracy: 1.0000
1/1 [==============================] - 0s 60ms/step - loss: 0.5036 - accuracy: 1.0000
Epoch 23/25

1/1 [==============================] - ETA: 0s - loss: 0.4069 - accuracy: 1.0000
1/1 [==============================] - 0s 59ms/step - loss: 0.4069 - accuracy: 1.0000
Epoch 24/25

1/1 [==============================] - ETA: 0s - loss: 0.3325 - accuracy: 1.0000
1/1 [==============================] - 0s 59ms/step - loss: 0.3325 - accuracy: 1.0000
Epoch 25/25

1/1 [==============================] - ETA: 0s - loss: 0.2681 - accuracy: 1.0000
1/1 [==============================] - 0s 61ms/step - loss: 0.2681 - accuracy: 1.0000
# node2vec
Epoch 1/25

1/1 [==============================] - ETA: 0s - loss: 4.7168 - accuracy: 0.0625
1/1 [==============================] - 0s 187ms/step - loss: 4.7168 - accuracy: 0.0625
Epoch 2/25

1/1 [==============================] - ETA: 0s - loss: 4.6779 - accuracy: 0.0625
1/1 [==============================] - 0s 3ms/step - loss: 4.6779 - accuracy: 0.0625
Epoch 3/25

1/1 [==============================] - ETA: 0s - loss: 4.6391 - accuracy: 0.0625
1/1 [==============================] - 0s 4ms/step - loss: 4.6391 - accuracy: 0.0625
Epoch 4/25

1/1 [==============================] - ETA: 0s - loss: 4.6003 - accuracy: 0.0625
1/1 [==============================] - 0s 5ms/step - loss: 4.6003 - accuracy: 0.0625
Epoch 5/25

1/1 [==============================] - ETA: 0s - loss: 4.5615 - accuracy: 0.0625
1/1 [==============================] - 0s 4ms/step - loss: 4.5615 - accuracy: 0.0625
Epoch 6/25

1/1 [==============================] - ETA: 0s - loss: 4.5229 - accuracy: 0.0625
1/1 [==============================] - 0s 4ms/step - loss: 4.5229 - accuracy: 0.0625
Epoch 7/25

1/1 [==============================] - ETA: 0s - loss: 4.4842 - accuracy: 0.0625
1/1 [==============================] - 0s 4ms/step - loss: 4.4842 - accuracy: 0.0625
Epoch 8/25

1/1 [==============================] - ETA: 0s - loss: 4.4456 - accuracy: 0.0625
1/1 [==============================] - 0s 5ms/step - loss: 4.4456 - accuracy: 0.0625
Epoch 9/25

1/1 [==============================] - ETA: 0s - loss: 4.4071 - accuracy: 0.0625
1/1 [==============================] - 0s 4ms/step - loss: 4.4071 - accuracy: 0.0625
Epoch 10/25

1/1 [==============================] - ETA: 0s - loss: 4.3687 - accuracy: 0.1250
1/1 [==============================] - 0s 5ms/step - loss: 4.3687 - accuracy: 0.1250
Epoch 11/25

1/1 [==============================] - ETA: 0s - loss: 4.3303 - accuracy: 0.1250
1/1 [==============================] - 0s 4ms/step - loss: 4.3303 - accuracy: 0.1250
Epoch 12/25

1/1 [==============================] - ETA: 0s - loss: 4.2920 - accuracy: 0.1875
1/1 [==============================] - 0s 3ms/step - loss: 4.2920 - accuracy: 0.1875
Epoch 13/25

1/1 [==============================] - ETA: 0s - loss: 4.2538 - accuracy: 0.2500
1/1 [==============================] - 0s 4ms/step - loss: 4.2538 - accuracy: 0.2500
Epoch 14/25

1/1 [==============================] - ETA: 0s - loss: 4.2157 - accuracy: 0.3125
1/1 [==============================] - 0s 4ms/step - loss: 4.2157 - accuracy: 0.3125
Epoch 15/25

1/1 [==============================] - ETA: 0s - loss: 4.1776 - accuracy: 0.3125
1/1 [==============================] - 0s 4ms/step - loss: 4.1776 - accuracy: 0.3125
Epoch 16/25

1/1 [==============================] - ETA: 0s - loss: 4.1396 - accuracy: 0.4375
1/1 [==============================] - 0s 3ms/step - loss: 4.1396 - accuracy: 0.4375
Epoch 17/25

1/1 [==============================] - ETA: 0s - loss: 4.1017 - accuracy: 0.4375
1/1 [==============================] - 0s 4ms/step - loss: 4.1017 - accuracy: 0.4375
Epoch 18/25

1/1 [==============================] - ETA: 0s - loss: 4.0639 - accuracy: 0.4375
1/1 [==============================] - 0s 5ms/step - loss: 4.0639 - accuracy: 0.4375
Epoch 19/25

1/1 [==============================] - ETA: 0s - loss: 4.0262 - accuracy: 0.5000
1/1 [==============================] - 0s 5ms/step - loss: 4.0262 - accuracy: 0.5000
Epoch 20/25

1/1 [==============================] - ETA: 0s - loss: 3.9885 - accuracy: 0.5000
1/1 [==============================] - 0s 3ms/step - loss: 3.9885 - accuracy: 0.5000
Epoch 21/25

1/1 [==============================] - ETA: 0s - loss: 3.9510 - accuracy: 0.5000
1/1 [==============================] - 0s 29ms/step - loss: 3.9510 - accuracy: 0.5000
Epoch 22/25

1/1 [==============================] - ETA: 0s - loss: 3.9135 - accuracy: 0.5000
1/1 [==============================] - 0s 7ms/step - loss: 3.9135 - accuracy: 0.5000
Epoch 23/25

1/1 [==============================] - ETA: 0s - loss: 3.8762 - accuracy: 0.6250
1/1 [==============================] - 0s 6ms/step - loss: 3.8762 - accuracy: 0.6250
Epoch 24/25

1/1 [==============================] - ETA: 0s - loss: 3.8390 - accuracy: 0.6250
1/1 [==============================] - 0s 6ms/step - loss: 3.8390 - accuracy: 0.6250
Epoch 25/25

1/1 [==============================] - ETA: 0s - loss: 3.8018 - accuracy: 0.6875
1/1 [==============================] - 0s 6ms/step - loss: 3.8018 - accuracy: 0.6875
# predict: steps=24
# predict: tnodeembed_metrics
# predict: node2vec_metrics
tnodeembed: {'auc': 0.7025229818841467, 'f1_micro': 0.09177820267686425, 'f1_macro': 0.0026612534352472438} tNodeEmbed_final_loss=0.26809245347976685 tNodeEmbed_final_accuracy=1.0 
node2vec: {'auc': 0.6755492670311083, 'f1_micro': 0.0, 'f1_macro': 0.0} node2vec_final_loss=3.80182147026062 node2vec_final_accuracy=0.6875 
