# load graph
Processing Static file: filename='CollegeMsg_20040708.csv'
# initialize tNodeEmbed for dataset=COLLEGE_NC, test_size=0.2
# load dataset
# fit
# tNodeEmbed steps_per_epoch=1
Epoch 1/25

1/1 [==============================] - ETA: 0s - loss: 4.7318 - accuracy: 0.0625
1/1 [==============================] - 2s 2s/step - loss: 4.7318 - accuracy: 0.0625
Epoch 2/25

1/1 [==============================] - ETA: 0s - loss: 4.6973 - accuracy: 0.1250
1/1 [==============================] - 0s 4ms/step - loss: 4.6973 - accuracy: 0.1250
Epoch 3/25

1/1 [==============================] - ETA: 0s - loss: 4.6628 - accuracy: 0.2500
1/1 [==============================] - 0s 6ms/step - loss: 4.6628 - accuracy: 0.2500
Epoch 4/25

1/1 [==============================] - ETA: 0s - loss: 4.6280 - accuracy: 0.3750
1/1 [==============================] - 0s 5ms/step - loss: 4.6280 - accuracy: 0.3750
Epoch 5/25

1/1 [==============================] - ETA: 0s - loss: 4.5928 - accuracy: 0.6250
1/1 [==============================] - 0s 4ms/step - loss: 4.5928 - accuracy: 0.6250
Epoch 6/25

1/1 [==============================] - ETA: 0s - loss: 4.5570 - accuracy: 0.8125
1/1 [==============================] - 0s 4ms/step - loss: 4.5570 - accuracy: 0.8125
Epoch 7/25

1/1 [==============================] - ETA: 0s - loss: 4.5205 - accuracy: 0.8125
1/1 [==============================] - 0s 6ms/step - loss: 4.5205 - accuracy: 0.8125
Epoch 8/25

1/1 [==============================] - ETA: 0s - loss: 4.4830 - accuracy: 0.8125
1/1 [==============================] - 0s 5ms/step - loss: 4.4830 - accuracy: 0.8125
Epoch 9/25

1/1 [==============================] - ETA: 0s - loss: 4.4445 - accuracy: 0.8125
1/1 [==============================] - 0s 4ms/step - loss: 4.4445 - accuracy: 0.8125
Epoch 10/25

1/1 [==============================] - ETA: 0s - loss: 4.4046 - accuracy: 0.8125
1/1 [==============================] - 0s 3ms/step - loss: 4.4046 - accuracy: 0.8125
Epoch 11/25

1/1 [==============================] - ETA: 0s - loss: 4.3635 - accuracy: 0.8125
1/1 [==============================] - 0s 5ms/step - loss: 4.3635 - accuracy: 0.8125
Epoch 12/25

1/1 [==============================] - ETA: 0s - loss: 4.3207 - accuracy: 0.8125
1/1 [==============================] - 0s 6ms/step - loss: 4.3207 - accuracy: 0.8125
Epoch 13/25

1/1 [==============================] - ETA: 0s - loss: 4.2764 - accuracy: 0.8125
1/1 [==============================] - 0s 5ms/step - loss: 4.2764 - accuracy: 0.8125
Epoch 14/25

1/1 [==============================] - ETA: 0s - loss: 4.2302 - accuracy: 0.8125
1/1 [==============================] - 0s 6ms/step - loss: 4.2302 - accuracy: 0.8125
Epoch 15/25

1/1 [==============================] - ETA: 0s - loss: 4.1822 - accuracy: 0.8125
1/1 [==============================] - 0s 5ms/step - loss: 4.1822 - accuracy: 0.8125
Epoch 16/25

1/1 [==============================] - ETA: 0s - loss: 4.1322 - accuracy: 0.8125
1/1 [==============================] - 0s 5ms/step - loss: 4.1322 - accuracy: 0.8125
Epoch 17/25

1/1 [==============================] - ETA: 0s - loss: 4.0800 - accuracy: 0.8125
1/1 [==============================] - 0s 5ms/step - loss: 4.0800 - accuracy: 0.8125
Epoch 18/25

1/1 [==============================] - ETA: 0s - loss: 4.0257 - accuracy: 0.8125
1/1 [==============================] - 0s 3ms/step - loss: 4.0257 - accuracy: 0.8125
Epoch 19/25

1/1 [==============================] - ETA: 0s - loss: 3.9691 - accuracy: 0.8125
1/1 [==============================] - 0s 4ms/step - loss: 3.9691 - accuracy: 0.8125
Epoch 20/25

1/1 [==============================] - ETA: 0s - loss: 3.9102 - accuracy: 0.8125
1/1 [==============================] - 0s 4ms/step - loss: 3.9102 - accuracy: 0.8125
Epoch 21/25

1/1 [==============================] - ETA: 0s - loss: 3.8489 - accuracy: 0.8125
1/1 [==============================] - 0s 4ms/step - loss: 3.8489 - accuracy: 0.8125
Epoch 22/25

1/1 [==============================] - ETA: 0s - loss: 3.7852 - accuracy: 0.8125
1/1 [==============================] - 0s 3ms/step - loss: 3.7852 - accuracy: 0.8125
Epoch 23/25

1/1 [==============================] - ETA: 0s - loss: 3.7191 - accuracy: 0.8125
1/1 [==============================] - 0s 4ms/step - loss: 3.7191 - accuracy: 0.8125
Epoch 24/25

1/1 [==============================] - ETA: 0s - loss: 3.6506 - accuracy: 0.8125
1/1 [==============================] - 0s 4ms/step - loss: 3.6506 - accuracy: 0.8125
Epoch 25/25

1/1 [==============================] - ETA: 0s - loss: 3.5797 - accuracy: 0.8125
1/1 [==============================] - 0s 5ms/step - loss: 3.5797 - accuracy: 0.8125
# node2vec
Epoch 1/25

1/1 [==============================] - ETA: 0s - loss: 4.6283 - accuracy: 0.0625
1/1 [==============================] - 0s 184ms/step - loss: 4.6283 - accuracy: 0.0625
Epoch 2/25

1/1 [==============================] - ETA: 0s - loss: 4.5935 - accuracy: 0.0625
1/1 [==============================] - 0s 2ms/step - loss: 4.5935 - accuracy: 0.0625
Epoch 3/25

1/1 [==============================] - ETA: 0s - loss: 4.5587 - accuracy: 0.0625
1/1 [==============================] - 0s 2ms/step - loss: 4.5587 - accuracy: 0.0625
Epoch 4/25

1/1 [==============================] - ETA: 0s - loss: 4.5240 - accuracy: 0.1250
1/1 [==============================] - 0s 2ms/step - loss: 4.5240 - accuracy: 0.1250
Epoch 5/25

1/1 [==============================] - ETA: 0s - loss: 4.4893 - accuracy: 0.1250
1/1 [==============================] - 0s 2ms/step - loss: 4.4893 - accuracy: 0.1250
Epoch 6/25

1/1 [==============================] - ETA: 0s - loss: 4.4547 - accuracy: 0.1250
1/1 [==============================] - 0s 2ms/step - loss: 4.4547 - accuracy: 0.1250
Epoch 7/25

1/1 [==============================] - ETA: 0s - loss: 4.4202 - accuracy: 0.1250
1/1 [==============================] - 0s 2ms/step - loss: 4.4202 - accuracy: 0.1250
Epoch 8/25

1/1 [==============================] - ETA: 0s - loss: 4.3857 - accuracy: 0.1250
1/1 [==============================] - 0s 2ms/step - loss: 4.3857 - accuracy: 0.1250
Epoch 9/25

1/1 [==============================] - ETA: 0s - loss: 4.3512 - accuracy: 0.1250
1/1 [==============================] - 0s 3ms/step - loss: 4.3512 - accuracy: 0.1250
Epoch 10/25

1/1 [==============================] - ETA: 0s - loss: 4.3169 - accuracy: 0.1250
1/1 [==============================] - 0s 2ms/step - loss: 4.3169 - accuracy: 0.1250
Epoch 11/25

1/1 [==============================] - ETA: 0s - loss: 4.2826 - accuracy: 0.1875
1/1 [==============================] - 0s 2ms/step - loss: 4.2826 - accuracy: 0.1875
Epoch 12/25

1/1 [==============================] - ETA: 0s - loss: 4.2484 - accuracy: 0.1875
1/1 [==============================] - 0s 2ms/step - loss: 4.2484 - accuracy: 0.1875
Epoch 13/25

1/1 [==============================] - ETA: 0s - loss: 4.2142 - accuracy: 0.2500
1/1 [==============================] - 0s 3ms/step - loss: 4.2142 - accuracy: 0.2500
Epoch 14/25

1/1 [==============================] - ETA: 0s - loss: 4.1802 - accuracy: 0.3125
1/1 [==============================] - 0s 2ms/step - loss: 4.1802 - accuracy: 0.3125
Epoch 15/25

1/1 [==============================] - ETA: 0s - loss: 4.1462 - accuracy: 0.3750
1/1 [==============================] - 0s 3ms/step - loss: 4.1462 - accuracy: 0.3750
Epoch 16/25

1/1 [==============================] - ETA: 0s - loss: 4.1123 - accuracy: 0.4375
1/1 [==============================] - 0s 2ms/step - loss: 4.1123 - accuracy: 0.4375
Epoch 17/25

1/1 [==============================] - ETA: 0s - loss: 4.0785 - accuracy: 0.5000
1/1 [==============================] - 0s 2ms/step - loss: 4.0785 - accuracy: 0.5000
Epoch 18/25

1/1 [==============================] - ETA: 0s - loss: 4.0448 - accuracy: 0.5625
1/1 [==============================] - 0s 3ms/step - loss: 4.0448 - accuracy: 0.5625
Epoch 19/25

1/1 [==============================] - ETA: 0s - loss: 4.0112 - accuracy: 0.5625
1/1 [==============================] - 0s 3ms/step - loss: 4.0112 - accuracy: 0.5625
Epoch 20/25

1/1 [==============================] - ETA: 0s - loss: 3.9777 - accuracy: 0.5625
1/1 [==============================] - 0s 2ms/step - loss: 3.9777 - accuracy: 0.5625
Epoch 21/25

1/1 [==============================] - ETA: 0s - loss: 3.9443 - accuracy: 0.6250
1/1 [==============================] - 0s 2ms/step - loss: 3.9443 - accuracy: 0.6250
Epoch 22/25

1/1 [==============================] - ETA: 0s - loss: 3.9110 - accuracy: 0.6250
1/1 [==============================] - 0s 3ms/step - loss: 3.9110 - accuracy: 0.6250
Epoch 23/25

1/1 [==============================] - ETA: 0s - loss: 3.8778 - accuracy: 0.6250
1/1 [==============================] - 0s 3ms/step - loss: 3.8778 - accuracy: 0.6250
Epoch 24/25

1/1 [==============================] - ETA: 0s - loss: 3.8447 - accuracy: 0.6250
1/1 [==============================] - 0s 2ms/step - loss: 3.8447 - accuracy: 0.6250
Epoch 25/25

1/1 [==============================] - ETA: 0s - loss: 3.8118 - accuracy: 0.6875
1/1 [==============================] - 0s 3ms/step - loss: 3.8118 - accuracy: 0.6875
# predict: steps=12
# predict: tnodeembed_metrics
# predict: node2vec_metrics
tnodeembed: {'auc': 0.705940142916677, 'f1_micro': 0.0, 'f1_macro': 0.0} tNodeEmbed_final_loss=3.5796585083007812 tNodeEmbed_final_accuracy=0.8125 
node2vec: {'auc': 0.6750131149952198, 'f1_micro': 0.0, 'f1_macro': 0.0} node2vec_final_loss=3.8117566108703613 node2vec_final_accuracy=0.6875 
