# load graph
Processing Static file: filename='CollegeMsg_20040804.csv'
# initialize tNodeEmbed for dataset=COLLEGE_NC, test_size=0.2
# load dataset
# fit
# tNodeEmbed steps_per_epoch=1
Epoch 1/25

1/1 [==============================] - ETA: 0s - loss: 4.7194 - accuracy: 0.0000e+00
1/1 [==============================] - 1s 1s/step - loss: 4.7194 - accuracy: 0.0000e+00
Epoch 2/25

1/1 [==============================] - ETA: 0s - loss: 4.6820 - accuracy: 0.0625
1/1 [==============================] - 0s 4ms/step - loss: 4.6820 - accuracy: 0.0625
Epoch 3/25

1/1 [==============================] - ETA: 0s - loss: 4.6445 - accuracy: 0.1250
1/1 [==============================] - 0s 7ms/step - loss: 4.6445 - accuracy: 0.1250
Epoch 4/25

1/1 [==============================] - ETA: 0s - loss: 4.6067 - accuracy: 0.5000
1/1 [==============================] - 0s 6ms/step - loss: 4.6067 - accuracy: 0.5000
Epoch 5/25

1/1 [==============================] - ETA: 0s - loss: 4.5684 - accuracy: 0.7500
1/1 [==============================] - 0s 6ms/step - loss: 4.5684 - accuracy: 0.7500
Epoch 6/25

1/1 [==============================] - ETA: 0s - loss: 4.5295 - accuracy: 0.9375
1/1 [==============================] - 0s 5ms/step - loss: 4.5295 - accuracy: 0.9375
Epoch 7/25

1/1 [==============================] - ETA: 0s - loss: 4.4897 - accuracy: 1.0000
1/1 [==============================] - 0s 5ms/step - loss: 4.4897 - accuracy: 1.0000
Epoch 8/25

1/1 [==============================] - ETA: 0s - loss: 4.4488 - accuracy: 1.0000
1/1 [==============================] - 0s 5ms/step - loss: 4.4488 - accuracy: 1.0000
Epoch 9/25

1/1 [==============================] - ETA: 0s - loss: 4.4068 - accuracy: 1.0000
1/1 [==============================] - 0s 4ms/step - loss: 4.4068 - accuracy: 1.0000
Epoch 10/25

1/1 [==============================] - ETA: 0s - loss: 4.3634 - accuracy: 1.0000
1/1 [==============================] - 0s 5ms/step - loss: 4.3634 - accuracy: 1.0000
Epoch 11/25

1/1 [==============================] - ETA: 0s - loss: 4.3185 - accuracy: 1.0000
1/1 [==============================] - 0s 5ms/step - loss: 4.3185 - accuracy: 1.0000
Epoch 12/25

1/1 [==============================] - ETA: 0s - loss: 4.2719 - accuracy: 1.0000
1/1 [==============================] - 0s 4ms/step - loss: 4.2719 - accuracy: 1.0000
Epoch 13/25

1/1 [==============================] - ETA: 0s - loss: 4.2235 - accuracy: 1.0000
1/1 [==============================] - 0s 5ms/step - loss: 4.2235 - accuracy: 1.0000
Epoch 14/25

1/1 [==============================] - ETA: 0s - loss: 4.1731 - accuracy: 1.0000
1/1 [==============================] - 0s 6ms/step - loss: 4.1731 - accuracy: 1.0000
Epoch 15/25

1/1 [==============================] - ETA: 0s - loss: 4.1206 - accuracy: 1.0000
1/1 [==============================] - 0s 5ms/step - loss: 4.1206 - accuracy: 1.0000
Epoch 16/25

1/1 [==============================] - ETA: 0s - loss: 4.0660 - accuracy: 1.0000
1/1 [==============================] - 0s 4ms/step - loss: 4.0660 - accuracy: 1.0000
Epoch 17/25

1/1 [==============================] - ETA: 0s - loss: 4.0089 - accuracy: 1.0000
1/1 [==============================] - 0s 5ms/step - loss: 4.0089 - accuracy: 1.0000
Epoch 18/25

1/1 [==============================] - ETA: 0s - loss: 3.9495 - accuracy: 1.0000
1/1 [==============================] - 0s 4ms/step - loss: 3.9495 - accuracy: 1.0000
Epoch 19/25

1/1 [==============================] - ETA: 0s - loss: 3.8875 - accuracy: 1.0000
1/1 [==============================] - 0s 5ms/step - loss: 3.8875 - accuracy: 1.0000
Epoch 20/25

1/1 [==============================] - ETA: 0s - loss: 3.8229 - accuracy: 1.0000
1/1 [==============================] - 0s 4ms/step - loss: 3.8229 - accuracy: 1.0000
Epoch 21/25

1/1 [==============================] - ETA: 0s - loss: 3.7557 - accuracy: 1.0000
1/1 [==============================] - 0s 4ms/step - loss: 3.7557 - accuracy: 1.0000
Epoch 22/25

1/1 [==============================] - ETA: 0s - loss: 3.6856 - accuracy: 1.0000
1/1 [==============================] - 0s 4ms/step - loss: 3.6856 - accuracy: 1.0000
Epoch 23/25

1/1 [==============================] - ETA: 0s - loss: 3.6129 - accuracy: 1.0000
1/1 [==============================] - 0s 4ms/step - loss: 3.6129 - accuracy: 1.0000
Epoch 24/25

1/1 [==============================] - ETA: 0s - loss: 3.5373 - accuracy: 1.0000
1/1 [==============================] - 0s 5ms/step - loss: 3.5373 - accuracy: 1.0000
Epoch 25/25

1/1 [==============================] - ETA: 0s - loss: 3.4589 - accuracy: 1.0000
1/1 [==============================] - 0s 5ms/step - loss: 3.4589 - accuracy: 1.0000
# node2vec
Epoch 1/25

1/1 [==============================] - ETA: 0s - loss: 4.8152 - accuracy: 0.0000e+00
1/1 [==============================] - 0s 196ms/step - loss: 4.8152 - accuracy: 0.0000e+00
Epoch 2/25

1/1 [==============================] - ETA: 0s - loss: 4.7766 - accuracy: 0.0000e+00
1/1 [==============================] - 0s 2ms/step - loss: 4.7766 - accuracy: 0.0000e+00
Epoch 3/25

1/1 [==============================] - ETA: 0s - loss: 4.7381 - accuracy: 0.0000e+00
1/1 [==============================] - 0s 3ms/step - loss: 4.7381 - accuracy: 0.0000e+00
Epoch 4/25

1/1 [==============================] - ETA: 0s - loss: 4.6995 - accuracy: 0.0000e+00
1/1 [==============================] - 0s 3ms/step - loss: 4.6995 - accuracy: 0.0000e+00
Epoch 5/25

1/1 [==============================] - ETA: 0s - loss: 4.6611 - accuracy: 0.0625
1/1 [==============================] - 0s 2ms/step - loss: 4.6611 - accuracy: 0.0625
Epoch 6/25

1/1 [==============================] - ETA: 0s - loss: 4.6227 - accuracy: 0.0625
1/1 [==============================] - 0s 3ms/step - loss: 4.6227 - accuracy: 0.0625
Epoch 7/25

1/1 [==============================] - ETA: 0s - loss: 4.5843 - accuracy: 0.0625
1/1 [==============================] - 0s 3ms/step - loss: 4.5843 - accuracy: 0.0625
Epoch 8/25

1/1 [==============================] - ETA: 0s - loss: 4.5460 - accuracy: 0.0625
1/1 [==============================] - 0s 2ms/step - loss: 4.5460 - accuracy: 0.0625
Epoch 9/25

1/1 [==============================] - ETA: 0s - loss: 4.5078 - accuracy: 0.0625
1/1 [==============================] - 0s 3ms/step - loss: 4.5078 - accuracy: 0.0625
Epoch 10/25

1/1 [==============================] - ETA: 0s - loss: 4.4696 - accuracy: 0.0625
1/1 [==============================] - 0s 2ms/step - loss: 4.4696 - accuracy: 0.0625
Epoch 11/25

1/1 [==============================] - ETA: 0s - loss: 4.4315 - accuracy: 0.0625
1/1 [==============================] - 0s 2ms/step - loss: 4.4315 - accuracy: 0.0625
Epoch 12/25

1/1 [==============================] - ETA: 0s - loss: 4.3934 - accuracy: 0.0625
1/1 [==============================] - 0s 2ms/step - loss: 4.3934 - accuracy: 0.0625
Epoch 13/25

1/1 [==============================] - ETA: 0s - loss: 4.3555 - accuracy: 0.0625
1/1 [==============================] - 0s 2ms/step - loss: 4.3555 - accuracy: 0.0625
Epoch 14/25

1/1 [==============================] - ETA: 0s - loss: 4.3176 - accuracy: 0.1250
1/1 [==============================] - 0s 3ms/step - loss: 4.3176 - accuracy: 0.1250
Epoch 15/25

1/1 [==============================] - ETA: 0s - loss: 4.2797 - accuracy: 0.1250
1/1 [==============================] - 0s 3ms/step - loss: 4.2797 - accuracy: 0.1250
Epoch 16/25

1/1 [==============================] - ETA: 0s - loss: 4.2420 - accuracy: 0.1250
1/1 [==============================] - 0s 3ms/step - loss: 4.2420 - accuracy: 0.1250
Epoch 17/25

1/1 [==============================] - ETA: 0s - loss: 4.2043 - accuracy: 0.1250
1/1 [==============================] - 0s 3ms/step - loss: 4.2043 - accuracy: 0.1250
Epoch 18/25

1/1 [==============================] - ETA: 0s - loss: 4.1667 - accuracy: 0.1875
1/1 [==============================] - 0s 2ms/step - loss: 4.1667 - accuracy: 0.1875
Epoch 19/25

1/1 [==============================] - ETA: 0s - loss: 4.1292 - accuracy: 0.2500
1/1 [==============================] - 0s 2ms/step - loss: 4.1292 - accuracy: 0.2500
Epoch 20/25

1/1 [==============================] - ETA: 0s - loss: 4.0918 - accuracy: 0.3125
1/1 [==============================] - 0s 2ms/step - loss: 4.0918 - accuracy: 0.3125
Epoch 21/25

1/1 [==============================] - ETA: 0s - loss: 4.0544 - accuracy: 0.3125
1/1 [==============================] - 0s 3ms/step - loss: 4.0544 - accuracy: 0.3125
Epoch 22/25

1/1 [==============================] - ETA: 0s - loss: 4.0172 - accuracy: 0.3125
1/1 [==============================] - 0s 2ms/step - loss: 4.0172 - accuracy: 0.3125
Epoch 23/25

1/1 [==============================] - ETA: 0s - loss: 3.9801 - accuracy: 0.3750
1/1 [==============================] - 0s 4ms/step - loss: 3.9801 - accuracy: 0.3750
Epoch 24/25

1/1 [==============================] - ETA: 0s - loss: 3.9430 - accuracy: 0.4375
1/1 [==============================] - 0s 3ms/step - loss: 3.9430 - accuracy: 0.4375
Epoch 25/25

1/1 [==============================] - ETA: 0s - loss: 3.9061 - accuracy: 0.4375
1/1 [==============================] - 0s 3ms/step - loss: 3.9061 - accuracy: 0.4375
# predict: steps=12
# predict: tnodeembed_metrics
# predict: node2vec_metrics
tnodeembed: {'auc': 0.6703012771799084, 'f1_micro': 0.0, 'f1_macro': 0.0} tNodeEmbed_final_loss=3.458878993988037 tNodeEmbed_final_accuracy=1.0 
node2vec: {'auc': 0.6321031794670654, 'f1_micro': 0.0, 'f1_macro': 0.0} node2vec_final_loss=3.9060723781585693 node2vec_final_accuracy=0.4375 
