# load graph
Processing Static file: filename='CollegeMsg_20040810.csv'
# initialize tNodeEmbed for dataset=COLLEGE_NC, test_size=0.2
# load dataset
# fit
# tNodeEmbed steps_per_epoch=1
Epoch 1/25

1/1 [==============================] - ETA: 0s - loss: 4.7395 - accuracy: 0.0000e+00
1/1 [==============================] - 1s 1s/step - loss: 4.7395 - accuracy: 0.0000e+00
Epoch 2/25

1/1 [==============================] - ETA: 0s - loss: 4.7054 - accuracy: 0.0625
1/1 [==============================] - 0s 4ms/step - loss: 4.7054 - accuracy: 0.0625
Epoch 3/25

1/1 [==============================] - ETA: 0s - loss: 4.6712 - accuracy: 0.0625
1/1 [==============================] - 0s 5ms/step - loss: 4.6712 - accuracy: 0.0625
Epoch 4/25

1/1 [==============================] - ETA: 0s - loss: 4.6369 - accuracy: 0.3750
1/1 [==============================] - 0s 4ms/step - loss: 4.6369 - accuracy: 0.3750
Epoch 5/25

1/1 [==============================] - ETA: 0s - loss: 4.6022 - accuracy: 0.6250
1/1 [==============================] - 0s 4ms/step - loss: 4.6022 - accuracy: 0.6250
Epoch 6/25

1/1 [==============================] - ETA: 0s - loss: 4.5671 - accuracy: 0.6875
1/1 [==============================] - 0s 4ms/step - loss: 4.5671 - accuracy: 0.6875
Epoch 7/25

1/1 [==============================] - ETA: 0s - loss: 4.5314 - accuracy: 0.6875
1/1 [==============================] - 0s 4ms/step - loss: 4.5314 - accuracy: 0.6875
Epoch 8/25

1/1 [==============================] - ETA: 0s - loss: 4.4949 - accuracy: 0.8125
1/1 [==============================] - 0s 4ms/step - loss: 4.4949 - accuracy: 0.8125
Epoch 9/25

1/1 [==============================] - ETA: 0s - loss: 4.4575 - accuracy: 0.9375
1/1 [==============================] - 0s 4ms/step - loss: 4.4575 - accuracy: 0.9375
Epoch 10/25

1/1 [==============================] - ETA: 0s - loss: 4.4190 - accuracy: 0.9375
1/1 [==============================] - 0s 4ms/step - loss: 4.4190 - accuracy: 0.9375
Epoch 11/25

1/1 [==============================] - ETA: 0s - loss: 4.3794 - accuracy: 0.9375
1/1 [==============================] - 0s 4ms/step - loss: 4.3794 - accuracy: 0.9375
Epoch 12/25

1/1 [==============================] - ETA: 0s - loss: 4.3385 - accuracy: 0.9375
1/1 [==============================] - 0s 4ms/step - loss: 4.3385 - accuracy: 0.9375
Epoch 13/25

1/1 [==============================] - ETA: 0s - loss: 4.2961 - accuracy: 0.9375
1/1 [==============================] - 0s 4ms/step - loss: 4.2961 - accuracy: 0.9375
Epoch 14/25

1/1 [==============================] - ETA: 0s - loss: 4.2521 - accuracy: 0.9375
1/1 [==============================] - 0s 4ms/step - loss: 4.2521 - accuracy: 0.9375
Epoch 15/25

1/1 [==============================] - ETA: 0s - loss: 4.2065 - accuracy: 0.9375
1/1 [==============================] - 0s 4ms/step - loss: 4.2065 - accuracy: 0.9375
Epoch 16/25

1/1 [==============================] - ETA: 0s - loss: 4.1590 - accuracy: 0.9375
1/1 [==============================] - 0s 5ms/step - loss: 4.1590 - accuracy: 0.9375
Epoch 17/25

1/1 [==============================] - ETA: 0s - loss: 4.1097 - accuracy: 0.9375
1/1 [==============================] - 0s 4ms/step - loss: 4.1097 - accuracy: 0.9375
Epoch 18/25

1/1 [==============================] - ETA: 0s - loss: 4.0584 - accuracy: 0.9375
1/1 [==============================] - 0s 4ms/step - loss: 4.0584 - accuracy: 0.9375
Epoch 19/25

1/1 [==============================] - ETA: 0s - loss: 4.0051 - accuracy: 0.9375
1/1 [==============================] - 0s 4ms/step - loss: 4.0051 - accuracy: 0.9375
Epoch 20/25

1/1 [==============================] - ETA: 0s - loss: 3.9495 - accuracy: 0.9375
1/1 [==============================] - 0s 5ms/step - loss: 3.9495 - accuracy: 0.9375
Epoch 21/25

1/1 [==============================] - ETA: 0s - loss: 3.8917 - accuracy: 0.9375
1/1 [==============================] - 0s 4ms/step - loss: 3.8917 - accuracy: 0.9375
Epoch 22/25

1/1 [==============================] - ETA: 0s - loss: 3.8317 - accuracy: 0.9375
1/1 [==============================] - 0s 4ms/step - loss: 3.8317 - accuracy: 0.9375
Epoch 23/25

1/1 [==============================] - ETA: 0s - loss: 3.7692 - accuracy: 0.9375
1/1 [==============================] - 0s 5ms/step - loss: 3.7692 - accuracy: 0.9375
Epoch 24/25

1/1 [==============================] - ETA: 0s - loss: 3.7043 - accuracy: 0.9375
1/1 [==============================] - 0s 4ms/step - loss: 3.7043 - accuracy: 0.9375
Epoch 25/25

1/1 [==============================] - ETA: 0s - loss: 3.6370 - accuracy: 0.9375
1/1 [==============================] - 0s 4ms/step - loss: 3.6370 - accuracy: 0.9375
# node2vec
Epoch 1/25

1/1 [==============================] - ETA: 0s - loss: 4.7328 - accuracy: 0.0000e+00
1/1 [==============================] - 0s 189ms/step - loss: 4.7328 - accuracy: 0.0000e+00
Epoch 2/25

1/1 [==============================] - ETA: 0s - loss: 4.6942 - accuracy: 0.0000e+00
1/1 [==============================] - 0s 5ms/step - loss: 4.6942 - accuracy: 0.0000e+00
Epoch 3/25

1/1 [==============================] - ETA: 0s - loss: 4.6557 - accuracy: 0.0000e+00
1/1 [==============================] - 0s 5ms/step - loss: 4.6557 - accuracy: 0.0000e+00
Epoch 4/25

1/1 [==============================] - ETA: 0s - loss: 4.6172 - accuracy: 0.0000e+00
1/1 [==============================] - 0s 3ms/step - loss: 4.6172 - accuracy: 0.0000e+00
Epoch 5/25

1/1 [==============================] - ETA: 0s - loss: 4.5787 - accuracy: 0.0000e+00
1/1 [==============================] - 0s 4ms/step - loss: 4.5787 - accuracy: 0.0000e+00
Epoch 6/25

1/1 [==============================] - ETA: 0s - loss: 4.5404 - accuracy: 0.0000e+00
1/1 [==============================] - 0s 5ms/step - loss: 4.5404 - accuracy: 0.0000e+00
Epoch 7/25

1/1 [==============================] - ETA: 0s - loss: 4.5020 - accuracy: 0.0000e+00
1/1 [==============================] - 0s 5ms/step - loss: 4.5020 - accuracy: 0.0000e+00
Epoch 8/25

1/1 [==============================] - ETA: 0s - loss: 4.4637 - accuracy: 0.0000e+00
1/1 [==============================] - 0s 5ms/step - loss: 4.4637 - accuracy: 0.0000e+00
Epoch 9/25

1/1 [==============================] - ETA: 0s - loss: 4.4255 - accuracy: 0.0000e+00
1/1 [==============================] - 0s 6ms/step - loss: 4.4255 - accuracy: 0.0000e+00
Epoch 10/25

1/1 [==============================] - ETA: 0s - loss: 4.3874 - accuracy: 0.0625
1/1 [==============================] - 0s 5ms/step - loss: 4.3874 - accuracy: 0.0625
Epoch 11/25

1/1 [==============================] - ETA: 0s - loss: 4.3493 - accuracy: 0.0625
1/1 [==============================] - 0s 7ms/step - loss: 4.3493 - accuracy: 0.0625
Epoch 12/25

1/1 [==============================] - ETA: 0s - loss: 4.3113 - accuracy: 0.1250
1/1 [==============================] - 0s 5ms/step - loss: 4.3113 - accuracy: 0.1250
Epoch 13/25

1/1 [==============================] - ETA: 0s - loss: 4.2733 - accuracy: 0.1250
1/1 [==============================] - 0s 5ms/step - loss: 4.2733 - accuracy: 0.1250
Epoch 14/25

1/1 [==============================] - ETA: 0s - loss: 4.2355 - accuracy: 0.1875
1/1 [==============================] - 0s 4ms/step - loss: 4.2355 - accuracy: 0.1875
Epoch 15/25

1/1 [==============================] - ETA: 0s - loss: 4.1977 - accuracy: 0.1875
1/1 [==============================] - 0s 5ms/step - loss: 4.1977 - accuracy: 0.1875
Epoch 16/25

1/1 [==============================] - ETA: 0s - loss: 4.1599 - accuracy: 0.1875
1/1 [==============================] - 0s 4ms/step - loss: 4.1599 - accuracy: 0.1875
Epoch 17/25

1/1 [==============================] - ETA: 0s - loss: 4.1223 - accuracy: 0.1875
1/1 [==============================] - 0s 5ms/step - loss: 4.1223 - accuracy: 0.1875
Epoch 18/25

1/1 [==============================] - ETA: 0s - loss: 4.0847 - accuracy: 0.1875
1/1 [==============================] - 0s 4ms/step - loss: 4.0847 - accuracy: 0.1875
Epoch 19/25

1/1 [==============================] - ETA: 0s - loss: 4.0473 - accuracy: 0.2500
1/1 [==============================] - 0s 5ms/step - loss: 4.0473 - accuracy: 0.2500
Epoch 20/25

1/1 [==============================] - ETA: 0s - loss: 4.0099 - accuracy: 0.3750
1/1 [==============================] - 0s 6ms/step - loss: 4.0099 - accuracy: 0.3750
Epoch 21/25

1/1 [==============================] - ETA: 0s - loss: 3.9726 - accuracy: 0.3750
1/1 [==============================] - 0s 5ms/step - loss: 3.9726 - accuracy: 0.3750
Epoch 22/25

1/1 [==============================] - ETA: 0s - loss: 3.9354 - accuracy: 0.3750
1/1 [==============================] - 0s 4ms/step - loss: 3.9354 - accuracy: 0.3750
Epoch 23/25

1/1 [==============================] - ETA: 0s - loss: 3.8983 - accuracy: 0.3750
1/1 [==============================] - 0s 6ms/step - loss: 3.8983 - accuracy: 0.3750
Epoch 24/25

1/1 [==============================] - ETA: 0s - loss: 3.8613 - accuracy: 0.3750
1/1 [==============================] - 0s 4ms/step - loss: 3.8613 - accuracy: 0.3750
Epoch 25/25

1/1 [==============================] - ETA: 0s - loss: 3.8243 - accuracy: 0.5000
1/1 [==============================] - 0s 5ms/step - loss: 3.8243 - accuracy: 0.5000
# predict: steps=12
# predict: tnodeembed_metrics
# predict: node2vec_metrics
tnodeembed: {'auc': 0.7803975865957395, 'f1_micro': 0.0, 'f1_macro': 0.0} tNodeEmbed_final_loss=3.6369826793670654 tNodeEmbed_final_accuracy=0.9375 
node2vec: {'auc': 0.6529517625573016, 'f1_micro': 0.0, 'f1_macro': 0.0} node2vec_final_loss=3.8243496417999268 node2vec_final_accuracy=0.5 
