# load graph
Processing Static file: filename='CollegeMsg_20040420.csv'
# initialize tNodeEmbed for dataset=COLLEGE_NC, test_size=0.2
# load dataset
# fit
# tNodeEmbed steps_per_epoch=1
Epoch 1/25

1/1 [==============================] - ETA: 0s - loss: 4.7362 - accuracy: 0.0625
1/1 [==============================] - 1s 999ms/step - loss: 4.7362 - accuracy: 0.0625
Epoch 2/25

1/1 [==============================] - ETA: 0s - loss: 4.7337 - accuracy: 0.1875
1/1 [==============================] - 0s 3ms/step - loss: 4.7337 - accuracy: 0.1875
Epoch 3/25

1/1 [==============================] - ETA: 0s - loss: 4.7311 - accuracy: 0.1875
1/1 [==============================] - 0s 4ms/step - loss: 4.7311 - accuracy: 0.1875
Epoch 4/25

1/1 [==============================] - ETA: 0s - loss: 4.7285 - accuracy: 0.1875
1/1 [==============================] - 0s 7ms/step - loss: 4.7285 - accuracy: 0.1875
Epoch 5/25

1/1 [==============================] - ETA: 0s - loss: 4.7257 - accuracy: 0.1875
1/1 [==============================] - 0s 4ms/step - loss: 4.7257 - accuracy: 0.1875
Epoch 6/25

1/1 [==============================] - ETA: 0s - loss: 4.7228 - accuracy: 0.1875
1/1 [==============================] - 0s 4ms/step - loss: 4.7228 - accuracy: 0.1875
Epoch 7/25

1/1 [==============================] - ETA: 0s - loss: 4.7199 - accuracy: 0.1875
1/1 [==============================] - 0s 4ms/step - loss: 4.7199 - accuracy: 0.1875
Epoch 8/25

1/1 [==============================] - ETA: 0s - loss: 4.7168 - accuracy: 0.1875
1/1 [==============================] - 0s 4ms/step - loss: 4.7168 - accuracy: 0.1875
Epoch 9/25

1/1 [==============================] - ETA: 0s - loss: 4.7136 - accuracy: 0.1875
1/1 [==============================] - 0s 6ms/step - loss: 4.7136 - accuracy: 0.1875
Epoch 10/25

1/1 [==============================] - ETA: 0s - loss: 4.7102 - accuracy: 0.1875
1/1 [==============================] - 0s 6ms/step - loss: 4.7102 - accuracy: 0.1875
Epoch 11/25

1/1 [==============================] - ETA: 0s - loss: 4.7068 - accuracy: 0.1875
1/1 [==============================] - 0s 5ms/step - loss: 4.7068 - accuracy: 0.1875
Epoch 12/25

1/1 [==============================] - ETA: 0s - loss: 4.7032 - accuracy: 0.1875
1/1 [==============================] - 0s 5ms/step - loss: 4.7032 - accuracy: 0.1875
Epoch 13/25

1/1 [==============================] - ETA: 0s - loss: 4.6994 - accuracy: 0.1875
1/1 [==============================] - 0s 4ms/step - loss: 4.6994 - accuracy: 0.1875
Epoch 14/25

1/1 [==============================] - ETA: 0s - loss: 4.6955 - accuracy: 0.1875
1/1 [==============================] - 0s 5ms/step - loss: 4.6955 - accuracy: 0.1875
Epoch 15/25

1/1 [==============================] - ETA: 0s - loss: 4.6915 - accuracy: 0.1875
1/1 [==============================] - 0s 5ms/step - loss: 4.6915 - accuracy: 0.1875
Epoch 16/25

1/1 [==============================] - ETA: 0s - loss: 4.6873 - accuracy: 0.1875
1/1 [==============================] - 0s 4ms/step - loss: 4.6873 - accuracy: 0.1875
Epoch 17/25

1/1 [==============================] - ETA: 0s - loss: 4.6829 - accuracy: 0.1875
1/1 [==============================] - 0s 5ms/step - loss: 4.6829 - accuracy: 0.1875
Epoch 18/25

1/1 [==============================] - ETA: 0s - loss: 4.6784 - accuracy: 0.1875
1/1 [==============================] - 0s 9ms/step - loss: 4.6784 - accuracy: 0.1875
Epoch 19/25

1/1 [==============================] - ETA: 0s - loss: 4.6737 - accuracy: 0.1875
1/1 [==============================] - 0s 7ms/step - loss: 4.6737 - accuracy: 0.1875
Epoch 20/25

1/1 [==============================] - ETA: 0s - loss: 4.6689 - accuracy: 0.1875
1/1 [==============================] - 0s 7ms/step - loss: 4.6689 - accuracy: 0.1875
Epoch 21/25

1/1 [==============================] - ETA: 0s - loss: 4.6638 - accuracy: 0.1875
1/1 [==============================] - 0s 5ms/step - loss: 4.6638 - accuracy: 0.1875
Epoch 22/25

1/1 [==============================] - ETA: 0s - loss: 4.6586 - accuracy: 0.1875
1/1 [==============================] - 0s 5ms/step - loss: 4.6586 - accuracy: 0.1875
Epoch 23/25

1/1 [==============================] - ETA: 0s - loss: 4.6531 - accuracy: 0.1875
1/1 [==============================] - 0s 4ms/step - loss: 4.6531 - accuracy: 0.1875
Epoch 24/25

1/1 [==============================] - ETA: 0s - loss: 4.6475 - accuracy: 0.1875
1/1 [==============================] - 0s 4ms/step - loss: 4.6475 - accuracy: 0.1875
Epoch 25/25

1/1 [==============================] - ETA: 0s - loss: 4.6417 - accuracy: 0.1875
1/1 [==============================] - 0s 4ms/step - loss: 4.6417 - accuracy: 0.1875
# node2vec
Epoch 1/25

1/1 [==============================] - ETA: 0s - loss: 4.7362 - accuracy: 0.0625
1/1 [==============================] - 0s 182ms/step - loss: 4.7362 - accuracy: 0.0625
Epoch 2/25

1/1 [==============================] - ETA: 0s - loss: 4.7344 - accuracy: 0.1250
1/1 [==============================] - 0s 2ms/step - loss: 4.7344 - accuracy: 0.1250
Epoch 3/25

1/1 [==============================] - ETA: 0s - loss: 4.7326 - accuracy: 0.1250
1/1 [==============================] - 0s 2ms/step - loss: 4.7326 - accuracy: 0.1250
Epoch 4/25

1/1 [==============================] - ETA: 0s - loss: 4.7308 - accuracy: 0.1250
1/1 [==============================] - 0s 4ms/step - loss: 4.7308 - accuracy: 0.1250
Epoch 5/25

1/1 [==============================] - ETA: 0s - loss: 4.7290 - accuracy: 0.1875
1/1 [==============================] - 0s 2ms/step - loss: 4.7290 - accuracy: 0.1875
Epoch 6/25

1/1 [==============================] - ETA: 0s - loss: 4.7273 - accuracy: 0.1875
1/1 [==============================] - 0s 2ms/step - loss: 4.7273 - accuracy: 0.1875
Epoch 7/25

1/1 [==============================] - ETA: 0s - loss: 4.7255 - accuracy: 0.1875
1/1 [==============================] - 0s 2ms/step - loss: 4.7255 - accuracy: 0.1875
Epoch 8/25

1/1 [==============================] - ETA: 0s - loss: 4.7237 - accuracy: 0.1875
1/1 [==============================] - 0s 4ms/step - loss: 4.7237 - accuracy: 0.1875
Epoch 9/25

1/1 [==============================] - ETA: 0s - loss: 4.7219 - accuracy: 0.1875
1/1 [==============================] - 0s 2ms/step - loss: 4.7219 - accuracy: 0.1875
Epoch 10/25

1/1 [==============================] - ETA: 0s - loss: 4.7201 - accuracy: 0.1875
1/1 [==============================] - 0s 2ms/step - loss: 4.7201 - accuracy: 0.1875
Epoch 11/25

1/1 [==============================] - ETA: 0s - loss: 4.7183 - accuracy: 0.1875
1/1 [==============================] - 0s 4ms/step - loss: 4.7183 - accuracy: 0.1875
Epoch 12/25

1/1 [==============================] - ETA: 0s - loss: 4.7165 - accuracy: 0.1875
1/1 [==============================] - 0s 3ms/step - loss: 4.7165 - accuracy: 0.1875
Epoch 13/25

1/1 [==============================] - ETA: 0s - loss: 4.7148 - accuracy: 0.1875
1/1 [==============================] - 0s 4ms/step - loss: 4.7148 - accuracy: 0.1875
Epoch 14/25

1/1 [==============================] - ETA: 0s - loss: 4.7130 - accuracy: 0.1875
1/1 [==============================] - 0s 3ms/step - loss: 4.7130 - accuracy: 0.1875
Epoch 15/25

1/1 [==============================] - ETA: 0s - loss: 4.7112 - accuracy: 0.1875
1/1 [==============================] - 0s 3ms/step - loss: 4.7112 - accuracy: 0.1875
Epoch 16/25

1/1 [==============================] - ETA: 0s - loss: 4.7094 - accuracy: 0.1875
1/1 [==============================] - 0s 3ms/step - loss: 4.7094 - accuracy: 0.1875
Epoch 17/25

1/1 [==============================] - ETA: 0s - loss: 4.7076 - accuracy: 0.1875
1/1 [==============================] - 0s 3ms/step - loss: 4.7076 - accuracy: 0.1875
Epoch 18/25

1/1 [==============================] - ETA: 0s - loss: 4.7058 - accuracy: 0.1875
1/1 [==============================] - 0s 3ms/step - loss: 4.7058 - accuracy: 0.1875
Epoch 19/25

1/1 [==============================] - ETA: 0s - loss: 4.7041 - accuracy: 0.1875
1/1 [==============================] - 0s 4ms/step - loss: 4.7041 - accuracy: 0.1875
Epoch 20/25

1/1 [==============================] - ETA: 0s - loss: 4.7023 - accuracy: 0.1875
1/1 [==============================] - 0s 3ms/step - loss: 4.7023 - accuracy: 0.1875
Epoch 21/25

1/1 [==============================] - ETA: 0s - loss: 4.7005 - accuracy: 0.1875
1/1 [==============================] - 0s 3ms/step - loss: 4.7005 - accuracy: 0.1875
Epoch 22/25

1/1 [==============================] - ETA: 0s - loss: 4.6987 - accuracy: 0.1875
1/1 [==============================] - 0s 2ms/step - loss: 4.6987 - accuracy: 0.1875
Epoch 23/25

1/1 [==============================] - ETA: 0s - loss: 4.6969 - accuracy: 0.1875
1/1 [==============================] - 0s 4ms/step - loss: 4.6969 - accuracy: 0.1875
Epoch 24/25

1/1 [==============================] - ETA: 0s - loss: 4.6952 - accuracy: 0.1875
1/1 [==============================] - 0s 3ms/step - loss: 4.6952 - accuracy: 0.1875
Epoch 25/25

1/1 [==============================] - ETA: 0s - loss: 4.6934 - accuracy: 0.1875
1/1 [==============================] - 0s 3ms/step - loss: 4.6934 - accuracy: 0.1875
# predict: steps=12
# predict: tnodeembed_metrics
# predict: node2vec_metrics
tnodeembed: {'auc': 0.7387733189517809, 'f1_micro': 0.0, 'f1_macro': 0.0} tNodeEmbed_final_loss=4.64171028137207 tNodeEmbed_final_accuracy=0.1875 
node2vec: {'auc': 0.7415779055230065, 'f1_micro': 0.0, 'f1_macro': 0.0} node2vec_final_loss=4.6933794021606445 node2vec_final_accuracy=0.1875 
