# load graph
Processing Static file: filename='CollegeMsg_20040614.csv'
# initialize tNodeEmbed for dataset=COLLEGE_NC, test_size=0.2
# load dataset
# fit
# tNodeEmbed steps_per_epoch=1
Epoch 1/25

1/1 [==============================] - ETA: 0s - loss: 4.7273 - accuracy: 0.0625
1/1 [==============================] - 1s 1s/step - loss: 4.7273 - accuracy: 0.0625
Epoch 2/25

1/1 [==============================] - ETA: 0s - loss: 4.6949 - accuracy: 0.1875
1/1 [==============================] - 0s 4ms/step - loss: 4.6949 - accuracy: 0.1875
Epoch 3/25

1/1 [==============================] - ETA: 0s - loss: 4.6623 - accuracy: 0.3750
1/1 [==============================] - 0s 4ms/step - loss: 4.6623 - accuracy: 0.3750
Epoch 4/25

1/1 [==============================] - ETA: 0s - loss: 4.6295 - accuracy: 0.5000
1/1 [==============================] - 0s 4ms/step - loss: 4.6295 - accuracy: 0.5000
Epoch 5/25

1/1 [==============================] - ETA: 0s - loss: 4.5964 - accuracy: 0.7500
1/1 [==============================] - 0s 4ms/step - loss: 4.5964 - accuracy: 0.7500
Epoch 6/25

1/1 [==============================] - ETA: 0s - loss: 4.5627 - accuracy: 0.7500
1/1 [==============================] - 0s 4ms/step - loss: 4.5627 - accuracy: 0.7500
Epoch 7/25

1/1 [==============================] - ETA: 0s - loss: 4.5283 - accuracy: 0.7500
1/1 [==============================] - 0s 5ms/step - loss: 4.5283 - accuracy: 0.7500
Epoch 8/25

1/1 [==============================] - ETA: 0s - loss: 4.4932 - accuracy: 0.7500
1/1 [==============================] - 0s 4ms/step - loss: 4.4932 - accuracy: 0.7500
Epoch 9/25

1/1 [==============================] - ETA: 0s - loss: 4.4572 - accuracy: 0.8750
1/1 [==============================] - 0s 3ms/step - loss: 4.4572 - accuracy: 0.8750
Epoch 10/25

1/1 [==============================] - ETA: 0s - loss: 4.4201 - accuracy: 0.8750
1/1 [==============================] - 0s 3ms/step - loss: 4.4201 - accuracy: 0.8750
Epoch 11/25

1/1 [==============================] - ETA: 0s - loss: 4.3818 - accuracy: 0.8750
1/1 [==============================] - 0s 4ms/step - loss: 4.3818 - accuracy: 0.8750
Epoch 12/25

1/1 [==============================] - ETA: 0s - loss: 4.3422 - accuracy: 0.8750
1/1 [==============================] - 0s 5ms/step - loss: 4.3422 - accuracy: 0.8750
Epoch 13/25

1/1 [==============================] - ETA: 0s - loss: 4.3011 - accuracy: 0.8750
1/1 [==============================] - 0s 4ms/step - loss: 4.3011 - accuracy: 0.8750
Epoch 14/25

1/1 [==============================] - ETA: 0s - loss: 4.2585 - accuracy: 0.9375
1/1 [==============================] - 0s 3ms/step - loss: 4.2585 - accuracy: 0.9375
Epoch 15/25

1/1 [==============================] - ETA: 0s - loss: 4.2143 - accuracy: 0.9375
1/1 [==============================] - 0s 4ms/step - loss: 4.2143 - accuracy: 0.9375
Epoch 16/25

1/1 [==============================] - ETA: 0s - loss: 4.1683 - accuracy: 0.9375
1/1 [==============================] - 0s 5ms/step - loss: 4.1683 - accuracy: 0.9375
Epoch 17/25

1/1 [==============================] - ETA: 0s - loss: 4.1205 - accuracy: 0.9375
1/1 [==============================] - 0s 3ms/step - loss: 4.1205 - accuracy: 0.9375
Epoch 18/25

1/1 [==============================] - ETA: 0s - loss: 4.0708 - accuracy: 0.9375
1/1 [==============================] - 0s 4ms/step - loss: 4.0708 - accuracy: 0.9375
Epoch 19/25

1/1 [==============================] - ETA: 0s - loss: 4.0191 - accuracy: 0.9375
1/1 [==============================] - 0s 4ms/step - loss: 4.0191 - accuracy: 0.9375
Epoch 20/25

1/1 [==============================] - ETA: 0s - loss: 3.9654 - accuracy: 0.9375
1/1 [==============================] - 0s 4ms/step - loss: 3.9654 - accuracy: 0.9375
Epoch 21/25

1/1 [==============================] - ETA: 0s - loss: 3.9096 - accuracy: 0.9375
1/1 [==============================] - 0s 4ms/step - loss: 3.9096 - accuracy: 0.9375
Epoch 22/25

1/1 [==============================] - ETA: 0s - loss: 3.8516 - accuracy: 0.9375
1/1 [==============================] - 0s 4ms/step - loss: 3.8516 - accuracy: 0.9375
Epoch 23/25

1/1 [==============================] - ETA: 0s - loss: 3.7914 - accuracy: 0.9375
1/1 [==============================] - 0s 5ms/step - loss: 3.7914 - accuracy: 0.9375
Epoch 24/25

1/1 [==============================] - ETA: 0s - loss: 3.7290 - accuracy: 0.9375
1/1 [==============================] - 0s 4ms/step - loss: 3.7290 - accuracy: 0.9375
Epoch 25/25

1/1 [==============================] - ETA: 0s - loss: 3.6644 - accuracy: 0.9375
1/1 [==============================] - 0s 4ms/step - loss: 3.6644 - accuracy: 0.9375
# node2vec
Epoch 1/25

1/1 [==============================] - ETA: 0s - loss: 4.9177 - accuracy: 0.0625
1/1 [==============================] - 0s 182ms/step - loss: 4.9177 - accuracy: 0.0625
Epoch 2/25

1/1 [==============================] - ETA: 0s - loss: 4.8826 - accuracy: 0.0625
1/1 [==============================] - 0s 3ms/step - loss: 4.8826 - accuracy: 0.0625
Epoch 3/25

1/1 [==============================] - ETA: 0s - loss: 4.8476 - accuracy: 0.0625
1/1 [==============================] - 0s 3ms/step - loss: 4.8476 - accuracy: 0.0625
Epoch 4/25

1/1 [==============================] - ETA: 0s - loss: 4.8126 - accuracy: 0.0625
1/1 [==============================] - 0s 3ms/step - loss: 4.8126 - accuracy: 0.0625
Epoch 5/25

1/1 [==============================] - ETA: 0s - loss: 4.7776 - accuracy: 0.0625
1/1 [==============================] - 0s 3ms/step - loss: 4.7776 - accuracy: 0.0625
Epoch 6/25

1/1 [==============================] - ETA: 0s - loss: 4.7427 - accuracy: 0.0625
1/1 [==============================] - 0s 2ms/step - loss: 4.7427 - accuracy: 0.0625
Epoch 7/25

1/1 [==============================] - ETA: 0s - loss: 4.7079 - accuracy: 0.0625
1/1 [==============================] - 0s 3ms/step - loss: 4.7079 - accuracy: 0.0625
Epoch 8/25

1/1 [==============================] - ETA: 0s - loss: 4.6731 - accuracy: 0.0625
1/1 [==============================] - 0s 3ms/step - loss: 4.6731 - accuracy: 0.0625
Epoch 9/25

1/1 [==============================] - ETA: 0s - loss: 4.6383 - accuracy: 0.0625
1/1 [==============================] - 0s 2ms/step - loss: 4.6383 - accuracy: 0.0625
Epoch 10/25

1/1 [==============================] - ETA: 0s - loss: 4.6036 - accuracy: 0.1250
1/1 [==============================] - 0s 3ms/step - loss: 4.6036 - accuracy: 0.1250
Epoch 11/25

1/1 [==============================] - ETA: 0s - loss: 4.5689 - accuracy: 0.1250
1/1 [==============================] - 0s 2ms/step - loss: 4.5689 - accuracy: 0.1250
Epoch 12/25

1/1 [==============================] - ETA: 0s - loss: 4.5343 - accuracy: 0.1250
1/1 [==============================] - 0s 3ms/step - loss: 4.5343 - accuracy: 0.1250
Epoch 13/25

1/1 [==============================] - ETA: 0s - loss: 4.4998 - accuracy: 0.1875
1/1 [==============================] - 0s 2ms/step - loss: 4.4998 - accuracy: 0.1875
Epoch 14/25

1/1 [==============================] - ETA: 0s - loss: 4.4653 - accuracy: 0.1875
1/1 [==============================] - 0s 2ms/step - loss: 4.4653 - accuracy: 0.1875
Epoch 15/25

1/1 [==============================] - ETA: 0s - loss: 4.4309 - accuracy: 0.1875
1/1 [==============================] - 0s 3ms/step - loss: 4.4309 - accuracy: 0.1875
Epoch 16/25

1/1 [==============================] - ETA: 0s - loss: 4.3965 - accuracy: 0.1875
1/1 [==============================] - 0s 3ms/step - loss: 4.3965 - accuracy: 0.1875
Epoch 17/25

1/1 [==============================] - ETA: 0s - loss: 4.3622 - accuracy: 0.1875
1/1 [==============================] - 0s 3ms/step - loss: 4.3622 - accuracy: 0.1875
Epoch 18/25

1/1 [==============================] - ETA: 0s - loss: 4.3280 - accuracy: 0.2500
1/1 [==============================] - 0s 3ms/step - loss: 4.3280 - accuracy: 0.2500
Epoch 19/25

1/1 [==============================] - ETA: 0s - loss: 4.2939 - accuracy: 0.2500
1/1 [==============================] - 0s 6ms/step - loss: 4.2939 - accuracy: 0.2500
Epoch 20/25

1/1 [==============================] - ETA: 0s - loss: 4.2598 - accuracy: 0.2500
1/1 [==============================] - 0s 6ms/step - loss: 4.2598 - accuracy: 0.2500
Epoch 21/25

1/1 [==============================] - ETA: 0s - loss: 4.2258 - accuracy: 0.3125
1/1 [==============================] - 0s 3ms/step - loss: 4.2258 - accuracy: 0.3125
Epoch 22/25

1/1 [==============================] - ETA: 0s - loss: 4.1918 - accuracy: 0.3750
1/1 [==============================] - 0s 4ms/step - loss: 4.1918 - accuracy: 0.3750
Epoch 23/25

1/1 [==============================] - ETA: 0s - loss: 4.1580 - accuracy: 0.3750
1/1 [==============================] - 0s 4ms/step - loss: 4.1580 - accuracy: 0.3750
Epoch 24/25

1/1 [==============================] - ETA: 0s - loss: 4.1242 - accuracy: 0.3750
1/1 [==============================] - 0s 4ms/step - loss: 4.1242 - accuracy: 0.3750
Epoch 25/25

1/1 [==============================] - ETA: 0s - loss: 4.0905 - accuracy: 0.3750
1/1 [==============================] - 0s 3ms/step - loss: 4.0905 - accuracy: 0.3750
# predict: steps=12
# predict: tnodeembed_metrics
# predict: node2vec_metrics
tnodeembed: {'auc': 0.6952531071507366, 'f1_micro': 0.0, 'f1_macro': 0.0} tNodeEmbed_final_loss=3.66440749168396 tNodeEmbed_final_accuracy=0.9375 
node2vec: {'auc': 0.6217653151275954, 'f1_micro': 0.0, 'f1_macro': 0.0} node2vec_final_loss=4.09050989151001 node2vec_final_accuracy=0.375 
