# load graph
Processing Static file: filename='CollegeMsg_20040711.csv'
# initialize tNodeEmbed for dataset=COLLEGE_NC, test_size=0.2
# load dataset
# fit
# tNodeEmbed steps_per_epoch=1
Epoch 1/25

1/1 [==============================] - ETA: 0s - loss: 4.7502 - accuracy: 0.1250
1/1 [==============================] - 1s 1s/step - loss: 4.7502 - accuracy: 0.1250
Epoch 2/25

1/1 [==============================] - ETA: 0s - loss: 4.7207 - accuracy: 0.1250
1/1 [==============================] - 0s 3ms/step - loss: 4.7207 - accuracy: 0.1250
Epoch 3/25

1/1 [==============================] - ETA: 0s - loss: 4.6911 - accuracy: 0.1250
1/1 [==============================] - 0s 4ms/step - loss: 4.6911 - accuracy: 0.1250
Epoch 4/25

1/1 [==============================] - ETA: 0s - loss: 4.6614 - accuracy: 0.2500
1/1 [==============================] - 0s 3ms/step - loss: 4.6614 - accuracy: 0.2500
Epoch 5/25

1/1 [==============================] - ETA: 0s - loss: 4.6315 - accuracy: 0.5000
1/1 [==============================] - 0s 3ms/step - loss: 4.6315 - accuracy: 0.5000
Epoch 6/25

1/1 [==============================] - ETA: 0s - loss: 4.6013 - accuracy: 0.6875
1/1 [==============================] - 0s 4ms/step - loss: 4.6013 - accuracy: 0.6875
Epoch 7/25

1/1 [==============================] - ETA: 0s - loss: 4.5707 - accuracy: 0.8125
1/1 [==============================] - 0s 3ms/step - loss: 4.5707 - accuracy: 0.8125
Epoch 8/25

1/1 [==============================] - ETA: 0s - loss: 4.5396 - accuracy: 0.9375
1/1 [==============================] - 0s 4ms/step - loss: 4.5396 - accuracy: 0.9375
Epoch 9/25

1/1 [==============================] - ETA: 0s - loss: 4.5078 - accuracy: 1.0000
1/1 [==============================] - 0s 3ms/step - loss: 4.5078 - accuracy: 1.0000
Epoch 10/25

1/1 [==============================] - ETA: 0s - loss: 4.4753 - accuracy: 1.0000
1/1 [==============================] - 0s 4ms/step - loss: 4.4753 - accuracy: 1.0000
Epoch 11/25

1/1 [==============================] - ETA: 0s - loss: 4.4418 - accuracy: 1.0000
1/1 [==============================] - 0s 4ms/step - loss: 4.4418 - accuracy: 1.0000
Epoch 12/25

1/1 [==============================] - ETA: 0s - loss: 4.4074 - accuracy: 1.0000
1/1 [==============================] - 0s 4ms/step - loss: 4.4074 - accuracy: 1.0000
Epoch 13/25

1/1 [==============================] - ETA: 0s - loss: 4.3719 - accuracy: 0.9375
1/1 [==============================] - 0s 3ms/step - loss: 4.3719 - accuracy: 0.9375
Epoch 14/25

1/1 [==============================] - ETA: 0s - loss: 4.3352 - accuracy: 0.9375
1/1 [==============================] - 0s 3ms/step - loss: 4.3352 - accuracy: 0.9375
Epoch 15/25

1/1 [==============================] - ETA: 0s - loss: 4.2972 - accuracy: 0.9375
1/1 [==============================] - 0s 4ms/step - loss: 4.2972 - accuracy: 0.9375
Epoch 16/25

1/1 [==============================] - ETA: 0s - loss: 4.2578 - accuracy: 0.9375
1/1 [==============================] - 0s 4ms/step - loss: 4.2578 - accuracy: 0.9375
Epoch 17/25

1/1 [==============================] - ETA: 0s - loss: 4.2169 - accuracy: 0.9375
1/1 [==============================] - 0s 3ms/step - loss: 4.2169 - accuracy: 0.9375
Epoch 18/25

1/1 [==============================] - ETA: 0s - loss: 4.1745 - accuracy: 0.9375
1/1 [==============================] - 0s 4ms/step - loss: 4.1745 - accuracy: 0.9375
Epoch 19/25

1/1 [==============================] - ETA: 0s - loss: 4.1304 - accuracy: 0.9375
1/1 [==============================] - 0s 4ms/step - loss: 4.1304 - accuracy: 0.9375
Epoch 20/25

1/1 [==============================] - ETA: 0s - loss: 4.0845 - accuracy: 0.9375
1/1 [==============================] - 0s 3ms/step - loss: 4.0845 - accuracy: 0.9375
Epoch 21/25

1/1 [==============================] - ETA: 0s - loss: 4.0369 - accuracy: 0.9375
1/1 [==============================] - 0s 3ms/step - loss: 4.0369 - accuracy: 0.9375
Epoch 22/25

1/1 [==============================] - ETA: 0s - loss: 3.9874 - accuracy: 0.9375
1/1 [==============================] - 0s 4ms/step - loss: 3.9874 - accuracy: 0.9375
Epoch 23/25

1/1 [==============================] - ETA: 0s - loss: 3.9360 - accuracy: 0.9375
1/1 [==============================] - 0s 3ms/step - loss: 3.9360 - accuracy: 0.9375
Epoch 24/25

1/1 [==============================] - ETA: 0s - loss: 3.8826 - accuracy: 0.9375
1/1 [==============================] - 0s 3ms/step - loss: 3.8826 - accuracy: 0.9375
Epoch 25/25

1/1 [==============================] - ETA: 0s - loss: 3.8272 - accuracy: 0.9375
1/1 [==============================] - 0s 4ms/step - loss: 3.8272 - accuracy: 0.9375
# node2vec
Epoch 1/25

1/1 [==============================] - ETA: 0s - loss: 4.8455 - accuracy: 0.0625
1/1 [==============================] - 0s 195ms/step - loss: 4.8455 - accuracy: 0.0625
Epoch 2/25

1/1 [==============================] - ETA: 0s - loss: 4.8070 - accuracy: 0.0625
1/1 [==============================] - 0s 3ms/step - loss: 4.8070 - accuracy: 0.0625
Epoch 3/25

1/1 [==============================] - ETA: 0s - loss: 4.7685 - accuracy: 0.0625
1/1 [==============================] - 0s 4ms/step - loss: 4.7685 - accuracy: 0.0625
Epoch 4/25

1/1 [==============================] - ETA: 0s - loss: 4.7301 - accuracy: 0.0625
1/1 [==============================] - 0s 3ms/step - loss: 4.7301 - accuracy: 0.0625
Epoch 5/25

1/1 [==============================] - ETA: 0s - loss: 4.6917 - accuracy: 0.0625
1/1 [==============================] - 0s 3ms/step - loss: 4.6917 - accuracy: 0.0625
Epoch 6/25

1/1 [==============================] - ETA: 0s - loss: 4.6534 - accuracy: 0.0625
1/1 [==============================] - 0s 3ms/step - loss: 4.6534 - accuracy: 0.0625
Epoch 7/25

1/1 [==============================] - ETA: 0s - loss: 4.6151 - accuracy: 0.0625
1/1 [==============================] - 0s 2ms/step - loss: 4.6151 - accuracy: 0.0625
Epoch 8/25

1/1 [==============================] - ETA: 0s - loss: 4.5769 - accuracy: 0.0625
1/1 [==============================] - 0s 2ms/step - loss: 4.5769 - accuracy: 0.0625
Epoch 9/25

1/1 [==============================] - ETA: 0s - loss: 4.5388 - accuracy: 0.0625
1/1 [==============================] - 0s 4ms/step - loss: 4.5388 - accuracy: 0.0625
Epoch 10/25

1/1 [==============================] - ETA: 0s - loss: 4.5007 - accuracy: 0.0625
1/1 [==============================] - 0s 2ms/step - loss: 4.5007 - accuracy: 0.0625
Epoch 11/25

1/1 [==============================] - ETA: 0s - loss: 4.4627 - accuracy: 0.0625
1/1 [==============================] - 0s 3ms/step - loss: 4.4627 - accuracy: 0.0625
Epoch 12/25

1/1 [==============================] - ETA: 0s - loss: 4.4248 - accuracy: 0.0625
1/1 [==============================] - 0s 2ms/step - loss: 4.4248 - accuracy: 0.0625
Epoch 13/25

1/1 [==============================] - ETA: 0s - loss: 4.3869 - accuracy: 0.0625
1/1 [==============================] - 0s 2ms/step - loss: 4.3869 - accuracy: 0.0625
Epoch 14/25

1/1 [==============================] - ETA: 0s - loss: 4.3491 - accuracy: 0.0625
1/1 [==============================] - 0s 4ms/step - loss: 4.3491 - accuracy: 0.0625
Epoch 15/25

1/1 [==============================] - ETA: 0s - loss: 4.3114 - accuracy: 0.0625
1/1 [==============================] - 0s 3ms/step - loss: 4.3114 - accuracy: 0.0625
Epoch 16/25

1/1 [==============================] - ETA: 0s - loss: 4.2738 - accuracy: 0.2500
1/1 [==============================] - 0s 2ms/step - loss: 4.2738 - accuracy: 0.2500
Epoch 17/25

1/1 [==============================] - ETA: 0s - loss: 4.2363 - accuracy: 0.2500
1/1 [==============================] - 0s 3ms/step - loss: 4.2363 - accuracy: 0.2500
Epoch 18/25

1/1 [==============================] - ETA: 0s - loss: 4.1988 - accuracy: 0.3125
1/1 [==============================] - 0s 2ms/step - loss: 4.1988 - accuracy: 0.3125
Epoch 19/25

1/1 [==============================] - ETA: 0s - loss: 4.1615 - accuracy: 0.4375
1/1 [==============================] - 0s 2ms/step - loss: 4.1615 - accuracy: 0.4375
Epoch 20/25

1/1 [==============================] - ETA: 0s - loss: 4.1242 - accuracy: 0.4375
1/1 [==============================] - 0s 3ms/step - loss: 4.1242 - accuracy: 0.4375
Epoch 21/25

1/1 [==============================] - ETA: 0s - loss: 4.0870 - accuracy: 0.4375
1/1 [==============================] - 0s 3ms/step - loss: 4.0870 - accuracy: 0.4375
Epoch 22/25

1/1 [==============================] - ETA: 0s - loss: 4.0499 - accuracy: 0.4375
1/1 [==============================] - 0s 2ms/step - loss: 4.0499 - accuracy: 0.4375
Epoch 23/25

1/1 [==============================] - ETA: 0s - loss: 4.0130 - accuracy: 0.5000
1/1 [==============================] - 0s 3ms/step - loss: 4.0130 - accuracy: 0.5000
Epoch 24/25

1/1 [==============================] - ETA: 0s - loss: 3.9761 - accuracy: 0.6250
1/1 [==============================] - 0s 2ms/step - loss: 3.9761 - accuracy: 0.6250
Epoch 25/25

1/1 [==============================] - ETA: 0s - loss: 3.9393 - accuracy: 0.6250
1/1 [==============================] - 0s 3ms/step - loss: 3.9393 - accuracy: 0.6250
# predict: steps=12
# predict: tnodeembed_metrics
# predict: node2vec_metrics
tnodeembed: {'auc': 0.6775433285122447, 'f1_micro': 0.0, 'f1_macro': 0.0} tNodeEmbed_final_loss=3.827199935913086 tNodeEmbed_final_accuracy=0.9375 
node2vec: {'auc': 0.6029639582771554, 'f1_micro': 0.0, 'f1_macro': 0.0} node2vec_final_loss=3.9393110275268555 node2vec_final_accuracy=0.625 
