# load graph
Processing Static file: filename='CollegeMsg_20040910.csv'
# initialize tNodeEmbed for dataset=COLLEGE_NC, test_size=0.2
# load dataset
# fit
# tNodeEmbed steps_per_epoch=1
Epoch 1/25

1/1 [==============================] - ETA: 0s - loss: 4.7502 - accuracy: 0.0000e+00
1/1 [==============================] - 1s 1s/step - loss: 4.7502 - accuracy: 0.0000e+00
Epoch 2/25

1/1 [==============================] - ETA: 0s - loss: 4.7165 - accuracy: 0.0000e+00
1/1 [==============================] - 0s 7ms/step - loss: 4.7165 - accuracy: 0.0000e+00
Epoch 3/25

1/1 [==============================] - ETA: 0s - loss: 4.6829 - accuracy: 0.0625
1/1 [==============================] - 0s 8ms/step - loss: 4.6829 - accuracy: 0.0625
Epoch 4/25

1/1 [==============================] - ETA: 0s - loss: 4.6493 - accuracy: 0.1250
1/1 [==============================] - 0s 8ms/step - loss: 4.6493 - accuracy: 0.1250
Epoch 5/25

1/1 [==============================] - ETA: 0s - loss: 4.6155 - accuracy: 0.4375
1/1 [==============================] - 0s 8ms/step - loss: 4.6155 - accuracy: 0.4375
Epoch 6/25

1/1 [==============================] - ETA: 0s - loss: 4.5814 - accuracy: 0.7500
1/1 [==============================] - 0s 7ms/step - loss: 4.5814 - accuracy: 0.7500
Epoch 7/25

1/1 [==============================] - ETA: 0s - loss: 4.5468 - accuracy: 0.9375
1/1 [==============================] - 0s 8ms/step - loss: 4.5468 - accuracy: 0.9375
Epoch 8/25

1/1 [==============================] - ETA: 0s - loss: 4.5116 - accuracy: 0.9375
1/1 [==============================] - 0s 8ms/step - loss: 4.5116 - accuracy: 0.9375
Epoch 9/25

1/1 [==============================] - ETA: 0s - loss: 4.4756 - accuracy: 0.9375
1/1 [==============================] - 0s 7ms/step - loss: 4.4756 - accuracy: 0.9375
Epoch 10/25

1/1 [==============================] - ETA: 0s - loss: 4.4386 - accuracy: 1.0000
1/1 [==============================] - 0s 8ms/step - loss: 4.4386 - accuracy: 1.0000
Epoch 11/25

1/1 [==============================] - ETA: 0s - loss: 4.4006 - accuracy: 1.0000
1/1 [==============================] - 0s 7ms/step - loss: 4.4006 - accuracy: 1.0000
Epoch 12/25

1/1 [==============================] - ETA: 0s - loss: 4.3614 - accuracy: 1.0000
1/1 [==============================] - 0s 8ms/step - loss: 4.3614 - accuracy: 1.0000
Epoch 13/25

1/1 [==============================] - ETA: 0s - loss: 4.3208 - accuracy: 1.0000
1/1 [==============================] - 0s 7ms/step - loss: 4.3208 - accuracy: 1.0000
Epoch 14/25

1/1 [==============================] - ETA: 0s - loss: 4.2787 - accuracy: 1.0000
1/1 [==============================] - 0s 7ms/step - loss: 4.2787 - accuracy: 1.0000
Epoch 15/25

1/1 [==============================] - ETA: 0s - loss: 4.2351 - accuracy: 1.0000
1/1 [==============================] - 0s 8ms/step - loss: 4.2351 - accuracy: 1.0000
Epoch 16/25

1/1 [==============================] - ETA: 0s - loss: 4.1898 - accuracy: 1.0000
1/1 [==============================] - 0s 6ms/step - loss: 4.1898 - accuracy: 1.0000
Epoch 17/25

1/1 [==============================] - ETA: 0s - loss: 4.1427 - accuracy: 1.0000
1/1 [==============================] - 0s 7ms/step - loss: 4.1427 - accuracy: 1.0000
Epoch 18/25

1/1 [==============================] - ETA: 0s - loss: 4.0936 - accuracy: 1.0000
1/1 [==============================] - 0s 7ms/step - loss: 4.0936 - accuracy: 1.0000
Epoch 19/25

1/1 [==============================] - ETA: 0s - loss: 4.0426 - accuracy: 1.0000
1/1 [==============================] - 0s 6ms/step - loss: 4.0426 - accuracy: 1.0000
Epoch 20/25

1/1 [==============================] - ETA: 0s - loss: 3.9894 - accuracy: 1.0000
1/1 [==============================] - 0s 7ms/step - loss: 3.9894 - accuracy: 1.0000
Epoch 21/25

1/1 [==============================] - ETA: 0s - loss: 3.9341 - accuracy: 1.0000
1/1 [==============================] - 0s 7ms/step - loss: 3.9341 - accuracy: 1.0000
Epoch 22/25

1/1 [==============================] - ETA: 0s - loss: 3.8765 - accuracy: 1.0000
1/1 [==============================] - 0s 6ms/step - loss: 3.8765 - accuracy: 1.0000
Epoch 23/25

1/1 [==============================] - ETA: 0s - loss: 3.8166 - accuracy: 1.0000
1/1 [==============================] - 0s 6ms/step - loss: 3.8166 - accuracy: 1.0000
Epoch 24/25

1/1 [==============================] - ETA: 0s - loss: 3.7543 - accuracy: 1.0000
1/1 [==============================] - 0s 7ms/step - loss: 3.7543 - accuracy: 1.0000
Epoch 25/25

1/1 [==============================] - ETA: 0s - loss: 3.6896 - accuracy: 1.0000
1/1 [==============================] - 0s 10ms/step - loss: 3.6896 - accuracy: 1.0000
# node2vec
Epoch 1/25

1/1 [==============================] - ETA: 0s - loss: 4.7592 - accuracy: 0.0000e+00
1/1 [==============================] - 0s 358ms/step - loss: 4.7592 - accuracy: 0.0000e+00
Epoch 2/25

1/1 [==============================] - ETA: 0s - loss: 4.7204 - accuracy: 0.0000e+00
1/1 [==============================] - 0s 4ms/step - loss: 4.7204 - accuracy: 0.0000e+00
Epoch 3/25

1/1 [==============================] - ETA: 0s - loss: 4.6816 - accuracy: 0.0000e+00
1/1 [==============================] - 0s 3ms/step - loss: 4.6816 - accuracy: 0.0000e+00
Epoch 4/25

1/1 [==============================] - ETA: 0s - loss: 4.6429 - accuracy: 0.0000e+00
1/1 [==============================] - 0s 4ms/step - loss: 4.6429 - accuracy: 0.0000e+00
Epoch 5/25

1/1 [==============================] - ETA: 0s - loss: 4.6042 - accuracy: 0.0000e+00
1/1 [==============================] - 0s 4ms/step - loss: 4.6042 - accuracy: 0.0000e+00
Epoch 6/25

1/1 [==============================] - ETA: 0s - loss: 4.5656 - accuracy: 0.0625
1/1 [==============================] - 0s 4ms/step - loss: 4.5656 - accuracy: 0.0625
Epoch 7/25

1/1 [==============================] - ETA: 0s - loss: 4.5271 - accuracy: 0.0625
1/1 [==============================] - 0s 5ms/step - loss: 4.5271 - accuracy: 0.0625
Epoch 8/25

1/1 [==============================] - ETA: 0s - loss: 4.4886 - accuracy: 0.0625
1/1 [==============================] - 0s 4ms/step - loss: 4.4886 - accuracy: 0.0625
Epoch 9/25

1/1 [==============================] - ETA: 0s - loss: 4.4502 - accuracy: 0.1875
1/1 [==============================] - 0s 4ms/step - loss: 4.4502 - accuracy: 0.1875
Epoch 10/25

1/1 [==============================] - ETA: 0s - loss: 4.4119 - accuracy: 0.1875
1/1 [==============================] - 0s 4ms/step - loss: 4.4119 - accuracy: 0.1875
Epoch 11/25

1/1 [==============================] - ETA: 0s - loss: 4.3737 - accuracy: 0.1875
1/1 [==============================] - 0s 3ms/step - loss: 4.3737 - accuracy: 0.1875
Epoch 12/25

1/1 [==============================] - ETA: 0s - loss: 4.3355 - accuracy: 0.1875
1/1 [==============================] - 0s 4ms/step - loss: 4.3355 - accuracy: 0.1875
Epoch 13/25

1/1 [==============================] - ETA: 0s - loss: 4.2974 - accuracy: 0.1875
1/1 [==============================] - 0s 5ms/step - loss: 4.2974 - accuracy: 0.1875
Epoch 14/25

1/1 [==============================] - ETA: 0s - loss: 4.2594 - accuracy: 0.2500
1/1 [==============================] - 0s 4ms/step - loss: 4.2594 - accuracy: 0.2500
Epoch 15/25

1/1 [==============================] - ETA: 0s - loss: 4.2214 - accuracy: 0.2500
1/1 [==============================] - 0s 4ms/step - loss: 4.2214 - accuracy: 0.2500
Epoch 16/25

1/1 [==============================] - ETA: 0s - loss: 4.1836 - accuracy: 0.2500
1/1 [==============================] - 0s 4ms/step - loss: 4.1836 - accuracy: 0.2500
Epoch 17/25

1/1 [==============================] - ETA: 0s - loss: 4.1458 - accuracy: 0.2500
1/1 [==============================] - 0s 4ms/step - loss: 4.1458 - accuracy: 0.2500
Epoch 18/25

1/1 [==============================] - ETA: 0s - loss: 4.1082 - accuracy: 0.2500
1/1 [==============================] - 0s 5ms/step - loss: 4.1082 - accuracy: 0.2500
Epoch 19/25

1/1 [==============================] - ETA: 0s - loss: 4.0706 - accuracy: 0.2500
1/1 [==============================] - 0s 5ms/step - loss: 4.0706 - accuracy: 0.2500
Epoch 20/25

1/1 [==============================] - ETA: 0s - loss: 4.0331 - accuracy: 0.2500
1/1 [==============================] - 0s 4ms/step - loss: 4.0331 - accuracy: 0.2500
Epoch 21/25

1/1 [==============================] - ETA: 0s - loss: 3.9958 - accuracy: 0.2500
1/1 [==============================] - 0s 4ms/step - loss: 3.9958 - accuracy: 0.2500
Epoch 22/25

1/1 [==============================] - ETA: 0s - loss: 3.9585 - accuracy: 0.2500
1/1 [==============================] - 0s 5ms/step - loss: 3.9585 - accuracy: 0.2500
Epoch 23/25

1/1 [==============================] - ETA: 0s - loss: 3.9213 - accuracy: 0.2500
1/1 [==============================] - 0s 5ms/step - loss: 3.9213 - accuracy: 0.2500
Epoch 24/25

1/1 [==============================] - ETA: 0s - loss: 3.8843 - accuracy: 0.2500
1/1 [==============================] - 0s 5ms/step - loss: 3.8843 - accuracy: 0.2500
Epoch 25/25

1/1 [==============================] - ETA: 0s - loss: 3.8473 - accuracy: 0.3750
1/1 [==============================] - 0s 4ms/step - loss: 3.8473 - accuracy: 0.3750
# predict: steps=12
# predict: tnodeembed_metrics
# predict: node2vec_metrics
tnodeembed: {'auc': 0.6652543634937367, 'f1_micro': 0.0, 'f1_macro': 0.0} tNodeEmbed_final_loss=3.6895527839660645 tNodeEmbed_final_accuracy=1.0 
node2vec: {'auc': 0.6276105581840022, 'f1_micro': 0.0, 'f1_macro': 0.0} node2vec_final_loss=3.847337245941162 node2vec_final_accuracy=0.375 
