# load graph
Processing Static file: filename='CollegeMsg_20040511.csv'
# initialize tNodeEmbed for dataset=COLLEGE_NC, test_size=0.2
# load dataset
# fit
# tNodeEmbed steps_per_epoch=1
Epoch 1/25

1/1 [==============================] - ETA: 0s - loss: 4.7395 - accuracy: 0.1250
1/1 [==============================] - 1s 942ms/step - loss: 4.7395 - accuracy: 0.1250
Epoch 2/25

1/1 [==============================] - ETA: 0s - loss: 4.7174 - accuracy: 0.0625
1/1 [==============================] - 0s 4ms/step - loss: 4.7174 - accuracy: 0.0625
Epoch 3/25

1/1 [==============================] - ETA: 0s - loss: 4.6952 - accuracy: 0.1250
1/1 [==============================] - 0s 7ms/step - loss: 4.6952 - accuracy: 0.1250
Epoch 4/25

1/1 [==============================] - ETA: 0s - loss: 4.6729 - accuracy: 0.2500
1/1 [==============================] - 0s 5ms/step - loss: 4.6729 - accuracy: 0.2500
Epoch 5/25

1/1 [==============================] - ETA: 0s - loss: 4.6504 - accuracy: 0.3750
1/1 [==============================] - 0s 5ms/step - loss: 4.6504 - accuracy: 0.3750
Epoch 6/25

1/1 [==============================] - ETA: 0s - loss: 4.6275 - accuracy: 0.3750
1/1 [==============================] - 0s 5ms/step - loss: 4.6275 - accuracy: 0.3750
Epoch 7/25

1/1 [==============================] - ETA: 0s - loss: 4.6042 - accuracy: 0.5000
1/1 [==============================] - 0s 5ms/step - loss: 4.6042 - accuracy: 0.5000
Epoch 8/25

1/1 [==============================] - ETA: 0s - loss: 4.5804 - accuracy: 0.5625
1/1 [==============================] - 0s 5ms/step - loss: 4.5804 - accuracy: 0.5625
Epoch 9/25

1/1 [==============================] - ETA: 0s - loss: 4.5559 - accuracy: 0.5625
1/1 [==============================] - 0s 5ms/step - loss: 4.5559 - accuracy: 0.5625
Epoch 10/25

1/1 [==============================] - ETA: 0s - loss: 4.5307 - accuracy: 0.5625
1/1 [==============================] - 0s 4ms/step - loss: 4.5307 - accuracy: 0.5625
Epoch 11/25

1/1 [==============================] - ETA: 0s - loss: 4.5046 - accuracy: 0.5625
1/1 [==============================] - 0s 3ms/step - loss: 4.5046 - accuracy: 0.5625
Epoch 12/25

1/1 [==============================] - ETA: 0s - loss: 4.4777 - accuracy: 0.5625
1/1 [==============================] - 0s 5ms/step - loss: 4.4777 - accuracy: 0.5625
Epoch 13/25

1/1 [==============================] - ETA: 0s - loss: 4.4498 - accuracy: 0.5625
1/1 [==============================] - 0s 5ms/step - loss: 4.4498 - accuracy: 0.5625
Epoch 14/25

1/1 [==============================] - ETA: 0s - loss: 4.4208 - accuracy: 0.5625
1/1 [==============================] - 0s 4ms/step - loss: 4.4208 - accuracy: 0.5625
Epoch 15/25

1/1 [==============================] - ETA: 0s - loss: 4.3907 - accuracy: 0.5625
1/1 [==============================] - 0s 3ms/step - loss: 4.3907 - accuracy: 0.5625
Epoch 16/25

1/1 [==============================] - ETA: 0s - loss: 4.3594 - accuracy: 0.5625
1/1 [==============================] - 0s 5ms/step - loss: 4.3594 - accuracy: 0.5625
Epoch 17/25

1/1 [==============================] - ETA: 0s - loss: 4.3269 - accuracy: 0.5625
1/1 [==============================] - 0s 4ms/step - loss: 4.3269 - accuracy: 0.5625
Epoch 18/25

1/1 [==============================] - ETA: 0s - loss: 4.2931 - accuracy: 0.5625
1/1 [==============================] - 0s 4ms/step - loss: 4.2931 - accuracy: 0.5625
Epoch 19/25

1/1 [==============================] - ETA: 0s - loss: 4.2579 - accuracy: 0.5625
1/1 [==============================] - 0s 4ms/step - loss: 4.2579 - accuracy: 0.5625
Epoch 20/25

1/1 [==============================] - ETA: 0s - loss: 4.2214 - accuracy: 0.5625
1/1 [==============================] - 0s 4ms/step - loss: 4.2214 - accuracy: 0.5625
Epoch 21/25

1/1 [==============================] - ETA: 0s - loss: 4.1836 - accuracy: 0.5625
1/1 [==============================] - 0s 5ms/step - loss: 4.1836 - accuracy: 0.5625
Epoch 22/25

1/1 [==============================] - ETA: 0s - loss: 4.1443 - accuracy: 0.5625
1/1 [==============================] - 0s 4ms/step - loss: 4.1443 - accuracy: 0.5625
Epoch 23/25

1/1 [==============================] - ETA: 0s - loss: 4.1035 - accuracy: 0.5625
1/1 [==============================] - 0s 4ms/step - loss: 4.1035 - accuracy: 0.5625
Epoch 24/25

1/1 [==============================] - ETA: 0s - loss: 4.0614 - accuracy: 0.5625
1/1 [==============================] - 0s 4ms/step - loss: 4.0614 - accuracy: 0.5625
Epoch 25/25

1/1 [==============================] - ETA: 0s - loss: 4.0178 - accuracy: 0.5625
1/1 [==============================] - 0s 5ms/step - loss: 4.0178 - accuracy: 0.5625
# node2vec
Epoch 1/25

1/1 [==============================] - ETA: 0s - loss: 4.8098 - accuracy: 0.1250
1/1 [==============================] - 0s 189ms/step - loss: 4.8098 - accuracy: 0.1250
Epoch 2/25

1/1 [==============================] - ETA: 0s - loss: 4.7873 - accuracy: 0.1250
1/1 [==============================] - 0s 3ms/step - loss: 4.7873 - accuracy: 0.1250
Epoch 3/25

1/1 [==============================] - ETA: 0s - loss: 4.7648 - accuracy: 0.1250
1/1 [==============================] - 0s 2ms/step - loss: 4.7648 - accuracy: 0.1250
Epoch 4/25

1/1 [==============================] - ETA: 0s - loss: 4.7423 - accuracy: 0.1250
1/1 [==============================] - 0s 2ms/step - loss: 4.7423 - accuracy: 0.1250
Epoch 5/25

1/1 [==============================] - ETA: 0s - loss: 4.7198 - accuracy: 0.1250
1/1 [==============================] - 0s 3ms/step - loss: 4.7198 - accuracy: 0.1250
Epoch 6/25

1/1 [==============================] - ETA: 0s - loss: 4.6974 - accuracy: 0.1250
1/1 [==============================] - 0s 3ms/step - loss: 4.6974 - accuracy: 0.1250
Epoch 7/25

1/1 [==============================] - ETA: 0s - loss: 4.6750 - accuracy: 0.1250
1/1 [==============================] - 0s 3ms/step - loss: 4.6750 - accuracy: 0.1250
Epoch 8/25

1/1 [==============================] - ETA: 0s - loss: 4.6526 - accuracy: 0.1250
1/1 [==============================] - 0s 3ms/step - loss: 4.6526 - accuracy: 0.1250
Epoch 9/25

1/1 [==============================] - ETA: 0s - loss: 4.6302 - accuracy: 0.1875
1/1 [==============================] - 0s 3ms/step - loss: 4.6302 - accuracy: 0.1875
Epoch 10/25

1/1 [==============================] - ETA: 0s - loss: 4.6079 - accuracy: 0.1875
1/1 [==============================] - 0s 3ms/step - loss: 4.6079 - accuracy: 0.1875
Epoch 11/25

1/1 [==============================] - ETA: 0s - loss: 4.5856 - accuracy: 0.1875
1/1 [==============================] - 0s 3ms/step - loss: 4.5856 - accuracy: 0.1875
Epoch 12/25

1/1 [==============================] - ETA: 0s - loss: 4.5634 - accuracy: 0.1875
1/1 [==============================] - 0s 3ms/step - loss: 4.5634 - accuracy: 0.1875
Epoch 13/25

1/1 [==============================] - ETA: 0s - loss: 4.5411 - accuracy: 0.3125
1/1 [==============================] - 0s 2ms/step - loss: 4.5411 - accuracy: 0.3125
Epoch 14/25

1/1 [==============================] - ETA: 0s - loss: 4.5189 - accuracy: 0.3125
1/1 [==============================] - 0s 4ms/step - loss: 4.5189 - accuracy: 0.3125
Epoch 15/25

1/1 [==============================] - ETA: 0s - loss: 4.4968 - accuracy: 0.3125
1/1 [==============================] - 0s 3ms/step - loss: 4.4968 - accuracy: 0.3125
Epoch 16/25

1/1 [==============================] - ETA: 0s - loss: 4.4747 - accuracy: 0.3125
1/1 [==============================] - 0s 2ms/step - loss: 4.4747 - accuracy: 0.3125
Epoch 17/25

1/1 [==============================] - ETA: 0s - loss: 4.4526 - accuracy: 0.3125
1/1 [==============================] - 0s 4ms/step - loss: 4.4526 - accuracy: 0.3125
Epoch 18/25

1/1 [==============================] - ETA: 0s - loss: 4.4306 - accuracy: 0.3125
1/1 [==============================] - 0s 4ms/step - loss: 4.4306 - accuracy: 0.3125
Epoch 19/25

1/1 [==============================] - ETA: 0s - loss: 4.4086 - accuracy: 0.3750
1/1 [==============================] - 0s 4ms/step - loss: 4.4086 - accuracy: 0.3750
Epoch 20/25

1/1 [==============================] - ETA: 0s - loss: 4.3866 - accuracy: 0.3750
1/1 [==============================] - 0s 2ms/step - loss: 4.3866 - accuracy: 0.3750
Epoch 21/25

1/1 [==============================] - ETA: 0s - loss: 4.3647 - accuracy: 0.3750
1/1 [==============================] - 0s 2ms/step - loss: 4.3647 - accuracy: 0.3750
Epoch 22/25

1/1 [==============================] - ETA: 0s - loss: 4.3429 - accuracy: 0.3750
1/1 [==============================] - 0s 3ms/step - loss: 4.3429 - accuracy: 0.3750
Epoch 23/25

1/1 [==============================] - ETA: 0s - loss: 4.3211 - accuracy: 0.3750
1/1 [==============================] - 0s 3ms/step - loss: 4.3211 - accuracy: 0.3750
Epoch 24/25

1/1 [==============================] - ETA: 0s - loss: 4.2993 - accuracy: 0.3750
1/1 [==============================] - 0s 6ms/step - loss: 4.2993 - accuracy: 0.3750
Epoch 25/25

1/1 [==============================] - ETA: 0s - loss: 4.2776 - accuracy: 0.3750
1/1 [==============================] - 0s 3ms/step - loss: 4.2776 - accuracy: 0.3750
# predict: steps=12
# predict: tnodeembed_metrics
# predict: node2vec_metrics
tnodeembed: {'auc': 0.6326973071360282, 'f1_micro': 0.0, 'f1_macro': 0.0} tNodeEmbed_final_loss=4.017840385437012 tNodeEmbed_final_accuracy=0.5625 
node2vec: {'auc': 0.5954018152624225, 'f1_micro': 0.0, 'f1_macro': 0.0} node2vec_final_loss=4.277606964111328 node2vec_final_accuracy=0.375 
