# load graph
Processing Static file: filename='CollegeMsg_20040615.csv'
# initialize tNodeEmbed for dataset=COLLEGE_NC, test_size=0.2
# load dataset
# fit
# tNodeEmbed steps_per_epoch=1
Epoch 1/25

1/1 [==============================] - ETA: 0s - loss: 4.7360 - accuracy: 0.0000e+00
1/1 [==============================] - 1s 1s/step - loss: 4.7360 - accuracy: 0.0000e+00
Epoch 2/25

1/1 [==============================] - ETA: 0s - loss: 4.7014 - accuracy: 0.0000e+00
1/1 [==============================] - 0s 3ms/step - loss: 4.7014 - accuracy: 0.0000e+00
Epoch 3/25

1/1 [==============================] - ETA: 0s - loss: 4.6669 - accuracy: 0.0625
1/1 [==============================] - 0s 4ms/step - loss: 4.6669 - accuracy: 0.0625
Epoch 4/25

1/1 [==============================] - ETA: 0s - loss: 4.6321 - accuracy: 0.4375
1/1 [==============================] - 0s 4ms/step - loss: 4.6321 - accuracy: 0.4375
Epoch 5/25

1/1 [==============================] - ETA: 0s - loss: 4.5970 - accuracy: 0.5625
1/1 [==============================] - 0s 4ms/step - loss: 4.5970 - accuracy: 0.5625
Epoch 6/25

1/1 [==============================] - ETA: 0s - loss: 4.5615 - accuracy: 0.8125
1/1 [==============================] - 0s 3ms/step - loss: 4.5615 - accuracy: 0.8125
Epoch 7/25

1/1 [==============================] - ETA: 0s - loss: 4.5254 - accuracy: 0.9375
1/1 [==============================] - 0s 4ms/step - loss: 4.5254 - accuracy: 0.9375
Epoch 8/25

1/1 [==============================] - ETA: 0s - loss: 4.4884 - accuracy: 0.9375
1/1 [==============================] - 0s 4ms/step - loss: 4.4884 - accuracy: 0.9375
Epoch 9/25

1/1 [==============================] - ETA: 0s - loss: 4.4506 - accuracy: 0.9375
1/1 [==============================] - 0s 4ms/step - loss: 4.4506 - accuracy: 0.9375
Epoch 10/25

1/1 [==============================] - ETA: 0s - loss: 4.4117 - accuracy: 0.9375
1/1 [==============================] - 0s 4ms/step - loss: 4.4117 - accuracy: 0.9375
Epoch 11/25

1/1 [==============================] - ETA: 0s - loss: 4.3717 - accuracy: 1.0000
1/1 [==============================] - 0s 5ms/step - loss: 4.3717 - accuracy: 1.0000
Epoch 12/25

1/1 [==============================] - ETA: 0s - loss: 4.3303 - accuracy: 1.0000
1/1 [==============================] - 0s 4ms/step - loss: 4.3303 - accuracy: 1.0000
Epoch 13/25

1/1 [==============================] - ETA: 0s - loss: 4.2875 - accuracy: 1.0000
1/1 [==============================] - 0s 5ms/step - loss: 4.2875 - accuracy: 1.0000
Epoch 14/25

1/1 [==============================] - ETA: 0s - loss: 4.2431 - accuracy: 1.0000
1/1 [==============================] - 0s 3ms/step - loss: 4.2431 - accuracy: 1.0000
Epoch 15/25

1/1 [==============================] - ETA: 0s - loss: 4.1970 - accuracy: 1.0000
1/1 [==============================] - 0s 4ms/step - loss: 4.1970 - accuracy: 1.0000
Epoch 16/25

1/1 [==============================] - ETA: 0s - loss: 4.1492 - accuracy: 1.0000
1/1 [==============================] - 0s 4ms/step - loss: 4.1492 - accuracy: 1.0000
Epoch 17/25

1/1 [==============================] - ETA: 0s - loss: 4.0994 - accuracy: 1.0000
1/1 [==============================] - 0s 4ms/step - loss: 4.0994 - accuracy: 1.0000
Epoch 18/25

1/1 [==============================] - ETA: 0s - loss: 4.0477 - accuracy: 1.0000
1/1 [==============================] - 0s 4ms/step - loss: 4.0477 - accuracy: 1.0000
Epoch 19/25

1/1 [==============================] - ETA: 0s - loss: 3.9940 - accuracy: 1.0000
1/1 [==============================] - 0s 3ms/step - loss: 3.9940 - accuracy: 1.0000
Epoch 20/25

1/1 [==============================] - ETA: 0s - loss: 3.9381 - accuracy: 1.0000
1/1 [==============================] - 0s 4ms/step - loss: 3.9381 - accuracy: 1.0000
Epoch 21/25

1/1 [==============================] - ETA: 0s - loss: 3.8800 - accuracy: 1.0000
1/1 [==============================] - 0s 3ms/step - loss: 3.8800 - accuracy: 1.0000
Epoch 22/25

1/1 [==============================] - ETA: 0s - loss: 3.8196 - accuracy: 1.0000
1/1 [==============================] - 0s 5ms/step - loss: 3.8196 - accuracy: 1.0000
Epoch 23/25

1/1 [==============================] - ETA: 0s - loss: 3.7570 - accuracy: 1.0000
1/1 [==============================] - 0s 4ms/step - loss: 3.7570 - accuracy: 1.0000
Epoch 24/25

1/1 [==============================] - ETA: 0s - loss: 3.6920 - accuracy: 1.0000
1/1 [==============================] - 0s 4ms/step - loss: 3.6920 - accuracy: 1.0000
Epoch 25/25

1/1 [==============================] - ETA: 0s - loss: 3.6247 - accuracy: 1.0000
1/1 [==============================] - 0s 4ms/step - loss: 3.6247 - accuracy: 1.0000
# node2vec
Epoch 1/25

1/1 [==============================] - ETA: 0s - loss: 4.7585 - accuracy: 0.0000e+00
1/1 [==============================] - 0s 179ms/step - loss: 4.7585 - accuracy: 0.0000e+00
Epoch 2/25

1/1 [==============================] - ETA: 0s - loss: 4.7165 - accuracy: 0.0000e+00
1/1 [==============================] - 0s 3ms/step - loss: 4.7165 - accuracy: 0.0000e+00
Epoch 3/25

1/1 [==============================] - ETA: 0s - loss: 4.6746 - accuracy: 0.0000e+00
1/1 [==============================] - 0s 3ms/step - loss: 4.6746 - accuracy: 0.0000e+00
Epoch 4/25

1/1 [==============================] - ETA: 0s - loss: 4.6328 - accuracy: 0.0000e+00
1/1 [==============================] - 0s 2ms/step - loss: 4.6328 - accuracy: 0.0000e+00
Epoch 5/25

1/1 [==============================] - ETA: 0s - loss: 4.5910 - accuracy: 0.0000e+00
1/1 [==============================] - 0s 3ms/step - loss: 4.5910 - accuracy: 0.0000e+00
Epoch 6/25

1/1 [==============================] - ETA: 0s - loss: 4.5493 - accuracy: 0.0000e+00
1/1 [==============================] - 0s 4ms/step - loss: 4.5493 - accuracy: 0.0000e+00
Epoch 7/25

1/1 [==============================] - ETA: 0s - loss: 4.5077 - accuracy: 0.0625
1/1 [==============================] - 0s 3ms/step - loss: 4.5077 - accuracy: 0.0625
Epoch 8/25

1/1 [==============================] - ETA: 0s - loss: 4.4661 - accuracy: 0.0625
1/1 [==============================] - 0s 3ms/step - loss: 4.4661 - accuracy: 0.0625
Epoch 9/25

1/1 [==============================] - ETA: 0s - loss: 4.4247 - accuracy: 0.0625
1/1 [==============================] - 0s 3ms/step - loss: 4.4247 - accuracy: 0.0625
Epoch 10/25

1/1 [==============================] - ETA: 0s - loss: 4.3833 - accuracy: 0.0625
1/1 [==============================] - 0s 4ms/step - loss: 4.3833 - accuracy: 0.0625
Epoch 11/25

1/1 [==============================] - ETA: 0s - loss: 4.3420 - accuracy: 0.0625
1/1 [==============================] - 0s 3ms/step - loss: 4.3420 - accuracy: 0.0625
Epoch 12/25

1/1 [==============================] - ETA: 0s - loss: 4.3008 - accuracy: 0.0625
1/1 [==============================] - 0s 2ms/step - loss: 4.3008 - accuracy: 0.0625
Epoch 13/25

1/1 [==============================] - ETA: 0s - loss: 4.2597 - accuracy: 0.1250
1/1 [==============================] - 0s 3ms/step - loss: 4.2597 - accuracy: 0.1250
Epoch 14/25

1/1 [==============================] - ETA: 0s - loss: 4.2187 - accuracy: 0.1250
1/1 [==============================] - 0s 3ms/step - loss: 4.2187 - accuracy: 0.1250
Epoch 15/25

1/1 [==============================] - ETA: 0s - loss: 4.1778 - accuracy: 0.1250
1/1 [==============================] - 0s 2ms/step - loss: 4.1778 - accuracy: 0.1250
Epoch 16/25

1/1 [==============================] - ETA: 0s - loss: 4.1370 - accuracy: 0.1875
1/1 [==============================] - 0s 3ms/step - loss: 4.1370 - accuracy: 0.1875
Epoch 17/25

1/1 [==============================] - ETA: 0s - loss: 4.0963 - accuracy: 0.2500
1/1 [==============================] - 0s 2ms/step - loss: 4.0963 - accuracy: 0.2500
Epoch 18/25

1/1 [==============================] - ETA: 0s - loss: 4.0557 - accuracy: 0.3750
1/1 [==============================] - 0s 3ms/step - loss: 4.0557 - accuracy: 0.3750
Epoch 19/25

1/1 [==============================] - ETA: 0s - loss: 4.0152 - accuracy: 0.3750
1/1 [==============================] - 0s 2ms/step - loss: 4.0152 - accuracy: 0.3750
Epoch 20/25

1/1 [==============================] - ETA: 0s - loss: 3.9749 - accuracy: 0.3750
1/1 [==============================] - 0s 2ms/step - loss: 3.9749 - accuracy: 0.3750
Epoch 21/25

1/1 [==============================] - ETA: 0s - loss: 3.9347 - accuracy: 0.3750
1/1 [==============================] - 0s 2ms/step - loss: 3.9347 - accuracy: 0.3750
Epoch 22/25

1/1 [==============================] - ETA: 0s - loss: 3.8945 - accuracy: 0.3750
1/1 [==============================] - 0s 3ms/step - loss: 3.8945 - accuracy: 0.3750
Epoch 23/25

1/1 [==============================] - ETA: 0s - loss: 3.8546 - accuracy: 0.3750
1/1 [==============================] - 0s 3ms/step - loss: 3.8546 - accuracy: 0.3750
Epoch 24/25

1/1 [==============================] - ETA: 0s - loss: 3.8147 - accuracy: 0.3750
1/1 [==============================] - 0s 3ms/step - loss: 3.8147 - accuracy: 0.3750
Epoch 25/25

1/1 [==============================] - ETA: 0s - loss: 3.7750 - accuracy: 0.4375
1/1 [==============================] - 0s 2ms/step - loss: 3.7750 - accuracy: 0.4375
# predict: steps=12
# predict: tnodeembed_metrics
# predict: node2vec_metrics
tnodeembed: {'auc': 0.7423584928786802, 'f1_micro': 0.0, 'f1_macro': 0.0} tNodeEmbed_final_loss=3.6247479915618896 tNodeEmbed_final_accuracy=1.0 
node2vec: {'auc': 0.6807240212781605, 'f1_micro': 0.0, 'f1_macro': 0.0} node2vec_final_loss=3.775010585784912 node2vec_final_accuracy=0.4375 
