# load graph
Processing Static file: filename='CollegeMsg_20040819.csv'
# initialize tNodeEmbed for dataset=COLLEGE_NC, test_size=0.2
# load dataset
# fit
# tNodeEmbed steps_per_epoch=1
Epoch 1/25

1/1 [==============================] - ETA: 0s - loss: 4.7577 - accuracy: 0.0625
1/1 [==============================] - 2s 2s/step - loss: 4.7577 - accuracy: 0.0625
Epoch 2/25

1/1 [==============================] - ETA: 0s - loss: 4.7249 - accuracy: 0.1250
1/1 [==============================] - 0s 5ms/step - loss: 4.7249 - accuracy: 0.1250
Epoch 3/25

1/1 [==============================] - ETA: 0s - loss: 4.6921 - accuracy: 0.1250
1/1 [==============================] - 0s 6ms/step - loss: 4.6921 - accuracy: 0.1250
Epoch 4/25

1/1 [==============================] - ETA: 0s - loss: 4.6591 - accuracy: 0.1875
1/1 [==============================] - 0s 5ms/step - loss: 4.6591 - accuracy: 0.1875
Epoch 5/25

1/1 [==============================] - ETA: 0s - loss: 4.6260 - accuracy: 0.5625
1/1 [==============================] - 0s 4ms/step - loss: 4.6260 - accuracy: 0.5625
Epoch 6/25

1/1 [==============================] - ETA: 0s - loss: 4.5925 - accuracy: 0.8125
1/1 [==============================] - 0s 5ms/step - loss: 4.5925 - accuracy: 0.8125
Epoch 7/25

1/1 [==============================] - ETA: 0s - loss: 4.5585 - accuracy: 0.8750
1/1 [==============================] - 0s 5ms/step - loss: 4.5585 - accuracy: 0.8750
Epoch 8/25

1/1 [==============================] - ETA: 0s - loss: 4.5238 - accuracy: 0.9375
1/1 [==============================] - 0s 5ms/step - loss: 4.5238 - accuracy: 0.9375
Epoch 9/25

1/1 [==============================] - ETA: 0s - loss: 4.4884 - accuracy: 0.9375
1/1 [==============================] - 0s 5ms/step - loss: 4.4884 - accuracy: 0.9375
Epoch 10/25

1/1 [==============================] - ETA: 0s - loss: 4.4521 - accuracy: 0.9375
1/1 [==============================] - 0s 5ms/step - loss: 4.4521 - accuracy: 0.9375
Epoch 11/25

1/1 [==============================] - ETA: 0s - loss: 4.4148 - accuracy: 1.0000
1/1 [==============================] - 0s 5ms/step - loss: 4.4148 - accuracy: 1.0000
Epoch 12/25

1/1 [==============================] - ETA: 0s - loss: 4.3762 - accuracy: 1.0000
1/1 [==============================] - 0s 4ms/step - loss: 4.3762 - accuracy: 1.0000
Epoch 13/25

1/1 [==============================] - ETA: 0s - loss: 4.3364 - accuracy: 1.0000
1/1 [==============================] - 0s 5ms/step - loss: 4.3364 - accuracy: 1.0000
Epoch 14/25

1/1 [==============================] - ETA: 0s - loss: 4.2952 - accuracy: 1.0000
1/1 [==============================] - 0s 5ms/step - loss: 4.2952 - accuracy: 1.0000
Epoch 15/25

1/1 [==============================] - ETA: 0s - loss: 4.2524 - accuracy: 1.0000
1/1 [==============================] - 0s 6ms/step - loss: 4.2524 - accuracy: 1.0000
Epoch 16/25

1/1 [==============================] - ETA: 0s - loss: 4.2079 - accuracy: 1.0000
1/1 [==============================] - 0s 6ms/step - loss: 4.2079 - accuracy: 1.0000
Epoch 17/25

1/1 [==============================] - ETA: 0s - loss: 4.1617 - accuracy: 1.0000
1/1 [==============================] - 0s 5ms/step - loss: 4.1617 - accuracy: 1.0000
Epoch 18/25

1/1 [==============================] - ETA: 0s - loss: 4.1136 - accuracy: 1.0000
1/1 [==============================] - 0s 5ms/step - loss: 4.1136 - accuracy: 1.0000
Epoch 19/25

1/1 [==============================] - ETA: 0s - loss: 4.0635 - accuracy: 1.0000
1/1 [==============================] - 0s 6ms/step - loss: 4.0635 - accuracy: 1.0000
Epoch 20/25

1/1 [==============================] - ETA: 0s - loss: 4.0114 - accuracy: 1.0000
1/1 [==============================] - 0s 5ms/step - loss: 4.0114 - accuracy: 1.0000
Epoch 21/25

1/1 [==============================] - ETA: 0s - loss: 3.9571 - accuracy: 1.0000
1/1 [==============================] - 0s 5ms/step - loss: 3.9571 - accuracy: 1.0000
Epoch 22/25

1/1 [==============================] - ETA: 0s - loss: 3.9005 - accuracy: 1.0000
1/1 [==============================] - 0s 5ms/step - loss: 3.9005 - accuracy: 1.0000
Epoch 23/25

1/1 [==============================] - ETA: 0s - loss: 3.8417 - accuracy: 1.0000
1/1 [==============================] - 0s 5ms/step - loss: 3.8417 - accuracy: 1.0000
Epoch 24/25

1/1 [==============================] - ETA: 0s - loss: 3.7805 - accuracy: 1.0000
1/1 [==============================] - 0s 6ms/step - loss: 3.7805 - accuracy: 1.0000
Epoch 25/25

1/1 [==============================] - ETA: 0s - loss: 3.7169 - accuracy: 1.0000
1/1 [==============================] - 0s 4ms/step - loss: 3.7169 - accuracy: 1.0000
# node2vec
Epoch 1/25

1/1 [==============================] - ETA: 0s - loss: 4.9182 - accuracy: 0.0625
1/1 [==============================] - 0s 196ms/step - loss: 4.9182 - accuracy: 0.0625
Epoch 2/25

1/1 [==============================] - ETA: 0s - loss: 4.8810 - accuracy: 0.0625
1/1 [==============================] - 0s 3ms/step - loss: 4.8810 - accuracy: 0.0625
Epoch 3/25

1/1 [==============================] - ETA: 0s - loss: 4.8438 - accuracy: 0.0625
1/1 [==============================] - 0s 3ms/step - loss: 4.8438 - accuracy: 0.0625
Epoch 4/25

1/1 [==============================] - ETA: 0s - loss: 4.8067 - accuracy: 0.0625
1/1 [==============================] - 0s 2ms/step - loss: 4.8067 - accuracy: 0.0625
Epoch 5/25

1/1 [==============================] - ETA: 0s - loss: 4.7696 - accuracy: 0.0625
1/1 [==============================] - 0s 2ms/step - loss: 4.7696 - accuracy: 0.0625
Epoch 6/25

1/1 [==============================] - ETA: 0s - loss: 4.7326 - accuracy: 0.0625
1/1 [==============================] - 0s 3ms/step - loss: 4.7326 - accuracy: 0.0625
Epoch 7/25

1/1 [==============================] - ETA: 0s - loss: 4.6956 - accuracy: 0.0625
1/1 [==============================] - 0s 2ms/step - loss: 4.6956 - accuracy: 0.0625
Epoch 8/25

1/1 [==============================] - ETA: 0s - loss: 4.6586 - accuracy: 0.0625
1/1 [==============================] - 0s 2ms/step - loss: 4.6586 - accuracy: 0.0625
Epoch 9/25

1/1 [==============================] - ETA: 0s - loss: 4.6218 - accuracy: 0.0625
1/1 [==============================] - 0s 3ms/step - loss: 4.6218 - accuracy: 0.0625
Epoch 10/25

1/1 [==============================] - ETA: 0s - loss: 4.5849 - accuracy: 0.0625
1/1 [==============================] - 0s 2ms/step - loss: 4.5849 - accuracy: 0.0625
Epoch 11/25

1/1 [==============================] - ETA: 0s - loss: 4.5482 - accuracy: 0.0625
1/1 [==============================] - 0s 4ms/step - loss: 4.5482 - accuracy: 0.0625
Epoch 12/25

1/1 [==============================] - ETA: 0s - loss: 4.5115 - accuracy: 0.0625
1/1 [==============================] - 0s 3ms/step - loss: 4.5115 - accuracy: 0.0625
Epoch 13/25

1/1 [==============================] - ETA: 0s - loss: 4.4749 - accuracy: 0.0625
1/1 [==============================] - 0s 3ms/step - loss: 4.4749 - accuracy: 0.0625
Epoch 14/25

1/1 [==============================] - ETA: 0s - loss: 4.4383 - accuracy: 0.1875
1/1 [==============================] - 0s 4ms/step - loss: 4.4383 - accuracy: 0.1875
Epoch 15/25

1/1 [==============================] - ETA: 0s - loss: 4.4018 - accuracy: 0.1875
1/1 [==============================] - 0s 3ms/step - loss: 4.4018 - accuracy: 0.1875
Epoch 16/25

1/1 [==============================] - ETA: 0s - loss: 4.3654 - accuracy: 0.1875
1/1 [==============================] - 0s 3ms/step - loss: 4.3654 - accuracy: 0.1875
Epoch 17/25

1/1 [==============================] - ETA: 0s - loss: 4.3290 - accuracy: 0.1875
1/1 [==============================] - 0s 3ms/step - loss: 4.3290 - accuracy: 0.1875
Epoch 18/25

1/1 [==============================] - ETA: 0s - loss: 4.2927 - accuracy: 0.1875
1/1 [==============================] - 0s 4ms/step - loss: 4.2927 - accuracy: 0.1875
Epoch 19/25

1/1 [==============================] - ETA: 0s - loss: 4.2565 - accuracy: 0.1875
1/1 [==============================] - 0s 3ms/step - loss: 4.2565 - accuracy: 0.1875
Epoch 20/25

1/1 [==============================] - ETA: 0s - loss: 4.2204 - accuracy: 0.2500
1/1 [==============================] - 0s 3ms/step - loss: 4.2204 - accuracy: 0.2500
Epoch 21/25

1/1 [==============================] - ETA: 0s - loss: 4.1844 - accuracy: 0.2500
1/1 [==============================] - 0s 3ms/step - loss: 4.1844 - accuracy: 0.2500
Epoch 22/25

1/1 [==============================] - ETA: 0s - loss: 4.1484 - accuracy: 0.3125
1/1 [==============================] - 0s 3ms/step - loss: 4.1484 - accuracy: 0.3125
Epoch 23/25

1/1 [==============================] - ETA: 0s - loss: 4.1126 - accuracy: 0.3125
1/1 [==============================] - 0s 3ms/step - loss: 4.1126 - accuracy: 0.3125
Epoch 24/25

1/1 [==============================] - ETA: 0s - loss: 4.0768 - accuracy: 0.3125
1/1 [==============================] - 0s 3ms/step - loss: 4.0768 - accuracy: 0.3125
Epoch 25/25

1/1 [==============================] - ETA: 0s - loss: 4.0411 - accuracy: 0.3125
1/1 [==============================] - 0s 3ms/step - loss: 4.0411 - accuracy: 0.3125
# predict: steps=12
# predict: tnodeembed_metrics
# predict: node2vec_metrics
tnodeembed: {'auc': 0.746360558184002, 'f1_micro': 0.0, 'f1_macro': 0.0} tNodeEmbed_final_loss=3.7169296741485596 tNodeEmbed_final_accuracy=1.0 
node2vec: {'auc': 0.6795309244233079, 'f1_micro': 0.0, 'f1_macro': 0.0} node2vec_final_loss=4.041085243225098 node2vec_final_accuracy=0.3125 
