# load graph
Processing Static file: filename='CollegeMsg_20040613.csv'
# initialize tNodeEmbed for dataset=COLLEGE_NC, test_size=0.2
# load dataset
# fit
# tNodeEmbed steps_per_epoch=1
Epoch 1/25

1/1 [==============================] - ETA: 0s - loss: 4.7262 - accuracy: 0.0625
1/1 [==============================] - 1s 1s/step - loss: 4.7262 - accuracy: 0.0625
Epoch 2/25

1/1 [==============================] - ETA: 0s - loss: 4.6976 - accuracy: 0.1875
1/1 [==============================] - 0s 3ms/step - loss: 4.6976 - accuracy: 0.1875
Epoch 3/25

1/1 [==============================] - ETA: 0s - loss: 4.6688 - accuracy: 0.2500
1/1 [==============================] - 0s 4ms/step - loss: 4.6688 - accuracy: 0.2500
Epoch 4/25

1/1 [==============================] - ETA: 0s - loss: 4.6399 - accuracy: 0.5000
1/1 [==============================] - 0s 4ms/step - loss: 4.6399 - accuracy: 0.5000
Epoch 5/25

1/1 [==============================] - ETA: 0s - loss: 4.6105 - accuracy: 0.7500
1/1 [==============================] - 0s 3ms/step - loss: 4.6105 - accuracy: 0.7500
Epoch 6/25

1/1 [==============================] - ETA: 0s - loss: 4.5808 - accuracy: 0.8750
1/1 [==============================] - 0s 4ms/step - loss: 4.5808 - accuracy: 0.8750
Epoch 7/25

1/1 [==============================] - ETA: 0s - loss: 4.5504 - accuracy: 0.8750
1/1 [==============================] - 0s 4ms/step - loss: 4.5504 - accuracy: 0.8750
Epoch 8/25

1/1 [==============================] - ETA: 0s - loss: 4.5194 - accuracy: 0.8750
1/1 [==============================] - 0s 4ms/step - loss: 4.5194 - accuracy: 0.8750
Epoch 9/25

1/1 [==============================] - ETA: 0s - loss: 4.4875 - accuracy: 0.8750
1/1 [==============================] - 0s 5ms/step - loss: 4.4875 - accuracy: 0.8750
Epoch 10/25

1/1 [==============================] - ETA: 0s - loss: 4.4546 - accuracy: 0.8750
1/1 [==============================] - 0s 3ms/step - loss: 4.4546 - accuracy: 0.8750
Epoch 11/25

1/1 [==============================] - ETA: 0s - loss: 4.4208 - accuracy: 0.9375
1/1 [==============================] - 0s 5ms/step - loss: 4.4208 - accuracy: 0.9375
Epoch 12/25

1/1 [==============================] - ETA: 0s - loss: 4.3857 - accuracy: 0.9375
1/1 [==============================] - 0s 4ms/step - loss: 4.3857 - accuracy: 0.9375
Epoch 13/25

1/1 [==============================] - ETA: 0s - loss: 4.3494 - accuracy: 0.9375
1/1 [==============================] - 0s 4ms/step - loss: 4.3494 - accuracy: 0.9375
Epoch 14/25

1/1 [==============================] - ETA: 0s - loss: 4.3117 - accuracy: 0.9375
1/1 [==============================] - 0s 4ms/step - loss: 4.3117 - accuracy: 0.9375
Epoch 15/25

1/1 [==============================] - ETA: 0s - loss: 4.2726 - accuracy: 0.9375
1/1 [==============================] - 0s 4ms/step - loss: 4.2726 - accuracy: 0.9375
Epoch 16/25

1/1 [==============================] - ETA: 0s - loss: 4.2319 - accuracy: 0.9375
1/1 [==============================] - 0s 4ms/step - loss: 4.2319 - accuracy: 0.9375
Epoch 17/25

1/1 [==============================] - ETA: 0s - loss: 4.1895 - accuracy: 0.9375
1/1 [==============================] - 0s 3ms/step - loss: 4.1895 - accuracy: 0.9375
Epoch 18/25

1/1 [==============================] - ETA: 0s - loss: 4.1454 - accuracy: 0.9375
1/1 [==============================] - 0s 4ms/step - loss: 4.1454 - accuracy: 0.9375
Epoch 19/25

1/1 [==============================] - ETA: 0s - loss: 4.0996 - accuracy: 0.9375
1/1 [==============================] - 0s 4ms/step - loss: 4.0996 - accuracy: 0.9375
Epoch 20/25

1/1 [==============================] - ETA: 0s - loss: 4.0518 - accuracy: 0.9375
1/1 [==============================] - 0s 3ms/step - loss: 4.0518 - accuracy: 0.9375
Epoch 21/25

1/1 [==============================] - ETA: 0s - loss: 4.0022 - accuracy: 0.9375
1/1 [==============================] - 0s 3ms/step - loss: 4.0022 - accuracy: 0.9375
Epoch 22/25

1/1 [==============================] - ETA: 0s - loss: 3.9505 - accuracy: 0.9375
1/1 [==============================] - 0s 4ms/step - loss: 3.9505 - accuracy: 0.9375
Epoch 23/25

1/1 [==============================] - ETA: 0s - loss: 3.8968 - accuracy: 0.9375
1/1 [==============================] - 0s 3ms/step - loss: 3.8968 - accuracy: 0.9375
Epoch 24/25

1/1 [==============================] - ETA: 0s - loss: 3.8410 - accuracy: 0.9375
1/1 [==============================] - 0s 4ms/step - loss: 3.8410 - accuracy: 0.9375
Epoch 25/25

1/1 [==============================] - ETA: 0s - loss: 3.7832 - accuracy: 0.9375
1/1 [==============================] - 0s 4ms/step - loss: 3.7832 - accuracy: 0.9375
# node2vec
Epoch 1/25

1/1 [==============================] - ETA: 0s - loss: 4.8440 - accuracy: 0.0625
1/1 [==============================] - 0s 241ms/step - loss: 4.8440 - accuracy: 0.0625
Epoch 2/25

1/1 [==============================] - ETA: 0s - loss: 4.8104 - accuracy: 0.0625
1/1 [==============================] - 0s 2ms/step - loss: 4.8104 - accuracy: 0.0625
Epoch 3/25

1/1 [==============================] - ETA: 0s - loss: 4.7768 - accuracy: 0.0625
1/1 [==============================] - 0s 4ms/step - loss: 4.7768 - accuracy: 0.0625
Epoch 4/25

1/1 [==============================] - ETA: 0s - loss: 4.7432 - accuracy: 0.1250
1/1 [==============================] - 0s 3ms/step - loss: 4.7432 - accuracy: 0.1250
Epoch 5/25

1/1 [==============================] - ETA: 0s - loss: 4.7097 - accuracy: 0.1250
1/1 [==============================] - 0s 3ms/step - loss: 4.7097 - accuracy: 0.1250
Epoch 6/25

1/1 [==============================] - ETA: 0s - loss: 4.6762 - accuracy: 0.1250
1/1 [==============================] - 0s 4ms/step - loss: 4.6762 - accuracy: 0.1250
Epoch 7/25

1/1 [==============================] - ETA: 0s - loss: 4.6428 - accuracy: 0.1250
1/1 [==============================] - 0s 3ms/step - loss: 4.6428 - accuracy: 0.1250
Epoch 8/25

1/1 [==============================] - ETA: 0s - loss: 4.6094 - accuracy: 0.1250
1/1 [==============================] - 0s 3ms/step - loss: 4.6094 - accuracy: 0.1250
Epoch 9/25

1/1 [==============================] - ETA: 0s - loss: 4.5761 - accuracy: 0.1250
1/1 [==============================] - 0s 3ms/step - loss: 4.5761 - accuracy: 0.1250
Epoch 10/25

1/1 [==============================] - ETA: 0s - loss: 4.5428 - accuracy: 0.1250
1/1 [==============================] - 0s 3ms/step - loss: 4.5428 - accuracy: 0.1250
Epoch 11/25

1/1 [==============================] - ETA: 0s - loss: 4.5096 - accuracy: 0.1250
1/1 [==============================] - 0s 3ms/step - loss: 4.5096 - accuracy: 0.1250
Epoch 12/25

1/1 [==============================] - ETA: 0s - loss: 4.4764 - accuracy: 0.1875
1/1 [==============================] - 0s 3ms/step - loss: 4.4764 - accuracy: 0.1875
Epoch 13/25

1/1 [==============================] - ETA: 0s - loss: 4.4433 - accuracy: 0.1875
1/1 [==============================] - 0s 3ms/step - loss: 4.4433 - accuracy: 0.1875
Epoch 14/25

1/1 [==============================] - ETA: 0s - loss: 4.4103 - accuracy: 0.1875
1/1 [==============================] - 0s 2ms/step - loss: 4.4103 - accuracy: 0.1875
Epoch 15/25

1/1 [==============================] - ETA: 0s - loss: 4.3773 - accuracy: 0.1875
1/1 [==============================] - 0s 3ms/step - loss: 4.3773 - accuracy: 0.1875
Epoch 16/25

1/1 [==============================] - ETA: 0s - loss: 4.3444 - accuracy: 0.1875
1/1 [==============================] - 0s 3ms/step - loss: 4.3444 - accuracy: 0.1875
Epoch 17/25

1/1 [==============================] - ETA: 0s - loss: 4.3115 - accuracy: 0.1875
1/1 [==============================] - 0s 3ms/step - loss: 4.3115 - accuracy: 0.1875
Epoch 18/25

1/1 [==============================] - ETA: 0s - loss: 4.2788 - accuracy: 0.2500
1/1 [==============================] - 0s 3ms/step - loss: 4.2788 - accuracy: 0.2500
Epoch 19/25

1/1 [==============================] - ETA: 0s - loss: 4.2461 - accuracy: 0.2500
1/1 [==============================] - 0s 3ms/step - loss: 4.2461 - accuracy: 0.2500
Epoch 20/25

1/1 [==============================] - ETA: 0s - loss: 4.2134 - accuracy: 0.2500
1/1 [==============================] - 0s 2ms/step - loss: 4.2134 - accuracy: 0.2500
Epoch 21/25

1/1 [==============================] - ETA: 0s - loss: 4.1809 - accuracy: 0.3750
1/1 [==============================] - 0s 3ms/step - loss: 4.1809 - accuracy: 0.3750
Epoch 22/25

1/1 [==============================] - ETA: 0s - loss: 4.1484 - accuracy: 0.4375
1/1 [==============================] - 0s 3ms/step - loss: 4.1484 - accuracy: 0.4375
Epoch 23/25

1/1 [==============================] - ETA: 0s - loss: 4.1160 - accuracy: 0.4375
1/1 [==============================] - 0s 3ms/step - loss: 4.1160 - accuracy: 0.4375
Epoch 24/25

1/1 [==============================] - ETA: 0s - loss: 4.0837 - accuracy: 0.4375
1/1 [==============================] - 0s 3ms/step - loss: 4.0837 - accuracy: 0.4375
Epoch 25/25

1/1 [==============================] - ETA: 0s - loss: 4.0515 - accuracy: 0.5000
1/1 [==============================] - 0s 3ms/step - loss: 4.0515 - accuracy: 0.5000
# predict: steps=12
# predict: tnodeembed_metrics
# predict: node2vec_metrics
tnodeembed: {'auc': 0.6862178560047066, 'f1_micro': 0.0, 'f1_macro': 0.0} tNodeEmbed_final_loss=3.783167839050293 tNodeEmbed_final_accuracy=0.9375 
node2vec: {'auc': 0.6013818853724904, 'f1_micro': 0.0, 'f1_macro': 0.0} node2vec_final_loss=4.051484107971191 node2vec_final_accuracy=0.5 
