# load graph
Processing Static file: filename='CollegeMsg_20040715.csv'
# initialize tNodeEmbed for dataset=COLLEGE_NC, test_size=0.2
# load dataset
# fit
# tNodeEmbed steps_per_epoch=1
Epoch 1/25

1/1 [==============================] - ETA: 0s - loss: 4.7466 - accuracy: 0.1875
1/1 [==============================] - 1s 1s/step - loss: 4.7466 - accuracy: 0.1875
Epoch 2/25

1/1 [==============================] - ETA: 0s - loss: 4.7146 - accuracy: 0.1875
1/1 [==============================] - 0s 4ms/step - loss: 4.7146 - accuracy: 0.1875
Epoch 3/25

1/1 [==============================] - ETA: 0s - loss: 4.6826 - accuracy: 0.3125
1/1 [==============================] - 0s 4ms/step - loss: 4.6826 - accuracy: 0.3125
Epoch 4/25

1/1 [==============================] - ETA: 0s - loss: 4.6504 - accuracy: 0.3750
1/1 [==============================] - 0s 3ms/step - loss: 4.6504 - accuracy: 0.3750
Epoch 5/25

1/1 [==============================] - ETA: 0s - loss: 4.6181 - accuracy: 0.6250
1/1 [==============================] - 0s 4ms/step - loss: 4.6181 - accuracy: 0.6250
Epoch 6/25

1/1 [==============================] - ETA: 0s - loss: 4.5853 - accuracy: 0.8750
1/1 [==============================] - 0s 4ms/step - loss: 4.5853 - accuracy: 0.8750
Epoch 7/25

1/1 [==============================] - ETA: 0s - loss: 4.5521 - accuracy: 0.9375
1/1 [==============================] - 0s 4ms/step - loss: 4.5521 - accuracy: 0.9375
Epoch 8/25

1/1 [==============================] - ETA: 0s - loss: 4.5183 - accuracy: 0.9375
1/1 [==============================] - 0s 4ms/step - loss: 4.5183 - accuracy: 0.9375
Epoch 9/25

1/1 [==============================] - ETA: 0s - loss: 4.4836 - accuracy: 0.9375
1/1 [==============================] - 0s 4ms/step - loss: 4.4836 - accuracy: 0.9375
Epoch 10/25

1/1 [==============================] - ETA: 0s - loss: 4.4482 - accuracy: 1.0000
1/1 [==============================] - 0s 4ms/step - loss: 4.4482 - accuracy: 1.0000
Epoch 11/25

1/1 [==============================] - ETA: 0s - loss: 4.4117 - accuracy: 1.0000
1/1 [==============================] - 0s 3ms/step - loss: 4.4117 - accuracy: 1.0000
Epoch 12/25

1/1 [==============================] - ETA: 0s - loss: 4.3741 - accuracy: 1.0000
1/1 [==============================] - 0s 4ms/step - loss: 4.3741 - accuracy: 1.0000
Epoch 13/25

1/1 [==============================] - ETA: 0s - loss: 4.3352 - accuracy: 1.0000
1/1 [==============================] - 0s 4ms/step - loss: 4.3352 - accuracy: 1.0000
Epoch 14/25

1/1 [==============================] - ETA: 0s - loss: 4.2950 - accuracy: 1.0000
1/1 [==============================] - 0s 4ms/step - loss: 4.2950 - accuracy: 1.0000
Epoch 15/25

1/1 [==============================] - ETA: 0s - loss: 4.2533 - accuracy: 1.0000
1/1 [==============================] - 0s 4ms/step - loss: 4.2533 - accuracy: 1.0000
Epoch 16/25

1/1 [==============================] - ETA: 0s - loss: 4.2100 - accuracy: 1.0000
1/1 [==============================] - 0s 3ms/step - loss: 4.2100 - accuracy: 1.0000
Epoch 17/25

1/1 [==============================] - ETA: 0s - loss: 4.1651 - accuracy: 1.0000
1/1 [==============================] - 0s 4ms/step - loss: 4.1651 - accuracy: 1.0000
Epoch 18/25

1/1 [==============================] - ETA: 0s - loss: 4.1184 - accuracy: 1.0000
1/1 [==============================] - 0s 4ms/step - loss: 4.1184 - accuracy: 1.0000
Epoch 19/25

1/1 [==============================] - ETA: 0s - loss: 4.0700 - accuracy: 1.0000
1/1 [==============================] - 0s 3ms/step - loss: 4.0700 - accuracy: 1.0000
Epoch 20/25

1/1 [==============================] - ETA: 0s - loss: 4.0196 - accuracy: 1.0000
1/1 [==============================] - 0s 4ms/step - loss: 4.0196 - accuracy: 1.0000
Epoch 21/25

1/1 [==============================] - ETA: 0s - loss: 3.9673 - accuracy: 1.0000
1/1 [==============================] - 0s 4ms/step - loss: 3.9673 - accuracy: 1.0000
Epoch 22/25

1/1 [==============================] - ETA: 0s - loss: 3.9130 - accuracy: 1.0000
1/1 [==============================] - 0s 3ms/step - loss: 3.9130 - accuracy: 1.0000
Epoch 23/25

1/1 [==============================] - ETA: 0s - loss: 3.8566 - accuracy: 1.0000
1/1 [==============================] - 0s 4ms/step - loss: 3.8566 - accuracy: 1.0000
Epoch 24/25

1/1 [==============================] - ETA: 0s - loss: 3.7982 - accuracy: 1.0000
1/1 [==============================] - 0s 4ms/step - loss: 3.7982 - accuracy: 1.0000
Epoch 25/25

1/1 [==============================] - ETA: 0s - loss: 3.7377 - accuracy: 1.0000
1/1 [==============================] - 0s 4ms/step - loss: 3.7377 - accuracy: 1.0000
# node2vec
Epoch 1/25

1/1 [==============================] - ETA: 0s - loss: 4.7110 - accuracy: 0.1875
1/1 [==============================] - 0s 190ms/step - loss: 4.7110 - accuracy: 0.1875
Epoch 2/25

1/1 [==============================] - ETA: 0s - loss: 4.6759 - accuracy: 0.1875
1/1 [==============================] - 0s 3ms/step - loss: 4.6759 - accuracy: 0.1875
Epoch 3/25

1/1 [==============================] - ETA: 0s - loss: 4.6408 - accuracy: 0.1875
1/1 [==============================] - 0s 4ms/step - loss: 4.6408 - accuracy: 0.1875
Epoch 4/25

1/1 [==============================] - ETA: 0s - loss: 4.6058 - accuracy: 0.1875
1/1 [==============================] - 0s 2ms/step - loss: 4.6058 - accuracy: 0.1875
Epoch 5/25

1/1 [==============================] - ETA: 0s - loss: 4.5709 - accuracy: 0.1875
1/1 [==============================] - 0s 3ms/step - loss: 4.5709 - accuracy: 0.1875
Epoch 6/25

1/1 [==============================] - ETA: 0s - loss: 4.5360 - accuracy: 0.2500
1/1 [==============================] - 0s 2ms/step - loss: 4.5360 - accuracy: 0.2500
Epoch 7/25

1/1 [==============================] - ETA: 0s - loss: 4.5011 - accuracy: 0.2500
1/1 [==============================] - 0s 4ms/step - loss: 4.5011 - accuracy: 0.2500
Epoch 8/25

1/1 [==============================] - ETA: 0s - loss: 4.4663 - accuracy: 0.3125
1/1 [==============================] - 0s 3ms/step - loss: 4.4663 - accuracy: 0.3125
Epoch 9/25

1/1 [==============================] - ETA: 0s - loss: 4.4316 - accuracy: 0.3125
1/1 [==============================] - 0s 2ms/step - loss: 4.4316 - accuracy: 0.3125
Epoch 10/25

1/1 [==============================] - ETA: 0s - loss: 4.3969 - accuracy: 0.3750
1/1 [==============================] - 0s 4ms/step - loss: 4.3969 - accuracy: 0.3750
Epoch 11/25

1/1 [==============================] - ETA: 0s - loss: 4.3623 - accuracy: 0.3750
1/1 [==============================] - 0s 4ms/step - loss: 4.3623 - accuracy: 0.3750
Epoch 12/25

1/1 [==============================] - ETA: 0s - loss: 4.3278 - accuracy: 0.3750
1/1 [==============================] - 0s 3ms/step - loss: 4.3278 - accuracy: 0.3750
Epoch 13/25

1/1 [==============================] - ETA: 0s - loss: 4.2933 - accuracy: 0.3750
1/1 [==============================] - 0s 4ms/step - loss: 4.2933 - accuracy: 0.3750
Epoch 14/25

1/1 [==============================] - ETA: 0s - loss: 4.2589 - accuracy: 0.3750
1/1 [==============================] - 0s 3ms/step - loss: 4.2589 - accuracy: 0.3750
Epoch 15/25

1/1 [==============================] - ETA: 0s - loss: 4.2246 - accuracy: 0.3750
1/1 [==============================] - 0s 3ms/step - loss: 4.2246 - accuracy: 0.3750
Epoch 16/25

1/1 [==============================] - ETA: 0s - loss: 4.1904 - accuracy: 0.5000
1/1 [==============================] - 0s 4ms/step - loss: 4.1904 - accuracy: 0.5000
Epoch 17/25

1/1 [==============================] - ETA: 0s - loss: 4.1562 - accuracy: 0.5625
1/1 [==============================] - 0s 3ms/step - loss: 4.1562 - accuracy: 0.5625
Epoch 18/25

1/1 [==============================] - ETA: 0s - loss: 4.1221 - accuracy: 0.6250
1/1 [==============================] - 0s 3ms/step - loss: 4.1221 - accuracy: 0.6250
Epoch 19/25

1/1 [==============================] - ETA: 0s - loss: 4.0881 - accuracy: 0.6250
1/1 [==============================] - 0s 3ms/step - loss: 4.0881 - accuracy: 0.6250
Epoch 20/25

1/1 [==============================] - ETA: 0s - loss: 4.0542 - accuracy: 0.6250
1/1 [==============================] - 0s 4ms/step - loss: 4.0542 - accuracy: 0.6250
Epoch 21/25

1/1 [==============================] - ETA: 0s - loss: 4.0204 - accuracy: 0.6875
1/1 [==============================] - 0s 5ms/step - loss: 4.0204 - accuracy: 0.6875
Epoch 22/25

1/1 [==============================] - ETA: 0s - loss: 3.9867 - accuracy: 0.6875
1/1 [==============================] - 0s 4ms/step - loss: 3.9867 - accuracy: 0.6875
Epoch 23/25

1/1 [==============================] - ETA: 0s - loss: 3.9531 - accuracy: 0.6875
1/1 [==============================] - 0s 3ms/step - loss: 3.9531 - accuracy: 0.6875
Epoch 24/25

1/1 [==============================] - ETA: 0s - loss: 3.9196 - accuracy: 0.6875
1/1 [==============================] - 0s 3ms/step - loss: 3.9196 - accuracy: 0.6875
Epoch 25/25

1/1 [==============================] - ETA: 0s - loss: 3.8861 - accuracy: 0.6875
1/1 [==============================] - 0s 5ms/step - loss: 3.8861 - accuracy: 0.6875
# predict: steps=12
# predict: tnodeembed_metrics
# predict: node2vec_metrics
tnodeembed: {'auc': 0.6646047115926752, 'f1_micro': 0.0, 'f1_macro': 0.0} tNodeEmbed_final_loss=3.737725019454956 tNodeEmbed_final_accuracy=1.0 
node2vec: {'auc': 0.6822365969651656, 'f1_micro': 0.0, 'f1_macro': 0.0} node2vec_final_loss=3.8861312866210938 node2vec_final_accuracy=0.6875 
