# load graph
Processing Static file: filename='CollegeMsg_20040510.csv'
# initialize tNodeEmbed for dataset=COLLEGE_NC, test_size=0.2
# load dataset
# fit
# tNodeEmbed steps_per_epoch=1
Epoch 1/25

1/1 [==============================] - ETA: 0s - loss: 4.7467 - accuracy: 0.0625
1/1 [==============================] - 1s 1s/step - loss: 4.7467 - accuracy: 0.0625
Epoch 2/25

1/1 [==============================] - ETA: 0s - loss: 4.7221 - accuracy: 0.1250
1/1 [==============================] - 0s 4ms/step - loss: 4.7221 - accuracy: 0.1250
Epoch 3/25

1/1 [==============================] - ETA: 0s - loss: 4.6976 - accuracy: 0.1875
1/1 [==============================] - 0s 13ms/step - loss: 4.6976 - accuracy: 0.1875
Epoch 4/25

1/1 [==============================] - ETA: 0s - loss: 4.6731 - accuracy: 0.3125
1/1 [==============================] - 0s 5ms/step - loss: 4.6731 - accuracy: 0.3125
Epoch 5/25

1/1 [==============================] - ETA: 0s - loss: 4.6484 - accuracy: 0.5625
1/1 [==============================] - 0s 4ms/step - loss: 4.6484 - accuracy: 0.5625
Epoch 6/25

1/1 [==============================] - ETA: 0s - loss: 4.6235 - accuracy: 0.6250
1/1 [==============================] - 0s 3ms/step - loss: 4.6235 - accuracy: 0.6250
Epoch 7/25

1/1 [==============================] - ETA: 0s - loss: 4.5983 - accuracy: 0.6250
1/1 [==============================] - 0s 4ms/step - loss: 4.5983 - accuracy: 0.6250
Epoch 8/25

1/1 [==============================] - ETA: 0s - loss: 4.5727 - accuracy: 0.6875
1/1 [==============================] - 0s 4ms/step - loss: 4.5727 - accuracy: 0.6875
Epoch 9/25

1/1 [==============================] - ETA: 0s - loss: 4.5465 - accuracy: 0.7500
1/1 [==============================] - 0s 3ms/step - loss: 4.5465 - accuracy: 0.7500
Epoch 10/25

1/1 [==============================] - ETA: 0s - loss: 4.5196 - accuracy: 0.7500
1/1 [==============================] - 0s 5ms/step - loss: 4.5196 - accuracy: 0.7500
Epoch 11/25

1/1 [==============================] - ETA: 0s - loss: 4.4920 - accuracy: 0.7500
1/1 [==============================] - 0s 4ms/step - loss: 4.4920 - accuracy: 0.7500
Epoch 12/25

1/1 [==============================] - ETA: 0s - loss: 4.4635 - accuracy: 0.7500
1/1 [==============================] - 0s 7ms/step - loss: 4.4635 - accuracy: 0.7500
Epoch 13/25

1/1 [==============================] - ETA: 0s - loss: 4.4341 - accuracy: 0.7500
1/1 [==============================] - 0s 8ms/step - loss: 4.4341 - accuracy: 0.7500
Epoch 14/25

1/1 [==============================] - ETA: 0s - loss: 4.4036 - accuracy: 0.7500
1/1 [==============================] - 0s 6ms/step - loss: 4.4036 - accuracy: 0.7500
Epoch 15/25

1/1 [==============================] - ETA: 0s - loss: 4.3720 - accuracy: 0.7500
1/1 [==============================] - 0s 7ms/step - loss: 4.3720 - accuracy: 0.7500
Epoch 16/25

1/1 [==============================] - ETA: 0s - loss: 4.3391 - accuracy: 0.7500
1/1 [==============================] - 0s 4ms/step - loss: 4.3391 - accuracy: 0.7500
Epoch 17/25

1/1 [==============================] - ETA: 0s - loss: 4.3050 - accuracy: 0.7500
1/1 [==============================] - 0s 4ms/step - loss: 4.3050 - accuracy: 0.7500
Epoch 18/25

1/1 [==============================] - ETA: 0s - loss: 4.2696 - accuracy: 0.7500
1/1 [==============================] - 0s 4ms/step - loss: 4.2696 - accuracy: 0.7500
Epoch 19/25

1/1 [==============================] - ETA: 0s - loss: 4.2327 - accuracy: 0.7500
1/1 [==============================] - 0s 3ms/step - loss: 4.2327 - accuracy: 0.7500
Epoch 20/25

1/1 [==============================] - ETA: 0s - loss: 4.1944 - accuracy: 0.7500
1/1 [==============================] - 0s 4ms/step - loss: 4.1944 - accuracy: 0.7500
Epoch 21/25

1/1 [==============================] - ETA: 0s - loss: 4.1545 - accuracy: 0.7500
1/1 [==============================] - 0s 4ms/step - loss: 4.1545 - accuracy: 0.7500
Epoch 22/25

1/1 [==============================] - ETA: 0s - loss: 4.1131 - accuracy: 0.7500
1/1 [==============================] - 0s 4ms/step - loss: 4.1131 - accuracy: 0.7500
Epoch 23/25

1/1 [==============================] - ETA: 0s - loss: 4.0700 - accuracy: 0.7500
1/1 [==============================] - 0s 4ms/step - loss: 4.0700 - accuracy: 0.7500
Epoch 24/25

1/1 [==============================] - ETA: 0s - loss: 4.0253 - accuracy: 0.7500
1/1 [==============================] - 0s 4ms/step - loss: 4.0253 - accuracy: 0.7500
Epoch 25/25

1/1 [==============================] - ETA: 0s - loss: 3.9789 - accuracy: 0.7500
1/1 [==============================] - 0s 4ms/step - loss: 3.9789 - accuracy: 0.7500
# node2vec
Epoch 1/25

1/1 [==============================] - ETA: 0s - loss: 4.7367 - accuracy: 0.0625
1/1 [==============================] - 0s 234ms/step - loss: 4.7367 - accuracy: 0.0625
Epoch 2/25

1/1 [==============================] - ETA: 0s - loss: 4.7084 - accuracy: 0.1250
1/1 [==============================] - 0s 3ms/step - loss: 4.7084 - accuracy: 0.1250
Epoch 3/25

1/1 [==============================] - ETA: 0s - loss: 4.6801 - accuracy: 0.1250
1/1 [==============================] - 0s 2ms/step - loss: 4.6801 - accuracy: 0.1250
Epoch 4/25

1/1 [==============================] - ETA: 0s - loss: 4.6518 - accuracy: 0.1250
1/1 [==============================] - 0s 3ms/step - loss: 4.6518 - accuracy: 0.1250
Epoch 5/25

1/1 [==============================] - ETA: 0s - loss: 4.6236 - accuracy: 0.1250
1/1 [==============================] - 0s 3ms/step - loss: 4.6236 - accuracy: 0.1250
Epoch 6/25

1/1 [==============================] - ETA: 0s - loss: 4.5954 - accuracy: 0.1250
1/1 [==============================] - 0s 3ms/step - loss: 4.5954 - accuracy: 0.1250
Epoch 7/25

1/1 [==============================] - ETA: 0s - loss: 4.5673 - accuracy: 0.1250
1/1 [==============================] - 0s 4ms/step - loss: 4.5673 - accuracy: 0.1250
Epoch 8/25

1/1 [==============================] - ETA: 0s - loss: 4.5392 - accuracy: 0.1250
1/1 [==============================] - 0s 3ms/step - loss: 4.5392 - accuracy: 0.1250
Epoch 9/25

1/1 [==============================] - ETA: 0s - loss: 4.5112 - accuracy: 0.1250
1/1 [==============================] - 0s 3ms/step - loss: 4.5112 - accuracy: 0.1250
Epoch 10/25

1/1 [==============================] - ETA: 0s - loss: 4.4832 - accuracy: 0.1250
1/1 [==============================] - 0s 3ms/step - loss: 4.4832 - accuracy: 0.1250
Epoch 11/25

1/1 [==============================] - ETA: 0s - loss: 4.4552 - accuracy: 0.1250
1/1 [==============================] - 0s 3ms/step - loss: 4.4552 - accuracy: 0.1250
Epoch 12/25

1/1 [==============================] - ETA: 0s - loss: 4.4273 - accuracy: 0.2500
1/1 [==============================] - 0s 3ms/step - loss: 4.4273 - accuracy: 0.2500
Epoch 13/25

1/1 [==============================] - ETA: 0s - loss: 4.3995 - accuracy: 0.3125
1/1 [==============================] - 0s 3ms/step - loss: 4.3995 - accuracy: 0.3125
Epoch 14/25

1/1 [==============================] - ETA: 0s - loss: 4.3717 - accuracy: 0.3750
1/1 [==============================] - 0s 3ms/step - loss: 4.3717 - accuracy: 0.3750
Epoch 15/25

1/1 [==============================] - ETA: 0s - loss: 4.3440 - accuracy: 0.4375
1/1 [==============================] - 0s 3ms/step - loss: 4.3440 - accuracy: 0.4375
Epoch 16/25

1/1 [==============================] - ETA: 0s - loss: 4.3163 - accuracy: 0.5000
1/1 [==============================] - 0s 4ms/step - loss: 4.3163 - accuracy: 0.5000
Epoch 17/25

1/1 [==============================] - ETA: 0s - loss: 4.2887 - accuracy: 0.5625
1/1 [==============================] - 0s 3ms/step - loss: 4.2887 - accuracy: 0.5625
Epoch 18/25

1/1 [==============================] - ETA: 0s - loss: 4.2611 - accuracy: 0.5625
1/1 [==============================] - 0s 3ms/step - loss: 4.2611 - accuracy: 0.5625
Epoch 19/25

1/1 [==============================] - ETA: 0s - loss: 4.2337 - accuracy: 0.5625
1/1 [==============================] - 0s 3ms/step - loss: 4.2337 - accuracy: 0.5625
Epoch 20/25

1/1 [==============================] - ETA: 0s - loss: 4.2063 - accuracy: 0.5625
1/1 [==============================] - 0s 3ms/step - loss: 4.2063 - accuracy: 0.5625
Epoch 21/25

1/1 [==============================] - ETA: 0s - loss: 4.1789 - accuracy: 0.5625
1/1 [==============================] - 0s 2ms/step - loss: 4.1789 - accuracy: 0.5625
Epoch 22/25

1/1 [==============================] - ETA: 0s - loss: 4.1517 - accuracy: 0.6250
1/1 [==============================] - 0s 3ms/step - loss: 4.1517 - accuracy: 0.6250
Epoch 23/25

1/1 [==============================] - ETA: 0s - loss: 4.1245 - accuracy: 0.5625
1/1 [==============================] - 0s 3ms/step - loss: 4.1245 - accuracy: 0.5625
Epoch 24/25

1/1 [==============================] - ETA: 0s - loss: 4.0974 - accuracy: 0.5625
1/1 [==============================] - 0s 3ms/step - loss: 4.0974 - accuracy: 0.5625
Epoch 25/25

1/1 [==============================] - ETA: 0s - loss: 4.0703 - accuracy: 0.5625
1/1 [==============================] - 0s 3ms/step - loss: 4.0703 - accuracy: 0.5625
# predict: steps=12
# predict: tnodeembed_metrics
# predict: node2vec_metrics
tnodeembed: {'auc': 0.664096781310519, 'f1_micro': 0.0, 'f1_macro': 0.0} tNodeEmbed_final_loss=3.9789485931396484 tNodeEmbed_final_accuracy=0.75 
node2vec: {'auc': 0.6247278332066776, 'f1_micro': 0.0, 'f1_macro': 0.0} node2vec_final_loss=4.070345401763916 node2vec_final_accuracy=0.5625 
