# load graph
Processing Static file: filename='CollegeMsg_20040926.csv'
# initialize tNodeEmbed for dataset=COLLEGE_NC, test_size=0.2
# load dataset
# fit
# tNodeEmbed steps_per_epoch=1
Epoch 1/25

1/1 [==============================] - ETA: 0s - loss: 4.7442 - accuracy: 0.0000e+00
1/1 [==============================] - 1s 1s/step - loss: 4.7442 - accuracy: 0.0000e+00
Epoch 2/25

1/1 [==============================] - ETA: 0s - loss: 4.7060 - accuracy: 0.0000e+00
1/1 [==============================] - 0s 5ms/step - loss: 4.7060 - accuracy: 0.0000e+00
Epoch 3/25

1/1 [==============================] - ETA: 0s - loss: 4.6678 - accuracy: 0.1875
1/1 [==============================] - 0s 6ms/step - loss: 4.6678 - accuracy: 0.1875
Epoch 4/25

1/1 [==============================] - ETA: 0s - loss: 4.6293 - accuracy: 0.3125
1/1 [==============================] - 0s 5ms/step - loss: 4.6293 - accuracy: 0.3125
Epoch 5/25

1/1 [==============================] - ETA: 0s - loss: 4.5905 - accuracy: 0.5000
1/1 [==============================] - 0s 4ms/step - loss: 4.5905 - accuracy: 0.5000
Epoch 6/25

1/1 [==============================] - ETA: 0s - loss: 4.5509 - accuracy: 0.6250
1/1 [==============================] - 0s 4ms/step - loss: 4.5509 - accuracy: 0.6250
Epoch 7/25

1/1 [==============================] - ETA: 0s - loss: 4.5105 - accuracy: 0.6250
1/1 [==============================] - 0s 6ms/step - loss: 4.5105 - accuracy: 0.6250
Epoch 8/25

1/1 [==============================] - ETA: 0s - loss: 4.4690 - accuracy: 0.6875
1/1 [==============================] - 0s 6ms/step - loss: 4.4690 - accuracy: 0.6875
Epoch 9/25

1/1 [==============================] - ETA: 0s - loss: 4.4263 - accuracy: 0.6875
1/1 [==============================] - 0s 5ms/step - loss: 4.4263 - accuracy: 0.6875
Epoch 10/25

1/1 [==============================] - ETA: 0s - loss: 4.3821 - accuracy: 0.7500
1/1 [==============================] - 0s 5ms/step - loss: 4.3821 - accuracy: 0.7500
Epoch 11/25

1/1 [==============================] - ETA: 0s - loss: 4.3365 - accuracy: 0.8125
1/1 [==============================] - 0s 5ms/step - loss: 4.3365 - accuracy: 0.8125
Epoch 12/25

1/1 [==============================] - ETA: 0s - loss: 4.2892 - accuracy: 0.8125
1/1 [==============================] - 0s 5ms/step - loss: 4.2892 - accuracy: 0.8125
Epoch 13/25

1/1 [==============================] - ETA: 0s - loss: 4.2401 - accuracy: 0.8125
1/1 [==============================] - 0s 5ms/step - loss: 4.2401 - accuracy: 0.8125
Epoch 14/25

1/1 [==============================] - ETA: 0s - loss: 4.1892 - accuracy: 0.8125
1/1 [==============================] - 0s 4ms/step - loss: 4.1892 - accuracy: 0.8125
Epoch 15/25

1/1 [==============================] - ETA: 0s - loss: 4.1365 - accuracy: 0.8125
1/1 [==============================] - 0s 5ms/step - loss: 4.1365 - accuracy: 0.8125
Epoch 16/25

1/1 [==============================] - ETA: 0s - loss: 4.0819 - accuracy: 0.8125
1/1 [==============================] - 0s 4ms/step - loss: 4.0819 - accuracy: 0.8125
Epoch 17/25

1/1 [==============================] - ETA: 0s - loss: 4.0254 - accuracy: 0.8125
1/1 [==============================] - 0s 5ms/step - loss: 4.0254 - accuracy: 0.8125
Epoch 18/25

1/1 [==============================] - ETA: 0s - loss: 3.9670 - accuracy: 0.8750
1/1 [==============================] - 0s 6ms/step - loss: 3.9670 - accuracy: 0.8750
Epoch 19/25

1/1 [==============================] - ETA: 0s - loss: 3.9067 - accuracy: 0.8125
1/1 [==============================] - 0s 4ms/step - loss: 3.9067 - accuracy: 0.8125
Epoch 20/25

1/1 [==============================] - ETA: 0s - loss: 3.8448 - accuracy: 0.7500
1/1 [==============================] - 0s 5ms/step - loss: 3.8448 - accuracy: 0.7500
Epoch 21/25

1/1 [==============================] - ETA: 0s - loss: 3.7812 - accuracy: 0.6875
1/1 [==============================] - 0s 5ms/step - loss: 3.7812 - accuracy: 0.6875
Epoch 22/25

1/1 [==============================] - ETA: 0s - loss: 3.7160 - accuracy: 0.6875
1/1 [==============================] - 0s 4ms/step - loss: 3.7160 - accuracy: 0.6875
Epoch 23/25

1/1 [==============================] - ETA: 0s - loss: 3.6495 - accuracy: 0.6875
1/1 [==============================] - 0s 5ms/step - loss: 3.6495 - accuracy: 0.6875
Epoch 24/25

1/1 [==============================] - ETA: 0s - loss: 3.5816 - accuracy: 0.6875
1/1 [==============================] - 0s 5ms/step - loss: 3.5816 - accuracy: 0.6875
Epoch 25/25

1/1 [==============================] - ETA: 0s - loss: 3.5124 - accuracy: 0.6875
1/1 [==============================] - 0s 5ms/step - loss: 3.5124 - accuracy: 0.6875
# node2vec
Epoch 1/25

1/1 [==============================] - ETA: 0s - loss: 4.8748 - accuracy: 0.0000e+00
1/1 [==============================] - 0s 243ms/step - loss: 4.8748 - accuracy: 0.0000e+00
Epoch 2/25

1/1 [==============================] - ETA: 0s - loss: 4.8320 - accuracy: 0.0000e+00
1/1 [==============================] - 0s 5ms/step - loss: 4.8320 - accuracy: 0.0000e+00
Epoch 3/25

1/1 [==============================] - ETA: 0s - loss: 4.7892 - accuracy: 0.0000e+00
1/1 [==============================] - 0s 4ms/step - loss: 4.7892 - accuracy: 0.0000e+00
Epoch 4/25

1/1 [==============================] - ETA: 0s - loss: 4.7465 - accuracy: 0.0000e+00
1/1 [==============================] - 0s 4ms/step - loss: 4.7465 - accuracy: 0.0000e+00
Epoch 5/25

1/1 [==============================] - ETA: 0s - loss: 4.7038 - accuracy: 0.0000e+00
1/1 [==============================] - 0s 3ms/step - loss: 4.7038 - accuracy: 0.0000e+00
Epoch 6/25

1/1 [==============================] - ETA: 0s - loss: 4.6613 - accuracy: 0.0000e+00
1/1 [==============================] - 0s 7ms/step - loss: 4.6613 - accuracy: 0.0000e+00
Epoch 7/25

1/1 [==============================] - ETA: 0s - loss: 4.6188 - accuracy: 0.0000e+00
1/1 [==============================] - 0s 6ms/step - loss: 4.6188 - accuracy: 0.0000e+00
Epoch 8/25

1/1 [==============================] - ETA: 0s - loss: 4.5764 - accuracy: 0.0000e+00
1/1 [==============================] - 0s 6ms/step - loss: 4.5764 - accuracy: 0.0000e+00
Epoch 9/25

1/1 [==============================] - ETA: 0s - loss: 4.5341 - accuracy: 0.0625
1/1 [==============================] - 0s 4ms/step - loss: 4.5341 - accuracy: 0.0625
Epoch 10/25

1/1 [==============================] - ETA: 0s - loss: 4.4919 - accuracy: 0.0625
1/1 [==============================] - 0s 4ms/step - loss: 4.4919 - accuracy: 0.0625
Epoch 11/25

1/1 [==============================] - ETA: 0s - loss: 4.4498 - accuracy: 0.1250
1/1 [==============================] - 0s 3ms/step - loss: 4.4498 - accuracy: 0.1250
Epoch 12/25

1/1 [==============================] - ETA: 0s - loss: 4.4078 - accuracy: 0.1250
1/1 [==============================] - 0s 4ms/step - loss: 4.4078 - accuracy: 0.1250
Epoch 13/25

1/1 [==============================] - ETA: 0s - loss: 4.3659 - accuracy: 0.1250
1/1 [==============================] - 0s 4ms/step - loss: 4.3659 - accuracy: 0.1250
Epoch 14/25

1/1 [==============================] - ETA: 0s - loss: 4.3242 - accuracy: 0.1250
1/1 [==============================] - 0s 3ms/step - loss: 4.3242 - accuracy: 0.1250
Epoch 15/25

1/1 [==============================] - ETA: 0s - loss: 4.2825 - accuracy: 0.1250
1/1 [==============================] - 0s 4ms/step - loss: 4.2825 - accuracy: 0.1250
Epoch 16/25

1/1 [==============================] - ETA: 0s - loss: 4.2410 - accuracy: 0.2500
1/1 [==============================] - 0s 4ms/step - loss: 4.2410 - accuracy: 0.2500
Epoch 17/25

1/1 [==============================] - ETA: 0s - loss: 4.1996 - accuracy: 0.2500
1/1 [==============================] - 0s 4ms/step - loss: 4.1996 - accuracy: 0.2500
Epoch 18/25

1/1 [==============================] - ETA: 0s - loss: 4.1583 - accuracy: 0.3125
1/1 [==============================] - 0s 5ms/step - loss: 4.1583 - accuracy: 0.3125
Epoch 19/25

1/1 [==============================] - ETA: 0s - loss: 4.1171 - accuracy: 0.3125
1/1 [==============================] - 0s 5ms/step - loss: 4.1171 - accuracy: 0.3125
Epoch 20/25

1/1 [==============================] - ETA: 0s - loss: 4.0761 - accuracy: 0.3125
1/1 [==============================] - 0s 5ms/step - loss: 4.0761 - accuracy: 0.3125
Epoch 21/25

1/1 [==============================] - ETA: 0s - loss: 4.0353 - accuracy: 0.3125
1/1 [==============================] - 0s 5ms/step - loss: 4.0353 - accuracy: 0.3125
Epoch 22/25

1/1 [==============================] - ETA: 0s - loss: 3.9946 - accuracy: 0.3125
1/1 [==============================] - 0s 3ms/step - loss: 3.9946 - accuracy: 0.3125
Epoch 23/25

1/1 [==============================] - ETA: 0s - loss: 3.9540 - accuracy: 0.3125
1/1 [==============================] - 0s 4ms/step - loss: 3.9540 - accuracy: 0.3125
Epoch 24/25

1/1 [==============================] - ETA: 0s - loss: 3.9136 - accuracy: 0.3125
1/1 [==============================] - 0s 4ms/step - loss: 3.9136 - accuracy: 0.3125
Epoch 25/25

1/1 [==============================] - ETA: 0s - loss: 3.8733 - accuracy: 0.3750
1/1 [==============================] - 0s 3ms/step - loss: 3.8733 - accuracy: 0.3750
# predict: steps=12
# predict: tnodeembed_metrics
# predict: node2vec_metrics
tnodeembed: {'auc': 0.7320476245924546, 'f1_micro': 0.0, 'f1_macro': 0.0} tNodeEmbed_final_loss=3.512392044067383 tNodeEmbed_final_accuracy=0.6875 
node2vec: {'auc': 0.6498440908979483, 'f1_micro': 0.0, 'f1_macro': 0.0} node2vec_final_loss=3.873342514038086 node2vec_final_accuracy=0.375 
