# load graph
Processing Static file: filename='CollegeMsg_20040606.csv'
# initialize tNodeEmbed for dataset=COLLEGE_NC, test_size=0.2
# load dataset
# fit
# tNodeEmbed steps_per_epoch=1
Epoch 1/25

1/1 [==============================] - ETA: 0s - loss: 4.7326 - accuracy: 0.1250
1/1 [==============================] - 1s 1s/step - loss: 4.7326 - accuracy: 0.1250
Epoch 2/25

1/1 [==============================] - ETA: 0s - loss: 4.7043 - accuracy: 0.1875
1/1 [==============================] - 0s 4ms/step - loss: 4.7043 - accuracy: 0.1875
Epoch 3/25

1/1 [==============================] - ETA: 0s - loss: 4.6759 - accuracy: 0.3125
1/1 [==============================] - 0s 4ms/step - loss: 4.6759 - accuracy: 0.3125
Epoch 4/25

1/1 [==============================] - ETA: 0s - loss: 4.6473 - accuracy: 0.5625
1/1 [==============================] - 0s 4ms/step - loss: 4.6473 - accuracy: 0.5625
Epoch 5/25

1/1 [==============================] - ETA: 0s - loss: 4.6184 - accuracy: 0.6875
1/1 [==============================] - 0s 4ms/step - loss: 4.6184 - accuracy: 0.6875
Epoch 6/25

1/1 [==============================] - ETA: 0s - loss: 4.5891 - accuracy: 0.7500
1/1 [==============================] - 0s 3ms/step - loss: 4.5891 - accuracy: 0.7500
Epoch 7/25

1/1 [==============================] - ETA: 0s - loss: 4.5593 - accuracy: 0.8125
1/1 [==============================] - 0s 4ms/step - loss: 4.5593 - accuracy: 0.8125
Epoch 8/25

1/1 [==============================] - ETA: 0s - loss: 4.5288 - accuracy: 0.8750
1/1 [==============================] - 0s 4ms/step - loss: 4.5288 - accuracy: 0.8750
Epoch 9/25

1/1 [==============================] - ETA: 0s - loss: 4.4975 - accuracy: 0.8750
1/1 [==============================] - 0s 5ms/step - loss: 4.4975 - accuracy: 0.8750
Epoch 10/25

1/1 [==============================] - ETA: 0s - loss: 4.4653 - accuracy: 0.8750
1/1 [==============================] - 0s 5ms/step - loss: 4.4653 - accuracy: 0.8750
Epoch 11/25

1/1 [==============================] - ETA: 0s - loss: 4.4322 - accuracy: 0.8750
1/1 [==============================] - 0s 4ms/step - loss: 4.4322 - accuracy: 0.8750
Epoch 12/25

1/1 [==============================] - ETA: 0s - loss: 4.3980 - accuracy: 0.8750
1/1 [==============================] - 0s 3ms/step - loss: 4.3980 - accuracy: 0.8750
Epoch 13/25

1/1 [==============================] - ETA: 0s - loss: 4.3626 - accuracy: 0.8750
1/1 [==============================] - 0s 4ms/step - loss: 4.3626 - accuracy: 0.8750
Epoch 14/25

1/1 [==============================] - ETA: 0s - loss: 4.3260 - accuracy: 0.8750
1/1 [==============================] - 0s 4ms/step - loss: 4.3260 - accuracy: 0.8750
Epoch 15/25

1/1 [==============================] - ETA: 0s - loss: 4.2881 - accuracy: 0.8750
1/1 [==============================] - 0s 4ms/step - loss: 4.2881 - accuracy: 0.8750
Epoch 16/25

1/1 [==============================] - ETA: 0s - loss: 4.2488 - accuracy: 0.8750
1/1 [==============================] - 0s 4ms/step - loss: 4.2488 - accuracy: 0.8750
Epoch 17/25

1/1 [==============================] - ETA: 0s - loss: 4.2080 - accuracy: 0.8750
1/1 [==============================] - 0s 5ms/step - loss: 4.2080 - accuracy: 0.8750
Epoch 18/25

1/1 [==============================] - ETA: 0s - loss: 4.1657 - accuracy: 0.8750
1/1 [==============================] - 0s 4ms/step - loss: 4.1657 - accuracy: 0.8750
Epoch 19/25

1/1 [==============================] - ETA: 0s - loss: 4.1218 - accuracy: 0.8750
1/1 [==============================] - 0s 4ms/step - loss: 4.1218 - accuracy: 0.8750
Epoch 20/25

1/1 [==============================] - ETA: 0s - loss: 4.0762 - accuracy: 0.8750
1/1 [==============================] - 0s 4ms/step - loss: 4.0762 - accuracy: 0.8750
Epoch 21/25

1/1 [==============================] - ETA: 0s - loss: 4.0291 - accuracy: 0.8750
1/1 [==============================] - 0s 5ms/step - loss: 4.0291 - accuracy: 0.8750
Epoch 22/25

1/1 [==============================] - ETA: 0s - loss: 3.9802 - accuracy: 0.8750
1/1 [==============================] - 0s 4ms/step - loss: 3.9802 - accuracy: 0.8750
Epoch 23/25

1/1 [==============================] - ETA: 0s - loss: 3.9296 - accuracy: 0.8750
1/1 [==============================] - 0s 4ms/step - loss: 3.9296 - accuracy: 0.8750
Epoch 24/25

1/1 [==============================] - ETA: 0s - loss: 3.8773 - accuracy: 0.8750
1/1 [==============================] - 0s 8ms/step - loss: 3.8773 - accuracy: 0.8750
Epoch 25/25

1/1 [==============================] - ETA: 0s - loss: 3.8232 - accuracy: 0.8750
1/1 [==============================] - 0s 7ms/step - loss: 3.8232 - accuracy: 0.8750
# node2vec
Epoch 1/25

1/1 [==============================] - ETA: 0s - loss: 4.6647 - accuracy: 0.1250
1/1 [==============================] - 0s 215ms/step - loss: 4.6647 - accuracy: 0.1250
Epoch 2/25

1/1 [==============================] - ETA: 0s - loss: 4.6313 - accuracy: 0.1250
1/1 [==============================] - 0s 2ms/step - loss: 4.6313 - accuracy: 0.1250
Epoch 3/25

1/1 [==============================] - ETA: 0s - loss: 4.5978 - accuracy: 0.1250
1/1 [==============================] - 0s 4ms/step - loss: 4.5978 - accuracy: 0.1250
Epoch 4/25

1/1 [==============================] - ETA: 0s - loss: 4.5645 - accuracy: 0.1250
1/1 [==============================] - 0s 2ms/step - loss: 4.5645 - accuracy: 0.1250
Epoch 5/25

1/1 [==============================] - ETA: 0s - loss: 4.5311 - accuracy: 0.1875
1/1 [==============================] - 0s 2ms/step - loss: 4.5311 - accuracy: 0.1875
Epoch 6/25

1/1 [==============================] - ETA: 0s - loss: 4.4979 - accuracy: 0.1875
1/1 [==============================] - 0s 3ms/step - loss: 4.4979 - accuracy: 0.1875
Epoch 7/25

1/1 [==============================] - ETA: 0s - loss: 4.4647 - accuracy: 0.1875
1/1 [==============================] - 0s 3ms/step - loss: 4.4647 - accuracy: 0.1875
Epoch 8/25

1/1 [==============================] - ETA: 0s - loss: 4.4315 - accuracy: 0.1875
1/1 [==============================] - 0s 3ms/step - loss: 4.4315 - accuracy: 0.1875
Epoch 9/25

1/1 [==============================] - ETA: 0s - loss: 4.3984 - accuracy: 0.2500
1/1 [==============================] - 0s 2ms/step - loss: 4.3984 - accuracy: 0.2500
Epoch 10/25

1/1 [==============================] - ETA: 0s - loss: 4.3654 - accuracy: 0.3125
1/1 [==============================] - 0s 3ms/step - loss: 4.3654 - accuracy: 0.3125
Epoch 11/25

1/1 [==============================] - ETA: 0s - loss: 4.3324 - accuracy: 0.3125
1/1 [==============================] - 0s 3ms/step - loss: 4.3324 - accuracy: 0.3125
Epoch 12/25

1/1 [==============================] - ETA: 0s - loss: 4.2996 - accuracy: 0.3125
1/1 [==============================] - 0s 2ms/step - loss: 4.2996 - accuracy: 0.3125
Epoch 13/25

1/1 [==============================] - ETA: 0s - loss: 4.2668 - accuracy: 0.3750
1/1 [==============================] - 0s 3ms/step - loss: 4.2668 - accuracy: 0.3750
Epoch 14/25

1/1 [==============================] - ETA: 0s - loss: 4.2340 - accuracy: 0.3750
1/1 [==============================] - 0s 3ms/step - loss: 4.2340 - accuracy: 0.3750
Epoch 15/25

1/1 [==============================] - ETA: 0s - loss: 4.2014 - accuracy: 0.3750
1/1 [==============================] - 0s 2ms/step - loss: 4.2014 - accuracy: 0.3750
Epoch 16/25

1/1 [==============================] - ETA: 0s - loss: 4.1688 - accuracy: 0.5000
1/1 [==============================] - 0s 3ms/step - loss: 4.1688 - accuracy: 0.5000
Epoch 17/25

1/1 [==============================] - ETA: 0s - loss: 4.1363 - accuracy: 0.5000
1/1 [==============================] - 0s 3ms/step - loss: 4.1363 - accuracy: 0.5000
Epoch 18/25

1/1 [==============================] - ETA: 0s - loss: 4.1039 - accuracy: 0.6250
1/1 [==============================] - 0s 4ms/step - loss: 4.1039 - accuracy: 0.6250
Epoch 19/25

1/1 [==============================] - ETA: 0s - loss: 4.0716 - accuracy: 0.6250
1/1 [==============================] - 0s 4ms/step - loss: 4.0716 - accuracy: 0.6250
Epoch 20/25

1/1 [==============================] - ETA: 0s - loss: 4.0394 - accuracy: 0.6250
1/1 [==============================] - 0s 3ms/step - loss: 4.0394 - accuracy: 0.6250
Epoch 21/25

1/1 [==============================] - ETA: 0s - loss: 4.0072 - accuracy: 0.6250
1/1 [==============================] - 0s 3ms/step - loss: 4.0072 - accuracy: 0.6250
Epoch 22/25

1/1 [==============================] - ETA: 0s - loss: 3.9752 - accuracy: 0.6250
1/1 [==============================] - 0s 3ms/step - loss: 3.9752 - accuracy: 0.6250
Epoch 23/25

1/1 [==============================] - ETA: 0s - loss: 3.9433 - accuracy: 0.6250
1/1 [==============================] - 0s 2ms/step - loss: 3.9433 - accuracy: 0.6250
Epoch 24/25

1/1 [==============================] - ETA: 0s - loss: 3.9115 - accuracy: 0.6250
1/1 [==============================] - 0s 3ms/step - loss: 3.9115 - accuracy: 0.6250
Epoch 25/25

1/1 [==============================] - ETA: 0s - loss: 3.8798 - accuracy: 0.6250
1/1 [==============================] - 0s 3ms/step - loss: 3.8798 - accuracy: 0.6250
# predict: steps=12
# predict: tnodeembed_metrics
# predict: node2vec_metrics
tnodeembed: {'auc': 0.7210348589218738, 'f1_micro': 0.0, 'f1_macro': 0.0} tNodeEmbed_final_loss=3.823194742202759 tNodeEmbed_final_accuracy=0.875 
node2vec: {'auc': 0.5977978758610546, 'f1_micro': 0.0, 'f1_macro': 0.0} node2vec_final_loss=3.879761219024658 node2vec_final_accuracy=0.625 
