# load graph
Processing Static file: filename='CollegeMsg_20040830.csv'
# initialize tNodeEmbed for dataset=COLLEGE_NC, test_size=0.2
# load dataset
# fit
# tNodeEmbed steps_per_epoch=1
Epoch 1/25

1/1 [==============================] - ETA: 0s - loss: 4.7436 - accuracy: 0.0625
1/1 [==============================] - 1s 1s/step - loss: 4.7436 - accuracy: 0.0625
Epoch 2/25

1/1 [==============================] - ETA: 0s - loss: 4.7095 - accuracy: 0.1250
1/1 [==============================] - 0s 5ms/step - loss: 4.7095 - accuracy: 0.1250
Epoch 3/25

1/1 [==============================] - ETA: 0s - loss: 4.6754 - accuracy: 0.1875
1/1 [==============================] - 0s 6ms/step - loss: 4.6754 - accuracy: 0.1875
Epoch 4/25

1/1 [==============================] - ETA: 0s - loss: 4.6411 - accuracy: 0.3750
1/1 [==============================] - 0s 6ms/step - loss: 4.6411 - accuracy: 0.3750
Epoch 5/25

1/1 [==============================] - ETA: 0s - loss: 4.6066 - accuracy: 0.5625
1/1 [==============================] - 0s 5ms/step - loss: 4.6066 - accuracy: 0.5625
Epoch 6/25

1/1 [==============================] - ETA: 0s - loss: 4.5716 - accuracy: 0.7500
1/1 [==============================] - 0s 5ms/step - loss: 4.5716 - accuracy: 0.7500
Epoch 7/25

1/1 [==============================] - ETA: 0s - loss: 4.5360 - accuracy: 0.8750
1/1 [==============================] - 0s 5ms/step - loss: 4.5360 - accuracy: 0.8750
Epoch 8/25

1/1 [==============================] - ETA: 0s - loss: 4.4997 - accuracy: 1.0000
1/1 [==============================] - 0s 5ms/step - loss: 4.4997 - accuracy: 1.0000
Epoch 9/25

1/1 [==============================] - ETA: 0s - loss: 4.4625 - accuracy: 1.0000
1/1 [==============================] - 0s 6ms/step - loss: 4.4625 - accuracy: 1.0000
Epoch 10/25

1/1 [==============================] - ETA: 0s - loss: 4.4243 - accuracy: 1.0000
1/1 [==============================] - 0s 5ms/step - loss: 4.4243 - accuracy: 1.0000
Epoch 11/25

1/1 [==============================] - ETA: 0s - loss: 4.3849 - accuracy: 1.0000
1/1 [==============================] - 0s 6ms/step - loss: 4.3849 - accuracy: 1.0000
Epoch 12/25

1/1 [==============================] - ETA: 0s - loss: 4.3442 - accuracy: 1.0000
1/1 [==============================] - 0s 6ms/step - loss: 4.3442 - accuracy: 1.0000
Epoch 13/25

1/1 [==============================] - ETA: 0s - loss: 4.3021 - accuracy: 1.0000
1/1 [==============================] - 0s 6ms/step - loss: 4.3021 - accuracy: 1.0000
Epoch 14/25

1/1 [==============================] - ETA: 0s - loss: 4.2584 - accuracy: 1.0000
1/1 [==============================] - 0s 6ms/step - loss: 4.2584 - accuracy: 1.0000
Epoch 15/25

1/1 [==============================] - ETA: 0s - loss: 4.2131 - accuracy: 1.0000
1/1 [==============================] - 0s 6ms/step - loss: 4.2131 - accuracy: 1.0000
Epoch 16/25

1/1 [==============================] - ETA: 0s - loss: 4.1661 - accuracy: 1.0000
1/1 [==============================] - 0s 6ms/step - loss: 4.1661 - accuracy: 1.0000
Epoch 17/25

1/1 [==============================] - ETA: 0s - loss: 4.1171 - accuracy: 1.0000
1/1 [==============================] - 0s 6ms/step - loss: 4.1171 - accuracy: 1.0000
Epoch 18/25

1/1 [==============================] - ETA: 0s - loss: 4.0663 - accuracy: 1.0000
1/1 [==============================] - 0s 5ms/step - loss: 4.0663 - accuracy: 1.0000
Epoch 19/25

1/1 [==============================] - ETA: 0s - loss: 4.0134 - accuracy: 1.0000
1/1 [==============================] - 0s 6ms/step - loss: 4.0134 - accuracy: 1.0000
Epoch 20/25

1/1 [==============================] - ETA: 0s - loss: 3.9583 - accuracy: 1.0000
1/1 [==============================] - 0s 6ms/step - loss: 3.9583 - accuracy: 1.0000
Epoch 21/25

1/1 [==============================] - ETA: 0s - loss: 3.9011 - accuracy: 1.0000
1/1 [==============================] - 0s 6ms/step - loss: 3.9011 - accuracy: 1.0000
Epoch 22/25

1/1 [==============================] - ETA: 0s - loss: 3.8417 - accuracy: 1.0000
1/1 [==============================] - 0s 6ms/step - loss: 3.8417 - accuracy: 1.0000
Epoch 23/25

1/1 [==============================] - ETA: 0s - loss: 3.7799 - accuracy: 1.0000
1/1 [==============================] - 0s 6ms/step - loss: 3.7799 - accuracy: 1.0000
Epoch 24/25

1/1 [==============================] - ETA: 0s - loss: 3.7159 - accuracy: 1.0000
1/1 [==============================] - 0s 5ms/step - loss: 3.7159 - accuracy: 1.0000
Epoch 25/25

1/1 [==============================] - ETA: 0s - loss: 3.6495 - accuracy: 1.0000
1/1 [==============================] - 0s 6ms/step - loss: 3.6495 - accuracy: 1.0000
# node2vec
Epoch 1/25

1/1 [==============================] - ETA: 0s - loss: 4.8280 - accuracy: 0.0625
1/1 [==============================] - 0s 238ms/step - loss: 4.8280 - accuracy: 0.0625
Epoch 2/25

1/1 [==============================] - ETA: 0s - loss: 4.7888 - accuracy: 0.0625
1/1 [==============================] - 0s 3ms/step - loss: 4.7888 - accuracy: 0.0625
Epoch 3/25

1/1 [==============================] - ETA: 0s - loss: 4.7497 - accuracy: 0.0625
1/1 [==============================] - 0s 4ms/step - loss: 4.7497 - accuracy: 0.0625
Epoch 4/25

1/1 [==============================] - ETA: 0s - loss: 4.7106 - accuracy: 0.0625
1/1 [==============================] - 0s 4ms/step - loss: 4.7106 - accuracy: 0.0625
Epoch 5/25

1/1 [==============================] - ETA: 0s - loss: 4.6715 - accuracy: 0.1250
1/1 [==============================] - 0s 3ms/step - loss: 4.6715 - accuracy: 0.1250
Epoch 6/25

1/1 [==============================] - ETA: 0s - loss: 4.6326 - accuracy: 0.1250
1/1 [==============================] - 0s 3ms/step - loss: 4.6326 - accuracy: 0.1250
Epoch 7/25

1/1 [==============================] - ETA: 0s - loss: 4.5936 - accuracy: 0.1250
1/1 [==============================] - 0s 3ms/step - loss: 4.5936 - accuracy: 0.1250
Epoch 8/25

1/1 [==============================] - ETA: 0s - loss: 4.5548 - accuracy: 0.1875
1/1 [==============================] - 0s 3ms/step - loss: 4.5548 - accuracy: 0.1875
Epoch 9/25

1/1 [==============================] - ETA: 0s - loss: 4.5160 - accuracy: 0.1875
1/1 [==============================] - 0s 3ms/step - loss: 4.5160 - accuracy: 0.1875
Epoch 10/25

1/1 [==============================] - ETA: 0s - loss: 4.4772 - accuracy: 0.1875
1/1 [==============================] - 0s 3ms/step - loss: 4.4772 - accuracy: 0.1875
Epoch 11/25

1/1 [==============================] - ETA: 0s - loss: 4.4386 - accuracy: 0.3125
1/1 [==============================] - 0s 3ms/step - loss: 4.4386 - accuracy: 0.3125
Epoch 12/25

1/1 [==============================] - ETA: 0s - loss: 4.4000 - accuracy: 0.3125
1/1 [==============================] - 0s 4ms/step - loss: 4.4000 - accuracy: 0.3125
Epoch 13/25

1/1 [==============================] - ETA: 0s - loss: 4.3615 - accuracy: 0.3125
1/1 [==============================] - 0s 4ms/step - loss: 4.3615 - accuracy: 0.3125
Epoch 14/25

1/1 [==============================] - ETA: 0s - loss: 4.3231 - accuracy: 0.3125
1/1 [==============================] - 0s 2ms/step - loss: 4.3231 - accuracy: 0.3125
Epoch 15/25

1/1 [==============================] - ETA: 0s - loss: 4.2847 - accuracy: 0.3125
1/1 [==============================] - 0s 3ms/step - loss: 4.2847 - accuracy: 0.3125
Epoch 16/25

1/1 [==============================] - ETA: 0s - loss: 4.2465 - accuracy: 0.3125
1/1 [==============================] - 0s 3ms/step - loss: 4.2465 - accuracy: 0.3125
Epoch 17/25

1/1 [==============================] - ETA: 0s - loss: 4.2083 - accuracy: 0.3125
1/1 [==============================] - 0s 3ms/step - loss: 4.2083 - accuracy: 0.3125
Epoch 18/25

1/1 [==============================] - ETA: 0s - loss: 4.1702 - accuracy: 0.3750
1/1 [==============================] - 0s 4ms/step - loss: 4.1702 - accuracy: 0.3750
Epoch 19/25

1/1 [==============================] - ETA: 0s - loss: 4.1323 - accuracy: 0.3750
1/1 [==============================] - 0s 3ms/step - loss: 4.1323 - accuracy: 0.3750
Epoch 20/25

1/1 [==============================] - ETA: 0s - loss: 4.0944 - accuracy: 0.3750
1/1 [==============================] - 0s 3ms/step - loss: 4.0944 - accuracy: 0.3750
Epoch 21/25

1/1 [==============================] - ETA: 0s - loss: 4.0566 - accuracy: 0.4375
1/1 [==============================] - 0s 3ms/step - loss: 4.0566 - accuracy: 0.4375
Epoch 22/25

1/1 [==============================] - ETA: 0s - loss: 4.0190 - accuracy: 0.5000
1/1 [==============================] - 0s 3ms/step - loss: 4.0190 - accuracy: 0.5000
Epoch 23/25

1/1 [==============================] - ETA: 0s - loss: 3.9814 - accuracy: 0.5000
1/1 [==============================] - 0s 2ms/step - loss: 3.9814 - accuracy: 0.5000
Epoch 24/25

1/1 [==============================] - ETA: 0s - loss: 3.9440 - accuracy: 0.5625
1/1 [==============================] - 0s 3ms/step - loss: 3.9440 - accuracy: 0.5625
Epoch 25/25

1/1 [==============================] - ETA: 0s - loss: 3.9066 - accuracy: 0.5625
1/1 [==============================] - 0s 3ms/step - loss: 3.9066 - accuracy: 0.5625
# predict: steps=12
# predict: tnodeembed_metrics
# predict: node2vec_metrics
tnodeembed: {'auc': 0.6935794437771186, 'f1_micro': 0.0, 'f1_macro': 0.0} tNodeEmbed_final_loss=3.6494696140289307 tNodeEmbed_final_accuracy=1.0 
node2vec: {'auc': 0.6595979702399922, 'f1_micro': 0.0, 'f1_macro': 0.0} node2vec_final_loss=3.906632423400879 node2vec_final_accuracy=0.5625 
