# load graph
Processing Static file: filename='CollegeMsg_20040903.csv'
# initialize tNodeEmbed for dataset=COLLEGE_NC, test_size=0.2
# load dataset
# fit
# tNodeEmbed steps_per_epoch=1
Epoch 1/25

1/1 [==============================] - ETA: 0s - loss: 4.7512 - accuracy: 0.0000e+00
1/1 [==============================] - 1s 1s/step - loss: 4.7512 - accuracy: 0.0000e+00
Epoch 2/25

1/1 [==============================] - ETA: 0s - loss: 4.7166 - accuracy: 0.0625
1/1 [==============================] - 0s 6ms/step - loss: 4.7166 - accuracy: 0.0625
Epoch 3/25

1/1 [==============================] - ETA: 0s - loss: 4.6822 - accuracy: 0.1875
1/1 [==============================] - 0s 5ms/step - loss: 4.6822 - accuracy: 0.1875
Epoch 4/25

1/1 [==============================] - ETA: 0s - loss: 4.6476 - accuracy: 0.3125
1/1 [==============================] - 0s 5ms/step - loss: 4.6476 - accuracy: 0.3125
Epoch 5/25

1/1 [==============================] - ETA: 0s - loss: 4.6128 - accuracy: 0.5000
1/1 [==============================] - 0s 5ms/step - loss: 4.6128 - accuracy: 0.5000
Epoch 6/25

1/1 [==============================] - ETA: 0s - loss: 4.5776 - accuracy: 0.6250
1/1 [==============================] - 0s 5ms/step - loss: 4.5776 - accuracy: 0.6250
Epoch 7/25

1/1 [==============================] - ETA: 0s - loss: 4.5419 - accuracy: 0.7500
1/1 [==============================] - 0s 6ms/step - loss: 4.5419 - accuracy: 0.7500
Epoch 8/25

1/1 [==============================] - ETA: 0s - loss: 4.5055 - accuracy: 0.8125
1/1 [==============================] - 0s 6ms/step - loss: 4.5055 - accuracy: 0.8125
Epoch 9/25

1/1 [==============================] - ETA: 0s - loss: 4.4684 - accuracy: 0.8750
1/1 [==============================] - 0s 7ms/step - loss: 4.4684 - accuracy: 0.8750
Epoch 10/25

1/1 [==============================] - ETA: 0s - loss: 4.4302 - accuracy: 0.8750
1/1 [==============================] - 0s 5ms/step - loss: 4.4302 - accuracy: 0.8750
Epoch 11/25

1/1 [==============================] - ETA: 0s - loss: 4.3910 - accuracy: 0.8750
1/1 [==============================] - 0s 5ms/step - loss: 4.3910 - accuracy: 0.8750
Epoch 12/25

1/1 [==============================] - ETA: 0s - loss: 4.3506 - accuracy: 0.8750
1/1 [==============================] - 0s 5ms/step - loss: 4.3506 - accuracy: 0.8750
Epoch 13/25

1/1 [==============================] - ETA: 0s - loss: 4.3087 - accuracy: 0.8750
1/1 [==============================] - 0s 5ms/step - loss: 4.3087 - accuracy: 0.8750
Epoch 14/25

1/1 [==============================] - ETA: 0s - loss: 4.2654 - accuracy: 0.8750
1/1 [==============================] - 0s 5ms/step - loss: 4.2654 - accuracy: 0.8750
Epoch 15/25

1/1 [==============================] - ETA: 0s - loss: 4.2205 - accuracy: 0.8750
1/1 [==============================] - 0s 4ms/step - loss: 4.2205 - accuracy: 0.8750
Epoch 16/25

1/1 [==============================] - ETA: 0s - loss: 4.1738 - accuracy: 0.8750
1/1 [==============================] - 0s 5ms/step - loss: 4.1738 - accuracy: 0.8750
Epoch 17/25

1/1 [==============================] - ETA: 0s - loss: 4.1253 - accuracy: 0.8750
1/1 [==============================] - 0s 6ms/step - loss: 4.1253 - accuracy: 0.8750
Epoch 18/25

1/1 [==============================] - ETA: 0s - loss: 4.0749 - accuracy: 0.9375
1/1 [==============================] - 0s 4ms/step - loss: 4.0749 - accuracy: 0.9375
Epoch 19/25

1/1 [==============================] - ETA: 0s - loss: 4.0225 - accuracy: 0.9375
1/1 [==============================] - 0s 5ms/step - loss: 4.0225 - accuracy: 0.9375
Epoch 20/25

1/1 [==============================] - ETA: 0s - loss: 3.9679 - accuracy: 0.9375
1/1 [==============================] - 0s 5ms/step - loss: 3.9679 - accuracy: 0.9375
Epoch 21/25

1/1 [==============================] - ETA: 0s - loss: 3.9112 - accuracy: 0.9375
1/1 [==============================] - 0s 5ms/step - loss: 3.9112 - accuracy: 0.9375
Epoch 22/25

1/1 [==============================] - ETA: 0s - loss: 3.8522 - accuracy: 0.9375
1/1 [==============================] - 0s 5ms/step - loss: 3.8522 - accuracy: 0.9375
Epoch 23/25

1/1 [==============================] - ETA: 0s - loss: 3.7909 - accuracy: 0.9375
1/1 [==============================] - 0s 6ms/step - loss: 3.7909 - accuracy: 0.9375
Epoch 24/25

1/1 [==============================] - ETA: 0s - loss: 3.7272 - accuracy: 0.9375
1/1 [==============================] - 0s 5ms/step - loss: 3.7272 - accuracy: 0.9375
Epoch 25/25

1/1 [==============================] - ETA: 0s - loss: 3.6612 - accuracy: 0.9375
1/1 [==============================] - 0s 8ms/step - loss: 3.6612 - accuracy: 0.9375
# node2vec
Epoch 1/25

1/1 [==============================] - ETA: 0s - loss: 4.7555 - accuracy: 0.0000e+00
1/1 [==============================] - 0s 183ms/step - loss: 4.7555 - accuracy: 0.0000e+00
Epoch 2/25

1/1 [==============================] - ETA: 0s - loss: 4.7171 - accuracy: 0.0000e+00
1/1 [==============================] - 0s 2ms/step - loss: 4.7171 - accuracy: 0.0000e+00
Epoch 3/25

1/1 [==============================] - ETA: 0s - loss: 4.6787 - accuracy: 0.0000e+00
1/1 [==============================] - 0s 5ms/step - loss: 4.6787 - accuracy: 0.0000e+00
Epoch 4/25

1/1 [==============================] - ETA: 0s - loss: 4.6404 - accuracy: 0.0000e+00
1/1 [==============================] - 0s 3ms/step - loss: 4.6404 - accuracy: 0.0000e+00
Epoch 5/25

1/1 [==============================] - ETA: 0s - loss: 4.6021 - accuracy: 0.0625
1/1 [==============================] - 0s 2ms/step - loss: 4.6021 - accuracy: 0.0625
Epoch 6/25

1/1 [==============================] - ETA: 0s - loss: 4.5639 - accuracy: 0.0625
1/1 [==============================] - 0s 2ms/step - loss: 4.5639 - accuracy: 0.0625
Epoch 7/25

1/1 [==============================] - ETA: 0s - loss: 4.5258 - accuracy: 0.1250
1/1 [==============================] - 0s 3ms/step - loss: 4.5258 - accuracy: 0.1250
Epoch 8/25

1/1 [==============================] - ETA: 0s - loss: 4.4877 - accuracy: 0.1250
1/1 [==============================] - 0s 2ms/step - loss: 4.4877 - accuracy: 0.1250
Epoch 9/25

1/1 [==============================] - ETA: 0s - loss: 4.4497 - accuracy: 0.1250
1/1 [==============================] - 0s 3ms/step - loss: 4.4497 - accuracy: 0.1250
Epoch 10/25

1/1 [==============================] - ETA: 0s - loss: 4.4117 - accuracy: 0.1250
1/1 [==============================] - 0s 2ms/step - loss: 4.4117 - accuracy: 0.1250
Epoch 11/25

1/1 [==============================] - ETA: 0s - loss: 4.3738 - accuracy: 0.1250
1/1 [==============================] - 0s 2ms/step - loss: 4.3738 - accuracy: 0.1250
Epoch 12/25

1/1 [==============================] - ETA: 0s - loss: 4.3360 - accuracy: 0.1875
1/1 [==============================] - 0s 3ms/step - loss: 4.3360 - accuracy: 0.1875
Epoch 13/25

1/1 [==============================] - ETA: 0s - loss: 4.2983 - accuracy: 0.1875
1/1 [==============================] - 0s 3ms/step - loss: 4.2983 - accuracy: 0.1875
Epoch 14/25

1/1 [==============================] - ETA: 0s - loss: 4.2606 - accuracy: 0.1875
1/1 [==============================] - 0s 2ms/step - loss: 4.2606 - accuracy: 0.1875
Epoch 15/25

1/1 [==============================] - ETA: 0s - loss: 4.2231 - accuracy: 0.1875
1/1 [==============================] - 0s 3ms/step - loss: 4.2231 - accuracy: 0.1875
Epoch 16/25

1/1 [==============================] - ETA: 0s - loss: 4.1856 - accuracy: 0.1875
1/1 [==============================] - 0s 2ms/step - loss: 4.1856 - accuracy: 0.1875
Epoch 17/25

1/1 [==============================] - ETA: 0s - loss: 4.1482 - accuracy: 0.1875
1/1 [==============================] - 0s 3ms/step - loss: 4.1482 - accuracy: 0.1875
Epoch 18/25

1/1 [==============================] - ETA: 0s - loss: 4.1109 - accuracy: 0.2500
1/1 [==============================] - 0s 3ms/step - loss: 4.1109 - accuracy: 0.2500
Epoch 19/25

1/1 [==============================] - ETA: 0s - loss: 4.0736 - accuracy: 0.3750
1/1 [==============================] - 0s 2ms/step - loss: 4.0736 - accuracy: 0.3750
Epoch 20/25

1/1 [==============================] - ETA: 0s - loss: 4.0365 - accuracy: 0.3750
1/1 [==============================] - 0s 2ms/step - loss: 4.0365 - accuracy: 0.3750
Epoch 21/25

1/1 [==============================] - ETA: 0s - loss: 3.9995 - accuracy: 0.3750
1/1 [==============================] - 0s 3ms/step - loss: 3.9995 - accuracy: 0.3750
Epoch 22/25

1/1 [==============================] - ETA: 0s - loss: 3.9625 - accuracy: 0.4375
1/1 [==============================] - 0s 2ms/step - loss: 3.9625 - accuracy: 0.4375
Epoch 23/25

1/1 [==============================] - ETA: 0s - loss: 3.9257 - accuracy: 0.4375
1/1 [==============================] - 0s 3ms/step - loss: 3.9257 - accuracy: 0.4375
Epoch 24/25

1/1 [==============================] - ETA: 0s - loss: 3.8890 - accuracy: 0.5000
1/1 [==============================] - 0s 2ms/step - loss: 3.8890 - accuracy: 0.5000
Epoch 25/25

1/1 [==============================] - ETA: 0s - loss: 3.8524 - accuracy: 0.5000
1/1 [==============================] - 0s 4ms/step - loss: 3.8524 - accuracy: 0.5000
# predict: steps=12
# predict: tnodeembed_metrics
# predict: node2vec_metrics
tnodeembed: {'auc': 0.7008945468585297, 'f1_micro': 0.0, 'f1_macro': 0.0} tNodeEmbed_final_loss=3.661175489425659 tNodeEmbed_final_accuracy=0.9375 
node2vec: {'auc': 0.6344924067854779, 'f1_micro': 0.0, 'f1_macro': 0.0} node2vec_final_loss=3.852384090423584 node2vec_final_accuracy=0.5 
