# load graph
Processing Static file: filename='CollegeMsg_20040609.csv'
# initialize tNodeEmbed for dataset=COLLEGE_NC, test_size=0.2
# load dataset
# fit
# tNodeEmbed steps_per_epoch=1
Epoch 1/25

1/1 [==============================] - ETA: 0s - loss: 4.7345 - accuracy: 0.0625
1/1 [==============================] - 1s 1s/step - loss: 4.7345 - accuracy: 0.0625
Epoch 2/25

1/1 [==============================] - ETA: 0s - loss: 4.7024 - accuracy: 0.0000e+00
1/1 [==============================] - 0s 4ms/step - loss: 4.7024 - accuracy: 0.0000e+00
Epoch 3/25

1/1 [==============================] - ETA: 0s - loss: 4.6703 - accuracy: 0.2500
1/1 [==============================] - 0s 5ms/step - loss: 4.6703 - accuracy: 0.2500
Epoch 4/25

1/1 [==============================] - ETA: 0s - loss: 4.6381 - accuracy: 0.4375
1/1 [==============================] - 0s 4ms/step - loss: 4.6381 - accuracy: 0.4375
Epoch 5/25

1/1 [==============================] - ETA: 0s - loss: 4.6056 - accuracy: 0.4375
1/1 [==============================] - 0s 4ms/step - loss: 4.6056 - accuracy: 0.4375
Epoch 6/25

1/1 [==============================] - ETA: 0s - loss: 4.5728 - accuracy: 0.6875
1/1 [==============================] - 0s 4ms/step - loss: 4.5728 - accuracy: 0.6875
Epoch 7/25

1/1 [==============================] - ETA: 0s - loss: 4.5394 - accuracy: 0.8125
1/1 [==============================] - 0s 3ms/step - loss: 4.5394 - accuracy: 0.8125
Epoch 8/25

1/1 [==============================] - ETA: 0s - loss: 4.5054 - accuracy: 0.8750
1/1 [==============================] - 0s 3ms/step - loss: 4.5054 - accuracy: 0.8750
Epoch 9/25

1/1 [==============================] - ETA: 0s - loss: 4.4706 - accuracy: 0.8750
1/1 [==============================] - 0s 4ms/step - loss: 4.4706 - accuracy: 0.8750
Epoch 10/25

1/1 [==============================] - ETA: 0s - loss: 4.4349 - accuracy: 0.8750
1/1 [==============================] - 0s 4ms/step - loss: 4.4349 - accuracy: 0.8750
Epoch 11/25

1/1 [==============================] - ETA: 0s - loss: 4.3980 - accuracy: 0.8750
1/1 [==============================] - 0s 3ms/step - loss: 4.3980 - accuracy: 0.8750
Epoch 12/25

1/1 [==============================] - ETA: 0s - loss: 4.3600 - accuracy: 0.8750
1/1 [==============================] - 0s 5ms/step - loss: 4.3600 - accuracy: 0.8750
Epoch 13/25

1/1 [==============================] - ETA: 0s - loss: 4.3206 - accuracy: 0.8750
1/1 [==============================] - 0s 4ms/step - loss: 4.3206 - accuracy: 0.8750
Epoch 14/25

1/1 [==============================] - ETA: 0s - loss: 4.2798 - accuracy: 0.8750
1/1 [==============================] - 0s 4ms/step - loss: 4.2798 - accuracy: 0.8750
Epoch 15/25

1/1 [==============================] - ETA: 0s - loss: 4.2374 - accuracy: 0.8750
1/1 [==============================] - 0s 3ms/step - loss: 4.2374 - accuracy: 0.8750
Epoch 16/25

1/1 [==============================] - ETA: 0s - loss: 4.1934 - accuracy: 0.8750
1/1 [==============================] - 0s 361ms/step - loss: 4.1934 - accuracy: 0.8750
Epoch 17/25

1/1 [==============================] - ETA: 0s - loss: 4.1476 - accuracy: 0.8750
1/1 [==============================] - 0s 3ms/step - loss: 4.1476 - accuracy: 0.8750
Epoch 18/25

1/1 [==============================] - ETA: 0s - loss: 4.1000 - accuracy: 0.8750
1/1 [==============================] - 0s 4ms/step - loss: 4.1000 - accuracy: 0.8750
Epoch 19/25

1/1 [==============================] - ETA: 0s - loss: 4.0504 - accuracy: 0.8750
1/1 [==============================] - 0s 4ms/step - loss: 4.0504 - accuracy: 0.8750
Epoch 20/25

1/1 [==============================] - ETA: 0s - loss: 3.9989 - accuracy: 0.8750
1/1 [==============================] - 0s 4ms/step - loss: 3.9989 - accuracy: 0.8750
Epoch 21/25

1/1 [==============================] - ETA: 0s - loss: 3.9454 - accuracy: 0.8750
1/1 [==============================] - 0s 4ms/step - loss: 3.9454 - accuracy: 0.8750
Epoch 22/25

1/1 [==============================] - ETA: 0s - loss: 3.8897 - accuracy: 0.8750
1/1 [==============================] - 0s 3ms/step - loss: 3.8897 - accuracy: 0.8750
Epoch 23/25

1/1 [==============================] - ETA: 0s - loss: 3.8318 - accuracy: 0.8750
1/1 [==============================] - 0s 4ms/step - loss: 3.8318 - accuracy: 0.8750
Epoch 24/25

1/1 [==============================] - ETA: 0s - loss: 3.7718 - accuracy: 0.8750
1/1 [==============================] - 0s 3ms/step - loss: 3.7718 - accuracy: 0.8750
Epoch 25/25

1/1 [==============================] - ETA: 0s - loss: 3.7095 - accuracy: 0.8750
1/1 [==============================] - 0s 3ms/step - loss: 3.7095 - accuracy: 0.8750
# node2vec
Epoch 1/25

1/1 [==============================] - ETA: 0s - loss: 4.8182 - accuracy: 0.0625
1/1 [==============================] - 0s 201ms/step - loss: 4.8182 - accuracy: 0.0625
Epoch 2/25

1/1 [==============================] - ETA: 0s - loss: 4.7841 - accuracy: 0.0625
1/1 [==============================] - 0s 3ms/step - loss: 4.7841 - accuracy: 0.0625
Epoch 3/25

1/1 [==============================] - ETA: 0s - loss: 4.7501 - accuracy: 0.0625
1/1 [==============================] - 0s 3ms/step - loss: 4.7501 - accuracy: 0.0625
Epoch 4/25

1/1 [==============================] - ETA: 0s - loss: 4.7161 - accuracy: 0.0000e+00
1/1 [==============================] - 0s 4ms/step - loss: 4.7161 - accuracy: 0.0000e+00
Epoch 5/25

1/1 [==============================] - ETA: 0s - loss: 4.6822 - accuracy: 0.0000e+00
1/1 [==============================] - 0s 2ms/step - loss: 4.6822 - accuracy: 0.0000e+00
Epoch 6/25

1/1 [==============================] - ETA: 0s - loss: 4.6483 - accuracy: 0.0000e+00
1/1 [==============================] - 0s 3ms/step - loss: 4.6483 - accuracy: 0.0000e+00
Epoch 7/25

1/1 [==============================] - ETA: 0s - loss: 4.6144 - accuracy: 0.0000e+00
1/1 [==============================] - 0s 3ms/step - loss: 4.6144 - accuracy: 0.0000e+00
Epoch 8/25

1/1 [==============================] - ETA: 0s - loss: 4.5806 - accuracy: 0.0000e+00
1/1 [==============================] - 0s 3ms/step - loss: 4.5806 - accuracy: 0.0000e+00
Epoch 9/25

1/1 [==============================] - ETA: 0s - loss: 4.5468 - accuracy: 0.0000e+00
1/1 [==============================] - 0s 6ms/step - loss: 4.5468 - accuracy: 0.0000e+00
Epoch 10/25

1/1 [==============================] - ETA: 0s - loss: 4.5131 - accuracy: 0.0000e+00
1/1 [==============================] - 0s 5ms/step - loss: 4.5131 - accuracy: 0.0000e+00
Epoch 11/25

1/1 [==============================] - ETA: 0s - loss: 4.4794 - accuracy: 0.0625
1/1 [==============================] - 0s 4ms/step - loss: 4.4794 - accuracy: 0.0625
Epoch 12/25

1/1 [==============================] - ETA: 0s - loss: 4.4458 - accuracy: 0.0625
1/1 [==============================] - 0s 5ms/step - loss: 4.4458 - accuracy: 0.0625
Epoch 13/25

1/1 [==============================] - ETA: 0s - loss: 4.4122 - accuracy: 0.0625
1/1 [==============================] - 0s 3ms/step - loss: 4.4122 - accuracy: 0.0625
Epoch 14/25

1/1 [==============================] - ETA: 0s - loss: 4.3787 - accuracy: 0.1250
1/1 [==============================] - 0s 3ms/step - loss: 4.3787 - accuracy: 0.1250
Epoch 15/25

1/1 [==============================] - ETA: 0s - loss: 4.3452 - accuracy: 0.1250
1/1 [==============================] - 0s 3ms/step - loss: 4.3452 - accuracy: 0.1250
Epoch 16/25

1/1 [==============================] - ETA: 0s - loss: 4.3118 - accuracy: 0.1250
1/1 [==============================] - 0s 3ms/step - loss: 4.3118 - accuracy: 0.1250
Epoch 17/25

1/1 [==============================] - ETA: 0s - loss: 4.2784 - accuracy: 0.1875
1/1 [==============================] - 0s 3ms/step - loss: 4.2784 - accuracy: 0.1875
Epoch 18/25

1/1 [==============================] - ETA: 0s - loss: 4.2451 - accuracy: 0.1875
1/1 [==============================] - 0s 3ms/step - loss: 4.2451 - accuracy: 0.1875
Epoch 19/25

1/1 [==============================] - ETA: 0s - loss: 4.2119 - accuracy: 0.2500
1/1 [==============================] - 0s 4ms/step - loss: 4.2119 - accuracy: 0.2500
Epoch 20/25

1/1 [==============================] - ETA: 0s - loss: 4.1788 - accuracy: 0.2500
1/1 [==============================] - 0s 4ms/step - loss: 4.1788 - accuracy: 0.2500
Epoch 21/25

1/1 [==============================] - ETA: 0s - loss: 4.1457 - accuracy: 0.3125
1/1 [==============================] - 0s 3ms/step - loss: 4.1457 - accuracy: 0.3125
Epoch 22/25

1/1 [==============================] - ETA: 0s - loss: 4.1126 - accuracy: 0.3125
1/1 [==============================] - 0s 3ms/step - loss: 4.1126 - accuracy: 0.3125
Epoch 23/25

1/1 [==============================] - ETA: 0s - loss: 4.0797 - accuracy: 0.3125
1/1 [==============================] - 0s 2ms/step - loss: 4.0797 - accuracy: 0.3125
Epoch 24/25

1/1 [==============================] - ETA: 0s - loss: 4.0468 - accuracy: 0.3750
1/1 [==============================] - 0s 3ms/step - loss: 4.0468 - accuracy: 0.3750
Epoch 25/25

1/1 [==============================] - ETA: 0s - loss: 4.0140 - accuracy: 0.3750
1/1 [==============================] - 0s 3ms/step - loss: 4.0140 - accuracy: 0.3750
# predict: steps=12
# predict: tnodeembed_metrics
# predict: node2vec_metrics
tnodeembed: {'auc': 0.7539220883484912, 'f1_micro': 0.0, 'f1_macro': 0.0} tNodeEmbed_final_loss=3.7094507217407227 tNodeEmbed_final_accuracy=0.875 
node2vec: {'auc': 0.6610666045645086, 'f1_micro': 0.0, 'f1_macro': 0.0} node2vec_final_loss=4.014010429382324 node2vec_final_accuracy=0.375 
