# load graph
Processing Static file: filename='CollegeMsg_20040919.csv'
# initialize tNodeEmbed for dataset=COLLEGE_NC, test_size=0.2
# load dataset
# fit
# tNodeEmbed steps_per_epoch=1
Epoch 1/25

1/1 [==============================] - ETA: 0s - loss: 4.7662 - accuracy: 0.0000e+00
1/1 [==============================] - 1s 1s/step - loss: 4.7662 - accuracy: 0.0000e+00
Epoch 2/25

1/1 [==============================] - ETA: 0s - loss: 4.7345 - accuracy: 0.0000e+00
1/1 [==============================] - 0s 7ms/step - loss: 4.7345 - accuracy: 0.0000e+00
Epoch 3/25

1/1 [==============================] - ETA: 0s - loss: 4.7029 - accuracy: 0.0625
1/1 [==============================] - 0s 7ms/step - loss: 4.7029 - accuracy: 0.0625
Epoch 4/25

1/1 [==============================] - ETA: 0s - loss: 4.6713 - accuracy: 0.2500
1/1 [==============================] - 0s 7ms/step - loss: 4.6713 - accuracy: 0.2500
Epoch 5/25

1/1 [==============================] - ETA: 0s - loss: 4.6397 - accuracy: 0.3125
1/1 [==============================] - 0s 6ms/step - loss: 4.6397 - accuracy: 0.3125
Epoch 6/25

1/1 [==============================] - ETA: 0s - loss: 4.6079 - accuracy: 0.5000
1/1 [==============================] - 0s 7ms/step - loss: 4.6079 - accuracy: 0.5000
Epoch 7/25

1/1 [==============================] - ETA: 0s - loss: 4.5757 - accuracy: 0.6875
1/1 [==============================] - 0s 6ms/step - loss: 4.5757 - accuracy: 0.6875
Epoch 8/25

1/1 [==============================] - ETA: 0s - loss: 4.5430 - accuracy: 0.8125
1/1 [==============================] - 0s 6ms/step - loss: 4.5430 - accuracy: 0.8125
Epoch 9/25

1/1 [==============================] - ETA: 0s - loss: 4.5097 - accuracy: 0.8125
1/1 [==============================] - 0s 7ms/step - loss: 4.5097 - accuracy: 0.8125
Epoch 10/25

1/1 [==============================] - ETA: 0s - loss: 4.4757 - accuracy: 0.9375
1/1 [==============================] - 0s 8ms/step - loss: 4.4757 - accuracy: 0.9375
Epoch 11/25

1/1 [==============================] - ETA: 0s - loss: 4.4407 - accuracy: 1.0000
1/1 [==============================] - 0s 7ms/step - loss: 4.4407 - accuracy: 1.0000
Epoch 12/25

1/1 [==============================] - ETA: 0s - loss: 4.4047 - accuracy: 1.0000
1/1 [==============================] - 0s 7ms/step - loss: 4.4047 - accuracy: 1.0000
Epoch 13/25

1/1 [==============================] - ETA: 0s - loss: 4.3676 - accuracy: 1.0000
1/1 [==============================] - 0s 6ms/step - loss: 4.3676 - accuracy: 1.0000
Epoch 14/25

1/1 [==============================] - ETA: 0s - loss: 4.3291 - accuracy: 1.0000
1/1 [==============================] - 0s 6ms/step - loss: 4.3291 - accuracy: 1.0000
Epoch 15/25

1/1 [==============================] - ETA: 0s - loss: 4.2893 - accuracy: 1.0000
1/1 [==============================] - 0s 6ms/step - loss: 4.2893 - accuracy: 1.0000
Epoch 16/25

1/1 [==============================] - ETA: 0s - loss: 4.2480 - accuracy: 1.0000
1/1 [==============================] - 0s 6ms/step - loss: 4.2480 - accuracy: 1.0000
Epoch 17/25

1/1 [==============================] - ETA: 0s - loss: 4.2051 - accuracy: 1.0000
1/1 [==============================] - 0s 7ms/step - loss: 4.2051 - accuracy: 1.0000
Epoch 18/25

1/1 [==============================] - ETA: 0s - loss: 4.1604 - accuracy: 1.0000
1/1 [==============================] - 0s 6ms/step - loss: 4.1604 - accuracy: 1.0000
Epoch 19/25

1/1 [==============================] - ETA: 0s - loss: 4.1140 - accuracy: 1.0000
1/1 [==============================] - 0s 6ms/step - loss: 4.1140 - accuracy: 1.0000
Epoch 20/25

1/1 [==============================] - ETA: 0s - loss: 4.0657 - accuracy: 1.0000
1/1 [==============================] - 0s 7ms/step - loss: 4.0657 - accuracy: 1.0000
Epoch 21/25

1/1 [==============================] - ETA: 0s - loss: 4.0155 - accuracy: 1.0000
1/1 [==============================] - 0s 7ms/step - loss: 4.0155 - accuracy: 1.0000
Epoch 22/25

1/1 [==============================] - ETA: 0s - loss: 3.9632 - accuracy: 1.0000
1/1 [==============================] - 0s 7ms/step - loss: 3.9632 - accuracy: 1.0000
Epoch 23/25

1/1 [==============================] - ETA: 0s - loss: 3.9088 - accuracy: 1.0000
1/1 [==============================] - 0s 6ms/step - loss: 3.9088 - accuracy: 1.0000
Epoch 24/25

1/1 [==============================] - ETA: 0s - loss: 3.8522 - accuracy: 1.0000
1/1 [==============================] - 0s 6ms/step - loss: 3.8522 - accuracy: 1.0000
Epoch 25/25

1/1 [==============================] - ETA: 0s - loss: 3.7935 - accuracy: 1.0000
1/1 [==============================] - 0s 6ms/step - loss: 3.7935 - accuracy: 1.0000
# node2vec
Epoch 1/25

1/1 [==============================] - ETA: 0s - loss: 4.7511 - accuracy: 0.0000e+00
1/1 [==============================] - 0s 315ms/step - loss: 4.7511 - accuracy: 0.0000e+00
Epoch 2/25

1/1 [==============================] - ETA: 0s - loss: 4.7124 - accuracy: 0.0000e+00
1/1 [==============================] - 0s 4ms/step - loss: 4.7124 - accuracy: 0.0000e+00
Epoch 3/25

1/1 [==============================] - ETA: 0s - loss: 4.6738 - accuracy: 0.0000e+00
1/1 [==============================] - 0s 4ms/step - loss: 4.6738 - accuracy: 0.0000e+00
Epoch 4/25

1/1 [==============================] - ETA: 0s - loss: 4.6352 - accuracy: 0.0000e+00
1/1 [==============================] - 0s 3ms/step - loss: 4.6352 - accuracy: 0.0000e+00
Epoch 5/25

1/1 [==============================] - ETA: 0s - loss: 4.5967 - accuracy: 0.0000e+00
1/1 [==============================] - 0s 3ms/step - loss: 4.5967 - accuracy: 0.0000e+00
Epoch 6/25

1/1 [==============================] - ETA: 0s - loss: 4.5583 - accuracy: 0.0000e+00
1/1 [==============================] - 0s 3ms/step - loss: 4.5583 - accuracy: 0.0000e+00
Epoch 7/25

1/1 [==============================] - ETA: 0s - loss: 4.5199 - accuracy: 0.0000e+00
1/1 [==============================] - 0s 3ms/step - loss: 4.5199 - accuracy: 0.0000e+00
Epoch 8/25

1/1 [==============================] - ETA: 0s - loss: 4.4815 - accuracy: 0.0000e+00
1/1 [==============================] - 0s 4ms/step - loss: 4.4815 - accuracy: 0.0000e+00
Epoch 9/25

1/1 [==============================] - ETA: 0s - loss: 4.4433 - accuracy: 0.0000e+00
1/1 [==============================] - 0s 4ms/step - loss: 4.4433 - accuracy: 0.0000e+00
Epoch 10/25

1/1 [==============================] - ETA: 0s - loss: 4.4051 - accuracy: 0.0625
1/1 [==============================] - 0s 4ms/step - loss: 4.4051 - accuracy: 0.0625
Epoch 11/25

1/1 [==============================] - ETA: 0s - loss: 4.3670 - accuracy: 0.0625
1/1 [==============================] - 0s 3ms/step - loss: 4.3670 - accuracy: 0.0625
Epoch 12/25

1/1 [==============================] - ETA: 0s - loss: 4.3289 - accuracy: 0.1250
1/1 [==============================] - 0s 3ms/step - loss: 4.3289 - accuracy: 0.1250
Epoch 13/25

1/1 [==============================] - ETA: 0s - loss: 4.2909 - accuracy: 0.1250
1/1 [==============================] - 0s 3ms/step - loss: 4.2909 - accuracy: 0.1250
Epoch 14/25

1/1 [==============================] - ETA: 0s - loss: 4.2531 - accuracy: 0.1875
1/1 [==============================] - 0s 5ms/step - loss: 4.2531 - accuracy: 0.1875
Epoch 15/25

1/1 [==============================] - ETA: 0s - loss: 4.2152 - accuracy: 0.3125
1/1 [==============================] - 0s 4ms/step - loss: 4.2152 - accuracy: 0.3125
Epoch 16/25

1/1 [==============================] - ETA: 0s - loss: 4.1775 - accuracy: 0.3125
1/1 [==============================] - 0s 6ms/step - loss: 4.1775 - accuracy: 0.3125
Epoch 17/25

1/1 [==============================] - ETA: 0s - loss: 4.1399 - accuracy: 0.3125
1/1 [==============================] - 0s 5ms/step - loss: 4.1399 - accuracy: 0.3125
Epoch 18/25

1/1 [==============================] - ETA: 0s - loss: 4.1023 - accuracy: 0.5625
1/1 [==============================] - 0s 4ms/step - loss: 4.1023 - accuracy: 0.5625
Epoch 19/25

1/1 [==============================] - ETA: 0s - loss: 4.0648 - accuracy: 0.5625
1/1 [==============================] - 0s 4ms/step - loss: 4.0648 - accuracy: 0.5625
Epoch 20/25

1/1 [==============================] - ETA: 0s - loss: 4.0275 - accuracy: 0.5625
1/1 [==============================] - 0s 3ms/step - loss: 4.0275 - accuracy: 0.5625
Epoch 21/25

1/1 [==============================] - ETA: 0s - loss: 3.9902 - accuracy: 0.5625
1/1 [==============================] - 0s 3ms/step - loss: 3.9902 - accuracy: 0.5625
Epoch 22/25

1/1 [==============================] - ETA: 0s - loss: 3.9530 - accuracy: 0.5625
1/1 [==============================] - 0s 3ms/step - loss: 3.9530 - accuracy: 0.5625
Epoch 23/25

1/1 [==============================] - ETA: 0s - loss: 3.9159 - accuracy: 0.6250
1/1 [==============================] - 0s 3ms/step - loss: 3.9159 - accuracy: 0.6250
Epoch 24/25

1/1 [==============================] - ETA: 0s - loss: 3.8790 - accuracy: 0.6250
1/1 [==============================] - 0s 3ms/step - loss: 3.8790 - accuracy: 0.6250
Epoch 25/25

1/1 [==============================] - ETA: 0s - loss: 3.8421 - accuracy: 0.6875
1/1 [==============================] - 0s 3ms/step - loss: 3.8421 - accuracy: 0.6875
# predict: steps=12
# predict: tnodeembed_metrics
# predict: node2vec_metrics
tnodeembed: {'auc': 0.754895110680754, 'f1_micro': 0.0, 'f1_macro': 0.0} tNodeEmbed_final_loss=3.7934722900390625 tNodeEmbed_final_accuracy=1.0 
node2vec: {'auc': 0.6986443752604614, 'f1_micro': 0.0, 'f1_macro': 0.0} node2vec_final_loss=3.842111587524414 node2vec_final_accuracy=0.6875 
