# load graph
Processing Static file: filename='CollegeMsg_20040419.csv'
# initialize tNodeEmbed for dataset=COLLEGE_NC, test_size=0.2
# load dataset
# fit
# tNodeEmbed steps_per_epoch=1
Epoch 1/25

1/1 [==============================] - ETA: 0s - loss: 4.7362 - accuracy: 0.1875
1/1 [==============================] - 1s 961ms/step - loss: 4.7362 - accuracy: 0.1875
Epoch 2/25

1/1 [==============================] - ETA: 0s - loss: 4.7337 - accuracy: 0.1250
1/1 [==============================] - 0s 3ms/step - loss: 4.7337 - accuracy: 0.1250
Epoch 3/25

1/1 [==============================] - ETA: 0s - loss: 4.7312 - accuracy: 0.1250
1/1 [==============================] - 0s 4ms/step - loss: 4.7312 - accuracy: 0.1250
Epoch 4/25

1/1 [==============================] - ETA: 0s - loss: 4.7285 - accuracy: 0.1250
1/1 [==============================] - 0s 4ms/step - loss: 4.7285 - accuracy: 0.1250
Epoch 5/25

1/1 [==============================] - ETA: 0s - loss: 4.7258 - accuracy: 0.1250
1/1 [==============================] - 0s 4ms/step - loss: 4.7258 - accuracy: 0.1250
Epoch 6/25

1/1 [==============================] - ETA: 0s - loss: 4.7230 - accuracy: 0.1250
1/1 [==============================] - 0s 5ms/step - loss: 4.7230 - accuracy: 0.1250
Epoch 7/25

1/1 [==============================] - ETA: 0s - loss: 4.7200 - accuracy: 0.1250
1/1 [==============================] - 0s 6ms/step - loss: 4.7200 - accuracy: 0.1250
Epoch 8/25

1/1 [==============================] - ETA: 0s - loss: 4.7170 - accuracy: 0.1250
1/1 [==============================] - 0s 4ms/step - loss: 4.7170 - accuracy: 0.1250
Epoch 9/25

1/1 [==============================] - ETA: 0s - loss: 4.7138 - accuracy: 0.1250
1/1 [==============================] - 0s 4ms/step - loss: 4.7138 - accuracy: 0.1250
Epoch 10/25

1/1 [==============================] - ETA: 0s - loss: 4.7105 - accuracy: 0.1250
1/1 [==============================] - 0s 5ms/step - loss: 4.7105 - accuracy: 0.1250
Epoch 11/25

1/1 [==============================] - ETA: 0s - loss: 4.7070 - accuracy: 0.1250
1/1 [==============================] - 0s 5ms/step - loss: 4.7070 - accuracy: 0.1250
Epoch 12/25

1/1 [==============================] - ETA: 0s - loss: 4.7034 - accuracy: 0.1250
1/1 [==============================] - 0s 4ms/step - loss: 4.7034 - accuracy: 0.1250
Epoch 13/25

1/1 [==============================] - ETA: 0s - loss: 4.6997 - accuracy: 0.1250
1/1 [==============================] - 0s 3ms/step - loss: 4.6997 - accuracy: 0.1250
Epoch 14/25

1/1 [==============================] - ETA: 0s - loss: 4.6958 - accuracy: 0.1250
1/1 [==============================] - 0s 5ms/step - loss: 4.6958 - accuracy: 0.1250
Epoch 15/25

1/1 [==============================] - ETA: 0s - loss: 4.6918 - accuracy: 0.1250
1/1 [==============================] - 0s 5ms/step - loss: 4.6918 - accuracy: 0.1250
Epoch 16/25

1/1 [==============================] - ETA: 0s - loss: 4.6876 - accuracy: 0.1250
1/1 [==============================] - 0s 3ms/step - loss: 4.6876 - accuracy: 0.1250
Epoch 17/25

1/1 [==============================] - ETA: 0s - loss: 4.6833 - accuracy: 0.1250
1/1 [==============================] - 0s 5ms/step - loss: 4.6833 - accuracy: 0.1250
Epoch 18/25

1/1 [==============================] - ETA: 0s - loss: 4.6788 - accuracy: 0.1250
1/1 [==============================] - 0s 6ms/step - loss: 4.6788 - accuracy: 0.1250
Epoch 19/25

1/1 [==============================] - ETA: 0s - loss: 4.6741 - accuracy: 0.1250
1/1 [==============================] - 0s 5ms/step - loss: 4.6741 - accuracy: 0.1250
Epoch 20/25

1/1 [==============================] - ETA: 0s - loss: 4.6692 - accuracy: 0.1250
1/1 [==============================] - 0s 5ms/step - loss: 4.6692 - accuracy: 0.1250
Epoch 21/25

1/1 [==============================] - ETA: 0s - loss: 4.6642 - accuracy: 0.1250
1/1 [==============================] - 0s 4ms/step - loss: 4.6642 - accuracy: 0.1250
Epoch 22/25

1/1 [==============================] - ETA: 0s - loss: 4.6589 - accuracy: 0.1250
1/1 [==============================] - 0s 4ms/step - loss: 4.6589 - accuracy: 0.1250
Epoch 23/25

1/1 [==============================] - ETA: 0s - loss: 4.6535 - accuracy: 0.1250
1/1 [==============================] - 0s 4ms/step - loss: 4.6535 - accuracy: 0.1250
Epoch 24/25

1/1 [==============================] - ETA: 0s - loss: 4.6479 - accuracy: 0.1250
1/1 [==============================] - 0s 4ms/step - loss: 4.6479 - accuracy: 0.1250
Epoch 25/25

1/1 [==============================] - ETA: 0s - loss: 4.6420 - accuracy: 0.1250
1/1 [==============================] - 0s 3ms/step - loss: 4.6420 - accuracy: 0.1250
# node2vec
Epoch 1/25

1/1 [==============================] - ETA: 0s - loss: 4.7362 - accuracy: 0.1875
1/1 [==============================] - 0s 185ms/step - loss: 4.7362 - accuracy: 0.1875
Epoch 2/25

1/1 [==============================] - ETA: 0s - loss: 4.7344 - accuracy: 0.1875
1/1 [==============================] - 0s 2ms/step - loss: 4.7344 - accuracy: 0.1875
Epoch 3/25

1/1 [==============================] - ETA: 0s - loss: 4.7326 - accuracy: 0.1875
1/1 [==============================] - 0s 2ms/step - loss: 4.7326 - accuracy: 0.1875
Epoch 4/25

1/1 [==============================] - ETA: 0s - loss: 4.7308 - accuracy: 0.1875
1/1 [==============================] - 0s 2ms/step - loss: 4.7308 - accuracy: 0.1875
Epoch 5/25

1/1 [==============================] - ETA: 0s - loss: 4.7290 - accuracy: 0.1875
1/1 [==============================] - 0s 2ms/step - loss: 4.7290 - accuracy: 0.1875
Epoch 6/25

1/1 [==============================] - ETA: 0s - loss: 4.7272 - accuracy: 0.1875
1/1 [==============================] - 0s 4ms/step - loss: 4.7272 - accuracy: 0.1875
Epoch 7/25

1/1 [==============================] - ETA: 0s - loss: 4.7254 - accuracy: 0.1875
1/1 [==============================] - 0s 3ms/step - loss: 4.7254 - accuracy: 0.1875
Epoch 8/25

1/1 [==============================] - ETA: 0s - loss: 4.7236 - accuracy: 0.1875
1/1 [==============================] - 0s 4ms/step - loss: 4.7236 - accuracy: 0.1875
Epoch 9/25

1/1 [==============================] - ETA: 0s - loss: 4.7218 - accuracy: 0.1875
1/1 [==============================] - 0s 4ms/step - loss: 4.7218 - accuracy: 0.1875
Epoch 10/25

1/1 [==============================] - ETA: 0s - loss: 4.7200 - accuracy: 0.1875
1/1 [==============================] - 0s 3ms/step - loss: 4.7200 - accuracy: 0.1875
Epoch 11/25

1/1 [==============================] - ETA: 0s - loss: 4.7181 - accuracy: 0.1875
1/1 [==============================] - 0s 4ms/step - loss: 4.7181 - accuracy: 0.1875
Epoch 12/25

1/1 [==============================] - ETA: 0s - loss: 4.7163 - accuracy: 0.1875
1/1 [==============================] - 0s 3ms/step - loss: 4.7163 - accuracy: 0.1875
Epoch 13/25

1/1 [==============================] - ETA: 0s - loss: 4.7145 - accuracy: 0.1875
1/1 [==============================] - 0s 3ms/step - loss: 4.7145 - accuracy: 0.1875
Epoch 14/25

1/1 [==============================] - ETA: 0s - loss: 4.7127 - accuracy: 0.1875
1/1 [==============================] - 0s 3ms/step - loss: 4.7127 - accuracy: 0.1875
Epoch 15/25

1/1 [==============================] - ETA: 0s - loss: 4.7109 - accuracy: 0.1875
1/1 [==============================] - 0s 3ms/step - loss: 4.7109 - accuracy: 0.1875
Epoch 16/25

1/1 [==============================] - ETA: 0s - loss: 4.7091 - accuracy: 0.1875
1/1 [==============================] - 0s 3ms/step - loss: 4.7091 - accuracy: 0.1875
Epoch 17/25

1/1 [==============================] - ETA: 0s - loss: 4.7073 - accuracy: 0.1875
1/1 [==============================] - 0s 3ms/step - loss: 4.7073 - accuracy: 0.1875
Epoch 18/25

1/1 [==============================] - ETA: 0s - loss: 4.7055 - accuracy: 0.1875
1/1 [==============================] - 0s 4ms/step - loss: 4.7055 - accuracy: 0.1875
Epoch 19/25

1/1 [==============================] - ETA: 0s - loss: 4.7037 - accuracy: 0.1875
1/1 [==============================] - 0s 4ms/step - loss: 4.7037 - accuracy: 0.1875
Epoch 20/25

1/1 [==============================] - ETA: 0s - loss: 4.7019 - accuracy: 0.1875
1/1 [==============================] - 0s 3ms/step - loss: 4.7019 - accuracy: 0.1875
Epoch 21/25

1/1 [==============================] - ETA: 0s - loss: 4.7001 - accuracy: 0.1875
1/1 [==============================] - 0s 3ms/step - loss: 4.7001 - accuracy: 0.1875
Epoch 22/25

1/1 [==============================] - ETA: 0s - loss: 4.6983 - accuracy: 0.1875
1/1 [==============================] - 0s 4ms/step - loss: 4.6983 - accuracy: 0.1875
Epoch 23/25

1/1 [==============================] - ETA: 0s - loss: 4.6965 - accuracy: 0.1875
1/1 [==============================] - 0s 3ms/step - loss: 4.6965 - accuracy: 0.1875
Epoch 24/25

1/1 [==============================] - ETA: 0s - loss: 4.6947 - accuracy: 0.1875
1/1 [==============================] - 0s 3ms/step - loss: 4.6947 - accuracy: 0.1875
Epoch 25/25

1/1 [==============================] - ETA: 0s - loss: 4.6929 - accuracy: 0.1875
1/1 [==============================] - 0s 3ms/step - loss: 4.6929 - accuracy: 0.1875
# predict: steps=12
# predict: tnodeembed_metrics
# predict: node2vec_metrics
tnodeembed: {'auc': 0.6944772387419411, 'f1_micro': 0.0, 'f1_macro': 0.0} tNodeEmbed_final_loss=4.6420369148254395 tNodeEmbed_final_accuracy=0.125 
node2vec: {'auc': 0.7110619469026549, 'f1_micro': 0.0, 'f1_macro': 0.0} node2vec_final_loss=4.692949295043945 node2vec_final_accuracy=0.1875 
