# load graph
Processing Static file: filename='CollegeMsg_20040504.csv'
# initialize tNodeEmbed for dataset=COLLEGE_NC, test_size=0.2
# load dataset
# fit
# tNodeEmbed steps_per_epoch=1
Epoch 1/25

1/1 [==============================] - ETA: 0s - loss: 4.7282 - accuracy: 0.1250
1/1 [==============================] - 1s 946ms/step - loss: 4.7282 - accuracy: 0.1250
Epoch 2/25

1/1 [==============================] - ETA: 0s - loss: 4.7053 - accuracy: 0.1875
1/1 [==============================] - 0s 4ms/step - loss: 4.7053 - accuracy: 0.1875
Epoch 3/25

1/1 [==============================] - ETA: 0s - loss: 4.6822 - accuracy: 0.4375
1/1 [==============================] - 0s 7ms/step - loss: 4.6822 - accuracy: 0.4375
Epoch 4/25

1/1 [==============================] - ETA: 0s - loss: 4.6590 - accuracy: 0.5625
1/1 [==============================] - 0s 8ms/step - loss: 4.6590 - accuracy: 0.5625
Epoch 5/25

1/1 [==============================] - ETA: 0s - loss: 4.6356 - accuracy: 0.6250
1/1 [==============================] - 0s 8ms/step - loss: 4.6356 - accuracy: 0.6250
Epoch 6/25

1/1 [==============================] - ETA: 0s - loss: 4.6117 - accuracy: 0.6250
1/1 [==============================] - 0s 6ms/step - loss: 4.6117 - accuracy: 0.6250
Epoch 7/25

1/1 [==============================] - ETA: 0s - loss: 4.5874 - accuracy: 0.6250
1/1 [==============================] - 0s 5ms/step - loss: 4.5874 - accuracy: 0.6250
Epoch 8/25

1/1 [==============================] - ETA: 0s - loss: 4.5626 - accuracy: 0.6250
1/1 [==============================] - 0s 5ms/step - loss: 4.5626 - accuracy: 0.6250
Epoch 9/25

1/1 [==============================] - ETA: 0s - loss: 4.5371 - accuracy: 0.6250
1/1 [==============================] - 0s 4ms/step - loss: 4.5371 - accuracy: 0.6250
Epoch 10/25

1/1 [==============================] - ETA: 0s - loss: 4.5109 - accuracy: 0.6250
1/1 [==============================] - 0s 4ms/step - loss: 4.5109 - accuracy: 0.6250
Epoch 11/25

1/1 [==============================] - ETA: 0s - loss: 4.4838 - accuracy: 0.6250
1/1 [==============================] - 0s 6ms/step - loss: 4.4838 - accuracy: 0.6250
Epoch 12/25

1/1 [==============================] - ETA: 0s - loss: 4.4558 - accuracy: 0.6250
1/1 [==============================] - 0s 4ms/step - loss: 4.4558 - accuracy: 0.6250
Epoch 13/25

1/1 [==============================] - ETA: 0s - loss: 4.4268 - accuracy: 0.6250
1/1 [==============================] - 0s 3ms/step - loss: 4.4268 - accuracy: 0.6250
Epoch 14/25

1/1 [==============================] - ETA: 0s - loss: 4.3967 - accuracy: 0.6250
1/1 [==============================] - 0s 4ms/step - loss: 4.3967 - accuracy: 0.6250
Epoch 15/25

1/1 [==============================] - ETA: 0s - loss: 4.3655 - accuracy: 0.6250
1/1 [==============================] - 0s 4ms/step - loss: 4.3655 - accuracy: 0.6250
Epoch 16/25

1/1 [==============================] - ETA: 0s - loss: 4.3331 - accuracy: 0.6250
1/1 [==============================] - 0s 3ms/step - loss: 4.3331 - accuracy: 0.6250
Epoch 17/25

1/1 [==============================] - ETA: 0s - loss: 4.2994 - accuracy: 0.6250
1/1 [==============================] - 0s 4ms/step - loss: 4.2994 - accuracy: 0.6250
Epoch 18/25

1/1 [==============================] - ETA: 0s - loss: 4.2644 - accuracy: 0.6250
1/1 [==============================] - 0s 3ms/step - loss: 4.2644 - accuracy: 0.6250
Epoch 19/25

1/1 [==============================] - ETA: 0s - loss: 4.2281 - accuracy: 0.6250
1/1 [==============================] - 0s 4ms/step - loss: 4.2281 - accuracy: 0.6250
Epoch 20/25

1/1 [==============================] - ETA: 0s - loss: 4.1904 - accuracy: 0.6250
1/1 [==============================] - 0s 3ms/step - loss: 4.1904 - accuracy: 0.6250
Epoch 21/25

1/1 [==============================] - ETA: 0s - loss: 4.1514 - accuracy: 0.6250
1/1 [==============================] - 0s 4ms/step - loss: 4.1514 - accuracy: 0.6250
Epoch 22/25

1/1 [==============================] - ETA: 0s - loss: 4.1109 - accuracy: 0.6250
1/1 [==============================] - 0s 4ms/step - loss: 4.1109 - accuracy: 0.6250
Epoch 23/25

1/1 [==============================] - ETA: 0s - loss: 4.0689 - accuracy: 0.6250
1/1 [==============================] - 0s 5ms/step - loss: 4.0689 - accuracy: 0.6250
Epoch 24/25

1/1 [==============================] - ETA: 0s - loss: 4.0256 - accuracy: 0.6250
1/1 [==============================] - 0s 3ms/step - loss: 4.0256 - accuracy: 0.6250
Epoch 25/25

1/1 [==============================] - ETA: 0s - loss: 3.9808 - accuracy: 0.6250
1/1 [==============================] - 0s 4ms/step - loss: 3.9808 - accuracy: 0.6250
# node2vec
Epoch 1/25

1/1 [==============================] - ETA: 0s - loss: 4.7256 - accuracy: 0.1875
1/1 [==============================] - 0s 204ms/step - loss: 4.7256 - accuracy: 0.1875
Epoch 2/25

1/1 [==============================] - ETA: 0s - loss: 4.7027 - accuracy: 0.1875
1/1 [==============================] - 0s 2ms/step - loss: 4.7027 - accuracy: 0.1875
Epoch 3/25

1/1 [==============================] - ETA: 0s - loss: 4.6798 - accuracy: 0.1875
1/1 [==============================] - 0s 2ms/step - loss: 4.6798 - accuracy: 0.1875
Epoch 4/25

1/1 [==============================] - ETA: 0s - loss: 4.6569 - accuracy: 0.1875
1/1 [==============================] - 0s 2ms/step - loss: 4.6569 - accuracy: 0.1875
Epoch 5/25

1/1 [==============================] - ETA: 0s - loss: 4.6340 - accuracy: 0.1875
1/1 [==============================] - 0s 2ms/step - loss: 4.6340 - accuracy: 0.1875
Epoch 6/25

1/1 [==============================] - ETA: 0s - loss: 4.6112 - accuracy: 0.1875
1/1 [==============================] - 0s 2ms/step - loss: 4.6112 - accuracy: 0.1875
Epoch 7/25

1/1 [==============================] - ETA: 0s - loss: 4.5884 - accuracy: 0.1875
1/1 [==============================] - 0s 3ms/step - loss: 4.5884 - accuracy: 0.1875
Epoch 8/25

1/1 [==============================] - ETA: 0s - loss: 4.5656 - accuracy: 0.1875
1/1 [==============================] - 0s 3ms/step - loss: 4.5656 - accuracy: 0.1875
Epoch 9/25

1/1 [==============================] - ETA: 0s - loss: 4.5429 - accuracy: 0.1875
1/1 [==============================] - 0s 2ms/step - loss: 4.5429 - accuracy: 0.1875
Epoch 10/25

1/1 [==============================] - ETA: 0s - loss: 4.5202 - accuracy: 0.1875
1/1 [==============================] - 0s 3ms/step - loss: 4.5202 - accuracy: 0.1875
Epoch 11/25

1/1 [==============================] - ETA: 0s - loss: 4.4975 - accuracy: 0.1875
1/1 [==============================] - 0s 3ms/step - loss: 4.4975 - accuracy: 0.1875
Epoch 12/25

1/1 [==============================] - ETA: 0s - loss: 4.4749 - accuracy: 0.2500
1/1 [==============================] - 0s 4ms/step - loss: 4.4749 - accuracy: 0.2500
Epoch 13/25

1/1 [==============================] - ETA: 0s - loss: 4.4523 - accuracy: 0.2500
1/1 [==============================] - 0s 3ms/step - loss: 4.4523 - accuracy: 0.2500
Epoch 14/25

1/1 [==============================] - ETA: 0s - loss: 4.4298 - accuracy: 0.2500
1/1 [==============================] - 0s 4ms/step - loss: 4.4298 - accuracy: 0.2500
Epoch 15/25

1/1 [==============================] - ETA: 0s - loss: 4.4074 - accuracy: 0.2500
1/1 [==============================] - 0s 3ms/step - loss: 4.4074 - accuracy: 0.2500
Epoch 16/25

1/1 [==============================] - ETA: 0s - loss: 4.3849 - accuracy: 0.2500
1/1 [==============================] - 0s 3ms/step - loss: 4.3849 - accuracy: 0.2500
Epoch 17/25

1/1 [==============================] - ETA: 0s - loss: 4.3626 - accuracy: 0.2500
1/1 [==============================] - 0s 3ms/step - loss: 4.3626 - accuracy: 0.2500
Epoch 18/25

1/1 [==============================] - ETA: 0s - loss: 4.3403 - accuracy: 0.2500
1/1 [==============================] - 0s 3ms/step - loss: 4.3403 - accuracy: 0.2500
Epoch 19/25

1/1 [==============================] - ETA: 0s - loss: 4.3180 - accuracy: 0.3125
1/1 [==============================] - 0s 2ms/step - loss: 4.3180 - accuracy: 0.3125
Epoch 20/25

1/1 [==============================] - ETA: 0s - loss: 4.2958 - accuracy: 0.3750
1/1 [==============================] - 0s 3ms/step - loss: 4.2958 - accuracy: 0.3750
Epoch 21/25

1/1 [==============================] - ETA: 0s - loss: 4.2737 - accuracy: 0.4375
1/1 [==============================] - 0s 3ms/step - loss: 4.2737 - accuracy: 0.4375
Epoch 22/25

1/1 [==============================] - ETA: 0s - loss: 4.2517 - accuracy: 0.4375
1/1 [==============================] - 0s 3ms/step - loss: 4.2517 - accuracy: 0.4375
Epoch 23/25

1/1 [==============================] - ETA: 0s - loss: 4.2297 - accuracy: 0.4375
1/1 [==============================] - 0s 3ms/step - loss: 4.2297 - accuracy: 0.4375
Epoch 24/25

1/1 [==============================] - ETA: 0s - loss: 4.2078 - accuracy: 0.4375
1/1 [==============================] - 0s 3ms/step - loss: 4.2078 - accuracy: 0.4375
Epoch 25/25

1/1 [==============================] - ETA: 0s - loss: 4.1859 - accuracy: 0.4375
1/1 [==============================] - 0s 2ms/step - loss: 4.1859 - accuracy: 0.4375
# predict: steps=12
# predict: tnodeembed_metrics
# predict: node2vec_metrics
tnodeembed: {'auc': 0.6487614909420734, 'f1_micro': 0.0, 'f1_macro': 0.0} tNodeEmbed_final_loss=3.980782985687256 tNodeEmbed_final_accuracy=0.625 
node2vec: {'auc': 0.6464897776579316, 'f1_micro': 0.0, 'f1_macro': 0.0} node2vec_final_loss=4.185911178588867 node2vec_final_accuracy=0.4375 
