# load graph
Processing Static file: filename='CollegeMsg_20041014.csv'
# initialize tNodeEmbed for dataset=COLLEGE_NC, test_size=0.2
# load dataset
# fit
# tNodeEmbed steps_per_epoch=1
Epoch 1/25

1/1 [==============================] - ETA: 0s - loss: 4.7410 - accuracy: 0.0000e+00
1/1 [==============================] - 1s 1s/step - loss: 4.7410 - accuracy: 0.0000e+00
Epoch 2/25

1/1 [==============================] - ETA: 0s - loss: 4.7071 - accuracy: 0.0625
1/1 [==============================] - 0s 6ms/step - loss: 4.7071 - accuracy: 0.0625
Epoch 3/25

1/1 [==============================] - ETA: 0s - loss: 4.6732 - accuracy: 0.0625
1/1 [==============================] - 0s 6ms/step - loss: 4.6732 - accuracy: 0.0625
Epoch 4/25

1/1 [==============================] - ETA: 0s - loss: 4.6391 - accuracy: 0.1250
1/1 [==============================] - 0s 6ms/step - loss: 4.6391 - accuracy: 0.1250
Epoch 5/25

1/1 [==============================] - ETA: 0s - loss: 4.6048 - accuracy: 0.5000
1/1 [==============================] - 0s 7ms/step - loss: 4.6048 - accuracy: 0.5000
Epoch 6/25

1/1 [==============================] - ETA: 0s - loss: 4.5701 - accuracy: 0.6875
1/1 [==============================] - 0s 6ms/step - loss: 4.5701 - accuracy: 0.6875
Epoch 7/25

1/1 [==============================] - ETA: 0s - loss: 4.5349 - accuracy: 0.8750
1/1 [==============================] - 0s 5ms/step - loss: 4.5349 - accuracy: 0.8750
Epoch 8/25

1/1 [==============================] - ETA: 0s - loss: 4.4991 - accuracy: 0.8750
1/1 [==============================] - 0s 6ms/step - loss: 4.4991 - accuracy: 0.8750
Epoch 9/25

1/1 [==============================] - ETA: 0s - loss: 4.4625 - accuracy: 0.9375
1/1 [==============================] - 0s 5ms/step - loss: 4.4625 - accuracy: 0.9375
Epoch 10/25

1/1 [==============================] - ETA: 0s - loss: 4.4250 - accuracy: 0.9375
1/1 [==============================] - 0s 5ms/step - loss: 4.4250 - accuracy: 0.9375
Epoch 11/25

1/1 [==============================] - ETA: 0s - loss: 4.3865 - accuracy: 0.9375
1/1 [==============================] - 0s 6ms/step - loss: 4.3865 - accuracy: 0.9375
Epoch 12/25

1/1 [==============================] - ETA: 0s - loss: 4.3468 - accuracy: 0.9375
1/1 [==============================] - 0s 6ms/step - loss: 4.3468 - accuracy: 0.9375
Epoch 13/25

1/1 [==============================] - ETA: 0s - loss: 4.3057 - accuracy: 1.0000
1/1 [==============================] - 0s 5ms/step - loss: 4.3057 - accuracy: 1.0000
Epoch 14/25

1/1 [==============================] - ETA: 0s - loss: 4.2633 - accuracy: 1.0000
1/1 [==============================] - 0s 6ms/step - loss: 4.2633 - accuracy: 1.0000
Epoch 15/25

1/1 [==============================] - ETA: 0s - loss: 4.2193 - accuracy: 1.0000
1/1 [==============================] - 0s 5ms/step - loss: 4.2193 - accuracy: 1.0000
Epoch 16/25

1/1 [==============================] - ETA: 0s - loss: 4.1737 - accuracy: 1.0000
1/1 [==============================] - 0s 6ms/step - loss: 4.1737 - accuracy: 1.0000
Epoch 17/25

1/1 [==============================] - ETA: 0s - loss: 4.1263 - accuracy: 1.0000
1/1 [==============================] - 0s 5ms/step - loss: 4.1263 - accuracy: 1.0000
Epoch 18/25

1/1 [==============================] - ETA: 0s - loss: 4.0771 - accuracy: 1.0000
1/1 [==============================] - 0s 5ms/step - loss: 4.0771 - accuracy: 1.0000
Epoch 19/25

1/1 [==============================] - ETA: 0s - loss: 4.0259 - accuracy: 1.0000
1/1 [==============================] - 0s 6ms/step - loss: 4.0259 - accuracy: 1.0000
Epoch 20/25

1/1 [==============================] - ETA: 0s - loss: 3.9728 - accuracy: 1.0000
1/1 [==============================] - 0s 6ms/step - loss: 3.9728 - accuracy: 1.0000
Epoch 21/25

1/1 [==============================] - ETA: 0s - loss: 3.9175 - accuracy: 1.0000
1/1 [==============================] - 0s 5ms/step - loss: 3.9175 - accuracy: 1.0000
Epoch 22/25

1/1 [==============================] - ETA: 0s - loss: 3.8601 - accuracy: 1.0000
1/1 [==============================] - 0s 6ms/step - loss: 3.8601 - accuracy: 1.0000
Epoch 23/25

1/1 [==============================] - ETA: 0s - loss: 3.8004 - accuracy: 1.0000
1/1 [==============================] - 0s 5ms/step - loss: 3.8004 - accuracy: 1.0000
Epoch 24/25

1/1 [==============================] - ETA: 0s - loss: 3.7385 - accuracy: 1.0000
1/1 [==============================] - 0s 5ms/step - loss: 3.7385 - accuracy: 1.0000
Epoch 25/25

1/1 [==============================] - ETA: 0s - loss: 3.6742 - accuracy: 1.0000
1/1 [==============================] - 0s 5ms/step - loss: 3.6742 - accuracy: 1.0000
# node2vec
Epoch 1/25

1/1 [==============================] - ETA: 0s - loss: 4.7357 - accuracy: 0.0000e+00
1/1 [==============================] - 0s 232ms/step - loss: 4.7357 - accuracy: 0.0000e+00
Epoch 2/25

1/1 [==============================] - ETA: 0s - loss: 4.6973 - accuracy: 0.0000e+00
1/1 [==============================] - 0s 5ms/step - loss: 4.6973 - accuracy: 0.0000e+00
Epoch 3/25

1/1 [==============================] - ETA: 0s - loss: 4.6589 - accuracy: 0.0000e+00
1/1 [==============================] - 0s 3ms/step - loss: 4.6589 - accuracy: 0.0000e+00
Epoch 4/25

1/1 [==============================] - ETA: 0s - loss: 4.6205 - accuracy: 0.0000e+00
1/1 [==============================] - 0s 4ms/step - loss: 4.6205 - accuracy: 0.0000e+00
Epoch 5/25

1/1 [==============================] - ETA: 0s - loss: 4.5822 - accuracy: 0.0000e+00
1/1 [==============================] - 0s 3ms/step - loss: 4.5822 - accuracy: 0.0000e+00
Epoch 6/25

1/1 [==============================] - ETA: 0s - loss: 4.5439 - accuracy: 0.0625
1/1 [==============================] - 0s 3ms/step - loss: 4.5439 - accuracy: 0.0625
Epoch 7/25

1/1 [==============================] - ETA: 0s - loss: 4.5057 - accuracy: 0.0625
1/1 [==============================] - 0s 3ms/step - loss: 4.5057 - accuracy: 0.0625
Epoch 8/25

1/1 [==============================] - ETA: 0s - loss: 4.4675 - accuracy: 0.0625
1/1 [==============================] - 0s 3ms/step - loss: 4.4675 - accuracy: 0.0625
Epoch 9/25

1/1 [==============================] - ETA: 0s - loss: 4.4294 - accuracy: 0.0625
1/1 [==============================] - 0s 3ms/step - loss: 4.4294 - accuracy: 0.0625
Epoch 10/25

1/1 [==============================] - ETA: 0s - loss: 4.3914 - accuracy: 0.0625
1/1 [==============================] - 0s 2ms/step - loss: 4.3914 - accuracy: 0.0625
Epoch 11/25

1/1 [==============================] - ETA: 0s - loss: 4.3534 - accuracy: 0.0625
1/1 [==============================] - 0s 3ms/step - loss: 4.3534 - accuracy: 0.0625
Epoch 12/25

1/1 [==============================] - ETA: 0s - loss: 4.3155 - accuracy: 0.1250
1/1 [==============================] - 0s 3ms/step - loss: 4.3155 - accuracy: 0.1250
Epoch 13/25

1/1 [==============================] - ETA: 0s - loss: 4.2777 - accuracy: 0.1250
1/1 [==============================] - 0s 3ms/step - loss: 4.2777 - accuracy: 0.1250
Epoch 14/25

1/1 [==============================] - ETA: 0s - loss: 4.2400 - accuracy: 0.1875
1/1 [==============================] - 0s 3ms/step - loss: 4.2400 - accuracy: 0.1875
Epoch 15/25

1/1 [==============================] - ETA: 0s - loss: 4.2023 - accuracy: 0.1875
1/1 [==============================] - 0s 3ms/step - loss: 4.2023 - accuracy: 0.1875
Epoch 16/25

1/1 [==============================] - ETA: 0s - loss: 4.1647 - accuracy: 0.3125
1/1 [==============================] - 0s 3ms/step - loss: 4.1647 - accuracy: 0.3125
Epoch 17/25

1/1 [==============================] - ETA: 0s - loss: 4.1272 - accuracy: 0.3125
1/1 [==============================] - 0s 2ms/step - loss: 4.1272 - accuracy: 0.3125
Epoch 18/25

1/1 [==============================] - ETA: 0s - loss: 4.0897 - accuracy: 0.3125
1/1 [==============================] - 0s 2ms/step - loss: 4.0897 - accuracy: 0.3125
Epoch 19/25

1/1 [==============================] - ETA: 0s - loss: 4.0524 - accuracy: 0.3750
1/1 [==============================] - 0s 3ms/step - loss: 4.0524 - accuracy: 0.3750
Epoch 20/25

1/1 [==============================] - ETA: 0s - loss: 4.0151 - accuracy: 0.3750
1/1 [==============================] - 0s 6ms/step - loss: 4.0151 - accuracy: 0.3750
Epoch 21/25

1/1 [==============================] - ETA: 0s - loss: 3.9780 - accuracy: 0.4375
1/1 [==============================] - 0s 5ms/step - loss: 3.9780 - accuracy: 0.4375
Epoch 22/25

1/1 [==============================] - ETA: 0s - loss: 3.9409 - accuracy: 0.4375
1/1 [==============================] - 0s 5ms/step - loss: 3.9409 - accuracy: 0.4375
Epoch 23/25

1/1 [==============================] - ETA: 0s - loss: 3.9039 - accuracy: 0.4375
1/1 [==============================] - 0s 4ms/step - loss: 3.9039 - accuracy: 0.4375
Epoch 24/25

1/1 [==============================] - ETA: 0s - loss: 3.8670 - accuracy: 0.5000
1/1 [==============================] - 0s 4ms/step - loss: 3.8670 - accuracy: 0.5000
Epoch 25/25

1/1 [==============================] - ETA: 0s - loss: 3.8302 - accuracy: 0.6250
1/1 [==============================] - 0s 4ms/step - loss: 3.8302 - accuracy: 0.6250
# predict: steps=12
# predict: tnodeembed_metrics
# predict: node2vec_metrics
tnodeembed: {'auc': 0.6962549334444635, 'f1_micro': 0.0, 'f1_macro': 0.0} tNodeEmbed_final_loss=3.6742312908172607 tNodeEmbed_final_accuracy=1.0 
node2vec: {'auc': 0.6441812320741305, 'f1_micro': 0.0, 'f1_macro': 0.0} node2vec_final_loss=3.830200433731079 node2vec_final_accuracy=0.625 
