# load graph
Processing Static file: filename='CollegeMsg_20041012.csv'
# initialize tNodeEmbed for dataset=COLLEGE_NC, test_size=0.2
# load dataset
# fit
# tNodeEmbed steps_per_epoch=1
Epoch 1/25

1/1 [==============================] - ETA: 0s - loss: 4.7419 - accuracy: 0.0625
1/1 [==============================] - 1s 1s/step - loss: 4.7419 - accuracy: 0.0625
Epoch 2/25

1/1 [==============================] - ETA: 0s - loss: 4.7085 - accuracy: 0.0625
1/1 [==============================] - 0s 6ms/step - loss: 4.7085 - accuracy: 0.0625
Epoch 3/25

1/1 [==============================] - ETA: 0s - loss: 4.6751 - accuracy: 0.2500
1/1 [==============================] - 0s 5ms/step - loss: 4.6751 - accuracy: 0.2500
Epoch 4/25

1/1 [==============================] - ETA: 0s - loss: 4.6416 - accuracy: 0.4375
1/1 [==============================] - 0s 6ms/step - loss: 4.6416 - accuracy: 0.4375
Epoch 5/25

1/1 [==============================] - ETA: 0s - loss: 4.6079 - accuracy: 0.5625
1/1 [==============================] - 0s 5ms/step - loss: 4.6079 - accuracy: 0.5625
Epoch 6/25

1/1 [==============================] - ETA: 0s - loss: 4.5738 - accuracy: 0.8125
1/1 [==============================] - 0s 6ms/step - loss: 4.5738 - accuracy: 0.8125
Epoch 7/25

1/1 [==============================] - ETA: 0s - loss: 4.5391 - accuracy: 0.9375
1/1 [==============================] - 0s 5ms/step - loss: 4.5391 - accuracy: 0.9375
Epoch 8/25

1/1 [==============================] - ETA: 0s - loss: 4.5038 - accuracy: 0.9375
1/1 [==============================] - 0s 6ms/step - loss: 4.5038 - accuracy: 0.9375
Epoch 9/25

1/1 [==============================] - ETA: 0s - loss: 4.4676 - accuracy: 0.9375
1/1 [==============================] - 0s 5ms/step - loss: 4.4676 - accuracy: 0.9375
Epoch 10/25

1/1 [==============================] - ETA: 0s - loss: 4.4304 - accuracy: 0.9375
1/1 [==============================] - 0s 6ms/step - loss: 4.4304 - accuracy: 0.9375
Epoch 11/25

1/1 [==============================] - ETA: 0s - loss: 4.3920 - accuracy: 0.9375
1/1 [==============================] - 0s 6ms/step - loss: 4.3920 - accuracy: 0.9375
Epoch 12/25

1/1 [==============================] - ETA: 0s - loss: 4.3524 - accuracy: 0.9375
1/1 [==============================] - 0s 6ms/step - loss: 4.3524 - accuracy: 0.9375
Epoch 13/25

1/1 [==============================] - ETA: 0s - loss: 4.3114 - accuracy: 0.9375
1/1 [==============================] - 0s 6ms/step - loss: 4.3114 - accuracy: 0.9375
Epoch 14/25

1/1 [==============================] - ETA: 0s - loss: 4.2688 - accuracy: 0.9375
1/1 [==============================] - 0s 6ms/step - loss: 4.2688 - accuracy: 0.9375
Epoch 15/25

1/1 [==============================] - ETA: 0s - loss: 4.2246 - accuracy: 0.9375
1/1 [==============================] - 0s 6ms/step - loss: 4.2246 - accuracy: 0.9375
Epoch 16/25

1/1 [==============================] - ETA: 0s - loss: 4.1786 - accuracy: 0.9375
1/1 [==============================] - 0s 6ms/step - loss: 4.1786 - accuracy: 0.9375
Epoch 17/25

1/1 [==============================] - ETA: 0s - loss: 4.1307 - accuracy: 1.0000
1/1 [==============================] - 0s 6ms/step - loss: 4.1307 - accuracy: 1.0000
Epoch 18/25

1/1 [==============================] - ETA: 0s - loss: 4.0809 - accuracy: 1.0000
1/1 [==============================] - 0s 6ms/step - loss: 4.0809 - accuracy: 1.0000
Epoch 19/25

1/1 [==============================] - ETA: 0s - loss: 4.0290 - accuracy: 1.0000
1/1 [==============================] - 0s 5ms/step - loss: 4.0290 - accuracy: 1.0000
Epoch 20/25

1/1 [==============================] - ETA: 0s - loss: 3.9750 - accuracy: 1.0000
1/1 [==============================] - 0s 7ms/step - loss: 3.9750 - accuracy: 1.0000
Epoch 21/25

1/1 [==============================] - ETA: 0s - loss: 3.9188 - accuracy: 1.0000
1/1 [==============================] - 0s 7ms/step - loss: 3.9188 - accuracy: 1.0000
Epoch 22/25

1/1 [==============================] - ETA: 0s - loss: 3.8603 - accuracy: 1.0000
1/1 [==============================] - 0s 6ms/step - loss: 3.8603 - accuracy: 1.0000
Epoch 23/25

1/1 [==============================] - ETA: 0s - loss: 3.7994 - accuracy: 1.0000
1/1 [==============================] - 0s 6ms/step - loss: 3.7994 - accuracy: 1.0000
Epoch 24/25

1/1 [==============================] - ETA: 0s - loss: 3.7362 - accuracy: 1.0000
1/1 [==============================] - 0s 6ms/step - loss: 3.7362 - accuracy: 1.0000
Epoch 25/25

1/1 [==============================] - ETA: 0s - loss: 3.6705 - accuracy: 1.0000
1/1 [==============================] - 0s 6ms/step - loss: 3.6705 - accuracy: 1.0000
# node2vec
Epoch 1/25

1/1 [==============================] - ETA: 0s - loss: 4.8576 - accuracy: 0.0625
1/1 [==============================] - 0s 208ms/step - loss: 4.8576 - accuracy: 0.0625
Epoch 2/25

1/1 [==============================] - ETA: 0s - loss: 4.8203 - accuracy: 0.0625
1/1 [==============================] - 0s 3ms/step - loss: 4.8203 - accuracy: 0.0625
Epoch 3/25

1/1 [==============================] - ETA: 0s - loss: 4.7830 - accuracy: 0.0625
1/1 [==============================] - 0s 3ms/step - loss: 4.7830 - accuracy: 0.0625
Epoch 4/25

1/1 [==============================] - ETA: 0s - loss: 4.7458 - accuracy: 0.0625
1/1 [==============================] - 0s 4ms/step - loss: 4.7458 - accuracy: 0.0625
Epoch 5/25

1/1 [==============================] - ETA: 0s - loss: 4.7086 - accuracy: 0.0625
1/1 [==============================] - 0s 3ms/step - loss: 4.7086 - accuracy: 0.0625
Epoch 6/25

1/1 [==============================] - ETA: 0s - loss: 4.6715 - accuracy: 0.0625
1/1 [==============================] - 0s 4ms/step - loss: 4.6715 - accuracy: 0.0625
Epoch 7/25

1/1 [==============================] - ETA: 0s - loss: 4.6345 - accuracy: 0.0625
1/1 [==============================] - 0s 5ms/step - loss: 4.6345 - accuracy: 0.0625
Epoch 8/25

1/1 [==============================] - ETA: 0s - loss: 4.5975 - accuracy: 0.0625
1/1 [==============================] - 0s 4ms/step - loss: 4.5975 - accuracy: 0.0625
Epoch 9/25

1/1 [==============================] - ETA: 0s - loss: 4.5605 - accuracy: 0.0625
1/1 [==============================] - 0s 4ms/step - loss: 4.5605 - accuracy: 0.0625
Epoch 10/25

1/1 [==============================] - ETA: 0s - loss: 4.5237 - accuracy: 0.0625
1/1 [==============================] - 0s 4ms/step - loss: 4.5237 - accuracy: 0.0625
Epoch 11/25

1/1 [==============================] - ETA: 0s - loss: 4.4869 - accuracy: 0.0625
1/1 [==============================] - 0s 4ms/step - loss: 4.4869 - accuracy: 0.0625
Epoch 12/25

1/1 [==============================] - ETA: 0s - loss: 4.4502 - accuracy: 0.0625
1/1 [==============================] - 0s 4ms/step - loss: 4.4502 - accuracy: 0.0625
Epoch 13/25

1/1 [==============================] - ETA: 0s - loss: 4.4135 - accuracy: 0.0625
1/1 [==============================] - 0s 4ms/step - loss: 4.4135 - accuracy: 0.0625
Epoch 14/25

1/1 [==============================] - ETA: 0s - loss: 4.3769 - accuracy: 0.0625
1/1 [==============================] - 0s 5ms/step - loss: 4.3769 - accuracy: 0.0625
Epoch 15/25

1/1 [==============================] - ETA: 0s - loss: 4.3404 - accuracy: 0.0625
1/1 [==============================] - 0s 4ms/step - loss: 4.3404 - accuracy: 0.0625
Epoch 16/25

1/1 [==============================] - ETA: 0s - loss: 4.3040 - accuracy: 0.0625
1/1 [==============================] - 0s 4ms/step - loss: 4.3040 - accuracy: 0.0625
Epoch 17/25

1/1 [==============================] - ETA: 0s - loss: 4.2677 - accuracy: 0.1875
1/1 [==============================] - 0s 5ms/step - loss: 4.2677 - accuracy: 0.1875
Epoch 18/25

1/1 [==============================] - ETA: 0s - loss: 4.2314 - accuracy: 0.2500
1/1 [==============================] - 0s 4ms/step - loss: 4.2314 - accuracy: 0.2500
Epoch 19/25

1/1 [==============================] - ETA: 0s - loss: 4.1953 - accuracy: 0.3125
1/1 [==============================] - 0s 4ms/step - loss: 4.1953 - accuracy: 0.3125
Epoch 20/25

1/1 [==============================] - ETA: 0s - loss: 4.1592 - accuracy: 0.3750
1/1 [==============================] - 0s 5ms/step - loss: 4.1592 - accuracy: 0.3750
Epoch 21/25

1/1 [==============================] - ETA: 0s - loss: 4.1232 - accuracy: 0.4375
1/1 [==============================] - 0s 5ms/step - loss: 4.1232 - accuracy: 0.4375
Epoch 22/25

1/1 [==============================] - ETA: 0s - loss: 4.0873 - accuracy: 0.4375
1/1 [==============================] - 0s 4ms/step - loss: 4.0873 - accuracy: 0.4375
Epoch 23/25

1/1 [==============================] - ETA: 0s - loss: 4.0515 - accuracy: 0.4375
1/1 [==============================] - 0s 3ms/step - loss: 4.0515 - accuracy: 0.4375
Epoch 24/25

1/1 [==============================] - ETA: 0s - loss: 4.0158 - accuracy: 0.4375
1/1 [==============================] - 0s 5ms/step - loss: 4.0158 - accuracy: 0.4375
Epoch 25/25

1/1 [==============================] - ETA: 0s - loss: 3.9802 - accuracy: 0.4375
1/1 [==============================] - 0s 4ms/step - loss: 3.9802 - accuracy: 0.4375
# predict: steps=12
# predict: tnodeembed_metrics
# predict: node2vec_metrics
tnodeembed: {'auc': 0.6975398659083667, 'f1_micro': 0.0, 'f1_macro': 0.0} tNodeEmbed_final_loss=3.6704964637756348 tNodeEmbed_final_accuracy=1.0 
node2vec: {'auc': 0.632538977275513, 'f1_micro': 0.0, 'f1_macro': 0.0} node2vec_final_loss=3.9802486896514893 node2vec_final_accuracy=0.4375 
