# load graph
Processing Static file: filename='CollegeMsg_20040603.csv'
# initialize tNodeEmbed for dataset=COLLEGE_NC, test_size=0.2
# load dataset
# fit
# tNodeEmbed steps_per_epoch=1
Epoch 1/25

1/1 [==============================] - ETA: 0s - loss: 4.7466 - accuracy: 0.0625
1/1 [==============================] - 1s 1s/step - loss: 4.7466 - accuracy: 0.0625
Epoch 2/25

1/1 [==============================] - ETA: 0s - loss: 4.7151 - accuracy: 0.1250
1/1 [==============================] - 0s 4ms/step - loss: 4.7151 - accuracy: 0.1250
Epoch 3/25

1/1 [==============================] - ETA: 0s - loss: 4.6836 - accuracy: 0.1875
1/1 [==============================] - 0s 4ms/step - loss: 4.6836 - accuracy: 0.1875
Epoch 4/25

1/1 [==============================] - ETA: 0s - loss: 4.6520 - accuracy: 0.3750
1/1 [==============================] - 0s 5ms/step - loss: 4.6520 - accuracy: 0.3750
Epoch 5/25

1/1 [==============================] - ETA: 0s - loss: 4.6201 - accuracy: 0.5000
1/1 [==============================] - 0s 4ms/step - loss: 4.6201 - accuracy: 0.5000
Epoch 6/25

1/1 [==============================] - ETA: 0s - loss: 4.5877 - accuracy: 0.6250
1/1 [==============================] - 0s 4ms/step - loss: 4.5877 - accuracy: 0.6250
Epoch 7/25

1/1 [==============================] - ETA: 0s - loss: 4.5549 - accuracy: 0.6875
1/1 [==============================] - 0s 4ms/step - loss: 4.5549 - accuracy: 0.6875
Epoch 8/25

1/1 [==============================] - ETA: 0s - loss: 4.5213 - accuracy: 0.6875
1/1 [==============================] - 0s 5ms/step - loss: 4.5213 - accuracy: 0.6875
Epoch 9/25

1/1 [==============================] - ETA: 0s - loss: 4.4870 - accuracy: 0.8750
1/1 [==============================] - 0s 4ms/step - loss: 4.4870 - accuracy: 0.8750
Epoch 10/25

1/1 [==============================] - ETA: 0s - loss: 4.4517 - accuracy: 0.9375
1/1 [==============================] - 0s 4ms/step - loss: 4.4517 - accuracy: 0.9375
Epoch 11/25

1/1 [==============================] - ETA: 0s - loss: 4.4153 - accuracy: 0.9375
1/1 [==============================] - 0s 4ms/step - loss: 4.4153 - accuracy: 0.9375
Epoch 12/25

1/1 [==============================] - ETA: 0s - loss: 4.3776 - accuracy: 0.9375
1/1 [==============================] - 0s 4ms/step - loss: 4.3776 - accuracy: 0.9375
Epoch 13/25

1/1 [==============================] - ETA: 0s - loss: 4.3387 - accuracy: 0.9375
1/1 [==============================] - 0s 4ms/step - loss: 4.3387 - accuracy: 0.9375
Epoch 14/25

1/1 [==============================] - ETA: 0s - loss: 4.2983 - accuracy: 0.9375
1/1 [==============================] - 0s 5ms/step - loss: 4.2983 - accuracy: 0.9375
Epoch 15/25

1/1 [==============================] - ETA: 0s - loss: 4.2563 - accuracy: 0.9375
1/1 [==============================] - 0s 5ms/step - loss: 4.2563 - accuracy: 0.9375
Epoch 16/25

1/1 [==============================] - ETA: 0s - loss: 4.2127 - accuracy: 0.9375
1/1 [==============================] - 0s 5ms/step - loss: 4.2127 - accuracy: 0.9375
Epoch 17/25

1/1 [==============================] - ETA: 0s - loss: 4.1674 - accuracy: 0.9375
1/1 [==============================] - 0s 5ms/step - loss: 4.1674 - accuracy: 0.9375
Epoch 18/25

1/1 [==============================] - ETA: 0s - loss: 4.1202 - accuracy: 0.9375
1/1 [==============================] - 0s 4ms/step - loss: 4.1202 - accuracy: 0.9375
Epoch 19/25

1/1 [==============================] - ETA: 0s - loss: 4.0711 - accuracy: 0.9375
1/1 [==============================] - 0s 5ms/step - loss: 4.0711 - accuracy: 0.9375
Epoch 20/25

1/1 [==============================] - ETA: 0s - loss: 4.0200 - accuracy: 0.9375
1/1 [==============================] - 0s 5ms/step - loss: 4.0200 - accuracy: 0.9375
Epoch 21/25

1/1 [==============================] - ETA: 0s - loss: 3.9668 - accuracy: 0.9375
1/1 [==============================] - 0s 5ms/step - loss: 3.9668 - accuracy: 0.9375
Epoch 22/25

1/1 [==============================] - ETA: 0s - loss: 3.9116 - accuracy: 0.9375
1/1 [==============================] - 0s 5ms/step - loss: 3.9116 - accuracy: 0.9375
Epoch 23/25

1/1 [==============================] - ETA: 0s - loss: 3.8541 - accuracy: 0.9375
1/1 [==============================] - 0s 5ms/step - loss: 3.8541 - accuracy: 0.9375
Epoch 24/25

1/1 [==============================] - ETA: 0s - loss: 3.7945 - accuracy: 0.9375
1/1 [==============================] - 0s 5ms/step - loss: 3.7945 - accuracy: 0.9375
Epoch 25/25

1/1 [==============================] - ETA: 0s - loss: 3.7326 - accuracy: 0.9375
1/1 [==============================] - 0s 5ms/step - loss: 3.7326 - accuracy: 0.9375
# node2vec
Epoch 1/25

1/1 [==============================] - ETA: 0s - loss: 4.7384 - accuracy: 0.0625
1/1 [==============================] - 0s 203ms/step - loss: 4.7384 - accuracy: 0.0625
Epoch 2/25

1/1 [==============================] - ETA: 0s - loss: 4.7017 - accuracy: 0.0625
1/1 [==============================] - 0s 4ms/step - loss: 4.7017 - accuracy: 0.0625
Epoch 3/25

1/1 [==============================] - ETA: 0s - loss: 4.6650 - accuracy: 0.0625
1/1 [==============================] - 0s 4ms/step - loss: 4.6650 - accuracy: 0.0625
Epoch 4/25

1/1 [==============================] - ETA: 0s - loss: 4.6284 - accuracy: 0.0625
1/1 [==============================] - 0s 3ms/step - loss: 4.6284 - accuracy: 0.0625
Epoch 5/25

1/1 [==============================] - ETA: 0s - loss: 4.5919 - accuracy: 0.0625
1/1 [==============================] - 0s 3ms/step - loss: 4.5919 - accuracy: 0.0625
Epoch 6/25

1/1 [==============================] - ETA: 0s - loss: 4.5553 - accuracy: 0.0625
1/1 [==============================] - 0s 3ms/step - loss: 4.5553 - accuracy: 0.0625
Epoch 7/25

1/1 [==============================] - ETA: 0s - loss: 4.5189 - accuracy: 0.1250
1/1 [==============================] - 0s 4ms/step - loss: 4.5189 - accuracy: 0.1250
Epoch 8/25

1/1 [==============================] - ETA: 0s - loss: 4.4825 - accuracy: 0.1875
1/1 [==============================] - 0s 4ms/step - loss: 4.4825 - accuracy: 0.1875
Epoch 9/25

1/1 [==============================] - ETA: 0s - loss: 4.4462 - accuracy: 0.2500
1/1 [==============================] - 0s 4ms/step - loss: 4.4462 - accuracy: 0.2500
Epoch 10/25

1/1 [==============================] - ETA: 0s - loss: 4.4099 - accuracy: 0.3125
1/1 [==============================] - 0s 3ms/step - loss: 4.4099 - accuracy: 0.3125
Epoch 11/25

1/1 [==============================] - ETA: 0s - loss: 4.3738 - accuracy: 0.3750
1/1 [==============================] - 0s 3ms/step - loss: 4.3738 - accuracy: 0.3750
Epoch 12/25

1/1 [==============================] - ETA: 0s - loss: 4.3376 - accuracy: 0.3750
1/1 [==============================] - 0s 3ms/step - loss: 4.3376 - accuracy: 0.3750
Epoch 13/25

1/1 [==============================] - ETA: 0s - loss: 4.3016 - accuracy: 0.3750
1/1 [==============================] - 0s 4ms/step - loss: 4.3016 - accuracy: 0.3750
Epoch 14/25

1/1 [==============================] - ETA: 0s - loss: 4.2656 - accuracy: 0.3750
1/1 [==============================] - 0s 5ms/step - loss: 4.2656 - accuracy: 0.3750
Epoch 15/25

1/1 [==============================] - ETA: 0s - loss: 4.2297 - accuracy: 0.3750
1/1 [==============================] - 0s 4ms/step - loss: 4.2297 - accuracy: 0.3750
Epoch 16/25

1/1 [==============================] - ETA: 0s - loss: 4.1939 - accuracy: 0.3750
1/1 [==============================] - 0s 5ms/step - loss: 4.1939 - accuracy: 0.3750
Epoch 17/25

1/1 [==============================] - ETA: 0s - loss: 4.1582 - accuracy: 0.3750
1/1 [==============================] - 0s 4ms/step - loss: 4.1582 - accuracy: 0.3750
Epoch 18/25

1/1 [==============================] - ETA: 0s - loss: 4.1226 - accuracy: 0.5000
1/1 [==============================] - 0s 5ms/step - loss: 4.1226 - accuracy: 0.5000
Epoch 19/25

1/1 [==============================] - ETA: 0s - loss: 4.0870 - accuracy: 0.5625
1/1 [==============================] - 0s 3ms/step - loss: 4.0870 - accuracy: 0.5625
Epoch 20/25

1/1 [==============================] - ETA: 0s - loss: 4.0516 - accuracy: 0.5625
1/1 [==============================] - 0s 4ms/step - loss: 4.0516 - accuracy: 0.5625
Epoch 21/25

1/1 [==============================] - ETA: 0s - loss: 4.0162 - accuracy: 0.5625
1/1 [==============================] - 0s 5ms/step - loss: 4.0162 - accuracy: 0.5625
Epoch 22/25

1/1 [==============================] - ETA: 0s - loss: 3.9809 - accuracy: 0.5625
1/1 [==============================] - 0s 4ms/step - loss: 3.9809 - accuracy: 0.5625
Epoch 23/25

1/1 [==============================] - ETA: 0s - loss: 3.9458 - accuracy: 0.5625
1/1 [==============================] - 0s 4ms/step - loss: 3.9458 - accuracy: 0.5625
Epoch 24/25

1/1 [==============================] - ETA: 0s - loss: 3.9107 - accuracy: 0.6250
1/1 [==============================] - 0s 4ms/step - loss: 3.9107 - accuracy: 0.6250
Epoch 25/25

1/1 [==============================] - ETA: 0s - loss: 3.8757 - accuracy: 0.6250
1/1 [==============================] - 0s 4ms/step - loss: 3.8757 - accuracy: 0.6250
# predict: steps=12
# predict: tnodeembed_metrics
# predict: node2vec_metrics
tnodeembed: {'auc': 0.7131654021523302, 'f1_micro': 0.0, 'f1_macro': 0.0} tNodeEmbed_final_loss=3.732637405395508 tNodeEmbed_final_accuracy=0.9375 
node2vec: {'auc': 0.6022915696320447, 'f1_micro': 0.0, 'f1_macro': 0.0} node2vec_final_loss=3.8757266998291016 node2vec_final_accuracy=0.625 
