# load graph
Processing Static file: filename='CollegeMsg_20040712.csv'
# initialize tNodeEmbed for dataset=COLLEGE_NC, test_size=0.2
# load dataset
# fit
# tNodeEmbed steps_per_epoch=1
Epoch 1/25

1/1 [==============================] - ETA: 0s - loss: 4.7485 - accuracy: 0.0000e+00
1/1 [==============================] - 1s 1s/step - loss: 4.7485 - accuracy: 0.0000e+00
Epoch 2/25

1/1 [==============================] - ETA: 0s - loss: 4.7159 - accuracy: 0.0625
1/1 [==============================] - 0s 3ms/step - loss: 4.7159 - accuracy: 0.0625
Epoch 3/25

1/1 [==============================] - ETA: 0s - loss: 4.6833 - accuracy: 0.1250
1/1 [==============================] - 0s 6ms/step - loss: 4.6833 - accuracy: 0.1250
Epoch 4/25

1/1 [==============================] - ETA: 0s - loss: 4.6506 - accuracy: 0.3125
1/1 [==============================] - 0s 3ms/step - loss: 4.6506 - accuracy: 0.3125
Epoch 5/25

1/1 [==============================] - ETA: 0s - loss: 4.6176 - accuracy: 0.6875
1/1 [==============================] - 0s 4ms/step - loss: 4.6176 - accuracy: 0.6875
Epoch 6/25

1/1 [==============================] - ETA: 0s - loss: 4.5841 - accuracy: 0.7500
1/1 [==============================] - 0s 4ms/step - loss: 4.5841 - accuracy: 0.7500
Epoch 7/25

1/1 [==============================] - ETA: 0s - loss: 4.5501 - accuracy: 0.9375
1/1 [==============================] - 0s 4ms/step - loss: 4.5501 - accuracy: 0.9375
Epoch 8/25

1/1 [==============================] - ETA: 0s - loss: 4.5154 - accuracy: 1.0000
1/1 [==============================] - 0s 5ms/step - loss: 4.5154 - accuracy: 1.0000
Epoch 9/25

1/1 [==============================] - ETA: 0s - loss: 4.4798 - accuracy: 1.0000
1/1 [==============================] - 0s 5ms/step - loss: 4.4798 - accuracy: 1.0000
Epoch 10/25

1/1 [==============================] - ETA: 0s - loss: 4.4432 - accuracy: 1.0000
1/1 [==============================] - 0s 4ms/step - loss: 4.4432 - accuracy: 1.0000
Epoch 11/25

1/1 [==============================] - ETA: 0s - loss: 4.4055 - accuracy: 1.0000
1/1 [==============================] - 0s 6ms/step - loss: 4.4055 - accuracy: 1.0000
Epoch 12/25

1/1 [==============================] - ETA: 0s - loss: 4.3666 - accuracy: 1.0000
1/1 [==============================] - 0s 4ms/step - loss: 4.3666 - accuracy: 1.0000
Epoch 13/25

1/1 [==============================] - ETA: 0s - loss: 4.3263 - accuracy: 1.0000
1/1 [==============================] - 0s 4ms/step - loss: 4.3263 - accuracy: 1.0000
Epoch 14/25

1/1 [==============================] - ETA: 0s - loss: 4.2845 - accuracy: 1.0000
1/1 [==============================] - 0s 4ms/step - loss: 4.2845 - accuracy: 1.0000
Epoch 15/25

1/1 [==============================] - ETA: 0s - loss: 4.2411 - accuracy: 1.0000
1/1 [==============================] - 0s 4ms/step - loss: 4.2411 - accuracy: 1.0000
Epoch 16/25

1/1 [==============================] - ETA: 0s - loss: 4.1959 - accuracy: 1.0000
1/1 [==============================] - 0s 3ms/step - loss: 4.1959 - accuracy: 1.0000
Epoch 17/25

1/1 [==============================] - ETA: 0s - loss: 4.1490 - accuracy: 1.0000
1/1 [==============================] - 0s 4ms/step - loss: 4.1490 - accuracy: 1.0000
Epoch 18/25

1/1 [==============================] - ETA: 0s - loss: 4.1002 - accuracy: 1.0000
1/1 [==============================] - 0s 4ms/step - loss: 4.1002 - accuracy: 1.0000
Epoch 19/25

1/1 [==============================] - ETA: 0s - loss: 4.0494 - accuracy: 1.0000
1/1 [==============================] - 0s 4ms/step - loss: 4.0494 - accuracy: 1.0000
Epoch 20/25

1/1 [==============================] - ETA: 0s - loss: 3.9964 - accuracy: 1.0000
1/1 [==============================] - 0s 3ms/step - loss: 3.9964 - accuracy: 1.0000
Epoch 21/25

1/1 [==============================] - ETA: 0s - loss: 3.9413 - accuracy: 1.0000
1/1 [==============================] - 0s 4ms/step - loss: 3.9413 - accuracy: 1.0000
Epoch 22/25

1/1 [==============================] - ETA: 0s - loss: 3.8840 - accuracy: 1.0000
1/1 [==============================] - 0s 3ms/step - loss: 3.8840 - accuracy: 1.0000
Epoch 23/25

1/1 [==============================] - ETA: 0s - loss: 3.8244 - accuracy: 1.0000
1/1 [==============================] - 0s 4ms/step - loss: 3.8244 - accuracy: 1.0000
Epoch 24/25

1/1 [==============================] - ETA: 0s - loss: 3.7624 - accuracy: 1.0000
1/1 [==============================] - 0s 4ms/step - loss: 3.7624 - accuracy: 1.0000
Epoch 25/25

1/1 [==============================] - ETA: 0s - loss: 3.6979 - accuracy: 1.0000
1/1 [==============================] - 0s 4ms/step - loss: 3.6979 - accuracy: 1.0000
# node2vec
Epoch 1/25

1/1 [==============================] - ETA: 0s - loss: 4.7548 - accuracy: 0.0000e+00
1/1 [==============================] - 0s 207ms/step - loss: 4.7548 - accuracy: 0.0000e+00
Epoch 2/25

1/1 [==============================] - ETA: 0s - loss: 4.7162 - accuracy: 0.0000e+00
1/1 [==============================] - 0s 3ms/step - loss: 4.7162 - accuracy: 0.0000e+00
Epoch 3/25

1/1 [==============================] - ETA: 0s - loss: 4.6777 - accuracy: 0.0000e+00
1/1 [==============================] - 0s 3ms/step - loss: 4.6777 - accuracy: 0.0000e+00
Epoch 4/25

1/1 [==============================] - ETA: 0s - loss: 4.6391 - accuracy: 0.0000e+00
1/1 [==============================] - 0s 3ms/step - loss: 4.6391 - accuracy: 0.0000e+00
Epoch 5/25

1/1 [==============================] - ETA: 0s - loss: 4.6007 - accuracy: 0.0625
1/1 [==============================] - 0s 2ms/step - loss: 4.6007 - accuracy: 0.0625
Epoch 6/25

1/1 [==============================] - ETA: 0s - loss: 4.5623 - accuracy: 0.1250
1/1 [==============================] - 0s 3ms/step - loss: 4.5623 - accuracy: 0.1250
Epoch 7/25

1/1 [==============================] - ETA: 0s - loss: 4.5239 - accuracy: 0.1250
1/1 [==============================] - 0s 2ms/step - loss: 4.5239 - accuracy: 0.1250
Epoch 8/25

1/1 [==============================] - ETA: 0s - loss: 4.4856 - accuracy: 0.1250
1/1 [==============================] - 0s 3ms/step - loss: 4.4856 - accuracy: 0.1250
Epoch 9/25

1/1 [==============================] - ETA: 0s - loss: 4.4474 - accuracy: 0.1875
1/1 [==============================] - 0s 3ms/step - loss: 4.4474 - accuracy: 0.1875
Epoch 10/25

1/1 [==============================] - ETA: 0s - loss: 4.4092 - accuracy: 0.1875
1/1 [==============================] - 0s 3ms/step - loss: 4.4092 - accuracy: 0.1875
Epoch 11/25

1/1 [==============================] - ETA: 0s - loss: 4.3711 - accuracy: 0.2500
1/1 [==============================] - 0s 2ms/step - loss: 4.3711 - accuracy: 0.2500
Epoch 12/25

1/1 [==============================] - ETA: 0s - loss: 4.3331 - accuracy: 0.2500
1/1 [==============================] - 0s 2ms/step - loss: 4.3331 - accuracy: 0.2500
Epoch 13/25

1/1 [==============================] - ETA: 0s - loss: 4.2951 - accuracy: 0.2500
1/1 [==============================] - 0s 2ms/step - loss: 4.2951 - accuracy: 0.2500
Epoch 14/25

1/1 [==============================] - ETA: 0s - loss: 4.2572 - accuracy: 0.3125
1/1 [==============================] - 0s 3ms/step - loss: 4.2572 - accuracy: 0.3125
Epoch 15/25

1/1 [==============================] - ETA: 0s - loss: 4.2194 - accuracy: 0.3125
1/1 [==============================] - 0s 2ms/step - loss: 4.2194 - accuracy: 0.3125
Epoch 16/25

1/1 [==============================] - ETA: 0s - loss: 4.1817 - accuracy: 0.3750
1/1 [==============================] - 0s 3ms/step - loss: 4.1817 - accuracy: 0.3750
Epoch 17/25

1/1 [==============================] - ETA: 0s - loss: 4.1441 - accuracy: 0.3750
1/1 [==============================] - 0s 3ms/step - loss: 4.1441 - accuracy: 0.3750
Epoch 18/25

1/1 [==============================] - ETA: 0s - loss: 4.1065 - accuracy: 0.3750
1/1 [==============================] - 0s 3ms/step - loss: 4.1065 - accuracy: 0.3750
Epoch 19/25

1/1 [==============================] - ETA: 0s - loss: 4.0690 - accuracy: 0.3750
1/1 [==============================] - 0s 3ms/step - loss: 4.0690 - accuracy: 0.3750
Epoch 20/25

1/1 [==============================] - ETA: 0s - loss: 4.0316 - accuracy: 0.3750
1/1 [==============================] - 0s 3ms/step - loss: 4.0316 - accuracy: 0.3750
Epoch 21/25

1/1 [==============================] - ETA: 0s - loss: 3.9943 - accuracy: 0.5000
1/1 [==============================] - 0s 3ms/step - loss: 3.9943 - accuracy: 0.5000
Epoch 22/25

1/1 [==============================] - ETA: 0s - loss: 3.9571 - accuracy: 0.5625
1/1 [==============================] - 0s 2ms/step - loss: 3.9571 - accuracy: 0.5625
Epoch 23/25

1/1 [==============================] - ETA: 0s - loss: 3.9200 - accuracy: 0.5625
1/1 [==============================] - 0s 3ms/step - loss: 3.9200 - accuracy: 0.5625
Epoch 24/25

1/1 [==============================] - ETA: 0s - loss: 3.8830 - accuracy: 0.5625
1/1 [==============================] - 0s 3ms/step - loss: 3.8830 - accuracy: 0.5625
Epoch 25/25

1/1 [==============================] - ETA: 0s - loss: 3.8461 - accuracy: 0.5625
1/1 [==============================] - 0s 3ms/step - loss: 3.8461 - accuracy: 0.5625
# predict: steps=12
# predict: tnodeembed_metrics
# predict: node2vec_metrics
tnodeembed: {'auc': 0.7205238337459858, 'f1_micro': 0.0, 'f1_macro': 0.0} tNodeEmbed_final_loss=3.6979246139526367 tNodeEmbed_final_accuracy=1.0 
node2vec: {'auc': 0.6177837496629324, 'f1_micro': 0.0, 'f1_macro': 0.0} node2vec_final_loss=3.846069812774658 node2vec_final_accuracy=0.5625 
