# load graph
Processing Static file: filename='CollegeMsg_20040904.csv'
# initialize tNodeEmbed for dataset=COLLEGE_NC, test_size=0.2
# load dataset
# fit
# tNodeEmbed steps_per_epoch=1
Epoch 1/25

1/1 [==============================] - ETA: 0s - loss: 4.7263 - accuracy: 0.0000e+00
1/1 [==============================] - 2s 2s/step - loss: 4.7263 - accuracy: 0.0000e+00
Epoch 2/25

1/1 [==============================] - ETA: 0s - loss: 4.6912 - accuracy: 0.1250
1/1 [==============================] - 0s 8ms/step - loss: 4.6912 - accuracy: 0.1250
Epoch 3/25

1/1 [==============================] - ETA: 0s - loss: 4.6560 - accuracy: 0.1875
1/1 [==============================] - 0s 7ms/step - loss: 4.6560 - accuracy: 0.1875
Epoch 4/25

1/1 [==============================] - ETA: 0s - loss: 4.6205 - accuracy: 0.3125
1/1 [==============================] - 0s 7ms/step - loss: 4.6205 - accuracy: 0.3125
Epoch 5/25

1/1 [==============================] - ETA: 0s - loss: 4.5846 - accuracy: 0.5625
1/1 [==============================] - 0s 6ms/step - loss: 4.5846 - accuracy: 0.5625
Epoch 6/25

1/1 [==============================] - ETA: 0s - loss: 4.5482 - accuracy: 0.6875
1/1 [==============================] - 0s 7ms/step - loss: 4.5482 - accuracy: 0.6875
Epoch 7/25

1/1 [==============================] - ETA: 0s - loss: 4.5111 - accuracy: 0.8125
1/1 [==============================] - 0s 7ms/step - loss: 4.5111 - accuracy: 0.8125
Epoch 8/25

1/1 [==============================] - ETA: 0s - loss: 4.4731 - accuracy: 0.8750
1/1 [==============================] - 0s 7ms/step - loss: 4.4731 - accuracy: 0.8750
Epoch 9/25

1/1 [==============================] - ETA: 0s - loss: 4.4341 - accuracy: 0.9375
1/1 [==============================] - 0s 7ms/step - loss: 4.4341 - accuracy: 0.9375
Epoch 10/25

1/1 [==============================] - ETA: 0s - loss: 4.3939 - accuracy: 0.9375
1/1 [==============================] - 0s 7ms/step - loss: 4.3939 - accuracy: 0.9375
Epoch 11/25

1/1 [==============================] - ETA: 0s - loss: 4.3524 - accuracy: 0.9375
1/1 [==============================] - 0s 7ms/step - loss: 4.3524 - accuracy: 0.9375
Epoch 12/25

1/1 [==============================] - ETA: 0s - loss: 4.3094 - accuracy: 0.9375
1/1 [==============================] - 0s 7ms/step - loss: 4.3094 - accuracy: 0.9375
Epoch 13/25

1/1 [==============================] - ETA: 0s - loss: 4.2648 - accuracy: 0.9375
1/1 [==============================] - 0s 7ms/step - loss: 4.2648 - accuracy: 0.9375
Epoch 14/25

1/1 [==============================] - ETA: 0s - loss: 4.2185 - accuracy: 0.9375
1/1 [==============================] - 0s 6ms/step - loss: 4.2185 - accuracy: 0.9375
Epoch 15/25

1/1 [==============================] - ETA: 0s - loss: 4.1703 - accuracy: 0.9375
1/1 [==============================] - 0s 7ms/step - loss: 4.1703 - accuracy: 0.9375
Epoch 16/25

1/1 [==============================] - ETA: 0s - loss: 4.1202 - accuracy: 0.9375
1/1 [==============================] - 0s 7ms/step - loss: 4.1202 - accuracy: 0.9375
Epoch 17/25

1/1 [==============================] - ETA: 0s - loss: 4.0680 - accuracy: 0.9375
1/1 [==============================] - 0s 8ms/step - loss: 4.0680 - accuracy: 0.9375
Epoch 18/25

1/1 [==============================] - ETA: 0s - loss: 4.0136 - accuracy: 0.9375
1/1 [==============================] - 0s 8ms/step - loss: 4.0136 - accuracy: 0.9375
Epoch 19/25

1/1 [==============================] - ETA: 0s - loss: 3.9570 - accuracy: 0.9375
1/1 [==============================] - 0s 9ms/step - loss: 3.9570 - accuracy: 0.9375
Epoch 20/25

1/1 [==============================] - ETA: 0s - loss: 3.8980 - accuracy: 0.9375
1/1 [==============================] - 0s 8ms/step - loss: 3.8980 - accuracy: 0.9375
Epoch 21/25

1/1 [==============================] - ETA: 0s - loss: 3.8365 - accuracy: 0.9375
1/1 [==============================] - 0s 8ms/step - loss: 3.8365 - accuracy: 0.9375
Epoch 22/25

1/1 [==============================] - ETA: 0s - loss: 3.7726 - accuracy: 0.9375
1/1 [==============================] - 0s 8ms/step - loss: 3.7726 - accuracy: 0.9375
Epoch 23/25

1/1 [==============================] - ETA: 0s - loss: 3.7061 - accuracy: 0.9375
1/1 [==============================] - 0s 7ms/step - loss: 3.7061 - accuracy: 0.9375
Epoch 24/25

1/1 [==============================] - ETA: 0s - loss: 3.6369 - accuracy: 0.9375
1/1 [==============================] - 0s 6ms/step - loss: 3.6369 - accuracy: 0.9375
Epoch 25/25

1/1 [==============================] - ETA: 0s - loss: 3.5652 - accuracy: 0.9375
1/1 [==============================] - 0s 7ms/step - loss: 3.5652 - accuracy: 0.9375
# node2vec
Epoch 1/25

1/1 [==============================] - ETA: 0s - loss: 4.5324 - accuracy: 0.0000e+00
1/1 [==============================] - 0s 372ms/step - loss: 4.5324 - accuracy: 0.0000e+00
Epoch 2/25

1/1 [==============================] - ETA: 0s - loss: 4.4933 - accuracy: 0.0000e+00
1/1 [==============================] - 0s 3ms/step - loss: 4.4933 - accuracy: 0.0000e+00
Epoch 3/25

1/1 [==============================] - ETA: 0s - loss: 4.4543 - accuracy: 0.0000e+00
1/1 [==============================] - 0s 5ms/step - loss: 4.4543 - accuracy: 0.0000e+00
Epoch 4/25

1/1 [==============================] - ETA: 0s - loss: 4.4153 - accuracy: 0.0625
1/1 [==============================] - 0s 4ms/step - loss: 4.4153 - accuracy: 0.0625
Epoch 5/25

1/1 [==============================] - ETA: 0s - loss: 4.3764 - accuracy: 0.0625
1/1 [==============================] - 0s 3ms/step - loss: 4.3764 - accuracy: 0.0625
Epoch 6/25

1/1 [==============================] - ETA: 0s - loss: 4.3375 - accuracy: 0.1250
1/1 [==============================] - 0s 5ms/step - loss: 4.3375 - accuracy: 0.1250
Epoch 7/25

1/1 [==============================] - ETA: 0s - loss: 4.2988 - accuracy: 0.1250
1/1 [==============================] - 0s 5ms/step - loss: 4.2988 - accuracy: 0.1250
Epoch 8/25

1/1 [==============================] - ETA: 0s - loss: 4.2600 - accuracy: 0.1250
1/1 [==============================] - 0s 4ms/step - loss: 4.2600 - accuracy: 0.1250
Epoch 9/25

1/1 [==============================] - ETA: 0s - loss: 4.2214 - accuracy: 0.1875
1/1 [==============================] - 0s 5ms/step - loss: 4.2214 - accuracy: 0.1875
Epoch 10/25

1/1 [==============================] - ETA: 0s - loss: 4.1828 - accuracy: 0.3125
1/1 [==============================] - 0s 6ms/step - loss: 4.1828 - accuracy: 0.3125
Epoch 11/25

1/1 [==============================] - ETA: 0s - loss: 4.1443 - accuracy: 0.3750
1/1 [==============================] - 0s 4ms/step - loss: 4.1443 - accuracy: 0.3750
Epoch 12/25

1/1 [==============================] - ETA: 0s - loss: 4.1058 - accuracy: 0.4375
1/1 [==============================] - 0s 4ms/step - loss: 4.1058 - accuracy: 0.4375
Epoch 13/25

1/1 [==============================] - ETA: 0s - loss: 4.0675 - accuracy: 0.4375
1/1 [==============================] - 0s 5ms/step - loss: 4.0675 - accuracy: 0.4375
Epoch 14/25

1/1 [==============================] - ETA: 0s - loss: 4.0292 - accuracy: 0.4375
1/1 [==============================] - 0s 4ms/step - loss: 4.0292 - accuracy: 0.4375
Epoch 15/25

1/1 [==============================] - ETA: 0s - loss: 3.9910 - accuracy: 0.5625
1/1 [==============================] - 0s 4ms/step - loss: 3.9910 - accuracy: 0.5625
Epoch 16/25

1/1 [==============================] - ETA: 0s - loss: 3.9529 - accuracy: 0.6250
1/1 [==============================] - 0s 3ms/step - loss: 3.9529 - accuracy: 0.6250
Epoch 17/25

1/1 [==============================] - ETA: 0s - loss: 3.9149 - accuracy: 0.6250
1/1 [==============================] - 0s 4ms/step - loss: 3.9149 - accuracy: 0.6250
Epoch 18/25

1/1 [==============================] - ETA: 0s - loss: 3.8769 - accuracy: 0.6250
1/1 [==============================] - 0s 3ms/step - loss: 3.8769 - accuracy: 0.6250
Epoch 19/25

1/1 [==============================] - ETA: 0s - loss: 3.8391 - accuracy: 0.6250
1/1 [==============================] - 0s 3ms/step - loss: 3.8391 - accuracy: 0.6250
Epoch 20/25

1/1 [==============================] - ETA: 0s - loss: 3.8014 - accuracy: 0.6250
1/1 [==============================] - 0s 4ms/step - loss: 3.8014 - accuracy: 0.6250
Epoch 21/25

1/1 [==============================] - ETA: 0s - loss: 3.7638 - accuracy: 0.6250
1/1 [==============================] - 0s 3ms/step - loss: 3.7638 - accuracy: 0.6250
Epoch 22/25

1/1 [==============================] - ETA: 0s - loss: 3.7263 - accuracy: 0.6250
1/1 [==============================] - 0s 4ms/step - loss: 3.7263 - accuracy: 0.6250
Epoch 23/25

1/1 [==============================] - ETA: 0s - loss: 3.6889 - accuracy: 0.6250
1/1 [==============================] - 0s 4ms/step - loss: 3.6889 - accuracy: 0.6250
Epoch 24/25

1/1 [==============================] - ETA: 0s - loss: 3.6516 - accuracy: 0.6250
1/1 [==============================] - 0s 4ms/step - loss: 3.6516 - accuracy: 0.6250
Epoch 25/25

1/1 [==============================] - ETA: 0s - loss: 3.6144 - accuracy: 0.7500
1/1 [==============================] - 0s 5ms/step - loss: 3.6144 - accuracy: 0.7500
# predict: steps=12
# predict: tnodeembed_metrics
# predict: node2vec_metrics
tnodeembed: {'auc': 0.7076055328120021, 'f1_micro': 0.0, 'f1_macro': 0.0} tNodeEmbed_final_loss=3.5651841163635254 tNodeEmbed_final_accuracy=0.9375 
node2vec: {'auc': 0.6980808288186698, 'f1_micro': 0.0, 'f1_macro': 0.0} node2vec_final_loss=3.6143858432769775 node2vec_final_accuracy=0.75 
