# load graph
Processing Static file: filename='CollegeMsg_20040430.csv'
# initialize tNodeEmbed for dataset=COLLEGE_NC, test_size=0.2
# load dataset
# fit
# tNodeEmbed steps_per_epoch=1
Epoch 1/25

1/1 [==============================] - ETA: 0s - loss: 4.7358 - accuracy: 0.2500
1/1 [==============================] - 1s 957ms/step - loss: 4.7358 - accuracy: 0.2500
Epoch 2/25

1/1 [==============================] - ETA: 0s - loss: 4.7140 - accuracy: 0.3125
1/1 [==============================] - 0s 3ms/step - loss: 4.7140 - accuracy: 0.3125
Epoch 3/25

1/1 [==============================] - ETA: 0s - loss: 4.6920 - accuracy: 0.3750
1/1 [==============================] - 0s 5ms/step - loss: 4.6920 - accuracy: 0.3750
Epoch 4/25

1/1 [==============================] - ETA: 0s - loss: 4.6697 - accuracy: 0.3750
1/1 [==============================] - 0s 5ms/step - loss: 4.6697 - accuracy: 0.3750
Epoch 5/25

1/1 [==============================] - ETA: 0s - loss: 4.6470 - accuracy: 0.6250
1/1 [==============================] - 0s 6ms/step - loss: 4.6470 - accuracy: 0.6250
Epoch 6/25

1/1 [==============================] - ETA: 0s - loss: 4.6239 - accuracy: 0.6250
1/1 [==============================] - 0s 5ms/step - loss: 4.6239 - accuracy: 0.6250
Epoch 7/25

1/1 [==============================] - ETA: 0s - loss: 4.6003 - accuracy: 0.6250
1/1 [==============================] - 0s 5ms/step - loss: 4.6003 - accuracy: 0.6250
Epoch 8/25

1/1 [==============================] - ETA: 0s - loss: 4.5761 - accuracy: 0.6875
1/1 [==============================] - 0s 4ms/step - loss: 4.5761 - accuracy: 0.6875
Epoch 9/25

1/1 [==============================] - ETA: 0s - loss: 4.5512 - accuracy: 0.6875
1/1 [==============================] - 0s 4ms/step - loss: 4.5512 - accuracy: 0.6875
Epoch 10/25

1/1 [==============================] - ETA: 0s - loss: 4.5257 - accuracy: 0.6875
1/1 [==============================] - 0s 5ms/step - loss: 4.5257 - accuracy: 0.6875
Epoch 11/25

1/1 [==============================] - ETA: 0s - loss: 4.4994 - accuracy: 0.6875
1/1 [==============================] - 0s 5ms/step - loss: 4.4994 - accuracy: 0.6875
Epoch 12/25

1/1 [==============================] - ETA: 0s - loss: 4.4724 - accuracy: 0.6875
1/1 [==============================] - 0s 4ms/step - loss: 4.4724 - accuracy: 0.6875
Epoch 13/25

1/1 [==============================] - ETA: 0s - loss: 4.4446 - accuracy: 0.6875
1/1 [==============================] - 0s 5ms/step - loss: 4.4446 - accuracy: 0.6875
Epoch 14/25

1/1 [==============================] - ETA: 0s - loss: 4.4160 - accuracy: 0.6875
1/1 [==============================] - 0s 4ms/step - loss: 4.4160 - accuracy: 0.6875
Epoch 15/25

1/1 [==============================] - ETA: 0s - loss: 4.3867 - accuracy: 0.6875
1/1 [==============================] - 0s 5ms/step - loss: 4.3867 - accuracy: 0.6875
Epoch 16/25

1/1 [==============================] - ETA: 0s - loss: 4.3567 - accuracy: 0.6875
1/1 [==============================] - 0s 3ms/step - loss: 4.3567 - accuracy: 0.6875
Epoch 17/25

1/1 [==============================] - ETA: 0s - loss: 4.3260 - accuracy: 0.6875
1/1 [==============================] - 0s 4ms/step - loss: 4.3260 - accuracy: 0.6875
Epoch 18/25

1/1 [==============================] - ETA: 0s - loss: 4.2946 - accuracy: 0.6875
1/1 [==============================] - 0s 4ms/step - loss: 4.2946 - accuracy: 0.6875
Epoch 19/25

1/1 [==============================] - ETA: 0s - loss: 4.2626 - accuracy: 0.6875
1/1 [==============================] - 0s 4ms/step - loss: 4.2626 - accuracy: 0.6875
Epoch 20/25

1/1 [==============================] - ETA: 0s - loss: 4.2301 - accuracy: 0.6875
1/1 [==============================] - 0s 4ms/step - loss: 4.2301 - accuracy: 0.6875
Epoch 21/25

1/1 [==============================] - ETA: 0s - loss: 4.1972 - accuracy: 0.6875
1/1 [==============================] - 0s 4ms/step - loss: 4.1972 - accuracy: 0.6875
Epoch 22/25

1/1 [==============================] - ETA: 0s - loss: 4.1640 - accuracy: 0.6875
1/1 [==============================] - 0s 4ms/step - loss: 4.1640 - accuracy: 0.6875
Epoch 23/25

1/1 [==============================] - ETA: 0s - loss: 4.1305 - accuracy: 0.6875
1/1 [==============================] - 0s 4ms/step - loss: 4.1305 - accuracy: 0.6875
Epoch 24/25

1/1 [==============================] - ETA: 0s - loss: 4.0967 - accuracy: 0.6875
1/1 [==============================] - 0s 4ms/step - loss: 4.0967 - accuracy: 0.6875
Epoch 25/25

1/1 [==============================] - ETA: 0s - loss: 4.0627 - accuracy: 0.6875
1/1 [==============================] - 0s 4ms/step - loss: 4.0627 - accuracy: 0.6875
# node2vec
Epoch 1/25

1/1 [==============================] - ETA: 0s - loss: 4.8066 - accuracy: 0.2500
1/1 [==============================] - 0s 188ms/step - loss: 4.8066 - accuracy: 0.2500
Epoch 2/25

1/1 [==============================] - ETA: 0s - loss: 4.7862 - accuracy: 0.2500
1/1 [==============================] - 0s 2ms/step - loss: 4.7862 - accuracy: 0.2500
Epoch 3/25

1/1 [==============================] - ETA: 0s - loss: 4.7658 - accuracy: 0.2500
1/1 [==============================] - 0s 2ms/step - loss: 4.7658 - accuracy: 0.2500
Epoch 4/25

1/1 [==============================] - ETA: 0s - loss: 4.7455 - accuracy: 0.2500
1/1 [==============================] - 0s 4ms/step - loss: 4.7455 - accuracy: 0.2500
Epoch 5/25

1/1 [==============================] - ETA: 0s - loss: 4.7252 - accuracy: 0.2500
1/1 [==============================] - 0s 2ms/step - loss: 4.7252 - accuracy: 0.2500
Epoch 6/25

1/1 [==============================] - ETA: 0s - loss: 4.7049 - accuracy: 0.2500
1/1 [==============================] - 0s 3ms/step - loss: 4.7049 - accuracy: 0.2500
Epoch 7/25

1/1 [==============================] - ETA: 0s - loss: 4.6847 - accuracy: 0.2500
1/1 [==============================] - 0s 1ms/step - loss: 4.6847 - accuracy: 0.2500
Epoch 8/25

1/1 [==============================] - ETA: 0s - loss: 4.6645 - accuracy: 0.2500
1/1 [==============================] - 0s 4ms/step - loss: 4.6645 - accuracy: 0.2500
Epoch 9/25

1/1 [==============================] - ETA: 0s - loss: 4.6443 - accuracy: 0.2500
1/1 [==============================] - 0s 4ms/step - loss: 4.6443 - accuracy: 0.2500
Epoch 10/25

1/1 [==============================] - ETA: 0s - loss: 4.6241 - accuracy: 0.2500
1/1 [==============================] - 0s 3ms/step - loss: 4.6241 - accuracy: 0.2500
Epoch 11/25

1/1 [==============================] - ETA: 0s - loss: 4.6040 - accuracy: 0.2500
1/1 [==============================] - 0s 4ms/step - loss: 4.6040 - accuracy: 0.2500
Epoch 12/25

1/1 [==============================] - ETA: 0s - loss: 4.5840 - accuracy: 0.2500
1/1 [==============================] - 0s 4ms/step - loss: 4.5840 - accuracy: 0.2500
Epoch 13/25

1/1 [==============================] - ETA: 0s - loss: 4.5640 - accuracy: 0.2500
1/1 [==============================] - 0s 4ms/step - loss: 4.5640 - accuracy: 0.2500
Epoch 14/25

1/1 [==============================] - ETA: 0s - loss: 4.5440 - accuracy: 0.3125
1/1 [==============================] - 0s 3ms/step - loss: 4.5440 - accuracy: 0.3125
Epoch 15/25

1/1 [==============================] - ETA: 0s - loss: 4.5241 - accuracy: 0.3125
1/1 [==============================] - 0s 4ms/step - loss: 4.5241 - accuracy: 0.3125
Epoch 16/25

1/1 [==============================] - ETA: 0s - loss: 4.5042 - accuracy: 0.3125
1/1 [==============================] - 0s 5ms/step - loss: 4.5042 - accuracy: 0.3125
Epoch 17/25

1/1 [==============================] - ETA: 0s - loss: 4.4844 - accuracy: 0.3750
1/1 [==============================] - 0s 3ms/step - loss: 4.4844 - accuracy: 0.3750
Epoch 18/25

1/1 [==============================] - ETA: 0s - loss: 4.4646 - accuracy: 0.3750
1/1 [==============================] - 0s 3ms/step - loss: 4.4646 - accuracy: 0.3750
Epoch 19/25

1/1 [==============================] - ETA: 0s - loss: 4.4450 - accuracy: 0.3750
1/1 [==============================] - 0s 4ms/step - loss: 4.4450 - accuracy: 0.3750
Epoch 20/25

1/1 [==============================] - ETA: 0s - loss: 4.4253 - accuracy: 0.4375
1/1 [==============================] - 0s 4ms/step - loss: 4.4253 - accuracy: 0.4375
Epoch 21/25

1/1 [==============================] - ETA: 0s - loss: 4.4058 - accuracy: 0.4375
1/1 [==============================] - 0s 4ms/step - loss: 4.4058 - accuracy: 0.4375
Epoch 22/25

1/1 [==============================] - ETA: 0s - loss: 4.3863 - accuracy: 0.5000
1/1 [==============================] - 0s 3ms/step - loss: 4.3863 - accuracy: 0.5000
Epoch 23/25

1/1 [==============================] - ETA: 0s - loss: 4.3669 - accuracy: 0.5000
1/1 [==============================] - 0s 3ms/step - loss: 4.3669 - accuracy: 0.5000
Epoch 24/25

1/1 [==============================] - ETA: 0s - loss: 4.3475 - accuracy: 0.5000
1/1 [==============================] - 0s 3ms/step - loss: 4.3475 - accuracy: 0.5000
Epoch 25/25

1/1 [==============================] - ETA: 0s - loss: 4.3283 - accuracy: 0.5625
1/1 [==============================] - 0s 3ms/step - loss: 4.3283 - accuracy: 0.5625
# predict: steps=12
# predict: tnodeembed_metrics
# predict: node2vec_metrics
tnodeembed: {'auc': 0.6949972728164145, 'f1_micro': 0.005249343832020998, 'f1_macro': 0.0003987240829346092} tNodeEmbed_final_loss=4.062736988067627 tNodeEmbed_final_accuracy=0.6875 
node2vec: {'auc': 0.6679663177505946, 'f1_micro': 0.0, 'f1_macro': 0.0} node2vec_final_loss=4.328286647796631 node2vec_final_accuracy=0.5625 
