# load graph
Processing Static file: filename='CollegeMsg_20041024.csv'
# initialize tNodeEmbed for dataset=COLLEGE_NC, test_size=0.2
# load dataset
# fit
# tNodeEmbed steps_per_epoch=1
Epoch 1/25

1/1 [==============================] - ETA: 0s - loss: 4.7217 - accuracy: 0.0625
1/1 [==============================] - 1s 1s/step - loss: 4.7217 - accuracy: 0.0625
Epoch 2/25

1/1 [==============================] - ETA: 0s - loss: 4.6878 - accuracy: 0.1875
1/1 [==============================] - 0s 6ms/step - loss: 4.6878 - accuracy: 0.1875
Epoch 3/25

1/1 [==============================] - ETA: 0s - loss: 4.6539 - accuracy: 0.3125
1/1 [==============================] - 0s 6ms/step - loss: 4.6539 - accuracy: 0.3125
Epoch 4/25

1/1 [==============================] - ETA: 0s - loss: 4.6197 - accuracy: 0.5000
1/1 [==============================] - 0s 6ms/step - loss: 4.6197 - accuracy: 0.5000
Epoch 5/25

1/1 [==============================] - ETA: 0s - loss: 4.5851 - accuracy: 0.6250
1/1 [==============================] - 0s 5ms/step - loss: 4.5851 - accuracy: 0.6250
Epoch 6/25

1/1 [==============================] - ETA: 0s - loss: 4.5501 - accuracy: 0.8125
1/1 [==============================] - 0s 6ms/step - loss: 4.5501 - accuracy: 0.8125
Epoch 7/25

1/1 [==============================] - ETA: 0s - loss: 4.5144 - accuracy: 0.8750
1/1 [==============================] - 0s 5ms/step - loss: 4.5144 - accuracy: 0.8750
Epoch 8/25

1/1 [==============================] - ETA: 0s - loss: 4.4778 - accuracy: 0.8750
1/1 [==============================] - 0s 6ms/step - loss: 4.4778 - accuracy: 0.8750
Epoch 9/25

1/1 [==============================] - ETA: 0s - loss: 4.4404 - accuracy: 0.9375
1/1 [==============================] - 0s 5ms/step - loss: 4.4404 - accuracy: 0.9375
Epoch 10/25

1/1 [==============================] - ETA: 0s - loss: 4.4019 - accuracy: 0.9375
1/1 [==============================] - 0s 5ms/step - loss: 4.4019 - accuracy: 0.9375
Epoch 11/25

1/1 [==============================] - ETA: 0s - loss: 4.3622 - accuracy: 1.0000
1/1 [==============================] - 0s 6ms/step - loss: 4.3622 - accuracy: 1.0000
Epoch 12/25

1/1 [==============================] - ETA: 0s - loss: 4.3212 - accuracy: 1.0000
1/1 [==============================] - 0s 5ms/step - loss: 4.3212 - accuracy: 1.0000
Epoch 13/25

1/1 [==============================] - ETA: 0s - loss: 4.2787 - accuracy: 1.0000
1/1 [==============================] - 0s 6ms/step - loss: 4.2787 - accuracy: 1.0000
Epoch 14/25

1/1 [==============================] - ETA: 0s - loss: 4.2347 - accuracy: 1.0000
1/1 [==============================] - 0s 5ms/step - loss: 4.2347 - accuracy: 1.0000
Epoch 15/25

1/1 [==============================] - ETA: 0s - loss: 4.1890 - accuracy: 1.0000
1/1 [==============================] - 0s 6ms/step - loss: 4.1890 - accuracy: 1.0000
Epoch 16/25

1/1 [==============================] - ETA: 0s - loss: 4.1416 - accuracy: 1.0000
1/1 [==============================] - 0s 5ms/step - loss: 4.1416 - accuracy: 1.0000
Epoch 17/25

1/1 [==============================] - ETA: 0s - loss: 4.0923 - accuracy: 1.0000
1/1 [==============================] - 0s 5ms/step - loss: 4.0923 - accuracy: 1.0000
Epoch 18/25

1/1 [==============================] - ETA: 0s - loss: 4.0410 - accuracy: 1.0000
1/1 [==============================] - 0s 6ms/step - loss: 4.0410 - accuracy: 1.0000
Epoch 19/25

1/1 [==============================] - ETA: 0s - loss: 3.9877 - accuracy: 1.0000
1/1 [==============================] - 0s 8ms/step - loss: 3.9877 - accuracy: 1.0000
Epoch 20/25

1/1 [==============================] - ETA: 0s - loss: 3.9323 - accuracy: 1.0000
1/1 [==============================] - 0s 8ms/step - loss: 3.9323 - accuracy: 1.0000
Epoch 21/25

1/1 [==============================] - ETA: 0s - loss: 3.8746 - accuracy: 1.0000
1/1 [==============================] - 0s 7ms/step - loss: 3.8746 - accuracy: 1.0000
Epoch 22/25

1/1 [==============================] - ETA: 0s - loss: 3.8148 - accuracy: 1.0000
1/1 [==============================] - 0s 7ms/step - loss: 3.8148 - accuracy: 1.0000
Epoch 23/25

1/1 [==============================] - ETA: 0s - loss: 3.7526 - accuracy: 1.0000
1/1 [==============================] - 0s 7ms/step - loss: 3.7526 - accuracy: 1.0000
Epoch 24/25

1/1 [==============================] - ETA: 0s - loss: 3.6882 - accuracy: 1.0000
1/1 [==============================] - 0s 7ms/step - loss: 3.6882 - accuracy: 1.0000
Epoch 25/25

1/1 [==============================] - ETA: 0s - loss: 3.6213 - accuracy: 1.0000
1/1 [==============================] - 0s 7ms/step - loss: 3.6213 - accuracy: 1.0000
# node2vec
Epoch 1/25

1/1 [==============================] - ETA: 0s - loss: 4.7299 - accuracy: 0.0625
1/1 [==============================] - 0s 242ms/step - loss: 4.7299 - accuracy: 0.0625
Epoch 2/25

1/1 [==============================] - ETA: 0s - loss: 4.6926 - accuracy: 0.0625
1/1 [==============================] - 0s 3ms/step - loss: 4.6926 - accuracy: 0.0625
Epoch 3/25

1/1 [==============================] - ETA: 0s - loss: 4.6552 - accuracy: 0.0625
1/1 [==============================] - 0s 3ms/step - loss: 4.6552 - accuracy: 0.0625
Epoch 4/25

1/1 [==============================] - ETA: 0s - loss: 4.6180 - accuracy: 0.0625
1/1 [==============================] - 0s 3ms/step - loss: 4.6180 - accuracy: 0.0625
Epoch 5/25

1/1 [==============================] - ETA: 0s - loss: 4.5807 - accuracy: 0.0625
1/1 [==============================] - 0s 4ms/step - loss: 4.5807 - accuracy: 0.0625
Epoch 6/25

1/1 [==============================] - ETA: 0s - loss: 4.5436 - accuracy: 0.0625
1/1 [==============================] - 0s 3ms/step - loss: 4.5436 - accuracy: 0.0625
Epoch 7/25

1/1 [==============================] - ETA: 0s - loss: 4.5064 - accuracy: 0.0625
1/1 [==============================] - 0s 3ms/step - loss: 4.5064 - accuracy: 0.0625
Epoch 8/25

1/1 [==============================] - ETA: 0s - loss: 4.4694 - accuracy: 0.0625
1/1 [==============================] - 0s 4ms/step - loss: 4.4694 - accuracy: 0.0625
Epoch 9/25

1/1 [==============================] - ETA: 0s - loss: 4.4324 - accuracy: 0.0625
1/1 [==============================] - 0s 5ms/step - loss: 4.4324 - accuracy: 0.0625
Epoch 10/25

1/1 [==============================] - ETA: 0s - loss: 4.3954 - accuracy: 0.0625
1/1 [==============================] - 0s 4ms/step - loss: 4.3954 - accuracy: 0.0625
Epoch 11/25

1/1 [==============================] - ETA: 0s - loss: 4.3586 - accuracy: 0.1250
1/1 [==============================] - 0s 4ms/step - loss: 4.3586 - accuracy: 0.1250
Epoch 12/25

1/1 [==============================] - ETA: 0s - loss: 4.3218 - accuracy: 0.1250
1/1 [==============================] - 0s 3ms/step - loss: 4.3218 - accuracy: 0.1250
Epoch 13/25

1/1 [==============================] - ETA: 0s - loss: 4.2850 - accuracy: 0.1250
1/1 [==============================] - 0s 3ms/step - loss: 4.2850 - accuracy: 0.1250
Epoch 14/25

1/1 [==============================] - ETA: 0s - loss: 4.2484 - accuracy: 0.1875
1/1 [==============================] - 0s 3ms/step - loss: 4.2484 - accuracy: 0.1875
Epoch 15/25

1/1 [==============================] - ETA: 0s - loss: 4.2118 - accuracy: 0.1875
1/1 [==============================] - 0s 4ms/step - loss: 4.2118 - accuracy: 0.1875
Epoch 16/25

1/1 [==============================] - ETA: 0s - loss: 4.1753 - accuracy: 0.1875
1/1 [==============================] - 0s 4ms/step - loss: 4.1753 - accuracy: 0.1875
Epoch 17/25

1/1 [==============================] - ETA: 0s - loss: 4.1389 - accuracy: 0.1875
1/1 [==============================] - 0s 3ms/step - loss: 4.1389 - accuracy: 0.1875
Epoch 18/25

1/1 [==============================] - ETA: 0s - loss: 4.1025 - accuracy: 0.1875
1/1 [==============================] - 0s 3ms/step - loss: 4.1025 - accuracy: 0.1875
Epoch 19/25

1/1 [==============================] - ETA: 0s - loss: 4.0663 - accuracy: 0.2500
1/1 [==============================] - 0s 4ms/step - loss: 4.0663 - accuracy: 0.2500
Epoch 20/25

1/1 [==============================] - ETA: 0s - loss: 4.0301 - accuracy: 0.2500
1/1 [==============================] - 0s 4ms/step - loss: 4.0301 - accuracy: 0.2500
Epoch 21/25

1/1 [==============================] - ETA: 0s - loss: 3.9940 - accuracy: 0.3750
1/1 [==============================] - 0s 3ms/step - loss: 3.9940 - accuracy: 0.3750
Epoch 22/25

1/1 [==============================] - ETA: 0s - loss: 3.9580 - accuracy: 0.4375
1/1 [==============================] - 0s 3ms/step - loss: 3.9580 - accuracy: 0.4375
Epoch 23/25

1/1 [==============================] - ETA: 0s - loss: 3.9221 - accuracy: 0.4375
1/1 [==============================] - 0s 4ms/step - loss: 3.9221 - accuracy: 0.4375
Epoch 24/25

1/1 [==============================] - ETA: 0s - loss: 3.8863 - accuracy: 0.4375
1/1 [==============================] - 0s 4ms/step - loss: 3.8863 - accuracy: 0.4375
Epoch 25/25

1/1 [==============================] - ETA: 0s - loss: 3.8506 - accuracy: 0.4375
1/1 [==============================] - 0s 4ms/step - loss: 3.8506 - accuracy: 0.4375
# predict: steps=12
# predict: tnodeembed_metrics
# predict: node2vec_metrics
tnodeembed: {'auc': 0.685330510136543, 'f1_micro': 0.0, 'f1_macro': 0.0} tNodeEmbed_final_loss=3.6213345527648926 tNodeEmbed_final_accuracy=1.0 
node2vec: {'auc': 0.6109099600421641, 'f1_micro': 0.0, 'f1_macro': 0.0} node2vec_final_loss=3.8506438732147217 node2vec_final_accuracy=0.4375 
