# load graph
Processing Static file: filename='CollegeMsg_20040621.csv'
# initialize tNodeEmbed for dataset=COLLEGE_NC, test_size=0.2
# load dataset
# fit
# tNodeEmbed steps_per_epoch=1
Epoch 1/25

1/1 [==============================] - ETA: 0s - loss: 4.7664 - accuracy: 0.0625
1/1 [==============================] - 1s 1s/step - loss: 4.7664 - accuracy: 0.0625
Epoch 2/25

1/1 [==============================] - ETA: 0s - loss: 4.7317 - accuracy: 0.0625
1/1 [==============================] - 0s 4ms/step - loss: 4.7317 - accuracy: 0.0625
Epoch 3/25

1/1 [==============================] - ETA: 0s - loss: 4.6971 - accuracy: 0.1875
1/1 [==============================] - 0s 5ms/step - loss: 4.6971 - accuracy: 0.1875
Epoch 4/25

1/1 [==============================] - ETA: 0s - loss: 4.6624 - accuracy: 0.3750
1/1 [==============================] - 0s 4ms/step - loss: 4.6624 - accuracy: 0.3750
Epoch 5/25

1/1 [==============================] - ETA: 0s - loss: 4.6273 - accuracy: 0.5000
1/1 [==============================] - 0s 4ms/step - loss: 4.6273 - accuracy: 0.5000
Epoch 6/25

1/1 [==============================] - ETA: 0s - loss: 4.5918 - accuracy: 0.5625
1/1 [==============================] - 0s 5ms/step - loss: 4.5918 - accuracy: 0.5625
Epoch 7/25

1/1 [==============================] - ETA: 0s - loss: 4.5556 - accuracy: 0.6250
1/1 [==============================] - 0s 4ms/step - loss: 4.5556 - accuracy: 0.6250
Epoch 8/25

1/1 [==============================] - ETA: 0s - loss: 4.5187 - accuracy: 0.7500
1/1 [==============================] - 0s 4ms/step - loss: 4.5187 - accuracy: 0.7500
Epoch 9/25

1/1 [==============================] - ETA: 0s - loss: 4.4807 - accuracy: 0.8125
1/1 [==============================] - 0s 4ms/step - loss: 4.4807 - accuracy: 0.8125
Epoch 10/25

1/1 [==============================] - ETA: 0s - loss: 4.4417 - accuracy: 0.8125
1/1 [==============================] - 0s 4ms/step - loss: 4.4417 - accuracy: 0.8125
Epoch 11/25

1/1 [==============================] - ETA: 0s - loss: 4.4015 - accuracy: 0.8125
1/1 [==============================] - 0s 4ms/step - loss: 4.4015 - accuracy: 0.8125
Epoch 12/25

1/1 [==============================] - ETA: 0s - loss: 4.3599 - accuracy: 0.8750
1/1 [==============================] - 0s 3ms/step - loss: 4.3599 - accuracy: 0.8750
Epoch 13/25

1/1 [==============================] - ETA: 0s - loss: 4.3168 - accuracy: 0.8750
1/1 [==============================] - 0s 3ms/step - loss: 4.3168 - accuracy: 0.8750
Epoch 14/25

1/1 [==============================] - ETA: 0s - loss: 4.2720 - accuracy: 0.8750
1/1 [==============================] - 0s 3ms/step - loss: 4.2720 - accuracy: 0.8750
Epoch 15/25

1/1 [==============================] - ETA: 0s - loss: 4.2256 - accuracy: 0.8750
1/1 [==============================] - 0s 4ms/step - loss: 4.2256 - accuracy: 0.8750
Epoch 16/25

1/1 [==============================] - ETA: 0s - loss: 4.1773 - accuracy: 0.8750
1/1 [==============================] - 0s 3ms/step - loss: 4.1773 - accuracy: 0.8750
Epoch 17/25

1/1 [==============================] - ETA: 0s - loss: 4.1270 - accuracy: 0.8750
1/1 [==============================] - 0s 4ms/step - loss: 4.1270 - accuracy: 0.8750
Epoch 18/25

1/1 [==============================] - ETA: 0s - loss: 4.0747 - accuracy: 0.8750
1/1 [==============================] - 0s 3ms/step - loss: 4.0747 - accuracy: 0.8750
Epoch 19/25

1/1 [==============================] - ETA: 0s - loss: 4.0203 - accuracy: 0.8750
1/1 [==============================] - 0s 4ms/step - loss: 4.0203 - accuracy: 0.8750
Epoch 20/25

1/1 [==============================] - ETA: 0s - loss: 3.9638 - accuracy: 0.8750
1/1 [==============================] - 0s 4ms/step - loss: 3.9638 - accuracy: 0.8750
Epoch 21/25

1/1 [==============================] - ETA: 0s - loss: 3.9050 - accuracy: 0.8750
1/1 [==============================] - 0s 4ms/step - loss: 3.9050 - accuracy: 0.8750
Epoch 22/25

1/1 [==============================] - ETA: 0s - loss: 3.8440 - accuracy: 0.8750
1/1 [==============================] - 0s 4ms/step - loss: 3.8440 - accuracy: 0.8750
Epoch 23/25

1/1 [==============================] - ETA: 0s - loss: 3.7807 - accuracy: 0.8750
1/1 [==============================] - 0s 4ms/step - loss: 3.7807 - accuracy: 0.8750
Epoch 24/25

1/1 [==============================] - ETA: 0s - loss: 3.7151 - accuracy: 0.8750
1/1 [==============================] - 0s 3ms/step - loss: 3.7151 - accuracy: 0.8750
Epoch 25/25

1/1 [==============================] - ETA: 0s - loss: 3.6473 - accuracy: 0.8750
1/1 [==============================] - 0s 3ms/step - loss: 3.6473 - accuracy: 0.8750
# node2vec
Epoch 1/25

1/1 [==============================] - ETA: 0s - loss: 4.7131 - accuracy: 0.0625
1/1 [==============================] - 0s 247ms/step - loss: 4.7131 - accuracy: 0.0625
Epoch 2/25

1/1 [==============================] - ETA: 0s - loss: 4.6770 - accuracy: 0.1250
1/1 [==============================] - 0s 2ms/step - loss: 4.6770 - accuracy: 0.1250
Epoch 3/25

1/1 [==============================] - ETA: 0s - loss: 4.6409 - accuracy: 0.1250
1/1 [==============================] - 0s 3ms/step - loss: 4.6409 - accuracy: 0.1250
Epoch 4/25

1/1 [==============================] - ETA: 0s - loss: 4.6049 - accuracy: 0.1250
1/1 [==============================] - 0s 3ms/step - loss: 4.6049 - accuracy: 0.1250
Epoch 5/25

1/1 [==============================] - ETA: 0s - loss: 4.5689 - accuracy: 0.1250
1/1 [==============================] - 0s 2ms/step - loss: 4.5689 - accuracy: 0.1250
Epoch 6/25

1/1 [==============================] - ETA: 0s - loss: 4.5329 - accuracy: 0.1250
1/1 [==============================] - 0s 3ms/step - loss: 4.5329 - accuracy: 0.1250
Epoch 7/25

1/1 [==============================] - ETA: 0s - loss: 4.4971 - accuracy: 0.1250
1/1 [==============================] - 0s 3ms/step - loss: 4.4971 - accuracy: 0.1250
Epoch 8/25

1/1 [==============================] - ETA: 0s - loss: 4.4613 - accuracy: 0.1250
1/1 [==============================] - 0s 3ms/step - loss: 4.4613 - accuracy: 0.1250
Epoch 9/25

1/1 [==============================] - ETA: 0s - loss: 4.4255 - accuracy: 0.1250
1/1 [==============================] - 0s 3ms/step - loss: 4.4255 - accuracy: 0.1250
Epoch 10/25

1/1 [==============================] - ETA: 0s - loss: 4.3898 - accuracy: 0.1250
1/1 [==============================] - 0s 3ms/step - loss: 4.3898 - accuracy: 0.1250
Epoch 11/25

1/1 [==============================] - ETA: 0s - loss: 4.3542 - accuracy: 0.1250
1/1 [==============================] - 0s 3ms/step - loss: 4.3542 - accuracy: 0.1250
Epoch 12/25

1/1 [==============================] - ETA: 0s - loss: 4.3187 - accuracy: 0.1250
1/1 [==============================] - 0s 3ms/step - loss: 4.3187 - accuracy: 0.1250
Epoch 13/25

1/1 [==============================] - ETA: 0s - loss: 4.2832 - accuracy: 0.1250
1/1 [==============================] - 0s 3ms/step - loss: 4.2832 - accuracy: 0.1250
Epoch 14/25

1/1 [==============================] - ETA: 0s - loss: 4.2478 - accuracy: 0.1250
1/1 [==============================] - 0s 2ms/step - loss: 4.2478 - accuracy: 0.1250
Epoch 15/25

1/1 [==============================] - ETA: 0s - loss: 4.2125 - accuracy: 0.3125
1/1 [==============================] - 0s 3ms/step - loss: 4.2125 - accuracy: 0.3125
Epoch 16/25

1/1 [==============================] - ETA: 0s - loss: 4.1773 - accuracy: 0.3125
1/1 [==============================] - 0s 2ms/step - loss: 4.1773 - accuracy: 0.3125
Epoch 17/25

1/1 [==============================] - ETA: 0s - loss: 4.1421 - accuracy: 0.4375
1/1 [==============================] - 0s 3ms/step - loss: 4.1421 - accuracy: 0.4375
Epoch 18/25

1/1 [==============================] - ETA: 0s - loss: 4.1071 - accuracy: 0.4375
1/1 [==============================] - 0s 2ms/step - loss: 4.1071 - accuracy: 0.4375
Epoch 19/25

1/1 [==============================] - ETA: 0s - loss: 4.0721 - accuracy: 0.4375
1/1 [==============================] - 0s 3ms/step - loss: 4.0721 - accuracy: 0.4375
Epoch 20/25

1/1 [==============================] - ETA: 0s - loss: 4.0373 - accuracy: 0.6250
1/1 [==============================] - 0s 3ms/step - loss: 4.0373 - accuracy: 0.6250
Epoch 21/25

1/1 [==============================] - ETA: 0s - loss: 4.0025 - accuracy: 0.6250
1/1 [==============================] - 0s 2ms/step - loss: 4.0025 - accuracy: 0.6250
Epoch 22/25

1/1 [==============================] - ETA: 0s - loss: 3.9678 - accuracy: 0.6250
1/1 [==============================] - 0s 3ms/step - loss: 3.9678 - accuracy: 0.6250
Epoch 23/25

1/1 [==============================] - ETA: 0s - loss: 3.9333 - accuracy: 0.6250
1/1 [==============================] - 0s 2ms/step - loss: 3.9333 - accuracy: 0.6250
Epoch 24/25

1/1 [==============================] - ETA: 0s - loss: 3.8988 - accuracy: 0.6250
1/1 [==============================] - 0s 2ms/step - loss: 3.8988 - accuracy: 0.6250
Epoch 25/25

1/1 [==============================] - ETA: 0s - loss: 3.8645 - accuracy: 0.6250
1/1 [==============================] - 0s 3ms/step - loss: 3.8645 - accuracy: 0.6250
# predict: steps=12
# predict: tnodeembed_metrics
# predict: node2vec_metrics
tnodeembed: {'auc': 0.7461344470865099, 'f1_micro': 0.0, 'f1_macro': 0.0} tNodeEmbed_final_loss=3.6473231315612793 tNodeEmbed_final_accuracy=0.875 
node2vec: {'auc': 0.6606426347657687, 'f1_micro': 0.0, 'f1_macro': 0.0} node2vec_final_loss=3.864469051361084 node2vec_final_accuracy=0.625 
