# load graph
Processing Static file: filename='CollegeMsg_20040517.csv'
# initialize tNodeEmbed for dataset=COLLEGE_NC, test_size=0.2
# load dataset
# fit
# tNodeEmbed steps_per_epoch=1
Epoch 1/25

1/1 [==============================] - ETA: 0s - loss: 4.7508 - accuracy: 0.0625
1/1 [==============================] - 1s 1s/step - loss: 4.7508 - accuracy: 0.0625
Epoch 2/25

1/1 [==============================] - ETA: 0s - loss: 4.7279 - accuracy: 0.2500
1/1 [==============================] - 0s 4ms/step - loss: 4.7279 - accuracy: 0.2500
Epoch 3/25

1/1 [==============================] - ETA: 0s - loss: 4.7051 - accuracy: 0.3125
1/1 [==============================] - 0s 5ms/step - loss: 4.7051 - accuracy: 0.3125
Epoch 4/25

1/1 [==============================] - ETA: 0s - loss: 4.6822 - accuracy: 0.5000
1/1 [==============================] - 0s 4ms/step - loss: 4.6822 - accuracy: 0.5000
Epoch 5/25

1/1 [==============================] - ETA: 0s - loss: 4.6592 - accuracy: 0.5625
1/1 [==============================] - 0s 4ms/step - loss: 4.6592 - accuracy: 0.5625
Epoch 6/25

1/1 [==============================] - ETA: 0s - loss: 4.6359 - accuracy: 0.6250
1/1 [==============================] - 0s 4ms/step - loss: 4.6359 - accuracy: 0.6250
Epoch 7/25

1/1 [==============================] - ETA: 0s - loss: 4.6123 - accuracy: 0.7500
1/1 [==============================] - 0s 4ms/step - loss: 4.6123 - accuracy: 0.7500
Epoch 8/25

1/1 [==============================] - ETA: 0s - loss: 4.5882 - accuracy: 0.7500
1/1 [==============================] - 0s 4ms/step - loss: 4.5882 - accuracy: 0.7500
Epoch 9/25

1/1 [==============================] - ETA: 0s - loss: 4.5637 - accuracy: 0.7500
1/1 [==============================] - 0s 4ms/step - loss: 4.5637 - accuracy: 0.7500
Epoch 10/25

1/1 [==============================] - ETA: 0s - loss: 4.5385 - accuracy: 0.7500
1/1 [==============================] - 0s 4ms/step - loss: 4.5385 - accuracy: 0.7500
Epoch 11/25

1/1 [==============================] - ETA: 0s - loss: 4.5126 - accuracy: 0.7500
1/1 [==============================] - 0s 4ms/step - loss: 4.5126 - accuracy: 0.7500
Epoch 12/25

1/1 [==============================] - ETA: 0s - loss: 4.4859 - accuracy: 0.7500
1/1 [==============================] - 0s 3ms/step - loss: 4.4859 - accuracy: 0.7500
Epoch 13/25

1/1 [==============================] - ETA: 0s - loss: 4.4583 - accuracy: 0.7500
1/1 [==============================] - 0s 4ms/step - loss: 4.4583 - accuracy: 0.7500
Epoch 14/25

1/1 [==============================] - ETA: 0s - loss: 4.4298 - accuracy: 0.7500
1/1 [==============================] - 0s 4ms/step - loss: 4.4298 - accuracy: 0.7500
Epoch 15/25

1/1 [==============================] - ETA: 0s - loss: 4.4003 - accuracy: 0.7500
1/1 [==============================] - 0s 3ms/step - loss: 4.4003 - accuracy: 0.7500
Epoch 16/25

1/1 [==============================] - ETA: 0s - loss: 4.3697 - accuracy: 0.7500
1/1 [==============================] - 0s 3ms/step - loss: 4.3697 - accuracy: 0.7500
Epoch 17/25

1/1 [==============================] - ETA: 0s - loss: 4.3380 - accuracy: 0.7500
1/1 [==============================] - 0s 3ms/step - loss: 4.3380 - accuracy: 0.7500
Epoch 18/25

1/1 [==============================] - ETA: 0s - loss: 4.3051 - accuracy: 0.7500
1/1 [==============================] - 0s 4ms/step - loss: 4.3051 - accuracy: 0.7500
Epoch 19/25

1/1 [==============================] - ETA: 0s - loss: 4.2709 - accuracy: 0.7500
1/1 [==============================] - 0s 4ms/step - loss: 4.2709 - accuracy: 0.7500
Epoch 20/25

1/1 [==============================] - ETA: 0s - loss: 4.2356 - accuracy: 0.7500
1/1 [==============================] - 0s 3ms/step - loss: 4.2356 - accuracy: 0.7500
Epoch 21/25

1/1 [==============================] - ETA: 0s - loss: 4.1989 - accuracy: 0.7500
1/1 [==============================] - 0s 3ms/step - loss: 4.1989 - accuracy: 0.7500
Epoch 22/25

1/1 [==============================] - ETA: 0s - loss: 4.1609 - accuracy: 0.7500
1/1 [==============================] - 0s 3ms/step - loss: 4.1609 - accuracy: 0.7500
Epoch 23/25

1/1 [==============================] - ETA: 0s - loss: 4.1216 - accuracy: 0.7500
1/1 [==============================] - 0s 3ms/step - loss: 4.1216 - accuracy: 0.7500
Epoch 24/25

1/1 [==============================] - ETA: 0s - loss: 4.0810 - accuracy: 0.7500
1/1 [==============================] - 0s 4ms/step - loss: 4.0810 - accuracy: 0.7500
Epoch 25/25

1/1 [==============================] - ETA: 0s - loss: 4.0390 - accuracy: 0.7500
1/1 [==============================] - 0s 3ms/step - loss: 4.0390 - accuracy: 0.7500
# node2vec
Epoch 1/25

1/1 [==============================] - ETA: 0s - loss: 4.7281 - accuracy: 0.0625
1/1 [==============================] - 0s 211ms/step - loss: 4.7281 - accuracy: 0.0625
Epoch 2/25

1/1 [==============================] - ETA: 0s - loss: 4.7053 - accuracy: 0.0625
1/1 [==============================] - 0s 3ms/step - loss: 4.7053 - accuracy: 0.0625
Epoch 3/25

1/1 [==============================] - ETA: 0s - loss: 4.6825 - accuracy: 0.2500
1/1 [==============================] - 0s 3ms/step - loss: 4.6825 - accuracy: 0.2500
Epoch 4/25

1/1 [==============================] - ETA: 0s - loss: 4.6598 - accuracy: 0.2500
1/1 [==============================] - 0s 2ms/step - loss: 4.6598 - accuracy: 0.2500
Epoch 5/25

1/1 [==============================] - ETA: 0s - loss: 4.6370 - accuracy: 0.2500
1/1 [==============================] - 0s 2ms/step - loss: 4.6370 - accuracy: 0.2500
Epoch 6/25

1/1 [==============================] - ETA: 0s - loss: 4.6143 - accuracy: 0.2500
1/1 [==============================] - 0s 2ms/step - loss: 4.6143 - accuracy: 0.2500
Epoch 7/25

1/1 [==============================] - ETA: 0s - loss: 4.5916 - accuracy: 0.2500
1/1 [==============================] - 0s 3ms/step - loss: 4.5916 - accuracy: 0.2500
Epoch 8/25

1/1 [==============================] - ETA: 0s - loss: 4.5689 - accuracy: 0.2500
1/1 [==============================] - 0s 3ms/step - loss: 4.5689 - accuracy: 0.2500
Epoch 9/25

1/1 [==============================] - ETA: 0s - loss: 4.5463 - accuracy: 0.0625
1/1 [==============================] - 0s 3ms/step - loss: 4.5463 - accuracy: 0.0625
Epoch 10/25

1/1 [==============================] - ETA: 0s - loss: 4.5237 - accuracy: 0.0625
1/1 [==============================] - 0s 3ms/step - loss: 4.5237 - accuracy: 0.0625
Epoch 11/25

1/1 [==============================] - ETA: 0s - loss: 4.5011 - accuracy: 0.0625
1/1 [==============================] - 0s 3ms/step - loss: 4.5011 - accuracy: 0.0625
Epoch 12/25

1/1 [==============================] - ETA: 0s - loss: 4.4786 - accuracy: 0.0625
1/1 [==============================] - 0s 3ms/step - loss: 4.4786 - accuracy: 0.0625
Epoch 13/25

1/1 [==============================] - ETA: 0s - loss: 4.4561 - accuracy: 0.0625
1/1 [==============================] - 0s 2ms/step - loss: 4.4561 - accuracy: 0.0625
Epoch 14/25

1/1 [==============================] - ETA: 0s - loss: 4.4336 - accuracy: 0.1250
1/1 [==============================] - 0s 2ms/step - loss: 4.4336 - accuracy: 0.1250
Epoch 15/25

1/1 [==============================] - ETA: 0s - loss: 4.4112 - accuracy: 0.1875
1/1 [==============================] - 0s 2ms/step - loss: 4.4112 - accuracy: 0.1875
Epoch 16/25

1/1 [==============================] - ETA: 0s - loss: 4.3889 - accuracy: 0.1875
1/1 [==============================] - 0s 3ms/step - loss: 4.3889 - accuracy: 0.1875
Epoch 17/25

1/1 [==============================] - ETA: 0s - loss: 4.3665 - accuracy: 0.1875
1/1 [==============================] - 0s 2ms/step - loss: 4.3665 - accuracy: 0.1875
Epoch 18/25

1/1 [==============================] - ETA: 0s - loss: 4.3443 - accuracy: 0.3125
1/1 [==============================] - 0s 3ms/step - loss: 4.3443 - accuracy: 0.3125
Epoch 19/25

1/1 [==============================] - ETA: 0s - loss: 4.3220 - accuracy: 0.3750
1/1 [==============================] - 0s 3ms/step - loss: 4.3220 - accuracy: 0.3750
Epoch 20/25

1/1 [==============================] - ETA: 0s - loss: 4.2998 - accuracy: 0.3750
1/1 [==============================] - 0s 3ms/step - loss: 4.2998 - accuracy: 0.3750
Epoch 21/25

1/1 [==============================] - ETA: 0s - loss: 4.2777 - accuracy: 0.3750
1/1 [==============================] - 0s 3ms/step - loss: 4.2777 - accuracy: 0.3750
Epoch 22/25

1/1 [==============================] - ETA: 0s - loss: 4.2556 - accuracy: 0.3750
1/1 [==============================] - 0s 3ms/step - loss: 4.2556 - accuracy: 0.3750
Epoch 23/25

1/1 [==============================] - ETA: 0s - loss: 4.2336 - accuracy: 0.3750
1/1 [==============================] - 0s 2ms/step - loss: 4.2336 - accuracy: 0.3750
Epoch 24/25

1/1 [==============================] - ETA: 0s - loss: 4.2117 - accuracy: 0.3750
1/1 [==============================] - 0s 2ms/step - loss: 4.2117 - accuracy: 0.3750
Epoch 25/25

1/1 [==============================] - ETA: 0s - loss: 4.1897 - accuracy: 0.3750
1/1 [==============================] - 0s 2ms/step - loss: 4.1897 - accuracy: 0.3750
# predict: steps=12
# predict: tnodeembed_metrics
# predict: node2vec_metrics
tnodeembed: {'auc': 0.7333345181771382, 'f1_micro': 0.0, 'f1_macro': 0.0} tNodeEmbed_final_loss=4.039009094238281 tNodeEmbed_final_accuracy=0.75 
node2vec: {'auc': 0.6342487681710097, 'f1_micro': 0.0, 'f1_macro': 0.0} node2vec_final_loss=4.189748764038086 node2vec_final_accuracy=0.375 
