# load graph
Processing Static file: filename='CollegeMsg_20040906.csv'
# initialize tNodeEmbed for dataset=COLLEGE_NC, test_size=0.2
# load dataset
# fit
# tNodeEmbed steps_per_epoch=1
Epoch 1/25

1/1 [==============================] - ETA: 0s - loss: 4.7282 - accuracy: 0.0000e+00
1/1 [==============================] - 1s 1s/step - loss: 4.7282 - accuracy: 0.0000e+00
Epoch 2/25

1/1 [==============================] - ETA: 0s - loss: 4.6928 - accuracy: 0.0625
1/1 [==============================] - 0s 7ms/step - loss: 4.6928 - accuracy: 0.0625
Epoch 3/25

1/1 [==============================] - ETA: 0s - loss: 4.6573 - accuracy: 0.2500
1/1 [==============================] - 0s 8ms/step - loss: 4.6573 - accuracy: 0.2500
Epoch 4/25

1/1 [==============================] - ETA: 0s - loss: 4.6214 - accuracy: 0.4375
1/1 [==============================] - 0s 7ms/step - loss: 4.6214 - accuracy: 0.4375
Epoch 5/25

1/1 [==============================] - ETA: 0s - loss: 4.5851 - accuracy: 0.5625
1/1 [==============================] - 0s 7ms/step - loss: 4.5851 - accuracy: 0.5625
Epoch 6/25

1/1 [==============================] - ETA: 0s - loss: 4.5482 - accuracy: 0.5625
1/1 [==============================] - 0s 6ms/step - loss: 4.5482 - accuracy: 0.5625
Epoch 7/25

1/1 [==============================] - ETA: 0s - loss: 4.5103 - accuracy: 0.6250
1/1 [==============================] - 0s 5ms/step - loss: 4.5103 - accuracy: 0.6250
Epoch 8/25

1/1 [==============================] - ETA: 0s - loss: 4.4715 - accuracy: 0.6250
1/1 [==============================] - 0s 5ms/step - loss: 4.4715 - accuracy: 0.6250
Epoch 9/25

1/1 [==============================] - ETA: 0s - loss: 4.4314 - accuracy: 0.6250
1/1 [==============================] - 0s 6ms/step - loss: 4.4314 - accuracy: 0.6250
Epoch 10/25

1/1 [==============================] - ETA: 0s - loss: 4.3900 - accuracy: 0.6250
1/1 [==============================] - 0s 7ms/step - loss: 4.3900 - accuracy: 0.6250
Epoch 11/25

1/1 [==============================] - ETA: 0s - loss: 4.3470 - accuracy: 0.7500
1/1 [==============================] - 0s 6ms/step - loss: 4.3470 - accuracy: 0.7500
Epoch 12/25

1/1 [==============================] - ETA: 0s - loss: 4.3024 - accuracy: 0.7500
1/1 [==============================] - 0s 6ms/step - loss: 4.3024 - accuracy: 0.7500
Epoch 13/25

1/1 [==============================] - ETA: 0s - loss: 4.2560 - accuracy: 0.7500
1/1 [==============================] - 0s 5ms/step - loss: 4.2560 - accuracy: 0.7500
Epoch 14/25

1/1 [==============================] - ETA: 0s - loss: 4.2078 - accuracy: 0.7500
1/1 [==============================] - 0s 5ms/step - loss: 4.2078 - accuracy: 0.7500
Epoch 15/25

1/1 [==============================] - ETA: 0s - loss: 4.1575 - accuracy: 0.8125
1/1 [==============================] - 0s 5ms/step - loss: 4.1575 - accuracy: 0.8125
Epoch 16/25

1/1 [==============================] - ETA: 0s - loss: 4.1051 - accuracy: 0.8125
1/1 [==============================] - 0s 4ms/step - loss: 4.1051 - accuracy: 0.8125
Epoch 17/25

1/1 [==============================] - ETA: 0s - loss: 4.0504 - accuracy: 0.8125
1/1 [==============================] - 0s 5ms/step - loss: 4.0504 - accuracy: 0.8125
Epoch 18/25

1/1 [==============================] - ETA: 0s - loss: 3.9936 - accuracy: 0.8125
1/1 [==============================] - 0s 4ms/step - loss: 3.9936 - accuracy: 0.8125
Epoch 19/25

1/1 [==============================] - ETA: 0s - loss: 3.9343 - accuracy: 0.8125
1/1 [==============================] - 0s 5ms/step - loss: 3.9343 - accuracy: 0.8125
Epoch 20/25

1/1 [==============================] - ETA: 0s - loss: 3.8727 - accuracy: 0.8125
1/1 [==============================] - 0s 4ms/step - loss: 3.8727 - accuracy: 0.8125
Epoch 21/25

1/1 [==============================] - ETA: 0s - loss: 3.8087 - accuracy: 0.8125
1/1 [==============================] - 0s 5ms/step - loss: 3.8087 - accuracy: 0.8125
Epoch 22/25

1/1 [==============================] - ETA: 0s - loss: 3.7422 - accuracy: 0.8125
1/1 [==============================] - 0s 5ms/step - loss: 3.7422 - accuracy: 0.8125
Epoch 23/25

1/1 [==============================] - ETA: 0s - loss: 3.6732 - accuracy: 0.8125
1/1 [==============================] - 0s 5ms/step - loss: 3.6732 - accuracy: 0.8125
Epoch 24/25

1/1 [==============================] - ETA: 0s - loss: 3.6018 - accuracy: 0.8125
1/1 [==============================] - 0s 5ms/step - loss: 3.6018 - accuracy: 0.8125
Epoch 25/25

1/1 [==============================] - ETA: 0s - loss: 3.5280 - accuracy: 0.8125
1/1 [==============================] - 0s 4ms/step - loss: 3.5280 - accuracy: 0.8125
# node2vec
Epoch 1/25

1/1 [==============================] - ETA: 0s - loss: 4.7622 - accuracy: 0.0000e+00
1/1 [==============================] - 0s 186ms/step - loss: 4.7622 - accuracy: 0.0000e+00
Epoch 2/25

1/1 [==============================] - ETA: 0s - loss: 4.7250 - accuracy: 0.0000e+00
1/1 [==============================] - 0s 3ms/step - loss: 4.7250 - accuracy: 0.0000e+00
Epoch 3/25

1/1 [==============================] - ETA: 0s - loss: 4.6877 - accuracy: 0.0625
1/1 [==============================] - 0s 3ms/step - loss: 4.6877 - accuracy: 0.0625
Epoch 4/25

1/1 [==============================] - ETA: 0s - loss: 4.6505 - accuracy: 0.0625
1/1 [==============================] - 0s 3ms/step - loss: 4.6505 - accuracy: 0.0625
Epoch 5/25

1/1 [==============================] - ETA: 0s - loss: 4.6134 - accuracy: 0.0625
1/1 [==============================] - 0s 2ms/step - loss: 4.6134 - accuracy: 0.0625
Epoch 6/25

1/1 [==============================] - ETA: 0s - loss: 4.5763 - accuracy: 0.1250
1/1 [==============================] - 0s 3ms/step - loss: 4.5763 - accuracy: 0.1250
Epoch 7/25

1/1 [==============================] - ETA: 0s - loss: 4.5393 - accuracy: 0.1250
1/1 [==============================] - 0s 3ms/step - loss: 4.5393 - accuracy: 0.1250
Epoch 8/25

1/1 [==============================] - ETA: 0s - loss: 4.5023 - accuracy: 0.1875
1/1 [==============================] - 0s 3ms/step - loss: 4.5023 - accuracy: 0.1875
Epoch 9/25

1/1 [==============================] - ETA: 0s - loss: 4.4654 - accuracy: 0.1875
1/1 [==============================] - 0s 3ms/step - loss: 4.4654 - accuracy: 0.1875
Epoch 10/25

1/1 [==============================] - ETA: 0s - loss: 4.4285 - accuracy: 0.2500
1/1 [==============================] - 0s 3ms/step - loss: 4.4285 - accuracy: 0.2500
Epoch 11/25

1/1 [==============================] - ETA: 0s - loss: 4.3918 - accuracy: 0.2500
1/1 [==============================] - 0s 3ms/step - loss: 4.3918 - accuracy: 0.2500
Epoch 12/25

1/1 [==============================] - ETA: 0s - loss: 4.3551 - accuracy: 0.2500
1/1 [==============================] - 0s 2ms/step - loss: 4.3551 - accuracy: 0.2500
Epoch 13/25

1/1 [==============================] - ETA: 0s - loss: 4.3184 - accuracy: 0.3125
1/1 [==============================] - 0s 3ms/step - loss: 4.3184 - accuracy: 0.3125
Epoch 14/25

1/1 [==============================] - ETA: 0s - loss: 4.2819 - accuracy: 0.3125
1/1 [==============================] - 0s 3ms/step - loss: 4.2819 - accuracy: 0.3125
Epoch 15/25

1/1 [==============================] - ETA: 0s - loss: 4.2454 - accuracy: 0.3125
1/1 [==============================] - 0s 2ms/step - loss: 4.2454 - accuracy: 0.3125
Epoch 16/25

1/1 [==============================] - ETA: 0s - loss: 4.2090 - accuracy: 0.3125
1/1 [==============================] - 0s 3ms/step - loss: 4.2090 - accuracy: 0.3125
Epoch 17/25

1/1 [==============================] - ETA: 0s - loss: 4.1727 - accuracy: 0.3125
1/1 [==============================] - 0s 3ms/step - loss: 4.1727 - accuracy: 0.3125
Epoch 18/25

1/1 [==============================] - ETA: 0s - loss: 4.1364 - accuracy: 0.3125
1/1 [==============================] - 0s 3ms/step - loss: 4.1364 - accuracy: 0.3125
Epoch 19/25

1/1 [==============================] - ETA: 0s - loss: 4.1003 - accuracy: 0.3750
1/1 [==============================] - 0s 2ms/step - loss: 4.1003 - accuracy: 0.3750
Epoch 20/25

1/1 [==============================] - ETA: 0s - loss: 4.0642 - accuracy: 0.4375
1/1 [==============================] - 0s 2ms/step - loss: 4.0642 - accuracy: 0.4375
Epoch 21/25

1/1 [==============================] - ETA: 0s - loss: 4.0282 - accuracy: 0.5625
1/1 [==============================] - 0s 2ms/step - loss: 4.0282 - accuracy: 0.5625
Epoch 22/25

1/1 [==============================] - ETA: 0s - loss: 3.9924 - accuracy: 0.5625
1/1 [==============================] - 0s 3ms/step - loss: 3.9924 - accuracy: 0.5625
Epoch 23/25

1/1 [==============================] - ETA: 0s - loss: 3.9566 - accuracy: 0.5625
1/1 [==============================] - 0s 3ms/step - loss: 3.9566 - accuracy: 0.5625
Epoch 24/25

1/1 [==============================] - ETA: 0s - loss: 3.9209 - accuracy: 0.5625
1/1 [==============================] - 0s 3ms/step - loss: 3.9209 - accuracy: 0.5625
Epoch 25/25

1/1 [==============================] - ETA: 0s - loss: 3.8854 - accuracy: 0.5625
1/1 [==============================] - 0s 3ms/step - loss: 3.8854 - accuracy: 0.5625
# predict: steps=12
# predict: tnodeembed_metrics
# predict: node2vec_metrics
tnodeembed: {'auc': 0.7197796803373128, 'f1_micro': 0.0, 'f1_macro': 0.0} tNodeEmbed_final_loss=3.5280237197875977 tNodeEmbed_final_accuracy=0.8125 
node2vec: {'auc': 0.6236053060574117, 'f1_micro': 0.0, 'f1_macro': 0.0} node2vec_final_loss=3.8853530883789062 node2vec_final_accuracy=0.5625 
