# load graph
Processing Static file: filename='CollegeMsg_20040416.csv'
# initialize tNodeEmbed for dataset=COLLEGE_NC, test_size=0.2
# load dataset
# fit
# tNodeEmbed steps_per_epoch=1
Epoch 1/25

1/1 [==============================] - ETA: 0s - loss: 4.7362 - accuracy: 0.1250
1/1 [==============================] - 1s 917ms/step - loss: 4.7362 - accuracy: 0.1250
Epoch 2/25

1/1 [==============================] - ETA: 0s - loss: 4.7338 - accuracy: 0.1250
1/1 [==============================] - 0s 4ms/step - loss: 4.7338 - accuracy: 0.1250
Epoch 3/25

1/1 [==============================] - ETA: 0s - loss: 4.7314 - accuracy: 0.1250
1/1 [==============================] - 0s 7ms/step - loss: 4.7314 - accuracy: 0.1250
Epoch 4/25

1/1 [==============================] - ETA: 0s - loss: 4.7288 - accuracy: 0.1250
1/1 [==============================] - 0s 5ms/step - loss: 4.7288 - accuracy: 0.1250
Epoch 5/25

1/1 [==============================] - ETA: 0s - loss: 4.7262 - accuracy: 0.1250
1/1 [==============================] - 0s 4ms/step - loss: 4.7262 - accuracy: 0.1250
Epoch 6/25

1/1 [==============================] - ETA: 0s - loss: 4.7235 - accuracy: 0.1250
1/1 [==============================] - 0s 5ms/step - loss: 4.7235 - accuracy: 0.1250
Epoch 7/25

1/1 [==============================] - ETA: 0s - loss: 4.7206 - accuracy: 0.1250
1/1 [==============================] - 0s 4ms/step - loss: 4.7206 - accuracy: 0.1250
Epoch 8/25

1/1 [==============================] - ETA: 0s - loss: 4.7177 - accuracy: 0.1250
1/1 [==============================] - 0s 4ms/step - loss: 4.7177 - accuracy: 0.1250
Epoch 9/25

1/1 [==============================] - ETA: 0s - loss: 4.7146 - accuracy: 0.1250
1/1 [==============================] - 0s 3ms/step - loss: 4.7146 - accuracy: 0.1250
Epoch 10/25

1/1 [==============================] - ETA: 0s - loss: 4.7114 - accuracy: 0.1250
1/1 [==============================] - 0s 4ms/step - loss: 4.7114 - accuracy: 0.1250
Epoch 11/25

1/1 [==============================] - ETA: 0s - loss: 4.7081 - accuracy: 0.1250
1/1 [==============================] - 0s 5ms/step - loss: 4.7081 - accuracy: 0.1250
Epoch 12/25

1/1 [==============================] - ETA: 0s - loss: 4.7047 - accuracy: 0.1250
1/1 [==============================] - 0s 7ms/step - loss: 4.7047 - accuracy: 0.1250
Epoch 13/25

1/1 [==============================] - ETA: 0s - loss: 4.7011 - accuracy: 0.1250
1/1 [==============================] - 0s 7ms/step - loss: 4.7011 - accuracy: 0.1250
Epoch 14/25

1/1 [==============================] - ETA: 0s - loss: 4.6973 - accuracy: 0.1250
1/1 [==============================] - 0s 4ms/step - loss: 4.6973 - accuracy: 0.1250
Epoch 15/25

1/1 [==============================] - ETA: 0s - loss: 4.6934 - accuracy: 0.1250
1/1 [==============================] - 0s 4ms/step - loss: 4.6934 - accuracy: 0.1250
Epoch 16/25

1/1 [==============================] - ETA: 0s - loss: 4.6894 - accuracy: 0.1250
1/1 [==============================] - 0s 4ms/step - loss: 4.6894 - accuracy: 0.1250
Epoch 17/25

1/1 [==============================] - ETA: 0s - loss: 4.6852 - accuracy: 0.1250
1/1 [==============================] - 0s 3ms/step - loss: 4.6852 - accuracy: 0.1250
Epoch 18/25

1/1 [==============================] - ETA: 0s - loss: 4.6808 - accuracy: 0.1250
1/1 [==============================] - 0s 4ms/step - loss: 4.6808 - accuracy: 0.1250
Epoch 19/25

1/1 [==============================] - ETA: 0s - loss: 4.6763 - accuracy: 0.1250
1/1 [==============================] - 0s 4ms/step - loss: 4.6763 - accuracy: 0.1250
Epoch 20/25

1/1 [==============================] - ETA: 0s - loss: 4.6716 - accuracy: 0.1250
1/1 [==============================] - 0s 3ms/step - loss: 4.6716 - accuracy: 0.1250
Epoch 21/25

1/1 [==============================] - ETA: 0s - loss: 4.6667 - accuracy: 0.1250
1/1 [==============================] - 0s 4ms/step - loss: 4.6667 - accuracy: 0.1250
Epoch 22/25

1/1 [==============================] - ETA: 0s - loss: 4.6616 - accuracy: 0.1250
1/1 [==============================] - 0s 4ms/step - loss: 4.6616 - accuracy: 0.1250
Epoch 23/25

1/1 [==============================] - ETA: 0s - loss: 4.6564 - accuracy: 0.1250
1/1 [==============================] - 0s 4ms/step - loss: 4.6564 - accuracy: 0.1250
Epoch 24/25

1/1 [==============================] - ETA: 0s - loss: 4.6509 - accuracy: 0.1250
1/1 [==============================] - 0s 4ms/step - loss: 4.6509 - accuracy: 0.1250
Epoch 25/25

1/1 [==============================] - ETA: 0s - loss: 4.6453 - accuracy: 0.1250
1/1 [==============================] - 0s 9ms/step - loss: 4.6453 - accuracy: 0.1250
# node2vec
Epoch 1/25

1/1 [==============================] - ETA: 0s - loss: 4.7362 - accuracy: 0.1250
1/1 [==============================] - 0s 347ms/step - loss: 4.7362 - accuracy: 0.1250
Epoch 2/25

1/1 [==============================] - ETA: 0s - loss: 4.7344 - accuracy: 0.1250
1/1 [==============================] - 0s 3ms/step - loss: 4.7344 - accuracy: 0.1250
Epoch 3/25

1/1 [==============================] - ETA: 0s - loss: 4.7327 - accuracy: 0.1250
1/1 [==============================] - 0s 3ms/step - loss: 4.7327 - accuracy: 0.1250
Epoch 4/25

1/1 [==============================] - ETA: 0s - loss: 4.7309 - accuracy: 0.1250
1/1 [==============================] - 0s 2ms/step - loss: 4.7309 - accuracy: 0.1250
Epoch 5/25

1/1 [==============================] - ETA: 0s - loss: 4.7291 - accuracy: 0.1250
1/1 [==============================] - 0s 3ms/step - loss: 4.7291 - accuracy: 0.1250
Epoch 6/25

1/1 [==============================] - ETA: 0s - loss: 4.7273 - accuracy: 0.1250
1/1 [==============================] - 0s 4ms/step - loss: 4.7273 - accuracy: 0.1250
Epoch 7/25

1/1 [==============================] - ETA: 0s - loss: 4.7256 - accuracy: 0.1250
1/1 [==============================] - 0s 3ms/step - loss: 4.7256 - accuracy: 0.1250
Epoch 8/25

1/1 [==============================] - ETA: 0s - loss: 4.7238 - accuracy: 0.1250
1/1 [==============================] - 0s 3ms/step - loss: 4.7238 - accuracy: 0.1250
Epoch 9/25

1/1 [==============================] - ETA: 0s - loss: 4.7220 - accuracy: 0.1250
1/1 [==============================] - 0s 3ms/step - loss: 4.7220 - accuracy: 0.1250
Epoch 10/25

1/1 [==============================] - ETA: 0s - loss: 4.7203 - accuracy: 0.1250
1/1 [==============================] - 0s 2ms/step - loss: 4.7203 - accuracy: 0.1250
Epoch 11/25

1/1 [==============================] - ETA: 0s - loss: 4.7185 - accuracy: 0.1250
1/1 [==============================] - 0s 5ms/step - loss: 4.7185 - accuracy: 0.1250
Epoch 12/25

1/1 [==============================] - ETA: 0s - loss: 4.7167 - accuracy: 0.1250
1/1 [==============================] - 0s 2ms/step - loss: 4.7167 - accuracy: 0.1250
Epoch 13/25

1/1 [==============================] - ETA: 0s - loss: 4.7150 - accuracy: 0.1250
1/1 [==============================] - 0s 3ms/step - loss: 4.7150 - accuracy: 0.1250
Epoch 14/25

1/1 [==============================] - ETA: 0s - loss: 4.7132 - accuracy: 0.1250
1/1 [==============================] - 0s 3ms/step - loss: 4.7132 - accuracy: 0.1250
Epoch 15/25

1/1 [==============================] - ETA: 0s - loss: 4.7114 - accuracy: 0.1250
1/1 [==============================] - 0s 3ms/step - loss: 4.7114 - accuracy: 0.1250
Epoch 16/25

1/1 [==============================] - ETA: 0s - loss: 4.7097 - accuracy: 0.1250
1/1 [==============================] - 0s 3ms/step - loss: 4.7097 - accuracy: 0.1250
Epoch 17/25

1/1 [==============================] - ETA: 0s - loss: 4.7079 - accuracy: 0.1250
1/1 [==============================] - 0s 3ms/step - loss: 4.7079 - accuracy: 0.1250
Epoch 18/25

1/1 [==============================] - ETA: 0s - loss: 4.7061 - accuracy: 0.1250
1/1 [==============================] - 0s 3ms/step - loss: 4.7061 - accuracy: 0.1250
Epoch 19/25

1/1 [==============================] - ETA: 0s - loss: 4.7044 - accuracy: 0.1250
1/1 [==============================] - 0s 3ms/step - loss: 4.7044 - accuracy: 0.1250
Epoch 20/25

1/1 [==============================] - ETA: 0s - loss: 4.7026 - accuracy: 0.1250
1/1 [==============================] - 0s 3ms/step - loss: 4.7026 - accuracy: 0.1250
Epoch 21/25

1/1 [==============================] - ETA: 0s - loss: 4.7009 - accuracy: 0.1250
1/1 [==============================] - 0s 4ms/step - loss: 4.7009 - accuracy: 0.1250
Epoch 22/25

1/1 [==============================] - ETA: 0s - loss: 4.6991 - accuracy: 0.1250
1/1 [==============================] - 0s 3ms/step - loss: 4.6991 - accuracy: 0.1250
Epoch 23/25

1/1 [==============================] - ETA: 0s - loss: 4.6973 - accuracy: 0.1250
1/1 [==============================] - 0s 3ms/step - loss: 4.6973 - accuracy: 0.1250
Epoch 24/25

1/1 [==============================] - ETA: 0s - loss: 4.6956 - accuracy: 0.1250
1/1 [==============================] - 0s 3ms/step - loss: 4.6956 - accuracy: 0.1250
Epoch 25/25

1/1 [==============================] - ETA: 0s - loss: 4.6938 - accuracy: 0.1250
1/1 [==============================] - 0s 3ms/step - loss: 4.6938 - accuracy: 0.1250
# predict: steps=12
# predict: tnodeembed_metrics
# predict: node2vec_metrics
tnodeembed: {'auc': 0.698086804108548, 'f1_micro': 0.0, 'f1_macro': 0.0} tNodeEmbed_final_loss=4.645255088806152 tNodeEmbed_final_accuracy=0.125 
node2vec: {'auc': 0.6979164317407398, 'f1_micro': 0.0, 'f1_macro': 0.0} node2vec_final_loss=4.693809509277344 node2vec_final_accuracy=0.125 
