# load graph
Processing Static file: filename='CollegeMsg_20040731.csv'
# initialize tNodeEmbed for dataset=COLLEGE_NC, test_size=0.2
# load dataset
# fit
# tNodeEmbed steps_per_epoch=1
Epoch 1/25

1/1 [==============================] - ETA: 0s - loss: 4.7628 - accuracy: 0.0000e+00
1/1 [==============================] - 1s 1s/step - loss: 4.7628 - accuracy: 0.0000e+00
Epoch 2/25

1/1 [==============================] - ETA: 0s - loss: 4.7318 - accuracy: 0.1250
1/1 [==============================] - 0s 4ms/step - loss: 4.7318 - accuracy: 0.1250
Epoch 3/25

1/1 [==============================] - ETA: 0s - loss: 4.7008 - accuracy: 0.1250
1/1 [==============================] - 0s 5ms/step - loss: 4.7008 - accuracy: 0.1250
Epoch 4/25

1/1 [==============================] - ETA: 0s - loss: 4.6698 - accuracy: 0.1875
1/1 [==============================] - 0s 4ms/step - loss: 4.6698 - accuracy: 0.1875
Epoch 5/25

1/1 [==============================] - ETA: 0s - loss: 4.6384 - accuracy: 0.3750
1/1 [==============================] - 0s 4ms/step - loss: 4.6384 - accuracy: 0.3750
Epoch 6/25

1/1 [==============================] - ETA: 0s - loss: 4.6068 - accuracy: 0.5625
1/1 [==============================] - 0s 4ms/step - loss: 4.6068 - accuracy: 0.5625
Epoch 7/25

1/1 [==============================] - ETA: 0s - loss: 4.5746 - accuracy: 0.7500
1/1 [==============================] - 0s 4ms/step - loss: 4.5746 - accuracy: 0.7500
Epoch 8/25

1/1 [==============================] - ETA: 0s - loss: 4.5419 - accuracy: 0.8125
1/1 [==============================] - 0s 5ms/step - loss: 4.5419 - accuracy: 0.8125
Epoch 9/25

1/1 [==============================] - ETA: 0s - loss: 4.5084 - accuracy: 0.8750
1/1 [==============================] - 0s 4ms/step - loss: 4.5084 - accuracy: 0.8750
Epoch 10/25

1/1 [==============================] - ETA: 0s - loss: 4.4741 - accuracy: 0.9375
1/1 [==============================] - 0s 4ms/step - loss: 4.4741 - accuracy: 0.9375
Epoch 11/25

1/1 [==============================] - ETA: 0s - loss: 4.4388 - accuracy: 0.9375
1/1 [==============================] - 0s 4ms/step - loss: 4.4388 - accuracy: 0.9375
Epoch 12/25

1/1 [==============================] - ETA: 0s - loss: 4.4024 - accuracy: 0.9375
1/1 [==============================] - 0s 4ms/step - loss: 4.4024 - accuracy: 0.9375
Epoch 13/25

1/1 [==============================] - ETA: 0s - loss: 4.3648 - accuracy: 1.0000
1/1 [==============================] - 0s 4ms/step - loss: 4.3648 - accuracy: 1.0000
Epoch 14/25

1/1 [==============================] - ETA: 0s - loss: 4.3259 - accuracy: 1.0000
1/1 [==============================] - 0s 5ms/step - loss: 4.3259 - accuracy: 1.0000
Epoch 15/25

1/1 [==============================] - ETA: 0s - loss: 4.2856 - accuracy: 1.0000
1/1 [==============================] - 0s 4ms/step - loss: 4.2856 - accuracy: 1.0000
Epoch 16/25

1/1 [==============================] - ETA: 0s - loss: 4.2437 - accuracy: 1.0000
1/1 [==============================] - 0s 5ms/step - loss: 4.2437 - accuracy: 1.0000
Epoch 17/25

1/1 [==============================] - ETA: 0s - loss: 4.2003 - accuracy: 1.0000
1/1 [==============================] - 0s 4ms/step - loss: 4.2003 - accuracy: 1.0000
Epoch 18/25

1/1 [==============================] - ETA: 0s - loss: 4.1551 - accuracy: 1.0000
1/1 [==============================] - 0s 4ms/step - loss: 4.1551 - accuracy: 1.0000
Epoch 19/25

1/1 [==============================] - ETA: 0s - loss: 4.1081 - accuracy: 1.0000
1/1 [==============================] - 0s 4ms/step - loss: 4.1081 - accuracy: 1.0000
Epoch 20/25

1/1 [==============================] - ETA: 0s - loss: 4.0593 - accuracy: 1.0000
1/1 [==============================] - 0s 4ms/step - loss: 4.0593 - accuracy: 1.0000
Epoch 21/25

1/1 [==============================] - ETA: 0s - loss: 4.0085 - accuracy: 1.0000
1/1 [==============================] - 0s 4ms/step - loss: 4.0085 - accuracy: 1.0000
Epoch 22/25

1/1 [==============================] - ETA: 0s - loss: 3.9557 - accuracy: 1.0000
1/1 [==============================] - 0s 4ms/step - loss: 3.9557 - accuracy: 1.0000
Epoch 23/25

1/1 [==============================] - ETA: 0s - loss: 3.9007 - accuracy: 1.0000
1/1 [==============================] - 0s 5ms/step - loss: 3.9007 - accuracy: 1.0000
Epoch 24/25

1/1 [==============================] - ETA: 0s - loss: 3.8437 - accuracy: 1.0000
1/1 [==============================] - 0s 5ms/step - loss: 3.8437 - accuracy: 1.0000
Epoch 25/25

1/1 [==============================] - ETA: 0s - loss: 3.7845 - accuracy: 1.0000
1/1 [==============================] - 0s 6ms/step - loss: 3.7845 - accuracy: 1.0000
# node2vec
Epoch 1/25

1/1 [==============================] - ETA: 0s - loss: 4.8502 - accuracy: 0.0000e+00
1/1 [==============================] - 0s 191ms/step - loss: 4.8502 - accuracy: 0.0000e+00
Epoch 2/25

1/1 [==============================] - ETA: 0s - loss: 4.8132 - accuracy: 0.0000e+00
1/1 [==============================] - 0s 2ms/step - loss: 4.8132 - accuracy: 0.0000e+00
Epoch 3/25

1/1 [==============================] - ETA: 0s - loss: 4.7762 - accuracy: 0.0625
1/1 [==============================] - 0s 2ms/step - loss: 4.7762 - accuracy: 0.0625
Epoch 4/25

1/1 [==============================] - ETA: 0s - loss: 4.7392 - accuracy: 0.1250
1/1 [==============================] - 0s 3ms/step - loss: 4.7392 - accuracy: 0.1250
Epoch 5/25

1/1 [==============================] - ETA: 0s - loss: 4.7022 - accuracy: 0.1250
1/1 [==============================] - 0s 3ms/step - loss: 4.7022 - accuracy: 0.1250
Epoch 6/25

1/1 [==============================] - ETA: 0s - loss: 4.6654 - accuracy: 0.1250
1/1 [==============================] - 0s 2ms/step - loss: 4.6654 - accuracy: 0.1250
Epoch 7/25

1/1 [==============================] - ETA: 0s - loss: 4.6285 - accuracy: 0.1250
1/1 [==============================] - 0s 4ms/step - loss: 4.6285 - accuracy: 0.1250
Epoch 8/25

1/1 [==============================] - ETA: 0s - loss: 4.5918 - accuracy: 0.1250
1/1 [==============================] - 0s 5ms/step - loss: 4.5918 - accuracy: 0.1250
Epoch 9/25

1/1 [==============================] - ETA: 0s - loss: 4.5551 - accuracy: 0.1250
1/1 [==============================] - 0s 3ms/step - loss: 4.5551 - accuracy: 0.1250
Epoch 10/25

1/1 [==============================] - ETA: 0s - loss: 4.5184 - accuracy: 0.1250
1/1 [==============================] - 0s 5ms/step - loss: 4.5184 - accuracy: 0.1250
Epoch 11/25

1/1 [==============================] - ETA: 0s - loss: 4.4818 - accuracy: 0.1250
1/1 [==============================] - 0s 4ms/step - loss: 4.4818 - accuracy: 0.1250
Epoch 12/25

1/1 [==============================] - ETA: 0s - loss: 4.4453 - accuracy: 0.1875
1/1 [==============================] - 0s 3ms/step - loss: 4.4453 - accuracy: 0.1875
Epoch 13/25

1/1 [==============================] - ETA: 0s - loss: 4.4089 - accuracy: 0.1875
1/1 [==============================] - 0s 3ms/step - loss: 4.4089 - accuracy: 0.1875
Epoch 14/25

1/1 [==============================] - ETA: 0s - loss: 4.3725 - accuracy: 0.2500
1/1 [==============================] - 0s 4ms/step - loss: 4.3725 - accuracy: 0.2500
Epoch 15/25

1/1 [==============================] - ETA: 0s - loss: 4.3362 - accuracy: 0.2500
1/1 [==============================] - 0s 2ms/step - loss: 4.3362 - accuracy: 0.2500
Epoch 16/25

1/1 [==============================] - ETA: 0s - loss: 4.2999 - accuracy: 0.2500
1/1 [==============================] - 0s 3ms/step - loss: 4.2999 - accuracy: 0.2500
Epoch 17/25

1/1 [==============================] - ETA: 0s - loss: 4.2638 - accuracy: 0.2500
1/1 [==============================] - 0s 3ms/step - loss: 4.2638 - accuracy: 0.2500
Epoch 18/25

1/1 [==============================] - ETA: 0s - loss: 4.2277 - accuracy: 0.3125
1/1 [==============================] - 0s 3ms/step - loss: 4.2277 - accuracy: 0.3125
Epoch 19/25

1/1 [==============================] - ETA: 0s - loss: 4.1917 - accuracy: 0.3125
1/1 [==============================] - 0s 3ms/step - loss: 4.1917 - accuracy: 0.3125
Epoch 20/25

1/1 [==============================] - ETA: 0s - loss: 4.1558 - accuracy: 0.3125
1/1 [==============================] - 0s 3ms/step - loss: 4.1558 - accuracy: 0.3125
Epoch 21/25

1/1 [==============================] - ETA: 0s - loss: 4.1199 - accuracy: 0.3750
1/1 [==============================] - 0s 2ms/step - loss: 4.1199 - accuracy: 0.3750
Epoch 22/25

1/1 [==============================] - ETA: 0s - loss: 4.0842 - accuracy: 0.3750
1/1 [==============================] - 0s 3ms/step - loss: 4.0842 - accuracy: 0.3750
Epoch 23/25

1/1 [==============================] - ETA: 0s - loss: 4.0485 - accuracy: 0.3750
1/1 [==============================] - 0s 2ms/step - loss: 4.0485 - accuracy: 0.3750
Epoch 24/25

1/1 [==============================] - ETA: 0s - loss: 4.0130 - accuracy: 0.4375
1/1 [==============================] - 0s 3ms/step - loss: 4.0130 - accuracy: 0.4375
Epoch 25/25

1/1 [==============================] - ETA: 0s - loss: 3.9775 - accuracy: 0.4375
1/1 [==============================] - 0s 3ms/step - loss: 3.9775 - accuracy: 0.4375
# predict: steps=12
# predict: tnodeembed_metrics
# predict: node2vec_metrics
tnodeembed: {'auc': 0.7014118843919299, 'f1_micro': 0.0, 'f1_macro': 0.0} tNodeEmbed_final_loss=3.7844886779785156 tNodeEmbed_final_accuracy=1.0 
node2vec: {'auc': 0.6076326820778074, 'f1_micro': 0.0, 'f1_macro': 0.0} node2vec_final_loss=3.9775099754333496 node2vec_final_accuracy=0.4375 
