# load graph
Processing Static file: filename='CollegeMsg_20040520.csv'
# initialize tNodeEmbed for dataset=COLLEGE_NC, test_size=0.2
# load dataset
# fit
# tNodeEmbed steps_per_epoch=1
Epoch 1/25

1/1 [==============================] - ETA: 0s - loss: 4.7377 - accuracy: 0.0625
1/1 [==============================] - 1s 1s/step - loss: 4.7377 - accuracy: 0.0625
Epoch 2/25

1/1 [==============================] - ETA: 0s - loss: 4.7101 - accuracy: 0.1875
1/1 [==============================] - 0s 3ms/step - loss: 4.7101 - accuracy: 0.1875
Epoch 3/25

1/1 [==============================] - ETA: 0s - loss: 4.6825 - accuracy: 0.2500
1/1 [==============================] - 0s 6ms/step - loss: 4.6825 - accuracy: 0.2500
Epoch 4/25

1/1 [==============================] - ETA: 0s - loss: 4.6547 - accuracy: 0.3125
1/1 [==============================] - 0s 6ms/step - loss: 4.6547 - accuracy: 0.3125
Epoch 5/25

1/1 [==============================] - ETA: 0s - loss: 4.6266 - accuracy: 0.6875
1/1 [==============================] - 0s 5ms/step - loss: 4.6266 - accuracy: 0.6875
Epoch 6/25

1/1 [==============================] - ETA: 0s - loss: 4.5982 - accuracy: 0.6875
1/1 [==============================] - 0s 4ms/step - loss: 4.5982 - accuracy: 0.6875
Epoch 7/25

1/1 [==============================] - ETA: 0s - loss: 4.5693 - accuracy: 0.8125
1/1 [==============================] - 0s 4ms/step - loss: 4.5693 - accuracy: 0.8125
Epoch 8/25

1/1 [==============================] - ETA: 0s - loss: 4.5399 - accuracy: 0.8750
1/1 [==============================] - 0s 5ms/step - loss: 4.5399 - accuracy: 0.8750
Epoch 9/25

1/1 [==============================] - ETA: 0s - loss: 4.5098 - accuracy: 0.8750
1/1 [==============================] - 0s 3ms/step - loss: 4.5098 - accuracy: 0.8750
Epoch 10/25

1/1 [==============================] - ETA: 0s - loss: 4.4789 - accuracy: 0.8750
1/1 [==============================] - 0s 4ms/step - loss: 4.4789 - accuracy: 0.8750
Epoch 11/25

1/1 [==============================] - ETA: 0s - loss: 4.4472 - accuracy: 0.8750
1/1 [==============================] - 0s 3ms/step - loss: 4.4472 - accuracy: 0.8750
Epoch 12/25

1/1 [==============================] - ETA: 0s - loss: 4.4146 - accuracy: 0.8125
1/1 [==============================] - 0s 3ms/step - loss: 4.4146 - accuracy: 0.8125
Epoch 13/25

1/1 [==============================] - ETA: 0s - loss: 4.3809 - accuracy: 0.8125
1/1 [==============================] - 0s 4ms/step - loss: 4.3809 - accuracy: 0.8125
Epoch 14/25

1/1 [==============================] - ETA: 0s - loss: 4.3461 - accuracy: 0.8125
1/1 [==============================] - 0s 4ms/step - loss: 4.3461 - accuracy: 0.8125
Epoch 15/25

1/1 [==============================] - ETA: 0s - loss: 4.3101 - accuracy: 0.8125
1/1 [==============================] - 0s 3ms/step - loss: 4.3101 - accuracy: 0.8125
Epoch 16/25

1/1 [==============================] - ETA: 0s - loss: 4.2728 - accuracy: 0.8125
1/1 [==============================] - 0s 4ms/step - loss: 4.2728 - accuracy: 0.8125
Epoch 17/25

1/1 [==============================] - ETA: 0s - loss: 4.2342 - accuracy: 0.8125
1/1 [==============================] - 0s 3ms/step - loss: 4.2342 - accuracy: 0.8125
Epoch 18/25

1/1 [==============================] - ETA: 0s - loss: 4.1941 - accuracy: 0.8125
1/1 [==============================] - 0s 4ms/step - loss: 4.1941 - accuracy: 0.8125
Epoch 19/25

1/1 [==============================] - ETA: 0s - loss: 4.1526 - accuracy: 0.8125
1/1 [==============================] - 0s 4ms/step - loss: 4.1526 - accuracy: 0.8125
Epoch 20/25

1/1 [==============================] - ETA: 0s - loss: 4.1095 - accuracy: 0.8125
1/1 [==============================] - 0s 3ms/step - loss: 4.1095 - accuracy: 0.8125
Epoch 21/25

1/1 [==============================] - ETA: 0s - loss: 4.0649 - accuracy: 0.8125
1/1 [==============================] - 0s 4ms/step - loss: 4.0649 - accuracy: 0.8125
Epoch 22/25

1/1 [==============================] - ETA: 0s - loss: 4.0186 - accuracy: 0.8125
1/1 [==============================] - 0s 4ms/step - loss: 4.0186 - accuracy: 0.8125
Epoch 23/25

1/1 [==============================] - ETA: 0s - loss: 3.9705 - accuracy: 0.8125
1/1 [==============================] - 0s 12ms/step - loss: 3.9705 - accuracy: 0.8125
Epoch 24/25

1/1 [==============================] - ETA: 0s - loss: 3.9208 - accuracy: 0.8125
1/1 [==============================] - 0s 6ms/step - loss: 3.9208 - accuracy: 0.8125
Epoch 25/25

1/1 [==============================] - ETA: 0s - loss: 3.8692 - accuracy: 0.8125
1/1 [==============================] - 0s 6ms/step - loss: 3.8692 - accuracy: 0.8125
# node2vec
Epoch 1/25

1/1 [==============================] - ETA: 0s - loss: 4.7896 - accuracy: 0.0625
1/1 [==============================] - 0s 184ms/step - loss: 4.7896 - accuracy: 0.0625
Epoch 2/25

1/1 [==============================] - ETA: 0s - loss: 4.7567 - accuracy: 0.0625
1/1 [==============================] - 0s 3ms/step - loss: 4.7567 - accuracy: 0.0625
Epoch 3/25

1/1 [==============================] - ETA: 0s - loss: 4.7238 - accuracy: 0.0625
1/1 [==============================] - 0s 3ms/step - loss: 4.7238 - accuracy: 0.0625
Epoch 4/25

1/1 [==============================] - ETA: 0s - loss: 4.6909 - accuracy: 0.1250
1/1 [==============================] - 0s 2ms/step - loss: 4.6909 - accuracy: 0.1250
Epoch 5/25

1/1 [==============================] - ETA: 0s - loss: 4.6580 - accuracy: 0.1250
1/1 [==============================] - 0s 3ms/step - loss: 4.6580 - accuracy: 0.1250
Epoch 6/25

1/1 [==============================] - ETA: 0s - loss: 4.6252 - accuracy: 0.1250
1/1 [==============================] - 0s 3ms/step - loss: 4.6252 - accuracy: 0.1250
Epoch 7/25

1/1 [==============================] - ETA: 0s - loss: 4.5925 - accuracy: 0.1250
1/1 [==============================] - 0s 3ms/step - loss: 4.5925 - accuracy: 0.1250
Epoch 8/25

1/1 [==============================] - ETA: 0s - loss: 4.5598 - accuracy: 0.1250
1/1 [==============================] - 0s 3ms/step - loss: 4.5598 - accuracy: 0.1250
Epoch 9/25

1/1 [==============================] - ETA: 0s - loss: 4.5271 - accuracy: 0.1250
1/1 [==============================] - 0s 3ms/step - loss: 4.5271 - accuracy: 0.1250
Epoch 10/25

1/1 [==============================] - ETA: 0s - loss: 4.4946 - accuracy: 0.1250
1/1 [==============================] - 0s 4ms/step - loss: 4.4946 - accuracy: 0.1250
Epoch 11/25

1/1 [==============================] - ETA: 0s - loss: 4.4620 - accuracy: 0.1250
1/1 [==============================] - 0s 3ms/step - loss: 4.4620 - accuracy: 0.1250
Epoch 12/25

1/1 [==============================] - ETA: 0s - loss: 4.4295 - accuracy: 0.1875
1/1 [==============================] - 0s 4ms/step - loss: 4.4295 - accuracy: 0.1875
Epoch 13/25

1/1 [==============================] - ETA: 0s - loss: 4.3971 - accuracy: 0.1875
1/1 [==============================] - 0s 3ms/step - loss: 4.3971 - accuracy: 0.1875
Epoch 14/25

1/1 [==============================] - ETA: 0s - loss: 4.3647 - accuracy: 0.2500
1/1 [==============================] - 0s 4ms/step - loss: 4.3647 - accuracy: 0.2500
Epoch 15/25

1/1 [==============================] - ETA: 0s - loss: 4.3324 - accuracy: 0.2500
1/1 [==============================] - 0s 4ms/step - loss: 4.3324 - accuracy: 0.2500
Epoch 16/25

1/1 [==============================] - ETA: 0s - loss: 4.3002 - accuracy: 0.2500
1/1 [==============================] - 0s 4ms/step - loss: 4.3002 - accuracy: 0.2500
Epoch 17/25

1/1 [==============================] - ETA: 0s - loss: 4.2680 - accuracy: 0.2500
1/1 [==============================] - 0s 4ms/step - loss: 4.2680 - accuracy: 0.2500
Epoch 18/25

1/1 [==============================] - ETA: 0s - loss: 4.2359 - accuracy: 0.2500
1/1 [==============================] - 0s 3ms/step - loss: 4.2359 - accuracy: 0.2500
Epoch 19/25

1/1 [==============================] - ETA: 0s - loss: 4.2039 - accuracy: 0.3125
1/1 [==============================] - 0s 3ms/step - loss: 4.2039 - accuracy: 0.3125
Epoch 20/25

1/1 [==============================] - ETA: 0s - loss: 4.1719 - accuracy: 0.3750
1/1 [==============================] - 0s 4ms/step - loss: 4.1719 - accuracy: 0.3750
Epoch 21/25

1/1 [==============================] - ETA: 0s - loss: 4.1401 - accuracy: 0.5000
1/1 [==============================] - 0s 4ms/step - loss: 4.1401 - accuracy: 0.5000
Epoch 22/25

1/1 [==============================] - ETA: 0s - loss: 4.1083 - accuracy: 0.5625
1/1 [==============================] - 0s 3ms/step - loss: 4.1083 - accuracy: 0.5625
Epoch 23/25

1/1 [==============================] - ETA: 0s - loss: 4.0765 - accuracy: 0.6250
1/1 [==============================] - 0s 4ms/step - loss: 4.0765 - accuracy: 0.6250
Epoch 24/25

1/1 [==============================] - ETA: 0s - loss: 4.0449 - accuracy: 0.6250
1/1 [==============================] - 0s 4ms/step - loss: 4.0449 - accuracy: 0.6250
Epoch 25/25

1/1 [==============================] - ETA: 0s - loss: 4.0133 - accuracy: 0.6875
1/1 [==============================] - 0s 3ms/step - loss: 4.0133 - accuracy: 0.6875
# predict: steps=12
# predict: tnodeembed_metrics
# predict: node2vec_metrics
tnodeembed: {'auc': 0.6350715196234648, 'f1_micro': 0.0, 'f1_macro': 0.0} tNodeEmbed_final_loss=3.8692455291748047 tNodeEmbed_final_accuracy=0.8125 
node2vec: {'auc': 0.5890122692618832, 'f1_micro': 0.0, 'f1_macro': 0.0} node2vec_final_loss=4.013293266296387 node2vec_final_accuracy=0.6875 
