# load graph
Processing Static file: filename='CollegeMsg_20041019.csv'
# initialize tNodeEmbed for dataset=COLLEGE_NC, test_size=0.2
# load dataset
# fit
# tNodeEmbed steps_per_epoch=1
Epoch 1/25

1/1 [==============================] - ETA: 0s - loss: 4.7220 - accuracy: 0.0000e+00
1/1 [==============================] - 1s 1s/step - loss: 4.7220 - accuracy: 0.0000e+00
Epoch 2/25

1/1 [==============================] - ETA: 0s - loss: 4.6870 - accuracy: 0.0625
1/1 [==============================] - 0s 6ms/step - loss: 4.6870 - accuracy: 0.0625
Epoch 3/25

1/1 [==============================] - ETA: 0s - loss: 4.6518 - accuracy: 0.3125
1/1 [==============================] - 0s 6ms/step - loss: 4.6518 - accuracy: 0.3125
Epoch 4/25

1/1 [==============================] - ETA: 0s - loss: 4.6164 - accuracy: 0.4375
1/1 [==============================] - 0s 6ms/step - loss: 4.6164 - accuracy: 0.4375
Epoch 5/25

1/1 [==============================] - ETA: 0s - loss: 4.5805 - accuracy: 0.8125
1/1 [==============================] - 0s 6ms/step - loss: 4.5805 - accuracy: 0.8125
Epoch 6/25

1/1 [==============================] - ETA: 0s - loss: 4.5441 - accuracy: 0.8750
1/1 [==============================] - 0s 6ms/step - loss: 4.5441 - accuracy: 0.8750
Epoch 7/25

1/1 [==============================] - ETA: 0s - loss: 4.5069 - accuracy: 0.8750
1/1 [==============================] - 0s 6ms/step - loss: 4.5069 - accuracy: 0.8750
Epoch 8/25

1/1 [==============================] - ETA: 0s - loss: 4.4688 - accuracy: 0.9375
1/1 [==============================] - 0s 7ms/step - loss: 4.4688 - accuracy: 0.9375
Epoch 9/25

1/1 [==============================] - ETA: 0s - loss: 4.4297 - accuracy: 0.9375
1/1 [==============================] - 0s 6ms/step - loss: 4.4297 - accuracy: 0.9375
Epoch 10/25

1/1 [==============================] - ETA: 0s - loss: 4.3893 - accuracy: 0.9375
1/1 [==============================] - 0s 5ms/step - loss: 4.3893 - accuracy: 0.9375
Epoch 11/25

1/1 [==============================] - ETA: 0s - loss: 4.3477 - accuracy: 0.9375
1/1 [==============================] - 0s 6ms/step - loss: 4.3477 - accuracy: 0.9375
Epoch 12/25

1/1 [==============================] - ETA: 0s - loss: 4.3045 - accuracy: 0.9375
1/1 [==============================] - 0s 6ms/step - loss: 4.3045 - accuracy: 0.9375
Epoch 13/25

1/1 [==============================] - ETA: 0s - loss: 4.2598 - accuracy: 0.9375
1/1 [==============================] - 0s 8ms/step - loss: 4.2598 - accuracy: 0.9375
Epoch 14/25

1/1 [==============================] - ETA: 0s - loss: 4.2133 - accuracy: 0.9375
1/1 [==============================] - 0s 8ms/step - loss: 4.2133 - accuracy: 0.9375
Epoch 15/25

1/1 [==============================] - ETA: 0s - loss: 4.1650 - accuracy: 0.9375
1/1 [==============================] - 0s 8ms/step - loss: 4.1650 - accuracy: 0.9375
Epoch 16/25

1/1 [==============================] - ETA: 0s - loss: 4.1148 - accuracy: 0.9375
1/1 [==============================] - 0s 7ms/step - loss: 4.1148 - accuracy: 0.9375
Epoch 17/25

1/1 [==============================] - ETA: 0s - loss: 4.0625 - accuracy: 0.9375
1/1 [==============================] - 0s 7ms/step - loss: 4.0625 - accuracy: 0.9375
Epoch 18/25

1/1 [==============================] - ETA: 0s - loss: 4.0080 - accuracy: 0.9375
1/1 [==============================] - 0s 7ms/step - loss: 4.0080 - accuracy: 0.9375
Epoch 19/25

1/1 [==============================] - ETA: 0s - loss: 3.9514 - accuracy: 0.9375
1/1 [==============================] - 0s 7ms/step - loss: 3.9514 - accuracy: 0.9375
Epoch 20/25

1/1 [==============================] - ETA: 0s - loss: 3.8924 - accuracy: 0.9375
1/1 [==============================] - 0s 7ms/step - loss: 3.8924 - accuracy: 0.9375
Epoch 21/25

1/1 [==============================] - ETA: 0s - loss: 3.8310 - accuracy: 0.9375
1/1 [==============================] - 0s 6ms/step - loss: 3.8310 - accuracy: 0.9375
Epoch 22/25

1/1 [==============================] - ETA: 0s - loss: 3.7671 - accuracy: 0.9375
1/1 [==============================] - 0s 6ms/step - loss: 3.7671 - accuracy: 0.9375
Epoch 23/25

1/1 [==============================] - ETA: 0s - loss: 3.7008 - accuracy: 0.9375
1/1 [==============================] - 0s 6ms/step - loss: 3.7008 - accuracy: 0.9375
Epoch 24/25

1/1 [==============================] - ETA: 0s - loss: 3.6319 - accuracy: 0.9375
1/1 [==============================] - 0s 5ms/step - loss: 3.6319 - accuracy: 0.9375
Epoch 25/25

1/1 [==============================] - ETA: 0s - loss: 3.5605 - accuracy: 0.9375
1/1 [==============================] - 0s 6ms/step - loss: 3.5605 - accuracy: 0.9375
# node2vec
Epoch 1/25

1/1 [==============================] - ETA: 0s - loss: 4.7152 - accuracy: 0.0000e+00
1/1 [==============================] - 0s 203ms/step - loss: 4.7152 - accuracy: 0.0000e+00
Epoch 2/25

1/1 [==============================] - ETA: 0s - loss: 4.6782 - accuracy: 0.0625
1/1 [==============================] - 0s 2ms/step - loss: 4.6782 - accuracy: 0.0625
Epoch 3/25

1/1 [==============================] - ETA: 0s - loss: 4.6414 - accuracy: 0.0625
1/1 [==============================] - 0s 3ms/step - loss: 4.6414 - accuracy: 0.0625
Epoch 4/25

1/1 [==============================] - ETA: 0s - loss: 4.6045 - accuracy: 0.0625
1/1 [==============================] - 0s 5ms/step - loss: 4.6045 - accuracy: 0.0625
Epoch 5/25

1/1 [==============================] - ETA: 0s - loss: 4.5677 - accuracy: 0.1250
1/1 [==============================] - 0s 3ms/step - loss: 4.5677 - accuracy: 0.1250
Epoch 6/25

1/1 [==============================] - ETA: 0s - loss: 4.5310 - accuracy: 0.1250
1/1 [==============================] - 0s 3ms/step - loss: 4.5310 - accuracy: 0.1250
Epoch 7/25

1/1 [==============================] - ETA: 0s - loss: 4.4943 - accuracy: 0.1250
1/1 [==============================] - 0s 2ms/step - loss: 4.4943 - accuracy: 0.1250
Epoch 8/25

1/1 [==============================] - ETA: 0s - loss: 4.4576 - accuracy: 0.1250
1/1 [==============================] - 0s 2ms/step - loss: 4.4576 - accuracy: 0.1250
Epoch 9/25

1/1 [==============================] - ETA: 0s - loss: 4.4210 - accuracy: 0.1875
1/1 [==============================] - 0s 3ms/step - loss: 4.4210 - accuracy: 0.1875
Epoch 10/25

1/1 [==============================] - ETA: 0s - loss: 4.3845 - accuracy: 0.1875
1/1 [==============================] - 0s 3ms/step - loss: 4.3845 - accuracy: 0.1875
Epoch 11/25

1/1 [==============================] - ETA: 0s - loss: 4.3481 - accuracy: 0.1875
1/1 [==============================] - 0s 3ms/step - loss: 4.3481 - accuracy: 0.1875
Epoch 12/25

1/1 [==============================] - ETA: 0s - loss: 4.3117 - accuracy: 0.1875
1/1 [==============================] - 0s 3ms/step - loss: 4.3117 - accuracy: 0.1875
Epoch 13/25

1/1 [==============================] - ETA: 0s - loss: 4.2753 - accuracy: 0.2500
1/1 [==============================] - 0s 3ms/step - loss: 4.2753 - accuracy: 0.2500
Epoch 14/25

1/1 [==============================] - ETA: 0s - loss: 4.2391 - accuracy: 0.3125
1/1 [==============================] - 0s 2ms/step - loss: 4.2391 - accuracy: 0.3125
Epoch 15/25

1/1 [==============================] - ETA: 0s - loss: 4.2029 - accuracy: 0.3125
1/1 [==============================] - 0s 3ms/step - loss: 4.2029 - accuracy: 0.3125
Epoch 16/25

1/1 [==============================] - ETA: 0s - loss: 4.1668 - accuracy: 0.3750
1/1 [==============================] - 0s 3ms/step - loss: 4.1668 - accuracy: 0.3750
Epoch 17/25

1/1 [==============================] - ETA: 0s - loss: 4.1308 - accuracy: 0.3750
1/1 [==============================] - 0s 3ms/step - loss: 4.1308 - accuracy: 0.3750
Epoch 18/25

1/1 [==============================] - ETA: 0s - loss: 4.0948 - accuracy: 0.3750
1/1 [==============================] - 0s 2ms/step - loss: 4.0948 - accuracy: 0.3750
Epoch 19/25

1/1 [==============================] - ETA: 0s - loss: 4.0589 - accuracy: 0.3750
1/1 [==============================] - 0s 3ms/step - loss: 4.0589 - accuracy: 0.3750
Epoch 20/25

1/1 [==============================] - ETA: 0s - loss: 4.0232 - accuracy: 0.3750
1/1 [==============================] - 0s 2ms/step - loss: 4.0232 - accuracy: 0.3750
Epoch 21/25

1/1 [==============================] - ETA: 0s - loss: 3.9875 - accuracy: 0.4375
1/1 [==============================] - 0s 4ms/step - loss: 3.9875 - accuracy: 0.4375
Epoch 22/25

1/1 [==============================] - ETA: 0s - loss: 3.9518 - accuracy: 0.4375
1/1 [==============================] - 0s 3ms/step - loss: 3.9518 - accuracy: 0.4375
Epoch 23/25

1/1 [==============================] - ETA: 0s - loss: 3.9163 - accuracy: 0.5000
1/1 [==============================] - 0s 2ms/step - loss: 3.9163 - accuracy: 0.5000
Epoch 24/25

1/1 [==============================] - ETA: 0s - loss: 3.8809 - accuracy: 0.6250
1/1 [==============================] - 0s 3ms/step - loss: 3.8809 - accuracy: 0.6250
Epoch 25/25

1/1 [==============================] - ETA: 0s - loss: 3.8456 - accuracy: 0.6250
1/1 [==============================] - 0s 2ms/step - loss: 3.8456 - accuracy: 0.6250
# predict: steps=12
# predict: tnodeembed_metrics
# predict: node2vec_metrics
tnodeembed: {'auc': 0.744805695830167, 'f1_micro': 0.0, 'f1_macro': 0.0} tNodeEmbed_final_loss=3.5604665279388428 tNodeEmbed_final_accuracy=0.9375 
node2vec: {'auc': 0.6478572304071778, 'f1_micro': 0.0, 'f1_macro': 0.0} node2vec_final_loss=3.8455557823181152 node2vec_final_accuracy=0.625 
