# load graph
Processing Static file: filename='CollegeMsg_20040608.csv'
# initialize tNodeEmbed for dataset=COLLEGE_NC, test_size=0.2
# load dataset
# fit
# tNodeEmbed steps_per_epoch=1
Epoch 1/25

1/1 [==============================] - ETA: 0s - loss: 4.7441 - accuracy: 0.0000e+00
1/1 [==============================] - 1s 1s/step - loss: 4.7441 - accuracy: 0.0000e+00
Epoch 2/25

1/1 [==============================] - ETA: 0s - loss: 4.7101 - accuracy: 0.0000e+00
1/1 [==============================] - 0s 4ms/step - loss: 4.7101 - accuracy: 0.0000e+00
Epoch 3/25

1/1 [==============================] - ETA: 0s - loss: 4.6759 - accuracy: 0.1250
1/1 [==============================] - 0s 6ms/step - loss: 4.6759 - accuracy: 0.1250
Epoch 4/25

1/1 [==============================] - ETA: 0s - loss: 4.6416 - accuracy: 0.1875
1/1 [==============================] - 0s 5ms/step - loss: 4.6416 - accuracy: 0.1875
Epoch 5/25

1/1 [==============================] - ETA: 0s - loss: 4.6068 - accuracy: 0.7500
1/1 [==============================] - 0s 4ms/step - loss: 4.6068 - accuracy: 0.7500
Epoch 6/25

1/1 [==============================] - ETA: 0s - loss: 4.5716 - accuracy: 0.8125
1/1 [==============================] - 0s 4ms/step - loss: 4.5716 - accuracy: 0.8125
Epoch 7/25

1/1 [==============================] - ETA: 0s - loss: 4.5357 - accuracy: 0.9375
1/1 [==============================] - 0s 4ms/step - loss: 4.5357 - accuracy: 0.9375
Epoch 8/25

1/1 [==============================] - ETA: 0s - loss: 4.4989 - accuracy: 0.9375
1/1 [==============================] - 0s 4ms/step - loss: 4.4989 - accuracy: 0.9375
Epoch 9/25

1/1 [==============================] - ETA: 0s - loss: 4.4611 - accuracy: 0.9375
1/1 [==============================] - 0s 5ms/step - loss: 4.4611 - accuracy: 0.9375
Epoch 10/25

1/1 [==============================] - ETA: 0s - loss: 4.4223 - accuracy: 0.9375
1/1 [==============================] - 0s 4ms/step - loss: 4.4223 - accuracy: 0.9375
Epoch 11/25

1/1 [==============================] - ETA: 0s - loss: 4.3822 - accuracy: 0.9375
1/1 [==============================] - 0s 3ms/step - loss: 4.3822 - accuracy: 0.9375
Epoch 12/25

1/1 [==============================] - ETA: 0s - loss: 4.3406 - accuracy: 0.9375
1/1 [==============================] - 0s 3ms/step - loss: 4.3406 - accuracy: 0.9375
Epoch 13/25

1/1 [==============================] - ETA: 0s - loss: 4.2976 - accuracy: 0.9375
1/1 [==============================] - 0s 3ms/step - loss: 4.2976 - accuracy: 0.9375
Epoch 14/25

1/1 [==============================] - ETA: 0s - loss: 4.2528 - accuracy: 0.9375
1/1 [==============================] - 0s 3ms/step - loss: 4.2528 - accuracy: 0.9375
Epoch 15/25

1/1 [==============================] - ETA: 0s - loss: 4.2063 - accuracy: 0.9375
1/1 [==============================] - 0s 3ms/step - loss: 4.2063 - accuracy: 0.9375
Epoch 16/25

1/1 [==============================] - ETA: 0s - loss: 4.1579 - accuracy: 0.9375
1/1 [==============================] - 0s 4ms/step - loss: 4.1579 - accuracy: 0.9375
Epoch 17/25

1/1 [==============================] - ETA: 0s - loss: 4.1076 - accuracy: 0.9375
1/1 [==============================] - 0s 3ms/step - loss: 4.1076 - accuracy: 0.9375
Epoch 18/25

1/1 [==============================] - ETA: 0s - loss: 4.0551 - accuracy: 0.9375
1/1 [==============================] - 0s 3ms/step - loss: 4.0551 - accuracy: 0.9375
Epoch 19/25

1/1 [==============================] - ETA: 0s - loss: 4.0004 - accuracy: 0.9375
1/1 [==============================] - 0s 3ms/step - loss: 4.0004 - accuracy: 0.9375
Epoch 20/25

1/1 [==============================] - ETA: 0s - loss: 3.9435 - accuracy: 0.9375
1/1 [==============================] - 0s 3ms/step - loss: 3.9435 - accuracy: 0.9375
Epoch 21/25

1/1 [==============================] - ETA: 0s - loss: 3.8842 - accuracy: 0.9375
1/1 [==============================] - 0s 3ms/step - loss: 3.8842 - accuracy: 0.9375
Epoch 22/25

1/1 [==============================] - ETA: 0s - loss: 3.8226 - accuracy: 0.9375
1/1 [==============================] - 0s 4ms/step - loss: 3.8226 - accuracy: 0.9375
Epoch 23/25

1/1 [==============================] - ETA: 0s - loss: 3.7585 - accuracy: 0.9375
1/1 [==============================] - 0s 3ms/step - loss: 3.7585 - accuracy: 0.9375
Epoch 24/25

1/1 [==============================] - ETA: 0s - loss: 3.6918 - accuracy: 0.9375
1/1 [==============================] - 0s 3ms/step - loss: 3.6918 - accuracy: 0.9375
Epoch 25/25

1/1 [==============================] - ETA: 0s - loss: 3.6227 - accuracy: 0.9375
1/1 [==============================] - 0s 3ms/step - loss: 3.6227 - accuracy: 0.9375
# node2vec
Epoch 1/25

1/1 [==============================] - ETA: 0s - loss: 4.8164 - accuracy: 0.0000e+00
1/1 [==============================] - 0s 186ms/step - loss: 4.8164 - accuracy: 0.0000e+00
Epoch 2/25

1/1 [==============================] - ETA: 0s - loss: 4.7769 - accuracy: 0.0000e+00
1/1 [==============================] - 0s 3ms/step - loss: 4.7769 - accuracy: 0.0000e+00
Epoch 3/25

1/1 [==============================] - ETA: 0s - loss: 4.7374 - accuracy: 0.0000e+00
1/1 [==============================] - 0s 3ms/step - loss: 4.7374 - accuracy: 0.0000e+00
Epoch 4/25

1/1 [==============================] - ETA: 0s - loss: 4.6980 - accuracy: 0.0000e+00
1/1 [==============================] - 0s 3ms/step - loss: 4.6980 - accuracy: 0.0000e+00
Epoch 5/25

1/1 [==============================] - ETA: 0s - loss: 4.6586 - accuracy: 0.0000e+00
1/1 [==============================] - 0s 2ms/step - loss: 4.6586 - accuracy: 0.0000e+00
Epoch 6/25

1/1 [==============================] - ETA: 0s - loss: 4.6193 - accuracy: 0.0000e+00
1/1 [==============================] - 0s 2ms/step - loss: 4.6193 - accuracy: 0.0000e+00
Epoch 7/25

1/1 [==============================] - ETA: 0s - loss: 4.5801 - accuracy: 0.0000e+00
1/1 [==============================] - 0s 3ms/step - loss: 4.5801 - accuracy: 0.0000e+00
Epoch 8/25

1/1 [==============================] - ETA: 0s - loss: 4.5409 - accuracy: 0.0000e+00
1/1 [==============================] - 0s 3ms/step - loss: 4.5409 - accuracy: 0.0000e+00
Epoch 9/25

1/1 [==============================] - ETA: 0s - loss: 4.5018 - accuracy: 0.0000e+00
1/1 [==============================] - 0s 2ms/step - loss: 4.5018 - accuracy: 0.0000e+00
Epoch 10/25

1/1 [==============================] - ETA: 0s - loss: 4.4628 - accuracy: 0.0625
1/1 [==============================] - 0s 3ms/step - loss: 4.4628 - accuracy: 0.0625
Epoch 11/25

1/1 [==============================] - ETA: 0s - loss: 4.4239 - accuracy: 0.1250
1/1 [==============================] - 0s 3ms/step - loss: 4.4239 - accuracy: 0.1250
Epoch 12/25

1/1 [==============================] - ETA: 0s - loss: 4.3850 - accuracy: 0.1250
1/1 [==============================] - 0s 2ms/step - loss: 4.3850 - accuracy: 0.1250
Epoch 13/25

1/1 [==============================] - ETA: 0s - loss: 4.3462 - accuracy: 0.1875
1/1 [==============================] - 0s 2ms/step - loss: 4.3462 - accuracy: 0.1875
Epoch 14/25

1/1 [==============================] - ETA: 0s - loss: 4.3075 - accuracy: 0.2500
1/1 [==============================] - 0s 2ms/step - loss: 4.3075 - accuracy: 0.2500
Epoch 15/25

1/1 [==============================] - ETA: 0s - loss: 4.2689 - accuracy: 0.3125
1/1 [==============================] - 0s 2ms/step - loss: 4.2689 - accuracy: 0.3125
Epoch 16/25

1/1 [==============================] - ETA: 0s - loss: 4.2304 - accuracy: 0.3125
1/1 [==============================] - 0s 2ms/step - loss: 4.2304 - accuracy: 0.3125
Epoch 17/25

1/1 [==============================] - ETA: 0s - loss: 4.1920 - accuracy: 0.3125
1/1 [==============================] - 0s 5ms/step - loss: 4.1920 - accuracy: 0.3125
Epoch 18/25

1/1 [==============================] - ETA: 0s - loss: 4.1536 - accuracy: 0.3125
1/1 [==============================] - 0s 5ms/step - loss: 4.1536 - accuracy: 0.3125
Epoch 19/25

1/1 [==============================] - ETA: 0s - loss: 4.1154 - accuracy: 0.3125
1/1 [==============================] - 0s 5ms/step - loss: 4.1154 - accuracy: 0.3125
Epoch 20/25

1/1 [==============================] - ETA: 0s - loss: 4.0773 - accuracy: 0.3750
1/1 [==============================] - 0s 3ms/step - loss: 4.0773 - accuracy: 0.3750
Epoch 21/25

1/1 [==============================] - ETA: 0s - loss: 4.0392 - accuracy: 0.3750
1/1 [==============================] - 0s 3ms/step - loss: 4.0392 - accuracy: 0.3750
Epoch 22/25

1/1 [==============================] - ETA: 0s - loss: 4.0013 - accuracy: 0.4375
1/1 [==============================] - 0s 2ms/step - loss: 4.0013 - accuracy: 0.4375
Epoch 23/25

1/1 [==============================] - ETA: 0s - loss: 3.9635 - accuracy: 0.4375
1/1 [==============================] - 0s 3ms/step - loss: 3.9635 - accuracy: 0.4375
Epoch 24/25

1/1 [==============================] - ETA: 0s - loss: 3.9258 - accuracy: 0.4375
1/1 [==============================] - 0s 3ms/step - loss: 3.9258 - accuracy: 0.4375
Epoch 25/25

1/1 [==============================] - ETA: 0s - loss: 3.8882 - accuracy: 0.4375
1/1 [==============================] - 0s 3ms/step - loss: 3.8882 - accuracy: 0.4375
# predict: steps=12
# predict: tnodeembed_metrics
# predict: node2vec_metrics
tnodeembed: {'auc': 0.7602565697546149, 'f1_micro': 0.0, 'f1_macro': 0.0} tNodeEmbed_final_loss=3.62272310256958 tNodeEmbed_final_accuracy=0.9375 
node2vec: {'auc': 0.6507991873605765, 'f1_micro': 0.0, 'f1_macro': 0.0} node2vec_final_loss=3.8882362842559814 node2vec_final_accuracy=0.4375 
