# load graph
Processing Static file: filename='CollegeMsg_20040427.csv'
# initialize tNodeEmbed for dataset=COLLEGE_NC, test_size=0.2
# load dataset
# fit
# tNodeEmbed steps_per_epoch=1
Epoch 1/25

1/1 [==============================] - ETA: 0s - loss: 4.7304 - accuracy: 0.1875
1/1 [==============================] - 1s 1s/step - loss: 4.7304 - accuracy: 0.1875
Epoch 2/25

1/1 [==============================] - ETA: 0s - loss: 4.7181 - accuracy: 0.1875
1/1 [==============================] - 0s 4ms/step - loss: 4.7181 - accuracy: 0.1875
Epoch 3/25

1/1 [==============================] - ETA: 0s - loss: 4.7058 - accuracy: 0.2500
1/1 [==============================] - 0s 4ms/step - loss: 4.7058 - accuracy: 0.2500
Epoch 4/25

1/1 [==============================] - ETA: 0s - loss: 4.6933 - accuracy: 0.3125
1/1 [==============================] - 0s 5ms/step - loss: 4.6933 - accuracy: 0.3125
Epoch 5/25

1/1 [==============================] - ETA: 0s - loss: 4.6806 - accuracy: 0.3750
1/1 [==============================] - 0s 5ms/step - loss: 4.6806 - accuracy: 0.3750
Epoch 6/25

1/1 [==============================] - ETA: 0s - loss: 4.6676 - accuracy: 0.3750
1/1 [==============================] - 0s 4ms/step - loss: 4.6676 - accuracy: 0.3750
Epoch 7/25

1/1 [==============================] - ETA: 0s - loss: 4.6544 - accuracy: 0.3750
1/1 [==============================] - 0s 5ms/step - loss: 4.6544 - accuracy: 0.3750
Epoch 8/25

1/1 [==============================] - ETA: 0s - loss: 4.6408 - accuracy: 0.3750
1/1 [==============================] - 0s 4ms/step - loss: 4.6408 - accuracy: 0.3750
Epoch 9/25

1/1 [==============================] - ETA: 0s - loss: 4.6269 - accuracy: 0.3750
1/1 [==============================] - 0s 4ms/step - loss: 4.6269 - accuracy: 0.3750
Epoch 10/25

1/1 [==============================] - ETA: 0s - loss: 4.6125 - accuracy: 0.3750
1/1 [==============================] - 0s 4ms/step - loss: 4.6125 - accuracy: 0.3750
Epoch 11/25

1/1 [==============================] - ETA: 0s - loss: 4.5976 - accuracy: 0.3750
1/1 [==============================] - 0s 4ms/step - loss: 4.5976 - accuracy: 0.3750
Epoch 12/25

1/1 [==============================] - ETA: 0s - loss: 4.5821 - accuracy: 0.4375
1/1 [==============================] - 0s 4ms/step - loss: 4.5821 - accuracy: 0.4375
Epoch 13/25

1/1 [==============================] - ETA: 0s - loss: 4.5661 - accuracy: 0.4375
1/1 [==============================] - 0s 4ms/step - loss: 4.5661 - accuracy: 0.4375
Epoch 14/25

1/1 [==============================] - ETA: 0s - loss: 4.5495 - accuracy: 0.4375
1/1 [==============================] - 0s 3ms/step - loss: 4.5495 - accuracy: 0.4375
Epoch 15/25

1/1 [==============================] - ETA: 0s - loss: 4.5322 - accuracy: 0.4375
1/1 [==============================] - 0s 4ms/step - loss: 4.5322 - accuracy: 0.4375
Epoch 16/25

1/1 [==============================] - ETA: 0s - loss: 4.5142 - accuracy: 0.4375
1/1 [==============================] - 0s 4ms/step - loss: 4.5142 - accuracy: 0.4375
Epoch 17/25

1/1 [==============================] - ETA: 0s - loss: 4.4955 - accuracy: 0.4375
1/1 [==============================] - 0s 3ms/step - loss: 4.4955 - accuracy: 0.4375
Epoch 18/25

1/1 [==============================] - ETA: 0s - loss: 4.4761 - accuracy: 0.4375
1/1 [==============================] - 0s 4ms/step - loss: 4.4761 - accuracy: 0.4375
Epoch 19/25

1/1 [==============================] - ETA: 0s - loss: 4.4558 - accuracy: 0.4375
1/1 [==============================] - 0s 4ms/step - loss: 4.4558 - accuracy: 0.4375
Epoch 20/25

1/1 [==============================] - ETA: 0s - loss: 4.4348 - accuracy: 0.4375
1/1 [==============================] - 0s 3ms/step - loss: 4.4348 - accuracy: 0.4375
Epoch 21/25

1/1 [==============================] - ETA: 0s - loss: 4.4130 - accuracy: 0.4375
1/1 [==============================] - 0s 4ms/step - loss: 4.4130 - accuracy: 0.4375
Epoch 22/25

1/1 [==============================] - ETA: 0s - loss: 4.3903 - accuracy: 0.4375
1/1 [==============================] - 0s 4ms/step - loss: 4.3903 - accuracy: 0.4375
Epoch 23/25

1/1 [==============================] - ETA: 0s - loss: 4.3668 - accuracy: 0.4375
1/1 [==============================] - 0s 4ms/step - loss: 4.3668 - accuracy: 0.4375
Epoch 24/25

1/1 [==============================] - ETA: 0s - loss: 4.3424 - accuracy: 0.4375
1/1 [==============================] - 0s 3ms/step - loss: 4.3424 - accuracy: 0.4375
Epoch 25/25

1/1 [==============================] - ETA: 0s - loss: 4.3172 - accuracy: 0.4375
1/1 [==============================] - 0s 3ms/step - loss: 4.3172 - accuracy: 0.4375
# node2vec
Epoch 1/25

1/1 [==============================] - ETA: 0s - loss: 4.7684 - accuracy: 0.1875
1/1 [==============================] - 0s 191ms/step - loss: 4.7684 - accuracy: 0.1875
Epoch 2/25

1/1 [==============================] - ETA: 0s - loss: 4.7579 - accuracy: 0.1875
1/1 [==============================] - 0s 3ms/step - loss: 4.7579 - accuracy: 0.1875
Epoch 3/25

1/1 [==============================] - ETA: 0s - loss: 4.7474 - accuracy: 0.1875
1/1 [==============================] - 0s 3ms/step - loss: 4.7474 - accuracy: 0.1875
Epoch 4/25

1/1 [==============================] - ETA: 0s - loss: 4.7370 - accuracy: 0.1875
1/1 [==============================] - 0s 3ms/step - loss: 4.7370 - accuracy: 0.1875
Epoch 5/25

1/1 [==============================] - ETA: 0s - loss: 4.7265 - accuracy: 0.1875
1/1 [==============================] - 0s 3ms/step - loss: 4.7265 - accuracy: 0.1875
Epoch 6/25

1/1 [==============================] - ETA: 0s - loss: 4.7160 - accuracy: 0.1875
1/1 [==============================] - 0s 3ms/step - loss: 4.7160 - accuracy: 0.1875
Epoch 7/25

1/1 [==============================] - ETA: 0s - loss: 4.7055 - accuracy: 0.1875
1/1 [==============================] - 0s 2ms/step - loss: 4.7055 - accuracy: 0.1875
Epoch 8/25

1/1 [==============================] - ETA: 0s - loss: 4.6950 - accuracy: 0.1875
1/1 [==============================] - 0s 3ms/step - loss: 4.6950 - accuracy: 0.1875
Epoch 9/25

1/1 [==============================] - ETA: 0s - loss: 4.6846 - accuracy: 0.1875
1/1 [==============================] - 0s 4ms/step - loss: 4.6846 - accuracy: 0.1875
Epoch 10/25

1/1 [==============================] - ETA: 0s - loss: 4.6741 - accuracy: 0.2500
1/1 [==============================] - 0s 3ms/step - loss: 4.6741 - accuracy: 0.2500
Epoch 11/25

1/1 [==============================] - ETA: 0s - loss: 4.6636 - accuracy: 0.2500
1/1 [==============================] - 0s 3ms/step - loss: 4.6636 - accuracy: 0.2500
Epoch 12/25

1/1 [==============================] - ETA: 0s - loss: 4.6532 - accuracy: 0.2500
1/1 [==============================] - 0s 3ms/step - loss: 4.6532 - accuracy: 0.2500
Epoch 13/25

1/1 [==============================] - ETA: 0s - loss: 4.6428 - accuracy: 0.2500
1/1 [==============================] - 0s 3ms/step - loss: 4.6428 - accuracy: 0.2500
Epoch 14/25

1/1 [==============================] - ETA: 0s - loss: 4.6324 - accuracy: 0.2500
1/1 [==============================] - 0s 3ms/step - loss: 4.6324 - accuracy: 0.2500
Epoch 15/25

1/1 [==============================] - ETA: 0s - loss: 4.6219 - accuracy: 0.2500
1/1 [==============================] - 0s 2ms/step - loss: 4.6219 - accuracy: 0.2500
Epoch 16/25

1/1 [==============================] - ETA: 0s - loss: 4.6115 - accuracy: 0.2500
1/1 [==============================] - 0s 4ms/step - loss: 4.6115 - accuracy: 0.2500
Epoch 17/25

1/1 [==============================] - ETA: 0s - loss: 4.6012 - accuracy: 0.2500
1/1 [==============================] - 0s 3ms/step - loss: 4.6012 - accuracy: 0.2500
Epoch 18/25

1/1 [==============================] - ETA: 0s - loss: 4.5908 - accuracy: 0.2500
1/1 [==============================] - 0s 3ms/step - loss: 4.5908 - accuracy: 0.2500
Epoch 19/25

1/1 [==============================] - ETA: 0s - loss: 4.5804 - accuracy: 0.2500
1/1 [==============================] - 0s 3ms/step - loss: 4.5804 - accuracy: 0.2500
Epoch 20/25

1/1 [==============================] - ETA: 0s - loss: 4.5701 - accuracy: 0.3125
1/1 [==============================] - 0s 4ms/step - loss: 4.5701 - accuracy: 0.3125
Epoch 21/25

1/1 [==============================] - ETA: 0s - loss: 4.5597 - accuracy: 0.3125
1/1 [==============================] - 0s 4ms/step - loss: 4.5597 - accuracy: 0.3125
Epoch 22/25

1/1 [==============================] - ETA: 0s - loss: 4.5494 - accuracy: 0.3125
1/1 [==============================] - 0s 3ms/step - loss: 4.5494 - accuracy: 0.3125
Epoch 23/25

1/1 [==============================] - ETA: 0s - loss: 4.5391 - accuracy: 0.3125
1/1 [==============================] - 0s 3ms/step - loss: 4.5391 - accuracy: 0.3125
Epoch 24/25

1/1 [==============================] - ETA: 0s - loss: 4.5288 - accuracy: 0.3125
1/1 [==============================] - 0s 2ms/step - loss: 4.5288 - accuracy: 0.3125
Epoch 25/25

1/1 [==============================] - ETA: 0s - loss: 4.5185 - accuracy: 0.3125
1/1 [==============================] - 0s 4ms/step - loss: 4.5185 - accuracy: 0.3125
# predict: steps=12
# predict: tnodeembed_metrics
# predict: node2vec_metrics
tnodeembed: {'auc': 0.7683762532787488, 'f1_micro': 0.0, 'f1_macro': 0.0} tNodeEmbed_final_loss=4.317224979400635 tNodeEmbed_final_accuracy=0.4375 
node2vec: {'auc': 0.7326764395852231, 'f1_micro': 0.0, 'f1_macro': 0.0} node2vec_final_loss=4.518478870391846 node2vec_final_accuracy=0.3125 
