# load graph
Processing Static file: filename='CollegeMsg_20040521.csv'
# initialize tNodeEmbed for dataset=COLLEGE_NC, test_size=0.2
# load dataset
# fit
# tNodeEmbed steps_per_epoch=1
Epoch 1/25

1/1 [==============================] - ETA: 0s - loss: 4.7417 - accuracy: 0.0625
1/1 [==============================] - 1s 1s/step - loss: 4.7417 - accuracy: 0.0625
Epoch 2/25

1/1 [==============================] - ETA: 0s - loss: 4.7164 - accuracy: 0.1250
1/1 [==============================] - 0s 6ms/step - loss: 4.7164 - accuracy: 0.1250
Epoch 3/25

1/1 [==============================] - ETA: 0s - loss: 4.6911 - accuracy: 0.1250
1/1 [==============================] - 0s 5ms/step - loss: 4.6911 - accuracy: 0.1250
Epoch 4/25

1/1 [==============================] - ETA: 0s - loss: 4.6657 - accuracy: 0.4375
1/1 [==============================] - 0s 5ms/step - loss: 4.6657 - accuracy: 0.4375
Epoch 5/25

1/1 [==============================] - ETA: 0s - loss: 4.6401 - accuracy: 0.5625
1/1 [==============================] - 0s 4ms/step - loss: 4.6401 - accuracy: 0.5625
Epoch 6/25

1/1 [==============================] - ETA: 0s - loss: 4.6141 - accuracy: 0.6250
1/1 [==============================] - 0s 4ms/step - loss: 4.6141 - accuracy: 0.6250
Epoch 7/25

1/1 [==============================] - ETA: 0s - loss: 4.5877 - accuracy: 0.6875
1/1 [==============================] - 0s 4ms/step - loss: 4.5877 - accuracy: 0.6875
Epoch 8/25

1/1 [==============================] - ETA: 0s - loss: 4.5606 - accuracy: 0.7500
1/1 [==============================] - 0s 4ms/step - loss: 4.5606 - accuracy: 0.7500
Epoch 9/25

1/1 [==============================] - ETA: 0s - loss: 4.5329 - accuracy: 0.7500
1/1 [==============================] - 0s 3ms/step - loss: 4.5329 - accuracy: 0.7500
Epoch 10/25

1/1 [==============================] - ETA: 0s - loss: 4.5043 - accuracy: 0.7500
1/1 [==============================] - 0s 4ms/step - loss: 4.5043 - accuracy: 0.7500
Epoch 11/25

1/1 [==============================] - ETA: 0s - loss: 4.4747 - accuracy: 0.7500
1/1 [==============================] - 0s 4ms/step - loss: 4.4747 - accuracy: 0.7500
Epoch 12/25

1/1 [==============================] - ETA: 0s - loss: 4.4442 - accuracy: 0.7500
1/1 [==============================] - 0s 4ms/step - loss: 4.4442 - accuracy: 0.7500
Epoch 13/25

1/1 [==============================] - ETA: 0s - loss: 4.4125 - accuracy: 0.7500
1/1 [==============================] - 0s 4ms/step - loss: 4.4125 - accuracy: 0.7500
Epoch 14/25

1/1 [==============================] - ETA: 0s - loss: 4.3795 - accuracy: 0.7500
1/1 [==============================] - 0s 4ms/step - loss: 4.3795 - accuracy: 0.7500
Epoch 15/25

1/1 [==============================] - ETA: 0s - loss: 4.3453 - accuracy: 0.7500
1/1 [==============================] - 0s 3ms/step - loss: 4.3453 - accuracy: 0.7500
Epoch 16/25

1/1 [==============================] - ETA: 0s - loss: 4.3097 - accuracy: 0.7500
1/1 [==============================] - 0s 4ms/step - loss: 4.3097 - accuracy: 0.7500
Epoch 17/25

1/1 [==============================] - ETA: 0s - loss: 4.2727 - accuracy: 0.7500
1/1 [==============================] - 0s 3ms/step - loss: 4.2727 - accuracy: 0.7500
Epoch 18/25

1/1 [==============================] - ETA: 0s - loss: 4.2341 - accuracy: 0.7500
1/1 [==============================] - 0s 3ms/step - loss: 4.2341 - accuracy: 0.7500
Epoch 19/25

1/1 [==============================] - ETA: 0s - loss: 4.1941 - accuracy: 0.7500
1/1 [==============================] - 0s 3ms/step - loss: 4.1941 - accuracy: 0.7500
Epoch 20/25

1/1 [==============================] - ETA: 0s - loss: 4.1524 - accuracy: 0.7500
1/1 [==============================] - 0s 5ms/step - loss: 4.1524 - accuracy: 0.7500
Epoch 21/25

1/1 [==============================] - ETA: 0s - loss: 4.1091 - accuracy: 0.7500
1/1 [==============================] - 0s 3ms/step - loss: 4.1091 - accuracy: 0.7500
Epoch 22/25

1/1 [==============================] - ETA: 0s - loss: 4.0642 - accuracy: 0.7500
1/1 [==============================] - 0s 3ms/step - loss: 4.0642 - accuracy: 0.7500
Epoch 23/25

1/1 [==============================] - ETA: 0s - loss: 4.0176 - accuracy: 0.7500
1/1 [==============================] - 0s 3ms/step - loss: 4.0176 - accuracy: 0.7500
Epoch 24/25

1/1 [==============================] - ETA: 0s - loss: 3.9694 - accuracy: 0.7500
1/1 [==============================] - 0s 4ms/step - loss: 3.9694 - accuracy: 0.7500
Epoch 25/25

1/1 [==============================] - ETA: 0s - loss: 3.9194 - accuracy: 0.7500
1/1 [==============================] - 0s 3ms/step - loss: 3.9194 - accuracy: 0.7500
# node2vec
Epoch 1/25

1/1 [==============================] - ETA: 0s - loss: 4.7195 - accuracy: 0.0625
1/1 [==============================] - 0s 190ms/step - loss: 4.7195 - accuracy: 0.0625
Epoch 2/25

1/1 [==============================] - ETA: 0s - loss: 4.6917 - accuracy: 0.0625
1/1 [==============================] - 0s 3ms/step - loss: 4.6917 - accuracy: 0.0625
Epoch 3/25

1/1 [==============================] - ETA: 0s - loss: 4.6639 - accuracy: 0.1250
1/1 [==============================] - 0s 2ms/step - loss: 4.6639 - accuracy: 0.1250
Epoch 4/25

1/1 [==============================] - ETA: 0s - loss: 4.6361 - accuracy: 0.1250
1/1 [==============================] - 0s 2ms/step - loss: 4.6361 - accuracy: 0.1250
Epoch 5/25

1/1 [==============================] - ETA: 0s - loss: 4.6084 - accuracy: 0.1250
1/1 [==============================] - 0s 3ms/step - loss: 4.6084 - accuracy: 0.1250
Epoch 6/25

1/1 [==============================] - ETA: 0s - loss: 4.5807 - accuracy: 0.0625
1/1 [==============================] - 0s 2ms/step - loss: 4.5807 - accuracy: 0.0625
Epoch 7/25

1/1 [==============================] - ETA: 0s - loss: 4.5530 - accuracy: 0.0625
1/1 [==============================] - 0s 2ms/step - loss: 4.5530 - accuracy: 0.0625
Epoch 8/25

1/1 [==============================] - ETA: 0s - loss: 4.5254 - accuracy: 0.1875
1/1 [==============================] - 0s 3ms/step - loss: 4.5254 - accuracy: 0.1875
Epoch 9/25

1/1 [==============================] - ETA: 0s - loss: 4.4979 - accuracy: 0.1875
1/1 [==============================] - 0s 3ms/step - loss: 4.4979 - accuracy: 0.1875
Epoch 10/25

1/1 [==============================] - ETA: 0s - loss: 4.4704 - accuracy: 0.1875
1/1 [==============================] - 0s 3ms/step - loss: 4.4704 - accuracy: 0.1875
Epoch 11/25

1/1 [==============================] - ETA: 0s - loss: 4.4429 - accuracy: 0.1875
1/1 [==============================] - 0s 4ms/step - loss: 4.4429 - accuracy: 0.1875
Epoch 12/25

1/1 [==============================] - ETA: 0s - loss: 4.4156 - accuracy: 0.1875
1/1 [==============================] - 0s 3ms/step - loss: 4.4156 - accuracy: 0.1875
Epoch 13/25

1/1 [==============================] - ETA: 0s - loss: 4.3883 - accuracy: 0.1875
1/1 [==============================] - 0s 3ms/step - loss: 4.3883 - accuracy: 0.1875
Epoch 14/25

1/1 [==============================] - ETA: 0s - loss: 4.3610 - accuracy: 0.1875
1/1 [==============================] - 0s 3ms/step - loss: 4.3610 - accuracy: 0.1875
Epoch 15/25

1/1 [==============================] - ETA: 0s - loss: 4.3338 - accuracy: 0.3125
1/1 [==============================] - 0s 5ms/step - loss: 4.3338 - accuracy: 0.3125
Epoch 16/25

1/1 [==============================] - ETA: 0s - loss: 4.3067 - accuracy: 0.3750
1/1 [==============================] - 0s 4ms/step - loss: 4.3067 - accuracy: 0.3750
Epoch 17/25

1/1 [==============================] - ETA: 0s - loss: 4.2796 - accuracy: 0.3750
1/1 [==============================] - 0s 4ms/step - loss: 4.2796 - accuracy: 0.3750
Epoch 18/25

1/1 [==============================] - ETA: 0s - loss: 4.2527 - accuracy: 0.4375
1/1 [==============================] - 0s 3ms/step - loss: 4.2527 - accuracy: 0.4375
Epoch 19/25

1/1 [==============================] - ETA: 0s - loss: 4.2258 - accuracy: 0.4375
1/1 [==============================] - 0s 3ms/step - loss: 4.2258 - accuracy: 0.4375
Epoch 20/25

1/1 [==============================] - ETA: 0s - loss: 4.1990 - accuracy: 0.5000
1/1 [==============================] - 0s 3ms/step - loss: 4.1990 - accuracy: 0.5000
Epoch 21/25

1/1 [==============================] - ETA: 0s - loss: 4.1722 - accuracy: 0.5000
1/1 [==============================] - 0s 2ms/step - loss: 4.1722 - accuracy: 0.5000
Epoch 22/25

1/1 [==============================] - ETA: 0s - loss: 4.1456 - accuracy: 0.5000
1/1 [==============================] - 0s 2ms/step - loss: 4.1456 - accuracy: 0.5000
Epoch 23/25

1/1 [==============================] - ETA: 0s - loss: 4.1190 - accuracy: 0.5000
1/1 [==============================] - 0s 3ms/step - loss: 4.1190 - accuracy: 0.5000
Epoch 24/25

1/1 [==============================] - ETA: 0s - loss: 4.0925 - accuracy: 0.5000
1/1 [==============================] - 0s 3ms/step - loss: 4.0925 - accuracy: 0.5000
Epoch 25/25

1/1 [==============================] - ETA: 0s - loss: 4.0661 - accuracy: 0.5000
1/1 [==============================] - 0s 3ms/step - loss: 4.0661 - accuracy: 0.5000
# predict: steps=12
# predict: tnodeembed_metrics
# predict: node2vec_metrics
tnodeembed: {'auc': 0.7488965631358322, 'f1_micro': 0.0, 'f1_macro': 0.0} tNodeEmbed_final_loss=3.9194397926330566 tNodeEmbed_final_accuracy=0.75 
node2vec: {'auc': 0.6375763611403917, 'f1_micro': 0.0, 'f1_macro': 0.0} node2vec_final_loss=4.066134452819824 node2vec_final_accuracy=0.5 
