# load graph
Processing Static file: filename='CollegeMsg_20041001.csv'
# initialize tNodeEmbed for dataset=COLLEGE_NC, test_size=0.2
# load dataset
# fit
# tNodeEmbed steps_per_epoch=1
Epoch 1/25

1/1 [==============================] - ETA: 0s - loss: 4.7418 - accuracy: 0.0000e+00
1/1 [==============================] - 1s 1s/step - loss: 4.7418 - accuracy: 0.0000e+00
Epoch 2/25

1/1 [==============================] - ETA: 0s - loss: 4.7088 - accuracy: 0.0000e+00
1/1 [==============================] - 0s 6ms/step - loss: 4.7088 - accuracy: 0.0000e+00
Epoch 3/25

1/1 [==============================] - ETA: 0s - loss: 4.6757 - accuracy: 0.0625
1/1 [==============================] - 0s 5ms/step - loss: 4.6757 - accuracy: 0.0625
Epoch 4/25

1/1 [==============================] - ETA: 0s - loss: 4.6425 - accuracy: 0.2500
1/1 [==============================] - 0s 5ms/step - loss: 4.6425 - accuracy: 0.2500
Epoch 5/25

1/1 [==============================] - ETA: 0s - loss: 4.6090 - accuracy: 0.5000
1/1 [==============================] - 0s 5ms/step - loss: 4.6090 - accuracy: 0.5000
Epoch 6/25

1/1 [==============================] - ETA: 0s - loss: 4.5750 - accuracy: 0.5625
1/1 [==============================] - 0s 6ms/step - loss: 4.5750 - accuracy: 0.5625
Epoch 7/25

1/1 [==============================] - ETA: 0s - loss: 4.5405 - accuracy: 0.7500
1/1 [==============================] - 0s 5ms/step - loss: 4.5405 - accuracy: 0.7500
Epoch 8/25

1/1 [==============================] - ETA: 0s - loss: 4.5052 - accuracy: 0.8750
1/1 [==============================] - 0s 6ms/step - loss: 4.5052 - accuracy: 0.8750
Epoch 9/25

1/1 [==============================] - ETA: 0s - loss: 4.4691 - accuracy: 0.9375
1/1 [==============================] - 0s 5ms/step - loss: 4.4691 - accuracy: 0.9375
Epoch 10/25

1/1 [==============================] - ETA: 0s - loss: 4.4319 - accuracy: 1.0000
1/1 [==============================] - 0s 5ms/step - loss: 4.4319 - accuracy: 1.0000
Epoch 11/25

1/1 [==============================] - ETA: 0s - loss: 4.3937 - accuracy: 1.0000
1/1 [==============================] - 0s 5ms/step - loss: 4.3937 - accuracy: 1.0000
Epoch 12/25

1/1 [==============================] - ETA: 0s - loss: 4.3542 - accuracy: 1.0000
1/1 [==============================] - 0s 4ms/step - loss: 4.3542 - accuracy: 1.0000
Epoch 13/25

1/1 [==============================] - ETA: 0s - loss: 4.3133 - accuracy: 1.0000
1/1 [==============================] - 0s 5ms/step - loss: 4.3133 - accuracy: 1.0000
Epoch 14/25

1/1 [==============================] - ETA: 0s - loss: 4.2710 - accuracy: 1.0000
1/1 [==============================] - 0s 5ms/step - loss: 4.2710 - accuracy: 1.0000
Epoch 15/25

1/1 [==============================] - ETA: 0s - loss: 4.2270 - accuracy: 1.0000
1/1 [==============================] - 0s 5ms/step - loss: 4.2270 - accuracy: 1.0000
Epoch 16/25

1/1 [==============================] - ETA: 0s - loss: 4.1814 - accuracy: 1.0000
1/1 [==============================] - 0s 5ms/step - loss: 4.1814 - accuracy: 1.0000
Epoch 17/25

1/1 [==============================] - ETA: 0s - loss: 4.1340 - accuracy: 1.0000
1/1 [==============================] - 0s 5ms/step - loss: 4.1340 - accuracy: 1.0000
Epoch 18/25

1/1 [==============================] - ETA: 0s - loss: 4.0847 - accuracy: 1.0000
1/1 [==============================] - 0s 5ms/step - loss: 4.0847 - accuracy: 1.0000
Epoch 19/25

1/1 [==============================] - ETA: 0s - loss: 4.0334 - accuracy: 1.0000
1/1 [==============================] - 0s 5ms/step - loss: 4.0334 - accuracy: 1.0000
Epoch 20/25

1/1 [==============================] - ETA: 0s - loss: 3.9801 - accuracy: 1.0000
1/1 [==============================] - 0s 4ms/step - loss: 3.9801 - accuracy: 1.0000
Epoch 21/25

1/1 [==============================] - ETA: 0s - loss: 3.9246 - accuracy: 1.0000
1/1 [==============================] - 0s 5ms/step - loss: 3.9246 - accuracy: 1.0000
Epoch 22/25

1/1 [==============================] - ETA: 0s - loss: 3.8670 - accuracy: 1.0000
1/1 [==============================] - 0s 5ms/step - loss: 3.8670 - accuracy: 1.0000
Epoch 23/25

1/1 [==============================] - ETA: 0s - loss: 3.8071 - accuracy: 1.0000
1/1 [==============================] - 0s 5ms/step - loss: 3.8071 - accuracy: 1.0000
Epoch 24/25

1/1 [==============================] - ETA: 0s - loss: 3.7449 - accuracy: 1.0000
1/1 [==============================] - 0s 5ms/step - loss: 3.7449 - accuracy: 1.0000
Epoch 25/25

1/1 [==============================] - ETA: 0s - loss: 3.6804 - accuracy: 1.0000
1/1 [==============================] - 0s 5ms/step - loss: 3.6804 - accuracy: 1.0000
# node2vec
Epoch 1/25

1/1 [==============================] - ETA: 0s - loss: 4.7675 - accuracy: 0.0000e+00
1/1 [==============================] - 0s 194ms/step - loss: 4.7675 - accuracy: 0.0000e+00
Epoch 2/25

1/1 [==============================] - ETA: 0s - loss: 4.7310 - accuracy: 0.0000e+00
1/1 [==============================] - 0s 4ms/step - loss: 4.7310 - accuracy: 0.0000e+00
Epoch 3/25

1/1 [==============================] - ETA: 0s - loss: 4.6946 - accuracy: 0.0000e+00
1/1 [==============================] - 0s 4ms/step - loss: 4.6946 - accuracy: 0.0000e+00
Epoch 4/25

1/1 [==============================] - ETA: 0s - loss: 4.6582 - accuracy: 0.0000e+00
1/1 [==============================] - 0s 3ms/step - loss: 4.6582 - accuracy: 0.0000e+00
Epoch 5/25

1/1 [==============================] - ETA: 0s - loss: 4.6219 - accuracy: 0.0000e+00
1/1 [==============================] - 0s 3ms/step - loss: 4.6219 - accuracy: 0.0000e+00
Epoch 6/25

1/1 [==============================] - ETA: 0s - loss: 4.5856 - accuracy: 0.0000e+00
1/1 [==============================] - 0s 4ms/step - loss: 4.5856 - accuracy: 0.0000e+00
Epoch 7/25

1/1 [==============================] - ETA: 0s - loss: 4.5494 - accuracy: 0.0000e+00
1/1 [==============================] - 0s 3ms/step - loss: 4.5494 - accuracy: 0.0000e+00
Epoch 8/25

1/1 [==============================] - ETA: 0s - loss: 4.5132 - accuracy: 0.0000e+00
1/1 [==============================] - 0s 2ms/step - loss: 4.5132 - accuracy: 0.0000e+00
Epoch 9/25

1/1 [==============================] - ETA: 0s - loss: 4.4771 - accuracy: 0.0000e+00
1/1 [==============================] - 0s 3ms/step - loss: 4.4771 - accuracy: 0.0000e+00
Epoch 10/25

1/1 [==============================] - ETA: 0s - loss: 4.4410 - accuracy: 0.0000e+00
1/1 [==============================] - 0s 3ms/step - loss: 4.4410 - accuracy: 0.0000e+00
Epoch 11/25

1/1 [==============================] - ETA: 0s - loss: 4.4050 - accuracy: 0.0000e+00
1/1 [==============================] - 0s 3ms/step - loss: 4.4050 - accuracy: 0.0000e+00
Epoch 12/25

1/1 [==============================] - ETA: 0s - loss: 4.3690 - accuracy: 0.0000e+00
1/1 [==============================] - 0s 3ms/step - loss: 4.3690 - accuracy: 0.0000e+00
Epoch 13/25

1/1 [==============================] - ETA: 0s - loss: 4.3331 - accuracy: 0.1250
1/1 [==============================] - 0s 3ms/step - loss: 4.3331 - accuracy: 0.1250
Epoch 14/25

1/1 [==============================] - ETA: 0s - loss: 4.2973 - accuracy: 0.1250
1/1 [==============================] - 0s 3ms/step - loss: 4.2973 - accuracy: 0.1250
Epoch 15/25

1/1 [==============================] - ETA: 0s - loss: 4.2615 - accuracy: 0.1875
1/1 [==============================] - 0s 2ms/step - loss: 4.2615 - accuracy: 0.1875
Epoch 16/25

1/1 [==============================] - ETA: 0s - loss: 4.2258 - accuracy: 0.1875
1/1 [==============================] - 0s 2ms/step - loss: 4.2258 - accuracy: 0.1875
Epoch 17/25

1/1 [==============================] - ETA: 0s - loss: 4.1902 - accuracy: 0.1875
1/1 [==============================] - 0s 3ms/step - loss: 4.1902 - accuracy: 0.1875
Epoch 18/25

1/1 [==============================] - ETA: 0s - loss: 4.1547 - accuracy: 0.1875
1/1 [==============================] - 0s 2ms/step - loss: 4.1547 - accuracy: 0.1875
Epoch 19/25

1/1 [==============================] - ETA: 0s - loss: 4.1192 - accuracy: 0.1875
1/1 [==============================] - 0s 3ms/step - loss: 4.1192 - accuracy: 0.1875
Epoch 20/25

1/1 [==============================] - ETA: 0s - loss: 4.0838 - accuracy: 0.2500
1/1 [==============================] - 0s 3ms/step - loss: 4.0838 - accuracy: 0.2500
Epoch 21/25

1/1 [==============================] - ETA: 0s - loss: 4.0485 - accuracy: 0.2500
1/1 [==============================] - 0s 3ms/step - loss: 4.0485 - accuracy: 0.2500
Epoch 22/25

1/1 [==============================] - ETA: 0s - loss: 4.0132 - accuracy: 0.2500
1/1 [==============================] - 0s 3ms/step - loss: 4.0132 - accuracy: 0.2500
Epoch 23/25

1/1 [==============================] - ETA: 0s - loss: 3.9780 - accuracy: 0.2500
1/1 [==============================] - 0s 4ms/step - loss: 3.9780 - accuracy: 0.2500
Epoch 24/25

1/1 [==============================] - ETA: 0s - loss: 3.9430 - accuracy: 0.2500
1/1 [==============================] - 0s 2ms/step - loss: 3.9430 - accuracy: 0.2500
Epoch 25/25

1/1 [==============================] - ETA: 0s - loss: 3.9080 - accuracy: 0.3125
1/1 [==============================] - 0s 3ms/step - loss: 3.9080 - accuracy: 0.3125
# predict: steps=12
# predict: tnodeembed_metrics
# predict: node2vec_metrics
tnodeembed: {'auc': 0.6908825349937489, 'f1_micro': 0.0, 'f1_macro': 0.0} tNodeEmbed_final_loss=3.680405378341675 tNodeEmbed_final_accuracy=1.0 
node2vec: {'auc': 0.5705952001568897, 'f1_micro': 0.0, 'f1_macro': 0.0} node2vec_final_loss=3.907982349395752 node2vec_final_accuracy=0.3125 
