# load graph
Processing Static file: filename='CollegeMsg_20040827.csv'
# initialize tNodeEmbed for dataset=COLLEGE_NC, test_size=0.2
# load dataset
# fit
# tNodeEmbed steps_per_epoch=1
Epoch 1/25

1/1 [==============================] - ETA: 0s - loss: 4.7534 - accuracy: 0.0625
1/1 [==============================] - 1s 1s/step - loss: 4.7534 - accuracy: 0.0625
Epoch 2/25

1/1 [==============================] - ETA: 0s - loss: 4.7205 - accuracy: 0.0000e+00
1/1 [==============================] - 0s 6ms/step - loss: 4.7205 - accuracy: 0.0000e+00
Epoch 3/25

1/1 [==============================] - ETA: 0s - loss: 4.6876 - accuracy: 0.0000e+00
1/1 [==============================] - 0s 4ms/step - loss: 4.6876 - accuracy: 0.0000e+00
Epoch 4/25

1/1 [==============================] - ETA: 0s - loss: 4.6548 - accuracy: 0.1875
1/1 [==============================] - 0s 5ms/step - loss: 4.6548 - accuracy: 0.1875
Epoch 5/25

1/1 [==============================] - ETA: 0s - loss: 4.6217 - accuracy: 0.5000
1/1 [==============================] - 0s 4ms/step - loss: 4.6217 - accuracy: 0.5000
Epoch 6/25

1/1 [==============================] - ETA: 0s - loss: 4.5884 - accuracy: 0.7500
1/1 [==============================] - 0s 5ms/step - loss: 4.5884 - accuracy: 0.7500
Epoch 7/25

1/1 [==============================] - ETA: 0s - loss: 4.5546 - accuracy: 0.9375
1/1 [==============================] - 0s 5ms/step - loss: 4.5546 - accuracy: 0.9375
Epoch 8/25

1/1 [==============================] - ETA: 0s - loss: 4.5202 - accuracy: 0.9375
1/1 [==============================] - 0s 5ms/step - loss: 4.5202 - accuracy: 0.9375
Epoch 9/25

1/1 [==============================] - ETA: 0s - loss: 4.4851 - accuracy: 0.9375
1/1 [==============================] - 0s 4ms/step - loss: 4.4851 - accuracy: 0.9375
Epoch 10/25

1/1 [==============================] - ETA: 0s - loss: 4.4492 - accuracy: 0.9375
1/1 [==============================] - 0s 4ms/step - loss: 4.4492 - accuracy: 0.9375
Epoch 11/25

1/1 [==============================] - ETA: 0s - loss: 4.4123 - accuracy: 0.9375
1/1 [==============================] - 0s 4ms/step - loss: 4.4123 - accuracy: 0.9375
Epoch 12/25

1/1 [==============================] - ETA: 0s - loss: 4.3742 - accuracy: 0.9375
1/1 [==============================] - 0s 4ms/step - loss: 4.3742 - accuracy: 0.9375
Epoch 13/25

1/1 [==============================] - ETA: 0s - loss: 4.3349 - accuracy: 0.9375
1/1 [==============================] - 0s 4ms/step - loss: 4.3349 - accuracy: 0.9375
Epoch 14/25

1/1 [==============================] - ETA: 0s - loss: 4.2942 - accuracy: 0.9375
1/1 [==============================] - 0s 4ms/step - loss: 4.2942 - accuracy: 0.9375
Epoch 15/25

1/1 [==============================] - ETA: 0s - loss: 4.2520 - accuracy: 0.9375
1/1 [==============================] - 0s 4ms/step - loss: 4.2520 - accuracy: 0.9375
Epoch 16/25

1/1 [==============================] - ETA: 0s - loss: 4.2082 - accuracy: 0.9375
1/1 [==============================] - 0s 4ms/step - loss: 4.2082 - accuracy: 0.9375
Epoch 17/25

1/1 [==============================] - ETA: 0s - loss: 4.1628 - accuracy: 0.9375
1/1 [==============================] - 0s 4ms/step - loss: 4.1628 - accuracy: 0.9375
Epoch 18/25

1/1 [==============================] - ETA: 0s - loss: 4.1155 - accuracy: 0.9375
1/1 [==============================] - 0s 4ms/step - loss: 4.1155 - accuracy: 0.9375
Epoch 19/25

1/1 [==============================] - ETA: 0s - loss: 4.0663 - accuracy: 0.9375
1/1 [==============================] - 0s 5ms/step - loss: 4.0663 - accuracy: 0.9375
Epoch 20/25

1/1 [==============================] - ETA: 0s - loss: 4.0152 - accuracy: 0.9375
1/1 [==============================] - 0s 4ms/step - loss: 4.0152 - accuracy: 0.9375
Epoch 21/25

1/1 [==============================] - ETA: 0s - loss: 3.9620 - accuracy: 0.9375
1/1 [==============================] - 0s 6ms/step - loss: 3.9620 - accuracy: 0.9375
Epoch 22/25

1/1 [==============================] - ETA: 0s - loss: 3.9067 - accuracy: 0.9375
1/1 [==============================] - 0s 6ms/step - loss: 3.9067 - accuracy: 0.9375
Epoch 23/25

1/1 [==============================] - ETA: 0s - loss: 3.8492 - accuracy: 0.9375
1/1 [==============================] - 0s 5ms/step - loss: 3.8492 - accuracy: 0.9375
Epoch 24/25

1/1 [==============================] - ETA: 0s - loss: 3.7895 - accuracy: 0.9375
1/1 [==============================] - 0s 5ms/step - loss: 3.7895 - accuracy: 0.9375
Epoch 25/25

1/1 [==============================] - ETA: 0s - loss: 3.7275 - accuracy: 0.9375
1/1 [==============================] - 0s 5ms/step - loss: 3.7275 - accuracy: 0.9375
# node2vec
Epoch 1/25

1/1 [==============================] - ETA: 0s - loss: 4.7612 - accuracy: 0.0625
1/1 [==============================] - 0s 209ms/step - loss: 4.7612 - accuracy: 0.0625
Epoch 2/25

1/1 [==============================] - ETA: 0s - loss: 4.7238 - accuracy: 0.0625
1/1 [==============================] - 0s 3ms/step - loss: 4.7238 - accuracy: 0.0625
Epoch 3/25

1/1 [==============================] - ETA: 0s - loss: 4.6865 - accuracy: 0.0625
1/1 [==============================] - 0s 3ms/step - loss: 4.6865 - accuracy: 0.0625
Epoch 4/25

1/1 [==============================] - ETA: 0s - loss: 4.6493 - accuracy: 0.0625
1/1 [==============================] - 0s 3ms/step - loss: 4.6493 - accuracy: 0.0625
Epoch 5/25

1/1 [==============================] - ETA: 0s - loss: 4.6121 - accuracy: 0.0625
1/1 [==============================] - 0s 3ms/step - loss: 4.6121 - accuracy: 0.0625
Epoch 6/25

1/1 [==============================] - ETA: 0s - loss: 4.5749 - accuracy: 0.0625
1/1 [==============================] - 0s 3ms/step - loss: 4.5749 - accuracy: 0.0625
Epoch 7/25

1/1 [==============================] - ETA: 0s - loss: 4.5378 - accuracy: 0.2500
1/1 [==============================] - 0s 2ms/step - loss: 4.5378 - accuracy: 0.2500
Epoch 8/25

1/1 [==============================] - ETA: 0s - loss: 4.5008 - accuracy: 0.2500
1/1 [==============================] - 0s 3ms/step - loss: 4.5008 - accuracy: 0.2500
Epoch 9/25

1/1 [==============================] - ETA: 0s - loss: 4.4638 - accuracy: 0.2500
1/1 [==============================] - 0s 3ms/step - loss: 4.4638 - accuracy: 0.2500
Epoch 10/25

1/1 [==============================] - ETA: 0s - loss: 4.4269 - accuracy: 0.3125
1/1 [==============================] - 0s 3ms/step - loss: 4.4269 - accuracy: 0.3125
Epoch 11/25

1/1 [==============================] - ETA: 0s - loss: 4.3900 - accuracy: 0.3125
1/1 [==============================] - 0s 4ms/step - loss: 4.3900 - accuracy: 0.3125
Epoch 12/25

1/1 [==============================] - ETA: 0s - loss: 4.3532 - accuracy: 0.3750
1/1 [==============================] - 0s 3ms/step - loss: 4.3532 - accuracy: 0.3750
Epoch 13/25

1/1 [==============================] - ETA: 0s - loss: 4.3165 - accuracy: 0.3125
1/1 [==============================] - 0s 4ms/step - loss: 4.3165 - accuracy: 0.3125
Epoch 14/25

1/1 [==============================] - ETA: 0s - loss: 4.2799 - accuracy: 0.3125
1/1 [==============================] - 0s 3ms/step - loss: 4.2799 - accuracy: 0.3125
Epoch 15/25

1/1 [==============================] - ETA: 0s - loss: 4.2433 - accuracy: 0.3125
1/1 [==============================] - 0s 2ms/step - loss: 4.2433 - accuracy: 0.3125
Epoch 16/25

1/1 [==============================] - ETA: 0s - loss: 4.2068 - accuracy: 0.3750
1/1 [==============================] - 0s 3ms/step - loss: 4.2068 - accuracy: 0.3750
Epoch 17/25

1/1 [==============================] - ETA: 0s - loss: 4.1704 - accuracy: 0.3750
1/1 [==============================] - 0s 4ms/step - loss: 4.1704 - accuracy: 0.3750
Epoch 18/25

1/1 [==============================] - ETA: 0s - loss: 4.1340 - accuracy: 0.3750
1/1 [==============================] - 0s 4ms/step - loss: 4.1340 - accuracy: 0.3750
Epoch 19/25

1/1 [==============================] - ETA: 0s - loss: 4.0978 - accuracy: 0.4375
1/1 [==============================] - 0s 3ms/step - loss: 4.0978 - accuracy: 0.4375
Epoch 20/25

1/1 [==============================] - ETA: 0s - loss: 4.0616 - accuracy: 0.4375
1/1 [==============================] - 0s 2ms/step - loss: 4.0616 - accuracy: 0.4375
Epoch 21/25

1/1 [==============================] - ETA: 0s - loss: 4.0255 - accuracy: 0.4375
1/1 [==============================] - 0s 3ms/step - loss: 4.0255 - accuracy: 0.4375
Epoch 22/25

1/1 [==============================] - ETA: 0s - loss: 3.9895 - accuracy: 0.4375
1/1 [==============================] - 0s 3ms/step - loss: 3.9895 - accuracy: 0.4375
Epoch 23/25

1/1 [==============================] - ETA: 0s - loss: 3.9537 - accuracy: 0.5000
1/1 [==============================] - 0s 3ms/step - loss: 3.9537 - accuracy: 0.5000
Epoch 24/25

1/1 [==============================] - ETA: 0s - loss: 3.9179 - accuracy: 0.5000
1/1 [==============================] - 0s 3ms/step - loss: 3.9179 - accuracy: 0.5000
Epoch 25/25

1/1 [==============================] - ETA: 0s - loss: 3.8822 - accuracy: 0.5000
1/1 [==============================] - 0s 3ms/step - loss: 3.8822 - accuracy: 0.5000
# predict: steps=12
# predict: tnodeembed_metrics
# predict: node2vec_metrics
tnodeembed: {'auc': 0.7217438653690584, 'f1_micro': 0.0, 'f1_macro': 0.0} tNodeEmbed_final_loss=3.7274906635284424 tNodeEmbed_final_accuracy=0.9375 
node2vec: {'auc': 0.6700462089083912, 'f1_micro': 0.0, 'f1_macro': 0.0} node2vec_final_loss=3.8821678161621094 node2vec_final_accuracy=0.5 
