# load graph
Processing Static file: filename='CollegeMsg_20040524.csv'
# initialize tNodeEmbed for dataset=COLLEGE_NC, test_size=0.2
# load dataset
# fit
# tNodeEmbed steps_per_epoch=1
Epoch 1/25

1/1 [==============================] - ETA: 0s - loss: 4.7439 - accuracy: 0.0625
1/1 [==============================] - 1s 1s/step - loss: 4.7439 - accuracy: 0.0625
Epoch 2/25

1/1 [==============================] - ETA: 0s - loss: 4.7152 - accuracy: 0.1250
1/1 [==============================] - 0s 4ms/step - loss: 4.7152 - accuracy: 0.1250
Epoch 3/25

1/1 [==============================] - ETA: 0s - loss: 4.6866 - accuracy: 0.1875
1/1 [==============================] - 0s 4ms/step - loss: 4.6866 - accuracy: 0.1875
Epoch 4/25

1/1 [==============================] - ETA: 0s - loss: 4.6579 - accuracy: 0.2500
1/1 [==============================] - 0s 4ms/step - loss: 4.6579 - accuracy: 0.2500
Epoch 5/25

1/1 [==============================] - ETA: 0s - loss: 4.6291 - accuracy: 0.5000
1/1 [==============================] - 0s 4ms/step - loss: 4.6291 - accuracy: 0.5000
Epoch 6/25

1/1 [==============================] - ETA: 0s - loss: 4.6000 - accuracy: 0.7500
1/1 [==============================] - 0s 3ms/step - loss: 4.6000 - accuracy: 0.7500
Epoch 7/25

1/1 [==============================] - ETA: 0s - loss: 4.5706 - accuracy: 0.8125
1/1 [==============================] - 0s 3ms/step - loss: 4.5706 - accuracy: 0.8125
Epoch 8/25

1/1 [==============================] - ETA: 0s - loss: 4.5406 - accuracy: 0.8125
1/1 [==============================] - 0s 3ms/step - loss: 4.5406 - accuracy: 0.8125
Epoch 9/25

1/1 [==============================] - ETA: 0s - loss: 4.5100 - accuracy: 0.8125
1/1 [==============================] - 0s 5ms/step - loss: 4.5100 - accuracy: 0.8125
Epoch 10/25

1/1 [==============================] - ETA: 0s - loss: 4.4786 - accuracy: 0.8125
1/1 [==============================] - 0s 6ms/step - loss: 4.4786 - accuracy: 0.8125
Epoch 11/25

1/1 [==============================] - ETA: 0s - loss: 4.4463 - accuracy: 0.8125
1/1 [==============================] - 0s 6ms/step - loss: 4.4463 - accuracy: 0.8125
Epoch 12/25

1/1 [==============================] - ETA: 0s - loss: 4.4130 - accuracy: 0.8125
1/1 [==============================] - 0s 5ms/step - loss: 4.4130 - accuracy: 0.8125
Epoch 13/25

1/1 [==============================] - ETA: 0s - loss: 4.3786 - accuracy: 0.8125
1/1 [==============================] - 0s 5ms/step - loss: 4.3786 - accuracy: 0.8125
Epoch 14/25

1/1 [==============================] - ETA: 0s - loss: 4.3430 - accuracy: 0.8125
1/1 [==============================] - 0s 4ms/step - loss: 4.3430 - accuracy: 0.8125
Epoch 15/25

1/1 [==============================] - ETA: 0s - loss: 4.3061 - accuracy: 0.8125
1/1 [==============================] - 0s 4ms/step - loss: 4.3061 - accuracy: 0.8125
Epoch 16/25

1/1 [==============================] - ETA: 0s - loss: 4.2677 - accuracy: 0.8125
1/1 [==============================] - 0s 4ms/step - loss: 4.2677 - accuracy: 0.8125
Epoch 17/25

1/1 [==============================] - ETA: 0s - loss: 4.2279 - accuracy: 0.8125
1/1 [==============================] - 0s 4ms/step - loss: 4.2279 - accuracy: 0.8125
Epoch 18/25

1/1 [==============================] - ETA: 0s - loss: 4.1864 - accuracy: 0.8125
1/1 [==============================] - 0s 5ms/step - loss: 4.1864 - accuracy: 0.8125
Epoch 19/25

1/1 [==============================] - ETA: 0s - loss: 4.1434 - accuracy: 0.8125
1/1 [==============================] - 0s 5ms/step - loss: 4.1434 - accuracy: 0.8125
Epoch 20/25

1/1 [==============================] - ETA: 0s - loss: 4.0986 - accuracy: 0.8125
1/1 [==============================] - 0s 5ms/step - loss: 4.0986 - accuracy: 0.8125
Epoch 21/25

1/1 [==============================] - ETA: 0s - loss: 4.0520 - accuracy: 0.8125
1/1 [==============================] - 0s 4ms/step - loss: 4.0520 - accuracy: 0.8125
Epoch 22/25

1/1 [==============================] - ETA: 0s - loss: 4.0036 - accuracy: 0.8125
1/1 [==============================] - 0s 5ms/step - loss: 4.0036 - accuracy: 0.8125
Epoch 23/25

1/1 [==============================] - ETA: 0s - loss: 3.9534 - accuracy: 0.8125
1/1 [==============================] - 0s 5ms/step - loss: 3.9534 - accuracy: 0.8125
Epoch 24/25

1/1 [==============================] - ETA: 0s - loss: 3.9013 - accuracy: 0.8125
1/1 [==============================] - 0s 4ms/step - loss: 3.9013 - accuracy: 0.8125
Epoch 25/25

1/1 [==============================] - ETA: 0s - loss: 3.8472 - accuracy: 0.8125
1/1 [==============================] - 0s 4ms/step - loss: 3.8472 - accuracy: 0.8125
# node2vec
Epoch 1/25

1/1 [==============================] - ETA: 0s - loss: 4.7248 - accuracy: 0.0625
1/1 [==============================] - 0s 185ms/step - loss: 4.7248 - accuracy: 0.0625
Epoch 2/25

1/1 [==============================] - ETA: 0s - loss: 4.6938 - accuracy: 0.0625
1/1 [==============================] - 0s 2ms/step - loss: 4.6938 - accuracy: 0.0625
Epoch 3/25

1/1 [==============================] - ETA: 0s - loss: 4.6629 - accuracy: 0.1250
1/1 [==============================] - 0s 3ms/step - loss: 4.6629 - accuracy: 0.1250
Epoch 4/25

1/1 [==============================] - ETA: 0s - loss: 4.6320 - accuracy: 0.1250
1/1 [==============================] - 0s 4ms/step - loss: 4.6320 - accuracy: 0.1250
Epoch 5/25

1/1 [==============================] - ETA: 0s - loss: 4.6011 - accuracy: 0.1250
1/1 [==============================] - 0s 3ms/step - loss: 4.6011 - accuracy: 0.1250
Epoch 6/25

1/1 [==============================] - ETA: 0s - loss: 4.5702 - accuracy: 0.1250
1/1 [==============================] - 0s 3ms/step - loss: 4.5702 - accuracy: 0.1250
Epoch 7/25

1/1 [==============================] - ETA: 0s - loss: 4.5394 - accuracy: 0.1250
1/1 [==============================] - 0s 3ms/step - loss: 4.5394 - accuracy: 0.1250
Epoch 8/25

1/1 [==============================] - ETA: 0s - loss: 4.5087 - accuracy: 0.1250
1/1 [==============================] - 0s 2ms/step - loss: 4.5087 - accuracy: 0.1250
Epoch 9/25

1/1 [==============================] - ETA: 0s - loss: 4.4780 - accuracy: 0.1250
1/1 [==============================] - 0s 3ms/step - loss: 4.4780 - accuracy: 0.1250
Epoch 10/25

1/1 [==============================] - ETA: 0s - loss: 4.4473 - accuracy: 0.1875
1/1 [==============================] - 0s 3ms/step - loss: 4.4473 - accuracy: 0.1875
Epoch 11/25

1/1 [==============================] - ETA: 0s - loss: 4.4167 - accuracy: 0.2500
1/1 [==============================] - 0s 3ms/step - loss: 4.4167 - accuracy: 0.2500
Epoch 12/25

1/1 [==============================] - ETA: 0s - loss: 4.3862 - accuracy: 0.2500
1/1 [==============================] - 0s 2ms/step - loss: 4.3862 - accuracy: 0.2500
Epoch 13/25

1/1 [==============================] - ETA: 0s - loss: 4.3557 - accuracy: 0.2500
1/1 [==============================] - 0s 3ms/step - loss: 4.3557 - accuracy: 0.2500
Epoch 14/25

1/1 [==============================] - ETA: 0s - loss: 4.3253 - accuracy: 0.2500
1/1 [==============================] - 0s 3ms/step - loss: 4.3253 - accuracy: 0.2500
Epoch 15/25

1/1 [==============================] - ETA: 0s - loss: 4.2949 - accuracy: 0.2500
1/1 [==============================] - 0s 3ms/step - loss: 4.2949 - accuracy: 0.2500
Epoch 16/25

1/1 [==============================] - ETA: 0s - loss: 4.2646 - accuracy: 0.3125
1/1 [==============================] - 0s 5ms/step - loss: 4.2646 - accuracy: 0.3125
Epoch 17/25

1/1 [==============================] - ETA: 0s - loss: 4.2343 - accuracy: 0.4375
1/1 [==============================] - 0s 3ms/step - loss: 4.2343 - accuracy: 0.4375
Epoch 18/25

1/1 [==============================] - ETA: 0s - loss: 4.2042 - accuracy: 0.5000
1/1 [==============================] - 0s 3ms/step - loss: 4.2042 - accuracy: 0.5000
Epoch 19/25

1/1 [==============================] - ETA: 0s - loss: 4.1740 - accuracy: 0.5000
1/1 [==============================] - 0s 3ms/step - loss: 4.1740 - accuracy: 0.5000
Epoch 20/25

1/1 [==============================] - ETA: 0s - loss: 4.1440 - accuracy: 0.5000
1/1 [==============================] - 0s 4ms/step - loss: 4.1440 - accuracy: 0.5000
Epoch 21/25

1/1 [==============================] - ETA: 0s - loss: 4.1140 - accuracy: 0.5000
1/1 [==============================] - 0s 3ms/step - loss: 4.1140 - accuracy: 0.5000
Epoch 22/25

1/1 [==============================] - ETA: 0s - loss: 4.0841 - accuracy: 0.5000
1/1 [==============================] - 0s 3ms/step - loss: 4.0841 - accuracy: 0.5000
Epoch 23/25

1/1 [==============================] - ETA: 0s - loss: 4.0543 - accuracy: 0.5000
1/1 [==============================] - 0s 3ms/step - loss: 4.0543 - accuracy: 0.5000
Epoch 24/25

1/1 [==============================] - ETA: 0s - loss: 4.0246 - accuracy: 0.5000
1/1 [==============================] - 0s 3ms/step - loss: 4.0246 - accuracy: 0.5000
Epoch 25/25

1/1 [==============================] - ETA: 0s - loss: 3.9949 - accuracy: 0.5000
1/1 [==============================] - 0s 3ms/step - loss: 3.9949 - accuracy: 0.5000
# predict: steps=12
# predict: tnodeembed_metrics
# predict: node2vec_metrics
tnodeembed: {'auc': 0.7022488233275317, 'f1_micro': 0.0, 'f1_macro': 0.0} tNodeEmbed_final_loss=3.8471758365631104 tNodeEmbed_final_accuracy=0.8125 
node2vec: {'auc': 0.6367962027798887, 'f1_micro': 0.0, 'f1_macro': 0.0} node2vec_final_loss=3.994936943054199 node2vec_final_accuracy=0.5 
