# load graph
Processing Static file: filename='CollegeMsg_20040801.csv'
# initialize tNodeEmbed for dataset=COLLEGE_NC, test_size=0.2
# load dataset
# fit
# tNodeEmbed steps_per_epoch=1
Epoch 1/25

1/1 [==============================] - ETA: 0s - loss: 4.7422 - accuracy: 0.1250
1/1 [==============================] - 1s 1s/step - loss: 4.7422 - accuracy: 0.1250
Epoch 2/25

1/1 [==============================] - ETA: 0s - loss: 4.7120 - accuracy: 0.1250
1/1 [==============================] - 0s 4ms/step - loss: 4.7120 - accuracy: 0.1250
Epoch 3/25

1/1 [==============================] - ETA: 0s - loss: 4.6817 - accuracy: 0.2500
1/1 [==============================] - 0s 5ms/step - loss: 4.6817 - accuracy: 0.2500
Epoch 4/25

1/1 [==============================] - ETA: 0s - loss: 4.6511 - accuracy: 0.5000
1/1 [==============================] - 0s 4ms/step - loss: 4.6511 - accuracy: 0.5000
Epoch 5/25

1/1 [==============================] - ETA: 0s - loss: 4.6203 - accuracy: 0.6250
1/1 [==============================] - 0s 3ms/step - loss: 4.6203 - accuracy: 0.6250
Epoch 6/25

1/1 [==============================] - ETA: 0s - loss: 4.5889 - accuracy: 0.6875
1/1 [==============================] - 0s 4ms/step - loss: 4.5889 - accuracy: 0.6875
Epoch 7/25

1/1 [==============================] - ETA: 0s - loss: 4.5570 - accuracy: 0.7500
1/1 [==============================] - 0s 4ms/step - loss: 4.5570 - accuracy: 0.7500
Epoch 8/25

1/1 [==============================] - ETA: 0s - loss: 4.5244 - accuracy: 0.8750
1/1 [==============================] - 0s 4ms/step - loss: 4.5244 - accuracy: 0.8750
Epoch 9/25

1/1 [==============================] - ETA: 0s - loss: 4.4910 - accuracy: 0.8750
1/1 [==============================] - 0s 4ms/step - loss: 4.4910 - accuracy: 0.8750
Epoch 10/25

1/1 [==============================] - ETA: 0s - loss: 4.4567 - accuracy: 0.8750
1/1 [==============================] - 0s 4ms/step - loss: 4.4567 - accuracy: 0.8750
Epoch 11/25

1/1 [==============================] - ETA: 0s - loss: 4.4212 - accuracy: 0.9375
1/1 [==============================] - 0s 3ms/step - loss: 4.4212 - accuracy: 0.9375
Epoch 12/25

1/1 [==============================] - ETA: 0s - loss: 4.3847 - accuracy: 0.9375
1/1 [==============================] - 0s 4ms/step - loss: 4.3847 - accuracy: 0.9375
Epoch 13/25

1/1 [==============================] - ETA: 0s - loss: 4.3468 - accuracy: 0.9375
1/1 [==============================] - 0s 3ms/step - loss: 4.3468 - accuracy: 0.9375
Epoch 14/25

1/1 [==============================] - ETA: 0s - loss: 4.3076 - accuracy: 0.9375
1/1 [==============================] - 0s 4ms/step - loss: 4.3076 - accuracy: 0.9375
Epoch 15/25

1/1 [==============================] - ETA: 0s - loss: 4.2669 - accuracy: 0.9375
1/1 [==============================] - 0s 4ms/step - loss: 4.2669 - accuracy: 0.9375
Epoch 16/25

1/1 [==============================] - ETA: 0s - loss: 4.2246 - accuracy: 0.9375
1/1 [==============================] - 0s 5ms/step - loss: 4.2246 - accuracy: 0.9375
Epoch 17/25

1/1 [==============================] - ETA: 0s - loss: 4.1806 - accuracy: 0.9375
1/1 [==============================] - 0s 5ms/step - loss: 4.1806 - accuracy: 0.9375
Epoch 18/25

1/1 [==============================] - ETA: 0s - loss: 4.1349 - accuracy: 0.9375
1/1 [==============================] - 0s 5ms/step - loss: 4.1349 - accuracy: 0.9375
Epoch 19/25

1/1 [==============================] - ETA: 0s - loss: 4.0874 - accuracy: 0.9375
1/1 [==============================] - 0s 4ms/step - loss: 4.0874 - accuracy: 0.9375
Epoch 20/25

1/1 [==============================] - ETA: 0s - loss: 4.0380 - accuracy: 0.9375
1/1 [==============================] - 0s 4ms/step - loss: 4.0380 - accuracy: 0.9375
Epoch 21/25

1/1 [==============================] - ETA: 0s - loss: 3.9867 - accuracy: 0.9375
1/1 [==============================] - 0s 3ms/step - loss: 3.9867 - accuracy: 0.9375
Epoch 22/25

1/1 [==============================] - ETA: 0s - loss: 3.9333 - accuracy: 0.9375
1/1 [==============================] - 0s 4ms/step - loss: 3.9333 - accuracy: 0.9375
Epoch 23/25

1/1 [==============================] - ETA: 0s - loss: 3.8779 - accuracy: 0.9375
1/1 [==============================] - 0s 3ms/step - loss: 3.8779 - accuracy: 0.9375
Epoch 24/25

1/1 [==============================] - ETA: 0s - loss: 3.8204 - accuracy: 0.9375
1/1 [==============================] - 0s 4ms/step - loss: 3.8204 - accuracy: 0.9375
Epoch 25/25

1/1 [==============================] - ETA: 0s - loss: 3.7607 - accuracy: 0.9375
1/1 [==============================] - 0s 3ms/step - loss: 3.7607 - accuracy: 0.9375
# node2vec
Epoch 1/25

1/1 [==============================] - ETA: 0s - loss: 4.8167 - accuracy: 0.1250
1/1 [==============================] - 0s 185ms/step - loss: 4.8167 - accuracy: 0.1250
Epoch 2/25

1/1 [==============================] - ETA: 0s - loss: 4.7832 - accuracy: 0.1250
1/1 [==============================] - 0s 2ms/step - loss: 4.7832 - accuracy: 0.1250
Epoch 3/25

1/1 [==============================] - ETA: 0s - loss: 4.7498 - accuracy: 0.1250
1/1 [==============================] - 0s 4ms/step - loss: 4.7498 - accuracy: 0.1250
Epoch 4/25

1/1 [==============================] - ETA: 0s - loss: 4.7163 - accuracy: 0.1250
1/1 [==============================] - 0s 3ms/step - loss: 4.7163 - accuracy: 0.1250
Epoch 5/25

1/1 [==============================] - ETA: 0s - loss: 4.6829 - accuracy: 0.1250
1/1 [==============================] - 0s 3ms/step - loss: 4.6829 - accuracy: 0.1250
Epoch 6/25

1/1 [==============================] - ETA: 0s - loss: 4.6496 - accuracy: 0.1250
1/1 [==============================] - 0s 3ms/step - loss: 4.6496 - accuracy: 0.1250
Epoch 7/25

1/1 [==============================] - ETA: 0s - loss: 4.6163 - accuracy: 0.1250
1/1 [==============================] - 0s 3ms/step - loss: 4.6163 - accuracy: 0.1250
Epoch 8/25

1/1 [==============================] - ETA: 0s - loss: 4.5830 - accuracy: 0.1250
1/1 [==============================] - 0s 3ms/step - loss: 4.5830 - accuracy: 0.1250
Epoch 9/25

1/1 [==============================] - ETA: 0s - loss: 4.5498 - accuracy: 0.1250
1/1 [==============================] - 0s 3ms/step - loss: 4.5498 - accuracy: 0.1250
Epoch 10/25

1/1 [==============================] - ETA: 0s - loss: 4.5166 - accuracy: 0.1250
1/1 [==============================] - 0s 3ms/step - loss: 4.5166 - accuracy: 0.1250
Epoch 11/25

1/1 [==============================] - ETA: 0s - loss: 4.4835 - accuracy: 0.1875
1/1 [==============================] - 0s 4ms/step - loss: 4.4835 - accuracy: 0.1875
Epoch 12/25

1/1 [==============================] - ETA: 0s - loss: 4.4504 - accuracy: 0.3125
1/1 [==============================] - 0s 4ms/step - loss: 4.4504 - accuracy: 0.3125
Epoch 13/25

1/1 [==============================] - ETA: 0s - loss: 4.4174 - accuracy: 0.3125
1/1 [==============================] - 0s 3ms/step - loss: 4.4174 - accuracy: 0.3125
Epoch 14/25

1/1 [==============================] - ETA: 0s - loss: 4.3845 - accuracy: 0.3125
1/1 [==============================] - 0s 3ms/step - loss: 4.3845 - accuracy: 0.3125
Epoch 15/25

1/1 [==============================] - ETA: 0s - loss: 4.3516 - accuracy: 0.3125
1/1 [==============================] - 0s 3ms/step - loss: 4.3516 - accuracy: 0.3125
Epoch 16/25

1/1 [==============================] - ETA: 0s - loss: 4.3188 - accuracy: 0.3125
1/1 [==============================] - 0s 3ms/step - loss: 4.3188 - accuracy: 0.3125
Epoch 17/25

1/1 [==============================] - ETA: 0s - loss: 4.2860 - accuracy: 0.4375
1/1 [==============================] - 0s 4ms/step - loss: 4.2860 - accuracy: 0.4375
Epoch 18/25

1/1 [==============================] - ETA: 0s - loss: 4.2533 - accuracy: 0.5000
1/1 [==============================] - 0s 4ms/step - loss: 4.2533 - accuracy: 0.5000
Epoch 19/25

1/1 [==============================] - ETA: 0s - loss: 4.2206 - accuracy: 0.5000
1/1 [==============================] - 0s 4ms/step - loss: 4.2206 - accuracy: 0.5000
Epoch 20/25

1/1 [==============================] - ETA: 0s - loss: 4.1881 - accuracy: 0.5625
1/1 [==============================] - 0s 4ms/step - loss: 4.1881 - accuracy: 0.5625
Epoch 21/25

1/1 [==============================] - ETA: 0s - loss: 4.1556 - accuracy: 0.5625
1/1 [==============================] - 0s 5ms/step - loss: 4.1556 - accuracy: 0.5625
Epoch 22/25

1/1 [==============================] - ETA: 0s - loss: 4.1232 - accuracy: 0.6250
1/1 [==============================] - 0s 5ms/step - loss: 4.1232 - accuracy: 0.6250
Epoch 23/25

1/1 [==============================] - ETA: 0s - loss: 4.0908 - accuracy: 0.6250
1/1 [==============================] - 0s 4ms/step - loss: 4.0908 - accuracy: 0.6250
Epoch 24/25

1/1 [==============================] - ETA: 0s - loss: 4.0585 - accuracy: 0.6250
1/1 [==============================] - 0s 4ms/step - loss: 4.0585 - accuracy: 0.6250
Epoch 25/25

1/1 [==============================] - ETA: 0s - loss: 4.0263 - accuracy: 0.6250
1/1 [==============================] - 0s 4ms/step - loss: 4.0263 - accuracy: 0.6250
# predict: steps=12
# predict: tnodeembed_metrics
# predict: node2vec_metrics
tnodeembed: {'auc': 0.6829183622190081, 'f1_micro': 0.0, 'f1_macro': 0.0} tNodeEmbed_final_loss=3.760704278945923 tNodeEmbed_final_accuracy=0.9375 
node2vec: {'auc': 0.6325988221018313, 'f1_micro': 0.0, 'f1_macro': 0.0} node2vec_final_loss=4.026337146759033 node2vec_final_accuracy=0.625 
