# load graph
Processing Static file: filename='CollegeMsg_20040617.csv'
# initialize tNodeEmbed for dataset=COLLEGE_NC, test_size=0.2
# load dataset
# fit
# tNodeEmbed steps_per_epoch=1
Epoch 1/25

1/1 [==============================] - ETA: 0s - loss: 4.7569 - accuracy: 0.0625
1/1 [==============================] - 1s 1s/step - loss: 4.7569 - accuracy: 0.0625
Epoch 2/25

1/1 [==============================] - ETA: 0s - loss: 4.7284 - accuracy: 0.1250
1/1 [==============================] - 0s 4ms/step - loss: 4.7284 - accuracy: 0.1250
Epoch 3/25

1/1 [==============================] - ETA: 0s - loss: 4.6999 - accuracy: 0.1875
1/1 [==============================] - 0s 4ms/step - loss: 4.6999 - accuracy: 0.1875
Epoch 4/25

1/1 [==============================] - ETA: 0s - loss: 4.6714 - accuracy: 0.3125
1/1 [==============================] - 0s 4ms/step - loss: 4.6714 - accuracy: 0.3125
Epoch 5/25

1/1 [==============================] - ETA: 0s - loss: 4.6426 - accuracy: 0.4375
1/1 [==============================] - 0s 4ms/step - loss: 4.6426 - accuracy: 0.4375
Epoch 6/25

1/1 [==============================] - ETA: 0s - loss: 4.6135 - accuracy: 0.4375
1/1 [==============================] - 0s 4ms/step - loss: 4.6135 - accuracy: 0.4375
Epoch 7/25

1/1 [==============================] - ETA: 0s - loss: 4.5839 - accuracy: 0.5625
1/1 [==============================] - 0s 4ms/step - loss: 4.5839 - accuracy: 0.5625
Epoch 8/25

1/1 [==============================] - ETA: 0s - loss: 4.5537 - accuracy: 0.7500
1/1 [==============================] - 0s 4ms/step - loss: 4.5537 - accuracy: 0.7500
Epoch 9/25

1/1 [==============================] - ETA: 0s - loss: 4.5228 - accuracy: 0.7500
1/1 [==============================] - 0s 4ms/step - loss: 4.5228 - accuracy: 0.7500
Epoch 10/25

1/1 [==============================] - ETA: 0s - loss: 4.4911 - accuracy: 0.8125
1/1 [==============================] - 0s 4ms/step - loss: 4.4911 - accuracy: 0.8125
Epoch 11/25

1/1 [==============================] - ETA: 0s - loss: 4.4584 - accuracy: 0.8750
1/1 [==============================] - 0s 4ms/step - loss: 4.4584 - accuracy: 0.8750
Epoch 12/25

1/1 [==============================] - ETA: 0s - loss: 4.4247 - accuracy: 0.9375
1/1 [==============================] - 0s 4ms/step - loss: 4.4247 - accuracy: 0.9375
Epoch 13/25

1/1 [==============================] - ETA: 0s - loss: 4.3897 - accuracy: 0.9375
1/1 [==============================] - 0s 3ms/step - loss: 4.3897 - accuracy: 0.9375
Epoch 14/25

1/1 [==============================] - ETA: 0s - loss: 4.3535 - accuracy: 0.9375
1/1 [==============================] - 0s 3ms/step - loss: 4.3535 - accuracy: 0.9375
Epoch 15/25

1/1 [==============================] - ETA: 0s - loss: 4.3159 - accuracy: 0.9375
1/1 [==============================] - 0s 4ms/step - loss: 4.3159 - accuracy: 0.9375
Epoch 16/25

1/1 [==============================] - ETA: 0s - loss: 4.2768 - accuracy: 0.9375
1/1 [==============================] - 0s 4ms/step - loss: 4.2768 - accuracy: 0.9375
Epoch 17/25

1/1 [==============================] - ETA: 0s - loss: 4.2361 - accuracy: 0.9375
1/1 [==============================] - 0s 3ms/step - loss: 4.2361 - accuracy: 0.9375
Epoch 18/25

1/1 [==============================] - ETA: 0s - loss: 4.1938 - accuracy: 0.9375
1/1 [==============================] - 0s 4ms/step - loss: 4.1938 - accuracy: 0.9375
Epoch 19/25

1/1 [==============================] - ETA: 0s - loss: 4.1497 - accuracy: 0.9375
1/1 [==============================] - 0s 3ms/step - loss: 4.1497 - accuracy: 0.9375
Epoch 20/25

1/1 [==============================] - ETA: 0s - loss: 4.1039 - accuracy: 0.9375
1/1 [==============================] - 0s 4ms/step - loss: 4.1039 - accuracy: 0.9375
Epoch 21/25

1/1 [==============================] - ETA: 0s - loss: 4.0561 - accuracy: 0.9375
1/1 [==============================] - 0s 4ms/step - loss: 4.0561 - accuracy: 0.9375
Epoch 22/25

1/1 [==============================] - ETA: 0s - loss: 4.0065 - accuracy: 0.9375
1/1 [==============================] - 0s 3ms/step - loss: 4.0065 - accuracy: 0.9375
Epoch 23/25

1/1 [==============================] - ETA: 0s - loss: 3.9548 - accuracy: 0.9375
1/1 [==============================] - 0s 4ms/step - loss: 3.9548 - accuracy: 0.9375
Epoch 24/25

1/1 [==============================] - ETA: 0s - loss: 3.9012 - accuracy: 0.9375
1/1 [==============================] - 0s 4ms/step - loss: 3.9012 - accuracy: 0.9375
Epoch 25/25

1/1 [==============================] - ETA: 0s - loss: 3.8455 - accuracy: 0.9375
1/1 [==============================] - 0s 4ms/step - loss: 3.8455 - accuracy: 0.9375
# node2vec
Epoch 1/25

1/1 [==============================] - ETA: 0s - loss: 4.7057 - accuracy: 0.0625
1/1 [==============================] - 0s 190ms/step - loss: 4.7057 - accuracy: 0.0625
Epoch 2/25

1/1 [==============================] - ETA: 0s - loss: 4.6720 - accuracy: 0.0625
1/1 [==============================] - 0s 3ms/step - loss: 4.6720 - accuracy: 0.0625
Epoch 3/25

1/1 [==============================] - ETA: 0s - loss: 4.6384 - accuracy: 0.0625
1/1 [==============================] - 0s 3ms/step - loss: 4.6384 - accuracy: 0.0625
Epoch 4/25

1/1 [==============================] - ETA: 0s - loss: 4.6048 - accuracy: 0.1250
1/1 [==============================] - 0s 2ms/step - loss: 4.6048 - accuracy: 0.1250
Epoch 5/25

1/1 [==============================] - ETA: 0s - loss: 4.5713 - accuracy: 0.1875
1/1 [==============================] - 0s 3ms/step - loss: 4.5713 - accuracy: 0.1875
Epoch 6/25

1/1 [==============================] - ETA: 0s - loss: 4.5378 - accuracy: 0.1875
1/1 [==============================] - 0s 3ms/step - loss: 4.5378 - accuracy: 0.1875
Epoch 7/25

1/1 [==============================] - ETA: 0s - loss: 4.5044 - accuracy: 0.2500
1/1 [==============================] - 0s 3ms/step - loss: 4.5044 - accuracy: 0.2500
Epoch 8/25

1/1 [==============================] - ETA: 0s - loss: 4.4710 - accuracy: 0.2500
1/1 [==============================] - 0s 2ms/step - loss: 4.4710 - accuracy: 0.2500
Epoch 9/25

1/1 [==============================] - ETA: 0s - loss: 4.4377 - accuracy: 0.2500
1/1 [==============================] - 0s 5ms/step - loss: 4.4377 - accuracy: 0.2500
Epoch 10/25

1/1 [==============================] - ETA: 0s - loss: 4.4045 - accuracy: 0.3125
1/1 [==============================] - 0s 3ms/step - loss: 4.4045 - accuracy: 0.3125
Epoch 11/25

1/1 [==============================] - ETA: 0s - loss: 4.3713 - accuracy: 0.3125
1/1 [==============================] - 0s 3ms/step - loss: 4.3713 - accuracy: 0.3125
Epoch 12/25

1/1 [==============================] - ETA: 0s - loss: 4.3382 - accuracy: 0.3125
1/1 [==============================] - 0s 4ms/step - loss: 4.3382 - accuracy: 0.3125
Epoch 13/25

1/1 [==============================] - ETA: 0s - loss: 4.3051 - accuracy: 0.3125
1/1 [==============================] - 0s 4ms/step - loss: 4.3051 - accuracy: 0.3125
Epoch 14/25

1/1 [==============================] - ETA: 0s - loss: 4.2721 - accuracy: 0.3125
1/1 [==============================] - 0s 4ms/step - loss: 4.2721 - accuracy: 0.3125
Epoch 15/25

1/1 [==============================] - ETA: 0s - loss: 4.2392 - accuracy: 0.3125
1/1 [==============================] - 0s 4ms/step - loss: 4.2392 - accuracy: 0.3125
Epoch 16/25

1/1 [==============================] - ETA: 0s - loss: 4.2064 - accuracy: 0.3750
1/1 [==============================] - 0s 4ms/step - loss: 4.2064 - accuracy: 0.3750
Epoch 17/25

1/1 [==============================] - ETA: 0s - loss: 4.1736 - accuracy: 0.4375
1/1 [==============================] - 0s 3ms/step - loss: 4.1736 - accuracy: 0.4375
Epoch 18/25

1/1 [==============================] - ETA: 0s - loss: 4.1409 - accuracy: 0.5000
1/1 [==============================] - 0s 5ms/step - loss: 4.1409 - accuracy: 0.5000
Epoch 19/25

1/1 [==============================] - ETA: 0s - loss: 4.1083 - accuracy: 0.5000
1/1 [==============================] - 0s 7ms/step - loss: 4.1083 - accuracy: 0.5000
Epoch 20/25

1/1 [==============================] - ETA: 0s - loss: 4.0758 - accuracy: 0.5000
1/1 [==============================] - 0s 5ms/step - loss: 4.0758 - accuracy: 0.5000
Epoch 21/25

1/1 [==============================] - ETA: 0s - loss: 4.0434 - accuracy: 0.5625
1/1 [==============================] - 0s 6ms/step - loss: 4.0434 - accuracy: 0.5625
Epoch 22/25

1/1 [==============================] - ETA: 0s - loss: 4.0111 - accuracy: 0.5625
1/1 [==============================] - 0s 4ms/step - loss: 4.0111 - accuracy: 0.5625
Epoch 23/25

1/1 [==============================] - ETA: 0s - loss: 3.9788 - accuracy: 0.6250
1/1 [==============================] - 0s 4ms/step - loss: 3.9788 - accuracy: 0.6250
Epoch 24/25

1/1 [==============================] - ETA: 0s - loss: 3.9467 - accuracy: 0.7500
1/1 [==============================] - 0s 3ms/step - loss: 3.9467 - accuracy: 0.7500
Epoch 25/25

1/1 [==============================] - ETA: 0s - loss: 3.9146 - accuracy: 0.8125
1/1 [==============================] - 0s 4ms/step - loss: 3.9146 - accuracy: 0.8125
# predict: steps=12
# predict: tnodeembed_metrics
# predict: node2vec_metrics
tnodeembed: {'auc': 0.6790421150687618, 'f1_micro': 0.0, 'f1_macro': 0.0} tNodeEmbed_final_loss=3.8454620838165283 tNodeEmbed_final_accuracy=0.9375 
node2vec: {'auc': 0.5953022270977864, 'f1_micro': 0.0, 'f1_macro': 0.0} node2vec_final_loss=3.914642333984375 node2vec_final_accuracy=0.8125 
