# load graph
Processing Static file: filename='CollegeMsg_20040831.csv'
# initialize tNodeEmbed for dataset=COLLEGE_NC, test_size=0.2
# load dataset
# fit
# tNodeEmbed steps_per_epoch=1
Epoch 1/25

1/1 [==============================] - ETA: 0s - loss: 4.7186 - accuracy: 0.1875
1/1 [==============================] - 2s 2s/step - loss: 4.7186 - accuracy: 0.1875
Epoch 2/25

1/1 [==============================] - ETA: 0s - loss: 4.6886 - accuracy: 0.3750
1/1 [==============================] - 0s 5ms/step - loss: 4.6886 - accuracy: 0.3750
Epoch 3/25

1/1 [==============================] - ETA: 0s - loss: 4.6584 - accuracy: 0.5000
1/1 [==============================] - 0s 4ms/step - loss: 4.6584 - accuracy: 0.5000
Epoch 4/25

1/1 [==============================] - ETA: 0s - loss: 4.6280 - accuracy: 0.5625
1/1 [==============================] - 0s 5ms/step - loss: 4.6280 - accuracy: 0.5625
Epoch 5/25

1/1 [==============================] - ETA: 0s - loss: 4.5971 - accuracy: 0.7500
1/1 [==============================] - 0s 5ms/step - loss: 4.5971 - accuracy: 0.7500
Epoch 6/25

1/1 [==============================] - ETA: 0s - loss: 4.5657 - accuracy: 0.8750
1/1 [==============================] - 0s 5ms/step - loss: 4.5657 - accuracy: 0.8750
Epoch 7/25

1/1 [==============================] - ETA: 0s - loss: 4.5337 - accuracy: 0.9375
1/1 [==============================] - 0s 4ms/step - loss: 4.5337 - accuracy: 0.9375
Epoch 8/25

1/1 [==============================] - ETA: 0s - loss: 4.5009 - accuracy: 0.9375
1/1 [==============================] - 0s 4ms/step - loss: 4.5009 - accuracy: 0.9375
Epoch 9/25

1/1 [==============================] - ETA: 0s - loss: 4.4673 - accuracy: 0.9375
1/1 [==============================] - 0s 5ms/step - loss: 4.4673 - accuracy: 0.9375
Epoch 10/25

1/1 [==============================] - ETA: 0s - loss: 4.4326 - accuracy: 0.9375
1/1 [==============================] - 0s 4ms/step - loss: 4.4326 - accuracy: 0.9375
Epoch 11/25

1/1 [==============================] - ETA: 0s - loss: 4.3968 - accuracy: 0.9375
1/1 [==============================] - 0s 4ms/step - loss: 4.3968 - accuracy: 0.9375
Epoch 12/25

1/1 [==============================] - ETA: 0s - loss: 4.3598 - accuracy: 0.9375
1/1 [==============================] - 0s 5ms/step - loss: 4.3598 - accuracy: 0.9375
Epoch 13/25

1/1 [==============================] - ETA: 0s - loss: 4.3215 - accuracy: 1.0000
1/1 [==============================] - 0s 5ms/step - loss: 4.3215 - accuracy: 1.0000
Epoch 14/25

1/1 [==============================] - ETA: 0s - loss: 4.2818 - accuracy: 1.0000
1/1 [==============================] - 0s 5ms/step - loss: 4.2818 - accuracy: 1.0000
Epoch 15/25

1/1 [==============================] - ETA: 0s - loss: 4.2405 - accuracy: 1.0000
1/1 [==============================] - 0s 5ms/step - loss: 4.2405 - accuracy: 1.0000
Epoch 16/25

1/1 [==============================] - ETA: 0s - loss: 4.1976 - accuracy: 1.0000
1/1 [==============================] - 0s 6ms/step - loss: 4.1976 - accuracy: 1.0000
Epoch 17/25

1/1 [==============================] - ETA: 0s - loss: 4.1530 - accuracy: 1.0000
1/1 [==============================] - 0s 5ms/step - loss: 4.1530 - accuracy: 1.0000
Epoch 18/25

1/1 [==============================] - ETA: 0s - loss: 4.1066 - accuracy: 1.0000
1/1 [==============================] - 0s 5ms/step - loss: 4.1066 - accuracy: 1.0000
Epoch 19/25

1/1 [==============================] - ETA: 0s - loss: 4.0584 - accuracy: 1.0000
1/1 [==============================] - 0s 5ms/step - loss: 4.0584 - accuracy: 1.0000
Epoch 20/25

1/1 [==============================] - ETA: 0s - loss: 4.0083 - accuracy: 1.0000
1/1 [==============================] - 0s 6ms/step - loss: 4.0083 - accuracy: 1.0000
Epoch 21/25

1/1 [==============================] - ETA: 0s - loss: 3.9562 - accuracy: 1.0000
1/1 [==============================] - 0s 6ms/step - loss: 3.9562 - accuracy: 1.0000
Epoch 22/25

1/1 [==============================] - ETA: 0s - loss: 3.9021 - accuracy: 1.0000
1/1 [==============================] - 0s 8ms/step - loss: 3.9021 - accuracy: 1.0000
Epoch 23/25

1/1 [==============================] - ETA: 0s - loss: 3.8459 - accuracy: 1.0000
1/1 [==============================] - 0s 6ms/step - loss: 3.8459 - accuracy: 1.0000
Epoch 24/25

1/1 [==============================] - ETA: 0s - loss: 3.7876 - accuracy: 1.0000
1/1 [==============================] - 0s 6ms/step - loss: 3.7876 - accuracy: 1.0000
Epoch 25/25

1/1 [==============================] - ETA: 0s - loss: 3.7271 - accuracy: 1.0000
1/1 [==============================] - 0s 6ms/step - loss: 3.7271 - accuracy: 1.0000
# node2vec
Epoch 1/25

1/1 [==============================] - ETA: 0s - loss: 4.8161 - accuracy: 0.1250
1/1 [==============================] - 0s 186ms/step - loss: 4.8161 - accuracy: 0.1250
Epoch 2/25

1/1 [==============================] - ETA: 0s - loss: 4.7826 - accuracy: 0.1250
1/1 [==============================] - 0s 4ms/step - loss: 4.7826 - accuracy: 0.1250
Epoch 3/25

1/1 [==============================] - ETA: 0s - loss: 4.7490 - accuracy: 0.1250
1/1 [==============================] - 0s 3ms/step - loss: 4.7490 - accuracy: 0.1250
Epoch 4/25

1/1 [==============================] - ETA: 0s - loss: 4.7155 - accuracy: 0.1250
1/1 [==============================] - 0s 3ms/step - loss: 4.7155 - accuracy: 0.1250
Epoch 5/25

1/1 [==============================] - ETA: 0s - loss: 4.6821 - accuracy: 0.1250
1/1 [==============================] - 0s 3ms/step - loss: 4.6821 - accuracy: 0.1250
Epoch 6/25

1/1 [==============================] - ETA: 0s - loss: 4.6487 - accuracy: 0.1250
1/1 [==============================] - 0s 3ms/step - loss: 4.6487 - accuracy: 0.1250
Epoch 7/25

1/1 [==============================] - ETA: 0s - loss: 4.6153 - accuracy: 0.1250
1/1 [==============================] - 0s 3ms/step - loss: 4.6153 - accuracy: 0.1250
Epoch 8/25

1/1 [==============================] - ETA: 0s - loss: 4.5820 - accuracy: 0.1875
1/1 [==============================] - 0s 2ms/step - loss: 4.5820 - accuracy: 0.1875
Epoch 9/25

1/1 [==============================] - ETA: 0s - loss: 4.5487 - accuracy: 0.1875
1/1 [==============================] - 0s 2ms/step - loss: 4.5487 - accuracy: 0.1875
Epoch 10/25

1/1 [==============================] - ETA: 0s - loss: 4.5155 - accuracy: 0.1875
1/1 [==============================] - 0s 3ms/step - loss: 4.5155 - accuracy: 0.1875
Epoch 11/25

1/1 [==============================] - ETA: 0s - loss: 4.4823 - accuracy: 0.1875
1/1 [==============================] - 0s 3ms/step - loss: 4.4823 - accuracy: 0.1875
Epoch 12/25

1/1 [==============================] - ETA: 0s - loss: 4.4492 - accuracy: 0.1875
1/1 [==============================] - 0s 3ms/step - loss: 4.4492 - accuracy: 0.1875
Epoch 13/25

1/1 [==============================] - ETA: 0s - loss: 4.4161 - accuracy: 0.1875
1/1 [==============================] - 0s 4ms/step - loss: 4.4161 - accuracy: 0.1875
Epoch 14/25

1/1 [==============================] - ETA: 0s - loss: 4.3831 - accuracy: 0.2500
1/1 [==============================] - 0s 4ms/step - loss: 4.3831 - accuracy: 0.2500
Epoch 15/25

1/1 [==============================] - ETA: 0s - loss: 4.3502 - accuracy: 0.2500
1/1 [==============================] - 0s 5ms/step - loss: 4.3502 - accuracy: 0.2500
Epoch 16/25

1/1 [==============================] - ETA: 0s - loss: 4.3173 - accuracy: 0.3750
1/1 [==============================] - 0s 4ms/step - loss: 4.3173 - accuracy: 0.3750
Epoch 17/25

1/1 [==============================] - ETA: 0s - loss: 4.2844 - accuracy: 0.3750
1/1 [==============================] - 0s 3ms/step - loss: 4.2844 - accuracy: 0.3750
Epoch 18/25

1/1 [==============================] - ETA: 0s - loss: 4.2517 - accuracy: 0.3750
1/1 [==============================] - 0s 4ms/step - loss: 4.2517 - accuracy: 0.3750
Epoch 19/25

1/1 [==============================] - ETA: 0s - loss: 4.2190 - accuracy: 0.3750
1/1 [==============================] - 0s 4ms/step - loss: 4.2190 - accuracy: 0.3750
Epoch 20/25

1/1 [==============================] - ETA: 0s - loss: 4.1864 - accuracy: 0.3750
1/1 [==============================] - 0s 5ms/step - loss: 4.1864 - accuracy: 0.3750
Epoch 21/25

1/1 [==============================] - ETA: 0s - loss: 4.1538 - accuracy: 0.3750
1/1 [==============================] - 0s 4ms/step - loss: 4.1538 - accuracy: 0.3750
Epoch 22/25

1/1 [==============================] - ETA: 0s - loss: 4.1213 - accuracy: 0.4375
1/1 [==============================] - 0s 5ms/step - loss: 4.1213 - accuracy: 0.4375
Epoch 23/25

1/1 [==============================] - ETA: 0s - loss: 4.0889 - accuracy: 0.4375
1/1 [==============================] - 0s 3ms/step - loss: 4.0889 - accuracy: 0.4375
Epoch 24/25

1/1 [==============================] - ETA: 0s - loss: 4.0566 - accuracy: 0.4375
1/1 [==============================] - 0s 3ms/step - loss: 4.0566 - accuracy: 0.4375
Epoch 25/25

1/1 [==============================] - ETA: 0s - loss: 4.0243 - accuracy: 0.4375
1/1 [==============================] - 0s 4ms/step - loss: 4.0243 - accuracy: 0.4375
# predict: steps=12
# predict: tnodeembed_metrics
# predict: node2vec_metrics
tnodeembed: {'auc': 0.7307365847081607, 'f1_micro': 0.0, 'f1_macro': 0.0} tNodeEmbed_final_loss=3.727149486541748 tNodeEmbed_final_accuracy=1.0 
node2vec: {'auc': 0.6571661804721398, 'f1_micro': 0.0, 'f1_macro': 0.0} node2vec_final_loss=4.024295806884766 node2vec_final_accuracy=0.4375 
