# load graph
Processing Static file: filename='CollegeMsg_20040701.csv'
# initialize tNodeEmbed for dataset=COLLEGE_NC, test_size=0.2
# load dataset
# fit
# tNodeEmbed steps_per_epoch=1
Epoch 1/25

1/1 [==============================] - ETA: 0s - loss: 4.7324 - accuracy: 0.0625
1/1 [==============================] - 1s 1s/step - loss: 4.7324 - accuracy: 0.0625
Epoch 2/25

1/1 [==============================] - ETA: 0s - loss: 4.7005 - accuracy: 0.1875
1/1 [==============================] - 0s 4ms/step - loss: 4.7005 - accuracy: 0.1875
Epoch 3/25

1/1 [==============================] - ETA: 0s - loss: 4.6687 - accuracy: 0.2500
1/1 [==============================] - 0s 4ms/step - loss: 4.6687 - accuracy: 0.2500
Epoch 4/25

1/1 [==============================] - ETA: 0s - loss: 4.6367 - accuracy: 0.5000
1/1 [==============================] - 0s 3ms/step - loss: 4.6367 - accuracy: 0.5000
Epoch 5/25

1/1 [==============================] - ETA: 0s - loss: 4.6044 - accuracy: 0.6875
1/1 [==============================] - 0s 3ms/step - loss: 4.6044 - accuracy: 0.6875
Epoch 6/25

1/1 [==============================] - ETA: 0s - loss: 4.5717 - accuracy: 0.8125
1/1 [==============================] - 0s 4ms/step - loss: 4.5717 - accuracy: 0.8125
Epoch 7/25

1/1 [==============================] - ETA: 0s - loss: 4.5384 - accuracy: 0.8750
1/1 [==============================] - 0s 3ms/step - loss: 4.5384 - accuracy: 0.8750
Epoch 8/25

1/1 [==============================] - ETA: 0s - loss: 4.5044 - accuracy: 0.9375
1/1 [==============================] - 0s 4ms/step - loss: 4.5044 - accuracy: 0.9375
Epoch 9/25

1/1 [==============================] - ETA: 0s - loss: 4.4696 - accuracy: 0.9375
1/1 [==============================] - 0s 3ms/step - loss: 4.4696 - accuracy: 0.9375
Epoch 10/25

1/1 [==============================] - ETA: 0s - loss: 4.4339 - accuracy: 0.9375
1/1 [==============================] - 0s 4ms/step - loss: 4.4339 - accuracy: 0.9375
Epoch 11/25

1/1 [==============================] - ETA: 0s - loss: 4.3970 - accuracy: 0.9375
1/1 [==============================] - 0s 4ms/step - loss: 4.3970 - accuracy: 0.9375
Epoch 12/25

1/1 [==============================] - ETA: 0s - loss: 4.3589 - accuracy: 0.9375
1/1 [==============================] - 0s 3ms/step - loss: 4.3589 - accuracy: 0.9375
Epoch 13/25

1/1 [==============================] - ETA: 0s - loss: 4.3195 - accuracy: 0.9375
1/1 [==============================] - 0s 4ms/step - loss: 4.3195 - accuracy: 0.9375
Epoch 14/25

1/1 [==============================] - ETA: 0s - loss: 4.2786 - accuracy: 0.9375
1/1 [==============================] - 0s 3ms/step - loss: 4.2786 - accuracy: 0.9375
Epoch 15/25

1/1 [==============================] - ETA: 0s - loss: 4.2362 - accuracy: 0.9375
1/1 [==============================] - 0s 4ms/step - loss: 4.2362 - accuracy: 0.9375
Epoch 16/25

1/1 [==============================] - ETA: 0s - loss: 4.1921 - accuracy: 0.9375
1/1 [==============================] - 0s 4ms/step - loss: 4.1921 - accuracy: 0.9375
Epoch 17/25

1/1 [==============================] - ETA: 0s - loss: 4.1463 - accuracy: 0.9375
1/1 [==============================] - 0s 4ms/step - loss: 4.1463 - accuracy: 0.9375
Epoch 18/25

1/1 [==============================] - ETA: 0s - loss: 4.0986 - accuracy: 0.9375
1/1 [==============================] - 0s 3ms/step - loss: 4.0986 - accuracy: 0.9375
Epoch 19/25

1/1 [==============================] - ETA: 0s - loss: 4.0491 - accuracy: 0.9375
1/1 [==============================] - 0s 4ms/step - loss: 4.0491 - accuracy: 0.9375
Epoch 20/25

1/1 [==============================] - ETA: 0s - loss: 3.9975 - accuracy: 0.9375
1/1 [==============================] - 0s 4ms/step - loss: 3.9975 - accuracy: 0.9375
Epoch 21/25

1/1 [==============================] - ETA: 0s - loss: 3.9439 - accuracy: 0.9375
1/1 [==============================] - 0s 4ms/step - loss: 3.9439 - accuracy: 0.9375
Epoch 22/25

1/1 [==============================] - ETA: 0s - loss: 3.8882 - accuracy: 0.9375
1/1 [==============================] - 0s 4ms/step - loss: 3.8882 - accuracy: 0.9375
Epoch 23/25

1/1 [==============================] - ETA: 0s - loss: 3.8303 - accuracy: 0.9375
1/1 [==============================] - 0s 3ms/step - loss: 3.8303 - accuracy: 0.9375
Epoch 24/25

1/1 [==============================] - ETA: 0s - loss: 3.7702 - accuracy: 0.9375
1/1 [==============================] - 0s 3ms/step - loss: 3.7702 - accuracy: 0.9375
Epoch 25/25

1/1 [==============================] - ETA: 0s - loss: 3.7079 - accuracy: 0.9375
1/1 [==============================] - 0s 4ms/step - loss: 3.7079 - accuracy: 0.9375
# node2vec
Epoch 1/25

1/1 [==============================] - ETA: 0s - loss: 4.8356 - accuracy: 0.0625
1/1 [==============================] - 0s 196ms/step - loss: 4.8356 - accuracy: 0.0625
Epoch 2/25

1/1 [==============================] - ETA: 0s - loss: 4.7990 - accuracy: 0.0625
1/1 [==============================] - 0s 3ms/step - loss: 4.7990 - accuracy: 0.0625
Epoch 3/25

1/1 [==============================] - ETA: 0s - loss: 4.7623 - accuracy: 0.0625
1/1 [==============================] - 0s 3ms/step - loss: 4.7623 - accuracy: 0.0625
Epoch 4/25

1/1 [==============================] - ETA: 0s - loss: 4.7257 - accuracy: 0.0625
1/1 [==============================] - 0s 2ms/step - loss: 4.7257 - accuracy: 0.0625
Epoch 5/25

1/1 [==============================] - ETA: 0s - loss: 4.6892 - accuracy: 0.0625
1/1 [==============================] - 0s 3ms/step - loss: 4.6892 - accuracy: 0.0625
Epoch 6/25

1/1 [==============================] - ETA: 0s - loss: 4.6527 - accuracy: 0.0625
1/1 [==============================] - 0s 3ms/step - loss: 4.6527 - accuracy: 0.0625
Epoch 7/25

1/1 [==============================] - ETA: 0s - loss: 4.6163 - accuracy: 0.1250
1/1 [==============================] - 0s 4ms/step - loss: 4.6163 - accuracy: 0.1250
Epoch 8/25

1/1 [==============================] - ETA: 0s - loss: 4.5799 - accuracy: 0.1250
1/1 [==============================] - 0s 4ms/step - loss: 4.5799 - accuracy: 0.1250
Epoch 9/25

1/1 [==============================] - ETA: 0s - loss: 4.5436 - accuracy: 0.1250
1/1 [==============================] - 0s 4ms/step - loss: 4.5436 - accuracy: 0.1250
Epoch 10/25

1/1 [==============================] - ETA: 0s - loss: 4.5074 - accuracy: 0.1875
1/1 [==============================] - 0s 3ms/step - loss: 4.5074 - accuracy: 0.1875
Epoch 11/25

1/1 [==============================] - ETA: 0s - loss: 4.4712 - accuracy: 0.1875
1/1 [==============================] - 0s 3ms/step - loss: 4.4712 - accuracy: 0.1875
Epoch 12/25

1/1 [==============================] - ETA: 0s - loss: 4.4352 - accuracy: 0.1875
1/1 [==============================] - 0s 2ms/step - loss: 4.4352 - accuracy: 0.1875
Epoch 13/25

1/1 [==============================] - ETA: 0s - loss: 4.3991 - accuracy: 0.1875
1/1 [==============================] - 0s 2ms/step - loss: 4.3991 - accuracy: 0.1875
Epoch 14/25

1/1 [==============================] - ETA: 0s - loss: 4.3632 - accuracy: 0.1875
1/1 [==============================] - 0s 2ms/step - loss: 4.3632 - accuracy: 0.1875
Epoch 15/25

1/1 [==============================] - ETA: 0s - loss: 4.3274 - accuracy: 0.1875
1/1 [==============================] - 0s 2ms/step - loss: 4.3274 - accuracy: 0.1875
Epoch 16/25

1/1 [==============================] - ETA: 0s - loss: 4.2916 - accuracy: 0.1875
1/1 [==============================] - 0s 2ms/step - loss: 4.2916 - accuracy: 0.1875
Epoch 17/25

1/1 [==============================] - ETA: 0s - loss: 4.2559 - accuracy: 0.1875
1/1 [==============================] - 0s 3ms/step - loss: 4.2559 - accuracy: 0.1875
Epoch 18/25

1/1 [==============================] - ETA: 0s - loss: 4.2203 - accuracy: 0.1875
1/1 [==============================] - 0s 4ms/step - loss: 4.2203 - accuracy: 0.1875
Epoch 19/25

1/1 [==============================] - ETA: 0s - loss: 4.1848 - accuracy: 0.1875
1/1 [==============================] - 0s 4ms/step - loss: 4.1848 - accuracy: 0.1875
Epoch 20/25

1/1 [==============================] - ETA: 0s - loss: 4.1494 - accuracy: 0.1875
1/1 [==============================] - 0s 6ms/step - loss: 4.1494 - accuracy: 0.1875
Epoch 21/25

1/1 [==============================] - ETA: 0s - loss: 4.1141 - accuracy: 0.1875
1/1 [==============================] - 0s 5ms/step - loss: 4.1141 - accuracy: 0.1875
Epoch 22/25

1/1 [==============================] - ETA: 0s - loss: 4.0788 - accuracy: 0.1875
1/1 [==============================] - 0s 5ms/step - loss: 4.0788 - accuracy: 0.1875
Epoch 23/25

1/1 [==============================] - ETA: 0s - loss: 4.0437 - accuracy: 0.2500
1/1 [==============================] - 0s 6ms/step - loss: 4.0437 - accuracy: 0.2500
Epoch 24/25

1/1 [==============================] - ETA: 0s - loss: 4.0087 - accuracy: 0.2500
1/1 [==============================] - 0s 3ms/step - loss: 4.0087 - accuracy: 0.2500
Epoch 25/25

1/1 [==============================] - ETA: 0s - loss: 3.9738 - accuracy: 0.3750
1/1 [==============================] - 0s 3ms/step - loss: 3.9738 - accuracy: 0.3750
# predict: steps=12
# predict: tnodeembed_metrics
# predict: node2vec_metrics
tnodeembed: {'auc': 0.760009866888927, 'f1_micro': 0.0, 'f1_macro': 0.0} tNodeEmbed_final_loss=3.707932233810425 tNodeEmbed_final_accuracy=0.9375 
node2vec: {'auc': 0.6613175054543672, 'f1_micro': 0.0, 'f1_macro': 0.0} node2vec_final_loss=3.973809242248535 node2vec_final_accuracy=0.375 
