# load graph
Processing Static file: filename='CollegeMsg_20040907.csv'
# initialize tNodeEmbed for dataset=COLLEGE_NC, test_size=0.2
# load dataset
# fit
# tNodeEmbed steps_per_epoch=1
Epoch 1/25

1/1 [==============================] - ETA: 0s - loss: 4.7351 - accuracy: 0.0000e+00
1/1 [==============================] - 1s 1000ms/step - loss: 4.7351 - accuracy: 0.0000e+00
Epoch 2/25

1/1 [==============================] - ETA: 0s - loss: 4.7016 - accuracy: 0.1250
1/1 [==============================] - 0s 8ms/step - loss: 4.7016 - accuracy: 0.1250
Epoch 3/25

1/1 [==============================] - ETA: 0s - loss: 4.6681 - accuracy: 0.2500
1/1 [==============================] - 0s 7ms/step - loss: 4.6681 - accuracy: 0.2500
Epoch 4/25

1/1 [==============================] - ETA: 0s - loss: 4.6345 - accuracy: 0.3750
1/1 [==============================] - 0s 5ms/step - loss: 4.6345 - accuracy: 0.3750
Epoch 5/25

1/1 [==============================] - ETA: 0s - loss: 4.6006 - accuracy: 0.5625
1/1 [==============================] - 0s 5ms/step - loss: 4.6006 - accuracy: 0.5625
Epoch 6/25

1/1 [==============================] - ETA: 0s - loss: 4.5662 - accuracy: 0.8125
1/1 [==============================] - 0s 4ms/step - loss: 4.5662 - accuracy: 0.8125
Epoch 7/25

1/1 [==============================] - ETA: 0s - loss: 4.5314 - accuracy: 0.8750
1/1 [==============================] - 0s 5ms/step - loss: 4.5314 - accuracy: 0.8750
Epoch 8/25

1/1 [==============================] - ETA: 0s - loss: 4.4958 - accuracy: 0.9375
1/1 [==============================] - 0s 4ms/step - loss: 4.4958 - accuracy: 0.9375
Epoch 9/25

1/1 [==============================] - ETA: 0s - loss: 4.4595 - accuracy: 0.9375
1/1 [==============================] - 0s 5ms/step - loss: 4.4595 - accuracy: 0.9375
Epoch 10/25

1/1 [==============================] - ETA: 0s - loss: 4.4222 - accuracy: 1.0000
1/1 [==============================] - 0s 4ms/step - loss: 4.4222 - accuracy: 1.0000
Epoch 11/25

1/1 [==============================] - ETA: 0s - loss: 4.3838 - accuracy: 1.0000
1/1 [==============================] - 0s 5ms/step - loss: 4.3838 - accuracy: 1.0000
Epoch 12/25

1/1 [==============================] - ETA: 0s - loss: 4.3442 - accuracy: 1.0000
1/1 [==============================] - 0s 4ms/step - loss: 4.3442 - accuracy: 1.0000
Epoch 13/25

1/1 [==============================] - ETA: 0s - loss: 4.3032 - accuracy: 1.0000
1/1 [==============================] - 0s 4ms/step - loss: 4.3032 - accuracy: 1.0000
Epoch 14/25

1/1 [==============================] - ETA: 0s - loss: 4.2608 - accuracy: 1.0000
1/1 [==============================] - 0s 5ms/step - loss: 4.2608 - accuracy: 1.0000
Epoch 15/25

1/1 [==============================] - ETA: 0s - loss: 4.2168 - accuracy: 1.0000
1/1 [==============================] - 0s 4ms/step - loss: 4.2168 - accuracy: 1.0000
Epoch 16/25

1/1 [==============================] - ETA: 0s - loss: 4.1711 - accuracy: 1.0000
1/1 [==============================] - 0s 5ms/step - loss: 4.1711 - accuracy: 1.0000
Epoch 17/25

1/1 [==============================] - ETA: 0s - loss: 4.1236 - accuracy: 1.0000
1/1 [==============================] - 0s 5ms/step - loss: 4.1236 - accuracy: 1.0000
Epoch 18/25

1/1 [==============================] - ETA: 0s - loss: 4.0742 - accuracy: 1.0000
1/1 [==============================] - 0s 4ms/step - loss: 4.0742 - accuracy: 1.0000
Epoch 19/25

1/1 [==============================] - ETA: 0s - loss: 4.0228 - accuracy: 1.0000
1/1 [==============================] - 0s 5ms/step - loss: 4.0228 - accuracy: 1.0000
Epoch 20/25

1/1 [==============================] - ETA: 0s - loss: 3.9693 - accuracy: 1.0000
1/1 [==============================] - 0s 5ms/step - loss: 3.9693 - accuracy: 1.0000
Epoch 21/25

1/1 [==============================] - ETA: 0s - loss: 3.9138 - accuracy: 1.0000
1/1 [==============================] - 0s 4ms/step - loss: 3.9138 - accuracy: 1.0000
Epoch 22/25

1/1 [==============================] - ETA: 0s - loss: 3.8559 - accuracy: 1.0000
1/1 [==============================] - 0s 5ms/step - loss: 3.8559 - accuracy: 1.0000
Epoch 23/25

1/1 [==============================] - ETA: 0s - loss: 3.7959 - accuracy: 1.0000
1/1 [==============================] - 0s 4ms/step - loss: 3.7959 - accuracy: 1.0000
Epoch 24/25

1/1 [==============================] - ETA: 0s - loss: 3.7334 - accuracy: 1.0000
1/1 [==============================] - 0s 5ms/step - loss: 3.7334 - accuracy: 1.0000
Epoch 25/25

1/1 [==============================] - ETA: 0s - loss: 3.6686 - accuracy: 1.0000
1/1 [==============================] - 0s 5ms/step - loss: 3.6686 - accuracy: 1.0000
# node2vec
Epoch 1/25

1/1 [==============================] - ETA: 0s - loss: 4.8069 - accuracy: 0.0000e+00
1/1 [==============================] - 0s 229ms/step - loss: 4.8069 - accuracy: 0.0000e+00
Epoch 2/25

1/1 [==============================] - ETA: 0s - loss: 4.7693 - accuracy: 0.0000e+00
1/1 [==============================] - 0s 3ms/step - loss: 4.7693 - accuracy: 0.0000e+00
Epoch 3/25

1/1 [==============================] - ETA: 0s - loss: 4.7318 - accuracy: 0.0000e+00
1/1 [==============================] - 0s 3ms/step - loss: 4.7318 - accuracy: 0.0000e+00
Epoch 4/25

1/1 [==============================] - ETA: 0s - loss: 4.6943 - accuracy: 0.0000e+00
1/1 [==============================] - 0s 4ms/step - loss: 4.6943 - accuracy: 0.0000e+00
Epoch 5/25

1/1 [==============================] - ETA: 0s - loss: 4.6569 - accuracy: 0.0000e+00
1/1 [==============================] - 0s 4ms/step - loss: 4.6569 - accuracy: 0.0000e+00
Epoch 6/25

1/1 [==============================] - ETA: 0s - loss: 4.6195 - accuracy: 0.0000e+00
1/1 [==============================] - 0s 5ms/step - loss: 4.6195 - accuracy: 0.0000e+00
Epoch 7/25

1/1 [==============================] - ETA: 0s - loss: 4.5822 - accuracy: 0.0000e+00
1/1 [==============================] - 0s 4ms/step - loss: 4.5822 - accuracy: 0.0000e+00
Epoch 8/25

1/1 [==============================] - ETA: 0s - loss: 4.5449 - accuracy: 0.0000e+00
1/1 [==============================] - 0s 4ms/step - loss: 4.5449 - accuracy: 0.0000e+00
Epoch 9/25

1/1 [==============================] - ETA: 0s - loss: 4.5077 - accuracy: 0.0000e+00
1/1 [==============================] - 0s 3ms/step - loss: 4.5077 - accuracy: 0.0000e+00
Epoch 10/25

1/1 [==============================] - ETA: 0s - loss: 4.4706 - accuracy: 0.0000e+00
1/1 [==============================] - 0s 3ms/step - loss: 4.4706 - accuracy: 0.0000e+00
Epoch 11/25

1/1 [==============================] - ETA: 0s - loss: 4.4335 - accuracy: 0.0000e+00
1/1 [==============================] - 0s 5ms/step - loss: 4.4335 - accuracy: 0.0000e+00
Epoch 12/25

1/1 [==============================] - ETA: 0s - loss: 4.3965 - accuracy: 0.0625
1/1 [==============================] - 0s 4ms/step - loss: 4.3965 - accuracy: 0.0625
Epoch 13/25

1/1 [==============================] - ETA: 0s - loss: 4.3595 - accuracy: 0.0625
1/1 [==============================] - 0s 4ms/step - loss: 4.3595 - accuracy: 0.0625
Epoch 14/25

1/1 [==============================] - ETA: 0s - loss: 4.3226 - accuracy: 0.0625
1/1 [==============================] - 0s 3ms/step - loss: 4.3226 - accuracy: 0.0625
Epoch 15/25

1/1 [==============================] - ETA: 0s - loss: 4.2858 - accuracy: 0.0625
1/1 [==============================] - 0s 5ms/step - loss: 4.2858 - accuracy: 0.0625
Epoch 16/25

1/1 [==============================] - ETA: 0s - loss: 4.2491 - accuracy: 0.0625
1/1 [==============================] - 0s 4ms/step - loss: 4.2491 - accuracy: 0.0625
Epoch 17/25

1/1 [==============================] - ETA: 0s - loss: 4.2124 - accuracy: 0.1875
1/1 [==============================] - 0s 3ms/step - loss: 4.2124 - accuracy: 0.1875
Epoch 18/25

1/1 [==============================] - ETA: 0s - loss: 4.1759 - accuracy: 0.2500
1/1 [==============================] - 0s 4ms/step - loss: 4.1759 - accuracy: 0.2500
Epoch 19/25

1/1 [==============================] - ETA: 0s - loss: 4.1394 - accuracy: 0.3125
1/1 [==============================] - 0s 3ms/step - loss: 4.1394 - accuracy: 0.3125
Epoch 20/25

1/1 [==============================] - ETA: 0s - loss: 4.1030 - accuracy: 0.3750
1/1 [==============================] - 0s 3ms/step - loss: 4.1030 - accuracy: 0.3750
Epoch 21/25

1/1 [==============================] - ETA: 0s - loss: 4.0666 - accuracy: 0.4375
1/1 [==============================] - 0s 4ms/step - loss: 4.0666 - accuracy: 0.4375
Epoch 22/25

1/1 [==============================] - ETA: 0s - loss: 4.0304 - accuracy: 0.4375
1/1 [==============================] - 0s 3ms/step - loss: 4.0304 - accuracy: 0.4375
Epoch 23/25

1/1 [==============================] - ETA: 0s - loss: 3.9942 - accuracy: 0.4375
1/1 [==============================] - 0s 3ms/step - loss: 3.9942 - accuracy: 0.4375
Epoch 24/25

1/1 [==============================] - ETA: 0s - loss: 3.9582 - accuracy: 0.4375
1/1 [==============================] - 0s 3ms/step - loss: 3.9582 - accuracy: 0.4375
Epoch 25/25

1/1 [==============================] - ETA: 0s - loss: 3.9222 - accuracy: 0.5625
1/1 [==============================] - 0s 4ms/step - loss: 3.9222 - accuracy: 0.5625
# predict: steps=12
# predict: tnodeembed_metrics
# predict: node2vec_metrics
tnodeembed: {'auc': 0.7118118917461329, 'f1_micro': 0.0, 'f1_macro': 0.0} tNodeEmbed_final_loss=3.6686172485351562 tNodeEmbed_final_accuracy=1.0 
node2vec: {'auc': 0.6650580369180987, 'f1_micro': 0.0, 'f1_macro': 0.0} node2vec_final_loss=3.9222259521484375 node2vec_final_accuracy=0.5625 
