# load graph
Processing Static file: filename='CollegeMsg_20040429.csv'
# initialize tNodeEmbed for dataset=COLLEGE_NC, test_size=0.2
# load dataset
# fit
# tNodeEmbed steps_per_epoch=1
Epoch 1/25

1/1 [==============================] - ETA: 0s - loss: 4.7350 - accuracy: 0.3125
1/1 [==============================] - 1s 955ms/step - loss: 4.7350 - accuracy: 0.3125
Epoch 2/25

1/1 [==============================] - ETA: 0s - loss: 4.7205 - accuracy: 0.3125
1/1 [==============================] - 0s 4ms/step - loss: 4.7205 - accuracy: 0.3125
Epoch 3/25

1/1 [==============================] - ETA: 0s - loss: 4.7060 - accuracy: 0.4375
1/1 [==============================] - 0s 6ms/step - loss: 4.7060 - accuracy: 0.4375
Epoch 4/25

1/1 [==============================] - ETA: 0s - loss: 4.6913 - accuracy: 0.5000
1/1 [==============================] - 0s 6ms/step - loss: 4.6913 - accuracy: 0.5000
Epoch 5/25

1/1 [==============================] - ETA: 0s - loss: 4.6764 - accuracy: 0.5625
1/1 [==============================] - 0s 6ms/step - loss: 4.6764 - accuracy: 0.5625
Epoch 6/25

1/1 [==============================] - ETA: 0s - loss: 4.6612 - accuracy: 0.5625
1/1 [==============================] - 0s 5ms/step - loss: 4.6612 - accuracy: 0.5625
Epoch 7/25

1/1 [==============================] - ETA: 0s - loss: 4.6457 - accuracy: 0.5625
1/1 [==============================] - 0s 5ms/step - loss: 4.6457 - accuracy: 0.5625
Epoch 8/25

1/1 [==============================] - ETA: 0s - loss: 4.6298 - accuracy: 0.5625
1/1 [==============================] - 0s 5ms/step - loss: 4.6298 - accuracy: 0.5625
Epoch 9/25

1/1 [==============================] - ETA: 0s - loss: 4.6134 - accuracy: 0.5625
1/1 [==============================] - 0s 5ms/step - loss: 4.6134 - accuracy: 0.5625
Epoch 10/25

1/1 [==============================] - ETA: 0s - loss: 4.5965 - accuracy: 0.5625
1/1 [==============================] - 0s 5ms/step - loss: 4.5965 - accuracy: 0.5625
Epoch 11/25

1/1 [==============================] - ETA: 0s - loss: 4.5790 - accuracy: 0.5625
1/1 [==============================] - 0s 4ms/step - loss: 4.5790 - accuracy: 0.5625
Epoch 12/25

1/1 [==============================] - ETA: 0s - loss: 4.5609 - accuracy: 0.5625
1/1 [==============================] - 0s 4ms/step - loss: 4.5609 - accuracy: 0.5625
Epoch 13/25

1/1 [==============================] - ETA: 0s - loss: 4.5422 - accuracy: 0.5625
1/1 [==============================] - 0s 5ms/step - loss: 4.5422 - accuracy: 0.5625
Epoch 14/25

1/1 [==============================] - ETA: 0s - loss: 4.5227 - accuracy: 0.5625
1/1 [==============================] - 0s 5ms/step - loss: 4.5227 - accuracy: 0.5625
Epoch 15/25

1/1 [==============================] - ETA: 0s - loss: 4.5025 - accuracy: 0.5625
1/1 [==============================] - 0s 4ms/step - loss: 4.5025 - accuracy: 0.5625
Epoch 16/25

1/1 [==============================] - ETA: 0s - loss: 4.4815 - accuracy: 0.5625
1/1 [==============================] - 0s 4ms/step - loss: 4.4815 - accuracy: 0.5625
Epoch 17/25

1/1 [==============================] - ETA: 0s - loss: 4.4596 - accuracy: 0.5625
1/1 [==============================] - 0s 4ms/step - loss: 4.4596 - accuracy: 0.5625
Epoch 18/25

1/1 [==============================] - ETA: 0s - loss: 4.4370 - accuracy: 0.5625
1/1 [==============================] - 0s 4ms/step - loss: 4.4370 - accuracy: 0.5625
Epoch 19/25

1/1 [==============================] - ETA: 0s - loss: 4.4134 - accuracy: 0.5625
1/1 [==============================] - 0s 4ms/step - loss: 4.4134 - accuracy: 0.5625
Epoch 20/25

1/1 [==============================] - ETA: 0s - loss: 4.3890 - accuracy: 0.5625
1/1 [==============================] - 0s 4ms/step - loss: 4.3890 - accuracy: 0.5625
Epoch 21/25

1/1 [==============================] - ETA: 0s - loss: 4.3637 - accuracy: 0.5625
1/1 [==============================] - 0s 5ms/step - loss: 4.3637 - accuracy: 0.5625
Epoch 22/25

1/1 [==============================] - ETA: 0s - loss: 4.3374 - accuracy: 0.5625
1/1 [==============================] - 0s 4ms/step - loss: 4.3374 - accuracy: 0.5625
Epoch 23/25

1/1 [==============================] - ETA: 0s - loss: 4.3103 - accuracy: 0.5625
1/1 [==============================] - 0s 4ms/step - loss: 4.3103 - accuracy: 0.5625
Epoch 24/25

1/1 [==============================] - ETA: 0s - loss: 4.2823 - accuracy: 0.5625
1/1 [==============================] - 0s 4ms/step - loss: 4.2823 - accuracy: 0.5625
Epoch 25/25

1/1 [==============================] - ETA: 0s - loss: 4.2534 - accuracy: 0.5625
1/1 [==============================] - 0s 5ms/step - loss: 4.2534 - accuracy: 0.5625
# node2vec
Epoch 1/25

1/1 [==============================] - ETA: 0s - loss: 4.7145 - accuracy: 0.3125
1/1 [==============================] - 0s 183ms/step - loss: 4.7145 - accuracy: 0.3125
Epoch 2/25

1/1 [==============================] - ETA: 0s - loss: 4.7019 - accuracy: 0.3125
1/1 [==============================] - 0s 2ms/step - loss: 4.7019 - accuracy: 0.3125
Epoch 3/25

1/1 [==============================] - ETA: 0s - loss: 4.6893 - accuracy: 0.3125
1/1 [==============================] - 0s 6ms/step - loss: 4.6893 - accuracy: 0.3125
Epoch 4/25

1/1 [==============================] - ETA: 0s - loss: 4.6766 - accuracy: 0.3125
1/1 [==============================] - 0s 3ms/step - loss: 4.6766 - accuracy: 0.3125
Epoch 5/25

1/1 [==============================] - ETA: 0s - loss: 4.6640 - accuracy: 0.3125
1/1 [==============================] - 0s 3ms/step - loss: 4.6640 - accuracy: 0.3125
Epoch 6/25

1/1 [==============================] - ETA: 0s - loss: 4.6514 - accuracy: 0.3125
1/1 [==============================] - 0s 6ms/step - loss: 4.6514 - accuracy: 0.3125
Epoch 7/25

1/1 [==============================] - ETA: 0s - loss: 4.6388 - accuracy: 0.3125
1/1 [==============================] - 0s 4ms/step - loss: 4.6388 - accuracy: 0.3125
Epoch 8/25

1/1 [==============================] - ETA: 0s - loss: 4.6262 - accuracy: 0.3750
1/1 [==============================] - 0s 3ms/step - loss: 4.6262 - accuracy: 0.3750
Epoch 9/25

1/1 [==============================] - ETA: 0s - loss: 4.6136 - accuracy: 0.4375
1/1 [==============================] - 0s 3ms/step - loss: 4.6136 - accuracy: 0.4375
Epoch 10/25

1/1 [==============================] - ETA: 0s - loss: 4.6011 - accuracy: 0.4375
1/1 [==============================] - 0s 3ms/step - loss: 4.6011 - accuracy: 0.4375
Epoch 11/25

1/1 [==============================] - ETA: 0s - loss: 4.5885 - accuracy: 0.4375
1/1 [==============================] - 0s 4ms/step - loss: 4.5885 - accuracy: 0.4375
Epoch 12/25

1/1 [==============================] - ETA: 0s - loss: 4.5760 - accuracy: 0.4375
1/1 [==============================] - 0s 4ms/step - loss: 4.5760 - accuracy: 0.4375
Epoch 13/25

1/1 [==============================] - ETA: 0s - loss: 4.5635 - accuracy: 0.4375
1/1 [==============================] - 0s 3ms/step - loss: 4.5635 - accuracy: 0.4375
Epoch 14/25

1/1 [==============================] - ETA: 0s - loss: 4.5510 - accuracy: 0.4375
1/1 [==============================] - 0s 3ms/step - loss: 4.5510 - accuracy: 0.4375
Epoch 15/25

1/1 [==============================] - ETA: 0s - loss: 4.5386 - accuracy: 0.4375
1/1 [==============================] - 0s 2ms/step - loss: 4.5386 - accuracy: 0.4375
Epoch 16/25

1/1 [==============================] - ETA: 0s - loss: 4.5261 - accuracy: 0.4375
1/1 [==============================] - 0s 4ms/step - loss: 4.5261 - accuracy: 0.4375
Epoch 17/25

1/1 [==============================] - ETA: 0s - loss: 4.5137 - accuracy: 0.5000
1/1 [==============================] - 0s 4ms/step - loss: 4.5137 - accuracy: 0.5000
Epoch 18/25

1/1 [==============================] - ETA: 0s - loss: 4.5013 - accuracy: 0.5000
1/1 [==============================] - 0s 3ms/step - loss: 4.5013 - accuracy: 0.5000
Epoch 19/25

1/1 [==============================] - ETA: 0s - loss: 4.4889 - accuracy: 0.5000
1/1 [==============================] - 0s 4ms/step - loss: 4.4889 - accuracy: 0.5000
Epoch 20/25

1/1 [==============================] - ETA: 0s - loss: 4.4766 - accuracy: 0.5000
1/1 [==============================] - 0s 2ms/step - loss: 4.4766 - accuracy: 0.5000
Epoch 21/25

1/1 [==============================] - ETA: 0s - loss: 4.4643 - accuracy: 0.5000
1/1 [==============================] - 0s 3ms/step - loss: 4.4643 - accuracy: 0.5000
Epoch 22/25

1/1 [==============================] - ETA: 0s - loss: 4.4520 - accuracy: 0.5000
1/1 [==============================] - 0s 2ms/step - loss: 4.4520 - accuracy: 0.5000
Epoch 23/25

1/1 [==============================] - ETA: 0s - loss: 4.4397 - accuracy: 0.5000
1/1 [==============================] - 0s 4ms/step - loss: 4.4397 - accuracy: 0.5000
Epoch 24/25

1/1 [==============================] - ETA: 0s - loss: 4.4274 - accuracy: 0.5625
1/1 [==============================] - 0s 3ms/step - loss: 4.4274 - accuracy: 0.5625
Epoch 25/25

1/1 [==============================] - ETA: 0s - loss: 4.4152 - accuracy: 0.5625
1/1 [==============================] - 0s 4ms/step - loss: 4.4152 - accuracy: 0.5625
# predict: steps=12
# predict: tnodeembed_metrics
# predict: node2vec_metrics
tnodeembed: {'auc': 0.6935597406417767, 'f1_micro': 0.0, 'f1_macro': 0.0} tNodeEmbed_final_loss=4.253371238708496 tNodeEmbed_final_accuracy=0.5625 
node2vec: {'auc': 0.6553040962910304, 'f1_micro': 0.0, 'f1_macro': 0.0} node2vec_final_loss=4.415229320526123 node2vec_final_accuracy=0.5625 
