# load graph
Processing Static file: filename='CollegeMsg_20040629.csv'
# initialize tNodeEmbed for dataset=COLLEGE_NC, test_size=0.2
# load dataset
# fit
# tNodeEmbed steps_per_epoch=1
Epoch 1/25

1/1 [==============================] - ETA: 0s - loss: 4.7248 - accuracy: 0.3125
1/1 [==============================] - 1s 1s/step - loss: 4.7248 - accuracy: 0.3125
Epoch 2/25

1/1 [==============================] - ETA: 0s - loss: 4.6993 - accuracy: 0.3750
1/1 [==============================] - 0s 4ms/step - loss: 4.6993 - accuracy: 0.3750
Epoch 3/25

1/1 [==============================] - ETA: 0s - loss: 4.6736 - accuracy: 0.4375
1/1 [==============================] - 0s 5ms/step - loss: 4.6736 - accuracy: 0.4375
Epoch 4/25

1/1 [==============================] - ETA: 0s - loss: 4.6477 - accuracy: 0.6875
1/1 [==============================] - 0s 3ms/step - loss: 4.6477 - accuracy: 0.6875
Epoch 5/25

1/1 [==============================] - ETA: 0s - loss: 4.6214 - accuracy: 0.8125
1/1 [==============================] - 0s 4ms/step - loss: 4.6214 - accuracy: 0.8125
Epoch 6/25

1/1 [==============================] - ETA: 0s - loss: 4.5947 - accuracy: 0.8125
1/1 [==============================] - 0s 6ms/step - loss: 4.5947 - accuracy: 0.8125
Epoch 7/25

1/1 [==============================] - ETA: 0s - loss: 4.5674 - accuracy: 0.8125
1/1 [==============================] - 0s 5ms/step - loss: 4.5674 - accuracy: 0.8125
Epoch 8/25

1/1 [==============================] - ETA: 0s - loss: 4.5394 - accuracy: 0.8125
1/1 [==============================] - 0s 6ms/step - loss: 4.5394 - accuracy: 0.8125
Epoch 9/25

1/1 [==============================] - ETA: 0s - loss: 4.5105 - accuracy: 0.8125
1/1 [==============================] - 0s 6ms/step - loss: 4.5105 - accuracy: 0.8125
Epoch 10/25

1/1 [==============================] - ETA: 0s - loss: 4.4807 - accuracy: 0.8750
1/1 [==============================] - 0s 5ms/step - loss: 4.4807 - accuracy: 0.8750
Epoch 11/25

1/1 [==============================] - ETA: 0s - loss: 4.4499 - accuracy: 0.8750
1/1 [==============================] - 0s 5ms/step - loss: 4.4499 - accuracy: 0.8750
Epoch 12/25

1/1 [==============================] - ETA: 0s - loss: 4.4180 - accuracy: 0.8750
1/1 [==============================] - 0s 5ms/step - loss: 4.4180 - accuracy: 0.8750
Epoch 13/25

1/1 [==============================] - ETA: 0s - loss: 4.3848 - accuracy: 0.8750
1/1 [==============================] - 0s 5ms/step - loss: 4.3848 - accuracy: 0.8750
Epoch 14/25

1/1 [==============================] - ETA: 0s - loss: 4.3503 - accuracy: 0.8750
1/1 [==============================] - 0s 5ms/step - loss: 4.3503 - accuracy: 0.8750
Epoch 15/25

1/1 [==============================] - ETA: 0s - loss: 4.3145 - accuracy: 0.8750
1/1 [==============================] - 0s 5ms/step - loss: 4.3145 - accuracy: 0.8750
Epoch 16/25

1/1 [==============================] - ETA: 0s - loss: 4.2771 - accuracy: 0.8750
1/1 [==============================] - 0s 5ms/step - loss: 4.2771 - accuracy: 0.8750
Epoch 17/25

1/1 [==============================] - ETA: 0s - loss: 4.2382 - accuracy: 0.8750
1/1 [==============================] - 0s 5ms/step - loss: 4.2382 - accuracy: 0.8750
Epoch 18/25

1/1 [==============================] - ETA: 0s - loss: 4.1977 - accuracy: 0.8750
1/1 [==============================] - 0s 4ms/step - loss: 4.1977 - accuracy: 0.8750
Epoch 19/25

1/1 [==============================] - ETA: 0s - loss: 4.1555 - accuracy: 0.8750
1/1 [==============================] - 0s 4ms/step - loss: 4.1555 - accuracy: 0.8750
Epoch 20/25

1/1 [==============================] - ETA: 0s - loss: 4.1117 - accuracy: 0.8750
1/1 [==============================] - 0s 4ms/step - loss: 4.1117 - accuracy: 0.8750
Epoch 21/25

1/1 [==============================] - ETA: 0s - loss: 4.0660 - accuracy: 0.8750
1/1 [==============================] - 0s 4ms/step - loss: 4.0660 - accuracy: 0.8750
Epoch 22/25

1/1 [==============================] - ETA: 0s - loss: 4.0186 - accuracy: 0.8750
1/1 [==============================] - 0s 4ms/step - loss: 4.0186 - accuracy: 0.8750
Epoch 23/25

1/1 [==============================] - ETA: 0s - loss: 3.9694 - accuracy: 0.8750
1/1 [==============================] - 0s 4ms/step - loss: 3.9694 - accuracy: 0.8750
Epoch 24/25

1/1 [==============================] - ETA: 0s - loss: 3.9184 - accuracy: 0.8750
1/1 [==============================] - 0s 4ms/step - loss: 3.9184 - accuracy: 0.8750
Epoch 25/25

1/1 [==============================] - ETA: 0s - loss: 3.8656 - accuracy: 0.8750
1/1 [==============================] - 0s 4ms/step - loss: 3.8656 - accuracy: 0.8750
# node2vec
Epoch 1/25

1/1 [==============================] - ETA: 0s - loss: 4.8047 - accuracy: 0.2500
1/1 [==============================] - 0s 197ms/step - loss: 4.8047 - accuracy: 0.2500
Epoch 2/25

1/1 [==============================] - ETA: 0s - loss: 4.7778 - accuracy: 0.2500
1/1 [==============================] - 0s 3ms/step - loss: 4.7778 - accuracy: 0.2500
Epoch 3/25

1/1 [==============================] - ETA: 0s - loss: 4.7510 - accuracy: 0.2500
1/1 [==============================] - 0s 3ms/step - loss: 4.7510 - accuracy: 0.2500
Epoch 4/25

1/1 [==============================] - ETA: 0s - loss: 4.7242 - accuracy: 0.2500
1/1 [==============================] - 0s 3ms/step - loss: 4.7242 - accuracy: 0.2500
Epoch 5/25

1/1 [==============================] - ETA: 0s - loss: 4.6975 - accuracy: 0.2500
1/1 [==============================] - 0s 3ms/step - loss: 4.6975 - accuracy: 0.2500
Epoch 6/25

1/1 [==============================] - ETA: 0s - loss: 4.6708 - accuracy: 0.3125
1/1 [==============================] - 0s 4ms/step - loss: 4.6708 - accuracy: 0.3125
Epoch 7/25

1/1 [==============================] - ETA: 0s - loss: 4.6441 - accuracy: 0.3750
1/1 [==============================] - 0s 4ms/step - loss: 4.6441 - accuracy: 0.3750
Epoch 8/25

1/1 [==============================] - ETA: 0s - loss: 4.6174 - accuracy: 0.3750
1/1 [==============================] - 0s 3ms/step - loss: 4.6174 - accuracy: 0.3750
Epoch 9/25

1/1 [==============================] - ETA: 0s - loss: 4.5908 - accuracy: 0.3750
1/1 [==============================] - 0s 3ms/step - loss: 4.5908 - accuracy: 0.3750
Epoch 10/25

1/1 [==============================] - ETA: 0s - loss: 4.5642 - accuracy: 0.3750
1/1 [==============================] - 0s 4ms/step - loss: 4.5642 - accuracy: 0.3750
Epoch 11/25

1/1 [==============================] - ETA: 0s - loss: 4.5377 - accuracy: 0.3750
1/1 [==============================] - 0s 3ms/step - loss: 4.5377 - accuracy: 0.3750
Epoch 12/25

1/1 [==============================] - ETA: 0s - loss: 4.5112 - accuracy: 0.3750
1/1 [==============================] - 0s 2ms/step - loss: 4.5112 - accuracy: 0.3750
Epoch 13/25

1/1 [==============================] - ETA: 0s - loss: 4.4847 - accuracy: 0.3750
1/1 [==============================] - 0s 3ms/step - loss: 4.4847 - accuracy: 0.3750
Epoch 14/25

1/1 [==============================] - ETA: 0s - loss: 4.4583 - accuracy: 0.3750
1/1 [==============================] - 0s 3ms/step - loss: 4.4583 - accuracy: 0.3750
Epoch 15/25

1/1 [==============================] - ETA: 0s - loss: 4.4319 - accuracy: 0.3750
1/1 [==============================] - 0s 3ms/step - loss: 4.4319 - accuracy: 0.3750
Epoch 16/25

1/1 [==============================] - ETA: 0s - loss: 4.4056 - accuracy: 0.4375
1/1 [==============================] - 0s 3ms/step - loss: 4.4056 - accuracy: 0.4375
Epoch 17/25

1/1 [==============================] - ETA: 0s - loss: 4.3793 - accuracy: 0.4375
1/1 [==============================] - 0s 3ms/step - loss: 4.3793 - accuracy: 0.4375
Epoch 18/25

1/1 [==============================] - ETA: 0s - loss: 4.3531 - accuracy: 0.4375
1/1 [==============================] - 0s 3ms/step - loss: 4.3531 - accuracy: 0.4375
Epoch 19/25

1/1 [==============================] - ETA: 0s - loss: 4.3270 - accuracy: 0.4375
1/1 [==============================] - 0s 4ms/step - loss: 4.3270 - accuracy: 0.4375
Epoch 20/25

1/1 [==============================] - ETA: 0s - loss: 4.3009 - accuracy: 0.4375
1/1 [==============================] - 0s 3ms/step - loss: 4.3009 - accuracy: 0.4375
Epoch 21/25

1/1 [==============================] - ETA: 0s - loss: 4.2748 - accuracy: 0.4375
1/1 [==============================] - 0s 3ms/step - loss: 4.2748 - accuracy: 0.4375
Epoch 22/25

1/1 [==============================] - ETA: 0s - loss: 4.2488 - accuracy: 0.5000
1/1 [==============================] - 0s 3ms/step - loss: 4.2488 - accuracy: 0.5000
Epoch 23/25

1/1 [==============================] - ETA: 0s - loss: 4.2229 - accuracy: 0.5000
1/1 [==============================] - 0s 3ms/step - loss: 4.2229 - accuracy: 0.5000
Epoch 24/25

1/1 [==============================] - ETA: 0s - loss: 4.1971 - accuracy: 0.5000
1/1 [==============================] - 0s 3ms/step - loss: 4.1971 - accuracy: 0.5000
Epoch 25/25

1/1 [==============================] - ETA: 0s - loss: 4.1713 - accuracy: 0.5000
1/1 [==============================] - 0s 6ms/step - loss: 4.1713 - accuracy: 0.5000
# predict: steps=12
# predict: tnodeembed_metrics
# predict: node2vec_metrics
tnodeembed: {'auc': 0.6399586632510479, 'f1_micro': 0.0, 'f1_macro': 0.0} tNodeEmbed_final_loss=3.865584135055542 tNodeEmbed_final_accuracy=0.875 
node2vec: {'auc': 0.6011322714681441, 'f1_micro': 0.0, 'f1_macro': 0.0} node2vec_final_loss=4.171289443969727 node2vec_final_accuracy=0.5 
