# load graph
Processing Static file: filename='CollegeMsg_20040713.csv'
# initialize tNodeEmbed for dataset=COLLEGE_NC, test_size=0.2
# load dataset
# fit
# tNodeEmbed steps_per_epoch=1
Epoch 1/25

1/1 [==============================] - ETA: 0s - loss: 4.7421 - accuracy: 0.0000e+00
1/1 [==============================] - 2s 2s/step - loss: 4.7421 - accuracy: 0.0000e+00
Epoch 2/25

1/1 [==============================] - ETA: 0s - loss: 4.7093 - accuracy: 0.1250
1/1 [==============================] - 0s 4ms/step - loss: 4.7093 - accuracy: 0.1250
Epoch 3/25

1/1 [==============================] - ETA: 0s - loss: 4.6764 - accuracy: 0.3750
1/1 [==============================] - 0s 3ms/step - loss: 4.6764 - accuracy: 0.3750
Epoch 4/25

1/1 [==============================] - ETA: 0s - loss: 4.6434 - accuracy: 0.5000
1/1 [==============================] - 0s 4ms/step - loss: 4.6434 - accuracy: 0.5000
Epoch 5/25

1/1 [==============================] - ETA: 0s - loss: 4.6100 - accuracy: 0.6250
1/1 [==============================] - 0s 4ms/step - loss: 4.6100 - accuracy: 0.6250
Epoch 6/25

1/1 [==============================] - ETA: 0s - loss: 4.5762 - accuracy: 0.7500
1/1 [==============================] - 0s 3ms/step - loss: 4.5762 - accuracy: 0.7500
Epoch 7/25

1/1 [==============================] - ETA: 0s - loss: 4.5418 - accuracy: 0.8125
1/1 [==============================] - 0s 4ms/step - loss: 4.5418 - accuracy: 0.8125
Epoch 8/25

1/1 [==============================] - ETA: 0s - loss: 4.5067 - accuracy: 0.8750
1/1 [==============================] - 0s 4ms/step - loss: 4.5067 - accuracy: 0.8750
Epoch 9/25

1/1 [==============================] - ETA: 0s - loss: 4.4707 - accuracy: 0.8750
1/1 [==============================] - 0s 3ms/step - loss: 4.4707 - accuracy: 0.8750
Epoch 10/25

1/1 [==============================] - ETA: 0s - loss: 4.4337 - accuracy: 1.0000
1/1 [==============================] - 0s 5ms/step - loss: 4.4337 - accuracy: 1.0000
Epoch 11/25

1/1 [==============================] - ETA: 0s - loss: 4.3955 - accuracy: 1.0000
1/1 [==============================] - 0s 4ms/step - loss: 4.3955 - accuracy: 1.0000
Epoch 12/25

1/1 [==============================] - ETA: 0s - loss: 4.3561 - accuracy: 1.0000
1/1 [==============================] - 0s 3ms/step - loss: 4.3561 - accuracy: 1.0000
Epoch 13/25

1/1 [==============================] - ETA: 0s - loss: 4.3153 - accuracy: 1.0000
1/1 [==============================] - 0s 4ms/step - loss: 4.3153 - accuracy: 1.0000
Epoch 14/25

1/1 [==============================] - ETA: 0s - loss: 4.2731 - accuracy: 1.0000
1/1 [==============================] - 0s 4ms/step - loss: 4.2731 - accuracy: 1.0000
Epoch 15/25

1/1 [==============================] - ETA: 0s - loss: 4.2292 - accuracy: 1.0000
1/1 [==============================] - 0s 4ms/step - loss: 4.2292 - accuracy: 1.0000
Epoch 16/25

1/1 [==============================] - ETA: 0s - loss: 4.1836 - accuracy: 1.0000
1/1 [==============================] - 0s 4ms/step - loss: 4.1836 - accuracy: 1.0000
Epoch 17/25

1/1 [==============================] - ETA: 0s - loss: 4.1363 - accuracy: 1.0000
1/1 [==============================] - 0s 3ms/step - loss: 4.1363 - accuracy: 1.0000
Epoch 18/25

1/1 [==============================] - ETA: 0s - loss: 4.0870 - accuracy: 1.0000
1/1 [==============================] - 0s 4ms/step - loss: 4.0870 - accuracy: 1.0000
Epoch 19/25

1/1 [==============================] - ETA: 0s - loss: 4.0358 - accuracy: 1.0000
1/1 [==============================] - 0s 4ms/step - loss: 4.0358 - accuracy: 1.0000
Epoch 20/25

1/1 [==============================] - ETA: 0s - loss: 3.9825 - accuracy: 1.0000
1/1 [==============================] - 0s 3ms/step - loss: 3.9825 - accuracy: 1.0000
Epoch 21/25

1/1 [==============================] - ETA: 0s - loss: 3.9271 - accuracy: 1.0000
1/1 [==============================] - 0s 5ms/step - loss: 3.9271 - accuracy: 1.0000
Epoch 22/25

1/1 [==============================] - ETA: 0s - loss: 3.8695 - accuracy: 1.0000
1/1 [==============================] - 0s 4ms/step - loss: 3.8695 - accuracy: 1.0000
Epoch 23/25

1/1 [==============================] - ETA: 0s - loss: 3.8097 - accuracy: 1.0000
1/1 [==============================] - 0s 5ms/step - loss: 3.8097 - accuracy: 1.0000
Epoch 24/25

1/1 [==============================] - ETA: 0s - loss: 3.7476 - accuracy: 1.0000
1/1 [==============================] - 0s 5ms/step - loss: 3.7476 - accuracy: 1.0000
Epoch 25/25

1/1 [==============================] - ETA: 0s - loss: 3.6832 - accuracy: 1.0000
1/1 [==============================] - 0s 4ms/step - loss: 3.6832 - accuracy: 1.0000
# node2vec
Epoch 1/25

1/1 [==============================] - ETA: 0s - loss: 4.8081 - accuracy: 0.0000e+00
1/1 [==============================] - 0s 196ms/step - loss: 4.8081 - accuracy: 0.0000e+00
Epoch 2/25

1/1 [==============================] - ETA: 0s - loss: 4.7712 - accuracy: 0.0625
1/1 [==============================] - 0s 3ms/step - loss: 4.7712 - accuracy: 0.0625
Epoch 3/25

1/1 [==============================] - ETA: 0s - loss: 4.7344 - accuracy: 0.0625
1/1 [==============================] - 0s 3ms/step - loss: 4.7344 - accuracy: 0.0625
Epoch 4/25

1/1 [==============================] - ETA: 0s - loss: 4.6976 - accuracy: 0.0625
1/1 [==============================] - 0s 3ms/step - loss: 4.6976 - accuracy: 0.0625
Epoch 5/25

1/1 [==============================] - ETA: 0s - loss: 4.6609 - accuracy: 0.0625
1/1 [==============================] - 0s 2ms/step - loss: 4.6609 - accuracy: 0.0625
Epoch 6/25

1/1 [==============================] - ETA: 0s - loss: 4.6242 - accuracy: 0.0625
1/1 [==============================] - 0s 2ms/step - loss: 4.6242 - accuracy: 0.0625
Epoch 7/25

1/1 [==============================] - ETA: 0s - loss: 4.5876 - accuracy: 0.0625
1/1 [==============================] - 0s 3ms/step - loss: 4.5876 - accuracy: 0.0625
Epoch 8/25

1/1 [==============================] - ETA: 0s - loss: 4.5510 - accuracy: 0.1250
1/1 [==============================] - 0s 2ms/step - loss: 4.5510 - accuracy: 0.1250
Epoch 9/25

1/1 [==============================] - ETA: 0s - loss: 4.5145 - accuracy: 0.1250
1/1 [==============================] - 0s 3ms/step - loss: 4.5145 - accuracy: 0.1250
Epoch 10/25

1/1 [==============================] - ETA: 0s - loss: 4.4781 - accuracy: 0.1875
1/1 [==============================] - 0s 2ms/step - loss: 4.4781 - accuracy: 0.1875
Epoch 11/25

1/1 [==============================] - ETA: 0s - loss: 4.4417 - accuracy: 0.3125
1/1 [==============================] - 0s 2ms/step - loss: 4.4417 - accuracy: 0.3125
Epoch 12/25

1/1 [==============================] - ETA: 0s - loss: 4.4054 - accuracy: 0.3125
1/1 [==============================] - 0s 3ms/step - loss: 4.4054 - accuracy: 0.3125
Epoch 13/25

1/1 [==============================] - ETA: 0s - loss: 4.3692 - accuracy: 0.3125
1/1 [==============================] - 0s 3ms/step - loss: 4.3692 - accuracy: 0.3125
Epoch 14/25

1/1 [==============================] - ETA: 0s - loss: 4.3331 - accuracy: 0.3750
1/1 [==============================] - 0s 3ms/step - loss: 4.3331 - accuracy: 0.3750
Epoch 15/25

1/1 [==============================] - ETA: 0s - loss: 4.2970 - accuracy: 0.3750
1/1 [==============================] - 0s 3ms/step - loss: 4.2970 - accuracy: 0.3750
Epoch 16/25

1/1 [==============================] - ETA: 0s - loss: 4.2610 - accuracy: 0.3750
1/1 [==============================] - 0s 3ms/step - loss: 4.2610 - accuracy: 0.3750
Epoch 17/25

1/1 [==============================] - ETA: 0s - loss: 4.2251 - accuracy: 0.4375
1/1 [==============================] - 0s 3ms/step - loss: 4.2251 - accuracy: 0.4375
Epoch 18/25

1/1 [==============================] - ETA: 0s - loss: 4.1893 - accuracy: 0.4375
1/1 [==============================] - 0s 2ms/step - loss: 4.1893 - accuracy: 0.4375
Epoch 19/25

1/1 [==============================] - ETA: 0s - loss: 4.1535 - accuracy: 0.4375
1/1 [==============================] - 0s 4ms/step - loss: 4.1535 - accuracy: 0.4375
Epoch 20/25

1/1 [==============================] - ETA: 0s - loss: 4.1179 - accuracy: 0.4375
1/1 [==============================] - 0s 3ms/step - loss: 4.1179 - accuracy: 0.4375
Epoch 21/25

1/1 [==============================] - ETA: 0s - loss: 4.0824 - accuracy: 0.4375
1/1 [==============================] - 0s 3ms/step - loss: 4.0824 - accuracy: 0.4375
Epoch 22/25

1/1 [==============================] - ETA: 0s - loss: 4.0469 - accuracy: 0.5000
1/1 [==============================] - 0s 2ms/step - loss: 4.0469 - accuracy: 0.5000
Epoch 23/25

1/1 [==============================] - ETA: 0s - loss: 4.0115 - accuracy: 0.5625
1/1 [==============================] - 0s 2ms/step - loss: 4.0115 - accuracy: 0.5625
Epoch 24/25

1/1 [==============================] - ETA: 0s - loss: 3.9763 - accuracy: 0.5625
1/1 [==============================] - 0s 3ms/step - loss: 3.9763 - accuracy: 0.5625
Epoch 25/25

1/1 [==============================] - ETA: 0s - loss: 3.9411 - accuracy: 0.6250
1/1 [==============================] - 0s 3ms/step - loss: 3.9411 - accuracy: 0.6250
# predict: steps=12
# predict: tnodeembed_metrics
# predict: node2vec_metrics
tnodeembed: {'auc': 0.629736811462751, 'f1_micro': 0.0, 'f1_macro': 0.0} tNodeEmbed_final_loss=3.683173894882202 tNodeEmbed_final_accuracy=1.0 
node2vec: {'auc': 0.5738631934400509, 'f1_micro': 0.0, 'f1_macro': 0.0} node2vec_final_loss=3.941129684448242 node2vec_final_accuracy=0.625 
