# load graph
Processing Static file: filename='CollegeMsg_20040513.csv'
# initialize tNodeEmbed for dataset=COLLEGE_NC, test_size=0.2
# load dataset
# fit
# tNodeEmbed steps_per_epoch=1
Epoch 1/25

1/1 [==============================] - ETA: 0s - loss: 4.7273 - accuracy: 0.1250
1/1 [==============================] - 1s 942ms/step - loss: 4.7273 - accuracy: 0.1250
Epoch 2/25

1/1 [==============================] - ETA: 0s - loss: 4.7008 - accuracy: 0.1250
1/1 [==============================] - 0s 4ms/step - loss: 4.7008 - accuracy: 0.1250
Epoch 3/25

1/1 [==============================] - ETA: 0s - loss: 4.6741 - accuracy: 0.2500
1/1 [==============================] - 0s 7ms/step - loss: 4.6741 - accuracy: 0.2500
Epoch 4/25

1/1 [==============================] - ETA: 0s - loss: 4.6472 - accuracy: 0.4375
1/1 [==============================] - 0s 7ms/step - loss: 4.6472 - accuracy: 0.4375
Epoch 5/25

1/1 [==============================] - ETA: 0s - loss: 4.6199 - accuracy: 0.6250
1/1 [==============================] - 0s 5ms/step - loss: 4.6199 - accuracy: 0.6250
Epoch 6/25

1/1 [==============================] - ETA: 0s - loss: 4.5921 - accuracy: 0.6250
1/1 [==============================] - 0s 4ms/step - loss: 4.5921 - accuracy: 0.6250
Epoch 7/25

1/1 [==============================] - ETA: 0s - loss: 4.5638 - accuracy: 0.6875
1/1 [==============================] - 0s 4ms/step - loss: 4.5638 - accuracy: 0.6875
Epoch 8/25

1/1 [==============================] - ETA: 0s - loss: 4.5348 - accuracy: 0.6875
1/1 [==============================] - 0s 5ms/step - loss: 4.5348 - accuracy: 0.6875
Epoch 9/25

1/1 [==============================] - ETA: 0s - loss: 4.5049 - accuracy: 0.6875
1/1 [==============================] - 0s 6ms/step - loss: 4.5049 - accuracy: 0.6875
Epoch 10/25

1/1 [==============================] - ETA: 0s - loss: 4.4741 - accuracy: 0.6875
1/1 [==============================] - 0s 5ms/step - loss: 4.4741 - accuracy: 0.6875
Epoch 11/25

1/1 [==============================] - ETA: 0s - loss: 4.4424 - accuracy: 0.6875
1/1 [==============================] - 0s 4ms/step - loss: 4.4424 - accuracy: 0.6875
Epoch 12/25

1/1 [==============================] - ETA: 0s - loss: 4.4095 - accuracy: 0.6875
1/1 [==============================] - 0s 4ms/step - loss: 4.4095 - accuracy: 0.6875
Epoch 13/25

1/1 [==============================] - ETA: 0s - loss: 4.3753 - accuracy: 0.6875
1/1 [==============================] - 0s 3ms/step - loss: 4.3753 - accuracy: 0.6875
Epoch 14/25

1/1 [==============================] - ETA: 0s - loss: 4.3400 - accuracy: 0.6875
1/1 [==============================] - 0s 4ms/step - loss: 4.3400 - accuracy: 0.6875
Epoch 15/25

1/1 [==============================] - ETA: 0s - loss: 4.3032 - accuracy: 0.6875
1/1 [==============================] - 0s 3ms/step - loss: 4.3032 - accuracy: 0.6875
Epoch 16/25

1/1 [==============================] - ETA: 0s - loss: 4.2650 - accuracy: 0.6875
1/1 [==============================] - 0s 5ms/step - loss: 4.2650 - accuracy: 0.6875
Epoch 17/25

1/1 [==============================] - ETA: 0s - loss: 4.2253 - accuracy: 0.6875
1/1 [==============================] - 0s 5ms/step - loss: 4.2253 - accuracy: 0.6875
Epoch 18/25

1/1 [==============================] - ETA: 0s - loss: 4.1841 - accuracy: 0.6875
1/1 [==============================] - 0s 4ms/step - loss: 4.1841 - accuracy: 0.6875
Epoch 19/25

1/1 [==============================] - ETA: 0s - loss: 4.1413 - accuracy: 0.6875
1/1 [==============================] - 0s 6ms/step - loss: 4.1413 - accuracy: 0.6875
Epoch 20/25

1/1 [==============================] - ETA: 0s - loss: 4.0968 - accuracy: 0.6875
1/1 [==============================] - 0s 5ms/step - loss: 4.0968 - accuracy: 0.6875
Epoch 21/25

1/1 [==============================] - ETA: 0s - loss: 4.0506 - accuracy: 0.6875
1/1 [==============================] - 0s 4ms/step - loss: 4.0506 - accuracy: 0.6875
Epoch 22/25

1/1 [==============================] - ETA: 0s - loss: 4.0028 - accuracy: 0.6875
1/1 [==============================] - 0s 3ms/step - loss: 4.0028 - accuracy: 0.6875
Epoch 23/25

1/1 [==============================] - ETA: 0s - loss: 3.9532 - accuracy: 0.6875
1/1 [==============================] - 0s 4ms/step - loss: 3.9532 - accuracy: 0.6875
Epoch 24/25

1/1 [==============================] - ETA: 0s - loss: 3.9019 - accuracy: 0.6875
1/1 [==============================] - 0s 4ms/step - loss: 3.9019 - accuracy: 0.6875
Epoch 25/25

1/1 [==============================] - ETA: 0s - loss: 3.8489 - accuracy: 0.6875
1/1 [==============================] - 0s 3ms/step - loss: 3.8489 - accuracy: 0.6875
# node2vec
Epoch 1/25

1/1 [==============================] - ETA: 0s - loss: 4.7649 - accuracy: 0.1250
1/1 [==============================] - 0s 203ms/step - loss: 4.7649 - accuracy: 0.1250
Epoch 2/25

1/1 [==============================] - ETA: 0s - loss: 4.7371 - accuracy: 0.1250
1/1 [==============================] - 0s 3ms/step - loss: 4.7371 - accuracy: 0.1250
Epoch 3/25

1/1 [==============================] - ETA: 0s - loss: 4.7094 - accuracy: 0.1250
1/1 [==============================] - 0s 5ms/step - loss: 4.7094 - accuracy: 0.1250
Epoch 4/25

1/1 [==============================] - ETA: 0s - loss: 4.6818 - accuracy: 0.1875
1/1 [==============================] - 0s 5ms/step - loss: 4.6818 - accuracy: 0.1875
Epoch 5/25

1/1 [==============================] - ETA: 0s - loss: 4.6541 - accuracy: 0.1875
1/1 [==============================] - 0s 3ms/step - loss: 4.6541 - accuracy: 0.1875
Epoch 6/25

1/1 [==============================] - ETA: 0s - loss: 4.6265 - accuracy: 0.1875
1/1 [==============================] - 0s 4ms/step - loss: 4.6265 - accuracy: 0.1875
Epoch 7/25

1/1 [==============================] - ETA: 0s - loss: 4.5990 - accuracy: 0.1875
1/1 [==============================] - 0s 5ms/step - loss: 4.5990 - accuracy: 0.1875
Epoch 8/25

1/1 [==============================] - ETA: 0s - loss: 4.5715 - accuracy: 0.1875
1/1 [==============================] - 0s 4ms/step - loss: 4.5715 - accuracy: 0.1875
Epoch 9/25

1/1 [==============================] - ETA: 0s - loss: 4.5440 - accuracy: 0.1875
1/1 [==============================] - 0s 4ms/step - loss: 4.5440 - accuracy: 0.1875
Epoch 10/25

1/1 [==============================] - ETA: 0s - loss: 4.5166 - accuracy: 0.1875
1/1 [==============================] - 0s 3ms/step - loss: 4.5166 - accuracy: 0.1875
Epoch 11/25

1/1 [==============================] - ETA: 0s - loss: 4.4892 - accuracy: 0.2500
1/1 [==============================] - 0s 3ms/step - loss: 4.4892 - accuracy: 0.2500
Epoch 12/25

1/1 [==============================] - ETA: 0s - loss: 4.4619 - accuracy: 0.2500
1/1 [==============================] - 0s 4ms/step - loss: 4.4619 - accuracy: 0.2500
Epoch 13/25

1/1 [==============================] - ETA: 0s - loss: 4.4346 - accuracy: 0.2500
1/1 [==============================] - 0s 4ms/step - loss: 4.4346 - accuracy: 0.2500
Epoch 14/25

1/1 [==============================] - ETA: 0s - loss: 4.4074 - accuracy: 0.2500
1/1 [==============================] - 0s 4ms/step - loss: 4.4074 - accuracy: 0.2500
Epoch 15/25

1/1 [==============================] - ETA: 0s - loss: 4.3803 - accuracy: 0.2500
1/1 [==============================] - 0s 3ms/step - loss: 4.3803 - accuracy: 0.2500
Epoch 16/25

1/1 [==============================] - ETA: 0s - loss: 4.3532 - accuracy: 0.2500
1/1 [==============================] - 0s 4ms/step - loss: 4.3532 - accuracy: 0.2500
Epoch 17/25

1/1 [==============================] - ETA: 0s - loss: 4.3261 - accuracy: 0.3125
1/1 [==============================] - 0s 4ms/step - loss: 4.3261 - accuracy: 0.3125
Epoch 18/25

1/1 [==============================] - ETA: 0s - loss: 4.2992 - accuracy: 0.3125
1/1 [==============================] - 0s 4ms/step - loss: 4.2992 - accuracy: 0.3125
Epoch 19/25

1/1 [==============================] - ETA: 0s - loss: 4.2723 - accuracy: 0.3125
1/1 [==============================] - 0s 3ms/step - loss: 4.2723 - accuracy: 0.3125
Epoch 20/25

1/1 [==============================] - ETA: 0s - loss: 4.2454 - accuracy: 0.3125
1/1 [==============================] - 0s 4ms/step - loss: 4.2454 - accuracy: 0.3125
Epoch 21/25

1/1 [==============================] - ETA: 0s - loss: 4.2187 - accuracy: 0.3750
1/1 [==============================] - 0s 3ms/step - loss: 4.2187 - accuracy: 0.3750
Epoch 22/25

1/1 [==============================] - ETA: 0s - loss: 4.1920 - accuracy: 0.4375
1/1 [==============================] - 0s 4ms/step - loss: 4.1920 - accuracy: 0.4375
Epoch 23/25

1/1 [==============================] - ETA: 0s - loss: 4.1654 - accuracy: 0.4375
1/1 [==============================] - 0s 3ms/step - loss: 4.1654 - accuracy: 0.4375
Epoch 24/25

1/1 [==============================] - ETA: 0s - loss: 4.1388 - accuracy: 0.4375
1/1 [==============================] - 0s 2ms/step - loss: 4.1388 - accuracy: 0.4375
Epoch 25/25

1/1 [==============================] - ETA: 0s - loss: 4.1124 - accuracy: 0.5000
1/1 [==============================] - 0s 3ms/step - loss: 4.1124 - accuracy: 0.5000
# predict: steps=12
# predict: tnodeembed_metrics
# predict: node2vec_metrics
tnodeembed: {'auc': 0.6942562449439855, 'f1_micro': 0.0, 'f1_macro': 0.0} tNodeEmbed_final_loss=3.8489389419555664 tNodeEmbed_final_accuracy=0.6875 
node2vec: {'auc': 0.5864949562424926, 'f1_micro': 0.0, 'f1_macro': 0.0} node2vec_final_loss=4.112362384796143 node2vec_final_accuracy=0.5 
