# load graph
Processing Static file: filename='CollegeMsg_20041010.csv'
# initialize tNodeEmbed for dataset=COLLEGE_NC, test_size=0.2
# load dataset
# fit
# tNodeEmbed steps_per_epoch=1
Epoch 1/25

1/1 [==============================] - ETA: 0s - loss: 4.7249 - accuracy: 0.0625
1/1 [==============================] - 1s 1s/step - loss: 4.7249 - accuracy: 0.0625
Epoch 2/25

1/1 [==============================] - ETA: 0s - loss: 4.6920 - accuracy: 0.1875
1/1 [==============================] - 0s 6ms/step - loss: 4.6920 - accuracy: 0.1875
Epoch 3/25

1/1 [==============================] - ETA: 0s - loss: 4.6589 - accuracy: 0.3125
1/1 [==============================] - 0s 7ms/step - loss: 4.6589 - accuracy: 0.3125
Epoch 4/25

1/1 [==============================] - ETA: 0s - loss: 4.6255 - accuracy: 0.3750
1/1 [==============================] - 0s 5ms/step - loss: 4.6255 - accuracy: 0.3750
Epoch 5/25

1/1 [==============================] - ETA: 0s - loss: 4.5918 - accuracy: 0.6250
1/1 [==============================] - 0s 6ms/step - loss: 4.5918 - accuracy: 0.6250
Epoch 6/25

1/1 [==============================] - ETA: 0s - loss: 4.5575 - accuracy: 0.8125
1/1 [==============================] - 0s 5ms/step - loss: 4.5575 - accuracy: 0.8125
Epoch 7/25

1/1 [==============================] - ETA: 0s - loss: 4.5226 - accuracy: 0.8750
1/1 [==============================] - 0s 4ms/step - loss: 4.5226 - accuracy: 0.8750
Epoch 8/25

1/1 [==============================] - ETA: 0s - loss: 4.4869 - accuracy: 0.8750
1/1 [==============================] - 0s 6ms/step - loss: 4.4869 - accuracy: 0.8750
Epoch 9/25

1/1 [==============================] - ETA: 0s - loss: 4.4502 - accuracy: 0.8750
1/1 [==============================] - 0s 6ms/step - loss: 4.4502 - accuracy: 0.8750
Epoch 10/25

1/1 [==============================] - ETA: 0s - loss: 4.4124 - accuracy: 0.8750
1/1 [==============================] - 0s 6ms/step - loss: 4.4124 - accuracy: 0.8750
Epoch 11/25

1/1 [==============================] - ETA: 0s - loss: 4.3734 - accuracy: 1.0000
1/1 [==============================] - 0s 6ms/step - loss: 4.3734 - accuracy: 1.0000
Epoch 12/25

1/1 [==============================] - ETA: 0s - loss: 4.3330 - accuracy: 1.0000
1/1 [==============================] - 0s 6ms/step - loss: 4.3330 - accuracy: 1.0000
Epoch 13/25

1/1 [==============================] - ETA: 0s - loss: 4.2912 - accuracy: 1.0000
1/1 [==============================] - 0s 6ms/step - loss: 4.2912 - accuracy: 1.0000
Epoch 14/25

1/1 [==============================] - ETA: 0s - loss: 4.2479 - accuracy: 1.0000
1/1 [==============================] - 0s 6ms/step - loss: 4.2479 - accuracy: 1.0000
Epoch 15/25

1/1 [==============================] - ETA: 0s - loss: 4.2028 - accuracy: 1.0000
1/1 [==============================] - 0s 5ms/step - loss: 4.2028 - accuracy: 1.0000
Epoch 16/25

1/1 [==============================] - ETA: 0s - loss: 4.1560 - accuracy: 1.0000
1/1 [==============================] - 0s 6ms/step - loss: 4.1560 - accuracy: 1.0000
Epoch 17/25

1/1 [==============================] - ETA: 0s - loss: 4.1074 - accuracy: 1.0000
1/1 [==============================] - 0s 5ms/step - loss: 4.1074 - accuracy: 1.0000
Epoch 18/25

1/1 [==============================] - ETA: 0s - loss: 4.0567 - accuracy: 1.0000
1/1 [==============================] - 0s 6ms/step - loss: 4.0567 - accuracy: 1.0000
Epoch 19/25

1/1 [==============================] - ETA: 0s - loss: 4.0041 - accuracy: 1.0000
1/1 [==============================] - 0s 6ms/step - loss: 4.0041 - accuracy: 1.0000
Epoch 20/25

1/1 [==============================] - ETA: 0s - loss: 3.9493 - accuracy: 1.0000
1/1 [==============================] - 0s 6ms/step - loss: 3.9493 - accuracy: 1.0000
Epoch 21/25

1/1 [==============================] - ETA: 0s - loss: 3.8924 - accuracy: 1.0000
1/1 [==============================] - 0s 6ms/step - loss: 3.8924 - accuracy: 1.0000
Epoch 22/25

1/1 [==============================] - ETA: 0s - loss: 3.8332 - accuracy: 1.0000
1/1 [==============================] - 0s 5ms/step - loss: 3.8332 - accuracy: 1.0000
Epoch 23/25

1/1 [==============================] - ETA: 0s - loss: 3.7717 - accuracy: 1.0000
1/1 [==============================] - 0s 6ms/step - loss: 3.7717 - accuracy: 1.0000
Epoch 24/25

1/1 [==============================] - ETA: 0s - loss: 3.7079 - accuracy: 1.0000
1/1 [==============================] - 0s 6ms/step - loss: 3.7079 - accuracy: 1.0000
Epoch 25/25

1/1 [==============================] - ETA: 0s - loss: 3.6417 - accuracy: 1.0000
1/1 [==============================] - 0s 6ms/step - loss: 3.6417 - accuracy: 1.0000
# node2vec
Epoch 1/25

1/1 [==============================] - ETA: 0s - loss: 4.7293 - accuracy: 0.0000e+00
1/1 [==============================] - 0s 204ms/step - loss: 4.7293 - accuracy: 0.0000e+00
Epoch 2/25

1/1 [==============================] - ETA: 0s - loss: 4.6905 - accuracy: 0.0000e+00
1/1 [==============================] - 0s 3ms/step - loss: 4.6905 - accuracy: 0.0000e+00
Epoch 3/25

1/1 [==============================] - ETA: 0s - loss: 4.6518 - accuracy: 0.0000e+00
1/1 [==============================] - 0s 3ms/step - loss: 4.6518 - accuracy: 0.0000e+00
Epoch 4/25

1/1 [==============================] - ETA: 0s - loss: 4.6131 - accuracy: 0.0000e+00
1/1 [==============================] - 0s 4ms/step - loss: 4.6131 - accuracy: 0.0000e+00
Epoch 5/25

1/1 [==============================] - ETA: 0s - loss: 4.5744 - accuracy: 0.0000e+00
1/1 [==============================] - 0s 3ms/step - loss: 4.5744 - accuracy: 0.0000e+00
Epoch 6/25

1/1 [==============================] - ETA: 0s - loss: 4.5358 - accuracy: 0.0625
1/1 [==============================] - 0s 4ms/step - loss: 4.5358 - accuracy: 0.0625
Epoch 7/25

1/1 [==============================] - ETA: 0s - loss: 4.4973 - accuracy: 0.0625
1/1 [==============================] - 0s 3ms/step - loss: 4.4973 - accuracy: 0.0625
Epoch 8/25

1/1 [==============================] - ETA: 0s - loss: 4.4588 - accuracy: 0.1250
1/1 [==============================] - 0s 3ms/step - loss: 4.4588 - accuracy: 0.1250
Epoch 9/25

1/1 [==============================] - ETA: 0s - loss: 4.4204 - accuracy: 0.1250
1/1 [==============================] - 0s 3ms/step - loss: 4.4204 - accuracy: 0.1250
Epoch 10/25

1/1 [==============================] - ETA: 0s - loss: 4.3821 - accuracy: 0.1250
1/1 [==============================] - 0s 2ms/step - loss: 4.3821 - accuracy: 0.1250
Epoch 11/25

1/1 [==============================] - ETA: 0s - loss: 4.3438 - accuracy: 0.1250
1/1 [==============================] - 0s 3ms/step - loss: 4.3438 - accuracy: 0.1250
Epoch 12/25

1/1 [==============================] - ETA: 0s - loss: 4.3056 - accuracy: 0.1875
1/1 [==============================] - 0s 3ms/step - loss: 4.3056 - accuracy: 0.1875
Epoch 13/25

1/1 [==============================] - ETA: 0s - loss: 4.2674 - accuracy: 0.3125
1/1 [==============================] - 0s 3ms/step - loss: 4.2674 - accuracy: 0.3125
Epoch 14/25

1/1 [==============================] - ETA: 0s - loss: 4.2294 - accuracy: 0.3125
1/1 [==============================] - 0s 3ms/step - loss: 4.2294 - accuracy: 0.3125
Epoch 15/25

1/1 [==============================] - ETA: 0s - loss: 4.1914 - accuracy: 0.3125
1/1 [==============================] - 0s 3ms/step - loss: 4.1914 - accuracy: 0.3125
Epoch 16/25

1/1 [==============================] - ETA: 0s - loss: 4.1534 - accuracy: 0.3125
1/1 [==============================] - 0s 2ms/step - loss: 4.1534 - accuracy: 0.3125
Epoch 17/25

1/1 [==============================] - ETA: 0s - loss: 4.1156 - accuracy: 0.3125
1/1 [==============================] - 0s 3ms/step - loss: 4.1156 - accuracy: 0.3125
Epoch 18/25

1/1 [==============================] - ETA: 0s - loss: 4.0779 - accuracy: 0.3750
1/1 [==============================] - 0s 3ms/step - loss: 4.0779 - accuracy: 0.3750
Epoch 19/25

1/1 [==============================] - ETA: 0s - loss: 4.0402 - accuracy: 0.3750
1/1 [==============================] - 0s 2ms/step - loss: 4.0402 - accuracy: 0.3750
Epoch 20/25

1/1 [==============================] - ETA: 0s - loss: 4.0026 - accuracy: 0.3750
1/1 [==============================] - 0s 3ms/step - loss: 4.0026 - accuracy: 0.3750
Epoch 21/25

1/1 [==============================] - ETA: 0s - loss: 3.9651 - accuracy: 0.5000
1/1 [==============================] - 0s 3ms/step - loss: 3.9651 - accuracy: 0.5000
Epoch 22/25

1/1 [==============================] - ETA: 0s - loss: 3.9277 - accuracy: 0.6250
1/1 [==============================] - 0s 2ms/step - loss: 3.9277 - accuracy: 0.6250
Epoch 23/25

1/1 [==============================] - ETA: 0s - loss: 3.8904 - accuracy: 0.6250
1/1 [==============================] - 0s 3ms/step - loss: 3.8904 - accuracy: 0.6250
Epoch 24/25

1/1 [==============================] - ETA: 0s - loss: 3.8532 - accuracy: 0.6250
1/1 [==============================] - 0s 3ms/step - loss: 3.8532 - accuracy: 0.6250
Epoch 25/25

1/1 [==============================] - ETA: 0s - loss: 3.8161 - accuracy: 0.6250
1/1 [==============================] - 0s 3ms/step - loss: 3.8161 - accuracy: 0.6250
# predict: steps=12
# predict: tnodeembed_metrics
# predict: node2vec_metrics
tnodeembed: {'auc': 0.7326759186625156, 'f1_micro': 0.0, 'f1_macro': 0.0} tNodeEmbed_final_loss=3.641653537750244 tNodeEmbed_final_accuracy=1.0 
node2vec: {'auc': 0.7230065207265952, 'f1_micro': 0.0, 'f1_macro': 0.0} node2vec_final_loss=3.8161067962646484 node2vec_final_accuracy=0.625 
