# load graph
Processing Static file: filename='CollegeMsg_20041023.csv'
# initialize tNodeEmbed for dataset=COLLEGE_NC, test_size=0.2
# load dataset
# fit
# tNodeEmbed steps_per_epoch=1
Epoch 1/25

1/1 [==============================] - ETA: 0s - loss: 4.7124 - accuracy: 0.0625
1/1 [==============================] - 2s 2s/step - loss: 4.7124 - accuracy: 0.0625
Epoch 2/25

1/1 [==============================] - ETA: 0s - loss: 4.6788 - accuracy: 0.1250
1/1 [==============================] - 0s 6ms/step - loss: 4.6788 - accuracy: 0.1250
Epoch 3/25

1/1 [==============================] - ETA: 0s - loss: 4.6450 - accuracy: 0.1875
1/1 [==============================] - 0s 6ms/step - loss: 4.6450 - accuracy: 0.1875
Epoch 4/25

1/1 [==============================] - ETA: 0s - loss: 4.6109 - accuracy: 0.4375
1/1 [==============================] - 0s 6ms/step - loss: 4.6109 - accuracy: 0.4375
Epoch 5/25

1/1 [==============================] - ETA: 0s - loss: 4.5763 - accuracy: 0.6875
1/1 [==============================] - 0s 7ms/step - loss: 4.5763 - accuracy: 0.6875
Epoch 6/25

1/1 [==============================] - ETA: 0s - loss: 4.5411 - accuracy: 0.9375
1/1 [==============================] - 0s 6ms/step - loss: 4.5411 - accuracy: 0.9375
Epoch 7/25

1/1 [==============================] - ETA: 0s - loss: 4.5053 - accuracy: 0.9375
1/1 [==============================] - 0s 7ms/step - loss: 4.5053 - accuracy: 0.9375
Epoch 8/25

1/1 [==============================] - ETA: 0s - loss: 4.4686 - accuracy: 1.0000
1/1 [==============================] - 0s 7ms/step - loss: 4.4686 - accuracy: 1.0000
Epoch 9/25

1/1 [==============================] - ETA: 0s - loss: 4.4309 - accuracy: 1.0000
1/1 [==============================] - 0s 7ms/step - loss: 4.4309 - accuracy: 1.0000
Epoch 10/25

1/1 [==============================] - ETA: 0s - loss: 4.3922 - accuracy: 1.0000
1/1 [==============================] - 0s 5ms/step - loss: 4.3922 - accuracy: 1.0000
Epoch 11/25

1/1 [==============================] - ETA: 0s - loss: 4.3522 - accuracy: 1.0000
1/1 [==============================] - 0s 7ms/step - loss: 4.3522 - accuracy: 1.0000
Epoch 12/25

1/1 [==============================] - ETA: 0s - loss: 4.3109 - accuracy: 1.0000
1/1 [==============================] - 0s 7ms/step - loss: 4.3109 - accuracy: 1.0000
Epoch 13/25

1/1 [==============================] - ETA: 0s - loss: 4.2681 - accuracy: 1.0000
1/1 [==============================] - 0s 6ms/step - loss: 4.2681 - accuracy: 1.0000
Epoch 14/25

1/1 [==============================] - ETA: 0s - loss: 4.2238 - accuracy: 1.0000
1/1 [==============================] - 0s 6ms/step - loss: 4.2238 - accuracy: 1.0000
Epoch 15/25

1/1 [==============================] - ETA: 0s - loss: 4.1777 - accuracy: 1.0000
1/1 [==============================] - 0s 6ms/step - loss: 4.1777 - accuracy: 1.0000
Epoch 16/25

1/1 [==============================] - ETA: 0s - loss: 4.1299 - accuracy: 1.0000
1/1 [==============================] - 0s 6ms/step - loss: 4.1299 - accuracy: 1.0000
Epoch 17/25

1/1 [==============================] - ETA: 0s - loss: 4.0802 - accuracy: 1.0000
1/1 [==============================] - 0s 6ms/step - loss: 4.0802 - accuracy: 1.0000
Epoch 18/25

1/1 [==============================] - ETA: 0s - loss: 4.0286 - accuracy: 1.0000
1/1 [==============================] - 0s 6ms/step - loss: 4.0286 - accuracy: 1.0000
Epoch 19/25

1/1 [==============================] - ETA: 0s - loss: 3.9749 - accuracy: 1.0000
1/1 [==============================] - 0s 6ms/step - loss: 3.9749 - accuracy: 1.0000
Epoch 20/25

1/1 [==============================] - ETA: 0s - loss: 3.9190 - accuracy: 1.0000
1/1 [==============================] - 0s 6ms/step - loss: 3.9190 - accuracy: 1.0000
Epoch 21/25

1/1 [==============================] - ETA: 0s - loss: 3.8610 - accuracy: 1.0000
1/1 [==============================] - 0s 6ms/step - loss: 3.8610 - accuracy: 1.0000
Epoch 22/25

1/1 [==============================] - ETA: 0s - loss: 3.8007 - accuracy: 1.0000
1/1 [==============================] - 0s 6ms/step - loss: 3.8007 - accuracy: 1.0000
Epoch 23/25

1/1 [==============================] - ETA: 0s - loss: 3.7380 - accuracy: 1.0000
1/1 [==============================] - 0s 6ms/step - loss: 3.7380 - accuracy: 1.0000
Epoch 24/25

1/1 [==============================] - ETA: 0s - loss: 3.6730 - accuracy: 1.0000
1/1 [==============================] - 0s 6ms/step - loss: 3.6730 - accuracy: 1.0000
Epoch 25/25

1/1 [==============================] - ETA: 0s - loss: 3.6057 - accuracy: 1.0000
1/1 [==============================] - 0s 7ms/step - loss: 3.6057 - accuracy: 1.0000
# node2vec
Epoch 1/25

1/1 [==============================] - ETA: 0s - loss: 4.7061 - accuracy: 0.0000e+00
1/1 [==============================] - 0s 237ms/step - loss: 4.7061 - accuracy: 0.0000e+00
Epoch 2/25

1/1 [==============================] - ETA: 0s - loss: 4.6685 - accuracy: 0.0000e+00
1/1 [==============================] - 0s 4ms/step - loss: 4.6685 - accuracy: 0.0000e+00
Epoch 3/25

1/1 [==============================] - ETA: 0s - loss: 4.6310 - accuracy: 0.0000e+00
1/1 [==============================] - 0s 3ms/step - loss: 4.6310 - accuracy: 0.0000e+00
Epoch 4/25

1/1 [==============================] - ETA: 0s - loss: 4.5935 - accuracy: 0.0625
1/1 [==============================] - 0s 4ms/step - loss: 4.5935 - accuracy: 0.0625
Epoch 5/25

1/1 [==============================] - ETA: 0s - loss: 4.5561 - accuracy: 0.0625
1/1 [==============================] - 0s 3ms/step - loss: 4.5561 - accuracy: 0.0625
Epoch 6/25

1/1 [==============================] - ETA: 0s - loss: 4.5187 - accuracy: 0.0625
1/1 [==============================] - 0s 4ms/step - loss: 4.5187 - accuracy: 0.0625
Epoch 7/25

1/1 [==============================] - ETA: 0s - loss: 4.4814 - accuracy: 0.0625
1/1 [==============================] - 0s 2ms/step - loss: 4.4814 - accuracy: 0.0625
Epoch 8/25

1/1 [==============================] - ETA: 0s - loss: 4.4442 - accuracy: 0.0625
1/1 [==============================] - 0s 3ms/step - loss: 4.4442 - accuracy: 0.0625
Epoch 9/25

1/1 [==============================] - ETA: 0s - loss: 4.4070 - accuracy: 0.0625
1/1 [==============================] - 0s 3ms/step - loss: 4.4070 - accuracy: 0.0625
Epoch 10/25

1/1 [==============================] - ETA: 0s - loss: 4.3698 - accuracy: 0.0625
1/1 [==============================] - 0s 3ms/step - loss: 4.3698 - accuracy: 0.0625
Epoch 11/25

1/1 [==============================] - ETA: 0s - loss: 4.3328 - accuracy: 0.1250
1/1 [==============================] - 0s 3ms/step - loss: 4.3328 - accuracy: 0.1250
Epoch 12/25

1/1 [==============================] - ETA: 0s - loss: 4.2958 - accuracy: 0.1250
1/1 [==============================] - 0s 4ms/step - loss: 4.2958 - accuracy: 0.1250
Epoch 13/25

1/1 [==============================] - ETA: 0s - loss: 4.2589 - accuracy: 0.2500
1/1 [==============================] - 0s 3ms/step - loss: 4.2589 - accuracy: 0.2500
Epoch 14/25

1/1 [==============================] - ETA: 0s - loss: 4.2220 - accuracy: 0.3125
1/1 [==============================] - 0s 4ms/step - loss: 4.2220 - accuracy: 0.3125
Epoch 15/25

1/1 [==============================] - ETA: 0s - loss: 4.1852 - accuracy: 0.3125
1/1 [==============================] - 0s 3ms/step - loss: 4.1852 - accuracy: 0.3125
Epoch 16/25

1/1 [==============================] - ETA: 0s - loss: 4.1485 - accuracy: 0.3750
1/1 [==============================] - 0s 4ms/step - loss: 4.1485 - accuracy: 0.3750
Epoch 17/25

1/1 [==============================] - ETA: 0s - loss: 4.1119 - accuracy: 0.3750
1/1 [==============================] - 0s 3ms/step - loss: 4.1119 - accuracy: 0.3750
Epoch 18/25

1/1 [==============================] - ETA: 0s - loss: 4.0753 - accuracy: 0.3750
1/1 [==============================] - 0s 3ms/step - loss: 4.0753 - accuracy: 0.3750
Epoch 19/25

1/1 [==============================] - ETA: 0s - loss: 4.0389 - accuracy: 0.3750
1/1 [==============================] - 0s 3ms/step - loss: 4.0389 - accuracy: 0.3750
Epoch 20/25

1/1 [==============================] - ETA: 0s - loss: 4.0025 - accuracy: 0.5000
1/1 [==============================] - 0s 3ms/step - loss: 4.0025 - accuracy: 0.5000
Epoch 21/25

1/1 [==============================] - ETA: 0s - loss: 3.9662 - accuracy: 0.5625
1/1 [==============================] - 0s 4ms/step - loss: 3.9662 - accuracy: 0.5625
Epoch 22/25

1/1 [==============================] - ETA: 0s - loss: 3.9300 - accuracy: 0.5625
1/1 [==============================] - 0s 3ms/step - loss: 3.9300 - accuracy: 0.5625
Epoch 23/25

1/1 [==============================] - ETA: 0s - loss: 3.8939 - accuracy: 0.5625
1/1 [==============================] - 0s 4ms/step - loss: 3.8939 - accuracy: 0.5625
Epoch 24/25

1/1 [==============================] - ETA: 0s - loss: 3.8579 - accuracy: 0.5625
1/1 [==============================] - 0s 3ms/step - loss: 3.8579 - accuracy: 0.5625
Epoch 25/25

1/1 [==============================] - ETA: 0s - loss: 3.8220 - accuracy: 0.5625
1/1 [==============================] - 0s 3ms/step - loss: 3.8220 - accuracy: 0.5625
# predict: steps=12
# predict: tnodeembed_metrics
# predict: node2vec_metrics
tnodeembed: {'auc': 0.6166633981320324, 'f1_micro': 0.0, 'f1_macro': 0.0} tNodeEmbed_final_loss=3.6056671142578125 tNodeEmbed_final_accuracy=1.0 
node2vec: {'auc': 0.6373032137866791, 'f1_micro': 0.0, 'f1_macro': 0.0} node2vec_final_loss=3.821971893310547 node2vec_final_accuracy=0.5625 
