# load graph
Processing Static file: filename='CollegeMsg_20040905.csv'
# initialize tNodeEmbed for dataset=COLLEGE_NC, test_size=0.2
# load dataset
# fit
# tNodeEmbed steps_per_epoch=1
Epoch 1/25

1/1 [==============================] - ETA: 0s - loss: 4.7341 - accuracy: 0.0000e+00
1/1 [==============================] - 1s 1s/step - loss: 4.7341 - accuracy: 0.0000e+00
Epoch 2/25

1/1 [==============================] - ETA: 0s - loss: 4.7025 - accuracy: 0.0625
1/1 [==============================] - 0s 5ms/step - loss: 4.7025 - accuracy: 0.0625
Epoch 3/25

1/1 [==============================] - ETA: 0s - loss: 4.6706 - accuracy: 0.2500
1/1 [==============================] - 0s 5ms/step - loss: 4.6706 - accuracy: 0.2500
Epoch 4/25

1/1 [==============================] - ETA: 0s - loss: 4.6385 - accuracy: 0.5000
1/1 [==============================] - 0s 5ms/step - loss: 4.6385 - accuracy: 0.5000
Epoch 5/25

1/1 [==============================] - ETA: 0s - loss: 4.6061 - accuracy: 0.6250
1/1 [==============================] - 0s 5ms/step - loss: 4.6061 - accuracy: 0.6250
Epoch 6/25

1/1 [==============================] - ETA: 0s - loss: 4.5732 - accuracy: 0.8125
1/1 [==============================] - 0s 5ms/step - loss: 4.5732 - accuracy: 0.8125
Epoch 7/25

1/1 [==============================] - ETA: 0s - loss: 4.5396 - accuracy: 0.8750
1/1 [==============================] - 0s 6ms/step - loss: 4.5396 - accuracy: 0.8750
Epoch 8/25

1/1 [==============================] - ETA: 0s - loss: 4.5054 - accuracy: 0.8750
1/1 [==============================] - 0s 6ms/step - loss: 4.5054 - accuracy: 0.8750
Epoch 9/25

1/1 [==============================] - ETA: 0s - loss: 4.4704 - accuracy: 1.0000
1/1 [==============================] - 0s 5ms/step - loss: 4.4704 - accuracy: 1.0000
Epoch 10/25

1/1 [==============================] - ETA: 0s - loss: 4.4344 - accuracy: 1.0000
1/1 [==============================] - 0s 7ms/step - loss: 4.4344 - accuracy: 1.0000
Epoch 11/25

1/1 [==============================] - ETA: 0s - loss: 4.3974 - accuracy: 1.0000
1/1 [==============================] - 0s 9ms/step - loss: 4.3974 - accuracy: 1.0000
Epoch 12/25

1/1 [==============================] - ETA: 0s - loss: 4.3592 - accuracy: 0.9375
1/1 [==============================] - 0s 7ms/step - loss: 4.3592 - accuracy: 0.9375
Epoch 13/25

1/1 [==============================] - ETA: 0s - loss: 4.3197 - accuracy: 0.9375
1/1 [==============================] - 0s 8ms/step - loss: 4.3197 - accuracy: 0.9375
Epoch 14/25

1/1 [==============================] - ETA: 0s - loss: 4.2788 - accuracy: 0.9375
1/1 [==============================] - 0s 6ms/step - loss: 4.2788 - accuracy: 0.9375
Epoch 15/25

1/1 [==============================] - ETA: 0s - loss: 4.2365 - accuracy: 0.9375
1/1 [==============================] - 0s 6ms/step - loss: 4.2365 - accuracy: 0.9375
Epoch 16/25

1/1 [==============================] - ETA: 0s - loss: 4.1926 - accuracy: 0.9375
1/1 [==============================] - 0s 6ms/step - loss: 4.1926 - accuracy: 0.9375
Epoch 17/25

1/1 [==============================] - ETA: 0s - loss: 4.1471 - accuracy: 0.9375
1/1 [==============================] - 0s 5ms/step - loss: 4.1471 - accuracy: 0.9375
Epoch 18/25

1/1 [==============================] - ETA: 0s - loss: 4.0997 - accuracy: 0.9375
1/1 [==============================] - 0s 7ms/step - loss: 4.0997 - accuracy: 0.9375
Epoch 19/25

1/1 [==============================] - ETA: 0s - loss: 4.0506 - accuracy: 0.9375
1/1 [==============================] - 0s 6ms/step - loss: 4.0506 - accuracy: 0.9375
Epoch 20/25

1/1 [==============================] - ETA: 0s - loss: 3.9995 - accuracy: 0.9375
1/1 [==============================] - 0s 6ms/step - loss: 3.9995 - accuracy: 0.9375
Epoch 21/25

1/1 [==============================] - ETA: 0s - loss: 3.9464 - accuracy: 0.9375
1/1 [==============================] - 0s 6ms/step - loss: 3.9464 - accuracy: 0.9375
Epoch 22/25

1/1 [==============================] - ETA: 0s - loss: 3.8912 - accuracy: 0.9375
1/1 [==============================] - 0s 6ms/step - loss: 3.8912 - accuracy: 0.9375
Epoch 23/25

1/1 [==============================] - ETA: 0s - loss: 3.8340 - accuracy: 0.9375
1/1 [==============================] - 0s 7ms/step - loss: 3.8340 - accuracy: 0.9375
Epoch 24/25

1/1 [==============================] - ETA: 0s - loss: 3.7745 - accuracy: 0.9375
1/1 [==============================] - 0s 6ms/step - loss: 3.7745 - accuracy: 0.9375
Epoch 25/25

1/1 [==============================] - ETA: 0s - loss: 3.7128 - accuracy: 0.9375
1/1 [==============================] - 0s 5ms/step - loss: 3.7128 - accuracy: 0.9375
# node2vec
Epoch 1/25

1/1 [==============================] - ETA: 0s - loss: 4.9023 - accuracy: 0.0000e+00
1/1 [==============================] - 0s 224ms/step - loss: 4.9023 - accuracy: 0.0000e+00
Epoch 2/25

1/1 [==============================] - ETA: 0s - loss: 4.8649 - accuracy: 0.0000e+00
1/1 [==============================] - 0s 3ms/step - loss: 4.8649 - accuracy: 0.0000e+00
Epoch 3/25

1/1 [==============================] - ETA: 0s - loss: 4.8276 - accuracy: 0.0000e+00
1/1 [==============================] - 0s 3ms/step - loss: 4.8276 - accuracy: 0.0000e+00
Epoch 4/25

1/1 [==============================] - ETA: 0s - loss: 4.7903 - accuracy: 0.0625
1/1 [==============================] - 0s 3ms/step - loss: 4.7903 - accuracy: 0.0625
Epoch 5/25

1/1 [==============================] - ETA: 0s - loss: 4.7530 - accuracy: 0.0625
1/1 [==============================] - 0s 4ms/step - loss: 4.7530 - accuracy: 0.0625
Epoch 6/25

1/1 [==============================] - ETA: 0s - loss: 4.7158 - accuracy: 0.0000e+00
1/1 [==============================] - 0s 4ms/step - loss: 4.7158 - accuracy: 0.0000e+00
Epoch 7/25

1/1 [==============================] - ETA: 0s - loss: 4.6787 - accuracy: 0.0000e+00
1/1 [==============================] - 0s 3ms/step - loss: 4.6787 - accuracy: 0.0000e+00
Epoch 8/25

1/1 [==============================] - ETA: 0s - loss: 4.6416 - accuracy: 0.0000e+00
1/1 [==============================] - 0s 4ms/step - loss: 4.6416 - accuracy: 0.0000e+00
Epoch 9/25

1/1 [==============================] - ETA: 0s - loss: 4.6045 - accuracy: 0.0000e+00
1/1 [==============================] - 0s 3ms/step - loss: 4.6045 - accuracy: 0.0000e+00
Epoch 10/25

1/1 [==============================] - ETA: 0s - loss: 4.5675 - accuracy: 0.0000e+00
1/1 [==============================] - 0s 3ms/step - loss: 4.5675 - accuracy: 0.0000e+00
Epoch 11/25

1/1 [==============================] - ETA: 0s - loss: 4.5306 - accuracy: 0.1250
1/1 [==============================] - 0s 3ms/step - loss: 4.5306 - accuracy: 0.1250
Epoch 12/25

1/1 [==============================] - ETA: 0s - loss: 4.4937 - accuracy: 0.1250
1/1 [==============================] - 0s 4ms/step - loss: 4.4937 - accuracy: 0.1250
Epoch 13/25

1/1 [==============================] - ETA: 0s - loss: 4.4569 - accuracy: 0.1250
1/1 [==============================] - 0s 3ms/step - loss: 4.4569 - accuracy: 0.1250
Epoch 14/25

1/1 [==============================] - ETA: 0s - loss: 4.4202 - accuracy: 0.1250
1/1 [==============================] - 0s 3ms/step - loss: 4.4202 - accuracy: 0.1250
Epoch 15/25

1/1 [==============================] - ETA: 0s - loss: 4.3835 - accuracy: 0.1250
1/1 [==============================] - 0s 5ms/step - loss: 4.3835 - accuracy: 0.1250
Epoch 16/25

1/1 [==============================] - ETA: 0s - loss: 4.3469 - accuracy: 0.1875
1/1 [==============================] - 0s 4ms/step - loss: 4.3469 - accuracy: 0.1875
Epoch 17/25

1/1 [==============================] - ETA: 0s - loss: 4.3104 - accuracy: 0.1875
1/1 [==============================] - 0s 4ms/step - loss: 4.3104 - accuracy: 0.1875
Epoch 18/25

1/1 [==============================] - ETA: 0s - loss: 4.2739 - accuracy: 0.1875
1/1 [==============================] - 0s 4ms/step - loss: 4.2739 - accuracy: 0.1875
Epoch 19/25

1/1 [==============================] - ETA: 0s - loss: 4.2376 - accuracy: 0.1875
1/1 [==============================] - 0s 3ms/step - loss: 4.2376 - accuracy: 0.1875
Epoch 20/25

1/1 [==============================] - ETA: 0s - loss: 4.2013 - accuracy: 0.2500
1/1 [==============================] - 0s 4ms/step - loss: 4.2013 - accuracy: 0.2500
Epoch 21/25

1/1 [==============================] - ETA: 0s - loss: 4.1651 - accuracy: 0.2500
1/1 [==============================] - 0s 4ms/step - loss: 4.1651 - accuracy: 0.2500
Epoch 22/25

1/1 [==============================] - ETA: 0s - loss: 4.1289 - accuracy: 0.2500
1/1 [==============================] - 0s 4ms/step - loss: 4.1289 - accuracy: 0.2500
Epoch 23/25

1/1 [==============================] - ETA: 0s - loss: 4.0929 - accuracy: 0.2500
1/1 [==============================] - 0s 3ms/step - loss: 4.0929 - accuracy: 0.2500
Epoch 24/25

1/1 [==============================] - ETA: 0s - loss: 4.0570 - accuracy: 0.2500
1/1 [==============================] - 0s 3ms/step - loss: 4.0570 - accuracy: 0.2500
Epoch 25/25

1/1 [==============================] - ETA: 0s - loss: 4.0211 - accuracy: 0.2500
1/1 [==============================] - 0s 3ms/step - loss: 4.0211 - accuracy: 0.2500
# predict: steps=12
# predict: tnodeembed_metrics
# predict: node2vec_metrics
tnodeembed: {'auc': 0.6846801841002133, 'f1_micro': 0.0, 'f1_macro': 0.0} tNodeEmbed_final_loss=3.712829351425171 tNodeEmbed_final_accuracy=0.9375 
node2vec: {'auc': 0.646447582918638, 'f1_micro': 0.0, 'f1_macro': 0.0} node2vec_final_loss=4.021102428436279 node2vec_final_accuracy=0.25 
