# load graph
Processing Static file: filename='CollegeMsg_20040820.csv'
# initialize tNodeEmbed for dataset=COLLEGE_NC, test_size=0.2
# load dataset
# fit
# tNodeEmbed steps_per_epoch=1
Epoch 1/25

1/1 [==============================] - ETA: 0s - loss: 4.7235 - accuracy: 0.0625
1/1 [==============================] - 1s 1s/step - loss: 4.7235 - accuracy: 0.0625
Epoch 2/25

1/1 [==============================] - ETA: 0s - loss: 4.6925 - accuracy: 0.0000e+00
1/1 [==============================] - 0s 7ms/step - loss: 4.6925 - accuracy: 0.0000e+00
Epoch 3/25

1/1 [==============================] - ETA: 0s - loss: 4.6614 - accuracy: 0.1875
1/1 [==============================] - 0s 7ms/step - loss: 4.6614 - accuracy: 0.1875
Epoch 4/25

1/1 [==============================] - ETA: 0s - loss: 4.6301 - accuracy: 0.3125
1/1 [==============================] - 0s 7ms/step - loss: 4.6301 - accuracy: 0.3125
Epoch 5/25

1/1 [==============================] - ETA: 0s - loss: 4.5985 - accuracy: 0.8125
1/1 [==============================] - 0s 7ms/step - loss: 4.5985 - accuracy: 0.8125
Epoch 6/25

1/1 [==============================] - ETA: 0s - loss: 4.5665 - accuracy: 0.8750
1/1 [==============================] - 0s 7ms/step - loss: 4.5665 - accuracy: 0.8750
Epoch 7/25

1/1 [==============================] - ETA: 0s - loss: 4.5339 - accuracy: 0.8750
1/1 [==============================] - 0s 6ms/step - loss: 4.5339 - accuracy: 0.8750
Epoch 8/25

1/1 [==============================] - ETA: 0s - loss: 4.5005 - accuracy: 1.0000
1/1 [==============================] - 0s 5ms/step - loss: 4.5005 - accuracy: 1.0000
Epoch 9/25

1/1 [==============================] - ETA: 0s - loss: 4.4663 - accuracy: 1.0000
1/1 [==============================] - 0s 6ms/step - loss: 4.4663 - accuracy: 1.0000
Epoch 10/25

1/1 [==============================] - ETA: 0s - loss: 4.4312 - accuracy: 1.0000
1/1 [==============================] - 0s 5ms/step - loss: 4.4312 - accuracy: 1.0000
Epoch 11/25

1/1 [==============================] - ETA: 0s - loss: 4.3949 - accuracy: 1.0000
1/1 [==============================] - 0s 5ms/step - loss: 4.3949 - accuracy: 1.0000
Epoch 12/25

1/1 [==============================] - ETA: 0s - loss: 4.3574 - accuracy: 1.0000
1/1 [==============================] - 0s 5ms/step - loss: 4.3574 - accuracy: 1.0000
Epoch 13/25

1/1 [==============================] - ETA: 0s - loss: 4.3185 - accuracy: 1.0000
1/1 [==============================] - 0s 6ms/step - loss: 4.3185 - accuracy: 1.0000
Epoch 14/25

1/1 [==============================] - ETA: 0s - loss: 4.2783 - accuracy: 1.0000
1/1 [==============================] - 0s 6ms/step - loss: 4.2783 - accuracy: 1.0000
Epoch 15/25

1/1 [==============================] - ETA: 0s - loss: 4.2364 - accuracy: 1.0000
1/1 [==============================] - 0s 6ms/step - loss: 4.2364 - accuracy: 1.0000
Epoch 16/25

1/1 [==============================] - ETA: 0s - loss: 4.1930 - accuracy: 1.0000
1/1 [==============================] - 0s 5ms/step - loss: 4.1930 - accuracy: 1.0000
Epoch 17/25

1/1 [==============================] - ETA: 0s - loss: 4.1478 - accuracy: 1.0000
1/1 [==============================] - 0s 5ms/step - loss: 4.1478 - accuracy: 1.0000
Epoch 18/25

1/1 [==============================] - ETA: 0s - loss: 4.1009 - accuracy: 1.0000
1/1 [==============================] - 0s 4ms/step - loss: 4.1009 - accuracy: 1.0000
Epoch 19/25

1/1 [==============================] - ETA: 0s - loss: 4.0520 - accuracy: 1.0000
1/1 [==============================] - 0s 5ms/step - loss: 4.0520 - accuracy: 1.0000
Epoch 20/25

1/1 [==============================] - ETA: 0s - loss: 4.0012 - accuracy: 1.0000
1/1 [==============================] - 0s 4ms/step - loss: 4.0012 - accuracy: 1.0000
Epoch 21/25

1/1 [==============================] - ETA: 0s - loss: 3.9484 - accuracy: 1.0000
1/1 [==============================] - 0s 5ms/step - loss: 3.9484 - accuracy: 1.0000
Epoch 22/25

1/1 [==============================] - ETA: 0s - loss: 3.8935 - accuracy: 0.9375
1/1 [==============================] - 0s 4ms/step - loss: 3.8935 - accuracy: 0.9375
Epoch 23/25

1/1 [==============================] - ETA: 0s - loss: 3.8364 - accuracy: 0.9375
1/1 [==============================] - 0s 5ms/step - loss: 3.8364 - accuracy: 0.9375
Epoch 24/25

1/1 [==============================] - ETA: 0s - loss: 3.7772 - accuracy: 0.9375
1/1 [==============================] - 0s 4ms/step - loss: 3.7772 - accuracy: 0.9375
Epoch 25/25

1/1 [==============================] - ETA: 0s - loss: 3.7158 - accuracy: 0.9375
1/1 [==============================] - 0s 5ms/step - loss: 3.7158 - accuracy: 0.9375
# node2vec
Epoch 1/25

1/1 [==============================] - ETA: 0s - loss: 4.7584 - accuracy: 0.0625
1/1 [==============================] - 0s 203ms/step - loss: 4.7584 - accuracy: 0.0625
Epoch 2/25

1/1 [==============================] - ETA: 0s - loss: 4.7219 - accuracy: 0.0625
1/1 [==============================] - 0s 2ms/step - loss: 4.7219 - accuracy: 0.0625
Epoch 3/25

1/1 [==============================] - ETA: 0s - loss: 4.6856 - accuracy: 0.0625
1/1 [==============================] - 0s 3ms/step - loss: 4.6856 - accuracy: 0.0625
Epoch 4/25

1/1 [==============================] - ETA: 0s - loss: 4.6493 - accuracy: 0.1250
1/1 [==============================] - 0s 2ms/step - loss: 4.6493 - accuracy: 0.1250
Epoch 5/25

1/1 [==============================] - ETA: 0s - loss: 4.6130 - accuracy: 0.1250
1/1 [==============================] - 0s 3ms/step - loss: 4.6130 - accuracy: 0.1250
Epoch 6/25

1/1 [==============================] - ETA: 0s - loss: 4.5768 - accuracy: 0.1875
1/1 [==============================] - 0s 2ms/step - loss: 4.5768 - accuracy: 0.1875
Epoch 7/25

1/1 [==============================] - ETA: 0s - loss: 4.5406 - accuracy: 0.1875
1/1 [==============================] - 0s 3ms/step - loss: 4.5406 - accuracy: 0.1875
Epoch 8/25

1/1 [==============================] - ETA: 0s - loss: 4.5045 - accuracy: 0.2500
1/1 [==============================] - 0s 3ms/step - loss: 4.5045 - accuracy: 0.2500
Epoch 9/25

1/1 [==============================] - ETA: 0s - loss: 4.4684 - accuracy: 0.2500
1/1 [==============================] - 0s 3ms/step - loss: 4.4684 - accuracy: 0.2500
Epoch 10/25

1/1 [==============================] - ETA: 0s - loss: 4.4325 - accuracy: 0.2500
1/1 [==============================] - 0s 3ms/step - loss: 4.4325 - accuracy: 0.2500
Epoch 11/25

1/1 [==============================] - ETA: 0s - loss: 4.3966 - accuracy: 0.2500
1/1 [==============================] - 0s 3ms/step - loss: 4.3966 - accuracy: 0.2500
Epoch 12/25

1/1 [==============================] - ETA: 0s - loss: 4.3607 - accuracy: 0.2500
1/1 [==============================] - 0s 2ms/step - loss: 4.3607 - accuracy: 0.2500
Epoch 13/25

1/1 [==============================] - ETA: 0s - loss: 4.3249 - accuracy: 0.2500
1/1 [==============================] - 0s 3ms/step - loss: 4.3249 - accuracy: 0.2500
Epoch 14/25

1/1 [==============================] - ETA: 0s - loss: 4.2892 - accuracy: 0.2500
1/1 [==============================] - 0s 3ms/step - loss: 4.2892 - accuracy: 0.2500
Epoch 15/25

1/1 [==============================] - ETA: 0s - loss: 4.2536 - accuracy: 0.3125
1/1 [==============================] - 0s 3ms/step - loss: 4.2536 - accuracy: 0.3125
Epoch 16/25

1/1 [==============================] - ETA: 0s - loss: 4.2180 - accuracy: 0.3750
1/1 [==============================] - 0s 2ms/step - loss: 4.2180 - accuracy: 0.3750
Epoch 17/25

1/1 [==============================] - ETA: 0s - loss: 4.1826 - accuracy: 0.3750
1/1 [==============================] - 0s 3ms/step - loss: 4.1826 - accuracy: 0.3750
Epoch 18/25

1/1 [==============================] - ETA: 0s - loss: 4.1472 - accuracy: 0.4375
1/1 [==============================] - 0s 2ms/step - loss: 4.1472 - accuracy: 0.4375
Epoch 19/25

1/1 [==============================] - ETA: 0s - loss: 4.1119 - accuracy: 0.5000
1/1 [==============================] - 0s 2ms/step - loss: 4.1119 - accuracy: 0.5000
Epoch 20/25

1/1 [==============================] - ETA: 0s - loss: 4.0766 - accuracy: 0.5000
1/1 [==============================] - 0s 2ms/step - loss: 4.0766 - accuracy: 0.5000
Epoch 21/25

1/1 [==============================] - ETA: 0s - loss: 4.0415 - accuracy: 0.5000
1/1 [==============================] - 0s 3ms/step - loss: 4.0415 - accuracy: 0.5000
Epoch 22/25

1/1 [==============================] - ETA: 0s - loss: 4.0065 - accuracy: 0.5000
1/1 [==============================] - 0s 2ms/step - loss: 4.0065 - accuracy: 0.5000
Epoch 23/25

1/1 [==============================] - ETA: 0s - loss: 3.9715 - accuracy: 0.5000
1/1 [==============================] - 0s 3ms/step - loss: 3.9715 - accuracy: 0.5000
Epoch 24/25

1/1 [==============================] - ETA: 0s - loss: 3.9366 - accuracy: 0.5000
1/1 [==============================] - 0s 2ms/step - loss: 3.9366 - accuracy: 0.5000
Epoch 25/25

1/1 [==============================] - ETA: 0s - loss: 3.9019 - accuracy: 0.5625
1/1 [==============================] - 0s 2ms/step - loss: 3.9019 - accuracy: 0.5625
# predict: steps=12
# predict: tnodeembed_metrics
# predict: node2vec_metrics
tnodeembed: {'auc': 0.5786334971686319, 'f1_micro': 0.0, 'f1_macro': 0.0} tNodeEmbed_final_loss=3.7158236503601074 tNodeEmbed_final_accuracy=0.9375 
node2vec: {'auc': 0.5849102480817787, 'f1_micro': 0.0, 'f1_macro': 0.0} node2vec_final_loss=3.901884078979492 node2vec_final_accuracy=0.5625 
