# load graph
Processing Static file: filename='CollegeMsg_20041015.csv'
# initialize tNodeEmbed for dataset=COLLEGE_NC, test_size=0.2
# load dataset
# fit
# tNodeEmbed steps_per_epoch=1
Epoch 1/25

1/1 [==============================] - ETA: 0s - loss: 4.7463 - accuracy: 0.0000e+00
1/1 [==============================] - 2s 2s/step - loss: 4.7463 - accuracy: 0.0000e+00
Epoch 2/25

1/1 [==============================] - ETA: 0s - loss: 4.7057 - accuracy: 0.0000e+00
1/1 [==============================] - 0s 7ms/step - loss: 4.7057 - accuracy: 0.0000e+00
Epoch 3/25

1/1 [==============================] - ETA: 0s - loss: 4.6651 - accuracy: 0.1875
1/1 [==============================] - 0s 8ms/step - loss: 4.6651 - accuracy: 0.1875
Epoch 4/25

1/1 [==============================] - ETA: 0s - loss: 4.6243 - accuracy: 0.4375
1/1 [==============================] - 0s 6ms/step - loss: 4.6243 - accuracy: 0.4375
Epoch 5/25

1/1 [==============================] - ETA: 0s - loss: 4.5830 - accuracy: 0.5625
1/1 [==============================] - 0s 7ms/step - loss: 4.5830 - accuracy: 0.5625
Epoch 6/25

1/1 [==============================] - ETA: 0s - loss: 4.5412 - accuracy: 0.6875
1/1 [==============================] - 0s 7ms/step - loss: 4.5412 - accuracy: 0.6875
Epoch 7/25

1/1 [==============================] - ETA: 0s - loss: 4.4984 - accuracy: 0.6875
1/1 [==============================] - 0s 7ms/step - loss: 4.4984 - accuracy: 0.6875
Epoch 8/25

1/1 [==============================] - ETA: 0s - loss: 4.4546 - accuracy: 0.8125
1/1 [==============================] - 0s 8ms/step - loss: 4.4546 - accuracy: 0.8125
Epoch 9/25

1/1 [==============================] - ETA: 0s - loss: 4.4096 - accuracy: 0.8750
1/1 [==============================] - 0s 7ms/step - loss: 4.4096 - accuracy: 0.8750
Epoch 10/25

1/1 [==============================] - ETA: 0s - loss: 4.3632 - accuracy: 0.8750
1/1 [==============================] - 0s 8ms/step - loss: 4.3632 - accuracy: 0.8750
Epoch 11/25

1/1 [==============================] - ETA: 0s - loss: 4.3152 - accuracy: 0.8750
1/1 [==============================] - 0s 10ms/step - loss: 4.3152 - accuracy: 0.8750
Epoch 12/25

1/1 [==============================] - ETA: 0s - loss: 4.2656 - accuracy: 0.8750
1/1 [==============================] - 0s 8ms/step - loss: 4.2656 - accuracy: 0.8750
Epoch 13/25

1/1 [==============================] - ETA: 0s - loss: 4.2143 - accuracy: 0.8750
1/1 [==============================] - 0s 10ms/step - loss: 4.2143 - accuracy: 0.8750
Epoch 14/25

1/1 [==============================] - ETA: 0s - loss: 4.1612 - accuracy: 0.8750
1/1 [==============================] - 0s 9ms/step - loss: 4.1612 - accuracy: 0.8750
Epoch 15/25

1/1 [==============================] - ETA: 0s - loss: 4.1064 - accuracy: 0.8750
1/1 [==============================] - 0s 8ms/step - loss: 4.1064 - accuracy: 0.8750
Epoch 16/25

1/1 [==============================] - ETA: 0s - loss: 4.0497 - accuracy: 0.8750
1/1 [==============================] - 0s 8ms/step - loss: 4.0497 - accuracy: 0.8750
Epoch 17/25

1/1 [==============================] - ETA: 0s - loss: 3.9913 - accuracy: 0.8750
1/1 [==============================] - 0s 8ms/step - loss: 3.9913 - accuracy: 0.8750
Epoch 18/25

1/1 [==============================] - ETA: 0s - loss: 3.9312 - accuracy: 0.8750
1/1 [==============================] - 0s 8ms/step - loss: 3.9312 - accuracy: 0.8750
Epoch 19/25

1/1 [==============================] - ETA: 0s - loss: 3.8694 - accuracy: 0.8750
1/1 [==============================] - 0s 9ms/step - loss: 3.8694 - accuracy: 0.8750
Epoch 20/25

1/1 [==============================] - ETA: 0s - loss: 3.8060 - accuracy: 0.8750
1/1 [==============================] - 0s 8ms/step - loss: 3.8060 - accuracy: 0.8750
Epoch 21/25

1/1 [==============================] - ETA: 0s - loss: 3.7412 - accuracy: 0.8750
1/1 [==============================] - 0s 8ms/step - loss: 3.7412 - accuracy: 0.8750
Epoch 22/25

1/1 [==============================] - ETA: 0s - loss: 3.6749 - accuracy: 0.9375
1/1 [==============================] - 0s 8ms/step - loss: 3.6749 - accuracy: 0.9375
Epoch 23/25

1/1 [==============================] - ETA: 0s - loss: 3.6074 - accuracy: 0.9375
1/1 [==============================] - 0s 7ms/step - loss: 3.6074 - accuracy: 0.9375
Epoch 24/25

1/1 [==============================] - ETA: 0s - loss: 3.5385 - accuracy: 0.9375
1/1 [==============================] - 0s 9ms/step - loss: 3.5385 - accuracy: 0.9375
Epoch 25/25

1/1 [==============================] - ETA: 0s - loss: 3.4684 - accuracy: 0.9375
1/1 [==============================] - 0s 8ms/step - loss: 3.4684 - accuracy: 0.9375
# node2vec
Epoch 1/25

1/1 [==============================] - ETA: 0s - loss: 4.7769 - accuracy: 0.0000e+00
1/1 [==============================] - 0s 196ms/step - loss: 4.7769 - accuracy: 0.0000e+00
Epoch 2/25

1/1 [==============================] - ETA: 0s - loss: 4.7341 - accuracy: 0.0625
1/1 [==============================] - 0s 2ms/step - loss: 4.7341 - accuracy: 0.0625
Epoch 3/25

1/1 [==============================] - ETA: 0s - loss: 4.6914 - accuracy: 0.0625
1/1 [==============================] - 0s 3ms/step - loss: 4.6914 - accuracy: 0.0625
Epoch 4/25

1/1 [==============================] - ETA: 0s - loss: 4.6488 - accuracy: 0.0625
1/1 [==============================] - 0s 2ms/step - loss: 4.6488 - accuracy: 0.0625
Epoch 5/25

1/1 [==============================] - ETA: 0s - loss: 4.6062 - accuracy: 0.0625
1/1 [==============================] - 0s 3ms/step - loss: 4.6062 - accuracy: 0.0625
Epoch 6/25

1/1 [==============================] - ETA: 0s - loss: 4.5637 - accuracy: 0.0625
1/1 [==============================] - 0s 3ms/step - loss: 4.5637 - accuracy: 0.0625
Epoch 7/25

1/1 [==============================] - ETA: 0s - loss: 4.5213 - accuracy: 0.0625
1/1 [==============================] - 0s 3ms/step - loss: 4.5213 - accuracy: 0.0625
Epoch 8/25

1/1 [==============================] - ETA: 0s - loss: 4.4790 - accuracy: 0.0625
1/1 [==============================] - 0s 3ms/step - loss: 4.4790 - accuracy: 0.0625
Epoch 9/25

1/1 [==============================] - ETA: 0s - loss: 4.4368 - accuracy: 0.0625
1/1 [==============================] - 0s 3ms/step - loss: 4.4368 - accuracy: 0.0625
Epoch 10/25

1/1 [==============================] - ETA: 0s - loss: 4.3946 - accuracy: 0.1250
1/1 [==============================] - 0s 3ms/step - loss: 4.3946 - accuracy: 0.1250
Epoch 11/25

1/1 [==============================] - ETA: 0s - loss: 4.3526 - accuracy: 0.1250
1/1 [==============================] - 0s 3ms/step - loss: 4.3526 - accuracy: 0.1250
Epoch 12/25

1/1 [==============================] - ETA: 0s - loss: 4.3107 - accuracy: 0.1250
1/1 [==============================] - 0s 3ms/step - loss: 4.3107 - accuracy: 0.1250
Epoch 13/25

1/1 [==============================] - ETA: 0s - loss: 4.2688 - accuracy: 0.1875
1/1 [==============================] - 0s 3ms/step - loss: 4.2688 - accuracy: 0.1875
Epoch 14/25

1/1 [==============================] - ETA: 0s - loss: 4.2271 - accuracy: 0.3750
1/1 [==============================] - 0s 3ms/step - loss: 4.2271 - accuracy: 0.3750
Epoch 15/25

1/1 [==============================] - ETA: 0s - loss: 4.1855 - accuracy: 0.3750
1/1 [==============================] - 0s 2ms/step - loss: 4.1855 - accuracy: 0.3750
Epoch 16/25

1/1 [==============================] - ETA: 0s - loss: 4.1440 - accuracy: 0.3750
1/1 [==============================] - 0s 2ms/step - loss: 4.1440 - accuracy: 0.3750
Epoch 17/25

1/1 [==============================] - ETA: 0s - loss: 4.1026 - accuracy: 0.4375
1/1 [==============================] - 0s 3ms/step - loss: 4.1026 - accuracy: 0.4375
Epoch 18/25

1/1 [==============================] - ETA: 0s - loss: 4.0614 - accuracy: 0.5625
1/1 [==============================] - 0s 3ms/step - loss: 4.0614 - accuracy: 0.5625
Epoch 19/25

1/1 [==============================] - ETA: 0s - loss: 4.0203 - accuracy: 0.6250
1/1 [==============================] - 0s 3ms/step - loss: 4.0203 - accuracy: 0.6250
Epoch 20/25

1/1 [==============================] - ETA: 0s - loss: 3.9793 - accuracy: 0.6250
1/1 [==============================] - 0s 4ms/step - loss: 3.9793 - accuracy: 0.6250
Epoch 21/25

1/1 [==============================] - ETA: 0s - loss: 3.9384 - accuracy: 0.6250
1/1 [==============================] - 0s 5ms/step - loss: 3.9384 - accuracy: 0.6250
Epoch 22/25

1/1 [==============================] - ETA: 0s - loss: 3.8978 - accuracy: 0.6250
1/1 [==============================] - 0s 5ms/step - loss: 3.8978 - accuracy: 0.6250
Epoch 23/25

1/1 [==============================] - ETA: 0s - loss: 3.8572 - accuracy: 0.6875
1/1 [==============================] - 0s 3ms/step - loss: 3.8572 - accuracy: 0.6875
Epoch 24/25

1/1 [==============================] - ETA: 0s - loss: 3.8168 - accuracy: 0.6875
1/1 [==============================] - 0s 4ms/step - loss: 3.8168 - accuracy: 0.6875
Epoch 25/25

1/1 [==============================] - ETA: 0s - loss: 3.7766 - accuracy: 0.6875
1/1 [==============================] - 0s 4ms/step - loss: 3.7766 - accuracy: 0.6875
# predict: steps=12
# predict: tnodeembed_metrics
# predict: node2vec_metrics
tnodeembed: {'auc': 0.722814851812811, 'f1_micro': 0.0, 'f1_macro': 0.0} tNodeEmbed_final_loss=3.468413829803467 tNodeEmbed_final_accuracy=0.9375 
node2vec: {'auc': 0.6526470840585394, 'f1_micro': 0.0, 'f1_macro': 0.0} node2vec_final_loss=3.776577949523926 node2vec_final_accuracy=0.6875 
