# load graph
Processing Static file: filename='CollegeMsg_20040610.csv'
# initialize tNodeEmbed for dataset=COLLEGE_NC, test_size=0.2
# load dataset
# fit
# tNodeEmbed steps_per_epoch=1
Epoch 1/25

1/1 [==============================] - ETA: 0s - loss: 4.7486 - accuracy: 0.0625
1/1 [==============================] - 1s 1s/step - loss: 4.7486 - accuracy: 0.0625
Epoch 2/25

1/1 [==============================] - ETA: 0s - loss: 4.7153 - accuracy: 0.0625
1/1 [==============================] - 0s 4ms/step - loss: 4.7153 - accuracy: 0.0625
Epoch 3/25

1/1 [==============================] - ETA: 0s - loss: 4.6820 - accuracy: 0.1250
1/1 [==============================] - 0s 4ms/step - loss: 4.6820 - accuracy: 0.1250
Epoch 4/25

1/1 [==============================] - ETA: 0s - loss: 4.6487 - accuracy: 0.1875
1/1 [==============================] - 0s 3ms/step - loss: 4.6487 - accuracy: 0.1875
Epoch 5/25

1/1 [==============================] - ETA: 0s - loss: 4.6150 - accuracy: 0.5000
1/1 [==============================] - 0s 4ms/step - loss: 4.6150 - accuracy: 0.5000
Epoch 6/25

1/1 [==============================] - ETA: 0s - loss: 4.5811 - accuracy: 0.6875
1/1 [==============================] - 0s 4ms/step - loss: 4.5811 - accuracy: 0.6875
Epoch 7/25

1/1 [==============================] - ETA: 0s - loss: 4.5466 - accuracy: 0.7500
1/1 [==============================] - 0s 4ms/step - loss: 4.5466 - accuracy: 0.7500
Epoch 8/25

1/1 [==============================] - ETA: 0s - loss: 4.5114 - accuracy: 0.8125
1/1 [==============================] - 0s 4ms/step - loss: 4.5114 - accuracy: 0.8125
Epoch 9/25

1/1 [==============================] - ETA: 0s - loss: 4.4753 - accuracy: 0.8125
1/1 [==============================] - 0s 4ms/step - loss: 4.4753 - accuracy: 0.8125
Epoch 10/25

1/1 [==============================] - ETA: 0s - loss: 4.4383 - accuracy: 0.8750
1/1 [==============================] - 0s 4ms/step - loss: 4.4383 - accuracy: 0.8750
Epoch 11/25

1/1 [==============================] - ETA: 0s - loss: 4.4002 - accuracy: 0.8750
1/1 [==============================] - 0s 3ms/step - loss: 4.4002 - accuracy: 0.8750
Epoch 12/25

1/1 [==============================] - ETA: 0s - loss: 4.3609 - accuracy: 0.8750
1/1 [==============================] - 0s 3ms/step - loss: 4.3609 - accuracy: 0.8750
Epoch 13/25

1/1 [==============================] - ETA: 0s - loss: 4.3201 - accuracy: 0.8750
1/1 [==============================] - 0s 3ms/step - loss: 4.3201 - accuracy: 0.8750
Epoch 14/25

1/1 [==============================] - ETA: 0s - loss: 4.2778 - accuracy: 0.9375
1/1 [==============================] - 0s 3ms/step - loss: 4.2778 - accuracy: 0.9375
Epoch 15/25

1/1 [==============================] - ETA: 0s - loss: 4.2339 - accuracy: 0.9375
1/1 [==============================] - 0s 4ms/step - loss: 4.2339 - accuracy: 0.9375
Epoch 16/25

1/1 [==============================] - ETA: 0s - loss: 4.1882 - accuracy: 0.9375
1/1 [==============================] - 0s 4ms/step - loss: 4.1882 - accuracy: 0.9375
Epoch 17/25

1/1 [==============================] - ETA: 0s - loss: 4.1406 - accuracy: 0.9375
1/1 [==============================] - 0s 5ms/step - loss: 4.1406 - accuracy: 0.9375
Epoch 18/25

1/1 [==============================] - ETA: 0s - loss: 4.0911 - accuracy: 0.9375
1/1 [==============================] - 0s 3ms/step - loss: 4.0911 - accuracy: 0.9375
Epoch 19/25

1/1 [==============================] - ETA: 0s - loss: 4.0395 - accuracy: 0.9375
1/1 [==============================] - 0s 4ms/step - loss: 4.0395 - accuracy: 0.9375
Epoch 20/25

1/1 [==============================] - ETA: 0s - loss: 3.9858 - accuracy: 0.9375
1/1 [==============================] - 0s 4ms/step - loss: 3.9858 - accuracy: 0.9375
Epoch 21/25

1/1 [==============================] - ETA: 0s - loss: 3.9297 - accuracy: 0.9375
1/1 [==============================] - 0s 4ms/step - loss: 3.9297 - accuracy: 0.9375
Epoch 22/25

1/1 [==============================] - ETA: 0s - loss: 3.8714 - accuracy: 0.9375
1/1 [==============================] - 0s 4ms/step - loss: 3.8714 - accuracy: 0.9375
Epoch 23/25

1/1 [==============================] - ETA: 0s - loss: 3.8107 - accuracy: 0.9375
1/1 [==============================] - 0s 3ms/step - loss: 3.8107 - accuracy: 0.9375
Epoch 24/25

1/1 [==============================] - ETA: 0s - loss: 3.7476 - accuracy: 0.9375
1/1 [==============================] - 0s 4ms/step - loss: 3.7476 - accuracy: 0.9375
Epoch 25/25

1/1 [==============================] - ETA: 0s - loss: 3.6819 - accuracy: 0.9375
1/1 [==============================] - 0s 4ms/step - loss: 3.6819 - accuracy: 0.9375
# node2vec
Epoch 1/25

1/1 [==============================] - ETA: 0s - loss: 4.8272 - accuracy: 0.0000e+00
1/1 [==============================] - 0s 228ms/step - loss: 4.8272 - accuracy: 0.0000e+00
Epoch 2/25

1/1 [==============================] - ETA: 0s - loss: 4.7875 - accuracy: 0.0000e+00
1/1 [==============================] - 0s 2ms/step - loss: 4.7875 - accuracy: 0.0000e+00
Epoch 3/25

1/1 [==============================] - ETA: 0s - loss: 4.7478 - accuracy: 0.0000e+00
1/1 [==============================] - 0s 2ms/step - loss: 4.7478 - accuracy: 0.0000e+00
Epoch 4/25

1/1 [==============================] - ETA: 0s - loss: 4.7082 - accuracy: 0.0000e+00
1/1 [==============================] - 0s 3ms/step - loss: 4.7082 - accuracy: 0.0000e+00
Epoch 5/25

1/1 [==============================] - ETA: 0s - loss: 4.6686 - accuracy: 0.0000e+00
1/1 [==============================] - 0s 6ms/step - loss: 4.6686 - accuracy: 0.0000e+00
Epoch 6/25

1/1 [==============================] - ETA: 0s - loss: 4.6291 - accuracy: 0.0000e+00
1/1 [==============================] - 0s 5ms/step - loss: 4.6291 - accuracy: 0.0000e+00
Epoch 7/25

1/1 [==============================] - ETA: 0s - loss: 4.5896 - accuracy: 0.0000e+00
1/1 [==============================] - 0s 4ms/step - loss: 4.5896 - accuracy: 0.0000e+00
Epoch 8/25

1/1 [==============================] - ETA: 0s - loss: 4.5502 - accuracy: 0.0000e+00
1/1 [==============================] - 0s 5ms/step - loss: 4.5502 - accuracy: 0.0000e+00
Epoch 9/25

1/1 [==============================] - ETA: 0s - loss: 4.5109 - accuracy: 0.0000e+00
1/1 [==============================] - 0s 3ms/step - loss: 4.5109 - accuracy: 0.0000e+00
Epoch 10/25

1/1 [==============================] - ETA: 0s - loss: 4.4716 - accuracy: 0.0625
1/1 [==============================] - 0s 2ms/step - loss: 4.4716 - accuracy: 0.0625
Epoch 11/25

1/1 [==============================] - ETA: 0s - loss: 4.4325 - accuracy: 0.1250
1/1 [==============================] - 0s 3ms/step - loss: 4.4325 - accuracy: 0.1250
Epoch 12/25

1/1 [==============================] - ETA: 0s - loss: 4.3934 - accuracy: 0.1250
1/1 [==============================] - 0s 2ms/step - loss: 4.3934 - accuracy: 0.1250
Epoch 13/25

1/1 [==============================] - ETA: 0s - loss: 4.3543 - accuracy: 0.1250
1/1 [==============================] - 0s 3ms/step - loss: 4.3543 - accuracy: 0.1250
Epoch 14/25

1/1 [==============================] - ETA: 0s - loss: 4.3154 - accuracy: 0.1250
1/1 [==============================] - 0s 3ms/step - loss: 4.3154 - accuracy: 0.1250
Epoch 15/25

1/1 [==============================] - ETA: 0s - loss: 4.2765 - accuracy: 0.1875
1/1 [==============================] - 0s 3ms/step - loss: 4.2765 - accuracy: 0.1875
Epoch 16/25

1/1 [==============================] - ETA: 0s - loss: 4.2377 - accuracy: 0.2500
1/1 [==============================] - 0s 3ms/step - loss: 4.2377 - accuracy: 0.2500
Epoch 17/25

1/1 [==============================] - ETA: 0s - loss: 4.1990 - accuracy: 0.3125
1/1 [==============================] - 0s 3ms/step - loss: 4.1990 - accuracy: 0.3125
Epoch 18/25

1/1 [==============================] - ETA: 0s - loss: 4.1604 - accuracy: 0.3750
1/1 [==============================] - 0s 3ms/step - loss: 4.1604 - accuracy: 0.3750
Epoch 19/25

1/1 [==============================] - ETA: 0s - loss: 4.1219 - accuracy: 0.4375
1/1 [==============================] - 0s 3ms/step - loss: 4.1219 - accuracy: 0.4375
Epoch 20/25

1/1 [==============================] - ETA: 0s - loss: 4.0835 - accuracy: 0.4375
1/1 [==============================] - 0s 3ms/step - loss: 4.0835 - accuracy: 0.4375
Epoch 21/25

1/1 [==============================] - ETA: 0s - loss: 4.0452 - accuracy: 0.5000
1/1 [==============================] - 0s 3ms/step - loss: 4.0452 - accuracy: 0.5000
Epoch 22/25

1/1 [==============================] - ETA: 0s - loss: 4.0070 - accuracy: 0.5000
1/1 [==============================] - 0s 3ms/step - loss: 4.0070 - accuracy: 0.5000
Epoch 23/25

1/1 [==============================] - ETA: 0s - loss: 3.9689 - accuracy: 0.5000
1/1 [==============================] - 0s 2ms/step - loss: 3.9689 - accuracy: 0.5000
Epoch 24/25

1/1 [==============================] - ETA: 0s - loss: 3.9309 - accuracy: 0.5000
1/1 [==============================] - 0s 3ms/step - loss: 3.9309 - accuracy: 0.5000
Epoch 25/25

1/1 [==============================] - ETA: 0s - loss: 3.8930 - accuracy: 0.5000
1/1 [==============================] - 0s 4ms/step - loss: 3.8930 - accuracy: 0.5000
# predict: steps=12
# predict: tnodeembed_metrics
# predict: node2vec_metrics
tnodeembed: {'auc': 0.6702512073149804, 'f1_micro': 0.0, 'f1_macro': 0.0} tNodeEmbed_final_loss=3.6819183826446533 tNodeEmbed_final_accuracy=0.9375 
node2vec: {'auc': 0.607244962370995, 'f1_micro': 0.0, 'f1_macro': 0.0} node2vec_final_loss=3.8930001258850098 node2vec_final_accuracy=0.5 
