# load graph
Processing Static file: filename='CollegeMsg_20040823.csv'
# initialize tNodeEmbed for dataset=COLLEGE_NC, test_size=0.2
# load dataset
# fit
# tNodeEmbed steps_per_epoch=1
Epoch 1/25

1/1 [==============================] - ETA: 0s - loss: 4.7388 - accuracy: 0.0625
1/1 [==============================] - 1s 1s/step - loss: 4.7388 - accuracy: 0.0625
Epoch 2/25

1/1 [==============================] - ETA: 0s - loss: 4.7082 - accuracy: 0.0625
1/1 [==============================] - 0s 4ms/step - loss: 4.7082 - accuracy: 0.0625
Epoch 3/25

1/1 [==============================] - ETA: 0s - loss: 4.6775 - accuracy: 0.1250
1/1 [==============================] - 0s 6ms/step - loss: 4.6775 - accuracy: 0.1250
Epoch 4/25

1/1 [==============================] - ETA: 0s - loss: 4.6467 - accuracy: 0.4375
1/1 [==============================] - 0s 5ms/step - loss: 4.6467 - accuracy: 0.4375
Epoch 5/25

1/1 [==============================] - ETA: 0s - loss: 4.6157 - accuracy: 0.5625
1/1 [==============================] - 0s 4ms/step - loss: 4.6157 - accuracy: 0.5625
Epoch 6/25

1/1 [==============================] - ETA: 0s - loss: 4.5842 - accuracy: 0.8125
1/1 [==============================] - 0s 4ms/step - loss: 4.5842 - accuracy: 0.8125
Epoch 7/25

1/1 [==============================] - ETA: 0s - loss: 4.5523 - accuracy: 0.8125
1/1 [==============================] - 0s 4ms/step - loss: 4.5523 - accuracy: 0.8125
Epoch 8/25

1/1 [==============================] - ETA: 0s - loss: 4.5197 - accuracy: 0.8750
1/1 [==============================] - 0s 5ms/step - loss: 4.5197 - accuracy: 0.8750
Epoch 9/25

1/1 [==============================] - ETA: 0s - loss: 4.4864 - accuracy: 0.8750
1/1 [==============================] - 0s 5ms/step - loss: 4.4864 - accuracy: 0.8750
Epoch 10/25

1/1 [==============================] - ETA: 0s - loss: 4.4522 - accuracy: 1.0000
1/1 [==============================] - 0s 4ms/step - loss: 4.4522 - accuracy: 1.0000
Epoch 11/25

1/1 [==============================] - ETA: 0s - loss: 4.4171 - accuracy: 1.0000
1/1 [==============================] - 0s 5ms/step - loss: 4.4171 - accuracy: 1.0000
Epoch 12/25

1/1 [==============================] - ETA: 0s - loss: 4.3809 - accuracy: 1.0000
1/1 [==============================] - 0s 5ms/step - loss: 4.3809 - accuracy: 1.0000
Epoch 13/25

1/1 [==============================] - ETA: 0s - loss: 4.3434 - accuracy: 1.0000
1/1 [==============================] - 0s 5ms/step - loss: 4.3434 - accuracy: 1.0000
Epoch 14/25

1/1 [==============================] - ETA: 0s - loss: 4.3047 - accuracy: 1.0000
1/1 [==============================] - 0s 4ms/step - loss: 4.3047 - accuracy: 1.0000
Epoch 15/25

1/1 [==============================] - ETA: 0s - loss: 4.2645 - accuracy: 1.0000
1/1 [==============================] - 0s 4ms/step - loss: 4.2645 - accuracy: 1.0000
Epoch 16/25

1/1 [==============================] - ETA: 0s - loss: 4.2229 - accuracy: 1.0000
1/1 [==============================] - 0s 5ms/step - loss: 4.2229 - accuracy: 1.0000
Epoch 17/25

1/1 [==============================] - ETA: 0s - loss: 4.1797 - accuracy: 1.0000
1/1 [==============================] - 0s 4ms/step - loss: 4.1797 - accuracy: 1.0000
Epoch 18/25

1/1 [==============================] - ETA: 0s - loss: 4.1347 - accuracy: 1.0000
1/1 [==============================] - 0s 4ms/step - loss: 4.1347 - accuracy: 1.0000
Epoch 19/25

1/1 [==============================] - ETA: 0s - loss: 4.0881 - accuracy: 1.0000
1/1 [==============================] - 0s 5ms/step - loss: 4.0881 - accuracy: 1.0000
Epoch 20/25

1/1 [==============================] - ETA: 0s - loss: 4.0395 - accuracy: 1.0000
1/1 [==============================] - 0s 6ms/step - loss: 4.0395 - accuracy: 1.0000
Epoch 21/25

1/1 [==============================] - ETA: 0s - loss: 3.9891 - accuracy: 1.0000
1/1 [==============================] - 0s 4ms/step - loss: 3.9891 - accuracy: 1.0000
Epoch 22/25

1/1 [==============================] - ETA: 0s - loss: 3.9367 - accuracy: 1.0000
1/1 [==============================] - 0s 5ms/step - loss: 3.9367 - accuracy: 1.0000
Epoch 23/25

1/1 [==============================] - ETA: 0s - loss: 3.8823 - accuracy: 1.0000
1/1 [==============================] - 0s 4ms/step - loss: 3.8823 - accuracy: 1.0000
Epoch 24/25

1/1 [==============================] - ETA: 0s - loss: 3.8258 - accuracy: 1.0000
1/1 [==============================] - 0s 5ms/step - loss: 3.8258 - accuracy: 1.0000
Epoch 25/25

1/1 [==============================] - ETA: 0s - loss: 3.7672 - accuracy: 1.0000
1/1 [==============================] - 0s 5ms/step - loss: 3.7672 - accuracy: 1.0000
# node2vec
Epoch 1/25

1/1 [==============================] - ETA: 0s - loss: 4.6608 - accuracy: 0.0625
1/1 [==============================] - 0s 222ms/step - loss: 4.6608 - accuracy: 0.0625
Epoch 2/25

1/1 [==============================] - ETA: 0s - loss: 4.6234 - accuracy: 0.0625
1/1 [==============================] - 0s 3ms/step - loss: 4.6234 - accuracy: 0.0625
Epoch 3/25

1/1 [==============================] - ETA: 0s - loss: 4.5860 - accuracy: 0.1875
1/1 [==============================] - 0s 4ms/step - loss: 4.5860 - accuracy: 0.1875
Epoch 4/25

1/1 [==============================] - ETA: 0s - loss: 4.5487 - accuracy: 0.1875
1/1 [==============================] - 0s 3ms/step - loss: 4.5487 - accuracy: 0.1875
Epoch 5/25

1/1 [==============================] - ETA: 0s - loss: 4.5115 - accuracy: 0.1875
1/1 [==============================] - 0s 4ms/step - loss: 4.5115 - accuracy: 0.1875
Epoch 6/25

1/1 [==============================] - ETA: 0s - loss: 4.4743 - accuracy: 0.1875
1/1 [==============================] - 0s 5ms/step - loss: 4.4743 - accuracy: 0.1875
Epoch 7/25

1/1 [==============================] - ETA: 0s - loss: 4.4372 - accuracy: 0.1875
1/1 [==============================] - 0s 5ms/step - loss: 4.4372 - accuracy: 0.1875
Epoch 8/25

1/1 [==============================] - ETA: 0s - loss: 4.4001 - accuracy: 0.2500
1/1 [==============================] - 0s 4ms/step - loss: 4.4001 - accuracy: 0.2500
Epoch 9/25

1/1 [==============================] - ETA: 0s - loss: 4.3631 - accuracy: 0.2500
1/1 [==============================] - 0s 4ms/step - loss: 4.3631 - accuracy: 0.2500
Epoch 10/25

1/1 [==============================] - ETA: 0s - loss: 4.3262 - accuracy: 0.3125
1/1 [==============================] - 0s 5ms/step - loss: 4.3262 - accuracy: 0.3125
Epoch 11/25

1/1 [==============================] - ETA: 0s - loss: 4.2893 - accuracy: 0.3125
1/1 [==============================] - 0s 5ms/step - loss: 4.2893 - accuracy: 0.3125
Epoch 12/25

1/1 [==============================] - ETA: 0s - loss: 4.2526 - accuracy: 0.3125
1/1 [==============================] - 0s 4ms/step - loss: 4.2526 - accuracy: 0.3125
Epoch 13/25

1/1 [==============================] - ETA: 0s - loss: 4.2159 - accuracy: 0.3750
1/1 [==============================] - 0s 4ms/step - loss: 4.2159 - accuracy: 0.3750
Epoch 14/25

1/1 [==============================] - ETA: 0s - loss: 4.1793 - accuracy: 0.4375
1/1 [==============================] - 0s 5ms/step - loss: 4.1793 - accuracy: 0.4375
Epoch 15/25

1/1 [==============================] - ETA: 0s - loss: 4.1427 - accuracy: 0.5625
1/1 [==============================] - 0s 5ms/step - loss: 4.1427 - accuracy: 0.5625
Epoch 16/25

1/1 [==============================] - ETA: 0s - loss: 4.1063 - accuracy: 0.5625
1/1 [==============================] - 0s 7ms/step - loss: 4.1063 - accuracy: 0.5625
Epoch 17/25

1/1 [==============================] - ETA: 0s - loss: 4.0699 - accuracy: 0.5625
1/1 [==============================] - 0s 4ms/step - loss: 4.0699 - accuracy: 0.5625
Epoch 18/25

1/1 [==============================] - ETA: 0s - loss: 4.0336 - accuracy: 0.5625
1/1 [==============================] - 0s 4ms/step - loss: 4.0336 - accuracy: 0.5625
Epoch 19/25

1/1 [==============================] - ETA: 0s - loss: 3.9974 - accuracy: 0.5625
1/1 [==============================] - 0s 4ms/step - loss: 3.9974 - accuracy: 0.5625
Epoch 20/25

1/1 [==============================] - ETA: 0s - loss: 3.9614 - accuracy: 0.5625
1/1 [==============================] - 0s 4ms/step - loss: 3.9614 - accuracy: 0.5625
Epoch 21/25

1/1 [==============================] - ETA: 0s - loss: 3.9254 - accuracy: 0.5625
1/1 [==============================] - 0s 4ms/step - loss: 3.9254 - accuracy: 0.5625
Epoch 22/25

1/1 [==============================] - ETA: 0s - loss: 3.8895 - accuracy: 0.6875
1/1 [==============================] - 0s 4ms/step - loss: 3.8895 - accuracy: 0.6875
Epoch 23/25

1/1 [==============================] - ETA: 0s - loss: 3.8537 - accuracy: 0.6875
1/1 [==============================] - 0s 4ms/step - loss: 3.8537 - accuracy: 0.6875
Epoch 24/25

1/1 [==============================] - ETA: 0s - loss: 3.8180 - accuracy: 0.6875
1/1 [==============================] - 0s 4ms/step - loss: 3.8180 - accuracy: 0.6875
Epoch 25/25

1/1 [==============================] - ETA: 0s - loss: 3.7825 - accuracy: 0.6875
1/1 [==============================] - 0s 4ms/step - loss: 3.7825 - accuracy: 0.6875
# predict: steps=12
# predict: tnodeembed_metrics
# predict: node2vec_metrics
tnodeembed: {'auc': 0.7317713210599858, 'f1_micro': 0.0, 'f1_macro': 0.0} tNodeEmbed_final_loss=3.7671546936035156 tNodeEmbed_final_accuracy=1.0 
node2vec: {'auc': 0.6324572230529748, 'f1_micro': 0.0, 'f1_macro': 0.0} node2vec_final_loss=3.7824583053588867 node2vec_final_accuracy=0.6875 
