# load graph
Processing Static file: filename='CollegeMsg_20041021.csv'
# initialize tNodeEmbed for dataset=COLLEGE_NC, test_size=0.2
# load dataset
# fit
# tNodeEmbed steps_per_epoch=1
Epoch 1/25

1/1 [==============================] - ETA: 0s - loss: 4.7250 - accuracy: 0.0625
1/1 [==============================] - 2s 2s/step - loss: 4.7250 - accuracy: 0.0625
Epoch 2/25

1/1 [==============================] - ETA: 0s - loss: 4.6928 - accuracy: 0.0625
1/1 [==============================] - 0s 6ms/step - loss: 4.6928 - accuracy: 0.0625
Epoch 3/25

1/1 [==============================] - ETA: 0s - loss: 4.6605 - accuracy: 0.1875
1/1 [==============================] - 0s 7ms/step - loss: 4.6605 - accuracy: 0.1875
Epoch 4/25

1/1 [==============================] - ETA: 0s - loss: 4.6279 - accuracy: 0.3125
1/1 [==============================] - 0s 5ms/step - loss: 4.6279 - accuracy: 0.3125
Epoch 5/25

1/1 [==============================] - ETA: 0s - loss: 4.5950 - accuracy: 0.6875
1/1 [==============================] - 0s 6ms/step - loss: 4.5950 - accuracy: 0.6875
Epoch 6/25

1/1 [==============================] - ETA: 0s - loss: 4.5616 - accuracy: 0.8750
1/1 [==============================] - 0s 7ms/step - loss: 4.5616 - accuracy: 0.8750
Epoch 7/25

1/1 [==============================] - ETA: 0s - loss: 4.5275 - accuracy: 0.9375
1/1 [==============================] - 0s 6ms/step - loss: 4.5275 - accuracy: 0.9375
Epoch 8/25

1/1 [==============================] - ETA: 0s - loss: 4.4927 - accuracy: 0.9375
1/1 [==============================] - 0s 5ms/step - loss: 4.4927 - accuracy: 0.9375
Epoch 9/25

1/1 [==============================] - ETA: 0s - loss: 4.4570 - accuracy: 0.9375
1/1 [==============================] - 0s 6ms/step - loss: 4.4570 - accuracy: 0.9375
Epoch 10/25

1/1 [==============================] - ETA: 0s - loss: 4.4203 - accuracy: 1.0000
1/1 [==============================] - 0s 7ms/step - loss: 4.4203 - accuracy: 1.0000
Epoch 11/25

1/1 [==============================] - ETA: 0s - loss: 4.3824 - accuracy: 1.0000
1/1 [==============================] - 0s 7ms/step - loss: 4.3824 - accuracy: 1.0000
Epoch 12/25

1/1 [==============================] - ETA: 0s - loss: 4.3433 - accuracy: 1.0000
1/1 [==============================] - 0s 5ms/step - loss: 4.3433 - accuracy: 1.0000
Epoch 13/25

1/1 [==============================] - ETA: 0s - loss: 4.3028 - accuracy: 1.0000
1/1 [==============================] - 0s 6ms/step - loss: 4.3028 - accuracy: 1.0000
Epoch 14/25

1/1 [==============================] - ETA: 0s - loss: 4.2608 - accuracy: 1.0000
1/1 [==============================] - 0s 5ms/step - loss: 4.2608 - accuracy: 1.0000
Epoch 15/25

1/1 [==============================] - ETA: 0s - loss: 4.2172 - accuracy: 1.0000
1/1 [==============================] - 0s 5ms/step - loss: 4.2172 - accuracy: 1.0000
Epoch 16/25

1/1 [==============================] - ETA: 0s - loss: 4.1719 - accuracy: 1.0000
1/1 [==============================] - 0s 6ms/step - loss: 4.1719 - accuracy: 1.0000
Epoch 17/25

1/1 [==============================] - ETA: 0s - loss: 4.1248 - accuracy: 1.0000
1/1 [==============================] - 0s 6ms/step - loss: 4.1248 - accuracy: 1.0000
Epoch 18/25

1/1 [==============================] - ETA: 0s - loss: 4.0759 - accuracy: 1.0000
1/1 [==============================] - 0s 7ms/step - loss: 4.0759 - accuracy: 1.0000
Epoch 19/25

1/1 [==============================] - ETA: 0s - loss: 4.0250 - accuracy: 1.0000
1/1 [==============================] - 0s 6ms/step - loss: 4.0250 - accuracy: 1.0000
Epoch 20/25

1/1 [==============================] - ETA: 0s - loss: 3.9721 - accuracy: 1.0000
1/1 [==============================] - 0s 6ms/step - loss: 3.9721 - accuracy: 1.0000
Epoch 21/25

1/1 [==============================] - ETA: 0s - loss: 3.9170 - accuracy: 1.0000
1/1 [==============================] - 0s 6ms/step - loss: 3.9170 - accuracy: 1.0000
Epoch 22/25

1/1 [==============================] - ETA: 0s - loss: 3.8598 - accuracy: 1.0000
1/1 [==============================] - 0s 7ms/step - loss: 3.8598 - accuracy: 1.0000
Epoch 23/25

1/1 [==============================] - ETA: 0s - loss: 3.8004 - accuracy: 1.0000
1/1 [==============================] - 0s 6ms/step - loss: 3.8004 - accuracy: 1.0000
Epoch 24/25

1/1 [==============================] - ETA: 0s - loss: 3.7387 - accuracy: 1.0000
1/1 [==============================] - 0s 7ms/step - loss: 3.7387 - accuracy: 1.0000
Epoch 25/25

1/1 [==============================] - ETA: 0s - loss: 3.6748 - accuracy: 1.0000
1/1 [==============================] - 0s 10ms/step - loss: 3.6748 - accuracy: 1.0000
# node2vec
Epoch 1/25

1/1 [==============================] - ETA: 0s - loss: 4.8086 - accuracy: 0.0000e+00
1/1 [==============================] - 0s 218ms/step - loss: 4.8086 - accuracy: 0.0000e+00
Epoch 2/25

1/1 [==============================] - ETA: 0s - loss: 4.7693 - accuracy: 0.0000e+00
1/1 [==============================] - 0s 2ms/step - loss: 4.7693 - accuracy: 0.0000e+00
Epoch 3/25

1/1 [==============================] - ETA: 0s - loss: 4.7300 - accuracy: 0.0000e+00
1/1 [==============================] - 0s 3ms/step - loss: 4.7300 - accuracy: 0.0000e+00
Epoch 4/25

1/1 [==============================] - ETA: 0s - loss: 4.6908 - accuracy: 0.0000e+00
1/1 [==============================] - 0s 2ms/step - loss: 4.6908 - accuracy: 0.0000e+00
Epoch 5/25

1/1 [==============================] - ETA: 0s - loss: 4.6516 - accuracy: 0.0000e+00
1/1 [==============================] - 0s 3ms/step - loss: 4.6516 - accuracy: 0.0000e+00
Epoch 6/25

1/1 [==============================] - ETA: 0s - loss: 4.6125 - accuracy: 0.0000e+00
1/1 [==============================] - 0s 3ms/step - loss: 4.6125 - accuracy: 0.0000e+00
Epoch 7/25

1/1 [==============================] - ETA: 0s - loss: 4.5734 - accuracy: 0.0625
1/1 [==============================] - 0s 2ms/step - loss: 4.5734 - accuracy: 0.0625
Epoch 8/25

1/1 [==============================] - ETA: 0s - loss: 4.5344 - accuracy: 0.0625
1/1 [==============================] - 0s 3ms/step - loss: 4.5344 - accuracy: 0.0625
Epoch 9/25

1/1 [==============================] - ETA: 0s - loss: 4.4955 - accuracy: 0.0625
1/1 [==============================] - 0s 3ms/step - loss: 4.4955 - accuracy: 0.0625
Epoch 10/25

1/1 [==============================] - ETA: 0s - loss: 4.4566 - accuracy: 0.1250
1/1 [==============================] - 0s 3ms/step - loss: 4.4566 - accuracy: 0.1250
Epoch 11/25

1/1 [==============================] - ETA: 0s - loss: 4.4178 - accuracy: 0.1250
1/1 [==============================] - 0s 5ms/step - loss: 4.4178 - accuracy: 0.1250
Epoch 12/25

1/1 [==============================] - ETA: 0s - loss: 4.3791 - accuracy: 0.1875
1/1 [==============================] - 0s 3ms/step - loss: 4.3791 - accuracy: 0.1875
Epoch 13/25

1/1 [==============================] - ETA: 0s - loss: 4.3405 - accuracy: 0.1875
1/1 [==============================] - 0s 3ms/step - loss: 4.3405 - accuracy: 0.1875
Epoch 14/25

1/1 [==============================] - ETA: 0s - loss: 4.3019 - accuracy: 0.1875
1/1 [==============================] - 0s 4ms/step - loss: 4.3019 - accuracy: 0.1875
Epoch 15/25

1/1 [==============================] - ETA: 0s - loss: 4.2634 - accuracy: 0.1875
1/1 [==============================] - 0s 3ms/step - loss: 4.2634 - accuracy: 0.1875
Epoch 16/25

1/1 [==============================] - ETA: 0s - loss: 4.2250 - accuracy: 0.1875
1/1 [==============================] - 0s 3ms/step - loss: 4.2250 - accuracy: 0.1875
Epoch 17/25

1/1 [==============================] - ETA: 0s - loss: 4.1867 - accuracy: 0.2500
1/1 [==============================] - 0s 3ms/step - loss: 4.1867 - accuracy: 0.2500
Epoch 18/25

1/1 [==============================] - ETA: 0s - loss: 4.1485 - accuracy: 0.3125
1/1 [==============================] - 0s 4ms/step - loss: 4.1485 - accuracy: 0.3125
Epoch 19/25

1/1 [==============================] - ETA: 0s - loss: 4.1103 - accuracy: 0.3125
1/1 [==============================] - 0s 2ms/step - loss: 4.1103 - accuracy: 0.3125
Epoch 20/25

1/1 [==============================] - ETA: 0s - loss: 4.0723 - accuracy: 0.4375
1/1 [==============================] - 0s 3ms/step - loss: 4.0723 - accuracy: 0.4375
Epoch 21/25

1/1 [==============================] - ETA: 0s - loss: 4.0343 - accuracy: 0.5625
1/1 [==============================] - 0s 3ms/step - loss: 4.0343 - accuracy: 0.5625
Epoch 22/25

1/1 [==============================] - ETA: 0s - loss: 3.9965 - accuracy: 0.6250
1/1 [==============================] - 0s 3ms/step - loss: 3.9965 - accuracy: 0.6250
Epoch 23/25

1/1 [==============================] - ETA: 0s - loss: 3.9587 - accuracy: 0.6250
1/1 [==============================] - 0s 2ms/step - loss: 3.9587 - accuracy: 0.6250
Epoch 24/25

1/1 [==============================] - ETA: 0s - loss: 3.9211 - accuracy: 0.6250
1/1 [==============================] - 0s 3ms/step - loss: 3.9211 - accuracy: 0.6250
Epoch 25/25

1/1 [==============================] - ETA: 0s - loss: 3.8835 - accuracy: 0.6250
1/1 [==============================] - 0s 2ms/step - loss: 3.8835 - accuracy: 0.6250
# predict: steps=12
# predict: tnodeembed_metrics
# predict: node2vec_metrics
tnodeembed: {'auc': 0.7405732294756453, 'f1_micro': 0.0, 'f1_macro': 0.0} tNodeEmbed_final_loss=3.674776315689087 tNodeEmbed_final_accuracy=1.0 
node2vec: {'auc': 0.6466354828034222, 'f1_micro': 0.0, 'f1_macro': 0.0} node2vec_final_loss=3.8835391998291016 node2vec_final_accuracy=0.625 
