# load graph
Processing Static file: filename='CollegeMsg_20041005.csv'
# initialize tNodeEmbed for dataset=COLLEGE_NC, test_size=0.2
# load dataset
# fit
# tNodeEmbed steps_per_epoch=1
Epoch 1/25

1/1 [==============================] - ETA: 0s - loss: 4.7110 - accuracy: 0.0625
1/1 [==============================] - 1s 1s/step - loss: 4.7110 - accuracy: 0.0625
Epoch 2/25

1/1 [==============================] - ETA: 0s - loss: 4.6789 - accuracy: 0.1250
1/1 [==============================] - 0s 6ms/step - loss: 4.6789 - accuracy: 0.1250
Epoch 3/25

1/1 [==============================] - ETA: 0s - loss: 4.6466 - accuracy: 0.3750
1/1 [==============================] - 0s 6ms/step - loss: 4.6466 - accuracy: 0.3750
Epoch 4/25

1/1 [==============================] - ETA: 0s - loss: 4.6140 - accuracy: 0.5625
1/1 [==============================] - 0s 6ms/step - loss: 4.6140 - accuracy: 0.5625
Epoch 5/25

1/1 [==============================] - ETA: 0s - loss: 4.5811 - accuracy: 0.8125
1/1 [==============================] - 0s 6ms/step - loss: 4.5811 - accuracy: 0.8125
Epoch 6/25

1/1 [==============================] - ETA: 0s - loss: 4.5476 - accuracy: 0.8750
1/1 [==============================] - 0s 7ms/step - loss: 4.5476 - accuracy: 0.8750
Epoch 7/25

1/1 [==============================] - ETA: 0s - loss: 4.5135 - accuracy: 0.9375
1/1 [==============================] - 0s 6ms/step - loss: 4.5135 - accuracy: 0.9375
Epoch 8/25

1/1 [==============================] - ETA: 0s - loss: 4.4786 - accuracy: 1.0000
1/1 [==============================] - 0s 6ms/step - loss: 4.4786 - accuracy: 1.0000
Epoch 9/25

1/1 [==============================] - ETA: 0s - loss: 4.4427 - accuracy: 1.0000
1/1 [==============================] - 0s 7ms/step - loss: 4.4427 - accuracy: 1.0000
Epoch 10/25

1/1 [==============================] - ETA: 0s - loss: 4.4058 - accuracy: 1.0000
1/1 [==============================] - 0s 6ms/step - loss: 4.4058 - accuracy: 1.0000
Epoch 11/25

1/1 [==============================] - ETA: 0s - loss: 4.3676 - accuracy: 1.0000
1/1 [==============================] - 0s 7ms/step - loss: 4.3676 - accuracy: 1.0000
Epoch 12/25

1/1 [==============================] - ETA: 0s - loss: 4.3280 - accuracy: 1.0000
1/1 [==============================] - 0s 7ms/step - loss: 4.3280 - accuracy: 1.0000
Epoch 13/25

1/1 [==============================] - ETA: 0s - loss: 4.2869 - accuracy: 1.0000
1/1 [==============================] - 0s 7ms/step - loss: 4.2869 - accuracy: 1.0000
Epoch 14/25

1/1 [==============================] - ETA: 0s - loss: 4.2443 - accuracy: 1.0000
1/1 [==============================] - 0s 7ms/step - loss: 4.2443 - accuracy: 1.0000
Epoch 15/25

1/1 [==============================] - ETA: 0s - loss: 4.1999 - accuracy: 1.0000
1/1 [==============================] - 0s 7ms/step - loss: 4.1999 - accuracy: 1.0000
Epoch 16/25

1/1 [==============================] - ETA: 0s - loss: 4.1537 - accuracy: 1.0000
1/1 [==============================] - 0s 8ms/step - loss: 4.1537 - accuracy: 1.0000
Epoch 17/25

1/1 [==============================] - ETA: 0s - loss: 4.1055 - accuracy: 1.0000
1/1 [==============================] - 0s 7ms/step - loss: 4.1055 - accuracy: 1.0000
Epoch 18/25

1/1 [==============================] - ETA: 0s - loss: 4.0554 - accuracy: 1.0000
1/1 [==============================] - 0s 8ms/step - loss: 4.0554 - accuracy: 1.0000
Epoch 19/25

1/1 [==============================] - ETA: 0s - loss: 4.0032 - accuracy: 1.0000
1/1 [==============================] - 0s 7ms/step - loss: 4.0032 - accuracy: 1.0000
Epoch 20/25

1/1 [==============================] - ETA: 0s - loss: 3.9488 - accuracy: 1.0000
1/1 [==============================] - 0s 8ms/step - loss: 3.9488 - accuracy: 1.0000
Epoch 21/25

1/1 [==============================] - ETA: 0s - loss: 3.8921 - accuracy: 1.0000
1/1 [==============================] - 0s 7ms/step - loss: 3.8921 - accuracy: 1.0000
Epoch 22/25

1/1 [==============================] - ETA: 0s - loss: 3.8332 - accuracy: 1.0000
1/1 [==============================] - 0s 7ms/step - loss: 3.8332 - accuracy: 1.0000
Epoch 23/25

1/1 [==============================] - ETA: 0s - loss: 3.7719 - accuracy: 1.0000
1/1 [==============================] - 0s 7ms/step - loss: 3.7719 - accuracy: 1.0000
Epoch 24/25

1/1 [==============================] - ETA: 0s - loss: 3.7082 - accuracy: 1.0000
1/1 [==============================] - 0s 6ms/step - loss: 3.7082 - accuracy: 1.0000
Epoch 25/25

1/1 [==============================] - ETA: 0s - loss: 3.6421 - accuracy: 1.0000
1/1 [==============================] - 0s 7ms/step - loss: 3.6421 - accuracy: 1.0000
# node2vec
Epoch 1/25

1/1 [==============================] - ETA: 0s - loss: 4.7381 - accuracy: 0.0000e+00
1/1 [==============================] - 0s 299ms/step - loss: 4.7381 - accuracy: 0.0000e+00
Epoch 2/25

1/1 [==============================] - ETA: 0s - loss: 4.6980 - accuracy: 0.0000e+00
1/1 [==============================] - 0s 4ms/step - loss: 4.6980 - accuracy: 0.0000e+00
Epoch 3/25

1/1 [==============================] - ETA: 0s - loss: 4.6579 - accuracy: 0.0000e+00
1/1 [==============================] - 0s 3ms/step - loss: 4.6579 - accuracy: 0.0000e+00
Epoch 4/25

1/1 [==============================] - ETA: 0s - loss: 4.6179 - accuracy: 0.0000e+00
1/1 [==============================] - 0s 3ms/step - loss: 4.6179 - accuracy: 0.0000e+00
Epoch 5/25

1/1 [==============================] - ETA: 0s - loss: 4.5780 - accuracy: 0.0000e+00
1/1 [==============================] - 0s 3ms/step - loss: 4.5780 - accuracy: 0.0000e+00
Epoch 6/25

1/1 [==============================] - ETA: 0s - loss: 4.5381 - accuracy: 0.0000e+00
1/1 [==============================] - 0s 6ms/step - loss: 4.5381 - accuracy: 0.0000e+00
Epoch 7/25

1/1 [==============================] - ETA: 0s - loss: 4.4982 - accuracy: 0.0000e+00
1/1 [==============================] - 0s 5ms/step - loss: 4.4982 - accuracy: 0.0000e+00
Epoch 8/25

1/1 [==============================] - ETA: 0s - loss: 4.4585 - accuracy: 0.1250
1/1 [==============================] - 0s 5ms/step - loss: 4.4585 - accuracy: 0.1250
Epoch 9/25

1/1 [==============================] - ETA: 0s - loss: 4.4188 - accuracy: 0.1875
1/1 [==============================] - 0s 5ms/step - loss: 4.4188 - accuracy: 0.1875
Epoch 10/25

1/1 [==============================] - ETA: 0s - loss: 4.3793 - accuracy: 0.1875
1/1 [==============================] - 0s 5ms/step - loss: 4.3793 - accuracy: 0.1875
Epoch 11/25

1/1 [==============================] - ETA: 0s - loss: 4.3398 - accuracy: 0.1875
1/1 [==============================] - 0s 5ms/step - loss: 4.3398 - accuracy: 0.1875
Epoch 12/25

1/1 [==============================] - ETA: 0s - loss: 4.3003 - accuracy: 0.1875
1/1 [==============================] - 0s 5ms/step - loss: 4.3003 - accuracy: 0.1875
Epoch 13/25

1/1 [==============================] - ETA: 0s - loss: 4.2610 - accuracy: 0.1875
1/1 [==============================] - 0s 5ms/step - loss: 4.2610 - accuracy: 0.1875
Epoch 14/25

1/1 [==============================] - ETA: 0s - loss: 4.2218 - accuracy: 0.3125
1/1 [==============================] - 0s 4ms/step - loss: 4.2218 - accuracy: 0.3125
Epoch 15/25

1/1 [==============================] - ETA: 0s - loss: 4.1827 - accuracy: 0.3750
1/1 [==============================] - 0s 5ms/step - loss: 4.1827 - accuracy: 0.3750
Epoch 16/25

1/1 [==============================] - ETA: 0s - loss: 4.1436 - accuracy: 0.4375
1/1 [==============================] - 0s 4ms/step - loss: 4.1436 - accuracy: 0.4375
Epoch 17/25

1/1 [==============================] - ETA: 0s - loss: 4.1047 - accuracy: 0.5000
1/1 [==============================] - 0s 5ms/step - loss: 4.1047 - accuracy: 0.5000
Epoch 18/25

1/1 [==============================] - ETA: 0s - loss: 4.0659 - accuracy: 0.5000
1/1 [==============================] - 0s 5ms/step - loss: 4.0659 - accuracy: 0.5000
Epoch 19/25

1/1 [==============================] - ETA: 0s - loss: 4.0271 - accuracy: 0.5000
1/1 [==============================] - 0s 5ms/step - loss: 4.0271 - accuracy: 0.5000
Epoch 20/25

1/1 [==============================] - ETA: 0s - loss: 3.9885 - accuracy: 0.5000
1/1 [==============================] - 0s 4ms/step - loss: 3.9885 - accuracy: 0.5000
Epoch 21/25

1/1 [==============================] - ETA: 0s - loss: 3.9500 - accuracy: 0.5625
1/1 [==============================] - 0s 4ms/step - loss: 3.9500 - accuracy: 0.5625
Epoch 22/25

1/1 [==============================] - ETA: 0s - loss: 3.9116 - accuracy: 0.5625
1/1 [==============================] - 0s 4ms/step - loss: 3.9116 - accuracy: 0.5625
Epoch 23/25

1/1 [==============================] - ETA: 0s - loss: 3.8734 - accuracy: 0.5625
1/1 [==============================] - 0s 5ms/step - loss: 3.8734 - accuracy: 0.5625
Epoch 24/25

1/1 [==============================] - ETA: 0s - loss: 3.8352 - accuracy: 0.6875
1/1 [==============================] - 0s 5ms/step - loss: 3.8352 - accuracy: 0.6875
Epoch 25/25

1/1 [==============================] - ETA: 0s - loss: 3.7972 - accuracy: 0.6875
1/1 [==============================] - 0s 5ms/step - loss: 3.7972 - accuracy: 0.6875
# predict: steps=12
# predict: tnodeembed_metrics
# predict: node2vec_metrics
tnodeembed: {'auc': 0.6605189003015223, 'f1_micro': 0.0, 'f1_macro': 0.0} tNodeEmbed_final_loss=3.64212703704834 tNodeEmbed_final_accuracy=1.0 
node2vec: {'auc': 0.6178107457161768, 'f1_micro': 0.0, 'f1_macro': 0.0} node2vec_final_loss=3.7972054481506348 node2vec_final_accuracy=0.6875 
