# load graph
Processing Static file: filename='CollegeMsg_20040515.csv'
# initialize tNodeEmbed for dataset=COLLEGE_NC, test_size=0.2
# load dataset
# fit
# tNodeEmbed steps_per_epoch=1
Epoch 1/25

1/1 [==============================] - ETA: 0s - loss: 4.7392 - accuracy: 0.1875
1/1 [==============================] - 1s 1s/step - loss: 4.7392 - accuracy: 0.1875
Epoch 2/25

1/1 [==============================] - ETA: 0s - loss: 4.7189 - accuracy: 0.1875
1/1 [==============================] - 0s 4ms/step - loss: 4.7189 - accuracy: 0.1875
Epoch 3/25

1/1 [==============================] - ETA: 0s - loss: 4.6986 - accuracy: 0.3125
1/1 [==============================] - 0s 6ms/step - loss: 4.6986 - accuracy: 0.3125
Epoch 4/25

1/1 [==============================] - ETA: 0s - loss: 4.6782 - accuracy: 0.5000
1/1 [==============================] - 0s 4ms/step - loss: 4.6782 - accuracy: 0.5000
Epoch 5/25

1/1 [==============================] - ETA: 0s - loss: 4.6576 - accuracy: 0.5625
1/1 [==============================] - 0s 4ms/step - loss: 4.6576 - accuracy: 0.5625
Epoch 6/25

1/1 [==============================] - ETA: 0s - loss: 4.6367 - accuracy: 0.6250
1/1 [==============================] - 0s 4ms/step - loss: 4.6367 - accuracy: 0.6250
Epoch 7/25

1/1 [==============================] - ETA: 0s - loss: 4.6154 - accuracy: 0.6250
1/1 [==============================] - 0s 3ms/step - loss: 4.6154 - accuracy: 0.6250
Epoch 8/25

1/1 [==============================] - ETA: 0s - loss: 4.5937 - accuracy: 0.6250
1/1 [==============================] - 0s 4ms/step - loss: 4.5937 - accuracy: 0.6250
Epoch 9/25

1/1 [==============================] - ETA: 0s - loss: 4.5715 - accuracy: 0.6250
1/1 [==============================] - 0s 4ms/step - loss: 4.5715 - accuracy: 0.6250
Epoch 10/25

1/1 [==============================] - ETA: 0s - loss: 4.5487 - accuracy: 0.6250
1/1 [==============================] - 0s 3ms/step - loss: 4.5487 - accuracy: 0.6250
Epoch 11/25

1/1 [==============================] - ETA: 0s - loss: 4.5252 - accuracy: 0.6250
1/1 [==============================] - 0s 3ms/step - loss: 4.5252 - accuracy: 0.6250
Epoch 12/25

1/1 [==============================] - ETA: 0s - loss: 4.5009 - accuracy: 0.6250
1/1 [==============================] - 0s 4ms/step - loss: 4.5009 - accuracy: 0.6250
Epoch 13/25

1/1 [==============================] - ETA: 0s - loss: 4.4758 - accuracy: 0.6250
1/1 [==============================] - 0s 5ms/step - loss: 4.4758 - accuracy: 0.6250
Epoch 14/25

1/1 [==============================] - ETA: 0s - loss: 4.4498 - accuracy: 0.6250
1/1 [==============================] - 0s 3ms/step - loss: 4.4498 - accuracy: 0.6250
Epoch 15/25

1/1 [==============================] - ETA: 0s - loss: 4.4229 - accuracy: 0.6250
1/1 [==============================] - 0s 3ms/step - loss: 4.4229 - accuracy: 0.6250
Epoch 16/25

1/1 [==============================] - ETA: 0s - loss: 4.3949 - accuracy: 0.6250
1/1 [==============================] - 0s 5ms/step - loss: 4.3949 - accuracy: 0.6250
Epoch 17/25

1/1 [==============================] - ETA: 0s - loss: 4.3659 - accuracy: 0.6250
1/1 [==============================] - 0s 5ms/step - loss: 4.3659 - accuracy: 0.6250
Epoch 18/25

1/1 [==============================] - ETA: 0s - loss: 4.3359 - accuracy: 0.6250
1/1 [==============================] - 0s 4ms/step - loss: 4.3359 - accuracy: 0.6250
Epoch 19/25

1/1 [==============================] - ETA: 0s - loss: 4.3046 - accuracy: 0.6250
1/1 [==============================] - 0s 4ms/step - loss: 4.3046 - accuracy: 0.6250
Epoch 20/25

1/1 [==============================] - ETA: 0s - loss: 4.2723 - accuracy: 0.6250
1/1 [==============================] - 0s 5ms/step - loss: 4.2723 - accuracy: 0.6250
Epoch 21/25

1/1 [==============================] - ETA: 0s - loss: 4.2387 - accuracy: 0.6250
1/1 [==============================] - 0s 4ms/step - loss: 4.2387 - accuracy: 0.6250
Epoch 22/25

1/1 [==============================] - ETA: 0s - loss: 4.2039 - accuracy: 0.6250
1/1 [==============================] - 0s 4ms/step - loss: 4.2039 - accuracy: 0.6250
Epoch 23/25

1/1 [==============================] - ETA: 0s - loss: 4.1678 - accuracy: 0.6250
1/1 [==============================] - 0s 4ms/step - loss: 4.1678 - accuracy: 0.6250
Epoch 24/25

1/1 [==============================] - ETA: 0s - loss: 4.1306 - accuracy: 0.6250
1/1 [==============================] - 0s 4ms/step - loss: 4.1306 - accuracy: 0.6250
Epoch 25/25

1/1 [==============================] - ETA: 0s - loss: 4.0921 - accuracy: 0.6250
1/1 [==============================] - 0s 4ms/step - loss: 4.0921 - accuracy: 0.6250
# node2vec
Epoch 1/25

1/1 [==============================] - ETA: 0s - loss: 4.7862 - accuracy: 0.1875
1/1 [==============================] - 0s 198ms/step - loss: 4.7862 - accuracy: 0.1875
Epoch 2/25

1/1 [==============================] - ETA: 0s - loss: 4.7670 - accuracy: 0.1875
1/1 [==============================] - 0s 2ms/step - loss: 4.7670 - accuracy: 0.1875
Epoch 3/25

1/1 [==============================] - ETA: 0s - loss: 4.7478 - accuracy: 0.1875
1/1 [==============================] - 0s 3ms/step - loss: 4.7478 - accuracy: 0.1875
Epoch 4/25

1/1 [==============================] - ETA: 0s - loss: 4.7286 - accuracy: 0.1875
1/1 [==============================] - 0s 4ms/step - loss: 4.7286 - accuracy: 0.1875
Epoch 5/25

1/1 [==============================] - ETA: 0s - loss: 4.7095 - accuracy: 0.1875
1/1 [==============================] - 0s 3ms/step - loss: 4.7095 - accuracy: 0.1875
Epoch 6/25

1/1 [==============================] - ETA: 0s - loss: 4.6903 - accuracy: 0.1250
1/1 [==============================] - 0s 3ms/step - loss: 4.6903 - accuracy: 0.1250
Epoch 7/25

1/1 [==============================] - ETA: 0s - loss: 4.6712 - accuracy: 0.1250
1/1 [==============================] - 0s 3ms/step - loss: 4.6712 - accuracy: 0.1250
Epoch 8/25

1/1 [==============================] - ETA: 0s - loss: 4.6521 - accuracy: 0.1250
1/1 [==============================] - 0s 3ms/step - loss: 4.6521 - accuracy: 0.1250
Epoch 9/25

1/1 [==============================] - ETA: 0s - loss: 4.6330 - accuracy: 0.1250
1/1 [==============================] - 0s 3ms/step - loss: 4.6330 - accuracy: 0.1250
Epoch 10/25

1/1 [==============================] - ETA: 0s - loss: 4.6139 - accuracy: 0.1875
1/1 [==============================] - 0s 3ms/step - loss: 4.6139 - accuracy: 0.1875
Epoch 11/25

1/1 [==============================] - ETA: 0s - loss: 4.5949 - accuracy: 0.1875
1/1 [==============================] - 0s 2ms/step - loss: 4.5949 - accuracy: 0.1875
Epoch 12/25

1/1 [==============================] - ETA: 0s - loss: 4.5758 - accuracy: 0.1875
1/1 [==============================] - 0s 3ms/step - loss: 4.5758 - accuracy: 0.1875
Epoch 13/25

1/1 [==============================] - ETA: 0s - loss: 4.5568 - accuracy: 0.1875
1/1 [==============================] - 0s 3ms/step - loss: 4.5568 - accuracy: 0.1875
Epoch 14/25

1/1 [==============================] - ETA: 0s - loss: 4.5379 - accuracy: 0.1875
1/1 [==============================] - 0s 2ms/step - loss: 4.5379 - accuracy: 0.1875
Epoch 15/25

1/1 [==============================] - ETA: 0s - loss: 4.5189 - accuracy: 0.1875
1/1 [==============================] - 0s 2ms/step - loss: 4.5189 - accuracy: 0.1875
Epoch 16/25

1/1 [==============================] - ETA: 0s - loss: 4.5000 - accuracy: 0.1875
1/1 [==============================] - 0s 2ms/step - loss: 4.5000 - accuracy: 0.1875
Epoch 17/25

1/1 [==============================] - ETA: 0s - loss: 4.4812 - accuracy: 0.1875
1/1 [==============================] - 0s 3ms/step - loss: 4.4812 - accuracy: 0.1875
Epoch 18/25

1/1 [==============================] - ETA: 0s - loss: 4.4623 - accuracy: 0.3125
1/1 [==============================] - 0s 3ms/step - loss: 4.4623 - accuracy: 0.3125
Epoch 19/25

1/1 [==============================] - ETA: 0s - loss: 4.4435 - accuracy: 0.3750
1/1 [==============================] - 0s 3ms/step - loss: 4.4435 - accuracy: 0.3750
Epoch 20/25

1/1 [==============================] - ETA: 0s - loss: 4.4247 - accuracy: 0.4375
1/1 [==============================] - 0s 3ms/step - loss: 4.4247 - accuracy: 0.4375
Epoch 21/25

1/1 [==============================] - ETA: 0s - loss: 4.4060 - accuracy: 0.4375
1/1 [==============================] - 0s 4ms/step - loss: 4.4060 - accuracy: 0.4375
Epoch 22/25

1/1 [==============================] - ETA: 0s - loss: 4.3873 - accuracy: 0.4375
1/1 [==============================] - 0s 3ms/step - loss: 4.3873 - accuracy: 0.4375
Epoch 23/25

1/1 [==============================] - ETA: 0s - loss: 4.3686 - accuracy: 0.4375
1/1 [==============================] - 0s 4ms/step - loss: 4.3686 - accuracy: 0.4375
Epoch 24/25

1/1 [==============================] - ETA: 0s - loss: 4.3500 - accuracy: 0.4375
1/1 [==============================] - 0s 2ms/step - loss: 4.3500 - accuracy: 0.4375
Epoch 25/25

1/1 [==============================] - ETA: 0s - loss: 4.3314 - accuracy: 0.4375
1/1 [==============================] - 0s 3ms/step - loss: 4.3314 - accuracy: 0.4375
# predict: steps=12
# predict: tnodeembed_metrics
# predict: node2vec_metrics
tnodeembed: {'auc': 0.7540327997450543, 'f1_micro': 0.0, 'f1_macro': 0.0} tNodeEmbed_final_loss=4.092063903808594 tNodeEmbed_final_accuracy=0.625 
node2vec: {'auc': 0.6328134116147379, 'f1_micro': 0.0, 'f1_macro': 0.0} node2vec_final_loss=4.331377029418945 node2vec_final_accuracy=0.4375 
