# load graph
Processing Static file: filename='CollegeMsg_20040428.csv'
# initialize tNodeEmbed for dataset=COLLEGE_NC, test_size=0.2
# load dataset
# fit
# tNodeEmbed steps_per_epoch=1
Epoch 1/25

1/1 [==============================] - ETA: 0s - loss: 4.7419 - accuracy: 0.1250
1/1 [==============================] - 1s 1s/step - loss: 4.7419 - accuracy: 0.1250
Epoch 2/25

1/1 [==============================] - ETA: 0s - loss: 4.7296 - accuracy: 0.1250
1/1 [==============================] - 0s 3ms/step - loss: 4.7296 - accuracy: 0.1250
Epoch 3/25

1/1 [==============================] - ETA: 0s - loss: 4.7173 - accuracy: 0.1875
1/1 [==============================] - 0s 3ms/step - loss: 4.7173 - accuracy: 0.1875
Epoch 4/25

1/1 [==============================] - ETA: 0s - loss: 4.7049 - accuracy: 0.2500
1/1 [==============================] - 0s 4ms/step - loss: 4.7049 - accuracy: 0.2500
Epoch 5/25

1/1 [==============================] - ETA: 0s - loss: 4.6923 - accuracy: 0.2500
1/1 [==============================] - 0s 4ms/step - loss: 4.6923 - accuracy: 0.2500
Epoch 6/25

1/1 [==============================] - ETA: 0s - loss: 4.6796 - accuracy: 0.3125
1/1 [==============================] - 0s 4ms/step - loss: 4.6796 - accuracy: 0.3125
Epoch 7/25

1/1 [==============================] - ETA: 0s - loss: 4.6665 - accuracy: 0.3125
1/1 [==============================] - 0s 4ms/step - loss: 4.6665 - accuracy: 0.3125
Epoch 8/25

1/1 [==============================] - ETA: 0s - loss: 4.6532 - accuracy: 0.3125
1/1 [==============================] - 0s 4ms/step - loss: 4.6532 - accuracy: 0.3125
Epoch 9/25

1/1 [==============================] - ETA: 0s - loss: 4.6394 - accuracy: 0.3125
1/1 [==============================] - 0s 4ms/step - loss: 4.6394 - accuracy: 0.3125
Epoch 10/25

1/1 [==============================] - ETA: 0s - loss: 4.6252 - accuracy: 0.3125
1/1 [==============================] - 0s 4ms/step - loss: 4.6252 - accuracy: 0.3125
Epoch 11/25

1/1 [==============================] - ETA: 0s - loss: 4.6106 - accuracy: 0.3125
1/1 [==============================] - 0s 4ms/step - loss: 4.6106 - accuracy: 0.3125
Epoch 12/25

1/1 [==============================] - ETA: 0s - loss: 4.5953 - accuracy: 0.3125
1/1 [==============================] - 0s 4ms/step - loss: 4.5953 - accuracy: 0.3125
Epoch 13/25

1/1 [==============================] - ETA: 0s - loss: 4.5796 - accuracy: 0.3125
1/1 [==============================] - 0s 4ms/step - loss: 4.5796 - accuracy: 0.3125
Epoch 14/25

1/1 [==============================] - ETA: 0s - loss: 4.5632 - accuracy: 0.3125
1/1 [==============================] - 0s 3ms/step - loss: 4.5632 - accuracy: 0.3125
Epoch 15/25

1/1 [==============================] - ETA: 0s - loss: 4.5463 - accuracy: 0.3125
1/1 [==============================] - 0s 4ms/step - loss: 4.5463 - accuracy: 0.3125
Epoch 16/25

1/1 [==============================] - ETA: 0s - loss: 4.5287 - accuracy: 0.3125
1/1 [==============================] - 0s 4ms/step - loss: 4.5287 - accuracy: 0.3125
Epoch 17/25

1/1 [==============================] - ETA: 0s - loss: 4.5104 - accuracy: 0.3125
1/1 [==============================] - 0s 3ms/step - loss: 4.5104 - accuracy: 0.3125
Epoch 18/25

1/1 [==============================] - ETA: 0s - loss: 4.4915 - accuracy: 0.3125
1/1 [==============================] - 0s 4ms/step - loss: 4.4915 - accuracy: 0.3125
Epoch 19/25

1/1 [==============================] - ETA: 0s - loss: 4.4720 - accuracy: 0.3125
1/1 [==============================] - 0s 4ms/step - loss: 4.4720 - accuracy: 0.3125
Epoch 20/25

1/1 [==============================] - ETA: 0s - loss: 4.4518 - accuracy: 0.3125
1/1 [==============================] - 0s 3ms/step - loss: 4.4518 - accuracy: 0.3125
Epoch 21/25

1/1 [==============================] - ETA: 0s - loss: 4.4309 - accuracy: 0.3125
1/1 [==============================] - 0s 4ms/step - loss: 4.4309 - accuracy: 0.3125
Epoch 22/25

1/1 [==============================] - ETA: 0s - loss: 4.4095 - accuracy: 0.3125
1/1 [==============================] - 0s 3ms/step - loss: 4.4095 - accuracy: 0.3125
Epoch 23/25

1/1 [==============================] - ETA: 0s - loss: 4.3874 - accuracy: 0.3125
1/1 [==============================] - 0s 3ms/step - loss: 4.3874 - accuracy: 0.3125
Epoch 24/25

1/1 [==============================] - ETA: 0s - loss: 4.3649 - accuracy: 0.3125
1/1 [==============================] - 0s 4ms/step - loss: 4.3649 - accuracy: 0.3125
Epoch 25/25

1/1 [==============================] - ETA: 0s - loss: 4.3418 - accuracy: 0.3125
1/1 [==============================] - 0s 3ms/step - loss: 4.3418 - accuracy: 0.3125
# node2vec
Epoch 1/25

1/1 [==============================] - ETA: 0s - loss: 4.7429 - accuracy: 0.1250
1/1 [==============================] - 0s 197ms/step - loss: 4.7429 - accuracy: 0.1250
Epoch 2/25

1/1 [==============================] - ETA: 0s - loss: 4.7333 - accuracy: 0.1250
1/1 [==============================] - 0s 2ms/step - loss: 4.7333 - accuracy: 0.1250
Epoch 3/25

1/1 [==============================] - ETA: 0s - loss: 4.7237 - accuracy: 0.1250
1/1 [==============================] - 0s 2ms/step - loss: 4.7237 - accuracy: 0.1250
Epoch 4/25

1/1 [==============================] - ETA: 0s - loss: 4.7141 - accuracy: 0.1250
1/1 [==============================] - 0s 2ms/step - loss: 4.7141 - accuracy: 0.1250
Epoch 5/25

1/1 [==============================] - ETA: 0s - loss: 4.7045 - accuracy: 0.1250
1/1 [==============================] - 0s 3ms/step - loss: 4.7045 - accuracy: 0.1250
Epoch 6/25

1/1 [==============================] - ETA: 0s - loss: 4.6949 - accuracy: 0.1250
1/1 [==============================] - 0s 4ms/step - loss: 4.6949 - accuracy: 0.1250
Epoch 7/25

1/1 [==============================] - ETA: 0s - loss: 4.6853 - accuracy: 0.1250
1/1 [==============================] - 0s 3ms/step - loss: 4.6853 - accuracy: 0.1250
Epoch 8/25

1/1 [==============================] - ETA: 0s - loss: 4.6758 - accuracy: 0.1250
1/1 [==============================] - 0s 3ms/step - loss: 4.6758 - accuracy: 0.1250
Epoch 9/25

1/1 [==============================] - ETA: 0s - loss: 4.6662 - accuracy: 0.1250
1/1 [==============================] - 0s 3ms/step - loss: 4.6662 - accuracy: 0.1250
Epoch 10/25

1/1 [==============================] - ETA: 0s - loss: 4.6566 - accuracy: 0.1250
1/1 [==============================] - 0s 3ms/step - loss: 4.6566 - accuracy: 0.1250
Epoch 11/25

1/1 [==============================] - ETA: 0s - loss: 4.6471 - accuracy: 0.1250
1/1 [==============================] - 0s 4ms/step - loss: 4.6471 - accuracy: 0.1250
Epoch 12/25

1/1 [==============================] - ETA: 0s - loss: 4.6375 - accuracy: 0.1875
1/1 [==============================] - 0s 3ms/step - loss: 4.6375 - accuracy: 0.1875
Epoch 13/25

1/1 [==============================] - ETA: 0s - loss: 4.6280 - accuracy: 0.1875
1/1 [==============================] - 0s 4ms/step - loss: 4.6280 - accuracy: 0.1875
Epoch 14/25

1/1 [==============================] - ETA: 0s - loss: 4.6185 - accuracy: 0.2500
1/1 [==============================] - 0s 3ms/step - loss: 4.6185 - accuracy: 0.2500
Epoch 15/25

1/1 [==============================] - ETA: 0s - loss: 4.6090 - accuracy: 0.2500
1/1 [==============================] - 0s 4ms/step - loss: 4.6090 - accuracy: 0.2500
Epoch 16/25

1/1 [==============================] - ETA: 0s - loss: 4.5995 - accuracy: 0.2500
1/1 [==============================] - 0s 4ms/step - loss: 4.5995 - accuracy: 0.2500
Epoch 17/25

1/1 [==============================] - ETA: 0s - loss: 4.5900 - accuracy: 0.2500
1/1 [==============================] - 0s 2ms/step - loss: 4.5900 - accuracy: 0.2500
Epoch 18/25

1/1 [==============================] - ETA: 0s - loss: 4.5805 - accuracy: 0.2500
1/1 [==============================] - 0s 4ms/step - loss: 4.5805 - accuracy: 0.2500
Epoch 19/25

1/1 [==============================] - ETA: 0s - loss: 4.5710 - accuracy: 0.2500
1/1 [==============================] - 0s 4ms/step - loss: 4.5710 - accuracy: 0.2500
Epoch 20/25

1/1 [==============================] - ETA: 0s - loss: 4.5616 - accuracy: 0.2500
1/1 [==============================] - 0s 3ms/step - loss: 4.5616 - accuracy: 0.2500
Epoch 21/25

1/1 [==============================] - ETA: 0s - loss: 4.5521 - accuracy: 0.2500
1/1 [==============================] - 0s 3ms/step - loss: 4.5521 - accuracy: 0.2500
Epoch 22/25

1/1 [==============================] - ETA: 0s - loss: 4.5427 - accuracy: 0.2500
1/1 [==============================] - 0s 3ms/step - loss: 4.5427 - accuracy: 0.2500
Epoch 23/25

1/1 [==============================] - ETA: 0s - loss: 4.5333 - accuracy: 0.2500
1/1 [==============================] - 0s 3ms/step - loss: 4.5333 - accuracy: 0.2500
Epoch 24/25

1/1 [==============================] - ETA: 0s - loss: 4.5239 - accuracy: 0.2500
1/1 [==============================] - 0s 4ms/step - loss: 4.5239 - accuracy: 0.2500
Epoch 25/25

1/1 [==============================] - ETA: 0s - loss: 4.5146 - accuracy: 0.2500
1/1 [==============================] - 0s 3ms/step - loss: 4.5146 - accuracy: 0.2500
# predict: steps=12
# predict: tnodeembed_metrics
# predict: node2vec_metrics
tnodeembed: {'auc': 0.7312922866668302, 'f1_micro': 0.0, 'f1_macro': 0.0} tNodeEmbed_final_loss=4.341838836669922 tNodeEmbed_final_accuracy=0.3125 
node2vec: {'auc': 0.7208904407618955, 'f1_micro': 0.0, 'f1_macro': 0.0} node2vec_final_loss=4.5145673751831055 node2vec_final_accuracy=0.25 
