# load graph
Processing Static file: filename='CollegeMsg_20040620.csv'
# initialize tNodeEmbed for dataset=COLLEGE_NC, test_size=0.2
# load dataset
# fit
# tNodeEmbed steps_per_epoch=1
Epoch 1/25

1/1 [==============================] - ETA: 0s - loss: 4.7328 - accuracy: 0.0625
1/1 [==============================] - 1s 988ms/step - loss: 4.7328 - accuracy: 0.0625
Epoch 2/25

1/1 [==============================] - ETA: 0s - loss: 4.7039 - accuracy: 0.0625
1/1 [==============================] - 0s 4ms/step - loss: 4.7039 - accuracy: 0.0625
Epoch 3/25

1/1 [==============================] - ETA: 0s - loss: 4.6749 - accuracy: 0.2500
1/1 [==============================] - 0s 4ms/step - loss: 4.6749 - accuracy: 0.2500
Epoch 4/25

1/1 [==============================] - ETA: 0s - loss: 4.6455 - accuracy: 0.3125
1/1 [==============================] - 0s 3ms/step - loss: 4.6455 - accuracy: 0.3125
Epoch 5/25

1/1 [==============================] - ETA: 0s - loss: 4.6158 - accuracy: 0.5625
1/1 [==============================] - 0s 3ms/step - loss: 4.6158 - accuracy: 0.5625
Epoch 6/25

1/1 [==============================] - ETA: 0s - loss: 4.5856 - accuracy: 0.8750
1/1 [==============================] - 0s 4ms/step - loss: 4.5856 - accuracy: 0.8750
Epoch 7/25

1/1 [==============================] - ETA: 0s - loss: 4.5547 - accuracy: 0.8750
1/1 [==============================] - 0s 4ms/step - loss: 4.5547 - accuracy: 0.8750
Epoch 8/25

1/1 [==============================] - ETA: 0s - loss: 4.5231 - accuracy: 0.8750
1/1 [==============================] - 0s 3ms/step - loss: 4.5231 - accuracy: 0.8750
Epoch 9/25

1/1 [==============================] - ETA: 0s - loss: 4.4905 - accuracy: 0.8750
1/1 [==============================] - 0s 4ms/step - loss: 4.4905 - accuracy: 0.8750
Epoch 10/25

1/1 [==============================] - ETA: 0s - loss: 4.4570 - accuracy: 0.8750
1/1 [==============================] - 0s 3ms/step - loss: 4.4570 - accuracy: 0.8750
Epoch 11/25

1/1 [==============================] - ETA: 0s - loss: 4.4223 - accuracy: 0.8750
1/1 [==============================] - 0s 3ms/step - loss: 4.4223 - accuracy: 0.8750
Epoch 12/25

1/1 [==============================] - ETA: 0s - loss: 4.3863 - accuracy: 0.8750
1/1 [==============================] - 0s 3ms/step - loss: 4.3863 - accuracy: 0.8750
Epoch 13/25

1/1 [==============================] - ETA: 0s - loss: 4.3490 - accuracy: 0.8750
1/1 [==============================] - 0s 4ms/step - loss: 4.3490 - accuracy: 0.8750
Epoch 14/25

1/1 [==============================] - ETA: 0s - loss: 4.3103 - accuracy: 0.8750
1/1 [==============================] - 0s 4ms/step - loss: 4.3103 - accuracy: 0.8750
Epoch 15/25

1/1 [==============================] - ETA: 0s - loss: 4.2700 - accuracy: 0.8750
1/1 [==============================] - 0s 4ms/step - loss: 4.2700 - accuracy: 0.8750
Epoch 16/25

1/1 [==============================] - ETA: 0s - loss: 4.2281 - accuracy: 0.8750
1/1 [==============================] - 0s 5ms/step - loss: 4.2281 - accuracy: 0.8750
Epoch 17/25

1/1 [==============================] - ETA: 0s - loss: 4.1845 - accuracy: 0.8750
1/1 [==============================] - 0s 4ms/step - loss: 4.1845 - accuracy: 0.8750
Epoch 18/25

1/1 [==============================] - ETA: 0s - loss: 4.1390 - accuracy: 0.8750
1/1 [==============================] - 0s 4ms/step - loss: 4.1390 - accuracy: 0.8750
Epoch 19/25

1/1 [==============================] - ETA: 0s - loss: 4.0917 - accuracy: 0.8750
1/1 [==============================] - 0s 3ms/step - loss: 4.0917 - accuracy: 0.8750
Epoch 20/25

1/1 [==============================] - ETA: 0s - loss: 4.0425 - accuracy: 0.8750
1/1 [==============================] - 0s 3ms/step - loss: 4.0425 - accuracy: 0.8750
Epoch 21/25

1/1 [==============================] - ETA: 0s - loss: 3.9913 - accuracy: 0.8750
1/1 [==============================] - 0s 4ms/step - loss: 3.9913 - accuracy: 0.8750
Epoch 22/25

1/1 [==============================] - ETA: 0s - loss: 3.9380 - accuracy: 0.8750
1/1 [==============================] - 0s 4ms/step - loss: 3.9380 - accuracy: 0.8750
Epoch 23/25

1/1 [==============================] - ETA: 0s - loss: 3.8827 - accuracy: 0.8750
1/1 [==============================] - 0s 3ms/step - loss: 3.8827 - accuracy: 0.8750
Epoch 24/25

1/1 [==============================] - ETA: 0s - loss: 3.8252 - accuracy: 0.8750
1/1 [==============================] - 0s 3ms/step - loss: 3.8252 - accuracy: 0.8750
Epoch 25/25

1/1 [==============================] - ETA: 0s - loss: 3.7657 - accuracy: 0.8750
1/1 [==============================] - 0s 3ms/step - loss: 3.7657 - accuracy: 0.8750
# node2vec
Epoch 1/25

1/1 [==============================] - ETA: 0s - loss: 4.8424 - accuracy: 0.0625
1/1 [==============================] - 0s 239ms/step - loss: 4.8424 - accuracy: 0.0625
Epoch 2/25

1/1 [==============================] - ETA: 0s - loss: 4.8105 - accuracy: 0.0625
1/1 [==============================] - 0s 3ms/step - loss: 4.8105 - accuracy: 0.0625
Epoch 3/25

1/1 [==============================] - ETA: 0s - loss: 4.7786 - accuracy: 0.0625
1/1 [==============================] - 0s 5ms/step - loss: 4.7786 - accuracy: 0.0625
Epoch 4/25

1/1 [==============================] - ETA: 0s - loss: 4.7467 - accuracy: 0.0625
1/1 [==============================] - 0s 5ms/step - loss: 4.7467 - accuracy: 0.0625
Epoch 5/25

1/1 [==============================] - ETA: 0s - loss: 4.7149 - accuracy: 0.1250
1/1 [==============================] - 0s 5ms/step - loss: 4.7149 - accuracy: 0.1250
Epoch 6/25

1/1 [==============================] - ETA: 0s - loss: 4.6831 - accuracy: 0.1250
1/1 [==============================] - 0s 4ms/step - loss: 4.6831 - accuracy: 0.1250
Epoch 7/25

1/1 [==============================] - ETA: 0s - loss: 4.6514 - accuracy: 0.1250
1/1 [==============================] - 0s 4ms/step - loss: 4.6514 - accuracy: 0.1250
Epoch 8/25

1/1 [==============================] - ETA: 0s - loss: 4.6197 - accuracy: 0.1250
1/1 [==============================] - 0s 3ms/step - loss: 4.6197 - accuracy: 0.1250
Epoch 9/25

1/1 [==============================] - ETA: 0s - loss: 4.5880 - accuracy: 0.1250
1/1 [==============================] - 0s 3ms/step - loss: 4.5880 - accuracy: 0.1250
Epoch 10/25

1/1 [==============================] - ETA: 0s - loss: 4.5564 - accuracy: 0.1875
1/1 [==============================] - 0s 3ms/step - loss: 4.5564 - accuracy: 0.1875
Epoch 11/25

1/1 [==============================] - ETA: 0s - loss: 4.5249 - accuracy: 0.1875
1/1 [==============================] - 0s 3ms/step - loss: 4.5249 - accuracy: 0.1875
Epoch 12/25

1/1 [==============================] - ETA: 0s - loss: 4.4934 - accuracy: 0.1875
1/1 [==============================] - 0s 4ms/step - loss: 4.4934 - accuracy: 0.1875
Epoch 13/25

1/1 [==============================] - ETA: 0s - loss: 4.4620 - accuracy: 0.1875
1/1 [==============================] - 0s 4ms/step - loss: 4.4620 - accuracy: 0.1875
Epoch 14/25

1/1 [==============================] - ETA: 0s - loss: 4.4306 - accuracy: 0.1875
1/1 [==============================] - 0s 3ms/step - loss: 4.4306 - accuracy: 0.1875
Epoch 15/25

1/1 [==============================] - ETA: 0s - loss: 4.3993 - accuracy: 0.1875
1/1 [==============================] - 0s 4ms/step - loss: 4.3993 - accuracy: 0.1875
Epoch 16/25

1/1 [==============================] - ETA: 0s - loss: 4.3680 - accuracy: 0.1875
1/1 [==============================] - 0s 3ms/step - loss: 4.3680 - accuracy: 0.1875
Epoch 17/25

1/1 [==============================] - ETA: 0s - loss: 4.3368 - accuracy: 0.1875
1/1 [==============================] - 0s 3ms/step - loss: 4.3368 - accuracy: 0.1875
Epoch 18/25

1/1 [==============================] - ETA: 0s - loss: 4.3057 - accuracy: 0.1875
1/1 [==============================] - 0s 3ms/step - loss: 4.3057 - accuracy: 0.1875
Epoch 19/25

1/1 [==============================] - ETA: 0s - loss: 4.2746 - accuracy: 0.1875
1/1 [==============================] - 0s 3ms/step - loss: 4.2746 - accuracy: 0.1875
Epoch 20/25

1/1 [==============================] - ETA: 0s - loss: 4.2436 - accuracy: 0.2500
1/1 [==============================] - 0s 4ms/step - loss: 4.2436 - accuracy: 0.2500
Epoch 21/25

1/1 [==============================] - ETA: 0s - loss: 4.2127 - accuracy: 0.3125
1/1 [==============================] - 0s 3ms/step - loss: 4.2127 - accuracy: 0.3125
Epoch 22/25

1/1 [==============================] - ETA: 0s - loss: 4.1819 - accuracy: 0.3750
1/1 [==============================] - 0s 4ms/step - loss: 4.1819 - accuracy: 0.3750
Epoch 23/25

1/1 [==============================] - ETA: 0s - loss: 4.1511 - accuracy: 0.3750
1/1 [==============================] - 0s 3ms/step - loss: 4.1511 - accuracy: 0.3750
Epoch 24/25

1/1 [==============================] - ETA: 0s - loss: 4.1204 - accuracy: 0.3750
1/1 [==============================] - 0s 4ms/step - loss: 4.1204 - accuracy: 0.3750
Epoch 25/25

1/1 [==============================] - ETA: 0s - loss: 4.0898 - accuracy: 0.3750
1/1 [==============================] - 0s 4ms/step - loss: 4.0898 - accuracy: 0.3750
# predict: steps=12
# predict: tnodeembed_metrics
# predict: node2vec_metrics
tnodeembed: {'auc': 0.7302125671071018, 'f1_micro': 0.0, 'f1_macro': 0.0} tNodeEmbed_final_loss=3.7657015323638916 tNodeEmbed_final_accuracy=0.875 
node2vec: {'auc': 0.6501585750006129, 'f1_micro': 0.0, 'f1_macro': 0.0} node2vec_final_loss=4.089783191680908 node2vec_final_accuracy=0.375 
