# load graph
Processing Static file: filename='CollegeMsg_20040626.csv'
# initialize tNodeEmbed for dataset=COLLEGE_NC, test_size=0.2
# load dataset
# fit
# tNodeEmbed steps_per_epoch=1
Epoch 1/25

1/1 [==============================] - ETA: 0s - loss: 4.7352 - accuracy: 0.0625
1/1 [==============================] - 1s 1s/step - loss: 4.7352 - accuracy: 0.0625
Epoch 2/25

1/1 [==============================] - ETA: 0s - loss: 4.7060 - accuracy: 0.0625
1/1 [==============================] - 0s 5ms/step - loss: 4.7060 - accuracy: 0.0625
Epoch 3/25

1/1 [==============================] - ETA: 0s - loss: 4.6768 - accuracy: 0.1250
1/1 [==============================] - 0s 5ms/step - loss: 4.6768 - accuracy: 0.1250
Epoch 4/25

1/1 [==============================] - ETA: 0s - loss: 4.6473 - accuracy: 0.3125
1/1 [==============================] - 0s 4ms/step - loss: 4.6473 - accuracy: 0.3125
Epoch 5/25

1/1 [==============================] - ETA: 0s - loss: 4.6175 - accuracy: 0.6875
1/1 [==============================] - 0s 4ms/step - loss: 4.6175 - accuracy: 0.6875
Epoch 6/25

1/1 [==============================] - ETA: 0s - loss: 4.5872 - accuracy: 0.6875
1/1 [==============================] - 0s 6ms/step - loss: 4.5872 - accuracy: 0.6875
Epoch 7/25

1/1 [==============================] - ETA: 0s - loss: 4.5563 - accuracy: 0.7500
1/1 [==============================] - 0s 4ms/step - loss: 4.5563 - accuracy: 0.7500
Epoch 8/25

1/1 [==============================] - ETA: 0s - loss: 4.5247 - accuracy: 0.7500
1/1 [==============================] - 0s 4ms/step - loss: 4.5247 - accuracy: 0.7500
Epoch 9/25

1/1 [==============================] - ETA: 0s - loss: 4.4923 - accuracy: 0.7500
1/1 [==============================] - 0s 4ms/step - loss: 4.4923 - accuracy: 0.7500
Epoch 10/25

1/1 [==============================] - ETA: 0s - loss: 4.4589 - accuracy: 0.7500
1/1 [==============================] - 0s 4ms/step - loss: 4.4589 - accuracy: 0.7500
Epoch 11/25

1/1 [==============================] - ETA: 0s - loss: 4.4244 - accuracy: 0.7500
1/1 [==============================] - 0s 4ms/step - loss: 4.4244 - accuracy: 0.7500
Epoch 12/25

1/1 [==============================] - ETA: 0s - loss: 4.3887 - accuracy: 0.8125
1/1 [==============================] - 0s 3ms/step - loss: 4.3887 - accuracy: 0.8125
Epoch 13/25

1/1 [==============================] - ETA: 0s - loss: 4.3517 - accuracy: 0.8125
1/1 [==============================] - 0s 4ms/step - loss: 4.3517 - accuracy: 0.8125
Epoch 14/25

1/1 [==============================] - ETA: 0s - loss: 4.3133 - accuracy: 0.8125
1/1 [==============================] - 0s 4ms/step - loss: 4.3133 - accuracy: 0.8125
Epoch 15/25

1/1 [==============================] - ETA: 0s - loss: 4.2733 - accuracy: 0.8125
1/1 [==============================] - 0s 4ms/step - loss: 4.2733 - accuracy: 0.8125
Epoch 16/25

1/1 [==============================] - ETA: 0s - loss: 4.2318 - accuracy: 0.8125
1/1 [==============================] - 0s 4ms/step - loss: 4.2318 - accuracy: 0.8125
Epoch 17/25

1/1 [==============================] - ETA: 0s - loss: 4.1885 - accuracy: 0.8125
1/1 [==============================] - 0s 4ms/step - loss: 4.1885 - accuracy: 0.8125
Epoch 18/25

1/1 [==============================] - ETA: 0s - loss: 4.1434 - accuracy: 0.8125
1/1 [==============================] - 0s 3ms/step - loss: 4.1434 - accuracy: 0.8125
Epoch 19/25

1/1 [==============================] - ETA: 0s - loss: 4.0965 - accuracy: 0.8125
1/1 [==============================] - 0s 4ms/step - loss: 4.0965 - accuracy: 0.8125
Epoch 20/25

1/1 [==============================] - ETA: 0s - loss: 4.0477 - accuracy: 0.8125
1/1 [==============================] - 0s 4ms/step - loss: 4.0477 - accuracy: 0.8125
Epoch 21/25

1/1 [==============================] - ETA: 0s - loss: 3.9968 - accuracy: 0.8125
1/1 [==============================] - 0s 3ms/step - loss: 3.9968 - accuracy: 0.8125
Epoch 22/25

1/1 [==============================] - ETA: 0s - loss: 3.9439 - accuracy: 0.8125
1/1 [==============================] - 0s 4ms/step - loss: 3.9439 - accuracy: 0.8125
Epoch 23/25

1/1 [==============================] - ETA: 0s - loss: 3.8889 - accuracy: 0.8125
1/1 [==============================] - 0s 4ms/step - loss: 3.8889 - accuracy: 0.8125
Epoch 24/25

1/1 [==============================] - ETA: 0s - loss: 3.8317 - accuracy: 0.8125
1/1 [==============================] - 0s 4ms/step - loss: 3.8317 - accuracy: 0.8125
Epoch 25/25

1/1 [==============================] - ETA: 0s - loss: 3.7723 - accuracy: 0.8125
1/1 [==============================] - 0s 4ms/step - loss: 3.7723 - accuracy: 0.8125
# node2vec
Epoch 1/25

1/1 [==============================] - ETA: 0s - loss: 4.8297 - accuracy: 0.0625
1/1 [==============================] - 0s 226ms/step - loss: 4.8297 - accuracy: 0.0625
Epoch 2/25

1/1 [==============================] - ETA: 0s - loss: 4.7974 - accuracy: 0.0625
1/1 [==============================] - 0s 3ms/step - loss: 4.7974 - accuracy: 0.0625
Epoch 3/25

1/1 [==============================] - ETA: 0s - loss: 4.7652 - accuracy: 0.0625
1/1 [==============================] - 0s 2ms/step - loss: 4.7652 - accuracy: 0.0625
Epoch 4/25

1/1 [==============================] - ETA: 0s - loss: 4.7330 - accuracy: 0.0000e+00
1/1 [==============================] - 0s 3ms/step - loss: 4.7330 - accuracy: 0.0000e+00
Epoch 5/25

1/1 [==============================] - ETA: 0s - loss: 4.7009 - accuracy: 0.0625
1/1 [==============================] - 0s 8ms/step - loss: 4.7009 - accuracy: 0.0625
Epoch 6/25

1/1 [==============================] - ETA: 0s - loss: 4.6688 - accuracy: 0.0625
1/1 [==============================] - 0s 4ms/step - loss: 4.6688 - accuracy: 0.0625
Epoch 7/25

1/1 [==============================] - ETA: 0s - loss: 4.6368 - accuracy: 0.0625
1/1 [==============================] - 0s 3ms/step - loss: 4.6368 - accuracy: 0.0625
Epoch 8/25

1/1 [==============================] - ETA: 0s - loss: 4.6047 - accuracy: 0.0625
1/1 [==============================] - 0s 5ms/step - loss: 4.6047 - accuracy: 0.0625
Epoch 9/25

1/1 [==============================] - ETA: 0s - loss: 4.5728 - accuracy: 0.0625
1/1 [==============================] - 0s 4ms/step - loss: 4.5728 - accuracy: 0.0625
Epoch 10/25

1/1 [==============================] - ETA: 0s - loss: 4.5409 - accuracy: 0.0625
1/1 [==============================] - 0s 2ms/step - loss: 4.5409 - accuracy: 0.0625
Epoch 11/25

1/1 [==============================] - ETA: 0s - loss: 4.5090 - accuracy: 0.0625
1/1 [==============================] - 0s 3ms/step - loss: 4.5090 - accuracy: 0.0625
Epoch 12/25

1/1 [==============================] - ETA: 0s - loss: 4.4772 - accuracy: 0.1250
1/1 [==============================] - 0s 3ms/step - loss: 4.4772 - accuracy: 0.1250
Epoch 13/25

1/1 [==============================] - ETA: 0s - loss: 4.4454 - accuracy: 0.1875
1/1 [==============================] - 0s 2ms/step - loss: 4.4454 - accuracy: 0.1875
Epoch 14/25

1/1 [==============================] - ETA: 0s - loss: 4.4137 - accuracy: 0.2500
1/1 [==============================] - 0s 3ms/step - loss: 4.4137 - accuracy: 0.2500
Epoch 15/25

1/1 [==============================] - ETA: 0s - loss: 4.3821 - accuracy: 0.2500
1/1 [==============================] - 0s 3ms/step - loss: 4.3821 - accuracy: 0.2500
Epoch 16/25

1/1 [==============================] - ETA: 0s - loss: 4.3505 - accuracy: 0.2500
1/1 [==============================] - 0s 3ms/step - loss: 4.3505 - accuracy: 0.2500
Epoch 17/25

1/1 [==============================] - ETA: 0s - loss: 4.3190 - accuracy: 0.3125
1/1 [==============================] - 0s 3ms/step - loss: 4.3190 - accuracy: 0.3125
Epoch 18/25

1/1 [==============================] - ETA: 0s - loss: 4.2876 - accuracy: 0.3125
1/1 [==============================] - 0s 3ms/step - loss: 4.2876 - accuracy: 0.3125
Epoch 19/25

1/1 [==============================] - ETA: 0s - loss: 4.2562 - accuracy: 0.3125
1/1 [==============================] - 0s 2ms/step - loss: 4.2562 - accuracy: 0.3125
Epoch 20/25

1/1 [==============================] - ETA: 0s - loss: 4.2249 - accuracy: 0.3125
1/1 [==============================] - 0s 3ms/step - loss: 4.2249 - accuracy: 0.3125
Epoch 21/25

1/1 [==============================] - ETA: 0s - loss: 4.1936 - accuracy: 0.3125
1/1 [==============================] - 0s 3ms/step - loss: 4.1936 - accuracy: 0.3125
Epoch 22/25

1/1 [==============================] - ETA: 0s - loss: 4.1624 - accuracy: 0.3125
1/1 [==============================] - 0s 3ms/step - loss: 4.1624 - accuracy: 0.3125
Epoch 23/25

1/1 [==============================] - ETA: 0s - loss: 4.1313 - accuracy: 0.3750
1/1 [==============================] - 0s 3ms/step - loss: 4.1313 - accuracy: 0.3750
Epoch 24/25

1/1 [==============================] - ETA: 0s - loss: 4.1003 - accuracy: 0.3750
1/1 [==============================] - 0s 3ms/step - loss: 4.1003 - accuracy: 0.3750
Epoch 25/25

1/1 [==============================] - ETA: 0s - loss: 4.0694 - accuracy: 0.3750
1/1 [==============================] - 0s 3ms/step - loss: 4.0694 - accuracy: 0.3750
# predict: steps=12
# predict: tnodeembed_metrics
# predict: node2vec_metrics
tnodeembed: {'auc': 0.6639953852376632, 'f1_micro': 0.0, 'f1_macro': 0.0} tNodeEmbed_final_loss=3.7723278999328613 tNodeEmbed_final_accuracy=0.8125 
node2vec: {'auc': 0.5803471490206653, 'f1_micro': 0.0, 'f1_macro': 0.0} node2vec_final_loss=4.069370269775391 node2vec_final_accuracy=0.375 
