# load graph
Processing Static file: filename='CollegeMsg_20040722.csv'
# initialize tNodeEmbed for dataset=COLLEGE_NC, test_size=0.2
# load dataset
# fit
# tNodeEmbed steps_per_epoch=1
Epoch 1/25

1/1 [==============================] - ETA: 0s - loss: 4.7377 - accuracy: 0.0625
1/1 [==============================] - 1s 1s/step - loss: 4.7377 - accuracy: 0.0625
Epoch 2/25

1/1 [==============================] - ETA: 0s - loss: 4.7038 - accuracy: 0.1250
1/1 [==============================] - 0s 5ms/step - loss: 4.7038 - accuracy: 0.1250
Epoch 3/25

1/1 [==============================] - ETA: 0s - loss: 4.6698 - accuracy: 0.1250
1/1 [==============================] - 0s 6ms/step - loss: 4.6698 - accuracy: 0.1250
Epoch 4/25

1/1 [==============================] - ETA: 0s - loss: 4.6356 - accuracy: 0.3750
1/1 [==============================] - 0s 4ms/step - loss: 4.6356 - accuracy: 0.3750
Epoch 5/25

1/1 [==============================] - ETA: 0s - loss: 4.6010 - accuracy: 0.4375
1/1 [==============================] - 0s 4ms/step - loss: 4.6010 - accuracy: 0.4375
Epoch 6/25

1/1 [==============================] - ETA: 0s - loss: 4.5659 - accuracy: 0.5625
1/1 [==============================] - 0s 6ms/step - loss: 4.5659 - accuracy: 0.5625
Epoch 7/25

1/1 [==============================] - ETA: 0s - loss: 4.5302 - accuracy: 0.8125
1/1 [==============================] - 0s 5ms/step - loss: 4.5302 - accuracy: 0.8125
Epoch 8/25

1/1 [==============================] - ETA: 0s - loss: 4.4938 - accuracy: 0.8750
1/1 [==============================] - 0s 4ms/step - loss: 4.4938 - accuracy: 0.8750
Epoch 9/25

1/1 [==============================] - ETA: 0s - loss: 4.4564 - accuracy: 0.9375
1/1 [==============================] - 0s 4ms/step - loss: 4.4564 - accuracy: 0.9375
Epoch 10/25

1/1 [==============================] - ETA: 0s - loss: 4.4181 - accuracy: 1.0000
1/1 [==============================] - 0s 4ms/step - loss: 4.4181 - accuracy: 1.0000
Epoch 11/25

1/1 [==============================] - ETA: 0s - loss: 4.3786 - accuracy: 1.0000
1/1 [==============================] - 0s 4ms/step - loss: 4.3786 - accuracy: 1.0000
Epoch 12/25

1/1 [==============================] - ETA: 0s - loss: 4.3378 - accuracy: 1.0000
1/1 [==============================] - 0s 4ms/step - loss: 4.3378 - accuracy: 1.0000
Epoch 13/25

1/1 [==============================] - ETA: 0s - loss: 4.2956 - accuracy: 1.0000
1/1 [==============================] - 0s 5ms/step - loss: 4.2956 - accuracy: 1.0000
Epoch 14/25

1/1 [==============================] - ETA: 0s - loss: 4.2519 - accuracy: 1.0000
1/1 [==============================] - 0s 4ms/step - loss: 4.2519 - accuracy: 1.0000
Epoch 15/25

1/1 [==============================] - ETA: 0s - loss: 4.2066 - accuracy: 1.0000
1/1 [==============================] - 0s 4ms/step - loss: 4.2066 - accuracy: 1.0000
Epoch 16/25

1/1 [==============================] - ETA: 0s - loss: 4.1596 - accuracy: 1.0000
1/1 [==============================] - 0s 3ms/step - loss: 4.1596 - accuracy: 1.0000
Epoch 17/25

1/1 [==============================] - ETA: 0s - loss: 4.1107 - accuracy: 1.0000
1/1 [==============================] - 0s 3ms/step - loss: 4.1107 - accuracy: 1.0000
Epoch 18/25

1/1 [==============================] - ETA: 0s - loss: 4.0600 - accuracy: 1.0000
1/1 [==============================] - 0s 5ms/step - loss: 4.0600 - accuracy: 1.0000
Epoch 19/25

1/1 [==============================] - ETA: 0s - loss: 4.0072 - accuracy: 1.0000
1/1 [==============================] - 0s 3ms/step - loss: 4.0072 - accuracy: 1.0000
Epoch 20/25

1/1 [==============================] - ETA: 0s - loss: 3.9524 - accuracy: 1.0000
1/1 [==============================] - 0s 4ms/step - loss: 3.9524 - accuracy: 1.0000
Epoch 21/25

1/1 [==============================] - ETA: 0s - loss: 3.8955 - accuracy: 1.0000
1/1 [==============================] - 0s 3ms/step - loss: 3.8955 - accuracy: 1.0000
Epoch 22/25

1/1 [==============================] - ETA: 0s - loss: 3.8363 - accuracy: 1.0000
1/1 [==============================] - 0s 3ms/step - loss: 3.8363 - accuracy: 1.0000
Epoch 23/25

1/1 [==============================] - ETA: 0s - loss: 3.7749 - accuracy: 1.0000
1/1 [==============================] - 0s 4ms/step - loss: 3.7749 - accuracy: 1.0000
Epoch 24/25

1/1 [==============================] - ETA: 0s - loss: 3.7112 - accuracy: 1.0000
1/1 [==============================] - 0s 4ms/step - loss: 3.7112 - accuracy: 1.0000
Epoch 25/25

1/1 [==============================] - ETA: 0s - loss: 3.6451 - accuracy: 1.0000
1/1 [==============================] - 0s 4ms/step - loss: 3.6451 - accuracy: 1.0000
# node2vec
Epoch 1/25

1/1 [==============================] - ETA: 0s - loss: 4.8151 - accuracy: 0.0625
1/1 [==============================] - 0s 197ms/step - loss: 4.8151 - accuracy: 0.0625
Epoch 2/25

1/1 [==============================] - ETA: 0s - loss: 4.7752 - accuracy: 0.0625
1/1 [==============================] - 0s 3ms/step - loss: 4.7752 - accuracy: 0.0625
Epoch 3/25

1/1 [==============================] - ETA: 0s - loss: 4.7353 - accuracy: 0.0625
1/1 [==============================] - 0s 3ms/step - loss: 4.7353 - accuracy: 0.0625
Epoch 4/25

1/1 [==============================] - ETA: 0s - loss: 4.6955 - accuracy: 0.0625
1/1 [==============================] - 0s 2ms/step - loss: 4.6955 - accuracy: 0.0625
Epoch 5/25

1/1 [==============================] - ETA: 0s - loss: 4.6557 - accuracy: 0.0625
1/1 [==============================] - 0s 2ms/step - loss: 4.6557 - accuracy: 0.0625
Epoch 6/25

1/1 [==============================] - ETA: 0s - loss: 4.6160 - accuracy: 0.0625
1/1 [==============================] - 0s 2ms/step - loss: 4.6160 - accuracy: 0.0625
Epoch 7/25

1/1 [==============================] - ETA: 0s - loss: 4.5763 - accuracy: 0.0625
1/1 [==============================] - 0s 2ms/step - loss: 4.5763 - accuracy: 0.0625
Epoch 8/25

1/1 [==============================] - ETA: 0s - loss: 4.5367 - accuracy: 0.0625
1/1 [==============================] - 0s 3ms/step - loss: 4.5367 - accuracy: 0.0625
Epoch 9/25

1/1 [==============================] - ETA: 0s - loss: 4.4971 - accuracy: 0.1250
1/1 [==============================] - 0s 3ms/step - loss: 4.4971 - accuracy: 0.1250
Epoch 10/25

1/1 [==============================] - ETA: 0s - loss: 4.4577 - accuracy: 0.1875
1/1 [==============================] - 0s 2ms/step - loss: 4.4577 - accuracy: 0.1875
Epoch 11/25

1/1 [==============================] - ETA: 0s - loss: 4.4183 - accuracy: 0.1875
1/1 [==============================] - 0s 2ms/step - loss: 4.4183 - accuracy: 0.1875
Epoch 12/25

1/1 [==============================] - ETA: 0s - loss: 4.3789 - accuracy: 0.2500
1/1 [==============================] - 0s 2ms/step - loss: 4.3789 - accuracy: 0.2500
Epoch 13/25

1/1 [==============================] - ETA: 0s - loss: 4.3397 - accuracy: 0.2500
1/1 [==============================] - 0s 3ms/step - loss: 4.3397 - accuracy: 0.2500
Epoch 14/25

1/1 [==============================] - ETA: 0s - loss: 4.3005 - accuracy: 0.2500
1/1 [==============================] - 0s 3ms/step - loss: 4.3005 - accuracy: 0.2500
Epoch 15/25

1/1 [==============================] - ETA: 0s - loss: 4.2614 - accuracy: 0.2500
1/1 [==============================] - 0s 3ms/step - loss: 4.2614 - accuracy: 0.2500
Epoch 16/25

1/1 [==============================] - ETA: 0s - loss: 4.2224 - accuracy: 0.3125
1/1 [==============================] - 0s 2ms/step - loss: 4.2224 - accuracy: 0.3125
Epoch 17/25

1/1 [==============================] - ETA: 0s - loss: 4.1835 - accuracy: 0.3750
1/1 [==============================] - 0s 2ms/step - loss: 4.1835 - accuracy: 0.3750
Epoch 18/25

1/1 [==============================] - ETA: 0s - loss: 4.1446 - accuracy: 0.3750
1/1 [==============================] - 0s 3ms/step - loss: 4.1446 - accuracy: 0.3750
Epoch 19/25

1/1 [==============================] - ETA: 0s - loss: 4.1059 - accuracy: 0.4375
1/1 [==============================] - 0s 3ms/step - loss: 4.1059 - accuracy: 0.4375
Epoch 20/25

1/1 [==============================] - ETA: 0s - loss: 4.0672 - accuracy: 0.5000
1/1 [==============================] - 0s 3ms/step - loss: 4.0672 - accuracy: 0.5000
Epoch 21/25

1/1 [==============================] - ETA: 0s - loss: 4.0287 - accuracy: 0.5625
1/1 [==============================] - 0s 2ms/step - loss: 4.0287 - accuracy: 0.5625
Epoch 22/25

1/1 [==============================] - ETA: 0s - loss: 3.9902 - accuracy: 0.6250
1/1 [==============================] - 0s 3ms/step - loss: 3.9902 - accuracy: 0.6250
Epoch 23/25

1/1 [==============================] - ETA: 0s - loss: 3.9518 - accuracy: 0.6250
1/1 [==============================] - 0s 2ms/step - loss: 3.9518 - accuracy: 0.6250
Epoch 24/25

1/1 [==============================] - ETA: 0s - loss: 3.9136 - accuracy: 0.6250
1/1 [==============================] - 0s 2ms/step - loss: 3.9136 - accuracy: 0.6250
Epoch 25/25

1/1 [==============================] - ETA: 0s - loss: 3.8754 - accuracy: 0.6250
1/1 [==============================] - 0s 3ms/step - loss: 3.8754 - accuracy: 0.6250
# predict: steps=12
# predict: tnodeembed_metrics
# predict: node2vec_metrics
tnodeembed: {'auc': 0.7577611661314441, 'f1_micro': 0.0, 'f1_macro': 0.0} tNodeEmbed_final_loss=3.6451451778411865 tNodeEmbed_final_accuracy=1.0 
node2vec: {'auc': 0.698606286617802, 'f1_micro': 0.0, 'f1_macro': 0.0} node2vec_final_loss=3.875411033630371 node2vec_final_accuracy=0.625 
