# load graph
Processing Static file: filename='CollegeMsg_20040630.csv'
# initialize tNodeEmbed for dataset=COLLEGE_NC, test_size=0.2
# load dataset
# fit
# tNodeEmbed steps_per_epoch=1
Epoch 1/25

1/1 [==============================] - ETA: 0s - loss: 4.7293 - accuracy: 0.0625
1/1 [==============================] - 1s 1s/step - loss: 4.7293 - accuracy: 0.0625
Epoch 2/25

1/1 [==============================] - ETA: 0s - loss: 4.6955 - accuracy: 0.1250
1/1 [==============================] - 0s 5ms/step - loss: 4.6955 - accuracy: 0.1250
Epoch 3/25

1/1 [==============================] - ETA: 0s - loss: 4.6617 - accuracy: 0.3125
1/1 [==============================] - 0s 5ms/step - loss: 4.6617 - accuracy: 0.3125
Epoch 4/25

1/1 [==============================] - ETA: 0s - loss: 4.6276 - accuracy: 0.5000
1/1 [==============================] - 0s 5ms/step - loss: 4.6276 - accuracy: 0.5000
Epoch 5/25

1/1 [==============================] - ETA: 0s - loss: 4.5932 - accuracy: 0.6250
1/1 [==============================] - 0s 4ms/step - loss: 4.5932 - accuracy: 0.6250
Epoch 6/25

1/1 [==============================] - ETA: 0s - loss: 4.5582 - accuracy: 0.8125
1/1 [==============================] - 0s 5ms/step - loss: 4.5582 - accuracy: 0.8125
Epoch 7/25

1/1 [==============================] - ETA: 0s - loss: 4.5225 - accuracy: 0.8125
1/1 [==============================] - 0s 4ms/step - loss: 4.5225 - accuracy: 0.8125
Epoch 8/25

1/1 [==============================] - ETA: 0s - loss: 4.4859 - accuracy: 0.8750
1/1 [==============================] - 0s 4ms/step - loss: 4.4859 - accuracy: 0.8750
Epoch 9/25

1/1 [==============================] - ETA: 0s - loss: 4.4483 - accuracy: 0.8750
1/1 [==============================] - 0s 4ms/step - loss: 4.4483 - accuracy: 0.8750
Epoch 10/25

1/1 [==============================] - ETA: 0s - loss: 4.4095 - accuracy: 1.0000
1/1 [==============================] - 0s 6ms/step - loss: 4.4095 - accuracy: 1.0000
Epoch 11/25

1/1 [==============================] - ETA: 0s - loss: 4.3694 - accuracy: 1.0000
1/1 [==============================] - 0s 4ms/step - loss: 4.3694 - accuracy: 1.0000
Epoch 12/25

1/1 [==============================] - ETA: 0s - loss: 4.3277 - accuracy: 1.0000
1/1 [==============================] - 0s 4ms/step - loss: 4.3277 - accuracy: 1.0000
Epoch 13/25

1/1 [==============================] - ETA: 0s - loss: 4.2845 - accuracy: 1.0000
1/1 [==============================] - 0s 4ms/step - loss: 4.2845 - accuracy: 1.0000
Epoch 14/25

1/1 [==============================] - ETA: 0s - loss: 4.2396 - accuracy: 1.0000
1/1 [==============================] - 0s 4ms/step - loss: 4.2396 - accuracy: 1.0000
Epoch 15/25

1/1 [==============================] - ETA: 0s - loss: 4.1928 - accuracy: 1.0000
1/1 [==============================] - 0s 4ms/step - loss: 4.1928 - accuracy: 1.0000
Epoch 16/25

1/1 [==============================] - ETA: 0s - loss: 4.1441 - accuracy: 1.0000
1/1 [==============================] - 0s 4ms/step - loss: 4.1441 - accuracy: 1.0000
Epoch 17/25

1/1 [==============================] - ETA: 0s - loss: 4.0934 - accuracy: 1.0000
1/1 [==============================] - 0s 5ms/step - loss: 4.0934 - accuracy: 1.0000
Epoch 18/25

1/1 [==============================] - ETA: 0s - loss: 4.0405 - accuracy: 1.0000
1/1 [==============================] - 0s 4ms/step - loss: 4.0405 - accuracy: 1.0000
Epoch 19/25

1/1 [==============================] - ETA: 0s - loss: 3.9853 - accuracy: 1.0000
1/1 [==============================] - 0s 4ms/step - loss: 3.9853 - accuracy: 1.0000
Epoch 20/25

1/1 [==============================] - ETA: 0s - loss: 3.9279 - accuracy: 1.0000
1/1 [==============================] - 0s 4ms/step - loss: 3.9279 - accuracy: 1.0000
Epoch 21/25

1/1 [==============================] - ETA: 0s - loss: 3.8681 - accuracy: 1.0000
1/1 [==============================] - 0s 4ms/step - loss: 3.8681 - accuracy: 1.0000
Epoch 22/25

1/1 [==============================] - ETA: 0s - loss: 3.8059 - accuracy: 1.0000
1/1 [==============================] - 0s 3ms/step - loss: 3.8059 - accuracy: 1.0000
Epoch 23/25

1/1 [==============================] - ETA: 0s - loss: 3.7411 - accuracy: 1.0000
1/1 [==============================] - 0s 4ms/step - loss: 3.7411 - accuracy: 1.0000
Epoch 24/25

1/1 [==============================] - ETA: 0s - loss: 3.6739 - accuracy: 1.0000
1/1 [==============================] - 0s 3ms/step - loss: 3.6739 - accuracy: 1.0000
Epoch 25/25

1/1 [==============================] - ETA: 0s - loss: 3.6041 - accuracy: 1.0000
1/1 [==============================] - 0s 4ms/step - loss: 3.6041 - accuracy: 1.0000
# node2vec
Epoch 1/25

1/1 [==============================] - ETA: 0s - loss: 4.7274 - accuracy: 0.0625
1/1 [==============================] - 0s 217ms/step - loss: 4.7274 - accuracy: 0.0625
Epoch 2/25

1/1 [==============================] - ETA: 0s - loss: 4.6919 - accuracy: 0.0625
1/1 [==============================] - 0s 3ms/step - loss: 4.6919 - accuracy: 0.0625
Epoch 3/25

1/1 [==============================] - ETA: 0s - loss: 4.6564 - accuracy: 0.0625
1/1 [==============================] - 0s 4ms/step - loss: 4.6564 - accuracy: 0.0625
Epoch 4/25

1/1 [==============================] - ETA: 0s - loss: 4.6209 - accuracy: 0.0625
1/1 [==============================] - 0s 3ms/step - loss: 4.6209 - accuracy: 0.0625
Epoch 5/25

1/1 [==============================] - ETA: 0s - loss: 4.5856 - accuracy: 0.0625
1/1 [==============================] - 0s 3ms/step - loss: 4.5856 - accuracy: 0.0625
Epoch 6/25

1/1 [==============================] - ETA: 0s - loss: 4.5502 - accuracy: 0.0625
1/1 [==============================] - 0s 3ms/step - loss: 4.5502 - accuracy: 0.0625
Epoch 7/25

1/1 [==============================] - ETA: 0s - loss: 4.5149 - accuracy: 0.0625
1/1 [==============================] - 0s 3ms/step - loss: 4.5149 - accuracy: 0.0625
Epoch 8/25

1/1 [==============================] - ETA: 0s - loss: 4.4797 - accuracy: 0.0625
1/1 [==============================] - 0s 3ms/step - loss: 4.4797 - accuracy: 0.0625
Epoch 9/25

1/1 [==============================] - ETA: 0s - loss: 4.4445 - accuracy: 0.1250
1/1 [==============================] - 0s 3ms/step - loss: 4.4445 - accuracy: 0.1250
Epoch 10/25

1/1 [==============================] - ETA: 0s - loss: 4.4094 - accuracy: 0.1250
1/1 [==============================] - 0s 3ms/step - loss: 4.4094 - accuracy: 0.1250
Epoch 11/25

1/1 [==============================] - ETA: 0s - loss: 4.3743 - accuracy: 0.1250
1/1 [==============================] - 0s 3ms/step - loss: 4.3743 - accuracy: 0.1250
Epoch 12/25

1/1 [==============================] - ETA: 0s - loss: 4.3393 - accuracy: 0.1250
1/1 [==============================] - 0s 3ms/step - loss: 4.3393 - accuracy: 0.1250
Epoch 13/25

1/1 [==============================] - ETA: 0s - loss: 4.3044 - accuracy: 0.1875
1/1 [==============================] - 0s 2ms/step - loss: 4.3044 - accuracy: 0.1875
Epoch 14/25

1/1 [==============================] - ETA: 0s - loss: 4.2695 - accuracy: 0.1875
1/1 [==============================] - 0s 2ms/step - loss: 4.2695 - accuracy: 0.1875
Epoch 15/25

1/1 [==============================] - ETA: 0s - loss: 4.2347 - accuracy: 0.2500
1/1 [==============================] - 0s 3ms/step - loss: 4.2347 - accuracy: 0.2500
Epoch 16/25

1/1 [==============================] - ETA: 0s - loss: 4.2000 - accuracy: 0.3125
1/1 [==============================] - 0s 2ms/step - loss: 4.2000 - accuracy: 0.3125
Epoch 17/25

1/1 [==============================] - ETA: 0s - loss: 4.1654 - accuracy: 0.3125
1/1 [==============================] - 0s 2ms/step - loss: 4.1654 - accuracy: 0.3125
Epoch 18/25

1/1 [==============================] - ETA: 0s - loss: 4.1308 - accuracy: 0.3125
1/1 [==============================] - 0s 3ms/step - loss: 4.1308 - accuracy: 0.3125
Epoch 19/25

1/1 [==============================] - ETA: 0s - loss: 4.0963 - accuracy: 0.3125
1/1 [==============================] - 0s 3ms/step - loss: 4.0963 - accuracy: 0.3125
Epoch 20/25

1/1 [==============================] - ETA: 0s - loss: 4.0619 - accuracy: 0.4375
1/1 [==============================] - 0s 3ms/step - loss: 4.0619 - accuracy: 0.4375
Epoch 21/25

1/1 [==============================] - ETA: 0s - loss: 4.0275 - accuracy: 0.5000
1/1 [==============================] - 0s 3ms/step - loss: 4.0275 - accuracy: 0.5000
Epoch 22/25

1/1 [==============================] - ETA: 0s - loss: 3.9933 - accuracy: 0.5000
1/1 [==============================] - 0s 3ms/step - loss: 3.9933 - accuracy: 0.5000
Epoch 23/25

1/1 [==============================] - ETA: 0s - loss: 3.9591 - accuracy: 0.5625
1/1 [==============================] - 0s 3ms/step - loss: 3.9591 - accuracy: 0.5625
Epoch 24/25

1/1 [==============================] - ETA: 0s - loss: 3.9250 - accuracy: 0.5625
1/1 [==============================] - 0s 2ms/step - loss: 3.9250 - accuracy: 0.5625
Epoch 25/25

1/1 [==============================] - ETA: 0s - loss: 3.8910 - accuracy: 0.5625
1/1 [==============================] - 0s 2ms/step - loss: 3.8910 - accuracy: 0.5625
# predict: steps=12
# predict: tnodeembed_metrics
# predict: node2vec_metrics
tnodeembed: {'auc': 0.6744147586595739, 'f1_micro': 0.0, 'f1_macro': 0.0} tNodeEmbed_final_loss=3.6041152477264404 tNodeEmbed_final_accuracy=1.0 
node2vec: {'auc': 0.6139124053146372, 'f1_micro': 0.0, 'f1_macro': 0.0} node2vec_final_loss=3.891049861907959 node2vec_final_accuracy=0.5625 
