# load graph
Processing Static file: filename='CollegeMsg_20040914.csv'
# initialize tNodeEmbed for dataset=COLLEGE_NC, test_size=0.2
# load dataset
# fit
# tNodeEmbed steps_per_epoch=1
Epoch 1/25

1/1 [==============================] - ETA: 0s - loss: 4.7441 - accuracy: 0.0625
1/1 [==============================] - 1s 1s/step - loss: 4.7441 - accuracy: 0.0625
Epoch 2/25

1/1 [==============================] - ETA: 0s - loss: 4.7109 - accuracy: 0.0625
1/1 [==============================] - 0s 4ms/step - loss: 4.7109 - accuracy: 0.0625
Epoch 3/25

1/1 [==============================] - ETA: 0s - loss: 4.6777 - accuracy: 0.1250
1/1 [==============================] - 0s 5ms/step - loss: 4.6777 - accuracy: 0.1250
Epoch 4/25

1/1 [==============================] - ETA: 0s - loss: 4.6444 - accuracy: 0.1875
1/1 [==============================] - 0s 5ms/step - loss: 4.6444 - accuracy: 0.1875
Epoch 5/25

1/1 [==============================] - ETA: 0s - loss: 4.6107 - accuracy: 0.5000
1/1 [==============================] - 0s 5ms/step - loss: 4.6107 - accuracy: 0.5000
Epoch 6/25

1/1 [==============================] - ETA: 0s - loss: 4.5766 - accuracy: 0.6250
1/1 [==============================] - 0s 4ms/step - loss: 4.5766 - accuracy: 0.6250
Epoch 7/25

1/1 [==============================] - ETA: 0s - loss: 4.5418 - accuracy: 0.8750
1/1 [==============================] - 0s 5ms/step - loss: 4.5418 - accuracy: 0.8750
Epoch 8/25

1/1 [==============================] - ETA: 0s - loss: 4.5063 - accuracy: 0.9375
1/1 [==============================] - 0s 5ms/step - loss: 4.5063 - accuracy: 0.9375
Epoch 9/25

1/1 [==============================] - ETA: 0s - loss: 4.4699 - accuracy: 0.9375
1/1 [==============================] - 0s 5ms/step - loss: 4.4699 - accuracy: 0.9375
Epoch 10/25

1/1 [==============================] - ETA: 0s - loss: 4.4324 - accuracy: 0.9375
1/1 [==============================] - 0s 5ms/step - loss: 4.4324 - accuracy: 0.9375
Epoch 11/25

1/1 [==============================] - ETA: 0s - loss: 4.3936 - accuracy: 1.0000
1/1 [==============================] - 0s 5ms/step - loss: 4.3936 - accuracy: 1.0000
Epoch 12/25

1/1 [==============================] - ETA: 0s - loss: 4.3535 - accuracy: 1.0000
1/1 [==============================] - 0s 5ms/step - loss: 4.3535 - accuracy: 1.0000
Epoch 13/25

1/1 [==============================] - ETA: 0s - loss: 4.3118 - accuracy: 1.0000
1/1 [==============================] - 0s 5ms/step - loss: 4.3118 - accuracy: 1.0000
Epoch 14/25

1/1 [==============================] - ETA: 0s - loss: 4.2684 - accuracy: 1.0000
1/1 [==============================] - 0s 5ms/step - loss: 4.2684 - accuracy: 1.0000
Epoch 15/25

1/1 [==============================] - ETA: 0s - loss: 4.2233 - accuracy: 1.0000
1/1 [==============================] - 0s 5ms/step - loss: 4.2233 - accuracy: 1.0000
Epoch 16/25

1/1 [==============================] - ETA: 0s - loss: 4.1763 - accuracy: 1.0000
1/1 [==============================] - 0s 4ms/step - loss: 4.1763 - accuracy: 1.0000
Epoch 17/25

1/1 [==============================] - ETA: 0s - loss: 4.1272 - accuracy: 1.0000
1/1 [==============================] - 0s 5ms/step - loss: 4.1272 - accuracy: 1.0000
Epoch 18/25

1/1 [==============================] - ETA: 0s - loss: 4.0760 - accuracy: 1.0000
1/1 [==============================] - 0s 6ms/step - loss: 4.0760 - accuracy: 1.0000
Epoch 19/25

1/1 [==============================] - ETA: 0s - loss: 4.0226 - accuracy: 1.0000
1/1 [==============================] - 0s 5ms/step - loss: 4.0226 - accuracy: 1.0000
Epoch 20/25

1/1 [==============================] - ETA: 0s - loss: 3.9669 - accuracy: 1.0000
1/1 [==============================] - 0s 6ms/step - loss: 3.9669 - accuracy: 1.0000
Epoch 21/25

1/1 [==============================] - ETA: 0s - loss: 3.9087 - accuracy: 1.0000
1/1 [==============================] - 0s 5ms/step - loss: 3.9087 - accuracy: 1.0000
Epoch 22/25

1/1 [==============================] - ETA: 0s - loss: 3.8481 - accuracy: 1.0000
1/1 [==============================] - 0s 5ms/step - loss: 3.8481 - accuracy: 1.0000
Epoch 23/25

1/1 [==============================] - ETA: 0s - loss: 3.7849 - accuracy: 1.0000
1/1 [==============================] - 0s 5ms/step - loss: 3.7849 - accuracy: 1.0000
Epoch 24/25

1/1 [==============================] - ETA: 0s - loss: 3.7191 - accuracy: 1.0000
1/1 [==============================] - 0s 6ms/step - loss: 3.7191 - accuracy: 1.0000
Epoch 25/25

1/1 [==============================] - ETA: 0s - loss: 3.6507 - accuracy: 1.0000
1/1 [==============================] - 0s 5ms/step - loss: 3.6507 - accuracy: 1.0000
# node2vec
Epoch 1/25

1/1 [==============================] - ETA: 0s - loss: 4.8303 - accuracy: 0.0625
1/1 [==============================] - 0s 199ms/step - loss: 4.8303 - accuracy: 0.0625
Epoch 2/25

1/1 [==============================] - ETA: 0s - loss: 4.7921 - accuracy: 0.0625
1/1 [==============================] - 0s 2ms/step - loss: 4.7921 - accuracy: 0.0625
Epoch 3/25

1/1 [==============================] - ETA: 0s - loss: 4.7539 - accuracy: 0.0625
1/1 [==============================] - 0s 2ms/step - loss: 4.7539 - accuracy: 0.0625
Epoch 4/25

1/1 [==============================] - ETA: 0s - loss: 4.7158 - accuracy: 0.0625
1/1 [==============================] - 0s 3ms/step - loss: 4.7158 - accuracy: 0.0625
Epoch 5/25

1/1 [==============================] - ETA: 0s - loss: 4.6778 - accuracy: 0.0625
1/1 [==============================] - 0s 3ms/step - loss: 4.6778 - accuracy: 0.0625
Epoch 6/25

1/1 [==============================] - ETA: 0s - loss: 4.6398 - accuracy: 0.0625
1/1 [==============================] - 0s 2ms/step - loss: 4.6398 - accuracy: 0.0625
Epoch 7/25

1/1 [==============================] - ETA: 0s - loss: 4.6019 - accuracy: 0.0625
1/1 [==============================] - 0s 2ms/step - loss: 4.6019 - accuracy: 0.0625
Epoch 8/25

1/1 [==============================] - ETA: 0s - loss: 4.5640 - accuracy: 0.0625
1/1 [==============================] - 0s 3ms/step - loss: 4.5640 - accuracy: 0.0625
Epoch 9/25

1/1 [==============================] - ETA: 0s - loss: 4.5262 - accuracy: 0.0625
1/1 [==============================] - 0s 2ms/step - loss: 4.5262 - accuracy: 0.0625
Epoch 10/25

1/1 [==============================] - ETA: 0s - loss: 4.4885 - accuracy: 0.0625
1/1 [==============================] - 0s 3ms/step - loss: 4.4885 - accuracy: 0.0625
Epoch 11/25

1/1 [==============================] - ETA: 0s - loss: 4.4508 - accuracy: 0.0625
1/1 [==============================] - 0s 3ms/step - loss: 4.4508 - accuracy: 0.0625
Epoch 12/25

1/1 [==============================] - ETA: 0s - loss: 4.4132 - accuracy: 0.0625
1/1 [==============================] - 0s 2ms/step - loss: 4.4132 - accuracy: 0.0625
Epoch 13/25

1/1 [==============================] - ETA: 0s - loss: 4.3757 - accuracy: 0.0625
1/1 [==============================] - 0s 3ms/step - loss: 4.3757 - accuracy: 0.0625
Epoch 14/25

1/1 [==============================] - ETA: 0s - loss: 4.3382 - accuracy: 0.0625
1/1 [==============================] - 0s 3ms/step - loss: 4.3382 - accuracy: 0.0625
Epoch 15/25

1/1 [==============================] - ETA: 0s - loss: 4.3009 - accuracy: 0.0625
1/1 [==============================] - 0s 3ms/step - loss: 4.3009 - accuracy: 0.0625
Epoch 16/25

1/1 [==============================] - ETA: 0s - loss: 4.2636 - accuracy: 0.1250
1/1 [==============================] - 0s 3ms/step - loss: 4.2636 - accuracy: 0.1250
Epoch 17/25

1/1 [==============================] - ETA: 0s - loss: 4.2264 - accuracy: 0.1250
1/1 [==============================] - 0s 2ms/step - loss: 4.2264 - accuracy: 0.1250
Epoch 18/25

1/1 [==============================] - ETA: 0s - loss: 4.1893 - accuracy: 0.1875
1/1 [==============================] - 0s 2ms/step - loss: 4.1893 - accuracy: 0.1875
Epoch 19/25

1/1 [==============================] - ETA: 0s - loss: 4.1523 - accuracy: 0.1875
1/1 [==============================] - 0s 3ms/step - loss: 4.1523 - accuracy: 0.1875
Epoch 20/25

1/1 [==============================] - ETA: 0s - loss: 4.1154 - accuracy: 0.1875
1/1 [==============================] - 0s 3ms/step - loss: 4.1154 - accuracy: 0.1875
Epoch 21/25

1/1 [==============================] - ETA: 0s - loss: 4.0785 - accuracy: 0.2500
1/1 [==============================] - 0s 3ms/step - loss: 4.0785 - accuracy: 0.2500
Epoch 22/25

1/1 [==============================] - ETA: 0s - loss: 4.0418 - accuracy: 0.3750
1/1 [==============================] - 0s 3ms/step - loss: 4.0418 - accuracy: 0.3750
Epoch 23/25

1/1 [==============================] - ETA: 0s - loss: 4.0052 - accuracy: 0.3750
1/1 [==============================] - 0s 2ms/step - loss: 4.0052 - accuracy: 0.3750
Epoch 24/25

1/1 [==============================] - ETA: 0s - loss: 3.9686 - accuracy: 0.3750
1/1 [==============================] - 0s 3ms/step - loss: 3.9686 - accuracy: 0.3750
Epoch 25/25

1/1 [==============================] - ETA: 0s - loss: 3.9322 - accuracy: 0.3750
1/1 [==============================] - 0s 3ms/step - loss: 3.9322 - accuracy: 0.3750
# predict: steps=12
# predict: tnodeembed_metrics
# predict: node2vec_metrics
tnodeembed: {'auc': 0.7336397175986076, 'f1_micro': 0.0, 'f1_macro': 0.0} tNodeEmbed_final_loss=3.650693416595459 tNodeEmbed_final_accuracy=1.0 
node2vec: {'auc': 0.673425924791018, 'f1_micro': 0.0, 'f1_macro': 0.0} node2vec_final_loss=3.9322195053100586 node2vec_final_accuracy=0.375 
