# load graph
Processing Static file: filename='CollegeMsg_20040725.csv'
# initialize tNodeEmbed for dataset=COLLEGE_NC, test_size=0.2
# load dataset
# fit
# tNodeEmbed steps_per_epoch=1
Epoch 1/25

1/1 [==============================] - ETA: 0s - loss: 4.7354 - accuracy: 0.1250
1/1 [==============================] - 1s 1s/step - loss: 4.7354 - accuracy: 0.1250
Epoch 2/25

1/1 [==============================] - ETA: 0s - loss: 4.7043 - accuracy: 0.1250
1/1 [==============================] - 0s 5ms/step - loss: 4.7043 - accuracy: 0.1250
Epoch 3/25

1/1 [==============================] - ETA: 0s - loss: 4.6730 - accuracy: 0.4375
1/1 [==============================] - 0s 5ms/step - loss: 4.6730 - accuracy: 0.4375
Epoch 4/25

1/1 [==============================] - ETA: 0s - loss: 4.6417 - accuracy: 0.5625
1/1 [==============================] - 0s 5ms/step - loss: 4.6417 - accuracy: 0.5625
Epoch 5/25

1/1 [==============================] - ETA: 0s - loss: 4.6101 - accuracy: 0.6250
1/1 [==============================] - 0s 5ms/step - loss: 4.6101 - accuracy: 0.6250
Epoch 6/25

1/1 [==============================] - ETA: 0s - loss: 4.5780 - accuracy: 0.8125
1/1 [==============================] - 0s 4ms/step - loss: 4.5780 - accuracy: 0.8125
Epoch 7/25

1/1 [==============================] - ETA: 0s - loss: 4.5455 - accuracy: 0.8750
1/1 [==============================] - 0s 4ms/step - loss: 4.5455 - accuracy: 0.8750
Epoch 8/25

1/1 [==============================] - ETA: 0s - loss: 4.5122 - accuracy: 1.0000
1/1 [==============================] - 0s 4ms/step - loss: 4.5122 - accuracy: 1.0000
Epoch 9/25

1/1 [==============================] - ETA: 0s - loss: 4.4782 - accuracy: 1.0000
1/1 [==============================] - 0s 5ms/step - loss: 4.4782 - accuracy: 1.0000
Epoch 10/25

1/1 [==============================] - ETA: 0s - loss: 4.4432 - accuracy: 1.0000
1/1 [==============================] - 0s 5ms/step - loss: 4.4432 - accuracy: 1.0000
Epoch 11/25

1/1 [==============================] - ETA: 0s - loss: 4.4072 - accuracy: 1.0000
1/1 [==============================] - 0s 4ms/step - loss: 4.4072 - accuracy: 1.0000
Epoch 12/25

1/1 [==============================] - ETA: 0s - loss: 4.3701 - accuracy: 1.0000
1/1 [==============================] - 0s 4ms/step - loss: 4.3701 - accuracy: 1.0000
Epoch 13/25

1/1 [==============================] - ETA: 0s - loss: 4.3317 - accuracy: 1.0000
1/1 [==============================] - 0s 4ms/step - loss: 4.3317 - accuracy: 1.0000
Epoch 14/25

1/1 [==============================] - ETA: 0s - loss: 4.2919 - accuracy: 1.0000
1/1 [==============================] - 0s 4ms/step - loss: 4.2919 - accuracy: 1.0000
Epoch 15/25

1/1 [==============================] - ETA: 0s - loss: 4.2507 - accuracy: 1.0000
1/1 [==============================] - 0s 3ms/step - loss: 4.2507 - accuracy: 1.0000
Epoch 16/25

1/1 [==============================] - ETA: 0s - loss: 4.2079 - accuracy: 1.0000
1/1 [==============================] - 0s 3ms/step - loss: 4.2079 - accuracy: 1.0000
Epoch 17/25

1/1 [==============================] - ETA: 0s - loss: 4.1635 - accuracy: 1.0000
1/1 [==============================] - 0s 4ms/step - loss: 4.1635 - accuracy: 1.0000
Epoch 18/25

1/1 [==============================] - ETA: 0s - loss: 4.1174 - accuracy: 1.0000
1/1 [==============================] - 0s 4ms/step - loss: 4.1174 - accuracy: 1.0000
Epoch 19/25

1/1 [==============================] - ETA: 0s - loss: 4.0695 - accuracy: 1.0000
1/1 [==============================] - 0s 3ms/step - loss: 4.0695 - accuracy: 1.0000
Epoch 20/25

1/1 [==============================] - ETA: 0s - loss: 4.0197 - accuracy: 1.0000
1/1 [==============================] - 0s 3ms/step - loss: 4.0197 - accuracy: 1.0000
Epoch 21/25

1/1 [==============================] - ETA: 0s - loss: 3.9680 - accuracy: 1.0000
1/1 [==============================] - 0s 5ms/step - loss: 3.9680 - accuracy: 1.0000
Epoch 22/25

1/1 [==============================] - ETA: 0s - loss: 3.9143 - accuracy: 1.0000
1/1 [==============================] - 0s 4ms/step - loss: 3.9143 - accuracy: 1.0000
Epoch 23/25

1/1 [==============================] - ETA: 0s - loss: 3.8586 - accuracy: 1.0000
1/1 [==============================] - 0s 4ms/step - loss: 3.8586 - accuracy: 1.0000
Epoch 24/25

1/1 [==============================] - ETA: 0s - loss: 3.8008 - accuracy: 1.0000
1/1 [==============================] - 0s 4ms/step - loss: 3.8008 - accuracy: 1.0000
Epoch 25/25

1/1 [==============================] - ETA: 0s - loss: 3.7409 - accuracy: 1.0000
1/1 [==============================] - 0s 4ms/step - loss: 3.7409 - accuracy: 1.0000
# node2vec
Epoch 1/25

1/1 [==============================] - ETA: 0s - loss: 4.7853 - accuracy: 0.1250
1/1 [==============================] - 0s 195ms/step - loss: 4.7853 - accuracy: 0.1250
Epoch 2/25

1/1 [==============================] - ETA: 0s - loss: 4.7497 - accuracy: 0.1250
1/1 [==============================] - 0s 3ms/step - loss: 4.7497 - accuracy: 0.1250
Epoch 3/25

1/1 [==============================] - ETA: 0s - loss: 4.7142 - accuracy: 0.1875
1/1 [==============================] - 0s 3ms/step - loss: 4.7142 - accuracy: 0.1875
Epoch 4/25

1/1 [==============================] - ETA: 0s - loss: 4.6787 - accuracy: 0.1875
1/1 [==============================] - 0s 2ms/step - loss: 4.6787 - accuracy: 0.1875
Epoch 5/25

1/1 [==============================] - ETA: 0s - loss: 4.6432 - accuracy: 0.1875
1/1 [==============================] - 0s 2ms/step - loss: 4.6432 - accuracy: 0.1875
Epoch 6/25

1/1 [==============================] - ETA: 0s - loss: 4.6078 - accuracy: 0.2500
1/1 [==============================] - 0s 2ms/step - loss: 4.6078 - accuracy: 0.2500
Epoch 7/25

1/1 [==============================] - ETA: 0s - loss: 4.5725 - accuracy: 0.2500
1/1 [==============================] - 0s 2ms/step - loss: 4.5725 - accuracy: 0.2500
Epoch 8/25

1/1 [==============================] - ETA: 0s - loss: 4.5372 - accuracy: 0.2500
1/1 [==============================] - 0s 2ms/step - loss: 4.5372 - accuracy: 0.2500
Epoch 9/25

1/1 [==============================] - ETA: 0s - loss: 4.5020 - accuracy: 0.2500
1/1 [==============================] - 0s 2ms/step - loss: 4.5020 - accuracy: 0.2500
Epoch 10/25

1/1 [==============================] - ETA: 0s - loss: 4.4668 - accuracy: 0.2500
1/1 [==============================] - 0s 2ms/step - loss: 4.4668 - accuracy: 0.2500
Epoch 11/25

1/1 [==============================] - ETA: 0s - loss: 4.4317 - accuracy: 0.2500
1/1 [==============================] - 0s 3ms/step - loss: 4.4317 - accuracy: 0.2500
Epoch 12/25

1/1 [==============================] - ETA: 0s - loss: 4.3967 - accuracy: 0.2500
1/1 [==============================] - 0s 2ms/step - loss: 4.3967 - accuracy: 0.2500
Epoch 13/25

1/1 [==============================] - ETA: 0s - loss: 4.3617 - accuracy: 0.3125
1/1 [==============================] - 0s 3ms/step - loss: 4.3617 - accuracy: 0.3125
Epoch 14/25

1/1 [==============================] - ETA: 0s - loss: 4.3268 - accuracy: 0.3125
1/1 [==============================] - 0s 2ms/step - loss: 4.3268 - accuracy: 0.3125
Epoch 15/25

1/1 [==============================] - ETA: 0s - loss: 4.2920 - accuracy: 0.3750
1/1 [==============================] - 0s 3ms/step - loss: 4.2920 - accuracy: 0.3750
Epoch 16/25

1/1 [==============================] - ETA: 0s - loss: 4.2572 - accuracy: 0.3750
1/1 [==============================] - 0s 3ms/step - loss: 4.2572 - accuracy: 0.3750
Epoch 17/25

1/1 [==============================] - ETA: 0s - loss: 4.2226 - accuracy: 0.3750
1/1 [==============================] - 0s 4ms/step - loss: 4.2226 - accuracy: 0.3750
Epoch 18/25

1/1 [==============================] - ETA: 0s - loss: 4.1880 - accuracy: 0.3750
1/1 [==============================] - 0s 3ms/step - loss: 4.1880 - accuracy: 0.3750
Epoch 19/25

1/1 [==============================] - ETA: 0s - loss: 4.1535 - accuracy: 0.3750
1/1 [==============================] - 0s 3ms/step - loss: 4.1535 - accuracy: 0.3750
Epoch 20/25

1/1 [==============================] - ETA: 0s - loss: 4.1190 - accuracy: 0.3750
1/1 [==============================] - 0s 3ms/step - loss: 4.1190 - accuracy: 0.3750
Epoch 21/25

1/1 [==============================] - ETA: 0s - loss: 4.0847 - accuracy: 0.4375
1/1 [==============================] - 0s 2ms/step - loss: 4.0847 - accuracy: 0.4375
Epoch 22/25

1/1 [==============================] - ETA: 0s - loss: 4.0504 - accuracy: 0.5000
1/1 [==============================] - 0s 2ms/step - loss: 4.0504 - accuracy: 0.5000
Epoch 23/25

1/1 [==============================] - ETA: 0s - loss: 4.0163 - accuracy: 0.5000
1/1 [==============================] - 0s 2ms/step - loss: 4.0163 - accuracy: 0.5000
Epoch 24/25

1/1 [==============================] - ETA: 0s - loss: 3.9822 - accuracy: 0.5000
1/1 [==============================] - 0s 3ms/step - loss: 3.9822 - accuracy: 0.5000
Epoch 25/25

1/1 [==============================] - ETA: 0s - loss: 3.9482 - accuracy: 0.5000
1/1 [==============================] - 0s 2ms/step - loss: 3.9482 - accuracy: 0.5000
# predict: steps=12
# predict: tnodeembed_metrics
# predict: node2vec_metrics
tnodeembed: {'auc': 0.7007477998676244, 'f1_micro': 0.0, 'f1_macro': 0.0} tNodeEmbed_final_loss=3.740892171859741 tNodeEmbed_final_accuracy=1.0 
node2vec: {'auc': 0.6473541416419483, 'f1_micro': 0.0, 'f1_macro': 0.0} node2vec_final_loss=3.948244571685791 node2vec_final_accuracy=0.5 
