# load graph
Processing Static file: filename='CollegeMsg_20040627.csv'
# initialize tNodeEmbed for dataset=COLLEGE_NC, test_size=0.2
# load dataset
# fit
# tNodeEmbed steps_per_epoch=1
Epoch 1/25

1/1 [==============================] - ETA: 0s - loss: 4.7287 - accuracy: 0.2500
1/1 [==============================] - 1s 1s/step - loss: 4.7287 - accuracy: 0.2500
Epoch 2/25

1/1 [==============================] - ETA: 0s - loss: 4.6969 - accuracy: 0.2500
1/1 [==============================] - 0s 5ms/step - loss: 4.6969 - accuracy: 0.2500
Epoch 3/25

1/1 [==============================] - ETA: 0s - loss: 4.6649 - accuracy: 0.3750
1/1 [==============================] - 0s 5ms/step - loss: 4.6649 - accuracy: 0.3750
Epoch 4/25

1/1 [==============================] - ETA: 0s - loss: 4.6327 - accuracy: 0.5000
1/1 [==============================] - 0s 4ms/step - loss: 4.6327 - accuracy: 0.5000
Epoch 5/25

1/1 [==============================] - ETA: 0s - loss: 4.5999 - accuracy: 0.6250
1/1 [==============================] - 0s 4ms/step - loss: 4.5999 - accuracy: 0.6250
Epoch 6/25

1/1 [==============================] - ETA: 0s - loss: 4.5665 - accuracy: 0.8125
1/1 [==============================] - 0s 4ms/step - loss: 4.5665 - accuracy: 0.8125
Epoch 7/25

1/1 [==============================] - ETA: 0s - loss: 4.5323 - accuracy: 0.8750
1/1 [==============================] - 0s 3ms/step - loss: 4.5323 - accuracy: 0.8750
Epoch 8/25

1/1 [==============================] - ETA: 0s - loss: 4.4971 - accuracy: 0.9375
1/1 [==============================] - 0s 4ms/step - loss: 4.4971 - accuracy: 0.9375
Epoch 9/25

1/1 [==============================] - ETA: 0s - loss: 4.4607 - accuracy: 0.9375
1/1 [==============================] - 0s 4ms/step - loss: 4.4607 - accuracy: 0.9375
Epoch 10/25

1/1 [==============================] - ETA: 0s - loss: 4.4229 - accuracy: 0.9375
1/1 [==============================] - 0s 4ms/step - loss: 4.4229 - accuracy: 0.9375
Epoch 11/25

1/1 [==============================] - ETA: 0s - loss: 4.3837 - accuracy: 0.9375
1/1 [==============================] - 0s 4ms/step - loss: 4.3837 - accuracy: 0.9375
Epoch 12/25

1/1 [==============================] - ETA: 0s - loss: 4.3429 - accuracy: 0.9375
1/1 [==============================] - 0s 4ms/step - loss: 4.3429 - accuracy: 0.9375
Epoch 13/25

1/1 [==============================] - ETA: 0s - loss: 4.3003 - accuracy: 0.9375
1/1 [==============================] - 0s 4ms/step - loss: 4.3003 - accuracy: 0.9375
Epoch 14/25

1/1 [==============================] - ETA: 0s - loss: 4.2558 - accuracy: 0.9375
1/1 [==============================] - 0s 4ms/step - loss: 4.2558 - accuracy: 0.9375
Epoch 15/25

1/1 [==============================] - ETA: 0s - loss: 4.2094 - accuracy: 0.9375
1/1 [==============================] - 0s 3ms/step - loss: 4.2094 - accuracy: 0.9375
Epoch 16/25

1/1 [==============================] - ETA: 0s - loss: 4.1608 - accuracy: 0.9375
1/1 [==============================] - 0s 4ms/step - loss: 4.1608 - accuracy: 0.9375
Epoch 17/25

1/1 [==============================] - ETA: 0s - loss: 4.1099 - accuracy: 0.9375
1/1 [==============================] - 0s 3ms/step - loss: 4.1099 - accuracy: 0.9375
Epoch 18/25

1/1 [==============================] - ETA: 0s - loss: 4.0568 - accuracy: 0.9375
1/1 [==============================] - 0s 4ms/step - loss: 4.0568 - accuracy: 0.9375
Epoch 19/25

1/1 [==============================] - ETA: 0s - loss: 4.0013 - accuracy: 0.9375
1/1 [==============================] - 0s 4ms/step - loss: 4.0013 - accuracy: 0.9375
Epoch 20/25

1/1 [==============================] - ETA: 0s - loss: 3.9432 - accuracy: 0.9375
1/1 [==============================] - 0s 4ms/step - loss: 3.9432 - accuracy: 0.9375
Epoch 21/25

1/1 [==============================] - ETA: 0s - loss: 3.8826 - accuracy: 0.9375
1/1 [==============================] - 0s 5ms/step - loss: 3.8826 - accuracy: 0.9375
Epoch 22/25

1/1 [==============================] - ETA: 0s - loss: 3.8194 - accuracy: 0.9375
1/1 [==============================] - 0s 3ms/step - loss: 3.8194 - accuracy: 0.9375
Epoch 23/25

1/1 [==============================] - ETA: 0s - loss: 3.7536 - accuracy: 0.9375
1/1 [==============================] - 0s 4ms/step - loss: 3.7536 - accuracy: 0.9375
Epoch 24/25

1/1 [==============================] - ETA: 0s - loss: 3.6850 - accuracy: 0.9375
1/1 [==============================] - 0s 3ms/step - loss: 3.6850 - accuracy: 0.9375
Epoch 25/25

1/1 [==============================] - ETA: 0s - loss: 3.6138 - accuracy: 0.9375
1/1 [==============================] - 0s 4ms/step - loss: 3.6138 - accuracy: 0.9375
# node2vec
Epoch 1/25

1/1 [==============================] - ETA: 0s - loss: 4.8629 - accuracy: 0.1250
1/1 [==============================] - 0s 194ms/step - loss: 4.8629 - accuracy: 0.1250
Epoch 2/25

1/1 [==============================] - ETA: 0s - loss: 4.8326 - accuracy: 0.1250
1/1 [==============================] - 0s 3ms/step - loss: 4.8326 - accuracy: 0.1250
Epoch 3/25

1/1 [==============================] - ETA: 0s - loss: 4.8024 - accuracy: 0.1250
1/1 [==============================] - 0s 2ms/step - loss: 4.8024 - accuracy: 0.1250
Epoch 4/25

1/1 [==============================] - ETA: 0s - loss: 4.7721 - accuracy: 0.1250
1/1 [==============================] - 0s 3ms/step - loss: 4.7721 - accuracy: 0.1250
Epoch 5/25

1/1 [==============================] - ETA: 0s - loss: 4.7419 - accuracy: 0.1250
1/1 [==============================] - 0s 2ms/step - loss: 4.7419 - accuracy: 0.1250
Epoch 6/25

1/1 [==============================] - ETA: 0s - loss: 4.7118 - accuracy: 0.1250
1/1 [==============================] - 0s 6ms/step - loss: 4.7118 - accuracy: 0.1250
Epoch 7/25

1/1 [==============================] - ETA: 0s - loss: 4.6816 - accuracy: 0.1250
1/1 [==============================] - 0s 5ms/step - loss: 4.6816 - accuracy: 0.1250
Epoch 8/25

1/1 [==============================] - ETA: 0s - loss: 4.6515 - accuracy: 0.0625
1/1 [==============================] - 0s 5ms/step - loss: 4.6515 - accuracy: 0.0625
Epoch 9/25

1/1 [==============================] - ETA: 0s - loss: 4.6214 - accuracy: 0.0625
1/1 [==============================] - 0s 4ms/step - loss: 4.6214 - accuracy: 0.0625
Epoch 10/25

1/1 [==============================] - ETA: 0s - loss: 4.5913 - accuracy: 0.0625
1/1 [==============================] - 0s 3ms/step - loss: 4.5913 - accuracy: 0.0625
Epoch 11/25

1/1 [==============================] - ETA: 0s - loss: 4.5613 - accuracy: 0.1250
1/1 [==============================] - 0s 3ms/step - loss: 4.5613 - accuracy: 0.1250
Epoch 12/25

1/1 [==============================] - ETA: 0s - loss: 4.5313 - accuracy: 0.1250
1/1 [==============================] - 0s 4ms/step - loss: 4.5313 - accuracy: 0.1250
Epoch 13/25

1/1 [==============================] - ETA: 0s - loss: 4.5013 - accuracy: 0.1250
1/1 [==============================] - 0s 4ms/step - loss: 4.5013 - accuracy: 0.1250
Epoch 14/25

1/1 [==============================] - ETA: 0s - loss: 4.4714 - accuracy: 0.1875
1/1 [==============================] - 0s 3ms/step - loss: 4.4714 - accuracy: 0.1875
Epoch 15/25

1/1 [==============================] - ETA: 0s - loss: 4.4415 - accuracy: 0.1875
1/1 [==============================] - 0s 3ms/step - loss: 4.4415 - accuracy: 0.1875
Epoch 16/25

1/1 [==============================] - ETA: 0s - loss: 4.4116 - accuracy: 0.2500
1/1 [==============================] - 0s 3ms/step - loss: 4.4116 - accuracy: 0.2500
Epoch 17/25

1/1 [==============================] - ETA: 0s - loss: 4.3818 - accuracy: 0.2500
1/1 [==============================] - 0s 4ms/step - loss: 4.3818 - accuracy: 0.2500
Epoch 18/25

1/1 [==============================] - ETA: 0s - loss: 4.3520 - accuracy: 0.2500
1/1 [==============================] - 0s 4ms/step - loss: 4.3520 - accuracy: 0.2500
Epoch 19/25

1/1 [==============================] - ETA: 0s - loss: 4.3223 - accuracy: 0.2500
1/1 [==============================] - 0s 2ms/step - loss: 4.3223 - accuracy: 0.2500
Epoch 20/25

1/1 [==============================] - ETA: 0s - loss: 4.2926 - accuracy: 0.2500
1/1 [==============================] - 0s 3ms/step - loss: 4.2926 - accuracy: 0.2500
Epoch 21/25

1/1 [==============================] - ETA: 0s - loss: 4.2630 - accuracy: 0.2500
1/1 [==============================] - 0s 3ms/step - loss: 4.2630 - accuracy: 0.2500
Epoch 22/25

1/1 [==============================] - ETA: 0s - loss: 4.2334 - accuracy: 0.4375
1/1 [==============================] - 0s 2ms/step - loss: 4.2334 - accuracy: 0.4375
Epoch 23/25

1/1 [==============================] - ETA: 0s - loss: 4.2038 - accuracy: 0.4375
1/1 [==============================] - 0s 3ms/step - loss: 4.2038 - accuracy: 0.4375
Epoch 24/25

1/1 [==============================] - ETA: 0s - loss: 4.1743 - accuracy: 0.4375
1/1 [==============================] - 0s 2ms/step - loss: 4.1743 - accuracy: 0.4375
Epoch 25/25

1/1 [==============================] - ETA: 0s - loss: 4.1449 - accuracy: 0.5000
1/1 [==============================] - 0s 3ms/step - loss: 4.1449 - accuracy: 0.5000
# predict: steps=12
# predict: tnodeembed_metrics
# predict: node2vec_metrics
tnodeembed: {'auc': 0.7303348920157869, 'f1_micro': 0.0, 'f1_macro': 0.0} tNodeEmbed_final_loss=3.61376953125 tNodeEmbed_final_accuracy=0.9375 
node2vec: {'auc': 0.6260064839555806, 'f1_micro': 0.0, 'f1_macro': 0.0} node2vec_final_loss=4.144872665405273 node2vec_final_accuracy=0.5 
