# load graph
Processing Static file: filename='CollegeMsg_20040826.csv'
# initialize tNodeEmbed for dataset=COLLEGE_NC, test_size=0.2
# load dataset
# fit
# tNodeEmbed steps_per_epoch=1
Epoch 1/25

1/1 [==============================] - ETA: 0s - loss: 4.7364 - accuracy: 0.0000e+00
1/1 [==============================] - 1s 1s/step - loss: 4.7364 - accuracy: 0.0000e+00
Epoch 2/25

1/1 [==============================] - ETA: 0s - loss: 4.7034 - accuracy: 0.0000e+00
1/1 [==============================] - 0s 5ms/step - loss: 4.7034 - accuracy: 0.0000e+00
Epoch 3/25

1/1 [==============================] - ETA: 0s - loss: 4.6703 - accuracy: 0.1875
1/1 [==============================] - 0s 5ms/step - loss: 4.6703 - accuracy: 0.1875
Epoch 4/25

1/1 [==============================] - ETA: 0s - loss: 4.6370 - accuracy: 0.4375
1/1 [==============================] - 0s 5ms/step - loss: 4.6370 - accuracy: 0.4375
Epoch 5/25

1/1 [==============================] - ETA: 0s - loss: 4.6034 - accuracy: 0.5625
1/1 [==============================] - 0s 4ms/step - loss: 4.6034 - accuracy: 0.5625
Epoch 6/25

1/1 [==============================] - ETA: 0s - loss: 4.5694 - accuracy: 0.8125
1/1 [==============================] - 0s 5ms/step - loss: 4.5694 - accuracy: 0.8125
Epoch 7/25

1/1 [==============================] - ETA: 0s - loss: 4.5347 - accuracy: 0.8125
1/1 [==============================] - 0s 5ms/step - loss: 4.5347 - accuracy: 0.8125
Epoch 8/25

1/1 [==============================] - ETA: 0s - loss: 4.4993 - accuracy: 0.9375
1/1 [==============================] - 0s 8ms/step - loss: 4.4993 - accuracy: 0.9375
Epoch 9/25

1/1 [==============================] - ETA: 0s - loss: 4.4631 - accuracy: 0.9375
1/1 [==============================] - 0s 8ms/step - loss: 4.4631 - accuracy: 0.9375
Epoch 10/25

1/1 [==============================] - ETA: 0s - loss: 4.4257 - accuracy: 1.0000
1/1 [==============================] - 0s 8ms/step - loss: 4.4257 - accuracy: 1.0000
Epoch 11/25

1/1 [==============================] - ETA: 0s - loss: 4.3873 - accuracy: 1.0000
1/1 [==============================] - 0s 7ms/step - loss: 4.3873 - accuracy: 1.0000
Epoch 12/25

1/1 [==============================] - ETA: 0s - loss: 4.3475 - accuracy: 1.0000
1/1 [==============================] - 0s 7ms/step - loss: 4.3475 - accuracy: 1.0000
Epoch 13/25

1/1 [==============================] - ETA: 0s - loss: 4.3063 - accuracy: 1.0000
1/1 [==============================] - 0s 5ms/step - loss: 4.3063 - accuracy: 1.0000
Epoch 14/25

1/1 [==============================] - ETA: 0s - loss: 4.2636 - accuracy: 1.0000
1/1 [==============================] - 0s 5ms/step - loss: 4.2636 - accuracy: 1.0000
Epoch 15/25

1/1 [==============================] - ETA: 0s - loss: 4.2192 - accuracy: 1.0000
1/1 [==============================] - 0s 6ms/step - loss: 4.2192 - accuracy: 1.0000
Epoch 16/25

1/1 [==============================] - ETA: 0s - loss: 4.1730 - accuracy: 1.0000
1/1 [==============================] - 0s 7ms/step - loss: 4.1730 - accuracy: 1.0000
Epoch 17/25

1/1 [==============================] - ETA: 0s - loss: 4.1249 - accuracy: 1.0000
1/1 [==============================] - 0s 7ms/step - loss: 4.1249 - accuracy: 1.0000
Epoch 18/25

1/1 [==============================] - ETA: 0s - loss: 4.0748 - accuracy: 1.0000
1/1 [==============================] - 0s 8ms/step - loss: 4.0748 - accuracy: 1.0000
Epoch 19/25

1/1 [==============================] - ETA: 0s - loss: 4.0227 - accuracy: 1.0000
1/1 [==============================] - 0s 8ms/step - loss: 4.0227 - accuracy: 1.0000
Epoch 20/25

1/1 [==============================] - ETA: 0s - loss: 3.9684 - accuracy: 1.0000
1/1 [==============================] - 0s 7ms/step - loss: 3.9684 - accuracy: 1.0000
Epoch 21/25

1/1 [==============================] - ETA: 0s - loss: 3.9119 - accuracy: 1.0000
1/1 [==============================] - 0s 7ms/step - loss: 3.9119 - accuracy: 1.0000
Epoch 22/25

1/1 [==============================] - ETA: 0s - loss: 3.8531 - accuracy: 1.0000
1/1 [==============================] - 0s 6ms/step - loss: 3.8531 - accuracy: 1.0000
Epoch 23/25

1/1 [==============================] - ETA: 0s - loss: 3.7919 - accuracy: 1.0000
1/1 [==============================] - 0s 6ms/step - loss: 3.7919 - accuracy: 1.0000
Epoch 24/25

1/1 [==============================] - ETA: 0s - loss: 3.7283 - accuracy: 1.0000
1/1 [==============================] - 0s 6ms/step - loss: 3.7283 - accuracy: 1.0000
Epoch 25/25

1/1 [==============================] - ETA: 0s - loss: 3.6623 - accuracy: 1.0000
1/1 [==============================] - 0s 6ms/step - loss: 3.6623 - accuracy: 1.0000
# node2vec
Epoch 1/25

1/1 [==============================] - ETA: 0s - loss: 4.8539 - accuracy: 0.0000e+00
1/1 [==============================] - 0s 209ms/step - loss: 4.8539 - accuracy: 0.0000e+00
Epoch 2/25

1/1 [==============================] - ETA: 0s - loss: 4.8142 - accuracy: 0.0000e+00
1/1 [==============================] - 0s 3ms/step - loss: 4.8142 - accuracy: 0.0000e+00
Epoch 3/25

1/1 [==============================] - ETA: 0s - loss: 4.7746 - accuracy: 0.0000e+00
1/1 [==============================] - 0s 2ms/step - loss: 4.7746 - accuracy: 0.0000e+00
Epoch 4/25

1/1 [==============================] - ETA: 0s - loss: 4.7350 - accuracy: 0.0000e+00
1/1 [==============================] - 0s 3ms/step - loss: 4.7350 - accuracy: 0.0000e+00
Epoch 5/25

1/1 [==============================] - ETA: 0s - loss: 4.6955 - accuracy: 0.0000e+00
1/1 [==============================] - 0s 4ms/step - loss: 4.6955 - accuracy: 0.0000e+00
Epoch 6/25

1/1 [==============================] - ETA: 0s - loss: 4.6560 - accuracy: 0.0000e+00
1/1 [==============================] - 0s 4ms/step - loss: 4.6560 - accuracy: 0.0000e+00
Epoch 7/25

1/1 [==============================] - ETA: 0s - loss: 4.6166 - accuracy: 0.0625
1/1 [==============================] - 0s 4ms/step - loss: 4.6166 - accuracy: 0.0625
Epoch 8/25

1/1 [==============================] - ETA: 0s - loss: 4.5772 - accuracy: 0.0625
1/1 [==============================] - 0s 5ms/step - loss: 4.5772 - accuracy: 0.0625
Epoch 9/25

1/1 [==============================] - ETA: 0s - loss: 4.5379 - accuracy: 0.0625
1/1 [==============================] - 0s 2ms/step - loss: 4.5379 - accuracy: 0.0625
Epoch 10/25

1/1 [==============================] - ETA: 0s - loss: 4.4987 - accuracy: 0.0625
1/1 [==============================] - 0s 4ms/step - loss: 4.4987 - accuracy: 0.0625
Epoch 11/25

1/1 [==============================] - ETA: 0s - loss: 4.4595 - accuracy: 0.1250
1/1 [==============================] - 0s 3ms/step - loss: 4.4595 - accuracy: 0.1250
Epoch 12/25

1/1 [==============================] - ETA: 0s - loss: 4.4204 - accuracy: 0.2500
1/1 [==============================] - 0s 4ms/step - loss: 4.4204 - accuracy: 0.2500
Epoch 13/25

1/1 [==============================] - ETA: 0s - loss: 4.3814 - accuracy: 0.2500
1/1 [==============================] - 0s 3ms/step - loss: 4.3814 - accuracy: 0.2500
Epoch 14/25

1/1 [==============================] - ETA: 0s - loss: 4.3425 - accuracy: 0.2500
1/1 [==============================] - 0s 4ms/step - loss: 4.3425 - accuracy: 0.2500
Epoch 15/25

1/1 [==============================] - ETA: 0s - loss: 4.3036 - accuracy: 0.2500
1/1 [==============================] - 0s 3ms/step - loss: 4.3036 - accuracy: 0.2500
Epoch 16/25

1/1 [==============================] - ETA: 0s - loss: 4.2648 - accuracy: 0.3125
1/1 [==============================] - 0s 3ms/step - loss: 4.2648 - accuracy: 0.3125
Epoch 17/25

1/1 [==============================] - ETA: 0s - loss: 4.2261 - accuracy: 0.3750
1/1 [==============================] - 0s 4ms/step - loss: 4.2261 - accuracy: 0.3750
Epoch 18/25

1/1 [==============================] - ETA: 0s - loss: 4.1875 - accuracy: 0.3750
1/1 [==============================] - 0s 4ms/step - loss: 4.1875 - accuracy: 0.3750
Epoch 19/25

1/1 [==============================] - ETA: 0s - loss: 4.1490 - accuracy: 0.3750
1/1 [==============================] - 0s 4ms/step - loss: 4.1490 - accuracy: 0.3750
Epoch 20/25

1/1 [==============================] - ETA: 0s - loss: 4.1106 - accuracy: 0.3750
1/1 [==============================] - 0s 3ms/step - loss: 4.1106 - accuracy: 0.3750
Epoch 21/25

1/1 [==============================] - ETA: 0s - loss: 4.0722 - accuracy: 0.3750
1/1 [==============================] - 0s 4ms/step - loss: 4.0722 - accuracy: 0.3750
Epoch 22/25

1/1 [==============================] - ETA: 0s - loss: 4.0340 - accuracy: 0.3750
1/1 [==============================] - 0s 3ms/step - loss: 4.0340 - accuracy: 0.3750
Epoch 23/25

1/1 [==============================] - ETA: 0s - loss: 3.9958 - accuracy: 0.5000
1/1 [==============================] - 0s 3ms/step - loss: 3.9958 - accuracy: 0.5000
Epoch 24/25

1/1 [==============================] - ETA: 0s - loss: 3.9578 - accuracy: 0.5000
1/1 [==============================] - 0s 3ms/step - loss: 3.9578 - accuracy: 0.5000
Epoch 25/25

1/1 [==============================] - ETA: 0s - loss: 3.9198 - accuracy: 0.5000
1/1 [==============================] - 0s 3ms/step - loss: 3.9198 - accuracy: 0.5000
# predict: steps=12
# predict: tnodeembed_metrics
# predict: node2vec_metrics
tnodeembed: {'auc': 0.7233118427181134, 'f1_micro': 0.0, 'f1_macro': 0.0} tNodeEmbed_final_loss=3.662303924560547 tNodeEmbed_final_accuracy=1.0 
node2vec: {'auc': 0.6272889650185081, 'f1_micro': 0.0, 'f1_macro': 0.0} node2vec_final_loss=3.9198198318481445 node2vec_final_accuracy=0.5 
