# load graph
Processing Static file: filename='CollegeMsg_20040519.csv'
# initialize tNodeEmbed for dataset=COLLEGE_NC, test_size=0.2
# load dataset
# fit
# tNodeEmbed steps_per_epoch=1
Epoch 1/25

1/1 [==============================] - ETA: 0s - loss: 4.7310 - accuracy: 0.1875
1/1 [==============================] - 1s 1s/step - loss: 4.7310 - accuracy: 0.1875
Epoch 2/25

1/1 [==============================] - ETA: 0s - loss: 4.7051 - accuracy: 0.1875
1/1 [==============================] - 0s 3ms/step - loss: 4.7051 - accuracy: 0.1875
Epoch 3/25

1/1 [==============================] - ETA: 0s - loss: 4.6792 - accuracy: 0.2500
1/1 [==============================] - 0s 4ms/step - loss: 4.6792 - accuracy: 0.2500
Epoch 4/25

1/1 [==============================] - ETA: 0s - loss: 4.6530 - accuracy: 0.5000
1/1 [==============================] - 0s 4ms/step - loss: 4.6530 - accuracy: 0.5000
Epoch 5/25

1/1 [==============================] - ETA: 0s - loss: 4.6266 - accuracy: 0.5000
1/1 [==============================] - 0s 3ms/step - loss: 4.6266 - accuracy: 0.5000
Epoch 6/25

1/1 [==============================] - ETA: 0s - loss: 4.5998 - accuracy: 0.7500
1/1 [==============================] - 0s 4ms/step - loss: 4.5998 - accuracy: 0.7500
Epoch 7/25

1/1 [==============================] - ETA: 0s - loss: 4.5725 - accuracy: 0.7500
1/1 [==============================] - 0s 4ms/step - loss: 4.5725 - accuracy: 0.7500
Epoch 8/25

1/1 [==============================] - ETA: 0s - loss: 4.5445 - accuracy: 0.8125
1/1 [==============================] - 0s 4ms/step - loss: 4.5445 - accuracy: 0.8125
Epoch 9/25

1/1 [==============================] - ETA: 0s - loss: 4.5159 - accuracy: 0.8125
1/1 [==============================] - 0s 3ms/step - loss: 4.5159 - accuracy: 0.8125
Epoch 10/25

1/1 [==============================] - ETA: 0s - loss: 4.4863 - accuracy: 0.8125
1/1 [==============================] - 0s 4ms/step - loss: 4.4863 - accuracy: 0.8125
Epoch 11/25

1/1 [==============================] - ETA: 0s - loss: 4.4559 - accuracy: 0.8125
1/1 [==============================] - 0s 4ms/step - loss: 4.4559 - accuracy: 0.8125
Epoch 12/25

1/1 [==============================] - ETA: 0s - loss: 4.4244 - accuracy: 0.8125
1/1 [==============================] - 0s 4ms/step - loss: 4.4244 - accuracy: 0.8125
Epoch 13/25

1/1 [==============================] - ETA: 0s - loss: 4.3917 - accuracy: 0.8125
1/1 [==============================] - 0s 4ms/step - loss: 4.3917 - accuracy: 0.8125
Epoch 14/25

1/1 [==============================] - ETA: 0s - loss: 4.3578 - accuracy: 0.8125
1/1 [==============================] - 0s 3ms/step - loss: 4.3578 - accuracy: 0.8125
Epoch 15/25

1/1 [==============================] - ETA: 0s - loss: 4.3226 - accuracy: 0.8125
1/1 [==============================] - 0s 3ms/step - loss: 4.3226 - accuracy: 0.8125
Epoch 16/25

1/1 [==============================] - ETA: 0s - loss: 4.2861 - accuracy: 0.8125
1/1 [==============================] - 0s 3ms/step - loss: 4.2861 - accuracy: 0.8125
Epoch 17/25

1/1 [==============================] - ETA: 0s - loss: 4.2480 - accuracy: 0.8125
1/1 [==============================] - 0s 4ms/step - loss: 4.2480 - accuracy: 0.8125
Epoch 18/25

1/1 [==============================] - ETA: 0s - loss: 4.2084 - accuracy: 0.8125
1/1 [==============================] - 0s 3ms/step - loss: 4.2084 - accuracy: 0.8125
Epoch 19/25

1/1 [==============================] - ETA: 0s - loss: 4.1672 - accuracy: 0.8125
1/1 [==============================] - 0s 3ms/step - loss: 4.1672 - accuracy: 0.8125
Epoch 20/25

1/1 [==============================] - ETA: 0s - loss: 4.1243 - accuracy: 0.8125
1/1 [==============================] - 0s 3ms/step - loss: 4.1243 - accuracy: 0.8125
Epoch 21/25

1/1 [==============================] - ETA: 0s - loss: 4.0797 - accuracy: 0.8125
1/1 [==============================] - 0s 4ms/step - loss: 4.0797 - accuracy: 0.8125
Epoch 22/25

1/1 [==============================] - ETA: 0s - loss: 4.0334 - accuracy: 0.8125
1/1 [==============================] - 0s 3ms/step - loss: 4.0334 - accuracy: 0.8125
Epoch 23/25

1/1 [==============================] - ETA: 0s - loss: 3.9854 - accuracy: 0.8125
1/1 [==============================] - 0s 3ms/step - loss: 3.9854 - accuracy: 0.8125
Epoch 24/25

1/1 [==============================] - ETA: 0s - loss: 3.9355 - accuracy: 0.8125
1/1 [==============================] - 0s 3ms/step - loss: 3.9355 - accuracy: 0.8125
Epoch 25/25

1/1 [==============================] - ETA: 0s - loss: 3.8839 - accuracy: 0.8125
1/1 [==============================] - 0s 4ms/step - loss: 3.8839 - accuracy: 0.8125
# node2vec
Epoch 1/25

1/1 [==============================] - ETA: 0s - loss: 4.7248 - accuracy: 0.1875
1/1 [==============================] - 0s 206ms/step - loss: 4.7248 - accuracy: 0.1875
Epoch 2/25

1/1 [==============================] - ETA: 0s - loss: 4.6936 - accuracy: 0.1875
1/1 [==============================] - 0s 2ms/step - loss: 4.6936 - accuracy: 0.1875
Epoch 3/25

1/1 [==============================] - ETA: 0s - loss: 4.6625 - accuracy: 0.1875
1/1 [==============================] - 0s 3ms/step - loss: 4.6625 - accuracy: 0.1875
Epoch 4/25

1/1 [==============================] - ETA: 0s - loss: 4.6315 - accuracy: 0.1875
1/1 [==============================] - 0s 3ms/step - loss: 4.6315 - accuracy: 0.1875
Epoch 5/25

1/1 [==============================] - ETA: 0s - loss: 4.6005 - accuracy: 0.1250
1/1 [==============================] - 0s 2ms/step - loss: 4.6005 - accuracy: 0.1250
Epoch 6/25

1/1 [==============================] - ETA: 0s - loss: 4.5695 - accuracy: 0.1250
1/1 [==============================] - 0s 3ms/step - loss: 4.5695 - accuracy: 0.1250
Epoch 7/25

1/1 [==============================] - ETA: 0s - loss: 4.5386 - accuracy: 0.1250
1/1 [==============================] - 0s 3ms/step - loss: 4.5386 - accuracy: 0.1250
Epoch 8/25

1/1 [==============================] - ETA: 0s - loss: 4.5078 - accuracy: 0.1250
1/1 [==============================] - 0s 3ms/step - loss: 4.5078 - accuracy: 0.1250
Epoch 9/25

1/1 [==============================] - ETA: 0s - loss: 4.4770 - accuracy: 0.1250
1/1 [==============================] - 0s 2ms/step - loss: 4.4770 - accuracy: 0.1250
Epoch 10/25

1/1 [==============================] - ETA: 0s - loss: 4.4463 - accuracy: 0.1250
1/1 [==============================] - 0s 2ms/step - loss: 4.4463 - accuracy: 0.1250
Epoch 11/25

1/1 [==============================] - ETA: 0s - loss: 4.4156 - accuracy: 0.1250
1/1 [==============================] - 0s 3ms/step - loss: 4.4156 - accuracy: 0.1250
Epoch 12/25

1/1 [==============================] - ETA: 0s - loss: 4.3850 - accuracy: 0.1250
1/1 [==============================] - 0s 3ms/step - loss: 4.3850 - accuracy: 0.1250
Epoch 13/25

1/1 [==============================] - ETA: 0s - loss: 4.3545 - accuracy: 0.1250
1/1 [==============================] - 0s 3ms/step - loss: 4.3545 - accuracy: 0.1250
Epoch 14/25

1/1 [==============================] - ETA: 0s - loss: 4.3241 - accuracy: 0.1250
1/1 [==============================] - 0s 2ms/step - loss: 4.3241 - accuracy: 0.1250
Epoch 15/25

1/1 [==============================] - ETA: 0s - loss: 4.2937 - accuracy: 0.1250
1/1 [==============================] - 0s 3ms/step - loss: 4.2937 - accuracy: 0.1250
Epoch 16/25

1/1 [==============================] - ETA: 0s - loss: 4.2635 - accuracy: 0.1875
1/1 [==============================] - 0s 3ms/step - loss: 4.2635 - accuracy: 0.1875
Epoch 17/25

1/1 [==============================] - ETA: 0s - loss: 4.2333 - accuracy: 0.2500
1/1 [==============================] - 0s 3ms/step - loss: 4.2333 - accuracy: 0.2500
Epoch 18/25

1/1 [==============================] - ETA: 0s - loss: 4.2032 - accuracy: 0.2500
1/1 [==============================] - 0s 3ms/step - loss: 4.2032 - accuracy: 0.2500
Epoch 19/25

1/1 [==============================] - ETA: 0s - loss: 4.1731 - accuracy: 0.2500
1/1 [==============================] - 0s 3ms/step - loss: 4.1731 - accuracy: 0.2500
Epoch 20/25

1/1 [==============================] - ETA: 0s - loss: 4.1432 - accuracy: 0.2500
1/1 [==============================] - 0s 2ms/step - loss: 4.1432 - accuracy: 0.2500
Epoch 21/25

1/1 [==============================] - ETA: 0s - loss: 4.1134 - accuracy: 0.2500
1/1 [==============================] - 0s 3ms/step - loss: 4.1134 - accuracy: 0.2500
Epoch 22/25

1/1 [==============================] - ETA: 0s - loss: 4.0836 - accuracy: 0.2500
1/1 [==============================] - 0s 3ms/step - loss: 4.0836 - accuracy: 0.2500
Epoch 23/25

1/1 [==============================] - ETA: 0s - loss: 4.0540 - accuracy: 0.2500
1/1 [==============================] - 0s 2ms/step - loss: 4.0540 - accuracy: 0.2500
Epoch 24/25

1/1 [==============================] - ETA: 0s - loss: 4.0244 - accuracy: 0.3125
1/1 [==============================] - 0s 3ms/step - loss: 4.0244 - accuracy: 0.3125
Epoch 25/25

1/1 [==============================] - ETA: 0s - loss: 3.9950 - accuracy: 0.3750
1/1 [==============================] - 0s 3ms/step - loss: 3.9950 - accuracy: 0.3750
# predict: steps=12
# predict: tnodeembed_metrics
# predict: node2vec_metrics
tnodeembed: {'auc': 0.7133036305248449, 'f1_micro': 0.0, 'f1_macro': 0.0} tNodeEmbed_final_loss=3.883888006210327 tNodeEmbed_final_accuracy=0.8125 
node2vec: {'auc': 0.6422601304145319, 'f1_micro': 0.0, 'f1_macro': 0.0} node2vec_final_loss=3.995006799697876 node2vec_final_accuracy=0.375 
