# load graph
Processing Static file: filename='CollegeMsg_20040828.csv'
# initialize tNodeEmbed for dataset=COLLEGE_NC, test_size=0.2
# load dataset
# fit
# tNodeEmbed steps_per_epoch=1
Epoch 1/25

1/1 [==============================] - ETA: 0s - loss: 4.7031 - accuracy: 0.1875
1/1 [==============================] - 1s 1s/step - loss: 4.7031 - accuracy: 0.1875
Epoch 2/25

1/1 [==============================] - ETA: 0s - loss: 4.6715 - accuracy: 0.3125
1/1 [==============================] - 0s 4ms/step - loss: 4.6715 - accuracy: 0.3125
Epoch 3/25

1/1 [==============================] - ETA: 0s - loss: 4.6397 - accuracy: 0.3750
1/1 [==============================] - 0s 5ms/step - loss: 4.6397 - accuracy: 0.3750
Epoch 4/25

1/1 [==============================] - ETA: 0s - loss: 4.6076 - accuracy: 0.5000
1/1 [==============================] - 0s 5ms/step - loss: 4.6076 - accuracy: 0.5000
Epoch 5/25

1/1 [==============================] - ETA: 0s - loss: 4.5750 - accuracy: 0.5625
1/1 [==============================] - 0s 4ms/step - loss: 4.5750 - accuracy: 0.5625
Epoch 6/25

1/1 [==============================] - ETA: 0s - loss: 4.5419 - accuracy: 0.6875
1/1 [==============================] - 0s 5ms/step - loss: 4.5419 - accuracy: 0.6875
Epoch 7/25

1/1 [==============================] - ETA: 0s - loss: 4.5082 - accuracy: 0.7500
1/1 [==============================] - 0s 5ms/step - loss: 4.5082 - accuracy: 0.7500
Epoch 8/25

1/1 [==============================] - ETA: 0s - loss: 4.4736 - accuracy: 0.8125
1/1 [==============================] - 0s 4ms/step - loss: 4.4736 - accuracy: 0.8125
Epoch 9/25

1/1 [==============================] - ETA: 0s - loss: 4.4382 - accuracy: 0.8125
1/1 [==============================] - 0s 5ms/step - loss: 4.4382 - accuracy: 0.8125
Epoch 10/25

1/1 [==============================] - ETA: 0s - loss: 4.4017 - accuracy: 0.8125
1/1 [==============================] - 0s 4ms/step - loss: 4.4017 - accuracy: 0.8125
Epoch 11/25

1/1 [==============================] - ETA: 0s - loss: 4.3641 - accuracy: 0.8125
1/1 [==============================] - 0s 5ms/step - loss: 4.3641 - accuracy: 0.8125
Epoch 12/25

1/1 [==============================] - ETA: 0s - loss: 4.3253 - accuracy: 0.8750
1/1 [==============================] - 0s 5ms/step - loss: 4.3253 - accuracy: 0.8750
Epoch 13/25

1/1 [==============================] - ETA: 0s - loss: 4.2851 - accuracy: 0.8750
1/1 [==============================] - 0s 5ms/step - loss: 4.2851 - accuracy: 0.8750
Epoch 14/25

1/1 [==============================] - ETA: 0s - loss: 4.2435 - accuracy: 0.8750
1/1 [==============================] - 0s 5ms/step - loss: 4.2435 - accuracy: 0.8750
Epoch 15/25

1/1 [==============================] - ETA: 0s - loss: 4.2004 - accuracy: 0.8750
1/1 [==============================] - 0s 4ms/step - loss: 4.2004 - accuracy: 0.8750
Epoch 16/25

1/1 [==============================] - ETA: 0s - loss: 4.1556 - accuracy: 0.8750
1/1 [==============================] - 0s 5ms/step - loss: 4.1556 - accuracy: 0.8750
Epoch 17/25

1/1 [==============================] - ETA: 0s - loss: 4.1091 - accuracy: 0.8750
1/1 [==============================] - 0s 4ms/step - loss: 4.1091 - accuracy: 0.8750
Epoch 18/25

1/1 [==============================] - ETA: 0s - loss: 4.0609 - accuracy: 0.9375
1/1 [==============================] - 0s 5ms/step - loss: 4.0609 - accuracy: 0.9375
Epoch 19/25

1/1 [==============================] - ETA: 0s - loss: 4.0109 - accuracy: 0.9375
1/1 [==============================] - 0s 6ms/step - loss: 4.0109 - accuracy: 0.9375
Epoch 20/25

1/1 [==============================] - ETA: 0s - loss: 3.9590 - accuracy: 0.9375
1/1 [==============================] - 0s 4ms/step - loss: 3.9590 - accuracy: 0.9375
Epoch 21/25

1/1 [==============================] - ETA: 0s - loss: 3.9051 - accuracy: 0.9375
1/1 [==============================] - 0s 5ms/step - loss: 3.9051 - accuracy: 0.9375
Epoch 22/25

1/1 [==============================] - ETA: 0s - loss: 3.8493 - accuracy: 0.9375
1/1 [==============================] - 0s 6ms/step - loss: 3.8493 - accuracy: 0.9375
Epoch 23/25

1/1 [==============================] - ETA: 0s - loss: 3.7914 - accuracy: 0.9375
1/1 [==============================] - 0s 5ms/step - loss: 3.7914 - accuracy: 0.9375
Epoch 24/25

1/1 [==============================] - ETA: 0s - loss: 3.7315 - accuracy: 0.9375
1/1 [==============================] - 0s 5ms/step - loss: 3.7315 - accuracy: 0.9375
Epoch 25/25

1/1 [==============================] - ETA: 0s - loss: 3.6695 - accuracy: 0.9375
1/1 [==============================] - 0s 5ms/step - loss: 3.6695 - accuracy: 0.9375
# node2vec
Epoch 1/25

1/1 [==============================] - ETA: 0s - loss: 4.7796 - accuracy: 0.0625
1/1 [==============================] - 0s 293ms/step - loss: 4.7796 - accuracy: 0.0625
Epoch 2/25

1/1 [==============================] - ETA: 0s - loss: 4.7432 - accuracy: 0.0625
1/1 [==============================] - 0s 7ms/step - loss: 4.7432 - accuracy: 0.0625
Epoch 3/25

1/1 [==============================] - ETA: 0s - loss: 4.7069 - accuracy: 0.0625
1/1 [==============================] - 0s 5ms/step - loss: 4.7069 - accuracy: 0.0625
Epoch 4/25

1/1 [==============================] - ETA: 0s - loss: 4.6707 - accuracy: 0.0625
1/1 [==============================] - 0s 5ms/step - loss: 4.6707 - accuracy: 0.0625
Epoch 5/25

1/1 [==============================] - ETA: 0s - loss: 4.6345 - accuracy: 0.0625
1/1 [==============================] - 0s 5ms/step - loss: 4.6345 - accuracy: 0.0625
Epoch 6/25

1/1 [==============================] - ETA: 0s - loss: 4.5984 - accuracy: 0.0625
1/1 [==============================] - 0s 5ms/step - loss: 4.5984 - accuracy: 0.0625
Epoch 7/25

1/1 [==============================] - ETA: 0s - loss: 4.5623 - accuracy: 0.0625
1/1 [==============================] - 0s 5ms/step - loss: 4.5623 - accuracy: 0.0625
Epoch 8/25

1/1 [==============================] - ETA: 0s - loss: 4.5263 - accuracy: 0.1250
1/1 [==============================] - 0s 5ms/step - loss: 4.5263 - accuracy: 0.1250
Epoch 9/25

1/1 [==============================] - ETA: 0s - loss: 4.4903 - accuracy: 0.1875
1/1 [==============================] - 0s 5ms/step - loss: 4.4903 - accuracy: 0.1875
Epoch 10/25

1/1 [==============================] - ETA: 0s - loss: 4.4544 - accuracy: 0.1875
1/1 [==============================] - 0s 4ms/step - loss: 4.4544 - accuracy: 0.1875
Epoch 11/25

1/1 [==============================] - ETA: 0s - loss: 4.4186 - accuracy: 0.2500
1/1 [==============================] - 0s 4ms/step - loss: 4.4186 - accuracy: 0.2500
Epoch 12/25

1/1 [==============================] - ETA: 0s - loss: 4.3828 - accuracy: 0.2500
1/1 [==============================] - 0s 4ms/step - loss: 4.3828 - accuracy: 0.2500
Epoch 13/25

1/1 [==============================] - ETA: 0s - loss: 4.3471 - accuracy: 0.3125
1/1 [==============================] - 0s 4ms/step - loss: 4.3471 - accuracy: 0.3125
Epoch 14/25

1/1 [==============================] - ETA: 0s - loss: 4.3115 - accuracy: 0.3125
1/1 [==============================] - 0s 4ms/step - loss: 4.3115 - accuracy: 0.3125
Epoch 15/25

1/1 [==============================] - ETA: 0s - loss: 4.2760 - accuracy: 0.3125
1/1 [==============================] - 0s 5ms/step - loss: 4.2760 - accuracy: 0.3125
Epoch 16/25

1/1 [==============================] - ETA: 0s - loss: 4.2406 - accuracy: 0.3125
1/1 [==============================] - 0s 3ms/step - loss: 4.2406 - accuracy: 0.3125
Epoch 17/25

1/1 [==============================] - ETA: 0s - loss: 4.2052 - accuracy: 0.3125
1/1 [==============================] - 0s 3ms/step - loss: 4.2052 - accuracy: 0.3125
Epoch 18/25

1/1 [==============================] - ETA: 0s - loss: 4.1699 - accuracy: 0.3125
1/1 [==============================] - 0s 4ms/step - loss: 4.1699 - accuracy: 0.3125
Epoch 19/25

1/1 [==============================] - ETA: 0s - loss: 4.1347 - accuracy: 0.3125
1/1 [==============================] - 0s 4ms/step - loss: 4.1347 - accuracy: 0.3125
Epoch 20/25

1/1 [==============================] - ETA: 0s - loss: 4.0996 - accuracy: 0.3750
1/1 [==============================] - 0s 3ms/step - loss: 4.0996 - accuracy: 0.3750
Epoch 21/25

1/1 [==============================] - ETA: 0s - loss: 4.0646 - accuracy: 0.5000
1/1 [==============================] - 0s 3ms/step - loss: 4.0646 - accuracy: 0.5000
Epoch 22/25

1/1 [==============================] - ETA: 0s - loss: 4.0297 - accuracy: 0.5000
1/1 [==============================] - 0s 4ms/step - loss: 4.0297 - accuracy: 0.5000
Epoch 23/25

1/1 [==============================] - ETA: 0s - loss: 3.9948 - accuracy: 0.5000
1/1 [==============================] - 0s 3ms/step - loss: 3.9948 - accuracy: 0.5000
Epoch 24/25

1/1 [==============================] - ETA: 0s - loss: 3.9601 - accuracy: 0.5000
1/1 [==============================] - 0s 3ms/step - loss: 3.9601 - accuracy: 0.5000
Epoch 25/25

1/1 [==============================] - ETA: 0s - loss: 3.9255 - accuracy: 0.5000
1/1 [==============================] - 0s 2ms/step - loss: 3.9255 - accuracy: 0.5000
# predict: steps=12
# predict: tnodeembed_metrics
# predict: node2vec_metrics
tnodeembed: {'auc': 0.7597609884048735, 'f1_micro': 0.0, 'f1_macro': 0.0} tNodeEmbed_final_loss=3.6695306301116943 tNodeEmbed_final_accuracy=0.9375 
node2vec: {'auc': 0.6997738276174834, 'f1_micro': 0.0, 'f1_macro': 0.0} node2vec_final_loss=3.925490379333496 node2vec_final_accuracy=0.5 
