# load graph
Processing Static file: filename='CollegeMsg_20040425.csv'
# initialize tNodeEmbed for dataset=COLLEGE, test_size=0.2
# load dataset
# fit
# tNodeEmbed
Epoch 1/25

1/8 [==>...........................] - ETA: 8s - loss: 0.6940 - accuracy: 0.4688
8/8 [==============================] - 1s 3ms/step - loss: 0.6932 - accuracy: 0.4675
Epoch 2/25

1/8 [==>...........................] - ETA: 0s - loss: 0.6900 - accuracy: 0.4375
8/8 [==============================] - 0s 4ms/step - loss: 0.6884 - accuracy: 0.5584
Epoch 3/25

1/8 [==>...........................] - ETA: 0s - loss: 0.6814 - accuracy: 0.6875
8/8 [==============================] - 0s 3ms/step - loss: 0.6828 - accuracy: 0.5584
Epoch 4/25

1/8 [==>...........................] - ETA: 0s - loss: 0.6775 - accuracy: 0.7188
8/8 [==============================] - 0s 3ms/step - loss: 0.6715 - accuracy: 0.5498
Epoch 5/25

1/8 [==>...........................] - ETA: 0s - loss: 0.6590 - accuracy: 0.7500
8/8 [==============================] - 0s 3ms/step - loss: 0.6630 - accuracy: 0.6017
Epoch 6/25

1/8 [==>...........................] - ETA: 0s - loss: 0.6502 - accuracy: 0.6250
8/8 [==============================] - 0s 3ms/step - loss: 0.6504 - accuracy: 0.5455
Epoch 7/25

1/8 [==>...........................] - ETA: 0s - loss: 0.5839 - accuracy: 0.5625
8/8 [==============================] - 0s 3ms/step - loss: 0.6421 - accuracy: 0.5368
Epoch 8/25

1/8 [==>...........................] - ETA: 0s - loss: 0.6375 - accuracy: 0.5938
8/8 [==============================] - 0s 3ms/step - loss: 0.6240 - accuracy: 0.5844
Epoch 9/25

1/8 [==>...........................] - ETA: 0s - loss: 0.6428 - accuracy: 0.4688
8/8 [==============================] - 0s 3ms/step - loss: 0.6157 - accuracy: 0.5844
Epoch 10/25

1/8 [==>...........................] - ETA: 0s - loss: 0.6706 - accuracy: 0.5625
8/8 [==============================] - 0s 3ms/step - loss: 0.6134 - accuracy: 0.6061
Epoch 11/25

1/8 [==>...........................] - ETA: 0s - loss: 0.6722 - accuracy: 0.5625
8/8 [==============================] - 0s 3ms/step - loss: 0.6027 - accuracy: 0.6320
Epoch 12/25

1/8 [==>...........................] - ETA: 0s - loss: 0.6228 - accuracy: 0.7500
8/8 [==============================] - 0s 3ms/step - loss: 0.5889 - accuracy: 0.6190
Epoch 13/25

1/8 [==>...........................] - ETA: 0s - loss: 0.5647 - accuracy: 0.6250
8/8 [==============================] - 0s 3ms/step - loss: 0.5859 - accuracy: 0.5844
Epoch 14/25

1/8 [==>...........................] - ETA: 0s - loss: 0.5846 - accuracy: 0.6250
8/8 [==============================] - 0s 3ms/step - loss: 0.5570 - accuracy: 0.6450
Epoch 15/25

1/8 [==>...........................] - ETA: 0s - loss: 0.5209 - accuracy: 0.8125
8/8 [==============================] - 0s 3ms/step - loss: 0.5701 - accuracy: 0.6277
Epoch 16/25

1/8 [==>...........................] - ETA: 0s - loss: 0.5301 - accuracy: 0.5938
8/8 [==============================] - 0s 2ms/step - loss: 0.5516 - accuracy: 0.6494
Epoch 17/25

1/8 [==>...........................] - ETA: 0s - loss: 0.5376 - accuracy: 0.5312
8/8 [==============================] - 0s 3ms/step - loss: 0.5449 - accuracy: 0.6320
Epoch 18/25

1/8 [==>...........................] - ETA: 0s - loss: 0.5335 - accuracy: 0.6250
8/8 [==============================] - 0s 3ms/step - loss: 0.5274 - accuracy: 0.6450
Epoch 19/25

1/8 [==>...........................] - ETA: 0s - loss: 0.4304 - accuracy: 0.7812
8/8 [==============================] - 0s 3ms/step - loss: 0.5327 - accuracy: 0.6537
Epoch 20/25

1/8 [==>...........................] - ETA: 0s - loss: 0.5495 - accuracy: 0.4375
8/8 [==============================] - 0s 3ms/step - loss: 0.5359 - accuracy: 0.6450
Epoch 21/25

1/8 [==>...........................] - ETA: 0s - loss: 0.4791 - accuracy: 0.7188
8/8 [==============================] - 0s 3ms/step - loss: 0.5230 - accuracy: 0.6623
Epoch 22/25

1/8 [==>...........................] - ETA: 0s - loss: 0.5966 - accuracy: 0.5938
8/8 [==============================] - 0s 3ms/step - loss: 0.5434 - accuracy: 0.6364
Epoch 23/25

1/8 [==>...........................] - ETA: 0s - loss: 0.5549 - accuracy: 0.6250
8/8 [==============================] - 0s 2ms/step - loss: 0.5055 - accuracy: 0.6667
Epoch 24/25

1/8 [==>...........................] - ETA: 0s - loss: 0.6014 - accuracy: 0.6250
8/8 [==============================] - 0s 3ms/step - loss: 0.5226 - accuracy: 0.6450
Epoch 25/25

1/8 [==>...........................] - ETA: 0s - loss: 0.5958 - accuracy: 0.6250
8/8 [==============================] - 0s 3ms/step - loss: 0.5273 - accuracy: 0.6320
# node2vec
Epoch 1/25

1/8 [==>...........................] - ETA: 2s - loss: 0.6917 - accuracy: 0.5000
8/8 [==============================] - 0s 2ms/step - loss: 0.6864 - accuracy: 0.4935
Epoch 2/25

1/8 [==>...........................] - ETA: 0s - loss: 0.6598 - accuracy: 0.5938
8/8 [==============================] - 0s 2ms/step - loss: 0.6593 - accuracy: 0.5758
Epoch 3/25

1/8 [==>...........................] - ETA: 0s - loss: 0.6614 - accuracy: 0.4688
8/8 [==============================] - 0s 2ms/step - loss: 0.6523 - accuracy: 0.5584
Epoch 4/25

1/8 [==>...........................] - ETA: 0s - loss: 0.5928 - accuracy: 0.5625
8/8 [==============================] - 0s 3ms/step - loss: 0.6335 - accuracy: 0.5801
Epoch 5/25

1/8 [==>...........................] - ETA: 0s - loss: 0.6288 - accuracy: 0.5625
8/8 [==============================] - 0s 5ms/step - loss: 0.6283 - accuracy: 0.6147
Epoch 6/25

1/8 [==>...........................] - ETA: 0s - loss: 0.5629 - accuracy: 0.5938
8/8 [==============================] - 0s 4ms/step - loss: 0.6150 - accuracy: 0.6190
Epoch 7/25

1/8 [==>...........................] - ETA: 0s - loss: 0.6797 - accuracy: 0.5625
8/8 [==============================] - 0s 3ms/step - loss: 0.6211 - accuracy: 0.6104
Epoch 8/25

1/8 [==>...........................] - ETA: 0s - loss: 0.5445 - accuracy: 0.7500
8/8 [==============================] - 0s 2ms/step - loss: 0.6036 - accuracy: 0.6234
Epoch 9/25

1/8 [==>...........................] - ETA: 0s - loss: 0.6212 - accuracy: 0.7188
8/8 [==============================] - 0s 3ms/step - loss: 0.5799 - accuracy: 0.6537
Epoch 10/25

1/8 [==>...........................] - ETA: 0s - loss: 0.6449 - accuracy: 0.4688
8/8 [==============================] - 0s 2ms/step - loss: 0.6148 - accuracy: 0.6320
Epoch 11/25

1/8 [==>...........................] - ETA: 0s - loss: 0.5888 - accuracy: 0.5938
8/8 [==============================] - 0s 2ms/step - loss: 0.5878 - accuracy: 0.6537
Epoch 12/25

1/8 [==>...........................] - ETA: 0s - loss: 0.5479 - accuracy: 0.6250
8/8 [==============================] - 0s 2ms/step - loss: 0.5871 - accuracy: 0.6017
Epoch 13/25

1/8 [==>...........................] - ETA: 0s - loss: 0.5980 - accuracy: 0.6875
8/8 [==============================] - 0s 2ms/step - loss: 0.5666 - accuracy: 0.6753
Epoch 14/25

1/8 [==>...........................] - ETA: 0s - loss: 0.5484 - accuracy: 0.5938
8/8 [==============================] - 0s 2ms/step - loss: 0.5908 - accuracy: 0.6234
Epoch 15/25

1/8 [==>...........................] - ETA: 0s - loss: 0.5443 - accuracy: 0.6562
8/8 [==============================] - 0s 2ms/step - loss: 0.5629 - accuracy: 0.6494
Epoch 16/25

1/8 [==>...........................] - ETA: 0s - loss: 0.5945 - accuracy: 0.5938
8/8 [==============================] - 0s 2ms/step - loss: 0.5753 - accuracy: 0.6234
Epoch 17/25

1/8 [==>...........................] - ETA: 0s - loss: 0.5530 - accuracy: 0.6562
8/8 [==============================] - 0s 2ms/step - loss: 0.5696 - accuracy: 0.6234
Epoch 18/25

1/8 [==>...........................] - ETA: 0s - loss: 0.5784 - accuracy: 0.6250
8/8 [==============================] - 0s 2ms/step - loss: 0.5457 - accuracy: 0.6667
Epoch 19/25

1/8 [==>...........................] - ETA: 0s - loss: 0.5311 - accuracy: 0.7188
8/8 [==============================] - 0s 2ms/step - loss: 0.5784 - accuracy: 0.6190
Epoch 20/25

1/8 [==>...........................] - ETA: 0s - loss: 0.5507 - accuracy: 0.6562
8/8 [==============================] - 0s 2ms/step - loss: 0.5522 - accuracy: 0.6407
Epoch 21/25

1/8 [==>...........................] - ETA: 0s - loss: 0.5455 - accuracy: 0.6562
8/8 [==============================] - 0s 2ms/step - loss: 0.5411 - accuracy: 0.6537
Epoch 22/25

1/8 [==>...........................] - ETA: 0s - loss: 0.5804 - accuracy: 0.6875
8/8 [==============================] - 0s 2ms/step - loss: 0.5452 - accuracy: 0.6580
Epoch 23/25

1/8 [==>...........................] - ETA: 0s - loss: 0.4928 - accuracy: 0.6875
8/8 [==============================] - 0s 2ms/step - loss: 0.5553 - accuracy: 0.6450
Epoch 24/25

1/8 [==>...........................] - ETA: 0s - loss: 0.5120 - accuracy: 0.6875
8/8 [==============================] - 0s 2ms/step - loss: 0.5474 - accuracy: 0.6450
Epoch 25/25

1/8 [==>...........................] - ETA: 0s - loss: 0.5012 - accuracy: 0.6875
8/8 [==============================] - 0s 2ms/step - loss: 0.5333 - accuracy: 0.6667
# predict: steps=102
# predict: tnodeembed_metrics
# predict: node2vec_metrics
tnodeembed: {'auc': 0.5673306240388312, 'f1_micro': 0.5640318627450981, 'f1_macro': 0.49912256683896855} tNodeEmbed_final_loss=0.5273047685623169 tNodeEmbed_final_accuracy=0.6320346593856812 
node2vec: {'auc': 0.5810115099961553, 'f1_micro': 0.5726102941176471, 'f1_macro': 0.5208267582171894} node2vec_final_loss=0.5332902669906616 node2vec_final_accuracy=0.6666666865348816 
