# load graph
Processing Static file: filename='CollegeMsg_20040419.csv'
# initialize tNodeEmbed for dataset=COLLEGE, test_size=0.2
# load dataset
# fit
# tNodeEmbed
Epoch 1/25

1/8 [==>...........................] - ETA: 8s - loss: 0.6931 - accuracy: 0.5938
8/8 [==============================] - 1s 3ms/step - loss: 0.6930 - accuracy: 0.5152
Epoch 2/25

1/8 [==>...........................] - ETA: 0s - loss: 0.6933 - accuracy: 0.4688
8/8 [==============================] - 0s 4ms/step - loss: 0.6934 - accuracy: 0.4805
Epoch 3/25

1/8 [==>...........................] - ETA: 0s - loss: 0.6930 - accuracy: 0.6250
8/8 [==============================] - 0s 4ms/step - loss: 0.6926 - accuracy: 0.4935
Epoch 4/25

1/8 [==>...........................] - ETA: 0s - loss: 0.6932 - accuracy: 0.4375
8/8 [==============================] - 0s 3ms/step - loss: 0.6927 - accuracy: 0.4502
Epoch 5/25

1/8 [==>...........................] - ETA: 0s - loss: 0.6927 - accuracy: 0.5938
8/8 [==============================] - 0s 3ms/step - loss: 0.6931 - accuracy: 0.5108
Epoch 6/25

1/8 [==>...........................] - ETA: 0s - loss: 0.6933 - accuracy: 0.4688
8/8 [==============================] - 0s 3ms/step - loss: 0.6920 - accuracy: 0.5065
Epoch 7/25

1/8 [==>...........................] - ETA: 0s - loss: 0.6929 - accuracy: 0.5312
8/8 [==============================] - 0s 3ms/step - loss: 0.6918 - accuracy: 0.5065
Epoch 8/25

1/8 [==>...........................] - ETA: 0s - loss: 0.6932 - accuracy: 0.5000
8/8 [==============================] - 0s 3ms/step - loss: 0.6917 - accuracy: 0.5108
Epoch 9/25

1/8 [==>...........................] - ETA: 0s - loss: 0.6923 - accuracy: 0.5938
8/8 [==============================] - 0s 3ms/step - loss: 0.6908 - accuracy: 0.4935
Epoch 10/25

1/8 [==>...........................] - ETA: 0s - loss: 0.6925 - accuracy: 0.5938
8/8 [==============================] - 0s 2ms/step - loss: 0.6888 - accuracy: 0.5195
Epoch 11/25

1/8 [==>...........................] - ETA: 0s - loss: 0.6936 - accuracy: 0.4062
8/8 [==============================] - 0s 3ms/step - loss: 0.6907 - accuracy: 0.4978
Epoch 12/25

1/8 [==>...........................] - ETA: 0s - loss: 0.6934 - accuracy: 0.4375
8/8 [==============================] - 0s 3ms/step - loss: 0.6888 - accuracy: 0.5065
Epoch 13/25

1/8 [==>...........................] - ETA: 0s - loss: 0.6592 - accuracy: 0.4688
8/8 [==============================] - 0s 3ms/step - loss: 0.6884 - accuracy: 0.5022
Epoch 14/25

1/8 [==>...........................] - ETA: 0s - loss: 0.6936 - accuracy: 0.4375
8/8 [==============================] - 0s 3ms/step - loss: 0.6853 - accuracy: 0.5238
Epoch 15/25

1/8 [==>...........................] - ETA: 0s - loss: 0.6932 - accuracy: 0.5000
8/8 [==============================] - 0s 3ms/step - loss: 0.6873 - accuracy: 0.5022
Epoch 16/25

1/8 [==>...........................] - ETA: 0s - loss: 0.6932 - accuracy: 0.5000
8/8 [==============================] - 0s 6ms/step - loss: 0.6905 - accuracy: 0.5022
Epoch 17/25

1/8 [==>...........................] - ETA: 0s - loss: 0.6932 - accuracy: 0.5000
8/8 [==============================] - 0s 3ms/step - loss: 0.6870 - accuracy: 0.5281
Epoch 18/25

1/8 [==>...........................] - ETA: 0s - loss: 0.6919 - accuracy: 0.5625
8/8 [==============================] - 0s 4ms/step - loss: 0.6879 - accuracy: 0.4805
Epoch 19/25

1/8 [==>...........................] - ETA: 0s - loss: 0.6926 - accuracy: 0.5312
8/8 [==============================] - 0s 3ms/step - loss: 0.6872 - accuracy: 0.5108
Epoch 20/25

1/8 [==>...........................] - ETA: 0s - loss: 0.6932 - accuracy: 0.5000
8/8 [==============================] - 0s 3ms/step - loss: 0.6871 - accuracy: 0.5195
Epoch 21/25

1/8 [==>...........................] - ETA: 0s - loss: 0.6944 - accuracy: 0.4062
8/8 [==============================] - 0s 3ms/step - loss: 0.6847 - accuracy: 0.4719
Epoch 22/25

1/8 [==>...........................] - ETA: 0s - loss: 0.6915 - accuracy: 0.6562
8/8 [==============================] - 0s 3ms/step - loss: 0.6902 - accuracy: 0.5065
Epoch 23/25

1/8 [==>...........................] - ETA: 0s - loss: 0.6927 - accuracy: 0.5625
8/8 [==============================] - 0s 3ms/step - loss: 0.6870 - accuracy: 0.5325
Epoch 24/25

1/8 [==>...........................] - ETA: 0s - loss: 0.6726 - accuracy: 0.4375
8/8 [==============================] - 0s 3ms/step - loss: 0.6873 - accuracy: 0.4978
Epoch 25/25

1/8 [==>...........................] - ETA: 0s - loss: 0.6932 - accuracy: 0.5000
8/8 [==============================] - 0s 3ms/step - loss: 0.6873 - accuracy: 0.4935
# node2vec
Epoch 1/25

1/8 [==>...........................] - ETA: 1s - loss: 0.6931 - accuracy: 0.6250
8/8 [==============================] - 0s 2ms/step - loss: 0.6939 - accuracy: 0.4978
Epoch 2/25

1/8 [==>...........................] - ETA: 0s - loss: 0.6913 - accuracy: 0.5312
8/8 [==============================] - 0s 2ms/step - loss: 0.6927 - accuracy: 0.4675
Epoch 3/25

1/8 [==>...........................] - ETA: 0s - loss: 0.6939 - accuracy: 0.5938
8/8 [==============================] - 0s 3ms/step - loss: 0.6920 - accuracy: 0.5238
Epoch 4/25

1/8 [==>...........................] - ETA: 0s - loss: 0.6934 - accuracy: 0.4688
8/8 [==============================] - 0s 3ms/step - loss: 0.6918 - accuracy: 0.5065
Epoch 5/25

1/8 [==>...........................] - ETA: 0s - loss: 0.6813 - accuracy: 0.5312
8/8 [==============================] - 0s 2ms/step - loss: 0.6921 - accuracy: 0.4805
Epoch 6/25

1/8 [==>...........................] - ETA: 0s - loss: 0.6978 - accuracy: 0.3438
8/8 [==============================] - 0s 2ms/step - loss: 0.6915 - accuracy: 0.5065
Epoch 7/25

1/8 [==>...........................] - ETA: 0s - loss: 0.6926 - accuracy: 0.5312
8/8 [==============================] - 0s 3ms/step - loss: 0.6912 - accuracy: 0.5108
Epoch 8/25

1/8 [==>...........................] - ETA: 0s - loss: 0.6776 - accuracy: 0.5000
8/8 [==============================] - 0s 3ms/step - loss: 0.6912 - accuracy: 0.5022
Epoch 9/25

1/8 [==>...........................] - ETA: 0s - loss: 0.6956 - accuracy: 0.4375
8/8 [==============================] - 0s 2ms/step - loss: 0.6912 - accuracy: 0.4978
Epoch 10/25

1/8 [==>...........................] - ETA: 0s - loss: 0.7004 - accuracy: 0.2812
8/8 [==============================] - 0s 2ms/step - loss: 0.6887 - accuracy: 0.5022
Epoch 11/25

1/8 [==>...........................] - ETA: 0s - loss: 0.6894 - accuracy: 0.6250
8/8 [==============================] - 0s 2ms/step - loss: 0.6903 - accuracy: 0.5152
Epoch 12/25

1/8 [==>...........................] - ETA: 0s - loss: 0.6923 - accuracy: 0.5312
8/8 [==============================] - 0s 2ms/step - loss: 0.6926 - accuracy: 0.4978
Epoch 13/25

1/8 [==>...........................] - ETA: 0s - loss: 0.6684 - accuracy: 0.5938
8/8 [==============================] - 0s 2ms/step - loss: 0.6897 - accuracy: 0.5195
Epoch 14/25

1/8 [==>...........................] - ETA: 0s - loss: 0.6888 - accuracy: 0.6250
8/8 [==============================] - 0s 2ms/step - loss: 0.6902 - accuracy: 0.4978
Epoch 15/25

1/8 [==>...........................] - ETA: 0s - loss: 0.6902 - accuracy: 0.5938
8/8 [==============================] - 0s 2ms/step - loss: 0.6895 - accuracy: 0.5152
Epoch 16/25

1/8 [==>...........................] - ETA: 0s - loss: 0.6932 - accuracy: 0.5000
8/8 [==============================] - 0s 2ms/step - loss: 0.6898 - accuracy: 0.4978
Epoch 17/25

1/8 [==>...........................] - ETA: 0s - loss: 0.6773 - accuracy: 0.5000
8/8 [==============================] - 0s 2ms/step - loss: 0.6897 - accuracy: 0.4935
Epoch 18/25

1/8 [==>...........................] - ETA: 0s - loss: 0.6812 - accuracy: 0.5000
8/8 [==============================] - 0s 2ms/step - loss: 0.6888 - accuracy: 0.5325
Epoch 19/25

1/8 [==>...........................] - ETA: 0s - loss: 0.6928 - accuracy: 0.5312
8/8 [==============================] - 0s 2ms/step - loss: 0.6892 - accuracy: 0.4935
Epoch 20/25

1/8 [==>...........................] - ETA: 0s - loss: 0.6771 - accuracy: 0.4375
8/8 [==============================] - 0s 2ms/step - loss: 0.6865 - accuracy: 0.5108
Epoch 21/25

1/8 [==>...........................] - ETA: 0s - loss: 0.6926 - accuracy: 0.5938
8/8 [==============================] - 0s 2ms/step - loss: 0.6912 - accuracy: 0.5065
Epoch 22/25

1/8 [==>...........................] - ETA: 0s - loss: 0.6927 - accuracy: 0.5625
8/8 [==============================] - 0s 2ms/step - loss: 0.6886 - accuracy: 0.5108
Epoch 23/25

1/8 [==>...........................] - ETA: 0s - loss: 0.6937 - accuracy: 0.4375
8/8 [==============================] - 0s 2ms/step - loss: 0.6885 - accuracy: 0.5108
Epoch 24/25

1/8 [==>...........................] - ETA: 0s - loss: 0.6927 - accuracy: 0.5312
8/8 [==============================] - 0s 2ms/step - loss: 0.6888 - accuracy: 0.4892
Epoch 25/25

1/8 [==>...........................] - ETA: 0s - loss: 0.6784 - accuracy: 0.5000
8/8 [==============================] - 0s 2ms/step - loss: 0.6882 - accuracy: 0.5238
# predict: steps=102
# predict: tnodeembed_metrics
# predict: node2vec_metrics
tnodeembed: {'auc': 0.46429520797289503, 'f1_micro': 0.46231617647058826, 'f1_macro': 0.32244567833083976} tNodeEmbed_final_loss=0.6872745752334595 tNodeEmbed_final_accuracy=0.4935064911842346 
node2vec: {'auc': 0.5362653486639753, 'f1_micro': 0.49846813725490197, 'f1_macro': 0.3369422495230118} node2vec_final_loss=0.6882433891296387 node2vec_final_accuracy=0.523809552192688 
