# load graph
Processing Static file: filename='CollegeMsg_20040416.csv'
# initialize tNodeEmbed for dataset=COLLEGE, test_size=0.2
# load dataset
# fit
# tNodeEmbed
Epoch 1/25

1/8 [==>...........................] - ETA: 8s - loss: 0.6931 - accuracy: 0.4688
8/8 [==============================] - 1s 3ms/step - loss: 0.6933 - accuracy: 0.5108
Epoch 2/25

1/8 [==>...........................] - ETA: 0s - loss: 0.6934 - accuracy: 0.4688
8/8 [==============================] - 0s 3ms/step - loss: 0.6931 - accuracy: 0.5022
Epoch 3/25

1/8 [==>...........................] - ETA: 0s - loss: 0.6938 - accuracy: 0.4062
8/8 [==============================] - 0s 3ms/step - loss: 0.6932 - accuracy: 0.4719
Epoch 4/25

1/8 [==>...........................] - ETA: 0s - loss: 0.6932 - accuracy: 0.4375
8/8 [==============================] - 0s 3ms/step - loss: 0.6931 - accuracy: 0.4762
Epoch 5/25

1/8 [==>...........................] - ETA: 0s - loss: 0.6931 - accuracy: 0.5625
8/8 [==============================] - 0s 3ms/step - loss: 0.6927 - accuracy: 0.4632
Epoch 6/25

1/8 [==>...........................] - ETA: 0s - loss: 0.6886 - accuracy: 0.5000
8/8 [==============================] - 0s 3ms/step - loss: 0.6919 - accuracy: 0.5411
Epoch 7/25

1/8 [==>...........................] - ETA: 0s - loss: 0.6921 - accuracy: 0.5625
8/8 [==============================] - 0s 3ms/step - loss: 0.6930 - accuracy: 0.4632
Epoch 8/25

1/8 [==>...........................] - ETA: 0s - loss: 0.6837 - accuracy: 0.5938
8/8 [==============================] - 0s 2ms/step - loss: 0.6913 - accuracy: 0.5195
Epoch 9/25

1/8 [==>...........................] - ETA: 0s - loss: 0.6863 - accuracy: 0.5625
8/8 [==============================] - 0s 3ms/step - loss: 0.6907 - accuracy: 0.5108
Epoch 10/25

1/8 [==>...........................] - ETA: 0s - loss: 0.6923 - accuracy: 0.5312
8/8 [==============================] - 0s 3ms/step - loss: 0.6902 - accuracy: 0.5022
Epoch 11/25

1/8 [==>...........................] - ETA: 0s - loss: 0.6921 - accuracy: 0.5312
8/8 [==============================] - 0s 3ms/step - loss: 0.6886 - accuracy: 0.5281
Epoch 12/25

1/8 [==>...........................] - ETA: 0s - loss: 0.6623 - accuracy: 0.5312
8/8 [==============================] - 0s 3ms/step - loss: 0.6896 - accuracy: 0.4935
Epoch 13/25

1/8 [==>...........................] - ETA: 0s - loss: 0.6581 - accuracy: 0.5312
8/8 [==============================] - 0s 3ms/step - loss: 0.6841 - accuracy: 0.4935
Epoch 14/25

1/8 [==>...........................] - ETA: 0s - loss: 0.6963 - accuracy: 0.4375
8/8 [==============================] - 0s 3ms/step - loss: 0.6934 - accuracy: 0.4978
Epoch 15/25

1/8 [==>...........................] - ETA: 0s - loss: 0.6898 - accuracy: 0.5938
8/8 [==============================] - 0s 2ms/step - loss: 0.6851 - accuracy: 0.5022
Epoch 16/25

1/8 [==>...........................] - ETA: 0s - loss: 0.6727 - accuracy: 0.5000
8/8 [==============================] - 0s 3ms/step - loss: 0.6898 - accuracy: 0.5195
Epoch 17/25

1/8 [==>...........................] - ETA: 0s - loss: 0.6978 - accuracy: 0.3438
8/8 [==============================] - 0s 3ms/step - loss: 0.6876 - accuracy: 0.5022
Epoch 18/25

1/8 [==>...........................] - ETA: 0s - loss: 0.6900 - accuracy: 0.6250
8/8 [==============================] - 0s 3ms/step - loss: 0.6869 - accuracy: 0.5238
Epoch 19/25

1/8 [==>...........................] - ETA: 0s - loss: 0.6932 - accuracy: 0.5000
8/8 [==============================] - 0s 3ms/step - loss: 0.6868 - accuracy: 0.5238
Epoch 20/25

1/8 [==>...........................] - ETA: 0s - loss: 0.6518 - accuracy: 0.5000
8/8 [==============================] - 0s 3ms/step - loss: 0.6848 - accuracy: 0.4978
Epoch 21/25

1/8 [==>...........................] - ETA: 0s - loss: 0.6879 - accuracy: 0.6250
8/8 [==============================] - 0s 3ms/step - loss: 0.6883 - accuracy: 0.4935
Epoch 22/25

1/8 [==>...........................] - ETA: 0s - loss: 0.6903 - accuracy: 0.5625
8/8 [==============================] - 0s 3ms/step - loss: 0.6907 - accuracy: 0.4978
Epoch 23/25

1/8 [==>...........................] - ETA: 0s - loss: 0.6967 - accuracy: 0.4375
8/8 [==============================] - 0s 3ms/step - loss: 0.6881 - accuracy: 0.4935
Epoch 24/25

1/8 [==>...........................] - ETA: 0s - loss: 0.6665 - accuracy: 0.6250
8/8 [==============================] - 0s 3ms/step - loss: 0.6863 - accuracy: 0.5281
Epoch 25/25

1/8 [==>...........................] - ETA: 0s - loss: 0.6727 - accuracy: 0.5000
8/8 [==============================] - 0s 3ms/step - loss: 0.6868 - accuracy: 0.5195
# node2vec
Epoch 1/25

1/8 [==>...........................] - ETA: 2s - loss: 0.6931 - accuracy: 0.4375
8/8 [==============================] - 0s 2ms/step - loss: 0.6936 - accuracy: 0.4719
Epoch 2/25

1/8 [==>...........................] - ETA: 0s - loss: 0.6922 - accuracy: 0.5312
8/8 [==============================] - 0s 2ms/step - loss: 0.6919 - accuracy: 0.4935
Epoch 3/25

1/8 [==>...........................] - ETA: 0s - loss: 0.6893 - accuracy: 0.4688
8/8 [==============================] - 0s 2ms/step - loss: 0.6897 - accuracy: 0.5065
Epoch 4/25

1/8 [==>...........................] - ETA: 0s - loss: 0.6885 - accuracy: 0.5938
8/8 [==============================] - 0s 2ms/step - loss: 0.6925 - accuracy: 0.5108
Epoch 5/25

1/8 [==>...........................] - ETA: 0s - loss: 0.6931 - accuracy: 0.5000
8/8 [==============================] - 0s 2ms/step - loss: 0.6883 - accuracy: 0.5022
Epoch 6/25

1/8 [==>...........................] - ETA: 0s - loss: 0.6934 - accuracy: 0.4688
8/8 [==============================] - 0s 2ms/step - loss: 0.6922 - accuracy: 0.5065
Epoch 7/25

1/8 [==>...........................] - ETA: 0s - loss: 0.6933 - accuracy: 0.4688
8/8 [==============================] - 0s 2ms/step - loss: 0.6877 - accuracy: 0.5152
Epoch 8/25

1/8 [==>...........................] - ETA: 0s - loss: 0.6931 - accuracy: 0.5000
8/8 [==============================] - 0s 2ms/step - loss: 0.6916 - accuracy: 0.4675
Epoch 9/25

1/8 [==>...........................] - ETA: 0s - loss: 0.6931 - accuracy: 0.6250
8/8 [==============================] - 0s 2ms/step - loss: 0.6891 - accuracy: 0.5238
Epoch 10/25

1/8 [==>...........................] - ETA: 0s - loss: 0.6624 - accuracy: 0.6250
8/8 [==============================] - 0s 2ms/step - loss: 0.6890 - accuracy: 0.4978
Epoch 11/25

1/8 [==>...........................] - ETA: 0s - loss: 0.6937 - accuracy: 0.4375
8/8 [==============================] - 0s 2ms/step - loss: 0.6887 - accuracy: 0.5065
Epoch 12/25

1/8 [==>...........................] - ETA: 0s - loss: 0.6924 - accuracy: 0.5625
8/8 [==============================] - 0s 2ms/step - loss: 0.6860 - accuracy: 0.4978
Epoch 13/25

1/8 [==>...........................] - ETA: 0s - loss: 0.6768 - accuracy: 0.5938
8/8 [==============================] - 0s 2ms/step - loss: 0.6908 - accuracy: 0.5195
Epoch 14/25

1/8 [==>...........................] - ETA: 0s - loss: 0.6923 - accuracy: 0.5625
8/8 [==============================] - 0s 2ms/step - loss: 0.6880 - accuracy: 0.5195
Epoch 15/25

1/8 [==>...........................] - ETA: 0s - loss: 0.6918 - accuracy: 0.5938
8/8 [==============================] - 0s 2ms/step - loss: 0.6882 - accuracy: 0.4978
Epoch 16/25

1/8 [==>...........................] - ETA: 0s - loss: 0.6728 - accuracy: 0.5625
8/8 [==============================] - 0s 2ms/step - loss: 0.6882 - accuracy: 0.4935
Epoch 17/25

1/8 [==>...........................] - ETA: 0s - loss: 0.6901 - accuracy: 0.6875
8/8 [==============================] - 0s 2ms/step - loss: 0.6853 - accuracy: 0.5195
Epoch 18/25

1/8 [==>...........................] - ETA: 0s - loss: 0.6715 - accuracy: 0.5938
8/8 [==============================] - 0s 2ms/step - loss: 0.6901 - accuracy: 0.5195
Epoch 19/25

1/8 [==>...........................] - ETA: 0s - loss: 0.6926 - accuracy: 0.5312
8/8 [==============================] - 0s 2ms/step - loss: 0.6880 - accuracy: 0.4978
Epoch 20/25

1/8 [==>...........................] - ETA: 0s - loss: 0.6965 - accuracy: 0.3125
8/8 [==============================] - 0s 2ms/step - loss: 0.6878 - accuracy: 0.5108
Epoch 21/25

1/8 [==>...........................] - ETA: 0s - loss: 0.6733 - accuracy: 0.5938
8/8 [==============================] - 0s 2ms/step - loss: 0.6876 - accuracy: 0.5152
Epoch 22/25

1/8 [==>...........................] - ETA: 0s - loss: 0.6920 - accuracy: 0.5625
8/8 [==============================] - 0s 2ms/step - loss: 0.6878 - accuracy: 0.4978
Epoch 23/25

1/8 [==>...........................] - ETA: 0s - loss: 0.6751 - accuracy: 0.3750
8/8 [==============================] - 0s 2ms/step - loss: 0.6877 - accuracy: 0.5022
Epoch 24/25

1/8 [==>...........................] - ETA: 0s - loss: 0.6914 - accuracy: 0.5938
8/8 [==============================] - 0s 2ms/step - loss: 0.6873 - accuracy: 0.5238
Epoch 25/25

1/8 [==>...........................] - ETA: 0s - loss: 0.6950 - accuracy: 0.4062
8/8 [==============================] - 0s 2ms/step - loss: 0.6883 - accuracy: 0.4719
# predict: steps=102
# predict: tnodeembed_metrics
# predict: node2vec_metrics
tnodeembed: {'auc': 0.46396893622645136, 'f1_micro': 0.46200980392156865, 'f1_macro': 0.3218216067321072} tNodeEmbed_final_loss=0.6868107914924622 tNodeEmbed_final_accuracy=0.5194805264472961 
node2vec: {'auc': 0.5359717416378316, 'f1_micro': 0.49816176470588236, 'f1_macro': 0.33627174260647097} node2vec_final_loss=0.688277542591095 node2vec_final_accuracy=0.47186148166656494 
