# load graph
Processing Static file: filename='CollegeMsg_20040426.csv'
# initialize tNodeEmbed for dataset=COLLEGE, test_size=0.2
# load dataset
# fit
# tNodeEmbed
Epoch 1/25

1/8 [==>...........................] - ETA: 9s - loss: 0.6945 - accuracy: 0.5000
8/8 [==============================] - 1s 3ms/step - loss: 0.6911 - accuracy: 0.5411
Epoch 2/25

1/8 [==>...........................] - ETA: 0s - loss: 0.6762 - accuracy: 0.5625
8/8 [==============================] - 0s 3ms/step - loss: 0.6853 - accuracy: 0.5411
Epoch 3/25

1/8 [==>...........................] - ETA: 0s - loss: 0.6816 - accuracy: 0.5000
8/8 [==============================] - 0s 4ms/step - loss: 0.6757 - accuracy: 0.5498
Epoch 4/25

1/8 [==>...........................] - ETA: 0s - loss: 0.6700 - accuracy: 0.5000
8/8 [==============================] - 0s 4ms/step - loss: 0.6615 - accuracy: 0.5628
Epoch 5/25

1/8 [==>...........................] - ETA: 0s - loss: 0.6482 - accuracy: 0.6250
8/8 [==============================] - 0s 4ms/step - loss: 0.6568 - accuracy: 0.5671
Epoch 6/25

1/8 [==>...........................] - ETA: 0s - loss: 0.6312 - accuracy: 0.5625
8/8 [==============================] - 0s 3ms/step - loss: 0.6267 - accuracy: 0.5887
Epoch 7/25

1/8 [==>...........................] - ETA: 0s - loss: 0.6491 - accuracy: 0.4375
8/8 [==============================] - 0s 3ms/step - loss: 0.6285 - accuracy: 0.5714
Epoch 8/25

1/8 [==>...........................] - ETA: 0s - loss: 0.6608 - accuracy: 0.6875
8/8 [==============================] - 0s 4ms/step - loss: 0.6154 - accuracy: 0.6320
Epoch 9/25

1/8 [==>...........................] - ETA: 0s - loss: 0.5714 - accuracy: 0.5938
8/8 [==============================] - 0s 4ms/step - loss: 0.5923 - accuracy: 0.6190
Epoch 10/25

1/8 [==>...........................] - ETA: 0s - loss: 0.5987 - accuracy: 0.6875
8/8 [==============================] - 0s 4ms/step - loss: 0.5877 - accuracy: 0.6710
Epoch 11/25

1/8 [==>...........................] - ETA: 0s - loss: 0.5883 - accuracy: 0.6562
8/8 [==============================] - 0s 4ms/step - loss: 0.5921 - accuracy: 0.6147
Epoch 12/25

1/8 [==>...........................] - ETA: 0s - loss: 0.5107 - accuracy: 0.7500
8/8 [==============================] - 0s 4ms/step - loss: 0.5689 - accuracy: 0.6537
Epoch 13/25

1/8 [==>...........................] - ETA: 0s - loss: 0.5683 - accuracy: 0.6562
8/8 [==============================] - 0s 4ms/step - loss: 0.5748 - accuracy: 0.6364
Epoch 14/25

1/8 [==>...........................] - ETA: 0s - loss: 0.6137 - accuracy: 0.5625
8/8 [==============================] - 0s 4ms/step - loss: 0.5710 - accuracy: 0.6277
Epoch 15/25

1/8 [==>...........................] - ETA: 0s - loss: 0.4822 - accuracy: 0.7500
8/8 [==============================] - 0s 4ms/step - loss: 0.5626 - accuracy: 0.6364
Epoch 16/25

1/8 [==>...........................] - ETA: 0s - loss: 0.4843 - accuracy: 0.7500
8/8 [==============================] - 0s 4ms/step - loss: 0.5509 - accuracy: 0.6623
Epoch 17/25

1/8 [==>...........................] - ETA: 0s - loss: 0.4977 - accuracy: 0.7500
8/8 [==============================] - 0s 4ms/step - loss: 0.5359 - accuracy: 0.6753
Epoch 18/25

1/8 [==>...........................] - ETA: 0s - loss: 0.5437 - accuracy: 0.5625
8/8 [==============================] - 0s 4ms/step - loss: 0.5418 - accuracy: 0.6537
Epoch 19/25

1/8 [==>...........................] - ETA: 0s - loss: 0.5186 - accuracy: 0.7188
8/8 [==============================] - 0s 4ms/step - loss: 0.5450 - accuracy: 0.6320
Epoch 20/25

1/8 [==>...........................] - ETA: 0s - loss: 0.5619 - accuracy: 0.6562
8/8 [==============================] - 0s 4ms/step - loss: 0.5050 - accuracy: 0.6970
Epoch 21/25

1/8 [==>...........................] - ETA: 0s - loss: 0.4955 - accuracy: 0.7500
8/8 [==============================] - 0s 4ms/step - loss: 0.5357 - accuracy: 0.6494
Epoch 22/25

1/8 [==>...........................] - ETA: 0s - loss: 0.4951 - accuracy: 0.7188
8/8 [==============================] - 0s 3ms/step - loss: 0.5111 - accuracy: 0.6797
Epoch 23/25

1/8 [==>...........................] - ETA: 0s - loss: 0.4980 - accuracy: 0.6562
8/8 [==============================] - 0s 3ms/step - loss: 0.5459 - accuracy: 0.6623
Epoch 24/25

1/8 [==>...........................] - ETA: 0s - loss: 0.4857 - accuracy: 0.6562
8/8 [==============================] - 0s 3ms/step - loss: 0.5210 - accuracy: 0.6623
Epoch 25/25

1/8 [==>...........................] - ETA: 0s - loss: 0.4640 - accuracy: 0.6562
8/8 [==============================] - 0s 3ms/step - loss: 0.5096 - accuracy: 0.6926
# node2vec
Epoch 1/25

1/8 [==>...........................] - ETA: 1s - loss: 0.6877 - accuracy: 0.5312
8/8 [==============================] - 0s 2ms/step - loss: 0.6896 - accuracy: 0.4675
Epoch 2/25

1/8 [==>...........................] - ETA: 0s - loss: 0.6586 - accuracy: 0.5938
8/8 [==============================] - 0s 2ms/step - loss: 0.6611 - accuracy: 0.5801
Epoch 3/25

1/8 [==>...........................] - ETA: 0s - loss: 0.6870 - accuracy: 0.5625
8/8 [==============================] - 0s 3ms/step - loss: 0.6556 - accuracy: 0.5498
Epoch 4/25

1/8 [==>...........................] - ETA: 0s - loss: 0.6460 - accuracy: 0.5938
8/8 [==============================] - 0s 3ms/step - loss: 0.6400 - accuracy: 0.5844
Epoch 5/25

1/8 [==>...........................] - ETA: 0s - loss: 0.6238 - accuracy: 0.5625
8/8 [==============================] - 0s 2ms/step - loss: 0.6136 - accuracy: 0.5887
Epoch 6/25

1/8 [==>...........................] - ETA: 0s - loss: 0.6249 - accuracy: 0.7500
8/8 [==============================] - 0s 2ms/step - loss: 0.6235 - accuracy: 0.6061
Epoch 7/25

1/8 [==>...........................] - ETA: 0s - loss: 0.6042 - accuracy: 0.7188
8/8 [==============================] - 0s 3ms/step - loss: 0.6052 - accuracy: 0.6537
Epoch 8/25

1/8 [==>...........................] - ETA: 0s - loss: 0.5465 - accuracy: 0.6875
8/8 [==============================] - 0s 2ms/step - loss: 0.6124 - accuracy: 0.6234
Epoch 9/25

1/8 [==>...........................] - ETA: 0s - loss: 0.6658 - accuracy: 0.5938
8/8 [==============================] - 0s 2ms/step - loss: 0.5961 - accuracy: 0.6494
Epoch 10/25

1/8 [==>...........................] - ETA: 0s - loss: 0.5901 - accuracy: 0.5312
8/8 [==============================] - 0s 2ms/step - loss: 0.5905 - accuracy: 0.6450
Epoch 11/25

1/8 [==>...........................] - ETA: 0s - loss: 0.6282 - accuracy: 0.6875
8/8 [==============================] - 0s 3ms/step - loss: 0.5748 - accuracy: 0.6580
Epoch 12/25

1/8 [==>...........................] - ETA: 0s - loss: 0.6423 - accuracy: 0.5312
8/8 [==============================] - 0s 3ms/step - loss: 0.5928 - accuracy: 0.6234
Epoch 13/25

1/8 [==>...........................] - ETA: 0s - loss: 0.5313 - accuracy: 0.7812
8/8 [==============================] - 0s 3ms/step - loss: 0.5531 - accuracy: 0.6797
Epoch 14/25

1/8 [==>...........................] - ETA: 0s - loss: 0.5926 - accuracy: 0.7500
8/8 [==============================] - 0s 3ms/step - loss: 0.5774 - accuracy: 0.6277
Epoch 15/25

1/8 [==>...........................] - ETA: 0s - loss: 0.5564 - accuracy: 0.5625
8/8 [==============================] - 0s 3ms/step - loss: 0.5739 - accuracy: 0.6450
Epoch 16/25

1/8 [==>...........................] - ETA: 0s - loss: 0.5574 - accuracy: 0.7188
8/8 [==============================] - 0s 2ms/step - loss: 0.5633 - accuracy: 0.6580
Epoch 17/25

1/8 [==>...........................] - ETA: 0s - loss: 0.5669 - accuracy: 0.6875
8/8 [==============================] - 0s 2ms/step - loss: 0.5666 - accuracy: 0.6277
Epoch 18/25

1/8 [==>...........................] - ETA: 0s - loss: 0.4855 - accuracy: 0.7500
8/8 [==============================] - 0s 3ms/step - loss: 0.5543 - accuracy: 0.6840
Epoch 19/25

1/8 [==>...........................] - ETA: 0s - loss: 0.5384 - accuracy: 0.7188
8/8 [==============================] - 0s 2ms/step - loss: 0.5566 - accuracy: 0.6667
Epoch 20/25

1/8 [==>...........................] - ETA: 0s - loss: 0.5175 - accuracy: 0.7188
8/8 [==============================] - 0s 2ms/step - loss: 0.5593 - accuracy: 0.6623
Epoch 21/25

1/8 [==>...........................] - ETA: 0s - loss: 0.4903 - accuracy: 0.6562
8/8 [==============================] - 0s 2ms/step - loss: 0.5286 - accuracy: 0.6753
Epoch 22/25

1/8 [==>...........................] - ETA: 0s - loss: 0.5266 - accuracy: 0.7188
8/8 [==============================] - 0s 3ms/step - loss: 0.5603 - accuracy: 0.6450
Epoch 23/25

1/8 [==>...........................] - ETA: 0s - loss: 0.4563 - accuracy: 0.8750
8/8 [==============================] - 0s 2ms/step - loss: 0.5374 - accuracy: 0.6797
Epoch 24/25

1/8 [==>...........................] - ETA: 0s - loss: 0.5667 - accuracy: 0.6875
8/8 [==============================] - 0s 2ms/step - loss: 0.5351 - accuracy: 0.6883
Epoch 25/25

1/8 [==>...........................] - ETA: 0s - loss: 0.5688 - accuracy: 0.6250
8/8 [==============================] - 0s 2ms/step - loss: 0.5393 - accuracy: 0.6753
# predict: steps=102
# predict: tnodeembed_metrics
# predict: node2vec_metrics
tnodeembed: {'auc': 0.6235285857602846, 'f1_micro': 0.5946691176470589, 'f1_macro': 0.567434627191302} tNodeEmbed_final_loss=0.5096152424812317 tNodeEmbed_final_accuracy=0.6926407217979431 
node2vec: {'auc': 0.5993358548995579, 'f1_micro': 0.5793504901960784, 'f1_macro': 0.5331297628171865} node2vec_final_loss=0.5393155813217163 node2vec_final_accuracy=0.6753246784210205 
