# load graph
Processing Static file: filename='CollegeMsg_20040428.csv'
# initialize tNodeEmbed for dataset=COLLEGE, test_size=0.2
# load dataset
# fit
# tNodeEmbed
Epoch 1/25

1/8 [==>...........................] - ETA: 8s - loss: 0.6947 - accuracy: 0.4375
8/8 [==============================] - 1s 3ms/step - loss: 0.6913 - accuracy: 0.4892
Epoch 2/25

1/8 [==>...........................] - ETA: 0s - loss: 0.6903 - accuracy: 0.5000
8/8 [==============================] - 0s 3ms/step - loss: 0.6813 - accuracy: 0.5541
Epoch 3/25

1/8 [==>...........................] - ETA: 0s - loss: 0.6718 - accuracy: 0.4375
8/8 [==============================] - 0s 3ms/step - loss: 0.6610 - accuracy: 0.6667
Epoch 4/25

1/8 [==>...........................] - ETA: 0s - loss: 0.6721 - accuracy: 0.5312
8/8 [==============================] - 0s 3ms/step - loss: 0.6524 - accuracy: 0.6537
Epoch 5/25

1/8 [==>...........................] - ETA: 0s - loss: 0.6171 - accuracy: 0.7500
8/8 [==============================] - 0s 3ms/step - loss: 0.6180 - accuracy: 0.7143
Epoch 6/25

1/8 [==>...........................] - ETA: 0s - loss: 0.5797 - accuracy: 0.6875
8/8 [==============================] - 0s 3ms/step - loss: 0.5775 - accuracy: 0.7013
Epoch 7/25

1/8 [==>...........................] - ETA: 0s - loss: 0.6205 - accuracy: 0.5938
8/8 [==============================] - 0s 3ms/step - loss: 0.5730 - accuracy: 0.7100
Epoch 8/25

1/8 [==>...........................] - ETA: 0s - loss: 0.5649 - accuracy: 0.7812
8/8 [==============================] - 0s 3ms/step - loss: 0.5408 - accuracy: 0.7229
Epoch 9/25

1/8 [==>...........................] - ETA: 0s - loss: 0.5319 - accuracy: 0.6562
8/8 [==============================] - 0s 3ms/step - loss: 0.5056 - accuracy: 0.7403
Epoch 10/25

1/8 [==>...........................] - ETA: 0s - loss: 0.5583 - accuracy: 0.6250
8/8 [==============================] - 0s 3ms/step - loss: 0.4924 - accuracy: 0.7273
Epoch 11/25

1/8 [==>...........................] - ETA: 0s - loss: 0.5650 - accuracy: 0.6250
8/8 [==============================] - 0s 3ms/step - loss: 0.4917 - accuracy: 0.7316
Epoch 12/25

1/8 [==>...........................] - ETA: 0s - loss: 0.4721 - accuracy: 0.7500
8/8 [==============================] - 0s 3ms/step - loss: 0.4386 - accuracy: 0.7792
Epoch 13/25

1/8 [==>...........................] - ETA: 0s - loss: 0.4364 - accuracy: 0.7812
8/8 [==============================] - 0s 3ms/step - loss: 0.4560 - accuracy: 0.7489
Epoch 14/25

1/8 [==>...........................] - ETA: 0s - loss: 0.4707 - accuracy: 0.7812
8/8 [==============================] - 0s 3ms/step - loss: 0.4344 - accuracy: 0.7662
Epoch 15/25

1/8 [==>...........................] - ETA: 0s - loss: 0.3627 - accuracy: 0.7812
8/8 [==============================] - 0s 3ms/step - loss: 0.4122 - accuracy: 0.7749
Epoch 16/25

1/8 [==>...........................] - ETA: 0s - loss: 0.3852 - accuracy: 0.7812
8/8 [==============================] - 0s 3ms/step - loss: 0.3991 - accuracy: 0.7792
Epoch 17/25

1/8 [==>...........................] - ETA: 0s - loss: 0.3296 - accuracy: 0.8125
8/8 [==============================] - 0s 3ms/step - loss: 0.4003 - accuracy: 0.7662
Epoch 18/25

1/8 [==>...........................] - ETA: 0s - loss: 0.3496 - accuracy: 0.8438
8/8 [==============================] - 0s 3ms/step - loss: 0.4017 - accuracy: 0.7706
Epoch 19/25

1/8 [==>...........................] - ETA: 0s - loss: 0.4467 - accuracy: 0.6875
8/8 [==============================] - 0s 3ms/step - loss: 0.3837 - accuracy: 0.7749
Epoch 20/25

1/8 [==>...........................] - ETA: 0s - loss: 0.3738 - accuracy: 0.8125
8/8 [==============================] - 0s 3ms/step - loss: 0.3950 - accuracy: 0.7706
Epoch 21/25

1/8 [==>...........................] - ETA: 0s - loss: 0.3851 - accuracy: 0.7188
8/8 [==============================] - 0s 3ms/step - loss: 0.3903 - accuracy: 0.7489
Epoch 22/25

1/8 [==>...........................] - ETA: 0s - loss: 0.3829 - accuracy: 0.7812
8/8 [==============================] - 0s 3ms/step - loss: 0.3813 - accuracy: 0.7792
Epoch 23/25

1/8 [==>...........................] - ETA: 0s - loss: 0.4021 - accuracy: 0.6875
8/8 [==============================] - 0s 3ms/step - loss: 0.3826 - accuracy: 0.7532
Epoch 24/25

1/8 [==>...........................] - ETA: 0s - loss: 0.3263 - accuracy: 0.8438
8/8 [==============================] - 0s 3ms/step - loss: 0.3773 - accuracy: 0.7922
Epoch 25/25

1/8 [==>...........................] - ETA: 0s - loss: 0.3552 - accuracy: 0.7812
8/8 [==============================] - 0s 3ms/step - loss: 0.3712 - accuracy: 0.7835
# node2vec
Epoch 1/25

1/8 [==>...........................] - ETA: 3s - loss: 0.6979 - accuracy: 0.5000
8/8 [==============================] - 1s 2ms/step - loss: 0.6739 - accuracy: 0.5844
Epoch 2/25

1/8 [==>...........................] - ETA: 0s - loss: 0.6355 - accuracy: 0.6875
8/8 [==============================] - 0s 2ms/step - loss: 0.6385 - accuracy: 0.6667
Epoch 3/25

1/8 [==>...........................] - ETA: 0s - loss: 0.6307 - accuracy: 0.6562
8/8 [==============================] - 0s 2ms/step - loss: 0.6204 - accuracy: 0.6753
Epoch 4/25

1/8 [==>...........................] - ETA: 0s - loss: 0.6304 - accuracy: 0.6562
8/8 [==============================] - 0s 2ms/step - loss: 0.5709 - accuracy: 0.7359
Epoch 5/25

1/8 [==>...........................] - ETA: 0s - loss: 0.6216 - accuracy: 0.7500
8/8 [==============================] - 0s 3ms/step - loss: 0.5785 - accuracy: 0.6840
Epoch 6/25

1/8 [==>...........................] - ETA: 0s - loss: 0.5900 - accuracy: 0.7812
8/8 [==============================] - 0s 2ms/step - loss: 0.5566 - accuracy: 0.7186
Epoch 7/25

1/8 [==>...........................] - ETA: 0s - loss: 0.5808 - accuracy: 0.7500
8/8 [==============================] - 0s 2ms/step - loss: 0.5432 - accuracy: 0.7273
Epoch 8/25

1/8 [==>...........................] - ETA: 0s - loss: 0.4992 - accuracy: 0.7812
8/8 [==============================] - 0s 3ms/step - loss: 0.5210 - accuracy: 0.7489
Epoch 9/25

1/8 [==>...........................] - ETA: 0s - loss: 0.5934 - accuracy: 0.5938
8/8 [==============================] - 0s 3ms/step - loss: 0.5174 - accuracy: 0.7489
Epoch 10/25

1/8 [==>...........................] - ETA: 0s - loss: 0.4704 - accuracy: 0.8438
8/8 [==============================] - 0s 3ms/step - loss: 0.5196 - accuracy: 0.7359
Epoch 11/25

1/8 [==>...........................] - ETA: 0s - loss: 0.4384 - accuracy: 0.7188
8/8 [==============================] - 0s 2ms/step - loss: 0.4965 - accuracy: 0.7229
Epoch 12/25

1/8 [==>...........................] - ETA: 0s - loss: 0.4916 - accuracy: 0.7500
8/8 [==============================] - 0s 2ms/step - loss: 0.4945 - accuracy: 0.7706
Epoch 13/25

1/8 [==>...........................] - ETA: 0s - loss: 0.4629 - accuracy: 0.7812
8/8 [==============================] - 0s 2ms/step - loss: 0.4852 - accuracy: 0.7576
Epoch 14/25

1/8 [==>...........................] - ETA: 0s - loss: 0.4328 - accuracy: 0.8125
8/8 [==============================] - 0s 2ms/step - loss: 0.4675 - accuracy: 0.7532
Epoch 15/25

1/8 [==>...........................] - ETA: 0s - loss: 0.5535 - accuracy: 0.7188
8/8 [==============================] - 0s 3ms/step - loss: 0.4957 - accuracy: 0.7489
Epoch 16/25

1/8 [==>...........................] - ETA: 0s - loss: 0.5293 - accuracy: 0.6875
8/8 [==============================] - 0s 2ms/step - loss: 0.4616 - accuracy: 0.7662
Epoch 17/25

1/8 [==>...........................] - ETA: 0s - loss: 0.4563 - accuracy: 0.7500
8/8 [==============================] - 0s 3ms/step - loss: 0.4619 - accuracy: 0.7662
Epoch 18/25

1/8 [==>...........................] - ETA: 0s - loss: 0.4204 - accuracy: 0.7812
8/8 [==============================] - 0s 3ms/step - loss: 0.4513 - accuracy: 0.7662
Epoch 19/25

1/8 [==>...........................] - ETA: 0s - loss: 0.4922 - accuracy: 0.7188
8/8 [==============================] - 0s 2ms/step - loss: 0.4456 - accuracy: 0.7792
Epoch 20/25

1/8 [==>...........................] - ETA: 0s - loss: 0.3712 - accuracy: 0.8125
8/8 [==============================] - 0s 2ms/step - loss: 0.4424 - accuracy: 0.7749
Epoch 21/25

1/8 [==>...........................] - ETA: 0s - loss: 0.3731 - accuracy: 0.8438
8/8 [==============================] - 0s 2ms/step - loss: 0.4465 - accuracy: 0.7662
Epoch 22/25

1/8 [==>...........................] - ETA: 0s - loss: 0.4362 - accuracy: 0.7500
8/8 [==============================] - 0s 2ms/step - loss: 0.4364 - accuracy: 0.7706
Epoch 23/25

1/8 [==>...........................] - ETA: 0s - loss: 0.3085 - accuracy: 0.9062
8/8 [==============================] - 0s 2ms/step - loss: 0.4342 - accuracy: 0.7662
Epoch 24/25

1/8 [==>...........................] - ETA: 0s - loss: 0.3990 - accuracy: 0.8125
8/8 [==============================] - 0s 3ms/step - loss: 0.4176 - accuracy: 0.7749
Epoch 25/25

1/8 [==>...........................] - ETA: 0s - loss: 0.4361 - accuracy: 0.7812
8/8 [==============================] - 0s 2ms/step - loss: 0.4313 - accuracy: 0.7835
# predict: steps=102
# predict: tnodeembed_metrics
# predict: node2vec_metrics
tnodeembed: {'auc': 0.6000343918204536, 'f1_micro': 0.5824142156862745, 'f1_macro': 0.5454315370440287} tNodeEmbed_final_loss=0.3712460994720459 tNodeEmbed_final_accuracy=0.7835497856140137 
node2vec: {'auc': 0.5884601925941946, 'f1_micro': 0.5787377450980392, 'f1_macro': 0.543990257973693} node2vec_final_loss=0.43129855394363403 node2vec_final_accuracy=0.7835497856140137 
