# load graph
Processing Static file: filename='CollegeMsg_20040423.csv'
# initialize tNodeEmbed for dataset=COLLEGE, test_size=0.2
# load dataset
# fit
# tNodeEmbed
Epoch 1/25

1/8 [==>...........................] - ETA: 9s - loss: 0.6937 - accuracy: 0.4688
8/8 [==============================] - 1s 3ms/step - loss: 0.6923 - accuracy: 0.5325
Epoch 2/25

1/8 [==>...........................] - ETA: 0s - loss: 0.6893 - accuracy: 0.6250
8/8 [==============================] - 0s 4ms/step - loss: 0.6910 - accuracy: 0.5065
Epoch 3/25

1/8 [==>...........................] - ETA: 0s - loss: 0.6754 - accuracy: 0.5625
8/8 [==============================] - 0s 3ms/step - loss: 0.6866 - accuracy: 0.5584
Epoch 4/25

1/8 [==>...........................] - ETA: 0s - loss: 0.6866 - accuracy: 0.4688
8/8 [==============================] - 0s 3ms/step - loss: 0.6780 - accuracy: 0.5541
Epoch 5/25

1/8 [==>...........................] - ETA: 0s - loss: 0.6661 - accuracy: 0.6250
8/8 [==============================] - 0s 3ms/step - loss: 0.6748 - accuracy: 0.5455
Epoch 6/25

1/8 [==>...........................] - ETA: 0s - loss: 0.6634 - accuracy: 0.6250
8/8 [==============================] - 0s 3ms/step - loss: 0.6584 - accuracy: 0.6061
Epoch 7/25

1/8 [==>...........................] - ETA: 0s - loss: 0.6457 - accuracy: 0.6250
8/8 [==============================] - 0s 4ms/step - loss: 0.6536 - accuracy: 0.5801
Epoch 8/25

1/8 [==>...........................] - ETA: 0s - loss: 0.6455 - accuracy: 0.6562
8/8 [==============================] - 0s 4ms/step - loss: 0.6494 - accuracy: 0.5844
Epoch 9/25

1/8 [==>...........................] - ETA: 0s - loss: 0.6159 - accuracy: 0.6250
8/8 [==============================] - 0s 4ms/step - loss: 0.6323 - accuracy: 0.6017
Epoch 10/25

1/8 [==>...........................] - ETA: 0s - loss: 0.6450 - accuracy: 0.5000
8/8 [==============================] - 0s 4ms/step - loss: 0.6168 - accuracy: 0.5931
Epoch 11/25

1/8 [==>...........................] - ETA: 0s - loss: 0.6420 - accuracy: 0.6562
8/8 [==============================] - 0s 4ms/step - loss: 0.6285 - accuracy: 0.5974
Epoch 12/25

1/8 [==>...........................] - ETA: 0s - loss: 0.6218 - accuracy: 0.5625
8/8 [==============================] - 0s 3ms/step - loss: 0.6157 - accuracy: 0.5974
Epoch 13/25

1/8 [==>...........................] - ETA: 0s - loss: 0.6507 - accuracy: 0.4375
8/8 [==============================] - 0s 3ms/step - loss: 0.6082 - accuracy: 0.6104
Epoch 14/25

1/8 [==>...........................] - ETA: 0s - loss: 0.5898 - accuracy: 0.5938
8/8 [==============================] - 0s 4ms/step - loss: 0.6158 - accuracy: 0.5887
Epoch 15/25

1/8 [==>...........................] - ETA: 0s - loss: 0.5208 - accuracy: 0.8125
8/8 [==============================] - 0s 3ms/step - loss: 0.5974 - accuracy: 0.6234
Epoch 16/25

1/8 [==>...........................] - ETA: 0s - loss: 0.6070 - accuracy: 0.5625
8/8 [==============================] - 0s 3ms/step - loss: 0.6060 - accuracy: 0.6017
Epoch 17/25

1/8 [==>...........................] - ETA: 0s - loss: 0.6041 - accuracy: 0.5938
8/8 [==============================] - 0s 3ms/step - loss: 0.5912 - accuracy: 0.5974
Epoch 18/25

1/8 [==>...........................] - ETA: 0s - loss: 0.6335 - accuracy: 0.5625
8/8 [==============================] - 0s 3ms/step - loss: 0.6075 - accuracy: 0.6147
Epoch 19/25

1/8 [==>...........................] - ETA: 0s - loss: 0.5174 - accuracy: 0.6250
8/8 [==============================] - 0s 4ms/step - loss: 0.5902 - accuracy: 0.5931
Epoch 20/25

1/8 [==>...........................] - ETA: 0s - loss: 0.5490 - accuracy: 0.7188
8/8 [==============================] - 0s 6ms/step - loss: 0.5917 - accuracy: 0.6277
Epoch 21/25

1/8 [==>...........................] - ETA: 0s - loss: 0.5797 - accuracy: 0.6562
8/8 [==============================] - 0s 5ms/step - loss: 0.5934 - accuracy: 0.6104
Epoch 22/25

1/8 [==>...........................] - ETA: 0s - loss: 0.5914 - accuracy: 0.5312
8/8 [==============================] - 0s 4ms/step - loss: 0.5854 - accuracy: 0.6190
Epoch 23/25

1/8 [==>...........................] - ETA: 0s - loss: 0.5654 - accuracy: 0.6562
8/8 [==============================] - 0s 4ms/step - loss: 0.5859 - accuracy: 0.6190
Epoch 24/25

1/8 [==>...........................] - ETA: 0s - loss: 0.5955 - accuracy: 0.7188
8/8 [==============================] - 0s 4ms/step - loss: 0.5766 - accuracy: 0.6190
Epoch 25/25

1/8 [==>...........................] - ETA: 0s - loss: 0.5565 - accuracy: 0.5938
8/8 [==============================] - 0s 4ms/step - loss: 0.5842 - accuracy: 0.6061
# node2vec
Epoch 1/25

1/8 [==>...........................] - ETA: 2s - loss: 0.6915 - accuracy: 0.4375
8/8 [==============================] - 0s 2ms/step - loss: 0.6827 - accuracy: 0.5455
Epoch 2/25

1/8 [==>...........................] - ETA: 0s - loss: 0.6661 - accuracy: 0.5312
8/8 [==============================] - 0s 2ms/step - loss: 0.6782 - accuracy: 0.5455
Epoch 3/25

1/8 [==>...........................] - ETA: 0s - loss: 0.6926 - accuracy: 0.6250
8/8 [==============================] - 0s 2ms/step - loss: 0.6606 - accuracy: 0.6061
Epoch 4/25

1/8 [==>...........................] - ETA: 0s - loss: 0.6814 - accuracy: 0.4375
8/8 [==============================] - 0s 2ms/step - loss: 0.6573 - accuracy: 0.5758
Epoch 5/25

1/8 [==>...........................] - ETA: 0s - loss: 0.6724 - accuracy: 0.4062
8/8 [==============================] - 0s 2ms/step - loss: 0.6512 - accuracy: 0.5065
Epoch 6/25

1/8 [==>...........................] - ETA: 0s - loss: 0.6433 - accuracy: 0.5625
8/8 [==============================] - 0s 2ms/step - loss: 0.6450 - accuracy: 0.5411
Epoch 7/25

1/8 [==>...........................] - ETA: 0s - loss: 0.6392 - accuracy: 0.5000
8/8 [==============================] - 0s 2ms/step - loss: 0.6508 - accuracy: 0.5628
Epoch 8/25

1/8 [==>...........................] - ETA: 0s - loss: 0.6182 - accuracy: 0.6250
8/8 [==============================] - 0s 2ms/step - loss: 0.6218 - accuracy: 0.6147
Epoch 9/25

1/8 [==>...........................] - ETA: 0s - loss: 0.6494 - accuracy: 0.6250
8/8 [==============================] - 0s 2ms/step - loss: 0.6424 - accuracy: 0.5714
Epoch 10/25

1/8 [==>...........................] - ETA: 0s - loss: 0.5987 - accuracy: 0.6562
8/8 [==============================] - 0s 2ms/step - loss: 0.6235 - accuracy: 0.6147
Epoch 11/25

1/8 [==>...........................] - ETA: 0s - loss: 0.6120 - accuracy: 0.6562
8/8 [==============================] - 0s 2ms/step - loss: 0.6277 - accuracy: 0.5801
Epoch 12/25

1/8 [==>...........................] - ETA: 0s - loss: 0.5821 - accuracy: 0.6250
8/8 [==============================] - 0s 2ms/step - loss: 0.6227 - accuracy: 0.6061
Epoch 13/25

1/8 [==>...........................] - ETA: 0s - loss: 0.6142 - accuracy: 0.5625
8/8 [==============================] - 0s 2ms/step - loss: 0.6261 - accuracy: 0.5844
Epoch 14/25

1/8 [==>...........................] - ETA: 0s - loss: 0.5729 - accuracy: 0.5625
8/8 [==============================] - 0s 2ms/step - loss: 0.6196 - accuracy: 0.6147
Epoch 15/25

1/8 [==>...........................] - ETA: 0s - loss: 0.6472 - accuracy: 0.5000
8/8 [==============================] - 0s 2ms/step - loss: 0.6144 - accuracy: 0.6061
Epoch 16/25

1/8 [==>...........................] - ETA: 0s - loss: 0.6282 - accuracy: 0.5312
8/8 [==============================] - 0s 2ms/step - loss: 0.6157 - accuracy: 0.6017
Epoch 17/25

1/8 [==>...........................] - ETA: 0s - loss: 0.6688 - accuracy: 0.5312
8/8 [==============================] - 0s 2ms/step - loss: 0.6054 - accuracy: 0.6190
Epoch 18/25

1/8 [==>...........................] - ETA: 0s - loss: 0.6145 - accuracy: 0.5938
8/8 [==============================] - 0s 2ms/step - loss: 0.6142 - accuracy: 0.5758
Epoch 19/25

1/8 [==>...........................] - ETA: 0s - loss: 0.6596 - accuracy: 0.5625
8/8 [==============================] - 0s 2ms/step - loss: 0.6164 - accuracy: 0.5844
Epoch 20/25

1/8 [==>...........................] - ETA: 0s - loss: 0.6208 - accuracy: 0.5312
8/8 [==============================] - 0s 2ms/step - loss: 0.5977 - accuracy: 0.6364
Epoch 21/25

1/8 [==>...........................] - ETA: 0s - loss: 0.6314 - accuracy: 0.5000
8/8 [==============================] - 0s 2ms/step - loss: 0.6134 - accuracy: 0.6061
Epoch 22/25

1/8 [==>...........................] - ETA: 0s - loss: 0.5482 - accuracy: 0.7188
8/8 [==============================] - 0s 2ms/step - loss: 0.5963 - accuracy: 0.6104
Epoch 23/25

1/8 [==>...........................] - ETA: 0s - loss: 0.5903 - accuracy: 0.6250
8/8 [==============================] - 0s 2ms/step - loss: 0.6133 - accuracy: 0.5931
Epoch 24/25

1/8 [==>...........................] - ETA: 0s - loss: 0.6722 - accuracy: 0.5312
8/8 [==============================] - 0s 2ms/step - loss: 0.6043 - accuracy: 0.6104
Epoch 25/25

1/8 [==>...........................] - ETA: 0s - loss: 0.5758 - accuracy: 0.5938
8/8 [==============================] - 0s 2ms/step - loss: 0.5894 - accuracy: 0.6147
# predict: steps=102
# predict: tnodeembed_metrics
# predict: node2vec_metrics
tnodeembed: {'auc': 0.5465477896121685, 'f1_micro': 0.5551470588235294, 'f1_macro': 0.4840004389884452} tNodeEmbed_final_loss=0.5841935276985168 tNodeEmbed_final_accuracy=0.6060606241226196 
node2vec: {'auc': 0.5307818056757017, 'f1_micro': 0.5496323529411765, 'f1_macro': 0.47366943042284765} node2vec_final_loss=0.5893897414207458 node2vec_final_accuracy=0.6147186160087585 
