# load graph
Processing Static file: filename='CollegeMsg_20040415.csv'
# initialize tNodeEmbed for dataset=COLLEGE, test_size=0.2
# load dataset
# fit
# tNodeEmbed
Epoch 1/25

1/4 [======>.......................] - ETA: 3s - loss: 0.6931 - accuracy: 0.5156
4/4 [==============================] - 1s 4ms/step - loss: 0.6932 - accuracy: 0.5195
Epoch 2/25

1/4 [======>.......................] - ETA: 0s - loss: 0.6930 - accuracy: 0.5312
4/4 [==============================] - 0s 4ms/step - loss: 0.6932 - accuracy: 0.4935
Epoch 3/25

1/4 [======>.......................] - ETA: 0s - loss: 0.6931 - accuracy: 0.5156
4/4 [==============================] - 0s 4ms/step - loss: 0.6930 - accuracy: 0.5022
Epoch 4/25

1/4 [======>.......................] - ETA: 0s - loss: 0.6930 - accuracy: 0.5469
4/4 [==============================] - 0s 7ms/step - loss: 0.6930 - accuracy: 0.5281
Epoch 5/25

1/4 [======>.......................] - ETA: 0s - loss: 0.6927 - accuracy: 0.5469
4/4 [==============================] - 0s 6ms/step - loss: 0.6934 - accuracy: 0.4719
Epoch 6/25

1/4 [======>.......................] - ETA: 0s - loss: 0.6933 - accuracy: 0.4844
4/4 [==============================] - 0s 5ms/step - loss: 0.6925 - accuracy: 0.5411
Epoch 7/25

1/4 [======>.......................] - ETA: 0s - loss: 0.6941 - accuracy: 0.3750
4/4 [==============================] - 0s 4ms/step - loss: 0.6930 - accuracy: 0.4935
Epoch 8/25

1/4 [======>.......................] - ETA: 0s - loss: 0.6929 - accuracy: 0.5156
4/4 [==============================] - 0s 4ms/step - loss: 0.6930 - accuracy: 0.4978
Epoch 9/25

1/4 [======>.......................] - ETA: 0s - loss: 0.6913 - accuracy: 0.5312
4/4 [==============================] - 0s 4ms/step - loss: 0.6925 - accuracy: 0.5195
Epoch 10/25

1/4 [======>.......................] - ETA: 0s - loss: 0.6917 - accuracy: 0.5000
4/4 [==============================] - 0s 3ms/step - loss: 0.6931 - accuracy: 0.4719
Epoch 11/25

1/4 [======>.......................] - ETA: 0s - loss: 0.6927 - accuracy: 0.5312
4/4 [==============================] - 0s 3ms/step - loss: 0.6922 - accuracy: 0.5195
Epoch 12/25

1/4 [======>.......................] - ETA: 0s - loss: 0.6928 - accuracy: 0.5312
4/4 [==============================] - 0s 4ms/step - loss: 0.6917 - accuracy: 0.5584
Epoch 13/25

1/4 [======>.......................] - ETA: 0s - loss: 0.6906 - accuracy: 0.5000
4/4 [==============================] - 0s 3ms/step - loss: 0.6925 - accuracy: 0.4935
Epoch 14/25

1/4 [======>.......................] - ETA: 0s - loss: 0.6932 - accuracy: 0.4531
4/4 [==============================] - 0s 3ms/step - loss: 0.6925 - accuracy: 0.4719
Epoch 15/25

1/4 [======>.......................] - ETA: 0s - loss: 0.6932 - accuracy: 0.5000
4/4 [==============================] - 0s 4ms/step - loss: 0.6919 - accuracy: 0.4978
Epoch 16/25

1/4 [======>.......................] - ETA: 0s - loss: 0.6943 - accuracy: 0.4375
4/4 [==============================] - 0s 4ms/step - loss: 0.6910 - accuracy: 0.5325
Epoch 17/25

1/4 [======>.......................] - ETA: 0s - loss: 0.6921 - accuracy: 0.5625
4/4 [==============================] - 0s 3ms/step - loss: 0.6915 - accuracy: 0.4892
Epoch 18/25

1/4 [======>.......................] - ETA: 0s - loss: 0.6926 - accuracy: 0.5312
4/4 [==============================] - 0s 4ms/step - loss: 0.6899 - accuracy: 0.5152
Epoch 19/25

1/4 [======>.......................] - ETA: 0s - loss: 0.6929 - accuracy: 0.5156
4/4 [==============================] - 0s 4ms/step - loss: 0.6884 - accuracy: 0.5152
Epoch 20/25

1/4 [======>.......................] - ETA: 0s - loss: 0.6942 - accuracy: 0.4375
4/4 [==============================] - 0s 4ms/step - loss: 0.6923 - accuracy: 0.4805
Epoch 21/25

1/4 [======>.......................] - ETA: 0s - loss: 0.6919 - accuracy: 0.6094
4/4 [==============================] - 0s 4ms/step - loss: 0.6905 - accuracy: 0.5455
Epoch 22/25

1/4 [======>.......................] - ETA: 0s - loss: 0.6940 - accuracy: 0.4219
4/4 [==============================] - 0s 4ms/step - loss: 0.6897 - accuracy: 0.4805
Epoch 23/25

1/4 [======>.......................] - ETA: 0s - loss: 0.6887 - accuracy: 0.3438
4/4 [==============================] - 0s 4ms/step - loss: 0.6850 - accuracy: 0.5325
Epoch 24/25

1/4 [======>.......................] - ETA: 0s - loss: 0.6932 - accuracy: 0.4844
4/4 [==============================] - 0s 4ms/step - loss: 0.6913 - accuracy: 0.4935
Epoch 25/25

1/4 [======>.......................] - ETA: 0s - loss: 0.6837 - accuracy: 0.5156
4/4 [==============================] - 0s 3ms/step - loss: 0.6883 - accuracy: 0.5325
# node2vec
Epoch 1/25

1/4 [======>.......................] - ETA: 0s - loss: 0.6921 - accuracy: 0.4688
4/4 [==============================] - 0s 4ms/step - loss: 0.6931 - accuracy: 0.5065
Epoch 2/25

1/4 [======>.......................] - ETA: 0s - loss: 0.6936 - accuracy: 0.5625
4/4 [==============================] - 0s 4ms/step - loss: 0.6936 - accuracy: 0.4978
Epoch 3/25

1/4 [======>.......................] - ETA: 0s - loss: 0.6907 - accuracy: 0.5000
4/4 [==============================] - 0s 4ms/step - loss: 0.6917 - accuracy: 0.5022
Epoch 4/25

1/4 [======>.......................] - ETA: 0s - loss: 0.6901 - accuracy: 0.5156
4/4 [==============================] - 0s 4ms/step - loss: 0.6924 - accuracy: 0.4978
Epoch 5/25

1/4 [======>.......................] - ETA: 0s - loss: 0.6896 - accuracy: 0.5000
4/4 [==============================] - 0s 4ms/step - loss: 0.6919 - accuracy: 0.5281
Epoch 6/25

1/4 [======>.......................] - ETA: 0s - loss: 0.6885 - accuracy: 0.5781
4/4 [==============================] - 0s 3ms/step - loss: 0.6906 - accuracy: 0.4805
Epoch 7/25

1/4 [======>.......................] - ETA: 0s - loss: 0.6932 - accuracy: 0.4844
4/4 [==============================] - 0s 4ms/step - loss: 0.6929 - accuracy: 0.5108
Epoch 8/25

1/4 [======>.......................] - ETA: 0s - loss: 0.6932 - accuracy: 0.4844
4/4 [==============================] - 0s 4ms/step - loss: 0.6905 - accuracy: 0.4848
Epoch 9/25

1/4 [======>.......................] - ETA: 0s - loss: 0.6914 - accuracy: 0.5781
4/4 [==============================] - 0s 4ms/step - loss: 0.6913 - accuracy: 0.4892
Epoch 10/25

1/4 [======>.......................] - ETA: 0s - loss: 0.6931 - accuracy: 0.5000
4/4 [==============================] - 0s 4ms/step - loss: 0.6926 - accuracy: 0.5195
Epoch 11/25

1/4 [======>.......................] - ETA: 0s - loss: 0.6931 - accuracy: 0.5312
4/4 [==============================] - 0s 4ms/step - loss: 0.6909 - accuracy: 0.5195
Epoch 12/25

1/4 [======>.......................] - ETA: 0s - loss: 0.6931 - accuracy: 0.5156
4/4 [==============================] - 0s 4ms/step - loss: 0.6901 - accuracy: 0.5022
Epoch 13/25

1/4 [======>.......................] - ETA: 0s - loss: 0.6870 - accuracy: 0.4531
4/4 [==============================] - 0s 4ms/step - loss: 0.6896 - accuracy: 0.4805
Epoch 14/25

1/4 [======>.......................] - ETA: 0s - loss: 0.6903 - accuracy: 0.5625
4/4 [==============================] - 0s 3ms/step - loss: 0.6915 - accuracy: 0.5281
Epoch 15/25

1/4 [======>.......................] - ETA: 0s - loss: 0.6863 - accuracy: 0.4531
4/4 [==============================] - 0s 4ms/step - loss: 0.6912 - accuracy: 0.5238
Epoch 16/25

1/4 [======>.......................] - ETA: 0s - loss: 0.6828 - accuracy: 0.4844
4/4 [==============================] - 0s 3ms/step - loss: 0.6904 - accuracy: 0.4805
Epoch 17/25

1/4 [======>.......................] - ETA: 0s - loss: 0.6897 - accuracy: 0.4844
4/4 [==============================] - 0s 5ms/step - loss: 0.6900 - accuracy: 0.5195
Epoch 18/25

1/4 [======>.......................] - ETA: 0s - loss: 0.6929 - accuracy: 0.5312
4/4 [==============================] - 0s 4ms/step - loss: 0.6869 - accuracy: 0.4935
Epoch 19/25

1/4 [======>.......................] - ETA: 0s - loss: 0.6929 - accuracy: 0.5312
4/4 [==============================] - 0s 5ms/step - loss: 0.6898 - accuracy: 0.5065
Epoch 20/25

1/4 [======>.......................] - ETA: 0s - loss: 0.6933 - accuracy: 0.4844
4/4 [==============================] - 0s 4ms/step - loss: 0.6920 - accuracy: 0.4935
Epoch 21/25

1/4 [======>.......................] - ETA: 0s - loss: 0.6934 - accuracy: 0.4531
4/4 [==============================] - 0s 4ms/step - loss: 0.6907 - accuracy: 0.5411
Epoch 22/25

1/4 [======>.......................] - ETA: 0s - loss: 0.6888 - accuracy: 0.4531
4/4 [==============================] - 0s 4ms/step - loss: 0.6872 - accuracy: 0.4978
Epoch 23/25

1/4 [======>.......................] - ETA: 0s - loss: 0.6940 - accuracy: 0.4375
4/4 [==============================] - 0s 3ms/step - loss: 0.6917 - accuracy: 0.5065
Epoch 24/25

1/4 [======>.......................] - ETA: 0s - loss: 0.6800 - accuracy: 0.4688
4/4 [==============================] - 0s 3ms/step - loss: 0.6880 - accuracy: 0.4978
Epoch 25/25

1/4 [======>.......................] - ETA: 0s - loss: 0.6914 - accuracy: 0.6094
4/4 [==============================] - 0s 3ms/step - loss: 0.6883 - accuracy: 0.5065
# predict: steps=51
# predict: tnodeembed_metrics
# predict: node2vec_metrics
tnodeembed: {'auc': 0.4984741445597847, 'f1_micro': 0.49816176470588236, 'f1_macro': 0.33627174260647097} tNodeEmbed_final_loss=0.6882585883140564 tNodeEmbed_final_accuracy=0.5324675440788269 
node2vec: {'auc': 0.49845950175413306, 'f1_micro': 0.49816176470588236, 'f1_macro': 0.33627174260647097} node2vec_final_loss=0.6883000135421753 node2vec_final_accuracy=0.5064935088157654 
