# load graph
Processing Static file: filename='CollegeMsg_20040420.csv'
# initialize tNodeEmbed for dataset=COLLEGE, test_size=0.2
# load dataset
# fit
# tNodeEmbed
Epoch 1/25

1/8 [==>...........................] - ETA: 8s - loss: 0.6937 - accuracy: 0.4688
8/8 [==============================] - 1s 3ms/step - loss: 0.6924 - accuracy: 0.5541
Epoch 2/25

1/8 [==>...........................] - ETA: 0s - loss: 0.6945 - accuracy: 0.4688
8/8 [==============================] - 0s 3ms/step - loss: 0.6970 - accuracy: 0.4416
Epoch 3/25

1/8 [==>...........................] - ETA: 0s - loss: 0.6941 - accuracy: 0.4688
8/8 [==============================] - 0s 3ms/step - loss: 0.6926 - accuracy: 0.5108
Epoch 4/25

1/8 [==>...........................] - ETA: 0s - loss: 0.6931 - accuracy: 0.4688
8/8 [==============================] - 0s 3ms/step - loss: 0.6926 - accuracy: 0.4978
Epoch 5/25

1/8 [==>...........................] - ETA: 0s - loss: 0.6866 - accuracy: 0.6875
8/8 [==============================] - 0s 3ms/step - loss: 0.6910 - accuracy: 0.5238
Epoch 6/25

1/8 [==>...........................] - ETA: 0s - loss: 0.6923 - accuracy: 0.5312
8/8 [==============================] - 0s 3ms/step - loss: 0.6912 - accuracy: 0.5152
Epoch 7/25

1/8 [==>...........................] - ETA: 0s - loss: 0.6941 - accuracy: 0.4688
8/8 [==============================] - 0s 3ms/step - loss: 0.6901 - accuracy: 0.4978
Epoch 8/25

1/8 [==>...........................] - ETA: 0s - loss: 0.6895 - accuracy: 0.5938
8/8 [==============================] - 0s 3ms/step - loss: 0.6900 - accuracy: 0.5022
Epoch 9/25

1/8 [==>...........................] - ETA: 0s - loss: 0.6944 - accuracy: 0.4688
8/8 [==============================] - 0s 3ms/step - loss: 0.6881 - accuracy: 0.5238
Epoch 10/25

1/8 [==>...........................] - ETA: 0s - loss: 0.6555 - accuracy: 0.5625
8/8 [==============================] - 0s 3ms/step - loss: 0.6861 - accuracy: 0.5195
Epoch 11/25

1/8 [==>...........................] - ETA: 0s - loss: 0.6975 - accuracy: 0.2812
8/8 [==============================] - 0s 3ms/step - loss: 0.6852 - accuracy: 0.5152
Epoch 12/25

1/8 [==>...........................] - ETA: 0s - loss: 0.6940 - accuracy: 0.4688
8/8 [==============================] - 0s 2ms/step - loss: 0.6832 - accuracy: 0.4978
Epoch 13/25

1/8 [==>...........................] - ETA: 0s - loss: 0.6704 - accuracy: 0.5938
8/8 [==============================] - 0s 3ms/step - loss: 0.6787 - accuracy: 0.5195
Epoch 14/25

1/8 [==>...........................] - ETA: 0s - loss: 0.6716 - accuracy: 0.6250
8/8 [==============================] - 0s 3ms/step - loss: 0.6838 - accuracy: 0.4848
Epoch 15/25

1/8 [==>...........................] - ETA: 0s - loss: 0.6552 - accuracy: 0.5312
8/8 [==============================] - 0s 3ms/step - loss: 0.6806 - accuracy: 0.5281
Epoch 16/25

1/8 [==>...........................] - ETA: 0s - loss: 0.6884 - accuracy: 0.5938
8/8 [==============================] - 0s 2ms/step - loss: 0.6794 - accuracy: 0.5152
Epoch 17/25

1/8 [==>...........................] - ETA: 0s - loss: 0.6796 - accuracy: 0.5625
8/8 [==============================] - 0s 3ms/step - loss: 0.6835 - accuracy: 0.5022
Epoch 18/25

1/8 [==>...........................] - ETA: 0s - loss: 0.6902 - accuracy: 0.5938
8/8 [==============================] - 0s 2ms/step - loss: 0.6832 - accuracy: 0.4935
Epoch 19/25

1/8 [==>...........................] - ETA: 0s - loss: 0.6874 - accuracy: 0.5312
8/8 [==============================] - 0s 2ms/step - loss: 0.6771 - accuracy: 0.5238
Epoch 20/25

1/8 [==>...........................] - ETA: 0s - loss: 0.6682 - accuracy: 0.4688
8/8 [==============================] - 0s 2ms/step - loss: 0.6814 - accuracy: 0.5325
Epoch 21/25

1/8 [==>...........................] - ETA: 0s - loss: 0.6932 - accuracy: 0.5000
8/8 [==============================] - 0s 3ms/step - loss: 0.6797 - accuracy: 0.4762
Epoch 22/25

1/8 [==>...........................] - ETA: 0s - loss: 0.6471 - accuracy: 0.5625
8/8 [==============================] - 0s 3ms/step - loss: 0.6798 - accuracy: 0.5152
Epoch 23/25

1/8 [==>...........................] - ETA: 0s - loss: 0.6940 - accuracy: 0.4375
8/8 [==============================] - 0s 3ms/step - loss: 0.6777 - accuracy: 0.5108
Epoch 24/25

1/8 [==>...........................] - ETA: 0s - loss: 0.6704 - accuracy: 0.4375
8/8 [==============================] - 0s 2ms/step - loss: 0.6763 - accuracy: 0.5281
Epoch 25/25

1/8 [==>...........................] - ETA: 0s - loss: 0.6953 - accuracy: 0.4062
8/8 [==============================] - 0s 2ms/step - loss: 0.6776 - accuracy: 0.5108
# node2vec
Epoch 1/25

1/8 [==>...........................] - ETA: 2s - loss: 0.6909 - accuracy: 0.3750
8/8 [==============================] - 0s 2ms/step - loss: 0.6931 - accuracy: 0.4805
Epoch 2/25

1/8 [==>...........................] - ETA: 0s - loss: 0.6848 - accuracy: 0.4375
8/8 [==============================] - 0s 3ms/step - loss: 0.6917 - accuracy: 0.4805
Epoch 3/25

1/8 [==>...........................] - ETA: 0s - loss: 0.6862 - accuracy: 0.5000
8/8 [==============================] - 0s 3ms/step - loss: 0.6876 - accuracy: 0.5022
Epoch 4/25

1/8 [==>...........................] - ETA: 0s - loss: 0.6735 - accuracy: 0.4062
8/8 [==============================] - 0s 2ms/step - loss: 0.6879 - accuracy: 0.5108
Epoch 5/25

1/8 [==>...........................] - ETA: 0s - loss: 0.6752 - accuracy: 0.5000
8/8 [==============================] - 0s 2ms/step - loss: 0.6848 - accuracy: 0.5195
Epoch 6/25

1/8 [==>...........................] - ETA: 0s - loss: 0.6967 - accuracy: 0.5000
8/8 [==============================] - 0s 3ms/step - loss: 0.6858 - accuracy: 0.4935
Epoch 7/25

1/8 [==>...........................] - ETA: 0s - loss: 0.6919 - accuracy: 0.5938
8/8 [==============================] - 0s 2ms/step - loss: 0.6827 - accuracy: 0.5065
Epoch 8/25

1/8 [==>...........................] - ETA: 0s - loss: 0.6684 - accuracy: 0.6562
8/8 [==============================] - 0s 2ms/step - loss: 0.6844 - accuracy: 0.4935
Epoch 9/25

1/8 [==>...........................] - ETA: 0s - loss: 0.6868 - accuracy: 0.4062
8/8 [==============================] - 0s 2ms/step - loss: 0.6838 - accuracy: 0.5671
Epoch 10/25

1/8 [==>...........................] - ETA: 0s - loss: 0.6514 - accuracy: 0.5312
8/8 [==============================] - 0s 2ms/step - loss: 0.6827 - accuracy: 0.4848
Epoch 11/25

1/8 [==>...........................] - ETA: 0s - loss: 0.6890 - accuracy: 0.5312
8/8 [==============================] - 0s 2ms/step - loss: 0.6782 - accuracy: 0.5238
Epoch 12/25

1/8 [==>...........................] - ETA: 0s - loss: 0.6806 - accuracy: 0.4688
8/8 [==============================] - 0s 3ms/step - loss: 0.6821 - accuracy: 0.4805
Epoch 13/25

1/8 [==>...........................] - ETA: 0s - loss: 0.6619 - accuracy: 0.5938
8/8 [==============================] - 0s 2ms/step - loss: 0.6819 - accuracy: 0.5108
Epoch 14/25

1/8 [==>...........................] - ETA: 0s - loss: 0.7039 - accuracy: 0.5000
8/8 [==============================] - 0s 2ms/step - loss: 0.6802 - accuracy: 0.5281
Epoch 15/25

1/8 [==>...........................] - ETA: 0s - loss: 0.6919 - accuracy: 0.5938
8/8 [==============================] - 0s 2ms/step - loss: 0.6817 - accuracy: 0.4848
Epoch 16/25

1/8 [==>...........................] - ETA: 0s - loss: 0.6721 - accuracy: 0.6562
8/8 [==============================] - 0s 2ms/step - loss: 0.6803 - accuracy: 0.4935
Epoch 17/25

1/8 [==>...........................] - ETA: 0s - loss: 0.6927 - accuracy: 0.4062
8/8 [==============================] - 0s 2ms/step - loss: 0.6808 - accuracy: 0.5238
Epoch 18/25

1/8 [==>...........................] - ETA: 0s - loss: 0.6930 - accuracy: 0.5312
8/8 [==============================] - 0s 2ms/step - loss: 0.6833 - accuracy: 0.5238
Epoch 19/25

1/8 [==>...........................] - ETA: 0s - loss: 0.6981 - accuracy: 0.5625
8/8 [==============================] - 0s 3ms/step - loss: 0.6766 - accuracy: 0.5108
Epoch 20/25

1/8 [==>...........................] - ETA: 0s - loss: 0.6682 - accuracy: 0.5000
8/8 [==============================] - 0s 2ms/step - loss: 0.6785 - accuracy: 0.5281
Epoch 21/25

1/8 [==>...........................] - ETA: 0s - loss: 0.6537 - accuracy: 0.4375
8/8 [==============================] - 0s 2ms/step - loss: 0.6808 - accuracy: 0.5022
Epoch 22/25

1/8 [==>...........................] - ETA: 0s - loss: 0.6940 - accuracy: 0.3438
8/8 [==============================] - 0s 2ms/step - loss: 0.6817 - accuracy: 0.5022
Epoch 23/25

1/8 [==>...........................] - ETA: 0s - loss: 0.6736 - accuracy: 0.5625
8/8 [==============================] - 0s 2ms/step - loss: 0.6781 - accuracy: 0.4978
Epoch 24/25

1/8 [==>...........................] - ETA: 0s - loss: 0.6511 - accuracy: 0.5938
8/8 [==============================] - 0s 2ms/step - loss: 0.6794 - accuracy: 0.5368
Epoch 25/25

1/8 [==>...........................] - ETA: 0s - loss: 0.6720 - accuracy: 0.5938
8/8 [==============================] - 0s 2ms/step - loss: 0.6801 - accuracy: 0.4935
# predict: steps=102
# predict: tnodeembed_metrics
# predict: node2vec_metrics
tnodeembed: {'auc': 0.47695522755670905, 'f1_micro': 0.45925245098039214, 'f1_macro': 0.32834142550932904} tNodeEmbed_final_loss=0.6776000261306763 tNodeEmbed_final_accuracy=0.5108225345611572 
node2vec: {'auc': 0.4833909283688966, 'f1_micro': 0.46231617647058826, 'f1_macro': 0.3266718158663133} node2vec_final_loss=0.6801384091377258 node2vec_final_accuracy=0.4935064911842346 
