# load graph
Processing Static file: filename='CollegeMsg_20040909_nodes_12_edges_11_component_0.edges'
# initialize tNodeEmbed for dataset=COLLEGE_NC, test_size=0.2
# load dataset
# fit
# tNodeEmbed steps_per_epoch=1
Epoch 1/25

1/1 [==============================] - ETA: 0s - loss: 4.7551 - accuracy: 0.0625
1/1 [==============================] - 1s 1s/step - loss: 4.7551 - accuracy: 0.0625
Epoch 2/25

1/1 [==============================] - ETA: 0s - loss: 4.7194 - accuracy: 0.1250
1/1 [==============================] - 0s 4ms/step - loss: 4.7194 - accuracy: 0.1250
Epoch 3/25

1/1 [==============================] - ETA: 0s - loss: 4.6837 - accuracy: 0.1875
1/1 [==============================] - 0s 5ms/step - loss: 4.6837 - accuracy: 0.1875
Epoch 4/25

1/1 [==============================] - ETA: 0s - loss: 4.6479 - accuracy: 0.3125
1/1 [==============================] - 0s 5ms/step - loss: 4.6479 - accuracy: 0.3125
Epoch 5/25

1/1 [==============================] - ETA: 0s - loss: 4.6118 - accuracy: 0.5625
1/1 [==============================] - 0s 6ms/step - loss: 4.6118 - accuracy: 0.5625
Epoch 6/25

1/1 [==============================] - ETA: 0s - loss: 4.5752 - accuracy: 0.8125
1/1 [==============================] - 0s 8ms/step - loss: 4.5752 - accuracy: 0.8125
Epoch 7/25

1/1 [==============================] - ETA: 0s - loss: 4.5380 - accuracy: 0.8125
1/1 [==============================] - 0s 5ms/step - loss: 4.5380 - accuracy: 0.8125
Epoch 8/25

1/1 [==============================] - ETA: 0s - loss: 4.4999 - accuracy: 0.8750
1/1 [==============================] - 0s 5ms/step - loss: 4.4999 - accuracy: 0.8750
Epoch 9/25

1/1 [==============================] - ETA: 0s - loss: 4.4609 - accuracy: 0.8750
1/1 [==============================] - 0s 6ms/step - loss: 4.4609 - accuracy: 0.8750
Epoch 10/25

1/1 [==============================] - ETA: 0s - loss: 4.4208 - accuracy: 0.8750
1/1 [==============================] - 0s 7ms/step - loss: 4.4208 - accuracy: 0.8750
Epoch 11/25

1/1 [==============================] - ETA: 0s - loss: 4.3793 - accuracy: 0.8750
1/1 [==============================] - 0s 7ms/step - loss: 4.3793 - accuracy: 0.8750
Epoch 12/25

1/1 [==============================] - ETA: 0s - loss: 4.3364 - accuracy: 0.8750
1/1 [==============================] - 0s 7ms/step - loss: 4.3364 - accuracy: 0.8750
Epoch 13/25

1/1 [==============================] - ETA: 0s - loss: 4.2918 - accuracy: 0.8750
1/1 [==============================] - 0s 7ms/step - loss: 4.2918 - accuracy: 0.8750
Epoch 14/25

1/1 [==============================] - ETA: 0s - loss: 4.2455 - accuracy: 0.8750
1/1 [==============================] - 0s 6ms/step - loss: 4.2455 - accuracy: 0.8750
Epoch 15/25

1/1 [==============================] - ETA: 0s - loss: 4.1973 - accuracy: 0.8750
1/1 [==============================] - 0s 7ms/step - loss: 4.1973 - accuracy: 0.8750
Epoch 16/25

1/1 [==============================] - ETA: 0s - loss: 4.1472 - accuracy: 0.8750
1/1 [==============================] - 0s 7ms/step - loss: 4.1472 - accuracy: 0.8750
Epoch 17/25

1/1 [==============================] - ETA: 0s - loss: 4.0949 - accuracy: 0.8750
1/1 [==============================] - 0s 6ms/step - loss: 4.0949 - accuracy: 0.8750
Epoch 18/25

1/1 [==============================] - ETA: 0s - loss: 4.0405 - accuracy: 0.8750
1/1 [==============================] - 0s 6ms/step - loss: 4.0405 - accuracy: 0.8750
Epoch 19/25

1/1 [==============================] - ETA: 0s - loss: 3.9839 - accuracy: 0.8750
1/1 [==============================] - 0s 6ms/step - loss: 3.9839 - accuracy: 0.8750
Epoch 20/25

1/1 [==============================] - ETA: 0s - loss: 3.9250 - accuracy: 0.8750
1/1 [==============================] - 0s 7ms/step - loss: 3.9250 - accuracy: 0.8750
Epoch 21/25

1/1 [==============================] - ETA: 0s - loss: 3.8637 - accuracy: 0.8750
1/1 [==============================] - 0s 6ms/step - loss: 3.8637 - accuracy: 0.8750
Epoch 22/25

1/1 [==============================] - ETA: 0s - loss: 3.8001 - accuracy: 0.8750
1/1 [==============================] - 0s 7ms/step - loss: 3.8001 - accuracy: 0.8750
Epoch 23/25

1/1 [==============================] - ETA: 0s - loss: 3.7342 - accuracy: 0.8750
1/1 [==============================] - 0s 6ms/step - loss: 3.7342 - accuracy: 0.8750
Epoch 24/25

1/1 [==============================] - ETA: 0s - loss: 3.6659 - accuracy: 0.8750
1/1 [==============================] - 0s 6ms/step - loss: 3.6659 - accuracy: 0.8750
Epoch 25/25

1/1 [==============================] - ETA: 0s - loss: 3.5954 - accuracy: 0.8750
1/1 [==============================] - 0s 6ms/step - loss: 3.5954 - accuracy: 0.8750
# node2vec
Epoch 1/25

1/1 [==============================] - ETA: 0s - loss: 4.7315 - accuracy: 0.0625
1/1 [==============================] - 0s 202ms/step - loss: 4.7315 - accuracy: 0.0625
Epoch 2/25

1/1 [==============================] - ETA: 0s - loss: 4.6945 - accuracy: 0.0625
1/1 [==============================] - 0s 3ms/step - loss: 4.6945 - accuracy: 0.0625
Epoch 3/25

1/1 [==============================] - ETA: 0s - loss: 4.6575 - accuracy: 0.0625
1/1 [==============================] - 0s 3ms/step - loss: 4.6575 - accuracy: 0.0625
Epoch 4/25

1/1 [==============================] - ETA: 0s - loss: 4.6206 - accuracy: 0.0625
1/1 [==============================] - 0s 4ms/step - loss: 4.6206 - accuracy: 0.0625
Epoch 5/25

1/1 [==============================] - ETA: 0s - loss: 4.5837 - accuracy: 0.0625
1/1 [==============================] - 0s 2ms/step - loss: 4.5837 - accuracy: 0.0625
Epoch 6/25

1/1 [==============================] - ETA: 0s - loss: 4.5468 - accuracy: 0.0625
1/1 [==============================] - 0s 4ms/step - loss: 4.5468 - accuracy: 0.0625
Epoch 7/25

1/1 [==============================] - ETA: 0s - loss: 4.5100 - accuracy: 0.0625
1/1 [==============================] - 0s 5ms/step - loss: 4.5100 - accuracy: 0.0625
Epoch 8/25

1/1 [==============================] - ETA: 0s - loss: 4.4733 - accuracy: 0.0625
1/1 [==============================] - 0s 5ms/step - loss: 4.4733 - accuracy: 0.0625
Epoch 9/25

1/1 [==============================] - ETA: 0s - loss: 4.4366 - accuracy: 0.1250
1/1 [==============================] - 0s 4ms/step - loss: 4.4366 - accuracy: 0.1250
Epoch 10/25

1/1 [==============================] - ETA: 0s - loss: 4.4000 - accuracy: 0.1250
1/1 [==============================] - 0s 4ms/step - loss: 4.4000 - accuracy: 0.1250
Epoch 11/25

1/1 [==============================] - ETA: 0s - loss: 4.3634 - accuracy: 0.2500
1/1 [==============================] - 0s 4ms/step - loss: 4.3634 - accuracy: 0.2500
Epoch 12/25

1/1 [==============================] - ETA: 0s - loss: 4.3269 - accuracy: 0.2500
1/1 [==============================] - 0s 3ms/step - loss: 4.3269 - accuracy: 0.2500
Epoch 13/25

1/1 [==============================] - ETA: 0s - loss: 4.2905 - accuracy: 0.2500
1/1 [==============================] - 0s 4ms/step - loss: 4.2905 - accuracy: 0.2500
Epoch 14/25

1/1 [==============================] - ETA: 0s - loss: 4.2541 - accuracy: 0.2500
1/1 [==============================] - 0s 5ms/step - loss: 4.2541 - accuracy: 0.2500
Epoch 15/25

1/1 [==============================] - ETA: 0s - loss: 4.2179 - accuracy: 0.3125
1/1 [==============================] - 0s 4ms/step - loss: 4.2179 - accuracy: 0.3125
Epoch 16/25

1/1 [==============================] - ETA: 0s - loss: 4.1817 - accuracy: 0.3125
1/1 [==============================] - 0s 3ms/step - loss: 4.1817 - accuracy: 0.3125
Epoch 17/25

1/1 [==============================] - ETA: 0s - loss: 4.1456 - accuracy: 0.3750
1/1 [==============================] - 0s 3ms/step - loss: 4.1456 - accuracy: 0.3750
Epoch 18/25

1/1 [==============================] - ETA: 0s - loss: 4.1095 - accuracy: 0.3750
1/1 [==============================] - 0s 4ms/step - loss: 4.1095 - accuracy: 0.3750
Epoch 19/25

1/1 [==============================] - ETA: 0s - loss: 4.0736 - accuracy: 0.3750
1/1 [==============================] - 0s 3ms/step - loss: 4.0736 - accuracy: 0.3750
Epoch 20/25

1/1 [==============================] - ETA: 0s - loss: 4.0377 - accuracy: 0.4375
1/1 [==============================] - 0s 4ms/step - loss: 4.0377 - accuracy: 0.4375
Epoch 21/25

1/1 [==============================] - ETA: 0s - loss: 4.0020 - accuracy: 0.6250
1/1 [==============================] - 0s 5ms/step - loss: 4.0020 - accuracy: 0.6250
Epoch 22/25

1/1 [==============================] - ETA: 0s - loss: 3.9663 - accuracy: 0.6875
1/1 [==============================] - 0s 3ms/step - loss: 3.9663 - accuracy: 0.6875
Epoch 23/25

1/1 [==============================] - ETA: 0s - loss: 3.9307 - accuracy: 0.7500
1/1 [==============================] - 0s 3ms/step - loss: 3.9307 - accuracy: 0.7500
Epoch 24/25

1/1 [==============================] - ETA: 0s - loss: 3.8953 - accuracy: 0.7500
1/1 [==============================] - 0s 4ms/step - loss: 3.8953 - accuracy: 0.7500
Epoch 25/25

1/1 [==============================] - ETA: 0s - loss: 3.8599 - accuracy: 0.8125
1/1 [==============================] - 0s 5ms/step - loss: 3.8599 - accuracy: 0.8125
# predict: steps=12
# predict: tnodeembed_metrics
# predict: node2vec_metrics
tnodeembed: {'auc': 0.6993269985046454, 'f1_micro': 0.0, 'f1_macro': 0.0} tNodeEmbed_final_loss=3.5953619480133057 tNodeEmbed_final_accuracy=0.875 
node2vec: {'auc': 0.6324642708307797, 'f1_micro': 0.0, 'f1_macro': 0.0} node2vec_final_loss=3.8599226474761963 node2vec_final_accuracy=0.8125 
