# load graph
Processing Static file: filename='CollegeMsg_20040529_nodes_66_edges_66_component_0.edges'
# initialize tNodeEmbed for dataset=COLLEGE_NC, test_size=0.2
# load dataset
# fit
# tNodeEmbed steps_per_epoch=1
Epoch 1/25

1/1 [==============================] - ETA: 0s - loss: 4.7316 - accuracy: 0.1250
1/1 [==============================] - 1s 1s/step - loss: 4.7316 - accuracy: 0.1250
Epoch 2/25

1/1 [==============================] - ETA: 0s - loss: 4.7038 - accuracy: 0.2500
1/1 [==============================] - 0s 4ms/step - loss: 4.7038 - accuracy: 0.2500
Epoch 3/25

1/1 [==============================] - ETA: 0s - loss: 4.6760 - accuracy: 0.3125
1/1 [==============================] - 0s 5ms/step - loss: 4.6760 - accuracy: 0.3125
Epoch 4/25

1/1 [==============================] - ETA: 0s - loss: 4.6480 - accuracy: 0.4375
1/1 [==============================] - 0s 5ms/step - loss: 4.6480 - accuracy: 0.4375
Epoch 5/25

1/1 [==============================] - ETA: 0s - loss: 4.6198 - accuracy: 0.8125
1/1 [==============================] - 0s 5ms/step - loss: 4.6198 - accuracy: 0.8125
Epoch 6/25

1/1 [==============================] - ETA: 0s - loss: 4.5912 - accuracy: 0.8125
1/1 [==============================] - 0s 7ms/step - loss: 4.5912 - accuracy: 0.8125
Epoch 7/25

1/1 [==============================] - ETA: 0s - loss: 4.5622 - accuracy: 0.8750
1/1 [==============================] - 0s 6ms/step - loss: 4.5622 - accuracy: 0.8750
Epoch 8/25

1/1 [==============================] - ETA: 0s - loss: 4.5326 - accuracy: 0.8750
1/1 [==============================] - 0s 5ms/step - loss: 4.5326 - accuracy: 0.8750
Epoch 9/25

1/1 [==============================] - ETA: 0s - loss: 4.5023 - accuracy: 0.8750
1/1 [==============================] - 0s 5ms/step - loss: 4.5023 - accuracy: 0.8750
Epoch 10/25

1/1 [==============================] - ETA: 0s - loss: 4.4712 - accuracy: 0.8750
1/1 [==============================] - 0s 4ms/step - loss: 4.4712 - accuracy: 0.8750
Epoch 11/25

1/1 [==============================] - ETA: 0s - loss: 4.4392 - accuracy: 0.8750
1/1 [==============================] - 0s 4ms/step - loss: 4.4392 - accuracy: 0.8750
Epoch 12/25

1/1 [==============================] - ETA: 0s - loss: 4.4061 - accuracy: 0.8750
1/1 [==============================] - 0s 5ms/step - loss: 4.4061 - accuracy: 0.8750
Epoch 13/25

1/1 [==============================] - ETA: 0s - loss: 4.3719 - accuracy: 0.8750
1/1 [==============================] - 0s 5ms/step - loss: 4.3719 - accuracy: 0.8750
Epoch 14/25

1/1 [==============================] - ETA: 0s - loss: 4.3365 - accuracy: 0.8750
1/1 [==============================] - 0s 6ms/step - loss: 4.3365 - accuracy: 0.8750
Epoch 15/25

1/1 [==============================] - ETA: 0s - loss: 4.2997 - accuracy: 0.8750
1/1 [==============================] - 0s 5ms/step - loss: 4.2997 - accuracy: 0.8750
Epoch 16/25

1/1 [==============================] - ETA: 0s - loss: 4.2616 - accuracy: 0.8750
1/1 [==============================] - 0s 5ms/step - loss: 4.2616 - accuracy: 0.8750
Epoch 17/25

1/1 [==============================] - ETA: 0s - loss: 4.2220 - accuracy: 0.8750
1/1 [==============================] - 0s 5ms/step - loss: 4.2220 - accuracy: 0.8750
Epoch 18/25

1/1 [==============================] - ETA: 0s - loss: 4.1809 - accuracy: 0.8750
1/1 [==============================] - 0s 4ms/step - loss: 4.1809 - accuracy: 0.8750
Epoch 19/25

1/1 [==============================] - ETA: 0s - loss: 4.1381 - accuracy: 0.8750
1/1 [==============================] - 0s 5ms/step - loss: 4.1381 - accuracy: 0.8750
Epoch 20/25

1/1 [==============================] - ETA: 0s - loss: 4.0937 - accuracy: 0.8750
1/1 [==============================] - 0s 5ms/step - loss: 4.0937 - accuracy: 0.8750
Epoch 21/25

1/1 [==============================] - ETA: 0s - loss: 4.0476 - accuracy: 0.8750
1/1 [==============================] - 0s 5ms/step - loss: 4.0476 - accuracy: 0.8750
Epoch 22/25

1/1 [==============================] - ETA: 0s - loss: 3.9997 - accuracy: 0.8750
1/1 [==============================] - 0s 5ms/step - loss: 3.9997 - accuracy: 0.8750
Epoch 23/25

1/1 [==============================] - ETA: 0s - loss: 3.9500 - accuracy: 0.8750
1/1 [==============================] - 0s 5ms/step - loss: 3.9500 - accuracy: 0.8750
Epoch 24/25

1/1 [==============================] - ETA: 0s - loss: 3.8985 - accuracy: 0.8750
1/1 [==============================] - 0s 4ms/step - loss: 3.8985 - accuracy: 0.8750
Epoch 25/25

1/1 [==============================] - ETA: 0s - loss: 3.8451 - accuracy: 0.8750
1/1 [==============================] - 0s 4ms/step - loss: 3.8451 - accuracy: 0.8750
# node2vec
Epoch 1/25

1/1 [==============================] - ETA: 0s - loss: 4.9027 - accuracy: 0.1250
1/1 [==============================] - 0s 217ms/step - loss: 4.9027 - accuracy: 0.1250
Epoch 2/25

1/1 [==============================] - ETA: 0s - loss: 4.8726 - accuracy: 0.1250
1/1 [==============================] - 0s 4ms/step - loss: 4.8726 - accuracy: 0.1250
Epoch 3/25

1/1 [==============================] - ETA: 0s - loss: 4.8425 - accuracy: 0.1250
1/1 [==============================] - 0s 2ms/step - loss: 4.8425 - accuracy: 0.1250
Epoch 4/25

1/1 [==============================] - ETA: 0s - loss: 4.8125 - accuracy: 0.1250
1/1 [==============================] - 0s 5ms/step - loss: 4.8125 - accuracy: 0.1250
Epoch 5/25

1/1 [==============================] - ETA: 0s - loss: 4.7825 - accuracy: 0.1250
1/1 [==============================] - 0s 4ms/step - loss: 4.7825 - accuracy: 0.1250
Epoch 6/25

1/1 [==============================] - ETA: 0s - loss: 4.7526 - accuracy: 0.0625
1/1 [==============================] - 0s 4ms/step - loss: 4.7526 - accuracy: 0.0625
Epoch 7/25

1/1 [==============================] - ETA: 0s - loss: 4.7226 - accuracy: 0.0625
1/1 [==============================] - 0s 3ms/step - loss: 4.7226 - accuracy: 0.0625
Epoch 8/25

1/1 [==============================] - ETA: 0s - loss: 4.6927 - accuracy: 0.0625
1/1 [==============================] - 0s 4ms/step - loss: 4.6927 - accuracy: 0.0625
Epoch 9/25

1/1 [==============================] - ETA: 0s - loss: 4.6629 - accuracy: 0.0625
1/1 [==============================] - 0s 7ms/step - loss: 4.6629 - accuracy: 0.0625
Epoch 10/25

1/1 [==============================] - ETA: 0s - loss: 4.6331 - accuracy: 0.0625
1/1 [==============================] - 0s 6ms/step - loss: 4.6331 - accuracy: 0.0625
Epoch 11/25

1/1 [==============================] - ETA: 0s - loss: 4.6033 - accuracy: 0.0625
1/1 [==============================] - 0s 5ms/step - loss: 4.6033 - accuracy: 0.0625
Epoch 12/25

1/1 [==============================] - ETA: 0s - loss: 4.5736 - accuracy: 0.1250
1/1 [==============================] - 0s 4ms/step - loss: 4.5736 - accuracy: 0.1250
Epoch 13/25

1/1 [==============================] - ETA: 0s - loss: 4.5439 - accuracy: 0.1250
1/1 [==============================] - 0s 4ms/step - loss: 4.5439 - accuracy: 0.1250
Epoch 14/25

1/1 [==============================] - ETA: 0s - loss: 4.5143 - accuracy: 0.1250
1/1 [==============================] - 0s 3ms/step - loss: 4.5143 - accuracy: 0.1250
Epoch 15/25

1/1 [==============================] - ETA: 0s - loss: 4.4847 - accuracy: 0.1250
1/1 [==============================] - 0s 3ms/step - loss: 4.4847 - accuracy: 0.1250
Epoch 16/25

1/1 [==============================] - ETA: 0s - loss: 4.4552 - accuracy: 0.1250
1/1 [==============================] - 0s 3ms/step - loss: 4.4552 - accuracy: 0.1250
Epoch 17/25

1/1 [==============================] - ETA: 0s - loss: 4.4257 - accuracy: 0.1250
1/1 [==============================] - 0s 5ms/step - loss: 4.4257 - accuracy: 0.1250
Epoch 18/25

1/1 [==============================] - ETA: 0s - loss: 4.3963 - accuracy: 0.1250
1/1 [==============================] - 0s 3ms/step - loss: 4.3963 - accuracy: 0.1250
Epoch 19/25

1/1 [==============================] - ETA: 0s - loss: 4.3669 - accuracy: 0.1250
1/1 [==============================] - 0s 3ms/step - loss: 4.3669 - accuracy: 0.1250
Epoch 20/25

1/1 [==============================] - ETA: 0s - loss: 4.3376 - accuracy: 0.1250
1/1 [==============================] - 0s 4ms/step - loss: 4.3376 - accuracy: 0.1250
Epoch 21/25

1/1 [==============================] - ETA: 0s - loss: 4.3084 - accuracy: 0.2500
1/1 [==============================] - 0s 3ms/step - loss: 4.3084 - accuracy: 0.2500
Epoch 22/25

1/1 [==============================] - ETA: 0s - loss: 4.2792 - accuracy: 0.2500
1/1 [==============================] - 0s 4ms/step - loss: 4.2792 - accuracy: 0.2500
Epoch 23/25

1/1 [==============================] - ETA: 0s - loss: 4.2500 - accuracy: 0.3125
1/1 [==============================] - 0s 3ms/step - loss: 4.2500 - accuracy: 0.3125
Epoch 24/25

1/1 [==============================] - ETA: 0s - loss: 4.2210 - accuracy: 0.3125
1/1 [==============================] - 0s 4ms/step - loss: 4.2210 - accuracy: 0.3125
Epoch 25/25

1/1 [==============================] - ETA: 0s - loss: 4.1920 - accuracy: 0.3750
1/1 [==============================] - 0s 3ms/step - loss: 4.1920 - accuracy: 0.3750
# predict: steps=12
# predict: tnodeembed_metrics
# predict: node2vec_metrics
tnodeembed: {'auc': 0.6231440443213296, 'f1_micro': 0.0, 'f1_macro': 0.0} tNodeEmbed_final_loss=3.8450851440429688 tNodeEmbed_final_accuracy=0.875 
node2vec: {'auc': 0.5780472446253033, 'f1_micro': 0.0, 'f1_macro': 0.0} node2vec_final_loss=4.19199275970459 node2vec_final_accuracy=0.375 
