# load graph
Processing Static file: filename='CollegeMsg_20040920_nodes_7_edges_6_component_0.edges'
# initialize tNodeEmbed for dataset=COLLEGE_NC, test_size=0.2
# load dataset
# fit
# tNodeEmbed steps_per_epoch=1
Epoch 1/25

1/1 [==============================] - ETA: 0s - loss: 4.7400 - accuracy: 0.0000e+00
1/1 [==============================] - 2s 2s/step - loss: 4.7400 - accuracy: 0.0000e+00
Epoch 2/25

1/1 [==============================] - ETA: 0s - loss: 4.7057 - accuracy: 0.0625
1/1 [==============================] - 0s 6ms/step - loss: 4.7057 - accuracy: 0.0625
Epoch 3/25

1/1 [==============================] - ETA: 0s - loss: 4.6713 - accuracy: 0.1250
1/1 [==============================] - 0s 6ms/step - loss: 4.6713 - accuracy: 0.1250
Epoch 4/25

1/1 [==============================] - ETA: 0s - loss: 4.6367 - accuracy: 0.2500
1/1 [==============================] - 0s 7ms/step - loss: 4.6367 - accuracy: 0.2500
Epoch 5/25

1/1 [==============================] - ETA: 0s - loss: 4.6018 - accuracy: 0.6250
1/1 [==============================] - 0s 6ms/step - loss: 4.6018 - accuracy: 0.6250
Epoch 6/25

1/1 [==============================] - ETA: 0s - loss: 4.5664 - accuracy: 0.7500
1/1 [==============================] - 0s 7ms/step - loss: 4.5664 - accuracy: 0.7500
Epoch 7/25

1/1 [==============================] - ETA: 0s - loss: 4.5304 - accuracy: 0.8750
1/1 [==============================] - 0s 7ms/step - loss: 4.5304 - accuracy: 0.8750
Epoch 8/25

1/1 [==============================] - ETA: 0s - loss: 4.4936 - accuracy: 0.9375
1/1 [==============================] - 0s 8ms/step - loss: 4.4936 - accuracy: 0.9375
Epoch 9/25

1/1 [==============================] - ETA: 0s - loss: 4.4558 - accuracy: 1.0000
1/1 [==============================] - 0s 7ms/step - loss: 4.4558 - accuracy: 1.0000
Epoch 10/25

1/1 [==============================] - ETA: 0s - loss: 4.4169 - accuracy: 1.0000
1/1 [==============================] - 0s 7ms/step - loss: 4.4169 - accuracy: 1.0000
Epoch 11/25

1/1 [==============================] - ETA: 0s - loss: 4.3768 - accuracy: 1.0000
1/1 [==============================] - 0s 6ms/step - loss: 4.3768 - accuracy: 1.0000
Epoch 12/25

1/1 [==============================] - ETA: 0s - loss: 4.3353 - accuracy: 1.0000
1/1 [==============================] - 0s 7ms/step - loss: 4.3353 - accuracy: 1.0000
Epoch 13/25

1/1 [==============================] - ETA: 0s - loss: 4.2922 - accuracy: 1.0000
1/1 [==============================] - 0s 8ms/step - loss: 4.2922 - accuracy: 1.0000
Epoch 14/25

1/1 [==============================] - ETA: 0s - loss: 4.2475 - accuracy: 1.0000
1/1 [==============================] - 0s 6ms/step - loss: 4.2475 - accuracy: 1.0000
Epoch 15/25

1/1 [==============================] - ETA: 0s - loss: 4.2010 - accuracy: 1.0000
1/1 [==============================] - 0s 6ms/step - loss: 4.2010 - accuracy: 1.0000
Epoch 16/25

1/1 [==============================] - ETA: 0s - loss: 4.1525 - accuracy: 1.0000
1/1 [==============================] - 0s 7ms/step - loss: 4.1525 - accuracy: 1.0000
Epoch 17/25

1/1 [==============================] - ETA: 0s - loss: 4.1021 - accuracy: 1.0000
1/1 [==============================] - 0s 7ms/step - loss: 4.1021 - accuracy: 1.0000
Epoch 18/25

1/1 [==============================] - ETA: 0s - loss: 4.0495 - accuracy: 1.0000
1/1 [==============================] - 0s 7ms/step - loss: 4.0495 - accuracy: 1.0000
Epoch 19/25

1/1 [==============================] - ETA: 0s - loss: 3.9946 - accuracy: 1.0000
1/1 [==============================] - 0s 7ms/step - loss: 3.9946 - accuracy: 1.0000
Epoch 20/25

1/1 [==============================] - ETA: 0s - loss: 3.9375 - accuracy: 1.0000
1/1 [==============================] - 0s 7ms/step - loss: 3.9375 - accuracy: 1.0000
Epoch 21/25

1/1 [==============================] - ETA: 0s - loss: 3.8779 - accuracy: 1.0000
1/1 [==============================] - 0s 8ms/step - loss: 3.8779 - accuracy: 1.0000
Epoch 22/25

1/1 [==============================] - ETA: 0s - loss: 3.8159 - accuracy: 1.0000
1/1 [==============================] - 0s 8ms/step - loss: 3.8159 - accuracy: 1.0000
Epoch 23/25

1/1 [==============================] - ETA: 0s - loss: 3.7514 - accuracy: 1.0000
1/1 [==============================] - 0s 7ms/step - loss: 3.7514 - accuracy: 1.0000
Epoch 24/25

1/1 [==============================] - ETA: 0s - loss: 3.6842 - accuracy: 1.0000
1/1 [==============================] - 0s 8ms/step - loss: 3.6842 - accuracy: 1.0000
Epoch 25/25

1/1 [==============================] - ETA: 0s - loss: 3.6144 - accuracy: 1.0000
1/1 [==============================] - 0s 7ms/step - loss: 3.6144 - accuracy: 1.0000
# node2vec
Epoch 1/25

1/1 [==============================] - ETA: 0s - loss: 4.7063 - accuracy: 0.0625
1/1 [==============================] - 0s 288ms/step - loss: 4.7063 - accuracy: 0.0625
Epoch 2/25

1/1 [==============================] - ETA: 0s - loss: 4.6672 - accuracy: 0.0625
1/1 [==============================] - 0s 4ms/step - loss: 4.6672 - accuracy: 0.0625
Epoch 3/25

1/1 [==============================] - ETA: 0s - loss: 4.6281 - accuracy: 0.0625
1/1 [==============================] - 0s 5ms/step - loss: 4.6281 - accuracy: 0.0625
Epoch 4/25

1/1 [==============================] - ETA: 0s - loss: 4.5891 - accuracy: 0.0625
1/1 [==============================] - 0s 4ms/step - loss: 4.5891 - accuracy: 0.0625
Epoch 5/25

1/1 [==============================] - ETA: 0s - loss: 4.5501 - accuracy: 0.0625
1/1 [==============================] - 0s 5ms/step - loss: 4.5501 - accuracy: 0.0625
Epoch 6/25

1/1 [==============================] - ETA: 0s - loss: 4.5112 - accuracy: 0.0625
1/1 [==============================] - 0s 3ms/step - loss: 4.5112 - accuracy: 0.0625
Epoch 7/25

1/1 [==============================] - ETA: 0s - loss: 4.4723 - accuracy: 0.1250
1/1 [==============================] - 0s 4ms/step - loss: 4.4723 - accuracy: 0.1250
Epoch 8/25

1/1 [==============================] - ETA: 0s - loss: 4.4335 - accuracy: 0.1250
1/1 [==============================] - 0s 4ms/step - loss: 4.4335 - accuracy: 0.1250
Epoch 9/25

1/1 [==============================] - ETA: 0s - loss: 4.3947 - accuracy: 0.1875
1/1 [==============================] - 0s 5ms/step - loss: 4.3947 - accuracy: 0.1875
Epoch 10/25

1/1 [==============================] - ETA: 0s - loss: 4.3560 - accuracy: 0.1875
1/1 [==============================] - 0s 4ms/step - loss: 4.3560 - accuracy: 0.1875
Epoch 11/25

1/1 [==============================] - ETA: 0s - loss: 4.3174 - accuracy: 0.1875
1/1 [==============================] - 0s 4ms/step - loss: 4.3174 - accuracy: 0.1875
Epoch 12/25

1/1 [==============================] - ETA: 0s - loss: 4.2788 - accuracy: 0.2500
1/1 [==============================] - 0s 4ms/step - loss: 4.2788 - accuracy: 0.2500
Epoch 13/25

1/1 [==============================] - ETA: 0s - loss: 4.2404 - accuracy: 0.2500
1/1 [==============================] - 0s 4ms/step - loss: 4.2404 - accuracy: 0.2500
Epoch 14/25

1/1 [==============================] - ETA: 0s - loss: 4.2020 - accuracy: 0.2500
1/1 [==============================] - 0s 4ms/step - loss: 4.2020 - accuracy: 0.2500
Epoch 15/25

1/1 [==============================] - ETA: 0s - loss: 4.1636 - accuracy: 0.2500
1/1 [==============================] - 0s 5ms/step - loss: 4.1636 - accuracy: 0.2500
Epoch 16/25

1/1 [==============================] - ETA: 0s - loss: 4.1254 - accuracy: 0.4375
1/1 [==============================] - 0s 5ms/step - loss: 4.1254 - accuracy: 0.4375
Epoch 17/25

1/1 [==============================] - ETA: 0s - loss: 4.0872 - accuracy: 0.4375
1/1 [==============================] - 0s 3ms/step - loss: 4.0872 - accuracy: 0.4375
Epoch 18/25

1/1 [==============================] - ETA: 0s - loss: 4.0491 - accuracy: 0.4375
1/1 [==============================] - 0s 4ms/step - loss: 4.0491 - accuracy: 0.4375
Epoch 19/25

1/1 [==============================] - ETA: 0s - loss: 4.0112 - accuracy: 0.4375
1/1 [==============================] - 0s 4ms/step - loss: 4.0112 - accuracy: 0.4375
Epoch 20/25

1/1 [==============================] - ETA: 0s - loss: 3.9733 - accuracy: 0.4375
1/1 [==============================] - 0s 4ms/step - loss: 3.9733 - accuracy: 0.4375
Epoch 21/25

1/1 [==============================] - ETA: 0s - loss: 3.9355 - accuracy: 0.4375
1/1 [==============================] - 0s 3ms/step - loss: 3.9355 - accuracy: 0.4375
Epoch 22/25

1/1 [==============================] - ETA: 0s - loss: 3.8978 - accuracy: 0.4375
1/1 [==============================] - 0s 4ms/step - loss: 3.8978 - accuracy: 0.4375
Epoch 23/25

1/1 [==============================] - ETA: 0s - loss: 3.8602 - accuracy: 0.5000
1/1 [==============================] - 0s 4ms/step - loss: 3.8602 - accuracy: 0.5000
Epoch 24/25

1/1 [==============================] - ETA: 0s - loss: 3.8227 - accuracy: 0.5000
1/1 [==============================] - 0s 4ms/step - loss: 3.8227 - accuracy: 0.5000
Epoch 25/25

1/1 [==============================] - ETA: 0s - loss: 3.7853 - accuracy: 0.5625
1/1 [==============================] - 0s 6ms/step - loss: 3.7853 - accuracy: 0.5625
# predict: steps=12
# predict: tnodeembed_metrics
# predict: node2vec_metrics
tnodeembed: {'auc': 0.7478050768514206, 'f1_micro': 0.0, 'f1_macro': 0.0} tNodeEmbed_final_loss=3.614413261413574 tNodeEmbed_final_accuracy=1.0 
node2vec: {'auc': 0.6619359326355012, 'f1_micro': 0.0, 'f1_macro': 0.0} node2vec_final_loss=3.7852866649627686 node2vec_final_accuracy=0.5625 
