# load graph
Processing Static file: filename='CollegeMsg_20040522_nodes_286_edges_383_component_0.edges'
# initialize tNodeEmbed for dataset=COLLEGE_NC, test_size=0.2
# load dataset
# fit
# tNodeEmbed steps_per_epoch=1
Epoch 1/25

1/1 [==============================] - ETA: 0s - loss: 4.7467 - accuracy: 0.0000e+00
1/1 [==============================] - 1s 1s/step - loss: 4.7467 - accuracy: 0.0000e+00
Epoch 2/25

1/1 [==============================] - ETA: 0s - loss: 4.7174 - accuracy: 0.0000e+00
1/1 [==============================] - 0s 4ms/step - loss: 4.7174 - accuracy: 0.0000e+00
Epoch 3/25

1/1 [==============================] - ETA: 0s - loss: 4.6880 - accuracy: 0.1875
1/1 [==============================] - 0s 4ms/step - loss: 4.6880 - accuracy: 0.1875
Epoch 4/25

1/1 [==============================] - ETA: 0s - loss: 4.6585 - accuracy: 0.3125
1/1 [==============================] - 0s 5ms/step - loss: 4.6585 - accuracy: 0.3125
Epoch 5/25

1/1 [==============================] - ETA: 0s - loss: 4.6288 - accuracy: 0.4375
1/1 [==============================] - 0s 5ms/step - loss: 4.6288 - accuracy: 0.4375
Epoch 6/25

1/1 [==============================] - ETA: 0s - loss: 4.5986 - accuracy: 0.5000
1/1 [==============================] - 0s 5ms/step - loss: 4.5986 - accuracy: 0.5000
Epoch 7/25

1/1 [==============================] - ETA: 0s - loss: 4.5678 - accuracy: 0.6250
1/1 [==============================] - 0s 4ms/step - loss: 4.5678 - accuracy: 0.6250
Epoch 8/25

1/1 [==============================] - ETA: 0s - loss: 4.5363 - accuracy: 0.6250
1/1 [==============================] - 0s 5ms/step - loss: 4.5363 - accuracy: 0.6250
Epoch 9/25

1/1 [==============================] - ETA: 0s - loss: 4.5040 - accuracy: 0.6250
1/1 [==============================] - 0s 4ms/step - loss: 4.5040 - accuracy: 0.6250
Epoch 10/25

1/1 [==============================] - ETA: 0s - loss: 4.4706 - accuracy: 0.6250
1/1 [==============================] - 0s 5ms/step - loss: 4.4706 - accuracy: 0.6250
Epoch 11/25

1/1 [==============================] - ETA: 0s - loss: 4.4361 - accuracy: 0.6250
1/1 [==============================] - 0s 3ms/step - loss: 4.4361 - accuracy: 0.6250
Epoch 12/25

1/1 [==============================] - ETA: 0s - loss: 4.4003 - accuracy: 0.6250
1/1 [==============================] - 0s 4ms/step - loss: 4.4003 - accuracy: 0.6250
Epoch 13/25

1/1 [==============================] - ETA: 0s - loss: 4.3632 - accuracy: 0.6250
1/1 [==============================] - 0s 4ms/step - loss: 4.3632 - accuracy: 0.6250
Epoch 14/25

1/1 [==============================] - ETA: 0s - loss: 4.3245 - accuracy: 0.6250
1/1 [==============================] - 0s 3ms/step - loss: 4.3245 - accuracy: 0.6250
Epoch 15/25

1/1 [==============================] - ETA: 0s - loss: 4.2842 - accuracy: 0.6250
1/1 [==============================] - 0s 3ms/step - loss: 4.2842 - accuracy: 0.6250
Epoch 16/25

1/1 [==============================] - ETA: 0s - loss: 4.2423 - accuracy: 0.6250
1/1 [==============================] - 0s 5ms/step - loss: 4.2423 - accuracy: 0.6250
Epoch 17/25

1/1 [==============================] - ETA: 0s - loss: 4.1985 - accuracy: 0.6250
1/1 [==============================] - 0s 4ms/step - loss: 4.1985 - accuracy: 0.6250
Epoch 18/25

1/1 [==============================] - ETA: 0s - loss: 4.1529 - accuracy: 0.6250
1/1 [==============================] - 0s 4ms/step - loss: 4.1529 - accuracy: 0.6250
Epoch 19/25

1/1 [==============================] - ETA: 0s - loss: 4.1053 - accuracy: 0.6250
1/1 [==============================] - 0s 4ms/step - loss: 4.1053 - accuracy: 0.6250
Epoch 20/25

1/1 [==============================] - ETA: 0s - loss: 4.0557 - accuracy: 0.6250
1/1 [==============================] - 0s 4ms/step - loss: 4.0557 - accuracy: 0.6250
Epoch 21/25

1/1 [==============================] - ETA: 0s - loss: 4.0040 - accuracy: 0.6250
1/1 [==============================] - 0s 4ms/step - loss: 4.0040 - accuracy: 0.6250
Epoch 22/25

1/1 [==============================] - ETA: 0s - loss: 3.9502 - accuracy: 0.6250
1/1 [==============================] - 0s 4ms/step - loss: 3.9502 - accuracy: 0.6250
Epoch 23/25

1/1 [==============================] - ETA: 0s - loss: 3.8943 - accuracy: 0.6250
1/1 [==============================] - 0s 4ms/step - loss: 3.8943 - accuracy: 0.6250
Epoch 24/25

1/1 [==============================] - ETA: 0s - loss: 3.8362 - accuracy: 0.6250
1/1 [==============================] - 0s 4ms/step - loss: 3.8362 - accuracy: 0.6250
Epoch 25/25

1/1 [==============================] - ETA: 0s - loss: 3.7759 - accuracy: 0.6250
1/1 [==============================] - 0s 3ms/step - loss: 3.7759 - accuracy: 0.6250
# node2vec
Epoch 1/25

1/1 [==============================] - ETA: 0s - loss: 4.6752 - accuracy: 0.0000e+00
1/1 [==============================] - 0s 240ms/step - loss: 4.6752 - accuracy: 0.0000e+00
Epoch 2/25

1/1 [==============================] - ETA: 0s - loss: 4.6462 - accuracy: 0.0000e+00
1/1 [==============================] - 0s 4ms/step - loss: 4.6462 - accuracy: 0.0000e+00
Epoch 3/25

1/1 [==============================] - ETA: 0s - loss: 4.6171 - accuracy: 0.0000e+00
1/1 [==============================] - 0s 5ms/step - loss: 4.6171 - accuracy: 0.0000e+00
Epoch 4/25

1/1 [==============================] - ETA: 0s - loss: 4.5881 - accuracy: 0.1250
1/1 [==============================] - 0s 4ms/step - loss: 4.5881 - accuracy: 0.1250
Epoch 5/25

1/1 [==============================] - ETA: 0s - loss: 4.5591 - accuracy: 0.1250
1/1 [==============================] - 0s 5ms/step - loss: 4.5591 - accuracy: 0.1250
Epoch 6/25

1/1 [==============================] - ETA: 0s - loss: 4.5301 - accuracy: 0.1250
1/1 [==============================] - 0s 3ms/step - loss: 4.5301 - accuracy: 0.1250
Epoch 7/25

1/1 [==============================] - ETA: 0s - loss: 4.5012 - accuracy: 0.1875
1/1 [==============================] - 0s 4ms/step - loss: 4.5012 - accuracy: 0.1875
Epoch 8/25

1/1 [==============================] - ETA: 0s - loss: 4.4723 - accuracy: 0.3125
1/1 [==============================] - 0s 3ms/step - loss: 4.4723 - accuracy: 0.3125
Epoch 9/25

1/1 [==============================] - ETA: 0s - loss: 4.4435 - accuracy: 0.3750
1/1 [==============================] - 0s 4ms/step - loss: 4.4435 - accuracy: 0.3750
Epoch 10/25

1/1 [==============================] - ETA: 0s - loss: 4.4147 - accuracy: 0.3750
1/1 [==============================] - 0s 4ms/step - loss: 4.4147 - accuracy: 0.3750
Epoch 11/25

1/1 [==============================] - ETA: 0s - loss: 4.3859 - accuracy: 0.3750
1/1 [==============================] - 0s 5ms/step - loss: 4.3859 - accuracy: 0.3750
Epoch 12/25

1/1 [==============================] - ETA: 0s - loss: 4.3572 - accuracy: 0.3750
1/1 [==============================] - 0s 4ms/step - loss: 4.3572 - accuracy: 0.3750
Epoch 13/25

1/1 [==============================] - ETA: 0s - loss: 4.3285 - accuracy: 0.3750
1/1 [==============================] - 0s 4ms/step - loss: 4.3285 - accuracy: 0.3750
Epoch 14/25

1/1 [==============================] - ETA: 0s - loss: 4.2999 - accuracy: 0.4375
1/1 [==============================] - 0s 3ms/step - loss: 4.2999 - accuracy: 0.4375
Epoch 15/25

1/1 [==============================] - ETA: 0s - loss: 4.2714 - accuracy: 0.4375
1/1 [==============================] - 0s 3ms/step - loss: 4.2714 - accuracy: 0.4375
Epoch 16/25

1/1 [==============================] - ETA: 0s - loss: 4.2429 - accuracy: 0.5000
1/1 [==============================] - 0s 4ms/step - loss: 4.2429 - accuracy: 0.5000
Epoch 17/25

1/1 [==============================] - ETA: 0s - loss: 4.2144 - accuracy: 0.5000
1/1 [==============================] - 0s 3ms/step - loss: 4.2144 - accuracy: 0.5000
Epoch 18/25

1/1 [==============================] - ETA: 0s - loss: 4.1860 - accuracy: 0.5000
1/1 [==============================] - 0s 4ms/step - loss: 4.1860 - accuracy: 0.5000
Epoch 19/25

1/1 [==============================] - ETA: 0s - loss: 4.1577 - accuracy: 0.5625
1/1 [==============================] - 0s 3ms/step - loss: 4.1577 - accuracy: 0.5625
Epoch 20/25

1/1 [==============================] - ETA: 0s - loss: 4.1294 - accuracy: 0.5625
1/1 [==============================] - 0s 4ms/step - loss: 4.1294 - accuracy: 0.5625
Epoch 21/25

1/1 [==============================] - ETA: 0s - loss: 4.1012 - accuracy: 0.6250
1/1 [==============================] - 0s 3ms/step - loss: 4.1012 - accuracy: 0.6250
Epoch 22/25

1/1 [==============================] - ETA: 0s - loss: 4.0731 - accuracy: 0.6250
1/1 [==============================] - 0s 4ms/step - loss: 4.0731 - accuracy: 0.6250
Epoch 23/25

1/1 [==============================] - ETA: 0s - loss: 4.0450 - accuracy: 0.6875
1/1 [==============================] - 0s 4ms/step - loss: 4.0450 - accuracy: 0.6875
Epoch 24/25

1/1 [==============================] - ETA: 0s - loss: 4.0170 - accuracy: 0.6875
1/1 [==============================] - 0s 4ms/step - loss: 4.0170 - accuracy: 0.6875
Epoch 25/25

1/1 [==============================] - ETA: 0s - loss: 3.9891 - accuracy: 0.6875
1/1 [==============================] - 0s 3ms/step - loss: 3.9891 - accuracy: 0.6875
# predict: steps=12
# predict: tnodeembed_metrics
# predict: node2vec_metrics
tnodeembed: {'auc': 0.6783659267521388, 'f1_micro': 0.0, 'f1_macro': 0.0} tNodeEmbed_final_loss=3.77592134475708 tNodeEmbed_final_accuracy=0.625 
node2vec: {'auc': 0.6219386904615988, 'f1_micro': 0.0, 'f1_macro': 0.0} node2vec_final_loss=3.9890646934509277 node2vec_final_accuracy=0.6875 
