# load graph
Processing Static file: filename='CollegeMsg_20040617_nodes_3_edges_2_component_0.edges'
# initialize tNodeEmbed for dataset=COLLEGE_NC, test_size=0.2
# load dataset
# fit
# tNodeEmbed steps_per_epoch=1
Epoch 1/25

1/1 [==============================] - ETA: 0s - loss: 4.7513 - accuracy: 0.0000e+00
1/1 [==============================] - 1s 1s/step - loss: 4.7513 - accuracy: 0.0000e+00
Epoch 2/25

1/1 [==============================] - ETA: 0s - loss: 4.7187 - accuracy: 0.0625
1/1 [==============================] - 0s 4ms/step - loss: 4.7187 - accuracy: 0.0625
Epoch 3/25

1/1 [==============================] - ETA: 0s - loss: 4.6862 - accuracy: 0.1250
1/1 [==============================] - 0s 5ms/step - loss: 4.6862 - accuracy: 0.1250
Epoch 4/25

1/1 [==============================] - ETA: 0s - loss: 4.6536 - accuracy: 0.3125
1/1 [==============================] - 0s 4ms/step - loss: 4.6536 - accuracy: 0.3125
Epoch 5/25

1/1 [==============================] - ETA: 0s - loss: 4.6209 - accuracy: 0.6250
1/1 [==============================] - 0s 4ms/step - loss: 4.6209 - accuracy: 0.6250
Epoch 6/25

1/1 [==============================] - ETA: 0s - loss: 4.5879 - accuracy: 0.8750
1/1 [==============================] - 0s 4ms/step - loss: 4.5879 - accuracy: 0.8750
Epoch 7/25

1/1 [==============================] - ETA: 0s - loss: 4.5545 - accuracy: 0.9375
1/1 [==============================] - 0s 5ms/step - loss: 4.5545 - accuracy: 0.9375
Epoch 8/25

1/1 [==============================] - ETA: 0s - loss: 4.5205 - accuracy: 0.9375
1/1 [==============================] - 0s 3ms/step - loss: 4.5205 - accuracy: 0.9375
Epoch 9/25

1/1 [==============================] - ETA: 0s - loss: 4.4857 - accuracy: 0.9375
1/1 [==============================] - 0s 4ms/step - loss: 4.4857 - accuracy: 0.9375
Epoch 10/25

1/1 [==============================] - ETA: 0s - loss: 4.4502 - accuracy: 0.9375
1/1 [==============================] - 0s 4ms/step - loss: 4.4502 - accuracy: 0.9375
Epoch 11/25

1/1 [==============================] - ETA: 0s - loss: 4.4136 - accuracy: 0.9375
1/1 [==============================] - 0s 3ms/step - loss: 4.4136 - accuracy: 0.9375
Epoch 12/25

1/1 [==============================] - ETA: 0s - loss: 4.3760 - accuracy: 0.9375
1/1 [==============================] - 0s 4ms/step - loss: 4.3760 - accuracy: 0.9375
Epoch 13/25

1/1 [==============================] - ETA: 0s - loss: 4.3372 - accuracy: 0.9375
1/1 [==============================] - 0s 5ms/step - loss: 4.3372 - accuracy: 0.9375
Epoch 14/25

1/1 [==============================] - ETA: 0s - loss: 4.2970 - accuracy: 1.0000
1/1 [==============================] - 0s 4ms/step - loss: 4.2970 - accuracy: 1.0000
Epoch 15/25

1/1 [==============================] - ETA: 0s - loss: 4.2554 - accuracy: 1.0000
1/1 [==============================] - 0s 4ms/step - loss: 4.2554 - accuracy: 1.0000
Epoch 16/25

1/1 [==============================] - ETA: 0s - loss: 4.2123 - accuracy: 1.0000
1/1 [==============================] - 0s 4ms/step - loss: 4.2123 - accuracy: 1.0000
Epoch 17/25

1/1 [==============================] - ETA: 0s - loss: 4.1676 - accuracy: 1.0000
1/1 [==============================] - 0s 4ms/step - loss: 4.1676 - accuracy: 1.0000
Epoch 18/25

1/1 [==============================] - ETA: 0s - loss: 4.1211 - accuracy: 1.0000
1/1 [==============================] - 0s 4ms/step - loss: 4.1211 - accuracy: 1.0000
Epoch 19/25

1/1 [==============================] - ETA: 0s - loss: 4.0728 - accuracy: 1.0000
1/1 [==============================] - 0s 4ms/step - loss: 4.0728 - accuracy: 1.0000
Epoch 20/25

1/1 [==============================] - ETA: 0s - loss: 4.0227 - accuracy: 1.0000
1/1 [==============================] - 0s 3ms/step - loss: 4.0227 - accuracy: 1.0000
Epoch 21/25

1/1 [==============================] - ETA: 0s - loss: 3.9706 - accuracy: 1.0000
1/1 [==============================] - 0s 5ms/step - loss: 3.9706 - accuracy: 1.0000
Epoch 22/25

1/1 [==============================] - ETA: 0s - loss: 3.9164 - accuracy: 1.0000
1/1 [==============================] - 0s 4ms/step - loss: 3.9164 - accuracy: 1.0000
Epoch 23/25

1/1 [==============================] - ETA: 0s - loss: 3.8603 - accuracy: 1.0000
1/1 [==============================] - 0s 4ms/step - loss: 3.8603 - accuracy: 1.0000
Epoch 24/25

1/1 [==============================] - ETA: 0s - loss: 3.8020 - accuracy: 1.0000
1/1 [==============================] - 0s 4ms/step - loss: 3.8020 - accuracy: 1.0000
Epoch 25/25

1/1 [==============================] - ETA: 0s - loss: 3.7416 - accuracy: 1.0000
1/1 [==============================] - 0s 4ms/step - loss: 3.7416 - accuracy: 1.0000
# node2vec
Epoch 1/25

1/1 [==============================] - ETA: 0s - loss: 4.5811 - accuracy: 0.0000e+00
1/1 [==============================] - 0s 267ms/step - loss: 4.5811 - accuracy: 0.0000e+00
Epoch 2/25

1/1 [==============================] - ETA: 0s - loss: 4.5417 - accuracy: 0.0625
1/1 [==============================] - 0s 3ms/step - loss: 4.5417 - accuracy: 0.0625
Epoch 3/25

1/1 [==============================] - ETA: 0s - loss: 4.5024 - accuracy: 0.1250
1/1 [==============================] - 0s 3ms/step - loss: 4.5024 - accuracy: 0.1250
Epoch 4/25

1/1 [==============================] - ETA: 0s - loss: 4.4631 - accuracy: 0.0625
1/1 [==============================] - 0s 3ms/step - loss: 4.4631 - accuracy: 0.0625
Epoch 5/25

1/1 [==============================] - ETA: 0s - loss: 4.4239 - accuracy: 0.0625
1/1 [==============================] - 0s 4ms/step - loss: 4.4239 - accuracy: 0.0625
Epoch 6/25

1/1 [==============================] - ETA: 0s - loss: 4.3848 - accuracy: 0.1250
1/1 [==============================] - 0s 4ms/step - loss: 4.3848 - accuracy: 0.1250
Epoch 7/25

1/1 [==============================] - ETA: 0s - loss: 4.3457 - accuracy: 0.1875
1/1 [==============================] - 0s 4ms/step - loss: 4.3457 - accuracy: 0.1875
Epoch 8/25

1/1 [==============================] - ETA: 0s - loss: 4.3067 - accuracy: 0.3125
1/1 [==============================] - 0s 3ms/step - loss: 4.3067 - accuracy: 0.3125
Epoch 9/25

1/1 [==============================] - ETA: 0s - loss: 4.2679 - accuracy: 0.3125
1/1 [==============================] - 0s 3ms/step - loss: 4.2679 - accuracy: 0.3125
Epoch 10/25

1/1 [==============================] - ETA: 0s - loss: 4.2291 - accuracy: 0.3125
1/1 [==============================] - 0s 3ms/step - loss: 4.2291 - accuracy: 0.3125
Epoch 11/25

1/1 [==============================] - ETA: 0s - loss: 4.1903 - accuracy: 0.3750
1/1 [==============================] - 0s 4ms/step - loss: 4.1903 - accuracy: 0.3750
Epoch 12/25

1/1 [==============================] - ETA: 0s - loss: 4.1517 - accuracy: 0.3750
1/1 [==============================] - 0s 4ms/step - loss: 4.1517 - accuracy: 0.3750
Epoch 13/25

1/1 [==============================] - ETA: 0s - loss: 4.1132 - accuracy: 0.3750
1/1 [==============================] - 0s 4ms/step - loss: 4.1132 - accuracy: 0.3750
Epoch 14/25

1/1 [==============================] - ETA: 0s - loss: 4.0748 - accuracy: 0.3750
1/1 [==============================] - 0s 5ms/step - loss: 4.0748 - accuracy: 0.3750
Epoch 15/25

1/1 [==============================] - ETA: 0s - loss: 4.0364 - accuracy: 0.5000
1/1 [==============================] - 0s 6ms/step - loss: 4.0364 - accuracy: 0.5000
Epoch 16/25

1/1 [==============================] - ETA: 0s - loss: 3.9982 - accuracy: 0.5625
1/1 [==============================] - 0s 5ms/step - loss: 3.9982 - accuracy: 0.5625
Epoch 17/25

1/1 [==============================] - ETA: 0s - loss: 3.9601 - accuracy: 0.6875
1/1 [==============================] - 0s 6ms/step - loss: 3.9601 - accuracy: 0.6875
Epoch 18/25

1/1 [==============================] - ETA: 0s - loss: 3.9221 - accuracy: 0.6875
1/1 [==============================] - 0s 3ms/step - loss: 3.9221 - accuracy: 0.6875
Epoch 19/25

1/1 [==============================] - ETA: 0s - loss: 3.8842 - accuracy: 0.6875
1/1 [==============================] - 0s 4ms/step - loss: 3.8842 - accuracy: 0.6875
Epoch 20/25

1/1 [==============================] - ETA: 0s - loss: 3.8465 - accuracy: 0.7500
1/1 [==============================] - 0s 4ms/step - loss: 3.8465 - accuracy: 0.7500
Epoch 21/25

1/1 [==============================] - ETA: 0s - loss: 3.8088 - accuracy: 0.7500
1/1 [==============================] - 0s 2ms/step - loss: 3.8088 - accuracy: 0.7500
Epoch 22/25

1/1 [==============================] - ETA: 0s - loss: 3.7713 - accuracy: 0.7500
1/1 [==============================] - 0s 3ms/step - loss: 3.7713 - accuracy: 0.7500
Epoch 23/25

1/1 [==============================] - ETA: 0s - loss: 3.7339 - accuracy: 0.7500
1/1 [==============================] - 0s 4ms/step - loss: 3.7339 - accuracy: 0.7500
Epoch 24/25

1/1 [==============================] - ETA: 0s - loss: 3.6967 - accuracy: 0.7500
1/1 [==============================] - 0s 4ms/step - loss: 3.6967 - accuracy: 0.7500
Epoch 25/25

1/1 [==============================] - ETA: 0s - loss: 3.6596 - accuracy: 0.7500
1/1 [==============================] - 0s 3ms/step - loss: 3.6596 - accuracy: 0.7500
# predict: steps=12
# predict: tnodeembed_metrics
# predict: node2vec_metrics
tnodeembed: {'auc': 0.7378707743975682, 'f1_micro': 0.0, 'f1_macro': 0.0} tNodeEmbed_final_loss=3.74155855178833 tNodeEmbed_final_accuracy=1.0 
node2vec: {'auc': 0.6992102505331798, 'f1_micro': 0.0, 'f1_macro': 0.0} node2vec_final_loss=3.6595847606658936 node2vec_final_accuracy=0.75 
