# load graph
Processing Static file: filename='CollegeMsg_20041018_nodes_5_edges_4_component_0.edges'
# initialize tNodeEmbed for dataset=COLLEGE_NC, test_size=0.2
# load dataset
# fit
# tNodeEmbed steps_per_epoch=1
Epoch 1/25

1/1 [==============================] - ETA: 0s - loss: 4.7367 - accuracy: 0.0000e+00
1/1 [==============================] - 1s 975ms/step - loss: 4.7367 - accuracy: 0.0000e+00
Epoch 2/25

1/1 [==============================] - ETA: 0s - loss: 4.6989 - accuracy: 0.0625
1/1 [==============================] - 0s 8ms/step - loss: 4.6989 - accuracy: 0.0625
Epoch 3/25

1/1 [==============================] - ETA: 0s - loss: 4.6609 - accuracy: 0.1875
1/1 [==============================] - 0s 6ms/step - loss: 4.6609 - accuracy: 0.1875
Epoch 4/25

1/1 [==============================] - ETA: 0s - loss: 4.6227 - accuracy: 0.3125
1/1 [==============================] - 0s 6ms/step - loss: 4.6227 - accuracy: 0.3125
Epoch 5/25

1/1 [==============================] - ETA: 0s - loss: 4.5839 - accuracy: 0.5000
1/1 [==============================] - 0s 6ms/step - loss: 4.5839 - accuracy: 0.5000
Epoch 6/25

1/1 [==============================] - ETA: 0s - loss: 4.5444 - accuracy: 0.7500
1/1 [==============================] - 0s 6ms/step - loss: 4.5444 - accuracy: 0.7500
Epoch 7/25

1/1 [==============================] - ETA: 0s - loss: 4.5040 - accuracy: 0.8750
1/1 [==============================] - 0s 6ms/step - loss: 4.5040 - accuracy: 0.8750
Epoch 8/25

1/1 [==============================] - ETA: 0s - loss: 4.4625 - accuracy: 0.8750
1/1 [==============================] - 0s 6ms/step - loss: 4.4625 - accuracy: 0.8750
Epoch 9/25

1/1 [==============================] - ETA: 0s - loss: 4.4197 - accuracy: 0.8750
1/1 [==============================] - 0s 6ms/step - loss: 4.4197 - accuracy: 0.8750
Epoch 10/25

1/1 [==============================] - ETA: 0s - loss: 4.3754 - accuracy: 0.8750
1/1 [==============================] - 0s 6ms/step - loss: 4.3754 - accuracy: 0.8750
Epoch 11/25

1/1 [==============================] - ETA: 0s - loss: 4.3296 - accuracy: 0.8750
1/1 [==============================] - 0s 6ms/step - loss: 4.3296 - accuracy: 0.8750
Epoch 12/25

1/1 [==============================] - ETA: 0s - loss: 4.2819 - accuracy: 0.8750
1/1 [==============================] - 0s 6ms/step - loss: 4.2819 - accuracy: 0.8750
Epoch 13/25

1/1 [==============================] - ETA: 0s - loss: 4.2324 - accuracy: 0.8750
1/1 [==============================] - 0s 6ms/step - loss: 4.2324 - accuracy: 0.8750
Epoch 14/25

1/1 [==============================] - ETA: 0s - loss: 4.1808 - accuracy: 0.8750
1/1 [==============================] - 0s 6ms/step - loss: 4.1808 - accuracy: 0.8750
Epoch 15/25

1/1 [==============================] - ETA: 0s - loss: 4.1270 - accuracy: 0.8750
1/1 [==============================] - 0s 6ms/step - loss: 4.1270 - accuracy: 0.8750
Epoch 16/25

1/1 [==============================] - ETA: 0s - loss: 4.0710 - accuracy: 0.8750
1/1 [==============================] - 0s 7ms/step - loss: 4.0710 - accuracy: 0.8750
Epoch 17/25

1/1 [==============================] - ETA: 0s - loss: 4.0125 - accuracy: 0.8750
1/1 [==============================] - 0s 6ms/step - loss: 4.0125 - accuracy: 0.8750
Epoch 18/25

1/1 [==============================] - ETA: 0s - loss: 3.9516 - accuracy: 0.8750
1/1 [==============================] - 0s 6ms/step - loss: 3.9516 - accuracy: 0.8750
Epoch 19/25

1/1 [==============================] - ETA: 0s - loss: 3.8881 - accuracy: 0.8750
1/1 [==============================] - 0s 6ms/step - loss: 3.8881 - accuracy: 0.8750
Epoch 20/25

1/1 [==============================] - ETA: 0s - loss: 3.8219 - accuracy: 0.8750
1/1 [==============================] - 0s 6ms/step - loss: 3.8219 - accuracy: 0.8750
Epoch 21/25

1/1 [==============================] - ETA: 0s - loss: 3.7531 - accuracy: 0.8750
1/1 [==============================] - 0s 5ms/step - loss: 3.7531 - accuracy: 0.8750
Epoch 22/25

1/1 [==============================] - ETA: 0s - loss: 3.6814 - accuracy: 0.8750
1/1 [==============================] - 0s 6ms/step - loss: 3.6814 - accuracy: 0.8750
Epoch 23/25

1/1 [==============================] - ETA: 0s - loss: 3.6070 - accuracy: 0.8750
1/1 [==============================] - 0s 5ms/step - loss: 3.6070 - accuracy: 0.8750
Epoch 24/25

1/1 [==============================] - ETA: 0s - loss: 3.5297 - accuracy: 0.8750
1/1 [==============================] - 0s 5ms/step - loss: 3.5297 - accuracy: 0.8750
Epoch 25/25

1/1 [==============================] - ETA: 0s - loss: 3.4496 - accuracy: 0.8750
1/1 [==============================] - 0s 5ms/step - loss: 3.4496 - accuracy: 0.8750
# node2vec
Epoch 1/25

1/1 [==============================] - ETA: 0s - loss: 4.9470 - accuracy: 0.0000e+00
1/1 [==============================] - 0s 191ms/step - loss: 4.9470 - accuracy: 0.0000e+00
Epoch 2/25

1/1 [==============================] - ETA: 0s - loss: 4.9076 - accuracy: 0.0000e+00
1/1 [==============================] - 0s 2ms/step - loss: 4.9076 - accuracy: 0.0000e+00
Epoch 3/25

1/1 [==============================] - ETA: 0s - loss: 4.8683 - accuracy: 0.0000e+00
1/1 [==============================] - 0s 2ms/step - loss: 4.8683 - accuracy: 0.0000e+00
Epoch 4/25

1/1 [==============================] - ETA: 0s - loss: 4.8290 - accuracy: 0.0000e+00
1/1 [==============================] - 0s 3ms/step - loss: 4.8290 - accuracy: 0.0000e+00
Epoch 5/25

1/1 [==============================] - ETA: 0s - loss: 4.7898 - accuracy: 0.0000e+00
1/1 [==============================] - 0s 2ms/step - loss: 4.7898 - accuracy: 0.0000e+00
Epoch 6/25

1/1 [==============================] - ETA: 0s - loss: 4.7507 - accuracy: 0.0000e+00
1/1 [==============================] - 0s 2ms/step - loss: 4.7507 - accuracy: 0.0000e+00
Epoch 7/25

1/1 [==============================] - ETA: 0s - loss: 4.7115 - accuracy: 0.0000e+00
1/1 [==============================] - 0s 2ms/step - loss: 4.7115 - accuracy: 0.0000e+00
Epoch 8/25

1/1 [==============================] - ETA: 0s - loss: 4.6725 - accuracy: 0.0000e+00
1/1 [==============================] - 0s 3ms/step - loss: 4.6725 - accuracy: 0.0000e+00
Epoch 9/25

1/1 [==============================] - ETA: 0s - loss: 4.6335 - accuracy: 0.0000e+00
1/1 [==============================] - 0s 2ms/step - loss: 4.6335 - accuracy: 0.0000e+00
Epoch 10/25

1/1 [==============================] - ETA: 0s - loss: 4.5946 - accuracy: 0.0625
1/1 [==============================] - 0s 2ms/step - loss: 4.5946 - accuracy: 0.0625
Epoch 11/25

1/1 [==============================] - ETA: 0s - loss: 4.5557 - accuracy: 0.0625
1/1 [==============================] - 0s 2ms/step - loss: 4.5557 - accuracy: 0.0625
Epoch 12/25

1/1 [==============================] - ETA: 0s - loss: 4.5169 - accuracy: 0.0625
1/1 [==============================] - 0s 5ms/step - loss: 4.5169 - accuracy: 0.0625
Epoch 13/25

1/1 [==============================] - ETA: 0s - loss: 4.4782 - accuracy: 0.0625
1/1 [==============================] - 0s 6ms/step - loss: 4.4782 - accuracy: 0.0625
Epoch 14/25

1/1 [==============================] - ETA: 0s - loss: 4.4396 - accuracy: 0.0625
1/1 [==============================] - 0s 5ms/step - loss: 4.4396 - accuracy: 0.0625
Epoch 15/25

1/1 [==============================] - ETA: 0s - loss: 4.4010 - accuracy: 0.0625
1/1 [==============================] - 0s 5ms/step - loss: 4.4010 - accuracy: 0.0625
Epoch 16/25

1/1 [==============================] - ETA: 0s - loss: 4.3625 - accuracy: 0.0625
1/1 [==============================] - 0s 4ms/step - loss: 4.3625 - accuracy: 0.0625
Epoch 17/25

1/1 [==============================] - ETA: 0s - loss: 4.3241 - accuracy: 0.0625
1/1 [==============================] - 0s 4ms/step - loss: 4.3241 - accuracy: 0.0625
Epoch 18/25

1/1 [==============================] - ETA: 0s - loss: 4.2858 - accuracy: 0.0625
1/1 [==============================] - 0s 4ms/step - loss: 4.2858 - accuracy: 0.0625
Epoch 19/25

1/1 [==============================] - ETA: 0s - loss: 4.2476 - accuracy: 0.1250
1/1 [==============================] - 0s 3ms/step - loss: 4.2476 - accuracy: 0.1250
Epoch 20/25

1/1 [==============================] - ETA: 0s - loss: 4.2094 - accuracy: 0.2500
1/1 [==============================] - 0s 2ms/step - loss: 4.2094 - accuracy: 0.2500
Epoch 21/25

1/1 [==============================] - ETA: 0s - loss: 4.1714 - accuracy: 0.3125
1/1 [==============================] - 0s 3ms/step - loss: 4.1714 - accuracy: 0.3125
Epoch 22/25

1/1 [==============================] - ETA: 0s - loss: 4.1334 - accuracy: 0.3125
1/1 [==============================] - 0s 2ms/step - loss: 4.1334 - accuracy: 0.3125
Epoch 23/25

1/1 [==============================] - ETA: 0s - loss: 4.0956 - accuracy: 0.3125
1/1 [==============================] - 0s 3ms/step - loss: 4.0956 - accuracy: 0.3125
Epoch 24/25

1/1 [==============================] - ETA: 0s - loss: 4.0578 - accuracy: 0.3125
1/1 [==============================] - 0s 3ms/step - loss: 4.0578 - accuracy: 0.3125
Epoch 25/25

1/1 [==============================] - ETA: 0s - loss: 4.0202 - accuracy: 0.3125
1/1 [==============================] - 0s 2ms/step - loss: 4.0202 - accuracy: 0.3125
# predict: steps=12
# predict: tnodeembed_metrics
# predict: node2vec_metrics
tnodeembed: {'auc': 0.7113983710440517, 'f1_micro': 0.0, 'f1_macro': 0.0} tNodeEmbed_final_loss=3.4496238231658936 tNodeEmbed_final_accuracy=0.875 
node2vec: {'auc': 0.688059072635011, 'f1_micro': 0.0, 'f1_macro': 0.0} node2vec_final_loss=4.020191192626953 node2vec_final_accuracy=0.3125 
