# load graph
Processing Static file: filename='CollegeMsg_20041012_nodes_6_edges_5_component_0.edges'
# initialize tNodeEmbed for dataset=COLLEGE_NC, test_size=0.2
# load dataset
# fit
# tNodeEmbed steps_per_epoch=1
Epoch 1/25

1/1 [==============================] - ETA: 0s - loss: 4.7438 - accuracy: 0.0000e+00
1/1 [==============================] - 1s 1s/step - loss: 4.7438 - accuracy: 0.0000e+00
Epoch 2/25

1/1 [==============================] - ETA: 0s - loss: 4.7122 - accuracy: 0.0625
1/1 [==============================] - 0s 5ms/step - loss: 4.7122 - accuracy: 0.0625
Epoch 3/25

1/1 [==============================] - ETA: 0s - loss: 4.6806 - accuracy: 0.1250
1/1 [==============================] - 0s 4ms/step - loss: 4.6806 - accuracy: 0.1250
Epoch 4/25

1/1 [==============================] - ETA: 0s - loss: 4.6489 - accuracy: 0.3125
1/1 [==============================] - 0s 5ms/step - loss: 4.6489 - accuracy: 0.3125
Epoch 5/25

1/1 [==============================] - ETA: 0s - loss: 4.6169 - accuracy: 0.6875
1/1 [==============================] - 0s 6ms/step - loss: 4.6169 - accuracy: 0.6875
Epoch 6/25

1/1 [==============================] - ETA: 0s - loss: 4.5846 - accuracy: 0.6875
1/1 [==============================] - 0s 4ms/step - loss: 4.5846 - accuracy: 0.6875
Epoch 7/25

1/1 [==============================] - ETA: 0s - loss: 4.5518 - accuracy: 0.8125
1/1 [==============================] - 0s 4ms/step - loss: 4.5518 - accuracy: 0.8125
Epoch 8/25

1/1 [==============================] - ETA: 0s - loss: 4.5184 - accuracy: 0.8125
1/1 [==============================] - 0s 5ms/step - loss: 4.5184 - accuracy: 0.8125
Epoch 9/25

1/1 [==============================] - ETA: 0s - loss: 4.4843 - accuracy: 0.8125
1/1 [==============================] - 0s 4ms/step - loss: 4.4843 - accuracy: 0.8125
Epoch 10/25

1/1 [==============================] - ETA: 0s - loss: 4.4492 - accuracy: 0.8750
1/1 [==============================] - 0s 4ms/step - loss: 4.4492 - accuracy: 0.8750
Epoch 11/25

1/1 [==============================] - ETA: 0s - loss: 4.4132 - accuracy: 0.9375
1/1 [==============================] - 0s 4ms/step - loss: 4.4132 - accuracy: 0.9375
Epoch 12/25

1/1 [==============================] - ETA: 0s - loss: 4.3761 - accuracy: 1.0000
1/1 [==============================] - 0s 5ms/step - loss: 4.3761 - accuracy: 1.0000
Epoch 13/25

1/1 [==============================] - ETA: 0s - loss: 4.3377 - accuracy: 1.0000
1/1 [==============================] - 0s 5ms/step - loss: 4.3377 - accuracy: 1.0000
Epoch 14/25

1/1 [==============================] - ETA: 0s - loss: 4.2980 - accuracy: 1.0000
1/1 [==============================] - 0s 4ms/step - loss: 4.2980 - accuracy: 1.0000
Epoch 15/25

1/1 [==============================] - ETA: 0s - loss: 4.2568 - accuracy: 1.0000
1/1 [==============================] - 0s 4ms/step - loss: 4.2568 - accuracy: 1.0000
Epoch 16/25

1/1 [==============================] - ETA: 0s - loss: 4.2141 - accuracy: 1.0000
1/1 [==============================] - 0s 5ms/step - loss: 4.2141 - accuracy: 1.0000
Epoch 17/25

1/1 [==============================] - ETA: 0s - loss: 4.1698 - accuracy: 1.0000
1/1 [==============================] - 0s 4ms/step - loss: 4.1698 - accuracy: 1.0000
Epoch 18/25

1/1 [==============================] - ETA: 0s - loss: 4.1237 - accuracy: 1.0000
1/1 [==============================] - 0s 5ms/step - loss: 4.1237 - accuracy: 1.0000
Epoch 19/25

1/1 [==============================] - ETA: 0s - loss: 4.0758 - accuracy: 1.0000
1/1 [==============================] - 0s 5ms/step - loss: 4.0758 - accuracy: 1.0000
Epoch 20/25

1/1 [==============================] - ETA: 0s - loss: 4.0260 - accuracy: 1.0000
1/1 [==============================] - 0s 5ms/step - loss: 4.0260 - accuracy: 1.0000
Epoch 21/25

1/1 [==============================] - ETA: 0s - loss: 3.9742 - accuracy: 1.0000
1/1 [==============================] - 0s 4ms/step - loss: 3.9742 - accuracy: 1.0000
Epoch 22/25

1/1 [==============================] - ETA: 0s - loss: 3.9204 - accuracy: 1.0000
1/1 [==============================] - 0s 4ms/step - loss: 3.9204 - accuracy: 1.0000
Epoch 23/25

1/1 [==============================] - ETA: 0s - loss: 3.8645 - accuracy: 1.0000
1/1 [==============================] - 0s 5ms/step - loss: 3.8645 - accuracy: 1.0000
Epoch 24/25

1/1 [==============================] - ETA: 0s - loss: 3.8065 - accuracy: 1.0000
1/1 [==============================] - 0s 6ms/step - loss: 3.8065 - accuracy: 1.0000
Epoch 25/25

1/1 [==============================] - ETA: 0s - loss: 3.7463 - accuracy: 1.0000
1/1 [==============================] - 0s 5ms/step - loss: 3.7463 - accuracy: 1.0000
# node2vec
Epoch 1/25

1/1 [==============================] - ETA: 0s - loss: 4.8204 - accuracy: 0.0000e+00
1/1 [==============================] - 0s 197ms/step - loss: 4.8204 - accuracy: 0.0000e+00
Epoch 2/25

1/1 [==============================] - ETA: 0s - loss: 4.7811 - accuracy: 0.0000e+00
1/1 [==============================] - 0s 3ms/step - loss: 4.7811 - accuracy: 0.0000e+00
Epoch 3/25

1/1 [==============================] - ETA: 0s - loss: 4.7419 - accuracy: 0.0000e+00
1/1 [==============================] - 0s 4ms/step - loss: 4.7419 - accuracy: 0.0000e+00
Epoch 4/25

1/1 [==============================] - ETA: 0s - loss: 4.7027 - accuracy: 0.0000e+00
1/1 [==============================] - 0s 3ms/step - loss: 4.7027 - accuracy: 0.0000e+00
Epoch 5/25

1/1 [==============================] - ETA: 0s - loss: 4.6635 - accuracy: 0.0000e+00
1/1 [==============================] - 0s 2ms/step - loss: 4.6635 - accuracy: 0.0000e+00
Epoch 6/25

1/1 [==============================] - ETA: 0s - loss: 4.6244 - accuracy: 0.0000e+00
1/1 [==============================] - 0s 3ms/step - loss: 4.6244 - accuracy: 0.0000e+00
Epoch 7/25

1/1 [==============================] - ETA: 0s - loss: 4.5854 - accuracy: 0.0000e+00
1/1 [==============================] - 0s 3ms/step - loss: 4.5854 - accuracy: 0.0000e+00
Epoch 8/25

1/1 [==============================] - ETA: 0s - loss: 4.5464 - accuracy: 0.0000e+00
1/1 [==============================] - 0s 3ms/step - loss: 4.5464 - accuracy: 0.0000e+00
Epoch 9/25

1/1 [==============================] - ETA: 0s - loss: 4.5075 - accuracy: 0.0000e+00
1/1 [==============================] - 0s 3ms/step - loss: 4.5075 - accuracy: 0.0000e+00
Epoch 10/25

1/1 [==============================] - ETA: 0s - loss: 4.4687 - accuracy: 0.0000e+00
1/1 [==============================] - 0s 3ms/step - loss: 4.4687 - accuracy: 0.0000e+00
Epoch 11/25

1/1 [==============================] - ETA: 0s - loss: 4.4300 - accuracy: 0.0625
1/1 [==============================] - 0s 3ms/step - loss: 4.4300 - accuracy: 0.0625
Epoch 12/25

1/1 [==============================] - ETA: 0s - loss: 4.3913 - accuracy: 0.1250
1/1 [==============================] - 0s 3ms/step - loss: 4.3913 - accuracy: 0.1250
Epoch 13/25

1/1 [==============================] - ETA: 0s - loss: 4.3527 - accuracy: 0.1875
1/1 [==============================] - 0s 3ms/step - loss: 4.3527 - accuracy: 0.1875
Epoch 14/25

1/1 [==============================] - ETA: 0s - loss: 4.3142 - accuracy: 0.1875
1/1 [==============================] - 0s 3ms/step - loss: 4.3142 - accuracy: 0.1875
Epoch 15/25

1/1 [==============================] - ETA: 0s - loss: 4.2757 - accuracy: 0.1875
1/1 [==============================] - 0s 2ms/step - loss: 4.2757 - accuracy: 0.1875
Epoch 16/25

1/1 [==============================] - ETA: 0s - loss: 4.2374 - accuracy: 0.2500
1/1 [==============================] - 0s 3ms/step - loss: 4.2374 - accuracy: 0.2500
Epoch 17/25

1/1 [==============================] - ETA: 0s - loss: 4.1991 - accuracy: 0.3750
1/1 [==============================] - 0s 2ms/step - loss: 4.1991 - accuracy: 0.3750
Epoch 18/25

1/1 [==============================] - ETA: 0s - loss: 4.1609 - accuracy: 0.4375
1/1 [==============================] - 0s 2ms/step - loss: 4.1609 - accuracy: 0.4375
Epoch 19/25

1/1 [==============================] - ETA: 0s - loss: 4.1228 - accuracy: 0.4375
1/1 [==============================] - 0s 3ms/step - loss: 4.1228 - accuracy: 0.4375
Epoch 20/25

1/1 [==============================] - ETA: 0s - loss: 4.0848 - accuracy: 0.5000
1/1 [==============================] - 0s 2ms/step - loss: 4.0848 - accuracy: 0.5000
Epoch 21/25

1/1 [==============================] - ETA: 0s - loss: 4.0469 - accuracy: 0.5000
1/1 [==============================] - 0s 3ms/step - loss: 4.0469 - accuracy: 0.5000
Epoch 22/25

1/1 [==============================] - ETA: 0s - loss: 4.0091 - accuracy: 0.5000
1/1 [==============================] - 0s 3ms/step - loss: 4.0091 - accuracy: 0.5000
Epoch 23/25

1/1 [==============================] - ETA: 0s - loss: 3.9714 - accuracy: 0.5000
1/1 [==============================] - 0s 6ms/step - loss: 3.9714 - accuracy: 0.5000
Epoch 24/25

1/1 [==============================] - ETA: 0s - loss: 3.9338 - accuracy: 0.5000
1/1 [==============================] - 0s 5ms/step - loss: 3.9338 - accuracy: 0.5000
Epoch 25/25

1/1 [==============================] - ETA: 0s - loss: 3.8963 - accuracy: 0.5625
1/1 [==============================] - 0s 3ms/step - loss: 3.8963 - accuracy: 0.5625
# predict: steps=12
# predict: tnodeembed_metrics
# predict: node2vec_metrics
tnodeembed: {'auc': 0.7187345561738534, 'f1_micro': 0.0, 'f1_macro': 0.0} tNodeEmbed_final_loss=3.746269941329956 tNodeEmbed_final_accuracy=1.0 
node2vec: {'auc': 0.6359604589022626, 'f1_micro': 0.0, 'f1_macro': 0.0} node2vec_final_loss=3.896291494369507 node2vec_final_accuracy=0.5625 
