# load graph
Processing Static file: filename='CollegeMsg_20040624_nodes_5_edges_4_component_0.edges'
# initialize tNodeEmbed for dataset=COLLEGE_NC, test_size=0.2
# load dataset
# fit
# tNodeEmbed steps_per_epoch=1
Epoch 1/25

1/1 [==============================] - ETA: 0s - loss: 4.7587 - accuracy: 0.0625
1/1 [==============================] - 1s 1s/step - loss: 4.7587 - accuracy: 0.0625
Epoch 2/25

1/1 [==============================] - ETA: 0s - loss: 4.7258 - accuracy: 0.1250
1/1 [==============================] - 0s 3ms/step - loss: 4.7258 - accuracy: 0.1250
Epoch 3/25

1/1 [==============================] - ETA: 0s - loss: 4.6930 - accuracy: 0.1250
1/1 [==============================] - 0s 6ms/step - loss: 4.6930 - accuracy: 0.1250
Epoch 4/25

1/1 [==============================] - ETA: 0s - loss: 4.6601 - accuracy: 0.1875
1/1 [==============================] - 0s 6ms/step - loss: 4.6601 - accuracy: 0.1875
Epoch 5/25

1/1 [==============================] - ETA: 0s - loss: 4.6271 - accuracy: 0.3750
1/1 [==============================] - 0s 5ms/step - loss: 4.6271 - accuracy: 0.3750
Epoch 6/25

1/1 [==============================] - ETA: 0s - loss: 4.5937 - accuracy: 0.6250
1/1 [==============================] - 0s 4ms/step - loss: 4.5937 - accuracy: 0.6250
Epoch 7/25

1/1 [==============================] - ETA: 0s - loss: 4.5599 - accuracy: 0.8125
1/1 [==============================] - 0s 5ms/step - loss: 4.5599 - accuracy: 0.8125
Epoch 8/25

1/1 [==============================] - ETA: 0s - loss: 4.5255 - accuracy: 0.8750
1/1 [==============================] - 0s 5ms/step - loss: 4.5255 - accuracy: 0.8750
Epoch 9/25

1/1 [==============================] - ETA: 0s - loss: 4.4904 - accuracy: 0.9375
1/1 [==============================] - 0s 5ms/step - loss: 4.4904 - accuracy: 0.9375
Epoch 10/25

1/1 [==============================] - ETA: 0s - loss: 4.4543 - accuracy: 0.9375
1/1 [==============================] - 0s 5ms/step - loss: 4.4543 - accuracy: 0.9375
Epoch 11/25

1/1 [==============================] - ETA: 0s - loss: 4.4173 - accuracy: 0.9375
1/1 [==============================] - 0s 5ms/step - loss: 4.4173 - accuracy: 0.9375
Epoch 12/25

1/1 [==============================] - ETA: 0s - loss: 4.3790 - accuracy: 0.9375
1/1 [==============================] - 0s 5ms/step - loss: 4.3790 - accuracy: 0.9375
Epoch 13/25

1/1 [==============================] - ETA: 0s - loss: 4.3395 - accuracy: 1.0000
1/1 [==============================] - 0s 4ms/step - loss: 4.3395 - accuracy: 1.0000
Epoch 14/25

1/1 [==============================] - ETA: 0s - loss: 4.2986 - accuracy: 1.0000
1/1 [==============================] - 0s 5ms/step - loss: 4.2986 - accuracy: 1.0000
Epoch 15/25

1/1 [==============================] - ETA: 0s - loss: 4.2562 - accuracy: 1.0000
1/1 [==============================] - 0s 4ms/step - loss: 4.2562 - accuracy: 1.0000
Epoch 16/25

1/1 [==============================] - ETA: 0s - loss: 4.2121 - accuracy: 1.0000
1/1 [==============================] - 0s 4ms/step - loss: 4.2121 - accuracy: 1.0000
Epoch 17/25

1/1 [==============================] - ETA: 0s - loss: 4.1664 - accuracy: 1.0000
1/1 [==============================] - 0s 5ms/step - loss: 4.1664 - accuracy: 1.0000
Epoch 18/25

1/1 [==============================] - ETA: 0s - loss: 4.1187 - accuracy: 1.0000
1/1 [==============================] - 0s 4ms/step - loss: 4.1187 - accuracy: 1.0000
Epoch 19/25

1/1 [==============================] - ETA: 0s - loss: 4.0692 - accuracy: 1.0000
1/1 [==============================] - 0s 4ms/step - loss: 4.0692 - accuracy: 1.0000
Epoch 20/25

1/1 [==============================] - ETA: 0s - loss: 4.0177 - accuracy: 1.0000
1/1 [==============================] - 0s 4ms/step - loss: 4.0177 - accuracy: 1.0000
Epoch 21/25

1/1 [==============================] - ETA: 0s - loss: 3.9641 - accuracy: 1.0000
1/1 [==============================] - 0s 4ms/step - loss: 3.9641 - accuracy: 1.0000
Epoch 22/25

1/1 [==============================] - ETA: 0s - loss: 3.9084 - accuracy: 1.0000
1/1 [==============================] - 0s 5ms/step - loss: 3.9084 - accuracy: 1.0000
Epoch 23/25

1/1 [==============================] - ETA: 0s - loss: 3.8505 - accuracy: 1.0000
1/1 [==============================] - 0s 4ms/step - loss: 3.8505 - accuracy: 1.0000
Epoch 24/25

1/1 [==============================] - ETA: 0s - loss: 3.7903 - accuracy: 1.0000
1/1 [==============================] - 0s 4ms/step - loss: 3.7903 - accuracy: 1.0000
Epoch 25/25

1/1 [==============================] - ETA: 0s - loss: 3.7278 - accuracy: 1.0000
1/1 [==============================] - 0s 4ms/step - loss: 3.7278 - accuracy: 1.0000
# node2vec
Epoch 1/25

1/1 [==============================] - ETA: 0s - loss: 4.7984 - accuracy: 0.0625
1/1 [==============================] - 1s 583ms/step - loss: 4.7984 - accuracy: 0.0625
Epoch 2/25

1/1 [==============================] - ETA: 0s - loss: 4.7599 - accuracy: 0.0625
1/1 [==============================] - 0s 29ms/step - loss: 4.7599 - accuracy: 0.0625
Epoch 3/25

1/1 [==============================] - ETA: 0s - loss: 4.7214 - accuracy: 0.0625
1/1 [==============================] - 0s 13ms/step - loss: 4.7214 - accuracy: 0.0625
Epoch 4/25

1/1 [==============================] - ETA: 0s - loss: 4.6830 - accuracy: 0.0625
1/1 [==============================] - 0s 13ms/step - loss: 4.6830 - accuracy: 0.0625
Epoch 5/25

1/1 [==============================] - ETA: 0s - loss: 4.6446 - accuracy: 0.0625
1/1 [==============================] - 0s 4ms/step - loss: 4.6446 - accuracy: 0.0625
Epoch 6/25

1/1 [==============================] - ETA: 0s - loss: 4.6063 - accuracy: 0.0625
1/1 [==============================] - 0s 3ms/step - loss: 4.6063 - accuracy: 0.0625
Epoch 7/25

1/1 [==============================] - ETA: 0s - loss: 4.5681 - accuracy: 0.0625
1/1 [==============================] - 0s 2ms/step - loss: 4.5681 - accuracy: 0.0625
Epoch 8/25

1/1 [==============================] - ETA: 0s - loss: 4.5299 - accuracy: 0.0625
1/1 [==============================] - 0s 3ms/step - loss: 4.5299 - accuracy: 0.0625
Epoch 9/25

1/1 [==============================] - ETA: 0s - loss: 4.4917 - accuracy: 0.0625
1/1 [==============================] - 0s 2ms/step - loss: 4.4917 - accuracy: 0.0625
Epoch 10/25

1/1 [==============================] - ETA: 0s - loss: 4.4537 - accuracy: 0.0625
1/1 [==============================] - 0s 2ms/step - loss: 4.4537 - accuracy: 0.0625
Epoch 11/25

1/1 [==============================] - ETA: 0s - loss: 4.4157 - accuracy: 0.1250
1/1 [==============================] - 0s 2ms/step - loss: 4.4157 - accuracy: 0.1250
Epoch 12/25

1/1 [==============================] - ETA: 0s - loss: 4.3778 - accuracy: 0.1250
1/1 [==============================] - 0s 3ms/step - loss: 4.3778 - accuracy: 0.1250
Epoch 13/25

1/1 [==============================] - ETA: 0s - loss: 4.3399 - accuracy: 0.3125
1/1 [==============================] - 0s 3ms/step - loss: 4.3399 - accuracy: 0.3125
Epoch 14/25

1/1 [==============================] - ETA: 0s - loss: 4.3022 - accuracy: 0.4375
1/1 [==============================] - 0s 3ms/step - loss: 4.3022 - accuracy: 0.4375
Epoch 15/25

1/1 [==============================] - ETA: 0s - loss: 4.2645 - accuracy: 0.4375
1/1 [==============================] - 0s 3ms/step - loss: 4.2645 - accuracy: 0.4375
Epoch 16/25

1/1 [==============================] - ETA: 0s - loss: 4.2268 - accuracy: 0.4375
1/1 [==============================] - 0s 3ms/step - loss: 4.2268 - accuracy: 0.4375
Epoch 17/25

1/1 [==============================] - ETA: 0s - loss: 4.1893 - accuracy: 0.4375
1/1 [==============================] - 0s 2ms/step - loss: 4.1893 - accuracy: 0.4375
Epoch 18/25

1/1 [==============================] - ETA: 0s - loss: 4.1519 - accuracy: 0.4375
1/1 [==============================] - 0s 3ms/step - loss: 4.1519 - accuracy: 0.4375
Epoch 19/25

1/1 [==============================] - ETA: 0s - loss: 4.1145 - accuracy: 0.5000
1/1 [==============================] - 0s 3ms/step - loss: 4.1145 - accuracy: 0.5000
Epoch 20/25

1/1 [==============================] - ETA: 0s - loss: 4.0773 - accuracy: 0.5625
1/1 [==============================] - 0s 3ms/step - loss: 4.0773 - accuracy: 0.5625
Epoch 21/25

1/1 [==============================] - ETA: 0s - loss: 4.0401 - accuracy: 0.5625
1/1 [==============================] - 0s 3ms/step - loss: 4.0401 - accuracy: 0.5625
Epoch 22/25

1/1 [==============================] - ETA: 0s - loss: 4.0030 - accuracy: 0.5625
1/1 [==============================] - 0s 4ms/step - loss: 4.0030 - accuracy: 0.5625
Epoch 23/25

1/1 [==============================] - ETA: 0s - loss: 3.9660 - accuracy: 0.5625
1/1 [==============================] - 0s 3ms/step - loss: 3.9660 - accuracy: 0.5625
Epoch 24/25

1/1 [==============================] - ETA: 0s - loss: 3.9292 - accuracy: 0.5625
1/1 [==============================] - 0s 3ms/step - loss: 3.9292 - accuracy: 0.5625
Epoch 25/25

1/1 [==============================] - ETA: 0s - loss: 3.8924 - accuracy: 0.6875
1/1 [==============================] - 0s 3ms/step - loss: 3.8924 - accuracy: 0.6875
# predict: steps=12
# predict: tnodeembed_metrics
# predict: node2vec_metrics
tnodeembed: {'auc': 0.7244838881670875, 'f1_micro': 0.0, 'f1_macro': 0.0} tNodeEmbed_final_loss=3.727820873260498 tNodeEmbed_final_accuracy=1.0 
node2vec: {'auc': 0.6484135145735788, 'f1_micro': 0.0, 'f1_macro': 0.0} node2vec_final_loss=3.892396926879883 node2vec_final_accuracy=0.6875 
