# load graph
Processing Static file: filename='CollegeMsg_20040904_nodes_7_edges_6_component_0.edges'
# initialize tNodeEmbed for dataset=COLLEGE_NC, test_size=0.2
# load dataset
# fit
# tNodeEmbed steps_per_epoch=1
Epoch 1/25

1/1 [==============================] - ETA: 0s - loss: 4.7485 - accuracy: 0.1250
1/1 [==============================] - 1s 1s/step - loss: 4.7485 - accuracy: 0.1250
Epoch 2/25

1/1 [==============================] - ETA: 0s - loss: 4.7165 - accuracy: 0.1250
1/1 [==============================] - 0s 4ms/step - loss: 4.7165 - accuracy: 0.1250
Epoch 3/25

1/1 [==============================] - ETA: 0s - loss: 4.6844 - accuracy: 0.2500
1/1 [==============================] - 0s 5ms/step - loss: 4.6844 - accuracy: 0.2500
Epoch 4/25

1/1 [==============================] - ETA: 0s - loss: 4.6523 - accuracy: 0.3125
1/1 [==============================] - 0s 5ms/step - loss: 4.6523 - accuracy: 0.3125
Epoch 5/25

1/1 [==============================] - ETA: 0s - loss: 4.6198 - accuracy: 0.6250
1/1 [==============================] - 0s 6ms/step - loss: 4.6198 - accuracy: 0.6250
Epoch 6/25

1/1 [==============================] - ETA: 0s - loss: 4.5870 - accuracy: 0.7500
1/1 [==============================] - 0s 6ms/step - loss: 4.5870 - accuracy: 0.7500
Epoch 7/25

1/1 [==============================] - ETA: 0s - loss: 4.5537 - accuracy: 0.8750
1/1 [==============================] - 0s 5ms/step - loss: 4.5537 - accuracy: 0.8750
Epoch 8/25

1/1 [==============================] - ETA: 0s - loss: 4.5197 - accuracy: 0.8750
1/1 [==============================] - 0s 5ms/step - loss: 4.5197 - accuracy: 0.8750
Epoch 9/25

1/1 [==============================] - ETA: 0s - loss: 4.4849 - accuracy: 0.9375
1/1 [==============================] - 0s 4ms/step - loss: 4.4849 - accuracy: 0.9375
Epoch 10/25

1/1 [==============================] - ETA: 0s - loss: 4.4492 - accuracy: 1.0000
1/1 [==============================] - 0s 5ms/step - loss: 4.4492 - accuracy: 1.0000
Epoch 11/25

1/1 [==============================] - ETA: 0s - loss: 4.4123 - accuracy: 1.0000
1/1 [==============================] - 0s 5ms/step - loss: 4.4123 - accuracy: 1.0000
Epoch 12/25

1/1 [==============================] - ETA: 0s - loss: 4.3743 - accuracy: 1.0000
1/1 [==============================] - 0s 6ms/step - loss: 4.3743 - accuracy: 1.0000
Epoch 13/25

1/1 [==============================] - ETA: 0s - loss: 4.3348 - accuracy: 1.0000
1/1 [==============================] - 0s 5ms/step - loss: 4.3348 - accuracy: 1.0000
Epoch 14/25

1/1 [==============================] - ETA: 0s - loss: 4.2940 - accuracy: 1.0000
1/1 [==============================] - 0s 5ms/step - loss: 4.2940 - accuracy: 1.0000
Epoch 15/25

1/1 [==============================] - ETA: 0s - loss: 4.2515 - accuracy: 1.0000
1/1 [==============================] - 0s 5ms/step - loss: 4.2515 - accuracy: 1.0000
Epoch 16/25

1/1 [==============================] - ETA: 0s - loss: 4.2074 - accuracy: 1.0000
1/1 [==============================] - 0s 5ms/step - loss: 4.2074 - accuracy: 1.0000
Epoch 17/25

1/1 [==============================] - ETA: 0s - loss: 4.1615 - accuracy: 1.0000
1/1 [==============================] - 0s 5ms/step - loss: 4.1615 - accuracy: 1.0000
Epoch 18/25

1/1 [==============================] - ETA: 0s - loss: 4.1138 - accuracy: 1.0000
1/1 [==============================] - 0s 5ms/step - loss: 4.1138 - accuracy: 1.0000
Epoch 19/25

1/1 [==============================] - ETA: 0s - loss: 4.0641 - accuracy: 1.0000
1/1 [==============================] - 0s 6ms/step - loss: 4.0641 - accuracy: 1.0000
Epoch 20/25

1/1 [==============================] - ETA: 0s - loss: 4.0124 - accuracy: 1.0000
1/1 [==============================] - 0s 4ms/step - loss: 4.0124 - accuracy: 1.0000
Epoch 21/25

1/1 [==============================] - ETA: 0s - loss: 3.9587 - accuracy: 1.0000
1/1 [==============================] - 0s 5ms/step - loss: 3.9587 - accuracy: 1.0000
Epoch 22/25

1/1 [==============================] - ETA: 0s - loss: 3.9028 - accuracy: 1.0000
1/1 [==============================] - 0s 5ms/step - loss: 3.9028 - accuracy: 1.0000
Epoch 23/25

1/1 [==============================] - ETA: 0s - loss: 3.8448 - accuracy: 1.0000
1/1 [==============================] - 0s 4ms/step - loss: 3.8448 - accuracy: 1.0000
Epoch 24/25

1/1 [==============================] - ETA: 0s - loss: 3.7846 - accuracy: 1.0000
1/1 [==============================] - 0s 5ms/step - loss: 3.7846 - accuracy: 1.0000
Epoch 25/25

1/1 [==============================] - ETA: 0s - loss: 3.7223 - accuracy: 1.0000
1/1 [==============================] - 0s 5ms/step - loss: 3.7223 - accuracy: 1.0000
# node2vec
Epoch 1/25

1/1 [==============================] - ETA: 0s - loss: 4.8018 - accuracy: 0.1250
1/1 [==============================] - 0s 219ms/step - loss: 4.8018 - accuracy: 0.1250
Epoch 2/25

1/1 [==============================] - ETA: 0s - loss: 4.7658 - accuracy: 0.1250
1/1 [==============================] - 0s 4ms/step - loss: 4.7658 - accuracy: 0.1250
Epoch 3/25

1/1 [==============================] - ETA: 0s - loss: 4.7299 - accuracy: 0.1250
1/1 [==============================] - 0s 5ms/step - loss: 4.7299 - accuracy: 0.1250
Epoch 4/25

1/1 [==============================] - ETA: 0s - loss: 4.6941 - accuracy: 0.1875
1/1 [==============================] - 0s 4ms/step - loss: 4.6941 - accuracy: 0.1875
Epoch 5/25

1/1 [==============================] - ETA: 0s - loss: 4.6583 - accuracy: 0.1875
1/1 [==============================] - 0s 4ms/step - loss: 4.6583 - accuracy: 0.1875
Epoch 6/25

1/1 [==============================] - ETA: 0s - loss: 4.6225 - accuracy: 0.1875
1/1 [==============================] - 0s 5ms/step - loss: 4.6225 - accuracy: 0.1875
Epoch 7/25

1/1 [==============================] - ETA: 0s - loss: 4.5868 - accuracy: 0.1875
1/1 [==============================] - 0s 6ms/step - loss: 4.5868 - accuracy: 0.1875
Epoch 8/25

1/1 [==============================] - ETA: 0s - loss: 4.5512 - accuracy: 0.1875
1/1 [==============================] - 0s 5ms/step - loss: 4.5512 - accuracy: 0.1875
Epoch 9/25

1/1 [==============================] - ETA: 0s - loss: 4.5156 - accuracy: 0.1875
1/1 [==============================] - 0s 4ms/step - loss: 4.5156 - accuracy: 0.1875
Epoch 10/25

1/1 [==============================] - ETA: 0s - loss: 4.4801 - accuracy: 0.2500
1/1 [==============================] - 0s 3ms/step - loss: 4.4801 - accuracy: 0.2500
Epoch 11/25

1/1 [==============================] - ETA: 0s - loss: 4.4446 - accuracy: 0.2500
1/1 [==============================] - 0s 5ms/step - loss: 4.4446 - accuracy: 0.2500
Epoch 12/25

1/1 [==============================] - ETA: 0s - loss: 4.4092 - accuracy: 0.2500
1/1 [==============================] - 0s 5ms/step - loss: 4.4092 - accuracy: 0.2500
Epoch 13/25

1/1 [==============================] - ETA: 0s - loss: 4.3739 - accuracy: 0.2500
1/1 [==============================] - 0s 5ms/step - loss: 4.3739 - accuracy: 0.2500
Epoch 14/25

1/1 [==============================] - ETA: 0s - loss: 4.3386 - accuracy: 0.3750
1/1 [==============================] - 0s 6ms/step - loss: 4.3386 - accuracy: 0.3750
Epoch 15/25

1/1 [==============================] - ETA: 0s - loss: 4.3035 - accuracy: 0.3750
1/1 [==============================] - 0s 5ms/step - loss: 4.3035 - accuracy: 0.3750
Epoch 16/25

1/1 [==============================] - ETA: 0s - loss: 4.2684 - accuracy: 0.3750
1/1 [==============================] - 0s 4ms/step - loss: 4.2684 - accuracy: 0.3750
Epoch 17/25

1/1 [==============================] - ETA: 0s - loss: 4.2333 - accuracy: 0.5000
1/1 [==============================] - 0s 5ms/step - loss: 4.2333 - accuracy: 0.5000
Epoch 18/25

1/1 [==============================] - ETA: 0s - loss: 4.1984 - accuracy: 0.5000
1/1 [==============================] - 0s 4ms/step - loss: 4.1984 - accuracy: 0.5000
Epoch 19/25

1/1 [==============================] - ETA: 0s - loss: 4.1635 - accuracy: 0.5625
1/1 [==============================] - 0s 5ms/step - loss: 4.1635 - accuracy: 0.5625
Epoch 20/25

1/1 [==============================] - ETA: 0s - loss: 4.1287 - accuracy: 0.6250
1/1 [==============================] - 0s 5ms/step - loss: 4.1287 - accuracy: 0.6250
Epoch 21/25

1/1 [==============================] - ETA: 0s - loss: 4.0940 - accuracy: 0.6250
1/1 [==============================] - 0s 5ms/step - loss: 4.0940 - accuracy: 0.6250
Epoch 22/25

1/1 [==============================] - ETA: 0s - loss: 4.0594 - accuracy: 0.6250
1/1 [==============================] - 0s 5ms/step - loss: 4.0594 - accuracy: 0.6250
Epoch 23/25

1/1 [==============================] - ETA: 0s - loss: 4.0249 - accuracy: 0.6875
1/1 [==============================] - 0s 5ms/step - loss: 4.0249 - accuracy: 0.6875
Epoch 24/25

1/1 [==============================] - ETA: 0s - loss: 3.9904 - accuracy: 0.6875
1/1 [==============================] - 0s 5ms/step - loss: 3.9904 - accuracy: 0.6875
Epoch 25/25

1/1 [==============================] - ETA: 0s - loss: 3.9561 - accuracy: 0.7500
1/1 [==============================] - 0s 4ms/step - loss: 3.9561 - accuracy: 0.7500
# predict: steps=12
# predict: tnodeembed_metrics
# predict: node2vec_metrics
tnodeembed: {'auc': 0.6940622778417865, 'f1_micro': 0.0, 'f1_macro': 0.0} tNodeEmbed_final_loss=3.7222583293914795 tNodeEmbed_final_accuracy=1.0 
node2vec: {'auc': 0.6316665849533009, 'f1_micro': 0.0, 'f1_macro': 0.0} node2vec_final_loss=3.9561030864715576 node2vec_final_accuracy=0.75 
