# load graph
Processing Static file: filename='CollegeMsg_20040518_nodes_389_edges_591_component_0.edges'
# initialize tNodeEmbed for dataset=COLLEGE_NC, test_size=0.2
# load dataset
# fit
# tNodeEmbed steps_per_epoch=1
Epoch 1/25

1/1 [==============================] - ETA: 0s - loss: 4.7348 - accuracy: 0.0625
1/1 [==============================] - 1s 1s/step - loss: 4.7348 - accuracy: 0.0625
Epoch 2/25

1/1 [==============================] - ETA: 0s - loss: 4.7132 - accuracy: 0.1250
1/1 [==============================] - 0s 4ms/step - loss: 4.7132 - accuracy: 0.1250
Epoch 3/25

1/1 [==============================] - ETA: 0s - loss: 4.6915 - accuracy: 0.1875
1/1 [==============================] - 0s 4ms/step - loss: 4.6915 - accuracy: 0.1875
Epoch 4/25

1/1 [==============================] - ETA: 0s - loss: 4.6696 - accuracy: 0.4375
1/1 [==============================] - 0s 5ms/step - loss: 4.6696 - accuracy: 0.4375
Epoch 5/25

1/1 [==============================] - ETA: 0s - loss: 4.6475 - accuracy: 0.5625
1/1 [==============================] - 0s 6ms/step - loss: 4.6475 - accuracy: 0.5625
Epoch 6/25

1/1 [==============================] - ETA: 0s - loss: 4.6250 - accuracy: 0.5625
1/1 [==============================] - 0s 5ms/step - loss: 4.6250 - accuracy: 0.5625
Epoch 7/25

1/1 [==============================] - ETA: 0s - loss: 4.6020 - accuracy: 0.6250
1/1 [==============================] - 0s 4ms/step - loss: 4.6020 - accuracy: 0.6250
Epoch 8/25

1/1 [==============================] - ETA: 0s - loss: 4.5785 - accuracy: 0.6250
1/1 [==============================] - 0s 5ms/step - loss: 4.5785 - accuracy: 0.6250
Epoch 9/25

1/1 [==============================] - ETA: 0s - loss: 4.5544 - accuracy: 0.6250
1/1 [==============================] - 0s 4ms/step - loss: 4.5544 - accuracy: 0.6250
Epoch 10/25

1/1 [==============================] - ETA: 0s - loss: 4.5296 - accuracy: 0.6250
1/1 [==============================] - 0s 5ms/step - loss: 4.5296 - accuracy: 0.6250
Epoch 11/25

1/1 [==============================] - ETA: 0s - loss: 4.5041 - accuracy: 0.6875
1/1 [==============================] - 0s 5ms/step - loss: 4.5041 - accuracy: 0.6875
Epoch 12/25

1/1 [==============================] - ETA: 0s - loss: 4.4777 - accuracy: 0.6875
1/1 [==============================] - 0s 8ms/step - loss: 4.4777 - accuracy: 0.6875
Epoch 13/25

1/1 [==============================] - ETA: 0s - loss: 4.4505 - accuracy: 0.6875
1/1 [==============================] - 0s 7ms/step - loss: 4.4505 - accuracy: 0.6875
Epoch 14/25

1/1 [==============================] - ETA: 0s - loss: 4.4222 - accuracy: 0.6875
1/1 [==============================] - 0s 6ms/step - loss: 4.4222 - accuracy: 0.6875
Epoch 15/25

1/1 [==============================] - ETA: 0s - loss: 4.3929 - accuracy: 0.6875
1/1 [==============================] - 0s 6ms/step - loss: 4.3929 - accuracy: 0.6875
Epoch 16/25

1/1 [==============================] - ETA: 0s - loss: 4.3626 - accuracy: 0.6875
1/1 [==============================] - 0s 4ms/step - loss: 4.3626 - accuracy: 0.6875
Epoch 17/25

1/1 [==============================] - ETA: 0s - loss: 4.3311 - accuracy: 0.6875
1/1 [==============================] - 0s 4ms/step - loss: 4.3311 - accuracy: 0.6875
Epoch 18/25

1/1 [==============================] - ETA: 0s - loss: 4.2984 - accuracy: 0.6875
1/1 [==============================] - 0s 4ms/step - loss: 4.2984 - accuracy: 0.6875
Epoch 19/25

1/1 [==============================] - ETA: 0s - loss: 4.2644 - accuracy: 0.6875
1/1 [==============================] - 0s 4ms/step - loss: 4.2644 - accuracy: 0.6875
Epoch 20/25

1/1 [==============================] - ETA: 0s - loss: 4.2292 - accuracy: 0.6875
1/1 [==============================] - 0s 5ms/step - loss: 4.2292 - accuracy: 0.6875
Epoch 21/25

1/1 [==============================] - ETA: 0s - loss: 4.1926 - accuracy: 0.6875
1/1 [==============================] - 0s 4ms/step - loss: 4.1926 - accuracy: 0.6875
Epoch 22/25

1/1 [==============================] - ETA: 0s - loss: 4.1547 - accuracy: 0.6875
1/1 [==============================] - 0s 5ms/step - loss: 4.1547 - accuracy: 0.6875
Epoch 23/25

1/1 [==============================] - ETA: 0s - loss: 4.1154 - accuracy: 0.6875
1/1 [==============================] - 0s 4ms/step - loss: 4.1154 - accuracy: 0.6875
Epoch 24/25

1/1 [==============================] - ETA: 0s - loss: 4.0747 - accuracy: 0.6875
1/1 [==============================] - 0s 4ms/step - loss: 4.0747 - accuracy: 0.6875
Epoch 25/25

1/1 [==============================] - ETA: 0s - loss: 4.0326 - accuracy: 0.6875
1/1 [==============================] - 0s 5ms/step - loss: 4.0326 - accuracy: 0.6875
# node2vec
Epoch 1/25

1/1 [==============================] - ETA: 0s - loss: 4.7154 - accuracy: 0.0625
1/1 [==============================] - 0s 202ms/step - loss: 4.7154 - accuracy: 0.0625
Epoch 2/25

1/1 [==============================] - ETA: 0s - loss: 4.6924 - accuracy: 0.1250
1/1 [==============================] - 0s 2ms/step - loss: 4.6924 - accuracy: 0.1250
Epoch 3/25

1/1 [==============================] - ETA: 0s - loss: 4.6694 - accuracy: 0.1250
1/1 [==============================] - 0s 3ms/step - loss: 4.6694 - accuracy: 0.1250
Epoch 4/25

1/1 [==============================] - ETA: 0s - loss: 4.6464 - accuracy: 0.1250
1/1 [==============================] - 0s 3ms/step - loss: 4.6464 - accuracy: 0.1250
Epoch 5/25

1/1 [==============================] - ETA: 0s - loss: 4.6235 - accuracy: 0.1250
1/1 [==============================] - 0s 3ms/step - loss: 4.6235 - accuracy: 0.1250
Epoch 6/25

1/1 [==============================] - ETA: 0s - loss: 4.6006 - accuracy: 0.1250
1/1 [==============================] - 0s 3ms/step - loss: 4.6006 - accuracy: 0.1250
Epoch 7/25

1/1 [==============================] - ETA: 0s - loss: 4.5777 - accuracy: 0.1250
1/1 [==============================] - 0s 4ms/step - loss: 4.5777 - accuracy: 0.1250
Epoch 8/25

1/1 [==============================] - ETA: 0s - loss: 4.5548 - accuracy: 0.1875
1/1 [==============================] - 0s 5ms/step - loss: 4.5548 - accuracy: 0.1875
Epoch 9/25

1/1 [==============================] - ETA: 0s - loss: 4.5320 - accuracy: 0.1875
1/1 [==============================] - 0s 4ms/step - loss: 4.5320 - accuracy: 0.1875
Epoch 10/25

1/1 [==============================] - ETA: 0s - loss: 4.5092 - accuracy: 0.2500
1/1 [==============================] - 0s 4ms/step - loss: 4.5092 - accuracy: 0.2500
Epoch 11/25

1/1 [==============================] - ETA: 0s - loss: 4.4864 - accuracy: 0.2500
1/1 [==============================] - 0s 6ms/step - loss: 4.4864 - accuracy: 0.2500
Epoch 12/25

1/1 [==============================] - ETA: 0s - loss: 4.4637 - accuracy: 0.2500
1/1 [==============================] - 0s 3ms/step - loss: 4.4637 - accuracy: 0.2500
Epoch 13/25

1/1 [==============================] - ETA: 0s - loss: 4.4410 - accuracy: 0.2500
1/1 [==============================] - 0s 5ms/step - loss: 4.4410 - accuracy: 0.2500
Epoch 14/25

1/1 [==============================] - ETA: 0s - loss: 4.4184 - accuracy: 0.2500
1/1 [==============================] - 0s 3ms/step - loss: 4.4184 - accuracy: 0.2500
Epoch 15/25

1/1 [==============================] - ETA: 0s - loss: 4.3958 - accuracy: 0.2500
1/1 [==============================] - 0s 3ms/step - loss: 4.3958 - accuracy: 0.2500
Epoch 16/25

1/1 [==============================] - ETA: 0s - loss: 4.3732 - accuracy: 0.2500
1/1 [==============================] - 0s 3ms/step - loss: 4.3732 - accuracy: 0.2500
Epoch 17/25

1/1 [==============================] - ETA: 0s - loss: 4.3506 - accuracy: 0.3125
1/1 [==============================] - 0s 3ms/step - loss: 4.3506 - accuracy: 0.3125
Epoch 18/25

1/1 [==============================] - ETA: 0s - loss: 4.3282 - accuracy: 0.3750
1/1 [==============================] - 0s 4ms/step - loss: 4.3282 - accuracy: 0.3750
Epoch 19/25

1/1 [==============================] - ETA: 0s - loss: 4.3057 - accuracy: 0.4375
1/1 [==============================] - 0s 4ms/step - loss: 4.3057 - accuracy: 0.4375
Epoch 20/25

1/1 [==============================] - ETA: 0s - loss: 4.2833 - accuracy: 0.4375
1/1 [==============================] - 0s 3ms/step - loss: 4.2833 - accuracy: 0.4375
Epoch 21/25

1/1 [==============================] - ETA: 0s - loss: 4.2609 - accuracy: 0.5000
1/1 [==============================] - 0s 3ms/step - loss: 4.2609 - accuracy: 0.5000
Epoch 22/25

1/1 [==============================] - ETA: 0s - loss: 4.2386 - accuracy: 0.5000
1/1 [==============================] - 0s 3ms/step - loss: 4.2386 - accuracy: 0.5000
Epoch 23/25

1/1 [==============================] - ETA: 0s - loss: 4.2164 - accuracy: 0.5625
1/1 [==============================] - 0s 3ms/step - loss: 4.2164 - accuracy: 0.5625
Epoch 24/25

1/1 [==============================] - ETA: 0s - loss: 4.1942 - accuracy: 0.5625
1/1 [==============================] - 0s 3ms/step - loss: 4.1942 - accuracy: 0.5625
Epoch 25/25

1/1 [==============================] - ETA: 0s - loss: 4.1720 - accuracy: 0.5625
1/1 [==============================] - 0s 3ms/step - loss: 4.1720 - accuracy: 0.5625
# predict: steps=12
# predict: tnodeembed_metrics
# predict: node2vec_metrics
tnodeembed: {'auc': 0.7416233177260804, 'f1_micro': 0.0, 'f1_macro': 0.0} tNodeEmbed_final_loss=4.032625198364258 tNodeEmbed_final_accuracy=0.6875 
node2vec: {'auc': 0.6109872098154094, 'f1_micro': 0.0, 'f1_macro': 0.0} node2vec_final_loss=4.172009468078613 node2vec_final_accuracy=0.5625 
