# load graph
Processing Static file: filename='CollegeMsg_20040630_nodes_58_edges_58_component_0.edges'
# initialize tNodeEmbed for dataset=COLLEGE_NC, test_size=0.2
# load dataset
# fit
# tNodeEmbed steps_per_epoch=1
Epoch 1/25

1/1 [==============================] - ETA: 0s - loss: 4.7223 - accuracy: 0.1250
1/1 [==============================] - 1s 1s/step - loss: 4.7223 - accuracy: 0.1250
Epoch 2/25

1/1 [==============================] - ETA: 0s - loss: 4.6918 - accuracy: 0.0000e+00
1/1 [==============================] - 0s 6ms/step - loss: 4.6918 - accuracy: 0.0000e+00
Epoch 3/25

1/1 [==============================] - ETA: 0s - loss: 4.6613 - accuracy: 0.3125
1/1 [==============================] - 0s 8ms/step - loss: 4.6613 - accuracy: 0.3125
Epoch 4/25

1/1 [==============================] - ETA: 0s - loss: 4.6306 - accuracy: 0.5000
1/1 [==============================] - 0s 7ms/step - loss: 4.6306 - accuracy: 0.5000
Epoch 5/25

1/1 [==============================] - ETA: 0s - loss: 4.5995 - accuracy: 0.6250
1/1 [==============================] - 0s 6ms/step - loss: 4.5995 - accuracy: 0.6250
Epoch 6/25

1/1 [==============================] - ETA: 0s - loss: 4.5680 - accuracy: 0.6875
1/1 [==============================] - 0s 6ms/step - loss: 4.5680 - accuracy: 0.6875
Epoch 7/25

1/1 [==============================] - ETA: 0s - loss: 4.5359 - accuracy: 0.6875
1/1 [==============================] - 0s 5ms/step - loss: 4.5359 - accuracy: 0.6875
Epoch 8/25

1/1 [==============================] - ETA: 0s - loss: 4.5031 - accuracy: 0.6875
1/1 [==============================] - 0s 6ms/step - loss: 4.5031 - accuracy: 0.6875
Epoch 9/25

1/1 [==============================] - ETA: 0s - loss: 4.4694 - accuracy: 0.6875
1/1 [==============================] - 0s 7ms/step - loss: 4.4694 - accuracy: 0.6875
Epoch 10/25

1/1 [==============================] - ETA: 0s - loss: 4.4348 - accuracy: 0.6875
1/1 [==============================] - 0s 6ms/step - loss: 4.4348 - accuracy: 0.6875
Epoch 11/25

1/1 [==============================] - ETA: 0s - loss: 4.3991 - accuracy: 0.6875
1/1 [==============================] - 0s 6ms/step - loss: 4.3991 - accuracy: 0.6875
Epoch 12/25

1/1 [==============================] - ETA: 0s - loss: 4.3621 - accuracy: 0.7500
1/1 [==============================] - 0s 6ms/step - loss: 4.3621 - accuracy: 0.7500
Epoch 13/25

1/1 [==============================] - ETA: 0s - loss: 4.3238 - accuracy: 0.7500
1/1 [==============================] - 0s 6ms/step - loss: 4.3238 - accuracy: 0.7500
Epoch 14/25

1/1 [==============================] - ETA: 0s - loss: 4.2841 - accuracy: 0.7500
1/1 [==============================] - 0s 6ms/step - loss: 4.2841 - accuracy: 0.7500
Epoch 15/25

1/1 [==============================] - ETA: 0s - loss: 4.2429 - accuracy: 0.7500
1/1 [==============================] - 0s 5ms/step - loss: 4.2429 - accuracy: 0.7500
Epoch 16/25

1/1 [==============================] - ETA: 0s - loss: 4.2001 - accuracy: 0.8125
1/1 [==============================] - 0s 6ms/step - loss: 4.2001 - accuracy: 0.8125
Epoch 17/25

1/1 [==============================] - ETA: 0s - loss: 4.1556 - accuracy: 0.8125
1/1 [==============================] - 0s 5ms/step - loss: 4.1556 - accuracy: 0.8125
Epoch 18/25

1/1 [==============================] - ETA: 0s - loss: 4.1093 - accuracy: 0.8125
1/1 [==============================] - 0s 5ms/step - loss: 4.1093 - accuracy: 0.8125
Epoch 19/25

1/1 [==============================] - ETA: 0s - loss: 4.0612 - accuracy: 0.8125
1/1 [==============================] - 0s 5ms/step - loss: 4.0612 - accuracy: 0.8125
Epoch 20/25

1/1 [==============================] - ETA: 0s - loss: 4.0111 - accuracy: 0.8125
1/1 [==============================] - 0s 5ms/step - loss: 4.0111 - accuracy: 0.8125
Epoch 21/25

1/1 [==============================] - ETA: 0s - loss: 3.9592 - accuracy: 0.8125
1/1 [==============================] - 0s 4ms/step - loss: 3.9592 - accuracy: 0.8125
Epoch 22/25

1/1 [==============================] - ETA: 0s - loss: 3.9052 - accuracy: 0.8125
1/1 [==============================] - 0s 5ms/step - loss: 3.9052 - accuracy: 0.8125
Epoch 23/25

1/1 [==============================] - ETA: 0s - loss: 3.8492 - accuracy: 0.8125
1/1 [==============================] - 0s 6ms/step - loss: 3.8492 - accuracy: 0.8125
Epoch 24/25

1/1 [==============================] - ETA: 0s - loss: 3.7911 - accuracy: 0.8125
1/1 [==============================] - 0s 6ms/step - loss: 3.7911 - accuracy: 0.8125
Epoch 25/25

1/1 [==============================] - ETA: 0s - loss: 3.7310 - accuracy: 0.8125
1/1 [==============================] - 0s 6ms/step - loss: 3.7310 - accuracy: 0.8125
# node2vec
Epoch 1/25

1/1 [==============================] - ETA: 0s - loss: 4.6536 - accuracy: 0.1250
1/1 [==============================] - 0s 205ms/step - loss: 4.6536 - accuracy: 0.1250
Epoch 2/25

1/1 [==============================] - ETA: 0s - loss: 4.6201 - accuracy: 0.1250
1/1 [==============================] - 0s 2ms/step - loss: 4.6201 - accuracy: 0.1250
Epoch 3/25

1/1 [==============================] - ETA: 0s - loss: 4.5866 - accuracy: 0.1875
1/1 [==============================] - 0s 3ms/step - loss: 4.5866 - accuracy: 0.1875
Epoch 4/25

1/1 [==============================] - ETA: 0s - loss: 4.5531 - accuracy: 0.1875
1/1 [==============================] - 0s 3ms/step - loss: 4.5531 - accuracy: 0.1875
Epoch 5/25

1/1 [==============================] - ETA: 0s - loss: 4.5198 - accuracy: 0.1875
1/1 [==============================] - 0s 4ms/step - loss: 4.5198 - accuracy: 0.1875
Epoch 6/25

1/1 [==============================] - ETA: 0s - loss: 4.4864 - accuracy: 0.1875
1/1 [==============================] - 0s 3ms/step - loss: 4.4864 - accuracy: 0.1875
Epoch 7/25

1/1 [==============================] - ETA: 0s - loss: 4.4531 - accuracy: 0.1875
1/1 [==============================] - 0s 5ms/step - loss: 4.4531 - accuracy: 0.1875
Epoch 8/25

1/1 [==============================] - ETA: 0s - loss: 4.4199 - accuracy: 0.2500
1/1 [==============================] - 0s 3ms/step - loss: 4.4199 - accuracy: 0.2500
Epoch 9/25

1/1 [==============================] - ETA: 0s - loss: 4.3867 - accuracy: 0.2500
1/1 [==============================] - 0s 3ms/step - loss: 4.3867 - accuracy: 0.2500
Epoch 10/25

1/1 [==============================] - ETA: 0s - loss: 4.3536 - accuracy: 0.2500
1/1 [==============================] - 0s 4ms/step - loss: 4.3536 - accuracy: 0.2500
Epoch 11/25

1/1 [==============================] - ETA: 0s - loss: 4.3205 - accuracy: 0.2500
1/1 [==============================] - 0s 2ms/step - loss: 4.3205 - accuracy: 0.2500
Epoch 12/25

1/1 [==============================] - ETA: 0s - loss: 4.2875 - accuracy: 0.4375
1/1 [==============================] - 0s 4ms/step - loss: 4.2875 - accuracy: 0.4375
Epoch 13/25

1/1 [==============================] - ETA: 0s - loss: 4.2546 - accuracy: 0.4375
1/1 [==============================] - 0s 4ms/step - loss: 4.2546 - accuracy: 0.4375
Epoch 14/25

1/1 [==============================] - ETA: 0s - loss: 4.2218 - accuracy: 0.4375
1/1 [==============================] - 0s 3ms/step - loss: 4.2218 - accuracy: 0.4375
Epoch 15/25

1/1 [==============================] - ETA: 0s - loss: 4.1890 - accuracy: 0.4375
1/1 [==============================] - 0s 3ms/step - loss: 4.1890 - accuracy: 0.4375
Epoch 16/25

1/1 [==============================] - ETA: 0s - loss: 4.1563 - accuracy: 0.5000
1/1 [==============================] - 0s 3ms/step - loss: 4.1563 - accuracy: 0.5000
Epoch 17/25

1/1 [==============================] - ETA: 0s - loss: 4.1236 - accuracy: 0.5625
1/1 [==============================] - 0s 3ms/step - loss: 4.1236 - accuracy: 0.5625
Epoch 18/25

1/1 [==============================] - ETA: 0s - loss: 4.0911 - accuracy: 0.5625
1/1 [==============================] - 0s 3ms/step - loss: 4.0911 - accuracy: 0.5625
Epoch 19/25

1/1 [==============================] - ETA: 0s - loss: 4.0586 - accuracy: 0.5625
1/1 [==============================] - 0s 4ms/step - loss: 4.0586 - accuracy: 0.5625
Epoch 20/25

1/1 [==============================] - ETA: 0s - loss: 4.0262 - accuracy: 0.5625
1/1 [==============================] - 0s 3ms/step - loss: 4.0262 - accuracy: 0.5625
Epoch 21/25

1/1 [==============================] - ETA: 0s - loss: 3.9939 - accuracy: 0.6250
1/1 [==============================] - 0s 3ms/step - loss: 3.9939 - accuracy: 0.6250
Epoch 22/25

1/1 [==============================] - ETA: 0s - loss: 3.9617 - accuracy: 0.6250
1/1 [==============================] - 0s 4ms/step - loss: 3.9617 - accuracy: 0.6250
Epoch 23/25

1/1 [==============================] - ETA: 0s - loss: 3.9296 - accuracy: 0.6250
1/1 [==============================] - 0s 3ms/step - loss: 3.9296 - accuracy: 0.6250
Epoch 24/25

1/1 [==============================] - ETA: 0s - loss: 3.8975 - accuracy: 0.6250
1/1 [==============================] - 0s 3ms/step - loss: 3.8975 - accuracy: 0.6250
Epoch 25/25

1/1 [==============================] - ETA: 0s - loss: 3.8656 - accuracy: 0.6250
1/1 [==============================] - 0s 3ms/step - loss: 3.8656 - accuracy: 0.6250
# predict: steps=12
# predict: tnodeembed_metrics
# predict: node2vec_metrics
tnodeembed: {'auc': 0.7096616147378226, 'f1_micro': 0.0, 'f1_macro': 0.0} tNodeEmbed_final_loss=3.731015205383301 tNodeEmbed_final_accuracy=0.8125 
node2vec: {'auc': 0.6327009229524674, 'f1_micro': 0.0, 'f1_macro': 0.0} node2vec_final_loss=3.865602731704712 node2vec_final_accuracy=0.625 
