# load graph
Processing Static file: filename='CollegeMsg_20040729_nodes_37_edges_36_component_0.edges'
# initialize tNodeEmbed for dataset=COLLEGE_NC, test_size=0.2
# load dataset
# fit
# tNodeEmbed steps_per_epoch=1
Epoch 1/25

1/1 [==============================] - ETA: 0s - loss: 4.7514 - accuracy: 0.0000e+00
1/1 [==============================] - 1s 1s/step - loss: 4.7514 - accuracy: 0.0000e+00
Epoch 2/25

1/1 [==============================] - ETA: 0s - loss: 4.7157 - accuracy: 0.0000e+00
1/1 [==============================] - 0s 5ms/step - loss: 4.7157 - accuracy: 0.0000e+00
Epoch 3/25

1/1 [==============================] - ETA: 0s - loss: 4.6802 - accuracy: 0.1250
1/1 [==============================] - 0s 5ms/step - loss: 4.6802 - accuracy: 0.1250
Epoch 4/25

1/1 [==============================] - ETA: 0s - loss: 4.6446 - accuracy: 0.2500
1/1 [==============================] - 0s 5ms/step - loss: 4.6446 - accuracy: 0.2500
Epoch 5/25

1/1 [==============================] - ETA: 0s - loss: 4.6087 - accuracy: 0.6250
1/1 [==============================] - 0s 5ms/step - loss: 4.6087 - accuracy: 0.6250
Epoch 6/25

1/1 [==============================] - ETA: 0s - loss: 4.5725 - accuracy: 0.6875
1/1 [==============================] - 0s 6ms/step - loss: 4.5725 - accuracy: 0.6875
Epoch 7/25

1/1 [==============================] - ETA: 0s - loss: 4.5356 - accuracy: 0.7500
1/1 [==============================] - 0s 5ms/step - loss: 4.5356 - accuracy: 0.7500
Epoch 8/25

1/1 [==============================] - ETA: 0s - loss: 4.4980 - accuracy: 0.9375
1/1 [==============================] - 0s 5ms/step - loss: 4.4980 - accuracy: 0.9375
Epoch 9/25

1/1 [==============================] - ETA: 0s - loss: 4.4593 - accuracy: 0.9375
1/1 [==============================] - 0s 5ms/step - loss: 4.4593 - accuracy: 0.9375
Epoch 10/25

1/1 [==============================] - ETA: 0s - loss: 4.4194 - accuracy: 0.9375
1/1 [==============================] - 0s 4ms/step - loss: 4.4194 - accuracy: 0.9375
Epoch 11/25

1/1 [==============================] - ETA: 0s - loss: 4.3782 - accuracy: 0.9375
1/1 [==============================] - 0s 5ms/step - loss: 4.3782 - accuracy: 0.9375
Epoch 12/25

1/1 [==============================] - ETA: 0s - loss: 4.3355 - accuracy: 0.9375
1/1 [==============================] - 0s 4ms/step - loss: 4.3355 - accuracy: 0.9375
Epoch 13/25

1/1 [==============================] - ETA: 0s - loss: 4.2910 - accuracy: 0.9375
1/1 [==============================] - 0s 4ms/step - loss: 4.2910 - accuracy: 0.9375
Epoch 14/25

1/1 [==============================] - ETA: 0s - loss: 4.2447 - accuracy: 0.9375
1/1 [==============================] - 0s 4ms/step - loss: 4.2447 - accuracy: 0.9375
Epoch 15/25

1/1 [==============================] - ETA: 0s - loss: 4.1965 - accuracy: 0.9375
1/1 [==============================] - 0s 4ms/step - loss: 4.1965 - accuracy: 0.9375
Epoch 16/25

1/1 [==============================] - ETA: 0s - loss: 4.1461 - accuracy: 0.9375
1/1 [==============================] - 0s 4ms/step - loss: 4.1461 - accuracy: 0.9375
Epoch 17/25

1/1 [==============================] - ETA: 0s - loss: 4.0935 - accuracy: 0.9375
1/1 [==============================] - 0s 5ms/step - loss: 4.0935 - accuracy: 0.9375
Epoch 18/25

1/1 [==============================] - ETA: 0s - loss: 4.0385 - accuracy: 0.9375
1/1 [==============================] - 0s 4ms/step - loss: 4.0385 - accuracy: 0.9375
Epoch 19/25

1/1 [==============================] - ETA: 0s - loss: 3.9811 - accuracy: 0.9375
1/1 [==============================] - 0s 5ms/step - loss: 3.9811 - accuracy: 0.9375
Epoch 20/25

1/1 [==============================] - ETA: 0s - loss: 3.9211 - accuracy: 0.9375
1/1 [==============================] - 0s 5ms/step - loss: 3.9211 - accuracy: 0.9375
Epoch 21/25

1/1 [==============================] - ETA: 0s - loss: 3.8584 - accuracy: 0.9375
1/1 [==============================] - 0s 4ms/step - loss: 3.8584 - accuracy: 0.9375
Epoch 22/25

1/1 [==============================] - ETA: 0s - loss: 3.7931 - accuracy: 0.9375
1/1 [==============================] - 0s 5ms/step - loss: 3.7931 - accuracy: 0.9375
Epoch 23/25

1/1 [==============================] - ETA: 0s - loss: 3.7249 - accuracy: 0.9375
1/1 [==============================] - 0s 4ms/step - loss: 3.7249 - accuracy: 0.9375
Epoch 24/25

1/1 [==============================] - ETA: 0s - loss: 3.6538 - accuracy: 0.9375
1/1 [==============================] - 0s 4ms/step - loss: 3.6538 - accuracy: 0.9375
Epoch 25/25

1/1 [==============================] - ETA: 0s - loss: 3.5799 - accuracy: 0.9375
1/1 [==============================] - 0s 5ms/step - loss: 3.5799 - accuracy: 0.9375
# node2vec
Epoch 1/25

1/1 [==============================] - ETA: 0s - loss: 4.6615 - accuracy: 0.0000e+00
1/1 [==============================] - 0s 267ms/step - loss: 4.6615 - accuracy: 0.0000e+00
Epoch 2/25

1/1 [==============================] - ETA: 0s - loss: 4.6224 - accuracy: 0.0000e+00
1/1 [==============================] - 0s 2ms/step - loss: 4.6224 - accuracy: 0.0000e+00
Epoch 3/25

1/1 [==============================] - ETA: 0s - loss: 4.5832 - accuracy: 0.0000e+00
1/1 [==============================] - 0s 4ms/step - loss: 4.5832 - accuracy: 0.0000e+00
Epoch 4/25

1/1 [==============================] - ETA: 0s - loss: 4.5441 - accuracy: 0.0000e+00
1/1 [==============================] - 0s 3ms/step - loss: 4.5441 - accuracy: 0.0000e+00
Epoch 5/25

1/1 [==============================] - ETA: 0s - loss: 4.5051 - accuracy: 0.0000e+00
1/1 [==============================] - 0s 3ms/step - loss: 4.5051 - accuracy: 0.0000e+00
Epoch 6/25

1/1 [==============================] - ETA: 0s - loss: 4.4661 - accuracy: 0.0000e+00
1/1 [==============================] - 0s 2ms/step - loss: 4.4661 - accuracy: 0.0000e+00
Epoch 7/25

1/1 [==============================] - ETA: 0s - loss: 4.4272 - accuracy: 0.0000e+00
1/1 [==============================] - 0s 4ms/step - loss: 4.4272 - accuracy: 0.0000e+00
Epoch 8/25

1/1 [==============================] - ETA: 0s - loss: 4.3883 - accuracy: 0.0000e+00
1/1 [==============================] - 0s 3ms/step - loss: 4.3883 - accuracy: 0.0000e+00
Epoch 9/25

1/1 [==============================] - ETA: 0s - loss: 4.3495 - accuracy: 0.0000e+00
1/1 [==============================] - 0s 3ms/step - loss: 4.3495 - accuracy: 0.0000e+00
Epoch 10/25

1/1 [==============================] - ETA: 0s - loss: 4.3108 - accuracy: 0.1250
1/1 [==============================] - 0s 3ms/step - loss: 4.3108 - accuracy: 0.1250
Epoch 11/25

1/1 [==============================] - ETA: 0s - loss: 4.2722 - accuracy: 0.1250
1/1 [==============================] - 0s 2ms/step - loss: 4.2722 - accuracy: 0.1250
Epoch 12/25

1/1 [==============================] - ETA: 0s - loss: 4.2336 - accuracy: 0.1250
1/1 [==============================] - 0s 4ms/step - loss: 4.2336 - accuracy: 0.1250
Epoch 13/25

1/1 [==============================] - ETA: 0s - loss: 4.1951 - accuracy: 0.1875
1/1 [==============================] - 0s 4ms/step - loss: 4.1951 - accuracy: 0.1875
Epoch 14/25

1/1 [==============================] - ETA: 0s - loss: 4.1567 - accuracy: 0.3125
1/1 [==============================] - 0s 3ms/step - loss: 4.1567 - accuracy: 0.3125
Epoch 15/25

1/1 [==============================] - ETA: 0s - loss: 4.1183 - accuracy: 0.3750
1/1 [==============================] - 0s 3ms/step - loss: 4.1183 - accuracy: 0.3750
Epoch 16/25

1/1 [==============================] - ETA: 0s - loss: 4.0801 - accuracy: 0.4375
1/1 [==============================] - 0s 4ms/step - loss: 4.0801 - accuracy: 0.4375
Epoch 17/25

1/1 [==============================] - ETA: 0s - loss: 4.0419 - accuracy: 0.4375
1/1 [==============================] - 0s 4ms/step - loss: 4.0419 - accuracy: 0.4375
Epoch 18/25

1/1 [==============================] - ETA: 0s - loss: 4.0038 - accuracy: 0.4375
1/1 [==============================] - 0s 3ms/step - loss: 4.0038 - accuracy: 0.4375
Epoch 19/25

1/1 [==============================] - ETA: 0s - loss: 3.9658 - accuracy: 0.5000
1/1 [==============================] - 0s 4ms/step - loss: 3.9658 - accuracy: 0.5000
Epoch 20/25

1/1 [==============================] - ETA: 0s - loss: 3.9280 - accuracy: 0.5625
1/1 [==============================] - 0s 3ms/step - loss: 3.9280 - accuracy: 0.5625
Epoch 21/25

1/1 [==============================] - ETA: 0s - loss: 3.8902 - accuracy: 0.6250
1/1 [==============================] - 0s 3ms/step - loss: 3.8902 - accuracy: 0.6250
Epoch 22/25

1/1 [==============================] - ETA: 0s - loss: 3.8525 - accuracy: 0.6250
1/1 [==============================] - 0s 3ms/step - loss: 3.8525 - accuracy: 0.6250
Epoch 23/25

1/1 [==============================] - ETA: 0s - loss: 3.8149 - accuracy: 0.6250
1/1 [==============================] - 0s 4ms/step - loss: 3.8149 - accuracy: 0.6250
Epoch 24/25

1/1 [==============================] - ETA: 0s - loss: 3.7774 - accuracy: 0.6250
1/1 [==============================] - 0s 3ms/step - loss: 3.7774 - accuracy: 0.6250
Epoch 25/25

1/1 [==============================] - ETA: 0s - loss: 3.7401 - accuracy: 0.6250
1/1 [==============================] - 0s 5ms/step - loss: 3.7401 - accuracy: 0.6250
# predict: steps=12
# predict: tnodeembed_metrics
# predict: node2vec_metrics
tnodeembed: {'auc': 0.7424851996666094, 'f1_micro': 0.0, 'f1_macro': 0.0} tNodeEmbed_final_loss=3.5798888206481934 tNodeEmbed_final_accuracy=0.9375 
node2vec: {'auc': 0.6801727931262717, 'f1_micro': 0.0, 'f1_macro': 0.0} node2vec_final_loss=3.7400569915771484 node2vec_final_accuracy=0.625 
