# load graph
Processing Static file: filename='CollegeMsg_20041004_nodes_9_edges_8_component_0.edges'
# initialize tNodeEmbed for dataset=COLLEGE_NC, test_size=0.2
# load dataset
# fit
# tNodeEmbed steps_per_epoch=1
Epoch 1/25

1/1 [==============================] - ETA: 0s - loss: 4.7315 - accuracy: 0.0000e+00
1/1 [==============================] - 1s 1s/step - loss: 4.7315 - accuracy: 0.0000e+00
Epoch 2/25

1/1 [==============================] - ETA: 0s - loss: 4.6982 - accuracy: 0.0000e+00
1/1 [==============================] - 0s 6ms/step - loss: 4.6982 - accuracy: 0.0000e+00
Epoch 3/25

1/1 [==============================] - ETA: 0s - loss: 4.6648 - accuracy: 0.1250
1/1 [==============================] - 0s 4ms/step - loss: 4.6648 - accuracy: 0.1250
Epoch 4/25

1/1 [==============================] - ETA: 0s - loss: 4.6313 - accuracy: 0.3750
1/1 [==============================] - 0s 5ms/step - loss: 4.6313 - accuracy: 0.3750
Epoch 5/25

1/1 [==============================] - ETA: 0s - loss: 4.5974 - accuracy: 0.6250
1/1 [==============================] - 0s 5ms/step - loss: 4.5974 - accuracy: 0.6250
Epoch 6/25

1/1 [==============================] - ETA: 0s - loss: 4.5630 - accuracy: 0.7500
1/1 [==============================] - 0s 4ms/step - loss: 4.5630 - accuracy: 0.7500
Epoch 7/25

1/1 [==============================] - ETA: 0s - loss: 4.5280 - accuracy: 0.8125
1/1 [==============================] - 0s 5ms/step - loss: 4.5280 - accuracy: 0.8125
Epoch 8/25

1/1 [==============================] - ETA: 0s - loss: 4.4921 - accuracy: 0.8750
1/1 [==============================] - 0s 5ms/step - loss: 4.4921 - accuracy: 0.8750
Epoch 9/25

1/1 [==============================] - ETA: 0s - loss: 4.4554 - accuracy: 0.9375
1/1 [==============================] - 0s 5ms/step - loss: 4.4554 - accuracy: 0.9375
Epoch 10/25

1/1 [==============================] - ETA: 0s - loss: 4.4175 - accuracy: 0.9375
1/1 [==============================] - 0s 5ms/step - loss: 4.4175 - accuracy: 0.9375
Epoch 11/25

1/1 [==============================] - ETA: 0s - loss: 4.3785 - accuracy: 0.9375
1/1 [==============================] - 0s 6ms/step - loss: 4.3785 - accuracy: 0.9375
Epoch 12/25

1/1 [==============================] - ETA: 0s - loss: 4.3380 - accuracy: 0.9375
1/1 [==============================] - 0s 6ms/step - loss: 4.3380 - accuracy: 0.9375
Epoch 13/25

1/1 [==============================] - ETA: 0s - loss: 4.2961 - accuracy: 0.9375
1/1 [==============================] - 0s 5ms/step - loss: 4.2961 - accuracy: 0.9375
Epoch 14/25

1/1 [==============================] - ETA: 0s - loss: 4.2525 - accuracy: 0.9375
1/1 [==============================] - 0s 6ms/step - loss: 4.2525 - accuracy: 0.9375
Epoch 15/25

1/1 [==============================] - ETA: 0s - loss: 4.2072 - accuracy: 0.9375
1/1 [==============================] - 0s 6ms/step - loss: 4.2072 - accuracy: 0.9375
Epoch 16/25

1/1 [==============================] - ETA: 0s - loss: 4.1600 - accuracy: 0.9375
1/1 [==============================] - 0s 5ms/step - loss: 4.1600 - accuracy: 0.9375
Epoch 17/25

1/1 [==============================] - ETA: 0s - loss: 4.1107 - accuracy: 1.0000
1/1 [==============================] - 0s 5ms/step - loss: 4.1107 - accuracy: 1.0000
Epoch 18/25

1/1 [==============================] - ETA: 0s - loss: 4.0594 - accuracy: 1.0000
1/1 [==============================] - 0s 4ms/step - loss: 4.0594 - accuracy: 1.0000
Epoch 19/25

1/1 [==============================] - ETA: 0s - loss: 4.0059 - accuracy: 1.0000
1/1 [==============================] - 0s 5ms/step - loss: 4.0059 - accuracy: 1.0000
Epoch 20/25

1/1 [==============================] - ETA: 0s - loss: 3.9501 - accuracy: 1.0000
1/1 [==============================] - 0s 5ms/step - loss: 3.9501 - accuracy: 1.0000
Epoch 21/25

1/1 [==============================] - ETA: 0s - loss: 3.8919 - accuracy: 1.0000
1/1 [==============================] - 0s 5ms/step - loss: 3.8919 - accuracy: 1.0000
Epoch 22/25

1/1 [==============================] - ETA: 0s - loss: 3.8313 - accuracy: 1.0000
1/1 [==============================] - 0s 5ms/step - loss: 3.8313 - accuracy: 1.0000
Epoch 23/25

1/1 [==============================] - ETA: 0s - loss: 3.7683 - accuracy: 1.0000
1/1 [==============================] - 0s 6ms/step - loss: 3.7683 - accuracy: 1.0000
Epoch 24/25

1/1 [==============================] - ETA: 0s - loss: 3.7026 - accuracy: 1.0000
1/1 [==============================] - 0s 5ms/step - loss: 3.7026 - accuracy: 1.0000
Epoch 25/25

1/1 [==============================] - ETA: 0s - loss: 3.6344 - accuracy: 1.0000
1/1 [==============================] - 0s 6ms/step - loss: 3.6344 - accuracy: 1.0000
# node2vec
Epoch 1/25

1/1 [==============================] - ETA: 0s - loss: 4.7861 - accuracy: 0.0000e+00
1/1 [==============================] - 0s 193ms/step - loss: 4.7861 - accuracy: 0.0000e+00
Epoch 2/25

1/1 [==============================] - ETA: 0s - loss: 4.7488 - accuracy: 0.0000e+00
1/1 [==============================] - 0s 2ms/step - loss: 4.7488 - accuracy: 0.0000e+00
Epoch 3/25

1/1 [==============================] - ETA: 0s - loss: 4.7115 - accuracy: 0.0000e+00
1/1 [==============================] - 0s 3ms/step - loss: 4.7115 - accuracy: 0.0000e+00
Epoch 4/25

1/1 [==============================] - ETA: 0s - loss: 4.6743 - accuracy: 0.0000e+00
1/1 [==============================] - 0s 3ms/step - loss: 4.6743 - accuracy: 0.0000e+00
Epoch 5/25

1/1 [==============================] - ETA: 0s - loss: 4.6371 - accuracy: 0.0625
1/1 [==============================] - 0s 2ms/step - loss: 4.6371 - accuracy: 0.0625
Epoch 6/25

1/1 [==============================] - ETA: 0s - loss: 4.6000 - accuracy: 0.0625
1/1 [==============================] - 0s 2ms/step - loss: 4.6000 - accuracy: 0.0625
Epoch 7/25

1/1 [==============================] - ETA: 0s - loss: 4.5629 - accuracy: 0.0625
1/1 [==============================] - 0s 3ms/step - loss: 4.5629 - accuracy: 0.0625
Epoch 8/25

1/1 [==============================] - ETA: 0s - loss: 4.5259 - accuracy: 0.0625
1/1 [==============================] - 0s 3ms/step - loss: 4.5259 - accuracy: 0.0625
Epoch 9/25

1/1 [==============================] - ETA: 0s - loss: 4.4889 - accuracy: 0.0625
1/1 [==============================] - 0s 3ms/step - loss: 4.4889 - accuracy: 0.0625
Epoch 10/25

1/1 [==============================] - ETA: 0s - loss: 4.4520 - accuracy: 0.0625
1/1 [==============================] - 0s 2ms/step - loss: 4.4520 - accuracy: 0.0625
Epoch 11/25

1/1 [==============================] - ETA: 0s - loss: 4.4152 - accuracy: 0.0625
1/1 [==============================] - 0s 2ms/step - loss: 4.4152 - accuracy: 0.0625
Epoch 12/25

1/1 [==============================] - ETA: 0s - loss: 4.3785 - accuracy: 0.0625
1/1 [==============================] - 0s 3ms/step - loss: 4.3785 - accuracy: 0.0625
Epoch 13/25

1/1 [==============================] - ETA: 0s - loss: 4.3418 - accuracy: 0.0625
1/1 [==============================] - 0s 3ms/step - loss: 4.3418 - accuracy: 0.0625
Epoch 14/25

1/1 [==============================] - ETA: 0s - loss: 4.3052 - accuracy: 0.0625
1/1 [==============================] - 0s 2ms/step - loss: 4.3052 - accuracy: 0.0625
Epoch 15/25

1/1 [==============================] - ETA: 0s - loss: 4.2686 - accuracy: 0.0625
1/1 [==============================] - 0s 3ms/step - loss: 4.2686 - accuracy: 0.0625
Epoch 16/25

1/1 [==============================] - ETA: 0s - loss: 4.2322 - accuracy: 0.0625
1/1 [==============================] - 0s 3ms/step - loss: 4.2322 - accuracy: 0.0625
Epoch 17/25

1/1 [==============================] - ETA: 0s - loss: 4.1958 - accuracy: 0.0625
1/1 [==============================] - 0s 3ms/step - loss: 4.1958 - accuracy: 0.0625
Epoch 18/25

1/1 [==============================] - ETA: 0s - loss: 4.1595 - accuracy: 0.1250
1/1 [==============================] - 0s 3ms/step - loss: 4.1595 - accuracy: 0.1250
Epoch 19/25

1/1 [==============================] - ETA: 0s - loss: 4.1233 - accuracy: 0.1250
1/1 [==============================] - 0s 3ms/step - loss: 4.1233 - accuracy: 0.1250
Epoch 20/25

1/1 [==============================] - ETA: 0s - loss: 4.0871 - accuracy: 0.1250
1/1 [==============================] - 0s 3ms/step - loss: 4.0871 - accuracy: 0.1250
Epoch 21/25

1/1 [==============================] - ETA: 0s - loss: 4.0511 - accuracy: 0.1875
1/1 [==============================] - 0s 3ms/step - loss: 4.0511 - accuracy: 0.1875
Epoch 22/25

1/1 [==============================] - ETA: 0s - loss: 4.0152 - accuracy: 0.3125
1/1 [==============================] - 0s 2ms/step - loss: 4.0152 - accuracy: 0.3125
Epoch 23/25

1/1 [==============================] - ETA: 0s - loss: 3.9793 - accuracy: 0.3750
1/1 [==============================] - 0s 3ms/step - loss: 3.9793 - accuracy: 0.3750
Epoch 24/25

1/1 [==============================] - ETA: 0s - loss: 3.9435 - accuracy: 0.3750
1/1 [==============================] - 0s 3ms/step - loss: 3.9435 - accuracy: 0.3750
Epoch 25/25

1/1 [==============================] - ETA: 0s - loss: 3.9079 - accuracy: 0.3750
1/1 [==============================] - 0s 3ms/step - loss: 3.9079 - accuracy: 0.3750
# predict: steps=12
# predict: tnodeembed_metrics
# predict: node2vec_metrics
tnodeembed: {'auc': 0.7509318081533596, 'f1_micro': 0.0, 'f1_macro': 0.0} tNodeEmbed_final_loss=3.6343960762023926 tNodeEmbed_final_accuracy=1.0 
node2vec: {'auc': 0.687923356948496, 'f1_micro': 0.0, 'f1_macro': 0.0} node2vec_final_loss=3.9078867435455322 node2vec_final_accuracy=0.375 
