# load graph
Processing Static file: filename='CollegeMsg_20040510_nodes_286_edges_485_component_0.edges'
# initialize tNodeEmbed for dataset=COLLEGE_NC, test_size=0.2
# load dataset
# fit
# tNodeEmbed steps_per_epoch=1
Epoch 1/25

1/1 [==============================] - ETA: 0s - loss: 4.7424 - accuracy: 0.0625
1/1 [==============================] - 1s 1s/step - loss: 4.7424 - accuracy: 0.0625
Epoch 2/25

1/1 [==============================] - ETA: 0s - loss: 4.7189 - accuracy: 0.0000e+00
1/1 [==============================] - 0s 4ms/step - loss: 4.7189 - accuracy: 0.0000e+00
Epoch 3/25

1/1 [==============================] - ETA: 0s - loss: 4.6954 - accuracy: 0.1875
1/1 [==============================] - 0s 6ms/step - loss: 4.6954 - accuracy: 0.1875
Epoch 4/25

1/1 [==============================] - ETA: 0s - loss: 4.6719 - accuracy: 0.2500
1/1 [==============================] - 0s 5ms/step - loss: 4.6719 - accuracy: 0.2500
Epoch 5/25

1/1 [==============================] - ETA: 0s - loss: 4.6483 - accuracy: 0.4375
1/1 [==============================] - 0s 6ms/step - loss: 4.6483 - accuracy: 0.4375
Epoch 6/25

1/1 [==============================] - ETA: 0s - loss: 4.6244 - accuracy: 0.4375
1/1 [==============================] - 0s 5ms/step - loss: 4.6244 - accuracy: 0.4375
Epoch 7/25

1/1 [==============================] - ETA: 0s - loss: 4.6001 - accuracy: 0.5000
1/1 [==============================] - 0s 5ms/step - loss: 4.6001 - accuracy: 0.5000
Epoch 8/25

1/1 [==============================] - ETA: 0s - loss: 4.5753 - accuracy: 0.5000
1/1 [==============================] - 0s 4ms/step - loss: 4.5753 - accuracy: 0.5000
Epoch 9/25

1/1 [==============================] - ETA: 0s - loss: 4.5499 - accuracy: 0.5000
1/1 [==============================] - 0s 4ms/step - loss: 4.5499 - accuracy: 0.5000
Epoch 10/25

1/1 [==============================] - ETA: 0s - loss: 4.5237 - accuracy: 0.5000
1/1 [==============================] - 0s 4ms/step - loss: 4.5237 - accuracy: 0.5000
Epoch 11/25

1/1 [==============================] - ETA: 0s - loss: 4.4967 - accuracy: 0.5625
1/1 [==============================] - 0s 5ms/step - loss: 4.4967 - accuracy: 0.5625
Epoch 12/25

1/1 [==============================] - ETA: 0s - loss: 4.4689 - accuracy: 0.5625
1/1 [==============================] - 0s 5ms/step - loss: 4.4689 - accuracy: 0.5625
Epoch 13/25

1/1 [==============================] - ETA: 0s - loss: 4.4400 - accuracy: 0.5625
1/1 [==============================] - 0s 5ms/step - loss: 4.4400 - accuracy: 0.5625
Epoch 14/25

1/1 [==============================] - ETA: 0s - loss: 4.4099 - accuracy: 0.5625
1/1 [==============================] - 0s 4ms/step - loss: 4.4099 - accuracy: 0.5625
Epoch 15/25

1/1 [==============================] - ETA: 0s - loss: 4.3788 - accuracy: 0.5625
1/1 [==============================] - 0s 5ms/step - loss: 4.3788 - accuracy: 0.5625
Epoch 16/25

1/1 [==============================] - ETA: 0s - loss: 4.3463 - accuracy: 0.5625
1/1 [==============================] - 0s 4ms/step - loss: 4.3463 - accuracy: 0.5625
Epoch 17/25

1/1 [==============================] - ETA: 0s - loss: 4.3126 - accuracy: 0.5625
1/1 [==============================] - 0s 5ms/step - loss: 4.3126 - accuracy: 0.5625
Epoch 18/25

1/1 [==============================] - ETA: 0s - loss: 4.2774 - accuracy: 0.5625
1/1 [==============================] - 0s 4ms/step - loss: 4.2774 - accuracy: 0.5625
Epoch 19/25

1/1 [==============================] - ETA: 0s - loss: 4.2409 - accuracy: 0.5625
1/1 [==============================] - 0s 4ms/step - loss: 4.2409 - accuracy: 0.5625
Epoch 20/25

1/1 [==============================] - ETA: 0s - loss: 4.2028 - accuracy: 0.5625
1/1 [==============================] - 0s 4ms/step - loss: 4.2028 - accuracy: 0.5625
Epoch 21/25

1/1 [==============================] - ETA: 0s - loss: 4.1633 - accuracy: 0.5625
1/1 [==============================] - 0s 5ms/step - loss: 4.1633 - accuracy: 0.5625
Epoch 22/25

1/1 [==============================] - ETA: 0s - loss: 4.1222 - accuracy: 0.5625
1/1 [==============================] - 0s 4ms/step - loss: 4.1222 - accuracy: 0.5625
Epoch 23/25

1/1 [==============================] - ETA: 0s - loss: 4.0796 - accuracy: 0.5625
1/1 [==============================] - 0s 4ms/step - loss: 4.0796 - accuracy: 0.5625
Epoch 24/25

1/1 [==============================] - ETA: 0s - loss: 4.0355 - accuracy: 0.5625
1/1 [==============================] - 0s 4ms/step - loss: 4.0355 - accuracy: 0.5625
Epoch 25/25

1/1 [==============================] - ETA: 0s - loss: 3.9898 - accuracy: 0.5625
1/1 [==============================] - 0s 4ms/step - loss: 3.9898 - accuracy: 0.5625
# node2vec
Epoch 1/25

1/1 [==============================] - ETA: 0s - loss: 4.6837 - accuracy: 0.0625
1/1 [==============================] - 0s 189ms/step - loss: 4.6837 - accuracy: 0.0625
Epoch 2/25

1/1 [==============================] - ETA: 0s - loss: 4.6584 - accuracy: 0.0625
1/1 [==============================] - 0s 3ms/step - loss: 4.6584 - accuracy: 0.0625
Epoch 3/25

1/1 [==============================] - ETA: 0s - loss: 4.6332 - accuracy: 0.0625
1/1 [==============================] - 0s 3ms/step - loss: 4.6332 - accuracy: 0.0625
Epoch 4/25

1/1 [==============================] - ETA: 0s - loss: 4.6080 - accuracy: 0.0625
1/1 [==============================] - 0s 3ms/step - loss: 4.6080 - accuracy: 0.0625
Epoch 5/25

1/1 [==============================] - ETA: 0s - loss: 4.5828 - accuracy: 0.0625
1/1 [==============================] - 0s 3ms/step - loss: 4.5828 - accuracy: 0.0625
Epoch 6/25

1/1 [==============================] - ETA: 0s - loss: 4.5576 - accuracy: 0.0625
1/1 [==============================] - 0s 4ms/step - loss: 4.5576 - accuracy: 0.0625
Epoch 7/25

1/1 [==============================] - ETA: 0s - loss: 4.5325 - accuracy: 0.1250
1/1 [==============================] - 0s 3ms/step - loss: 4.5325 - accuracy: 0.1250
Epoch 8/25

1/1 [==============================] - ETA: 0s - loss: 4.5074 - accuracy: 0.1250
1/1 [==============================] - 0s 3ms/step - loss: 4.5074 - accuracy: 0.1250
Epoch 9/25

1/1 [==============================] - ETA: 0s - loss: 4.4824 - accuracy: 0.1875
1/1 [==============================] - 0s 3ms/step - loss: 4.4824 - accuracy: 0.1875
Epoch 10/25

1/1 [==============================] - ETA: 0s - loss: 4.4574 - accuracy: 0.2500
1/1 [==============================] - 0s 3ms/step - loss: 4.4574 - accuracy: 0.2500
Epoch 11/25

1/1 [==============================] - ETA: 0s - loss: 4.4325 - accuracy: 0.3125
1/1 [==============================] - 0s 3ms/step - loss: 4.4325 - accuracy: 0.3125
Epoch 12/25

1/1 [==============================] - ETA: 0s - loss: 4.4076 - accuracy: 0.3125
1/1 [==============================] - 0s 3ms/step - loss: 4.4076 - accuracy: 0.3125
Epoch 13/25

1/1 [==============================] - ETA: 0s - loss: 4.3827 - accuracy: 0.3125
1/1 [==============================] - 0s 3ms/step - loss: 4.3827 - accuracy: 0.3125
Epoch 14/25

1/1 [==============================] - ETA: 0s - loss: 4.3580 - accuracy: 0.3750
1/1 [==============================] - 0s 3ms/step - loss: 4.3580 - accuracy: 0.3750
Epoch 15/25

1/1 [==============================] - ETA: 0s - loss: 4.3332 - accuracy: 0.3750
1/1 [==============================] - 0s 3ms/step - loss: 4.3332 - accuracy: 0.3750
Epoch 16/25

1/1 [==============================] - ETA: 0s - loss: 4.3085 - accuracy: 0.3750
1/1 [==============================] - 0s 4ms/step - loss: 4.3085 - accuracy: 0.3750
Epoch 17/25

1/1 [==============================] - ETA: 0s - loss: 4.2839 - accuracy: 0.3750
1/1 [==============================] - 0s 3ms/step - loss: 4.2839 - accuracy: 0.3750
Epoch 18/25

1/1 [==============================] - ETA: 0s - loss: 4.2594 - accuracy: 0.4375
1/1 [==============================] - 0s 3ms/step - loss: 4.2594 - accuracy: 0.4375
Epoch 19/25

1/1 [==============================] - ETA: 0s - loss: 4.2349 - accuracy: 0.4375
1/1 [==============================] - 0s 3ms/step - loss: 4.2349 - accuracy: 0.4375
Epoch 20/25

1/1 [==============================] - ETA: 0s - loss: 4.2105 - accuracy: 0.5000
1/1 [==============================] - 0s 3ms/step - loss: 4.2105 - accuracy: 0.5000
Epoch 21/25

1/1 [==============================] - ETA: 0s - loss: 4.1861 - accuracy: 0.5000
1/1 [==============================] - 0s 3ms/step - loss: 4.1861 - accuracy: 0.5000
Epoch 22/25

1/1 [==============================] - ETA: 0s - loss: 4.1618 - accuracy: 0.5625
1/1 [==============================] - 0s 3ms/step - loss: 4.1618 - accuracy: 0.5625
Epoch 23/25

1/1 [==============================] - ETA: 0s - loss: 4.1376 - accuracy: 0.5625
1/1 [==============================] - 0s 4ms/step - loss: 4.1376 - accuracy: 0.5625
Epoch 24/25

1/1 [==============================] - ETA: 0s - loss: 4.1135 - accuracy: 0.5625
1/1 [==============================] - 0s 3ms/step - loss: 4.1135 - accuracy: 0.5625
Epoch 25/25

1/1 [==============================] - ETA: 0s - loss: 4.0894 - accuracy: 0.5625
1/1 [==============================] - 0s 4ms/step - loss: 4.0894 - accuracy: 0.5625
# predict: steps=12
# predict: tnodeembed_metrics
# predict: node2vec_metrics
tnodeembed: {'auc': 0.7046767214963352, 'f1_micro': 0.0, 'f1_macro': 0.0} tNodeEmbed_final_loss=3.9897561073303223 tNodeEmbed_final_accuracy=0.5625 
node2vec: {'auc': 0.651800308876523, 'f1_micro': 0.0, 'f1_macro': 0.0} node2vec_final_loss=4.089415073394775 node2vec_final_accuracy=0.5625 
