# load graph
Processing Static file: filename='CollegeMsg_20040814_nodes_14_edges_13_component_0.edges'
# initialize tNodeEmbed for dataset=COLLEGE_NC, test_size=0.2
# load dataset
# fit
# tNodeEmbed steps_per_epoch=1
Epoch 1/25

1/1 [==============================] - ETA: 0s - loss: 4.7544 - accuracy: 0.0625
1/1 [==============================] - 1s 1s/step - loss: 4.7544 - accuracy: 0.0625
Epoch 2/25

1/1 [==============================] - ETA: 0s - loss: 4.7215 - accuracy: 0.1250
1/1 [==============================] - 0s 4ms/step - loss: 4.7215 - accuracy: 0.1250
Epoch 3/25

1/1 [==============================] - ETA: 0s - loss: 4.6888 - accuracy: 0.1250
1/1 [==============================] - 0s 4ms/step - loss: 4.6888 - accuracy: 0.1250
Epoch 4/25

1/1 [==============================] - ETA: 0s - loss: 4.6559 - accuracy: 0.2500
1/1 [==============================] - 0s 5ms/step - loss: 4.6559 - accuracy: 0.2500
Epoch 5/25

1/1 [==============================] - ETA: 0s - loss: 4.6228 - accuracy: 0.4375
1/1 [==============================] - 0s 5ms/step - loss: 4.6228 - accuracy: 0.4375
Epoch 6/25

1/1 [==============================] - ETA: 0s - loss: 4.5894 - accuracy: 0.5625
1/1 [==============================] - 0s 6ms/step - loss: 4.5894 - accuracy: 0.5625
Epoch 7/25

1/1 [==============================] - ETA: 0s - loss: 4.5555 - accuracy: 0.8750
1/1 [==============================] - 0s 6ms/step - loss: 4.5555 - accuracy: 0.8750
Epoch 8/25

1/1 [==============================] - ETA: 0s - loss: 4.5208 - accuracy: 0.9375
1/1 [==============================] - 0s 5ms/step - loss: 4.5208 - accuracy: 0.9375
Epoch 9/25

1/1 [==============================] - ETA: 0s - loss: 4.4853 - accuracy: 1.0000
1/1 [==============================] - 0s 5ms/step - loss: 4.4853 - accuracy: 1.0000
Epoch 10/25

1/1 [==============================] - ETA: 0s - loss: 4.4488 - accuracy: 1.0000
1/1 [==============================] - 0s 5ms/step - loss: 4.4488 - accuracy: 1.0000
Epoch 11/25

1/1 [==============================] - ETA: 0s - loss: 4.4112 - accuracy: 1.0000
1/1 [==============================] - 0s 5ms/step - loss: 4.4112 - accuracy: 1.0000
Epoch 12/25

1/1 [==============================] - ETA: 0s - loss: 4.3723 - accuracy: 1.0000
1/1 [==============================] - 0s 5ms/step - loss: 4.3723 - accuracy: 1.0000
Epoch 13/25

1/1 [==============================] - ETA: 0s - loss: 4.3319 - accuracy: 1.0000
1/1 [==============================] - 0s 5ms/step - loss: 4.3319 - accuracy: 1.0000
Epoch 14/25

1/1 [==============================] - ETA: 0s - loss: 4.2901 - accuracy: 1.0000
1/1 [==============================] - 0s 5ms/step - loss: 4.2901 - accuracy: 1.0000
Epoch 15/25

1/1 [==============================] - ETA: 0s - loss: 4.2465 - accuracy: 1.0000
1/1 [==============================] - 0s 7ms/step - loss: 4.2465 - accuracy: 1.0000
Epoch 16/25

1/1 [==============================] - ETA: 0s - loss: 4.2013 - accuracy: 1.0000
1/1 [==============================] - 0s 6ms/step - loss: 4.2013 - accuracy: 1.0000
Epoch 17/25

1/1 [==============================] - ETA: 0s - loss: 4.1541 - accuracy: 1.0000
1/1 [==============================] - 0s 5ms/step - loss: 4.1541 - accuracy: 1.0000
Epoch 18/25

1/1 [==============================] - ETA: 0s - loss: 4.1051 - accuracy: 1.0000
1/1 [==============================] - 0s 6ms/step - loss: 4.1051 - accuracy: 1.0000
Epoch 19/25

1/1 [==============================] - ETA: 0s - loss: 4.0540 - accuracy: 1.0000
1/1 [==============================] - 0s 6ms/step - loss: 4.0540 - accuracy: 1.0000
Epoch 20/25

1/1 [==============================] - ETA: 0s - loss: 4.0008 - accuracy: 1.0000
1/1 [==============================] - 0s 5ms/step - loss: 4.0008 - accuracy: 1.0000
Epoch 21/25

1/1 [==============================] - ETA: 0s - loss: 3.9454 - accuracy: 1.0000
1/1 [==============================] - 0s 5ms/step - loss: 3.9454 - accuracy: 1.0000
Epoch 22/25

1/1 [==============================] - ETA: 0s - loss: 3.8878 - accuracy: 1.0000
1/1 [==============================] - 0s 6ms/step - loss: 3.8878 - accuracy: 1.0000
Epoch 23/25

1/1 [==============================] - ETA: 0s - loss: 3.8279 - accuracy: 1.0000
1/1 [==============================] - 0s 6ms/step - loss: 3.8279 - accuracy: 1.0000
Epoch 24/25

1/1 [==============================] - ETA: 0s - loss: 3.7657 - accuracy: 1.0000
1/1 [==============================] - 0s 6ms/step - loss: 3.7657 - accuracy: 1.0000
Epoch 25/25

1/1 [==============================] - ETA: 0s - loss: 3.7012 - accuracy: 1.0000
1/1 [==============================] - 0s 5ms/step - loss: 3.7012 - accuracy: 1.0000
# node2vec
Epoch 1/25

1/1 [==============================] - ETA: 0s - loss: 4.7920 - accuracy: 0.0625
1/1 [==============================] - 0s 197ms/step - loss: 4.7920 - accuracy: 0.0625
Epoch 2/25

1/1 [==============================] - ETA: 0s - loss: 4.7547 - accuracy: 0.0625
1/1 [==============================] - 0s 2ms/step - loss: 4.7547 - accuracy: 0.0625
Epoch 3/25

1/1 [==============================] - ETA: 0s - loss: 4.7175 - accuracy: 0.0625
1/1 [==============================] - 0s 3ms/step - loss: 4.7175 - accuracy: 0.0625
Epoch 4/25

1/1 [==============================] - ETA: 0s - loss: 4.6803 - accuracy: 0.0625
1/1 [==============================] - 0s 3ms/step - loss: 4.6803 - accuracy: 0.0625
Epoch 5/25

1/1 [==============================] - ETA: 0s - loss: 4.6432 - accuracy: 0.0625
1/1 [==============================] - 0s 3ms/step - loss: 4.6432 - accuracy: 0.0625
Epoch 6/25

1/1 [==============================] - ETA: 0s - loss: 4.6061 - accuracy: 0.0625
1/1 [==============================] - 0s 3ms/step - loss: 4.6061 - accuracy: 0.0625
Epoch 7/25

1/1 [==============================] - ETA: 0s - loss: 4.5691 - accuracy: 0.0625
1/1 [==============================] - 0s 4ms/step - loss: 4.5691 - accuracy: 0.0625
Epoch 8/25

1/1 [==============================] - ETA: 0s - loss: 4.5322 - accuracy: 0.1250
1/1 [==============================] - 0s 4ms/step - loss: 4.5322 - accuracy: 0.1250
Epoch 9/25

1/1 [==============================] - ETA: 0s - loss: 4.4953 - accuracy: 0.1250
1/1 [==============================] - 0s 4ms/step - loss: 4.4953 - accuracy: 0.1250
Epoch 10/25

1/1 [==============================] - ETA: 0s - loss: 4.4585 - accuracy: 0.1250
1/1 [==============================] - 0s 3ms/step - loss: 4.4585 - accuracy: 0.1250
Epoch 11/25

1/1 [==============================] - ETA: 0s - loss: 4.4218 - accuracy: 0.1875
1/1 [==============================] - 0s 3ms/step - loss: 4.4218 - accuracy: 0.1875
Epoch 12/25

1/1 [==============================] - ETA: 0s - loss: 4.3851 - accuracy: 0.2500
1/1 [==============================] - 0s 5ms/step - loss: 4.3851 - accuracy: 0.2500
Epoch 13/25

1/1 [==============================] - ETA: 0s - loss: 4.3486 - accuracy: 0.3125
1/1 [==============================] - 0s 7ms/step - loss: 4.3486 - accuracy: 0.3125
Epoch 14/25

1/1 [==============================] - ETA: 0s - loss: 4.3121 - accuracy: 0.3125
1/1 [==============================] - 0s 7ms/step - loss: 4.3121 - accuracy: 0.3125
Epoch 15/25

1/1 [==============================] - ETA: 0s - loss: 4.2756 - accuracy: 0.3125
1/1 [==============================] - 0s 6ms/step - loss: 4.2756 - accuracy: 0.3125
Epoch 16/25

1/1 [==============================] - ETA: 0s - loss: 4.2393 - accuracy: 0.3125
1/1 [==============================] - 0s 6ms/step - loss: 4.2393 - accuracy: 0.3125
Epoch 17/25

1/1 [==============================] - ETA: 0s - loss: 4.2030 - accuracy: 0.3125
1/1 [==============================] - 0s 4ms/step - loss: 4.2030 - accuracy: 0.3125
Epoch 18/25

1/1 [==============================] - ETA: 0s - loss: 4.1669 - accuracy: 0.3750
1/1 [==============================] - 0s 4ms/step - loss: 4.1669 - accuracy: 0.3750
Epoch 19/25

1/1 [==============================] - ETA: 0s - loss: 4.1308 - accuracy: 0.3750
1/1 [==============================] - 0s 4ms/step - loss: 4.1308 - accuracy: 0.3750
Epoch 20/25

1/1 [==============================] - ETA: 0s - loss: 4.0948 - accuracy: 0.5000
1/1 [==============================] - 0s 3ms/step - loss: 4.0948 - accuracy: 0.5000
Epoch 21/25

1/1 [==============================] - ETA: 0s - loss: 4.0590 - accuracy: 0.5000
1/1 [==============================] - 0s 3ms/step - loss: 4.0590 - accuracy: 0.5000
Epoch 22/25

1/1 [==============================] - ETA: 0s - loss: 4.0232 - accuracy: 0.5000
1/1 [==============================] - 0s 4ms/step - loss: 4.0232 - accuracy: 0.5000
Epoch 23/25

1/1 [==============================] - ETA: 0s - loss: 3.9875 - accuracy: 0.5000
1/1 [==============================] - 0s 4ms/step - loss: 3.9875 - accuracy: 0.5000
Epoch 24/25

1/1 [==============================] - ETA: 0s - loss: 3.9519 - accuracy: 0.5000
1/1 [==============================] - 0s 4ms/step - loss: 3.9519 - accuracy: 0.5000
Epoch 25/25

1/1 [==============================] - ETA: 0s - loss: 3.9164 - accuracy: 0.5000
1/1 [==============================] - 0s 3ms/step - loss: 3.9164 - accuracy: 0.5000
# predict: steps=12
# predict: tnodeembed_metrics
# predict: node2vec_metrics
tnodeembed: {'auc': 0.7472329505062143, 'f1_micro': 0.0, 'f1_macro': 0.0} tNodeEmbed_final_loss=3.7011775970458984 tNodeEmbed_final_accuracy=1.0 
node2vec: {'auc': 0.6203458926776653, 'f1_micro': 0.0, 'f1_macro': 0.0} node2vec_final_loss=3.916445255279541 node2vec_final_accuracy=0.5 
