# load graph
Processing Static file: filename='CollegeMsg_20040827_nodes_16_edges_16_component_0.edges'
# initialize tNodeEmbed for dataset=COLLEGE_NC, test_size=0.2
# load dataset
# fit
# tNodeEmbed steps_per_epoch=1
Epoch 1/25

1/1 [==============================] - ETA: 0s - loss: 4.7395 - accuracy: 0.0000e+00
1/1 [==============================] - 1s 1s/step - loss: 4.7395 - accuracy: 0.0000e+00
Epoch 2/25

1/1 [==============================] - ETA: 0s - loss: 4.7038 - accuracy: 0.0625
1/1 [==============================] - 0s 4ms/step - loss: 4.7038 - accuracy: 0.0625
Epoch 3/25

1/1 [==============================] - ETA: 0s - loss: 4.6681 - accuracy: 0.2500
1/1 [==============================] - 0s 6ms/step - loss: 4.6681 - accuracy: 0.2500
Epoch 4/25

1/1 [==============================] - ETA: 0s - loss: 4.6323 - accuracy: 0.5000
1/1 [==============================] - 0s 5ms/step - loss: 4.6323 - accuracy: 0.5000
Epoch 5/25

1/1 [==============================] - ETA: 0s - loss: 4.5963 - accuracy: 0.5000
1/1 [==============================] - 0s 5ms/step - loss: 4.5963 - accuracy: 0.5000
Epoch 6/25

1/1 [==============================] - ETA: 0s - loss: 4.5599 - accuracy: 0.7500
1/1 [==============================] - 0s 5ms/step - loss: 4.5599 - accuracy: 0.7500
Epoch 7/25

1/1 [==============================] - ETA: 0s - loss: 4.5228 - accuracy: 0.8125
1/1 [==============================] - 0s 5ms/step - loss: 4.5228 - accuracy: 0.8125
Epoch 8/25

1/1 [==============================] - ETA: 0s - loss: 4.4850 - accuracy: 0.9375
1/1 [==============================] - 0s 5ms/step - loss: 4.4850 - accuracy: 0.9375
Epoch 9/25

1/1 [==============================] - ETA: 0s - loss: 4.4462 - accuracy: 0.9375
1/1 [==============================] - 0s 5ms/step - loss: 4.4462 - accuracy: 0.9375
Epoch 10/25

1/1 [==============================] - ETA: 0s - loss: 4.4063 - accuracy: 0.9375
1/1 [==============================] - 0s 6ms/step - loss: 4.4063 - accuracy: 0.9375
Epoch 11/25

1/1 [==============================] - ETA: 0s - loss: 4.3651 - accuracy: 0.9375
1/1 [==============================] - 0s 5ms/step - loss: 4.3651 - accuracy: 0.9375
Epoch 12/25

1/1 [==============================] - ETA: 0s - loss: 4.3225 - accuracy: 0.9375
1/1 [==============================] - 0s 5ms/step - loss: 4.3225 - accuracy: 0.9375
Epoch 13/25

1/1 [==============================] - ETA: 0s - loss: 4.2784 - accuracy: 1.0000
1/1 [==============================] - 0s 5ms/step - loss: 4.2784 - accuracy: 1.0000
Epoch 14/25

1/1 [==============================] - ETA: 0s - loss: 4.2326 - accuracy: 1.0000
1/1 [==============================] - 0s 4ms/step - loss: 4.2326 - accuracy: 1.0000
Epoch 15/25

1/1 [==============================] - ETA: 0s - loss: 4.1851 - accuracy: 1.0000
1/1 [==============================] - 0s 5ms/step - loss: 4.1851 - accuracy: 1.0000
Epoch 16/25

1/1 [==============================] - ETA: 0s - loss: 4.1357 - accuracy: 1.0000
1/1 [==============================] - 0s 5ms/step - loss: 4.1357 - accuracy: 1.0000
Epoch 17/25

1/1 [==============================] - ETA: 0s - loss: 4.0843 - accuracy: 1.0000
1/1 [==============================] - 0s 4ms/step - loss: 4.0843 - accuracy: 1.0000
Epoch 18/25

1/1 [==============================] - ETA: 0s - loss: 4.0309 - accuracy: 1.0000
1/1 [==============================] - 0s 6ms/step - loss: 4.0309 - accuracy: 1.0000
Epoch 19/25

1/1 [==============================] - ETA: 0s - loss: 3.9755 - accuracy: 1.0000
1/1 [==============================] - 0s 5ms/step - loss: 3.9755 - accuracy: 1.0000
Epoch 20/25

1/1 [==============================] - ETA: 0s - loss: 3.9178 - accuracy: 1.0000
1/1 [==============================] - 0s 5ms/step - loss: 3.9178 - accuracy: 1.0000
Epoch 21/25

1/1 [==============================] - ETA: 0s - loss: 3.8581 - accuracy: 1.0000
1/1 [==============================] - 0s 4ms/step - loss: 3.8581 - accuracy: 1.0000
Epoch 22/25

1/1 [==============================] - ETA: 0s - loss: 3.7961 - accuracy: 1.0000
1/1 [==============================] - 0s 5ms/step - loss: 3.7961 - accuracy: 1.0000
Epoch 23/25

1/1 [==============================] - ETA: 0s - loss: 3.7319 - accuracy: 1.0000
1/1 [==============================] - 0s 4ms/step - loss: 3.7319 - accuracy: 1.0000
Epoch 24/25

1/1 [==============================] - ETA: 0s - loss: 3.6655 - accuracy: 1.0000
1/1 [==============================] - 0s 6ms/step - loss: 3.6655 - accuracy: 1.0000
Epoch 25/25

1/1 [==============================] - ETA: 0s - loss: 3.5969 - accuracy: 1.0000
1/1 [==============================] - 0s 5ms/step - loss: 3.5969 - accuracy: 1.0000
# node2vec
Epoch 1/25

1/1 [==============================] - ETA: 0s - loss: 4.8439 - accuracy: 0.0000e+00
1/1 [==============================] - 0s 275ms/step - loss: 4.8439 - accuracy: 0.0000e+00
Epoch 2/25

1/1 [==============================] - ETA: 0s - loss: 4.8041 - accuracy: 0.0000e+00
1/1 [==============================] - 0s 3ms/step - loss: 4.8041 - accuracy: 0.0000e+00
Epoch 3/25

1/1 [==============================] - ETA: 0s - loss: 4.7643 - accuracy: 0.0000e+00
1/1 [==============================] - 0s 3ms/step - loss: 4.7643 - accuracy: 0.0000e+00
Epoch 4/25

1/1 [==============================] - ETA: 0s - loss: 4.7246 - accuracy: 0.0625
1/1 [==============================] - 0s 3ms/step - loss: 4.7246 - accuracy: 0.0625
Epoch 5/25

1/1 [==============================] - ETA: 0s - loss: 4.6850 - accuracy: 0.0625
1/1 [==============================] - 0s 3ms/step - loss: 4.6850 - accuracy: 0.0625
Epoch 6/25

1/1 [==============================] - ETA: 0s - loss: 4.6454 - accuracy: 0.0625
1/1 [==============================] - 0s 4ms/step - loss: 4.6454 - accuracy: 0.0625
Epoch 7/25

1/1 [==============================] - ETA: 0s - loss: 4.6059 - accuracy: 0.0625
1/1 [==============================] - 0s 4ms/step - loss: 4.6059 - accuracy: 0.0625
Epoch 8/25

1/1 [==============================] - ETA: 0s - loss: 4.5665 - accuracy: 0.0625
1/1 [==============================] - 0s 3ms/step - loss: 4.5665 - accuracy: 0.0625
Epoch 9/25

1/1 [==============================] - ETA: 0s - loss: 4.5272 - accuracy: 0.0625
1/1 [==============================] - 0s 3ms/step - loss: 4.5272 - accuracy: 0.0625
Epoch 10/25

1/1 [==============================] - ETA: 0s - loss: 4.4879 - accuracy: 0.0625
1/1 [==============================] - 0s 4ms/step - loss: 4.4879 - accuracy: 0.0625
Epoch 11/25

1/1 [==============================] - ETA: 0s - loss: 4.4488 - accuracy: 0.1250
1/1 [==============================] - 0s 3ms/step - loss: 4.4488 - accuracy: 0.1250
Epoch 12/25

1/1 [==============================] - ETA: 0s - loss: 4.4097 - accuracy: 0.1250
1/1 [==============================] - 0s 3ms/step - loss: 4.4097 - accuracy: 0.1250
Epoch 13/25

1/1 [==============================] - ETA: 0s - loss: 4.3707 - accuracy: 0.2500
1/1 [==============================] - 0s 4ms/step - loss: 4.3707 - accuracy: 0.2500
Epoch 14/25

1/1 [==============================] - ETA: 0s - loss: 4.3319 - accuracy: 0.2500
1/1 [==============================] - 0s 4ms/step - loss: 4.3319 - accuracy: 0.2500
Epoch 15/25

1/1 [==============================] - ETA: 0s - loss: 4.2931 - accuracy: 0.3125
1/1 [==============================] - 0s 3ms/step - loss: 4.2931 - accuracy: 0.3125
Epoch 16/25

1/1 [==============================] - ETA: 0s - loss: 4.2545 - accuracy: 0.3125
1/1 [==============================] - 0s 4ms/step - loss: 4.2545 - accuracy: 0.3125
Epoch 17/25

1/1 [==============================] - ETA: 0s - loss: 4.2160 - accuracy: 0.4375
1/1 [==============================] - 0s 4ms/step - loss: 4.2160 - accuracy: 0.4375
Epoch 18/25

1/1 [==============================] - ETA: 0s - loss: 4.1776 - accuracy: 0.4375
1/1 [==============================] - 0s 4ms/step - loss: 4.1776 - accuracy: 0.4375
Epoch 19/25

1/1 [==============================] - ETA: 0s - loss: 4.1393 - accuracy: 0.4375
1/1 [==============================] - 0s 4ms/step - loss: 4.1393 - accuracy: 0.4375
Epoch 20/25

1/1 [==============================] - ETA: 0s - loss: 4.1012 - accuracy: 0.4375
1/1 [==============================] - 0s 4ms/step - loss: 4.1012 - accuracy: 0.4375
Epoch 21/25

1/1 [==============================] - ETA: 0s - loss: 4.0632 - accuracy: 0.4375
1/1 [==============================] - 0s 5ms/step - loss: 4.0632 - accuracy: 0.4375
Epoch 22/25

1/1 [==============================] - ETA: 0s - loss: 4.0253 - accuracy: 0.4375
1/1 [==============================] - 0s 4ms/step - loss: 4.0253 - accuracy: 0.4375
Epoch 23/25

1/1 [==============================] - ETA: 0s - loss: 3.9876 - accuracy: 0.4375
1/1 [==============================] - 0s 3ms/step - loss: 3.9876 - accuracy: 0.4375
Epoch 24/25

1/1 [==============================] - ETA: 0s - loss: 3.9500 - accuracy: 0.5000
1/1 [==============================] - 0s 4ms/step - loss: 3.9500 - accuracy: 0.5000
Epoch 25/25

1/1 [==============================] - ETA: 0s - loss: 3.9126 - accuracy: 0.5000
1/1 [==============================] - 0s 4ms/step - loss: 3.9126 - accuracy: 0.5000
# predict: steps=12
# predict: tnodeembed_metrics
# predict: node2vec_metrics
tnodeembed: {'auc': 0.7335989630573873, 'f1_micro': 0.0, 'f1_macro': 0.0} tNodeEmbed_final_loss=3.596933126449585 tNodeEmbed_final_accuracy=1.0 
node2vec: {'auc': 0.6467432218763024, 'f1_micro': 0.0, 'f1_macro': 0.0} node2vec_final_loss=3.9126052856445312 node2vec_final_accuracy=0.5 
