# load graph
Processing Static file: filename='CollegeMsg_20040804_nodes_11_edges_10_component_0.edges'
# initialize tNodeEmbed for dataset=COLLEGE_NC, test_size=0.2
# load dataset
# fit
# tNodeEmbed steps_per_epoch=1
Epoch 1/25

1/1 [==============================] - ETA: 0s - loss: 4.7418 - accuracy: 0.0000e+00
1/1 [==============================] - 1s 1s/step - loss: 4.7418 - accuracy: 0.0000e+00
Epoch 2/25

1/1 [==============================] - ETA: 0s - loss: 4.7061 - accuracy: 0.0625
1/1 [==============================] - 0s 3ms/step - loss: 4.7061 - accuracy: 0.0625
Epoch 3/25

1/1 [==============================] - ETA: 0s - loss: 4.6702 - accuracy: 0.0625
1/1 [==============================] - 0s 4ms/step - loss: 4.6702 - accuracy: 0.0625
Epoch 4/25

1/1 [==============================] - ETA: 0s - loss: 4.6340 - accuracy: 0.3750
1/1 [==============================] - 0s 5ms/step - loss: 4.6340 - accuracy: 0.3750
Epoch 5/25

1/1 [==============================] - ETA: 0s - loss: 4.5973 - accuracy: 0.6250
1/1 [==============================] - 0s 5ms/step - loss: 4.5973 - accuracy: 0.6250
Epoch 6/25

1/1 [==============================] - ETA: 0s - loss: 4.5600 - accuracy: 0.7500
1/1 [==============================] - 0s 6ms/step - loss: 4.5600 - accuracy: 0.7500
Epoch 7/25

1/1 [==============================] - ETA: 0s - loss: 4.5219 - accuracy: 0.8125
1/1 [==============================] - 0s 6ms/step - loss: 4.5219 - accuracy: 0.8125
Epoch 8/25

1/1 [==============================] - ETA: 0s - loss: 4.4829 - accuracy: 0.9375
1/1 [==============================] - 0s 5ms/step - loss: 4.4829 - accuracy: 0.9375
Epoch 9/25

1/1 [==============================] - ETA: 0s - loss: 4.4428 - accuracy: 0.9375
1/1 [==============================] - 0s 5ms/step - loss: 4.4428 - accuracy: 0.9375
Epoch 10/25

1/1 [==============================] - ETA: 0s - loss: 4.4014 - accuracy: 1.0000
1/1 [==============================] - 0s 4ms/step - loss: 4.4014 - accuracy: 1.0000
Epoch 11/25

1/1 [==============================] - ETA: 0s - loss: 4.3587 - accuracy: 1.0000
1/1 [==============================] - 0s 5ms/step - loss: 4.3587 - accuracy: 1.0000
Epoch 12/25

1/1 [==============================] - ETA: 0s - loss: 4.3146 - accuracy: 1.0000
1/1 [==============================] - 0s 5ms/step - loss: 4.3146 - accuracy: 1.0000
Epoch 13/25

1/1 [==============================] - ETA: 0s - loss: 4.2688 - accuracy: 1.0000
1/1 [==============================] - 0s 5ms/step - loss: 4.2688 - accuracy: 1.0000
Epoch 14/25

1/1 [==============================] - ETA: 0s - loss: 4.2212 - accuracy: 1.0000
1/1 [==============================] - 0s 4ms/step - loss: 4.2212 - accuracy: 1.0000
Epoch 15/25

1/1 [==============================] - ETA: 0s - loss: 4.1718 - accuracy: 1.0000
1/1 [==============================] - 0s 5ms/step - loss: 4.1718 - accuracy: 1.0000
Epoch 16/25

1/1 [==============================] - ETA: 0s - loss: 4.1205 - accuracy: 1.0000
1/1 [==============================] - 0s 5ms/step - loss: 4.1205 - accuracy: 1.0000
Epoch 17/25

1/1 [==============================] - ETA: 0s - loss: 4.0671 - accuracy: 1.0000
1/1 [==============================] - 0s 4ms/step - loss: 4.0671 - accuracy: 1.0000
Epoch 18/25

1/1 [==============================] - ETA: 0s - loss: 4.0116 - accuracy: 1.0000
1/1 [==============================] - 0s 4ms/step - loss: 4.0116 - accuracy: 1.0000
Epoch 19/25

1/1 [==============================] - ETA: 0s - loss: 3.9538 - accuracy: 1.0000
1/1 [==============================] - 0s 4ms/step - loss: 3.9538 - accuracy: 1.0000
Epoch 20/25

1/1 [==============================] - ETA: 0s - loss: 3.8938 - accuracy: 1.0000
1/1 [==============================] - 0s 5ms/step - loss: 3.8938 - accuracy: 1.0000
Epoch 21/25

1/1 [==============================] - ETA: 0s - loss: 3.8314 - accuracy: 1.0000
1/1 [==============================] - 0s 4ms/step - loss: 3.8314 - accuracy: 1.0000
Epoch 22/25

1/1 [==============================] - ETA: 0s - loss: 3.7666 - accuracy: 1.0000
1/1 [==============================] - 0s 4ms/step - loss: 3.7666 - accuracy: 1.0000
Epoch 23/25

1/1 [==============================] - ETA: 0s - loss: 3.6993 - accuracy: 0.9375
1/1 [==============================] - 0s 5ms/step - loss: 3.6993 - accuracy: 0.9375
Epoch 24/25

1/1 [==============================] - ETA: 0s - loss: 3.6297 - accuracy: 0.9375
1/1 [==============================] - 0s 4ms/step - loss: 3.6297 - accuracy: 0.9375
Epoch 25/25

1/1 [==============================] - ETA: 0s - loss: 3.5575 - accuracy: 0.9375
1/1 [==============================] - 0s 5ms/step - loss: 3.5575 - accuracy: 0.9375
# node2vec
Epoch 1/25

1/1 [==============================] - ETA: 0s - loss: 4.7263 - accuracy: 0.0625
1/1 [==============================] - 0s 206ms/step - loss: 4.7263 - accuracy: 0.0625
Epoch 2/25

1/1 [==============================] - ETA: 0s - loss: 4.6871 - accuracy: 0.0625
1/1 [==============================] - 0s 3ms/step - loss: 4.6871 - accuracy: 0.0625
Epoch 3/25

1/1 [==============================] - ETA: 0s - loss: 4.6480 - accuracy: 0.0625
1/1 [==============================] - 0s 5ms/step - loss: 4.6480 - accuracy: 0.0625
Epoch 4/25

1/1 [==============================] - ETA: 0s - loss: 4.6088 - accuracy: 0.1250
1/1 [==============================] - 0s 5ms/step - loss: 4.6088 - accuracy: 0.1250
Epoch 5/25

1/1 [==============================] - ETA: 0s - loss: 4.5698 - accuracy: 0.1250
1/1 [==============================] - 0s 4ms/step - loss: 4.5698 - accuracy: 0.1250
Epoch 6/25

1/1 [==============================] - ETA: 0s - loss: 4.5308 - accuracy: 0.1875
1/1 [==============================] - 0s 5ms/step - loss: 4.5308 - accuracy: 0.1875
Epoch 7/25

1/1 [==============================] - ETA: 0s - loss: 4.4919 - accuracy: 0.1875
1/1 [==============================] - 0s 4ms/step - loss: 4.4919 - accuracy: 0.1875
Epoch 8/25

1/1 [==============================] - ETA: 0s - loss: 4.4530 - accuracy: 0.1875
1/1 [==============================] - 0s 3ms/step - loss: 4.4530 - accuracy: 0.1875
Epoch 9/25

1/1 [==============================] - ETA: 0s - loss: 4.4142 - accuracy: 0.1875
1/1 [==============================] - 0s 3ms/step - loss: 4.4142 - accuracy: 0.1875
Epoch 10/25

1/1 [==============================] - ETA: 0s - loss: 4.3755 - accuracy: 0.1875
1/1 [==============================] - 0s 4ms/step - loss: 4.3755 - accuracy: 0.1875
Epoch 11/25

1/1 [==============================] - ETA: 0s - loss: 4.3368 - accuracy: 0.1875
1/1 [==============================] - 0s 3ms/step - loss: 4.3368 - accuracy: 0.1875
Epoch 12/25

1/1 [==============================] - ETA: 0s - loss: 4.2982 - accuracy: 0.1875
1/1 [==============================] - 0s 4ms/step - loss: 4.2982 - accuracy: 0.1875
Epoch 13/25

1/1 [==============================] - ETA: 0s - loss: 4.2597 - accuracy: 0.1875
1/1 [==============================] - 0s 4ms/step - loss: 4.2597 - accuracy: 0.1875
Epoch 14/25

1/1 [==============================] - ETA: 0s - loss: 4.2213 - accuracy: 0.1875
1/1 [==============================] - 0s 3ms/step - loss: 4.2213 - accuracy: 0.1875
Epoch 15/25

1/1 [==============================] - ETA: 0s - loss: 4.1830 - accuracy: 0.1875
1/1 [==============================] - 0s 3ms/step - loss: 4.1830 - accuracy: 0.1875
Epoch 16/25

1/1 [==============================] - ETA: 0s - loss: 4.1447 - accuracy: 0.1875
1/1 [==============================] - 0s 3ms/step - loss: 4.1447 - accuracy: 0.1875
Epoch 17/25

1/1 [==============================] - ETA: 0s - loss: 4.1066 - accuracy: 0.3125
1/1 [==============================] - 0s 4ms/step - loss: 4.1066 - accuracy: 0.3125
Epoch 18/25

1/1 [==============================] - ETA: 0s - loss: 4.0685 - accuracy: 0.3125
1/1 [==============================] - 0s 4ms/step - loss: 4.0685 - accuracy: 0.3125
Epoch 19/25

1/1 [==============================] - ETA: 0s - loss: 4.0306 - accuracy: 0.3750
1/1 [==============================] - 0s 3ms/step - loss: 4.0306 - accuracy: 0.3750
Epoch 20/25

1/1 [==============================] - ETA: 0s - loss: 3.9927 - accuracy: 0.3750
1/1 [==============================] - 0s 3ms/step - loss: 3.9927 - accuracy: 0.3750
Epoch 21/25

1/1 [==============================] - ETA: 0s - loss: 3.9549 - accuracy: 0.5625
1/1 [==============================] - 0s 4ms/step - loss: 3.9549 - accuracy: 0.5625
Epoch 22/25

1/1 [==============================] - ETA: 0s - loss: 3.9173 - accuracy: 0.5625
1/1 [==============================] - 0s 3ms/step - loss: 3.9173 - accuracy: 0.5625
Epoch 23/25

1/1 [==============================] - ETA: 0s - loss: 3.8797 - accuracy: 0.5625
1/1 [==============================] - 0s 3ms/step - loss: 3.8797 - accuracy: 0.5625
Epoch 24/25

1/1 [==============================] - ETA: 0s - loss: 3.8423 - accuracy: 0.6250
1/1 [==============================] - 0s 3ms/step - loss: 3.8423 - accuracy: 0.6250
Epoch 25/25

1/1 [==============================] - ETA: 0s - loss: 3.8050 - accuracy: 0.6250
1/1 [==============================] - 0s 3ms/step - loss: 3.8050 - accuracy: 0.6250
# predict: steps=12
# predict: tnodeembed_metrics
# predict: node2vec_metrics
tnodeembed: {'auc': 0.749566622950016, 'f1_micro': 0.0, 'f1_macro': 0.0} tNodeEmbed_final_loss=3.5575199127197266 tNodeEmbed_final_accuracy=0.9375 
node2vec: {'auc': 0.7410765020959478, 'f1_micro': 0.0, 'f1_macro': 0.0} node2vec_final_loss=3.8049871921539307 node2vec_final_accuracy=0.625 
