# load graph
Processing Static file: filename='CollegeMsg_20040612_nodes_56_edges_55_component_0.edges'
# initialize tNodeEmbed for dataset=COLLEGE_NC, test_size=0.2
# load dataset
# fit
# tNodeEmbed steps_per_epoch=1
Epoch 1/25

1/1 [==============================] - ETA: 0s - loss: 4.7373 - accuracy: 0.0000e+00
1/1 [==============================] - 1s 1s/step - loss: 4.7373 - accuracy: 0.0000e+00
Epoch 2/25

1/1 [==============================] - ETA: 0s - loss: 4.7050 - accuracy: 0.0000e+00
1/1 [==============================] - 0s 4ms/step - loss: 4.7050 - accuracy: 0.0000e+00
Epoch 3/25

1/1 [==============================] - ETA: 0s - loss: 4.6726 - accuracy: 0.1875
1/1 [==============================] - 0s 5ms/step - loss: 4.6726 - accuracy: 0.1875
Epoch 4/25

1/1 [==============================] - ETA: 0s - loss: 4.6400 - accuracy: 0.5000
1/1 [==============================] - 0s 4ms/step - loss: 4.6400 - accuracy: 0.5000
Epoch 5/25

1/1 [==============================] - ETA: 0s - loss: 4.6071 - accuracy: 0.5000
1/1 [==============================] - 0s 5ms/step - loss: 4.6071 - accuracy: 0.5000
Epoch 6/25

1/1 [==============================] - ETA: 0s - loss: 4.5738 - accuracy: 0.6875
1/1 [==============================] - 0s 4ms/step - loss: 4.5738 - accuracy: 0.6875
Epoch 7/25

1/1 [==============================] - ETA: 0s - loss: 4.5398 - accuracy: 0.8750
1/1 [==============================] - 0s 4ms/step - loss: 4.5398 - accuracy: 0.8750
Epoch 8/25

1/1 [==============================] - ETA: 0s - loss: 4.5052 - accuracy: 0.8750
1/1 [==============================] - 0s 4ms/step - loss: 4.5052 - accuracy: 0.8750
Epoch 9/25

1/1 [==============================] - ETA: 0s - loss: 4.4697 - accuracy: 0.9375
1/1 [==============================] - 0s 4ms/step - loss: 4.4697 - accuracy: 0.9375
Epoch 10/25

1/1 [==============================] - ETA: 0s - loss: 4.4331 - accuracy: 0.9375
1/1 [==============================] - 0s 5ms/step - loss: 4.4331 - accuracy: 0.9375
Epoch 11/25

1/1 [==============================] - ETA: 0s - loss: 4.3955 - accuracy: 0.9375
1/1 [==============================] - 0s 4ms/step - loss: 4.3955 - accuracy: 0.9375
Epoch 12/25

1/1 [==============================] - ETA: 0s - loss: 4.3565 - accuracy: 0.9375
1/1 [==============================] - 0s 4ms/step - loss: 4.3565 - accuracy: 0.9375
Epoch 13/25

1/1 [==============================] - ETA: 0s - loss: 4.3162 - accuracy: 0.9375
1/1 [==============================] - 0s 5ms/step - loss: 4.3162 - accuracy: 0.9375
Epoch 14/25

1/1 [==============================] - ETA: 0s - loss: 4.2744 - accuracy: 0.9375
1/1 [==============================] - 0s 4ms/step - loss: 4.2744 - accuracy: 0.9375
Epoch 15/25

1/1 [==============================] - ETA: 0s - loss: 4.2311 - accuracy: 0.9375
1/1 [==============================] - 0s 3ms/step - loss: 4.2311 - accuracy: 0.9375
Epoch 16/25

1/1 [==============================] - ETA: 0s - loss: 4.1860 - accuracy: 0.9375
1/1 [==============================] - 0s 5ms/step - loss: 4.1860 - accuracy: 0.9375
Epoch 17/25

1/1 [==============================] - ETA: 0s - loss: 4.1391 - accuracy: 0.9375
1/1 [==============================] - 0s 4ms/step - loss: 4.1391 - accuracy: 0.9375
Epoch 18/25

1/1 [==============================] - ETA: 0s - loss: 4.0904 - accuracy: 0.9375
1/1 [==============================] - 0s 4ms/step - loss: 4.0904 - accuracy: 0.9375
Epoch 19/25

1/1 [==============================] - ETA: 0s - loss: 4.0397 - accuracy: 0.9375
1/1 [==============================] - 0s 4ms/step - loss: 4.0397 - accuracy: 0.9375
Epoch 20/25

1/1 [==============================] - ETA: 0s - loss: 3.9870 - accuracy: 0.9375
1/1 [==============================] - 0s 3ms/step - loss: 3.9870 - accuracy: 0.9375
Epoch 21/25

1/1 [==============================] - ETA: 0s - loss: 3.9321 - accuracy: 0.9375
1/1 [==============================] - 0s 4ms/step - loss: 3.9321 - accuracy: 0.9375
Epoch 22/25

1/1 [==============================] - ETA: 0s - loss: 3.8751 - accuracy: 0.9375
1/1 [==============================] - 0s 5ms/step - loss: 3.8751 - accuracy: 0.9375
Epoch 23/25

1/1 [==============================] - ETA: 0s - loss: 3.8159 - accuracy: 0.9375
1/1 [==============================] - 0s 3ms/step - loss: 3.8159 - accuracy: 0.9375
Epoch 24/25

1/1 [==============================] - ETA: 0s - loss: 3.7544 - accuracy: 0.9375
1/1 [==============================] - 0s 4ms/step - loss: 3.7544 - accuracy: 0.9375
Epoch 25/25

1/1 [==============================] - ETA: 0s - loss: 3.6906 - accuracy: 0.9375
1/1 [==============================] - 0s 4ms/step - loss: 3.6906 - accuracy: 0.9375
# node2vec
Epoch 1/25

1/1 [==============================] - ETA: 0s - loss: 4.7728 - accuracy: 0.0000e+00
1/1 [==============================] - 0s 191ms/step - loss: 4.7728 - accuracy: 0.0000e+00
Epoch 2/25

1/1 [==============================] - ETA: 0s - loss: 4.7354 - accuracy: 0.0000e+00
1/1 [==============================] - 0s 3ms/step - loss: 4.7354 - accuracy: 0.0000e+00
Epoch 3/25

1/1 [==============================] - ETA: 0s - loss: 4.6981 - accuracy: 0.0625
1/1 [==============================] - 0s 3ms/step - loss: 4.6981 - accuracy: 0.0625
Epoch 4/25

1/1 [==============================] - ETA: 0s - loss: 4.6608 - accuracy: 0.1250
1/1 [==============================] - 0s 3ms/step - loss: 4.6608 - accuracy: 0.1250
Epoch 5/25

1/1 [==============================] - ETA: 0s - loss: 4.6236 - accuracy: 0.1875
1/1 [==============================] - 0s 4ms/step - loss: 4.6236 - accuracy: 0.1875
Epoch 6/25

1/1 [==============================] - ETA: 0s - loss: 4.5864 - accuracy: 0.1875
1/1 [==============================] - 0s 3ms/step - loss: 4.5864 - accuracy: 0.1875
Epoch 7/25

1/1 [==============================] - ETA: 0s - loss: 4.5493 - accuracy: 0.1875
1/1 [==============================] - 0s 4ms/step - loss: 4.5493 - accuracy: 0.1875
Epoch 8/25

1/1 [==============================] - ETA: 0s - loss: 4.5123 - accuracy: 0.1875
1/1 [==============================] - 0s 3ms/step - loss: 4.5123 - accuracy: 0.1875
Epoch 9/25

1/1 [==============================] - ETA: 0s - loss: 4.4753 - accuracy: 0.1875
1/1 [==============================] - 0s 3ms/step - loss: 4.4753 - accuracy: 0.1875
Epoch 10/25

1/1 [==============================] - ETA: 0s - loss: 4.4383 - accuracy: 0.1875
1/1 [==============================] - 0s 3ms/step - loss: 4.4383 - accuracy: 0.1875
Epoch 11/25

1/1 [==============================] - ETA: 0s - loss: 4.4015 - accuracy: 0.1875
1/1 [==============================] - 0s 3ms/step - loss: 4.4015 - accuracy: 0.1875
Epoch 12/25

1/1 [==============================] - ETA: 0s - loss: 4.3647 - accuracy: 0.1875
1/1 [==============================] - 0s 3ms/step - loss: 4.3647 - accuracy: 0.1875
Epoch 13/25

1/1 [==============================] - ETA: 0s - loss: 4.3280 - accuracy: 0.1875
1/1 [==============================] - 0s 2ms/step - loss: 4.3280 - accuracy: 0.1875
Epoch 14/25

1/1 [==============================] - ETA: 0s - loss: 4.2913 - accuracy: 0.1875
1/1 [==============================] - 0s 4ms/step - loss: 4.2913 - accuracy: 0.1875
Epoch 15/25

1/1 [==============================] - ETA: 0s - loss: 4.2547 - accuracy: 0.1875
1/1 [==============================] - 0s 2ms/step - loss: 4.2547 - accuracy: 0.1875
Epoch 16/25

1/1 [==============================] - ETA: 0s - loss: 4.2182 - accuracy: 0.1875
1/1 [==============================] - 0s 2ms/step - loss: 4.2182 - accuracy: 0.1875
Epoch 17/25

1/1 [==============================] - ETA: 0s - loss: 4.1818 - accuracy: 0.1875
1/1 [==============================] - 0s 4ms/step - loss: 4.1818 - accuracy: 0.1875
Epoch 18/25

1/1 [==============================] - ETA: 0s - loss: 4.1455 - accuracy: 0.1875
1/1 [==============================] - 0s 3ms/step - loss: 4.1455 - accuracy: 0.1875
Epoch 19/25

1/1 [==============================] - ETA: 0s - loss: 4.1092 - accuracy: 0.1875
1/1 [==============================] - 0s 4ms/step - loss: 4.1092 - accuracy: 0.1875
Epoch 20/25

1/1 [==============================] - ETA: 0s - loss: 4.0731 - accuracy: 0.2500
1/1 [==============================] - 0s 4ms/step - loss: 4.0731 - accuracy: 0.2500
Epoch 21/25

1/1 [==============================] - ETA: 0s - loss: 4.0370 - accuracy: 0.3125
1/1 [==============================] - 0s 4ms/step - loss: 4.0370 - accuracy: 0.3125
Epoch 22/25

1/1 [==============================] - ETA: 0s - loss: 4.0010 - accuracy: 0.4375
1/1 [==============================] - 0s 4ms/step - loss: 4.0010 - accuracy: 0.4375
Epoch 23/25

1/1 [==============================] - ETA: 0s - loss: 3.9651 - accuracy: 0.4375
1/1 [==============================] - 0s 2ms/step - loss: 3.9651 - accuracy: 0.4375
Epoch 24/25

1/1 [==============================] - ETA: 0s - loss: 3.9293 - accuracy: 0.4375
1/1 [==============================] - 0s 3ms/step - loss: 3.9293 - accuracy: 0.4375
Epoch 25/25

1/1 [==============================] - ETA: 0s - loss: 3.8937 - accuracy: 0.5625
1/1 [==============================] - 0s 4ms/step - loss: 3.8937 - accuracy: 0.5625
# predict: steps=12
# predict: tnodeembed_metrics
# predict: node2vec_metrics
tnodeembed: {'auc': 0.7307137560365748, 'f1_micro': 0.0, 'f1_macro': 0.0} tNodeEmbed_final_loss=3.6905646324157715 tNodeEmbed_final_accuracy=0.9375 
node2vec: {'auc': 0.6978504890544946, 'f1_micro': 0.0, 'f1_macro': 0.0} node2vec_final_loss=3.8936562538146973 node2vec_final_accuracy=0.5625 
