# load graph
Processing Static file: filename='CollegeMsg_20040807_nodes_12_edges_11_component_0.edges'
# initialize tNodeEmbed for dataset=COLLEGE_NC, test_size=0.2
# load dataset
# fit
# tNodeEmbed steps_per_epoch=1
Epoch 1/25

1/1 [==============================] - ETA: 0s - loss: 4.7185 - accuracy: 0.0000e+00
1/1 [==============================] - 3s 3s/step - loss: 4.7185 - accuracy: 0.0000e+00
Epoch 2/25

1/1 [==============================] - ETA: 0s - loss: 4.6852 - accuracy: 0.0625
1/1 [==============================] - 0s 7ms/step - loss: 4.6852 - accuracy: 0.0625
Epoch 3/25

1/1 [==============================] - ETA: 0s - loss: 4.6517 - accuracy: 0.1875
1/1 [==============================] - 0s 6ms/step - loss: 4.6517 - accuracy: 0.1875
Epoch 4/25

1/1 [==============================] - ETA: 0s - loss: 4.6179 - accuracy: 0.4375
1/1 [==============================] - 0s 5ms/step - loss: 4.6179 - accuracy: 0.4375
Epoch 5/25

1/1 [==============================] - ETA: 0s - loss: 4.5837 - accuracy: 0.6250
1/1 [==============================] - 0s 6ms/step - loss: 4.5837 - accuracy: 0.6250
Epoch 6/25

1/1 [==============================] - ETA: 0s - loss: 4.5490 - accuracy: 0.6875
1/1 [==============================] - 0s 7ms/step - loss: 4.5490 - accuracy: 0.6875
Epoch 7/25

1/1 [==============================] - ETA: 0s - loss: 4.5134 - accuracy: 0.7500
1/1 [==============================] - 0s 7ms/step - loss: 4.5134 - accuracy: 0.7500
Epoch 8/25

1/1 [==============================] - ETA: 0s - loss: 4.4771 - accuracy: 0.8750
1/1 [==============================] - 0s 6ms/step - loss: 4.4771 - accuracy: 0.8750
Epoch 9/25

1/1 [==============================] - ETA: 0s - loss: 4.4396 - accuracy: 0.8750
1/1 [==============================] - 0s 6ms/step - loss: 4.4396 - accuracy: 0.8750
Epoch 10/25

1/1 [==============================] - ETA: 0s - loss: 4.4010 - accuracy: 0.9375
1/1 [==============================] - 0s 5ms/step - loss: 4.4010 - accuracy: 0.9375
Epoch 11/25

1/1 [==============================] - ETA: 0s - loss: 4.3611 - accuracy: 0.9375
1/1 [==============================] - 0s 4ms/step - loss: 4.3611 - accuracy: 0.9375
Epoch 12/25

1/1 [==============================] - ETA: 0s - loss: 4.3197 - accuracy: 0.9375
1/1 [==============================] - 0s 5ms/step - loss: 4.3197 - accuracy: 0.9375
Epoch 13/25

1/1 [==============================] - ETA: 0s - loss: 4.2768 - accuracy: 1.0000
1/1 [==============================] - 0s 5ms/step - loss: 4.2768 - accuracy: 1.0000
Epoch 14/25

1/1 [==============================] - ETA: 0s - loss: 4.2322 - accuracy: 1.0000
1/1 [==============================] - 0s 5ms/step - loss: 4.2322 - accuracy: 1.0000
Epoch 15/25

1/1 [==============================] - ETA: 0s - loss: 4.1857 - accuracy: 1.0000
1/1 [==============================] - 0s 6ms/step - loss: 4.1857 - accuracy: 1.0000
Epoch 16/25

1/1 [==============================] - ETA: 0s - loss: 4.1374 - accuracy: 1.0000
1/1 [==============================] - 0s 6ms/step - loss: 4.1374 - accuracy: 1.0000
Epoch 17/25

1/1 [==============================] - ETA: 0s - loss: 4.0870 - accuracy: 1.0000
1/1 [==============================] - 0s 6ms/step - loss: 4.0870 - accuracy: 1.0000
Epoch 18/25

1/1 [==============================] - ETA: 0s - loss: 4.0345 - accuracy: 1.0000
1/1 [==============================] - 0s 6ms/step - loss: 4.0345 - accuracy: 1.0000
Epoch 19/25

1/1 [==============================] - ETA: 0s - loss: 3.9798 - accuracy: 1.0000
1/1 [==============================] - 0s 5ms/step - loss: 3.9798 - accuracy: 1.0000
Epoch 20/25

1/1 [==============================] - ETA: 0s - loss: 3.9228 - accuracy: 1.0000
1/1 [==============================] - 0s 5ms/step - loss: 3.9228 - accuracy: 1.0000
Epoch 21/25

1/1 [==============================] - ETA: 0s - loss: 3.8635 - accuracy: 1.0000
1/1 [==============================] - 0s 5ms/step - loss: 3.8635 - accuracy: 1.0000
Epoch 22/25

1/1 [==============================] - ETA: 0s - loss: 3.8017 - accuracy: 1.0000
1/1 [==============================] - 0s 7ms/step - loss: 3.8017 - accuracy: 1.0000
Epoch 23/25

1/1 [==============================] - ETA: 0s - loss: 3.7374 - accuracy: 1.0000
1/1 [==============================] - 0s 4ms/step - loss: 3.7374 - accuracy: 1.0000
Epoch 24/25

1/1 [==============================] - ETA: 0s - loss: 3.6706 - accuracy: 1.0000
1/1 [==============================] - 0s 5ms/step - loss: 3.6706 - accuracy: 1.0000
Epoch 25/25

1/1 [==============================] - ETA: 0s - loss: 3.6013 - accuracy: 1.0000
1/1 [==============================] - 0s 5ms/step - loss: 3.6013 - accuracy: 1.0000
# node2vec
Epoch 1/25

1/1 [==============================] - ETA: 0s - loss: 4.8121 - accuracy: 0.0000e+00
1/1 [==============================] - 0s 330ms/step - loss: 4.8121 - accuracy: 0.0000e+00
Epoch 2/25

1/1 [==============================] - ETA: 0s - loss: 4.7723 - accuracy: 0.0000e+00
1/1 [==============================] - 0s 4ms/step - loss: 4.7723 - accuracy: 0.0000e+00
Epoch 3/25

1/1 [==============================] - ETA: 0s - loss: 4.7325 - accuracy: 0.0000e+00
1/1 [==============================] - 0s 4ms/step - loss: 4.7325 - accuracy: 0.0000e+00
Epoch 4/25

1/1 [==============================] - ETA: 0s - loss: 4.6928 - accuracy: 0.0000e+00
1/1 [==============================] - 0s 4ms/step - loss: 4.6928 - accuracy: 0.0000e+00
Epoch 5/25

1/1 [==============================] - ETA: 0s - loss: 4.6531 - accuracy: 0.0000e+00
1/1 [==============================] - 0s 6ms/step - loss: 4.6531 - accuracy: 0.0000e+00
Epoch 6/25

1/1 [==============================] - ETA: 0s - loss: 4.6135 - accuracy: 0.0000e+00
1/1 [==============================] - 0s 5ms/step - loss: 4.6135 - accuracy: 0.0000e+00
Epoch 7/25

1/1 [==============================] - ETA: 0s - loss: 4.5740 - accuracy: 0.0000e+00
1/1 [==============================] - 0s 5ms/step - loss: 4.5740 - accuracy: 0.0000e+00
Epoch 8/25

1/1 [==============================] - ETA: 0s - loss: 4.5345 - accuracy: 0.0000e+00
1/1 [==============================] - 0s 5ms/step - loss: 4.5345 - accuracy: 0.0000e+00
Epoch 9/25

1/1 [==============================] - ETA: 0s - loss: 4.4951 - accuracy: 0.0625
1/1 [==============================] - 0s 5ms/step - loss: 4.4951 - accuracy: 0.0625
Epoch 10/25

1/1 [==============================] - ETA: 0s - loss: 4.4558 - accuracy: 0.0625
1/1 [==============================] - 0s 5ms/step - loss: 4.4558 - accuracy: 0.0625
Epoch 11/25

1/1 [==============================] - ETA: 0s - loss: 4.4166 - accuracy: 0.0625
1/1 [==============================] - 0s 4ms/step - loss: 4.4166 - accuracy: 0.0625
Epoch 12/25

1/1 [==============================] - ETA: 0s - loss: 4.3774 - accuracy: 0.0625
1/1 [==============================] - 0s 4ms/step - loss: 4.3774 - accuracy: 0.0625
Epoch 13/25

1/1 [==============================] - ETA: 0s - loss: 4.3384 - accuracy: 0.1250
1/1 [==============================] - 0s 4ms/step - loss: 4.3384 - accuracy: 0.1250
Epoch 14/25

1/1 [==============================] - ETA: 0s - loss: 4.2994 - accuracy: 0.1250
1/1 [==============================] - 0s 5ms/step - loss: 4.2994 - accuracy: 0.1250
Epoch 15/25

1/1 [==============================] - ETA: 0s - loss: 4.2605 - accuracy: 0.1250
1/1 [==============================] - 0s 5ms/step - loss: 4.2605 - accuracy: 0.1250
Epoch 16/25

1/1 [==============================] - ETA: 0s - loss: 4.2217 - accuracy: 0.1250
1/1 [==============================] - 0s 5ms/step - loss: 4.2217 - accuracy: 0.1250
Epoch 17/25

1/1 [==============================] - ETA: 0s - loss: 4.1830 - accuracy: 0.1250
1/1 [==============================] - 0s 6ms/step - loss: 4.1830 - accuracy: 0.1250
Epoch 18/25

1/1 [==============================] - ETA: 0s - loss: 4.1445 - accuracy: 0.1875
1/1 [==============================] - 0s 5ms/step - loss: 4.1445 - accuracy: 0.1875
Epoch 19/25

1/1 [==============================] - ETA: 0s - loss: 4.1060 - accuracy: 0.1875
1/1 [==============================] - 0s 6ms/step - loss: 4.1060 - accuracy: 0.1875
Epoch 20/25

1/1 [==============================] - ETA: 0s - loss: 4.0676 - accuracy: 0.1875
1/1 [==============================] - 0s 5ms/step - loss: 4.0676 - accuracy: 0.1875
Epoch 21/25

1/1 [==============================] - ETA: 0s - loss: 4.0293 - accuracy: 0.1875
1/1 [==============================] - 0s 4ms/step - loss: 4.0293 - accuracy: 0.1875
Epoch 22/25

1/1 [==============================] - ETA: 0s - loss: 3.9911 - accuracy: 0.1875
1/1 [==============================] - 0s 4ms/step - loss: 3.9911 - accuracy: 0.1875
Epoch 23/25

1/1 [==============================] - ETA: 0s - loss: 3.9531 - accuracy: 0.1875
1/1 [==============================] - 0s 4ms/step - loss: 3.9531 - accuracy: 0.1875
Epoch 24/25

1/1 [==============================] - ETA: 0s - loss: 3.9151 - accuracy: 0.2500
1/1 [==============================] - 0s 4ms/step - loss: 3.9151 - accuracy: 0.2500
Epoch 25/25

1/1 [==============================] - ETA: 0s - loss: 3.8773 - accuracy: 0.2500
1/1 [==============================] - 0s 4ms/step - loss: 3.8773 - accuracy: 0.2500
# predict: steps=12
# predict: tnodeembed_metrics
# predict: node2vec_metrics
tnodeembed: {'auc': 0.686789675924791, 'f1_micro': 0.0, 'f1_macro': 0.0} tNodeEmbed_final_loss=3.6012587547302246 tNodeEmbed_final_accuracy=1.0 
node2vec: {'auc': 0.6505060917314245, 'f1_micro': 0.0, 'f1_macro': 0.0} node2vec_final_loss=3.8773245811462402 node2vec_final_accuracy=0.25 
