# load graph
Processing Static file: filename='CollegeMsg_20040429_nodes_178_edges_320_component_0.edges'
# initialize tNodeEmbed for dataset=COLLEGE_NC, test_size=0.2
# load dataset
# fit
# tNodeEmbed steps_per_epoch=1
Epoch 1/25

1/1 [==============================] - ETA: 0s - loss: 4.7419 - accuracy: 0.2500
1/1 [==============================] - 1s 1s/step - loss: 4.7419 - accuracy: 0.2500
Epoch 2/25

1/1 [==============================] - ETA: 0s - loss: 4.7249 - accuracy: 0.2500
1/1 [==============================] - 0s 4ms/step - loss: 4.7249 - accuracy: 0.2500
Epoch 3/25

1/1 [==============================] - ETA: 0s - loss: 4.7078 - accuracy: 0.3125
1/1 [==============================] - 0s 4ms/step - loss: 4.7078 - accuracy: 0.3125
Epoch 4/25

1/1 [==============================] - ETA: 0s - loss: 4.6906 - accuracy: 0.4375
1/1 [==============================] - 0s 4ms/step - loss: 4.6906 - accuracy: 0.4375
Epoch 5/25

1/1 [==============================] - ETA: 0s - loss: 4.6732 - accuracy: 0.5625
1/1 [==============================] - 0s 4ms/step - loss: 4.6732 - accuracy: 0.5625
Epoch 6/25

1/1 [==============================] - ETA: 0s - loss: 4.6556 - accuracy: 0.5625
1/1 [==============================] - 0s 5ms/step - loss: 4.6556 - accuracy: 0.5625
Epoch 7/25

1/1 [==============================] - ETA: 0s - loss: 4.6377 - accuracy: 0.5625
1/1 [==============================] - 0s 5ms/step - loss: 4.6377 - accuracy: 0.5625
Epoch 8/25

1/1 [==============================] - ETA: 0s - loss: 4.6193 - accuracy: 0.5625
1/1 [==============================] - 0s 5ms/step - loss: 4.6193 - accuracy: 0.5625
Epoch 9/25

1/1 [==============================] - ETA: 0s - loss: 4.6005 - accuracy: 0.5625
1/1 [==============================] - 0s 4ms/step - loss: 4.6005 - accuracy: 0.5625
Epoch 10/25

1/1 [==============================] - ETA: 0s - loss: 4.5811 - accuracy: 0.5625
1/1 [==============================] - 0s 4ms/step - loss: 4.5811 - accuracy: 0.5625
Epoch 11/25

1/1 [==============================] - ETA: 0s - loss: 4.5612 - accuracy: 0.5625
1/1 [==============================] - 0s 4ms/step - loss: 4.5612 - accuracy: 0.5625
Epoch 12/25

1/1 [==============================] - ETA: 0s - loss: 4.5405 - accuracy: 0.5625
1/1 [==============================] - 0s 5ms/step - loss: 4.5405 - accuracy: 0.5625
Epoch 13/25

1/1 [==============================] - ETA: 0s - loss: 4.5191 - accuracy: 0.5625
1/1 [==============================] - 0s 4ms/step - loss: 4.5191 - accuracy: 0.5625
Epoch 14/25

1/1 [==============================] - ETA: 0s - loss: 4.4969 - accuracy: 0.5625
1/1 [==============================] - 0s 5ms/step - loss: 4.4969 - accuracy: 0.5625
Epoch 15/25

1/1 [==============================] - ETA: 0s - loss: 4.4739 - accuracy: 0.5625
1/1 [==============================] - 0s 5ms/step - loss: 4.4739 - accuracy: 0.5625
Epoch 16/25

1/1 [==============================] - ETA: 0s - loss: 4.4501 - accuracy: 0.5625
1/1 [==============================] - 0s 5ms/step - loss: 4.4501 - accuracy: 0.5625
Epoch 17/25

1/1 [==============================] - ETA: 0s - loss: 4.4253 - accuracy: 0.5625
1/1 [==============================] - 0s 4ms/step - loss: 4.4253 - accuracy: 0.5625
Epoch 18/25

1/1 [==============================] - ETA: 0s - loss: 4.3996 - accuracy: 0.5625
1/1 [==============================] - 0s 4ms/step - loss: 4.3996 - accuracy: 0.5625
Epoch 19/25

1/1 [==============================] - ETA: 0s - loss: 4.3729 - accuracy: 0.5625
1/1 [==============================] - 0s 5ms/step - loss: 4.3729 - accuracy: 0.5625
Epoch 20/25

1/1 [==============================] - ETA: 0s - loss: 4.3452 - accuracy: 0.5625
1/1 [==============================] - 0s 4ms/step - loss: 4.3452 - accuracy: 0.5625
Epoch 21/25

1/1 [==============================] - ETA: 0s - loss: 4.3165 - accuracy: 0.5625
1/1 [==============================] - 0s 3ms/step - loss: 4.3165 - accuracy: 0.5625
Epoch 22/25

1/1 [==============================] - ETA: 0s - loss: 4.2868 - accuracy: 0.5625
1/1 [==============================] - 0s 5ms/step - loss: 4.2868 - accuracy: 0.5625
Epoch 23/25

1/1 [==============================] - ETA: 0s - loss: 4.2561 - accuracy: 0.5625
1/1 [==============================] - 0s 5ms/step - loss: 4.2561 - accuracy: 0.5625
Epoch 24/25

1/1 [==============================] - ETA: 0s - loss: 4.2244 - accuracy: 0.5625
1/1 [==============================] - 0s 5ms/step - loss: 4.2244 - accuracy: 0.5625
Epoch 25/25

1/1 [==============================] - ETA: 0s - loss: 4.1917 - accuracy: 0.5625
1/1 [==============================] - 0s 5ms/step - loss: 4.1917 - accuracy: 0.5625
# node2vec
Epoch 1/25

1/1 [==============================] - ETA: 0s - loss: 4.7496 - accuracy: 0.2500
1/1 [==============================] - 0s 209ms/step - loss: 4.7496 - accuracy: 0.2500
Epoch 2/25

1/1 [==============================] - ETA: 0s - loss: 4.7342 - accuracy: 0.2500
1/1 [==============================] - 0s 3ms/step - loss: 4.7342 - accuracy: 0.2500
Epoch 3/25

1/1 [==============================] - ETA: 0s - loss: 4.7188 - accuracy: 0.2500
1/1 [==============================] - 0s 3ms/step - loss: 4.7188 - accuracy: 0.2500
Epoch 4/25

1/1 [==============================] - ETA: 0s - loss: 4.7035 - accuracy: 0.2500
1/1 [==============================] - 0s 4ms/step - loss: 4.7035 - accuracy: 0.2500
Epoch 5/25

1/1 [==============================] - ETA: 0s - loss: 4.6881 - accuracy: 0.2500
1/1 [==============================] - 0s 3ms/step - loss: 4.6881 - accuracy: 0.2500
Epoch 6/25

1/1 [==============================] - ETA: 0s - loss: 4.6728 - accuracy: 0.2500
1/1 [==============================] - 0s 3ms/step - loss: 4.6728 - accuracy: 0.2500
Epoch 7/25

1/1 [==============================] - ETA: 0s - loss: 4.6575 - accuracy: 0.2500
1/1 [==============================] - 0s 3ms/step - loss: 4.6575 - accuracy: 0.2500
Epoch 8/25

1/1 [==============================] - ETA: 0s - loss: 4.6422 - accuracy: 0.2500
1/1 [==============================] - 0s 3ms/step - loss: 4.6422 - accuracy: 0.2500
Epoch 9/25

1/1 [==============================] - ETA: 0s - loss: 4.6269 - accuracy: 0.2500
1/1 [==============================] - 0s 3ms/step - loss: 4.6269 - accuracy: 0.2500
Epoch 10/25

1/1 [==============================] - ETA: 0s - loss: 4.6116 - accuracy: 0.3125
1/1 [==============================] - 0s 4ms/step - loss: 4.6116 - accuracy: 0.3125
Epoch 11/25

1/1 [==============================] - ETA: 0s - loss: 4.5964 - accuracy: 0.3125
1/1 [==============================] - 0s 4ms/step - loss: 4.5964 - accuracy: 0.3125
Epoch 12/25

1/1 [==============================] - ETA: 0s - loss: 4.5811 - accuracy: 0.3125
1/1 [==============================] - 0s 4ms/step - loss: 4.5811 - accuracy: 0.3125
Epoch 13/25

1/1 [==============================] - ETA: 0s - loss: 4.5659 - accuracy: 0.3125
1/1 [==============================] - 0s 4ms/step - loss: 4.5659 - accuracy: 0.3125
Epoch 14/25

1/1 [==============================] - ETA: 0s - loss: 4.5507 - accuracy: 0.3750
1/1 [==============================] - 0s 3ms/step - loss: 4.5507 - accuracy: 0.3750
Epoch 15/25

1/1 [==============================] - ETA: 0s - loss: 4.5356 - accuracy: 0.4375
1/1 [==============================] - 0s 3ms/step - loss: 4.5356 - accuracy: 0.4375
Epoch 16/25

1/1 [==============================] - ETA: 0s - loss: 4.5204 - accuracy: 0.4375
1/1 [==============================] - 0s 3ms/step - loss: 4.5204 - accuracy: 0.4375
Epoch 17/25

1/1 [==============================] - ETA: 0s - loss: 4.5053 - accuracy: 0.4375
1/1 [==============================] - 0s 4ms/step - loss: 4.5053 - accuracy: 0.4375
Epoch 18/25

1/1 [==============================] - ETA: 0s - loss: 4.4902 - accuracy: 0.5000
1/1 [==============================] - 0s 4ms/step - loss: 4.4902 - accuracy: 0.5000
Epoch 19/25

1/1 [==============================] - ETA: 0s - loss: 4.4752 - accuracy: 0.5000
1/1 [==============================] - 0s 4ms/step - loss: 4.4752 - accuracy: 0.5000
Epoch 20/25

1/1 [==============================] - ETA: 0s - loss: 4.4601 - accuracy: 0.5000
1/1 [==============================] - 0s 3ms/step - loss: 4.4601 - accuracy: 0.5000
Epoch 21/25

1/1 [==============================] - ETA: 0s - loss: 4.4451 - accuracy: 0.5000
1/1 [==============================] - 0s 3ms/step - loss: 4.4451 - accuracy: 0.5000
Epoch 22/25

1/1 [==============================] - ETA: 0s - loss: 4.4301 - accuracy: 0.5000
1/1 [==============================] - 0s 3ms/step - loss: 4.4301 - accuracy: 0.5000
Epoch 23/25

1/1 [==============================] - ETA: 0s - loss: 4.4152 - accuracy: 0.5000
1/1 [==============================] - 0s 4ms/step - loss: 4.4152 - accuracy: 0.5000
Epoch 24/25

1/1 [==============================] - ETA: 0s - loss: 4.4003 - accuracy: 0.5625
1/1 [==============================] - 0s 4ms/step - loss: 4.4003 - accuracy: 0.5625
Epoch 25/25

1/1 [==============================] - ETA: 0s - loss: 4.3854 - accuracy: 0.5625
1/1 [==============================] - 0s 3ms/step - loss: 4.3854 - accuracy: 0.5625
# predict: steps=12
# predict: tnodeembed_metrics
# predict: node2vec_metrics
tnodeembed: {'auc': 0.6617188610791067, 'f1_micro': 0.0, 'f1_macro': 0.0} tNodeEmbed_final_loss=4.191741943359375 tNodeEmbed_final_accuracy=0.5625 
node2vec: {'auc': 0.6718161204128159, 'f1_micro': 0.0, 'f1_macro': 0.0} node2vec_final_loss=4.385388374328613 node2vec_final_accuracy=0.5625 
