# load graph
Processing Static file: filename='CollegeMsg_20040424_nodes_119_edges_189_component_0.edges'
# initialize tNodeEmbed for dataset=COLLEGE_NC, test_size=0.2
# load dataset
# fit
# tNodeEmbed steps_per_epoch=1
Epoch 1/25

1/1 [==============================] - ETA: 0s - loss: 4.7337 - accuracy: 0.1875
1/1 [==============================] - 1s 1s/step - loss: 4.7337 - accuracy: 0.1875
Epoch 2/25

1/1 [==============================] - ETA: 0s - loss: 4.7267 - accuracy: 0.3125
1/1 [==============================] - 0s 4ms/step - loss: 4.7267 - accuracy: 0.3125
Epoch 3/25

1/1 [==============================] - ETA: 0s - loss: 4.7196 - accuracy: 0.3125
1/1 [==============================] - 0s 5ms/step - loss: 4.7196 - accuracy: 0.3125
Epoch 4/25

1/1 [==============================] - ETA: 0s - loss: 4.7123 - accuracy: 0.3125
1/1 [==============================] - 0s 4ms/step - loss: 4.7123 - accuracy: 0.3125
Epoch 5/25

1/1 [==============================] - ETA: 0s - loss: 4.7049 - accuracy: 0.3125
1/1 [==============================] - 0s 5ms/step - loss: 4.7049 - accuracy: 0.3125
Epoch 6/25

1/1 [==============================] - ETA: 0s - loss: 4.6972 - accuracy: 0.3125
1/1 [==============================] - 0s 4ms/step - loss: 4.6972 - accuracy: 0.3125
Epoch 7/25

1/1 [==============================] - ETA: 0s - loss: 4.6893 - accuracy: 0.3125
1/1 [==============================] - 0s 4ms/step - loss: 4.6893 - accuracy: 0.3125
Epoch 8/25

1/1 [==============================] - ETA: 0s - loss: 4.6811 - accuracy: 0.3125
1/1 [==============================] - 0s 4ms/step - loss: 4.6811 - accuracy: 0.3125
Epoch 9/25

1/1 [==============================] - ETA: 0s - loss: 4.6727 - accuracy: 0.3125
1/1 [==============================] - 0s 4ms/step - loss: 4.6727 - accuracy: 0.3125
Epoch 10/25

1/1 [==============================] - ETA: 0s - loss: 4.6639 - accuracy: 0.3125
1/1 [==============================] - 0s 4ms/step - loss: 4.6639 - accuracy: 0.3125
Epoch 11/25

1/1 [==============================] - ETA: 0s - loss: 4.6547 - accuracy: 0.3125
1/1 [==============================] - 0s 4ms/step - loss: 4.6547 - accuracy: 0.3125
Epoch 12/25

1/1 [==============================] - ETA: 0s - loss: 4.6452 - accuracy: 0.3125
1/1 [==============================] - 0s 4ms/step - loss: 4.6452 - accuracy: 0.3125
Epoch 13/25

1/1 [==============================] - ETA: 0s - loss: 4.6353 - accuracy: 0.3125
1/1 [==============================] - 0s 4ms/step - loss: 4.6353 - accuracy: 0.3125
Epoch 14/25

1/1 [==============================] - ETA: 0s - loss: 4.6250 - accuracy: 0.3125
1/1 [==============================] - 0s 3ms/step - loss: 4.6250 - accuracy: 0.3125
Epoch 15/25

1/1 [==============================] - ETA: 0s - loss: 4.6143 - accuracy: 0.3125
1/1 [==============================] - 0s 4ms/step - loss: 4.6143 - accuracy: 0.3125
Epoch 16/25

1/1 [==============================] - ETA: 0s - loss: 4.6032 - accuracy: 0.3125
1/1 [==============================] - 0s 4ms/step - loss: 4.6032 - accuracy: 0.3125
Epoch 17/25

1/1 [==============================] - ETA: 0s - loss: 4.5917 - accuracy: 0.3125
1/1 [==============================] - 0s 4ms/step - loss: 4.5917 - accuracy: 0.3125
Epoch 18/25

1/1 [==============================] - ETA: 0s - loss: 4.5797 - accuracy: 0.3125
1/1 [==============================] - 0s 5ms/step - loss: 4.5797 - accuracy: 0.3125
Epoch 19/25

1/1 [==============================] - ETA: 0s - loss: 4.5673 - accuracy: 0.3125
1/1 [==============================] - 0s 3ms/step - loss: 4.5673 - accuracy: 0.3125
Epoch 20/25

1/1 [==============================] - ETA: 0s - loss: 4.5546 - accuracy: 0.3125
1/1 [==============================] - 0s 4ms/step - loss: 4.5546 - accuracy: 0.3125
Epoch 21/25

1/1 [==============================] - ETA: 0s - loss: 4.5414 - accuracy: 0.3125
1/1 [==============================] - 0s 5ms/step - loss: 4.5414 - accuracy: 0.3125
Epoch 22/25

1/1 [==============================] - ETA: 0s - loss: 4.5278 - accuracy: 0.3125
1/1 [==============================] - 0s 3ms/step - loss: 4.5278 - accuracy: 0.3125
Epoch 23/25

1/1 [==============================] - ETA: 0s - loss: 4.5139 - accuracy: 0.3125
1/1 [==============================] - 0s 3ms/step - loss: 4.5139 - accuracy: 0.3125
Epoch 24/25

1/1 [==============================] - ETA: 0s - loss: 4.4996 - accuracy: 0.3125
1/1 [==============================] - 0s 5ms/step - loss: 4.4996 - accuracy: 0.3125
Epoch 25/25

1/1 [==============================] - ETA: 0s - loss: 4.4851 - accuracy: 0.3125
1/1 [==============================] - 0s 4ms/step - loss: 4.4851 - accuracy: 0.3125
# node2vec
Epoch 1/25

1/1 [==============================] - ETA: 0s - loss: 4.7415 - accuracy: 0.1875
1/1 [==============================] - 0s 213ms/step - loss: 4.7415 - accuracy: 0.1875
Epoch 2/25

1/1 [==============================] - ETA: 0s - loss: 4.7369 - accuracy: 0.1875
1/1 [==============================] - 0s 3ms/step - loss: 4.7369 - accuracy: 0.1875
Epoch 3/25

1/1 [==============================] - ETA: 0s - loss: 4.7322 - accuracy: 0.1875
1/1 [==============================] - 0s 4ms/step - loss: 4.7322 - accuracy: 0.1875
Epoch 4/25

1/1 [==============================] - ETA: 0s - loss: 4.7276 - accuracy: 0.1875
1/1 [==============================] - 0s 3ms/step - loss: 4.7276 - accuracy: 0.1875
Epoch 5/25

1/1 [==============================] - ETA: 0s - loss: 4.7229 - accuracy: 0.1875
1/1 [==============================] - 0s 3ms/step - loss: 4.7229 - accuracy: 0.1875
Epoch 6/25

1/1 [==============================] - ETA: 0s - loss: 4.7183 - accuracy: 0.1875
1/1 [==============================] - 0s 4ms/step - loss: 4.7183 - accuracy: 0.1875
Epoch 7/25

1/1 [==============================] - ETA: 0s - loss: 4.7136 - accuracy: 0.2500
1/1 [==============================] - 0s 3ms/step - loss: 4.7136 - accuracy: 0.2500
Epoch 8/25

1/1 [==============================] - ETA: 0s - loss: 4.7089 - accuracy: 0.2500
1/1 [==============================] - 0s 2ms/step - loss: 4.7089 - accuracy: 0.2500
Epoch 9/25

1/1 [==============================] - ETA: 0s - loss: 4.7043 - accuracy: 0.2500
1/1 [==============================] - 0s 3ms/step - loss: 4.7043 - accuracy: 0.2500
Epoch 10/25

1/1 [==============================] - ETA: 0s - loss: 4.6996 - accuracy: 0.2500
1/1 [==============================] - 0s 3ms/step - loss: 4.6996 - accuracy: 0.2500
Epoch 11/25

1/1 [==============================] - ETA: 0s - loss: 4.6950 - accuracy: 0.2500
1/1 [==============================] - 0s 3ms/step - loss: 4.6950 - accuracy: 0.2500
Epoch 12/25

1/1 [==============================] - ETA: 0s - loss: 4.6903 - accuracy: 0.2500
1/1 [==============================] - 0s 3ms/step - loss: 4.6903 - accuracy: 0.2500
Epoch 13/25

1/1 [==============================] - ETA: 0s - loss: 4.6857 - accuracy: 0.3125
1/1 [==============================] - 0s 3ms/step - loss: 4.6857 - accuracy: 0.3125
Epoch 14/25

1/1 [==============================] - ETA: 0s - loss: 4.6810 - accuracy: 0.3125
1/1 [==============================] - 0s 3ms/step - loss: 4.6810 - accuracy: 0.3125
Epoch 15/25

1/1 [==============================] - ETA: 0s - loss: 4.6764 - accuracy: 0.3125
1/1 [==============================] - 0s 2ms/step - loss: 4.6764 - accuracy: 0.3125
Epoch 16/25

1/1 [==============================] - ETA: 0s - loss: 4.6717 - accuracy: 0.3125
1/1 [==============================] - 0s 3ms/step - loss: 4.6717 - accuracy: 0.3125
Epoch 17/25

1/1 [==============================] - ETA: 0s - loss: 4.6671 - accuracy: 0.3125
1/1 [==============================] - 0s 3ms/step - loss: 4.6671 - accuracy: 0.3125
Epoch 18/25

1/1 [==============================] - ETA: 0s - loss: 4.6624 - accuracy: 0.3125
1/1 [==============================] - 0s 4ms/step - loss: 4.6624 - accuracy: 0.3125
Epoch 19/25

1/1 [==============================] - ETA: 0s - loss: 4.6578 - accuracy: 0.3125
1/1 [==============================] - 0s 3ms/step - loss: 4.6578 - accuracy: 0.3125
Epoch 20/25

1/1 [==============================] - ETA: 0s - loss: 4.6532 - accuracy: 0.3125
1/1 [==============================] - 0s 3ms/step - loss: 4.6532 - accuracy: 0.3125
Epoch 21/25

1/1 [==============================] - ETA: 0s - loss: 4.6486 - accuracy: 0.3125
1/1 [==============================] - 0s 3ms/step - loss: 4.6486 - accuracy: 0.3125
Epoch 22/25

1/1 [==============================] - ETA: 0s - loss: 4.6439 - accuracy: 0.3125
1/1 [==============================] - 0s 3ms/step - loss: 4.6439 - accuracy: 0.3125
Epoch 23/25

1/1 [==============================] - ETA: 0s - loss: 4.6393 - accuracy: 0.3125
1/1 [==============================] - 0s 4ms/step - loss: 4.6393 - accuracy: 0.3125
Epoch 24/25

1/1 [==============================] - ETA: 0s - loss: 4.6347 - accuracy: 0.3125
1/1 [==============================] - 0s 3ms/step - loss: 4.6347 - accuracy: 0.3125
Epoch 25/25

1/1 [==============================] - ETA: 0s - loss: 4.6301 - accuracy: 0.3125
1/1 [==============================] - 0s 4ms/step - loss: 4.6301 - accuracy: 0.3125
# predict: steps=12
# predict: tnodeembed_metrics
# predict: node2vec_metrics
tnodeembed: {'auc': 0.7137932672272205, 'f1_micro': 0.0, 'f1_macro': 0.0} tNodeEmbed_final_loss=4.485140323638916 tNodeEmbed_final_accuracy=0.3125 
node2vec: {'auc': 0.7201183413821, 'f1_micro': 0.0, 'f1_macro': 0.0} node2vec_final_loss=4.6300811767578125 node2vec_final_accuracy=0.3125 
