# load graph
Processing Static file: filename='CollegeMsg_20040712_nodes_133_edges_136_component_0.edges'
# initialize tNodeEmbed for dataset=COLLEGE_NC, test_size=0.2
# load dataset
# fit
# tNodeEmbed steps_per_epoch=1
Epoch 1/25

1/1 [==============================] - ETA: 0s - loss: 4.7537 - accuracy: 0.0625
1/1 [==============================] - 2s 2s/step - loss: 4.7537 - accuracy: 0.0625
Epoch 2/25

1/1 [==============================] - ETA: 0s - loss: 4.7239 - accuracy: 0.0625
1/1 [==============================] - 0s 6ms/step - loss: 4.7239 - accuracy: 0.0625
Epoch 3/25

1/1 [==============================] - ETA: 0s - loss: 4.6941 - accuracy: 0.2500
1/1 [==============================] - 0s 6ms/step - loss: 4.6941 - accuracy: 0.2500
Epoch 4/25

1/1 [==============================] - ETA: 0s - loss: 4.6642 - accuracy: 0.3125
1/1 [==============================] - 0s 6ms/step - loss: 4.6642 - accuracy: 0.3125
Epoch 5/25

1/1 [==============================] - ETA: 0s - loss: 4.6342 - accuracy: 0.5000
1/1 [==============================] - 0s 5ms/step - loss: 4.6342 - accuracy: 0.5000
Epoch 6/25

1/1 [==============================] - ETA: 0s - loss: 4.6038 - accuracy: 0.6875
1/1 [==============================] - 0s 5ms/step - loss: 4.6038 - accuracy: 0.6875
Epoch 7/25

1/1 [==============================] - ETA: 0s - loss: 4.5729 - accuracy: 0.7500
1/1 [==============================] - 0s 7ms/step - loss: 4.5729 - accuracy: 0.7500
Epoch 8/25

1/1 [==============================] - ETA: 0s - loss: 4.5415 - accuracy: 0.8125
1/1 [==============================] - 0s 6ms/step - loss: 4.5415 - accuracy: 0.8125
Epoch 9/25

1/1 [==============================] - ETA: 0s - loss: 4.5093 - accuracy: 0.8125
1/1 [==============================] - 0s 6ms/step - loss: 4.5093 - accuracy: 0.8125
Epoch 10/25

1/1 [==============================] - ETA: 0s - loss: 4.4763 - accuracy: 0.8750
1/1 [==============================] - 0s 8ms/step - loss: 4.4763 - accuracy: 0.8750
Epoch 11/25

1/1 [==============================] - ETA: 0s - loss: 4.4424 - accuracy: 0.8750
1/1 [==============================] - 0s 6ms/step - loss: 4.4424 - accuracy: 0.8750
Epoch 12/25

1/1 [==============================] - ETA: 0s - loss: 4.4073 - accuracy: 0.8750
1/1 [==============================] - 0s 6ms/step - loss: 4.4073 - accuracy: 0.8750
Epoch 13/25

1/1 [==============================] - ETA: 0s - loss: 4.3709 - accuracy: 0.8750
1/1 [==============================] - 0s 6ms/step - loss: 4.3709 - accuracy: 0.8750
Epoch 14/25

1/1 [==============================] - ETA: 0s - loss: 4.3333 - accuracy: 0.8750
1/1 [==============================] - 0s 5ms/step - loss: 4.3333 - accuracy: 0.8750
Epoch 15/25

1/1 [==============================] - ETA: 0s - loss: 4.2942 - accuracy: 0.8750
1/1 [==============================] - 0s 6ms/step - loss: 4.2942 - accuracy: 0.8750
Epoch 16/25

1/1 [==============================] - ETA: 0s - loss: 4.2535 - accuracy: 0.8750
1/1 [==============================] - 0s 6ms/step - loss: 4.2535 - accuracy: 0.8750
Epoch 17/25

1/1 [==============================] - ETA: 0s - loss: 4.2112 - accuracy: 0.8750
1/1 [==============================] - 0s 6ms/step - loss: 4.2112 - accuracy: 0.8750
Epoch 18/25

1/1 [==============================] - ETA: 0s - loss: 4.1671 - accuracy: 0.8750
1/1 [==============================] - 0s 7ms/step - loss: 4.1671 - accuracy: 0.8750
Epoch 19/25

1/1 [==============================] - ETA: 0s - loss: 4.1212 - accuracy: 0.8750
1/1 [==============================] - 0s 7ms/step - loss: 4.1212 - accuracy: 0.8750
Epoch 20/25

1/1 [==============================] - ETA: 0s - loss: 4.0734 - accuracy: 0.8750
1/1 [==============================] - 0s 7ms/step - loss: 4.0734 - accuracy: 0.8750
Epoch 21/25

1/1 [==============================] - ETA: 0s - loss: 4.0236 - accuracy: 0.8750
1/1 [==============================] - 0s 6ms/step - loss: 4.0236 - accuracy: 0.8750
Epoch 22/25

1/1 [==============================] - ETA: 0s - loss: 3.9717 - accuracy: 0.8750
1/1 [==============================] - 0s 6ms/step - loss: 3.9717 - accuracy: 0.8750
Epoch 23/25

1/1 [==============================] - ETA: 0s - loss: 3.9178 - accuracy: 0.8750
1/1 [==============================] - 0s 5ms/step - loss: 3.9178 - accuracy: 0.8750
Epoch 24/25

1/1 [==============================] - ETA: 0s - loss: 3.8616 - accuracy: 0.8750
1/1 [==============================] - 0s 6ms/step - loss: 3.8616 - accuracy: 0.8750
Epoch 25/25

1/1 [==============================] - ETA: 0s - loss: 3.8033 - accuracy: 0.8750
1/1 [==============================] - 0s 5ms/step - loss: 3.8033 - accuracy: 0.8750
# node2vec
Epoch 1/25

1/1 [==============================] - ETA: 0s - loss: 4.7658 - accuracy: 0.0625
1/1 [==============================] - 0s 219ms/step - loss: 4.7658 - accuracy: 0.0625
Epoch 2/25

1/1 [==============================] - ETA: 0s - loss: 4.7321 - accuracy: 0.0625
1/1 [==============================] - 0s 3ms/step - loss: 4.7321 - accuracy: 0.0625
Epoch 3/25

1/1 [==============================] - ETA: 0s - loss: 4.6984 - accuracy: 0.0625
1/1 [==============================] - 0s 4ms/step - loss: 4.6984 - accuracy: 0.0625
Epoch 4/25

1/1 [==============================] - ETA: 0s - loss: 4.6647 - accuracy: 0.0625
1/1 [==============================] - 0s 3ms/step - loss: 4.6647 - accuracy: 0.0625
Epoch 5/25

1/1 [==============================] - ETA: 0s - loss: 4.6311 - accuracy: 0.0625
1/1 [==============================] - 0s 3ms/step - loss: 4.6311 - accuracy: 0.0625
Epoch 6/25

1/1 [==============================] - ETA: 0s - loss: 4.5975 - accuracy: 0.0625
1/1 [==============================] - 0s 4ms/step - loss: 4.5975 - accuracy: 0.0625
Epoch 7/25

1/1 [==============================] - ETA: 0s - loss: 4.5640 - accuracy: 0.0625
1/1 [==============================] - 0s 4ms/step - loss: 4.5640 - accuracy: 0.0625
Epoch 8/25

1/1 [==============================] - ETA: 0s - loss: 4.5305 - accuracy: 0.0625
1/1 [==============================] - 0s 3ms/step - loss: 4.5305 - accuracy: 0.0625
Epoch 9/25

1/1 [==============================] - ETA: 0s - loss: 4.4971 - accuracy: 0.0625
1/1 [==============================] - 0s 4ms/step - loss: 4.4971 - accuracy: 0.0625
Epoch 10/25

1/1 [==============================] - ETA: 0s - loss: 4.4637 - accuracy: 0.0625
1/1 [==============================] - 0s 3ms/step - loss: 4.4637 - accuracy: 0.0625
Epoch 11/25

1/1 [==============================] - ETA: 0s - loss: 4.4304 - accuracy: 0.1875
1/1 [==============================] - 0s 4ms/step - loss: 4.4304 - accuracy: 0.1875
Epoch 12/25

1/1 [==============================] - ETA: 0s - loss: 4.3972 - accuracy: 0.1875
1/1 [==============================] - 0s 4ms/step - loss: 4.3972 - accuracy: 0.1875
Epoch 13/25

1/1 [==============================] - ETA: 0s - loss: 4.3640 - accuracy: 0.1875
1/1 [==============================] - 0s 3ms/step - loss: 4.3640 - accuracy: 0.1875
Epoch 14/25

1/1 [==============================] - ETA: 0s - loss: 4.3308 - accuracy: 0.3125
1/1 [==============================] - 0s 4ms/step - loss: 4.3308 - accuracy: 0.3125
Epoch 15/25

1/1 [==============================] - ETA: 0s - loss: 4.2978 - accuracy: 0.3750
1/1 [==============================] - 0s 4ms/step - loss: 4.2978 - accuracy: 0.3750
Epoch 16/25

1/1 [==============================] - ETA: 0s - loss: 4.2648 - accuracy: 0.3750
1/1 [==============================] - 0s 3ms/step - loss: 4.2648 - accuracy: 0.3750
Epoch 17/25

1/1 [==============================] - ETA: 0s - loss: 4.2318 - accuracy: 0.3750
1/1 [==============================] - 0s 4ms/step - loss: 4.2318 - accuracy: 0.3750
Epoch 18/25

1/1 [==============================] - ETA: 0s - loss: 4.1990 - accuracy: 0.3750
1/1 [==============================] - 0s 3ms/step - loss: 4.1990 - accuracy: 0.3750
Epoch 19/25

1/1 [==============================] - ETA: 0s - loss: 4.1662 - accuracy: 0.3750
1/1 [==============================] - 0s 3ms/step - loss: 4.1662 - accuracy: 0.3750
Epoch 20/25

1/1 [==============================] - ETA: 0s - loss: 4.1335 - accuracy: 0.3750
1/1 [==============================] - 0s 3ms/step - loss: 4.1335 - accuracy: 0.3750
Epoch 21/25

1/1 [==============================] - ETA: 0s - loss: 4.1009 - accuracy: 0.5000
1/1 [==============================] - 0s 4ms/step - loss: 4.1009 - accuracy: 0.5000
Epoch 22/25

1/1 [==============================] - ETA: 0s - loss: 4.0683 - accuracy: 0.5000
1/1 [==============================] - 0s 3ms/step - loss: 4.0683 - accuracy: 0.5000
Epoch 23/25

1/1 [==============================] - ETA: 0s - loss: 4.0358 - accuracy: 0.5000
1/1 [==============================] - 0s 4ms/step - loss: 4.0358 - accuracy: 0.5000
Epoch 24/25

1/1 [==============================] - ETA: 0s - loss: 4.0035 - accuracy: 0.5625
1/1 [==============================] - 0s 3ms/step - loss: 4.0035 - accuracy: 0.5625
Epoch 25/25

1/1 [==============================] - ETA: 0s - loss: 3.9712 - accuracy: 0.5625
1/1 [==============================] - 0s 4ms/step - loss: 3.9712 - accuracy: 0.5625
# predict: steps=12
# predict: tnodeembed_metrics
# predict: node2vec_metrics
tnodeembed: {'auc': 0.6898901159512663, 'f1_micro': 0.0, 'f1_macro': 0.0} tNodeEmbed_final_loss=3.803305149078369 tNodeEmbed_final_accuracy=0.875 
node2vec: {'auc': 0.6450360662368543, 'f1_micro': 0.0, 'f1_macro': 0.0} node2vec_final_loss=3.971181869506836 node2vec_final_accuracy=0.5625 
