# load graph
Processing Static file: filename='CollegeMsg_20040505_nodes_310_edges_564_component_0.edges'
# initialize tNodeEmbed for dataset=COLLEGE_NC, test_size=0.2
# load dataset
# fit
# tNodeEmbed steps_per_epoch=1
Epoch 1/25

1/1 [==============================] - ETA: 0s - loss: 4.7350 - accuracy: 0.1250
1/1 [==============================] - 1s 1s/step - loss: 4.7350 - accuracy: 0.1250
Epoch 2/25

1/1 [==============================] - ETA: 0s - loss: 4.7193 - accuracy: 0.1875
1/1 [==============================] - 0s 3ms/step - loss: 4.7193 - accuracy: 0.1875
Epoch 3/25

1/1 [==============================] - ETA: 0s - loss: 4.7035 - accuracy: 0.2500
1/1 [==============================] - 0s 3ms/step - loss: 4.7035 - accuracy: 0.2500
Epoch 4/25

1/1 [==============================] - ETA: 0s - loss: 4.6876 - accuracy: 0.3125
1/1 [==============================] - 0s 4ms/step - loss: 4.6876 - accuracy: 0.3125
Epoch 5/25

1/1 [==============================] - ETA: 0s - loss: 4.6714 - accuracy: 0.3750
1/1 [==============================] - 0s 4ms/step - loss: 4.6714 - accuracy: 0.3750
Epoch 6/25

1/1 [==============================] - ETA: 0s - loss: 4.6550 - accuracy: 0.3750
1/1 [==============================] - 0s 5ms/step - loss: 4.6550 - accuracy: 0.3750
Epoch 7/25

1/1 [==============================] - ETA: 0s - loss: 4.6383 - accuracy: 0.3750
1/1 [==============================] - 0s 4ms/step - loss: 4.6383 - accuracy: 0.3750
Epoch 8/25

1/1 [==============================] - ETA: 0s - loss: 4.6211 - accuracy: 0.3750
1/1 [==============================] - 0s 3ms/step - loss: 4.6211 - accuracy: 0.3750
Epoch 9/25

1/1 [==============================] - ETA: 0s - loss: 4.6034 - accuracy: 0.3750
1/1 [==============================] - 0s 4ms/step - loss: 4.6034 - accuracy: 0.3750
Epoch 10/25

1/1 [==============================] - ETA: 0s - loss: 4.5852 - accuracy: 0.3750
1/1 [==============================] - 0s 4ms/step - loss: 4.5852 - accuracy: 0.3750
Epoch 11/25

1/1 [==============================] - ETA: 0s - loss: 4.5664 - accuracy: 0.3750
1/1 [==============================] - 0s 5ms/step - loss: 4.5664 - accuracy: 0.3750
Epoch 12/25

1/1 [==============================] - ETA: 0s - loss: 4.5469 - accuracy: 0.3750
1/1 [==============================] - 0s 4ms/step - loss: 4.5469 - accuracy: 0.3750
Epoch 13/25

1/1 [==============================] - ETA: 0s - loss: 4.5267 - accuracy: 0.3750
1/1 [==============================] - 0s 4ms/step - loss: 4.5267 - accuracy: 0.3750
Epoch 14/25

1/1 [==============================] - ETA: 0s - loss: 4.5057 - accuracy: 0.3750
1/1 [==============================] - 0s 5ms/step - loss: 4.5057 - accuracy: 0.3750
Epoch 15/25

1/1 [==============================] - ETA: 0s - loss: 4.4840 - accuracy: 0.3750
1/1 [==============================] - 0s 4ms/step - loss: 4.4840 - accuracy: 0.3750
Epoch 16/25

1/1 [==============================] - ETA: 0s - loss: 4.4614 - accuracy: 0.3750
1/1 [==============================] - 0s 5ms/step - loss: 4.4614 - accuracy: 0.3750
Epoch 17/25

1/1 [==============================] - ETA: 0s - loss: 4.4380 - accuracy: 0.3750
1/1 [==============================] - 0s 4ms/step - loss: 4.4380 - accuracy: 0.3750
Epoch 18/25

1/1 [==============================] - ETA: 0s - loss: 4.4137 - accuracy: 0.3750
1/1 [==============================] - 0s 4ms/step - loss: 4.4137 - accuracy: 0.3750
Epoch 19/25

1/1 [==============================] - ETA: 0s - loss: 4.3885 - accuracy: 0.3750
1/1 [==============================] - 0s 4ms/step - loss: 4.3885 - accuracy: 0.3750
Epoch 20/25

1/1 [==============================] - ETA: 0s - loss: 4.3624 - accuracy: 0.3750
1/1 [==============================] - 0s 4ms/step - loss: 4.3624 - accuracy: 0.3750
Epoch 21/25

1/1 [==============================] - ETA: 0s - loss: 4.3354 - accuracy: 0.3750
1/1 [==============================] - 0s 5ms/step - loss: 4.3354 - accuracy: 0.3750
Epoch 22/25

1/1 [==============================] - ETA: 0s - loss: 4.3075 - accuracy: 0.3750
1/1 [==============================] - 0s 5ms/step - loss: 4.3075 - accuracy: 0.3750
Epoch 23/25

1/1 [==============================] - ETA: 0s - loss: 4.2787 - accuracy: 0.3750
1/1 [==============================] - 0s 5ms/step - loss: 4.2787 - accuracy: 0.3750
Epoch 24/25

1/1 [==============================] - ETA: 0s - loss: 4.2490 - accuracy: 0.3750
1/1 [==============================] - 0s 4ms/step - loss: 4.2490 - accuracy: 0.3750
Epoch 25/25

1/1 [==============================] - ETA: 0s - loss: 4.2185 - accuracy: 0.3750
1/1 [==============================] - 0s 4ms/step - loss: 4.2185 - accuracy: 0.3750
# node2vec
Epoch 1/25

1/1 [==============================] - ETA: 0s - loss: 4.7675 - accuracy: 0.1250
1/1 [==============================] - 0s 224ms/step - loss: 4.7675 - accuracy: 0.1250
Epoch 2/25

1/1 [==============================] - ETA: 0s - loss: 4.7539 - accuracy: 0.1250
1/1 [==============================] - 0s 4ms/step - loss: 4.7539 - accuracy: 0.1250
Epoch 3/25

1/1 [==============================] - ETA: 0s - loss: 4.7403 - accuracy: 0.1250
1/1 [==============================] - 0s 3ms/step - loss: 4.7403 - accuracy: 0.1250
Epoch 4/25

1/1 [==============================] - ETA: 0s - loss: 4.7268 - accuracy: 0.1250
1/1 [==============================] - 0s 3ms/step - loss: 4.7268 - accuracy: 0.1250
Epoch 5/25

1/1 [==============================] - ETA: 0s - loss: 4.7132 - accuracy: 0.1250
1/1 [==============================] - 0s 4ms/step - loss: 4.7132 - accuracy: 0.1250
Epoch 6/25

1/1 [==============================] - ETA: 0s - loss: 4.6996 - accuracy: 0.1250
1/1 [==============================] - 0s 5ms/step - loss: 4.6996 - accuracy: 0.1250
Epoch 7/25

1/1 [==============================] - ETA: 0s - loss: 4.6861 - accuracy: 0.1250
1/1 [==============================] - 0s 4ms/step - loss: 4.6861 - accuracy: 0.1250
Epoch 8/25

1/1 [==============================] - ETA: 0s - loss: 4.6726 - accuracy: 0.1250
1/1 [==============================] - 0s 5ms/step - loss: 4.6726 - accuracy: 0.1250
Epoch 9/25

1/1 [==============================] - ETA: 0s - loss: 4.6591 - accuracy: 0.1250
1/1 [==============================] - 0s 4ms/step - loss: 4.6591 - accuracy: 0.1250
Epoch 10/25

1/1 [==============================] - ETA: 0s - loss: 4.6456 - accuracy: 0.1250
1/1 [==============================] - 0s 4ms/step - loss: 4.6456 - accuracy: 0.1250
Epoch 11/25

1/1 [==============================] - ETA: 0s - loss: 4.6321 - accuracy: 0.1250
1/1 [==============================] - 0s 4ms/step - loss: 4.6321 - accuracy: 0.1250
Epoch 12/25

1/1 [==============================] - ETA: 0s - loss: 4.6186 - accuracy: 0.1875
1/1 [==============================] - 0s 4ms/step - loss: 4.6186 - accuracy: 0.1875
Epoch 13/25

1/1 [==============================] - ETA: 0s - loss: 4.6051 - accuracy: 0.1875
1/1 [==============================] - 0s 3ms/step - loss: 4.6051 - accuracy: 0.1875
Epoch 14/25

1/1 [==============================] - ETA: 0s - loss: 4.5917 - accuracy: 0.1875
1/1 [==============================] - 0s 4ms/step - loss: 4.5917 - accuracy: 0.1875
Epoch 15/25

1/1 [==============================] - ETA: 0s - loss: 4.5783 - accuracy: 0.2500
1/1 [==============================] - 0s 4ms/step - loss: 4.5783 - accuracy: 0.2500
Epoch 16/25

1/1 [==============================] - ETA: 0s - loss: 4.5649 - accuracy: 0.2500
1/1 [==============================] - 0s 4ms/step - loss: 4.5649 - accuracy: 0.2500
Epoch 17/25

1/1 [==============================] - ETA: 0s - loss: 4.5515 - accuracy: 0.2500
1/1 [==============================] - 0s 4ms/step - loss: 4.5515 - accuracy: 0.2500
Epoch 18/25

1/1 [==============================] - ETA: 0s - loss: 4.5382 - accuracy: 0.2500
1/1 [==============================] - 0s 4ms/step - loss: 4.5382 - accuracy: 0.2500
Epoch 19/25

1/1 [==============================] - ETA: 0s - loss: 4.5248 - accuracy: 0.2500
1/1 [==============================] - 0s 4ms/step - loss: 4.5248 - accuracy: 0.2500
Epoch 20/25

1/1 [==============================] - ETA: 0s - loss: 4.5115 - accuracy: 0.2500
1/1 [==============================] - 0s 3ms/step - loss: 4.5115 - accuracy: 0.2500
Epoch 21/25

1/1 [==============================] - ETA: 0s - loss: 4.4982 - accuracy: 0.2500
1/1 [==============================] - 0s 4ms/step - loss: 4.4982 - accuracy: 0.2500
Epoch 22/25

1/1 [==============================] - ETA: 0s - loss: 4.4850 - accuracy: 0.2500
1/1 [==============================] - 0s 4ms/step - loss: 4.4850 - accuracy: 0.2500
Epoch 23/25

1/1 [==============================] - ETA: 0s - loss: 4.4717 - accuracy: 0.2500
1/1 [==============================] - 0s 4ms/step - loss: 4.4717 - accuracy: 0.2500
Epoch 24/25

1/1 [==============================] - ETA: 0s - loss: 4.4585 - accuracy: 0.2500
1/1 [==============================] - 0s 4ms/step - loss: 4.4585 - accuracy: 0.2500
Epoch 25/25

1/1 [==============================] - ETA: 0s - loss: 4.4454 - accuracy: 0.3125
1/1 [==============================] - 0s 4ms/step - loss: 4.4454 - accuracy: 0.3125
# predict: steps=12
# predict: tnodeembed_metrics
# predict: node2vec_metrics
tnodeembed: {'auc': 0.6593865062633295, 'f1_micro': 0.0, 'f1_macro': 0.0} tNodeEmbed_final_loss=4.218537330627441 tNodeEmbed_final_accuracy=0.375 
node2vec: {'auc': 0.6017226301081068, 'f1_micro': 0.0, 'f1_macro': 0.0} node2vec_final_loss=4.445366859436035 node2vec_final_accuracy=0.3125 
