# load graph
Processing Static file: filename='CollegeMsg_20040927_nodes_27_edges_28_component_0.edges'
# initialize tNodeEmbed for dataset=COLLEGE_NC, test_size=0.2
# load dataset
# fit
# tNodeEmbed steps_per_epoch=1
Epoch 1/25

1/1 [==============================] - ETA: 0s - loss: 4.7399 - accuracy: 0.0000e+00
1/1 [==============================] - 1s 1s/step - loss: 4.7399 - accuracy: 0.0000e+00
Epoch 2/25

1/1 [==============================] - ETA: 0s - loss: 4.7079 - accuracy: 0.0625
1/1 [==============================] - 0s 6ms/step - loss: 4.7079 - accuracy: 0.0625
Epoch 3/25

1/1 [==============================] - ETA: 0s - loss: 4.6759 - accuracy: 0.0625
1/1 [==============================] - 0s 6ms/step - loss: 4.6759 - accuracy: 0.0625
Epoch 4/25

1/1 [==============================] - ETA: 0s - loss: 4.6437 - accuracy: 0.2500
1/1 [==============================] - 0s 6ms/step - loss: 4.6437 - accuracy: 0.2500
Epoch 5/25

1/1 [==============================] - ETA: 0s - loss: 4.6111 - accuracy: 0.4375
1/1 [==============================] - 0s 5ms/step - loss: 4.6111 - accuracy: 0.4375
Epoch 6/25

1/1 [==============================] - ETA: 0s - loss: 4.5782 - accuracy: 0.7500
1/1 [==============================] - 0s 5ms/step - loss: 4.5782 - accuracy: 0.7500
Epoch 7/25

1/1 [==============================] - ETA: 0s - loss: 4.5448 - accuracy: 0.8750
1/1 [==============================] - 0s 5ms/step - loss: 4.5448 - accuracy: 0.8750
Epoch 8/25

1/1 [==============================] - ETA: 0s - loss: 4.5106 - accuracy: 0.9375
1/1 [==============================] - 0s 5ms/step - loss: 4.5106 - accuracy: 0.9375
Epoch 9/25

1/1 [==============================] - ETA: 0s - loss: 4.4756 - accuracy: 0.9375
1/1 [==============================] - 0s 5ms/step - loss: 4.4756 - accuracy: 0.9375
Epoch 10/25

1/1 [==============================] - ETA: 0s - loss: 4.4397 - accuracy: 0.9375
1/1 [==============================] - 0s 5ms/step - loss: 4.4397 - accuracy: 0.9375
Epoch 11/25

1/1 [==============================] - ETA: 0s - loss: 4.4028 - accuracy: 1.0000
1/1 [==============================] - 0s 5ms/step - loss: 4.4028 - accuracy: 1.0000
Epoch 12/25

1/1 [==============================] - ETA: 0s - loss: 4.3646 - accuracy: 1.0000
1/1 [==============================] - 0s 6ms/step - loss: 4.3646 - accuracy: 1.0000
Epoch 13/25

1/1 [==============================] - ETA: 0s - loss: 4.3252 - accuracy: 1.0000
1/1 [==============================] - 0s 5ms/step - loss: 4.3252 - accuracy: 1.0000
Epoch 14/25

1/1 [==============================] - ETA: 0s - loss: 4.2844 - accuracy: 1.0000
1/1 [==============================] - 0s 5ms/step - loss: 4.2844 - accuracy: 1.0000
Epoch 15/25

1/1 [==============================] - ETA: 0s - loss: 4.2421 - accuracy: 1.0000
1/1 [==============================] - 0s 5ms/step - loss: 4.2421 - accuracy: 1.0000
Epoch 16/25

1/1 [==============================] - ETA: 0s - loss: 4.1982 - accuracy: 1.0000
1/1 [==============================] - 0s 8ms/step - loss: 4.1982 - accuracy: 1.0000
Epoch 17/25

1/1 [==============================] - ETA: 0s - loss: 4.1526 - accuracy: 1.0000
1/1 [==============================] - 0s 7ms/step - loss: 4.1526 - accuracy: 1.0000
Epoch 18/25

1/1 [==============================] - ETA: 0s - loss: 4.1052 - accuracy: 1.0000
1/1 [==============================] - 0s 7ms/step - loss: 4.1052 - accuracy: 1.0000
Epoch 19/25

1/1 [==============================] - ETA: 0s - loss: 4.0560 - accuracy: 1.0000
1/1 [==============================] - 0s 6ms/step - loss: 4.0560 - accuracy: 1.0000
Epoch 20/25

1/1 [==============================] - ETA: 0s - loss: 4.0049 - accuracy: 1.0000
1/1 [==============================] - 0s 5ms/step - loss: 4.0049 - accuracy: 1.0000
Epoch 21/25

1/1 [==============================] - ETA: 0s - loss: 3.9518 - accuracy: 1.0000
1/1 [==============================] - 0s 6ms/step - loss: 3.9518 - accuracy: 1.0000
Epoch 22/25

1/1 [==============================] - ETA: 0s - loss: 3.8966 - accuracy: 1.0000
1/1 [==============================] - 0s 5ms/step - loss: 3.8966 - accuracy: 1.0000
Epoch 23/25

1/1 [==============================] - ETA: 0s - loss: 3.8394 - accuracy: 1.0000
1/1 [==============================] - 0s 5ms/step - loss: 3.8394 - accuracy: 1.0000
Epoch 24/25

1/1 [==============================] - ETA: 0s - loss: 3.7800 - accuracy: 1.0000
1/1 [==============================] - 0s 5ms/step - loss: 3.7800 - accuracy: 1.0000
Epoch 25/25

1/1 [==============================] - ETA: 0s - loss: 3.7185 - accuracy: 1.0000
1/1 [==============================] - 0s 5ms/step - loss: 3.7185 - accuracy: 1.0000
# node2vec
Epoch 1/25

1/1 [==============================] - ETA: 0s - loss: 4.8113 - accuracy: 0.0000e+00
1/1 [==============================] - 0s 262ms/step - loss: 4.8113 - accuracy: 0.0000e+00
Epoch 2/25

1/1 [==============================] - ETA: 0s - loss: 4.7703 - accuracy: 0.0000e+00
1/1 [==============================] - 0s 3ms/step - loss: 4.7703 - accuracy: 0.0000e+00
Epoch 3/25

1/1 [==============================] - ETA: 0s - loss: 4.7294 - accuracy: 0.0000e+00
1/1 [==============================] - 0s 4ms/step - loss: 4.7294 - accuracy: 0.0000e+00
Epoch 4/25

1/1 [==============================] - ETA: 0s - loss: 4.6886 - accuracy: 0.0000e+00
1/1 [==============================] - 0s 3ms/step - loss: 4.6886 - accuracy: 0.0000e+00
Epoch 5/25

1/1 [==============================] - ETA: 0s - loss: 4.6478 - accuracy: 0.0000e+00
1/1 [==============================] - 0s 3ms/step - loss: 4.6478 - accuracy: 0.0000e+00
Epoch 6/25

1/1 [==============================] - ETA: 0s - loss: 4.6070 - accuracy: 0.0000e+00
1/1 [==============================] - 0s 4ms/step - loss: 4.6070 - accuracy: 0.0000e+00
Epoch 7/25

1/1 [==============================] - ETA: 0s - loss: 4.5664 - accuracy: 0.0000e+00
1/1 [==============================] - 0s 3ms/step - loss: 4.5664 - accuracy: 0.0000e+00
Epoch 8/25

1/1 [==============================] - ETA: 0s - loss: 4.5258 - accuracy: 0.0625
1/1 [==============================] - 0s 4ms/step - loss: 4.5258 - accuracy: 0.0625
Epoch 9/25

1/1 [==============================] - ETA: 0s - loss: 4.4852 - accuracy: 0.0625
1/1 [==============================] - 0s 3ms/step - loss: 4.4852 - accuracy: 0.0625
Epoch 10/25

1/1 [==============================] - ETA: 0s - loss: 4.4448 - accuracy: 0.1250
1/1 [==============================] - 0s 4ms/step - loss: 4.4448 - accuracy: 0.1250
Epoch 11/25

1/1 [==============================] - ETA: 0s - loss: 4.4044 - accuracy: 0.2500
1/1 [==============================] - 0s 4ms/step - loss: 4.4044 - accuracy: 0.2500
Epoch 12/25

1/1 [==============================] - ETA: 0s - loss: 4.3641 - accuracy: 0.2500
1/1 [==============================] - 0s 3ms/step - loss: 4.3641 - accuracy: 0.2500
Epoch 13/25

1/1 [==============================] - ETA: 0s - loss: 4.3239 - accuracy: 0.2500
1/1 [==============================] - 0s 5ms/step - loss: 4.3239 - accuracy: 0.2500
Epoch 14/25

1/1 [==============================] - ETA: 0s - loss: 4.2838 - accuracy: 0.3125
1/1 [==============================] - 0s 4ms/step - loss: 4.2838 - accuracy: 0.3125
Epoch 15/25

1/1 [==============================] - ETA: 0s - loss: 4.2437 - accuracy: 0.3125
1/1 [==============================] - 0s 4ms/step - loss: 4.2437 - accuracy: 0.3125
Epoch 16/25

1/1 [==============================] - ETA: 0s - loss: 4.2038 - accuracy: 0.3750
1/1 [==============================] - 0s 3ms/step - loss: 4.2038 - accuracy: 0.3750
Epoch 17/25

1/1 [==============================] - ETA: 0s - loss: 4.1639 - accuracy: 0.3750
1/1 [==============================] - 0s 4ms/step - loss: 4.1639 - accuracy: 0.3750
Epoch 18/25

1/1 [==============================] - ETA: 0s - loss: 4.1242 - accuracy: 0.3750
1/1 [==============================] - 0s 6ms/step - loss: 4.1242 - accuracy: 0.3750
Epoch 19/25

1/1 [==============================] - ETA: 0s - loss: 4.0845 - accuracy: 0.3750
1/1 [==============================] - 0s 4ms/step - loss: 4.0845 - accuracy: 0.3750
Epoch 20/25

1/1 [==============================] - ETA: 0s - loss: 4.0449 - accuracy: 0.3750
1/1 [==============================] - 0s 4ms/step - loss: 4.0449 - accuracy: 0.3750
Epoch 21/25

1/1 [==============================] - ETA: 0s - loss: 4.0055 - accuracy: 0.3750
1/1 [==============================] - 0s 3ms/step - loss: 4.0055 - accuracy: 0.3750
Epoch 22/25

1/1 [==============================] - ETA: 0s - loss: 3.9661 - accuracy: 0.4375
1/1 [==============================] - 0s 4ms/step - loss: 3.9661 - accuracy: 0.4375
Epoch 23/25

1/1 [==============================] - ETA: 0s - loss: 3.9269 - accuracy: 0.5000
1/1 [==============================] - 0s 4ms/step - loss: 3.9269 - accuracy: 0.5000
Epoch 24/25

1/1 [==============================] - ETA: 0s - loss: 3.8878 - accuracy: 0.5625
1/1 [==============================] - 0s 4ms/step - loss: 3.8878 - accuracy: 0.5625
Epoch 25/25

1/1 [==============================] - ETA: 0s - loss: 3.8488 - accuracy: 0.5625
1/1 [==============================] - 0s 5ms/step - loss: 3.8488 - accuracy: 0.5625
# predict: steps=12
# predict: tnodeembed_metrics
# predict: node2vec_metrics
tnodeembed: {'auc': 0.709746831564239, 'f1_micro': 0.0, 'f1_macro': 0.0} tNodeEmbed_final_loss=3.7184948921203613 tNodeEmbed_final_accuracy=1.0 
node2vec: {'auc': 0.6990268550976884, 'f1_micro': 0.0, 'f1_macro': 0.0} node2vec_final_loss=3.848750591278076 node2vec_final_accuracy=0.5625 
