# load graph
Processing Static file: filename='CollegeMsg_20040915_nodes_22_edges_23_component_0.edges'
# initialize tNodeEmbed for dataset=COLLEGE_NC, test_size=0.2
# load dataset
# fit
# tNodeEmbed steps_per_epoch=1
Epoch 1/25

1/1 [==============================] - ETA: 0s - loss: 4.7639 - accuracy: 0.0000e+00
1/1 [==============================] - 1s 1s/step - loss: 4.7639 - accuracy: 0.0000e+00
Epoch 2/25

1/1 [==============================] - ETA: 0s - loss: 4.7288 - accuracy: 0.0000e+00
1/1 [==============================] - 0s 5ms/step - loss: 4.7288 - accuracy: 0.0000e+00
Epoch 3/25

1/1 [==============================] - ETA: 0s - loss: 4.6939 - accuracy: 0.0625
1/1 [==============================] - 0s 6ms/step - loss: 4.6939 - accuracy: 0.0625
Epoch 4/25

1/1 [==============================] - ETA: 0s - loss: 4.6589 - accuracy: 0.1875
1/1 [==============================] - 0s 5ms/step - loss: 4.6589 - accuracy: 0.1875
Epoch 5/25

1/1 [==============================] - ETA: 0s - loss: 4.6238 - accuracy: 0.4375
1/1 [==============================] - 0s 6ms/step - loss: 4.6238 - accuracy: 0.4375
Epoch 6/25

1/1 [==============================] - ETA: 0s - loss: 4.5884 - accuracy: 0.6875
1/1 [==============================] - 0s 6ms/step - loss: 4.5884 - accuracy: 0.6875
Epoch 7/25

1/1 [==============================] - ETA: 0s - loss: 4.5525 - accuracy: 0.8750
1/1 [==============================] - 0s 6ms/step - loss: 4.5525 - accuracy: 0.8750
Epoch 8/25

1/1 [==============================] - ETA: 0s - loss: 4.5160 - accuracy: 0.8750
1/1 [==============================] - 0s 7ms/step - loss: 4.5160 - accuracy: 0.8750
Epoch 9/25

1/1 [==============================] - ETA: 0s - loss: 4.4787 - accuracy: 0.9375
1/1 [==============================] - 0s 7ms/step - loss: 4.4787 - accuracy: 0.9375
Epoch 10/25

1/1 [==============================] - ETA: 0s - loss: 4.4405 - accuracy: 0.9375
1/1 [==============================] - 0s 6ms/step - loss: 4.4405 - accuracy: 0.9375
Epoch 11/25

1/1 [==============================] - ETA: 0s - loss: 4.4012 - accuracy: 0.9375
1/1 [==============================] - 0s 6ms/step - loss: 4.4012 - accuracy: 0.9375
Epoch 12/25

1/1 [==============================] - ETA: 0s - loss: 4.3606 - accuracy: 0.9375
1/1 [==============================] - 0s 6ms/step - loss: 4.3606 - accuracy: 0.9375
Epoch 13/25

1/1 [==============================] - ETA: 0s - loss: 4.3186 - accuracy: 1.0000
1/1 [==============================] - 0s 7ms/step - loss: 4.3186 - accuracy: 1.0000
Epoch 14/25

1/1 [==============================] - ETA: 0s - loss: 4.2751 - accuracy: 1.0000
1/1 [==============================] - 0s 7ms/step - loss: 4.2751 - accuracy: 1.0000
Epoch 15/25

1/1 [==============================] - ETA: 0s - loss: 4.2299 - accuracy: 1.0000
1/1 [==============================] - 0s 6ms/step - loss: 4.2299 - accuracy: 1.0000
Epoch 16/25

1/1 [==============================] - ETA: 0s - loss: 4.1830 - accuracy: 1.0000
1/1 [==============================] - 0s 6ms/step - loss: 4.1830 - accuracy: 1.0000
Epoch 17/25

1/1 [==============================] - ETA: 0s - loss: 4.1342 - accuracy: 1.0000
1/1 [==============================] - 0s 6ms/step - loss: 4.1342 - accuracy: 1.0000
Epoch 18/25

1/1 [==============================] - ETA: 0s - loss: 4.0835 - accuracy: 1.0000
1/1 [==============================] - 0s 6ms/step - loss: 4.0835 - accuracy: 1.0000
Epoch 19/25

1/1 [==============================] - ETA: 0s - loss: 4.0306 - accuracy: 1.0000
1/1 [==============================] - 0s 6ms/step - loss: 4.0306 - accuracy: 1.0000
Epoch 20/25

1/1 [==============================] - ETA: 0s - loss: 3.9755 - accuracy: 1.0000
1/1 [==============================] - 0s 6ms/step - loss: 3.9755 - accuracy: 1.0000
Epoch 21/25

1/1 [==============================] - ETA: 0s - loss: 3.9182 - accuracy: 1.0000
1/1 [==============================] - 0s 5ms/step - loss: 3.9182 - accuracy: 1.0000
Epoch 22/25

1/1 [==============================] - ETA: 0s - loss: 3.8586 - accuracy: 1.0000
1/1 [==============================] - 0s 6ms/step - loss: 3.8586 - accuracy: 1.0000
Epoch 23/25

1/1 [==============================] - ETA: 0s - loss: 3.7965 - accuracy: 1.0000
1/1 [==============================] - 0s 6ms/step - loss: 3.7965 - accuracy: 1.0000
Epoch 24/25

1/1 [==============================] - ETA: 0s - loss: 3.7320 - accuracy: 1.0000
1/1 [==============================] - 0s 7ms/step - loss: 3.7320 - accuracy: 1.0000
Epoch 25/25

1/1 [==============================] - ETA: 0s - loss: 3.6649 - accuracy: 1.0000
1/1 [==============================] - 0s 6ms/step - loss: 3.6649 - accuracy: 1.0000
# node2vec
Epoch 1/25

1/1 [==============================] - ETA: 0s - loss: 4.8112 - accuracy: 0.0000e+00
1/1 [==============================] - 0s 196ms/step - loss: 4.8112 - accuracy: 0.0000e+00
Epoch 2/25

1/1 [==============================] - ETA: 0s - loss: 4.7713 - accuracy: 0.0000e+00
1/1 [==============================] - 0s 3ms/step - loss: 4.7713 - accuracy: 0.0000e+00
Epoch 3/25

1/1 [==============================] - ETA: 0s - loss: 4.7314 - accuracy: 0.0000e+00
1/1 [==============================] - 0s 4ms/step - loss: 4.7314 - accuracy: 0.0000e+00
Epoch 4/25

1/1 [==============================] - ETA: 0s - loss: 4.6915 - accuracy: 0.0000e+00
1/1 [==============================] - 0s 13ms/step - loss: 4.6915 - accuracy: 0.0000e+00
Epoch 5/25

1/1 [==============================] - ETA: 0s - loss: 4.6517 - accuracy: 0.0000e+00
1/1 [==============================] - 0s 5ms/step - loss: 4.6517 - accuracy: 0.0000e+00
Epoch 6/25

1/1 [==============================] - ETA: 0s - loss: 4.6120 - accuracy: 0.0000e+00
1/1 [==============================] - 0s 5ms/step - loss: 4.6120 - accuracy: 0.0000e+00
Epoch 7/25

1/1 [==============================] - ETA: 0s - loss: 4.5723 - accuracy: 0.0000e+00
1/1 [==============================] - 0s 4ms/step - loss: 4.5723 - accuracy: 0.0000e+00
Epoch 8/25

1/1 [==============================] - ETA: 0s - loss: 4.5327 - accuracy: 0.0000e+00
1/1 [==============================] - 0s 4ms/step - loss: 4.5327 - accuracy: 0.0000e+00
Epoch 9/25

1/1 [==============================] - ETA: 0s - loss: 4.4931 - accuracy: 0.0000e+00
1/1 [==============================] - 0s 4ms/step - loss: 4.4931 - accuracy: 0.0000e+00
Epoch 10/25

1/1 [==============================] - ETA: 0s - loss: 4.4536 - accuracy: 0.0000e+00
1/1 [==============================] - 0s 4ms/step - loss: 4.4536 - accuracy: 0.0000e+00
Epoch 11/25

1/1 [==============================] - ETA: 0s - loss: 4.4142 - accuracy: 0.0625
1/1 [==============================] - 0s 3ms/step - loss: 4.4142 - accuracy: 0.0625
Epoch 12/25

1/1 [==============================] - ETA: 0s - loss: 4.3749 - accuracy: 0.1875
1/1 [==============================] - 0s 4ms/step - loss: 4.3749 - accuracy: 0.1875
Epoch 13/25

1/1 [==============================] - ETA: 0s - loss: 4.3356 - accuracy: 0.1875
1/1 [==============================] - 0s 4ms/step - loss: 4.3356 - accuracy: 0.1875
Epoch 14/25

1/1 [==============================] - ETA: 0s - loss: 4.2965 - accuracy: 0.2500
1/1 [==============================] - 0s 3ms/step - loss: 4.2965 - accuracy: 0.2500
Epoch 15/25

1/1 [==============================] - ETA: 0s - loss: 4.2574 - accuracy: 0.3750
1/1 [==============================] - 0s 3ms/step - loss: 4.2574 - accuracy: 0.3750
Epoch 16/25

1/1 [==============================] - ETA: 0s - loss: 4.2184 - accuracy: 0.3750
1/1 [==============================] - 0s 4ms/step - loss: 4.2184 - accuracy: 0.3750
Epoch 17/25

1/1 [==============================] - ETA: 0s - loss: 4.1795 - accuracy: 0.4375
1/1 [==============================] - 0s 4ms/step - loss: 4.1795 - accuracy: 0.4375
Epoch 18/25

1/1 [==============================] - ETA: 0s - loss: 4.1407 - accuracy: 0.5000
1/1 [==============================] - 0s 4ms/step - loss: 4.1407 - accuracy: 0.5000
Epoch 19/25

1/1 [==============================] - ETA: 0s - loss: 4.1019 - accuracy: 0.5000
1/1 [==============================] - 0s 3ms/step - loss: 4.1019 - accuracy: 0.5000
Epoch 20/25

1/1 [==============================] - ETA: 0s - loss: 4.0633 - accuracy: 0.5000
1/1 [==============================] - 0s 3ms/step - loss: 4.0633 - accuracy: 0.5000
Epoch 21/25

1/1 [==============================] - ETA: 0s - loss: 4.0248 - accuracy: 0.5000
1/1 [==============================] - 0s 4ms/step - loss: 4.0248 - accuracy: 0.5000
Epoch 22/25

1/1 [==============================] - ETA: 0s - loss: 3.9863 - accuracy: 0.5625
1/1 [==============================] - 0s 4ms/step - loss: 3.9863 - accuracy: 0.5625
Epoch 23/25

1/1 [==============================] - ETA: 0s - loss: 3.9480 - accuracy: 0.5625
1/1 [==============================] - 0s 3ms/step - loss: 3.9480 - accuracy: 0.5625
Epoch 24/25

1/1 [==============================] - ETA: 0s - loss: 3.9098 - accuracy: 0.5625
1/1 [==============================] - 0s 3ms/step - loss: 3.9098 - accuracy: 0.5625
Epoch 25/25

1/1 [==============================] - ETA: 0s - loss: 3.8717 - accuracy: 0.5625
1/1 [==============================] - 0s 3ms/step - loss: 3.8717 - accuracy: 0.5625
# predict: steps=12
# predict: tnodeembed_metrics
# predict: node2vec_metrics
tnodeembed: {'auc': 0.6490657098031525, 'f1_micro': 0.0, 'f1_macro': 0.0} tNodeEmbed_final_loss=3.6649203300476074 tNodeEmbed_final_accuracy=1.0 
node2vec: {'auc': 0.5823577881008997, 'f1_micro': 0.0, 'f1_macro': 0.0} node2vec_final_loss=3.8716986179351807 node2vec_final_accuracy=0.5625 
