# load graph
Processing Static file: filename='CollegeMsg_20040815_nodes_8_edges_7_component_0.edges'
# initialize tNodeEmbed for dataset=COLLEGE_NC, test_size=0.2
# load dataset
# fit
# tNodeEmbed steps_per_epoch=1
Epoch 1/25

1/1 [==============================] - ETA: 0s - loss: 4.7285 - accuracy: 0.0000e+00
1/1 [==============================] - 1s 1s/step - loss: 4.7285 - accuracy: 0.0000e+00
Epoch 2/25

1/1 [==============================] - ETA: 0s - loss: 4.6974 - accuracy: 0.0625
1/1 [==============================] - 0s 4ms/step - loss: 4.6974 - accuracy: 0.0625
Epoch 3/25

1/1 [==============================] - ETA: 0s - loss: 4.6662 - accuracy: 0.1250
1/1 [==============================] - 0s 6ms/step - loss: 4.6662 - accuracy: 0.1250
Epoch 4/25

1/1 [==============================] - ETA: 0s - loss: 4.6348 - accuracy: 0.3750
1/1 [==============================] - 0s 7ms/step - loss: 4.6348 - accuracy: 0.3750
Epoch 5/25

1/1 [==============================] - ETA: 0s - loss: 4.6031 - accuracy: 0.5625
1/1 [==============================] - 0s 6ms/step - loss: 4.6031 - accuracy: 0.5625
Epoch 6/25

1/1 [==============================] - ETA: 0s - loss: 4.5708 - accuracy: 0.8125
1/1 [==============================] - 0s 5ms/step - loss: 4.5708 - accuracy: 0.8125
Epoch 7/25

1/1 [==============================] - ETA: 0s - loss: 4.5380 - accuracy: 0.8125
1/1 [==============================] - 0s 5ms/step - loss: 4.5380 - accuracy: 0.8125
Epoch 8/25

1/1 [==============================] - ETA: 0s - loss: 4.5045 - accuracy: 0.9375
1/1 [==============================] - 0s 4ms/step - loss: 4.5045 - accuracy: 0.9375
Epoch 9/25

1/1 [==============================] - ETA: 0s - loss: 4.4701 - accuracy: 0.9375
1/1 [==============================] - 0s 5ms/step - loss: 4.4701 - accuracy: 0.9375
Epoch 10/25

1/1 [==============================] - ETA: 0s - loss: 4.4348 - accuracy: 0.9375
1/1 [==============================] - 0s 5ms/step - loss: 4.4348 - accuracy: 0.9375
Epoch 11/25

1/1 [==============================] - ETA: 0s - loss: 4.3983 - accuracy: 0.9375
1/1 [==============================] - 0s 6ms/step - loss: 4.3983 - accuracy: 0.9375
Epoch 12/25

1/1 [==============================] - ETA: 0s - loss: 4.3607 - accuracy: 0.9375
1/1 [==============================] - 0s 5ms/step - loss: 4.3607 - accuracy: 0.9375
Epoch 13/25

1/1 [==============================] - ETA: 0s - loss: 4.3217 - accuracy: 0.9375
1/1 [==============================] - 0s 5ms/step - loss: 4.3217 - accuracy: 0.9375
Epoch 14/25

1/1 [==============================] - ETA: 0s - loss: 4.2813 - accuracy: 0.9375
1/1 [==============================] - 0s 5ms/step - loss: 4.2813 - accuracy: 0.9375
Epoch 15/25

1/1 [==============================] - ETA: 0s - loss: 4.2393 - accuracy: 0.9375
1/1 [==============================] - 0s 6ms/step - loss: 4.2393 - accuracy: 0.9375
Epoch 16/25

1/1 [==============================] - ETA: 0s - loss: 4.1958 - accuracy: 0.9375
1/1 [==============================] - 0s 4ms/step - loss: 4.1958 - accuracy: 0.9375
Epoch 17/25

1/1 [==============================] - ETA: 0s - loss: 4.1505 - accuracy: 0.9375
1/1 [==============================] - 0s 5ms/step - loss: 4.1505 - accuracy: 0.9375
Epoch 18/25

1/1 [==============================] - ETA: 0s - loss: 4.1034 - accuracy: 0.9375
1/1 [==============================] - 0s 5ms/step - loss: 4.1034 - accuracy: 0.9375
Epoch 19/25

1/1 [==============================] - ETA: 0s - loss: 4.0544 - accuracy: 0.9375
1/1 [==============================] - 0s 5ms/step - loss: 4.0544 - accuracy: 0.9375
Epoch 20/25

1/1 [==============================] - ETA: 0s - loss: 4.0034 - accuracy: 0.9375
1/1 [==============================] - 0s 6ms/step - loss: 4.0034 - accuracy: 0.9375
Epoch 21/25

1/1 [==============================] - ETA: 0s - loss: 3.9504 - accuracy: 0.9375
1/1 [==============================] - 0s 5ms/step - loss: 3.9504 - accuracy: 0.9375
Epoch 22/25

1/1 [==============================] - ETA: 0s - loss: 3.8953 - accuracy: 0.9375
1/1 [==============================] - 0s 6ms/step - loss: 3.8953 - accuracy: 0.9375
Epoch 23/25

1/1 [==============================] - ETA: 0s - loss: 3.8380 - accuracy: 0.9375
1/1 [==============================] - 0s 4ms/step - loss: 3.8380 - accuracy: 0.9375
Epoch 24/25

1/1 [==============================] - ETA: 0s - loss: 3.7786 - accuracy: 0.9375
1/1 [==============================] - 0s 4ms/step - loss: 3.7786 - accuracy: 0.9375
Epoch 25/25

1/1 [==============================] - ETA: 0s - loss: 3.7169 - accuracy: 0.9375
1/1 [==============================] - 0s 5ms/step - loss: 3.7169 - accuracy: 0.9375
# node2vec
Epoch 1/25

1/1 [==============================] - ETA: 0s - loss: 4.8347 - accuracy: 0.0000e+00
1/1 [==============================] - 0s 200ms/step - loss: 4.8347 - accuracy: 0.0000e+00
Epoch 2/25

1/1 [==============================] - ETA: 0s - loss: 4.7971 - accuracy: 0.0000e+00
1/1 [==============================] - 0s 4ms/step - loss: 4.7971 - accuracy: 0.0000e+00
Epoch 3/25

1/1 [==============================] - ETA: 0s - loss: 4.7596 - accuracy: 0.0000e+00
1/1 [==============================] - 0s 5ms/step - loss: 4.7596 - accuracy: 0.0000e+00
Epoch 4/25

1/1 [==============================] - ETA: 0s - loss: 4.7221 - accuracy: 0.0000e+00
1/1 [==============================] - 0s 4ms/step - loss: 4.7221 - accuracy: 0.0000e+00
Epoch 5/25

1/1 [==============================] - ETA: 0s - loss: 4.6847 - accuracy: 0.0000e+00
1/1 [==============================] - 0s 5ms/step - loss: 4.6847 - accuracy: 0.0000e+00
Epoch 6/25

1/1 [==============================] - ETA: 0s - loss: 4.6473 - accuracy: 0.0000e+00
1/1 [==============================] - 0s 5ms/step - loss: 4.6473 - accuracy: 0.0000e+00
Epoch 7/25

1/1 [==============================] - ETA: 0s - loss: 4.6100 - accuracy: 0.0000e+00
1/1 [==============================] - 0s 5ms/step - loss: 4.6100 - accuracy: 0.0000e+00
Epoch 8/25

1/1 [==============================] - ETA: 0s - loss: 4.5728 - accuracy: 0.0625
1/1 [==============================] - 0s 4ms/step - loss: 4.5728 - accuracy: 0.0625
Epoch 9/25

1/1 [==============================] - ETA: 0s - loss: 4.5356 - accuracy: 0.0625
1/1 [==============================] - 0s 4ms/step - loss: 4.5356 - accuracy: 0.0625
Epoch 10/25

1/1 [==============================] - ETA: 0s - loss: 4.4985 - accuracy: 0.0625
1/1 [==============================] - 0s 5ms/step - loss: 4.4985 - accuracy: 0.0625
Epoch 11/25

1/1 [==============================] - ETA: 0s - loss: 4.4615 - accuracy: 0.0625
1/1 [==============================] - 0s 4ms/step - loss: 4.4615 - accuracy: 0.0625
Epoch 12/25

1/1 [==============================] - ETA: 0s - loss: 4.4245 - accuracy: 0.0625
1/1 [==============================] - 0s 4ms/step - loss: 4.4245 - accuracy: 0.0625
Epoch 13/25

1/1 [==============================] - ETA: 0s - loss: 4.3876 - accuracy: 0.1250
1/1 [==============================] - 0s 7ms/step - loss: 4.3876 - accuracy: 0.1250
Epoch 14/25

1/1 [==============================] - ETA: 0s - loss: 4.3508 - accuracy: 0.1250
1/1 [==============================] - 0s 6ms/step - loss: 4.3508 - accuracy: 0.1250
Epoch 15/25

1/1 [==============================] - ETA: 0s - loss: 4.3140 - accuracy: 0.1250
1/1 [==============================] - 0s 6ms/step - loss: 4.3140 - accuracy: 0.1250
Epoch 16/25

1/1 [==============================] - ETA: 0s - loss: 4.2774 - accuracy: 0.1250
1/1 [==============================] - 0s 5ms/step - loss: 4.2774 - accuracy: 0.1250
Epoch 17/25

1/1 [==============================] - ETA: 0s - loss: 4.2408 - accuracy: 0.1250
1/1 [==============================] - 0s 5ms/step - loss: 4.2408 - accuracy: 0.1250
Epoch 18/25

1/1 [==============================] - ETA: 0s - loss: 4.2043 - accuracy: 0.1250
1/1 [==============================] - 0s 4ms/step - loss: 4.2043 - accuracy: 0.1250
Epoch 19/25

1/1 [==============================] - ETA: 0s - loss: 4.1679 - accuracy: 0.1875
1/1 [==============================] - 0s 4ms/step - loss: 4.1679 - accuracy: 0.1875
Epoch 20/25

1/1 [==============================] - ETA: 0s - loss: 4.1316 - accuracy: 0.2500
1/1 [==============================] - 0s 4ms/step - loss: 4.1316 - accuracy: 0.2500
Epoch 21/25

1/1 [==============================] - ETA: 0s - loss: 4.0954 - accuracy: 0.2500
1/1 [==============================] - 0s 3ms/step - loss: 4.0954 - accuracy: 0.2500
Epoch 22/25

1/1 [==============================] - ETA: 0s - loss: 4.0593 - accuracy: 0.2500
1/1 [==============================] - 0s 4ms/step - loss: 4.0593 - accuracy: 0.2500
Epoch 23/25

1/1 [==============================] - ETA: 0s - loss: 4.0232 - accuracy: 0.2500
1/1 [==============================] - 0s 4ms/step - loss: 4.0232 - accuracy: 0.2500
Epoch 24/25

1/1 [==============================] - ETA: 0s - loss: 3.9873 - accuracy: 0.2500
1/1 [==============================] - 0s 3ms/step - loss: 3.9873 - accuracy: 0.2500
Epoch 25/25

1/1 [==============================] - ETA: 0s - loss: 3.9515 - accuracy: 0.3125
1/1 [==============================] - 0s 3ms/step - loss: 3.9515 - accuracy: 0.3125
# predict: steps=12
# predict: tnodeembed_metrics
# predict: node2vec_metrics
tnodeembed: {'auc': 0.7280849042727918, 'f1_micro': 0.0, 'f1_macro': 0.0} tNodeEmbed_final_loss=3.716850757598877 tNodeEmbed_final_accuracy=0.9375 
node2vec: {'auc': 0.661132271468144, 'f1_micro': 0.0, 'f1_macro': 0.0} node2vec_final_loss=3.95150089263916 node2vec_final_accuracy=0.3125 
