# load graph
Processing Static file: filename='CollegeMsg_20040812_nodes_24_edges_23_component_0.edges'
# initialize tNodeEmbed for dataset=COLLEGE_NC, test_size=0.2
# load dataset
# fit
# tNodeEmbed steps_per_epoch=1
Epoch 1/25

1/1 [==============================] - ETA: 0s - loss: 4.7217 - accuracy: 0.0000e+00
1/1 [==============================] - 1s 1s/step - loss: 4.7217 - accuracy: 0.0000e+00
Epoch 2/25

1/1 [==============================] - ETA: 0s - loss: 4.6886 - accuracy: 0.0625
1/1 [==============================] - 0s 4ms/step - loss: 4.6886 - accuracy: 0.0625
Epoch 3/25

1/1 [==============================] - ETA: 0s - loss: 4.6554 - accuracy: 0.0625
1/1 [==============================] - 0s 5ms/step - loss: 4.6554 - accuracy: 0.0625
Epoch 4/25

1/1 [==============================] - ETA: 0s - loss: 4.6217 - accuracy: 0.4375
1/1 [==============================] - 0s 6ms/step - loss: 4.6217 - accuracy: 0.4375
Epoch 5/25

1/1 [==============================] - ETA: 0s - loss: 4.5876 - accuracy: 0.4375
1/1 [==============================] - 0s 6ms/step - loss: 4.5876 - accuracy: 0.4375
Epoch 6/25

1/1 [==============================] - ETA: 0s - loss: 4.5528 - accuracy: 0.6875
1/1 [==============================] - 0s 5ms/step - loss: 4.5528 - accuracy: 0.6875
Epoch 7/25

1/1 [==============================] - ETA: 0s - loss: 4.5173 - accuracy: 0.8125
1/1 [==============================] - 0s 6ms/step - loss: 4.5173 - accuracy: 0.8125
Epoch 8/25

1/1 [==============================] - ETA: 0s - loss: 4.4809 - accuracy: 0.9375
1/1 [==============================] - 0s 6ms/step - loss: 4.4809 - accuracy: 0.9375
Epoch 9/25

1/1 [==============================] - ETA: 0s - loss: 4.4435 - accuracy: 0.9375
1/1 [==============================] - 0s 5ms/step - loss: 4.4435 - accuracy: 0.9375
Epoch 10/25

1/1 [==============================] - ETA: 0s - loss: 4.4049 - accuracy: 0.9375
1/1 [==============================] - 0s 5ms/step - loss: 4.4049 - accuracy: 0.9375
Epoch 11/25

1/1 [==============================] - ETA: 0s - loss: 4.3650 - accuracy: 0.9375
1/1 [==============================] - 0s 4ms/step - loss: 4.3650 - accuracy: 0.9375
Epoch 12/25

1/1 [==============================] - ETA: 0s - loss: 4.3237 - accuracy: 0.9375
1/1 [==============================] - 0s 4ms/step - loss: 4.3237 - accuracy: 0.9375
Epoch 13/25

1/1 [==============================] - ETA: 0s - loss: 4.2810 - accuracy: 0.9375
1/1 [==============================] - 0s 5ms/step - loss: 4.2810 - accuracy: 0.9375
Epoch 14/25

1/1 [==============================] - ETA: 0s - loss: 4.2365 - accuracy: 0.9375
1/1 [==============================] - 0s 4ms/step - loss: 4.2365 - accuracy: 0.9375
Epoch 15/25

1/1 [==============================] - ETA: 0s - loss: 4.1904 - accuracy: 0.9375
1/1 [==============================] - 0s 5ms/step - loss: 4.1904 - accuracy: 0.9375
Epoch 16/25

1/1 [==============================] - ETA: 0s - loss: 4.1424 - accuracy: 0.9375
1/1 [==============================] - 0s 5ms/step - loss: 4.1424 - accuracy: 0.9375
Epoch 17/25

1/1 [==============================] - ETA: 0s - loss: 4.0926 - accuracy: 0.9375
1/1 [==============================] - 0s 6ms/step - loss: 4.0926 - accuracy: 0.9375
Epoch 18/25

1/1 [==============================] - ETA: 0s - loss: 4.0407 - accuracy: 0.9375
1/1 [==============================] - 0s 5ms/step - loss: 4.0407 - accuracy: 0.9375
Epoch 19/25

1/1 [==============================] - ETA: 0s - loss: 3.9867 - accuracy: 0.9375
1/1 [==============================] - 0s 5ms/step - loss: 3.9867 - accuracy: 0.9375
Epoch 20/25

1/1 [==============================] - ETA: 0s - loss: 3.9306 - accuracy: 0.9375
1/1 [==============================] - 0s 5ms/step - loss: 3.9306 - accuracy: 0.9375
Epoch 21/25

1/1 [==============================] - ETA: 0s - loss: 3.8724 - accuracy: 0.9375
1/1 [==============================] - 0s 4ms/step - loss: 3.8724 - accuracy: 0.9375
Epoch 22/25

1/1 [==============================] - ETA: 0s - loss: 3.8118 - accuracy: 0.9375
1/1 [==============================] - 0s 4ms/step - loss: 3.8118 - accuracy: 0.9375
Epoch 23/25

1/1 [==============================] - ETA: 0s - loss: 3.7491 - accuracy: 0.9375
1/1 [==============================] - 0s 5ms/step - loss: 3.7491 - accuracy: 0.9375
Epoch 24/25

1/1 [==============================] - ETA: 0s - loss: 3.6840 - accuracy: 0.9375
1/1 [==============================] - 0s 4ms/step - loss: 3.6840 - accuracy: 0.9375
Epoch 25/25

1/1 [==============================] - ETA: 0s - loss: 3.6166 - accuracy: 0.9375
1/1 [==============================] - 0s 4ms/step - loss: 3.6166 - accuracy: 0.9375
# node2vec
Epoch 1/25

1/1 [==============================] - ETA: 0s - loss: 4.7289 - accuracy: 0.1250
1/1 [==============================] - 0s 232ms/step - loss: 4.7289 - accuracy: 0.1250
Epoch 2/25

1/1 [==============================] - ETA: 0s - loss: 4.6892 - accuracy: 0.1250
1/1 [==============================] - 0s 3ms/step - loss: 4.6892 - accuracy: 0.1250
Epoch 3/25

1/1 [==============================] - ETA: 0s - loss: 4.6496 - accuracy: 0.1250
1/1 [==============================] - 0s 3ms/step - loss: 4.6496 - accuracy: 0.1250
Epoch 4/25

1/1 [==============================] - ETA: 0s - loss: 4.6100 - accuracy: 0.1250
1/1 [==============================] - 0s 3ms/step - loss: 4.6100 - accuracy: 0.1250
Epoch 5/25

1/1 [==============================] - ETA: 0s - loss: 4.5705 - accuracy: 0.1250
1/1 [==============================] - 0s 3ms/step - loss: 4.5705 - accuracy: 0.1250
Epoch 6/25

1/1 [==============================] - ETA: 0s - loss: 4.5310 - accuracy: 0.1250
1/1 [==============================] - 0s 4ms/step - loss: 4.5310 - accuracy: 0.1250
Epoch 7/25

1/1 [==============================] - ETA: 0s - loss: 4.4916 - accuracy: 0.1250
1/1 [==============================] - 0s 3ms/step - loss: 4.4916 - accuracy: 0.1250
Epoch 8/25

1/1 [==============================] - ETA: 0s - loss: 4.4523 - accuracy: 0.1250
1/1 [==============================] - 0s 3ms/step - loss: 4.4523 - accuracy: 0.1250
Epoch 9/25

1/1 [==============================] - ETA: 0s - loss: 4.4130 - accuracy: 0.1250
1/1 [==============================] - 0s 3ms/step - loss: 4.4130 - accuracy: 0.1250
Epoch 10/25

1/1 [==============================] - ETA: 0s - loss: 4.3738 - accuracy: 0.1875
1/1 [==============================] - 0s 3ms/step - loss: 4.3738 - accuracy: 0.1875
Epoch 11/25

1/1 [==============================] - ETA: 0s - loss: 4.3347 - accuracy: 0.1875
1/1 [==============================] - 0s 3ms/step - loss: 4.3347 - accuracy: 0.1875
Epoch 12/25

1/1 [==============================] - ETA: 0s - loss: 4.2957 - accuracy: 0.1875
1/1 [==============================] - 0s 3ms/step - loss: 4.2957 - accuracy: 0.1875
Epoch 13/25

1/1 [==============================] - ETA: 0s - loss: 4.2567 - accuracy: 0.1875
1/1 [==============================] - 0s 4ms/step - loss: 4.2567 - accuracy: 0.1875
Epoch 14/25

1/1 [==============================] - ETA: 0s - loss: 4.2179 - accuracy: 0.1875
1/1 [==============================] - 0s 3ms/step - loss: 4.2179 - accuracy: 0.1875
Epoch 15/25

1/1 [==============================] - ETA: 0s - loss: 4.1791 - accuracy: 0.2500
1/1 [==============================] - 0s 3ms/step - loss: 4.1791 - accuracy: 0.2500
Epoch 16/25

1/1 [==============================] - ETA: 0s - loss: 4.1404 - accuracy: 0.3125
1/1 [==============================] - 0s 3ms/step - loss: 4.1404 - accuracy: 0.3125
Epoch 17/25

1/1 [==============================] - ETA: 0s - loss: 4.1018 - accuracy: 0.4375
1/1 [==============================] - 0s 3ms/step - loss: 4.1018 - accuracy: 0.4375
Epoch 18/25

1/1 [==============================] - ETA: 0s - loss: 4.0633 - accuracy: 0.4375
1/1 [==============================] - 0s 2ms/step - loss: 4.0633 - accuracy: 0.4375
Epoch 19/25

1/1 [==============================] - ETA: 0s - loss: 4.0249 - accuracy: 0.5000
1/1 [==============================] - 0s 3ms/step - loss: 4.0249 - accuracy: 0.5000
Epoch 20/25

1/1 [==============================] - ETA: 0s - loss: 3.9866 - accuracy: 0.5000
1/1 [==============================] - 0s 3ms/step - loss: 3.9866 - accuracy: 0.5000
Epoch 21/25

1/1 [==============================] - ETA: 0s - loss: 3.9484 - accuracy: 0.5000
1/1 [==============================] - 0s 3ms/step - loss: 3.9484 - accuracy: 0.5000
Epoch 22/25

1/1 [==============================] - ETA: 0s - loss: 3.9103 - accuracy: 0.5000
1/1 [==============================] - 0s 2ms/step - loss: 3.9103 - accuracy: 0.5000
Epoch 23/25

1/1 [==============================] - ETA: 0s - loss: 3.8723 - accuracy: 0.5000
1/1 [==============================] - 0s 3ms/step - loss: 3.8723 - accuracy: 0.5000
Epoch 24/25

1/1 [==============================] - ETA: 0s - loss: 3.8344 - accuracy: 0.6250
1/1 [==============================] - 0s 3ms/step - loss: 3.8344 - accuracy: 0.6250
Epoch 25/25

1/1 [==============================] - ETA: 0s - loss: 3.7967 - accuracy: 0.6250
1/1 [==============================] - 0s 3ms/step - loss: 3.7967 - accuracy: 0.6250
# predict: steps=12
# predict: tnodeembed_metrics
# predict: node2vec_metrics
tnodeembed: {'auc': 0.7194096413600372, 'f1_micro': 0.0, 'f1_macro': 0.0} tNodeEmbed_final_loss=3.6166481971740723 tNodeEmbed_final_accuracy=0.9375 
node2vec: {'auc': 0.6396858529649695, 'f1_micro': 0.0, 'f1_macro': 0.0} node2vec_final_loss=3.7966580390930176 node2vec_final_accuracy=0.625 
