# load graph
Processing Static file: filename='CollegeMsg_20040911_nodes_14_edges_13_component_0.edges'
# initialize tNodeEmbed for dataset=COLLEGE_NC, test_size=0.2
# load dataset
# fit
# tNodeEmbed steps_per_epoch=1
Epoch 1/25

1/1 [==============================] - ETA: 0s - loss: 4.7461 - accuracy: 0.0625
1/1 [==============================] - 1s 1s/step - loss: 4.7461 - accuracy: 0.0625
Epoch 2/25

1/1 [==============================] - ETA: 0s - loss: 4.7127 - accuracy: 0.0625
1/1 [==============================] - 0s 6ms/step - loss: 4.7127 - accuracy: 0.0625
Epoch 3/25

1/1 [==============================] - ETA: 0s - loss: 4.6792 - accuracy: 0.0625
1/1 [==============================] - 0s 6ms/step - loss: 4.6792 - accuracy: 0.0625
Epoch 4/25

1/1 [==============================] - ETA: 0s - loss: 4.6454 - accuracy: 0.1875
1/1 [==============================] - 0s 6ms/step - loss: 4.6454 - accuracy: 0.1875
Epoch 5/25

1/1 [==============================] - ETA: 0s - loss: 4.6114 - accuracy: 0.5000
1/1 [==============================] - 0s 7ms/step - loss: 4.6114 - accuracy: 0.5000
Epoch 6/25

1/1 [==============================] - ETA: 0s - loss: 4.5768 - accuracy: 0.6250
1/1 [==============================] - 0s 7ms/step - loss: 4.5768 - accuracy: 0.6250
Epoch 7/25

1/1 [==============================] - ETA: 0s - loss: 4.5417 - accuracy: 0.8125
1/1 [==============================] - 0s 6ms/step - loss: 4.5417 - accuracy: 0.8125
Epoch 8/25

1/1 [==============================] - ETA: 0s - loss: 4.5057 - accuracy: 0.8750
1/1 [==============================] - 0s 7ms/step - loss: 4.5057 - accuracy: 0.8750
Epoch 9/25

1/1 [==============================] - ETA: 0s - loss: 4.4688 - accuracy: 0.8750
1/1 [==============================] - 0s 6ms/step - loss: 4.4688 - accuracy: 0.8750
Epoch 10/25

1/1 [==============================] - ETA: 0s - loss: 4.4308 - accuracy: 0.8750
1/1 [==============================] - 0s 7ms/step - loss: 4.4308 - accuracy: 0.8750
Epoch 11/25

1/1 [==============================] - ETA: 0s - loss: 4.3915 - accuracy: 0.9375
1/1 [==============================] - 0s 8ms/step - loss: 4.3915 - accuracy: 0.9375
Epoch 12/25

1/1 [==============================] - ETA: 0s - loss: 4.3509 - accuracy: 0.9375
1/1 [==============================] - 0s 8ms/step - loss: 4.3509 - accuracy: 0.9375
Epoch 13/25

1/1 [==============================] - ETA: 0s - loss: 4.3088 - accuracy: 1.0000
1/1 [==============================] - 0s 7ms/step - loss: 4.3088 - accuracy: 1.0000
Epoch 14/25

1/1 [==============================] - ETA: 0s - loss: 4.2650 - accuracy: 1.0000
1/1 [==============================] - 0s 7ms/step - loss: 4.2650 - accuracy: 1.0000
Epoch 15/25

1/1 [==============================] - ETA: 0s - loss: 4.2195 - accuracy: 1.0000
1/1 [==============================] - 0s 7ms/step - loss: 4.2195 - accuracy: 1.0000
Epoch 16/25

1/1 [==============================] - ETA: 0s - loss: 4.1721 - accuracy: 1.0000
1/1 [==============================] - 0s 7ms/step - loss: 4.1721 - accuracy: 1.0000
Epoch 17/25

1/1 [==============================] - ETA: 0s - loss: 4.1228 - accuracy: 1.0000
1/1 [==============================] - 0s 7ms/step - loss: 4.1228 - accuracy: 1.0000
Epoch 18/25

1/1 [==============================] - ETA: 0s - loss: 4.0714 - accuracy: 1.0000
1/1 [==============================] - 0s 6ms/step - loss: 4.0714 - accuracy: 1.0000
Epoch 19/25

1/1 [==============================] - ETA: 0s - loss: 4.0178 - accuracy: 1.0000
1/1 [==============================] - 0s 7ms/step - loss: 4.0178 - accuracy: 1.0000
Epoch 20/25

1/1 [==============================] - ETA: 0s - loss: 3.9620 - accuracy: 1.0000
1/1 [==============================] - 0s 8ms/step - loss: 3.9620 - accuracy: 1.0000
Epoch 21/25

1/1 [==============================] - ETA: 0s - loss: 3.9039 - accuracy: 1.0000
1/1 [==============================] - 0s 6ms/step - loss: 3.9039 - accuracy: 1.0000
Epoch 22/25

1/1 [==============================] - ETA: 0s - loss: 3.8434 - accuracy: 1.0000
1/1 [==============================] - 0s 6ms/step - loss: 3.8434 - accuracy: 1.0000
Epoch 23/25

1/1 [==============================] - ETA: 0s - loss: 3.7805 - accuracy: 1.0000
1/1 [==============================] - 0s 7ms/step - loss: 3.7805 - accuracy: 1.0000
Epoch 24/25

1/1 [==============================] - ETA: 0s - loss: 3.7152 - accuracy: 1.0000
1/1 [==============================] - 0s 6ms/step - loss: 3.7152 - accuracy: 1.0000
Epoch 25/25

1/1 [==============================] - ETA: 0s - loss: 3.6473 - accuracy: 1.0000
1/1 [==============================] - 0s 6ms/step - loss: 3.6473 - accuracy: 1.0000
# node2vec
Epoch 1/25

1/1 [==============================] - ETA: 0s - loss: 4.8568 - accuracy: 0.0625
1/1 [==============================] - 0s 189ms/step - loss: 4.8568 - accuracy: 0.0625
Epoch 2/25

1/1 [==============================] - ETA: 0s - loss: 4.8202 - accuracy: 0.0625
1/1 [==============================] - 0s 2ms/step - loss: 4.8202 - accuracy: 0.0625
Epoch 3/25

1/1 [==============================] - ETA: 0s - loss: 4.7837 - accuracy: 0.1250
1/1 [==============================] - 0s 3ms/step - loss: 4.7837 - accuracy: 0.1250
Epoch 4/25

1/1 [==============================] - ETA: 0s - loss: 4.7472 - accuracy: 0.1250
1/1 [==============================] - 0s 4ms/step - loss: 4.7472 - accuracy: 0.1250
Epoch 5/25

1/1 [==============================] - ETA: 0s - loss: 4.7107 - accuracy: 0.1250
1/1 [==============================] - 0s 4ms/step - loss: 4.7107 - accuracy: 0.1250
Epoch 6/25

1/1 [==============================] - ETA: 0s - loss: 4.6744 - accuracy: 0.1250
1/1 [==============================] - 0s 4ms/step - loss: 4.6744 - accuracy: 0.1250
Epoch 7/25

1/1 [==============================] - ETA: 0s - loss: 4.6380 - accuracy: 0.1250
1/1 [==============================] - 0s 4ms/step - loss: 4.6380 - accuracy: 0.1250
Epoch 8/25

1/1 [==============================] - ETA: 0s - loss: 4.6018 - accuracy: 0.1250
1/1 [==============================] - 0s 4ms/step - loss: 4.6018 - accuracy: 0.1250
Epoch 9/25

1/1 [==============================] - ETA: 0s - loss: 4.5655 - accuracy: 0.1875
1/1 [==============================] - 0s 4ms/step - loss: 4.5655 - accuracy: 0.1875
Epoch 10/25

1/1 [==============================] - ETA: 0s - loss: 4.5294 - accuracy: 0.1875
1/1 [==============================] - 0s 4ms/step - loss: 4.5294 - accuracy: 0.1875
Epoch 11/25

1/1 [==============================] - ETA: 0s - loss: 4.4933 - accuracy: 0.1875
1/1 [==============================] - 0s 4ms/step - loss: 4.4933 - accuracy: 0.1875
Epoch 12/25

1/1 [==============================] - ETA: 0s - loss: 4.4573 - accuracy: 0.1875
1/1 [==============================] - 0s 4ms/step - loss: 4.4573 - accuracy: 0.1875
Epoch 13/25

1/1 [==============================] - ETA: 0s - loss: 4.4213 - accuracy: 0.1875
1/1 [==============================] - 0s 4ms/step - loss: 4.4213 - accuracy: 0.1875
Epoch 14/25

1/1 [==============================] - ETA: 0s - loss: 4.3855 - accuracy: 0.1875
1/1 [==============================] - 0s 3ms/step - loss: 4.3855 - accuracy: 0.1875
Epoch 15/25

1/1 [==============================] - ETA: 0s - loss: 4.3497 - accuracy: 0.1875
1/1 [==============================] - 0s 5ms/step - loss: 4.3497 - accuracy: 0.1875
Epoch 16/25

1/1 [==============================] - ETA: 0s - loss: 4.3139 - accuracy: 0.2500
1/1 [==============================] - 0s 3ms/step - loss: 4.3139 - accuracy: 0.2500
Epoch 17/25

1/1 [==============================] - ETA: 0s - loss: 4.2783 - accuracy: 0.2500
1/1 [==============================] - 0s 4ms/step - loss: 4.2783 - accuracy: 0.2500
Epoch 18/25

1/1 [==============================] - ETA: 0s - loss: 4.2427 - accuracy: 0.3125
1/1 [==============================] - 0s 4ms/step - loss: 4.2427 - accuracy: 0.3125
Epoch 19/25

1/1 [==============================] - ETA: 0s - loss: 4.2072 - accuracy: 0.3125
1/1 [==============================] - 0s 4ms/step - loss: 4.2072 - accuracy: 0.3125
Epoch 20/25

1/1 [==============================] - ETA: 0s - loss: 4.1718 - accuracy: 0.3125
1/1 [==============================] - 0s 4ms/step - loss: 4.1718 - accuracy: 0.3125
Epoch 21/25

1/1 [==============================] - ETA: 0s - loss: 4.1365 - accuracy: 0.3125
1/1 [==============================] - 0s 3ms/step - loss: 4.1365 - accuracy: 0.3125
Epoch 22/25

1/1 [==============================] - ETA: 0s - loss: 4.1013 - accuracy: 0.3125
1/1 [==============================] - 0s 4ms/step - loss: 4.1013 - accuracy: 0.3125
Epoch 23/25

1/1 [==============================] - ETA: 0s - loss: 4.0662 - accuracy: 0.3125
1/1 [==============================] - 0s 3ms/step - loss: 4.0662 - accuracy: 0.3125
Epoch 24/25

1/1 [==============================] - ETA: 0s - loss: 4.0312 - accuracy: 0.3750
1/1 [==============================] - 0s 4ms/step - loss: 4.0312 - accuracy: 0.3750
Epoch 25/25

1/1 [==============================] - ETA: 0s - loss: 3.9963 - accuracy: 0.3750
1/1 [==============================] - 0s 4ms/step - loss: 3.9963 - accuracy: 0.3750
# predict: steps=12
# predict: tnodeembed_metrics
# predict: node2vec_metrics
tnodeembed: {'auc': 0.7322061689505552, 'f1_micro': 0.0, 'f1_macro': 0.0} tNodeEmbed_final_loss=3.647348642349243 tNodeEmbed_final_accuracy=1.0 
node2vec: {'auc': 0.6793837177947196, 'f1_micro': 0.0, 'f1_macro': 0.0} node2vec_final_loss=3.996276378631592 node2vec_final_accuracy=0.375 
