# load graph
Processing Static file: filename='CollegeMsg_20040823_nodes_45_edges_46_component_0.edges'
# initialize tNodeEmbed for dataset=COLLEGE_NC, test_size=0.2
# load dataset
# fit
# tNodeEmbed steps_per_epoch=1
Epoch 1/25

1/1 [==============================] - ETA: 0s - loss: 4.7340 - accuracy: 0.0000e+00
1/1 [==============================] - 1s 1s/step - loss: 4.7340 - accuracy: 0.0000e+00
Epoch 2/25

1/1 [==============================] - ETA: 0s - loss: 4.7022 - accuracy: 0.0000e+00
1/1 [==============================] - 0s 4ms/step - loss: 4.7022 - accuracy: 0.0000e+00
Epoch 3/25

1/1 [==============================] - ETA: 0s - loss: 4.6702 - accuracy: 0.0625
1/1 [==============================] - 0s 5ms/step - loss: 4.6702 - accuracy: 0.0625
Epoch 4/25

1/1 [==============================] - ETA: 0s - loss: 4.6380 - accuracy: 0.3125
1/1 [==============================] - 0s 4ms/step - loss: 4.6380 - accuracy: 0.3125
Epoch 5/25

1/1 [==============================] - ETA: 0s - loss: 4.6055 - accuracy: 0.5000
1/1 [==============================] - 0s 6ms/step - loss: 4.6055 - accuracy: 0.5000
Epoch 6/25

1/1 [==============================] - ETA: 0s - loss: 4.5724 - accuracy: 0.7500
1/1 [==============================] - 0s 5ms/step - loss: 4.5724 - accuracy: 0.7500
Epoch 7/25

1/1 [==============================] - ETA: 0s - loss: 4.5388 - accuracy: 0.8125
1/1 [==============================] - 0s 5ms/step - loss: 4.5388 - accuracy: 0.8125
Epoch 8/25

1/1 [==============================] - ETA: 0s - loss: 4.5044 - accuracy: 0.8750
1/1 [==============================] - 0s 6ms/step - loss: 4.5044 - accuracy: 0.8750
Epoch 9/25

1/1 [==============================] - ETA: 0s - loss: 4.4691 - accuracy: 0.9375
1/1 [==============================] - 0s 6ms/step - loss: 4.4691 - accuracy: 0.9375
Epoch 10/25

1/1 [==============================] - ETA: 0s - loss: 4.4328 - accuracy: 0.9375
1/1 [==============================] - 0s 5ms/step - loss: 4.4328 - accuracy: 0.9375
Epoch 11/25

1/1 [==============================] - ETA: 0s - loss: 4.3953 - accuracy: 0.9375
1/1 [==============================] - 0s 6ms/step - loss: 4.3953 - accuracy: 0.9375
Epoch 12/25

1/1 [==============================] - ETA: 0s - loss: 4.3566 - accuracy: 0.9375
1/1 [==============================] - 0s 5ms/step - loss: 4.3566 - accuracy: 0.9375
Epoch 13/25

1/1 [==============================] - ETA: 0s - loss: 4.3166 - accuracy: 1.0000
1/1 [==============================] - 0s 5ms/step - loss: 4.3166 - accuracy: 1.0000
Epoch 14/25

1/1 [==============================] - ETA: 0s - loss: 4.2751 - accuracy: 1.0000
1/1 [==============================] - 0s 5ms/step - loss: 4.2751 - accuracy: 1.0000
Epoch 15/25

1/1 [==============================] - ETA: 0s - loss: 4.2320 - accuracy: 1.0000
1/1 [==============================] - 0s 5ms/step - loss: 4.2320 - accuracy: 1.0000
Epoch 16/25

1/1 [==============================] - ETA: 0s - loss: 4.1872 - accuracy: 1.0000
1/1 [==============================] - 0s 5ms/step - loss: 4.1872 - accuracy: 1.0000
Epoch 17/25

1/1 [==============================] - ETA: 0s - loss: 4.1407 - accuracy: 1.0000
1/1 [==============================] - 0s 5ms/step - loss: 4.1407 - accuracy: 1.0000
Epoch 18/25

1/1 [==============================] - ETA: 0s - loss: 4.0924 - accuracy: 1.0000
1/1 [==============================] - 0s 5ms/step - loss: 4.0924 - accuracy: 1.0000
Epoch 19/25

1/1 [==============================] - ETA: 0s - loss: 4.0421 - accuracy: 1.0000
1/1 [==============================] - 0s 6ms/step - loss: 4.0421 - accuracy: 1.0000
Epoch 20/25

1/1 [==============================] - ETA: 0s - loss: 3.9898 - accuracy: 1.0000
1/1 [==============================] - 0s 5ms/step - loss: 3.9898 - accuracy: 1.0000
Epoch 21/25

1/1 [==============================] - ETA: 0s - loss: 3.9355 - accuracy: 1.0000
1/1 [==============================] - 0s 5ms/step - loss: 3.9355 - accuracy: 1.0000
Epoch 22/25

1/1 [==============================] - ETA: 0s - loss: 3.8790 - accuracy: 1.0000
1/1 [==============================] - 0s 5ms/step - loss: 3.8790 - accuracy: 1.0000
Epoch 23/25

1/1 [==============================] - ETA: 0s - loss: 3.8204 - accuracy: 1.0000
1/1 [==============================] - 0s 5ms/step - loss: 3.8204 - accuracy: 1.0000
Epoch 24/25

1/1 [==============================] - ETA: 0s - loss: 3.7595 - accuracy: 1.0000
1/1 [==============================] - 0s 5ms/step - loss: 3.7595 - accuracy: 1.0000
Epoch 25/25

1/1 [==============================] - ETA: 0s - loss: 3.6964 - accuracy: 1.0000
1/1 [==============================] - 0s 5ms/step - loss: 3.6964 - accuracy: 1.0000
# node2vec
Epoch 1/25

1/1 [==============================] - ETA: 0s - loss: 4.7570 - accuracy: 0.0000e+00
1/1 [==============================] - 0s 195ms/step - loss: 4.7570 - accuracy: 0.0000e+00
Epoch 2/25

1/1 [==============================] - ETA: 0s - loss: 4.7180 - accuracy: 0.0000e+00
1/1 [==============================] - 0s 3ms/step - loss: 4.7180 - accuracy: 0.0000e+00
Epoch 3/25

1/1 [==============================] - ETA: 0s - loss: 4.6790 - accuracy: 0.0000e+00
1/1 [==============================] - 0s 4ms/step - loss: 4.6790 - accuracy: 0.0000e+00
Epoch 4/25

1/1 [==============================] - ETA: 0s - loss: 4.6400 - accuracy: 0.0000e+00
1/1 [==============================] - 0s 3ms/step - loss: 4.6400 - accuracy: 0.0000e+00
Epoch 5/25

1/1 [==============================] - ETA: 0s - loss: 4.6011 - accuracy: 0.0000e+00
1/1 [==============================] - 0s 3ms/step - loss: 4.6011 - accuracy: 0.0000e+00
Epoch 6/25

1/1 [==============================] - ETA: 0s - loss: 4.5622 - accuracy: 0.0000e+00
1/1 [==============================] - 0s 4ms/step - loss: 4.5622 - accuracy: 0.0000e+00
Epoch 7/25

1/1 [==============================] - ETA: 0s - loss: 4.5234 - accuracy: 0.0000e+00
1/1 [==============================] - 0s 3ms/step - loss: 4.5234 - accuracy: 0.0000e+00
Epoch 8/25

1/1 [==============================] - ETA: 0s - loss: 4.4847 - accuracy: 0.0625
1/1 [==============================] - 0s 3ms/step - loss: 4.4847 - accuracy: 0.0625
Epoch 9/25

1/1 [==============================] - ETA: 0s - loss: 4.4460 - accuracy: 0.0625
1/1 [==============================] - 0s 4ms/step - loss: 4.4460 - accuracy: 0.0625
Epoch 10/25

1/1 [==============================] - ETA: 0s - loss: 4.4074 - accuracy: 0.0625
1/1 [==============================] - 0s 3ms/step - loss: 4.4074 - accuracy: 0.0625
Epoch 11/25

1/1 [==============================] - ETA: 0s - loss: 4.3689 - accuracy: 0.0625
1/1 [==============================] - 0s 3ms/step - loss: 4.3689 - accuracy: 0.0625
Epoch 12/25

1/1 [==============================] - ETA: 0s - loss: 4.3305 - accuracy: 0.1250
1/1 [==============================] - 0s 4ms/step - loss: 4.3305 - accuracy: 0.1250
Epoch 13/25

1/1 [==============================] - ETA: 0s - loss: 4.2921 - accuracy: 0.1250
1/1 [==============================] - 0s 3ms/step - loss: 4.2921 - accuracy: 0.1250
Epoch 14/25

1/1 [==============================] - ETA: 0s - loss: 4.2538 - accuracy: 0.2500
1/1 [==============================] - 0s 3ms/step - loss: 4.2538 - accuracy: 0.2500
Epoch 15/25

1/1 [==============================] - ETA: 0s - loss: 4.2155 - accuracy: 0.2500
1/1 [==============================] - 0s 4ms/step - loss: 4.2155 - accuracy: 0.2500
Epoch 16/25

1/1 [==============================] - ETA: 0s - loss: 4.1774 - accuracy: 0.2500
1/1 [==============================] - 0s 3ms/step - loss: 4.1774 - accuracy: 0.2500
Epoch 17/25

1/1 [==============================] - ETA: 0s - loss: 4.1393 - accuracy: 0.3125
1/1 [==============================] - 0s 3ms/step - loss: 4.1393 - accuracy: 0.3125
Epoch 18/25

1/1 [==============================] - ETA: 0s - loss: 4.1014 - accuracy: 0.3125
1/1 [==============================] - 0s 3ms/step - loss: 4.1014 - accuracy: 0.3125
Epoch 19/25

1/1 [==============================] - ETA: 0s - loss: 4.0635 - accuracy: 0.3125
1/1 [==============================] - 0s 4ms/step - loss: 4.0635 - accuracy: 0.3125
Epoch 20/25

1/1 [==============================] - ETA: 0s - loss: 4.0257 - accuracy: 0.3750
1/1 [==============================] - 0s 3ms/step - loss: 4.0257 - accuracy: 0.3750
Epoch 21/25

1/1 [==============================] - ETA: 0s - loss: 3.9880 - accuracy: 0.4375
1/1 [==============================] - 0s 5ms/step - loss: 3.9880 - accuracy: 0.4375
Epoch 22/25

1/1 [==============================] - ETA: 0s - loss: 3.9504 - accuracy: 0.6250
1/1 [==============================] - 0s 4ms/step - loss: 3.9504 - accuracy: 0.6250
Epoch 23/25

1/1 [==============================] - ETA: 0s - loss: 3.9129 - accuracy: 0.6250
1/1 [==============================] - 0s 3ms/step - loss: 3.9129 - accuracy: 0.6250
Epoch 24/25

1/1 [==============================] - ETA: 0s - loss: 3.8755 - accuracy: 0.6250
1/1 [==============================] - 0s 3ms/step - loss: 3.8755 - accuracy: 0.6250
Epoch 25/25

1/1 [==============================] - ETA: 0s - loss: 3.8382 - accuracy: 0.6250
1/1 [==============================] - 0s 4ms/step - loss: 3.8382 - accuracy: 0.6250
# predict: steps=12
# predict: tnodeembed_metrics
# predict: node2vec_metrics
tnodeembed: {'auc': 0.72672783933518, 'f1_micro': 0.0, 'f1_macro': 0.0} tNodeEmbed_final_loss=3.6963958740234375 tNodeEmbed_final_accuracy=1.0 
node2vec: {'auc': 0.714988876768073, 'f1_micro': 0.0, 'f1_macro': 0.0} node2vec_final_loss=3.8381905555725098 node2vec_final_accuracy=0.625 
