# load graph
Processing Static file: filename='CollegeMsg_20040426_nodes_110_edges_157_component_0.edges'
# initialize tNodeEmbed for dataset=COLLEGE_NC, test_size=0.2
# load dataset
# fit
# tNodeEmbed steps_per_epoch=1
Epoch 1/25

1/1 [==============================] - ETA: 0s - loss: 4.7342 - accuracy: 0.1250
1/1 [==============================] - 1s 1s/step - loss: 4.7342 - accuracy: 0.1250
Epoch 2/25

1/1 [==============================] - ETA: 0s - loss: 4.7253 - accuracy: 0.0625
1/1 [==============================] - 0s 4ms/step - loss: 4.7253 - accuracy: 0.0625
Epoch 3/25

1/1 [==============================] - ETA: 0s - loss: 4.7162 - accuracy: 0.1875
1/1 [==============================] - 0s 4ms/step - loss: 4.7162 - accuracy: 0.1875
Epoch 4/25

1/1 [==============================] - ETA: 0s - loss: 4.7071 - accuracy: 0.1875
1/1 [==============================] - 0s 4ms/step - loss: 4.7071 - accuracy: 0.1875
Epoch 5/25

1/1 [==============================] - ETA: 0s - loss: 4.6978 - accuracy: 0.1875
1/1 [==============================] - 0s 4ms/step - loss: 4.6978 - accuracy: 0.1875
Epoch 6/25

1/1 [==============================] - ETA: 0s - loss: 4.6883 - accuracy: 0.1875
1/1 [==============================] - 0s 4ms/step - loss: 4.6883 - accuracy: 0.1875
Epoch 7/25

1/1 [==============================] - ETA: 0s - loss: 4.6785 - accuracy: 0.1875
1/1 [==============================] - 0s 5ms/step - loss: 4.6785 - accuracy: 0.1875
Epoch 8/25

1/1 [==============================] - ETA: 0s - loss: 4.6685 - accuracy: 0.1875
1/1 [==============================] - 0s 5ms/step - loss: 4.6685 - accuracy: 0.1875
Epoch 9/25

1/1 [==============================] - ETA: 0s - loss: 4.6581 - accuracy: 0.1875
1/1 [==============================] - 0s 5ms/step - loss: 4.6581 - accuracy: 0.1875
Epoch 10/25

1/1 [==============================] - ETA: 0s - loss: 4.6473 - accuracy: 0.1875
1/1 [==============================] - 0s 5ms/step - loss: 4.6473 - accuracy: 0.1875
Epoch 11/25

1/1 [==============================] - ETA: 0s - loss: 4.6362 - accuracy: 0.1875
1/1 [==============================] - 0s 5ms/step - loss: 4.6362 - accuracy: 0.1875
Epoch 12/25

1/1 [==============================] - ETA: 0s - loss: 4.6246 - accuracy: 0.1875
1/1 [==============================] - 0s 5ms/step - loss: 4.6246 - accuracy: 0.1875
Epoch 13/25

1/1 [==============================] - ETA: 0s - loss: 4.6125 - accuracy: 0.1875
1/1 [==============================] - 0s 6ms/step - loss: 4.6125 - accuracy: 0.1875
Epoch 14/25

1/1 [==============================] - ETA: 0s - loss: 4.6000 - accuracy: 0.1875
1/1 [==============================] - 0s 5ms/step - loss: 4.6000 - accuracy: 0.1875
Epoch 15/25

1/1 [==============================] - ETA: 0s - loss: 4.5869 - accuracy: 0.1875
1/1 [==============================] - 0s 5ms/step - loss: 4.5869 - accuracy: 0.1875
Epoch 16/25

1/1 [==============================] - ETA: 0s - loss: 4.5734 - accuracy: 0.1875
1/1 [==============================] - 0s 5ms/step - loss: 4.5734 - accuracy: 0.1875
Epoch 17/25

1/1 [==============================] - ETA: 0s - loss: 4.5592 - accuracy: 0.1875
1/1 [==============================] - 0s 5ms/step - loss: 4.5592 - accuracy: 0.1875
Epoch 18/25

1/1 [==============================] - ETA: 0s - loss: 4.5446 - accuracy: 0.1875
1/1 [==============================] - 0s 4ms/step - loss: 4.5446 - accuracy: 0.1875
Epoch 19/25

1/1 [==============================] - ETA: 0s - loss: 4.5293 - accuracy: 0.1875
1/1 [==============================] - 0s 4ms/step - loss: 4.5293 - accuracy: 0.1875
Epoch 20/25

1/1 [==============================] - ETA: 0s - loss: 4.5135 - accuracy: 0.1875
1/1 [==============================] - 0s 4ms/step - loss: 4.5135 - accuracy: 0.1875
Epoch 21/25

1/1 [==============================] - ETA: 0s - loss: 4.4972 - accuracy: 0.1875
1/1 [==============================] - 0s 4ms/step - loss: 4.4972 - accuracy: 0.1875
Epoch 22/25

1/1 [==============================] - ETA: 0s - loss: 4.4803 - accuracy: 0.1875
1/1 [==============================] - 0s 4ms/step - loss: 4.4803 - accuracy: 0.1875
Epoch 23/25

1/1 [==============================] - ETA: 0s - loss: 4.4628 - accuracy: 0.1875
1/1 [==============================] - 0s 4ms/step - loss: 4.4628 - accuracy: 0.1875
Epoch 24/25

1/1 [==============================] - ETA: 0s - loss: 4.4448 - accuracy: 0.1875
1/1 [==============================] - 0s 5ms/step - loss: 4.4448 - accuracy: 0.1875
Epoch 25/25

1/1 [==============================] - ETA: 0s - loss: 4.4263 - accuracy: 0.1875
1/1 [==============================] - 0s 4ms/step - loss: 4.4263 - accuracy: 0.1875
# node2vec
Epoch 1/25

1/1 [==============================] - ETA: 0s - loss: 4.7679 - accuracy: 0.1250
1/1 [==============================] - 0s 198ms/step - loss: 4.7679 - accuracy: 0.1250
Epoch 2/25

1/1 [==============================] - ETA: 0s - loss: 4.7610 - accuracy: 0.1250
1/1 [==============================] - 0s 3ms/step - loss: 4.7610 - accuracy: 0.1250
Epoch 3/25

1/1 [==============================] - ETA: 0s - loss: 4.7541 - accuracy: 0.1250
1/1 [==============================] - 0s 2ms/step - loss: 4.7541 - accuracy: 0.1250
Epoch 4/25

1/1 [==============================] - ETA: 0s - loss: 4.7472 - accuracy: 0.1250
1/1 [==============================] - 0s 3ms/step - loss: 4.7472 - accuracy: 0.1250
Epoch 5/25

1/1 [==============================] - ETA: 0s - loss: 4.7402 - accuracy: 0.1250
1/1 [==============================] - 0s 3ms/step - loss: 4.7402 - accuracy: 0.1250
Epoch 6/25

1/1 [==============================] - ETA: 0s - loss: 4.7333 - accuracy: 0.1250
1/1 [==============================] - 0s 4ms/step - loss: 4.7333 - accuracy: 0.1250
Epoch 7/25

1/1 [==============================] - ETA: 0s - loss: 4.7264 - accuracy: 0.1250
1/1 [==============================] - 0s 3ms/step - loss: 4.7264 - accuracy: 0.1250
Epoch 8/25

1/1 [==============================] - ETA: 0s - loss: 4.7195 - accuracy: 0.1250
1/1 [==============================] - 0s 3ms/step - loss: 4.7195 - accuracy: 0.1250
Epoch 9/25

1/1 [==============================] - ETA: 0s - loss: 4.7126 - accuracy: 0.1250
1/1 [==============================] - 0s 4ms/step - loss: 4.7126 - accuracy: 0.1250
Epoch 10/25

1/1 [==============================] - ETA: 0s - loss: 4.7057 - accuracy: 0.1250
1/1 [==============================] - 0s 4ms/step - loss: 4.7057 - accuracy: 0.1250
Epoch 11/25

1/1 [==============================] - ETA: 0s - loss: 4.6988 - accuracy: 0.1250
1/1 [==============================] - 0s 3ms/step - loss: 4.6988 - accuracy: 0.1250
Epoch 12/25

1/1 [==============================] - ETA: 0s - loss: 4.6920 - accuracy: 0.1250
1/1 [==============================] - 0s 4ms/step - loss: 4.6920 - accuracy: 0.1250
Epoch 13/25

1/1 [==============================] - ETA: 0s - loss: 4.6851 - accuracy: 0.1250
1/1 [==============================] - 0s 3ms/step - loss: 4.6851 - accuracy: 0.1250
Epoch 14/25

1/1 [==============================] - ETA: 0s - loss: 4.6782 - accuracy: 0.1250
1/1 [==============================] - 0s 3ms/step - loss: 4.6782 - accuracy: 0.1250
Epoch 15/25

1/1 [==============================] - ETA: 0s - loss: 4.6713 - accuracy: 0.1250
1/1 [==============================] - 0s 3ms/step - loss: 4.6713 - accuracy: 0.1250
Epoch 16/25

1/1 [==============================] - ETA: 0s - loss: 4.6645 - accuracy: 0.1875
1/1 [==============================] - 0s 3ms/step - loss: 4.6645 - accuracy: 0.1875
Epoch 17/25

1/1 [==============================] - ETA: 0s - loss: 4.6576 - accuracy: 0.1875
1/1 [==============================] - 0s 3ms/step - loss: 4.6576 - accuracy: 0.1875
Epoch 18/25

1/1 [==============================] - ETA: 0s - loss: 4.6507 - accuracy: 0.1875
1/1 [==============================] - 0s 3ms/step - loss: 4.6507 - accuracy: 0.1875
Epoch 19/25

1/1 [==============================] - ETA: 0s - loss: 4.6439 - accuracy: 0.1875
1/1 [==============================] - 0s 3ms/step - loss: 4.6439 - accuracy: 0.1875
Epoch 20/25

1/1 [==============================] - ETA: 0s - loss: 4.6370 - accuracy: 0.1875
1/1 [==============================] - 0s 3ms/step - loss: 4.6370 - accuracy: 0.1875
Epoch 21/25

1/1 [==============================] - ETA: 0s - loss: 4.6302 - accuracy: 0.1875
1/1 [==============================] - 0s 4ms/step - loss: 4.6302 - accuracy: 0.1875
Epoch 22/25

1/1 [==============================] - ETA: 0s - loss: 4.6234 - accuracy: 0.1875
1/1 [==============================] - 0s 3ms/step - loss: 4.6234 - accuracy: 0.1875
Epoch 23/25

1/1 [==============================] - ETA: 0s - loss: 4.6166 - accuracy: 0.1875
1/1 [==============================] - 0s 3ms/step - loss: 4.6166 - accuracy: 0.1875
Epoch 24/25

1/1 [==============================] - ETA: 0s - loss: 4.6097 - accuracy: 0.1875
1/1 [==============================] - 0s 3ms/step - loss: 4.6097 - accuracy: 0.1875
Epoch 25/25

1/1 [==============================] - ETA: 0s - loss: 4.6029 - accuracy: 0.1875
1/1 [==============================] - 0s 3ms/step - loss: 4.6029 - accuracy: 0.1875
# predict: steps=12
# predict: tnodeembed_metrics
# predict: node2vec_metrics
tnodeembed: {'auc': 0.7629601892481553, 'f1_micro': 0.0, 'f1_macro': 0.0} tNodeEmbed_final_loss=4.426346302032471 tNodeEmbed_final_accuracy=0.1875 
node2vec: {'auc': 0.7348922609271199, 'f1_micro': 0.0, 'f1_macro': 0.0} node2vec_final_loss=4.602931976318359 node2vec_final_accuracy=0.1875 
