# load graph
Processing Static file: filename='CollegeMsg_20041016_nodes_3_edges_2_component_0.edges'
# initialize tNodeEmbed for dataset=COLLEGE_NC, test_size=0.2
# load dataset
# fit
# tNodeEmbed steps_per_epoch=1
Epoch 1/25

1/1 [==============================] - ETA: 0s - loss: 4.7386 - accuracy: 0.0000e+00
1/1 [==============================] - 1s 1s/step - loss: 4.7386 - accuracy: 0.0000e+00
Epoch 2/25

1/1 [==============================] - ETA: 0s - loss: 4.7035 - accuracy: 0.0000e+00
1/1 [==============================] - 0s 4ms/step - loss: 4.7035 - accuracy: 0.0000e+00
Epoch 3/25

1/1 [==============================] - ETA: 0s - loss: 4.6684 - accuracy: 0.2500
1/1 [==============================] - 0s 4ms/step - loss: 4.6684 - accuracy: 0.2500
Epoch 4/25

1/1 [==============================] - ETA: 0s - loss: 4.6331 - accuracy: 0.4375
1/1 [==============================] - 0s 5ms/step - loss: 4.6331 - accuracy: 0.4375
Epoch 5/25

1/1 [==============================] - ETA: 0s - loss: 4.5974 - accuracy: 0.6250
1/1 [==============================] - 0s 5ms/step - loss: 4.5974 - accuracy: 0.6250
Epoch 6/25

1/1 [==============================] - ETA: 0s - loss: 4.5613 - accuracy: 0.6875
1/1 [==============================] - 0s 5ms/step - loss: 4.5613 - accuracy: 0.6875
Epoch 7/25

1/1 [==============================] - ETA: 0s - loss: 4.5245 - accuracy: 0.7500
1/1 [==============================] - 0s 5ms/step - loss: 4.5245 - accuracy: 0.7500
Epoch 8/25

1/1 [==============================] - ETA: 0s - loss: 4.4869 - accuracy: 0.8125
1/1 [==============================] - 0s 5ms/step - loss: 4.4869 - accuracy: 0.8125
Epoch 9/25

1/1 [==============================] - ETA: 0s - loss: 4.4483 - accuracy: 0.8125
1/1 [==============================] - 0s 6ms/step - loss: 4.4483 - accuracy: 0.8125
Epoch 10/25

1/1 [==============================] - ETA: 0s - loss: 4.4085 - accuracy: 0.8125
1/1 [==============================] - 0s 8ms/step - loss: 4.4085 - accuracy: 0.8125
Epoch 11/25

1/1 [==============================] - ETA: 0s - loss: 4.3673 - accuracy: 0.8125
1/1 [==============================] - 0s 8ms/step - loss: 4.3673 - accuracy: 0.8125
Epoch 12/25

1/1 [==============================] - ETA: 0s - loss: 4.3247 - accuracy: 0.8125
1/1 [==============================] - 0s 6ms/step - loss: 4.3247 - accuracy: 0.8125
Epoch 13/25

1/1 [==============================] - ETA: 0s - loss: 4.2805 - accuracy: 0.8125
1/1 [==============================] - 0s 5ms/step - loss: 4.2805 - accuracy: 0.8125
Epoch 14/25

1/1 [==============================] - ETA: 0s - loss: 4.2346 - accuracy: 0.8750
1/1 [==============================] - 0s 5ms/step - loss: 4.2346 - accuracy: 0.8750
Epoch 15/25

1/1 [==============================] - ETA: 0s - loss: 4.1867 - accuracy: 0.8750
1/1 [==============================] - 0s 5ms/step - loss: 4.1867 - accuracy: 0.8750
Epoch 16/25

1/1 [==============================] - ETA: 0s - loss: 4.1369 - accuracy: 0.8750
1/1 [==============================] - 0s 6ms/step - loss: 4.1369 - accuracy: 0.8750
Epoch 17/25

1/1 [==============================] - ETA: 0s - loss: 4.0851 - accuracy: 0.8750
1/1 [==============================] - 0s 4ms/step - loss: 4.0851 - accuracy: 0.8750
Epoch 18/25

1/1 [==============================] - ETA: 0s - loss: 4.0310 - accuracy: 0.8750
1/1 [==============================] - 0s 5ms/step - loss: 4.0310 - accuracy: 0.8750
Epoch 19/25

1/1 [==============================] - ETA: 0s - loss: 3.9747 - accuracy: 0.8750
1/1 [==============================] - 0s 5ms/step - loss: 3.9747 - accuracy: 0.8750
Epoch 20/25

1/1 [==============================] - ETA: 0s - loss: 3.9160 - accuracy: 0.8750
1/1 [==============================] - 0s 4ms/step - loss: 3.9160 - accuracy: 0.8750
Epoch 21/25

1/1 [==============================] - ETA: 0s - loss: 3.8549 - accuracy: 0.8750
1/1 [==============================] - 0s 4ms/step - loss: 3.8549 - accuracy: 0.8750
Epoch 22/25

1/1 [==============================] - ETA: 0s - loss: 3.7913 - accuracy: 0.8750
1/1 [==============================] - 0s 4ms/step - loss: 3.7913 - accuracy: 0.8750
Epoch 23/25

1/1 [==============================] - ETA: 0s - loss: 3.7253 - accuracy: 0.8750
1/1 [==============================] - 0s 5ms/step - loss: 3.7253 - accuracy: 0.8750
Epoch 24/25

1/1 [==============================] - ETA: 0s - loss: 3.6567 - accuracy: 0.8750
1/1 [==============================] - 0s 5ms/step - loss: 3.6567 - accuracy: 0.8750
Epoch 25/25

1/1 [==============================] - ETA: 0s - loss: 3.5855 - accuracy: 0.8750
1/1 [==============================] - 0s 4ms/step - loss: 3.5855 - accuracy: 0.8750
# node2vec
Epoch 1/25

1/1 [==============================] - ETA: 0s - loss: 4.8056 - accuracy: 0.0000e+00
1/1 [==============================] - 0s 193ms/step - loss: 4.8056 - accuracy: 0.0000e+00
Epoch 2/25

1/1 [==============================] - ETA: 0s - loss: 4.7669 - accuracy: 0.0000e+00
1/1 [==============================] - 0s 2ms/step - loss: 4.7669 - accuracy: 0.0000e+00
Epoch 3/25

1/1 [==============================] - ETA: 0s - loss: 4.7283 - accuracy: 0.0000e+00
1/1 [==============================] - 0s 3ms/step - loss: 4.7283 - accuracy: 0.0000e+00
Epoch 4/25

1/1 [==============================] - ETA: 0s - loss: 4.6897 - accuracy: 0.0000e+00
1/1 [==============================] - 0s 3ms/step - loss: 4.6897 - accuracy: 0.0000e+00
Epoch 5/25

1/1 [==============================] - ETA: 0s - loss: 4.6511 - accuracy: 0.0000e+00
1/1 [==============================] - 0s 3ms/step - loss: 4.6511 - accuracy: 0.0000e+00
Epoch 6/25

1/1 [==============================] - ETA: 0s - loss: 4.6126 - accuracy: 0.0000e+00
1/1 [==============================] - 0s 2ms/step - loss: 4.6126 - accuracy: 0.0000e+00
Epoch 7/25

1/1 [==============================] - ETA: 0s - loss: 4.5742 - accuracy: 0.0000e+00
1/1 [==============================] - 0s 2ms/step - loss: 4.5742 - accuracy: 0.0000e+00
Epoch 8/25

1/1 [==============================] - ETA: 0s - loss: 4.5359 - accuracy: 0.0625
1/1 [==============================] - 0s 3ms/step - loss: 4.5359 - accuracy: 0.0625
Epoch 9/25

1/1 [==============================] - ETA: 0s - loss: 4.4975 - accuracy: 0.0625
1/1 [==============================] - 0s 2ms/step - loss: 4.4975 - accuracy: 0.0625
Epoch 10/25

1/1 [==============================] - ETA: 0s - loss: 4.4593 - accuracy: 0.0625
1/1 [==============================] - 0s 2ms/step - loss: 4.4593 - accuracy: 0.0625
Epoch 11/25

1/1 [==============================] - ETA: 0s - loss: 4.4211 - accuracy: 0.0625
1/1 [==============================] - 0s 3ms/step - loss: 4.4211 - accuracy: 0.0625
Epoch 12/25

1/1 [==============================] - ETA: 0s - loss: 4.3830 - accuracy: 0.0625
1/1 [==============================] - 0s 3ms/step - loss: 4.3830 - accuracy: 0.0625
Epoch 13/25

1/1 [==============================] - ETA: 0s - loss: 4.3450 - accuracy: 0.0625
1/1 [==============================] - 0s 2ms/step - loss: 4.3450 - accuracy: 0.0625
Epoch 14/25

1/1 [==============================] - ETA: 0s - loss: 4.3071 - accuracy: 0.1250
1/1 [==============================] - 0s 2ms/step - loss: 4.3071 - accuracy: 0.1250
Epoch 15/25

1/1 [==============================] - ETA: 0s - loss: 4.2692 - accuracy: 0.1250
1/1 [==============================] - 0s 3ms/step - loss: 4.2692 - accuracy: 0.1250
Epoch 16/25

1/1 [==============================] - ETA: 0s - loss: 4.2314 - accuracy: 0.1250
1/1 [==============================] - 0s 2ms/step - loss: 4.2314 - accuracy: 0.1250
Epoch 17/25

1/1 [==============================] - ETA: 0s - loss: 4.1937 - accuracy: 0.1250
1/1 [==============================] - 0s 2ms/step - loss: 4.1937 - accuracy: 0.1250
Epoch 18/25

1/1 [==============================] - ETA: 0s - loss: 4.1561 - accuracy: 0.2500
1/1 [==============================] - 0s 3ms/step - loss: 4.1561 - accuracy: 0.2500
Epoch 19/25

1/1 [==============================] - ETA: 0s - loss: 4.1186 - accuracy: 0.3125
1/1 [==============================] - 0s 2ms/step - loss: 4.1186 - accuracy: 0.3125
Epoch 20/25

1/1 [==============================] - ETA: 0s - loss: 4.0811 - accuracy: 0.3125
1/1 [==============================] - 0s 4ms/step - loss: 4.0811 - accuracy: 0.3125
Epoch 21/25

1/1 [==============================] - ETA: 0s - loss: 4.0438 - accuracy: 0.3750
1/1 [==============================] - 0s 5ms/step - loss: 4.0438 - accuracy: 0.3750
Epoch 22/25

1/1 [==============================] - ETA: 0s - loss: 4.0065 - accuracy: 0.4375
1/1 [==============================] - 0s 5ms/step - loss: 4.0065 - accuracy: 0.4375
Epoch 23/25

1/1 [==============================] - ETA: 0s - loss: 3.9694 - accuracy: 0.5000
1/1 [==============================] - 0s 4ms/step - loss: 3.9694 - accuracy: 0.5000
Epoch 24/25

1/1 [==============================] - ETA: 0s - loss: 3.9323 - accuracy: 0.5000
1/1 [==============================] - 0s 4ms/step - loss: 3.9323 - accuracy: 0.5000
Epoch 25/25

1/1 [==============================] - ETA: 0s - loss: 3.8954 - accuracy: 0.5000
1/1 [==============================] - 0s 2ms/step - loss: 3.8954 - accuracy: 0.5000
# predict: steps=12
# predict: tnodeembed_metrics
# predict: node2vec_metrics
tnodeembed: {'auc': 0.7594798127129656, 'f1_micro': 0.0, 'f1_macro': 0.0} tNodeEmbed_final_loss=3.5854995250701904 tNodeEmbed_final_accuracy=0.875 
node2vec: {'auc': 0.7132430502782339, 'f1_micro': 0.0, 'f1_macro': 0.0} node2vec_final_loss=3.8954033851623535 node2vec_final_accuracy=0.5 
