# load graph
Processing Static file: filename='CollegeMsg_20040822_nodes_15_edges_14_component_0.edges'
# initialize tNodeEmbed for dataset=COLLEGE_NC, test_size=0.2
# load dataset
# fit
# tNodeEmbed steps_per_epoch=1
Epoch 1/25

1/1 [==============================] - ETA: 0s - loss: 4.7562 - accuracy: 0.0625
1/1 [==============================] - 1s 1s/step - loss: 4.7562 - accuracy: 0.0625
Epoch 2/25

1/1 [==============================] - ETA: 0s - loss: 4.7222 - accuracy: 0.0000e+00
1/1 [==============================] - 0s 5ms/step - loss: 4.7222 - accuracy: 0.0000e+00
Epoch 3/25

1/1 [==============================] - ETA: 0s - loss: 4.6881 - accuracy: 0.0000e+00
1/1 [==============================] - 0s 6ms/step - loss: 4.6881 - accuracy: 0.0000e+00
Epoch 4/25

1/1 [==============================] - ETA: 0s - loss: 4.6540 - accuracy: 0.1875
1/1 [==============================] - 0s 6ms/step - loss: 4.6540 - accuracy: 0.1875
Epoch 5/25

1/1 [==============================] - ETA: 0s - loss: 4.6197 - accuracy: 0.6250
1/1 [==============================] - 0s 6ms/step - loss: 4.6197 - accuracy: 0.6250
Epoch 6/25

1/1 [==============================] - ETA: 0s - loss: 4.5849 - accuracy: 0.6875
1/1 [==============================] - 0s 5ms/step - loss: 4.5849 - accuracy: 0.6875
Epoch 7/25

1/1 [==============================] - ETA: 0s - loss: 4.5496 - accuracy: 0.7500
1/1 [==============================] - 0s 5ms/step - loss: 4.5496 - accuracy: 0.7500
Epoch 8/25

1/1 [==============================] - ETA: 0s - loss: 4.5137 - accuracy: 0.8750
1/1 [==============================] - 0s 6ms/step - loss: 4.5137 - accuracy: 0.8750
Epoch 9/25

1/1 [==============================] - ETA: 0s - loss: 4.4768 - accuracy: 0.9375
1/1 [==============================] - 0s 7ms/step - loss: 4.4768 - accuracy: 0.9375
Epoch 10/25

1/1 [==============================] - ETA: 0s - loss: 4.4390 - accuracy: 0.9375
1/1 [==============================] - 0s 6ms/step - loss: 4.4390 - accuracy: 0.9375
Epoch 11/25

1/1 [==============================] - ETA: 0s - loss: 4.4000 - accuracy: 0.9375
1/1 [==============================] - 0s 6ms/step - loss: 4.4000 - accuracy: 0.9375
Epoch 12/25

1/1 [==============================] - ETA: 0s - loss: 4.3598 - accuracy: 0.9375
1/1 [==============================] - 0s 6ms/step - loss: 4.3598 - accuracy: 0.9375
Epoch 13/25

1/1 [==============================] - ETA: 0s - loss: 4.3182 - accuracy: 0.9375
1/1 [==============================] - 0s 6ms/step - loss: 4.3182 - accuracy: 0.9375
Epoch 14/25

1/1 [==============================] - ETA: 0s - loss: 4.2750 - accuracy: 0.9375
1/1 [==============================] - 0s 7ms/step - loss: 4.2750 - accuracy: 0.9375
Epoch 15/25

1/1 [==============================] - ETA: 0s - loss: 4.2301 - accuracy: 0.9375
1/1 [==============================] - 0s 5ms/step - loss: 4.2301 - accuracy: 0.9375
Epoch 16/25

1/1 [==============================] - ETA: 0s - loss: 4.1835 - accuracy: 0.9375
1/1 [==============================] - 0s 5ms/step - loss: 4.1835 - accuracy: 0.9375
Epoch 17/25

1/1 [==============================] - ETA: 0s - loss: 4.1350 - accuracy: 0.9375
1/1 [==============================] - 0s 6ms/step - loss: 4.1350 - accuracy: 0.9375
Epoch 18/25

1/1 [==============================] - ETA: 0s - loss: 4.0846 - accuracy: 0.9375
1/1 [==============================] - 0s 6ms/step - loss: 4.0846 - accuracy: 0.9375
Epoch 19/25

1/1 [==============================] - ETA: 0s - loss: 4.0320 - accuracy: 0.9375
1/1 [==============================] - 0s 5ms/step - loss: 4.0320 - accuracy: 0.9375
Epoch 20/25

1/1 [==============================] - ETA: 0s - loss: 3.9772 - accuracy: 0.9375
1/1 [==============================] - 0s 6ms/step - loss: 3.9772 - accuracy: 0.9375
Epoch 21/25

1/1 [==============================] - ETA: 0s - loss: 3.9202 - accuracy: 0.9375
1/1 [==============================] - 0s 5ms/step - loss: 3.9202 - accuracy: 0.9375
Epoch 22/25

1/1 [==============================] - ETA: 0s - loss: 3.8609 - accuracy: 0.9375
1/1 [==============================] - 0s 6ms/step - loss: 3.8609 - accuracy: 0.9375
Epoch 23/25

1/1 [==============================] - ETA: 0s - loss: 3.7992 - accuracy: 0.9375
1/1 [==============================] - 0s 6ms/step - loss: 3.7992 - accuracy: 0.9375
Epoch 24/25

1/1 [==============================] - ETA: 0s - loss: 3.7351 - accuracy: 0.9375
1/1 [==============================] - 0s 6ms/step - loss: 3.7351 - accuracy: 0.9375
Epoch 25/25

1/1 [==============================] - ETA: 0s - loss: 3.6685 - accuracy: 0.9375
1/1 [==============================] - 0s 7ms/step - loss: 3.6685 - accuracy: 0.9375
# node2vec
Epoch 1/25

1/1 [==============================] - ETA: 0s - loss: 4.7855 - accuracy: 0.0625
1/1 [==============================] - 0s 327ms/step - loss: 4.7855 - accuracy: 0.0625
Epoch 2/25

1/1 [==============================] - ETA: 0s - loss: 4.7487 - accuracy: 0.1250
1/1 [==============================] - 0s 4ms/step - loss: 4.7487 - accuracy: 0.1250
Epoch 3/25

1/1 [==============================] - ETA: 0s - loss: 4.7119 - accuracy: 0.0625
1/1 [==============================] - 0s 4ms/step - loss: 4.7119 - accuracy: 0.0625
Epoch 4/25

1/1 [==============================] - ETA: 0s - loss: 4.6751 - accuracy: 0.0625
1/1 [==============================] - 0s 4ms/step - loss: 4.6751 - accuracy: 0.0625
Epoch 5/25

1/1 [==============================] - ETA: 0s - loss: 4.6384 - accuracy: 0.0625
1/1 [==============================] - 0s 5ms/step - loss: 4.6384 - accuracy: 0.0625
Epoch 6/25

1/1 [==============================] - ETA: 0s - loss: 4.6018 - accuracy: 0.1250
1/1 [==============================] - 0s 5ms/step - loss: 4.6018 - accuracy: 0.1250
Epoch 7/25

1/1 [==============================] - ETA: 0s - loss: 4.5652 - accuracy: 0.1250
1/1 [==============================] - 0s 4ms/step - loss: 4.5652 - accuracy: 0.1250
Epoch 8/25

1/1 [==============================] - ETA: 0s - loss: 4.5287 - accuracy: 0.1250
1/1 [==============================] - 0s 3ms/step - loss: 4.5287 - accuracy: 0.1250
Epoch 9/25

1/1 [==============================] - ETA: 0s - loss: 4.4922 - accuracy: 0.1875
1/1 [==============================] - 0s 5ms/step - loss: 4.4922 - accuracy: 0.1875
Epoch 10/25

1/1 [==============================] - ETA: 0s - loss: 4.4558 - accuracy: 0.2500
1/1 [==============================] - 0s 6ms/step - loss: 4.4558 - accuracy: 0.2500
Epoch 11/25

1/1 [==============================] - ETA: 0s - loss: 4.4194 - accuracy: 0.3125
1/1 [==============================] - 0s 5ms/step - loss: 4.4194 - accuracy: 0.3125
Epoch 12/25

1/1 [==============================] - ETA: 0s - loss: 4.3831 - accuracy: 0.3125
1/1 [==============================] - 0s 5ms/step - loss: 4.3831 - accuracy: 0.3125
Epoch 13/25

1/1 [==============================] - ETA: 0s - loss: 4.3469 - accuracy: 0.3125
1/1 [==============================] - 0s 4ms/step - loss: 4.3469 - accuracy: 0.3125
Epoch 14/25

1/1 [==============================] - ETA: 0s - loss: 4.3108 - accuracy: 0.3125
1/1 [==============================] - 0s 4ms/step - loss: 4.3108 - accuracy: 0.3125
Epoch 15/25

1/1 [==============================] - ETA: 0s - loss: 4.2747 - accuracy: 0.3125
1/1 [==============================] - 0s 5ms/step - loss: 4.2747 - accuracy: 0.3125
Epoch 16/25

1/1 [==============================] - ETA: 0s - loss: 4.2387 - accuracy: 0.3125
1/1 [==============================] - 0s 4ms/step - loss: 4.2387 - accuracy: 0.3125
Epoch 17/25

1/1 [==============================] - ETA: 0s - loss: 4.2028 - accuracy: 0.3125
1/1 [==============================] - 0s 4ms/step - loss: 4.2028 - accuracy: 0.3125
Epoch 18/25

1/1 [==============================] - ETA: 0s - loss: 4.1670 - accuracy: 0.3125
1/1 [==============================] - 0s 4ms/step - loss: 4.1670 - accuracy: 0.3125
Epoch 19/25

1/1 [==============================] - ETA: 0s - loss: 4.1312 - accuracy: 0.3125
1/1 [==============================] - 0s 5ms/step - loss: 4.1312 - accuracy: 0.3125
Epoch 20/25

1/1 [==============================] - ETA: 0s - loss: 4.0956 - accuracy: 0.3125
1/1 [==============================] - 0s 5ms/step - loss: 4.0956 - accuracy: 0.3125
Epoch 21/25

1/1 [==============================] - ETA: 0s - loss: 4.0600 - accuracy: 0.3750
1/1 [==============================] - 0s 5ms/step - loss: 4.0600 - accuracy: 0.3750
Epoch 22/25

1/1 [==============================] - ETA: 0s - loss: 4.0245 - accuracy: 0.3750
1/1 [==============================] - 0s 5ms/step - loss: 4.0245 - accuracy: 0.3750
Epoch 23/25

1/1 [==============================] - ETA: 0s - loss: 3.9892 - accuracy: 0.3750
1/1 [==============================] - 0s 5ms/step - loss: 3.9892 - accuracy: 0.3750
Epoch 24/25

1/1 [==============================] - ETA: 0s - loss: 3.9539 - accuracy: 0.5000
1/1 [==============================] - 0s 5ms/step - loss: 3.9539 - accuracy: 0.5000
Epoch 25/25

1/1 [==============================] - ETA: 0s - loss: 3.9187 - accuracy: 0.5000
1/1 [==============================] - 0s 4ms/step - loss: 3.9187 - accuracy: 0.5000
# predict: steps=12
# predict: tnodeembed_metrics
# predict: node2vec_metrics
tnodeembed: {'auc': 0.7432450726840389, 'f1_micro': 0.0, 'f1_macro': 0.0} tNodeEmbed_final_loss=3.668480396270752 tNodeEmbed_final_accuracy=0.9375 
node2vec: {'auc': 0.6359938285980438, 'f1_micro': 0.0, 'f1_macro': 0.0} node2vec_final_loss=3.9186925888061523 node2vec_final_accuracy=0.5 
