# load graph
Processing Static file: filename='CollegeMsg_20040601_nodes_225_edges_244_component_0.edges'
# initialize tNodeEmbed for dataset=COLLEGE_NC, test_size=0.2
# load dataset
# fit
# tNodeEmbed steps_per_epoch=1
Epoch 1/25

1/1 [==============================] - ETA: 0s - loss: 4.7349 - accuracy: 0.0000e+00
1/1 [==============================] - 1s 988ms/step - loss: 4.7349 - accuracy: 0.0000e+00
Epoch 2/25

1/1 [==============================] - ETA: 0s - loss: 4.7006 - accuracy: 0.0000e+00
1/1 [==============================] - 0s 4ms/step - loss: 4.7006 - accuracy: 0.0000e+00
Epoch 3/25

1/1 [==============================] - ETA: 0s - loss: 4.6660 - accuracy: 0.3125
1/1 [==============================] - 0s 4ms/step - loss: 4.6660 - accuracy: 0.3125
Epoch 4/25

1/1 [==============================] - ETA: 0s - loss: 4.6311 - accuracy: 0.5000
1/1 [==============================] - 0s 5ms/step - loss: 4.6311 - accuracy: 0.5000
Epoch 5/25

1/1 [==============================] - ETA: 0s - loss: 4.5958 - accuracy: 0.7500
1/1 [==============================] - 0s 4ms/step - loss: 4.5958 - accuracy: 0.7500
Epoch 6/25

1/1 [==============================] - ETA: 0s - loss: 4.5598 - accuracy: 0.7500
1/1 [==============================] - 0s 4ms/step - loss: 4.5598 - accuracy: 0.7500
Epoch 7/25

1/1 [==============================] - ETA: 0s - loss: 4.5231 - accuracy: 0.8125
1/1 [==============================] - 0s 4ms/step - loss: 4.5231 - accuracy: 0.8125
Epoch 8/25

1/1 [==============================] - ETA: 0s - loss: 4.4855 - accuracy: 0.8750
1/1 [==============================] - 0s 5ms/step - loss: 4.4855 - accuracy: 0.8750
Epoch 9/25

1/1 [==============================] - ETA: 0s - loss: 4.4468 - accuracy: 0.8750
1/1 [==============================] - 0s 4ms/step - loss: 4.4468 - accuracy: 0.8750
Epoch 10/25

1/1 [==============================] - ETA: 0s - loss: 4.4068 - accuracy: 0.8750
1/1 [==============================] - 0s 4ms/step - loss: 4.4068 - accuracy: 0.8750
Epoch 11/25

1/1 [==============================] - ETA: 0s - loss: 4.3655 - accuracy: 0.9375
1/1 [==============================] - 0s 4ms/step - loss: 4.3655 - accuracy: 0.9375
Epoch 12/25

1/1 [==============================] - ETA: 0s - loss: 4.3226 - accuracy: 0.9375
1/1 [==============================] - 0s 4ms/step - loss: 4.3226 - accuracy: 0.9375
Epoch 13/25

1/1 [==============================] - ETA: 0s - loss: 4.2781 - accuracy: 0.9375
1/1 [==============================] - 0s 4ms/step - loss: 4.2781 - accuracy: 0.9375
Epoch 14/25

1/1 [==============================] - ETA: 0s - loss: 4.2318 - accuracy: 0.9375
1/1 [==============================] - 0s 4ms/step - loss: 4.2318 - accuracy: 0.9375
Epoch 15/25

1/1 [==============================] - ETA: 0s - loss: 4.1837 - accuracy: 0.9375
1/1 [==============================] - 0s 5ms/step - loss: 4.1837 - accuracy: 0.9375
Epoch 16/25

1/1 [==============================] - ETA: 0s - loss: 4.1335 - accuracy: 0.9375
1/1 [==============================] - 0s 5ms/step - loss: 4.1335 - accuracy: 0.9375
Epoch 17/25

1/1 [==============================] - ETA: 0s - loss: 4.0813 - accuracy: 1.0000
1/1 [==============================] - 0s 5ms/step - loss: 4.0813 - accuracy: 1.0000
Epoch 18/25

1/1 [==============================] - ETA: 0s - loss: 4.0269 - accuracy: 1.0000
1/1 [==============================] - 0s 354ms/step - loss: 4.0269 - accuracy: 1.0000
Epoch 19/25

1/1 [==============================] - ETA: 0s - loss: 3.9702 - accuracy: 1.0000
1/1 [==============================] - 0s 4ms/step - loss: 3.9702 - accuracy: 1.0000
Epoch 20/25

1/1 [==============================] - ETA: 0s - loss: 3.9111 - accuracy: 1.0000
1/1 [==============================] - 0s 4ms/step - loss: 3.9111 - accuracy: 1.0000
Epoch 21/25

1/1 [==============================] - ETA: 0s - loss: 3.8497 - accuracy: 1.0000
1/1 [==============================] - 0s 5ms/step - loss: 3.8497 - accuracy: 1.0000
Epoch 22/25

1/1 [==============================] - ETA: 0s - loss: 3.7857 - accuracy: 1.0000
1/1 [==============================] - 0s 5ms/step - loss: 3.7857 - accuracy: 1.0000
Epoch 23/25

1/1 [==============================] - ETA: 0s - loss: 3.7192 - accuracy: 1.0000
1/1 [==============================] - 0s 4ms/step - loss: 3.7192 - accuracy: 1.0000
Epoch 24/25

1/1 [==============================] - ETA: 0s - loss: 3.6502 - accuracy: 1.0000
1/1 [==============================] - 0s 4ms/step - loss: 3.6502 - accuracy: 1.0000
Epoch 25/25

1/1 [==============================] - ETA: 0s - loss: 3.5786 - accuracy: 1.0000
1/1 [==============================] - 0s 5ms/step - loss: 3.5786 - accuracy: 1.0000
# node2vec
Epoch 1/25

1/1 [==============================] - ETA: 0s - loss: 4.8341 - accuracy: 0.0000e+00
1/1 [==============================] - 0s 222ms/step - loss: 4.8341 - accuracy: 0.0000e+00
Epoch 2/25

1/1 [==============================] - ETA: 0s - loss: 4.7969 - accuracy: 0.0000e+00
1/1 [==============================] - 0s 3ms/step - loss: 4.7969 - accuracy: 0.0000e+00
Epoch 3/25

1/1 [==============================] - ETA: 0s - loss: 4.7598 - accuracy: 0.0000e+00
1/1 [==============================] - 0s 2ms/step - loss: 4.7598 - accuracy: 0.0000e+00
Epoch 4/25

1/1 [==============================] - ETA: 0s - loss: 4.7227 - accuracy: 0.0000e+00
1/1 [==============================] - 0s 3ms/step - loss: 4.7227 - accuracy: 0.0000e+00
Epoch 5/25

1/1 [==============================] - ETA: 0s - loss: 4.6856 - accuracy: 0.0625
1/1 [==============================] - 0s 3ms/step - loss: 4.6856 - accuracy: 0.0625
Epoch 6/25

1/1 [==============================] - ETA: 0s - loss: 4.6486 - accuracy: 0.0625
1/1 [==============================] - 0s 3ms/step - loss: 4.6486 - accuracy: 0.0625
Epoch 7/25

1/1 [==============================] - ETA: 0s - loss: 4.6116 - accuracy: 0.0625
1/1 [==============================] - 0s 3ms/step - loss: 4.6116 - accuracy: 0.0625
Epoch 8/25

1/1 [==============================] - ETA: 0s - loss: 4.5747 - accuracy: 0.0625
1/1 [==============================] - 0s 3ms/step - loss: 4.5747 - accuracy: 0.0625
Epoch 9/25

1/1 [==============================] - ETA: 0s - loss: 4.5379 - accuracy: 0.1250
1/1 [==============================] - 0s 3ms/step - loss: 4.5379 - accuracy: 0.1250
Epoch 10/25

1/1 [==============================] - ETA: 0s - loss: 4.5011 - accuracy: 0.1875
1/1 [==============================] - 0s 4ms/step - loss: 4.5011 - accuracy: 0.1875
Epoch 11/25

1/1 [==============================] - ETA: 0s - loss: 4.4644 - accuracy: 0.1875
1/1 [==============================] - 0s 4ms/step - loss: 4.4644 - accuracy: 0.1875
Epoch 12/25

1/1 [==============================] - ETA: 0s - loss: 4.4277 - accuracy: 0.1875
1/1 [==============================] - 0s 3ms/step - loss: 4.4277 - accuracy: 0.1875
Epoch 13/25

1/1 [==============================] - ETA: 0s - loss: 4.3911 - accuracy: 0.1875
1/1 [==============================] - 0s 4ms/step - loss: 4.3911 - accuracy: 0.1875
Epoch 14/25

1/1 [==============================] - ETA: 0s - loss: 4.3545 - accuracy: 0.3125
1/1 [==============================] - 0s 3ms/step - loss: 4.3545 - accuracy: 0.3125
Epoch 15/25

1/1 [==============================] - ETA: 0s - loss: 4.3180 - accuracy: 0.3125
1/1 [==============================] - 0s 3ms/step - loss: 4.3180 - accuracy: 0.3125
Epoch 16/25

1/1 [==============================] - ETA: 0s - loss: 4.2816 - accuracy: 0.3750
1/1 [==============================] - 0s 4ms/step - loss: 4.2816 - accuracy: 0.3750
Epoch 17/25

1/1 [==============================] - ETA: 0s - loss: 4.2453 - accuracy: 0.3750
1/1 [==============================] - 0s 3ms/step - loss: 4.2453 - accuracy: 0.3750
Epoch 18/25

1/1 [==============================] - ETA: 0s - loss: 4.2090 - accuracy: 0.3750
1/1 [==============================] - 0s 3ms/step - loss: 4.2090 - accuracy: 0.3750
Epoch 19/25

1/1 [==============================] - ETA: 0s - loss: 4.1728 - accuracy: 0.3750
1/1 [==============================] - 0s 3ms/step - loss: 4.1728 - accuracy: 0.3750
Epoch 20/25

1/1 [==============================] - ETA: 0s - loss: 4.1367 - accuracy: 0.4375
1/1 [==============================] - 0s 3ms/step - loss: 4.1367 - accuracy: 0.4375
Epoch 21/25

1/1 [==============================] - ETA: 0s - loss: 4.1006 - accuracy: 0.4375
1/1 [==============================] - 0s 3ms/step - loss: 4.1006 - accuracy: 0.4375
Epoch 22/25

1/1 [==============================] - ETA: 0s - loss: 4.0647 - accuracy: 0.4375
1/1 [==============================] - 0s 4ms/step - loss: 4.0647 - accuracy: 0.4375
Epoch 23/25

1/1 [==============================] - ETA: 0s - loss: 4.0288 - accuracy: 0.4375
1/1 [==============================] - 0s 3ms/step - loss: 4.0288 - accuracy: 0.4375
Epoch 24/25

1/1 [==============================] - ETA: 0s - loss: 3.9930 - accuracy: 0.4375
1/1 [==============================] - 0s 3ms/step - loss: 3.9930 - accuracy: 0.4375
Epoch 25/25

1/1 [==============================] - ETA: 0s - loss: 3.9573 - accuracy: 0.4375
1/1 [==============================] - 0s 4ms/step - loss: 3.9573 - accuracy: 0.4375
# predict: steps=12
# predict: tnodeembed_metrics
# predict: node2vec_metrics
tnodeembed: {'auc': 0.666962040055892, 'f1_micro': 0.0, 'f1_macro': 0.0} tNodeEmbed_final_loss=3.578603506088257 tNodeEmbed_final_accuracy=1.0 
node2vec: {'auc': 0.6116497315715931, 'f1_micro': 0.0, 'f1_macro': 0.0} node2vec_final_loss=3.9572854042053223 node2vec_final_accuracy=0.4375 
