# load graph
Processing Static file: filename='CollegeMsg_20040608_nodes_178_edges_205_component_0.edges'
# initialize tNodeEmbed for dataset=COLLEGE_NC, test_size=0.2
# load dataset
# fit
# tNodeEmbed steps_per_epoch=1
Epoch 1/25

1/1 [==============================] - ETA: 0s - loss: 4.7375 - accuracy: 0.0000e+00
1/1 [==============================] - 1s 1s/step - loss: 4.7375 - accuracy: 0.0000e+00
Epoch 2/25

1/1 [==============================] - ETA: 0s - loss: 4.7034 - accuracy: 0.0000e+00
1/1 [==============================] - 0s 3ms/step - loss: 4.7034 - accuracy: 0.0000e+00
Epoch 3/25

1/1 [==============================] - ETA: 0s - loss: 4.6691 - accuracy: 0.1875
1/1 [==============================] - 0s 5ms/step - loss: 4.6691 - accuracy: 0.1875
Epoch 4/25

1/1 [==============================] - ETA: 0s - loss: 4.6347 - accuracy: 0.3750
1/1 [==============================] - 0s 4ms/step - loss: 4.6347 - accuracy: 0.3750
Epoch 5/25

1/1 [==============================] - ETA: 0s - loss: 4.5998 - accuracy: 0.4375
1/1 [==============================] - 0s 5ms/step - loss: 4.5998 - accuracy: 0.4375
Epoch 6/25

1/1 [==============================] - ETA: 0s - loss: 4.5643 - accuracy: 0.5000
1/1 [==============================] - 0s 4ms/step - loss: 4.5643 - accuracy: 0.5000
Epoch 7/25

1/1 [==============================] - ETA: 0s - loss: 4.5281 - accuracy: 0.6250
1/1 [==============================] - 0s 4ms/step - loss: 4.5281 - accuracy: 0.6250
Epoch 8/25

1/1 [==============================] - ETA: 0s - loss: 4.4910 - accuracy: 0.6250
1/1 [==============================] - 0s 5ms/step - loss: 4.4910 - accuracy: 0.6250
Epoch 9/25

1/1 [==============================] - ETA: 0s - loss: 4.4528 - accuracy: 0.7500
1/1 [==============================] - 0s 5ms/step - loss: 4.4528 - accuracy: 0.7500
Epoch 10/25

1/1 [==============================] - ETA: 0s - loss: 4.4134 - accuracy: 0.7500
1/1 [==============================] - 0s 4ms/step - loss: 4.4134 - accuracy: 0.7500
Epoch 11/25

1/1 [==============================] - ETA: 0s - loss: 4.3726 - accuracy: 0.7500
1/1 [==============================] - 0s 4ms/step - loss: 4.3726 - accuracy: 0.7500
Epoch 12/25

1/1 [==============================] - ETA: 0s - loss: 4.3304 - accuracy: 0.7500
1/1 [==============================] - 0s 5ms/step - loss: 4.3304 - accuracy: 0.7500
Epoch 13/25

1/1 [==============================] - ETA: 0s - loss: 4.2865 - accuracy: 0.8125
1/1 [==============================] - 0s 5ms/step - loss: 4.2865 - accuracy: 0.8125
Epoch 14/25

1/1 [==============================] - ETA: 0s - loss: 4.2409 - accuracy: 0.8125
1/1 [==============================] - 0s 5ms/step - loss: 4.2409 - accuracy: 0.8125
Epoch 15/25

1/1 [==============================] - ETA: 0s - loss: 4.1934 - accuracy: 0.8125
1/1 [==============================] - 0s 4ms/step - loss: 4.1934 - accuracy: 0.8125
Epoch 16/25

1/1 [==============================] - ETA: 0s - loss: 4.1439 - accuracy: 0.8125
1/1 [==============================] - 0s 4ms/step - loss: 4.1439 - accuracy: 0.8125
Epoch 17/25

1/1 [==============================] - ETA: 0s - loss: 4.0923 - accuracy: 0.8125
1/1 [==============================] - 0s 5ms/step - loss: 4.0923 - accuracy: 0.8125
Epoch 18/25

1/1 [==============================] - ETA: 0s - loss: 4.0386 - accuracy: 0.8125
1/1 [==============================] - 0s 5ms/step - loss: 4.0386 - accuracy: 0.8125
Epoch 19/25

1/1 [==============================] - ETA: 0s - loss: 3.9826 - accuracy: 0.8125
1/1 [==============================] - 0s 5ms/step - loss: 3.9826 - accuracy: 0.8125
Epoch 20/25

1/1 [==============================] - ETA: 0s - loss: 3.9242 - accuracy: 0.8125
1/1 [==============================] - 0s 4ms/step - loss: 3.9242 - accuracy: 0.8125
Epoch 21/25

1/1 [==============================] - ETA: 0s - loss: 3.8634 - accuracy: 0.8125
1/1 [==============================] - 0s 4ms/step - loss: 3.8634 - accuracy: 0.8125
Epoch 22/25

1/1 [==============================] - ETA: 0s - loss: 3.8002 - accuracy: 0.8125
1/1 [==============================] - 0s 4ms/step - loss: 3.8002 - accuracy: 0.8125
Epoch 23/25

1/1 [==============================] - ETA: 0s - loss: 3.7344 - accuracy: 0.8125
1/1 [==============================] - 0s 5ms/step - loss: 3.7344 - accuracy: 0.8125
Epoch 24/25

1/1 [==============================] - ETA: 0s - loss: 3.6662 - accuracy: 0.8125
1/1 [==============================] - 0s 4ms/step - loss: 3.6662 - accuracy: 0.8125
Epoch 25/25

1/1 [==============================] - ETA: 0s - loss: 3.5954 - accuracy: 0.8125
1/1 [==============================] - 0s 4ms/step - loss: 3.5954 - accuracy: 0.8125
# node2vec
Epoch 1/25

1/1 [==============================] - ETA: 0s - loss: 4.7985 - accuracy: 0.0000e+00
1/1 [==============================] - 0s 235ms/step - loss: 4.7985 - accuracy: 0.0000e+00
Epoch 2/25

1/1 [==============================] - ETA: 0s - loss: 4.7606 - accuracy: 0.0000e+00
1/1 [==============================] - 0s 2ms/step - loss: 4.7606 - accuracy: 0.0000e+00
Epoch 3/25

1/1 [==============================] - ETA: 0s - loss: 4.7226 - accuracy: 0.0000e+00
1/1 [==============================] - 0s 3ms/step - loss: 4.7226 - accuracy: 0.0000e+00
Epoch 4/25

1/1 [==============================] - ETA: 0s - loss: 4.6847 - accuracy: 0.0625
1/1 [==============================] - 0s 3ms/step - loss: 4.6847 - accuracy: 0.0625
Epoch 5/25

1/1 [==============================] - ETA: 0s - loss: 4.6468 - accuracy: 0.0625
1/1 [==============================] - 0s 3ms/step - loss: 4.6468 - accuracy: 0.0625
Epoch 6/25

1/1 [==============================] - ETA: 0s - loss: 4.6090 - accuracy: 0.0625
1/1 [==============================] - 0s 4ms/step - loss: 4.6090 - accuracy: 0.0625
Epoch 7/25

1/1 [==============================] - ETA: 0s - loss: 4.5713 - accuracy: 0.0625
1/1 [==============================] - 0s 2ms/step - loss: 4.5713 - accuracy: 0.0625
Epoch 8/25

1/1 [==============================] - ETA: 0s - loss: 4.5336 - accuracy: 0.0625
1/1 [==============================] - 0s 3ms/step - loss: 4.5336 - accuracy: 0.0625
Epoch 9/25

1/1 [==============================] - ETA: 0s - loss: 4.4960 - accuracy: 0.0625
1/1 [==============================] - 0s 3ms/step - loss: 4.4960 - accuracy: 0.0625
Epoch 10/25

1/1 [==============================] - ETA: 0s - loss: 4.4584 - accuracy: 0.0625
1/1 [==============================] - 0s 3ms/step - loss: 4.4584 - accuracy: 0.0625
Epoch 11/25

1/1 [==============================] - ETA: 0s - loss: 4.4209 - accuracy: 0.1250
1/1 [==============================] - 0s 3ms/step - loss: 4.4209 - accuracy: 0.1250
Epoch 12/25

1/1 [==============================] - ETA: 0s - loss: 4.3834 - accuracy: 0.1250
1/1 [==============================] - 0s 3ms/step - loss: 4.3834 - accuracy: 0.1250
Epoch 13/25

1/1 [==============================] - ETA: 0s - loss: 4.3461 - accuracy: 0.1875
1/1 [==============================] - 0s 3ms/step - loss: 4.3461 - accuracy: 0.1875
Epoch 14/25

1/1 [==============================] - ETA: 0s - loss: 4.3088 - accuracy: 0.2500
1/1 [==============================] - 0s 3ms/step - loss: 4.3088 - accuracy: 0.2500
Epoch 15/25

1/1 [==============================] - ETA: 0s - loss: 4.2715 - accuracy: 0.2500
1/1 [==============================] - 0s 3ms/step - loss: 4.2715 - accuracy: 0.2500
Epoch 16/25

1/1 [==============================] - ETA: 0s - loss: 4.2344 - accuracy: 0.3125
1/1 [==============================] - 0s 3ms/step - loss: 4.2344 - accuracy: 0.3125
Epoch 17/25

1/1 [==============================] - ETA: 0s - loss: 4.1973 - accuracy: 0.3125
1/1 [==============================] - 0s 3ms/step - loss: 4.1973 - accuracy: 0.3125
Epoch 18/25

1/1 [==============================] - ETA: 0s - loss: 4.1603 - accuracy: 0.3750
1/1 [==============================] - 0s 3ms/step - loss: 4.1603 - accuracy: 0.3750
Epoch 19/25

1/1 [==============================] - ETA: 0s - loss: 4.1234 - accuracy: 0.3750
1/1 [==============================] - 0s 3ms/step - loss: 4.1234 - accuracy: 0.3750
Epoch 20/25

1/1 [==============================] - ETA: 0s - loss: 4.0866 - accuracy: 0.4375
1/1 [==============================] - 0s 4ms/step - loss: 4.0866 - accuracy: 0.4375
Epoch 21/25

1/1 [==============================] - ETA: 0s - loss: 4.0499 - accuracy: 0.4375
1/1 [==============================] - 0s 3ms/step - loss: 4.0499 - accuracy: 0.4375
Epoch 22/25

1/1 [==============================] - ETA: 0s - loss: 4.0132 - accuracy: 0.5000
1/1 [==============================] - 0s 3ms/step - loss: 4.0132 - accuracy: 0.5000
Epoch 23/25

1/1 [==============================] - ETA: 0s - loss: 3.9767 - accuracy: 0.5625
1/1 [==============================] - 0s 3ms/step - loss: 3.9767 - accuracy: 0.5625
Epoch 24/25

1/1 [==============================] - ETA: 0s - loss: 3.9403 - accuracy: 0.5625
1/1 [==============================] - 0s 4ms/step - loss: 3.9403 - accuracy: 0.5625
Epoch 25/25

1/1 [==============================] - ETA: 0s - loss: 3.9039 - accuracy: 0.5625
1/1 [==============================] - 0s 3ms/step - loss: 3.9039 - accuracy: 0.5625
# predict: steps=12
# predict: tnodeembed_metrics
# predict: node2vec_metrics
tnodeembed: {'auc': 0.7161647218885593, 'f1_micro': 0.0, 'f1_macro': 0.0} tNodeEmbed_final_loss=3.5953564643859863 tNodeEmbed_final_accuracy=0.8125 
node2vec: {'auc': 0.6347468315642388, 'f1_micro': 0.0, 'f1_macro': 0.0} node2vec_final_loss=3.9039249420166016 node2vec_final_accuracy=0.5625 
