# load graph
Processing Static file: filename='CollegeMsg_20040502_nodes_162_edges_241_component_0.edges'
# initialize tNodeEmbed for dataset=COLLEGE_NC, test_size=0.2
# load dataset
# fit
# tNodeEmbed steps_per_epoch=1
Epoch 1/25

1/1 [==============================] - ETA: 0s - loss: 4.7512 - accuracy: 0.1250
1/1 [==============================] - 1s 1s/step - loss: 4.7512 - accuracy: 0.1250
Epoch 2/25

1/1 [==============================] - ETA: 0s - loss: 4.7316 - accuracy: 0.1250
1/1 [==============================] - 0s 4ms/step - loss: 4.7316 - accuracy: 0.1250
Epoch 3/25

1/1 [==============================] - ETA: 0s - loss: 4.7120 - accuracy: 0.1250
1/1 [==============================] - 0s 4ms/step - loss: 4.7120 - accuracy: 0.1250
Epoch 4/25

1/1 [==============================] - ETA: 0s - loss: 4.6922 - accuracy: 0.2500
1/1 [==============================] - 0s 5ms/step - loss: 4.6922 - accuracy: 0.2500
Epoch 5/25

1/1 [==============================] - ETA: 0s - loss: 4.6723 - accuracy: 0.3750
1/1 [==============================] - 0s 6ms/step - loss: 4.6723 - accuracy: 0.3750
Epoch 6/25

1/1 [==============================] - ETA: 0s - loss: 4.6522 - accuracy: 0.4375
1/1 [==============================] - 0s 4ms/step - loss: 4.6522 - accuracy: 0.4375
Epoch 7/25

1/1 [==============================] - ETA: 0s - loss: 4.6317 - accuracy: 0.4375
1/1 [==============================] - 0s 4ms/step - loss: 4.6317 - accuracy: 0.4375
Epoch 8/25

1/1 [==============================] - ETA: 0s - loss: 4.6108 - accuracy: 0.5000
1/1 [==============================] - 0s 4ms/step - loss: 4.6108 - accuracy: 0.5000
Epoch 9/25

1/1 [==============================] - ETA: 0s - loss: 4.5894 - accuracy: 0.5000
1/1 [==============================] - 0s 5ms/step - loss: 4.5894 - accuracy: 0.5000
Epoch 10/25

1/1 [==============================] - ETA: 0s - loss: 4.5673 - accuracy: 0.5000
1/1 [==============================] - 0s 4ms/step - loss: 4.5673 - accuracy: 0.5000
Epoch 11/25

1/1 [==============================] - ETA: 0s - loss: 4.5446 - accuracy: 0.5000
1/1 [==============================] - 0s 4ms/step - loss: 4.5446 - accuracy: 0.5000
Epoch 12/25

1/1 [==============================] - ETA: 0s - loss: 4.5212 - accuracy: 0.5000
1/1 [==============================] - 0s 3ms/step - loss: 4.5212 - accuracy: 0.5000
Epoch 13/25

1/1 [==============================] - ETA: 0s - loss: 4.4969 - accuracy: 0.5000
1/1 [==============================] - 0s 4ms/step - loss: 4.4969 - accuracy: 0.5000
Epoch 14/25

1/1 [==============================] - ETA: 0s - loss: 4.4718 - accuracy: 0.5000
1/1 [==============================] - 0s 4ms/step - loss: 4.4718 - accuracy: 0.5000
Epoch 15/25

1/1 [==============================] - ETA: 0s - loss: 4.4457 - accuracy: 0.5000
1/1 [==============================] - 0s 5ms/step - loss: 4.4457 - accuracy: 0.5000
Epoch 16/25

1/1 [==============================] - ETA: 0s - loss: 4.4187 - accuracy: 0.5000
1/1 [==============================] - 0s 4ms/step - loss: 4.4187 - accuracy: 0.5000
Epoch 17/25

1/1 [==============================] - ETA: 0s - loss: 4.3906 - accuracy: 0.5000
1/1 [==============================] - 0s 4ms/step - loss: 4.3906 - accuracy: 0.5000
Epoch 18/25

1/1 [==============================] - ETA: 0s - loss: 4.3615 - accuracy: 0.5000
1/1 [==============================] - 0s 5ms/step - loss: 4.3615 - accuracy: 0.5000
Epoch 19/25

1/1 [==============================] - ETA: 0s - loss: 4.3312 - accuracy: 0.5000
1/1 [==============================] - 0s 4ms/step - loss: 4.3312 - accuracy: 0.5000
Epoch 20/25

1/1 [==============================] - ETA: 0s - loss: 4.2999 - accuracy: 0.5000
1/1 [==============================] - 0s 4ms/step - loss: 4.2999 - accuracy: 0.5000
Epoch 21/25

1/1 [==============================] - ETA: 0s - loss: 4.2674 - accuracy: 0.5000
1/1 [==============================] - 0s 6ms/step - loss: 4.2674 - accuracy: 0.5000
Epoch 22/25

1/1 [==============================] - ETA: 0s - loss: 4.2338 - accuracy: 0.5000
1/1 [==============================] - 0s 5ms/step - loss: 4.2338 - accuracy: 0.5000
Epoch 23/25

1/1 [==============================] - ETA: 0s - loss: 4.1990 - accuracy: 0.5000
1/1 [==============================] - 0s 6ms/step - loss: 4.1990 - accuracy: 0.5000
Epoch 24/25

1/1 [==============================] - ETA: 0s - loss: 4.1631 - accuracy: 0.5000
1/1 [==============================] - 0s 4ms/step - loss: 4.1631 - accuracy: 0.5000
Epoch 25/25

1/1 [==============================] - ETA: 0s - loss: 4.1261 - accuracy: 0.5000
1/1 [==============================] - 0s 5ms/step - loss: 4.1261 - accuracy: 0.5000
# node2vec
Epoch 1/25

1/1 [==============================] - ETA: 0s - loss: 4.7376 - accuracy: 0.1250
1/1 [==============================] - 0s 223ms/step - loss: 4.7376 - accuracy: 0.1250
Epoch 2/25

1/1 [==============================] - ETA: 0s - loss: 4.7189 - accuracy: 0.1250
1/1 [==============================] - 0s 2ms/step - loss: 4.7189 - accuracy: 0.1250
Epoch 3/25

1/1 [==============================] - ETA: 0s - loss: 4.7003 - accuracy: 0.1250
1/1 [==============================] - 0s 3ms/step - loss: 4.7003 - accuracy: 0.1250
Epoch 4/25

1/1 [==============================] - ETA: 0s - loss: 4.6816 - accuracy: 0.1250
1/1 [==============================] - 0s 2ms/step - loss: 4.6816 - accuracy: 0.1250
Epoch 5/25

1/1 [==============================] - ETA: 0s - loss: 4.6630 - accuracy: 0.1875
1/1 [==============================] - 0s 3ms/step - loss: 4.6630 - accuracy: 0.1875
Epoch 6/25

1/1 [==============================] - ETA: 0s - loss: 4.6444 - accuracy: 0.1875
1/1 [==============================] - 0s 3ms/step - loss: 4.6444 - accuracy: 0.1875
Epoch 7/25

1/1 [==============================] - ETA: 0s - loss: 4.6258 - accuracy: 0.1875
1/1 [==============================] - 0s 4ms/step - loss: 4.6258 - accuracy: 0.1875
Epoch 8/25

1/1 [==============================] - ETA: 0s - loss: 4.6072 - accuracy: 0.1875
1/1 [==============================] - 0s 3ms/step - loss: 4.6072 - accuracy: 0.1875
Epoch 9/25

1/1 [==============================] - ETA: 0s - loss: 4.5887 - accuracy: 0.1875
1/1 [==============================] - 0s 4ms/step - loss: 4.5887 - accuracy: 0.1875
Epoch 10/25

1/1 [==============================] - ETA: 0s - loss: 4.5702 - accuracy: 0.1875
1/1 [==============================] - 0s 3ms/step - loss: 4.5702 - accuracy: 0.1875
Epoch 11/25

1/1 [==============================] - ETA: 0s - loss: 4.5517 - accuracy: 0.2500
1/1 [==============================] - 0s 4ms/step - loss: 4.5517 - accuracy: 0.2500
Epoch 12/25

1/1 [==============================] - ETA: 0s - loss: 4.5332 - accuracy: 0.3125
1/1 [==============================] - 0s 3ms/step - loss: 4.5332 - accuracy: 0.3125
Epoch 13/25

1/1 [==============================] - ETA: 0s - loss: 4.5148 - accuracy: 0.3750
1/1 [==============================] - 0s 3ms/step - loss: 4.5148 - accuracy: 0.3750
Epoch 14/25

1/1 [==============================] - ETA: 0s - loss: 4.4964 - accuracy: 0.3750
1/1 [==============================] - 0s 4ms/step - loss: 4.4964 - accuracy: 0.3750
Epoch 15/25

1/1 [==============================] - ETA: 0s - loss: 4.4780 - accuracy: 0.3750
1/1 [==============================] - 0s 3ms/step - loss: 4.4780 - accuracy: 0.3750
Epoch 16/25

1/1 [==============================] - ETA: 0s - loss: 4.4597 - accuracy: 0.3750
1/1 [==============================] - 0s 4ms/step - loss: 4.4597 - accuracy: 0.3750
Epoch 17/25

1/1 [==============================] - ETA: 0s - loss: 4.4414 - accuracy: 0.3750
1/1 [==============================] - 0s 3ms/step - loss: 4.4414 - accuracy: 0.3750
Epoch 18/25

1/1 [==============================] - ETA: 0s - loss: 4.4231 - accuracy: 0.4375
1/1 [==============================] - 0s 4ms/step - loss: 4.4231 - accuracy: 0.4375
Epoch 19/25

1/1 [==============================] - ETA: 0s - loss: 4.4049 - accuracy: 0.4375
1/1 [==============================] - 0s 3ms/step - loss: 4.4049 - accuracy: 0.4375
Epoch 20/25

1/1 [==============================] - ETA: 0s - loss: 4.3867 - accuracy: 0.4375
1/1 [==============================] - 0s 3ms/step - loss: 4.3867 - accuracy: 0.4375
Epoch 21/25

1/1 [==============================] - ETA: 0s - loss: 4.3686 - accuracy: 0.4375
1/1 [==============================] - 0s 2ms/step - loss: 4.3686 - accuracy: 0.4375
Epoch 22/25

1/1 [==============================] - ETA: 0s - loss: 4.3505 - accuracy: 0.5000
1/1 [==============================] - 0s 4ms/step - loss: 4.3505 - accuracy: 0.5000
Epoch 23/25

1/1 [==============================] - ETA: 0s - loss: 4.3324 - accuracy: 0.5625
1/1 [==============================] - 0s 4ms/step - loss: 4.3324 - accuracy: 0.5625
Epoch 24/25

1/1 [==============================] - ETA: 0s - loss: 4.3144 - accuracy: 0.5625
1/1 [==============================] - 0s 4ms/step - loss: 4.3144 - accuracy: 0.5625
Epoch 25/25

1/1 [==============================] - ETA: 0s - loss: 4.2965 - accuracy: 0.5625
1/1 [==============================] - 0s 4ms/step - loss: 4.2965 - accuracy: 0.5625
# predict: steps=12
# predict: tnodeembed_metrics
# predict: node2vec_metrics
tnodeembed: {'auc': 0.7379574007795455, 'f1_micro': 0.0, 'f1_macro': 0.0} tNodeEmbed_final_loss=4.126126289367676 tNodeEmbed_final_accuracy=0.5 
node2vec: {'auc': 0.656173914642218, 'f1_micro': 0.0, 'f1_macro': 0.0} node2vec_final_loss=4.296474933624268 node2vec_final_accuracy=0.5625 
