# load graph
Processing Static file: filename='CollegeMsg_20040701_nodes_44_edges_47_component_0.edges'
# initialize tNodeEmbed for dataset=COLLEGE_NC, test_size=0.2
# load dataset
# fit
# tNodeEmbed steps_per_epoch=1
Epoch 1/25

1/1 [==============================] - ETA: 0s - loss: 4.7475 - accuracy: 0.0000e+00
1/1 [==============================] - 1s 1s/step - loss: 4.7475 - accuracy: 0.0000e+00
Epoch 2/25

1/1 [==============================] - ETA: 0s - loss: 4.7127 - accuracy: 0.0000e+00
1/1 [==============================] - 0s 4ms/step - loss: 4.7127 - accuracy: 0.0000e+00
Epoch 3/25

1/1 [==============================] - ETA: 0s - loss: 4.6778 - accuracy: 0.0000e+00
1/1 [==============================] - 0s 5ms/step - loss: 4.6778 - accuracy: 0.0000e+00
Epoch 4/25

1/1 [==============================] - ETA: 0s - loss: 4.6427 - accuracy: 0.2500
1/1 [==============================] - 0s 4ms/step - loss: 4.6427 - accuracy: 0.2500
Epoch 5/25

1/1 [==============================] - ETA: 0s - loss: 4.6071 - accuracy: 0.5000
1/1 [==============================] - 0s 4ms/step - loss: 4.6071 - accuracy: 0.5000
Epoch 6/25

1/1 [==============================] - ETA: 0s - loss: 4.5710 - accuracy: 0.6875
1/1 [==============================] - 0s 4ms/step - loss: 4.5710 - accuracy: 0.6875
Epoch 7/25

1/1 [==============================] - ETA: 0s - loss: 4.5340 - accuracy: 0.7500
1/1 [==============================] - 0s 5ms/step - loss: 4.5340 - accuracy: 0.7500
Epoch 8/25

1/1 [==============================] - ETA: 0s - loss: 4.4961 - accuracy: 0.8125
1/1 [==============================] - 0s 5ms/step - loss: 4.4961 - accuracy: 0.8125
Epoch 9/25

1/1 [==============================] - ETA: 0s - loss: 4.4571 - accuracy: 0.8125
1/1 [==============================] - 0s 4ms/step - loss: 4.4571 - accuracy: 0.8125
Epoch 10/25

1/1 [==============================] - ETA: 0s - loss: 4.4167 - accuracy: 0.8750
1/1 [==============================] - 0s 4ms/step - loss: 4.4167 - accuracy: 0.8750
Epoch 11/25

1/1 [==============================] - ETA: 0s - loss: 4.3749 - accuracy: 0.8750
1/1 [==============================] - 0s 5ms/step - loss: 4.3749 - accuracy: 0.8750
Epoch 12/25

1/1 [==============================] - ETA: 0s - loss: 4.3314 - accuracy: 0.8750
1/1 [==============================] - 0s 5ms/step - loss: 4.3314 - accuracy: 0.8750
Epoch 13/25

1/1 [==============================] - ETA: 0s - loss: 4.2862 - accuracy: 0.8750
1/1 [==============================] - 0s 5ms/step - loss: 4.2862 - accuracy: 0.8750
Epoch 14/25

1/1 [==============================] - ETA: 0s - loss: 4.2390 - accuracy: 0.8750
1/1 [==============================] - 0s 3ms/step - loss: 4.2390 - accuracy: 0.8750
Epoch 15/25

1/1 [==============================] - ETA: 0s - loss: 4.1898 - accuracy: 0.8750
1/1 [==============================] - 0s 4ms/step - loss: 4.1898 - accuracy: 0.8750
Epoch 16/25

1/1 [==============================] - ETA: 0s - loss: 4.1384 - accuracy: 0.8750
1/1 [==============================] - 0s 4ms/step - loss: 4.1384 - accuracy: 0.8750
Epoch 17/25

1/1 [==============================] - ETA: 0s - loss: 4.0847 - accuracy: 0.8750
1/1 [==============================] - 0s 4ms/step - loss: 4.0847 - accuracy: 0.8750
Epoch 18/25

1/1 [==============================] - ETA: 0s - loss: 4.0286 - accuracy: 0.8750
1/1 [==============================] - 0s 4ms/step - loss: 4.0286 - accuracy: 0.8750
Epoch 19/25

1/1 [==============================] - ETA: 0s - loss: 3.9701 - accuracy: 0.8750
1/1 [==============================] - 0s 4ms/step - loss: 3.9701 - accuracy: 0.8750
Epoch 20/25

1/1 [==============================] - ETA: 0s - loss: 3.9091 - accuracy: 0.8750
1/1 [==============================] - 0s 4ms/step - loss: 3.9091 - accuracy: 0.8750
Epoch 21/25

1/1 [==============================] - ETA: 0s - loss: 3.8454 - accuracy: 0.8750
1/1 [==============================] - 0s 5ms/step - loss: 3.8454 - accuracy: 0.8750
Epoch 22/25

1/1 [==============================] - ETA: 0s - loss: 3.7791 - accuracy: 0.8750
1/1 [==============================] - 0s 5ms/step - loss: 3.7791 - accuracy: 0.8750
Epoch 23/25

1/1 [==============================] - ETA: 0s - loss: 3.7101 - accuracy: 0.8750
1/1 [==============================] - 0s 6ms/step - loss: 3.7101 - accuracy: 0.8750
Epoch 24/25

1/1 [==============================] - ETA: 0s - loss: 3.6384 - accuracy: 0.8750
1/1 [==============================] - 0s 4ms/step - loss: 3.6384 - accuracy: 0.8750
Epoch 25/25

1/1 [==============================] - ETA: 0s - loss: 3.5640 - accuracy: 0.8750
1/1 [==============================] - 0s 4ms/step - loss: 3.5640 - accuracy: 0.8750
# node2vec
Epoch 1/25

1/1 [==============================] - ETA: 0s - loss: 4.8188 - accuracy: 0.0000e+00
1/1 [==============================] - 0s 201ms/step - loss: 4.8188 - accuracy: 0.0000e+00
Epoch 2/25

1/1 [==============================] - ETA: 0s - loss: 4.7791 - accuracy: 0.0000e+00
1/1 [==============================] - 0s 3ms/step - loss: 4.7791 - accuracy: 0.0000e+00
Epoch 3/25

1/1 [==============================] - ETA: 0s - loss: 4.7395 - accuracy: 0.0000e+00
1/1 [==============================] - 0s 4ms/step - loss: 4.7395 - accuracy: 0.0000e+00
Epoch 4/25

1/1 [==============================] - ETA: 0s - loss: 4.6999 - accuracy: 0.0625
1/1 [==============================] - 0s 8ms/step - loss: 4.6999 - accuracy: 0.0625
Epoch 5/25

1/1 [==============================] - ETA: 0s - loss: 4.6603 - accuracy: 0.0625
1/1 [==============================] - 0s 5ms/step - loss: 4.6603 - accuracy: 0.0625
Epoch 6/25

1/1 [==============================] - ETA: 0s - loss: 4.6208 - accuracy: 0.0625
1/1 [==============================] - 0s 6ms/step - loss: 4.6208 - accuracy: 0.0625
Epoch 7/25

1/1 [==============================] - ETA: 0s - loss: 4.5814 - accuracy: 0.0625
1/1 [==============================] - 0s 4ms/step - loss: 4.5814 - accuracy: 0.0625
Epoch 8/25

1/1 [==============================] - ETA: 0s - loss: 4.5420 - accuracy: 0.0625
1/1 [==============================] - 0s 5ms/step - loss: 4.5420 - accuracy: 0.0625
Epoch 9/25

1/1 [==============================] - ETA: 0s - loss: 4.5027 - accuracy: 0.0625
1/1 [==============================] - 0s 5ms/step - loss: 4.5027 - accuracy: 0.0625
Epoch 10/25

1/1 [==============================] - ETA: 0s - loss: 4.4635 - accuracy: 0.0625
1/1 [==============================] - 0s 5ms/step - loss: 4.4635 - accuracy: 0.0625
Epoch 11/25

1/1 [==============================] - ETA: 0s - loss: 4.4244 - accuracy: 0.0625
1/1 [==============================] - 0s 4ms/step - loss: 4.4244 - accuracy: 0.0625
Epoch 12/25

1/1 [==============================] - ETA: 0s - loss: 4.3853 - accuracy: 0.0625
1/1 [==============================] - 0s 4ms/step - loss: 4.3853 - accuracy: 0.0625
Epoch 13/25

1/1 [==============================] - ETA: 0s - loss: 4.3463 - accuracy: 0.0625
1/1 [==============================] - 0s 5ms/step - loss: 4.3463 - accuracy: 0.0625
Epoch 14/25

1/1 [==============================] - ETA: 0s - loss: 4.3074 - accuracy: 0.1250
1/1 [==============================] - 0s 5ms/step - loss: 4.3074 - accuracy: 0.1250
Epoch 15/25

1/1 [==============================] - ETA: 0s - loss: 4.2686 - accuracy: 0.2500
1/1 [==============================] - 0s 5ms/step - loss: 4.2686 - accuracy: 0.2500
Epoch 16/25

1/1 [==============================] - ETA: 0s - loss: 4.2299 - accuracy: 0.2500
1/1 [==============================] - 0s 5ms/step - loss: 4.2299 - accuracy: 0.2500
Epoch 17/25

1/1 [==============================] - ETA: 0s - loss: 4.1912 - accuracy: 0.2500
1/1 [==============================] - 0s 5ms/step - loss: 4.1912 - accuracy: 0.2500
Epoch 18/25

1/1 [==============================] - ETA: 0s - loss: 4.1527 - accuracy: 0.2500
1/1 [==============================] - 0s 4ms/step - loss: 4.1527 - accuracy: 0.2500
Epoch 19/25

1/1 [==============================] - ETA: 0s - loss: 4.1143 - accuracy: 0.3125
1/1 [==============================] - 0s 4ms/step - loss: 4.1143 - accuracy: 0.3125
Epoch 20/25

1/1 [==============================] - ETA: 0s - loss: 4.0759 - accuracy: 0.3125
1/1 [==============================] - 0s 4ms/step - loss: 4.0759 - accuracy: 0.3125
Epoch 21/25

1/1 [==============================] - ETA: 0s - loss: 4.0377 - accuracy: 0.3750
1/1 [==============================] - 0s 3ms/step - loss: 4.0377 - accuracy: 0.3750
Epoch 22/25

1/1 [==============================] - ETA: 0s - loss: 3.9995 - accuracy: 0.3750
1/1 [==============================] - 0s 4ms/step - loss: 3.9995 - accuracy: 0.3750
Epoch 23/25

1/1 [==============================] - ETA: 0s - loss: 3.9615 - accuracy: 0.3750
1/1 [==============================] - 0s 4ms/step - loss: 3.9615 - accuracy: 0.3750
Epoch 24/25

1/1 [==============================] - ETA: 0s - loss: 3.9236 - accuracy: 0.3750
1/1 [==============================] - 0s 3ms/step - loss: 3.9236 - accuracy: 0.3750
Epoch 25/25

1/1 [==============================] - ETA: 0s - loss: 3.8858 - accuracy: 0.3750
1/1 [==============================] - 0s 4ms/step - loss: 3.8858 - accuracy: 0.3750
# predict: steps=12
# predict: tnodeembed_metrics
# predict: node2vec_metrics
tnodeembed: {'auc': 0.708721655676219, 'f1_micro': 0.0, 'f1_macro': 0.0} tNodeEmbed_final_loss=3.5640268325805664 tNodeEmbed_final_accuracy=0.875 
node2vec: {'auc': 0.6145914433848946, 'f1_micro': 0.0, 'f1_macro': 0.0} node2vec_final_loss=3.8857977390289307 node2vec_final_accuracy=0.375 
