# load graph
Processing Static file: filename='CollegeMsg_20040721_nodes_25_edges_25_component_0.edges'
# initialize tNodeEmbed for dataset=COLLEGE_NC, test_size=0.2
# load dataset
# fit
# tNodeEmbed steps_per_epoch=1
Epoch 1/25

1/1 [==============================] - ETA: 0s - loss: 4.7240 - accuracy: 0.0625
1/1 [==============================] - 1s 1s/step - loss: 4.7240 - accuracy: 0.0625
Epoch 2/25

1/1 [==============================] - ETA: 0s - loss: 4.6877 - accuracy: 0.1250
1/1 [==============================] - 0s 4ms/step - loss: 4.6877 - accuracy: 0.1250
Epoch 3/25

1/1 [==============================] - ETA: 0s - loss: 4.6513 - accuracy: 0.4375
1/1 [==============================] - 0s 6ms/step - loss: 4.6513 - accuracy: 0.4375
Epoch 4/25

1/1 [==============================] - ETA: 0s - loss: 4.6144 - accuracy: 0.6875
1/1 [==============================] - 0s 5ms/step - loss: 4.6144 - accuracy: 0.6875
Epoch 5/25

1/1 [==============================] - ETA: 0s - loss: 4.5770 - accuracy: 0.6875
1/1 [==============================] - 0s 5ms/step - loss: 4.5770 - accuracy: 0.6875
Epoch 6/25

1/1 [==============================] - ETA: 0s - loss: 4.5389 - accuracy: 0.7500
1/1 [==============================] - 0s 5ms/step - loss: 4.5389 - accuracy: 0.7500
Epoch 7/25

1/1 [==============================] - ETA: 0s - loss: 4.4999 - accuracy: 0.7500
1/1 [==============================] - 0s 5ms/step - loss: 4.4999 - accuracy: 0.7500
Epoch 8/25

1/1 [==============================] - ETA: 0s - loss: 4.4597 - accuracy: 0.7500
1/1 [==============================] - 0s 5ms/step - loss: 4.4597 - accuracy: 0.7500
Epoch 9/25

1/1 [==============================] - ETA: 0s - loss: 4.4184 - accuracy: 0.7500
1/1 [==============================] - 0s 4ms/step - loss: 4.4184 - accuracy: 0.7500
Epoch 10/25

1/1 [==============================] - ETA: 0s - loss: 4.3756 - accuracy: 0.8125
1/1 [==============================] - 0s 5ms/step - loss: 4.3756 - accuracy: 0.8125
Epoch 11/25

1/1 [==============================] - ETA: 0s - loss: 4.3313 - accuracy: 0.8125
1/1 [==============================] - 0s 6ms/step - loss: 4.3313 - accuracy: 0.8125
Epoch 12/25

1/1 [==============================] - ETA: 0s - loss: 4.2853 - accuracy: 0.7500
1/1 [==============================] - 0s 7ms/step - loss: 4.2853 - accuracy: 0.7500
Epoch 13/25

1/1 [==============================] - ETA: 0s - loss: 4.2374 - accuracy: 0.7500
1/1 [==============================] - 0s 7ms/step - loss: 4.2374 - accuracy: 0.7500
Epoch 14/25

1/1 [==============================] - ETA: 0s - loss: 4.1876 - accuracy: 0.7500
1/1 [==============================] - 0s 6ms/step - loss: 4.1876 - accuracy: 0.7500
Epoch 15/25

1/1 [==============================] - ETA: 0s - loss: 4.1358 - accuracy: 0.7500
1/1 [==============================] - 0s 6ms/step - loss: 4.1358 - accuracy: 0.7500
Epoch 16/25

1/1 [==============================] - ETA: 0s - loss: 4.0817 - accuracy: 0.7500
1/1 [==============================] - 0s 5ms/step - loss: 4.0817 - accuracy: 0.7500
Epoch 17/25

1/1 [==============================] - ETA: 0s - loss: 4.0255 - accuracy: 0.7500
1/1 [==============================] - 0s 4ms/step - loss: 4.0255 - accuracy: 0.7500
Epoch 18/25

1/1 [==============================] - ETA: 0s - loss: 3.9669 - accuracy: 0.7500
1/1 [==============================] - 0s 4ms/step - loss: 3.9669 - accuracy: 0.7500
Epoch 19/25

1/1 [==============================] - ETA: 0s - loss: 3.9059 - accuracy: 0.7500
1/1 [==============================] - 0s 4ms/step - loss: 3.9059 - accuracy: 0.7500
Epoch 20/25

1/1 [==============================] - ETA: 0s - loss: 3.8424 - accuracy: 0.7500
1/1 [==============================] - 0s 5ms/step - loss: 3.8424 - accuracy: 0.7500
Epoch 21/25

1/1 [==============================] - ETA: 0s - loss: 3.7765 - accuracy: 0.7500
1/1 [==============================] - 0s 5ms/step - loss: 3.7765 - accuracy: 0.7500
Epoch 22/25

1/1 [==============================] - ETA: 0s - loss: 3.7080 - accuracy: 0.7500
1/1 [==============================] - 0s 4ms/step - loss: 3.7080 - accuracy: 0.7500
Epoch 23/25

1/1 [==============================] - ETA: 0s - loss: 3.6370 - accuracy: 0.7500
1/1 [==============================] - 0s 5ms/step - loss: 3.6370 - accuracy: 0.7500
Epoch 24/25

1/1 [==============================] - ETA: 0s - loss: 3.5636 - accuracy: 0.7500
1/1 [==============================] - 0s 5ms/step - loss: 3.5636 - accuracy: 0.7500
Epoch 25/25

1/1 [==============================] - ETA: 0s - loss: 3.4877 - accuracy: 0.7500
1/1 [==============================] - 0s 5ms/step - loss: 3.4877 - accuracy: 0.7500
# node2vec
Epoch 1/25

1/1 [==============================] - ETA: 0s - loss: 4.6788 - accuracy: 0.0625
1/1 [==============================] - 0s 240ms/step - loss: 4.6788 - accuracy: 0.0625
Epoch 2/25

1/1 [==============================] - ETA: 0s - loss: 4.6419 - accuracy: 0.0625
1/1 [==============================] - 0s 3ms/step - loss: 4.6419 - accuracy: 0.0625
Epoch 3/25

1/1 [==============================] - ETA: 0s - loss: 4.6051 - accuracy: 0.0625
1/1 [==============================] - 0s 3ms/step - loss: 4.6051 - accuracy: 0.0625
Epoch 4/25

1/1 [==============================] - ETA: 0s - loss: 4.5683 - accuracy: 0.0625
1/1 [==============================] - 0s 4ms/step - loss: 4.5683 - accuracy: 0.0625
Epoch 5/25

1/1 [==============================] - ETA: 0s - loss: 4.5315 - accuracy: 0.1250
1/1 [==============================] - 0s 2ms/step - loss: 4.5315 - accuracy: 0.1250
Epoch 6/25

1/1 [==============================] - ETA: 0s - loss: 4.4948 - accuracy: 0.1250
1/1 [==============================] - 0s 4ms/step - loss: 4.4948 - accuracy: 0.1250
Epoch 7/25

1/1 [==============================] - ETA: 0s - loss: 4.4581 - accuracy: 0.1250
1/1 [==============================] - 0s 3ms/step - loss: 4.4581 - accuracy: 0.1250
Epoch 8/25

1/1 [==============================] - ETA: 0s - loss: 4.4215 - accuracy: 0.1250
1/1 [==============================] - 0s 4ms/step - loss: 4.4215 - accuracy: 0.1250
Epoch 9/25

1/1 [==============================] - ETA: 0s - loss: 4.3850 - accuracy: 0.1250
1/1 [==============================] - 0s 4ms/step - loss: 4.3850 - accuracy: 0.1250
Epoch 10/25

1/1 [==============================] - ETA: 0s - loss: 4.3485 - accuracy: 0.1875
1/1 [==============================] - 0s 3ms/step - loss: 4.3485 - accuracy: 0.1875
Epoch 11/25

1/1 [==============================] - ETA: 0s - loss: 4.3121 - accuracy: 0.1875
1/1 [==============================] - 0s 4ms/step - loss: 4.3121 - accuracy: 0.1875
Epoch 12/25

1/1 [==============================] - ETA: 0s - loss: 4.2758 - accuracy: 0.1875
1/1 [==============================] - 0s 3ms/step - loss: 4.2758 - accuracy: 0.1875
Epoch 13/25

1/1 [==============================] - ETA: 0s - loss: 4.2396 - accuracy: 0.2500
1/1 [==============================] - 0s 4ms/step - loss: 4.2396 - accuracy: 0.2500
Epoch 14/25

1/1 [==============================] - ETA: 0s - loss: 4.2034 - accuracy: 0.2500
1/1 [==============================] - 0s 4ms/step - loss: 4.2034 - accuracy: 0.2500
Epoch 15/25

1/1 [==============================] - ETA: 0s - loss: 4.1673 - accuracy: 0.3125
1/1 [==============================] - 0s 3ms/step - loss: 4.1673 - accuracy: 0.3125
Epoch 16/25

1/1 [==============================] - ETA: 0s - loss: 4.1312 - accuracy: 0.3125
1/1 [==============================] - 0s 4ms/step - loss: 4.1312 - accuracy: 0.3125
Epoch 17/25

1/1 [==============================] - ETA: 0s - loss: 4.0953 - accuracy: 0.3125
1/1 [==============================] - 0s 5ms/step - loss: 4.0953 - accuracy: 0.3125
Epoch 18/25

1/1 [==============================] - ETA: 0s - loss: 4.0595 - accuracy: 0.3750
1/1 [==============================] - 0s 4ms/step - loss: 4.0595 - accuracy: 0.3750
Epoch 19/25

1/1 [==============================] - ETA: 0s - loss: 4.0237 - accuracy: 0.5000
1/1 [==============================] - 0s 4ms/step - loss: 4.0237 - accuracy: 0.5000
Epoch 20/25

1/1 [==============================] - ETA: 0s - loss: 3.9880 - accuracy: 0.5000
1/1 [==============================] - 0s 4ms/step - loss: 3.9880 - accuracy: 0.5000
Epoch 21/25

1/1 [==============================] - ETA: 0s - loss: 3.9524 - accuracy: 0.5000
1/1 [==============================] - 0s 4ms/step - loss: 3.9524 - accuracy: 0.5000
Epoch 22/25

1/1 [==============================] - ETA: 0s - loss: 3.9170 - accuracy: 0.5000
1/1 [==============================] - 0s 4ms/step - loss: 3.9170 - accuracy: 0.5000
Epoch 23/25

1/1 [==============================] - ETA: 0s - loss: 3.8816 - accuracy: 0.5625
1/1 [==============================] - 0s 3ms/step - loss: 3.8816 - accuracy: 0.5625
Epoch 24/25

1/1 [==============================] - ETA: 0s - loss: 3.8463 - accuracy: 0.5625
1/1 [==============================] - 0s 4ms/step - loss: 3.8463 - accuracy: 0.5625
Epoch 25/25

1/1 [==============================] - ETA: 0s - loss: 3.8111 - accuracy: 0.6875
1/1 [==============================] - 0s 3ms/step - loss: 3.8111 - accuracy: 0.6875
# predict: steps=12
# predict: tnodeembed_metrics
# predict: node2vec_metrics
tnodeembed: {'auc': 0.6873668889270217, 'f1_micro': 0.0, 'f1_macro': 0.0} tNodeEmbed_final_loss=3.487741470336914 tNodeEmbed_final_accuracy=0.75 
node2vec: {'auc': 0.6109131775059446, 'f1_micro': 0.0, 'f1_macro': 0.0} node2vec_final_loss=3.8111395835876465 node2vec_final_accuracy=0.6875 
