# load graph
Processing Static file: filename='CollegeMsg_20040913_nodes_37_edges_36_component_0.edges'
# initialize tNodeEmbed for dataset=COLLEGE_NC, test_size=0.2
# load dataset
# fit
# tNodeEmbed steps_per_epoch=1
Epoch 1/25

1/1 [==============================] - ETA: 0s - loss: 4.7588 - accuracy: 0.0000e+00
1/1 [==============================] - 1s 1s/step - loss: 4.7588 - accuracy: 0.0000e+00
Epoch 2/25

1/1 [==============================] - ETA: 0s - loss: 4.7235 - accuracy: 0.0000e+00
1/1 [==============================] - 0s 5ms/step - loss: 4.7235 - accuracy: 0.0000e+00
Epoch 3/25

1/1 [==============================] - ETA: 0s - loss: 4.6884 - accuracy: 0.1250
1/1 [==============================] - 0s 4ms/step - loss: 4.6884 - accuracy: 0.1250
Epoch 4/25

1/1 [==============================] - ETA: 0s - loss: 4.6533 - accuracy: 0.2500
1/1 [==============================] - 0s 6ms/step - loss: 4.6533 - accuracy: 0.2500
Epoch 5/25

1/1 [==============================] - ETA: 0s - loss: 4.6179 - accuracy: 0.3750
1/1 [==============================] - 0s 6ms/step - loss: 4.6179 - accuracy: 0.3750
Epoch 6/25

1/1 [==============================] - ETA: 0s - loss: 4.5823 - accuracy: 0.8750
1/1 [==============================] - 0s 6ms/step - loss: 4.5823 - accuracy: 0.8750
Epoch 7/25

1/1 [==============================] - ETA: 0s - loss: 4.5462 - accuracy: 0.9375
1/1 [==============================] - 0s 7ms/step - loss: 4.5462 - accuracy: 0.9375
Epoch 8/25

1/1 [==============================] - ETA: 0s - loss: 4.5095 - accuracy: 0.9375
1/1 [==============================] - 0s 6ms/step - loss: 4.5095 - accuracy: 0.9375
Epoch 9/25

1/1 [==============================] - ETA: 0s - loss: 4.4719 - accuracy: 1.0000
1/1 [==============================] - 0s 8ms/step - loss: 4.4719 - accuracy: 1.0000
Epoch 10/25

1/1 [==============================] - ETA: 0s - loss: 4.4334 - accuracy: 1.0000
1/1 [==============================] - 0s 7ms/step - loss: 4.4334 - accuracy: 1.0000
Epoch 11/25

1/1 [==============================] - ETA: 0s - loss: 4.3938 - accuracy: 1.0000
1/1 [==============================] - 0s 7ms/step - loss: 4.3938 - accuracy: 1.0000
Epoch 12/25

1/1 [==============================] - ETA: 0s - loss: 4.3530 - accuracy: 1.0000
1/1 [==============================] - 0s 6ms/step - loss: 4.3530 - accuracy: 1.0000
Epoch 13/25

1/1 [==============================] - ETA: 0s - loss: 4.3107 - accuracy: 1.0000
1/1 [==============================] - 0s 8ms/step - loss: 4.3107 - accuracy: 1.0000
Epoch 14/25

1/1 [==============================] - ETA: 0s - loss: 4.2670 - accuracy: 1.0000
1/1 [==============================] - 0s 6ms/step - loss: 4.2670 - accuracy: 1.0000
Epoch 15/25

1/1 [==============================] - ETA: 0s - loss: 4.2217 - accuracy: 1.0000
1/1 [==============================] - 0s 8ms/step - loss: 4.2217 - accuracy: 1.0000
Epoch 16/25

1/1 [==============================] - ETA: 0s - loss: 4.1746 - accuracy: 1.0000
1/1 [==============================] - 0s 7ms/step - loss: 4.1746 - accuracy: 1.0000
Epoch 17/25

1/1 [==============================] - ETA: 0s - loss: 4.1256 - accuracy: 1.0000
1/1 [==============================] - 0s 7ms/step - loss: 4.1256 - accuracy: 1.0000
Epoch 18/25

1/1 [==============================] - ETA: 0s - loss: 4.0748 - accuracy: 1.0000
1/1 [==============================] - 0s 7ms/step - loss: 4.0748 - accuracy: 1.0000
Epoch 19/25

1/1 [==============================] - ETA: 0s - loss: 4.0218 - accuracy: 1.0000
1/1 [==============================] - 0s 7ms/step - loss: 4.0218 - accuracy: 1.0000
Epoch 20/25

1/1 [==============================] - ETA: 0s - loss: 3.9668 - accuracy: 1.0000
1/1 [==============================] - 0s 7ms/step - loss: 3.9668 - accuracy: 1.0000
Epoch 21/25

1/1 [==============================] - ETA: 0s - loss: 3.9095 - accuracy: 1.0000
1/1 [==============================] - 0s 7ms/step - loss: 3.9095 - accuracy: 1.0000
Epoch 22/25

1/1 [==============================] - ETA: 0s - loss: 3.8499 - accuracy: 1.0000
1/1 [==============================] - 0s 9ms/step - loss: 3.8499 - accuracy: 1.0000
Epoch 23/25

1/1 [==============================] - ETA: 0s - loss: 3.7880 - accuracy: 1.0000
1/1 [==============================] - 0s 7ms/step - loss: 3.7880 - accuracy: 1.0000
Epoch 24/25

1/1 [==============================] - ETA: 0s - loss: 3.7238 - accuracy: 1.0000
1/1 [==============================] - 0s 8ms/step - loss: 3.7238 - accuracy: 1.0000
Epoch 25/25

1/1 [==============================] - ETA: 0s - loss: 3.6570 - accuracy: 1.0000
1/1 [==============================] - 0s 8ms/step - loss: 3.6570 - accuracy: 1.0000
# node2vec
Epoch 1/25

1/1 [==============================] - ETA: 0s - loss: 4.8517 - accuracy: 0.0000e+00
1/1 [==============================] - 0s 195ms/step - loss: 4.8517 - accuracy: 0.0000e+00
Epoch 2/25

1/1 [==============================] - ETA: 0s - loss: 4.8100 - accuracy: 0.0000e+00
1/1 [==============================] - 0s 4ms/step - loss: 4.8100 - accuracy: 0.0000e+00
Epoch 3/25

1/1 [==============================] - ETA: 0s - loss: 4.7684 - accuracy: 0.0000e+00
1/1 [==============================] - 0s 4ms/step - loss: 4.7684 - accuracy: 0.0000e+00
Epoch 4/25

1/1 [==============================] - ETA: 0s - loss: 4.7267 - accuracy: 0.0000e+00
1/1 [==============================] - 0s 3ms/step - loss: 4.7267 - accuracy: 0.0000e+00
Epoch 5/25

1/1 [==============================] - ETA: 0s - loss: 4.6852 - accuracy: 0.0625
1/1 [==============================] - 0s 3ms/step - loss: 4.6852 - accuracy: 0.0625
Epoch 6/25

1/1 [==============================] - ETA: 0s - loss: 4.6437 - accuracy: 0.0625
1/1 [==============================] - 0s 3ms/step - loss: 4.6437 - accuracy: 0.0625
Epoch 7/25

1/1 [==============================] - ETA: 0s - loss: 4.6023 - accuracy: 0.0625
1/1 [==============================] - 0s 3ms/step - loss: 4.6023 - accuracy: 0.0625
Epoch 8/25

1/1 [==============================] - ETA: 0s - loss: 4.5610 - accuracy: 0.0625
1/1 [==============================] - 0s 3ms/step - loss: 4.5610 - accuracy: 0.0625
Epoch 9/25

1/1 [==============================] - ETA: 0s - loss: 4.5197 - accuracy: 0.0625
1/1 [==============================] - 0s 3ms/step - loss: 4.5197 - accuracy: 0.0625
Epoch 10/25

1/1 [==============================] - ETA: 0s - loss: 4.4785 - accuracy: 0.0625
1/1 [==============================] - 0s 4ms/step - loss: 4.4785 - accuracy: 0.0625
Epoch 11/25

1/1 [==============================] - ETA: 0s - loss: 4.4374 - accuracy: 0.0625
1/1 [==============================] - 0s 4ms/step - loss: 4.4374 - accuracy: 0.0625
Epoch 12/25

1/1 [==============================] - ETA: 0s - loss: 4.3964 - accuracy: 0.0625
1/1 [==============================] - 0s 5ms/step - loss: 4.3964 - accuracy: 0.0625
Epoch 13/25

1/1 [==============================] - ETA: 0s - loss: 4.3555 - accuracy: 0.1250
1/1 [==============================] - 0s 7ms/step - loss: 4.3555 - accuracy: 0.1250
Epoch 14/25

1/1 [==============================] - ETA: 0s - loss: 4.3147 - accuracy: 0.1875
1/1 [==============================] - 0s 6ms/step - loss: 4.3147 - accuracy: 0.1875
Epoch 15/25

1/1 [==============================] - ETA: 0s - loss: 4.2740 - accuracy: 0.1875
1/1 [==============================] - 0s 5ms/step - loss: 4.2740 - accuracy: 0.1875
Epoch 16/25

1/1 [==============================] - ETA: 0s - loss: 4.2333 - accuracy: 0.1875
1/1 [==============================] - 0s 5ms/step - loss: 4.2333 - accuracy: 0.1875
Epoch 17/25

1/1 [==============================] - ETA: 0s - loss: 4.1928 - accuracy: 0.2500
1/1 [==============================] - 0s 4ms/step - loss: 4.1928 - accuracy: 0.2500
Epoch 18/25

1/1 [==============================] - ETA: 0s - loss: 4.1524 - accuracy: 0.2500
1/1 [==============================] - 0s 5ms/step - loss: 4.1524 - accuracy: 0.2500
Epoch 19/25

1/1 [==============================] - ETA: 0s - loss: 4.1120 - accuracy: 0.2500
1/1 [==============================] - 0s 5ms/step - loss: 4.1120 - accuracy: 0.2500
Epoch 20/25

1/1 [==============================] - ETA: 0s - loss: 4.0718 - accuracy: 0.2500
1/1 [==============================] - 0s 4ms/step - loss: 4.0718 - accuracy: 0.2500
Epoch 21/25

1/1 [==============================] - ETA: 0s - loss: 4.0317 - accuracy: 0.2500
1/1 [==============================] - 0s 4ms/step - loss: 4.0317 - accuracy: 0.2500
Epoch 22/25

1/1 [==============================] - ETA: 0s - loss: 3.9917 - accuracy: 0.3125
1/1 [==============================] - 0s 4ms/step - loss: 3.9917 - accuracy: 0.3125
Epoch 23/25

1/1 [==============================] - ETA: 0s - loss: 3.9519 - accuracy: 0.4375
1/1 [==============================] - 0s 4ms/step - loss: 3.9519 - accuracy: 0.4375
Epoch 24/25

1/1 [==============================] - ETA: 0s - loss: 3.9121 - accuracy: 0.5000
1/1 [==============================] - 0s 4ms/step - loss: 3.9121 - accuracy: 0.5000
Epoch 25/25

1/1 [==============================] - ETA: 0s - loss: 3.8725 - accuracy: 0.5000
1/1 [==============================] - 0s 4ms/step - loss: 3.8725 - accuracy: 0.5000
# predict: steps=12
# predict: tnodeembed_metrics
# predict: node2vec_metrics
tnodeembed: {'auc': 0.7813098754688305, 'f1_micro': 0.0, 'f1_macro': 0.0} tNodeEmbed_final_loss=3.65704083442688 tNodeEmbed_final_accuracy=1.0 
node2vec: {'auc': 0.6784576704336528, 'f1_micro': 0.0, 'f1_macro': 0.0} node2vec_final_loss=3.8725271224975586 node2vec_final_accuracy=0.5 
