# load graph
Processing Static file: filename='CollegeMsg_20041006_nodes_9_edges_8_component_0.edges'
# initialize tNodeEmbed for dataset=COLLEGE_NC, test_size=0.2
# load dataset
# fit
# tNodeEmbed steps_per_epoch=1
Epoch 1/25

1/1 [==============================] - ETA: 0s - loss: 4.7444 - accuracy: 0.0000e+00
1/1 [==============================] - 1s 1s/step - loss: 4.7444 - accuracy: 0.0000e+00
Epoch 2/25

1/1 [==============================] - ETA: 0s - loss: 4.7115 - accuracy: 0.1250
1/1 [==============================] - 0s 4ms/step - loss: 4.7115 - accuracy: 0.1250
Epoch 3/25

1/1 [==============================] - ETA: 0s - loss: 4.6785 - accuracy: 0.1250
1/1 [==============================] - 0s 4ms/step - loss: 4.6785 - accuracy: 0.1250
Epoch 4/25

1/1 [==============================] - ETA: 0s - loss: 4.6453 - accuracy: 0.3125
1/1 [==============================] - 0s 4ms/step - loss: 4.6453 - accuracy: 0.3125
Epoch 5/25

1/1 [==============================] - ETA: 0s - loss: 4.6116 - accuracy: 0.5625
1/1 [==============================] - 0s 5ms/step - loss: 4.6116 - accuracy: 0.5625
Epoch 6/25

1/1 [==============================] - ETA: 0s - loss: 4.5774 - accuracy: 0.6250
1/1 [==============================] - 0s 4ms/step - loss: 4.5774 - accuracy: 0.6250
Epoch 7/25

1/1 [==============================] - ETA: 0s - loss: 4.5426 - accuracy: 0.6250
1/1 [==============================] - 0s 4ms/step - loss: 4.5426 - accuracy: 0.6250
Epoch 8/25

1/1 [==============================] - ETA: 0s - loss: 4.5068 - accuracy: 0.7500
1/1 [==============================] - 0s 5ms/step - loss: 4.5068 - accuracy: 0.7500
Epoch 9/25

1/1 [==============================] - ETA: 0s - loss: 4.4701 - accuracy: 0.8750
1/1 [==============================] - 0s 4ms/step - loss: 4.4701 - accuracy: 0.8750
Epoch 10/25

1/1 [==============================] - ETA: 0s - loss: 4.4321 - accuracy: 0.8750
1/1 [==============================] - 0s 5ms/step - loss: 4.4321 - accuracy: 0.8750
Epoch 11/25

1/1 [==============================] - ETA: 0s - loss: 4.3928 - accuracy: 0.8750
1/1 [==============================] - 0s 4ms/step - loss: 4.3928 - accuracy: 0.8750
Epoch 12/25

1/1 [==============================] - ETA: 0s - loss: 4.3521 - accuracy: 0.8750
1/1 [==============================] - 0s 4ms/step - loss: 4.3521 - accuracy: 0.8750
Epoch 13/25

1/1 [==============================] - ETA: 0s - loss: 4.3097 - accuracy: 0.9375
1/1 [==============================] - 0s 5ms/step - loss: 4.3097 - accuracy: 0.9375
Epoch 14/25

1/1 [==============================] - ETA: 0s - loss: 4.2656 - accuracy: 0.9375
1/1 [==============================] - 0s 5ms/step - loss: 4.2656 - accuracy: 0.9375
Epoch 15/25

1/1 [==============================] - ETA: 0s - loss: 4.2196 - accuracy: 0.9375
1/1 [==============================] - 0s 4ms/step - loss: 4.2196 - accuracy: 0.9375
Epoch 16/25

1/1 [==============================] - ETA: 0s - loss: 4.1716 - accuracy: 0.9375
1/1 [==============================] - 0s 5ms/step - loss: 4.1716 - accuracy: 0.9375
Epoch 17/25

1/1 [==============================] - ETA: 0s - loss: 4.1215 - accuracy: 0.9375
1/1 [==============================] - 0s 5ms/step - loss: 4.1215 - accuracy: 0.9375
Epoch 18/25

1/1 [==============================] - ETA: 0s - loss: 4.0691 - accuracy: 0.9375
1/1 [==============================] - 0s 5ms/step - loss: 4.0691 - accuracy: 0.9375
Epoch 19/25

1/1 [==============================] - ETA: 0s - loss: 4.0145 - accuracy: 0.9375
1/1 [==============================] - 0s 5ms/step - loss: 4.0145 - accuracy: 0.9375
Epoch 20/25

1/1 [==============================] - ETA: 0s - loss: 3.9574 - accuracy: 0.9375
1/1 [==============================] - 0s 5ms/step - loss: 3.9574 - accuracy: 0.9375
Epoch 21/25

1/1 [==============================] - ETA: 0s - loss: 3.8978 - accuracy: 0.9375
1/1 [==============================] - 0s 5ms/step - loss: 3.8978 - accuracy: 0.9375
Epoch 22/25

1/1 [==============================] - ETA: 0s - loss: 3.8357 - accuracy: 0.9375
1/1 [==============================] - 0s 5ms/step - loss: 3.8357 - accuracy: 0.9375
Epoch 23/25

1/1 [==============================] - ETA: 0s - loss: 3.7710 - accuracy: 0.9375
1/1 [==============================] - 0s 4ms/step - loss: 3.7710 - accuracy: 0.9375
Epoch 24/25

1/1 [==============================] - ETA: 0s - loss: 3.7036 - accuracy: 0.9375
1/1 [==============================] - 0s 4ms/step - loss: 3.7036 - accuracy: 0.9375
Epoch 25/25

1/1 [==============================] - ETA: 0s - loss: 3.6335 - accuracy: 0.9375
1/1 [==============================] - 0s 5ms/step - loss: 3.6335 - accuracy: 0.9375
# node2vec
Epoch 1/25

1/1 [==============================] - ETA: 0s - loss: 4.6778 - accuracy: 0.0000e+00
1/1 [==============================] - 0s 188ms/step - loss: 4.6778 - accuracy: 0.0000e+00
Epoch 2/25

1/1 [==============================] - ETA: 0s - loss: 4.6407 - accuracy: 0.0000e+00
1/1 [==============================] - 0s 3ms/step - loss: 4.6407 - accuracy: 0.0000e+00
Epoch 3/25

1/1 [==============================] - ETA: 0s - loss: 4.6036 - accuracy: 0.0000e+00
1/1 [==============================] - 0s 3ms/step - loss: 4.6036 - accuracy: 0.0000e+00
Epoch 4/25

1/1 [==============================] - ETA: 0s - loss: 4.5666 - accuracy: 0.0000e+00
1/1 [==============================] - 0s 3ms/step - loss: 4.5666 - accuracy: 0.0000e+00
Epoch 5/25

1/1 [==============================] - ETA: 0s - loss: 4.5297 - accuracy: 0.0000e+00
1/1 [==============================] - 0s 3ms/step - loss: 4.5297 - accuracy: 0.0000e+00
Epoch 6/25

1/1 [==============================] - ETA: 0s - loss: 4.4928 - accuracy: 0.0000e+00
1/1 [==============================] - 0s 3ms/step - loss: 4.4928 - accuracy: 0.0000e+00
Epoch 7/25

1/1 [==============================] - ETA: 0s - loss: 4.4560 - accuracy: 0.0000e+00
1/1 [==============================] - 0s 3ms/step - loss: 4.4560 - accuracy: 0.0000e+00
Epoch 8/25

1/1 [==============================] - ETA: 0s - loss: 4.4192 - accuracy: 0.1250
1/1 [==============================] - 0s 3ms/step - loss: 4.4192 - accuracy: 0.1250
Epoch 9/25

1/1 [==============================] - ETA: 0s - loss: 4.3825 - accuracy: 0.1250
1/1 [==============================] - 0s 2ms/step - loss: 4.3825 - accuracy: 0.1250
Epoch 10/25

1/1 [==============================] - ETA: 0s - loss: 4.3458 - accuracy: 0.1250
1/1 [==============================] - 0s 3ms/step - loss: 4.3458 - accuracy: 0.1250
Epoch 11/25

1/1 [==============================] - ETA: 0s - loss: 4.3093 - accuracy: 0.1250
1/1 [==============================] - 0s 2ms/step - loss: 4.3093 - accuracy: 0.1250
Epoch 12/25

1/1 [==============================] - ETA: 0s - loss: 4.2728 - accuracy: 0.1875
1/1 [==============================] - 0s 3ms/step - loss: 4.2728 - accuracy: 0.1875
Epoch 13/25

1/1 [==============================] - ETA: 0s - loss: 4.2363 - accuracy: 0.1875
1/1 [==============================] - 0s 4ms/step - loss: 4.2363 - accuracy: 0.1875
Epoch 14/25

1/1 [==============================] - ETA: 0s - loss: 4.2000 - accuracy: 0.2500
1/1 [==============================] - 0s 3ms/step - loss: 4.2000 - accuracy: 0.2500
Epoch 15/25

1/1 [==============================] - ETA: 0s - loss: 4.1637 - accuracy: 0.2500
1/1 [==============================] - 0s 3ms/step - loss: 4.1637 - accuracy: 0.2500
Epoch 16/25

1/1 [==============================] - ETA: 0s - loss: 4.1275 - accuracy: 0.3125
1/1 [==============================] - 0s 3ms/step - loss: 4.1275 - accuracy: 0.3125
Epoch 17/25

1/1 [==============================] - ETA: 0s - loss: 4.0914 - accuracy: 0.3125
1/1 [==============================] - 0s 3ms/step - loss: 4.0914 - accuracy: 0.3125
Epoch 18/25

1/1 [==============================] - ETA: 0s - loss: 4.0554 - accuracy: 0.3125
1/1 [==============================] - 0s 3ms/step - loss: 4.0554 - accuracy: 0.3125
Epoch 19/25

1/1 [==============================] - ETA: 0s - loss: 4.0194 - accuracy: 0.3125
1/1 [==============================] - 0s 4ms/step - loss: 4.0194 - accuracy: 0.3125
Epoch 20/25

1/1 [==============================] - ETA: 0s - loss: 3.9836 - accuracy: 0.3750
1/1 [==============================] - 0s 3ms/step - loss: 3.9836 - accuracy: 0.3750
Epoch 21/25

1/1 [==============================] - ETA: 0s - loss: 3.9478 - accuracy: 0.4375
1/1 [==============================] - 0s 3ms/step - loss: 3.9478 - accuracy: 0.4375
Epoch 22/25

1/1 [==============================] - ETA: 0s - loss: 3.9122 - accuracy: 0.5000
1/1 [==============================] - 0s 3ms/step - loss: 3.9122 - accuracy: 0.5000
Epoch 23/25

1/1 [==============================] - ETA: 0s - loss: 3.8766 - accuracy: 0.5000
1/1 [==============================] - 0s 3ms/step - loss: 3.8766 - accuracy: 0.5000
Epoch 24/25

1/1 [==============================] - ETA: 0s - loss: 3.8412 - accuracy: 0.5000
1/1 [==============================] - 0s 3ms/step - loss: 3.8412 - accuracy: 0.5000
Epoch 25/25

1/1 [==============================] - ETA: 0s - loss: 3.8058 - accuracy: 0.5625
1/1 [==============================] - 0s 3ms/step - loss: 3.8058 - accuracy: 0.5625
# predict: steps=12
# predict: tnodeembed_metrics
# predict: node2vec_metrics
tnodeembed: {'auc': 0.714674821660579, 'f1_micro': 0.0, 'f1_macro': 0.0} tNodeEmbed_final_loss=3.6334609985351562 tNodeEmbed_final_accuracy=0.9375 
node2vec: {'auc': 0.6491617740788861, 'f1_micro': 0.0, 'f1_macro': 0.0} node2vec_final_loss=3.8057942390441895 node2vec_final_accuracy=0.5625 
