# load graph
Processing Static file: filename='CollegeMsg_20040728_nodes_42_edges_43_component_0.edges'
# initialize tNodeEmbed for dataset=COLLEGE_NC, test_size=0.2
# load dataset
# fit
# tNodeEmbed steps_per_epoch=1
Epoch 1/25

1/1 [==============================] - ETA: 0s - loss: 4.7331 - accuracy: 0.0000e+00
1/1 [==============================] - 1s 1s/step - loss: 4.7331 - accuracy: 0.0000e+00
Epoch 2/25

1/1 [==============================] - ETA: 0s - loss: 4.6993 - accuracy: 0.0000e+00
1/1 [==============================] - 0s 5ms/step - loss: 4.6993 - accuracy: 0.0000e+00
Epoch 3/25

1/1 [==============================] - ETA: 0s - loss: 4.6653 - accuracy: 0.1250
1/1 [==============================] - 0s 5ms/step - loss: 4.6653 - accuracy: 0.1250
Epoch 4/25

1/1 [==============================] - ETA: 0s - loss: 4.6312 - accuracy: 0.2500
1/1 [==============================] - 0s 4ms/step - loss: 4.6312 - accuracy: 0.2500
Epoch 5/25

1/1 [==============================] - ETA: 0s - loss: 4.5966 - accuracy: 0.5625
1/1 [==============================] - 0s 5ms/step - loss: 4.5966 - accuracy: 0.5625
Epoch 6/25

1/1 [==============================] - ETA: 0s - loss: 4.5616 - accuracy: 0.8125
1/1 [==============================] - 0s 5ms/step - loss: 4.5616 - accuracy: 0.8125
Epoch 7/25

1/1 [==============================] - ETA: 0s - loss: 4.5260 - accuracy: 0.9375
1/1 [==============================] - 0s 5ms/step - loss: 4.5260 - accuracy: 0.9375
Epoch 8/25

1/1 [==============================] - ETA: 0s - loss: 4.4897 - accuracy: 0.9375
1/1 [==============================] - 0s 5ms/step - loss: 4.4897 - accuracy: 0.9375
Epoch 9/25

1/1 [==============================] - ETA: 0s - loss: 4.4524 - accuracy: 0.9375
1/1 [==============================] - 0s 5ms/step - loss: 4.4524 - accuracy: 0.9375
Epoch 10/25

1/1 [==============================] - ETA: 0s - loss: 4.4141 - accuracy: 0.9375
1/1 [==============================] - 0s 5ms/step - loss: 4.4141 - accuracy: 0.9375
Epoch 11/25

1/1 [==============================] - ETA: 0s - loss: 4.3747 - accuracy: 0.9375
1/1 [==============================] - 0s 5ms/step - loss: 4.3747 - accuracy: 0.9375
Epoch 12/25

1/1 [==============================] - ETA: 0s - loss: 4.3339 - accuracy: 1.0000
1/1 [==============================] - 0s 5ms/step - loss: 4.3339 - accuracy: 1.0000
Epoch 13/25

1/1 [==============================] - ETA: 0s - loss: 4.2918 - accuracy: 1.0000
1/1 [==============================] - 0s 5ms/step - loss: 4.2918 - accuracy: 1.0000
Epoch 14/25

1/1 [==============================] - ETA: 0s - loss: 4.2482 - accuracy: 1.0000
1/1 [==============================] - 0s 6ms/step - loss: 4.2482 - accuracy: 1.0000
Epoch 15/25

1/1 [==============================] - ETA: 0s - loss: 4.2029 - accuracy: 1.0000
1/1 [==============================] - 0s 5ms/step - loss: 4.2029 - accuracy: 1.0000
Epoch 16/25

1/1 [==============================] - ETA: 0s - loss: 4.1560 - accuracy: 1.0000
1/1 [==============================] - 0s 5ms/step - loss: 4.1560 - accuracy: 1.0000
Epoch 17/25

1/1 [==============================] - ETA: 0s - loss: 4.1072 - accuracy: 1.0000
1/1 [==============================] - 0s 5ms/step - loss: 4.1072 - accuracy: 1.0000
Epoch 18/25

1/1 [==============================] - ETA: 0s - loss: 4.0564 - accuracy: 1.0000
1/1 [==============================] - 0s 4ms/step - loss: 4.0564 - accuracy: 1.0000
Epoch 19/25

1/1 [==============================] - ETA: 0s - loss: 4.0037 - accuracy: 1.0000
1/1 [==============================] - 0s 4ms/step - loss: 4.0037 - accuracy: 1.0000
Epoch 20/25

1/1 [==============================] - ETA: 0s - loss: 3.9488 - accuracy: 1.0000
1/1 [==============================] - 0s 4ms/step - loss: 3.9488 - accuracy: 1.0000
Epoch 21/25

1/1 [==============================] - ETA: 0s - loss: 3.8918 - accuracy: 1.0000
1/1 [==============================] - 0s 5ms/step - loss: 3.8918 - accuracy: 1.0000
Epoch 22/25

1/1 [==============================] - ETA: 0s - loss: 3.8325 - accuracy: 1.0000
1/1 [==============================] - 0s 6ms/step - loss: 3.8325 - accuracy: 1.0000
Epoch 23/25

1/1 [==============================] - ETA: 0s - loss: 3.7709 - accuracy: 1.0000
1/1 [==============================] - 0s 5ms/step - loss: 3.7709 - accuracy: 1.0000
Epoch 24/25

1/1 [==============================] - ETA: 0s - loss: 3.7070 - accuracy: 1.0000
1/1 [==============================] - 0s 6ms/step - loss: 3.7070 - accuracy: 1.0000
Epoch 25/25

1/1 [==============================] - ETA: 0s - loss: 3.6407 - accuracy: 1.0000
1/1 [==============================] - 0s 4ms/step - loss: 3.6407 - accuracy: 1.0000
# node2vec
Epoch 1/25

1/1 [==============================] - ETA: 0s - loss: 4.7497 - accuracy: 0.0625
1/1 [==============================] - 0s 193ms/step - loss: 4.7497 - accuracy: 0.0625
Epoch 2/25

1/1 [==============================] - ETA: 0s - loss: 4.7087 - accuracy: 0.0625
1/1 [==============================] - 0s 2ms/step - loss: 4.7087 - accuracy: 0.0625
Epoch 3/25

1/1 [==============================] - ETA: 0s - loss: 4.6677 - accuracy: 0.0625
1/1 [==============================] - 0s 2ms/step - loss: 4.6677 - accuracy: 0.0625
Epoch 4/25

1/1 [==============================] - ETA: 0s - loss: 4.6268 - accuracy: 0.0625
1/1 [==============================] - 0s 3ms/step - loss: 4.6268 - accuracy: 0.0625
Epoch 5/25

1/1 [==============================] - ETA: 0s - loss: 4.5859 - accuracy: 0.0625
1/1 [==============================] - 0s 3ms/step - loss: 4.5859 - accuracy: 0.0625
Epoch 6/25

1/1 [==============================] - ETA: 0s - loss: 4.5451 - accuracy: 0.0625
1/1 [==============================] - 0s 3ms/step - loss: 4.5451 - accuracy: 0.0625
Epoch 7/25

1/1 [==============================] - ETA: 0s - loss: 4.5044 - accuracy: 0.0625
1/1 [==============================] - 0s 3ms/step - loss: 4.5044 - accuracy: 0.0625
Epoch 8/25

1/1 [==============================] - ETA: 0s - loss: 4.4637 - accuracy: 0.0625
1/1 [==============================] - 0s 3ms/step - loss: 4.4637 - accuracy: 0.0625
Epoch 9/25

1/1 [==============================] - ETA: 0s - loss: 4.4232 - accuracy: 0.1250
1/1 [==============================] - 0s 3ms/step - loss: 4.4232 - accuracy: 0.1250
Epoch 10/25

1/1 [==============================] - ETA: 0s - loss: 4.3826 - accuracy: 0.1875
1/1 [==============================] - 0s 4ms/step - loss: 4.3826 - accuracy: 0.1875
Epoch 11/25

1/1 [==============================] - ETA: 0s - loss: 4.3422 - accuracy: 0.1875
1/1 [==============================] - 0s 4ms/step - loss: 4.3422 - accuracy: 0.1875
Epoch 12/25

1/1 [==============================] - ETA: 0s - loss: 4.3019 - accuracy: 0.1875
1/1 [==============================] - 0s 3ms/step - loss: 4.3019 - accuracy: 0.1875
Epoch 13/25

1/1 [==============================] - ETA: 0s - loss: 4.2616 - accuracy: 0.1875
1/1 [==============================] - 0s 3ms/step - loss: 4.2616 - accuracy: 0.1875
Epoch 14/25

1/1 [==============================] - ETA: 0s - loss: 4.2214 - accuracy: 0.2500
1/1 [==============================] - 0s 3ms/step - loss: 4.2214 - accuracy: 0.2500
Epoch 15/25

1/1 [==============================] - ETA: 0s - loss: 4.1814 - accuracy: 0.2500
1/1 [==============================] - 0s 4ms/step - loss: 4.1814 - accuracy: 0.2500
Epoch 16/25

1/1 [==============================] - ETA: 0s - loss: 4.1414 - accuracy: 0.2500
1/1 [==============================] - 0s 4ms/step - loss: 4.1414 - accuracy: 0.2500
Epoch 17/25

1/1 [==============================] - ETA: 0s - loss: 4.1015 - accuracy: 0.2500
1/1 [==============================] - 0s 3ms/step - loss: 4.1015 - accuracy: 0.2500
Epoch 18/25

1/1 [==============================] - ETA: 0s - loss: 4.0617 - accuracy: 0.3125
1/1 [==============================] - 0s 4ms/step - loss: 4.0617 - accuracy: 0.3125
Epoch 19/25

1/1 [==============================] - ETA: 0s - loss: 4.0220 - accuracy: 0.3125
1/1 [==============================] - 0s 2ms/step - loss: 4.0220 - accuracy: 0.3125
Epoch 20/25

1/1 [==============================] - ETA: 0s - loss: 3.9824 - accuracy: 0.3125
1/1 [==============================] - 0s 3ms/step - loss: 3.9824 - accuracy: 0.3125
Epoch 21/25

1/1 [==============================] - ETA: 0s - loss: 3.9430 - accuracy: 0.3750
1/1 [==============================] - 0s 3ms/step - loss: 3.9430 - accuracy: 0.3750
Epoch 22/25

1/1 [==============================] - ETA: 0s - loss: 3.9036 - accuracy: 0.3750
1/1 [==============================] - 0s 3ms/step - loss: 3.9036 - accuracy: 0.3750
Epoch 23/25

1/1 [==============================] - ETA: 0s - loss: 3.8644 - accuracy: 0.3750
1/1 [==============================] - 0s 3ms/step - loss: 3.8644 - accuracy: 0.3750
Epoch 24/25

1/1 [==============================] - ETA: 0s - loss: 3.8252 - accuracy: 0.5000
1/1 [==============================] - 0s 3ms/step - loss: 3.8252 - accuracy: 0.5000
Epoch 25/25

1/1 [==============================] - ETA: 0s - loss: 3.7862 - accuracy: 0.5000
1/1 [==============================] - 0s 2ms/step - loss: 3.7862 - accuracy: 0.5000
# predict: steps=12
# predict: tnodeembed_metrics
# predict: node2vec_metrics
tnodeembed: {'auc': 0.707372404579217, 'f1_micro': 0.0, 'f1_macro': 0.0} tNodeEmbed_final_loss=3.640711784362793 tNodeEmbed_final_accuracy=1.0 
node2vec: {'auc': 0.6560751844679233, 'f1_micro': 0.0, 'f1_macro': 0.0} node2vec_final_loss=3.786245346069336 node2vec_final_accuracy=0.5 
