# load graph
Processing Static file: filename='CollegeMsg_20040824_nodes_27_edges_27_component_0.edges'
# initialize tNodeEmbed for dataset=COLLEGE_NC, test_size=0.2
# load dataset
# fit
# tNodeEmbed steps_per_epoch=1
Epoch 1/25

1/1 [==============================] - ETA: 0s - loss: 4.7330 - accuracy: 0.0000e+00
1/1 [==============================] - 2s 2s/step - loss: 4.7330 - accuracy: 0.0000e+00
Epoch 2/25

1/1 [==============================] - ETA: 0s - loss: 4.6975 - accuracy: 0.0625
1/1 [==============================] - 0s 6ms/step - loss: 4.6975 - accuracy: 0.0625
Epoch 3/25

1/1 [==============================] - ETA: 0s - loss: 4.6619 - accuracy: 0.2500
1/1 [==============================] - 0s 6ms/step - loss: 4.6619 - accuracy: 0.2500
Epoch 4/25

1/1 [==============================] - ETA: 0s - loss: 4.6261 - accuracy: 0.4375
1/1 [==============================] - 0s 6ms/step - loss: 4.6261 - accuracy: 0.4375
Epoch 5/25

1/1 [==============================] - ETA: 0s - loss: 4.5900 - accuracy: 0.5625
1/1 [==============================] - 0s 7ms/step - loss: 4.5900 - accuracy: 0.5625
Epoch 6/25

1/1 [==============================] - ETA: 0s - loss: 4.5534 - accuracy: 0.5625
1/1 [==============================] - 0s 6ms/step - loss: 4.5534 - accuracy: 0.5625
Epoch 7/25

1/1 [==============================] - ETA: 0s - loss: 4.5161 - accuracy: 0.6875
1/1 [==============================] - 0s 8ms/step - loss: 4.5161 - accuracy: 0.6875
Epoch 8/25

1/1 [==============================] - ETA: 0s - loss: 4.4781 - accuracy: 0.8125
1/1 [==============================] - 0s 6ms/step - loss: 4.4781 - accuracy: 0.8125
Epoch 9/25

1/1 [==============================] - ETA: 0s - loss: 4.4392 - accuracy: 0.9375
1/1 [==============================] - 0s 7ms/step - loss: 4.4392 - accuracy: 0.9375
Epoch 10/25

1/1 [==============================] - ETA: 0s - loss: 4.3992 - accuracy: 0.9375
1/1 [==============================] - 0s 6ms/step - loss: 4.3992 - accuracy: 0.9375
Epoch 11/25

1/1 [==============================] - ETA: 0s - loss: 4.3579 - accuracy: 0.9375
1/1 [==============================] - 0s 6ms/step - loss: 4.3579 - accuracy: 0.9375
Epoch 12/25

1/1 [==============================] - ETA: 0s - loss: 4.3153 - accuracy: 0.9375
1/1 [==============================] - 0s 6ms/step - loss: 4.3153 - accuracy: 0.9375
Epoch 13/25

1/1 [==============================] - ETA: 0s - loss: 4.2713 - accuracy: 0.9375
1/1 [==============================] - 0s 7ms/step - loss: 4.2713 - accuracy: 0.9375
Epoch 14/25

1/1 [==============================] - ETA: 0s - loss: 4.2256 - accuracy: 0.9375
1/1 [==============================] - 0s 6ms/step - loss: 4.2256 - accuracy: 0.9375
Epoch 15/25

1/1 [==============================] - ETA: 0s - loss: 4.1782 - accuracy: 0.9375
1/1 [==============================] - 0s 8ms/step - loss: 4.1782 - accuracy: 0.9375
Epoch 16/25

1/1 [==============================] - ETA: 0s - loss: 4.1289 - accuracy: 0.9375
1/1 [==============================] - 0s 7ms/step - loss: 4.1289 - accuracy: 0.9375
Epoch 17/25

1/1 [==============================] - ETA: 0s - loss: 4.0777 - accuracy: 0.9375
1/1 [==============================] - 0s 5ms/step - loss: 4.0777 - accuracy: 0.9375
Epoch 18/25

1/1 [==============================] - ETA: 0s - loss: 4.0244 - accuracy: 0.9375
1/1 [==============================] - 0s 7ms/step - loss: 4.0244 - accuracy: 0.9375
Epoch 19/25

1/1 [==============================] - ETA: 0s - loss: 3.9690 - accuracy: 1.0000
1/1 [==============================] - 0s 6ms/step - loss: 3.9690 - accuracy: 1.0000
Epoch 20/25

1/1 [==============================] - ETA: 0s - loss: 3.9114 - accuracy: 1.0000
1/1 [==============================] - 0s 7ms/step - loss: 3.9114 - accuracy: 1.0000
Epoch 21/25

1/1 [==============================] - ETA: 0s - loss: 3.8514 - accuracy: 1.0000
1/1 [==============================] - 0s 6ms/step - loss: 3.8514 - accuracy: 1.0000
Epoch 22/25

1/1 [==============================] - ETA: 0s - loss: 3.7892 - accuracy: 1.0000
1/1 [==============================] - 0s 7ms/step - loss: 3.7892 - accuracy: 1.0000
Epoch 23/25

1/1 [==============================] - ETA: 0s - loss: 3.7245 - accuracy: 1.0000
1/1 [==============================] - 0s 7ms/step - loss: 3.7245 - accuracy: 1.0000
Epoch 24/25

1/1 [==============================] - ETA: 0s - loss: 3.6574 - accuracy: 1.0000
1/1 [==============================] - 0s 7ms/step - loss: 3.6574 - accuracy: 1.0000
Epoch 25/25

1/1 [==============================] - ETA: 0s - loss: 3.5878 - accuracy: 1.0000
1/1 [==============================] - 0s 6ms/step - loss: 3.5878 - accuracy: 1.0000
# node2vec
Epoch 1/25

1/1 [==============================] - ETA: 0s - loss: 4.8520 - accuracy: 0.0000e+00
1/1 [==============================] - 0s 262ms/step - loss: 4.8520 - accuracy: 0.0000e+00
Epoch 2/25

1/1 [==============================] - ETA: 0s - loss: 4.8123 - accuracy: 0.0000e+00
1/1 [==============================] - 0s 2ms/step - loss: 4.8123 - accuracy: 0.0000e+00
Epoch 3/25

1/1 [==============================] - ETA: 0s - loss: 4.7727 - accuracy: 0.0000e+00
1/1 [==============================] - 0s 3ms/step - loss: 4.7727 - accuracy: 0.0000e+00
Epoch 4/25

1/1 [==============================] - ETA: 0s - loss: 4.7331 - accuracy: 0.0000e+00
1/1 [==============================] - 0s 3ms/step - loss: 4.7331 - accuracy: 0.0000e+00
Epoch 5/25

1/1 [==============================] - ETA: 0s - loss: 4.6936 - accuracy: 0.0000e+00
1/1 [==============================] - 0s 2ms/step - loss: 4.6936 - accuracy: 0.0000e+00
Epoch 6/25

1/1 [==============================] - ETA: 0s - loss: 4.6541 - accuracy: 0.0000e+00
1/1 [==============================] - 0s 3ms/step - loss: 4.6541 - accuracy: 0.0000e+00
Epoch 7/25

1/1 [==============================] - ETA: 0s - loss: 4.6147 - accuracy: 0.0000e+00
1/1 [==============================] - 0s 3ms/step - loss: 4.6147 - accuracy: 0.0000e+00
Epoch 8/25

1/1 [==============================] - ETA: 0s - loss: 4.5754 - accuracy: 0.0625
1/1 [==============================] - 0s 4ms/step - loss: 4.5754 - accuracy: 0.0625
Epoch 9/25

1/1 [==============================] - ETA: 0s - loss: 4.5361 - accuracy: 0.0625
1/1 [==============================] - 0s 3ms/step - loss: 4.5361 - accuracy: 0.0625
Epoch 10/25

1/1 [==============================] - ETA: 0s - loss: 4.4969 - accuracy: 0.0625
1/1 [==============================] - 0s 3ms/step - loss: 4.4969 - accuracy: 0.0625
Epoch 11/25

1/1 [==============================] - ETA: 0s - loss: 4.4578 - accuracy: 0.0625
1/1 [==============================] - 0s 3ms/step - loss: 4.4578 - accuracy: 0.0625
Epoch 12/25

1/1 [==============================] - ETA: 0s - loss: 4.4187 - accuracy: 0.1250
1/1 [==============================] - 0s 4ms/step - loss: 4.4187 - accuracy: 0.1250
Epoch 13/25

1/1 [==============================] - ETA: 0s - loss: 4.3797 - accuracy: 0.1250
1/1 [==============================] - 0s 3ms/step - loss: 4.3797 - accuracy: 0.1250
Epoch 14/25

1/1 [==============================] - ETA: 0s - loss: 4.3408 - accuracy: 0.1250
1/1 [==============================] - 0s 4ms/step - loss: 4.3408 - accuracy: 0.1250
Epoch 15/25

1/1 [==============================] - ETA: 0s - loss: 4.3020 - accuracy: 0.1250
1/1 [==============================] - 0s 4ms/step - loss: 4.3020 - accuracy: 0.1250
Epoch 16/25

1/1 [==============================] - ETA: 0s - loss: 4.2632 - accuracy: 0.1250
1/1 [==============================] - 0s 3ms/step - loss: 4.2632 - accuracy: 0.1250
Epoch 17/25

1/1 [==============================] - ETA: 0s - loss: 4.2246 - accuracy: 0.1875
1/1 [==============================] - 0s 5ms/step - loss: 4.2246 - accuracy: 0.1875
Epoch 18/25

1/1 [==============================] - ETA: 0s - loss: 4.1860 - accuracy: 0.2500
1/1 [==============================] - 0s 3ms/step - loss: 4.1860 - accuracy: 0.2500
Epoch 19/25

1/1 [==============================] - ETA: 0s - loss: 4.1475 - accuracy: 0.3125
1/1 [==============================] - 0s 3ms/step - loss: 4.1475 - accuracy: 0.3125
Epoch 20/25

1/1 [==============================] - ETA: 0s - loss: 4.1091 - accuracy: 0.3750
1/1 [==============================] - 0s 3ms/step - loss: 4.1091 - accuracy: 0.3750
Epoch 21/25

1/1 [==============================] - ETA: 0s - loss: 4.0708 - accuracy: 0.4375
1/1 [==============================] - 0s 5ms/step - loss: 4.0708 - accuracy: 0.4375
Epoch 22/25

1/1 [==============================] - ETA: 0s - loss: 4.0326 - accuracy: 0.4375
1/1 [==============================] - 0s 4ms/step - loss: 4.0326 - accuracy: 0.4375
Epoch 23/25

1/1 [==============================] - ETA: 0s - loss: 3.9945 - accuracy: 0.5000
1/1 [==============================] - 0s 4ms/step - loss: 3.9945 - accuracy: 0.5000
Epoch 24/25

1/1 [==============================] - ETA: 0s - loss: 3.9566 - accuracy: 0.5000
1/1 [==============================] - 0s 4ms/step - loss: 3.9566 - accuracy: 0.5000
Epoch 25/25

1/1 [==============================] - ETA: 0s - loss: 3.9187 - accuracy: 0.5000
1/1 [==============================] - 0s 4ms/step - loss: 3.9187 - accuracy: 0.5000
# predict: steps=12
# predict: tnodeembed_metrics
# predict: node2vec_metrics
tnodeembed: {'auc': 0.7789692778172725, 'f1_micro': 0.0, 'f1_macro': 0.0} tNodeEmbed_final_loss=3.5877935886383057 tNodeEmbed_final_accuracy=1.0 
node2vec: {'auc': 0.6917572867894002, 'f1_micro': 0.0, 'f1_macro': 0.0} node2vec_final_loss=3.9186761379241943 node2vec_final_accuracy=0.5 
