# load graph
Processing Static file: filename='CollegeMsg_20040620_nodes_5_edges_4_component_0.edges'
# initialize tNodeEmbed for dataset=COLLEGE_NC, test_size=0.2
# load dataset
# fit
# tNodeEmbed steps_per_epoch=1
Epoch 1/25

1/1 [==============================] - ETA: 0s - loss: 4.7400 - accuracy: 0.0625
1/1 [==============================] - 1s 1s/step - loss: 4.7400 - accuracy: 0.0625
Epoch 2/25

1/1 [==============================] - ETA: 0s - loss: 4.7089 - accuracy: 0.0000e+00
1/1 [==============================] - 0s 3ms/step - loss: 4.7089 - accuracy: 0.0000e+00
Epoch 3/25

1/1 [==============================] - ETA: 0s - loss: 4.6778 - accuracy: 0.0000e+00
1/1 [==============================] - 0s 5ms/step - loss: 4.6778 - accuracy: 0.0000e+00
Epoch 4/25

1/1 [==============================] - ETA: 0s - loss: 4.6466 - accuracy: 0.1875
1/1 [==============================] - 0s 4ms/step - loss: 4.6466 - accuracy: 0.1875
Epoch 5/25

1/1 [==============================] - ETA: 0s - loss: 4.6151 - accuracy: 0.6875
1/1 [==============================] - 0s 4ms/step - loss: 4.6151 - accuracy: 0.6875
Epoch 6/25

1/1 [==============================] - ETA: 0s - loss: 4.5832 - accuracy: 0.8125
1/1 [==============================] - 0s 5ms/step - loss: 4.5832 - accuracy: 0.8125
Epoch 7/25

1/1 [==============================] - ETA: 0s - loss: 4.5509 - accuracy: 0.8750
1/1 [==============================] - 0s 4ms/step - loss: 4.5509 - accuracy: 0.8750
Epoch 8/25

1/1 [==============================] - ETA: 0s - loss: 4.5179 - accuracy: 0.9375
1/1 [==============================] - 0s 4ms/step - loss: 4.5179 - accuracy: 0.9375
Epoch 9/25

1/1 [==============================] - ETA: 0s - loss: 4.4842 - accuracy: 0.9375
1/1 [==============================] - 0s 6ms/step - loss: 4.4842 - accuracy: 0.9375
Epoch 10/25

1/1 [==============================] - ETA: 0s - loss: 4.4495 - accuracy: 0.9375
1/1 [==============================] - 0s 5ms/step - loss: 4.4495 - accuracy: 0.9375
Epoch 11/25

1/1 [==============================] - ETA: 0s - loss: 4.4139 - accuracy: 0.9375
1/1 [==============================] - 0s 4ms/step - loss: 4.4139 - accuracy: 0.9375
Epoch 12/25

1/1 [==============================] - ETA: 0s - loss: 4.3772 - accuracy: 0.9375
1/1 [==============================] - 0s 5ms/step - loss: 4.3772 - accuracy: 0.9375
Epoch 13/25

1/1 [==============================] - ETA: 0s - loss: 4.3392 - accuracy: 0.9375
1/1 [==============================] - 0s 6ms/step - loss: 4.3392 - accuracy: 0.9375
Epoch 14/25

1/1 [==============================] - ETA: 0s - loss: 4.2999 - accuracy: 0.9375
1/1 [==============================] - 0s 5ms/step - loss: 4.2999 - accuracy: 0.9375
Epoch 15/25

1/1 [==============================] - ETA: 0s - loss: 4.2591 - accuracy: 0.9375
1/1 [==============================] - 0s 6ms/step - loss: 4.2591 - accuracy: 0.9375
Epoch 16/25

1/1 [==============================] - ETA: 0s - loss: 4.2168 - accuracy: 0.9375
1/1 [==============================] - 0s 5ms/step - loss: 4.2168 - accuracy: 0.9375
Epoch 17/25

1/1 [==============================] - ETA: 0s - loss: 4.1729 - accuracy: 0.9375
1/1 [==============================] - 0s 6ms/step - loss: 4.1729 - accuracy: 0.9375
Epoch 18/25

1/1 [==============================] - ETA: 0s - loss: 4.1272 - accuracy: 0.9375
1/1 [==============================] - 0s 4ms/step - loss: 4.1272 - accuracy: 0.9375
Epoch 19/25

1/1 [==============================] - ETA: 0s - loss: 4.0797 - accuracy: 0.9375
1/1 [==============================] - 0s 4ms/step - loss: 4.0797 - accuracy: 0.9375
Epoch 20/25

1/1 [==============================] - ETA: 0s - loss: 4.0303 - accuracy: 0.9375
1/1 [==============================] - 0s 4ms/step - loss: 4.0303 - accuracy: 0.9375
Epoch 21/25

1/1 [==============================] - ETA: 0s - loss: 3.9789 - accuracy: 0.9375
1/1 [==============================] - 0s 5ms/step - loss: 3.9789 - accuracy: 0.9375
Epoch 22/25

1/1 [==============================] - ETA: 0s - loss: 3.9255 - accuracy: 0.9375
1/1 [==============================] - 0s 4ms/step - loss: 3.9255 - accuracy: 0.9375
Epoch 23/25

1/1 [==============================] - ETA: 0s - loss: 3.8700 - accuracy: 0.9375
1/1 [==============================] - 0s 4ms/step - loss: 3.8700 - accuracy: 0.9375
Epoch 24/25

1/1 [==============================] - ETA: 0s - loss: 3.8123 - accuracy: 0.9375
1/1 [==============================] - 0s 4ms/step - loss: 3.8123 - accuracy: 0.9375
Epoch 25/25

1/1 [==============================] - ETA: 0s - loss: 3.7524 - accuracy: 0.9375
1/1 [==============================] - 0s 5ms/step - loss: 3.7524 - accuracy: 0.9375
# node2vec
Epoch 1/25

1/1 [==============================] - ETA: 0s - loss: 4.7839 - accuracy: 0.0625
1/1 [==============================] - 0s 189ms/step - loss: 4.7839 - accuracy: 0.0625
Epoch 2/25

1/1 [==============================] - ETA: 0s - loss: 4.7462 - accuracy: 0.0625
1/1 [==============================] - 0s 3ms/step - loss: 4.7462 - accuracy: 0.0625
Epoch 3/25

1/1 [==============================] - ETA: 0s - loss: 4.7086 - accuracy: 0.0625
1/1 [==============================] - 0s 4ms/step - loss: 4.7086 - accuracy: 0.0625
Epoch 4/25

1/1 [==============================] - ETA: 0s - loss: 4.6711 - accuracy: 0.0000e+00
1/1 [==============================] - 0s 4ms/step - loss: 4.6711 - accuracy: 0.0000e+00
Epoch 5/25

1/1 [==============================] - ETA: 0s - loss: 4.6335 - accuracy: 0.0000e+00
1/1 [==============================] - 0s 3ms/step - loss: 4.6335 - accuracy: 0.0000e+00
Epoch 6/25

1/1 [==============================] - ETA: 0s - loss: 4.5961 - accuracy: 0.0000e+00
1/1 [==============================] - 0s 3ms/step - loss: 4.5961 - accuracy: 0.0000e+00
Epoch 7/25

1/1 [==============================] - ETA: 0s - loss: 4.5587 - accuracy: 0.0000e+00
1/1 [==============================] - 0s 3ms/step - loss: 4.5587 - accuracy: 0.0000e+00
Epoch 8/25

1/1 [==============================] - ETA: 0s - loss: 4.5213 - accuracy: 0.0000e+00
1/1 [==============================] - 0s 4ms/step - loss: 4.5213 - accuracy: 0.0000e+00
Epoch 9/25

1/1 [==============================] - ETA: 0s - loss: 4.4840 - accuracy: 0.0000e+00
1/1 [==============================] - 0s 5ms/step - loss: 4.4840 - accuracy: 0.0000e+00
Epoch 10/25

1/1 [==============================] - ETA: 0s - loss: 4.4468 - accuracy: 0.0000e+00
1/1 [==============================] - 0s 3ms/step - loss: 4.4468 - accuracy: 0.0000e+00
Epoch 11/25

1/1 [==============================] - ETA: 0s - loss: 4.4097 - accuracy: 0.0000e+00
1/1 [==============================] - 0s 3ms/step - loss: 4.4097 - accuracy: 0.0000e+00
Epoch 12/25

1/1 [==============================] - ETA: 0s - loss: 4.3726 - accuracy: 0.1250
1/1 [==============================] - 0s 3ms/step - loss: 4.3726 - accuracy: 0.1250
Epoch 13/25

1/1 [==============================] - ETA: 0s - loss: 4.3356 - accuracy: 0.1250
1/1 [==============================] - 0s 3ms/step - loss: 4.3356 - accuracy: 0.1250
Epoch 14/25

1/1 [==============================] - ETA: 0s - loss: 4.2986 - accuracy: 0.1875
1/1 [==============================] - 0s 3ms/step - loss: 4.2986 - accuracy: 0.1875
Epoch 15/25

1/1 [==============================] - ETA: 0s - loss: 4.2617 - accuracy: 0.2500
1/1 [==============================] - 0s 3ms/step - loss: 4.2617 - accuracy: 0.2500
Epoch 16/25

1/1 [==============================] - ETA: 0s - loss: 4.2250 - accuracy: 0.2500
1/1 [==============================] - 0s 4ms/step - loss: 4.2250 - accuracy: 0.2500
Epoch 17/25

1/1 [==============================] - ETA: 0s - loss: 4.1883 - accuracy: 0.3125
1/1 [==============================] - 0s 3ms/step - loss: 4.1883 - accuracy: 0.3125
Epoch 18/25

1/1 [==============================] - ETA: 0s - loss: 4.1516 - accuracy: 0.3125
1/1 [==============================] - 0s 4ms/step - loss: 4.1516 - accuracy: 0.3125
Epoch 19/25

1/1 [==============================] - ETA: 0s - loss: 4.1151 - accuracy: 0.3125
1/1 [==============================] - 0s 3ms/step - loss: 4.1151 - accuracy: 0.3125
Epoch 20/25

1/1 [==============================] - ETA: 0s - loss: 4.0786 - accuracy: 0.3125
1/1 [==============================] - 0s 3ms/step - loss: 4.0786 - accuracy: 0.3125
Epoch 21/25

1/1 [==============================] - ETA: 0s - loss: 4.0423 - accuracy: 0.3750
1/1 [==============================] - 0s 4ms/step - loss: 4.0423 - accuracy: 0.3750
Epoch 22/25

1/1 [==============================] - ETA: 0s - loss: 4.0060 - accuracy: 0.3750
1/1 [==============================] - 0s 3ms/step - loss: 4.0060 - accuracy: 0.3750
Epoch 23/25

1/1 [==============================] - ETA: 0s - loss: 3.9699 - accuracy: 0.3750
1/1 [==============================] - 0s 3ms/step - loss: 3.9699 - accuracy: 0.3750
Epoch 24/25

1/1 [==============================] - ETA: 0s - loss: 3.9338 - accuracy: 0.3750
1/1 [==============================] - 0s 4ms/step - loss: 3.9338 - accuracy: 0.3750
Epoch 25/25

1/1 [==============================] - ETA: 0s - loss: 3.8978 - accuracy: 0.3750
1/1 [==============================] - 0s 3ms/step - loss: 3.8978 - accuracy: 0.3750
# predict: steps=12
# predict: tnodeembed_metrics
# predict: node2vec_metrics
tnodeembed: {'auc': 0.6956835118770377, 'f1_micro': 0.0, 'f1_macro': 0.0} tNodeEmbed_final_loss=3.752445936203003 tNodeEmbed_final_accuracy=0.9375 
node2vec: {'auc': 0.6330505233741082, 'f1_micro': 0.0, 'f1_macro': 0.0} node2vec_final_loss=3.8978354930877686 node2vec_final_accuracy=0.375 
