# load graph
Processing Static file: filename='CollegeMsg_20040524_nodes_392_edges_586_component_0.edges'
# initialize tNodeEmbed for dataset=COLLEGE_NC, test_size=0.2
# load dataset
# fit
# tNodeEmbed steps_per_epoch=1
Epoch 1/25

1/1 [==============================] - ETA: 0s - loss: 4.7334 - accuracy: 0.0625
1/1 [==============================] - 1s 1s/step - loss: 4.7334 - accuracy: 0.0625
Epoch 2/25

1/1 [==============================] - ETA: 0s - loss: 4.7055 - accuracy: 0.1875
1/1 [==============================] - 0s 3ms/step - loss: 4.7055 - accuracy: 0.1875
Epoch 3/25

1/1 [==============================] - ETA: 0s - loss: 4.6774 - accuracy: 0.3125
1/1 [==============================] - 0s 4ms/step - loss: 4.6774 - accuracy: 0.3125
Epoch 4/25

1/1 [==============================] - ETA: 0s - loss: 4.6492 - accuracy: 0.5000
1/1 [==============================] - 0s 4ms/step - loss: 4.6492 - accuracy: 0.5000
Epoch 5/25

1/1 [==============================] - ETA: 0s - loss: 4.6206 - accuracy: 0.5625
1/1 [==============================] - 0s 5ms/step - loss: 4.6206 - accuracy: 0.5625
Epoch 6/25

1/1 [==============================] - ETA: 0s - loss: 4.5915 - accuracy: 0.6875
1/1 [==============================] - 0s 4ms/step - loss: 4.5915 - accuracy: 0.6875
Epoch 7/25

1/1 [==============================] - ETA: 0s - loss: 4.5619 - accuracy: 0.6875
1/1 [==============================] - 0s 5ms/step - loss: 4.5619 - accuracy: 0.6875
Epoch 8/25

1/1 [==============================] - ETA: 0s - loss: 4.5315 - accuracy: 0.6875
1/1 [==============================] - 0s 3ms/step - loss: 4.5315 - accuracy: 0.6875
Epoch 9/25

1/1 [==============================] - ETA: 0s - loss: 4.5003 - accuracy: 0.6875
1/1 [==============================] - 0s 4ms/step - loss: 4.5003 - accuracy: 0.6875
Epoch 10/25

1/1 [==============================] - ETA: 0s - loss: 4.4681 - accuracy: 0.6875
1/1 [==============================] - 0s 4ms/step - loss: 4.4681 - accuracy: 0.6875
Epoch 11/25

1/1 [==============================] - ETA: 0s - loss: 4.4350 - accuracy: 0.6875
1/1 [==============================] - 0s 4ms/step - loss: 4.4350 - accuracy: 0.6875
Epoch 12/25

1/1 [==============================] - ETA: 0s - loss: 4.4006 - accuracy: 0.6875
1/1 [==============================] - 0s 4ms/step - loss: 4.4006 - accuracy: 0.6875
Epoch 13/25

1/1 [==============================] - ETA: 0s - loss: 4.3650 - accuracy: 0.6875
1/1 [==============================] - 0s 5ms/step - loss: 4.3650 - accuracy: 0.6875
Epoch 14/25

1/1 [==============================] - ETA: 0s - loss: 4.3281 - accuracy: 0.6875
1/1 [==============================] - 0s 4ms/step - loss: 4.3281 - accuracy: 0.6875
Epoch 15/25

1/1 [==============================] - ETA: 0s - loss: 4.2898 - accuracy: 0.6875
1/1 [==============================] - 0s 4ms/step - loss: 4.2898 - accuracy: 0.6875
Epoch 16/25

1/1 [==============================] - ETA: 0s - loss: 4.2500 - accuracy: 0.6875
1/1 [==============================] - 0s 4ms/step - loss: 4.2500 - accuracy: 0.6875
Epoch 17/25

1/1 [==============================] - ETA: 0s - loss: 4.2087 - accuracy: 0.6875
1/1 [==============================] - 0s 3ms/step - loss: 4.2087 - accuracy: 0.6875
Epoch 18/25

1/1 [==============================] - ETA: 0s - loss: 4.1658 - accuracy: 0.6875
1/1 [==============================] - 0s 4ms/step - loss: 4.1658 - accuracy: 0.6875
Epoch 19/25

1/1 [==============================] - ETA: 0s - loss: 4.1212 - accuracy: 0.6875
1/1 [==============================] - 0s 4ms/step - loss: 4.1212 - accuracy: 0.6875
Epoch 20/25

1/1 [==============================] - ETA: 0s - loss: 4.0749 - accuracy: 0.6250
1/1 [==============================] - 0s 4ms/step - loss: 4.0749 - accuracy: 0.6250
Epoch 21/25

1/1 [==============================] - ETA: 0s - loss: 4.0269 - accuracy: 0.6250
1/1 [==============================] - 0s 4ms/step - loss: 4.0269 - accuracy: 0.6250
Epoch 22/25

1/1 [==============================] - ETA: 0s - loss: 3.9772 - accuracy: 0.6250
1/1 [==============================] - 0s 6ms/step - loss: 3.9772 - accuracy: 0.6250
Epoch 23/25

1/1 [==============================] - ETA: 0s - loss: 3.9256 - accuracy: 0.6250
1/1 [==============================] - 0s 3ms/step - loss: 3.9256 - accuracy: 0.6250
Epoch 24/25

1/1 [==============================] - ETA: 0s - loss: 3.8723 - accuracy: 0.6250
1/1 [==============================] - 0s 4ms/step - loss: 3.8723 - accuracy: 0.6250
Epoch 25/25

1/1 [==============================] - ETA: 0s - loss: 3.8173 - accuracy: 0.6250
1/1 [==============================] - 0s 4ms/step - loss: 3.8173 - accuracy: 0.6250
# node2vec
Epoch 1/25

1/1 [==============================] - ETA: 0s - loss: 4.7172 - accuracy: 0.0625
1/1 [==============================] - 0s 242ms/step - loss: 4.7172 - accuracy: 0.0625
Epoch 2/25

1/1 [==============================] - ETA: 0s - loss: 4.6920 - accuracy: 0.0625
1/1 [==============================] - 0s 4ms/step - loss: 4.6920 - accuracy: 0.0625
Epoch 3/25

1/1 [==============================] - ETA: 0s - loss: 4.6668 - accuracy: 0.0625
1/1 [==============================] - 0s 7ms/step - loss: 4.6668 - accuracy: 0.0625
Epoch 4/25

1/1 [==============================] - ETA: 0s - loss: 4.6417 - accuracy: 0.0625
1/1 [==============================] - 0s 7ms/step - loss: 4.6417 - accuracy: 0.0625
Epoch 5/25

1/1 [==============================] - ETA: 0s - loss: 4.6165 - accuracy: 0.1250
1/1 [==============================] - 0s 5ms/step - loss: 4.6165 - accuracy: 0.1250
Epoch 6/25

1/1 [==============================] - ETA: 0s - loss: 4.5914 - accuracy: 0.1250
1/1 [==============================] - 0s 6ms/step - loss: 4.5914 - accuracy: 0.1250
Epoch 7/25

1/1 [==============================] - ETA: 0s - loss: 4.5663 - accuracy: 0.1875
1/1 [==============================] - 0s 4ms/step - loss: 4.5663 - accuracy: 0.1875
Epoch 8/25

1/1 [==============================] - ETA: 0s - loss: 4.5412 - accuracy: 0.1875
1/1 [==============================] - 0s 4ms/step - loss: 4.5412 - accuracy: 0.1875
Epoch 9/25

1/1 [==============================] - ETA: 0s - loss: 4.5162 - accuracy: 0.1875
1/1 [==============================] - 0s 4ms/step - loss: 4.5162 - accuracy: 0.1875
Epoch 10/25

1/1 [==============================] - ETA: 0s - loss: 4.4912 - accuracy: 0.1875
1/1 [==============================] - 0s 4ms/step - loss: 4.4912 - accuracy: 0.1875
Epoch 11/25

1/1 [==============================] - ETA: 0s - loss: 4.4662 - accuracy: 0.1875
1/1 [==============================] - 0s 3ms/step - loss: 4.4662 - accuracy: 0.1875
Epoch 12/25

1/1 [==============================] - ETA: 0s - loss: 4.4413 - accuracy: 0.1875
1/1 [==============================] - 0s 4ms/step - loss: 4.4413 - accuracy: 0.1875
Epoch 13/25

1/1 [==============================] - ETA: 0s - loss: 4.4164 - accuracy: 0.2500
1/1 [==============================] - 0s 4ms/step - loss: 4.4164 - accuracy: 0.2500
Epoch 14/25

1/1 [==============================] - ETA: 0s - loss: 4.3915 - accuracy: 0.3125
1/1 [==============================] - 0s 3ms/step - loss: 4.3915 - accuracy: 0.3125
Epoch 15/25

1/1 [==============================] - ETA: 0s - loss: 4.3667 - accuracy: 0.3750
1/1 [==============================] - 0s 4ms/step - loss: 4.3667 - accuracy: 0.3750
Epoch 16/25

1/1 [==============================] - ETA: 0s - loss: 4.3419 - accuracy: 0.3750
1/1 [==============================] - 0s 4ms/step - loss: 4.3419 - accuracy: 0.3750
Epoch 17/25

1/1 [==============================] - ETA: 0s - loss: 4.3171 - accuracy: 0.3750
1/1 [==============================] - 0s 3ms/step - loss: 4.3171 - accuracy: 0.3750
Epoch 18/25

1/1 [==============================] - ETA: 0s - loss: 4.2924 - accuracy: 0.4375
1/1 [==============================] - 0s 3ms/step - loss: 4.2924 - accuracy: 0.4375
Epoch 19/25

1/1 [==============================] - ETA: 0s - loss: 4.2678 - accuracy: 0.5000
1/1 [==============================] - 0s 3ms/step - loss: 4.2678 - accuracy: 0.5000
Epoch 20/25

1/1 [==============================] - ETA: 0s - loss: 4.2432 - accuracy: 0.5000
1/1 [==============================] - 0s 4ms/step - loss: 4.2432 - accuracy: 0.5000
Epoch 21/25

1/1 [==============================] - ETA: 0s - loss: 4.2186 - accuracy: 0.5625
1/1 [==============================] - 0s 3ms/step - loss: 4.2186 - accuracy: 0.5625
Epoch 22/25

1/1 [==============================] - ETA: 0s - loss: 4.1941 - accuracy: 0.5625
1/1 [==============================] - 0s 4ms/step - loss: 4.1941 - accuracy: 0.5625
Epoch 23/25

1/1 [==============================] - ETA: 0s - loss: 4.1696 - accuracy: 0.5625
1/1 [==============================] - 0s 4ms/step - loss: 4.1696 - accuracy: 0.5625
Epoch 24/25

1/1 [==============================] - ETA: 0s - loss: 4.1452 - accuracy: 0.6250
1/1 [==============================] - 0s 2ms/step - loss: 4.1452 - accuracy: 0.6250
Epoch 25/25

1/1 [==============================] - ETA: 0s - loss: 4.1209 - accuracy: 0.6250
1/1 [==============================] - 0s 3ms/step - loss: 4.1209 - accuracy: 0.6250
# predict: steps=12
# predict: tnodeembed_metrics
# predict: node2vec_metrics
tnodeembed: {'auc': 0.7368735444806707, 'f1_micro': 0.0, 'f1_macro': 0.0} tNodeEmbed_final_loss=3.817296028137207 tNodeEmbed_final_accuracy=0.625 
node2vec: {'auc': 0.6081640845243057, 'f1_micro': 0.0, 'f1_macro': 0.0} node2vec_final_loss=4.1208953857421875 node2vec_final_accuracy=0.625 
