# load graph
Processing Static file: filename='CollegeMsg_20040816_nodes_34_edges_33_component_0.edges'
# initialize tNodeEmbed for dataset=COLLEGE_NC, test_size=0.2
# load dataset
# fit
# tNodeEmbed steps_per_epoch=1
Epoch 1/25

1/1 [==============================] - ETA: 0s - loss: 4.7613 - accuracy: 0.0625
1/1 [==============================] - 1s 1s/step - loss: 4.7613 - accuracy: 0.0625
Epoch 2/25

1/1 [==============================] - ETA: 0s - loss: 4.7285 - accuracy: 0.0625
1/1 [==============================] - 0s 6ms/step - loss: 4.7285 - accuracy: 0.0625
Epoch 3/25

1/1 [==============================] - ETA: 0s - loss: 4.6958 - accuracy: 0.0625
1/1 [==============================] - 0s 7ms/step - loss: 4.6958 - accuracy: 0.0625
Epoch 4/25

1/1 [==============================] - ETA: 0s - loss: 4.6631 - accuracy: 0.2500
1/1 [==============================] - 0s 5ms/step - loss: 4.6631 - accuracy: 0.2500
Epoch 5/25

1/1 [==============================] - ETA: 0s - loss: 4.6302 - accuracy: 0.5000
1/1 [==============================] - 0s 7ms/step - loss: 4.6302 - accuracy: 0.5000
Epoch 6/25

1/1 [==============================] - ETA: 0s - loss: 4.5969 - accuracy: 0.6875
1/1 [==============================] - 0s 5ms/step - loss: 4.5969 - accuracy: 0.6875
Epoch 7/25

1/1 [==============================] - ETA: 0s - loss: 4.5631 - accuracy: 0.7500
1/1 [==============================] - 0s 6ms/step - loss: 4.5631 - accuracy: 0.7500
Epoch 8/25

1/1 [==============================] - ETA: 0s - loss: 4.5287 - accuracy: 0.8125
1/1 [==============================] - 0s 6ms/step - loss: 4.5287 - accuracy: 0.8125
Epoch 9/25

1/1 [==============================] - ETA: 0s - loss: 4.4933 - accuracy: 0.8750
1/1 [==============================] - 0s 7ms/step - loss: 4.4933 - accuracy: 0.8750
Epoch 10/25

1/1 [==============================] - ETA: 0s - loss: 4.4570 - accuracy: 0.8750
1/1 [==============================] - 0s 6ms/step - loss: 4.4570 - accuracy: 0.8750
Epoch 11/25

1/1 [==============================] - ETA: 0s - loss: 4.4194 - accuracy: 0.8750
1/1 [==============================] - 0s 6ms/step - loss: 4.4194 - accuracy: 0.8750
Epoch 12/25

1/1 [==============================] - ETA: 0s - loss: 4.3806 - accuracy: 0.9375
1/1 [==============================] - 0s 6ms/step - loss: 4.3806 - accuracy: 0.9375
Epoch 13/25

1/1 [==============================] - ETA: 0s - loss: 4.3402 - accuracy: 0.9375
1/1 [==============================] - 0s 6ms/step - loss: 4.3402 - accuracy: 0.9375
Epoch 14/25

1/1 [==============================] - ETA: 0s - loss: 4.2983 - accuracy: 0.9375
1/1 [==============================] - 0s 6ms/step - loss: 4.2983 - accuracy: 0.9375
Epoch 15/25

1/1 [==============================] - ETA: 0s - loss: 4.2547 - accuracy: 0.9375
1/1 [==============================] - 0s 5ms/step - loss: 4.2547 - accuracy: 0.9375
Epoch 16/25

1/1 [==============================] - ETA: 0s - loss: 4.2091 - accuracy: 0.9375
1/1 [==============================] - 0s 6ms/step - loss: 4.2091 - accuracy: 0.9375
Epoch 17/25

1/1 [==============================] - ETA: 0s - loss: 4.1617 - accuracy: 0.9375
1/1 [==============================] - 0s 6ms/step - loss: 4.1617 - accuracy: 0.9375
Epoch 18/25

1/1 [==============================] - ETA: 0s - loss: 4.1121 - accuracy: 0.9375
1/1 [==============================] - 0s 5ms/step - loss: 4.1121 - accuracy: 0.9375
Epoch 19/25

1/1 [==============================] - ETA: 0s - loss: 4.0604 - accuracy: 0.9375
1/1 [==============================] - 0s 5ms/step - loss: 4.0604 - accuracy: 0.9375
Epoch 20/25

1/1 [==============================] - ETA: 0s - loss: 4.0064 - accuracy: 0.9375
1/1 [==============================] - 0s 6ms/step - loss: 4.0064 - accuracy: 0.9375
Epoch 21/25

1/1 [==============================] - ETA: 0s - loss: 3.9500 - accuracy: 0.9375
1/1 [==============================] - 0s 6ms/step - loss: 3.9500 - accuracy: 0.9375
Epoch 22/25

1/1 [==============================] - ETA: 0s - loss: 3.8912 - accuracy: 0.9375
1/1 [==============================] - 0s 5ms/step - loss: 3.8912 - accuracy: 0.9375
Epoch 23/25

1/1 [==============================] - ETA: 0s - loss: 3.8300 - accuracy: 0.9375
1/1 [==============================] - 0s 5ms/step - loss: 3.8300 - accuracy: 0.9375
Epoch 24/25

1/1 [==============================] - ETA: 0s - loss: 3.7662 - accuracy: 0.9375
1/1 [==============================] - 0s 5ms/step - loss: 3.7662 - accuracy: 0.9375
Epoch 25/25

1/1 [==============================] - ETA: 0s - loss: 3.6998 - accuracy: 0.9375
1/1 [==============================] - 0s 4ms/step - loss: 3.6998 - accuracy: 0.9375
# node2vec
Epoch 1/25

1/1 [==============================] - ETA: 0s - loss: 4.6951 - accuracy: 0.1250
1/1 [==============================] - 0s 200ms/step - loss: 4.6951 - accuracy: 0.1250
Epoch 2/25

1/1 [==============================] - ETA: 0s - loss: 4.6603 - accuracy: 0.1250
1/1 [==============================] - 0s 2ms/step - loss: 4.6603 - accuracy: 0.1250
Epoch 3/25

1/1 [==============================] - ETA: 0s - loss: 4.6254 - accuracy: 0.1250
1/1 [==============================] - 0s 3ms/step - loss: 4.6254 - accuracy: 0.1250
Epoch 4/25

1/1 [==============================] - ETA: 0s - loss: 4.5906 - accuracy: 0.1250
1/1 [==============================] - 0s 3ms/step - loss: 4.5906 - accuracy: 0.1250
Epoch 5/25

1/1 [==============================] - ETA: 0s - loss: 4.5558 - accuracy: 0.1875
1/1 [==============================] - 0s 3ms/step - loss: 4.5558 - accuracy: 0.1875
Epoch 6/25

1/1 [==============================] - ETA: 0s - loss: 4.5211 - accuracy: 0.1875
1/1 [==============================] - 0s 3ms/step - loss: 4.5211 - accuracy: 0.1875
Epoch 7/25

1/1 [==============================] - ETA: 0s - loss: 4.4865 - accuracy: 0.3125
1/1 [==============================] - 0s 3ms/step - loss: 4.4865 - accuracy: 0.3125
Epoch 8/25

1/1 [==============================] - ETA: 0s - loss: 4.4519 - accuracy: 0.3125
1/1 [==============================] - 0s 4ms/step - loss: 4.4519 - accuracy: 0.3125
Epoch 9/25

1/1 [==============================] - ETA: 0s - loss: 4.4174 - accuracy: 0.3125
1/1 [==============================] - 0s 2ms/step - loss: 4.4174 - accuracy: 0.3125
Epoch 10/25

1/1 [==============================] - ETA: 0s - loss: 4.3829 - accuracy: 0.3125
1/1 [==============================] - 0s 4ms/step - loss: 4.3829 - accuracy: 0.3125
Epoch 11/25

1/1 [==============================] - ETA: 0s - loss: 4.3485 - accuracy: 0.3750
1/1 [==============================] - 0s 3ms/step - loss: 4.3485 - accuracy: 0.3750
Epoch 12/25

1/1 [==============================] - ETA: 0s - loss: 4.3141 - accuracy: 0.3750
1/1 [==============================] - 0s 3ms/step - loss: 4.3141 - accuracy: 0.3750
Epoch 13/25

1/1 [==============================] - ETA: 0s - loss: 4.2799 - accuracy: 0.3750
1/1 [==============================] - 0s 3ms/step - loss: 4.2799 - accuracy: 0.3750
Epoch 14/25

1/1 [==============================] - ETA: 0s - loss: 4.2457 - accuracy: 0.3750
1/1 [==============================] - 0s 4ms/step - loss: 4.2457 - accuracy: 0.3750
Epoch 15/25

1/1 [==============================] - ETA: 0s - loss: 4.2116 - accuracy: 0.3750
1/1 [==============================] - 0s 3ms/step - loss: 4.2116 - accuracy: 0.3750
Epoch 16/25

1/1 [==============================] - ETA: 0s - loss: 4.1775 - accuracy: 0.4375
1/1 [==============================] - 0s 2ms/step - loss: 4.1775 - accuracy: 0.4375
Epoch 17/25

1/1 [==============================] - ETA: 0s - loss: 4.1436 - accuracy: 0.4375
1/1 [==============================] - 0s 3ms/step - loss: 4.1436 - accuracy: 0.4375
Epoch 18/25

1/1 [==============================] - ETA: 0s - loss: 4.1097 - accuracy: 0.4375
1/1 [==============================] - 0s 3ms/step - loss: 4.1097 - accuracy: 0.4375
Epoch 19/25

1/1 [==============================] - ETA: 0s - loss: 4.0759 - accuracy: 0.5000
1/1 [==============================] - 0s 3ms/step - loss: 4.0759 - accuracy: 0.5000
Epoch 20/25

1/1 [==============================] - ETA: 0s - loss: 4.0422 - accuracy: 0.5625
1/1 [==============================] - 0s 3ms/step - loss: 4.0422 - accuracy: 0.5625
Epoch 21/25

1/1 [==============================] - ETA: 0s - loss: 4.0086 - accuracy: 0.5625
1/1 [==============================] - 0s 3ms/step - loss: 4.0086 - accuracy: 0.5625
Epoch 22/25

1/1 [==============================] - ETA: 0s - loss: 3.9750 - accuracy: 0.5625
1/1 [==============================] - 0s 3ms/step - loss: 3.9750 - accuracy: 0.5625
Epoch 23/25

1/1 [==============================] - ETA: 0s - loss: 3.9416 - accuracy: 0.5625
1/1 [==============================] - 0s 4ms/step - loss: 3.9416 - accuracy: 0.5625
Epoch 24/25

1/1 [==============================] - ETA: 0s - loss: 3.9083 - accuracy: 0.5625
1/1 [==============================] - 0s 3ms/step - loss: 3.9083 - accuracy: 0.5625
Epoch 25/25

1/1 [==============================] - ETA: 0s - loss: 3.8750 - accuracy: 0.5625
1/1 [==============================] - 0s 3ms/step - loss: 3.8750 - accuracy: 0.5625
# predict: steps=12
# predict: tnodeembed_metrics
# predict: node2vec_metrics
tnodeembed: {'auc': 0.6556093876400363, 'f1_micro': 0.0, 'f1_macro': 0.0} tNodeEmbed_final_loss=3.6997828483581543 tNodeEmbed_final_accuracy=0.9375 
node2vec: {'auc': 0.6741681170789106, 'f1_micro': 0.0, 'f1_macro': 0.0} node2vec_final_loss=3.8750362396240234 node2vec_final_accuracy=0.5625 
