# load graph
Processing Static file: filename='CollegeMsg_20040725_nodes_7_edges_6_component_0.edges'
# initialize tNodeEmbed for dataset=COLLEGE_NC, test_size=0.2
# load dataset
# fit
# tNodeEmbed steps_per_epoch=1
Epoch 1/25

1/1 [==============================] - ETA: 0s - loss: 4.7352 - accuracy: 0.0000e+00
1/1 [==============================] - 1s 1s/step - loss: 4.7352 - accuracy: 0.0000e+00
Epoch 2/25

1/1 [==============================] - ETA: 0s - loss: 4.7019 - accuracy: 0.0000e+00
1/1 [==============================] - 0s 3ms/step - loss: 4.7019 - accuracy: 0.0000e+00
Epoch 3/25

1/1 [==============================] - ETA: 0s - loss: 4.6686 - accuracy: 0.0625
1/1 [==============================] - 0s 5ms/step - loss: 4.6686 - accuracy: 0.0625
Epoch 4/25

1/1 [==============================] - ETA: 0s - loss: 4.6352 - accuracy: 0.2500
1/1 [==============================] - 0s 5ms/step - loss: 4.6352 - accuracy: 0.2500
Epoch 5/25

1/1 [==============================] - ETA: 0s - loss: 4.6014 - accuracy: 0.5625
1/1 [==============================] - 0s 4ms/step - loss: 4.6014 - accuracy: 0.5625
Epoch 6/25

1/1 [==============================] - ETA: 0s - loss: 4.5671 - accuracy: 0.7500
1/1 [==============================] - 0s 6ms/step - loss: 4.5671 - accuracy: 0.7500
Epoch 7/25

1/1 [==============================] - ETA: 0s - loss: 4.5322 - accuracy: 0.8125
1/1 [==============================] - 0s 4ms/step - loss: 4.5322 - accuracy: 0.8125
Epoch 8/25

1/1 [==============================] - ETA: 0s - loss: 4.4965 - accuracy: 0.8750
1/1 [==============================] - 0s 4ms/step - loss: 4.4965 - accuracy: 0.8750
Epoch 9/25

1/1 [==============================] - ETA: 0s - loss: 4.4599 - accuracy: 0.9375
1/1 [==============================] - 0s 4ms/step - loss: 4.4599 - accuracy: 0.9375
Epoch 10/25

1/1 [==============================] - ETA: 0s - loss: 4.4222 - accuracy: 1.0000
1/1 [==============================] - 0s 5ms/step - loss: 4.4222 - accuracy: 1.0000
Epoch 11/25

1/1 [==============================] - ETA: 0s - loss: 4.3833 - accuracy: 1.0000
1/1 [==============================] - 0s 5ms/step - loss: 4.3833 - accuracy: 1.0000
Epoch 12/25

1/1 [==============================] - ETA: 0s - loss: 4.3430 - accuracy: 1.0000
1/1 [==============================] - 0s 6ms/step - loss: 4.3430 - accuracy: 1.0000
Epoch 13/25

1/1 [==============================] - ETA: 0s - loss: 4.3014 - accuracy: 1.0000
1/1 [==============================] - 0s 5ms/step - loss: 4.3014 - accuracy: 1.0000
Epoch 14/25

1/1 [==============================] - ETA: 0s - loss: 4.2581 - accuracy: 1.0000
1/1 [==============================] - 0s 5ms/step - loss: 4.2581 - accuracy: 1.0000
Epoch 15/25

1/1 [==============================] - ETA: 0s - loss: 4.2131 - accuracy: 1.0000
1/1 [==============================] - 0s 6ms/step - loss: 4.2131 - accuracy: 1.0000
Epoch 16/25

1/1 [==============================] - ETA: 0s - loss: 4.1663 - accuracy: 1.0000
1/1 [==============================] - 0s 5ms/step - loss: 4.1663 - accuracy: 1.0000
Epoch 17/25

1/1 [==============================] - ETA: 0s - loss: 4.1176 - accuracy: 1.0000
1/1 [==============================] - 0s 5ms/step - loss: 4.1176 - accuracy: 1.0000
Epoch 18/25

1/1 [==============================] - ETA: 0s - loss: 4.0669 - accuracy: 1.0000
1/1 [==============================] - 0s 5ms/step - loss: 4.0669 - accuracy: 1.0000
Epoch 19/25

1/1 [==============================] - ETA: 0s - loss: 4.0142 - accuracy: 1.0000
1/1 [==============================] - 0s 6ms/step - loss: 4.0142 - accuracy: 1.0000
Epoch 20/25

1/1 [==============================] - ETA: 0s - loss: 3.9592 - accuracy: 1.0000
1/1 [==============================] - 0s 5ms/step - loss: 3.9592 - accuracy: 1.0000
Epoch 21/25

1/1 [==============================] - ETA: 0s - loss: 3.9020 - accuracy: 1.0000
1/1 [==============================] - 0s 6ms/step - loss: 3.9020 - accuracy: 1.0000
Epoch 22/25

1/1 [==============================] - ETA: 0s - loss: 3.8426 - accuracy: 1.0000
1/1 [==============================] - 0s 5ms/step - loss: 3.8426 - accuracy: 1.0000
Epoch 23/25

1/1 [==============================] - ETA: 0s - loss: 3.7807 - accuracy: 1.0000
1/1 [==============================] - 0s 5ms/step - loss: 3.7807 - accuracy: 1.0000
Epoch 24/25

1/1 [==============================] - ETA: 0s - loss: 3.7165 - accuracy: 1.0000
1/1 [==============================] - 0s 5ms/step - loss: 3.7165 - accuracy: 1.0000
Epoch 25/25

1/1 [==============================] - ETA: 0s - loss: 3.6499 - accuracy: 1.0000
1/1 [==============================] - 0s 5ms/step - loss: 3.6499 - accuracy: 1.0000
# node2vec
Epoch 1/25

1/1 [==============================] - ETA: 0s - loss: 4.7514 - accuracy: 0.0000e+00
1/1 [==============================] - 0s 190ms/step - loss: 4.7514 - accuracy: 0.0000e+00
Epoch 2/25

1/1 [==============================] - ETA: 0s - loss: 4.7121 - accuracy: 0.0000e+00
1/1 [==============================] - 0s 3ms/step - loss: 4.7121 - accuracy: 0.0000e+00
Epoch 3/25

1/1 [==============================] - ETA: 0s - loss: 4.6728 - accuracy: 0.0000e+00
1/1 [==============================] - 0s 3ms/step - loss: 4.6728 - accuracy: 0.0000e+00
Epoch 4/25

1/1 [==============================] - ETA: 0s - loss: 4.6335 - accuracy: 0.0000e+00
1/1 [==============================] - 0s 4ms/step - loss: 4.6335 - accuracy: 0.0000e+00
Epoch 5/25

1/1 [==============================] - ETA: 0s - loss: 4.5943 - accuracy: 0.0000e+00
1/1 [==============================] - 0s 4ms/step - loss: 4.5943 - accuracy: 0.0000e+00
Epoch 6/25

1/1 [==============================] - ETA: 0s - loss: 4.5552 - accuracy: 0.0000e+00
1/1 [==============================] - 0s 3ms/step - loss: 4.5552 - accuracy: 0.0000e+00
Epoch 7/25

1/1 [==============================] - ETA: 0s - loss: 4.5161 - accuracy: 0.0000e+00
1/1 [==============================] - 0s 4ms/step - loss: 4.5161 - accuracy: 0.0000e+00
Epoch 8/25

1/1 [==============================] - ETA: 0s - loss: 4.4771 - accuracy: 0.0000e+00
1/1 [==============================] - 0s 3ms/step - loss: 4.4771 - accuracy: 0.0000e+00
Epoch 9/25

1/1 [==============================] - ETA: 0s - loss: 4.4382 - accuracy: 0.0000e+00
1/1 [==============================] - 0s 3ms/step - loss: 4.4382 - accuracy: 0.0000e+00
Epoch 10/25

1/1 [==============================] - ETA: 0s - loss: 4.3993 - accuracy: 0.0000e+00
1/1 [==============================] - 0s 3ms/step - loss: 4.3993 - accuracy: 0.0000e+00
Epoch 11/25

1/1 [==============================] - ETA: 0s - loss: 4.3606 - accuracy: 0.0000e+00
1/1 [==============================] - 0s 4ms/step - loss: 4.3606 - accuracy: 0.0000e+00
Epoch 12/25

1/1 [==============================] - ETA: 0s - loss: 4.3218 - accuracy: 0.0625
1/1 [==============================] - 0s 3ms/step - loss: 4.3218 - accuracy: 0.0625
Epoch 13/25

1/1 [==============================] - ETA: 0s - loss: 4.2832 - accuracy: 0.0625
1/1 [==============================] - 0s 3ms/step - loss: 4.2832 - accuracy: 0.0625
Epoch 14/25

1/1 [==============================] - ETA: 0s - loss: 4.2447 - accuracy: 0.1250
1/1 [==============================] - 0s 3ms/step - loss: 4.2447 - accuracy: 0.1250
Epoch 15/25

1/1 [==============================] - ETA: 0s - loss: 4.2062 - accuracy: 0.1250
1/1 [==============================] - 0s 3ms/step - loss: 4.2062 - accuracy: 0.1250
Epoch 16/25

1/1 [==============================] - ETA: 0s - loss: 4.1679 - accuracy: 0.1875
1/1 [==============================] - 0s 3ms/step - loss: 4.1679 - accuracy: 0.1875
Epoch 17/25

1/1 [==============================] - ETA: 0s - loss: 4.1296 - accuracy: 0.2500
1/1 [==============================] - 0s 3ms/step - loss: 4.1296 - accuracy: 0.2500
Epoch 18/25

1/1 [==============================] - ETA: 0s - loss: 4.0914 - accuracy: 0.2500
1/1 [==============================] - 0s 3ms/step - loss: 4.0914 - accuracy: 0.2500
Epoch 19/25

1/1 [==============================] - ETA: 0s - loss: 4.0533 - accuracy: 0.3125
1/1 [==============================] - 0s 3ms/step - loss: 4.0533 - accuracy: 0.3125
Epoch 20/25

1/1 [==============================] - ETA: 0s - loss: 4.0153 - accuracy: 0.4375
1/1 [==============================] - 0s 3ms/step - loss: 4.0153 - accuracy: 0.4375
Epoch 21/25

1/1 [==============================] - ETA: 0s - loss: 3.9774 - accuracy: 0.5000
1/1 [==============================] - 0s 3ms/step - loss: 3.9774 - accuracy: 0.5000
Epoch 22/25

1/1 [==============================] - ETA: 0s - loss: 3.9397 - accuracy: 0.5625
1/1 [==============================] - 0s 3ms/step - loss: 3.9397 - accuracy: 0.5625
Epoch 23/25

1/1 [==============================] - ETA: 0s - loss: 3.9020 - accuracy: 0.5625
1/1 [==============================] - 0s 3ms/step - loss: 3.9020 - accuracy: 0.5625
Epoch 24/25

1/1 [==============================] - ETA: 0s - loss: 3.8644 - accuracy: 0.5625
1/1 [==============================] - 0s 4ms/step - loss: 3.8644 - accuracy: 0.5625
Epoch 25/25

1/1 [==============================] - ETA: 0s - loss: 3.8270 - accuracy: 0.5625
1/1 [==============================] - 0s 3ms/step - loss: 3.8270 - accuracy: 0.5625
# predict: steps=12
# predict: tnodeembed_metrics
# predict: node2vec_metrics
tnodeembed: {'auc': 0.6593553428284264, 'f1_micro': 0.0, 'f1_macro': 0.0} tNodeEmbed_final_loss=3.6499085426330566 tNodeEmbed_final_accuracy=1.0 
node2vec: {'auc': 0.6190527480204937, 'f1_micro': 0.0, 'f1_macro': 0.0} node2vec_final_loss=3.827002763748169 node2vec_final_accuracy=0.5625 
