# load graph
Processing Static file: filename='CollegeMsg_20040516_nodes_234_edges_301_component_0.edges'
# initialize tNodeEmbed for dataset=COLLEGE_NC, test_size=0.2
# load dataset
# fit
# tNodeEmbed steps_per_epoch=1
Epoch 1/25

1/1 [==============================] - ETA: 0s - loss: 4.7398 - accuracy: 0.0625
1/1 [==============================] - 1s 1s/step - loss: 4.7398 - accuracy: 0.0625
Epoch 2/25

1/1 [==============================] - ETA: 0s - loss: 4.7129 - accuracy: 0.1250
1/1 [==============================] - 0s 5ms/step - loss: 4.7129 - accuracy: 0.1250
Epoch 3/25

1/1 [==============================] - ETA: 0s - loss: 4.6860 - accuracy: 0.1875
1/1 [==============================] - 0s 4ms/step - loss: 4.6860 - accuracy: 0.1875
Epoch 4/25

1/1 [==============================] - ETA: 0s - loss: 4.6590 - accuracy: 0.3125
1/1 [==============================] - 0s 3ms/step - loss: 4.6590 - accuracy: 0.3125
Epoch 5/25

1/1 [==============================] - ETA: 0s - loss: 4.6318 - accuracy: 0.4375
1/1 [==============================] - 0s 4ms/step - loss: 4.6318 - accuracy: 0.4375
Epoch 6/25

1/1 [==============================] - ETA: 0s - loss: 4.6042 - accuracy: 0.5625
1/1 [==============================] - 0s 5ms/step - loss: 4.6042 - accuracy: 0.5625
Epoch 7/25

1/1 [==============================] - ETA: 0s - loss: 4.5762 - accuracy: 0.8125
1/1 [==============================] - 0s 4ms/step - loss: 4.5762 - accuracy: 0.8125
Epoch 8/25

1/1 [==============================] - ETA: 0s - loss: 4.5476 - accuracy: 0.8125
1/1 [==============================] - 0s 4ms/step - loss: 4.5476 - accuracy: 0.8125
Epoch 9/25

1/1 [==============================] - ETA: 0s - loss: 4.5184 - accuracy: 0.8125
1/1 [==============================] - 0s 4ms/step - loss: 4.5184 - accuracy: 0.8125
Epoch 10/25

1/1 [==============================] - ETA: 0s - loss: 4.4884 - accuracy: 0.8125
1/1 [==============================] - 0s 3ms/step - loss: 4.4884 - accuracy: 0.8125
Epoch 11/25

1/1 [==============================] - ETA: 0s - loss: 4.4576 - accuracy: 0.8125
1/1 [==============================] - 0s 5ms/step - loss: 4.4576 - accuracy: 0.8125
Epoch 12/25

1/1 [==============================] - ETA: 0s - loss: 4.4259 - accuracy: 0.8125
1/1 [==============================] - 0s 3ms/step - loss: 4.4259 - accuracy: 0.8125
Epoch 13/25

1/1 [==============================] - ETA: 0s - loss: 4.3931 - accuracy: 0.8125
1/1 [==============================] - 0s 4ms/step - loss: 4.3931 - accuracy: 0.8125
Epoch 14/25

1/1 [==============================] - ETA: 0s - loss: 4.3592 - accuracy: 0.8125
1/1 [==============================] - 0s 4ms/step - loss: 4.3592 - accuracy: 0.8125
Epoch 15/25

1/1 [==============================] - ETA: 0s - loss: 4.3242 - accuracy: 0.8125
1/1 [==============================] - 0s 5ms/step - loss: 4.3242 - accuracy: 0.8125
Epoch 16/25

1/1 [==============================] - ETA: 0s - loss: 4.2878 - accuracy: 0.8125
1/1 [==============================] - 0s 5ms/step - loss: 4.2878 - accuracy: 0.8125
Epoch 17/25

1/1 [==============================] - ETA: 0s - loss: 4.2502 - accuracy: 0.8125
1/1 [==============================] - 0s 4ms/step - loss: 4.2502 - accuracy: 0.8125
Epoch 18/25

1/1 [==============================] - ETA: 0s - loss: 4.2111 - accuracy: 0.8125
1/1 [==============================] - 0s 4ms/step - loss: 4.2111 - accuracy: 0.8125
Epoch 19/25

1/1 [==============================] - ETA: 0s - loss: 4.1706 - accuracy: 0.8125
1/1 [==============================] - 0s 3ms/step - loss: 4.1706 - accuracy: 0.8125
Epoch 20/25

1/1 [==============================] - ETA: 0s - loss: 4.1286 - accuracy: 0.8125
1/1 [==============================] - 0s 5ms/step - loss: 4.1286 - accuracy: 0.8125
Epoch 21/25

1/1 [==============================] - ETA: 0s - loss: 4.0850 - accuracy: 0.8125
1/1 [==============================] - 0s 3ms/step - loss: 4.0850 - accuracy: 0.8125
Epoch 22/25

1/1 [==============================] - ETA: 0s - loss: 4.0397 - accuracy: 0.8125
1/1 [==============================] - 0s 4ms/step - loss: 4.0397 - accuracy: 0.8125
Epoch 23/25

1/1 [==============================] - ETA: 0s - loss: 3.9929 - accuracy: 0.8125
1/1 [==============================] - 0s 5ms/step - loss: 3.9929 - accuracy: 0.8125
Epoch 24/25

1/1 [==============================] - ETA: 0s - loss: 3.9444 - accuracy: 0.8125
1/1 [==============================] - 0s 5ms/step - loss: 3.9444 - accuracy: 0.8125
Epoch 25/25

1/1 [==============================] - ETA: 0s - loss: 3.8941 - accuracy: 0.8125
1/1 [==============================] - 0s 3ms/step - loss: 3.8941 - accuracy: 0.8125
# node2vec
Epoch 1/25

1/1 [==============================] - ETA: 0s - loss: 4.7508 - accuracy: 0.0625
1/1 [==============================] - 0s 240ms/step - loss: 4.7508 - accuracy: 0.0625
Epoch 2/25

1/1 [==============================] - ETA: 0s - loss: 4.7194 - accuracy: 0.0625
1/1 [==============================] - 0s 3ms/step - loss: 4.7194 - accuracy: 0.0625
Epoch 3/25

1/1 [==============================] - ETA: 0s - loss: 4.6879 - accuracy: 0.0625
1/1 [==============================] - 0s 3ms/step - loss: 4.6879 - accuracy: 0.0625
Epoch 4/25

1/1 [==============================] - ETA: 0s - loss: 4.6565 - accuracy: 0.0625
1/1 [==============================] - 0s 5ms/step - loss: 4.6565 - accuracy: 0.0625
Epoch 5/25

1/1 [==============================] - ETA: 0s - loss: 4.6252 - accuracy: 0.1250
1/1 [==============================] - 0s 3ms/step - loss: 4.6252 - accuracy: 0.1250
Epoch 6/25

1/1 [==============================] - ETA: 0s - loss: 4.5939 - accuracy: 0.2500
1/1 [==============================] - 0s 3ms/step - loss: 4.5939 - accuracy: 0.2500
Epoch 7/25

1/1 [==============================] - ETA: 0s - loss: 4.5626 - accuracy: 0.2500
1/1 [==============================] - 0s 2ms/step - loss: 4.5626 - accuracy: 0.2500
Epoch 8/25

1/1 [==============================] - ETA: 0s - loss: 4.5314 - accuracy: 0.2500
1/1 [==============================] - 0s 3ms/step - loss: 4.5314 - accuracy: 0.2500
Epoch 9/25

1/1 [==============================] - ETA: 0s - loss: 4.5002 - accuracy: 0.2500
1/1 [==============================] - 0s 2ms/step - loss: 4.5002 - accuracy: 0.2500
Epoch 10/25

1/1 [==============================] - ETA: 0s - loss: 4.4691 - accuracy: 0.2500
1/1 [==============================] - 0s 4ms/step - loss: 4.4691 - accuracy: 0.2500
Epoch 11/25

1/1 [==============================] - ETA: 0s - loss: 4.4381 - accuracy: 0.2500
1/1 [==============================] - 0s 3ms/step - loss: 4.4381 - accuracy: 0.2500
Epoch 12/25

1/1 [==============================] - ETA: 0s - loss: 4.4071 - accuracy: 0.2500
1/1 [==============================] - 0s 3ms/step - loss: 4.4071 - accuracy: 0.2500
Epoch 13/25

1/1 [==============================] - ETA: 0s - loss: 4.3761 - accuracy: 0.2500
1/1 [==============================] - 0s 3ms/step - loss: 4.3761 - accuracy: 0.2500
Epoch 14/25

1/1 [==============================] - ETA: 0s - loss: 4.3453 - accuracy: 0.2500
1/1 [==============================] - 0s 3ms/step - loss: 4.3453 - accuracy: 0.2500
Epoch 15/25

1/1 [==============================] - ETA: 0s - loss: 4.3144 - accuracy: 0.2500
1/1 [==============================] - 0s 3ms/step - loss: 4.3144 - accuracy: 0.2500
Epoch 16/25

1/1 [==============================] - ETA: 0s - loss: 4.2837 - accuracy: 0.2500
1/1 [==============================] - 0s 3ms/step - loss: 4.2837 - accuracy: 0.2500
Epoch 17/25

1/1 [==============================] - ETA: 0s - loss: 4.2530 - accuracy: 0.2500
1/1 [==============================] - 0s 4ms/step - loss: 4.2530 - accuracy: 0.2500
Epoch 18/25

1/1 [==============================] - ETA: 0s - loss: 4.2224 - accuracy: 0.2500
1/1 [==============================] - 0s 3ms/step - loss: 4.2224 - accuracy: 0.2500
Epoch 19/25

1/1 [==============================] - ETA: 0s - loss: 4.1918 - accuracy: 0.3125
1/1 [==============================] - 0s 3ms/step - loss: 4.1918 - accuracy: 0.3125
Epoch 20/25

1/1 [==============================] - ETA: 0s - loss: 4.1614 - accuracy: 0.3750
1/1 [==============================] - 0s 3ms/step - loss: 4.1614 - accuracy: 0.3750
Epoch 21/25

1/1 [==============================] - ETA: 0s - loss: 4.1310 - accuracy: 0.4375
1/1 [==============================] - 0s 3ms/step - loss: 4.1310 - accuracy: 0.4375
Epoch 22/25

1/1 [==============================] - ETA: 0s - loss: 4.1006 - accuracy: 0.5000
1/1 [==============================] - 0s 3ms/step - loss: 4.1006 - accuracy: 0.5000
Epoch 23/25

1/1 [==============================] - ETA: 0s - loss: 4.0704 - accuracy: 0.5000
1/1 [==============================] - 0s 3ms/step - loss: 4.0704 - accuracy: 0.5000
Epoch 24/25

1/1 [==============================] - ETA: 0s - loss: 4.0402 - accuracy: 0.5000
1/1 [==============================] - 0s 3ms/step - loss: 4.0402 - accuracy: 0.5000
Epoch 25/25

1/1 [==============================] - ETA: 0s - loss: 4.0102 - accuracy: 0.5625
1/1 [==============================] - 0s 3ms/step - loss: 4.0102 - accuracy: 0.5625
# predict: steps=12
# predict: tnodeembed_metrics
# predict: node2vec_metrics
tnodeembed: {'auc': 0.7214018949329543, 'f1_micro': 0.0, 'f1_macro': 0.0} tNodeEmbed_final_loss=3.8941092491149902 tNodeEmbed_final_accuracy=0.8125 
node2vec: {'auc': 0.6431574963841836, 'f1_micro': 0.0, 'f1_macro': 0.0} node2vec_final_loss=4.0101728439331055 node2vec_final_accuracy=0.5625 
