# load graph
Processing Static file: filename='CollegeMsg_20040918_nodes_7_edges_6_component_0.edges'
# initialize tNodeEmbed for dataset=COLLEGE_NC, test_size=0.2
# load dataset
# fit
# tNodeEmbed steps_per_epoch=1
Epoch 1/25

1/1 [==============================] - ETA: 0s - loss: 4.7220 - accuracy: 0.0000e+00
1/1 [==============================] - 2s 2s/step - loss: 4.7220 - accuracy: 0.0000e+00
Epoch 2/25

1/1 [==============================] - ETA: 0s - loss: 4.6809 - accuracy: 0.0000e+00
1/1 [==============================] - 0s 8ms/step - loss: 4.6809 - accuracy: 0.0000e+00
Epoch 3/25

1/1 [==============================] - ETA: 0s - loss: 4.6397 - accuracy: 0.3750
1/1 [==============================] - 0s 9ms/step - loss: 4.6397 - accuracy: 0.3750
Epoch 4/25

1/1 [==============================] - ETA: 0s - loss: 4.5979 - accuracy: 0.5625
1/1 [==============================] - 0s 8ms/step - loss: 4.5979 - accuracy: 0.5625
Epoch 5/25

1/1 [==============================] - ETA: 0s - loss: 4.5555 - accuracy: 0.6250
1/1 [==============================] - 0s 8ms/step - loss: 4.5555 - accuracy: 0.6250
Epoch 6/25

1/1 [==============================] - ETA: 0s - loss: 4.5123 - accuracy: 0.6875
1/1 [==============================] - 0s 7ms/step - loss: 4.5123 - accuracy: 0.6875
Epoch 7/25

1/1 [==============================] - ETA: 0s - loss: 4.4680 - accuracy: 0.6875
1/1 [==============================] - 0s 8ms/step - loss: 4.4680 - accuracy: 0.6875
Epoch 8/25

1/1 [==============================] - ETA: 0s - loss: 4.4224 - accuracy: 0.6250
1/1 [==============================] - 0s 8ms/step - loss: 4.4224 - accuracy: 0.6250
Epoch 9/25

1/1 [==============================] - ETA: 0s - loss: 4.3753 - accuracy: 0.6250
1/1 [==============================] - 0s 7ms/step - loss: 4.3753 - accuracy: 0.6250
Epoch 10/25

1/1 [==============================] - ETA: 0s - loss: 4.3265 - accuracy: 0.6250
1/1 [==============================] - 0s 8ms/step - loss: 4.3265 - accuracy: 0.6250
Epoch 11/25

1/1 [==============================] - ETA: 0s - loss: 4.2759 - accuracy: 0.5625
1/1 [==============================] - 0s 8ms/step - loss: 4.2759 - accuracy: 0.5625
Epoch 12/25

1/1 [==============================] - ETA: 0s - loss: 4.2231 - accuracy: 0.5625
1/1 [==============================] - 0s 7ms/step - loss: 4.2231 - accuracy: 0.5625
Epoch 13/25

1/1 [==============================] - ETA: 0s - loss: 4.1682 - accuracy: 0.5625
1/1 [==============================] - 0s 7ms/step - loss: 4.1682 - accuracy: 0.5625
Epoch 14/25

1/1 [==============================] - ETA: 0s - loss: 4.1108 - accuracy: 0.5625
1/1 [==============================] - 0s 7ms/step - loss: 4.1108 - accuracy: 0.5625
Epoch 15/25

1/1 [==============================] - ETA: 0s - loss: 4.0510 - accuracy: 0.5625
1/1 [==============================] - 0s 6ms/step - loss: 4.0510 - accuracy: 0.5625
Epoch 16/25

1/1 [==============================] - ETA: 0s - loss: 3.9885 - accuracy: 0.5625
1/1 [==============================] - 0s 8ms/step - loss: 3.9885 - accuracy: 0.5625
Epoch 17/25

1/1 [==============================] - ETA: 0s - loss: 3.9232 - accuracy: 0.5625
1/1 [==============================] - 0s 6ms/step - loss: 3.9232 - accuracy: 0.5625
Epoch 18/25

1/1 [==============================] - ETA: 0s - loss: 3.8552 - accuracy: 0.5625
1/1 [==============================] - 0s 7ms/step - loss: 3.8552 - accuracy: 0.5625
Epoch 19/25

1/1 [==============================] - ETA: 0s - loss: 3.7842 - accuracy: 0.5625
1/1 [==============================] - 0s 6ms/step - loss: 3.7842 - accuracy: 0.5625
Epoch 20/25

1/1 [==============================] - ETA: 0s - loss: 3.7102 - accuracy: 0.5625
1/1 [==============================] - 0s 6ms/step - loss: 3.7102 - accuracy: 0.5625
Epoch 21/25

1/1 [==============================] - ETA: 0s - loss: 3.6333 - accuracy: 0.5625
1/1 [==============================] - 0s 6ms/step - loss: 3.6333 - accuracy: 0.5625
Epoch 22/25

1/1 [==============================] - ETA: 0s - loss: 3.5533 - accuracy: 0.5625
1/1 [==============================] - 0s 7ms/step - loss: 3.5533 - accuracy: 0.5625
Epoch 23/25

1/1 [==============================] - ETA: 0s - loss: 3.4703 - accuracy: 0.5625
1/1 [==============================] - 0s 10ms/step - loss: 3.4703 - accuracy: 0.5625
Epoch 24/25

1/1 [==============================] - ETA: 0s - loss: 3.3844 - accuracy: 0.5625
1/1 [==============================] - 0s 9ms/step - loss: 3.3844 - accuracy: 0.5625
Epoch 25/25

1/1 [==============================] - ETA: 0s - loss: 3.2956 - accuracy: 0.5625
1/1 [==============================] - 0s 9ms/step - loss: 3.2956 - accuracy: 0.5625
# node2vec
Epoch 1/25

1/1 [==============================] - ETA: 0s - loss: 4.8480 - accuracy: 0.0000e+00
1/1 [==============================] - 0s 204ms/step - loss: 4.8480 - accuracy: 0.0000e+00
Epoch 2/25

1/1 [==============================] - ETA: 0s - loss: 4.8104 - accuracy: 0.0000e+00
1/1 [==============================] - 0s 3ms/step - loss: 4.8104 - accuracy: 0.0000e+00
Epoch 3/25

1/1 [==============================] - ETA: 0s - loss: 4.7729 - accuracy: 0.0000e+00
1/1 [==============================] - 0s 4ms/step - loss: 4.7729 - accuracy: 0.0000e+00
Epoch 4/25

1/1 [==============================] - ETA: 0s - loss: 4.7353 - accuracy: 0.0000e+00
1/1 [==============================] - 0s 4ms/step - loss: 4.7353 - accuracy: 0.0000e+00
Epoch 5/25

1/1 [==============================] - ETA: 0s - loss: 4.6978 - accuracy: 0.0000e+00
1/1 [==============================] - 0s 4ms/step - loss: 4.6978 - accuracy: 0.0000e+00
Epoch 6/25

1/1 [==============================] - ETA: 0s - loss: 4.6604 - accuracy: 0.0000e+00
1/1 [==============================] - 0s 5ms/step - loss: 4.6604 - accuracy: 0.0000e+00
Epoch 7/25

1/1 [==============================] - ETA: 0s - loss: 4.6230 - accuracy: 0.0000e+00
1/1 [==============================] - 0s 5ms/step - loss: 4.6230 - accuracy: 0.0000e+00
Epoch 8/25

1/1 [==============================] - ETA: 0s - loss: 4.5857 - accuracy: 0.0000e+00
1/1 [==============================] - 0s 3ms/step - loss: 4.5857 - accuracy: 0.0000e+00
Epoch 9/25

1/1 [==============================] - ETA: 0s - loss: 4.5484 - accuracy: 0.0000e+00
1/1 [==============================] - 0s 4ms/step - loss: 4.5484 - accuracy: 0.0000e+00
Epoch 10/25

1/1 [==============================] - ETA: 0s - loss: 4.5111 - accuracy: 0.0000e+00
1/1 [==============================] - 0s 3ms/step - loss: 4.5111 - accuracy: 0.0000e+00
Epoch 11/25

1/1 [==============================] - ETA: 0s - loss: 4.4739 - accuracy: 0.0000e+00
1/1 [==============================] - 0s 3ms/step - loss: 4.4739 - accuracy: 0.0000e+00
Epoch 12/25

1/1 [==============================] - ETA: 0s - loss: 4.4368 - accuracy: 0.0625
1/1 [==============================] - 0s 3ms/step - loss: 4.4368 - accuracy: 0.0625
Epoch 13/25

1/1 [==============================] - ETA: 0s - loss: 4.3998 - accuracy: 0.0625
1/1 [==============================] - 0s 3ms/step - loss: 4.3998 - accuracy: 0.0625
Epoch 14/25

1/1 [==============================] - ETA: 0s - loss: 4.3628 - accuracy: 0.1250
1/1 [==============================] - 0s 4ms/step - loss: 4.3628 - accuracy: 0.1250
Epoch 15/25

1/1 [==============================] - ETA: 0s - loss: 4.3258 - accuracy: 0.1250
1/1 [==============================] - 0s 2ms/step - loss: 4.3258 - accuracy: 0.1250
Epoch 16/25

1/1 [==============================] - ETA: 0s - loss: 4.2890 - accuracy: 0.1250
1/1 [==============================] - 0s 4ms/step - loss: 4.2890 - accuracy: 0.1250
Epoch 17/25

1/1 [==============================] - ETA: 0s - loss: 4.2522 - accuracy: 0.1250
1/1 [==============================] - 0s 4ms/step - loss: 4.2522 - accuracy: 0.1250
Epoch 18/25

1/1 [==============================] - ETA: 0s - loss: 4.2155 - accuracy: 0.1250
1/1 [==============================] - 0s 3ms/step - loss: 4.2155 - accuracy: 0.1250
Epoch 19/25

1/1 [==============================] - ETA: 0s - loss: 4.1788 - accuracy: 0.1875
1/1 [==============================] - 0s 3ms/step - loss: 4.1788 - accuracy: 0.1875
Epoch 20/25

1/1 [==============================] - ETA: 0s - loss: 4.1423 - accuracy: 0.3125
1/1 [==============================] - 0s 3ms/step - loss: 4.1423 - accuracy: 0.3125
Epoch 21/25

1/1 [==============================] - ETA: 0s - loss: 4.1058 - accuracy: 0.3750
1/1 [==============================] - 0s 3ms/step - loss: 4.1058 - accuracy: 0.3750
Epoch 22/25

1/1 [==============================] - ETA: 0s - loss: 4.0694 - accuracy: 0.3750
1/1 [==============================] - 0s 4ms/step - loss: 4.0694 - accuracy: 0.3750
Epoch 23/25

1/1 [==============================] - ETA: 0s - loss: 4.0331 - accuracy: 0.3750
1/1 [==============================] - 0s 2ms/step - loss: 4.0331 - accuracy: 0.3750
Epoch 24/25

1/1 [==============================] - ETA: 0s - loss: 3.9969 - accuracy: 0.3750
1/1 [==============================] - 0s 4ms/step - loss: 3.9969 - accuracy: 0.3750
Epoch 25/25

1/1 [==============================] - ETA: 0s - loss: 3.9608 - accuracy: 0.3750
1/1 [==============================] - 0s 4ms/step - loss: 3.9608 - accuracy: 0.3750
# predict: steps=12
# predict: tnodeembed_metrics
# predict: node2vec_metrics
tnodeembed: {'auc': 0.7342997266687912, 'f1_micro': 0.0, 'f1_macro': 0.0} tNodeEmbed_final_loss=3.2956080436706543 tNodeEmbed_final_accuracy=0.5625 
node2vec: {'auc': 0.6789359081214914, 'f1_micro': 0.0, 'f1_macro': 0.0} node2vec_final_loss=3.9607691764831543 node2vec_final_accuracy=0.375 
