# load graph
Processing Static file: filename='CollegeMsg_20040607_nodes_150_edges_158_component_0.edges'
# initialize tNodeEmbed for dataset=COLLEGE_NC, test_size=0.2
# load dataset
# fit
# tNodeEmbed steps_per_epoch=1
Epoch 1/25

1/1 [==============================] - ETA: 0s - loss: 4.7419 - accuracy: 0.1875
1/1 [==============================] - 1s 977ms/step - loss: 4.7419 - accuracy: 0.1875
Epoch 2/25

1/1 [==============================] - ETA: 0s - loss: 4.7159 - accuracy: 0.1875
1/1 [==============================] - 0s 4ms/step - loss: 4.7159 - accuracy: 0.1875
Epoch 3/25

1/1 [==============================] - ETA: 0s - loss: 4.6898 - accuracy: 0.3125
1/1 [==============================] - 0s 4ms/step - loss: 4.6898 - accuracy: 0.3125
Epoch 4/25

1/1 [==============================] - ETA: 0s - loss: 4.6636 - accuracy: 0.3750
1/1 [==============================] - 0s 6ms/step - loss: 4.6636 - accuracy: 0.3750
Epoch 5/25

1/1 [==============================] - ETA: 0s - loss: 4.6372 - accuracy: 0.5000
1/1 [==============================] - 0s 5ms/step - loss: 4.6372 - accuracy: 0.5000
Epoch 6/25

1/1 [==============================] - ETA: 0s - loss: 4.6105 - accuracy: 0.6875
1/1 [==============================] - 0s 4ms/step - loss: 4.6105 - accuracy: 0.6875
Epoch 7/25

1/1 [==============================] - ETA: 0s - loss: 4.5833 - accuracy: 0.8125
1/1 [==============================] - 0s 3ms/step - loss: 4.5833 - accuracy: 0.8125
Epoch 8/25

1/1 [==============================] - ETA: 0s - loss: 4.5556 - accuracy: 0.8125
1/1 [==============================] - 0s 5ms/step - loss: 4.5556 - accuracy: 0.8125
Epoch 9/25

1/1 [==============================] - ETA: 0s - loss: 4.5273 - accuracy: 0.8125
1/1 [==============================] - 0s 4ms/step - loss: 4.5273 - accuracy: 0.8125
Epoch 10/25

1/1 [==============================] - ETA: 0s - loss: 4.4982 - accuracy: 0.8125
1/1 [==============================] - 0s 4ms/step - loss: 4.4982 - accuracy: 0.8125
Epoch 11/25

1/1 [==============================] - ETA: 0s - loss: 4.4683 - accuracy: 0.8125
1/1 [==============================] - 0s 3ms/step - loss: 4.4683 - accuracy: 0.8125
Epoch 12/25

1/1 [==============================] - ETA: 0s - loss: 4.4375 - accuracy: 0.8125
1/1 [==============================] - 0s 4ms/step - loss: 4.4375 - accuracy: 0.8125
Epoch 13/25

1/1 [==============================] - ETA: 0s - loss: 4.4056 - accuracy: 0.8125
1/1 [==============================] - 0s 5ms/step - loss: 4.4056 - accuracy: 0.8125
Epoch 14/25

1/1 [==============================] - ETA: 0s - loss: 4.3727 - accuracy: 0.8125
1/1 [==============================] - 0s 6ms/step - loss: 4.3727 - accuracy: 0.8125
Epoch 15/25

1/1 [==============================] - ETA: 0s - loss: 4.3385 - accuracy: 0.8125
1/1 [==============================] - 0s 4ms/step - loss: 4.3385 - accuracy: 0.8125
Epoch 16/25

1/1 [==============================] - ETA: 0s - loss: 4.3032 - accuracy: 0.8125
1/1 [==============================] - 0s 4ms/step - loss: 4.3032 - accuracy: 0.8125
Epoch 17/25

1/1 [==============================] - ETA: 0s - loss: 4.2665 - accuracy: 0.8125
1/1 [==============================] - 0s 5ms/step - loss: 4.2665 - accuracy: 0.8125
Epoch 18/25

1/1 [==============================] - ETA: 0s - loss: 4.2285 - accuracy: 0.8125
1/1 [==============================] - 0s 6ms/step - loss: 4.2285 - accuracy: 0.8125
Epoch 19/25

1/1 [==============================] - ETA: 0s - loss: 4.1890 - accuracy: 0.8125
1/1 [==============================] - 0s 5ms/step - loss: 4.1890 - accuracy: 0.8125
Epoch 20/25

1/1 [==============================] - ETA: 0s - loss: 4.1481 - accuracy: 0.8125
1/1 [==============================] - 0s 5ms/step - loss: 4.1481 - accuracy: 0.8125
Epoch 21/25

1/1 [==============================] - ETA: 0s - loss: 4.1057 - accuracy: 0.8125
1/1 [==============================] - 0s 5ms/step - loss: 4.1057 - accuracy: 0.8125
Epoch 22/25

1/1 [==============================] - ETA: 0s - loss: 4.0618 - accuracy: 0.8125
1/1 [==============================] - 0s 5ms/step - loss: 4.0618 - accuracy: 0.8125
Epoch 23/25

1/1 [==============================] - ETA: 0s - loss: 4.0163 - accuracy: 0.8125
1/1 [==============================] - 0s 4ms/step - loss: 4.0163 - accuracy: 0.8125
Epoch 24/25

1/1 [==============================] - ETA: 0s - loss: 3.9692 - accuracy: 0.8125
1/1 [==============================] - 0s 5ms/step - loss: 3.9692 - accuracy: 0.8125
Epoch 25/25

1/1 [==============================] - ETA: 0s - loss: 3.9206 - accuracy: 0.8125
1/1 [==============================] - 0s 4ms/step - loss: 3.9206 - accuracy: 0.8125
# node2vec
Epoch 1/25

1/1 [==============================] - ETA: 0s - loss: 4.7531 - accuracy: 0.1875
1/1 [==============================] - 0s 218ms/step - loss: 4.7531 - accuracy: 0.1875
Epoch 2/25

1/1 [==============================] - ETA: 0s - loss: 4.7249 - accuracy: 0.1875
1/1 [==============================] - 0s 4ms/step - loss: 4.7249 - accuracy: 0.1875
Epoch 3/25

1/1 [==============================] - ETA: 0s - loss: 4.6968 - accuracy: 0.1875
1/1 [==============================] - 0s 5ms/step - loss: 4.6968 - accuracy: 0.1875
Epoch 4/25

1/1 [==============================] - ETA: 0s - loss: 4.6686 - accuracy: 0.1875
1/1 [==============================] - 0s 4ms/step - loss: 4.6686 - accuracy: 0.1875
Epoch 5/25

1/1 [==============================] - ETA: 0s - loss: 4.6405 - accuracy: 0.1875
1/1 [==============================] - 0s 4ms/step - loss: 4.6405 - accuracy: 0.1875
Epoch 6/25

1/1 [==============================] - ETA: 0s - loss: 4.6124 - accuracy: 0.0625
1/1 [==============================] - 0s 3ms/step - loss: 4.6124 - accuracy: 0.0625
Epoch 7/25

1/1 [==============================] - ETA: 0s - loss: 4.5844 - accuracy: 0.0625
1/1 [==============================] - 0s 3ms/step - loss: 4.5844 - accuracy: 0.0625
Epoch 8/25

1/1 [==============================] - ETA: 0s - loss: 4.5564 - accuracy: 0.0625
1/1 [==============================] - 0s 4ms/step - loss: 4.5564 - accuracy: 0.0625
Epoch 9/25

1/1 [==============================] - ETA: 0s - loss: 4.5284 - accuracy: 0.0625
1/1 [==============================] - 0s 4ms/step - loss: 4.5284 - accuracy: 0.0625
Epoch 10/25

1/1 [==============================] - ETA: 0s - loss: 4.5005 - accuracy: 0.0625
1/1 [==============================] - 0s 5ms/step - loss: 4.5005 - accuracy: 0.0625
Epoch 11/25

1/1 [==============================] - ETA: 0s - loss: 4.4726 - accuracy: 0.0625
1/1 [==============================] - 0s 6ms/step - loss: 4.4726 - accuracy: 0.0625
Epoch 12/25

1/1 [==============================] - ETA: 0s - loss: 4.4448 - accuracy: 0.0625
1/1 [==============================] - 0s 4ms/step - loss: 4.4448 - accuracy: 0.0625
Epoch 13/25

1/1 [==============================] - ETA: 0s - loss: 4.4170 - accuracy: 0.0625
1/1 [==============================] - 0s 4ms/step - loss: 4.4170 - accuracy: 0.0625
Epoch 14/25

1/1 [==============================] - ETA: 0s - loss: 4.3893 - accuracy: 0.0625
1/1 [==============================] - 0s 5ms/step - loss: 4.3893 - accuracy: 0.0625
Epoch 15/25

1/1 [==============================] - ETA: 0s - loss: 4.3617 - accuracy: 0.1875
1/1 [==============================] - 0s 4ms/step - loss: 4.3617 - accuracy: 0.1875
Epoch 16/25

1/1 [==============================] - ETA: 0s - loss: 4.3341 - accuracy: 0.2500
1/1 [==============================] - 0s 5ms/step - loss: 4.3341 - accuracy: 0.2500
Epoch 17/25

1/1 [==============================] - ETA: 0s - loss: 4.3065 - accuracy: 0.2500
1/1 [==============================] - 0s 5ms/step - loss: 4.3065 - accuracy: 0.2500
Epoch 18/25

1/1 [==============================] - ETA: 0s - loss: 4.2790 - accuracy: 0.2500
1/1 [==============================] - 0s 3ms/step - loss: 4.2790 - accuracy: 0.2500
Epoch 19/25

1/1 [==============================] - ETA: 0s - loss: 4.2516 - accuracy: 0.3125
1/1 [==============================] - 0s 4ms/step - loss: 4.2516 - accuracy: 0.3125
Epoch 20/25

1/1 [==============================] - ETA: 0s - loss: 4.2242 - accuracy: 0.3125
1/1 [==============================] - 0s 4ms/step - loss: 4.2242 - accuracy: 0.3125
Epoch 21/25

1/1 [==============================] - ETA: 0s - loss: 4.1969 - accuracy: 0.4375
1/1 [==============================] - 0s 3ms/step - loss: 4.1969 - accuracy: 0.4375
Epoch 22/25

1/1 [==============================] - ETA: 0s - loss: 4.1697 - accuracy: 0.4375
1/1 [==============================] - 0s 4ms/step - loss: 4.1697 - accuracy: 0.4375
Epoch 23/25

1/1 [==============================] - ETA: 0s - loss: 4.1425 - accuracy: 0.5625
1/1 [==============================] - 0s 4ms/step - loss: 4.1425 - accuracy: 0.5625
Epoch 24/25

1/1 [==============================] - ETA: 0s - loss: 4.1154 - accuracy: 0.5625
1/1 [==============================] - 0s 3ms/step - loss: 4.1154 - accuracy: 0.5625
Epoch 25/25

1/1 [==============================] - ETA: 0s - loss: 4.0884 - accuracy: 0.5625
1/1 [==============================] - 0s 5ms/step - loss: 4.0884 - accuracy: 0.5625
# predict: steps=12
# predict: tnodeembed_metrics
# predict: node2vec_metrics
tnodeembed: {'auc': 0.708324467433138, 'f1_micro': 0.0, 'f1_macro': 0.0} tNodeEmbed_final_loss=3.9205760955810547 tNodeEmbed_final_accuracy=0.8125 
node2vec: {'auc': 0.6682128674037212, 'f1_micro': 0.0, 'f1_macro': 0.0} node2vec_final_loss=4.088434219360352 node2vec_final_accuracy=0.5625 
