# load graph
Processing Static file: filename='CollegeMsg_20040727_nodes_42_edges_47_component_0.edges'
# initialize tNodeEmbed for dataset=COLLEGE_NC, test_size=0.2
# load dataset
# fit
# tNodeEmbed steps_per_epoch=1
Epoch 1/25

1/1 [==============================] - ETA: 0s - loss: 4.7354 - accuracy: 0.0625
1/1 [==============================] - 2s 2s/step - loss: 4.7354 - accuracy: 0.0625
Epoch 2/25

1/1 [==============================] - ETA: 0s - loss: 4.7023 - accuracy: 0.0000e+00
1/1 [==============================] - 0s 6ms/step - loss: 4.7023 - accuracy: 0.0000e+00
Epoch 3/25

1/1 [==============================] - ETA: 0s - loss: 4.6690 - accuracy: 0.2500
1/1 [==============================] - 0s 5ms/step - loss: 4.6690 - accuracy: 0.2500
Epoch 4/25

1/1 [==============================] - ETA: 0s - loss: 4.6355 - accuracy: 0.4375
1/1 [==============================] - 0s 5ms/step - loss: 4.6355 - accuracy: 0.4375
Epoch 5/25

1/1 [==============================] - ETA: 0s - loss: 4.6015 - accuracy: 0.5625
1/1 [==============================] - 0s 5ms/step - loss: 4.6015 - accuracy: 0.5625
Epoch 6/25

1/1 [==============================] - ETA: 0s - loss: 4.5670 - accuracy: 0.6250
1/1 [==============================] - 0s 6ms/step - loss: 4.5670 - accuracy: 0.6250
Epoch 7/25

1/1 [==============================] - ETA: 0s - loss: 4.5317 - accuracy: 0.7500
1/1 [==============================] - 0s 5ms/step - loss: 4.5317 - accuracy: 0.7500
Epoch 8/25

1/1 [==============================] - ETA: 0s - loss: 4.4955 - accuracy: 0.8125
1/1 [==============================] - 0s 6ms/step - loss: 4.4955 - accuracy: 0.8125
Epoch 9/25

1/1 [==============================] - ETA: 0s - loss: 4.4582 - accuracy: 0.8125
1/1 [==============================] - 0s 6ms/step - loss: 4.4582 - accuracy: 0.8125
Epoch 10/25

1/1 [==============================] - ETA: 0s - loss: 4.4197 - accuracy: 0.8125
1/1 [==============================] - 0s 5ms/step - loss: 4.4197 - accuracy: 0.8125
Epoch 11/25

1/1 [==============================] - ETA: 0s - loss: 4.3799 - accuracy: 0.8125
1/1 [==============================] - 0s 5ms/step - loss: 4.3799 - accuracy: 0.8125
Epoch 12/25

1/1 [==============================] - ETA: 0s - loss: 4.3385 - accuracy: 0.8125
1/1 [==============================] - 0s 6ms/step - loss: 4.3385 - accuracy: 0.8125
Epoch 13/25

1/1 [==============================] - ETA: 0s - loss: 4.2956 - accuracy: 0.8125
1/1 [==============================] - 0s 5ms/step - loss: 4.2956 - accuracy: 0.8125
Epoch 14/25

1/1 [==============================] - ETA: 0s - loss: 4.2509 - accuracy: 0.8125
1/1 [==============================] - 0s 5ms/step - loss: 4.2509 - accuracy: 0.8125
Epoch 15/25

1/1 [==============================] - ETA: 0s - loss: 4.2043 - accuracy: 0.8750
1/1 [==============================] - 0s 6ms/step - loss: 4.2043 - accuracy: 0.8750
Epoch 16/25

1/1 [==============================] - ETA: 0s - loss: 4.1558 - accuracy: 0.8750
1/1 [==============================] - 0s 5ms/step - loss: 4.1558 - accuracy: 0.8750
Epoch 17/25

1/1 [==============================] - ETA: 0s - loss: 4.1052 - accuracy: 0.8750
1/1 [==============================] - 0s 6ms/step - loss: 4.1052 - accuracy: 0.8750
Epoch 18/25

1/1 [==============================] - ETA: 0s - loss: 4.0525 - accuracy: 0.9375
1/1 [==============================] - 0s 6ms/step - loss: 4.0525 - accuracy: 0.9375
Epoch 19/25

1/1 [==============================] - ETA: 0s - loss: 3.9975 - accuracy: 0.9375
1/1 [==============================] - 0s 7ms/step - loss: 3.9975 - accuracy: 0.9375
Epoch 20/25

1/1 [==============================] - ETA: 0s - loss: 3.9402 - accuracy: 0.9375
1/1 [==============================] - 0s 5ms/step - loss: 3.9402 - accuracy: 0.9375
Epoch 21/25

1/1 [==============================] - ETA: 0s - loss: 3.8805 - accuracy: 0.9375
1/1 [==============================] - 0s 6ms/step - loss: 3.8805 - accuracy: 0.9375
Epoch 22/25

1/1 [==============================] - ETA: 0s - loss: 3.8184 - accuracy: 0.9375
1/1 [==============================] - 0s 6ms/step - loss: 3.8184 - accuracy: 0.9375
Epoch 23/25

1/1 [==============================] - ETA: 0s - loss: 3.7538 - accuracy: 0.9375
1/1 [==============================] - 0s 6ms/step - loss: 3.7538 - accuracy: 0.9375
Epoch 24/25

1/1 [==============================] - ETA: 0s - loss: 3.6867 - accuracy: 0.9375
1/1 [==============================] - 0s 8ms/step - loss: 3.6867 - accuracy: 0.9375
Epoch 25/25

1/1 [==============================] - ETA: 0s - loss: 3.6171 - accuracy: 0.9375
1/1 [==============================] - 0s 6ms/step - loss: 3.6171 - accuracy: 0.9375
# node2vec
Epoch 1/25

1/1 [==============================] - ETA: 0s - loss: 4.7932 - accuracy: 0.0625
1/1 [==============================] - 0s 184ms/step - loss: 4.7932 - accuracy: 0.0625
Epoch 2/25

1/1 [==============================] - ETA: 0s - loss: 4.7575 - accuracy: 0.0625
1/1 [==============================] - 0s 2ms/step - loss: 4.7575 - accuracy: 0.0625
Epoch 3/25

1/1 [==============================] - ETA: 0s - loss: 4.7218 - accuracy: 0.0625
1/1 [==============================] - 0s 3ms/step - loss: 4.7218 - accuracy: 0.0625
Epoch 4/25

1/1 [==============================] - ETA: 0s - loss: 4.6861 - accuracy: 0.0625
1/1 [==============================] - 0s 4ms/step - loss: 4.6861 - accuracy: 0.0625
Epoch 5/25

1/1 [==============================] - ETA: 0s - loss: 4.6505 - accuracy: 0.1250
1/1 [==============================] - 0s 3ms/step - loss: 4.6505 - accuracy: 0.1250
Epoch 6/25

1/1 [==============================] - ETA: 0s - loss: 4.6150 - accuracy: 0.1250
1/1 [==============================] - 0s 3ms/step - loss: 4.6150 - accuracy: 0.1250
Epoch 7/25

1/1 [==============================] - ETA: 0s - loss: 4.5795 - accuracy: 0.1250
1/1 [==============================] - 0s 3ms/step - loss: 4.5795 - accuracy: 0.1250
Epoch 8/25

1/1 [==============================] - ETA: 0s - loss: 4.5440 - accuracy: 0.1250
1/1 [==============================] - 0s 4ms/step - loss: 4.5440 - accuracy: 0.1250
Epoch 9/25

1/1 [==============================] - ETA: 0s - loss: 4.5086 - accuracy: 0.1250
1/1 [==============================] - 0s 3ms/step - loss: 4.5086 - accuracy: 0.1250
Epoch 10/25

1/1 [==============================] - ETA: 0s - loss: 4.4732 - accuracy: 0.1250
1/1 [==============================] - 0s 3ms/step - loss: 4.4732 - accuracy: 0.1250
Epoch 11/25

1/1 [==============================] - ETA: 0s - loss: 4.4380 - accuracy: 0.1250
1/1 [==============================] - 0s 4ms/step - loss: 4.4380 - accuracy: 0.1250
Epoch 12/25

1/1 [==============================] - ETA: 0s - loss: 4.4027 - accuracy: 0.1250
1/1 [==============================] - 0s 3ms/step - loss: 4.4027 - accuracy: 0.1250
Epoch 13/25

1/1 [==============================] - ETA: 0s - loss: 4.3676 - accuracy: 0.1250
1/1 [==============================] - 0s 3ms/step - loss: 4.3676 - accuracy: 0.1250
Epoch 14/25

1/1 [==============================] - ETA: 0s - loss: 4.3325 - accuracy: 0.1250
1/1 [==============================] - 0s 4ms/step - loss: 4.3325 - accuracy: 0.1250
Epoch 15/25

1/1 [==============================] - ETA: 0s - loss: 4.2975 - accuracy: 0.1250
1/1 [==============================] - 0s 3ms/step - loss: 4.2975 - accuracy: 0.1250
Epoch 16/25

1/1 [==============================] - ETA: 0s - loss: 4.2625 - accuracy: 0.2500
1/1 [==============================] - 0s 3ms/step - loss: 4.2625 - accuracy: 0.2500
Epoch 17/25

1/1 [==============================] - ETA: 0s - loss: 4.2276 - accuracy: 0.3750
1/1 [==============================] - 0s 4ms/step - loss: 4.2276 - accuracy: 0.3750
Epoch 18/25

1/1 [==============================] - ETA: 0s - loss: 4.1928 - accuracy: 0.5000
1/1 [==============================] - 0s 3ms/step - loss: 4.1928 - accuracy: 0.5000
Epoch 19/25

1/1 [==============================] - ETA: 0s - loss: 4.1581 - accuracy: 0.5625
1/1 [==============================] - 0s 3ms/step - loss: 4.1581 - accuracy: 0.5625
Epoch 20/25

1/1 [==============================] - ETA: 0s - loss: 4.1235 - accuracy: 0.6250
1/1 [==============================] - 0s 3ms/step - loss: 4.1235 - accuracy: 0.6250
Epoch 21/25

1/1 [==============================] - ETA: 0s - loss: 4.0889 - accuracy: 0.6250
1/1 [==============================] - 0s 3ms/step - loss: 4.0889 - accuracy: 0.6250
Epoch 22/25

1/1 [==============================] - ETA: 0s - loss: 4.0545 - accuracy: 0.6250
1/1 [==============================] - 0s 4ms/step - loss: 4.0545 - accuracy: 0.6250
Epoch 23/25

1/1 [==============================] - ETA: 0s - loss: 4.0201 - accuracy: 0.6250
1/1 [==============================] - 0s 3ms/step - loss: 4.0201 - accuracy: 0.6250
Epoch 24/25

1/1 [==============================] - ETA: 0s - loss: 3.9858 - accuracy: 0.6250
1/1 [==============================] - 0s 3ms/step - loss: 3.9858 - accuracy: 0.6250
Epoch 25/25

1/1 [==============================] - ETA: 0s - loss: 3.9516 - accuracy: 0.6250
1/1 [==============================] - 0s 5ms/step - loss: 3.9516 - accuracy: 0.6250
# predict: steps=12
# predict: tnodeembed_metrics
# predict: node2vec_metrics
tnodeembed: {'auc': 0.7598134483857525, 'f1_micro': 0.0, 'f1_macro': 0.0} tNodeEmbed_final_loss=3.617097854614258 tNodeEmbed_final_accuracy=0.9375 
node2vec: {'auc': 0.6460119383227515, 'f1_micro': 0.0, 'f1_macro': 0.0} node2vec_final_loss=3.951629638671875 node2vec_final_accuracy=0.625 
