# load graph
Processing Static file: filename='CollegeMsg_20041001_nodes_9_edges_8_component_0.edges'
# initialize tNodeEmbed for dataset=COLLEGE_NC, test_size=0.2
# load dataset
# fit
# tNodeEmbed steps_per_epoch=1
Epoch 1/25

1/1 [==============================] - ETA: 0s - loss: 4.7559 - accuracy: 0.0000e+00
1/1 [==============================] - 1s 1s/step - loss: 4.7559 - accuracy: 0.0000e+00
Epoch 2/25

1/1 [==============================] - ETA: 0s - loss: 4.7219 - accuracy: 0.0000e+00
1/1 [==============================] - 0s 6ms/step - loss: 4.7219 - accuracy: 0.0000e+00
Epoch 3/25

1/1 [==============================] - ETA: 0s - loss: 4.6880 - accuracy: 0.1250
1/1 [==============================] - 0s 6ms/step - loss: 4.6880 - accuracy: 0.1250
Epoch 4/25

1/1 [==============================] - ETA: 0s - loss: 4.6540 - accuracy: 0.2500
1/1 [==============================] - 0s 5ms/step - loss: 4.6540 - accuracy: 0.2500
Epoch 5/25

1/1 [==============================] - ETA: 0s - loss: 4.6198 - accuracy: 0.4375
1/1 [==============================] - 0s 6ms/step - loss: 4.6198 - accuracy: 0.4375
Epoch 6/25

1/1 [==============================] - ETA: 0s - loss: 4.5852 - accuracy: 0.6250
1/1 [==============================] - 0s 5ms/step - loss: 4.5852 - accuracy: 0.6250
Epoch 7/25

1/1 [==============================] - ETA: 0s - loss: 4.5500 - accuracy: 0.7500
1/1 [==============================] - 0s 5ms/step - loss: 4.5500 - accuracy: 0.7500
Epoch 8/25

1/1 [==============================] - ETA: 0s - loss: 4.5141 - accuracy: 0.8750
1/1 [==============================] - 0s 5ms/step - loss: 4.5141 - accuracy: 0.8750
Epoch 9/25

1/1 [==============================] - ETA: 0s - loss: 4.4773 - accuracy: 0.8750
1/1 [==============================] - 0s 5ms/step - loss: 4.4773 - accuracy: 0.8750
Epoch 10/25

1/1 [==============================] - ETA: 0s - loss: 4.4395 - accuracy: 0.8750
1/1 [==============================] - 0s 6ms/step - loss: 4.4395 - accuracy: 0.8750
Epoch 11/25

1/1 [==============================] - ETA: 0s - loss: 4.4006 - accuracy: 0.8750
1/1 [==============================] - 0s 5ms/step - loss: 4.4006 - accuracy: 0.8750
Epoch 12/25

1/1 [==============================] - ETA: 0s - loss: 4.3603 - accuracy: 0.8750
1/1 [==============================] - 0s 5ms/step - loss: 4.3603 - accuracy: 0.8750
Epoch 13/25

1/1 [==============================] - ETA: 0s - loss: 4.3187 - accuracy: 0.8750
1/1 [==============================] - 0s 5ms/step - loss: 4.3187 - accuracy: 0.8750
Epoch 14/25

1/1 [==============================] - ETA: 0s - loss: 4.2755 - accuracy: 0.8750
1/1 [==============================] - 0s 5ms/step - loss: 4.2755 - accuracy: 0.8750
Epoch 15/25

1/1 [==============================] - ETA: 0s - loss: 4.2307 - accuracy: 0.8750
1/1 [==============================] - 0s 5ms/step - loss: 4.2307 - accuracy: 0.8750
Epoch 16/25

1/1 [==============================] - ETA: 0s - loss: 4.1841 - accuracy: 0.8750
1/1 [==============================] - 0s 6ms/step - loss: 4.1841 - accuracy: 0.8750
Epoch 17/25

1/1 [==============================] - ETA: 0s - loss: 4.1356 - accuracy: 0.8750
1/1 [==============================] - 0s 5ms/step - loss: 4.1356 - accuracy: 0.8750
Epoch 18/25

1/1 [==============================] - ETA: 0s - loss: 4.0851 - accuracy: 0.8750
1/1 [==============================] - 0s 6ms/step - loss: 4.0851 - accuracy: 0.8750
Epoch 19/25

1/1 [==============================] - ETA: 0s - loss: 4.0326 - accuracy: 0.8750
1/1 [==============================] - 0s 5ms/step - loss: 4.0326 - accuracy: 0.8750
Epoch 20/25

1/1 [==============================] - ETA: 0s - loss: 3.9779 - accuracy: 0.8750
1/1 [==============================] - 0s 5ms/step - loss: 3.9779 - accuracy: 0.8750
Epoch 21/25

1/1 [==============================] - ETA: 0s - loss: 3.9209 - accuracy: 0.8750
1/1 [==============================] - 0s 5ms/step - loss: 3.9209 - accuracy: 0.8750
Epoch 22/25

1/1 [==============================] - ETA: 0s - loss: 3.8616 - accuracy: 0.8750
1/1 [==============================] - 0s 5ms/step - loss: 3.8616 - accuracy: 0.8750
Epoch 23/25

1/1 [==============================] - ETA: 0s - loss: 3.8000 - accuracy: 0.8750
1/1 [==============================] - 0s 5ms/step - loss: 3.8000 - accuracy: 0.8750
Epoch 24/25

1/1 [==============================] - ETA: 0s - loss: 3.7359 - accuracy: 0.8750
1/1 [==============================] - 0s 5ms/step - loss: 3.7359 - accuracy: 0.8750
Epoch 25/25

1/1 [==============================] - ETA: 0s - loss: 3.6693 - accuracy: 0.8750
1/1 [==============================] - 0s 6ms/step - loss: 3.6693 - accuracy: 0.8750
# node2vec
Epoch 1/25

1/1 [==============================] - ETA: 0s - loss: 4.9152 - accuracy: 0.0000e+00
1/1 [==============================] - 0s 201ms/step - loss: 4.9152 - accuracy: 0.0000e+00
Epoch 2/25

1/1 [==============================] - ETA: 0s - loss: 4.8769 - accuracy: 0.0000e+00
1/1 [==============================] - 0s 3ms/step - loss: 4.8769 - accuracy: 0.0000e+00
Epoch 3/25

1/1 [==============================] - ETA: 0s - loss: 4.8385 - accuracy: 0.0000e+00
1/1 [==============================] - 0s 3ms/step - loss: 4.8385 - accuracy: 0.0000e+00
Epoch 4/25

1/1 [==============================] - ETA: 0s - loss: 4.8002 - accuracy: 0.0000e+00
1/1 [==============================] - 0s 3ms/step - loss: 4.8002 - accuracy: 0.0000e+00
Epoch 5/25

1/1 [==============================] - ETA: 0s - loss: 4.7619 - accuracy: 0.0000e+00
1/1 [==============================] - 0s 3ms/step - loss: 4.7619 - accuracy: 0.0000e+00
Epoch 6/25

1/1 [==============================] - ETA: 0s - loss: 4.7237 - accuracy: 0.0000e+00
1/1 [==============================] - 0s 3ms/step - loss: 4.7237 - accuracy: 0.0000e+00
Epoch 7/25

1/1 [==============================] - ETA: 0s - loss: 4.6855 - accuracy: 0.0000e+00
1/1 [==============================] - 0s 3ms/step - loss: 4.6855 - accuracy: 0.0000e+00
Epoch 8/25

1/1 [==============================] - ETA: 0s - loss: 4.6474 - accuracy: 0.0000e+00
1/1 [==============================] - 0s 3ms/step - loss: 4.6474 - accuracy: 0.0000e+00
Epoch 9/25

1/1 [==============================] - ETA: 0s - loss: 4.6094 - accuracy: 0.0000e+00
1/1 [==============================] - 0s 3ms/step - loss: 4.6094 - accuracy: 0.0000e+00
Epoch 10/25

1/1 [==============================] - ETA: 0s - loss: 4.5714 - accuracy: 0.0000e+00
1/1 [==============================] - 0s 3ms/step - loss: 4.5714 - accuracy: 0.0000e+00
Epoch 11/25

1/1 [==============================] - ETA: 0s - loss: 4.5334 - accuracy: 0.0000e+00
1/1 [==============================] - 0s 3ms/step - loss: 4.5334 - accuracy: 0.0000e+00
Epoch 12/25

1/1 [==============================] - ETA: 0s - loss: 4.4955 - accuracy: 0.0625
1/1 [==============================] - 0s 4ms/step - loss: 4.4955 - accuracy: 0.0625
Epoch 13/25

1/1 [==============================] - ETA: 0s - loss: 4.4577 - accuracy: 0.0625
1/1 [==============================] - 0s 3ms/step - loss: 4.4577 - accuracy: 0.0625
Epoch 14/25

1/1 [==============================] - ETA: 0s - loss: 4.4199 - accuracy: 0.0625
1/1 [==============================] - 0s 3ms/step - loss: 4.4199 - accuracy: 0.0625
Epoch 15/25

1/1 [==============================] - ETA: 0s - loss: 4.3823 - accuracy: 0.0625
1/1 [==============================] - 0s 3ms/step - loss: 4.3823 - accuracy: 0.0625
Epoch 16/25

1/1 [==============================] - ETA: 0s - loss: 4.3446 - accuracy: 0.0625
1/1 [==============================] - 0s 4ms/step - loss: 4.3446 - accuracy: 0.0625
Epoch 17/25

1/1 [==============================] - ETA: 0s - loss: 4.3071 - accuracy: 0.1250
1/1 [==============================] - 0s 4ms/step - loss: 4.3071 - accuracy: 0.1250
Epoch 18/25

1/1 [==============================] - ETA: 0s - loss: 4.2696 - accuracy: 0.1250
1/1 [==============================] - 0s 5ms/step - loss: 4.2696 - accuracy: 0.1250
Epoch 19/25

1/1 [==============================] - ETA: 0s - loss: 4.2322 - accuracy: 0.1250
1/1 [==============================] - 0s 4ms/step - loss: 4.2322 - accuracy: 0.1250
Epoch 20/25

1/1 [==============================] - ETA: 0s - loss: 4.1949 - accuracy: 0.1250
1/1 [==============================] - 0s 4ms/step - loss: 4.1949 - accuracy: 0.1250
Epoch 21/25

1/1 [==============================] - ETA: 0s - loss: 4.1576 - accuracy: 0.1250
1/1 [==============================] - 0s 5ms/step - loss: 4.1576 - accuracy: 0.1250
Epoch 22/25

1/1 [==============================] - ETA: 0s - loss: 4.1204 - accuracy: 0.1250
1/1 [==============================] - 0s 4ms/step - loss: 4.1204 - accuracy: 0.1250
Epoch 23/25

1/1 [==============================] - ETA: 0s - loss: 4.0834 - accuracy: 0.1250
1/1 [==============================] - 0s 6ms/step - loss: 4.0834 - accuracy: 0.1250
Epoch 24/25

1/1 [==============================] - ETA: 0s - loss: 4.0464 - accuracy: 0.1875
1/1 [==============================] - 0s 6ms/step - loss: 4.0464 - accuracy: 0.1875
Epoch 25/25

1/1 [==============================] - ETA: 0s - loss: 4.0094 - accuracy: 0.3125
1/1 [==============================] - 0s 5ms/step - loss: 4.0094 - accuracy: 0.3125
# predict: steps=12
# predict: tnodeembed_metrics
# predict: node2vec_metrics
tnodeembed: {'auc': 0.7139562853921015, 'f1_micro': 0.0, 'f1_macro': 0.0} tNodeEmbed_final_loss=3.6693243980407715 tNodeEmbed_final_accuracy=0.875 
node2vec: {'auc': 0.6435842852940455, 'f1_micro': 0.0, 'f1_macro': 0.0} node2vec_final_loss=4.009448051452637 node2vec_final_accuracy=0.3125 
