# load graph
Processing Static file: filename='CollegeMsg_20040726_nodes_40_edges_39_component_0.edges'
# initialize tNodeEmbed for dataset=COLLEGE_NC, test_size=0.2
# load dataset
# fit
# tNodeEmbed steps_per_epoch=1
Epoch 1/25

1/1 [==============================] - ETA: 0s - loss: 4.7393 - accuracy: 0.0000e+00
1/1 [==============================] - 2s 2s/step - loss: 4.7393 - accuracy: 0.0000e+00
Epoch 2/25

1/1 [==============================] - ETA: 0s - loss: 4.7080 - accuracy: 0.1250
1/1 [==============================] - 0s 7ms/step - loss: 4.7080 - accuracy: 0.1250
Epoch 3/25

1/1 [==============================] - ETA: 0s - loss: 4.6766 - accuracy: 0.2500
1/1 [==============================] - 0s 7ms/step - loss: 4.6766 - accuracy: 0.2500
Epoch 4/25

1/1 [==============================] - ETA: 0s - loss: 4.6450 - accuracy: 0.5000
1/1 [==============================] - 0s 6ms/step - loss: 4.6450 - accuracy: 0.5000
Epoch 5/25

1/1 [==============================] - ETA: 0s - loss: 4.6130 - accuracy: 0.6250
1/1 [==============================] - 0s 7ms/step - loss: 4.6130 - accuracy: 0.6250
Epoch 6/25

1/1 [==============================] - ETA: 0s - loss: 4.5805 - accuracy: 0.6875
1/1 [==============================] - 0s 7ms/step - loss: 4.5805 - accuracy: 0.6875
Epoch 7/25

1/1 [==============================] - ETA: 0s - loss: 4.5473 - accuracy: 0.8125
1/1 [==============================] - 0s 6ms/step - loss: 4.5473 - accuracy: 0.8125
Epoch 8/25

1/1 [==============================] - ETA: 0s - loss: 4.5133 - accuracy: 0.9375
1/1 [==============================] - 0s 6ms/step - loss: 4.5133 - accuracy: 0.9375
Epoch 9/25

1/1 [==============================] - ETA: 0s - loss: 4.4784 - accuracy: 1.0000
1/1 [==============================] - 0s 6ms/step - loss: 4.4784 - accuracy: 1.0000
Epoch 10/25

1/1 [==============================] - ETA: 0s - loss: 4.4424 - accuracy: 1.0000
1/1 [==============================] - 0s 6ms/step - loss: 4.4424 - accuracy: 1.0000
Epoch 11/25

1/1 [==============================] - ETA: 0s - loss: 4.4051 - accuracy: 1.0000
1/1 [==============================] - 0s 6ms/step - loss: 4.4051 - accuracy: 1.0000
Epoch 12/25

1/1 [==============================] - ETA: 0s - loss: 4.3665 - accuracy: 1.0000
1/1 [==============================] - 0s 6ms/step - loss: 4.3665 - accuracy: 1.0000
Epoch 13/25

1/1 [==============================] - ETA: 0s - loss: 4.3264 - accuracy: 1.0000
1/1 [==============================] - 0s 6ms/step - loss: 4.3264 - accuracy: 1.0000
Epoch 14/25

1/1 [==============================] - ETA: 0s - loss: 4.2847 - accuracy: 1.0000
1/1 [==============================] - 0s 6ms/step - loss: 4.2847 - accuracy: 1.0000
Epoch 15/25

1/1 [==============================] - ETA: 0s - loss: 4.2413 - accuracy: 1.0000
1/1 [==============================] - 0s 6ms/step - loss: 4.2413 - accuracy: 1.0000
Epoch 16/25

1/1 [==============================] - ETA: 0s - loss: 4.1962 - accuracy: 1.0000
1/1 [==============================] - 0s 6ms/step - loss: 4.1962 - accuracy: 1.0000
Epoch 17/25

1/1 [==============================] - ETA: 0s - loss: 4.1492 - accuracy: 1.0000
1/1 [==============================] - 0s 6ms/step - loss: 4.1492 - accuracy: 1.0000
Epoch 18/25

1/1 [==============================] - ETA: 0s - loss: 4.1002 - accuracy: 1.0000
1/1 [==============================] - 0s 6ms/step - loss: 4.1002 - accuracy: 1.0000
Epoch 19/25

1/1 [==============================] - ETA: 0s - loss: 4.0491 - accuracy: 1.0000
1/1 [==============================] - 0s 6ms/step - loss: 4.0491 - accuracy: 1.0000
Epoch 20/25

1/1 [==============================] - ETA: 0s - loss: 3.9960 - accuracy: 1.0000
1/1 [==============================] - 0s 6ms/step - loss: 3.9960 - accuracy: 1.0000
Epoch 21/25

1/1 [==============================] - ETA: 0s - loss: 3.9407 - accuracy: 1.0000
1/1 [==============================] - 0s 7ms/step - loss: 3.9407 - accuracy: 1.0000
Epoch 22/25

1/1 [==============================] - ETA: 0s - loss: 3.8832 - accuracy: 1.0000
1/1 [==============================] - 0s 6ms/step - loss: 3.8832 - accuracy: 1.0000
Epoch 23/25

1/1 [==============================] - ETA: 0s - loss: 3.8234 - accuracy: 1.0000
1/1 [==============================] - 0s 6ms/step - loss: 3.8234 - accuracy: 1.0000
Epoch 24/25

1/1 [==============================] - ETA: 0s - loss: 3.7614 - accuracy: 1.0000
1/1 [==============================] - 0s 5ms/step - loss: 3.7614 - accuracy: 1.0000
Epoch 25/25

1/1 [==============================] - ETA: 0s - loss: 3.6971 - accuracy: 1.0000
1/1 [==============================] - 0s 7ms/step - loss: 3.6971 - accuracy: 1.0000
# node2vec
Epoch 1/25

1/1 [==============================] - ETA: 0s - loss: 4.7443 - accuracy: 0.0625
1/1 [==============================] - 0s 367ms/step - loss: 4.7443 - accuracy: 0.0625
Epoch 2/25

1/1 [==============================] - ETA: 0s - loss: 4.7106 - accuracy: 0.0625
1/1 [==============================] - 0s 5ms/step - loss: 4.7106 - accuracy: 0.0625
Epoch 3/25

1/1 [==============================] - ETA: 0s - loss: 4.6771 - accuracy: 0.1875
1/1 [==============================] - 0s 4ms/step - loss: 4.6771 - accuracy: 0.1875
Epoch 4/25

1/1 [==============================] - ETA: 0s - loss: 4.6435 - accuracy: 0.1875
1/1 [==============================] - 0s 5ms/step - loss: 4.6435 - accuracy: 0.1875
Epoch 5/25

1/1 [==============================] - ETA: 0s - loss: 4.6100 - accuracy: 0.1875
1/1 [==============================] - 0s 4ms/step - loss: 4.6100 - accuracy: 0.1875
Epoch 6/25

1/1 [==============================] - ETA: 0s - loss: 4.5766 - accuracy: 0.1875
1/1 [==============================] - 0s 5ms/step - loss: 4.5766 - accuracy: 0.1875
Epoch 7/25

1/1 [==============================] - ETA: 0s - loss: 4.5432 - accuracy: 0.1875
1/1 [==============================] - 0s 6ms/step - loss: 4.5432 - accuracy: 0.1875
Epoch 8/25

1/1 [==============================] - ETA: 0s - loss: 4.5098 - accuracy: 0.1875
1/1 [==============================] - 0s 5ms/step - loss: 4.5098 - accuracy: 0.1875
Epoch 9/25

1/1 [==============================] - ETA: 0s - loss: 4.4765 - accuracy: 0.1875
1/1 [==============================] - 0s 4ms/step - loss: 4.4765 - accuracy: 0.1875
Epoch 10/25

1/1 [==============================] - ETA: 0s - loss: 4.4433 - accuracy: 0.1875
1/1 [==============================] - 0s 5ms/step - loss: 4.4433 - accuracy: 0.1875
Epoch 11/25

1/1 [==============================] - ETA: 0s - loss: 4.4101 - accuracy: 0.1875
1/1 [==============================] - 0s 4ms/step - loss: 4.4101 - accuracy: 0.1875
Epoch 12/25

1/1 [==============================] - ETA: 0s - loss: 4.3770 - accuracy: 0.3750
1/1 [==============================] - 0s 4ms/step - loss: 4.3770 - accuracy: 0.3750
Epoch 13/25

1/1 [==============================] - ETA: 0s - loss: 4.3440 - accuracy: 0.3750
1/1 [==============================] - 0s 5ms/step - loss: 4.3440 - accuracy: 0.3750
Epoch 14/25

1/1 [==============================] - ETA: 0s - loss: 4.3110 - accuracy: 0.3750
1/1 [==============================] - 0s 4ms/step - loss: 4.3110 - accuracy: 0.3750
Epoch 15/25

1/1 [==============================] - ETA: 0s - loss: 4.2781 - accuracy: 0.3750
1/1 [==============================] - 0s 5ms/step - loss: 4.2781 - accuracy: 0.3750
Epoch 16/25

1/1 [==============================] - ETA: 0s - loss: 4.2452 - accuracy: 0.3750
1/1 [==============================] - 0s 5ms/step - loss: 4.2452 - accuracy: 0.3750
Epoch 17/25

1/1 [==============================] - ETA: 0s - loss: 4.2125 - accuracy: 0.4375
1/1 [==============================] - 0s 5ms/step - loss: 4.2125 - accuracy: 0.4375
Epoch 18/25

1/1 [==============================] - ETA: 0s - loss: 4.1798 - accuracy: 0.4375
1/1 [==============================] - 0s 5ms/step - loss: 4.1798 - accuracy: 0.4375
Epoch 19/25

1/1 [==============================] - ETA: 0s - loss: 4.1471 - accuracy: 0.4375
1/1 [==============================] - 0s 4ms/step - loss: 4.1471 - accuracy: 0.4375
Epoch 20/25

1/1 [==============================] - ETA: 0s - loss: 4.1146 - accuracy: 0.4375
1/1 [==============================] - 0s 5ms/step - loss: 4.1146 - accuracy: 0.4375
Epoch 21/25

1/1 [==============================] - ETA: 0s - loss: 4.0822 - accuracy: 0.4375
1/1 [==============================] - 0s 5ms/step - loss: 4.0822 - accuracy: 0.4375
Epoch 22/25

1/1 [==============================] - ETA: 0s - loss: 4.0498 - accuracy: 0.4375
1/1 [==============================] - 0s 5ms/step - loss: 4.0498 - accuracy: 0.4375
Epoch 23/25

1/1 [==============================] - ETA: 0s - loss: 4.0175 - accuracy: 0.4375
1/1 [==============================] - 0s 4ms/step - loss: 4.0175 - accuracy: 0.4375
Epoch 24/25

1/1 [==============================] - ETA: 0s - loss: 3.9853 - accuracy: 0.4375
1/1 [==============================] - 0s 5ms/step - loss: 3.9853 - accuracy: 0.4375
Epoch 25/25

1/1 [==============================] - ETA: 0s - loss: 3.9532 - accuracy: 0.4375
1/1 [==============================] - 0s 5ms/step - loss: 3.9532 - accuracy: 0.4375
# predict: steps=12
# predict: tnodeembed_metrics
# predict: node2vec_metrics
tnodeembed: {'auc': 0.7675499779373913, 'f1_micro': 0.0, 'f1_macro': 0.0} tNodeEmbed_final_loss=3.6971352100372314 tNodeEmbed_final_accuracy=1.0 
node2vec: {'auc': 0.6758514022013581, 'f1_micro': 0.0, 'f1_macro': 0.0} node2vec_final_loss=3.9531939029693604 node2vec_final_accuracy=0.4375 
