# load graph
Processing Static file: filename='CollegeMsg_20040416_nodes_2_edges_1_component_0.edges'
# initialize tNodeEmbed for dataset=COLLEGE_NC, test_size=0.2
# load dataset
# fit
# tNodeEmbed steps_per_epoch=1
Epoch 1/25

1/1 [==============================] - ETA: 0s - loss: 4.7362 - accuracy: 0.1250
1/1 [==============================] - 1s 1s/step - loss: 4.7362 - accuracy: 0.1250
Epoch 2/25

1/1 [==============================] - ETA: 0s - loss: 4.7335 - accuracy: 0.3125
1/1 [==============================] - 0s 4ms/step - loss: 4.7335 - accuracy: 0.3125
Epoch 3/25

1/1 [==============================] - ETA: 0s - loss: 4.7307 - accuracy: 0.3125
1/1 [==============================] - 0s 6ms/step - loss: 4.7307 - accuracy: 0.3125
Epoch 4/25

1/1 [==============================] - ETA: 0s - loss: 4.7278 - accuracy: 0.3125
1/1 [==============================] - 0s 4ms/step - loss: 4.7278 - accuracy: 0.3125
Epoch 5/25

1/1 [==============================] - ETA: 0s - loss: 4.7249 - accuracy: 0.3125
1/1 [==============================] - 0s 5ms/step - loss: 4.7249 - accuracy: 0.3125
Epoch 6/25

1/1 [==============================] - ETA: 0s - loss: 4.7218 - accuracy: 0.3125
1/1 [==============================] - 0s 4ms/step - loss: 4.7218 - accuracy: 0.3125
Epoch 7/25

1/1 [==============================] - ETA: 0s - loss: 4.7186 - accuracy: 0.3125
1/1 [==============================] - 0s 4ms/step - loss: 4.7186 - accuracy: 0.3125
Epoch 8/25

1/1 [==============================] - ETA: 0s - loss: 4.7153 - accuracy: 0.3125
1/1 [==============================] - 0s 4ms/step - loss: 4.7153 - accuracy: 0.3125
Epoch 9/25

1/1 [==============================] - ETA: 0s - loss: 4.7119 - accuracy: 0.3125
1/1 [==============================] - 0s 4ms/step - loss: 4.7119 - accuracy: 0.3125
Epoch 10/25

1/1 [==============================] - ETA: 0s - loss: 4.7083 - accuracy: 0.3125
1/1 [==============================] - 0s 4ms/step - loss: 4.7083 - accuracy: 0.3125
Epoch 11/25

1/1 [==============================] - ETA: 0s - loss: 4.7047 - accuracy: 0.3125
1/1 [==============================] - 0s 3ms/step - loss: 4.7047 - accuracy: 0.3125
Epoch 12/25

1/1 [==============================] - ETA: 0s - loss: 4.7008 - accuracy: 0.3125
1/1 [==============================] - 0s 4ms/step - loss: 4.7008 - accuracy: 0.3125
Epoch 13/25

1/1 [==============================] - ETA: 0s - loss: 4.6969 - accuracy: 0.3125
1/1 [==============================] - 0s 4ms/step - loss: 4.6969 - accuracy: 0.3125
Epoch 14/25

1/1 [==============================] - ETA: 0s - loss: 4.6927 - accuracy: 0.3125
1/1 [==============================] - 0s 4ms/step - loss: 4.6927 - accuracy: 0.3125
Epoch 15/25

1/1 [==============================] - ETA: 0s - loss: 4.6885 - accuracy: 0.3125
1/1 [==============================] - 0s 3ms/step - loss: 4.6885 - accuracy: 0.3125
Epoch 16/25

1/1 [==============================] - ETA: 0s - loss: 4.6841 - accuracy: 0.3125
1/1 [==============================] - 0s 4ms/step - loss: 4.6841 - accuracy: 0.3125
Epoch 17/25

1/1 [==============================] - ETA: 0s - loss: 4.6795 - accuracy: 0.3125
1/1 [==============================] - 0s 4ms/step - loss: 4.6795 - accuracy: 0.3125
Epoch 18/25

1/1 [==============================] - ETA: 0s - loss: 4.6747 - accuracy: 0.3125
1/1 [==============================] - 0s 4ms/step - loss: 4.6747 - accuracy: 0.3125
Epoch 19/25

1/1 [==============================] - ETA: 0s - loss: 4.6698 - accuracy: 0.3125
1/1 [==============================] - 0s 4ms/step - loss: 4.6698 - accuracy: 0.3125
Epoch 20/25

1/1 [==============================] - ETA: 0s - loss: 4.6647 - accuracy: 0.3125
1/1 [==============================] - 0s 5ms/step - loss: 4.6647 - accuracy: 0.3125
Epoch 21/25

1/1 [==============================] - ETA: 0s - loss: 4.6594 - accuracy: 0.3125
1/1 [==============================] - 0s 5ms/step - loss: 4.6594 - accuracy: 0.3125
Epoch 22/25

1/1 [==============================] - ETA: 0s - loss: 4.6539 - accuracy: 0.3125
1/1 [==============================] - 0s 5ms/step - loss: 4.6539 - accuracy: 0.3125
Epoch 23/25

1/1 [==============================] - ETA: 0s - loss: 4.6482 - accuracy: 0.3125
1/1 [==============================] - 0s 4ms/step - loss: 4.6482 - accuracy: 0.3125
Epoch 24/25

1/1 [==============================] - ETA: 0s - loss: 4.6424 - accuracy: 0.3125
1/1 [==============================] - 0s 4ms/step - loss: 4.6424 - accuracy: 0.3125
Epoch 25/25

1/1 [==============================] - ETA: 0s - loss: 4.6363 - accuracy: 0.3125
1/1 [==============================] - 0s 4ms/step - loss: 4.6363 - accuracy: 0.3125
# node2vec
Epoch 1/25

1/1 [==============================] - ETA: 0s - loss: 4.7362 - accuracy: 0.1250
1/1 [==============================] - 0s 192ms/step - loss: 4.7362 - accuracy: 0.1250
Epoch 2/25

1/1 [==============================] - ETA: 0s - loss: 4.7344 - accuracy: 0.1250
1/1 [==============================] - 0s 2ms/step - loss: 4.7344 - accuracy: 0.1250
Epoch 3/25

1/1 [==============================] - ETA: 0s - loss: 4.7326 - accuracy: 0.3125
1/1 [==============================] - 0s 3ms/step - loss: 4.7326 - accuracy: 0.3125
Epoch 4/25

1/1 [==============================] - ETA: 0s - loss: 4.7308 - accuracy: 0.3125
1/1 [==============================] - 0s 5ms/step - loss: 4.7308 - accuracy: 0.3125
Epoch 5/25

1/1 [==============================] - ETA: 0s - loss: 4.7290 - accuracy: 0.3125
1/1 [==============================] - 0s 3ms/step - loss: 4.7290 - accuracy: 0.3125
Epoch 6/25

1/1 [==============================] - ETA: 0s - loss: 4.7272 - accuracy: 0.3125
1/1 [==============================] - 0s 3ms/step - loss: 4.7272 - accuracy: 0.3125
Epoch 7/25

1/1 [==============================] - ETA: 0s - loss: 4.7254 - accuracy: 0.3125
1/1 [==============================] - 0s 4ms/step - loss: 4.7254 - accuracy: 0.3125
Epoch 8/25

1/1 [==============================] - ETA: 0s - loss: 4.7236 - accuracy: 0.3125
1/1 [==============================] - 0s 4ms/step - loss: 4.7236 - accuracy: 0.3125
Epoch 9/25

1/1 [==============================] - ETA: 0s - loss: 4.7218 - accuracy: 0.3125
1/1 [==============================] - 0s 3ms/step - loss: 4.7218 - accuracy: 0.3125
Epoch 10/25

1/1 [==============================] - ETA: 0s - loss: 4.7200 - accuracy: 0.3125
1/1 [==============================] - 0s 4ms/step - loss: 4.7200 - accuracy: 0.3125
Epoch 11/25

1/1 [==============================] - ETA: 0s - loss: 4.7181 - accuracy: 0.3125
1/1 [==============================] - 0s 4ms/step - loss: 4.7181 - accuracy: 0.3125
Epoch 12/25

1/1 [==============================] - ETA: 0s - loss: 4.7163 - accuracy: 0.3125
1/1 [==============================] - 0s 4ms/step - loss: 4.7163 - accuracy: 0.3125
Epoch 13/25

1/1 [==============================] - ETA: 0s - loss: 4.7145 - accuracy: 0.3125
1/1 [==============================] - 0s 4ms/step - loss: 4.7145 - accuracy: 0.3125
Epoch 14/25

1/1 [==============================] - ETA: 0s - loss: 4.7127 - accuracy: 0.3125
1/1 [==============================] - 0s 4ms/step - loss: 4.7127 - accuracy: 0.3125
Epoch 15/25

1/1 [==============================] - ETA: 0s - loss: 4.7109 - accuracy: 0.3125
1/1 [==============================] - 0s 3ms/step - loss: 4.7109 - accuracy: 0.3125
Epoch 16/25

1/1 [==============================] - ETA: 0s - loss: 4.7091 - accuracy: 0.3125
1/1 [==============================] - 0s 3ms/step - loss: 4.7091 - accuracy: 0.3125
Epoch 17/25

1/1 [==============================] - ETA: 0s - loss: 4.7073 - accuracy: 0.3125
1/1 [==============================] - 0s 3ms/step - loss: 4.7073 - accuracy: 0.3125
Epoch 18/25

1/1 [==============================] - ETA: 0s - loss: 4.7055 - accuracy: 0.3125
1/1 [==============================] - 0s 3ms/step - loss: 4.7055 - accuracy: 0.3125
Epoch 19/25

1/1 [==============================] - ETA: 0s - loss: 4.7037 - accuracy: 0.3125
1/1 [==============================] - 0s 4ms/step - loss: 4.7037 - accuracy: 0.3125
Epoch 20/25

1/1 [==============================] - ETA: 0s - loss: 4.7019 - accuracy: 0.3125
1/1 [==============================] - 0s 4ms/step - loss: 4.7019 - accuracy: 0.3125
Epoch 21/25

1/1 [==============================] - ETA: 0s - loss: 4.7001 - accuracy: 0.3125
1/1 [==============================] - 0s 4ms/step - loss: 4.7001 - accuracy: 0.3125
Epoch 22/25

1/1 [==============================] - ETA: 0s - loss: 4.6983 - accuracy: 0.3125
1/1 [==============================] - 0s 3ms/step - loss: 4.6983 - accuracy: 0.3125
Epoch 23/25

1/1 [==============================] - ETA: 0s - loss: 4.6965 - accuracy: 0.3125
1/1 [==============================] - 0s 3ms/step - loss: 4.6965 - accuracy: 0.3125
Epoch 24/25

1/1 [==============================] - ETA: 0s - loss: 4.6947 - accuracy: 0.3125
1/1 [==============================] - 0s 3ms/step - loss: 4.6947 - accuracy: 0.3125
Epoch 25/25

1/1 [==============================] - ETA: 0s - loss: 4.6929 - accuracy: 0.3125
1/1 [==============================] - 0s 3ms/step - loss: 4.6929 - accuracy: 0.3125
# predict: steps=12
# predict: tnodeembed_metrics
# predict: node2vec_metrics
tnodeembed: {'auc': 0.6946718799794083, 'f1_micro': 0.0, 'f1_macro': 0.0} tNodeEmbed_final_loss=4.636292934417725 tNodeEmbed_final_accuracy=0.3125 
node2vec: {'auc': 0.7039124359571495, 'f1_micro': 0.0, 'f1_macro': 0.0} node2vec_final_loss=4.692949295043945 node2vec_final_accuracy=0.3125 
