# load graph
Processing Static file: filename='CollegeMsg_20040910_nodes_12_edges_11_component_0.edges'
# initialize tNodeEmbed for dataset=COLLEGE_NC, test_size=0.2
# load dataset
# fit
# tNodeEmbed steps_per_epoch=1
Epoch 1/25

1/1 [==============================] - ETA: 0s - loss: 4.7425 - accuracy: 0.0625
1/1 [==============================] - 1s 1s/step - loss: 4.7425 - accuracy: 0.0625
Epoch 2/25

1/1 [==============================] - ETA: 0s - loss: 4.7102 - accuracy: 0.1250
1/1 [==============================] - 0s 6ms/step - loss: 4.7102 - accuracy: 0.1250
Epoch 3/25

1/1 [==============================] - ETA: 0s - loss: 4.6778 - accuracy: 0.1250
1/1 [==============================] - 0s 5ms/step - loss: 4.6778 - accuracy: 0.1250
Epoch 4/25

1/1 [==============================] - ETA: 0s - loss: 4.6454 - accuracy: 0.2500
1/1 [==============================] - 0s 6ms/step - loss: 4.6454 - accuracy: 0.2500
Epoch 5/25

1/1 [==============================] - ETA: 0s - loss: 4.6128 - accuracy: 0.5625
1/1 [==============================] - 0s 5ms/step - loss: 4.6128 - accuracy: 0.5625
Epoch 6/25

1/1 [==============================] - ETA: 0s - loss: 4.5798 - accuracy: 0.8125
1/1 [==============================] - 0s 6ms/step - loss: 4.5798 - accuracy: 0.8125
Epoch 7/25

1/1 [==============================] - ETA: 0s - loss: 4.5463 - accuracy: 0.8750
1/1 [==============================] - 0s 5ms/step - loss: 4.5463 - accuracy: 0.8750
Epoch 8/25

1/1 [==============================] - ETA: 0s - loss: 4.5122 - accuracy: 0.9375
1/1 [==============================] - 0s 6ms/step - loss: 4.5122 - accuracy: 0.9375
Epoch 9/25

1/1 [==============================] - ETA: 0s - loss: 4.4774 - accuracy: 0.9375
1/1 [==============================] - 0s 6ms/step - loss: 4.4774 - accuracy: 0.9375
Epoch 10/25

1/1 [==============================] - ETA: 0s - loss: 4.4416 - accuracy: 0.9375
1/1 [==============================] - 0s 6ms/step - loss: 4.4416 - accuracy: 0.9375
Epoch 11/25

1/1 [==============================] - ETA: 0s - loss: 4.4049 - accuracy: 0.9375
1/1 [==============================] - 0s 6ms/step - loss: 4.4049 - accuracy: 0.9375
Epoch 12/25

1/1 [==============================] - ETA: 0s - loss: 4.3670 - accuracy: 1.0000
1/1 [==============================] - 0s 6ms/step - loss: 4.3670 - accuracy: 1.0000
Epoch 13/25

1/1 [==============================] - ETA: 0s - loss: 4.3278 - accuracy: 1.0000
1/1 [==============================] - 0s 6ms/step - loss: 4.3278 - accuracy: 1.0000
Epoch 14/25

1/1 [==============================] - ETA: 0s - loss: 4.2873 - accuracy: 1.0000
1/1 [==============================] - 0s 5ms/step - loss: 4.2873 - accuracy: 1.0000
Epoch 15/25

1/1 [==============================] - ETA: 0s - loss: 4.2453 - accuracy: 1.0000
1/1 [==============================] - 0s 5ms/step - loss: 4.2453 - accuracy: 1.0000
Epoch 16/25

1/1 [==============================] - ETA: 0s - loss: 4.2017 - accuracy: 1.0000
1/1 [==============================] - 0s 7ms/step - loss: 4.2017 - accuracy: 1.0000
Epoch 17/25

1/1 [==============================] - ETA: 0s - loss: 4.1565 - accuracy: 1.0000
1/1 [==============================] - 0s 5ms/step - loss: 4.1565 - accuracy: 1.0000
Epoch 18/25

1/1 [==============================] - ETA: 0s - loss: 4.1095 - accuracy: 1.0000
1/1 [==============================] - 0s 6ms/step - loss: 4.1095 - accuracy: 1.0000
Epoch 19/25

1/1 [==============================] - ETA: 0s - loss: 4.0606 - accuracy: 1.0000
1/1 [==============================] - 0s 5ms/step - loss: 4.0606 - accuracy: 1.0000
Epoch 20/25

1/1 [==============================] - ETA: 0s - loss: 4.0098 - accuracy: 1.0000
1/1 [==============================] - 0s 5ms/step - loss: 4.0098 - accuracy: 1.0000
Epoch 21/25

1/1 [==============================] - ETA: 0s - loss: 3.9570 - accuracy: 1.0000
1/1 [==============================] - 0s 5ms/step - loss: 3.9570 - accuracy: 1.0000
Epoch 22/25

1/1 [==============================] - ETA: 0s - loss: 3.9022 - accuracy: 1.0000
1/1 [==============================] - 0s 6ms/step - loss: 3.9022 - accuracy: 1.0000
Epoch 23/25

1/1 [==============================] - ETA: 0s - loss: 3.8452 - accuracy: 1.0000
1/1 [==============================] - 0s 5ms/step - loss: 3.8452 - accuracy: 1.0000
Epoch 24/25

1/1 [==============================] - ETA: 0s - loss: 3.7860 - accuracy: 1.0000
1/1 [==============================] - 0s 5ms/step - loss: 3.7860 - accuracy: 1.0000
Epoch 25/25

1/1 [==============================] - ETA: 0s - loss: 3.7246 - accuracy: 1.0000
1/1 [==============================] - 0s 5ms/step - loss: 3.7246 - accuracy: 1.0000
# node2vec
Epoch 1/25

1/1 [==============================] - ETA: 0s - loss: 4.8121 - accuracy: 0.0625
1/1 [==============================] - 0s 194ms/step - loss: 4.8121 - accuracy: 0.0625
Epoch 2/25

1/1 [==============================] - ETA: 0s - loss: 4.7771 - accuracy: 0.0625
1/1 [==============================] - 0s 2ms/step - loss: 4.7771 - accuracy: 0.0625
Epoch 3/25

1/1 [==============================] - ETA: 0s - loss: 4.7422 - accuracy: 0.0625
1/1 [==============================] - 0s 3ms/step - loss: 4.7422 - accuracy: 0.0625
Epoch 4/25

1/1 [==============================] - ETA: 0s - loss: 4.7072 - accuracy: 0.0625
1/1 [==============================] - 0s 5ms/step - loss: 4.7072 - accuracy: 0.0625
Epoch 5/25

1/1 [==============================] - ETA: 0s - loss: 4.6724 - accuracy: 0.1250
1/1 [==============================] - 0s 4ms/step - loss: 4.6724 - accuracy: 0.1250
Epoch 6/25

1/1 [==============================] - ETA: 0s - loss: 4.6375 - accuracy: 0.1250
1/1 [==============================] - 0s 3ms/step - loss: 4.6375 - accuracy: 0.1250
Epoch 7/25

1/1 [==============================] - ETA: 0s - loss: 4.6027 - accuracy: 0.1250
1/1 [==============================] - 0s 4ms/step - loss: 4.6027 - accuracy: 0.1250
Epoch 8/25

1/1 [==============================] - ETA: 0s - loss: 4.5680 - accuracy: 0.1250
1/1 [==============================] - 0s 3ms/step - loss: 4.5680 - accuracy: 0.1250
Epoch 9/25

1/1 [==============================] - ETA: 0s - loss: 4.5333 - accuracy: 0.1250
1/1 [==============================] - 0s 3ms/step - loss: 4.5333 - accuracy: 0.1250
Epoch 10/25

1/1 [==============================] - ETA: 0s - loss: 4.4987 - accuracy: 0.1250
1/1 [==============================] - 0s 5ms/step - loss: 4.4987 - accuracy: 0.1250
Epoch 11/25

1/1 [==============================] - ETA: 0s - loss: 4.4641 - accuracy: 0.1875
1/1 [==============================] - 0s 4ms/step - loss: 4.4641 - accuracy: 0.1875
Epoch 12/25

1/1 [==============================] - ETA: 0s - loss: 4.4296 - accuracy: 0.1875
1/1 [==============================] - 0s 3ms/step - loss: 4.4296 - accuracy: 0.1875
Epoch 13/25

1/1 [==============================] - ETA: 0s - loss: 4.3951 - accuracy: 0.2500
1/1 [==============================] - 0s 4ms/step - loss: 4.3951 - accuracy: 0.2500
Epoch 14/25

1/1 [==============================] - ETA: 0s - loss: 4.3607 - accuracy: 0.2500
1/1 [==============================] - 0s 4ms/step - loss: 4.3607 - accuracy: 0.2500
Epoch 15/25

1/1 [==============================] - ETA: 0s - loss: 4.3264 - accuracy: 0.3125
1/1 [==============================] - 0s 4ms/step - loss: 4.3264 - accuracy: 0.3125
Epoch 16/25

1/1 [==============================] - ETA: 0s - loss: 4.2921 - accuracy: 0.3125
1/1 [==============================] - 0s 3ms/step - loss: 4.2921 - accuracy: 0.3125
Epoch 17/25

1/1 [==============================] - ETA: 0s - loss: 4.2579 - accuracy: 0.3125
1/1 [==============================] - 0s 4ms/step - loss: 4.2579 - accuracy: 0.3125
Epoch 18/25

1/1 [==============================] - ETA: 0s - loss: 4.2238 - accuracy: 0.3750
1/1 [==============================] - 0s 3ms/step - loss: 4.2238 - accuracy: 0.3750
Epoch 19/25

1/1 [==============================] - ETA: 0s - loss: 4.1897 - accuracy: 0.3750
1/1 [==============================] - 0s 4ms/step - loss: 4.1897 - accuracy: 0.3750
Epoch 20/25

1/1 [==============================] - ETA: 0s - loss: 4.1557 - accuracy: 0.3750
1/1 [==============================] - 0s 3ms/step - loss: 4.1557 - accuracy: 0.3750
Epoch 21/25

1/1 [==============================] - ETA: 0s - loss: 4.1218 - accuracy: 0.3750
1/1 [==============================] - 0s 4ms/step - loss: 4.1218 - accuracy: 0.3750
Epoch 22/25

1/1 [==============================] - ETA: 0s - loss: 4.0879 - accuracy: 0.3750
1/1 [==============================] - 0s 3ms/step - loss: 4.0879 - accuracy: 0.3750
Epoch 23/25

1/1 [==============================] - ETA: 0s - loss: 4.0542 - accuracy: 0.3750
1/1 [==============================] - 0s 4ms/step - loss: 4.0542 - accuracy: 0.3750
Epoch 24/25

1/1 [==============================] - ETA: 0s - loss: 4.0205 - accuracy: 0.3750
1/1 [==============================] - 0s 4ms/step - loss: 4.0205 - accuracy: 0.3750
Epoch 25/25

1/1 [==============================] - ETA: 0s - loss: 3.9869 - accuracy: 0.4375
1/1 [==============================] - 0s 3ms/step - loss: 3.9869 - accuracy: 0.4375
# predict: steps=12
# predict: tnodeembed_metrics
# predict: node2vec_metrics
tnodeembed: {'auc': 0.7353050155663962, 'f1_micro': 0.0, 'f1_macro': 0.0} tNodeEmbed_final_loss=3.724576473236084 tNodeEmbed_final_accuracy=1.0 
node2vec: {'auc': 0.657916922020935, 'f1_micro': 0.0, 'f1_macro': 0.0} node2vec_final_loss=3.986877918243408 node2vec_final_accuracy=0.4375 
