# load graph
Processing Static file: filename='CollegeMsg_20040527_nodes_523_edges_829_component_0.edges'
# initialize tNodeEmbed for dataset=COLLEGE_NC, test_size=0.2
# load dataset
# fit
# tNodeEmbed steps_per_epoch=1
Epoch 1/25

1/1 [==============================] - ETA: 0s - loss: 4.7345 - accuracy: 0.1250
1/1 [==============================] - 1s 982ms/step - loss: 4.7345 - accuracy: 0.1250
Epoch 2/25

1/1 [==============================] - ETA: 0s - loss: 4.7091 - accuracy: 0.2500
1/1 [==============================] - 0s 4ms/step - loss: 4.7091 - accuracy: 0.2500
Epoch 3/25

1/1 [==============================] - ETA: 0s - loss: 4.6837 - accuracy: 0.3750
1/1 [==============================] - 0s 6ms/step - loss: 4.6837 - accuracy: 0.3750
Epoch 4/25

1/1 [==============================] - ETA: 0s - loss: 4.6582 - accuracy: 0.5625
1/1 [==============================] - 0s 5ms/step - loss: 4.6582 - accuracy: 0.5625
Epoch 5/25

1/1 [==============================] - ETA: 0s - loss: 4.6324 - accuracy: 0.6875
1/1 [==============================] - 0s 5ms/step - loss: 4.6324 - accuracy: 0.6875
Epoch 6/25

1/1 [==============================] - ETA: 0s - loss: 4.6063 - accuracy: 0.6875
1/1 [==============================] - 0s 4ms/step - loss: 4.6063 - accuracy: 0.6875
Epoch 7/25

1/1 [==============================] - ETA: 0s - loss: 4.5797 - accuracy: 0.8125
1/1 [==============================] - 0s 4ms/step - loss: 4.5797 - accuracy: 0.8125
Epoch 8/25

1/1 [==============================] - ETA: 0s - loss: 4.5524 - accuracy: 0.8125
1/1 [==============================] - 0s 3ms/step - loss: 4.5524 - accuracy: 0.8125
Epoch 9/25

1/1 [==============================] - ETA: 0s - loss: 4.5245 - accuracy: 0.8125
1/1 [==============================] - 0s 3ms/step - loss: 4.5245 - accuracy: 0.8125
Epoch 10/25

1/1 [==============================] - ETA: 0s - loss: 4.4957 - accuracy: 0.8125
1/1 [==============================] - 0s 4ms/step - loss: 4.4957 - accuracy: 0.8125
Epoch 11/25

1/1 [==============================] - ETA: 0s - loss: 4.4660 - accuracy: 0.8125
1/1 [==============================] - 0s 4ms/step - loss: 4.4660 - accuracy: 0.8125
Epoch 12/25

1/1 [==============================] - ETA: 0s - loss: 4.4352 - accuracy: 0.8125
1/1 [==============================] - 0s 4ms/step - loss: 4.4352 - accuracy: 0.8125
Epoch 13/25

1/1 [==============================] - ETA: 0s - loss: 4.4033 - accuracy: 0.8125
1/1 [==============================] - 0s 4ms/step - loss: 4.4033 - accuracy: 0.8125
Epoch 14/25

1/1 [==============================] - ETA: 0s - loss: 4.3702 - accuracy: 0.8125
1/1 [==============================] - 0s 5ms/step - loss: 4.3702 - accuracy: 0.8125
Epoch 15/25

1/1 [==============================] - ETA: 0s - loss: 4.3358 - accuracy: 0.8125
1/1 [==============================] - 0s 4ms/step - loss: 4.3358 - accuracy: 0.8125
Epoch 16/25

1/1 [==============================] - ETA: 0s - loss: 4.3000 - accuracy: 0.8125
1/1 [==============================] - 0s 3ms/step - loss: 4.3000 - accuracy: 0.8125
Epoch 17/25

1/1 [==============================] - ETA: 0s - loss: 4.2627 - accuracy: 0.8125
1/1 [==============================] - 0s 4ms/step - loss: 4.2627 - accuracy: 0.8125
Epoch 18/25

1/1 [==============================] - ETA: 0s - loss: 4.2238 - accuracy: 0.8125
1/1 [==============================] - 0s 5ms/step - loss: 4.2238 - accuracy: 0.8125
Epoch 19/25

1/1 [==============================] - ETA: 0s - loss: 4.1833 - accuracy: 0.8125
1/1 [==============================] - 0s 4ms/step - loss: 4.1833 - accuracy: 0.8125
Epoch 20/25

1/1 [==============================] - ETA: 0s - loss: 4.1412 - accuracy: 0.8125
1/1 [==============================] - 0s 4ms/step - loss: 4.1412 - accuracy: 0.8125
Epoch 21/25

1/1 [==============================] - ETA: 0s - loss: 4.0973 - accuracy: 0.8125
1/1 [==============================] - 0s 4ms/step - loss: 4.0973 - accuracy: 0.8125
Epoch 22/25

1/1 [==============================] - ETA: 0s - loss: 4.0516 - accuracy: 0.8125
1/1 [==============================] - 0s 4ms/step - loss: 4.0516 - accuracy: 0.8125
Epoch 23/25

1/1 [==============================] - ETA: 0s - loss: 4.0041 - accuracy: 0.8125
1/1 [==============================] - 0s 3ms/step - loss: 4.0041 - accuracy: 0.8125
Epoch 24/25

1/1 [==============================] - ETA: 0s - loss: 3.9547 - accuracy: 0.8125
1/1 [==============================] - 0s 5ms/step - loss: 3.9547 - accuracy: 0.8125
Epoch 25/25

1/1 [==============================] - ETA: 0s - loss: 3.9034 - accuracy: 0.8125
1/1 [==============================] - 0s 4ms/step - loss: 3.9034 - accuracy: 0.8125
# node2vec
Epoch 1/25

1/1 [==============================] - ETA: 0s - loss: 4.7852 - accuracy: 0.1250
1/1 [==============================] - 0s 229ms/step - loss: 4.7852 - accuracy: 0.1250
Epoch 2/25

1/1 [==============================] - ETA: 0s - loss: 4.7593 - accuracy: 0.1250
1/1 [==============================] - 0s 3ms/step - loss: 4.7593 - accuracy: 0.1250
Epoch 3/25

1/1 [==============================] - ETA: 0s - loss: 4.7334 - accuracy: 0.1250
1/1 [==============================] - 0s 3ms/step - loss: 4.7334 - accuracy: 0.1250
Epoch 4/25

1/1 [==============================] - ETA: 0s - loss: 4.7075 - accuracy: 0.1250
1/1 [==============================] - 0s 3ms/step - loss: 4.7075 - accuracy: 0.1250
Epoch 5/25

1/1 [==============================] - ETA: 0s - loss: 4.6816 - accuracy: 0.1250
1/1 [==============================] - 0s 3ms/step - loss: 4.6816 - accuracy: 0.1250
Epoch 6/25

1/1 [==============================] - ETA: 0s - loss: 4.6558 - accuracy: 0.1250
1/1 [==============================] - 0s 3ms/step - loss: 4.6558 - accuracy: 0.1250
Epoch 7/25

1/1 [==============================] - ETA: 0s - loss: 4.6300 - accuracy: 0.1250
1/1 [==============================] - 0s 3ms/step - loss: 4.6300 - accuracy: 0.1250
Epoch 8/25

1/1 [==============================] - ETA: 0s - loss: 4.6042 - accuracy: 0.0625
1/1 [==============================] - 0s 3ms/step - loss: 4.6042 - accuracy: 0.0625
Epoch 9/25

1/1 [==============================] - ETA: 0s - loss: 4.5784 - accuracy: 0.0625
1/1 [==============================] - 0s 3ms/step - loss: 4.5784 - accuracy: 0.0625
Epoch 10/25

1/1 [==============================] - ETA: 0s - loss: 4.5527 - accuracy: 0.0625
1/1 [==============================] - 0s 3ms/step - loss: 4.5527 - accuracy: 0.0625
Epoch 11/25

1/1 [==============================] - ETA: 0s - loss: 4.5270 - accuracy: 0.1250
1/1 [==============================] - 0s 3ms/step - loss: 4.5270 - accuracy: 0.1250
Epoch 12/25

1/1 [==============================] - ETA: 0s - loss: 4.5013 - accuracy: 0.1250
1/1 [==============================] - 0s 3ms/step - loss: 4.5013 - accuracy: 0.1250
Epoch 13/25

1/1 [==============================] - ETA: 0s - loss: 4.4757 - accuracy: 0.1250
1/1 [==============================] - 0s 2ms/step - loss: 4.4757 - accuracy: 0.1250
Epoch 14/25

1/1 [==============================] - ETA: 0s - loss: 4.4501 - accuracy: 0.1875
1/1 [==============================] - 0s 3ms/step - loss: 4.4501 - accuracy: 0.1875
Epoch 15/25

1/1 [==============================] - ETA: 0s - loss: 4.4245 - accuracy: 0.1875
1/1 [==============================] - 0s 3ms/step - loss: 4.4245 - accuracy: 0.1875
Epoch 16/25

1/1 [==============================] - ETA: 0s - loss: 4.3990 - accuracy: 0.3125
1/1 [==============================] - 0s 3ms/step - loss: 4.3990 - accuracy: 0.3125
Epoch 17/25

1/1 [==============================] - ETA: 0s - loss: 4.3735 - accuracy: 0.3750
1/1 [==============================] - 0s 4ms/step - loss: 4.3735 - accuracy: 0.3750
Epoch 18/25

1/1 [==============================] - ETA: 0s - loss: 4.3481 - accuracy: 0.3750
1/1 [==============================] - 0s 3ms/step - loss: 4.3481 - accuracy: 0.3750
Epoch 19/25

1/1 [==============================] - ETA: 0s - loss: 4.3227 - accuracy: 0.4375
1/1 [==============================] - 0s 3ms/step - loss: 4.3227 - accuracy: 0.4375
Epoch 20/25

1/1 [==============================] - ETA: 0s - loss: 4.2973 - accuracy: 0.4375
1/1 [==============================] - 0s 3ms/step - loss: 4.2973 - accuracy: 0.4375
Epoch 21/25

1/1 [==============================] - ETA: 0s - loss: 4.2720 - accuracy: 0.4375
1/1 [==============================] - 0s 3ms/step - loss: 4.2720 - accuracy: 0.4375
Epoch 22/25

1/1 [==============================] - ETA: 0s - loss: 4.2467 - accuracy: 0.4375
1/1 [==============================] - 0s 2ms/step - loss: 4.2467 - accuracy: 0.4375
Epoch 23/25

1/1 [==============================] - ETA: 0s - loss: 4.2215 - accuracy: 0.5000
1/1 [==============================] - 0s 3ms/step - loss: 4.2215 - accuracy: 0.5000
Epoch 24/25

1/1 [==============================] - ETA: 0s - loss: 4.1963 - accuracy: 0.5625
1/1 [==============================] - 0s 4ms/step - loss: 4.1963 - accuracy: 0.5625
Epoch 25/25

1/1 [==============================] - ETA: 0s - loss: 4.1712 - accuracy: 0.5625
1/1 [==============================] - 0s 2ms/step - loss: 4.1712 - accuracy: 0.5625
# predict: steps=12
# predict: tnodeembed_metrics
# predict: node2vec_metrics
tnodeembed: {'auc': 0.6703693035569829, 'f1_micro': 0.0, 'f1_macro': 0.0} tNodeEmbed_final_loss=3.903438091278076 tNodeEmbed_final_accuracy=0.8125 
node2vec: {'auc': 0.5578491407839581, 'f1_micro': 0.0, 'f1_macro': 0.0} node2vec_final_loss=4.171152591705322 node2vec_final_accuracy=0.5625 
