# load graph
Processing Static file: filename='CollegeMsg_20041007_nodes_11_edges_10_component_0.edges'
# initialize tNodeEmbed for dataset=COLLEGE_NC, test_size=0.2
# load dataset
# fit
# tNodeEmbed steps_per_epoch=1
Epoch 1/25

1/1 [==============================] - ETA: 0s - loss: 4.7356 - accuracy: 0.0625
1/1 [==============================] - 1s 1s/step - loss: 4.7356 - accuracy: 0.0625
Epoch 2/25

1/1 [==============================] - ETA: 0s - loss: 4.7026 - accuracy: 0.0625
1/1 [==============================] - 0s 5ms/step - loss: 4.7026 - accuracy: 0.0625
Epoch 3/25

1/1 [==============================] - ETA: 0s - loss: 4.6695 - accuracy: 0.1250
1/1 [==============================] - 0s 5ms/step - loss: 4.6695 - accuracy: 0.1250
Epoch 4/25

1/1 [==============================] - ETA: 0s - loss: 4.6363 - accuracy: 0.2500
1/1 [==============================] - 0s 9ms/step - loss: 4.6363 - accuracy: 0.2500
Epoch 5/25

1/1 [==============================] - ETA: 0s - loss: 4.6028 - accuracy: 0.6250
1/1 [==============================] - 0s 8ms/step - loss: 4.6028 - accuracy: 0.6250
Epoch 6/25

1/1 [==============================] - ETA: 0s - loss: 4.5689 - accuracy: 0.8125
1/1 [==============================] - 0s 5ms/step - loss: 4.5689 - accuracy: 0.8125
Epoch 7/25

1/1 [==============================] - ETA: 0s - loss: 4.5344 - accuracy: 0.9375
1/1 [==============================] - 0s 5ms/step - loss: 4.5344 - accuracy: 0.9375
Epoch 8/25

1/1 [==============================] - ETA: 0s - loss: 4.4992 - accuracy: 0.9375
1/1 [==============================] - 0s 4ms/step - loss: 4.4992 - accuracy: 0.9375
Epoch 9/25

1/1 [==============================] - ETA: 0s - loss: 4.4631 - accuracy: 0.9375
1/1 [==============================] - 0s 5ms/step - loss: 4.4631 - accuracy: 0.9375
Epoch 10/25

1/1 [==============================] - ETA: 0s - loss: 4.4261 - accuracy: 1.0000
1/1 [==============================] - 0s 5ms/step - loss: 4.4261 - accuracy: 1.0000
Epoch 11/25

1/1 [==============================] - ETA: 0s - loss: 4.3881 - accuracy: 1.0000
1/1 [==============================] - 0s 4ms/step - loss: 4.3881 - accuracy: 1.0000
Epoch 12/25

1/1 [==============================] - ETA: 0s - loss: 4.3488 - accuracy: 1.0000
1/1 [==============================] - 0s 6ms/step - loss: 4.3488 - accuracy: 1.0000
Epoch 13/25

1/1 [==============================] - ETA: 0s - loss: 4.3081 - accuracy: 1.0000
1/1 [==============================] - 0s 5ms/step - loss: 4.3081 - accuracy: 1.0000
Epoch 14/25

1/1 [==============================] - ETA: 0s - loss: 4.2660 - accuracy: 1.0000
1/1 [==============================] - 0s 4ms/step - loss: 4.2660 - accuracy: 1.0000
Epoch 15/25

1/1 [==============================] - ETA: 0s - loss: 4.2224 - accuracy: 1.0000
1/1 [==============================] - 0s 5ms/step - loss: 4.2224 - accuracy: 1.0000
Epoch 16/25

1/1 [==============================] - ETA: 0s - loss: 4.1770 - accuracy: 1.0000
1/1 [==============================] - 0s 5ms/step - loss: 4.1770 - accuracy: 1.0000
Epoch 17/25

1/1 [==============================] - ETA: 0s - loss: 4.1300 - accuracy: 1.0000
1/1 [==============================] - 0s 4ms/step - loss: 4.1300 - accuracy: 1.0000
Epoch 18/25

1/1 [==============================] - ETA: 0s - loss: 4.0811 - accuracy: 1.0000
1/1 [==============================] - 0s 5ms/step - loss: 4.0811 - accuracy: 1.0000
Epoch 19/25

1/1 [==============================] - ETA: 0s - loss: 4.0302 - accuracy: 1.0000
1/1 [==============================] - 0s 4ms/step - loss: 4.0302 - accuracy: 1.0000
Epoch 20/25

1/1 [==============================] - ETA: 0s - loss: 3.9774 - accuracy: 1.0000
1/1 [==============================] - 0s 5ms/step - loss: 3.9774 - accuracy: 1.0000
Epoch 21/25

1/1 [==============================] - ETA: 0s - loss: 3.9225 - accuracy: 1.0000
1/1 [==============================] - 0s 5ms/step - loss: 3.9225 - accuracy: 1.0000
Epoch 22/25

1/1 [==============================] - ETA: 0s - loss: 3.8654 - accuracy: 1.0000
1/1 [==============================] - 0s 5ms/step - loss: 3.8654 - accuracy: 1.0000
Epoch 23/25

1/1 [==============================] - ETA: 0s - loss: 3.8062 - accuracy: 1.0000
1/1 [==============================] - 0s 5ms/step - loss: 3.8062 - accuracy: 1.0000
Epoch 24/25

1/1 [==============================] - ETA: 0s - loss: 3.7448 - accuracy: 1.0000
1/1 [==============================] - 0s 4ms/step - loss: 3.7448 - accuracy: 1.0000
Epoch 25/25

1/1 [==============================] - ETA: 0s - loss: 3.6811 - accuracy: 1.0000
1/1 [==============================] - 0s 6ms/step - loss: 3.6811 - accuracy: 1.0000
# node2vec
Epoch 1/25

1/1 [==============================] - ETA: 0s - loss: 4.7958 - accuracy: 0.0000e+00
1/1 [==============================] - 0s 199ms/step - loss: 4.7958 - accuracy: 0.0000e+00
Epoch 2/25

1/1 [==============================] - ETA: 0s - loss: 4.7549 - accuracy: 0.0000e+00
1/1 [==============================] - 0s 2ms/step - loss: 4.7549 - accuracy: 0.0000e+00
Epoch 3/25

1/1 [==============================] - ETA: 0s - loss: 4.7141 - accuracy: 0.0000e+00
1/1 [==============================] - 0s 2ms/step - loss: 4.7141 - accuracy: 0.0000e+00
Epoch 4/25

1/1 [==============================] - ETA: 0s - loss: 4.6733 - accuracy: 0.0000e+00
1/1 [==============================] - 0s 2ms/step - loss: 4.6733 - accuracy: 0.0000e+00
Epoch 5/25

1/1 [==============================] - ETA: 0s - loss: 4.6326 - accuracy: 0.0000e+00
1/1 [==============================] - 0s 2ms/step - loss: 4.6326 - accuracy: 0.0000e+00
Epoch 6/25

1/1 [==============================] - ETA: 0s - loss: 4.5919 - accuracy: 0.0625
1/1 [==============================] - 0s 2ms/step - loss: 4.5919 - accuracy: 0.0625
Epoch 7/25

1/1 [==============================] - ETA: 0s - loss: 4.5513 - accuracy: 0.0625
1/1 [==============================] - 0s 3ms/step - loss: 4.5513 - accuracy: 0.0625
Epoch 8/25

1/1 [==============================] - ETA: 0s - loss: 4.5107 - accuracy: 0.0625
1/1 [==============================] - 0s 3ms/step - loss: 4.5107 - accuracy: 0.0625
Epoch 9/25

1/1 [==============================] - ETA: 0s - loss: 4.4703 - accuracy: 0.0625
1/1 [==============================] - 0s 3ms/step - loss: 4.4703 - accuracy: 0.0625
Epoch 10/25

1/1 [==============================] - ETA: 0s - loss: 4.4299 - accuracy: 0.1250
1/1 [==============================] - 0s 3ms/step - loss: 4.4299 - accuracy: 0.1250
Epoch 11/25

1/1 [==============================] - ETA: 0s - loss: 4.3895 - accuracy: 0.1250
1/1 [==============================] - 0s 2ms/step - loss: 4.3895 - accuracy: 0.1250
Epoch 12/25

1/1 [==============================] - ETA: 0s - loss: 4.3493 - accuracy: 0.1250
1/1 [==============================] - 0s 2ms/step - loss: 4.3493 - accuracy: 0.1250
Epoch 13/25

1/1 [==============================] - ETA: 0s - loss: 4.3091 - accuracy: 0.1250
1/1 [==============================] - 0s 3ms/step - loss: 4.3091 - accuracy: 0.1250
Epoch 14/25

1/1 [==============================] - ETA: 0s - loss: 4.2690 - accuracy: 0.1875
1/1 [==============================] - 0s 2ms/step - loss: 4.2690 - accuracy: 0.1875
Epoch 15/25

1/1 [==============================] - ETA: 0s - loss: 4.2291 - accuracy: 0.3125
1/1 [==============================] - 0s 3ms/step - loss: 4.2291 - accuracy: 0.3125
Epoch 16/25

1/1 [==============================] - ETA: 0s - loss: 4.1892 - accuracy: 0.3125
1/1 [==============================] - 0s 2ms/step - loss: 4.1892 - accuracy: 0.3125
Epoch 17/25

1/1 [==============================] - ETA: 0s - loss: 4.1493 - accuracy: 0.3750
1/1 [==============================] - 0s 3ms/step - loss: 4.1493 - accuracy: 0.3750
Epoch 18/25

1/1 [==============================] - ETA: 0s - loss: 4.1096 - accuracy: 0.4375
1/1 [==============================] - 0s 3ms/step - loss: 4.1096 - accuracy: 0.4375
Epoch 19/25

1/1 [==============================] - ETA: 0s - loss: 4.0700 - accuracy: 0.4375
1/1 [==============================] - 0s 2ms/step - loss: 4.0700 - accuracy: 0.4375
Epoch 20/25

1/1 [==============================] - ETA: 0s - loss: 4.0305 - accuracy: 0.5000
1/1 [==============================] - 0s 3ms/step - loss: 4.0305 - accuracy: 0.5000
Epoch 21/25

1/1 [==============================] - ETA: 0s - loss: 3.9911 - accuracy: 0.5625
1/1 [==============================] - 0s 3ms/step - loss: 3.9911 - accuracy: 0.5625
Epoch 22/25

1/1 [==============================] - ETA: 0s - loss: 3.9518 - accuracy: 0.6250
1/1 [==============================] - 0s 3ms/step - loss: 3.9518 - accuracy: 0.6250
Epoch 23/25

1/1 [==============================] - ETA: 0s - loss: 3.9126 - accuracy: 0.6875
1/1 [==============================] - 0s 3ms/step - loss: 3.9126 - accuracy: 0.6875
Epoch 24/25

1/1 [==============================] - ETA: 0s - loss: 3.8735 - accuracy: 0.7500
1/1 [==============================] - 0s 3ms/step - loss: 3.8735 - accuracy: 0.7500
Epoch 25/25

1/1 [==============================] - ETA: 0s - loss: 3.8345 - accuracy: 0.7500
1/1 [==============================] - 0s 3ms/step - loss: 3.8345 - accuracy: 0.7500
# predict: steps=12
# predict: tnodeembed_metrics
# predict: node2vec_metrics
tnodeembed: {'auc': 0.8016306412864952, 'f1_micro': 0.0, 'f1_macro': 0.0} tNodeEmbed_final_loss=3.681075096130371 tNodeEmbed_final_accuracy=1.0 
node2vec: {'auc': 0.7216491493638615, 'f1_micro': 0.0, 'f1_macro': 0.0} node2vec_final_loss=3.834500312805176 node2vec_final_accuracy=0.75 
