# load graph
Processing Static file: filename='CollegeMsg_20040504_nodes_321_edges_667_component_0.edges'
# initialize tNodeEmbed for dataset=COLLEGE_NC, test_size=0.2
# load dataset
# fit
# tNodeEmbed steps_per_epoch=1
Epoch 1/25

1/1 [==============================] - ETA: 0s - loss: 4.7401 - accuracy: 0.1875
1/1 [==============================] - 1s 1000ms/step - loss: 4.7401 - accuracy: 0.1875
Epoch 2/25

1/1 [==============================] - ETA: 0s - loss: 4.7281 - accuracy: 0.1875
1/1 [==============================] - 0s 4ms/step - loss: 4.7281 - accuracy: 0.1875
Epoch 3/25

1/1 [==============================] - ETA: 0s - loss: 4.7160 - accuracy: 0.2500
1/1 [==============================] - 0s 7ms/step - loss: 4.7160 - accuracy: 0.2500
Epoch 4/25

1/1 [==============================] - ETA: 0s - loss: 4.7038 - accuracy: 0.3125
1/1 [==============================] - 0s 6ms/step - loss: 4.7038 - accuracy: 0.3125
Epoch 5/25

1/1 [==============================] - ETA: 0s - loss: 4.6915 - accuracy: 0.3750
1/1 [==============================] - 0s 4ms/step - loss: 4.6915 - accuracy: 0.3750
Epoch 6/25

1/1 [==============================] - ETA: 0s - loss: 4.6789 - accuracy: 0.3750
1/1 [==============================] - 0s 5ms/step - loss: 4.6789 - accuracy: 0.3750
Epoch 7/25

1/1 [==============================] - ETA: 0s - loss: 4.6661 - accuracy: 0.3750
1/1 [==============================] - 0s 4ms/step - loss: 4.6661 - accuracy: 0.3750
Epoch 8/25

1/1 [==============================] - ETA: 0s - loss: 4.6529 - accuracy: 0.3750
1/1 [==============================] - 0s 4ms/step - loss: 4.6529 - accuracy: 0.3750
Epoch 9/25

1/1 [==============================] - ETA: 0s - loss: 4.6394 - accuracy: 0.3750
1/1 [==============================] - 0s 5ms/step - loss: 4.6394 - accuracy: 0.3750
Epoch 10/25

1/1 [==============================] - ETA: 0s - loss: 4.6254 - accuracy: 0.3750
1/1 [==============================] - 0s 4ms/step - loss: 4.6254 - accuracy: 0.3750
Epoch 11/25

1/1 [==============================] - ETA: 0s - loss: 4.6110 - accuracy: 0.3750
1/1 [==============================] - 0s 4ms/step - loss: 4.6110 - accuracy: 0.3750
Epoch 12/25

1/1 [==============================] - ETA: 0s - loss: 4.5960 - accuracy: 0.3750
1/1 [==============================] - 0s 5ms/step - loss: 4.5960 - accuracy: 0.3750
Epoch 13/25

1/1 [==============================] - ETA: 0s - loss: 4.5805 - accuracy: 0.3750
1/1 [==============================] - 0s 5ms/step - loss: 4.5805 - accuracy: 0.3750
Epoch 14/25

1/1 [==============================] - ETA: 0s - loss: 4.5644 - accuracy: 0.3750
1/1 [==============================] - 0s 6ms/step - loss: 4.5644 - accuracy: 0.3750
Epoch 15/25

1/1 [==============================] - ETA: 0s - loss: 4.5477 - accuracy: 0.3750
1/1 [==============================] - 0s 5ms/step - loss: 4.5477 - accuracy: 0.3750
Epoch 16/25

1/1 [==============================] - ETA: 0s - loss: 4.5303 - accuracy: 0.3750
1/1 [==============================] - 0s 6ms/step - loss: 4.5303 - accuracy: 0.3750
Epoch 17/25

1/1 [==============================] - ETA: 0s - loss: 4.5123 - accuracy: 0.3750
1/1 [==============================] - 0s 5ms/step - loss: 4.5123 - accuracy: 0.3750
Epoch 18/25

1/1 [==============================] - ETA: 0s - loss: 4.4936 - accuracy: 0.3750
1/1 [==============================] - 0s 3ms/step - loss: 4.4936 - accuracy: 0.3750
Epoch 19/25

1/1 [==============================] - ETA: 0s - loss: 4.4742 - accuracy: 0.3750
1/1 [==============================] - 0s 4ms/step - loss: 4.4742 - accuracy: 0.3750
Epoch 20/25

1/1 [==============================] - ETA: 0s - loss: 4.4541 - accuracy: 0.3750
1/1 [==============================] - 0s 5ms/step - loss: 4.4541 - accuracy: 0.3750
Epoch 21/25

1/1 [==============================] - ETA: 0s - loss: 4.4333 - accuracy: 0.3750
1/1 [==============================] - 0s 5ms/step - loss: 4.4333 - accuracy: 0.3750
Epoch 22/25

1/1 [==============================] - ETA: 0s - loss: 4.4117 - accuracy: 0.3750
1/1 [==============================] - 0s 6ms/step - loss: 4.4117 - accuracy: 0.3750
Epoch 23/25

1/1 [==============================] - ETA: 0s - loss: 4.3895 - accuracy: 0.3750
1/1 [==============================] - 0s 6ms/step - loss: 4.3895 - accuracy: 0.3750
Epoch 24/25

1/1 [==============================] - ETA: 0s - loss: 4.3665 - accuracy: 0.3750
1/1 [==============================] - 0s 6ms/step - loss: 4.3665 - accuracy: 0.3750
Epoch 25/25

1/1 [==============================] - ETA: 0s - loss: 4.3428 - accuracy: 0.3750
1/1 [==============================] - 0s 5ms/step - loss: 4.3428 - accuracy: 0.3750
# node2vec
Epoch 1/25

1/1 [==============================] - ETA: 0s - loss: 4.7335 - accuracy: 0.1875
1/1 [==============================] - 0s 279ms/step - loss: 4.7335 - accuracy: 0.1875
Epoch 2/25

1/1 [==============================] - ETA: 0s - loss: 4.7240 - accuracy: 0.1875
1/1 [==============================] - 0s 3ms/step - loss: 4.7240 - accuracy: 0.1875
Epoch 3/25

1/1 [==============================] - ETA: 0s - loss: 4.7145 - accuracy: 0.1875
1/1 [==============================] - 0s 3ms/step - loss: 4.7145 - accuracy: 0.1875
Epoch 4/25

1/1 [==============================] - ETA: 0s - loss: 4.7049 - accuracy: 0.1875
1/1 [==============================] - 0s 3ms/step - loss: 4.7049 - accuracy: 0.1875
Epoch 5/25

1/1 [==============================] - ETA: 0s - loss: 4.6954 - accuracy: 0.1875
1/1 [==============================] - 0s 3ms/step - loss: 4.6954 - accuracy: 0.1875
Epoch 6/25

1/1 [==============================] - ETA: 0s - loss: 4.6859 - accuracy: 0.1875
1/1 [==============================] - 0s 2ms/step - loss: 4.6859 - accuracy: 0.1875
Epoch 7/25

1/1 [==============================] - ETA: 0s - loss: 4.6764 - accuracy: 0.1875
1/1 [==============================] - 0s 3ms/step - loss: 4.6764 - accuracy: 0.1875
Epoch 8/25

1/1 [==============================] - ETA: 0s - loss: 4.6669 - accuracy: 0.1875
1/1 [==============================] - 0s 3ms/step - loss: 4.6669 - accuracy: 0.1875
Epoch 9/25

1/1 [==============================] - ETA: 0s - loss: 4.6574 - accuracy: 0.1875
1/1 [==============================] - 0s 3ms/step - loss: 4.6574 - accuracy: 0.1875
Epoch 10/25

1/1 [==============================] - ETA: 0s - loss: 4.6479 - accuracy: 0.2500
1/1 [==============================] - 0s 3ms/step - loss: 4.6479 - accuracy: 0.2500
Epoch 11/25

1/1 [==============================] - ETA: 0s - loss: 4.6384 - accuracy: 0.2500
1/1 [==============================] - 0s 3ms/step - loss: 4.6384 - accuracy: 0.2500
Epoch 12/25

1/1 [==============================] - ETA: 0s - loss: 4.6289 - accuracy: 0.2500
1/1 [==============================] - 0s 4ms/step - loss: 4.6289 - accuracy: 0.2500
Epoch 13/25

1/1 [==============================] - ETA: 0s - loss: 4.6194 - accuracy: 0.2500
1/1 [==============================] - 0s 2ms/step - loss: 4.6194 - accuracy: 0.2500
Epoch 14/25

1/1 [==============================] - ETA: 0s - loss: 4.6100 - accuracy: 0.2500
1/1 [==============================] - 0s 3ms/step - loss: 4.6100 - accuracy: 0.2500
Epoch 15/25

1/1 [==============================] - ETA: 0s - loss: 4.6005 - accuracy: 0.3125
1/1 [==============================] - 0s 3ms/step - loss: 4.6005 - accuracy: 0.3125
Epoch 16/25

1/1 [==============================] - ETA: 0s - loss: 4.5911 - accuracy: 0.3125
1/1 [==============================] - 0s 3ms/step - loss: 4.5911 - accuracy: 0.3125
Epoch 17/25

1/1 [==============================] - ETA: 0s - loss: 4.5816 - accuracy: 0.3125
1/1 [==============================] - 0s 3ms/step - loss: 4.5816 - accuracy: 0.3125
Epoch 18/25

1/1 [==============================] - ETA: 0s - loss: 4.5722 - accuracy: 0.3125
1/1 [==============================] - 0s 3ms/step - loss: 4.5722 - accuracy: 0.3125
Epoch 19/25

1/1 [==============================] - ETA: 0s - loss: 4.5628 - accuracy: 0.3125
1/1 [==============================] - 0s 4ms/step - loss: 4.5628 - accuracy: 0.3125
Epoch 20/25

1/1 [==============================] - ETA: 0s - loss: 4.5534 - accuracy: 0.3125
1/1 [==============================] - 0s 3ms/step - loss: 4.5534 - accuracy: 0.3125
Epoch 21/25

1/1 [==============================] - ETA: 0s - loss: 4.5441 - accuracy: 0.3750
1/1 [==============================] - 0s 3ms/step - loss: 4.5441 - accuracy: 0.3750
Epoch 22/25

1/1 [==============================] - ETA: 0s - loss: 4.5347 - accuracy: 0.3750
1/1 [==============================] - 0s 3ms/step - loss: 4.5347 - accuracy: 0.3750
Epoch 23/25

1/1 [==============================] - ETA: 0s - loss: 4.5253 - accuracy: 0.3750
1/1 [==============================] - 0s 4ms/step - loss: 4.5253 - accuracy: 0.3750
Epoch 24/25

1/1 [==============================] - ETA: 0s - loss: 4.5160 - accuracy: 0.3750
1/1 [==============================] - 0s 4ms/step - loss: 4.5160 - accuracy: 0.3750
Epoch 25/25

1/1 [==============================] - ETA: 0s - loss: 4.5067 - accuracy: 0.3750
1/1 [==============================] - 0s 3ms/step - loss: 4.5067 - accuracy: 0.3750
# predict: steps=12
# predict: tnodeembed_metrics
# predict: node2vec_metrics
tnodeembed: {'auc': 0.699844856960753, 'f1_micro': 0.0, 'f1_macro': 0.0} tNodeEmbed_final_loss=4.342841148376465 tNodeEmbed_final_accuracy=0.375 
node2vec: {'auc': 0.6371323204961635, 'f1_micro': 0.0, 'f1_macro': 0.0} node2vec_final_loss=4.506672382354736 node2vec_final_accuracy=0.375 
