# load graph
Processing Static file: filename='CollegeMsg_20040425_nodes_94_edges_133_component_0.edges'
# initialize tNodeEmbed for dataset=COLLEGE_NC, test_size=0.2
# load dataset
# fit
# tNodeEmbed steps_per_epoch=1
Epoch 1/25

1/1 [==============================] - ETA: 0s - loss: 4.7412 - accuracy: 0.2500
1/1 [==============================] - 2s 2s/step - loss: 4.7412 - accuracy: 0.2500
Epoch 2/25

1/1 [==============================] - ETA: 0s - loss: 4.7302 - accuracy: 0.3125
1/1 [==============================] - 0s 4ms/step - loss: 4.7302 - accuracy: 0.3125
Epoch 3/25

1/1 [==============================] - ETA: 0s - loss: 4.7192 - accuracy: 0.3125
1/1 [==============================] - 0s 5ms/step - loss: 4.7192 - accuracy: 0.3125
Epoch 4/25

1/1 [==============================] - ETA: 0s - loss: 4.7081 - accuracy: 0.3750
1/1 [==============================] - 0s 4ms/step - loss: 4.7081 - accuracy: 0.3750
Epoch 5/25

1/1 [==============================] - ETA: 0s - loss: 4.6969 - accuracy: 0.3750
1/1 [==============================] - 0s 4ms/step - loss: 4.6969 - accuracy: 0.3750
Epoch 6/25

1/1 [==============================] - ETA: 0s - loss: 4.6856 - accuracy: 0.4375
1/1 [==============================] - 0s 3ms/step - loss: 4.6856 - accuracy: 0.4375
Epoch 7/25

1/1 [==============================] - ETA: 0s - loss: 4.6740 - accuracy: 0.4375
1/1 [==============================] - 0s 5ms/step - loss: 4.6740 - accuracy: 0.4375
Epoch 8/25

1/1 [==============================] - ETA: 0s - loss: 4.6621 - accuracy: 0.4375
1/1 [==============================] - 0s 4ms/step - loss: 4.6621 - accuracy: 0.4375
Epoch 9/25

1/1 [==============================] - ETA: 0s - loss: 4.6499 - accuracy: 0.4375
1/1 [==============================] - 0s 5ms/step - loss: 4.6499 - accuracy: 0.4375
Epoch 10/25

1/1 [==============================] - ETA: 0s - loss: 4.6373 - accuracy: 0.4375
1/1 [==============================] - 0s 4ms/step - loss: 4.6373 - accuracy: 0.4375
Epoch 11/25

1/1 [==============================] - ETA: 0s - loss: 4.6243 - accuracy: 0.4375
1/1 [==============================] - 0s 4ms/step - loss: 4.6243 - accuracy: 0.4375
Epoch 12/25

1/1 [==============================] - ETA: 0s - loss: 4.6108 - accuracy: 0.4375
1/1 [==============================] - 0s 5ms/step - loss: 4.6108 - accuracy: 0.4375
Epoch 13/25

1/1 [==============================] - ETA: 0s - loss: 4.5968 - accuracy: 0.4375
1/1 [==============================] - 0s 4ms/step - loss: 4.5968 - accuracy: 0.4375
Epoch 14/25

1/1 [==============================] - ETA: 0s - loss: 4.5823 - accuracy: 0.4375
1/1 [==============================] - 0s 3ms/step - loss: 4.5823 - accuracy: 0.4375
Epoch 15/25

1/1 [==============================] - ETA: 0s - loss: 4.5672 - accuracy: 0.4375
1/1 [==============================] - 0s 4ms/step - loss: 4.5672 - accuracy: 0.4375
Epoch 16/25

1/1 [==============================] - ETA: 0s - loss: 4.5515 - accuracy: 0.4375
1/1 [==============================] - 0s 5ms/step - loss: 4.5515 - accuracy: 0.4375
Epoch 17/25

1/1 [==============================] - ETA: 0s - loss: 4.5352 - accuracy: 0.4375
1/1 [==============================] - 0s 5ms/step - loss: 4.5352 - accuracy: 0.4375
Epoch 18/25

1/1 [==============================] - ETA: 0s - loss: 4.5183 - accuracy: 0.4375
1/1 [==============================] - 0s 5ms/step - loss: 4.5183 - accuracy: 0.4375
Epoch 19/25

1/1 [==============================] - ETA: 0s - loss: 4.5007 - accuracy: 0.4375
1/1 [==============================] - 0s 5ms/step - loss: 4.5007 - accuracy: 0.4375
Epoch 20/25

1/1 [==============================] - ETA: 0s - loss: 4.4824 - accuracy: 0.4375
1/1 [==============================] - 0s 4ms/step - loss: 4.4824 - accuracy: 0.4375
Epoch 21/25

1/1 [==============================] - ETA: 0s - loss: 4.4634 - accuracy: 0.4375
1/1 [==============================] - 0s 5ms/step - loss: 4.4634 - accuracy: 0.4375
Epoch 22/25

1/1 [==============================] - ETA: 0s - loss: 4.4437 - accuracy: 0.4375
1/1 [==============================] - 0s 5ms/step - loss: 4.4437 - accuracy: 0.4375
Epoch 23/25

1/1 [==============================] - ETA: 0s - loss: 4.4233 - accuracy: 0.4375
1/1 [==============================] - 0s 5ms/step - loss: 4.4233 - accuracy: 0.4375
Epoch 24/25

1/1 [==============================] - ETA: 0s - loss: 4.4023 - accuracy: 0.4375
1/1 [==============================] - 0s 5ms/step - loss: 4.4023 - accuracy: 0.4375
Epoch 25/25

1/1 [==============================] - ETA: 0s - loss: 4.3805 - accuracy: 0.4375
1/1 [==============================] - 0s 5ms/step - loss: 4.3805 - accuracy: 0.4375
# node2vec
Epoch 1/25

1/1 [==============================] - ETA: 0s - loss: 4.7609 - accuracy: 0.2500
1/1 [==============================] - 0s 212ms/step - loss: 4.7609 - accuracy: 0.2500
Epoch 2/25

1/1 [==============================] - ETA: 0s - loss: 4.7524 - accuracy: 0.2500
1/1 [==============================] - 0s 3ms/step - loss: 4.7524 - accuracy: 0.2500
Epoch 3/25

1/1 [==============================] - ETA: 0s - loss: 4.7439 - accuracy: 0.2500
1/1 [==============================] - 0s 3ms/step - loss: 4.7439 - accuracy: 0.2500
Epoch 4/25

1/1 [==============================] - ETA: 0s - loss: 4.7354 - accuracy: 0.2500
1/1 [==============================] - 0s 3ms/step - loss: 4.7354 - accuracy: 0.2500
Epoch 5/25

1/1 [==============================] - ETA: 0s - loss: 4.7269 - accuracy: 0.2500
1/1 [==============================] - 0s 3ms/step - loss: 4.7269 - accuracy: 0.2500
Epoch 6/25

1/1 [==============================] - ETA: 0s - loss: 4.7184 - accuracy: 0.2500
1/1 [==============================] - 0s 3ms/step - loss: 4.7184 - accuracy: 0.2500
Epoch 7/25

1/1 [==============================] - ETA: 0s - loss: 4.7098 - accuracy: 0.2500
1/1 [==============================] - 0s 3ms/step - loss: 4.7098 - accuracy: 0.2500
Epoch 8/25

1/1 [==============================] - ETA: 0s - loss: 4.7013 - accuracy: 0.2500
1/1 [==============================] - 0s 3ms/step - loss: 4.7013 - accuracy: 0.2500
Epoch 9/25

1/1 [==============================] - ETA: 0s - loss: 4.6928 - accuracy: 0.3125
1/1 [==============================] - 0s 3ms/step - loss: 4.6928 - accuracy: 0.3125
Epoch 10/25

1/1 [==============================] - ETA: 0s - loss: 4.6843 - accuracy: 0.1875
1/1 [==============================] - 0s 5ms/step - loss: 4.6843 - accuracy: 0.1875
Epoch 11/25

1/1 [==============================] - ETA: 0s - loss: 4.6758 - accuracy: 0.1875
1/1 [==============================] - 0s 5ms/step - loss: 4.6758 - accuracy: 0.1875
Epoch 12/25

1/1 [==============================] - ETA: 0s - loss: 4.6673 - accuracy: 0.1875
1/1 [==============================] - 0s 4ms/step - loss: 4.6673 - accuracy: 0.1875
Epoch 13/25

1/1 [==============================] - ETA: 0s - loss: 4.6588 - accuracy: 0.1875
1/1 [==============================] - 0s 4ms/step - loss: 4.6588 - accuracy: 0.1875
Epoch 14/25

1/1 [==============================] - ETA: 0s - loss: 4.6504 - accuracy: 0.1875
1/1 [==============================] - 0s 4ms/step - loss: 4.6504 - accuracy: 0.1875
Epoch 15/25

1/1 [==============================] - ETA: 0s - loss: 4.6419 - accuracy: 0.1875
1/1 [==============================] - 0s 3ms/step - loss: 4.6419 - accuracy: 0.1875
Epoch 16/25

1/1 [==============================] - ETA: 0s - loss: 4.6334 - accuracy: 0.1875
1/1 [==============================] - 0s 3ms/step - loss: 4.6334 - accuracy: 0.1875
Epoch 17/25

1/1 [==============================] - ETA: 0s - loss: 4.6250 - accuracy: 0.1875
1/1 [==============================] - 0s 4ms/step - loss: 4.6250 - accuracy: 0.1875
Epoch 18/25

1/1 [==============================] - ETA: 0s - loss: 4.6165 - accuracy: 0.1875
1/1 [==============================] - 0s 3ms/step - loss: 4.6165 - accuracy: 0.1875
Epoch 19/25

1/1 [==============================] - ETA: 0s - loss: 4.6081 - accuracy: 0.1875
1/1 [==============================] - 0s 4ms/step - loss: 4.6081 - accuracy: 0.1875
Epoch 20/25

1/1 [==============================] - ETA: 0s - loss: 4.5996 - accuracy: 0.1875
1/1 [==============================] - 0s 4ms/step - loss: 4.5996 - accuracy: 0.1875
Epoch 21/25

1/1 [==============================] - ETA: 0s - loss: 4.5912 - accuracy: 0.1875
1/1 [==============================] - 0s 3ms/step - loss: 4.5912 - accuracy: 0.1875
Epoch 22/25

1/1 [==============================] - ETA: 0s - loss: 4.5828 - accuracy: 0.1875
1/1 [==============================] - 0s 3ms/step - loss: 4.5828 - accuracy: 0.1875
Epoch 23/25

1/1 [==============================] - ETA: 0s - loss: 4.5744 - accuracy: 0.2500
1/1 [==============================] - 0s 3ms/step - loss: 4.5744 - accuracy: 0.2500
Epoch 24/25

1/1 [==============================] - ETA: 0s - loss: 4.5660 - accuracy: 0.3125
1/1 [==============================] - 0s 3ms/step - loss: 4.5660 - accuracy: 0.3125
Epoch 25/25

1/1 [==============================] - ETA: 0s - loss: 4.5576 - accuracy: 0.3125
1/1 [==============================] - 0s 3ms/step - loss: 4.5576 - accuracy: 0.3125
# predict: steps=12
# predict: tnodeembed_metrics
# predict: node2vec_metrics
tnodeembed: {'auc': 0.7753489262863728, 'f1_micro': 0.0, 'f1_macro': 0.0} tNodeEmbed_final_loss=4.38048791885376 tNodeEmbed_final_accuracy=0.4375 
node2vec: {'auc': 0.7304186992866423, 'f1_micro': 0.0, 'f1_macro': 0.0} node2vec_final_loss=4.557554721832275 node2vec_final_accuracy=0.3125 
