# load graph
Processing Static file: filename='CollegeMsg_20040503_nodes_252_edges_437_component_0.edges'
# initialize tNodeEmbed for dataset=COLLEGE_NC, test_size=0.2
# load dataset
# fit
# tNodeEmbed steps_per_epoch=1
Epoch 1/25

1/1 [==============================] - ETA: 0s - loss: 4.7334 - accuracy: 0.1875
1/1 [==============================] - 1s 1s/step - loss: 4.7334 - accuracy: 0.1875
Epoch 2/25

1/1 [==============================] - ETA: 0s - loss: 4.7209 - accuracy: 0.1875
1/1 [==============================] - 0s 5ms/step - loss: 4.7209 - accuracy: 0.1875
Epoch 3/25

1/1 [==============================] - ETA: 0s - loss: 4.7084 - accuracy: 0.3125
1/1 [==============================] - 0s 4ms/step - loss: 4.7084 - accuracy: 0.3125
Epoch 4/25

1/1 [==============================] - ETA: 0s - loss: 4.6957 - accuracy: 0.3750
1/1 [==============================] - 0s 5ms/step - loss: 4.6957 - accuracy: 0.3750
Epoch 5/25

1/1 [==============================] - ETA: 0s - loss: 4.6828 - accuracy: 0.3750
1/1 [==============================] - 0s 5ms/step - loss: 4.6828 - accuracy: 0.3750
Epoch 6/25

1/1 [==============================] - ETA: 0s - loss: 4.6697 - accuracy: 0.3750
1/1 [==============================] - 0s 5ms/step - loss: 4.6697 - accuracy: 0.3750
Epoch 7/25

1/1 [==============================] - ETA: 0s - loss: 4.6562 - accuracy: 0.3750
1/1 [==============================] - 0s 4ms/step - loss: 4.6562 - accuracy: 0.3750
Epoch 8/25

1/1 [==============================] - ETA: 0s - loss: 4.6425 - accuracy: 0.3750
1/1 [==============================] - 0s 4ms/step - loss: 4.6425 - accuracy: 0.3750
Epoch 9/25

1/1 [==============================] - ETA: 0s - loss: 4.6283 - accuracy: 0.3750
1/1 [==============================] - 0s 4ms/step - loss: 4.6283 - accuracy: 0.3750
Epoch 10/25

1/1 [==============================] - ETA: 0s - loss: 4.6137 - accuracy: 0.3750
1/1 [==============================] - 0s 5ms/step - loss: 4.6137 - accuracy: 0.3750
Epoch 11/25

1/1 [==============================] - ETA: 0s - loss: 4.5986 - accuracy: 0.3750
1/1 [==============================] - 0s 5ms/step - loss: 4.5986 - accuracy: 0.3750
Epoch 12/25

1/1 [==============================] - ETA: 0s - loss: 4.5830 - accuracy: 0.3750
1/1 [==============================] - 0s 4ms/step - loss: 4.5830 - accuracy: 0.3750
Epoch 13/25

1/1 [==============================] - ETA: 0s - loss: 4.5668 - accuracy: 0.3750
1/1 [==============================] - 0s 5ms/step - loss: 4.5668 - accuracy: 0.3750
Epoch 14/25

1/1 [==============================] - ETA: 0s - loss: 4.5500 - accuracy: 0.3750
1/1 [==============================] - 0s 4ms/step - loss: 4.5500 - accuracy: 0.3750
Epoch 15/25

1/1 [==============================] - ETA: 0s - loss: 4.5326 - accuracy: 0.3750
1/1 [==============================] - 0s 5ms/step - loss: 4.5326 - accuracy: 0.3750
Epoch 16/25

1/1 [==============================] - ETA: 0s - loss: 4.5145 - accuracy: 0.3750
1/1 [==============================] - 0s 5ms/step - loss: 4.5145 - accuracy: 0.3750
Epoch 17/25

1/1 [==============================] - ETA: 0s - loss: 4.4958 - accuracy: 0.3750
1/1 [==============================] - 0s 5ms/step - loss: 4.4958 - accuracy: 0.3750
Epoch 18/25

1/1 [==============================] - ETA: 0s - loss: 4.4764 - accuracy: 0.3750
1/1 [==============================] - 0s 5ms/step - loss: 4.4764 - accuracy: 0.3750
Epoch 19/25

1/1 [==============================] - ETA: 0s - loss: 4.4563 - accuracy: 0.3750
1/1 [==============================] - 0s 5ms/step - loss: 4.4563 - accuracy: 0.3750
Epoch 20/25

1/1 [==============================] - ETA: 0s - loss: 4.4354 - accuracy: 0.3750
1/1 [==============================] - 0s 5ms/step - loss: 4.4354 - accuracy: 0.3750
Epoch 21/25

1/1 [==============================] - ETA: 0s - loss: 4.4139 - accuracy: 0.3750
1/1 [==============================] - 0s 6ms/step - loss: 4.4139 - accuracy: 0.3750
Epoch 22/25

1/1 [==============================] - ETA: 0s - loss: 4.3917 - accuracy: 0.3750
1/1 [==============================] - 0s 4ms/step - loss: 4.3917 - accuracy: 0.3750
Epoch 23/25

1/1 [==============================] - ETA: 0s - loss: 4.3687 - accuracy: 0.3750
1/1 [==============================] - 0s 4ms/step - loss: 4.3687 - accuracy: 0.3750
Epoch 24/25

1/1 [==============================] - ETA: 0s - loss: 4.3450 - accuracy: 0.3750
1/1 [==============================] - 0s 5ms/step - loss: 4.3450 - accuracy: 0.3750
Epoch 25/25

1/1 [==============================] - ETA: 0s - loss: 4.3207 - accuracy: 0.3750
1/1 [==============================] - 0s 5ms/step - loss: 4.3207 - accuracy: 0.3750
# node2vec
Epoch 1/25

1/1 [==============================] - ETA: 0s - loss: 4.7674 - accuracy: 0.1875
1/1 [==============================] - 0s 272ms/step - loss: 4.7674 - accuracy: 0.1875
Epoch 2/25

1/1 [==============================] - ETA: 0s - loss: 4.7573 - accuracy: 0.1875
1/1 [==============================] - 0s 3ms/step - loss: 4.7573 - accuracy: 0.1875
Epoch 3/25

1/1 [==============================] - ETA: 0s - loss: 4.7472 - accuracy: 0.1875
1/1 [==============================] - 0s 3ms/step - loss: 4.7472 - accuracy: 0.1875
Epoch 4/25

1/1 [==============================] - ETA: 0s - loss: 4.7371 - accuracy: 0.1875
1/1 [==============================] - 0s 3ms/step - loss: 4.7371 - accuracy: 0.1875
Epoch 5/25

1/1 [==============================] - ETA: 0s - loss: 4.7270 - accuracy: 0.1875
1/1 [==============================] - 0s 2ms/step - loss: 4.7270 - accuracy: 0.1875
Epoch 6/25

1/1 [==============================] - ETA: 0s - loss: 4.7169 - accuracy: 0.1875
1/1 [==============================] - 0s 3ms/step - loss: 4.7169 - accuracy: 0.1875
Epoch 7/25

1/1 [==============================] - ETA: 0s - loss: 4.7068 - accuracy: 0.1875
1/1 [==============================] - 0s 3ms/step - loss: 4.7068 - accuracy: 0.1875
Epoch 8/25

1/1 [==============================] - ETA: 0s - loss: 4.6967 - accuracy: 0.1875
1/1 [==============================] - 0s 3ms/step - loss: 4.6967 - accuracy: 0.1875
Epoch 9/25

1/1 [==============================] - ETA: 0s - loss: 4.6866 - accuracy: 0.1875
1/1 [==============================] - 0s 3ms/step - loss: 4.6866 - accuracy: 0.1875
Epoch 10/25

1/1 [==============================] - ETA: 0s - loss: 4.6765 - accuracy: 0.1875
1/1 [==============================] - 0s 3ms/step - loss: 4.6765 - accuracy: 0.1875
Epoch 11/25

1/1 [==============================] - ETA: 0s - loss: 4.6665 - accuracy: 0.1875
1/1 [==============================] - 0s 3ms/step - loss: 4.6665 - accuracy: 0.1875
Epoch 12/25

1/1 [==============================] - ETA: 0s - loss: 4.6564 - accuracy: 0.1875
1/1 [==============================] - 0s 3ms/step - loss: 4.6564 - accuracy: 0.1875
Epoch 13/25

1/1 [==============================] - ETA: 0s - loss: 4.6463 - accuracy: 0.1875
1/1 [==============================] - 0s 3ms/step - loss: 4.6463 - accuracy: 0.1875
Epoch 14/25

1/1 [==============================] - ETA: 0s - loss: 4.6363 - accuracy: 0.1875
1/1 [==============================] - 0s 3ms/step - loss: 4.6363 - accuracy: 0.1875
Epoch 15/25

1/1 [==============================] - ETA: 0s - loss: 4.6263 - accuracy: 0.2500
1/1 [==============================] - 0s 3ms/step - loss: 4.6263 - accuracy: 0.2500
Epoch 16/25

1/1 [==============================] - ETA: 0s - loss: 4.6162 - accuracy: 0.2500
1/1 [==============================] - 0s 4ms/step - loss: 4.6162 - accuracy: 0.2500
Epoch 17/25

1/1 [==============================] - ETA: 0s - loss: 4.6062 - accuracy: 0.3125
1/1 [==============================] - 0s 2ms/step - loss: 4.6062 - accuracy: 0.3125
Epoch 18/25

1/1 [==============================] - ETA: 0s - loss: 4.5962 - accuracy: 0.3125
1/1 [==============================] - 0s 3ms/step - loss: 4.5962 - accuracy: 0.3125
Epoch 19/25

1/1 [==============================] - ETA: 0s - loss: 4.5862 - accuracy: 0.3750
1/1 [==============================] - 0s 3ms/step - loss: 4.5862 - accuracy: 0.3750
Epoch 20/25

1/1 [==============================] - ETA: 0s - loss: 4.5763 - accuracy: 0.3750
1/1 [==============================] - 0s 3ms/step - loss: 4.5763 - accuracy: 0.3750
Epoch 21/25

1/1 [==============================] - ETA: 0s - loss: 4.5663 - accuracy: 0.3750
1/1 [==============================] - 0s 4ms/step - loss: 4.5663 - accuracy: 0.3750
Epoch 22/25

1/1 [==============================] - ETA: 0s - loss: 4.5564 - accuracy: 0.3750
1/1 [==============================] - 0s 3ms/step - loss: 4.5564 - accuracy: 0.3750
Epoch 23/25

1/1 [==============================] - ETA: 0s - loss: 4.5464 - accuracy: 0.3750
1/1 [==============================] - 0s 3ms/step - loss: 4.5464 - accuracy: 0.3750
Epoch 24/25

1/1 [==============================] - ETA: 0s - loss: 4.5365 - accuracy: 0.3750
1/1 [==============================] - 0s 3ms/step - loss: 4.5365 - accuracy: 0.3750
Epoch 25/25

1/1 [==============================] - ETA: 0s - loss: 4.5266 - accuracy: 0.3750
1/1 [==============================] - 0s 3ms/step - loss: 4.5266 - accuracy: 0.3750
# predict: steps=12
# predict: tnodeembed_metrics
# predict: node2vec_metrics
tnodeembed: {'auc': 0.7105725246978649, 'f1_micro': 0.0, 'f1_macro': 0.0} tNodeEmbed_final_loss=4.320708274841309 tNodeEmbed_final_accuracy=0.375 
node2vec: {'auc': 0.6752021792954674, 'f1_micro': 0.0, 'f1_macro': 0.0} node2vec_final_loss=4.526589870452881 node2vec_final_accuracy=0.375 
