# load graph
Processing Static file: filename='CollegeMsg_20040923_nodes_20_edges_20_component_0.edges'
# initialize tNodeEmbed for dataset=COLLEGE_NC, test_size=0.2
# load dataset
# fit
# tNodeEmbed steps_per_epoch=1
Epoch 1/25

1/1 [==============================] - ETA: 0s - loss: 4.7453 - accuracy: 0.0625
1/1 [==============================] - 1s 1s/step - loss: 4.7453 - accuracy: 0.0625
Epoch 2/25

1/1 [==============================] - ETA: 0s - loss: 4.7140 - accuracy: 0.1250
1/1 [==============================] - 0s 6ms/step - loss: 4.7140 - accuracy: 0.1250
Epoch 3/25

1/1 [==============================] - ETA: 0s - loss: 4.6826 - accuracy: 0.1250
1/1 [==============================] - 0s 6ms/step - loss: 4.6826 - accuracy: 0.1250
Epoch 4/25

1/1 [==============================] - ETA: 0s - loss: 4.6513 - accuracy: 0.2500
1/1 [==============================] - 0s 5ms/step - loss: 4.6513 - accuracy: 0.2500
Epoch 5/25

1/1 [==============================] - ETA: 0s - loss: 4.6197 - accuracy: 0.6875
1/1 [==============================] - 0s 6ms/step - loss: 4.6197 - accuracy: 0.6875
Epoch 6/25

1/1 [==============================] - ETA: 0s - loss: 4.5879 - accuracy: 0.9375
1/1 [==============================] - 0s 5ms/step - loss: 4.5879 - accuracy: 0.9375
Epoch 7/25

1/1 [==============================] - ETA: 0s - loss: 4.5556 - accuracy: 1.0000
1/1 [==============================] - 0s 5ms/step - loss: 4.5556 - accuracy: 1.0000
Epoch 8/25

1/1 [==============================] - ETA: 0s - loss: 4.5228 - accuracy: 1.0000
1/1 [==============================] - 0s 5ms/step - loss: 4.5228 - accuracy: 1.0000
Epoch 9/25

1/1 [==============================] - ETA: 0s - loss: 4.4893 - accuracy: 1.0000
1/1 [==============================] - 0s 6ms/step - loss: 4.4893 - accuracy: 1.0000
Epoch 10/25

1/1 [==============================] - ETA: 0s - loss: 4.4550 - accuracy: 1.0000
1/1 [==============================] - 0s 5ms/step - loss: 4.4550 - accuracy: 1.0000
Epoch 11/25

1/1 [==============================] - ETA: 0s - loss: 4.4198 - accuracy: 1.0000
1/1 [==============================] - 0s 6ms/step - loss: 4.4198 - accuracy: 1.0000
Epoch 12/25

1/1 [==============================] - ETA: 0s - loss: 4.3835 - accuracy: 1.0000
1/1 [==============================] - 0s 7ms/step - loss: 4.3835 - accuracy: 1.0000
Epoch 13/25

1/1 [==============================] - ETA: 0s - loss: 4.3461 - accuracy: 1.0000
1/1 [==============================] - 0s 6ms/step - loss: 4.3461 - accuracy: 1.0000
Epoch 14/25

1/1 [==============================] - ETA: 0s - loss: 4.3074 - accuracy: 1.0000
1/1 [==============================] - 0s 5ms/step - loss: 4.3074 - accuracy: 1.0000
Epoch 15/25

1/1 [==============================] - ETA: 0s - loss: 4.2673 - accuracy: 1.0000
1/1 [==============================] - 0s 6ms/step - loss: 4.2673 - accuracy: 1.0000
Epoch 16/25

1/1 [==============================] - ETA: 0s - loss: 4.2257 - accuracy: 1.0000
1/1 [==============================] - 0s 5ms/step - loss: 4.2257 - accuracy: 1.0000
Epoch 17/25

1/1 [==============================] - ETA: 0s - loss: 4.1826 - accuracy: 1.0000
1/1 [==============================] - 0s 6ms/step - loss: 4.1826 - accuracy: 1.0000
Epoch 18/25

1/1 [==============================] - ETA: 0s - loss: 4.1377 - accuracy: 1.0000
1/1 [==============================] - 0s 6ms/step - loss: 4.1377 - accuracy: 1.0000
Epoch 19/25

1/1 [==============================] - ETA: 0s - loss: 4.0911 - accuracy: 1.0000
1/1 [==============================] - 0s 6ms/step - loss: 4.0911 - accuracy: 1.0000
Epoch 20/25

1/1 [==============================] - ETA: 0s - loss: 4.0426 - accuracy: 1.0000
1/1 [==============================] - 0s 5ms/step - loss: 4.0426 - accuracy: 1.0000
Epoch 21/25

1/1 [==============================] - ETA: 0s - loss: 3.9922 - accuracy: 1.0000
1/1 [==============================] - 0s 6ms/step - loss: 3.9922 - accuracy: 1.0000
Epoch 22/25

1/1 [==============================] - ETA: 0s - loss: 3.9398 - accuracy: 1.0000
1/1 [==============================] - 0s 6ms/step - loss: 3.9398 - accuracy: 1.0000
Epoch 23/25

1/1 [==============================] - ETA: 0s - loss: 3.8854 - accuracy: 1.0000
1/1 [==============================] - 0s 7ms/step - loss: 3.8854 - accuracy: 1.0000
Epoch 24/25

1/1 [==============================] - ETA: 0s - loss: 3.8288 - accuracy: 1.0000
1/1 [==============================] - 0s 6ms/step - loss: 3.8288 - accuracy: 1.0000
Epoch 25/25

1/1 [==============================] - ETA: 0s - loss: 3.7700 - accuracy: 1.0000
1/1 [==============================] - 0s 7ms/step - loss: 3.7700 - accuracy: 1.0000
# node2vec
Epoch 1/25

1/1 [==============================] - ETA: 0s - loss: 4.6828 - accuracy: 0.0625
1/1 [==============================] - 0s 231ms/step - loss: 4.6828 - accuracy: 0.0625
Epoch 2/25

1/1 [==============================] - ETA: 0s - loss: 4.6459 - accuracy: 0.0625
1/1 [==============================] - 0s 3ms/step - loss: 4.6459 - accuracy: 0.0625
Epoch 3/25

1/1 [==============================] - ETA: 0s - loss: 4.6090 - accuracy: 0.0625
1/1 [==============================] - 0s 2ms/step - loss: 4.6090 - accuracy: 0.0625
Epoch 4/25

1/1 [==============================] - ETA: 0s - loss: 4.5722 - accuracy: 0.0625
1/1 [==============================] - 0s 5ms/step - loss: 4.5722 - accuracy: 0.0625
Epoch 5/25

1/1 [==============================] - ETA: 0s - loss: 4.5354 - accuracy: 0.0625
1/1 [==============================] - 0s 4ms/step - loss: 4.5354 - accuracy: 0.0625
Epoch 6/25

1/1 [==============================] - ETA: 0s - loss: 4.4987 - accuracy: 0.1875
1/1 [==============================] - 0s 4ms/step - loss: 4.4987 - accuracy: 0.1875
Epoch 7/25

1/1 [==============================] - ETA: 0s - loss: 4.4620 - accuracy: 0.1875
1/1 [==============================] - 0s 3ms/step - loss: 4.4620 - accuracy: 0.1875
Epoch 8/25

1/1 [==============================] - ETA: 0s - loss: 4.4254 - accuracy: 0.1875
1/1 [==============================] - 0s 4ms/step - loss: 4.4254 - accuracy: 0.1875
Epoch 9/25

1/1 [==============================] - ETA: 0s - loss: 4.3889 - accuracy: 0.1875
1/1 [==============================] - 0s 4ms/step - loss: 4.3889 - accuracy: 0.1875
Epoch 10/25

1/1 [==============================] - ETA: 0s - loss: 4.3524 - accuracy: 0.1875
1/1 [==============================] - 0s 5ms/step - loss: 4.3524 - accuracy: 0.1875
Epoch 11/25

1/1 [==============================] - ETA: 0s - loss: 4.3160 - accuracy: 0.1875
1/1 [==============================] - 0s 3ms/step - loss: 4.3160 - accuracy: 0.1875
Epoch 12/25

1/1 [==============================] - ETA: 0s - loss: 4.2796 - accuracy: 0.1875
1/1 [==============================] - 0s 5ms/step - loss: 4.2796 - accuracy: 0.1875
Epoch 13/25

1/1 [==============================] - ETA: 0s - loss: 4.2433 - accuracy: 0.2500
1/1 [==============================] - 0s 5ms/step - loss: 4.2433 - accuracy: 0.2500
Epoch 14/25

1/1 [==============================] - ETA: 0s - loss: 4.2071 - accuracy: 0.3125
1/1 [==============================] - 0s 4ms/step - loss: 4.2071 - accuracy: 0.3125
Epoch 15/25

1/1 [==============================] - ETA: 0s - loss: 4.1709 - accuracy: 0.3750
1/1 [==============================] - 0s 3ms/step - loss: 4.1709 - accuracy: 0.3750
Epoch 16/25

1/1 [==============================] - ETA: 0s - loss: 4.1349 - accuracy: 0.3750
1/1 [==============================] - 0s 4ms/step - loss: 4.1349 - accuracy: 0.3750
Epoch 17/25

1/1 [==============================] - ETA: 0s - loss: 4.0989 - accuracy: 0.4375
1/1 [==============================] - 0s 3ms/step - loss: 4.0989 - accuracy: 0.4375
Epoch 18/25

1/1 [==============================] - ETA: 0s - loss: 4.0630 - accuracy: 0.4375
1/1 [==============================] - 0s 3ms/step - loss: 4.0630 - accuracy: 0.4375
Epoch 19/25

1/1 [==============================] - ETA: 0s - loss: 4.0272 - accuracy: 0.5000
1/1 [==============================] - 0s 3ms/step - loss: 4.0272 - accuracy: 0.5000
Epoch 20/25

1/1 [==============================] - ETA: 0s - loss: 3.9914 - accuracy: 0.5625
1/1 [==============================] - 0s 4ms/step - loss: 3.9914 - accuracy: 0.5625
Epoch 21/25

1/1 [==============================] - ETA: 0s - loss: 3.9558 - accuracy: 0.6875
1/1 [==============================] - 0s 4ms/step - loss: 3.9558 - accuracy: 0.6875
Epoch 22/25

1/1 [==============================] - ETA: 0s - loss: 3.9202 - accuracy: 0.6875
1/1 [==============================] - 0s 4ms/step - loss: 3.9202 - accuracy: 0.6875
Epoch 23/25

1/1 [==============================] - ETA: 0s - loss: 3.8847 - accuracy: 0.6875
1/1 [==============================] - 0s 4ms/step - loss: 3.8847 - accuracy: 0.6875
Epoch 24/25

1/1 [==============================] - ETA: 0s - loss: 3.8494 - accuracy: 0.6875
1/1 [==============================] - 0s 3ms/step - loss: 3.8494 - accuracy: 0.6875
Epoch 25/25

1/1 [==============================] - ETA: 0s - loss: 3.8141 - accuracy: 0.6875
1/1 [==============================] - 0s 3ms/step - loss: 3.8141 - accuracy: 0.6875
# predict: steps=12
# predict: tnodeembed_metrics
# predict: node2vec_metrics
tnodeembed: {'auc': 0.7355662123403525, 'f1_micro': 0.0, 'f1_macro': 0.0} tNodeEmbed_final_loss=3.77004337310791 tNodeEmbed_final_accuracy=1.0 
node2vec: {'auc': 0.6335506091731424, 'f1_micro': 0.0, 'f1_macro': 0.0} node2vec_final_loss=3.8140954971313477 node2vec_final_accuracy=0.6875 
