# load graph
Processing Static file: filename='CollegeMsg_20040621_nodes_2_edges_1_component_0.edges'
# initialize tNodeEmbed for dataset=COLLEGE_NC, test_size=0.2
# load dataset
# fit
# tNodeEmbed steps_per_epoch=1
Epoch 1/25

1/1 [==============================] - ETA: 0s - loss: 4.7454 - accuracy: 0.0000e+00
1/1 [==============================] - 1s 1s/step - loss: 4.7454 - accuracy: 0.0000e+00
Epoch 2/25

1/1 [==============================] - ETA: 0s - loss: 4.7120 - accuracy: 0.0625
1/1 [==============================] - 0s 3ms/step - loss: 4.7120 - accuracy: 0.0625
Epoch 3/25

1/1 [==============================] - ETA: 0s - loss: 4.6786 - accuracy: 0.1875
1/1 [==============================] - 0s 5ms/step - loss: 4.6786 - accuracy: 0.1875
Epoch 4/25

1/1 [==============================] - ETA: 0s - loss: 4.6449 - accuracy: 0.2500
1/1 [==============================] - 0s 5ms/step - loss: 4.6449 - accuracy: 0.2500
Epoch 5/25

1/1 [==============================] - ETA: 0s - loss: 4.6109 - accuracy: 0.5000
1/1 [==============================] - 0s 5ms/step - loss: 4.6109 - accuracy: 0.5000
Epoch 6/25

1/1 [==============================] - ETA: 0s - loss: 4.5764 - accuracy: 0.6875
1/1 [==============================] - 0s 4ms/step - loss: 4.5764 - accuracy: 0.6875
Epoch 7/25

1/1 [==============================] - ETA: 0s - loss: 4.5413 - accuracy: 0.8125
1/1 [==============================] - 0s 5ms/step - loss: 4.5413 - accuracy: 0.8125
Epoch 8/25

1/1 [==============================] - ETA: 0s - loss: 4.5055 - accuracy: 0.8125
1/1 [==============================] - 0s 4ms/step - loss: 4.5055 - accuracy: 0.8125
Epoch 9/25

1/1 [==============================] - ETA: 0s - loss: 4.4687 - accuracy: 0.8750
1/1 [==============================] - 0s 4ms/step - loss: 4.4687 - accuracy: 0.8750
Epoch 10/25

1/1 [==============================] - ETA: 0s - loss: 4.4310 - accuracy: 0.8750
1/1 [==============================] - 0s 4ms/step - loss: 4.4310 - accuracy: 0.8750
Epoch 11/25

1/1 [==============================] - ETA: 0s - loss: 4.3920 - accuracy: 0.8750
1/1 [==============================] - 0s 4ms/step - loss: 4.3920 - accuracy: 0.8750
Epoch 12/25

1/1 [==============================] - ETA: 0s - loss: 4.3518 - accuracy: 0.8750
1/1 [==============================] - 0s 4ms/step - loss: 4.3518 - accuracy: 0.8750
Epoch 13/25

1/1 [==============================] - ETA: 0s - loss: 4.3101 - accuracy: 0.8750
1/1 [==============================] - 0s 4ms/step - loss: 4.3101 - accuracy: 0.8750
Epoch 14/25

1/1 [==============================] - ETA: 0s - loss: 4.2668 - accuracy: 0.8750
1/1 [==============================] - 0s 5ms/step - loss: 4.2668 - accuracy: 0.8750
Epoch 15/25

1/1 [==============================] - ETA: 0s - loss: 4.2219 - accuracy: 0.8750
1/1 [==============================] - 0s 4ms/step - loss: 4.2219 - accuracy: 0.8750
Epoch 16/25

1/1 [==============================] - ETA: 0s - loss: 4.1751 - accuracy: 0.8750
1/1 [==============================] - 0s 4ms/step - loss: 4.1751 - accuracy: 0.8750
Epoch 17/25

1/1 [==============================] - ETA: 0s - loss: 4.1265 - accuracy: 0.8750
1/1 [==============================] - 0s 5ms/step - loss: 4.1265 - accuracy: 0.8750
Epoch 18/25

1/1 [==============================] - ETA: 0s - loss: 4.0759 - accuracy: 0.8750
1/1 [==============================] - 0s 4ms/step - loss: 4.0759 - accuracy: 0.8750
Epoch 19/25

1/1 [==============================] - ETA: 0s - loss: 4.0232 - accuracy: 0.8750
1/1 [==============================] - 0s 4ms/step - loss: 4.0232 - accuracy: 0.8750
Epoch 20/25

1/1 [==============================] - ETA: 0s - loss: 3.9684 - accuracy: 0.8750
1/1 [==============================] - 0s 4ms/step - loss: 3.9684 - accuracy: 0.8750
Epoch 21/25

1/1 [==============================] - ETA: 0s - loss: 3.9114 - accuracy: 0.8750
1/1 [==============================] - 0s 4ms/step - loss: 3.9114 - accuracy: 0.8750
Epoch 22/25

1/1 [==============================] - ETA: 0s - loss: 3.8520 - accuracy: 0.8750
1/1 [==============================] - 0s 5ms/step - loss: 3.8520 - accuracy: 0.8750
Epoch 23/25

1/1 [==============================] - ETA: 0s - loss: 3.7904 - accuracy: 0.8750
1/1 [==============================] - 0s 4ms/step - loss: 3.7904 - accuracy: 0.8750
Epoch 24/25

1/1 [==============================] - ETA: 0s - loss: 3.7263 - accuracy: 0.8750
1/1 [==============================] - 0s 4ms/step - loss: 3.7263 - accuracy: 0.8750
Epoch 25/25

1/1 [==============================] - ETA: 0s - loss: 3.6599 - accuracy: 0.8750
1/1 [==============================] - 0s 4ms/step - loss: 3.6599 - accuracy: 0.8750
# node2vec
Epoch 1/25

1/1 [==============================] - ETA: 0s - loss: 4.6541 - accuracy: 0.0000e+00
1/1 [==============================] - 0s 195ms/step - loss: 4.6541 - accuracy: 0.0000e+00
Epoch 2/25

1/1 [==============================] - ETA: 0s - loss: 4.6163 - accuracy: 0.0000e+00
1/1 [==============================] - 0s 3ms/step - loss: 4.6163 - accuracy: 0.0000e+00
Epoch 3/25

1/1 [==============================] - ETA: 0s - loss: 4.5785 - accuracy: 0.1250
1/1 [==============================] - 0s 3ms/step - loss: 4.5785 - accuracy: 0.1250
Epoch 4/25

1/1 [==============================] - ETA: 0s - loss: 4.5408 - accuracy: 0.1875
1/1 [==============================] - 0s 3ms/step - loss: 4.5408 - accuracy: 0.1875
Epoch 5/25

1/1 [==============================] - ETA: 0s - loss: 4.5031 - accuracy: 0.2500
1/1 [==============================] - 0s 3ms/step - loss: 4.5031 - accuracy: 0.2500
Epoch 6/25

1/1 [==============================] - ETA: 0s - loss: 4.4655 - accuracy: 0.2500
1/1 [==============================] - 0s 3ms/step - loss: 4.4655 - accuracy: 0.2500
Epoch 7/25

1/1 [==============================] - ETA: 0s - loss: 4.4279 - accuracy: 0.2500
1/1 [==============================] - 0s 3ms/step - loss: 4.4279 - accuracy: 0.2500
Epoch 8/25

1/1 [==============================] - ETA: 0s - loss: 4.3905 - accuracy: 0.2500
1/1 [==============================] - 0s 4ms/step - loss: 4.3905 - accuracy: 0.2500
Epoch 9/25

1/1 [==============================] - ETA: 0s - loss: 4.3531 - accuracy: 0.2500
1/1 [==============================] - 0s 3ms/step - loss: 4.3531 - accuracy: 0.2500
Epoch 10/25

1/1 [==============================] - ETA: 0s - loss: 4.3157 - accuracy: 0.2500
1/1 [==============================] - 0s 3ms/step - loss: 4.3157 - accuracy: 0.2500
Epoch 11/25

1/1 [==============================] - ETA: 0s - loss: 4.2785 - accuracy: 0.3125
1/1 [==============================] - 0s 3ms/step - loss: 4.2785 - accuracy: 0.3125
Epoch 12/25

1/1 [==============================] - ETA: 0s - loss: 4.2413 - accuracy: 0.3125
1/1 [==============================] - 0s 2ms/step - loss: 4.2413 - accuracy: 0.3125
Epoch 13/25

1/1 [==============================] - ETA: 0s - loss: 4.2042 - accuracy: 0.3125
1/1 [==============================] - 0s 4ms/step - loss: 4.2042 - accuracy: 0.3125
Epoch 14/25

1/1 [==============================] - ETA: 0s - loss: 4.1672 - accuracy: 0.3750
1/1 [==============================] - 0s 2ms/step - loss: 4.1672 - accuracy: 0.3750
Epoch 15/25

1/1 [==============================] - ETA: 0s - loss: 4.1302 - accuracy: 0.3750
1/1 [==============================] - 0s 2ms/step - loss: 4.1302 - accuracy: 0.3750
Epoch 16/25

1/1 [==============================] - ETA: 0s - loss: 4.0934 - accuracy: 0.3750
1/1 [==============================] - 0s 3ms/step - loss: 4.0934 - accuracy: 0.3750
Epoch 17/25

1/1 [==============================] - ETA: 0s - loss: 4.0567 - accuracy: 0.3750
1/1 [==============================] - 0s 3ms/step - loss: 4.0567 - accuracy: 0.3750
Epoch 18/25

1/1 [==============================] - ETA: 0s - loss: 4.0200 - accuracy: 0.3750
1/1 [==============================] - 0s 4ms/step - loss: 4.0200 - accuracy: 0.3750
Epoch 19/25

1/1 [==============================] - ETA: 0s - loss: 3.9834 - accuracy: 0.3750
1/1 [==============================] - 0s 2ms/step - loss: 3.9834 - accuracy: 0.3750
Epoch 20/25

1/1 [==============================] - ETA: 0s - loss: 3.9470 - accuracy: 0.4375
1/1 [==============================] - 0s 4ms/step - loss: 3.9470 - accuracy: 0.4375
Epoch 21/25

1/1 [==============================] - ETA: 0s - loss: 3.9106 - accuracy: 0.5625
1/1 [==============================] - 0s 3ms/step - loss: 3.9106 - accuracy: 0.5625
Epoch 22/25

1/1 [==============================] - ETA: 0s - loss: 3.8744 - accuracy: 0.5625
1/1 [==============================] - 0s 3ms/step - loss: 3.8744 - accuracy: 0.5625
Epoch 23/25

1/1 [==============================] - ETA: 0s - loss: 3.8382 - accuracy: 0.5625
1/1 [==============================] - 0s 3ms/step - loss: 3.8382 - accuracy: 0.5625
Epoch 24/25

1/1 [==============================] - ETA: 0s - loss: 3.8022 - accuracy: 0.5625
1/1 [==============================] - 0s 3ms/step - loss: 3.8022 - accuracy: 0.5625
Epoch 25/25

1/1 [==============================] - ETA: 0s - loss: 3.7663 - accuracy: 0.6250
1/1 [==============================] - 0s 4ms/step - loss: 3.7663 - accuracy: 0.6250
# predict: steps=12
# predict: tnodeembed_metrics
# predict: node2vec_metrics
tnodeembed: {'auc': 0.7303214093104209, 'f1_micro': 0.0, 'f1_macro': 0.0} tNodeEmbed_final_loss=3.659858465194702 tNodeEmbed_final_accuracy=0.875 
node2vec: {'auc': 0.6374482447969015, 'f1_micro': 0.0, 'f1_macro': 0.0} node2vec_final_loss=3.766296625137329 node2vec_final_accuracy=0.625 
