# load graph
Processing Static file: filename='CollegeMsg_20040609_nodes_207_edges_239_component_0.edges'
# initialize tNodeEmbed for dataset=COLLEGE_NC, test_size=0.2
# load dataset
# fit
# tNodeEmbed steps_per_epoch=1
Epoch 1/25

1/1 [==============================] - ETA: 0s - loss: 4.7351 - accuracy: 0.0625
1/1 [==============================] - 1s 1s/step - loss: 4.7351 - accuracy: 0.0625
Epoch 2/25

1/1 [==============================] - ETA: 0s - loss: 4.7079 - accuracy: 0.0000e+00
1/1 [==============================] - 0s 4ms/step - loss: 4.7079 - accuracy: 0.0000e+00
Epoch 3/25

1/1 [==============================] - ETA: 0s - loss: 4.6805 - accuracy: 0.1875
1/1 [==============================] - 0s 4ms/step - loss: 4.6805 - accuracy: 0.1875
Epoch 4/25

1/1 [==============================] - ETA: 0s - loss: 4.6530 - accuracy: 0.3750
1/1 [==============================] - 0s 5ms/step - loss: 4.6530 - accuracy: 0.3750
Epoch 5/25

1/1 [==============================] - ETA: 0s - loss: 4.6252 - accuracy: 0.5000
1/1 [==============================] - 0s 5ms/step - loss: 4.6252 - accuracy: 0.5000
Epoch 6/25

1/1 [==============================] - ETA: 0s - loss: 4.5971 - accuracy: 0.6250
1/1 [==============================] - 0s 5ms/step - loss: 4.5971 - accuracy: 0.6250
Epoch 7/25

1/1 [==============================] - ETA: 0s - loss: 4.5685 - accuracy: 0.7500
1/1 [==============================] - 0s 4ms/step - loss: 4.5685 - accuracy: 0.7500
Epoch 8/25

1/1 [==============================] - ETA: 0s - loss: 4.5394 - accuracy: 0.7500
1/1 [==============================] - 0s 4ms/step - loss: 4.5394 - accuracy: 0.7500
Epoch 9/25

1/1 [==============================] - ETA: 0s - loss: 4.5096 - accuracy: 0.7500
1/1 [==============================] - 0s 4ms/step - loss: 4.5096 - accuracy: 0.7500
Epoch 10/25

1/1 [==============================] - ETA: 0s - loss: 4.4790 - accuracy: 0.7500
1/1 [==============================] - 0s 4ms/step - loss: 4.4790 - accuracy: 0.7500
Epoch 11/25

1/1 [==============================] - ETA: 0s - loss: 4.4476 - accuracy: 0.7500
1/1 [==============================] - 0s 5ms/step - loss: 4.4476 - accuracy: 0.7500
Epoch 12/25

1/1 [==============================] - ETA: 0s - loss: 4.4152 - accuracy: 0.7500
1/1 [==============================] - 0s 3ms/step - loss: 4.4152 - accuracy: 0.7500
Epoch 13/25

1/1 [==============================] - ETA: 0s - loss: 4.3818 - accuracy: 0.7500
1/1 [==============================] - 0s 5ms/step - loss: 4.3818 - accuracy: 0.7500
Epoch 14/25

1/1 [==============================] - ETA: 0s - loss: 4.3472 - accuracy: 0.7500
1/1 [==============================] - 0s 4ms/step - loss: 4.3472 - accuracy: 0.7500
Epoch 15/25

1/1 [==============================] - ETA: 0s - loss: 4.3115 - accuracy: 0.7500
1/1 [==============================] - 0s 4ms/step - loss: 4.3115 - accuracy: 0.7500
Epoch 16/25

1/1 [==============================] - ETA: 0s - loss: 4.2744 - accuracy: 0.7500
1/1 [==============================] - 0s 5ms/step - loss: 4.2744 - accuracy: 0.7500
Epoch 17/25

1/1 [==============================] - ETA: 0s - loss: 4.2360 - accuracy: 0.7500
1/1 [==============================] - 0s 4ms/step - loss: 4.2360 - accuracy: 0.7500
Epoch 18/25

1/1 [==============================] - ETA: 0s - loss: 4.1962 - accuracy: 0.7500
1/1 [==============================] - 0s 5ms/step - loss: 4.1962 - accuracy: 0.7500
Epoch 19/25

1/1 [==============================] - ETA: 0s - loss: 4.1548 - accuracy: 0.7500
1/1 [==============================] - 0s 4ms/step - loss: 4.1548 - accuracy: 0.7500
Epoch 20/25

1/1 [==============================] - ETA: 0s - loss: 4.1119 - accuracy: 0.7500
1/1 [==============================] - 0s 4ms/step - loss: 4.1119 - accuracy: 0.7500
Epoch 21/25

1/1 [==============================] - ETA: 0s - loss: 4.0673 - accuracy: 0.7500
1/1 [==============================] - 0s 4ms/step - loss: 4.0673 - accuracy: 0.7500
Epoch 22/25

1/1 [==============================] - ETA: 0s - loss: 4.0211 - accuracy: 0.7500
1/1 [==============================] - 0s 4ms/step - loss: 4.0211 - accuracy: 0.7500
Epoch 23/25

1/1 [==============================] - ETA: 0s - loss: 3.9731 - accuracy: 0.7500
1/1 [==============================] - 0s 5ms/step - loss: 3.9731 - accuracy: 0.7500
Epoch 24/25

1/1 [==============================] - ETA: 0s - loss: 3.9234 - accuracy: 0.7500
1/1 [==============================] - 0s 5ms/step - loss: 3.9234 - accuracy: 0.7500
Epoch 25/25

1/1 [==============================] - ETA: 0s - loss: 3.8719 - accuracy: 0.7500
1/1 [==============================] - 0s 4ms/step - loss: 3.8719 - accuracy: 0.7500
# node2vec
Epoch 1/25

1/1 [==============================] - ETA: 0s - loss: 4.7524 - accuracy: 0.0625
1/1 [==============================] - 0s 201ms/step - loss: 4.7524 - accuracy: 0.0625
Epoch 2/25

1/1 [==============================] - ETA: 0s - loss: 4.7206 - accuracy: 0.1250
1/1 [==============================] - 0s 2ms/step - loss: 4.7206 - accuracy: 0.1250
Epoch 3/25

1/1 [==============================] - ETA: 0s - loss: 4.6889 - accuracy: 0.1250
1/1 [==============================] - 0s 3ms/step - loss: 4.6889 - accuracy: 0.1250
Epoch 4/25

1/1 [==============================] - ETA: 0s - loss: 4.6573 - accuracy: 0.1875
1/1 [==============================] - 0s 3ms/step - loss: 4.6573 - accuracy: 0.1875
Epoch 5/25

1/1 [==============================] - ETA: 0s - loss: 4.6256 - accuracy: 0.1875
1/1 [==============================] - 0s 3ms/step - loss: 4.6256 - accuracy: 0.1875
Epoch 6/25

1/1 [==============================] - ETA: 0s - loss: 4.5941 - accuracy: 0.1875
1/1 [==============================] - 0s 3ms/step - loss: 4.5941 - accuracy: 0.1875
Epoch 7/25

1/1 [==============================] - ETA: 0s - loss: 4.5625 - accuracy: 0.1875
1/1 [==============================] - 0s 2ms/step - loss: 4.5625 - accuracy: 0.1875
Epoch 8/25

1/1 [==============================] - ETA: 0s - loss: 4.5310 - accuracy: 0.1875
1/1 [==============================] - 0s 2ms/step - loss: 4.5310 - accuracy: 0.1875
Epoch 9/25

1/1 [==============================] - ETA: 0s - loss: 4.4996 - accuracy: 0.1875
1/1 [==============================] - 0s 3ms/step - loss: 4.4996 - accuracy: 0.1875
Epoch 10/25

1/1 [==============================] - ETA: 0s - loss: 4.4682 - accuracy: 0.1875
1/1 [==============================] - 0s 3ms/step - loss: 4.4682 - accuracy: 0.1875
Epoch 11/25

1/1 [==============================] - ETA: 0s - loss: 4.4369 - accuracy: 0.1875
1/1 [==============================] - 0s 3ms/step - loss: 4.4369 - accuracy: 0.1875
Epoch 12/25

1/1 [==============================] - ETA: 0s - loss: 4.4056 - accuracy: 0.1875
1/1 [==============================] - 0s 3ms/step - loss: 4.4056 - accuracy: 0.1875
Epoch 13/25

1/1 [==============================] - ETA: 0s - loss: 4.3743 - accuracy: 0.1875
1/1 [==============================] - 0s 4ms/step - loss: 4.3743 - accuracy: 0.1875
Epoch 14/25

1/1 [==============================] - ETA: 0s - loss: 4.3432 - accuracy: 0.1875
1/1 [==============================] - 0s 3ms/step - loss: 4.3432 - accuracy: 0.1875
Epoch 15/25

1/1 [==============================] - ETA: 0s - loss: 4.3121 - accuracy: 0.2500
1/1 [==============================] - 0s 4ms/step - loss: 4.3121 - accuracy: 0.2500
Epoch 16/25

1/1 [==============================] - ETA: 0s - loss: 4.2810 - accuracy: 0.2500
1/1 [==============================] - 0s 4ms/step - loss: 4.2810 - accuracy: 0.2500
Epoch 17/25

1/1 [==============================] - ETA: 0s - loss: 4.2500 - accuracy: 0.3125
1/1 [==============================] - 0s 4ms/step - loss: 4.2500 - accuracy: 0.3125
Epoch 18/25

1/1 [==============================] - ETA: 0s - loss: 4.2191 - accuracy: 0.2500
1/1 [==============================] - 0s 4ms/step - loss: 4.2191 - accuracy: 0.2500
Epoch 19/25

1/1 [==============================] - ETA: 0s - loss: 4.1883 - accuracy: 0.3125
1/1 [==============================] - 0s 3ms/step - loss: 4.1883 - accuracy: 0.3125
Epoch 20/25

1/1 [==============================] - ETA: 0s - loss: 4.1575 - accuracy: 0.3750
1/1 [==============================] - 0s 5ms/step - loss: 4.1575 - accuracy: 0.3750
Epoch 21/25

1/1 [==============================] - ETA: 0s - loss: 4.1268 - accuracy: 0.3750
1/1 [==============================] - 0s 4ms/step - loss: 4.1268 - accuracy: 0.3750
Epoch 22/25

1/1 [==============================] - ETA: 0s - loss: 4.0961 - accuracy: 0.3750
1/1 [==============================] - 0s 3ms/step - loss: 4.0961 - accuracy: 0.3750
Epoch 23/25

1/1 [==============================] - ETA: 0s - loss: 4.0656 - accuracy: 0.3750
1/1 [==============================] - 0s 4ms/step - loss: 4.0656 - accuracy: 0.3750
Epoch 24/25

1/1 [==============================] - ETA: 0s - loss: 4.0351 - accuracy: 0.4375
1/1 [==============================] - 0s 3ms/step - loss: 4.0351 - accuracy: 0.4375
Epoch 25/25

1/1 [==============================] - ETA: 0s - loss: 4.0047 - accuracy: 0.5000
1/1 [==============================] - 0s 3ms/step - loss: 4.0047 - accuracy: 0.5000
# predict: steps=12
# predict: tnodeembed_metrics
# predict: node2vec_metrics
tnodeembed: {'auc': 0.6899403083862427, 'f1_micro': 0.0, 'f1_macro': 0.0} tNodeEmbed_final_loss=3.8719305992126465 tNodeEmbed_final_accuracy=0.75 
node2vec: {'auc': 0.6067326502095948, 'f1_micro': 0.0, 'f1_macro': 0.0} node2vec_final_loss=4.004708290100098 node2vec_final_accuracy=0.5 
