# load graph
Processing Static file: filename='CollegeMsg_20041008_nodes_3_edges_2_component_0.edges'
# initialize tNodeEmbed for dataset=COLLEGE_NC, test_size=0.2
# load dataset
# fit
# tNodeEmbed steps_per_epoch=1
Epoch 1/25

1/1 [==============================] - ETA: 0s - loss: 4.7327 - accuracy: 0.0000e+00
1/1 [==============================] - 1s 986ms/step - loss: 4.7327 - accuracy: 0.0000e+00
Epoch 2/25

1/1 [==============================] - ETA: 0s - loss: 4.6981 - accuracy: 0.0000e+00
1/1 [==============================] - 0s 5ms/step - loss: 4.6981 - accuracy: 0.0000e+00
Epoch 3/25

1/1 [==============================] - ETA: 0s - loss: 4.6635 - accuracy: 0.1875
1/1 [==============================] - 0s 6ms/step - loss: 4.6635 - accuracy: 0.1875
Epoch 4/25

1/1 [==============================] - ETA: 0s - loss: 4.6287 - accuracy: 0.2500
1/1 [==============================] - 0s 5ms/step - loss: 4.6287 - accuracy: 0.2500
Epoch 5/25

1/1 [==============================] - ETA: 0s - loss: 4.5935 - accuracy: 0.3750
1/1 [==============================] - 0s 4ms/step - loss: 4.5935 - accuracy: 0.3750
Epoch 6/25

1/1 [==============================] - ETA: 0s - loss: 4.5579 - accuracy: 0.5625
1/1 [==============================] - 0s 5ms/step - loss: 4.5579 - accuracy: 0.5625
Epoch 7/25

1/1 [==============================] - ETA: 0s - loss: 4.5215 - accuracy: 0.7500
1/1 [==============================] - 0s 4ms/step - loss: 4.5215 - accuracy: 0.7500
Epoch 8/25

1/1 [==============================] - ETA: 0s - loss: 4.4844 - accuracy: 0.9375
1/1 [==============================] - 0s 4ms/step - loss: 4.4844 - accuracy: 0.9375
Epoch 9/25

1/1 [==============================] - ETA: 0s - loss: 4.4464 - accuracy: 1.0000
1/1 [==============================] - 0s 4ms/step - loss: 4.4464 - accuracy: 1.0000
Epoch 10/25

1/1 [==============================] - ETA: 0s - loss: 4.4073 - accuracy: 1.0000
1/1 [==============================] - 0s 5ms/step - loss: 4.4073 - accuracy: 1.0000
Epoch 11/25

1/1 [==============================] - ETA: 0s - loss: 4.3670 - accuracy: 1.0000
1/1 [==============================] - 0s 4ms/step - loss: 4.3670 - accuracy: 1.0000
Epoch 12/25

1/1 [==============================] - ETA: 0s - loss: 4.3254 - accuracy: 1.0000
1/1 [==============================] - 0s 5ms/step - loss: 4.3254 - accuracy: 1.0000
Epoch 13/25

1/1 [==============================] - ETA: 0s - loss: 4.2824 - accuracy: 1.0000
1/1 [==============================] - 0s 5ms/step - loss: 4.2824 - accuracy: 1.0000
Epoch 14/25

1/1 [==============================] - ETA: 0s - loss: 4.2378 - accuracy: 1.0000
1/1 [==============================] - 0s 6ms/step - loss: 4.2378 - accuracy: 1.0000
Epoch 15/25

1/1 [==============================] - ETA: 0s - loss: 4.1915 - accuracy: 1.0000
1/1 [==============================] - 0s 5ms/step - loss: 4.1915 - accuracy: 1.0000
Epoch 16/25

1/1 [==============================] - ETA: 0s - loss: 4.1434 - accuracy: 1.0000
1/1 [==============================] - 0s 5ms/step - loss: 4.1434 - accuracy: 1.0000
Epoch 17/25

1/1 [==============================] - ETA: 0s - loss: 4.0935 - accuracy: 1.0000
1/1 [==============================] - 0s 7ms/step - loss: 4.0935 - accuracy: 1.0000
Epoch 18/25

1/1 [==============================] - ETA: 0s - loss: 4.0416 - accuracy: 1.0000
1/1 [==============================] - 0s 6ms/step - loss: 4.0416 - accuracy: 1.0000
Epoch 19/25

1/1 [==============================] - ETA: 0s - loss: 3.9876 - accuracy: 1.0000
1/1 [==============================] - 0s 6ms/step - loss: 3.9876 - accuracy: 1.0000
Epoch 20/25

1/1 [==============================] - ETA: 0s - loss: 3.9314 - accuracy: 1.0000
1/1 [==============================] - 0s 6ms/step - loss: 3.9314 - accuracy: 1.0000
Epoch 21/25

1/1 [==============================] - ETA: 0s - loss: 3.8731 - accuracy: 1.0000
1/1 [==============================] - 0s 6ms/step - loss: 3.8731 - accuracy: 1.0000
Epoch 22/25

1/1 [==============================] - ETA: 0s - loss: 3.8124 - accuracy: 1.0000
1/1 [==============================] - 0s 7ms/step - loss: 3.8124 - accuracy: 1.0000
Epoch 23/25

1/1 [==============================] - ETA: 0s - loss: 3.7494 - accuracy: 1.0000
1/1 [==============================] - 0s 8ms/step - loss: 3.7494 - accuracy: 1.0000
Epoch 24/25

1/1 [==============================] - ETA: 0s - loss: 3.6840 - accuracy: 1.0000
1/1 [==============================] - 0s 6ms/step - loss: 3.6840 - accuracy: 1.0000
Epoch 25/25

1/1 [==============================] - ETA: 0s - loss: 3.6162 - accuracy: 1.0000
1/1 [==============================] - 0s 6ms/step - loss: 3.6162 - accuracy: 1.0000
# node2vec
Epoch 1/25

1/1 [==============================] - ETA: 0s - loss: 4.9079 - accuracy: 0.0000e+00
1/1 [==============================] - 0s 194ms/step - loss: 4.9079 - accuracy: 0.0000e+00
Epoch 2/25

1/1 [==============================] - ETA: 0s - loss: 4.8680 - accuracy: 0.0000e+00
1/1 [==============================] - 0s 2ms/step - loss: 4.8680 - accuracy: 0.0000e+00
Epoch 3/25

1/1 [==============================] - ETA: 0s - loss: 4.8282 - accuracy: 0.0000e+00
1/1 [==============================] - 0s 3ms/step - loss: 4.8282 - accuracy: 0.0000e+00
Epoch 4/25

1/1 [==============================] - ETA: 0s - loss: 4.7884 - accuracy: 0.0000e+00
1/1 [==============================] - 0s 4ms/step - loss: 4.7884 - accuracy: 0.0000e+00
Epoch 5/25

1/1 [==============================] - ETA: 0s - loss: 4.7486 - accuracy: 0.0000e+00
1/1 [==============================] - 0s 3ms/step - loss: 4.7486 - accuracy: 0.0000e+00
Epoch 6/25

1/1 [==============================] - ETA: 0s - loss: 4.7090 - accuracy: 0.0000e+00
1/1 [==============================] - 0s 3ms/step - loss: 4.7090 - accuracy: 0.0000e+00
Epoch 7/25

1/1 [==============================] - ETA: 0s - loss: 4.6693 - accuracy: 0.0625
1/1 [==============================] - 0s 2ms/step - loss: 4.6693 - accuracy: 0.0625
Epoch 8/25

1/1 [==============================] - ETA: 0s - loss: 4.6297 - accuracy: 0.0625
1/1 [==============================] - 0s 3ms/step - loss: 4.6297 - accuracy: 0.0625
Epoch 9/25

1/1 [==============================] - ETA: 0s - loss: 4.5902 - accuracy: 0.1250
1/1 [==============================] - 0s 3ms/step - loss: 4.5902 - accuracy: 0.1250
Epoch 10/25

1/1 [==============================] - ETA: 0s - loss: 4.5508 - accuracy: 0.1250
1/1 [==============================] - 0s 3ms/step - loss: 4.5508 - accuracy: 0.1250
Epoch 11/25

1/1 [==============================] - ETA: 0s - loss: 4.5114 - accuracy: 0.1250
1/1 [==============================] - 0s 3ms/step - loss: 4.5114 - accuracy: 0.1250
Epoch 12/25

1/1 [==============================] - ETA: 0s - loss: 4.4721 - accuracy: 0.1250
1/1 [==============================] - 0s 3ms/step - loss: 4.4721 - accuracy: 0.1250
Epoch 13/25

1/1 [==============================] - ETA: 0s - loss: 4.4328 - accuracy: 0.2500
1/1 [==============================] - 0s 2ms/step - loss: 4.4328 - accuracy: 0.2500
Epoch 14/25

1/1 [==============================] - ETA: 0s - loss: 4.3936 - accuracy: 0.3125
1/1 [==============================] - 0s 2ms/step - loss: 4.3936 - accuracy: 0.3125
Epoch 15/25

1/1 [==============================] - ETA: 0s - loss: 4.3545 - accuracy: 0.3125
1/1 [==============================] - 0s 2ms/step - loss: 4.3545 - accuracy: 0.3125
Epoch 16/25

1/1 [==============================] - ETA: 0s - loss: 4.3155 - accuracy: 0.3125
1/1 [==============================] - 0s 2ms/step - loss: 4.3155 - accuracy: 0.3125
Epoch 17/25

1/1 [==============================] - ETA: 0s - loss: 4.2766 - accuracy: 0.3750
1/1 [==============================] - 0s 2ms/step - loss: 4.2766 - accuracy: 0.3750
Epoch 18/25

1/1 [==============================] - ETA: 0s - loss: 4.2377 - accuracy: 0.3750
1/1 [==============================] - 0s 2ms/step - loss: 4.2377 - accuracy: 0.3750
Epoch 19/25

1/1 [==============================] - ETA: 0s - loss: 4.1990 - accuracy: 0.3750
1/1 [==============================] - 0s 2ms/step - loss: 4.1990 - accuracy: 0.3750
Epoch 20/25

1/1 [==============================] - ETA: 0s - loss: 4.1603 - accuracy: 0.3750
1/1 [==============================] - 0s 6ms/step - loss: 4.1603 - accuracy: 0.3750
Epoch 21/25

1/1 [==============================] - ETA: 0s - loss: 4.1217 - accuracy: 0.3750
1/1 [==============================] - 0s 6ms/step - loss: 4.1217 - accuracy: 0.3750
Epoch 22/25

1/1 [==============================] - ETA: 0s - loss: 4.0832 - accuracy: 0.3750
1/1 [==============================] - 0s 5ms/step - loss: 4.0832 - accuracy: 0.3750
Epoch 23/25

1/1 [==============================] - ETA: 0s - loss: 4.0448 - accuracy: 0.3750
1/1 [==============================] - 0s 3ms/step - loss: 4.0448 - accuracy: 0.3750
Epoch 24/25

1/1 [==============================] - ETA: 0s - loss: 4.0065 - accuracy: 0.3750
1/1 [==============================] - 0s 3ms/step - loss: 4.0065 - accuracy: 0.3750
Epoch 25/25

1/1 [==============================] - ETA: 0s - loss: 3.9684 - accuracy: 0.3750
1/1 [==============================] - 0s 2ms/step - loss: 3.9684 - accuracy: 0.3750
# predict: steps=12
# predict: tnodeembed_metrics
# predict: node2vec_metrics
tnodeembed: {'auc': 0.7619459833795014, 'f1_micro': 0.0, 'f1_macro': 0.0} tNodeEmbed_final_loss=3.616175651550293 tNodeEmbed_final_accuracy=1.0 
node2vec: {'auc': 0.6473872355551198, 'f1_micro': 0.0, 'f1_macro': 0.0} node2vec_final_loss=3.968351364135742 node2vec_final_accuracy=0.375 
