# load graph
Processing Static file: filename='CollegeMsg_20041009_nodes_5_edges_4_component_0.edges'
# initialize tNodeEmbed for dataset=COLLEGE_NC, test_size=0.2
# load dataset
# fit
# tNodeEmbed steps_per_epoch=1
Epoch 1/25

1/1 [==============================] - ETA: 0s - loss: 4.7231 - accuracy: 0.0625
1/1 [==============================] - 1s 1s/step - loss: 4.7231 - accuracy: 0.0625
Epoch 2/25

1/1 [==============================] - ETA: 0s - loss: 4.6871 - accuracy: 0.0625
1/1 [==============================] - 0s 5ms/step - loss: 4.6871 - accuracy: 0.0625
Epoch 3/25

1/1 [==============================] - ETA: 0s - loss: 4.6510 - accuracy: 0.2500
1/1 [==============================] - 0s 5ms/step - loss: 4.6510 - accuracy: 0.2500
Epoch 4/25

1/1 [==============================] - ETA: 0s - loss: 4.6146 - accuracy: 0.4375
1/1 [==============================] - 0s 3ms/step - loss: 4.6146 - accuracy: 0.4375
Epoch 5/25

1/1 [==============================] - ETA: 0s - loss: 4.5779 - accuracy: 0.7500
1/1 [==============================] - 0s 5ms/step - loss: 4.5779 - accuracy: 0.7500
Epoch 6/25

1/1 [==============================] - ETA: 0s - loss: 4.5405 - accuracy: 0.8750
1/1 [==============================] - 0s 4ms/step - loss: 4.5405 - accuracy: 0.8750
Epoch 7/25

1/1 [==============================] - ETA: 0s - loss: 4.5024 - accuracy: 0.9375
1/1 [==============================] - 0s 4ms/step - loss: 4.5024 - accuracy: 0.9375
Epoch 8/25

1/1 [==============================] - ETA: 0s - loss: 4.4634 - accuracy: 0.9375
1/1 [==============================] - 0s 3ms/step - loss: 4.4634 - accuracy: 0.9375
Epoch 9/25

1/1 [==============================] - ETA: 0s - loss: 4.4234 - accuracy: 1.0000
1/1 [==============================] - 0s 4ms/step - loss: 4.4234 - accuracy: 1.0000
Epoch 10/25

1/1 [==============================] - ETA: 0s - loss: 4.3820 - accuracy: 1.0000
1/1 [==============================] - 0s 4ms/step - loss: 4.3820 - accuracy: 1.0000
Epoch 11/25

1/1 [==============================] - ETA: 0s - loss: 4.3394 - accuracy: 1.0000
1/1 [==============================] - 0s 4ms/step - loss: 4.3394 - accuracy: 1.0000
Epoch 12/25

1/1 [==============================] - ETA: 0s - loss: 4.2952 - accuracy: 1.0000
1/1 [==============================] - 0s 4ms/step - loss: 4.2952 - accuracy: 1.0000
Epoch 13/25

1/1 [==============================] - ETA: 0s - loss: 4.2495 - accuracy: 1.0000
1/1 [==============================] - 0s 4ms/step - loss: 4.2495 - accuracy: 1.0000
Epoch 14/25

1/1 [==============================] - ETA: 0s - loss: 4.2020 - accuracy: 1.0000
1/1 [==============================] - 0s 5ms/step - loss: 4.2020 - accuracy: 1.0000
Epoch 15/25

1/1 [==============================] - ETA: 0s - loss: 4.1527 - accuracy: 1.0000
1/1 [==============================] - 0s 4ms/step - loss: 4.1527 - accuracy: 1.0000
Epoch 16/25

1/1 [==============================] - ETA: 0s - loss: 4.1015 - accuracy: 1.0000
1/1 [==============================] - 0s 4ms/step - loss: 4.1015 - accuracy: 1.0000
Epoch 17/25

1/1 [==============================] - ETA: 0s - loss: 4.0482 - accuracy: 1.0000
1/1 [==============================] - 0s 5ms/step - loss: 4.0482 - accuracy: 1.0000
Epoch 18/25

1/1 [==============================] - ETA: 0s - loss: 3.9929 - accuracy: 1.0000
1/1 [==============================] - 0s 4ms/step - loss: 3.9929 - accuracy: 1.0000
Epoch 19/25

1/1 [==============================] - ETA: 0s - loss: 3.9355 - accuracy: 1.0000
1/1 [==============================] - 0s 4ms/step - loss: 3.9355 - accuracy: 1.0000
Epoch 20/25

1/1 [==============================] - ETA: 0s - loss: 3.8759 - accuracy: 1.0000
1/1 [==============================] - 0s 5ms/step - loss: 3.8759 - accuracy: 1.0000
Epoch 21/25

1/1 [==============================] - ETA: 0s - loss: 3.8140 - accuracy: 1.0000
1/1 [==============================] - 0s 5ms/step - loss: 3.8140 - accuracy: 1.0000
Epoch 22/25

1/1 [==============================] - ETA: 0s - loss: 3.7499 - accuracy: 1.0000
1/1 [==============================] - 0s 4ms/step - loss: 3.7499 - accuracy: 1.0000
Epoch 23/25

1/1 [==============================] - ETA: 0s - loss: 3.6835 - accuracy: 1.0000
1/1 [==============================] - 0s 4ms/step - loss: 3.6835 - accuracy: 1.0000
Epoch 24/25

1/1 [==============================] - ETA: 0s - loss: 3.6148 - accuracy: 1.0000
1/1 [==============================] - 0s 4ms/step - loss: 3.6148 - accuracy: 1.0000
Epoch 25/25

1/1 [==============================] - ETA: 0s - loss: 3.5438 - accuracy: 1.0000
1/1 [==============================] - 0s 5ms/step - loss: 3.5438 - accuracy: 1.0000
# node2vec
Epoch 1/25

1/1 [==============================] - ETA: 0s - loss: 4.5849 - accuracy: 0.0000e+00
1/1 [==============================] - 0s 196ms/step - loss: 4.5849 - accuracy: 0.0000e+00
Epoch 2/25

1/1 [==============================] - ETA: 0s - loss: 4.5432 - accuracy: 0.0000e+00
1/1 [==============================] - 0s 4ms/step - loss: 4.5432 - accuracy: 0.0000e+00
Epoch 3/25

1/1 [==============================] - ETA: 0s - loss: 4.5016 - accuracy: 0.0000e+00
1/1 [==============================] - 0s 2ms/step - loss: 4.5016 - accuracy: 0.0000e+00
Epoch 4/25

1/1 [==============================] - ETA: 0s - loss: 4.4601 - accuracy: 0.0000e+00
1/1 [==============================] - 0s 3ms/step - loss: 4.4601 - accuracy: 0.0000e+00
Epoch 5/25

1/1 [==============================] - ETA: 0s - loss: 4.4186 - accuracy: 0.0000e+00
1/1 [==============================] - 0s 3ms/step - loss: 4.4186 - accuracy: 0.0000e+00
Epoch 6/25

1/1 [==============================] - ETA: 0s - loss: 4.3772 - accuracy: 0.0625
1/1 [==============================] - 0s 3ms/step - loss: 4.3772 - accuracy: 0.0625
Epoch 7/25

1/1 [==============================] - ETA: 0s - loss: 4.3359 - accuracy: 0.0625
1/1 [==============================] - 0s 3ms/step - loss: 4.3359 - accuracy: 0.0625
Epoch 8/25

1/1 [==============================] - ETA: 0s - loss: 4.2947 - accuracy: 0.0625
1/1 [==============================] - 0s 4ms/step - loss: 4.2947 - accuracy: 0.0625
Epoch 9/25

1/1 [==============================] - ETA: 0s - loss: 4.2536 - accuracy: 0.0625
1/1 [==============================] - 0s 3ms/step - loss: 4.2536 - accuracy: 0.0625
Epoch 10/25

1/1 [==============================] - ETA: 0s - loss: 4.2125 - accuracy: 0.1250
1/1 [==============================] - 0s 3ms/step - loss: 4.2125 - accuracy: 0.1250
Epoch 11/25

1/1 [==============================] - ETA: 0s - loss: 4.1716 - accuracy: 0.1875
1/1 [==============================] - 0s 3ms/step - loss: 4.1716 - accuracy: 0.1875
Epoch 12/25

1/1 [==============================] - ETA: 0s - loss: 4.1307 - accuracy: 0.2500
1/1 [==============================] - 0s 4ms/step - loss: 4.1307 - accuracy: 0.2500
Epoch 13/25

1/1 [==============================] - ETA: 0s - loss: 4.0900 - accuracy: 0.3125
1/1 [==============================] - 0s 4ms/step - loss: 4.0900 - accuracy: 0.3125
Epoch 14/25

1/1 [==============================] - ETA: 0s - loss: 4.0493 - accuracy: 0.3750
1/1 [==============================] - 0s 3ms/step - loss: 4.0493 - accuracy: 0.3750
Epoch 15/25

1/1 [==============================] - ETA: 0s - loss: 4.0088 - accuracy: 0.3750
1/1 [==============================] - 0s 2ms/step - loss: 4.0088 - accuracy: 0.3750
Epoch 16/25

1/1 [==============================] - ETA: 0s - loss: 3.9683 - accuracy: 0.5000
1/1 [==============================] - 0s 3ms/step - loss: 3.9683 - accuracy: 0.5000
Epoch 17/25

1/1 [==============================] - ETA: 0s - loss: 3.9280 - accuracy: 0.5000
1/1 [==============================] - 0s 3ms/step - loss: 3.9280 - accuracy: 0.5000
Epoch 18/25

1/1 [==============================] - ETA: 0s - loss: 3.8878 - accuracy: 0.5000
1/1 [==============================] - 0s 3ms/step - loss: 3.8878 - accuracy: 0.5000
Epoch 19/25

1/1 [==============================] - ETA: 0s - loss: 3.8477 - accuracy: 0.5625
1/1 [==============================] - 0s 2ms/step - loss: 3.8477 - accuracy: 0.5625
Epoch 20/25

1/1 [==============================] - ETA: 0s - loss: 3.8077 - accuracy: 0.6250
1/1 [==============================] - 0s 3ms/step - loss: 3.8077 - accuracy: 0.6250
Epoch 21/25

1/1 [==============================] - ETA: 0s - loss: 3.7679 - accuracy: 0.6250
1/1 [==============================] - 0s 3ms/step - loss: 3.7679 - accuracy: 0.6250
Epoch 22/25

1/1 [==============================] - ETA: 0s - loss: 3.7281 - accuracy: 0.6250
1/1 [==============================] - 0s 2ms/step - loss: 3.7281 - accuracy: 0.6250
Epoch 23/25

1/1 [==============================] - ETA: 0s - loss: 3.6886 - accuracy: 0.6250
1/1 [==============================] - 0s 3ms/step - loss: 3.6886 - accuracy: 0.6250
Epoch 24/25

1/1 [==============================] - ETA: 0s - loss: 3.6491 - accuracy: 0.6250
1/1 [==============================] - 0s 3ms/step - loss: 3.6491 - accuracy: 0.6250
Epoch 25/25

1/1 [==============================] - ETA: 0s - loss: 3.6098 - accuracy: 0.6250
1/1 [==============================] - 0s 3ms/step - loss: 3.6098 - accuracy: 0.6250
# predict: steps=12
# predict: tnodeembed_metrics
# predict: node2vec_metrics
tnodeembed: {'auc': 0.7305766001519869, 'f1_micro': 0.0, 'f1_macro': 0.0} tNodeEmbed_final_loss=3.543801784515381 tNodeEmbed_final_accuracy=1.0 
node2vec: {'auc': 0.7113077611354889, 'f1_micro': 0.0, 'f1_macro': 0.0} node2vec_final_loss=3.60981822013855 node2vec_final_accuracy=0.625 
