# load graph
Processing Static file: filename='CollegeMsg_20041010_nodes_11_edges_10_component_0.edges'
# initialize tNodeEmbed for dataset=COLLEGE_NC, test_size=0.2
# load dataset
# fit
# tNodeEmbed steps_per_epoch=1
Epoch 1/25

1/1 [==============================] - ETA: 0s - loss: 4.7541 - accuracy: 0.0000e+00
1/1 [==============================] - 1s 966ms/step - loss: 4.7541 - accuracy: 0.0000e+00
Epoch 2/25

1/1 [==============================] - ETA: 0s - loss: 4.7196 - accuracy: 0.0000e+00
1/1 [==============================] - 0s 4ms/step - loss: 4.7196 - accuracy: 0.0000e+00
Epoch 3/25

1/1 [==============================] - ETA: 0s - loss: 4.6851 - accuracy: 0.0000e+00
1/1 [==============================] - 0s 5ms/step - loss: 4.6851 - accuracy: 0.0000e+00
Epoch 4/25

1/1 [==============================] - ETA: 0s - loss: 4.6506 - accuracy: 0.1250
1/1 [==============================] - 0s 5ms/step - loss: 4.6506 - accuracy: 0.1250
Epoch 5/25

1/1 [==============================] - ETA: 0s - loss: 4.6158 - accuracy: 0.5625
1/1 [==============================] - 0s 4ms/step - loss: 4.6158 - accuracy: 0.5625
Epoch 6/25

1/1 [==============================] - ETA: 0s - loss: 4.5807 - accuracy: 0.8125
1/1 [==============================] - 0s 5ms/step - loss: 4.5807 - accuracy: 0.8125
Epoch 7/25

1/1 [==============================] - ETA: 0s - loss: 4.5451 - accuracy: 1.0000
1/1 [==============================] - 0s 5ms/step - loss: 4.5451 - accuracy: 1.0000
Epoch 8/25

1/1 [==============================] - ETA: 0s - loss: 4.5087 - accuracy: 1.0000
1/1 [==============================] - 0s 5ms/step - loss: 4.5087 - accuracy: 1.0000
Epoch 9/25

1/1 [==============================] - ETA: 0s - loss: 4.4715 - accuracy: 1.0000
1/1 [==============================] - 0s 5ms/step - loss: 4.4715 - accuracy: 1.0000
Epoch 10/25

1/1 [==============================] - ETA: 0s - loss: 4.4332 - accuracy: 1.0000
1/1 [==============================] - 0s 4ms/step - loss: 4.4332 - accuracy: 1.0000
Epoch 11/25

1/1 [==============================] - ETA: 0s - loss: 4.3937 - accuracy: 1.0000
1/1 [==============================] - 0s 4ms/step - loss: 4.3937 - accuracy: 1.0000
Epoch 12/25

1/1 [==============================] - ETA: 0s - loss: 4.3529 - accuracy: 1.0000
1/1 [==============================] - 0s 4ms/step - loss: 4.3529 - accuracy: 1.0000
Epoch 13/25

1/1 [==============================] - ETA: 0s - loss: 4.3106 - accuracy: 1.0000
1/1 [==============================] - 0s 5ms/step - loss: 4.3106 - accuracy: 1.0000
Epoch 14/25

1/1 [==============================] - ETA: 0s - loss: 4.2667 - accuracy: 1.0000
1/1 [==============================] - 0s 5ms/step - loss: 4.2667 - accuracy: 1.0000
Epoch 15/25

1/1 [==============================] - ETA: 0s - loss: 4.2210 - accuracy: 1.0000
1/1 [==============================] - 0s 5ms/step - loss: 4.2210 - accuracy: 1.0000
Epoch 16/25

1/1 [==============================] - ETA: 0s - loss: 4.1734 - accuracy: 1.0000
1/1 [==============================] - 0s 5ms/step - loss: 4.1734 - accuracy: 1.0000
Epoch 17/25

1/1 [==============================] - ETA: 0s - loss: 4.1239 - accuracy: 1.0000
1/1 [==============================] - 0s 5ms/step - loss: 4.1239 - accuracy: 1.0000
Epoch 18/25

1/1 [==============================] - ETA: 0s - loss: 4.0722 - accuracy: 1.0000
1/1 [==============================] - 0s 4ms/step - loss: 4.0722 - accuracy: 1.0000
Epoch 19/25

1/1 [==============================] - ETA: 0s - loss: 4.0184 - accuracy: 1.0000
1/1 [==============================] - 0s 5ms/step - loss: 4.0184 - accuracy: 1.0000
Epoch 20/25

1/1 [==============================] - ETA: 0s - loss: 3.9623 - accuracy: 1.0000
1/1 [==============================] - 0s 4ms/step - loss: 3.9623 - accuracy: 1.0000
Epoch 21/25

1/1 [==============================] - ETA: 0s - loss: 3.9038 - accuracy: 1.0000
1/1 [==============================] - 0s 4ms/step - loss: 3.9038 - accuracy: 1.0000
Epoch 22/25

1/1 [==============================] - ETA: 0s - loss: 3.8429 - accuracy: 1.0000
1/1 [==============================] - 0s 5ms/step - loss: 3.8429 - accuracy: 1.0000
Epoch 23/25

1/1 [==============================] - ETA: 0s - loss: 3.7795 - accuracy: 1.0000
1/1 [==============================] - 0s 4ms/step - loss: 3.7795 - accuracy: 1.0000
Epoch 24/25

1/1 [==============================] - ETA: 0s - loss: 3.7135 - accuracy: 1.0000
1/1 [==============================] - 0s 4ms/step - loss: 3.7135 - accuracy: 1.0000
Epoch 25/25

1/1 [==============================] - ETA: 0s - loss: 3.6449 - accuracy: 1.0000
1/1 [==============================] - 0s 5ms/step - loss: 3.6449 - accuracy: 1.0000
# node2vec
Epoch 1/25

1/1 [==============================] - ETA: 0s - loss: 4.8043 - accuracy: 0.0000e+00
1/1 [==============================] - 0s 204ms/step - loss: 4.8043 - accuracy: 0.0000e+00
Epoch 2/25

1/1 [==============================] - ETA: 0s - loss: 4.7645 - accuracy: 0.0000e+00
1/1 [==============================] - 0s 4ms/step - loss: 4.7645 - accuracy: 0.0000e+00
Epoch 3/25

1/1 [==============================] - ETA: 0s - loss: 4.7247 - accuracy: 0.0000e+00
1/1 [==============================] - 0s 5ms/step - loss: 4.7247 - accuracy: 0.0000e+00
Epoch 4/25

1/1 [==============================] - ETA: 0s - loss: 4.6849 - accuracy: 0.0000e+00
1/1 [==============================] - 0s 4ms/step - loss: 4.6849 - accuracy: 0.0000e+00
Epoch 5/25

1/1 [==============================] - ETA: 0s - loss: 4.6452 - accuracy: 0.0625
1/1 [==============================] - 0s 3ms/step - loss: 4.6452 - accuracy: 0.0625
Epoch 6/25

1/1 [==============================] - ETA: 0s - loss: 4.6056 - accuracy: 0.1250
1/1 [==============================] - 0s 4ms/step - loss: 4.6056 - accuracy: 0.1250
Epoch 7/25

1/1 [==============================] - ETA: 0s - loss: 4.5660 - accuracy: 0.1250
1/1 [==============================] - 0s 3ms/step - loss: 4.5660 - accuracy: 0.1250
Epoch 8/25

1/1 [==============================] - ETA: 0s - loss: 4.5265 - accuracy: 0.1250
1/1 [==============================] - 0s 3ms/step - loss: 4.5265 - accuracy: 0.1250
Epoch 9/25

1/1 [==============================] - ETA: 0s - loss: 4.4871 - accuracy: 0.1250
1/1 [==============================] - 0s 3ms/step - loss: 4.4871 - accuracy: 0.1250
Epoch 10/25

1/1 [==============================] - ETA: 0s - loss: 4.4477 - accuracy: 0.1250
1/1 [==============================] - 0s 3ms/step - loss: 4.4477 - accuracy: 0.1250
Epoch 11/25

1/1 [==============================] - ETA: 0s - loss: 4.4084 - accuracy: 0.1250
1/1 [==============================] - 0s 3ms/step - loss: 4.4084 - accuracy: 0.1250
Epoch 12/25

1/1 [==============================] - ETA: 0s - loss: 4.3692 - accuracy: 0.1875
1/1 [==============================] - 0s 4ms/step - loss: 4.3692 - accuracy: 0.1875
Epoch 13/25

1/1 [==============================] - ETA: 0s - loss: 4.3301 - accuracy: 0.1875
1/1 [==============================] - 0s 3ms/step - loss: 4.3301 - accuracy: 0.1875
Epoch 14/25

1/1 [==============================] - ETA: 0s - loss: 4.2910 - accuracy: 0.1875
1/1 [==============================] - 0s 4ms/step - loss: 4.2910 - accuracy: 0.1875
Epoch 15/25

1/1 [==============================] - ETA: 0s - loss: 4.2520 - accuracy: 0.3125
1/1 [==============================] - 0s 3ms/step - loss: 4.2520 - accuracy: 0.3125
Epoch 16/25

1/1 [==============================] - ETA: 0s - loss: 4.2131 - accuracy: 0.3750
1/1 [==============================] - 0s 4ms/step - loss: 4.2131 - accuracy: 0.3750
Epoch 17/25

1/1 [==============================] - ETA: 0s - loss: 4.1743 - accuracy: 0.3750
1/1 [==============================] - 0s 4ms/step - loss: 4.1743 - accuracy: 0.3750
Epoch 18/25

1/1 [==============================] - ETA: 0s - loss: 4.1356 - accuracy: 0.3750
1/1 [==============================] - 0s 4ms/step - loss: 4.1356 - accuracy: 0.3750
Epoch 19/25

1/1 [==============================] - ETA: 0s - loss: 4.0970 - accuracy: 0.4375
1/1 [==============================] - 0s 3ms/step - loss: 4.0970 - accuracy: 0.4375
Epoch 20/25

1/1 [==============================] - ETA: 0s - loss: 4.0585 - accuracy: 0.5000
1/1 [==============================] - 0s 4ms/step - loss: 4.0585 - accuracy: 0.5000
Epoch 21/25

1/1 [==============================] - ETA: 0s - loss: 4.0201 - accuracy: 0.5000
1/1 [==============================] - 0s 3ms/step - loss: 4.0201 - accuracy: 0.5000
Epoch 22/25

1/1 [==============================] - ETA: 0s - loss: 3.9817 - accuracy: 0.5000
1/1 [==============================] - 0s 4ms/step - loss: 3.9817 - accuracy: 0.5000
Epoch 23/25

1/1 [==============================] - ETA: 0s - loss: 3.9435 - accuracy: 0.5000
1/1 [==============================] - 0s 3ms/step - loss: 3.9435 - accuracy: 0.5000
Epoch 24/25

1/1 [==============================] - ETA: 0s - loss: 3.9054 - accuracy: 0.5000
1/1 [==============================] - 0s 3ms/step - loss: 3.9054 - accuracy: 0.5000
Epoch 25/25

1/1 [==============================] - ETA: 0s - loss: 3.8674 - accuracy: 0.5625
1/1 [==============================] - 0s 3ms/step - loss: 3.8674 - accuracy: 0.5625
# predict: steps=12
# predict: tnodeembed_metrics
# predict: node2vec_metrics
tnodeembed: {'auc': 0.7606481197754517, 'f1_micro': 0.0, 'f1_macro': 0.0} tNodeEmbed_final_loss=3.644937038421631 tNodeEmbed_final_accuracy=1.0 
node2vec: {'auc': 0.6582754087711127, 'f1_micro': 0.0, 'f1_macro': 0.0} node2vec_final_loss=3.8674373626708984 node2vec_final_accuracy=0.5625 
