# load graph
Processing Static file: filename='CollegeMsg_20040722_nodes_22_edges_24_component_0.edges'
# initialize tNodeEmbed for dataset=COLLEGE_NC, test_size=0.2
# load dataset
# fit
# tNodeEmbed steps_per_epoch=1
Epoch 1/25

1/1 [==============================] - ETA: 0s - loss: 4.7400 - accuracy: 0.0000e+00
1/1 [==============================] - 2s 2s/step - loss: 4.7400 - accuracy: 0.0000e+00
Epoch 2/25

1/1 [==============================] - ETA: 0s - loss: 4.7048 - accuracy: 0.0000e+00
1/1 [==============================] - 0s 4ms/step - loss: 4.7048 - accuracy: 0.0000e+00
Epoch 3/25

1/1 [==============================] - ETA: 0s - loss: 4.6694 - accuracy: 0.1250
1/1 [==============================] - 0s 8ms/step - loss: 4.6694 - accuracy: 0.1250
Epoch 4/25

1/1 [==============================] - ETA: 0s - loss: 4.6340 - accuracy: 0.2500
1/1 [==============================] - 0s 7ms/step - loss: 4.6340 - accuracy: 0.2500
Epoch 5/25

1/1 [==============================] - ETA: 0s - loss: 4.5982 - accuracy: 0.5625
1/1 [==============================] - 0s 7ms/step - loss: 4.5982 - accuracy: 0.5625
Epoch 6/25

1/1 [==============================] - ETA: 0s - loss: 4.5620 - accuracy: 0.7500
1/1 [==============================] - 0s 8ms/step - loss: 4.5620 - accuracy: 0.7500
Epoch 7/25

1/1 [==============================] - ETA: 0s - loss: 4.5252 - accuracy: 0.8750
1/1 [==============================] - 0s 6ms/step - loss: 4.5252 - accuracy: 0.8750
Epoch 8/25

1/1 [==============================] - ETA: 0s - loss: 4.4876 - accuracy: 0.8750
1/1 [==============================] - 0s 6ms/step - loss: 4.4876 - accuracy: 0.8750
Epoch 9/25

1/1 [==============================] - ETA: 0s - loss: 4.4492 - accuracy: 0.8750
1/1 [==============================] - 0s 6ms/step - loss: 4.4492 - accuracy: 0.8750
Epoch 10/25

1/1 [==============================] - ETA: 0s - loss: 4.4097 - accuracy: 0.8750
1/1 [==============================] - 0s 6ms/step - loss: 4.4097 - accuracy: 0.8750
Epoch 11/25

1/1 [==============================] - ETA: 0s - loss: 4.3691 - accuracy: 0.9375
1/1 [==============================] - 0s 6ms/step - loss: 4.3691 - accuracy: 0.9375
Epoch 12/25

1/1 [==============================] - ETA: 0s - loss: 4.3272 - accuracy: 0.9375
1/1 [==============================] - 0s 5ms/step - loss: 4.3272 - accuracy: 0.9375
Epoch 13/25

1/1 [==============================] - ETA: 0s - loss: 4.2838 - accuracy: 0.9375
1/1 [==============================] - 0s 5ms/step - loss: 4.2838 - accuracy: 0.9375
Epoch 14/25

1/1 [==============================] - ETA: 0s - loss: 4.2389 - accuracy: 0.9375
1/1 [==============================] - 0s 4ms/step - loss: 4.2389 - accuracy: 0.9375
Epoch 15/25

1/1 [==============================] - ETA: 0s - loss: 4.1924 - accuracy: 0.9375
1/1 [==============================] - 0s 5ms/step - loss: 4.1924 - accuracy: 0.9375
Epoch 16/25

1/1 [==============================] - ETA: 0s - loss: 4.1441 - accuracy: 0.9375
1/1 [==============================] - 0s 5ms/step - loss: 4.1441 - accuracy: 0.9375
Epoch 17/25

1/1 [==============================] - ETA: 0s - loss: 4.0939 - accuracy: 0.9375
1/1 [==============================] - 0s 4ms/step - loss: 4.0939 - accuracy: 0.9375
Epoch 18/25

1/1 [==============================] - ETA: 0s - loss: 4.0418 - accuracy: 0.9375
1/1 [==============================] - 0s 5ms/step - loss: 4.0418 - accuracy: 0.9375
Epoch 19/25

1/1 [==============================] - ETA: 0s - loss: 3.9877 - accuracy: 0.9375
1/1 [==============================] - 0s 4ms/step - loss: 3.9877 - accuracy: 0.9375
Epoch 20/25

1/1 [==============================] - ETA: 0s - loss: 3.9315 - accuracy: 0.9375
1/1 [==============================] - 0s 4ms/step - loss: 3.9315 - accuracy: 0.9375
Epoch 21/25

1/1 [==============================] - ETA: 0s - loss: 3.8732 - accuracy: 0.9375
1/1 [==============================] - 0s 4ms/step - loss: 3.8732 - accuracy: 0.9375
Epoch 22/25

1/1 [==============================] - ETA: 0s - loss: 3.8127 - accuracy: 0.9375
1/1 [==============================] - 0s 4ms/step - loss: 3.8127 - accuracy: 0.9375
Epoch 23/25

1/1 [==============================] - ETA: 0s - loss: 3.7500 - accuracy: 0.9375
1/1 [==============================] - 0s 5ms/step - loss: 3.7500 - accuracy: 0.9375
Epoch 24/25

1/1 [==============================] - ETA: 0s - loss: 3.6850 - accuracy: 0.9375
1/1 [==============================] - 0s 4ms/step - loss: 3.6850 - accuracy: 0.9375
Epoch 25/25

1/1 [==============================] - ETA: 0s - loss: 3.6178 - accuracy: 0.9375
1/1 [==============================] - 0s 4ms/step - loss: 3.6178 - accuracy: 0.9375
# node2vec
Epoch 1/25

1/1 [==============================] - ETA: 0s - loss: 4.7736 - accuracy: 0.0000e+00
1/1 [==============================] - 0s 195ms/step - loss: 4.7736 - accuracy: 0.0000e+00
Epoch 2/25

1/1 [==============================] - ETA: 0s - loss: 4.7319 - accuracy: 0.0000e+00
1/1 [==============================] - 0s 2ms/step - loss: 4.7319 - accuracy: 0.0000e+00
Epoch 3/25

1/1 [==============================] - ETA: 0s - loss: 4.6902 - accuracy: 0.0000e+00
1/1 [==============================] - 0s 3ms/step - loss: 4.6902 - accuracy: 0.0000e+00
Epoch 4/25

1/1 [==============================] - ETA: 0s - loss: 4.6486 - accuracy: 0.0000e+00
1/1 [==============================] - 0s 4ms/step - loss: 4.6486 - accuracy: 0.0000e+00
Epoch 5/25

1/1 [==============================] - ETA: 0s - loss: 4.6070 - accuracy: 0.0000e+00
1/1 [==============================] - 0s 3ms/step - loss: 4.6070 - accuracy: 0.0000e+00
Epoch 6/25

1/1 [==============================] - ETA: 0s - loss: 4.5656 - accuracy: 0.0000e+00
1/1 [==============================] - 0s 4ms/step - loss: 4.5656 - accuracy: 0.0000e+00
Epoch 7/25

1/1 [==============================] - ETA: 0s - loss: 4.5242 - accuracy: 0.0000e+00
1/1 [==============================] - 0s 3ms/step - loss: 4.5242 - accuracy: 0.0000e+00
Epoch 8/25

1/1 [==============================] - ETA: 0s - loss: 4.4828 - accuracy: 0.0000e+00
1/1 [==============================] - 0s 3ms/step - loss: 4.4828 - accuracy: 0.0000e+00
Epoch 9/25

1/1 [==============================] - ETA: 0s - loss: 4.4416 - accuracy: 0.0625
1/1 [==============================] - 0s 4ms/step - loss: 4.4416 - accuracy: 0.0625
Epoch 10/25

1/1 [==============================] - ETA: 0s - loss: 4.4004 - accuracy: 0.1250
1/1 [==============================] - 0s 4ms/step - loss: 4.4004 - accuracy: 0.1250
Epoch 11/25

1/1 [==============================] - ETA: 0s - loss: 4.3594 - accuracy: 0.1875
1/1 [==============================] - 0s 3ms/step - loss: 4.3594 - accuracy: 0.1875
Epoch 12/25

1/1 [==============================] - ETA: 0s - loss: 4.3184 - accuracy: 0.1875
1/1 [==============================] - 0s 4ms/step - loss: 4.3184 - accuracy: 0.1875
Epoch 13/25

1/1 [==============================] - ETA: 0s - loss: 4.2775 - accuracy: 0.2500
1/1 [==============================] - 0s 4ms/step - loss: 4.2775 - accuracy: 0.2500
Epoch 14/25

1/1 [==============================] - ETA: 0s - loss: 4.2367 - accuracy: 0.2500
1/1 [==============================] - 0s 4ms/step - loss: 4.2367 - accuracy: 0.2500
Epoch 15/25

1/1 [==============================] - ETA: 0s - loss: 4.1960 - accuracy: 0.3125
1/1 [==============================] - 0s 3ms/step - loss: 4.1960 - accuracy: 0.3125
Epoch 16/25

1/1 [==============================] - ETA: 0s - loss: 4.1554 - accuracy: 0.3125
1/1 [==============================] - 0s 5ms/step - loss: 4.1554 - accuracy: 0.3125
Epoch 17/25

1/1 [==============================] - ETA: 0s - loss: 4.1148 - accuracy: 0.3750
1/1 [==============================] - 0s 3ms/step - loss: 4.1148 - accuracy: 0.3750
Epoch 18/25

1/1 [==============================] - ETA: 0s - loss: 4.0745 - accuracy: 0.4375
1/1 [==============================] - 0s 4ms/step - loss: 4.0745 - accuracy: 0.4375
Epoch 19/25

1/1 [==============================] - ETA: 0s - loss: 4.0342 - accuracy: 0.4375
1/1 [==============================] - 0s 3ms/step - loss: 4.0342 - accuracy: 0.4375
Epoch 20/25

1/1 [==============================] - ETA: 0s - loss: 3.9940 - accuracy: 0.4375
1/1 [==============================] - 0s 4ms/step - loss: 3.9940 - accuracy: 0.4375
Epoch 21/25

1/1 [==============================] - ETA: 0s - loss: 3.9539 - accuracy: 0.4375
1/1 [==============================] - 0s 3ms/step - loss: 3.9539 - accuracy: 0.4375
Epoch 22/25

1/1 [==============================] - ETA: 0s - loss: 3.9140 - accuracy: 0.5000
1/1 [==============================] - 0s 3ms/step - loss: 3.9140 - accuracy: 0.5000
Epoch 23/25

1/1 [==============================] - ETA: 0s - loss: 3.8742 - accuracy: 0.5000
1/1 [==============================] - 0s 4ms/step - loss: 3.8742 - accuracy: 0.5000
Epoch 24/25

1/1 [==============================] - ETA: 0s - loss: 3.8345 - accuracy: 0.5000
1/1 [==============================] - 0s 3ms/step - loss: 3.8345 - accuracy: 0.5000
Epoch 25/25

1/1 [==============================] - ETA: 0s - loss: 3.7950 - accuracy: 0.6250
1/1 [==============================] - 0s 4ms/step - loss: 3.7950 - accuracy: 0.6250
# predict: steps=12
# predict: tnodeembed_metrics
# predict: node2vec_metrics
tnodeembed: {'auc': 0.7178224817983477, 'f1_micro': 0.0, 'f1_macro': 0.0} tNodeEmbed_final_loss=3.617823362350464 tNodeEmbed_final_accuracy=0.9375 
node2vec: {'auc': 0.6152928811315668, 'f1_micro': 0.0, 'f1_macro': 0.0} node2vec_final_loss=3.7949700355529785 node2vec_final_accuracy=0.625 
