# load graph
Processing Static file: filename='CollegeMsg_20040908_nodes_15_edges_15_component_0.edges'
# initialize tNodeEmbed for dataset=COLLEGE_NC, test_size=0.2
# load dataset
# fit
# tNodeEmbed steps_per_epoch=1
Epoch 1/25

1/1 [==============================] - ETA: 0s - loss: 4.7385 - accuracy: 0.0000e+00
1/1 [==============================] - 2s 2s/step - loss: 4.7385 - accuracy: 0.0000e+00
Epoch 2/25

1/1 [==============================] - ETA: 0s - loss: 4.7056 - accuracy: 0.0625
1/1 [==============================] - 0s 6ms/step - loss: 4.7056 - accuracy: 0.0625
Epoch 3/25

1/1 [==============================] - ETA: 0s - loss: 4.6726 - accuracy: 0.0625
1/1 [==============================] - 0s 6ms/step - loss: 4.6726 - accuracy: 0.0625
Epoch 4/25

1/1 [==============================] - ETA: 0s - loss: 4.6394 - accuracy: 0.2500
1/1 [==============================] - 0s 6ms/step - loss: 4.6394 - accuracy: 0.2500
Epoch 5/25

1/1 [==============================] - ETA: 0s - loss: 4.6059 - accuracy: 0.4375
1/1 [==============================] - 0s 6ms/step - loss: 4.6059 - accuracy: 0.4375
Epoch 6/25

1/1 [==============================] - ETA: 0s - loss: 4.5720 - accuracy: 0.7500
1/1 [==============================] - 0s 7ms/step - loss: 4.5720 - accuracy: 0.7500
Epoch 7/25

1/1 [==============================] - ETA: 0s - loss: 4.5375 - accuracy: 0.8750
1/1 [==============================] - 0s 7ms/step - loss: 4.5375 - accuracy: 0.8750
Epoch 8/25

1/1 [==============================] - ETA: 0s - loss: 4.5022 - accuracy: 0.9375
1/1 [==============================] - 0s 8ms/step - loss: 4.5022 - accuracy: 0.9375
Epoch 9/25

1/1 [==============================] - ETA: 0s - loss: 4.4661 - accuracy: 1.0000
1/1 [==============================] - 0s 6ms/step - loss: 4.4661 - accuracy: 1.0000
Epoch 10/25

1/1 [==============================] - ETA: 0s - loss: 4.4289 - accuracy: 1.0000
1/1 [==============================] - 0s 7ms/step - loss: 4.4289 - accuracy: 1.0000
Epoch 11/25

1/1 [==============================] - ETA: 0s - loss: 4.3905 - accuracy: 1.0000
1/1 [==============================] - 0s 7ms/step - loss: 4.3905 - accuracy: 1.0000
Epoch 12/25

1/1 [==============================] - ETA: 0s - loss: 4.3508 - accuracy: 1.0000
1/1 [==============================] - 0s 7ms/step - loss: 4.3508 - accuracy: 1.0000
Epoch 13/25

1/1 [==============================] - ETA: 0s - loss: 4.3097 - accuracy: 1.0000
1/1 [==============================] - 0s 7ms/step - loss: 4.3097 - accuracy: 1.0000
Epoch 14/25

1/1 [==============================] - ETA: 0s - loss: 4.2669 - accuracy: 1.0000
1/1 [==============================] - 0s 7ms/step - loss: 4.2669 - accuracy: 1.0000
Epoch 15/25

1/1 [==============================] - ETA: 0s - loss: 4.2225 - accuracy: 1.0000
1/1 [==============================] - 0s 7ms/step - loss: 4.2225 - accuracy: 1.0000
Epoch 16/25

1/1 [==============================] - ETA: 0s - loss: 4.1763 - accuracy: 1.0000
1/1 [==============================] - 0s 7ms/step - loss: 4.1763 - accuracy: 1.0000
Epoch 17/25

1/1 [==============================] - ETA: 0s - loss: 4.1282 - accuracy: 1.0000
1/1 [==============================] - 0s 6ms/step - loss: 4.1282 - accuracy: 1.0000
Epoch 18/25

1/1 [==============================] - ETA: 0s - loss: 4.0781 - accuracy: 1.0000
1/1 [==============================] - 0s 8ms/step - loss: 4.0781 - accuracy: 1.0000
Epoch 19/25

1/1 [==============================] - ETA: 0s - loss: 4.0258 - accuracy: 1.0000
1/1 [==============================] - 0s 7ms/step - loss: 4.0258 - accuracy: 1.0000
Epoch 20/25

1/1 [==============================] - ETA: 0s - loss: 3.9715 - accuracy: 1.0000
1/1 [==============================] - 0s 7ms/step - loss: 3.9715 - accuracy: 1.0000
Epoch 21/25

1/1 [==============================] - ETA: 0s - loss: 3.9149 - accuracy: 1.0000
1/1 [==============================] - 0s 6ms/step - loss: 3.9149 - accuracy: 1.0000
Epoch 22/25

1/1 [==============================] - ETA: 0s - loss: 3.8559 - accuracy: 1.0000
1/1 [==============================] - 0s 7ms/step - loss: 3.8559 - accuracy: 1.0000
Epoch 23/25

1/1 [==============================] - ETA: 0s - loss: 3.7946 - accuracy: 1.0000
1/1 [==============================] - 0s 7ms/step - loss: 3.7946 - accuracy: 1.0000
Epoch 24/25

1/1 [==============================] - ETA: 0s - loss: 3.7310 - accuracy: 1.0000
1/1 [==============================] - 0s 7ms/step - loss: 3.7310 - accuracy: 1.0000
Epoch 25/25

1/1 [==============================] - ETA: 0s - loss: 3.6649 - accuracy: 1.0000
1/1 [==============================] - 0s 7ms/step - loss: 3.6649 - accuracy: 1.0000
# node2vec
Epoch 1/25

1/1 [==============================] - ETA: 0s - loss: 4.7733 - accuracy: 0.0000e+00
1/1 [==============================] - 0s 307ms/step - loss: 4.7733 - accuracy: 0.0000e+00
Epoch 2/25

1/1 [==============================] - ETA: 0s - loss: 4.7360 - accuracy: 0.0625
1/1 [==============================] - 0s 3ms/step - loss: 4.7360 - accuracy: 0.0625
Epoch 3/25

1/1 [==============================] - ETA: 0s - loss: 4.6988 - accuracy: 0.0625
1/1 [==============================] - 0s 5ms/step - loss: 4.6988 - accuracy: 0.0625
Epoch 4/25

1/1 [==============================] - ETA: 0s - loss: 4.6616 - accuracy: 0.0625
1/1 [==============================] - 0s 5ms/step - loss: 4.6616 - accuracy: 0.0625
Epoch 5/25

1/1 [==============================] - ETA: 0s - loss: 4.6245 - accuracy: 0.0625
1/1 [==============================] - 0s 4ms/step - loss: 4.6245 - accuracy: 0.0625
Epoch 6/25

1/1 [==============================] - ETA: 0s - loss: 4.5874 - accuracy: 0.0625
1/1 [==============================] - 0s 4ms/step - loss: 4.5874 - accuracy: 0.0625
Epoch 7/25

1/1 [==============================] - ETA: 0s - loss: 4.5504 - accuracy: 0.0625
1/1 [==============================] - 0s 4ms/step - loss: 4.5504 - accuracy: 0.0625
Epoch 8/25

1/1 [==============================] - ETA: 0s - loss: 4.5134 - accuracy: 0.0625
1/1 [==============================] - 0s 5ms/step - loss: 4.5134 - accuracy: 0.0625
Epoch 9/25

1/1 [==============================] - ETA: 0s - loss: 4.4765 - accuracy: 0.0625
1/1 [==============================] - 0s 4ms/step - loss: 4.4765 - accuracy: 0.0625
Epoch 10/25

1/1 [==============================] - ETA: 0s - loss: 4.4396 - accuracy: 0.1250
1/1 [==============================] - 0s 4ms/step - loss: 4.4396 - accuracy: 0.1250
Epoch 11/25

1/1 [==============================] - ETA: 0s - loss: 4.4028 - accuracy: 0.1250
1/1 [==============================] - 0s 5ms/step - loss: 4.4028 - accuracy: 0.1250
Epoch 12/25

1/1 [==============================] - ETA: 0s - loss: 4.3661 - accuracy: 0.1250
1/1 [==============================] - 0s 5ms/step - loss: 4.3661 - accuracy: 0.1250
Epoch 13/25

1/1 [==============================] - ETA: 0s - loss: 4.3295 - accuracy: 0.1875
1/1 [==============================] - 0s 4ms/step - loss: 4.3295 - accuracy: 0.1875
Epoch 14/25

1/1 [==============================] - ETA: 0s - loss: 4.2929 - accuracy: 0.1875
1/1 [==============================] - 0s 4ms/step - loss: 4.2929 - accuracy: 0.1875
Epoch 15/25

1/1 [==============================] - ETA: 0s - loss: 4.2564 - accuracy: 0.2500
1/1 [==============================] - 0s 3ms/step - loss: 4.2564 - accuracy: 0.2500
Epoch 16/25

1/1 [==============================] - ETA: 0s - loss: 4.2199 - accuracy: 0.2500
1/1 [==============================] - 0s 5ms/step - loss: 4.2199 - accuracy: 0.2500
Epoch 17/25

1/1 [==============================] - ETA: 0s - loss: 4.1836 - accuracy: 0.3125
1/1 [==============================] - 0s 4ms/step - loss: 4.1836 - accuracy: 0.3125
Epoch 18/25

1/1 [==============================] - ETA: 0s - loss: 4.1473 - accuracy: 0.3125
1/1 [==============================] - 0s 5ms/step - loss: 4.1473 - accuracy: 0.3125
Epoch 19/25

1/1 [==============================] - ETA: 0s - loss: 4.1111 - accuracy: 0.3125
1/1 [==============================] - 0s 5ms/step - loss: 4.1111 - accuracy: 0.3125
Epoch 20/25

1/1 [==============================] - ETA: 0s - loss: 4.0750 - accuracy: 0.3750
1/1 [==============================] - 0s 5ms/step - loss: 4.0750 - accuracy: 0.3750
Epoch 21/25

1/1 [==============================] - ETA: 0s - loss: 4.0389 - accuracy: 0.4375
1/1 [==============================] - 0s 4ms/step - loss: 4.0389 - accuracy: 0.4375
Epoch 22/25

1/1 [==============================] - ETA: 0s - loss: 4.0030 - accuracy: 0.5000
1/1 [==============================] - 0s 4ms/step - loss: 4.0030 - accuracy: 0.5000
Epoch 23/25

1/1 [==============================] - ETA: 0s - loss: 3.9671 - accuracy: 0.5000
1/1 [==============================] - 0s 4ms/step - loss: 3.9671 - accuracy: 0.5000
Epoch 24/25

1/1 [==============================] - ETA: 0s - loss: 3.9314 - accuracy: 0.5000
1/1 [==============================] - 0s 4ms/step - loss: 3.9314 - accuracy: 0.5000
Epoch 25/25

1/1 [==============================] - ETA: 0s - loss: 3.8957 - accuracy: 0.5000
1/1 [==============================] - 0s 4ms/step - loss: 3.8957 - accuracy: 0.5000
# predict: steps=12
# predict: tnodeembed_metrics
# predict: node2vec_metrics
tnodeembed: {'auc': 0.7362974039663668, 'f1_micro': 0.0, 'f1_macro': 0.0} tNodeEmbed_final_loss=3.6648521423339844 tNodeEmbed_final_accuracy=1.0 
node2vec: {'auc': 0.6875321746378055, 'f1_micro': 0.0, 'f1_macro': 0.0} node2vec_final_loss=3.8956856727600098 node2vec_final_accuracy=0.5 
