# load graph
Processing Static file: filename='CollegeMsg_20041017_nodes_39_edges_38_component_0.edges'
# initialize tNodeEmbed for dataset=COLLEGE_NC, test_size=0.2
# load dataset
# fit
# tNodeEmbed steps_per_epoch=1
Epoch 1/25

1/1 [==============================] - ETA: 0s - loss: 4.7213 - accuracy: 0.0000e+00
1/1 [==============================] - 2s 2s/step - loss: 4.7213 - accuracy: 0.0000e+00
Epoch 2/25

1/1 [==============================] - ETA: 0s - loss: 4.6880 - accuracy: 0.1250
1/1 [==============================] - 0s 7ms/step - loss: 4.6880 - accuracy: 0.1250
Epoch 3/25

1/1 [==============================] - ETA: 0s - loss: 4.6545 - accuracy: 0.2500
1/1 [==============================] - 0s 6ms/step - loss: 4.6545 - accuracy: 0.2500
Epoch 4/25

1/1 [==============================] - ETA: 0s - loss: 4.6206 - accuracy: 0.3125
1/1 [==============================] - 0s 6ms/step - loss: 4.6206 - accuracy: 0.3125
Epoch 5/25

1/1 [==============================] - ETA: 0s - loss: 4.5862 - accuracy: 0.6250
1/1 [==============================] - 0s 6ms/step - loss: 4.5862 - accuracy: 0.6250
Epoch 6/25

1/1 [==============================] - ETA: 0s - loss: 4.5513 - accuracy: 0.8125
1/1 [==============================] - 0s 4ms/step - loss: 4.5513 - accuracy: 0.8125
Epoch 7/25

1/1 [==============================] - ETA: 0s - loss: 4.5156 - accuracy: 0.8750
1/1 [==============================] - 0s 4ms/step - loss: 4.5156 - accuracy: 0.8750
Epoch 8/25

1/1 [==============================] - ETA: 0s - loss: 4.4790 - accuracy: 0.9375
1/1 [==============================] - 0s 5ms/step - loss: 4.4790 - accuracy: 0.9375
Epoch 9/25

1/1 [==============================] - ETA: 0s - loss: 4.4414 - accuracy: 1.0000
1/1 [==============================] - 0s 4ms/step - loss: 4.4414 - accuracy: 1.0000
Epoch 10/25

1/1 [==============================] - ETA: 0s - loss: 4.4027 - accuracy: 1.0000
1/1 [==============================] - 0s 4ms/step - loss: 4.4027 - accuracy: 1.0000
Epoch 11/25

1/1 [==============================] - ETA: 0s - loss: 4.3628 - accuracy: 1.0000
1/1 [==============================] - 0s 4ms/step - loss: 4.3628 - accuracy: 1.0000
Epoch 12/25

1/1 [==============================] - ETA: 0s - loss: 4.3214 - accuracy: 1.0000
1/1 [==============================] - 0s 4ms/step - loss: 4.3214 - accuracy: 1.0000
Epoch 13/25

1/1 [==============================] - ETA: 0s - loss: 4.2786 - accuracy: 1.0000
1/1 [==============================] - 0s 4ms/step - loss: 4.2786 - accuracy: 1.0000
Epoch 14/25

1/1 [==============================] - ETA: 0s - loss: 4.2341 - accuracy: 1.0000
1/1 [==============================] - 0s 6ms/step - loss: 4.2341 - accuracy: 1.0000
Epoch 15/25

1/1 [==============================] - ETA: 0s - loss: 4.1879 - accuracy: 1.0000
1/1 [==============================] - 0s 4ms/step - loss: 4.1879 - accuracy: 1.0000
Epoch 16/25

1/1 [==============================] - ETA: 0s - loss: 4.1399 - accuracy: 1.0000
1/1 [==============================] - 0s 5ms/step - loss: 4.1399 - accuracy: 1.0000
Epoch 17/25

1/1 [==============================] - ETA: 0s - loss: 4.0899 - accuracy: 1.0000
1/1 [==============================] - 0s 4ms/step - loss: 4.0899 - accuracy: 1.0000
Epoch 18/25

1/1 [==============================] - ETA: 0s - loss: 4.0379 - accuracy: 1.0000
1/1 [==============================] - 0s 5ms/step - loss: 4.0379 - accuracy: 1.0000
Epoch 19/25

1/1 [==============================] - ETA: 0s - loss: 3.9838 - accuracy: 1.0000
1/1 [==============================] - 0s 8ms/step - loss: 3.9838 - accuracy: 1.0000
Epoch 20/25

1/1 [==============================] - ETA: 0s - loss: 3.9274 - accuracy: 1.0000
1/1 [==============================] - 0s 6ms/step - loss: 3.9274 - accuracy: 1.0000
Epoch 21/25

1/1 [==============================] - ETA: 0s - loss: 3.8689 - accuracy: 1.0000
1/1 [==============================] - 0s 4ms/step - loss: 3.8689 - accuracy: 1.0000
Epoch 22/25

1/1 [==============================] - ETA: 0s - loss: 3.8080 - accuracy: 1.0000
1/1 [==============================] - 0s 5ms/step - loss: 3.8080 - accuracy: 1.0000
Epoch 23/25

1/1 [==============================] - ETA: 0s - loss: 3.7447 - accuracy: 1.0000
1/1 [==============================] - 0s 5ms/step - loss: 3.7447 - accuracy: 1.0000
Epoch 24/25

1/1 [==============================] - ETA: 0s - loss: 3.6791 - accuracy: 1.0000
1/1 [==============================] - 0s 4ms/step - loss: 3.6791 - accuracy: 1.0000
Epoch 25/25

1/1 [==============================] - ETA: 0s - loss: 3.6110 - accuracy: 1.0000
1/1 [==============================] - 0s 4ms/step - loss: 3.6110 - accuracy: 1.0000
# node2vec
Epoch 1/25

1/1 [==============================] - ETA: 0s - loss: 4.8991 - accuracy: 0.0000e+00
1/1 [==============================] - 0s 191ms/step - loss: 4.8991 - accuracy: 0.0000e+00
Epoch 2/25

1/1 [==============================] - ETA: 0s - loss: 4.8615 - accuracy: 0.0000e+00
1/1 [==============================] - 0s 9ms/step - loss: 4.8615 - accuracy: 0.0000e+00
Epoch 3/25

1/1 [==============================] - ETA: 0s - loss: 4.8239 - accuracy: 0.0000e+00
1/1 [==============================] - 0s 3ms/step - loss: 4.8239 - accuracy: 0.0000e+00
Epoch 4/25

1/1 [==============================] - ETA: 0s - loss: 4.7864 - accuracy: 0.0000e+00
1/1 [==============================] - 0s 4ms/step - loss: 4.7864 - accuracy: 0.0000e+00
Epoch 5/25

1/1 [==============================] - ETA: 0s - loss: 4.7489 - accuracy: 0.0000e+00
1/1 [==============================] - 0s 4ms/step - loss: 4.7489 - accuracy: 0.0000e+00
Epoch 6/25

1/1 [==============================] - ETA: 0s - loss: 4.7115 - accuracy: 0.0000e+00
1/1 [==============================] - 0s 3ms/step - loss: 4.7115 - accuracy: 0.0000e+00
Epoch 7/25

1/1 [==============================] - ETA: 0s - loss: 4.6741 - accuracy: 0.0000e+00
1/1 [==============================] - 0s 3ms/step - loss: 4.6741 - accuracy: 0.0000e+00
Epoch 8/25

1/1 [==============================] - ETA: 0s - loss: 4.6368 - accuracy: 0.0000e+00
1/1 [==============================] - 0s 3ms/step - loss: 4.6368 - accuracy: 0.0000e+00
Epoch 9/25

1/1 [==============================] - ETA: 0s - loss: 4.5995 - accuracy: 0.0000e+00
1/1 [==============================] - 0s 3ms/step - loss: 4.5995 - accuracy: 0.0000e+00
Epoch 10/25

1/1 [==============================] - ETA: 0s - loss: 4.5624 - accuracy: 0.0000e+00
1/1 [==============================] - 0s 4ms/step - loss: 4.5624 - accuracy: 0.0000e+00
Epoch 11/25

1/1 [==============================] - ETA: 0s - loss: 4.5253 - accuracy: 0.0625
1/1 [==============================] - 0s 3ms/step - loss: 4.5253 - accuracy: 0.0625
Epoch 12/25

1/1 [==============================] - ETA: 0s - loss: 4.4882 - accuracy: 0.1250
1/1 [==============================] - 0s 3ms/step - loss: 4.4882 - accuracy: 0.1250
Epoch 13/25

1/1 [==============================] - ETA: 0s - loss: 4.4513 - accuracy: 0.1250
1/1 [==============================] - 0s 3ms/step - loss: 4.4513 - accuracy: 0.1250
Epoch 14/25

1/1 [==============================] - ETA: 0s - loss: 4.4144 - accuracy: 0.1250
1/1 [==============================] - 0s 3ms/step - loss: 4.4144 - accuracy: 0.1250
Epoch 15/25

1/1 [==============================] - ETA: 0s - loss: 4.3776 - accuracy: 0.1250
1/1 [==============================] - 0s 3ms/step - loss: 4.3776 - accuracy: 0.1250
Epoch 16/25

1/1 [==============================] - ETA: 0s - loss: 4.3408 - accuracy: 0.1250
1/1 [==============================] - 0s 4ms/step - loss: 4.3408 - accuracy: 0.1250
Epoch 17/25

1/1 [==============================] - ETA: 0s - loss: 4.3042 - accuracy: 0.1250
1/1 [==============================] - 0s 3ms/step - loss: 4.3042 - accuracy: 0.1250
Epoch 18/25

1/1 [==============================] - ETA: 0s - loss: 4.2676 - accuracy: 0.1875
1/1 [==============================] - 0s 4ms/step - loss: 4.2676 - accuracy: 0.1875
Epoch 19/25

1/1 [==============================] - ETA: 0s - loss: 4.2311 - accuracy: 0.1875
1/1 [==============================] - 0s 3ms/step - loss: 4.2311 - accuracy: 0.1875
Epoch 20/25

1/1 [==============================] - ETA: 0s - loss: 4.1947 - accuracy: 0.2500
1/1 [==============================] - 0s 3ms/step - loss: 4.1947 - accuracy: 0.2500
Epoch 21/25

1/1 [==============================] - ETA: 0s - loss: 4.1584 - accuracy: 0.2500
1/1 [==============================] - 0s 3ms/step - loss: 4.1584 - accuracy: 0.2500
Epoch 22/25

1/1 [==============================] - ETA: 0s - loss: 4.1222 - accuracy: 0.2500
1/1 [==============================] - 0s 4ms/step - loss: 4.1222 - accuracy: 0.2500
Epoch 23/25

1/1 [==============================] - ETA: 0s - loss: 4.0861 - accuracy: 0.2500
1/1 [==============================] - 0s 3ms/step - loss: 4.0861 - accuracy: 0.2500
Epoch 24/25

1/1 [==============================] - ETA: 0s - loss: 4.0501 - accuracy: 0.2500
1/1 [==============================] - 0s 3ms/step - loss: 4.0501 - accuracy: 0.2500
Epoch 25/25

1/1 [==============================] - ETA: 0s - loss: 4.0142 - accuracy: 0.2500
1/1 [==============================] - 0s 3ms/step - loss: 4.0142 - accuracy: 0.2500
# predict: steps=12
# predict: tnodeembed_metrics
# predict: node2vec_metrics
tnodeembed: {'auc': 0.7369345843649646, 'f1_micro': 0.0, 'f1_macro': 0.0} tNodeEmbed_final_loss=3.6109659671783447 tNodeEmbed_final_accuracy=1.0 
node2vec: {'auc': 0.6823073505258256, 'f1_micro': 0.0, 'f1_macro': 0.0} node2vec_final_loss=4.014190673828125 node2vec_final_accuracy=0.25 
