# load graph
Processing Static file: filename='CollegeMsg_20040825_nodes_16_edges_15_component_0.edges'
# initialize tNodeEmbed for dataset=COLLEGE_NC, test_size=0.2
# load dataset
# fit
# tNodeEmbed steps_per_epoch=1
Epoch 1/25

1/1 [==============================] - ETA: 0s - loss: 4.7670 - accuracy: 0.0000e+00
1/1 [==============================] - 1s 1s/step - loss: 4.7670 - accuracy: 0.0000e+00
Epoch 2/25

1/1 [==============================] - ETA: 0s - loss: 4.7351 - accuracy: 0.0000e+00
1/1 [==============================] - 0s 4ms/step - loss: 4.7351 - accuracy: 0.0000e+00
Epoch 3/25

1/1 [==============================] - ETA: 0s - loss: 4.7034 - accuracy: 0.0000e+00
1/1 [==============================] - 0s 6ms/step - loss: 4.7034 - accuracy: 0.0000e+00
Epoch 4/25

1/1 [==============================] - ETA: 0s - loss: 4.6716 - accuracy: 0.0625
1/1 [==============================] - 0s 5ms/step - loss: 4.6716 - accuracy: 0.0625
Epoch 5/25

1/1 [==============================] - ETA: 0s - loss: 4.6396 - accuracy: 0.5000
1/1 [==============================] - 0s 6ms/step - loss: 4.6396 - accuracy: 0.5000
Epoch 6/25

1/1 [==============================] - ETA: 0s - loss: 4.6073 - accuracy: 0.6875
1/1 [==============================] - 0s 5ms/step - loss: 4.6073 - accuracy: 0.6875
Epoch 7/25

1/1 [==============================] - ETA: 0s - loss: 4.5745 - accuracy: 0.7500
1/1 [==============================] - 0s 6ms/step - loss: 4.5745 - accuracy: 0.7500
Epoch 8/25

1/1 [==============================] - ETA: 0s - loss: 4.5411 - accuracy: 0.8750
1/1 [==============================] - 0s 5ms/step - loss: 4.5411 - accuracy: 0.8750
Epoch 9/25

1/1 [==============================] - ETA: 0s - loss: 4.5069 - accuracy: 0.8750
1/1 [==============================] - 0s 5ms/step - loss: 4.5069 - accuracy: 0.8750
Epoch 10/25

1/1 [==============================] - ETA: 0s - loss: 4.4717 - accuracy: 0.9375
1/1 [==============================] - 0s 5ms/step - loss: 4.4717 - accuracy: 0.9375
Epoch 11/25

1/1 [==============================] - ETA: 0s - loss: 4.4354 - accuracy: 0.9375
1/1 [==============================] - 0s 5ms/step - loss: 4.4354 - accuracy: 0.9375
Epoch 12/25

1/1 [==============================] - ETA: 0s - loss: 4.3980 - accuracy: 0.9375
1/1 [==============================] - 0s 6ms/step - loss: 4.3980 - accuracy: 0.9375
Epoch 13/25

1/1 [==============================] - ETA: 0s - loss: 4.3592 - accuracy: 0.9375
1/1 [==============================] - 0s 6ms/step - loss: 4.3592 - accuracy: 0.9375
Epoch 14/25

1/1 [==============================] - ETA: 0s - loss: 4.3189 - accuracy: 0.9375
1/1 [==============================] - 0s 6ms/step - loss: 4.3189 - accuracy: 0.9375
Epoch 15/25

1/1 [==============================] - ETA: 0s - loss: 4.2770 - accuracy: 0.9375
1/1 [==============================] - 0s 6ms/step - loss: 4.2770 - accuracy: 0.9375
Epoch 16/25

1/1 [==============================] - ETA: 0s - loss: 4.2333 - accuracy: 0.9375
1/1 [==============================] - 0s 5ms/step - loss: 4.2333 - accuracy: 0.9375
Epoch 17/25

1/1 [==============================] - ETA: 0s - loss: 4.1879 - accuracy: 0.9375
1/1 [==============================] - 0s 6ms/step - loss: 4.1879 - accuracy: 0.9375
Epoch 18/25

1/1 [==============================] - ETA: 0s - loss: 4.1405 - accuracy: 0.9375
1/1 [==============================] - 0s 7ms/step - loss: 4.1405 - accuracy: 0.9375
Epoch 19/25

1/1 [==============================] - ETA: 0s - loss: 4.0910 - accuracy: 0.9375
1/1 [==============================] - 0s 6ms/step - loss: 4.0910 - accuracy: 0.9375
Epoch 20/25

1/1 [==============================] - ETA: 0s - loss: 4.0395 - accuracy: 0.9375
1/1 [==============================] - 0s 5ms/step - loss: 4.0395 - accuracy: 0.9375
Epoch 21/25

1/1 [==============================] - ETA: 0s - loss: 3.9856 - accuracy: 0.9375
1/1 [==============================] - 0s 6ms/step - loss: 3.9856 - accuracy: 0.9375
Epoch 22/25

1/1 [==============================] - ETA: 0s - loss: 3.9295 - accuracy: 0.9375
1/1 [==============================] - 0s 5ms/step - loss: 3.9295 - accuracy: 0.9375
Epoch 23/25

1/1 [==============================] - ETA: 0s - loss: 3.8711 - accuracy: 0.9375
1/1 [==============================] - 0s 5ms/step - loss: 3.8711 - accuracy: 0.9375
Epoch 24/25

1/1 [==============================] - ETA: 0s - loss: 3.8101 - accuracy: 0.9375
1/1 [==============================] - 0s 5ms/step - loss: 3.8101 - accuracy: 0.9375
Epoch 25/25

1/1 [==============================] - ETA: 0s - loss: 3.7468 - accuracy: 0.9375
1/1 [==============================] - 0s 6ms/step - loss: 3.7468 - accuracy: 0.9375
# node2vec
Epoch 1/25

1/1 [==============================] - ETA: 0s - loss: 4.7249 - accuracy: 0.0000e+00
1/1 [==============================] - 0s 218ms/step - loss: 4.7249 - accuracy: 0.0000e+00
Epoch 2/25

1/1 [==============================] - ETA: 0s - loss: 4.6891 - accuracy: 0.0000e+00
1/1 [==============================] - 0s 4ms/step - loss: 4.6891 - accuracy: 0.0000e+00
Epoch 3/25

1/1 [==============================] - ETA: 0s - loss: 4.6532 - accuracy: 0.0000e+00
1/1 [==============================] - 0s 3ms/step - loss: 4.6532 - accuracy: 0.0000e+00
Epoch 4/25

1/1 [==============================] - ETA: 0s - loss: 4.6174 - accuracy: 0.0000e+00
1/1 [==============================] - 0s 3ms/step - loss: 4.6174 - accuracy: 0.0000e+00
Epoch 5/25

1/1 [==============================] - ETA: 0s - loss: 4.5816 - accuracy: 0.0000e+00
1/1 [==============================] - 0s 5ms/step - loss: 4.5816 - accuracy: 0.0000e+00
Epoch 6/25

1/1 [==============================] - ETA: 0s - loss: 4.5458 - accuracy: 0.0000e+00
1/1 [==============================] - 0s 3ms/step - loss: 4.5458 - accuracy: 0.0000e+00
Epoch 7/25

1/1 [==============================] - ETA: 0s - loss: 4.5102 - accuracy: 0.0000e+00
1/1 [==============================] - 0s 3ms/step - loss: 4.5102 - accuracy: 0.0000e+00
Epoch 8/25

1/1 [==============================] - ETA: 0s - loss: 4.4745 - accuracy: 0.0000e+00
1/1 [==============================] - 0s 5ms/step - loss: 4.4745 - accuracy: 0.0000e+00
Epoch 9/25

1/1 [==============================] - ETA: 0s - loss: 4.4389 - accuracy: 0.0625
1/1 [==============================] - 0s 4ms/step - loss: 4.4389 - accuracy: 0.0625
Epoch 10/25

1/1 [==============================] - ETA: 0s - loss: 4.4034 - accuracy: 0.0625
1/1 [==============================] - 0s 3ms/step - loss: 4.4034 - accuracy: 0.0625
Epoch 11/25

1/1 [==============================] - ETA: 0s - loss: 4.3679 - accuracy: 0.1250
1/1 [==============================] - 0s 4ms/step - loss: 4.3679 - accuracy: 0.1250
Epoch 12/25

1/1 [==============================] - ETA: 0s - loss: 4.3325 - accuracy: 0.1875
1/1 [==============================] - 0s 3ms/step - loss: 4.3325 - accuracy: 0.1875
Epoch 13/25

1/1 [==============================] - ETA: 0s - loss: 4.2972 - accuracy: 0.2500
1/1 [==============================] - 0s 4ms/step - loss: 4.2972 - accuracy: 0.2500
Epoch 14/25

1/1 [==============================] - ETA: 0s - loss: 4.2619 - accuracy: 0.3125
1/1 [==============================] - 0s 4ms/step - loss: 4.2619 - accuracy: 0.3125
Epoch 15/25

1/1 [==============================] - ETA: 0s - loss: 4.2267 - accuracy: 0.3125
1/1 [==============================] - 0s 3ms/step - loss: 4.2267 - accuracy: 0.3125
Epoch 16/25

1/1 [==============================] - ETA: 0s - loss: 4.1915 - accuracy: 0.3125
1/1 [==============================] - 0s 4ms/step - loss: 4.1915 - accuracy: 0.3125
Epoch 17/25

1/1 [==============================] - ETA: 0s - loss: 4.1565 - accuracy: 0.3125
1/1 [==============================] - 0s 3ms/step - loss: 4.1565 - accuracy: 0.3125
Epoch 18/25

1/1 [==============================] - ETA: 0s - loss: 4.1215 - accuracy: 0.3125
1/1 [==============================] - 0s 4ms/step - loss: 4.1215 - accuracy: 0.3125
Epoch 19/25

1/1 [==============================] - ETA: 0s - loss: 4.0865 - accuracy: 0.3750
1/1 [==============================] - 0s 3ms/step - loss: 4.0865 - accuracy: 0.3750
Epoch 20/25

1/1 [==============================] - ETA: 0s - loss: 4.0517 - accuracy: 0.3750
1/1 [==============================] - 0s 3ms/step - loss: 4.0517 - accuracy: 0.3750
Epoch 21/25

1/1 [==============================] - ETA: 0s - loss: 4.0169 - accuracy: 0.4375
1/1 [==============================] - 0s 3ms/step - loss: 4.0169 - accuracy: 0.4375
Epoch 22/25

1/1 [==============================] - ETA: 0s - loss: 3.9822 - accuracy: 0.5000
1/1 [==============================] - 0s 3ms/step - loss: 3.9822 - accuracy: 0.5000
Epoch 23/25

1/1 [==============================] - ETA: 0s - loss: 3.9476 - accuracy: 0.5625
1/1 [==============================] - 0s 3ms/step - loss: 3.9476 - accuracy: 0.5625
Epoch 24/25

1/1 [==============================] - ETA: 0s - loss: 3.9131 - accuracy: 0.6250
1/1 [==============================] - 0s 3ms/step - loss: 3.9131 - accuracy: 0.6250
Epoch 25/25

1/1 [==============================] - ETA: 0s - loss: 3.8787 - accuracy: 0.6875
1/1 [==============================] - 0s 3ms/step - loss: 3.8787 - accuracy: 0.6875
# predict: steps=12
# predict: tnodeembed_metrics
# predict: node2vec_metrics
tnodeembed: {'auc': 0.7085401600764837, 'f1_micro': 0.0, 'f1_macro': 0.0} tNodeEmbed_final_loss=3.7467637062072754 tNodeEmbed_final_accuracy=0.9375 
node2vec: {'auc': 0.675828205819626, 'f1_micro': 0.0, 'f1_macro': 0.0} node2vec_final_loss=3.878723621368408 node2vec_final_accuracy=0.6875 
