# load graph
Processing Static file: filename='CollegeMsg_20040521_nodes_373_edges_528_component_0.edges'
# initialize tNodeEmbed for dataset=COLLEGE_NC, test_size=0.2
# load dataset
# fit
# tNodeEmbed steps_per_epoch=1
Epoch 1/25

1/1 [==============================] - ETA: 0s - loss: 4.7326 - accuracy: 0.1250
1/1 [==============================] - 1s 1s/step - loss: 4.7326 - accuracy: 0.1250
Epoch 2/25

1/1 [==============================] - ETA: 0s - loss: 4.7087 - accuracy: 0.1250
1/1 [==============================] - 0s 4ms/step - loss: 4.7087 - accuracy: 0.1250
Epoch 3/25

1/1 [==============================] - ETA: 0s - loss: 4.6847 - accuracy: 0.3125
1/1 [==============================] - 0s 5ms/step - loss: 4.6847 - accuracy: 0.3125
Epoch 4/25

1/1 [==============================] - ETA: 0s - loss: 4.6606 - accuracy: 0.5625
1/1 [==============================] - 0s 5ms/step - loss: 4.6606 - accuracy: 0.5625
Epoch 5/25

1/1 [==============================] - ETA: 0s - loss: 4.6363 - accuracy: 0.6250
1/1 [==============================] - 0s 4ms/step - loss: 4.6363 - accuracy: 0.6250
Epoch 6/25

1/1 [==============================] - ETA: 0s - loss: 4.6116 - accuracy: 0.6875
1/1 [==============================] - 0s 4ms/step - loss: 4.6116 - accuracy: 0.6875
Epoch 7/25

1/1 [==============================] - ETA: 0s - loss: 4.5866 - accuracy: 0.7500
1/1 [==============================] - 0s 4ms/step - loss: 4.5866 - accuracy: 0.7500
Epoch 8/25

1/1 [==============================] - ETA: 0s - loss: 4.5611 - accuracy: 0.7500
1/1 [==============================] - 0s 4ms/step - loss: 4.5611 - accuracy: 0.7500
Epoch 9/25

1/1 [==============================] - ETA: 0s - loss: 4.5350 - accuracy: 0.7500
1/1 [==============================] - 0s 4ms/step - loss: 4.5350 - accuracy: 0.7500
Epoch 10/25

1/1 [==============================] - ETA: 0s - loss: 4.5083 - accuracy: 0.7500
1/1 [==============================] - 0s 4ms/step - loss: 4.5083 - accuracy: 0.7500
Epoch 11/25

1/1 [==============================] - ETA: 0s - loss: 4.4807 - accuracy: 0.7500
1/1 [==============================] - 0s 4ms/step - loss: 4.4807 - accuracy: 0.7500
Epoch 12/25

1/1 [==============================] - ETA: 0s - loss: 4.4523 - accuracy: 0.7500
1/1 [==============================] - 0s 4ms/step - loss: 4.4523 - accuracy: 0.7500
Epoch 13/25

1/1 [==============================] - ETA: 0s - loss: 4.4230 - accuracy: 0.7500
1/1 [==============================] - 0s 4ms/step - loss: 4.4230 - accuracy: 0.7500
Epoch 14/25

1/1 [==============================] - ETA: 0s - loss: 4.3927 - accuracy: 0.7500
1/1 [==============================] - 0s 4ms/step - loss: 4.3927 - accuracy: 0.7500
Epoch 15/25

1/1 [==============================] - ETA: 0s - loss: 4.3613 - accuracy: 0.7500
1/1 [==============================] - 0s 4ms/step - loss: 4.3613 - accuracy: 0.7500
Epoch 16/25

1/1 [==============================] - ETA: 0s - loss: 4.3287 - accuracy: 0.7500
1/1 [==============================] - 0s 4ms/step - loss: 4.3287 - accuracy: 0.7500
Epoch 17/25

1/1 [==============================] - ETA: 0s - loss: 4.2949 - accuracy: 0.7500
1/1 [==============================] - 0s 4ms/step - loss: 4.2949 - accuracy: 0.7500
Epoch 18/25

1/1 [==============================] - ETA: 0s - loss: 4.2598 - accuracy: 0.7500
1/1 [==============================] - 0s 4ms/step - loss: 4.2598 - accuracy: 0.7500
Epoch 19/25

1/1 [==============================] - ETA: 0s - loss: 4.2234 - accuracy: 0.7500
1/1 [==============================] - 0s 6ms/step - loss: 4.2234 - accuracy: 0.7500
Epoch 20/25

1/1 [==============================] - ETA: 0s - loss: 4.1856 - accuracy: 0.7500
1/1 [==============================] - 0s 7ms/step - loss: 4.1856 - accuracy: 0.7500
Epoch 21/25

1/1 [==============================] - ETA: 0s - loss: 4.1463 - accuracy: 0.7500
1/1 [==============================] - 0s 6ms/step - loss: 4.1463 - accuracy: 0.7500
Epoch 22/25

1/1 [==============================] - ETA: 0s - loss: 4.1056 - accuracy: 0.7500
1/1 [==============================] - 0s 6ms/step - loss: 4.1056 - accuracy: 0.7500
Epoch 23/25

1/1 [==============================] - ETA: 0s - loss: 4.0634 - accuracy: 0.7500
1/1 [==============================] - 0s 4ms/step - loss: 4.0634 - accuracy: 0.7500
Epoch 24/25

1/1 [==============================] - ETA: 0s - loss: 4.0197 - accuracy: 0.7500
1/1 [==============================] - 0s 4ms/step - loss: 4.0197 - accuracy: 0.7500
Epoch 25/25

1/1 [==============================] - ETA: 0s - loss: 3.9744 - accuracy: 0.7500
1/1 [==============================] - 0s 4ms/step - loss: 3.9744 - accuracy: 0.7500
# node2vec
Epoch 1/25

1/1 [==============================] - ETA: 0s - loss: 4.7315 - accuracy: 0.1250
1/1 [==============================] - 0s 216ms/step - loss: 4.7315 - accuracy: 0.1250
Epoch 2/25

1/1 [==============================] - ETA: 0s - loss: 4.7046 - accuracy: 0.1250
1/1 [==============================] - 0s 3ms/step - loss: 4.7046 - accuracy: 0.1250
Epoch 3/25

1/1 [==============================] - ETA: 0s - loss: 4.6777 - accuracy: 0.1250
1/1 [==============================] - 0s 2ms/step - loss: 4.6777 - accuracy: 0.1250
Epoch 4/25

1/1 [==============================] - ETA: 0s - loss: 4.6508 - accuracy: 0.1250
1/1 [==============================] - 0s 3ms/step - loss: 4.6508 - accuracy: 0.1250
Epoch 5/25

1/1 [==============================] - ETA: 0s - loss: 4.6239 - accuracy: 0.0625
1/1 [==============================] - 0s 3ms/step - loss: 4.6239 - accuracy: 0.0625
Epoch 6/25

1/1 [==============================] - ETA: 0s - loss: 4.5971 - accuracy: 0.1250
1/1 [==============================] - 0s 3ms/step - loss: 4.5971 - accuracy: 0.1250
Epoch 7/25

1/1 [==============================] - ETA: 0s - loss: 4.5703 - accuracy: 0.1250
1/1 [==============================] - 0s 4ms/step - loss: 4.5703 - accuracy: 0.1250
Epoch 8/25

1/1 [==============================] - ETA: 0s - loss: 4.5435 - accuracy: 0.1250
1/1 [==============================] - 0s 3ms/step - loss: 4.5435 - accuracy: 0.1250
Epoch 9/25

1/1 [==============================] - ETA: 0s - loss: 4.5168 - accuracy: 0.1250
1/1 [==============================] - 0s 3ms/step - loss: 4.5168 - accuracy: 0.1250
Epoch 10/25

1/1 [==============================] - ETA: 0s - loss: 4.4901 - accuracy: 0.1250
1/1 [==============================] - 0s 4ms/step - loss: 4.4901 - accuracy: 0.1250
Epoch 11/25

1/1 [==============================] - ETA: 0s - loss: 4.4635 - accuracy: 0.1250
1/1 [==============================] - 0s 3ms/step - loss: 4.4635 - accuracy: 0.1250
Epoch 12/25

1/1 [==============================] - ETA: 0s - loss: 4.4369 - accuracy: 0.1875
1/1 [==============================] - 0s 3ms/step - loss: 4.4369 - accuracy: 0.1875
Epoch 13/25

1/1 [==============================] - ETA: 0s - loss: 4.4104 - accuracy: 0.1875
1/1 [==============================] - 0s 3ms/step - loss: 4.4104 - accuracy: 0.1875
Epoch 14/25

1/1 [==============================] - ETA: 0s - loss: 4.3839 - accuracy: 0.1875
1/1 [==============================] - 0s 3ms/step - loss: 4.3839 - accuracy: 0.1875
Epoch 15/25

1/1 [==============================] - ETA: 0s - loss: 4.3574 - accuracy: 0.2500
1/1 [==============================] - 0s 3ms/step - loss: 4.3574 - accuracy: 0.2500
Epoch 16/25

1/1 [==============================] - ETA: 0s - loss: 4.3311 - accuracy: 0.3125
1/1 [==============================] - 0s 3ms/step - loss: 4.3311 - accuracy: 0.3125
Epoch 17/25

1/1 [==============================] - ETA: 0s - loss: 4.3047 - accuracy: 0.3125
1/1 [==============================] - 0s 3ms/step - loss: 4.3047 - accuracy: 0.3125
Epoch 18/25

1/1 [==============================] - ETA: 0s - loss: 4.2785 - accuracy: 0.3750
1/1 [==============================] - 0s 4ms/step - loss: 4.2785 - accuracy: 0.3750
Epoch 19/25

1/1 [==============================] - ETA: 0s - loss: 4.2522 - accuracy: 0.3750
1/1 [==============================] - 0s 3ms/step - loss: 4.2522 - accuracy: 0.3750
Epoch 20/25

1/1 [==============================] - ETA: 0s - loss: 4.2261 - accuracy: 0.3750
1/1 [==============================] - 0s 3ms/step - loss: 4.2261 - accuracy: 0.3750
Epoch 21/25

1/1 [==============================] - ETA: 0s - loss: 4.2000 - accuracy: 0.3750
1/1 [==============================] - 0s 2ms/step - loss: 4.2000 - accuracy: 0.3750
Epoch 22/25

1/1 [==============================] - ETA: 0s - loss: 4.1740 - accuracy: 0.3750
1/1 [==============================] - 0s 3ms/step - loss: 4.1740 - accuracy: 0.3750
Epoch 23/25

1/1 [==============================] - ETA: 0s - loss: 4.1480 - accuracy: 0.4375
1/1 [==============================] - 0s 3ms/step - loss: 4.1480 - accuracy: 0.4375
Epoch 24/25

1/1 [==============================] - ETA: 0s - loss: 4.1221 - accuracy: 0.4375
1/1 [==============================] - 0s 3ms/step - loss: 4.1221 - accuracy: 0.4375
Epoch 25/25

1/1 [==============================] - ETA: 0s - loss: 4.0963 - accuracy: 0.4375
1/1 [==============================] - 0s 3ms/step - loss: 4.0963 - accuracy: 0.4375
# predict: steps=12
# predict: tnodeembed_metrics
# predict: node2vec_metrics
tnodeembed: {'auc': 0.6892348564704729, 'f1_micro': 0.0, 'f1_macro': 0.0} tNodeEmbed_final_loss=3.974425792694092 tNodeEmbed_final_accuracy=0.75 
node2vec: {'auc': 0.6079005282769103, 'f1_micro': 0.0, 'f1_macro': 0.0} node2vec_final_loss=4.096289157867432 node2vec_final_accuracy=0.4375 
