# load graph
Processing Static file: filename='CollegeMsg_20040906_nodes_12_edges_11_component_0.edges'
# initialize tNodeEmbed for dataset=COLLEGE_NC, test_size=0.2
# load dataset
# fit
# tNodeEmbed steps_per_epoch=1
Epoch 1/25

1/1 [==============================] - ETA: 0s - loss: 4.7365 - accuracy: 0.0000e+00
1/1 [==============================] - 1s 1s/step - loss: 4.7365 - accuracy: 0.0000e+00
Epoch 2/25

1/1 [==============================] - ETA: 0s - loss: 4.7041 - accuracy: 0.0625
1/1 [==============================] - 0s 7ms/step - loss: 4.7041 - accuracy: 0.0625
Epoch 3/25

1/1 [==============================] - ETA: 0s - loss: 4.6716 - accuracy: 0.1250
1/1 [==============================] - 0s 8ms/step - loss: 4.6716 - accuracy: 0.1250
Epoch 4/25

1/1 [==============================] - ETA: 0s - loss: 4.6390 - accuracy: 0.3750
1/1 [==============================] - 0s 7ms/step - loss: 4.6390 - accuracy: 0.3750
Epoch 5/25

1/1 [==============================] - ETA: 0s - loss: 4.6062 - accuracy: 0.6250
1/1 [==============================] - 0s 8ms/step - loss: 4.6062 - accuracy: 0.6250
Epoch 6/25

1/1 [==============================] - ETA: 0s - loss: 4.5731 - accuracy: 0.7500
1/1 [==============================] - 0s 11ms/step - loss: 4.5731 - accuracy: 0.7500
Epoch 7/25

1/1 [==============================] - ETA: 0s - loss: 4.5394 - accuracy: 1.0000
1/1 [==============================] - 0s 10ms/step - loss: 4.5394 - accuracy: 1.0000
Epoch 8/25

1/1 [==============================] - ETA: 0s - loss: 4.5051 - accuracy: 1.0000
1/1 [==============================] - 0s 9ms/step - loss: 4.5051 - accuracy: 1.0000
Epoch 9/25

1/1 [==============================] - ETA: 0s - loss: 4.4700 - accuracy: 1.0000
1/1 [==============================] - 0s 7ms/step - loss: 4.4700 - accuracy: 1.0000
Epoch 10/25

1/1 [==============================] - ETA: 0s - loss: 4.4339 - accuracy: 1.0000
1/1 [==============================] - 0s 7ms/step - loss: 4.4339 - accuracy: 1.0000
Epoch 11/25

1/1 [==============================] - ETA: 0s - loss: 4.3969 - accuracy: 1.0000
1/1 [==============================] - 0s 7ms/step - loss: 4.3969 - accuracy: 1.0000
Epoch 12/25

1/1 [==============================] - ETA: 0s - loss: 4.3586 - accuracy: 1.0000
1/1 [==============================] - 0s 7ms/step - loss: 4.3586 - accuracy: 1.0000
Epoch 13/25

1/1 [==============================] - ETA: 0s - loss: 4.3190 - accuracy: 1.0000
1/1 [==============================] - 0s 8ms/step - loss: 4.3190 - accuracy: 1.0000
Epoch 14/25

1/1 [==============================] - ETA: 0s - loss: 4.2780 - accuracy: 1.0000
1/1 [==============================] - 0s 8ms/step - loss: 4.2780 - accuracy: 1.0000
Epoch 15/25

1/1 [==============================] - ETA: 0s - loss: 4.2354 - accuracy: 1.0000
1/1 [==============================] - 0s 8ms/step - loss: 4.2354 - accuracy: 1.0000
Epoch 16/25

1/1 [==============================] - ETA: 0s - loss: 4.1911 - accuracy: 1.0000
1/1 [==============================] - 0s 8ms/step - loss: 4.1911 - accuracy: 1.0000
Epoch 17/25

1/1 [==============================] - ETA: 0s - loss: 4.1451 - accuracy: 1.0000
1/1 [==============================] - 0s 8ms/step - loss: 4.1451 - accuracy: 1.0000
Epoch 18/25

1/1 [==============================] - ETA: 0s - loss: 4.0972 - accuracy: 1.0000
1/1 [==============================] - 0s 7ms/step - loss: 4.0972 - accuracy: 1.0000
Epoch 19/25

1/1 [==============================] - ETA: 0s - loss: 4.0474 - accuracy: 1.0000
1/1 [==============================] - 0s 7ms/step - loss: 4.0474 - accuracy: 1.0000
Epoch 20/25

1/1 [==============================] - ETA: 0s - loss: 3.9955 - accuracy: 1.0000
1/1 [==============================] - 0s 8ms/step - loss: 3.9955 - accuracy: 1.0000
Epoch 21/25

1/1 [==============================] - ETA: 0s - loss: 3.9415 - accuracy: 1.0000
1/1 [==============================] - 0s 9ms/step - loss: 3.9415 - accuracy: 1.0000
Epoch 22/25

1/1 [==============================] - ETA: 0s - loss: 3.8852 - accuracy: 1.0000
1/1 [==============================] - 0s 9ms/step - loss: 3.8852 - accuracy: 1.0000
Epoch 23/25

1/1 [==============================] - ETA: 0s - loss: 3.8266 - accuracy: 1.0000
1/1 [==============================] - 0s 8ms/step - loss: 3.8266 - accuracy: 1.0000
Epoch 24/25

1/1 [==============================] - ETA: 0s - loss: 3.7657 - accuracy: 1.0000
1/1 [==============================] - 0s 8ms/step - loss: 3.7657 - accuracy: 1.0000
Epoch 25/25

1/1 [==============================] - ETA: 0s - loss: 3.7024 - accuracy: 1.0000
1/1 [==============================] - 0s 7ms/step - loss: 3.7024 - accuracy: 1.0000
# node2vec
Epoch 1/25

1/1 [==============================] - ETA: 0s - loss: 4.7022 - accuracy: 0.0625
1/1 [==============================] - 0s 309ms/step - loss: 4.7022 - accuracy: 0.0625
Epoch 2/25

1/1 [==============================] - ETA: 0s - loss: 4.6655 - accuracy: 0.0625
1/1 [==============================] - 0s 3ms/step - loss: 4.6655 - accuracy: 0.0625
Epoch 3/25

1/1 [==============================] - ETA: 0s - loss: 4.6288 - accuracy: 0.0625
1/1 [==============================] - 0s 5ms/step - loss: 4.6288 - accuracy: 0.0625
Epoch 4/25

1/1 [==============================] - ETA: 0s - loss: 4.5922 - accuracy: 0.0625
1/1 [==============================] - 0s 4ms/step - loss: 4.5922 - accuracy: 0.0625
Epoch 5/25

1/1 [==============================] - ETA: 0s - loss: 4.5556 - accuracy: 0.0625
1/1 [==============================] - 0s 4ms/step - loss: 4.5556 - accuracy: 0.0625
Epoch 6/25

1/1 [==============================] - ETA: 0s - loss: 4.5191 - accuracy: 0.1875
1/1 [==============================] - 0s 5ms/step - loss: 4.5191 - accuracy: 0.1875
Epoch 7/25

1/1 [==============================] - ETA: 0s - loss: 4.4826 - accuracy: 0.1875
1/1 [==============================] - 0s 5ms/step - loss: 4.4826 - accuracy: 0.1875
Epoch 8/25

1/1 [==============================] - ETA: 0s - loss: 4.4462 - accuracy: 0.1875
1/1 [==============================] - 0s 4ms/step - loss: 4.4462 - accuracy: 0.1875
Epoch 9/25

1/1 [==============================] - ETA: 0s - loss: 4.4098 - accuracy: 0.1875
1/1 [==============================] - 0s 5ms/step - loss: 4.4098 - accuracy: 0.1875
Epoch 10/25

1/1 [==============================] - ETA: 0s - loss: 4.3735 - accuracy: 0.1875
1/1 [==============================] - 0s 4ms/step - loss: 4.3735 - accuracy: 0.1875
Epoch 11/25

1/1 [==============================] - ETA: 0s - loss: 4.3372 - accuracy: 0.2500
1/1 [==============================] - 0s 5ms/step - loss: 4.3372 - accuracy: 0.2500
Epoch 12/25

1/1 [==============================] - ETA: 0s - loss: 4.3010 - accuracy: 0.3125
1/1 [==============================] - 0s 5ms/step - loss: 4.3010 - accuracy: 0.3125
Epoch 13/25

1/1 [==============================] - ETA: 0s - loss: 4.2649 - accuracy: 0.3750
1/1 [==============================] - 0s 4ms/step - loss: 4.2649 - accuracy: 0.3750
Epoch 14/25

1/1 [==============================] - ETA: 0s - loss: 4.2288 - accuracy: 0.3750
1/1 [==============================] - 0s 4ms/step - loss: 4.2288 - accuracy: 0.3750
Epoch 15/25

1/1 [==============================] - ETA: 0s - loss: 4.1928 - accuracy: 0.4375
1/1 [==============================] - 0s 4ms/step - loss: 4.1928 - accuracy: 0.4375
Epoch 16/25

1/1 [==============================] - ETA: 0s - loss: 4.1569 - accuracy: 0.4375
1/1 [==============================] - 0s 5ms/step - loss: 4.1569 - accuracy: 0.4375
Epoch 17/25

1/1 [==============================] - ETA: 0s - loss: 4.1210 - accuracy: 0.5000
1/1 [==============================] - 0s 5ms/step - loss: 4.1210 - accuracy: 0.5000
Epoch 18/25

1/1 [==============================] - ETA: 0s - loss: 4.0853 - accuracy: 0.5000
1/1 [==============================] - 0s 4ms/step - loss: 4.0853 - accuracy: 0.5000
Epoch 19/25

1/1 [==============================] - ETA: 0s - loss: 4.0496 - accuracy: 0.5000
1/1 [==============================] - 0s 4ms/step - loss: 4.0496 - accuracy: 0.5000
Epoch 20/25

1/1 [==============================] - ETA: 0s - loss: 4.0139 - accuracy: 0.5000
1/1 [==============================] - 0s 5ms/step - loss: 4.0139 - accuracy: 0.5000
Epoch 21/25

1/1 [==============================] - ETA: 0s - loss: 3.9784 - accuracy: 0.5625
1/1 [==============================] - 0s 3ms/step - loss: 3.9784 - accuracy: 0.5625
Epoch 22/25

1/1 [==============================] - ETA: 0s - loss: 3.9429 - accuracy: 0.6250
1/1 [==============================] - 0s 4ms/step - loss: 3.9429 - accuracy: 0.6250
Epoch 23/25

1/1 [==============================] - ETA: 0s - loss: 3.9076 - accuracy: 0.6250
1/1 [==============================] - 0s 4ms/step - loss: 3.9076 - accuracy: 0.6250
Epoch 24/25

1/1 [==============================] - ETA: 0s - loss: 3.8723 - accuracy: 0.6875
1/1 [==============================] - 0s 4ms/step - loss: 3.8723 - accuracy: 0.6875
Epoch 25/25

1/1 [==============================] - ETA: 0s - loss: 3.8371 - accuracy: 0.6875
1/1 [==============================] - 0s 4ms/step - loss: 3.8371 - accuracy: 0.6875
# predict: steps=12
# predict: tnodeembed_metrics
# predict: node2vec_metrics
tnodeembed: {'auc': 0.7056012673743044, 'f1_micro': 0.0, 'f1_macro': 0.0} tNodeEmbed_final_loss=3.702436923980713 tNodeEmbed_final_accuracy=1.0 
node2vec: {'auc': 0.6520831699066018, 'f1_micro': 0.0, 'f1_macro': 0.0} node2vec_final_loss=3.8370819091796875 node2vec_final_accuracy=0.6875 
