# load graph
Processing Static file: filename='CollegeMsg_20040710_nodes_69_edges_69_component_0.edges'
# initialize tNodeEmbed for dataset=COLLEGE_NC, test_size=0.2
# load dataset
# fit
# tNodeEmbed steps_per_epoch=1
Epoch 1/25

1/1 [==============================] - ETA: 0s - loss: 4.7234 - accuracy: 0.0625
1/1 [==============================] - 1s 1s/step - loss: 4.7234 - accuracy: 0.0625
Epoch 2/25

1/1 [==============================] - ETA: 0s - loss: 4.6920 - accuracy: 0.1250
1/1 [==============================] - 0s 4ms/step - loss: 4.6920 - accuracy: 0.1250
Epoch 3/25

1/1 [==============================] - ETA: 0s - loss: 4.6605 - accuracy: 0.2500
1/1 [==============================] - 0s 5ms/step - loss: 4.6605 - accuracy: 0.2500
Epoch 4/25

1/1 [==============================] - ETA: 0s - loss: 4.6289 - accuracy: 0.5625
1/1 [==============================] - 0s 5ms/step - loss: 4.6289 - accuracy: 0.5625
Epoch 5/25

1/1 [==============================] - ETA: 0s - loss: 4.5970 - accuracy: 0.7500
1/1 [==============================] - 0s 4ms/step - loss: 4.5970 - accuracy: 0.7500
Epoch 6/25

1/1 [==============================] - ETA: 0s - loss: 4.5646 - accuracy: 0.8750
1/1 [==============================] - 0s 5ms/step - loss: 4.5646 - accuracy: 0.8750
Epoch 7/25

1/1 [==============================] - ETA: 0s - loss: 4.5317 - accuracy: 0.9375
1/1 [==============================] - 0s 5ms/step - loss: 4.5317 - accuracy: 0.9375
Epoch 8/25

1/1 [==============================] - ETA: 0s - loss: 4.4982 - accuracy: 0.9375
1/1 [==============================] - 0s 4ms/step - loss: 4.4982 - accuracy: 0.9375
Epoch 9/25

1/1 [==============================] - ETA: 0s - loss: 4.4638 - accuracy: 0.9375
1/1 [==============================] - 0s 5ms/step - loss: 4.4638 - accuracy: 0.9375
Epoch 10/25

1/1 [==============================] - ETA: 0s - loss: 4.4285 - accuracy: 1.0000
1/1 [==============================] - 0s 4ms/step - loss: 4.4285 - accuracy: 1.0000
Epoch 11/25

1/1 [==============================] - ETA: 0s - loss: 4.3921 - accuracy: 1.0000
1/1 [==============================] - 0s 6ms/step - loss: 4.3921 - accuracy: 1.0000
Epoch 12/25

1/1 [==============================] - ETA: 0s - loss: 4.3546 - accuracy: 1.0000
1/1 [==============================] - 0s 5ms/step - loss: 4.3546 - accuracy: 1.0000
Epoch 13/25

1/1 [==============================] - ETA: 0s - loss: 4.3158 - accuracy: 1.0000
1/1 [==============================] - 0s 5ms/step - loss: 4.3158 - accuracy: 1.0000
Epoch 14/25

1/1 [==============================] - ETA: 0s - loss: 4.2756 - accuracy: 1.0000
1/1 [==============================] - 0s 5ms/step - loss: 4.2756 - accuracy: 1.0000
Epoch 15/25

1/1 [==============================] - ETA: 0s - loss: 4.2339 - accuracy: 1.0000
1/1 [==============================] - 0s 5ms/step - loss: 4.2339 - accuracy: 1.0000
Epoch 16/25

1/1 [==============================] - ETA: 0s - loss: 4.1907 - accuracy: 1.0000
1/1 [==============================] - 0s 4ms/step - loss: 4.1907 - accuracy: 1.0000
Epoch 17/25

1/1 [==============================] - ETA: 0s - loss: 4.1457 - accuracy: 1.0000
1/1 [==============================] - 0s 4ms/step - loss: 4.1457 - accuracy: 1.0000
Epoch 18/25

1/1 [==============================] - ETA: 0s - loss: 4.0991 - accuracy: 1.0000
1/1 [==============================] - 0s 4ms/step - loss: 4.0991 - accuracy: 1.0000
Epoch 19/25

1/1 [==============================] - ETA: 0s - loss: 4.0506 - accuracy: 1.0000
1/1 [==============================] - 0s 4ms/step - loss: 4.0506 - accuracy: 1.0000
Epoch 20/25

1/1 [==============================] - ETA: 0s - loss: 4.0002 - accuracy: 1.0000
1/1 [==============================] - 0s 4ms/step - loss: 4.0002 - accuracy: 1.0000
Epoch 21/25

1/1 [==============================] - ETA: 0s - loss: 3.9479 - accuracy: 1.0000
1/1 [==============================] - 0s 4ms/step - loss: 3.9479 - accuracy: 1.0000
Epoch 22/25

1/1 [==============================] - ETA: 0s - loss: 3.8935 - accuracy: 1.0000
1/1 [==============================] - 0s 5ms/step - loss: 3.8935 - accuracy: 1.0000
Epoch 23/25

1/1 [==============================] - ETA: 0s - loss: 3.8370 - accuracy: 1.0000
1/1 [==============================] - 0s 4ms/step - loss: 3.8370 - accuracy: 1.0000
Epoch 24/25

1/1 [==============================] - ETA: 0s - loss: 3.7785 - accuracy: 1.0000
1/1 [==============================] - 0s 4ms/step - loss: 3.7785 - accuracy: 1.0000
Epoch 25/25

1/1 [==============================] - ETA: 0s - loss: 3.7177 - accuracy: 1.0000
1/1 [==============================] - 0s 4ms/step - loss: 3.7177 - accuracy: 1.0000
# node2vec
Epoch 1/25

1/1 [==============================] - ETA: 0s - loss: 4.7869 - accuracy: 0.0625
1/1 [==============================] - 0s 210ms/step - loss: 4.7869 - accuracy: 0.0625
Epoch 2/25

1/1 [==============================] - ETA: 0s - loss: 4.7495 - accuracy: 0.0625
1/1 [==============================] - 0s 4ms/step - loss: 4.7495 - accuracy: 0.0625
Epoch 3/25

1/1 [==============================] - ETA: 0s - loss: 4.7122 - accuracy: 0.0625
1/1 [==============================] - 0s 3ms/step - loss: 4.7122 - accuracy: 0.0625
Epoch 4/25

1/1 [==============================] - ETA: 0s - loss: 4.6749 - accuracy: 0.0625
1/1 [==============================] - 0s 4ms/step - loss: 4.6749 - accuracy: 0.0625
Epoch 5/25

1/1 [==============================] - ETA: 0s - loss: 4.6377 - accuracy: 0.0625
1/1 [==============================] - 0s 3ms/step - loss: 4.6377 - accuracy: 0.0625
Epoch 6/25

1/1 [==============================] - ETA: 0s - loss: 4.6005 - accuracy: 0.0625
1/1 [==============================] - 0s 2ms/step - loss: 4.6005 - accuracy: 0.0625
Epoch 7/25

1/1 [==============================] - ETA: 0s - loss: 4.5633 - accuracy: 0.0625
1/1 [==============================] - 0s 4ms/step - loss: 4.5633 - accuracy: 0.0625
Epoch 8/25

1/1 [==============================] - ETA: 0s - loss: 4.5263 - accuracy: 0.1250
1/1 [==============================] - 0s 4ms/step - loss: 4.5263 - accuracy: 0.1250
Epoch 9/25

1/1 [==============================] - ETA: 0s - loss: 4.4893 - accuracy: 0.1250
1/1 [==============================] - 0s 3ms/step - loss: 4.4893 - accuracy: 0.1250
Epoch 10/25

1/1 [==============================] - ETA: 0s - loss: 4.4523 - accuracy: 0.1250
1/1 [==============================] - 0s 3ms/step - loss: 4.4523 - accuracy: 0.1250
Epoch 11/25

1/1 [==============================] - ETA: 0s - loss: 4.4154 - accuracy: 0.1250
1/1 [==============================] - 0s 4ms/step - loss: 4.4154 - accuracy: 0.1250
Epoch 12/25

1/1 [==============================] - ETA: 0s - loss: 4.3786 - accuracy: 0.1250
1/1 [==============================] - 0s 3ms/step - loss: 4.3786 - accuracy: 0.1250
Epoch 13/25

1/1 [==============================] - ETA: 0s - loss: 4.3419 - accuracy: 0.1250
1/1 [==============================] - 0s 3ms/step - loss: 4.3419 - accuracy: 0.1250
Epoch 14/25

1/1 [==============================] - ETA: 0s - loss: 4.3052 - accuracy: 0.1250
1/1 [==============================] - 0s 6ms/step - loss: 4.3052 - accuracy: 0.1250
Epoch 15/25

1/1 [==============================] - ETA: 0s - loss: 4.2686 - accuracy: 0.2500
1/1 [==============================] - 0s 5ms/step - loss: 4.2686 - accuracy: 0.2500
Epoch 16/25

1/1 [==============================] - ETA: 0s - loss: 4.2321 - accuracy: 0.3125
1/1 [==============================] - 0s 5ms/step - loss: 4.2321 - accuracy: 0.3125
Epoch 17/25

1/1 [==============================] - ETA: 0s - loss: 4.1957 - accuracy: 0.3125
1/1 [==============================] - 0s 4ms/step - loss: 4.1957 - accuracy: 0.3125
Epoch 18/25

1/1 [==============================] - ETA: 0s - loss: 4.1593 - accuracy: 0.3125
1/1 [==============================] - 0s 4ms/step - loss: 4.1593 - accuracy: 0.3125
Epoch 19/25

1/1 [==============================] - ETA: 0s - loss: 4.1230 - accuracy: 0.4375
1/1 [==============================] - 0s 3ms/step - loss: 4.1230 - accuracy: 0.4375
Epoch 20/25

1/1 [==============================] - ETA: 0s - loss: 4.0868 - accuracy: 0.4375
1/1 [==============================] - 0s 3ms/step - loss: 4.0868 - accuracy: 0.4375
Epoch 21/25

1/1 [==============================] - ETA: 0s - loss: 4.0507 - accuracy: 0.4375
1/1 [==============================] - 0s 4ms/step - loss: 4.0507 - accuracy: 0.4375
Epoch 22/25

1/1 [==============================] - ETA: 0s - loss: 4.0147 - accuracy: 0.4375
1/1 [==============================] - 0s 3ms/step - loss: 4.0147 - accuracy: 0.4375
Epoch 23/25

1/1 [==============================] - ETA: 0s - loss: 3.9788 - accuracy: 0.4375
1/1 [==============================] - 0s 4ms/step - loss: 3.9788 - accuracy: 0.4375
Epoch 24/25

1/1 [==============================] - ETA: 0s - loss: 3.9430 - accuracy: 0.5000
1/1 [==============================] - 0s 3ms/step - loss: 3.9430 - accuracy: 0.5000
Epoch 25/25

1/1 [==============================] - ETA: 0s - loss: 3.9072 - accuracy: 0.5625
1/1 [==============================] - 0s 3ms/step - loss: 3.9072 - accuracy: 0.5625
# predict: steps=12
# predict: tnodeembed_metrics
# predict: node2vec_metrics
tnodeembed: {'auc': 0.7177353957786876, 'f1_micro': 0.0, 'f1_macro': 0.0} tNodeEmbed_final_loss=3.7177340984344482 tNodeEmbed_final_accuracy=1.0 
node2vec: {'auc': 0.6494969418772829, 'f1_micro': 0.0, 'f1_macro': 0.0} node2vec_final_loss=3.9072341918945312 node2vec_final_accuracy=0.5625 
