# load graph
Processing Static file: filename='CollegeMsg_20040907_nodes_11_edges_10_component_0.edges'
# initialize tNodeEmbed for dataset=COLLEGE_NC, test_size=0.2
# load dataset
# fit
# tNodeEmbed steps_per_epoch=1
Epoch 1/25

1/1 [==============================] - ETA: 0s - loss: 4.7309 - accuracy: 0.0000e+00
1/1 [==============================] - 2s 2s/step - loss: 4.7309 - accuracy: 0.0000e+00
Epoch 2/25

1/1 [==============================] - ETA: 0s - loss: 4.6979 - accuracy: 0.0625
1/1 [==============================] - 0s 4ms/step - loss: 4.6979 - accuracy: 0.0625
Epoch 3/25

1/1 [==============================] - ETA: 0s - loss: 4.6647 - accuracy: 0.0625
1/1 [==============================] - 0s 6ms/step - loss: 4.6647 - accuracy: 0.0625
Epoch 4/25

1/1 [==============================] - ETA: 0s - loss: 4.6313 - accuracy: 0.3125
1/1 [==============================] - 0s 5ms/step - loss: 4.6313 - accuracy: 0.3125
Epoch 5/25

1/1 [==============================] - ETA: 0s - loss: 4.5976 - accuracy: 0.6875
1/1 [==============================] - 0s 6ms/step - loss: 4.5976 - accuracy: 0.6875
Epoch 6/25

1/1 [==============================] - ETA: 0s - loss: 4.5633 - accuracy: 0.7500
1/1 [==============================] - 0s 5ms/step - loss: 4.5633 - accuracy: 0.7500
Epoch 7/25

1/1 [==============================] - ETA: 0s - loss: 4.5285 - accuracy: 0.8125
1/1 [==============================] - 0s 6ms/step - loss: 4.5285 - accuracy: 0.8125
Epoch 8/25

1/1 [==============================] - ETA: 0s - loss: 4.4928 - accuracy: 0.9375
1/1 [==============================] - 0s 5ms/step - loss: 4.4928 - accuracy: 0.9375
Epoch 9/25

1/1 [==============================] - ETA: 0s - loss: 4.4563 - accuracy: 1.0000
1/1 [==============================] - 0s 7ms/step - loss: 4.4563 - accuracy: 1.0000
Epoch 10/25

1/1 [==============================] - ETA: 0s - loss: 4.4186 - accuracy: 1.0000
1/1 [==============================] - 0s 6ms/step - loss: 4.4186 - accuracy: 1.0000
Epoch 11/25

1/1 [==============================] - ETA: 0s - loss: 4.3797 - accuracy: 1.0000
1/1 [==============================] - 0s 6ms/step - loss: 4.3797 - accuracy: 1.0000
Epoch 12/25

1/1 [==============================] - ETA: 0s - loss: 4.3394 - accuracy: 1.0000
1/1 [==============================] - 0s 5ms/step - loss: 4.3394 - accuracy: 1.0000
Epoch 13/25

1/1 [==============================] - ETA: 0s - loss: 4.2976 - accuracy: 1.0000
1/1 [==============================] - 0s 7ms/step - loss: 4.2976 - accuracy: 1.0000
Epoch 14/25

1/1 [==============================] - ETA: 0s - loss: 4.2541 - accuracy: 1.0000
1/1 [==============================] - 0s 6ms/step - loss: 4.2541 - accuracy: 1.0000
Epoch 15/25

1/1 [==============================] - ETA: 0s - loss: 4.2088 - accuracy: 1.0000
1/1 [==============================] - 0s 6ms/step - loss: 4.2088 - accuracy: 1.0000
Epoch 16/25

1/1 [==============================] - ETA: 0s - loss: 4.1617 - accuracy: 1.0000
1/1 [==============================] - 0s 7ms/step - loss: 4.1617 - accuracy: 1.0000
Epoch 17/25

1/1 [==============================] - ETA: 0s - loss: 4.1126 - accuracy: 1.0000
1/1 [==============================] - 0s 6ms/step - loss: 4.1126 - accuracy: 1.0000
Epoch 18/25

1/1 [==============================] - ETA: 0s - loss: 4.0614 - accuracy: 1.0000
1/1 [==============================] - 0s 6ms/step - loss: 4.0614 - accuracy: 1.0000
Epoch 19/25

1/1 [==============================] - ETA: 0s - loss: 4.0081 - accuracy: 1.0000
1/1 [==============================] - 0s 7ms/step - loss: 4.0081 - accuracy: 1.0000
Epoch 20/25

1/1 [==============================] - ETA: 0s - loss: 3.9524 - accuracy: 1.0000
1/1 [==============================] - 0s 7ms/step - loss: 3.9524 - accuracy: 1.0000
Epoch 21/25

1/1 [==============================] - ETA: 0s - loss: 3.8945 - accuracy: 1.0000
1/1 [==============================] - 0s 6ms/step - loss: 3.8945 - accuracy: 1.0000
Epoch 22/25

1/1 [==============================] - ETA: 0s - loss: 3.8341 - accuracy: 1.0000
1/1 [==============================] - 0s 7ms/step - loss: 3.8341 - accuracy: 1.0000
Epoch 23/25

1/1 [==============================] - ETA: 0s - loss: 3.7712 - accuracy: 1.0000
1/1 [==============================] - 0s 7ms/step - loss: 3.7712 - accuracy: 1.0000
Epoch 24/25

1/1 [==============================] - ETA: 0s - loss: 3.7058 - accuracy: 1.0000
1/1 [==============================] - 0s 6ms/step - loss: 3.7058 - accuracy: 1.0000
Epoch 25/25

1/1 [==============================] - ETA: 0s - loss: 3.6379 - accuracy: 1.0000
1/1 [==============================] - 0s 7ms/step - loss: 3.6379 - accuracy: 1.0000
# node2vec
Epoch 1/25

1/1 [==============================] - ETA: 0s - loss: 4.6977 - accuracy: 0.0000e+00
1/1 [==============================] - 0s 339ms/step - loss: 4.6977 - accuracy: 0.0000e+00
Epoch 2/25

1/1 [==============================] - ETA: 0s - loss: 4.6596 - accuracy: 0.0000e+00
1/1 [==============================] - 0s 2ms/step - loss: 4.6596 - accuracy: 0.0000e+00
Epoch 3/25

1/1 [==============================] - ETA: 0s - loss: 4.6216 - accuracy: 0.0000e+00
1/1 [==============================] - 0s 4ms/step - loss: 4.6216 - accuracy: 0.0000e+00
Epoch 4/25

1/1 [==============================] - ETA: 0s - loss: 4.5837 - accuracy: 0.0000e+00
1/1 [==============================] - 0s 4ms/step - loss: 4.5837 - accuracy: 0.0000e+00
Epoch 5/25

1/1 [==============================] - ETA: 0s - loss: 4.5457 - accuracy: 0.0000e+00
1/1 [==============================] - 0s 2ms/step - loss: 4.5457 - accuracy: 0.0000e+00
Epoch 6/25

1/1 [==============================] - ETA: 0s - loss: 4.5079 - accuracy: 0.0000e+00
1/1 [==============================] - 0s 4ms/step - loss: 4.5079 - accuracy: 0.0000e+00
Epoch 7/25

1/1 [==============================] - ETA: 0s - loss: 4.4701 - accuracy: 0.0625
1/1 [==============================] - 0s 3ms/step - loss: 4.4701 - accuracy: 0.0625
Epoch 8/25

1/1 [==============================] - ETA: 0s - loss: 4.4324 - accuracy: 0.0625
1/1 [==============================] - 0s 4ms/step - loss: 4.4324 - accuracy: 0.0625
Epoch 9/25

1/1 [==============================] - ETA: 0s - loss: 4.3947 - accuracy: 0.0625
1/1 [==============================] - 0s 3ms/step - loss: 4.3947 - accuracy: 0.0625
Epoch 10/25

1/1 [==============================] - ETA: 0s - loss: 4.3571 - accuracy: 0.0625
1/1 [==============================] - 0s 3ms/step - loss: 4.3571 - accuracy: 0.0625
Epoch 11/25

1/1 [==============================] - ETA: 0s - loss: 4.3196 - accuracy: 0.0625
1/1 [==============================] - 0s 3ms/step - loss: 4.3196 - accuracy: 0.0625
Epoch 12/25

1/1 [==============================] - ETA: 0s - loss: 4.2821 - accuracy: 0.1250
1/1 [==============================] - 0s 4ms/step - loss: 4.2821 - accuracy: 0.1250
Epoch 13/25

1/1 [==============================] - ETA: 0s - loss: 4.2448 - accuracy: 0.1875
1/1 [==============================] - 0s 4ms/step - loss: 4.2448 - accuracy: 0.1875
Epoch 14/25

1/1 [==============================] - ETA: 0s - loss: 4.2075 - accuracy: 0.1875
1/1 [==============================] - 0s 3ms/step - loss: 4.2075 - accuracy: 0.1875
Epoch 15/25

1/1 [==============================] - ETA: 0s - loss: 4.1702 - accuracy: 0.2500
1/1 [==============================] - 0s 3ms/step - loss: 4.1702 - accuracy: 0.2500
Epoch 16/25

1/1 [==============================] - ETA: 0s - loss: 4.1331 - accuracy: 0.3750
1/1 [==============================] - 0s 4ms/step - loss: 4.1331 - accuracy: 0.3750
Epoch 17/25

1/1 [==============================] - ETA: 0s - loss: 4.0960 - accuracy: 0.4375
1/1 [==============================] - 0s 6ms/step - loss: 4.0960 - accuracy: 0.4375
Epoch 18/25

1/1 [==============================] - ETA: 0s - loss: 4.0591 - accuracy: 0.5000
1/1 [==============================] - 0s 4ms/step - loss: 4.0591 - accuracy: 0.5000
Epoch 19/25

1/1 [==============================] - ETA: 0s - loss: 4.0222 - accuracy: 0.5000
1/1 [==============================] - 0s 5ms/step - loss: 4.0222 - accuracy: 0.5000
Epoch 20/25

1/1 [==============================] - ETA: 0s - loss: 3.9854 - accuracy: 0.5000
1/1 [==============================] - 0s 4ms/step - loss: 3.9854 - accuracy: 0.5000
Epoch 21/25

1/1 [==============================] - ETA: 0s - loss: 3.9487 - accuracy: 0.5625
1/1 [==============================] - 0s 4ms/step - loss: 3.9487 - accuracy: 0.5625
Epoch 22/25

1/1 [==============================] - ETA: 0s - loss: 3.9121 - accuracy: 0.6250
1/1 [==============================] - 0s 4ms/step - loss: 3.9121 - accuracy: 0.6250
Epoch 23/25

1/1 [==============================] - ETA: 0s - loss: 3.8756 - accuracy: 0.6250
1/1 [==============================] - 0s 5ms/step - loss: 3.8756 - accuracy: 0.6250
Epoch 24/25

1/1 [==============================] - ETA: 0s - loss: 3.8392 - accuracy: 0.6250
1/1 [==============================] - 0s 5ms/step - loss: 3.8392 - accuracy: 0.6250
Epoch 25/25

1/1 [==============================] - ETA: 0s - loss: 3.8030 - accuracy: 0.6250
1/1 [==============================] - 0s 4ms/step - loss: 3.8030 - accuracy: 0.6250
# predict: steps=12
# predict: tnodeembed_metrics
# predict: node2vec_metrics
tnodeembed: {'auc': 0.6893208087171819, 'f1_micro': 0.0, 'f1_macro': 0.0} tNodeEmbed_final_loss=3.6379003524780273 tNodeEmbed_final_accuracy=1.0 
node2vec: {'auc': 0.6472802012600201, 'f1_micro': 0.0, 'f1_macro': 0.0} node2vec_final_loss=3.8029708862304688 node2vec_final_accuracy=0.625 
