# load graph
Processing Static file: filename='CollegeMsg_20041020_nodes_3_edges_2_component_0.edges'
# initialize tNodeEmbed for dataset=COLLEGE_NC, test_size=0.2
# load dataset
# fit
# tNodeEmbed steps_per_epoch=1
Epoch 1/25

1/1 [==============================] - ETA: 0s - loss: 4.7269 - accuracy: 0.0000e+00
1/1 [==============================] - 1s 982ms/step - loss: 4.7269 - accuracy: 0.0000e+00
Epoch 2/25

1/1 [==============================] - ETA: 0s - loss: 4.6935 - accuracy: 0.0625
1/1 [==============================] - 0s 5ms/step - loss: 4.6935 - accuracy: 0.0625
Epoch 3/25

1/1 [==============================] - ETA: 0s - loss: 4.6599 - accuracy: 0.1875
1/1 [==============================] - 0s 4ms/step - loss: 4.6599 - accuracy: 0.1875
Epoch 4/25

1/1 [==============================] - ETA: 0s - loss: 4.6260 - accuracy: 0.4375
1/1 [==============================] - 0s 5ms/step - loss: 4.6260 - accuracy: 0.4375
Epoch 5/25

1/1 [==============================] - ETA: 0s - loss: 4.5917 - accuracy: 0.6875
1/1 [==============================] - 0s 4ms/step - loss: 4.5917 - accuracy: 0.6875
Epoch 6/25

1/1 [==============================] - ETA: 0s - loss: 4.5568 - accuracy: 0.8750
1/1 [==============================] - 0s 4ms/step - loss: 4.5568 - accuracy: 0.8750
Epoch 7/25

1/1 [==============================] - ETA: 0s - loss: 4.5211 - accuracy: 1.0000
1/1 [==============================] - 0s 3ms/step - loss: 4.5211 - accuracy: 1.0000
Epoch 8/25

1/1 [==============================] - ETA: 0s - loss: 4.4846 - accuracy: 1.0000
1/1 [==============================] - 0s 4ms/step - loss: 4.4846 - accuracy: 1.0000
Epoch 9/25

1/1 [==============================] - ETA: 0s - loss: 4.4471 - accuracy: 1.0000
1/1 [==============================] - 0s 5ms/step - loss: 4.4471 - accuracy: 1.0000
Epoch 10/25

1/1 [==============================] - ETA: 0s - loss: 4.4085 - accuracy: 1.0000
1/1 [==============================] - 0s 4ms/step - loss: 4.4085 - accuracy: 1.0000
Epoch 11/25

1/1 [==============================] - ETA: 0s - loss: 4.3685 - accuracy: 1.0000
1/1 [==============================] - 0s 4ms/step - loss: 4.3685 - accuracy: 1.0000
Epoch 12/25

1/1 [==============================] - ETA: 0s - loss: 4.3271 - accuracy: 1.0000
1/1 [==============================] - 0s 4ms/step - loss: 4.3271 - accuracy: 1.0000
Epoch 13/25

1/1 [==============================] - ETA: 0s - loss: 4.2841 - accuracy: 1.0000
1/1 [==============================] - 0s 3ms/step - loss: 4.2841 - accuracy: 1.0000
Epoch 14/25

1/1 [==============================] - ETA: 0s - loss: 4.2395 - accuracy: 1.0000
1/1 [==============================] - 0s 4ms/step - loss: 4.2395 - accuracy: 1.0000
Epoch 15/25

1/1 [==============================] - ETA: 0s - loss: 4.1931 - accuracy: 1.0000
1/1 [==============================] - 0s 4ms/step - loss: 4.1931 - accuracy: 1.0000
Epoch 16/25

1/1 [==============================] - ETA: 0s - loss: 4.1447 - accuracy: 1.0000
1/1 [==============================] - 0s 4ms/step - loss: 4.1447 - accuracy: 1.0000
Epoch 17/25

1/1 [==============================] - ETA: 0s - loss: 4.0944 - accuracy: 1.0000
1/1 [==============================] - 0s 5ms/step - loss: 4.0944 - accuracy: 1.0000
Epoch 18/25

1/1 [==============================] - ETA: 0s - loss: 4.0419 - accuracy: 1.0000
1/1 [==============================] - 0s 3ms/step - loss: 4.0419 - accuracy: 1.0000
Epoch 19/25

1/1 [==============================] - ETA: 0s - loss: 3.9872 - accuracy: 1.0000
1/1 [==============================] - 0s 3ms/step - loss: 3.9872 - accuracy: 1.0000
Epoch 20/25

1/1 [==============================] - ETA: 0s - loss: 3.9303 - accuracy: 1.0000
1/1 [==============================] - 0s 5ms/step - loss: 3.9303 - accuracy: 1.0000
Epoch 21/25

1/1 [==============================] - ETA: 0s - loss: 3.8710 - accuracy: 1.0000
1/1 [==============================] - 0s 4ms/step - loss: 3.8710 - accuracy: 1.0000
Epoch 22/25

1/1 [==============================] - ETA: 0s - loss: 3.8093 - accuracy: 1.0000
1/1 [==============================] - 0s 4ms/step - loss: 3.8093 - accuracy: 1.0000
Epoch 23/25

1/1 [==============================] - ETA: 0s - loss: 3.7452 - accuracy: 1.0000
1/1 [==============================] - 0s 4ms/step - loss: 3.7452 - accuracy: 1.0000
Epoch 24/25

1/1 [==============================] - ETA: 0s - loss: 3.6785 - accuracy: 1.0000
1/1 [==============================] - 0s 4ms/step - loss: 3.6785 - accuracy: 1.0000
Epoch 25/25

1/1 [==============================] - ETA: 0s - loss: 3.6094 - accuracy: 1.0000
1/1 [==============================] - 0s 4ms/step - loss: 3.6094 - accuracy: 1.0000
# node2vec
Epoch 1/25

1/1 [==============================] - ETA: 0s - loss: 4.8668 - accuracy: 0.0000e+00
1/1 [==============================] - 0s 206ms/step - loss: 4.8668 - accuracy: 0.0000e+00
Epoch 2/25

1/1 [==============================] - ETA: 0s - loss: 4.8275 - accuracy: 0.0000e+00
1/1 [==============================] - 0s 3ms/step - loss: 4.8275 - accuracy: 0.0000e+00
Epoch 3/25

1/1 [==============================] - ETA: 0s - loss: 4.7882 - accuracy: 0.0000e+00
1/1 [==============================] - 0s 2ms/step - loss: 4.7882 - accuracy: 0.0000e+00
Epoch 4/25

1/1 [==============================] - ETA: 0s - loss: 4.7489 - accuracy: 0.0000e+00
1/1 [==============================] - 0s 3ms/step - loss: 4.7489 - accuracy: 0.0000e+00
Epoch 5/25

1/1 [==============================] - ETA: 0s - loss: 4.7097 - accuracy: 0.0000e+00
1/1 [==============================] - 0s 3ms/step - loss: 4.7097 - accuracy: 0.0000e+00
Epoch 6/25

1/1 [==============================] - ETA: 0s - loss: 4.6706 - accuracy: 0.0000e+00
1/1 [==============================] - 0s 3ms/step - loss: 4.6706 - accuracy: 0.0000e+00
Epoch 7/25

1/1 [==============================] - ETA: 0s - loss: 4.6315 - accuracy: 0.0000e+00
1/1 [==============================] - 0s 3ms/step - loss: 4.6315 - accuracy: 0.0000e+00
Epoch 8/25

1/1 [==============================] - ETA: 0s - loss: 4.5925 - accuracy: 0.0000e+00
1/1 [==============================] - 0s 2ms/step - loss: 4.5925 - accuracy: 0.0000e+00
Epoch 9/25

1/1 [==============================] - ETA: 0s - loss: 4.5535 - accuracy: 0.0000e+00
1/1 [==============================] - 0s 2ms/step - loss: 4.5535 - accuracy: 0.0000e+00
Epoch 10/25

1/1 [==============================] - ETA: 0s - loss: 4.5146 - accuracy: 0.0000e+00
1/1 [==============================] - 0s 2ms/step - loss: 4.5146 - accuracy: 0.0000e+00
Epoch 11/25

1/1 [==============================] - ETA: 0s - loss: 4.4758 - accuracy: 0.0000e+00
1/1 [==============================] - 0s 3ms/step - loss: 4.4758 - accuracy: 0.0000e+00
Epoch 12/25

1/1 [==============================] - ETA: 0s - loss: 4.4370 - accuracy: 0.0625
1/1 [==============================] - 0s 3ms/step - loss: 4.4370 - accuracy: 0.0625
Epoch 13/25

1/1 [==============================] - ETA: 0s - loss: 4.3984 - accuracy: 0.0625
1/1 [==============================] - 0s 2ms/step - loss: 4.3984 - accuracy: 0.0625
Epoch 14/25

1/1 [==============================] - ETA: 0s - loss: 4.3598 - accuracy: 0.0625
1/1 [==============================] - 0s 3ms/step - loss: 4.3598 - accuracy: 0.0625
Epoch 15/25

1/1 [==============================] - ETA: 0s - loss: 4.3212 - accuracy: 0.0625
1/1 [==============================] - 0s 3ms/step - loss: 4.3212 - accuracy: 0.0625
Epoch 16/25

1/1 [==============================] - ETA: 0s - loss: 4.2828 - accuracy: 0.0625
1/1 [==============================] - 0s 3ms/step - loss: 4.2828 - accuracy: 0.0625
Epoch 17/25

1/1 [==============================] - ETA: 0s - loss: 4.2445 - accuracy: 0.1250
1/1 [==============================] - 0s 3ms/step - loss: 4.2445 - accuracy: 0.1250
Epoch 18/25

1/1 [==============================] - ETA: 0s - loss: 4.2062 - accuracy: 0.1250
1/1 [==============================] - 0s 2ms/step - loss: 4.2062 - accuracy: 0.1250
Epoch 19/25

1/1 [==============================] - ETA: 0s - loss: 4.1680 - accuracy: 0.1250
1/1 [==============================] - 0s 2ms/step - loss: 4.1680 - accuracy: 0.1250
Epoch 20/25

1/1 [==============================] - ETA: 0s - loss: 4.1299 - accuracy: 0.1250
1/1 [==============================] - 0s 3ms/step - loss: 4.1299 - accuracy: 0.1250
Epoch 21/25

1/1 [==============================] - ETA: 0s - loss: 4.0919 - accuracy: 0.1250
1/1 [==============================] - 0s 2ms/step - loss: 4.0919 - accuracy: 0.1250
Epoch 22/25

1/1 [==============================] - ETA: 0s - loss: 4.0541 - accuracy: 0.1250
1/1 [==============================] - 0s 2ms/step - loss: 4.0541 - accuracy: 0.1250
Epoch 23/25

1/1 [==============================] - ETA: 0s - loss: 4.0163 - accuracy: 0.2500
1/1 [==============================] - 0s 3ms/step - loss: 4.0163 - accuracy: 0.2500
Epoch 24/25

1/1 [==============================] - ETA: 0s - loss: 3.9786 - accuracy: 0.2500
1/1 [==============================] - 0s 3ms/step - loss: 3.9786 - accuracy: 0.2500
Epoch 25/25

1/1 [==============================] - ETA: 0s - loss: 3.9410 - accuracy: 0.3125
1/1 [==============================] - 0s 2ms/step - loss: 3.9410 - accuracy: 0.3125
# predict: steps=12
# predict: tnodeembed_metrics
# predict: node2vec_metrics
tnodeembed: {'auc': 0.7994351359301841, 'f1_micro': 0.0, 'f1_macro': 0.0} tNodeEmbed_final_loss=3.6093506813049316 tNodeEmbed_final_accuracy=1.0 
node2vec: {'auc': 0.6732630291961856, 'f1_micro': 0.0, 'f1_macro': 0.0} node2vec_final_loss=3.9409947395324707 node2vec_final_accuracy=0.3125 
