# load graph
Processing Static file: filename='CollegeMsg_20040616_nodes_5_edges_4_component_0.edges'
# initialize tNodeEmbed for dataset=COLLEGE_NC, test_size=0.2
# load dataset
# fit
# tNodeEmbed steps_per_epoch=1
Epoch 1/25

1/1 [==============================] - ETA: 0s - loss: 4.7158 - accuracy: 0.1875
1/1 [==============================] - 1s 1s/step - loss: 4.7158 - accuracy: 0.1875
Epoch 2/25

1/1 [==============================] - ETA: 0s - loss: 4.6863 - accuracy: 0.0625
1/1 [==============================] - 0s 4ms/step - loss: 4.6863 - accuracy: 0.0625
Epoch 3/25

1/1 [==============================] - ETA: 0s - loss: 4.6566 - accuracy: 0.2500
1/1 [==============================] - 0s 5ms/step - loss: 4.6566 - accuracy: 0.2500
Epoch 4/25

1/1 [==============================] - ETA: 0s - loss: 4.6266 - accuracy: 0.5625
1/1 [==============================] - 0s 4ms/step - loss: 4.6266 - accuracy: 0.5625
Epoch 5/25

1/1 [==============================] - ETA: 0s - loss: 4.5962 - accuracy: 0.6250
1/1 [==============================] - 0s 5ms/step - loss: 4.5962 - accuracy: 0.6250
Epoch 6/25

1/1 [==============================] - ETA: 0s - loss: 4.5654 - accuracy: 0.8125
1/1 [==============================] - 0s 5ms/step - loss: 4.5654 - accuracy: 0.8125
Epoch 7/25

1/1 [==============================] - ETA: 0s - loss: 4.5339 - accuracy: 0.8125
1/1 [==============================] - 0s 4ms/step - loss: 4.5339 - accuracy: 0.8125
Epoch 8/25

1/1 [==============================] - ETA: 0s - loss: 4.5017 - accuracy: 0.8125
1/1 [==============================] - 0s 4ms/step - loss: 4.5017 - accuracy: 0.8125
Epoch 9/25

1/1 [==============================] - ETA: 0s - loss: 4.4686 - accuracy: 0.8125
1/1 [==============================] - 0s 5ms/step - loss: 4.4686 - accuracy: 0.8125
Epoch 10/25

1/1 [==============================] - ETA: 0s - loss: 4.4345 - accuracy: 0.8125
1/1 [==============================] - 0s 4ms/step - loss: 4.4345 - accuracy: 0.8125
Epoch 11/25

1/1 [==============================] - ETA: 0s - loss: 4.3992 - accuracy: 0.8125
1/1 [==============================] - 0s 4ms/step - loss: 4.3992 - accuracy: 0.8125
Epoch 12/25

1/1 [==============================] - ETA: 0s - loss: 4.3628 - accuracy: 0.8125
1/1 [==============================] - 0s 4ms/step - loss: 4.3628 - accuracy: 0.8125
Epoch 13/25

1/1 [==============================] - ETA: 0s - loss: 4.3250 - accuracy: 0.8125
1/1 [==============================] - 0s 4ms/step - loss: 4.3250 - accuracy: 0.8125
Epoch 14/25

1/1 [==============================] - ETA: 0s - loss: 4.2859 - accuracy: 0.9375
1/1 [==============================] - 0s 4ms/step - loss: 4.2859 - accuracy: 0.9375
Epoch 15/25

1/1 [==============================] - ETA: 0s - loss: 4.2452 - accuracy: 0.9375
1/1 [==============================] - 0s 4ms/step - loss: 4.2452 - accuracy: 0.9375
Epoch 16/25

1/1 [==============================] - ETA: 0s - loss: 4.2029 - accuracy: 0.9375
1/1 [==============================] - 0s 4ms/step - loss: 4.2029 - accuracy: 0.9375
Epoch 17/25

1/1 [==============================] - ETA: 0s - loss: 4.1589 - accuracy: 0.9375
1/1 [==============================] - 0s 4ms/step - loss: 4.1589 - accuracy: 0.9375
Epoch 18/25

1/1 [==============================] - ETA: 0s - loss: 4.1133 - accuracy: 0.9375
1/1 [==============================] - 0s 5ms/step - loss: 4.1133 - accuracy: 0.9375
Epoch 19/25

1/1 [==============================] - ETA: 0s - loss: 4.0658 - accuracy: 0.9375
1/1 [==============================] - 0s 5ms/step - loss: 4.0658 - accuracy: 0.9375
Epoch 20/25

1/1 [==============================] - ETA: 0s - loss: 4.0164 - accuracy: 0.9375
1/1 [==============================] - 0s 5ms/step - loss: 4.0164 - accuracy: 0.9375
Epoch 21/25

1/1 [==============================] - ETA: 0s - loss: 3.9652 - accuracy: 0.9375
1/1 [==============================] - 0s 4ms/step - loss: 3.9652 - accuracy: 0.9375
Epoch 22/25

1/1 [==============================] - ETA: 0s - loss: 3.9120 - accuracy: 0.9375
1/1 [==============================] - 0s 4ms/step - loss: 3.9120 - accuracy: 0.9375
Epoch 23/25

1/1 [==============================] - ETA: 0s - loss: 3.8568 - accuracy: 0.9375
1/1 [==============================] - 0s 4ms/step - loss: 3.8568 - accuracy: 0.9375
Epoch 24/25

1/1 [==============================] - ETA: 0s - loss: 3.7996 - accuracy: 0.9375
1/1 [==============================] - 0s 4ms/step - loss: 3.7996 - accuracy: 0.9375
Epoch 25/25

1/1 [==============================] - ETA: 0s - loss: 3.7405 - accuracy: 0.9375
1/1 [==============================] - 0s 4ms/step - loss: 3.7405 - accuracy: 0.9375
# node2vec
Epoch 1/25

1/1 [==============================] - ETA: 0s - loss: 4.8785 - accuracy: 0.1875
1/1 [==============================] - 0s 208ms/step - loss: 4.8785 - accuracy: 0.1875
Epoch 2/25

1/1 [==============================] - ETA: 0s - loss: 4.8473 - accuracy: 0.1875
1/1 [==============================] - 0s 2ms/step - loss: 4.8473 - accuracy: 0.1875
Epoch 3/25

1/1 [==============================] - ETA: 0s - loss: 4.8161 - accuracy: 0.1875
1/1 [==============================] - 0s 3ms/step - loss: 4.8161 - accuracy: 0.1875
Epoch 4/25

1/1 [==============================] - ETA: 0s - loss: 4.7849 - accuracy: 0.1875
1/1 [==============================] - 0s 3ms/step - loss: 4.7849 - accuracy: 0.1875
Epoch 5/25

1/1 [==============================] - ETA: 0s - loss: 4.7538 - accuracy: 0.1875
1/1 [==============================] - 0s 4ms/step - loss: 4.7538 - accuracy: 0.1875
Epoch 6/25

1/1 [==============================] - ETA: 0s - loss: 4.7227 - accuracy: 0.1875
1/1 [==============================] - 0s 3ms/step - loss: 4.7227 - accuracy: 0.1875
Epoch 7/25

1/1 [==============================] - ETA: 0s - loss: 4.6917 - accuracy: 0.1875
1/1 [==============================] - 0s 3ms/step - loss: 4.6917 - accuracy: 0.1875
Epoch 8/25

1/1 [==============================] - ETA: 0s - loss: 4.6606 - accuracy: 0.1875
1/1 [==============================] - 0s 4ms/step - loss: 4.6606 - accuracy: 0.1875
Epoch 9/25

1/1 [==============================] - ETA: 0s - loss: 4.6297 - accuracy: 0.1875
1/1 [==============================] - 0s 2ms/step - loss: 4.6297 - accuracy: 0.1875
Epoch 10/25

1/1 [==============================] - ETA: 0s - loss: 4.5988 - accuracy: 0.1875
1/1 [==============================] - 0s 3ms/step - loss: 4.5988 - accuracy: 0.1875
Epoch 11/25

1/1 [==============================] - ETA: 0s - loss: 4.5679 - accuracy: 0.1875
1/1 [==============================] - 0s 4ms/step - loss: 4.5679 - accuracy: 0.1875
Epoch 12/25

1/1 [==============================] - ETA: 0s - loss: 4.5370 - accuracy: 0.1875
1/1 [==============================] - 0s 4ms/step - loss: 4.5370 - accuracy: 0.1875
Epoch 13/25

1/1 [==============================] - ETA: 0s - loss: 4.5063 - accuracy: 0.2500
1/1 [==============================] - 0s 3ms/step - loss: 4.5063 - accuracy: 0.2500
Epoch 14/25

1/1 [==============================] - ETA: 0s - loss: 4.4755 - accuracy: 0.3125
1/1 [==============================] - 0s 3ms/step - loss: 4.4755 - accuracy: 0.3125
Epoch 15/25

1/1 [==============================] - ETA: 0s - loss: 4.4449 - accuracy: 0.3125
1/1 [==============================] - 0s 3ms/step - loss: 4.4449 - accuracy: 0.3125
Epoch 16/25

1/1 [==============================] - ETA: 0s - loss: 4.4143 - accuracy: 0.3125
1/1 [==============================] - 0s 3ms/step - loss: 4.4143 - accuracy: 0.3125
Epoch 17/25

1/1 [==============================] - ETA: 0s - loss: 4.3837 - accuracy: 0.3750
1/1 [==============================] - 0s 4ms/step - loss: 4.3837 - accuracy: 0.3750
Epoch 18/25

1/1 [==============================] - ETA: 0s - loss: 4.3532 - accuracy: 0.3750
1/1 [==============================] - 0s 4ms/step - loss: 4.3532 - accuracy: 0.3750
Epoch 19/25

1/1 [==============================] - ETA: 0s - loss: 4.3228 - accuracy: 0.4375
1/1 [==============================] - 0s 3ms/step - loss: 4.3228 - accuracy: 0.4375
Epoch 20/25

1/1 [==============================] - ETA: 0s - loss: 4.2924 - accuracy: 0.4375
1/1 [==============================] - 0s 3ms/step - loss: 4.2924 - accuracy: 0.4375
Epoch 21/25

1/1 [==============================] - ETA: 0s - loss: 4.2621 - accuracy: 0.4375
1/1 [==============================] - 0s 4ms/step - loss: 4.2621 - accuracy: 0.4375
Epoch 22/25

1/1 [==============================] - ETA: 0s - loss: 4.2318 - accuracy: 0.5000
1/1 [==============================] - 0s 4ms/step - loss: 4.2318 - accuracy: 0.5000
Epoch 23/25

1/1 [==============================] - ETA: 0s - loss: 4.2017 - accuracy: 0.5000
1/1 [==============================] - 0s 3ms/step - loss: 4.2017 - accuracy: 0.5000
Epoch 24/25

1/1 [==============================] - ETA: 0s - loss: 4.1716 - accuracy: 0.5000
1/1 [==============================] - 0s 4ms/step - loss: 4.1716 - accuracy: 0.5000
Epoch 25/25

1/1 [==============================] - ETA: 0s - loss: 4.1415 - accuracy: 0.5000
1/1 [==============================] - 0s 3ms/step - loss: 4.1415 - accuracy: 0.5000
# predict: steps=12
# predict: tnodeembed_metrics
# predict: node2vec_metrics
tnodeembed: {'auc': 0.692808447527762, 'f1_micro': 0.0, 'f1_macro': 0.0} tNodeEmbed_final_loss=3.740469217300415 tNodeEmbed_final_accuracy=0.9375 
node2vec: {'auc': 0.597705243546687, 'f1_micro': 0.0, 'f1_macro': 0.0} node2vec_final_loss=4.141546249389648 node2vec_final_accuracy=0.5 
