# load graph
Processing Static file: filename='CollegeMsg_20040605_nodes_54_edges_53_component_0.edges'
# initialize tNodeEmbed for dataset=COLLEGE_NC, test_size=0.2
# load dataset
# fit
# tNodeEmbed steps_per_epoch=1
Epoch 1/25

1/1 [==============================] - ETA: 0s - loss: 4.7400 - accuracy: 0.0625
1/1 [==============================] - 1s 1s/step - loss: 4.7400 - accuracy: 0.0625
Epoch 2/25

1/1 [==============================] - ETA: 0s - loss: 4.7056 - accuracy: 0.0625
1/1 [==============================] - 0s 4ms/step - loss: 4.7056 - accuracy: 0.0625
Epoch 3/25

1/1 [==============================] - ETA: 0s - loss: 4.6712 - accuracy: 0.1875
1/1 [==============================] - 0s 4ms/step - loss: 4.6712 - accuracy: 0.1875
Epoch 4/25

1/1 [==============================] - ETA: 0s - loss: 4.6365 - accuracy: 0.3750
1/1 [==============================] - 0s 4ms/step - loss: 4.6365 - accuracy: 0.3750
Epoch 5/25

1/1 [==============================] - ETA: 0s - loss: 4.6014 - accuracy: 0.5000
1/1 [==============================] - 0s 4ms/step - loss: 4.6014 - accuracy: 0.5000
Epoch 6/25

1/1 [==============================] - ETA: 0s - loss: 4.5657 - accuracy: 0.5625
1/1 [==============================] - 0s 4ms/step - loss: 4.5657 - accuracy: 0.5625
Epoch 7/25

1/1 [==============================] - ETA: 0s - loss: 4.5292 - accuracy: 0.7500
1/1 [==============================] - 0s 5ms/step - loss: 4.5292 - accuracy: 0.7500
Epoch 8/25

1/1 [==============================] - ETA: 0s - loss: 4.4917 - accuracy: 0.7500
1/1 [==============================] - 0s 5ms/step - loss: 4.4917 - accuracy: 0.7500
Epoch 9/25

1/1 [==============================] - ETA: 0s - loss: 4.4530 - accuracy: 0.8125
1/1 [==============================] - 0s 4ms/step - loss: 4.4530 - accuracy: 0.8125
Epoch 10/25

1/1 [==============================] - ETA: 0s - loss: 4.4130 - accuracy: 0.8125
1/1 [==============================] - 0s 4ms/step - loss: 4.4130 - accuracy: 0.8125
Epoch 11/25

1/1 [==============================] - ETA: 0s - loss: 4.3716 - accuracy: 0.8750
1/1 [==============================] - 0s 4ms/step - loss: 4.3716 - accuracy: 0.8750
Epoch 12/25

1/1 [==============================] - ETA: 0s - loss: 4.3284 - accuracy: 0.8750
1/1 [==============================] - 0s 5ms/step - loss: 4.3284 - accuracy: 0.8750
Epoch 13/25

1/1 [==============================] - ETA: 0s - loss: 4.2835 - accuracy: 0.8750
1/1 [==============================] - 0s 4ms/step - loss: 4.2835 - accuracy: 0.8750
Epoch 14/25

1/1 [==============================] - ETA: 0s - loss: 4.2367 - accuracy: 0.9375
1/1 [==============================] - 0s 4ms/step - loss: 4.2367 - accuracy: 0.9375
Epoch 15/25

1/1 [==============================] - ETA: 0s - loss: 4.1878 - accuracy: 0.9375
1/1 [==============================] - 0s 4ms/step - loss: 4.1878 - accuracy: 0.9375
Epoch 16/25

1/1 [==============================] - ETA: 0s - loss: 4.1368 - accuracy: 0.9375
1/1 [==============================] - 0s 4ms/step - loss: 4.1368 - accuracy: 0.9375
Epoch 17/25

1/1 [==============================] - ETA: 0s - loss: 4.0835 - accuracy: 0.9375
1/1 [==============================] - 0s 5ms/step - loss: 4.0835 - accuracy: 0.9375
Epoch 18/25

1/1 [==============================] - ETA: 0s - loss: 4.0278 - accuracy: 0.9375
1/1 [==============================] - 0s 5ms/step - loss: 4.0278 - accuracy: 0.9375
Epoch 19/25

1/1 [==============================] - ETA: 0s - loss: 3.9698 - accuracy: 0.9375
1/1 [==============================] - 0s 5ms/step - loss: 3.9698 - accuracy: 0.9375
Epoch 20/25

1/1 [==============================] - ETA: 0s - loss: 3.9092 - accuracy: 0.9375
1/1 [==============================] - 0s 4ms/step - loss: 3.9092 - accuracy: 0.9375
Epoch 21/25

1/1 [==============================] - ETA: 0s - loss: 3.8461 - accuracy: 0.9375
1/1 [==============================] - 0s 5ms/step - loss: 3.8461 - accuracy: 0.9375
Epoch 22/25

1/1 [==============================] - ETA: 0s - loss: 3.7804 - accuracy: 0.9375
1/1 [==============================] - 0s 5ms/step - loss: 3.7804 - accuracy: 0.9375
Epoch 23/25

1/1 [==============================] - ETA: 0s - loss: 3.7121 - accuracy: 0.9375
1/1 [==============================] - 0s 4ms/step - loss: 3.7121 - accuracy: 0.9375
Epoch 24/25

1/1 [==============================] - ETA: 0s - loss: 3.6413 - accuracy: 0.9375
1/1 [==============================] - 0s 4ms/step - loss: 3.6413 - accuracy: 0.9375
Epoch 25/25

1/1 [==============================] - ETA: 0s - loss: 3.5679 - accuracy: 0.9375
1/1 [==============================] - 0s 4ms/step - loss: 3.5679 - accuracy: 0.9375
# node2vec
Epoch 1/25

1/1 [==============================] - ETA: 0s - loss: 4.8521 - accuracy: 0.0625
1/1 [==============================] - 0s 195ms/step - loss: 4.8521 - accuracy: 0.0625
Epoch 2/25

1/1 [==============================] - ETA: 0s - loss: 4.8127 - accuracy: 0.0625
1/1 [==============================] - 0s 3ms/step - loss: 4.8127 - accuracy: 0.0625
Epoch 3/25

1/1 [==============================] - ETA: 0s - loss: 4.7732 - accuracy: 0.0625
1/1 [==============================] - 0s 3ms/step - loss: 4.7732 - accuracy: 0.0625
Epoch 4/25

1/1 [==============================] - ETA: 0s - loss: 4.7339 - accuracy: 0.0625
1/1 [==============================] - 0s 3ms/step - loss: 4.7339 - accuracy: 0.0625
Epoch 5/25

1/1 [==============================] - ETA: 0s - loss: 4.6946 - accuracy: 0.1250
1/1 [==============================] - 0s 3ms/step - loss: 4.6946 - accuracy: 0.1250
Epoch 6/25

1/1 [==============================] - ETA: 0s - loss: 4.6554 - accuracy: 0.1250
1/1 [==============================] - 0s 4ms/step - loss: 4.6554 - accuracy: 0.1250
Epoch 7/25

1/1 [==============================] - ETA: 0s - loss: 4.6163 - accuracy: 0.1250
1/1 [==============================] - 0s 4ms/step - loss: 4.6163 - accuracy: 0.1250
Epoch 8/25

1/1 [==============================] - ETA: 0s - loss: 4.5772 - accuracy: 0.1875
1/1 [==============================] - 0s 3ms/step - loss: 4.5772 - accuracy: 0.1875
Epoch 9/25

1/1 [==============================] - ETA: 0s - loss: 4.5382 - accuracy: 0.1875
1/1 [==============================] - 0s 3ms/step - loss: 4.5382 - accuracy: 0.1875
Epoch 10/25

1/1 [==============================] - ETA: 0s - loss: 4.4992 - accuracy: 0.1875
1/1 [==============================] - 0s 3ms/step - loss: 4.4992 - accuracy: 0.1875
Epoch 11/25

1/1 [==============================] - ETA: 0s - loss: 4.4604 - accuracy: 0.1875
1/1 [==============================] - 0s 2ms/step - loss: 4.4604 - accuracy: 0.1875
Epoch 12/25

1/1 [==============================] - ETA: 0s - loss: 4.4216 - accuracy: 0.1875
1/1 [==============================] - 0s 4ms/step - loss: 4.4216 - accuracy: 0.1875
Epoch 13/25

1/1 [==============================] - ETA: 0s - loss: 4.3830 - accuracy: 0.1875
1/1 [==============================] - 0s 3ms/step - loss: 4.3830 - accuracy: 0.1875
Epoch 14/25

1/1 [==============================] - ETA: 0s - loss: 4.3444 - accuracy: 0.1875
1/1 [==============================] - 0s 3ms/step - loss: 4.3444 - accuracy: 0.1875
Epoch 15/25

1/1 [==============================] - ETA: 0s - loss: 4.3059 - accuracy: 0.1875
1/1 [==============================] - 0s 5ms/step - loss: 4.3059 - accuracy: 0.1875
Epoch 16/25

1/1 [==============================] - ETA: 0s - loss: 4.2675 - accuracy: 0.2500
1/1 [==============================] - 0s 3ms/step - loss: 4.2675 - accuracy: 0.2500
Epoch 17/25

1/1 [==============================] - ETA: 0s - loss: 4.2292 - accuracy: 0.3125
1/1 [==============================] - 0s 5ms/step - loss: 4.2292 - accuracy: 0.3125
Epoch 18/25

1/1 [==============================] - ETA: 0s - loss: 4.1911 - accuracy: 0.3125
1/1 [==============================] - 0s 5ms/step - loss: 4.1911 - accuracy: 0.3125
Epoch 19/25

1/1 [==============================] - ETA: 0s - loss: 4.1530 - accuracy: 0.3750
1/1 [==============================] - 0s 3ms/step - loss: 4.1530 - accuracy: 0.3750
Epoch 20/25

1/1 [==============================] - ETA: 0s - loss: 4.1150 - accuracy: 0.3750
1/1 [==============================] - 0s 3ms/step - loss: 4.1150 - accuracy: 0.3750
Epoch 21/25

1/1 [==============================] - ETA: 0s - loss: 4.0772 - accuracy: 0.3750
1/1 [==============================] - 0s 3ms/step - loss: 4.0772 - accuracy: 0.3750
Epoch 22/25

1/1 [==============================] - ETA: 0s - loss: 4.0395 - accuracy: 0.4375
1/1 [==============================] - 0s 4ms/step - loss: 4.0395 - accuracy: 0.4375
Epoch 23/25

1/1 [==============================] - ETA: 0s - loss: 4.0018 - accuracy: 0.4375
1/1 [==============================] - 0s 3ms/step - loss: 4.0018 - accuracy: 0.4375
Epoch 24/25

1/1 [==============================] - ETA: 0s - loss: 3.9644 - accuracy: 0.4375
1/1 [==============================] - 0s 4ms/step - loss: 3.9644 - accuracy: 0.4375
Epoch 25/25

1/1 [==============================] - ETA: 0s - loss: 3.9270 - accuracy: 0.4375
1/1 [==============================] - 0s 3ms/step - loss: 3.9270 - accuracy: 0.4375
# predict: steps=12
# predict: tnodeembed_metrics
# predict: node2vec_metrics
tnodeembed: {'auc': 0.7611243044149731, 'f1_micro': 0.0, 'f1_macro': 0.0} tNodeEmbed_final_loss=3.5678977966308594 tNodeEmbed_final_accuracy=0.9375 
node2vec: {'auc': 0.6406800186306474, 'f1_micro': 0.0, 'f1_macro': 0.0} node2vec_final_loss=3.9270033836364746 node2vec_final_accuracy=0.4375 
