# load graph
Processing Static file: filename='CollegeMsg_20040821_nodes_6_edges_5_component_0.edges'
# initialize tNodeEmbed for dataset=COLLEGE_NC, test_size=0.2
# load dataset
# fit
# tNodeEmbed steps_per_epoch=1
Epoch 1/25

1/1 [==============================] - ETA: 0s - loss: 4.7192 - accuracy: 0.0000e+00
1/1 [==============================] - 2s 2s/step - loss: 4.7192 - accuracy: 0.0000e+00
Epoch 2/25

1/1 [==============================] - ETA: 0s - loss: 4.6861 - accuracy: 0.0625
1/1 [==============================] - 0s 5ms/step - loss: 4.6861 - accuracy: 0.0625
Epoch 3/25

1/1 [==============================] - ETA: 0s - loss: 4.6527 - accuracy: 0.1875
1/1 [==============================] - 0s 6ms/step - loss: 4.6527 - accuracy: 0.1875
Epoch 4/25

1/1 [==============================] - ETA: 0s - loss: 4.6190 - accuracy: 0.5000
1/1 [==============================] - 0s 6ms/step - loss: 4.6190 - accuracy: 0.5000
Epoch 5/25

1/1 [==============================] - ETA: 0s - loss: 4.5848 - accuracy: 0.5625
1/1 [==============================] - 0s 7ms/step - loss: 4.5848 - accuracy: 0.5625
Epoch 6/25

1/1 [==============================] - ETA: 0s - loss: 4.5498 - accuracy: 0.6875
1/1 [==============================] - 0s 6ms/step - loss: 4.5498 - accuracy: 0.6875
Epoch 7/25

1/1 [==============================] - ETA: 0s - loss: 4.5139 - accuracy: 0.7500
1/1 [==============================] - 0s 8ms/step - loss: 4.5139 - accuracy: 0.7500
Epoch 8/25

1/1 [==============================] - ETA: 0s - loss: 4.4770 - accuracy: 0.8125
1/1 [==============================] - 0s 6ms/step - loss: 4.4770 - accuracy: 0.8125
Epoch 9/25

1/1 [==============================] - ETA: 0s - loss: 4.4388 - accuracy: 0.8125
1/1 [==============================] - 0s 6ms/step - loss: 4.4388 - accuracy: 0.8125
Epoch 10/25

1/1 [==============================] - ETA: 0s - loss: 4.3993 - accuracy: 0.8125
1/1 [==============================] - 0s 6ms/step - loss: 4.3993 - accuracy: 0.8125
Epoch 11/25

1/1 [==============================] - ETA: 0s - loss: 4.3583 - accuracy: 0.8125
1/1 [==============================] - 0s 6ms/step - loss: 4.3583 - accuracy: 0.8125
Epoch 12/25

1/1 [==============================] - ETA: 0s - loss: 4.3157 - accuracy: 0.8125
1/1 [==============================] - 0s 6ms/step - loss: 4.3157 - accuracy: 0.8125
Epoch 13/25

1/1 [==============================] - ETA: 0s - loss: 4.2713 - accuracy: 0.8125
1/1 [==============================] - 0s 5ms/step - loss: 4.2713 - accuracy: 0.8125
Epoch 14/25

1/1 [==============================] - ETA: 0s - loss: 4.2249 - accuracy: 0.8125
1/1 [==============================] - 0s 5ms/step - loss: 4.2249 - accuracy: 0.8125
Epoch 15/25

1/1 [==============================] - ETA: 0s - loss: 4.1766 - accuracy: 0.8125
1/1 [==============================] - 0s 5ms/step - loss: 4.1766 - accuracy: 0.8125
Epoch 16/25

1/1 [==============================] - ETA: 0s - loss: 4.1261 - accuracy: 0.8125
1/1 [==============================] - 0s 7ms/step - loss: 4.1261 - accuracy: 0.8125
Epoch 17/25

1/1 [==============================] - ETA: 0s - loss: 4.0734 - accuracy: 0.8125
1/1 [==============================] - 0s 7ms/step - loss: 4.0734 - accuracy: 0.8125
Epoch 18/25

1/1 [==============================] - ETA: 0s - loss: 4.0184 - accuracy: 0.8125
1/1 [==============================] - 0s 7ms/step - loss: 4.0184 - accuracy: 0.8125
Epoch 19/25

1/1 [==============================] - ETA: 0s - loss: 3.9609 - accuracy: 0.8125
1/1 [==============================] - 0s 6ms/step - loss: 3.9609 - accuracy: 0.8125
Epoch 20/25

1/1 [==============================] - ETA: 0s - loss: 3.9009 - accuracy: 0.8125
1/1 [==============================] - 0s 6ms/step - loss: 3.9009 - accuracy: 0.8125
Epoch 21/25

1/1 [==============================] - ETA: 0s - loss: 3.8383 - accuracy: 0.8125
1/1 [==============================] - 0s 5ms/step - loss: 3.8383 - accuracy: 0.8125
Epoch 22/25

1/1 [==============================] - ETA: 0s - loss: 3.7731 - accuracy: 0.8125
1/1 [==============================] - 0s 5ms/step - loss: 3.7731 - accuracy: 0.8125
Epoch 23/25

1/1 [==============================] - ETA: 0s - loss: 3.7052 - accuracy: 0.8125
1/1 [==============================] - 0s 6ms/step - loss: 3.7052 - accuracy: 0.8125
Epoch 24/25

1/1 [==============================] - ETA: 0s - loss: 3.6346 - accuracy: 0.8125
1/1 [==============================] - 0s 7ms/step - loss: 3.6346 - accuracy: 0.8125
Epoch 25/25

1/1 [==============================] - ETA: 0s - loss: 3.5612 - accuracy: 0.8125
1/1 [==============================] - 0s 6ms/step - loss: 3.5612 - accuracy: 0.8125
# node2vec
Epoch 1/25

1/1 [==============================] - ETA: 0s - loss: 4.8246 - accuracy: 0.0000e+00
1/1 [==============================] - 0s 284ms/step - loss: 4.8246 - accuracy: 0.0000e+00
Epoch 2/25

1/1 [==============================] - ETA: 0s - loss: 4.7871 - accuracy: 0.0000e+00
1/1 [==============================] - 0s 4ms/step - loss: 4.7871 - accuracy: 0.0000e+00
Epoch 3/25

1/1 [==============================] - ETA: 0s - loss: 4.7496 - accuracy: 0.0000e+00
1/1 [==============================] - 0s 5ms/step - loss: 4.7496 - accuracy: 0.0000e+00
Epoch 4/25

1/1 [==============================] - ETA: 0s - loss: 4.7122 - accuracy: 0.0000e+00
1/1 [==============================] - 0s 4ms/step - loss: 4.7122 - accuracy: 0.0000e+00
Epoch 5/25

1/1 [==============================] - ETA: 0s - loss: 4.6748 - accuracy: 0.0000e+00
1/1 [==============================] - 0s 4ms/step - loss: 4.6748 - accuracy: 0.0000e+00
Epoch 6/25

1/1 [==============================] - ETA: 0s - loss: 4.6375 - accuracy: 0.0000e+00
1/1 [==============================] - 0s 4ms/step - loss: 4.6375 - accuracy: 0.0000e+00
Epoch 7/25

1/1 [==============================] - ETA: 0s - loss: 4.6002 - accuracy: 0.0000e+00
1/1 [==============================] - 0s 4ms/step - loss: 4.6002 - accuracy: 0.0000e+00
Epoch 8/25

1/1 [==============================] - ETA: 0s - loss: 4.5630 - accuracy: 0.0000e+00
1/1 [==============================] - 0s 4ms/step - loss: 4.5630 - accuracy: 0.0000e+00
Epoch 9/25

1/1 [==============================] - ETA: 0s - loss: 4.5259 - accuracy: 0.0000e+00
1/1 [==============================] - 0s 4ms/step - loss: 4.5259 - accuracy: 0.0000e+00
Epoch 10/25

1/1 [==============================] - ETA: 0s - loss: 4.4888 - accuracy: 0.0000e+00
1/1 [==============================] - 0s 3ms/step - loss: 4.4888 - accuracy: 0.0000e+00
Epoch 11/25

1/1 [==============================] - ETA: 0s - loss: 4.4518 - accuracy: 0.0625
1/1 [==============================] - 0s 4ms/step - loss: 4.4518 - accuracy: 0.0625
Epoch 12/25

1/1 [==============================] - ETA: 0s - loss: 4.4148 - accuracy: 0.0625
1/1 [==============================] - 0s 4ms/step - loss: 4.4148 - accuracy: 0.0625
Epoch 13/25

1/1 [==============================] - ETA: 0s - loss: 4.3779 - accuracy: 0.0625
1/1 [==============================] - 0s 3ms/step - loss: 4.3779 - accuracy: 0.0625
Epoch 14/25

1/1 [==============================] - ETA: 0s - loss: 4.3411 - accuracy: 0.1250
1/1 [==============================] - 0s 4ms/step - loss: 4.3411 - accuracy: 0.1250
Epoch 15/25

1/1 [==============================] - ETA: 0s - loss: 4.3044 - accuracy: 0.1250
1/1 [==============================] - 0s 4ms/step - loss: 4.3044 - accuracy: 0.1250
Epoch 16/25

1/1 [==============================] - ETA: 0s - loss: 4.2678 - accuracy: 0.1250
1/1 [==============================] - 0s 5ms/step - loss: 4.2678 - accuracy: 0.1250
Epoch 17/25

1/1 [==============================] - ETA: 0s - loss: 4.2312 - accuracy: 0.1250
1/1 [==============================] - 0s 4ms/step - loss: 4.2312 - accuracy: 0.1250
Epoch 18/25

1/1 [==============================] - ETA: 0s - loss: 4.1947 - accuracy: 0.1250
1/1 [==============================] - 0s 6ms/step - loss: 4.1947 - accuracy: 0.1250
Epoch 19/25

1/1 [==============================] - ETA: 0s - loss: 4.1583 - accuracy: 0.1250
1/1 [==============================] - 0s 5ms/step - loss: 4.1583 - accuracy: 0.1250
Epoch 20/25

1/1 [==============================] - ETA: 0s - loss: 4.1220 - accuracy: 0.1875
1/1 [==============================] - 0s 5ms/step - loss: 4.1220 - accuracy: 0.1875
Epoch 21/25

1/1 [==============================] - ETA: 0s - loss: 4.0857 - accuracy: 0.1875
1/1 [==============================] - 0s 6ms/step - loss: 4.0857 - accuracy: 0.1875
Epoch 22/25

1/1 [==============================] - ETA: 0s - loss: 4.0496 - accuracy: 0.1875
1/1 [==============================] - 0s 4ms/step - loss: 4.0496 - accuracy: 0.1875
Epoch 23/25

1/1 [==============================] - ETA: 0s - loss: 4.0136 - accuracy: 0.2500
1/1 [==============================] - 0s 5ms/step - loss: 4.0136 - accuracy: 0.2500
Epoch 24/25

1/1 [==============================] - ETA: 0s - loss: 3.9776 - accuracy: 0.2500
1/1 [==============================] - 0s 6ms/step - loss: 3.9776 - accuracy: 0.2500
Epoch 25/25

1/1 [==============================] - ETA: 0s - loss: 3.9418 - accuracy: 0.4375
1/1 [==============================] - 0s 4ms/step - loss: 3.9418 - accuracy: 0.4375
# predict: steps=12
# predict: tnodeembed_metrics
# predict: node2vec_metrics
tnodeembed: {'auc': 0.6596048648052362, 'f1_micro': 0.0, 'f1_macro': 0.0} tNodeEmbed_final_loss=3.561178684234619 tNodeEmbed_final_accuracy=0.8125 
node2vec: {'auc': 0.6611101782168509, 'f1_micro': 0.0, 'f1_macro': 0.0} node2vec_final_loss=3.9417810440063477 node2vec_final_accuracy=0.4375 
