# load graph
Processing Static file: filename='CollegeMsg_20040801_nodes_8_edges_7_component_0.edges'
# initialize tNodeEmbed for dataset=COLLEGE_NC, test_size=0.2
# load dataset
# fit
# tNodeEmbed steps_per_epoch=1
Epoch 1/25

1/1 [==============================] - ETA: 0s - loss: 4.7343 - accuracy: 0.1875
1/1 [==============================] - 2s 2s/step - loss: 4.7343 - accuracy: 0.1875
Epoch 2/25

1/1 [==============================] - ETA: 0s - loss: 4.7016 - accuracy: 0.1875
1/1 [==============================] - 0s 5ms/step - loss: 4.7016 - accuracy: 0.1875
Epoch 3/25

1/1 [==============================] - ETA: 0s - loss: 4.6687 - accuracy: 0.2500
1/1 [==============================] - 0s 5ms/step - loss: 4.6687 - accuracy: 0.2500
Epoch 4/25

1/1 [==============================] - ETA: 0s - loss: 4.6355 - accuracy: 0.3750
1/1 [==============================] - 0s 9ms/step - loss: 4.6355 - accuracy: 0.3750
Epoch 5/25

1/1 [==============================] - ETA: 0s - loss: 4.6019 - accuracy: 0.6250
1/1 [==============================] - 0s 7ms/step - loss: 4.6019 - accuracy: 0.6250
Epoch 6/25

1/1 [==============================] - ETA: 0s - loss: 4.5677 - accuracy: 0.7500
1/1 [==============================] - 0s 8ms/step - loss: 4.5677 - accuracy: 0.7500
Epoch 7/25

1/1 [==============================] - ETA: 0s - loss: 4.5328 - accuracy: 0.8125
1/1 [==============================] - 0s 6ms/step - loss: 4.5328 - accuracy: 0.8125
Epoch 8/25

1/1 [==============================] - ETA: 0s - loss: 4.4970 - accuracy: 0.8125
1/1 [==============================] - 0s 6ms/step - loss: 4.4970 - accuracy: 0.8125
Epoch 9/25

1/1 [==============================] - ETA: 0s - loss: 4.4602 - accuracy: 0.8125
1/1 [==============================] - 0s 6ms/step - loss: 4.4602 - accuracy: 0.8125
Epoch 10/25

1/1 [==============================] - ETA: 0s - loss: 4.4222 - accuracy: 0.8125
1/1 [==============================] - 0s 5ms/step - loss: 4.4222 - accuracy: 0.8125
Epoch 11/25

1/1 [==============================] - ETA: 0s - loss: 4.3829 - accuracy: 0.8125
1/1 [==============================] - 0s 6ms/step - loss: 4.3829 - accuracy: 0.8125
Epoch 12/25

1/1 [==============================] - ETA: 0s - loss: 4.3423 - accuracy: 0.8125
1/1 [==============================] - 0s 5ms/step - loss: 4.3423 - accuracy: 0.8125
Epoch 13/25

1/1 [==============================] - ETA: 0s - loss: 4.3001 - accuracy: 0.8125
1/1 [==============================] - 0s 5ms/step - loss: 4.3001 - accuracy: 0.8125
Epoch 14/25

1/1 [==============================] - ETA: 0s - loss: 4.2562 - accuracy: 0.8125
1/1 [==============================] - 0s 5ms/step - loss: 4.2562 - accuracy: 0.8125
Epoch 15/25

1/1 [==============================] - ETA: 0s - loss: 4.2107 - accuracy: 0.8125
1/1 [==============================] - 0s 6ms/step - loss: 4.2107 - accuracy: 0.8125
Epoch 16/25

1/1 [==============================] - ETA: 0s - loss: 4.1633 - accuracy: 0.8750
1/1 [==============================] - 0s 5ms/step - loss: 4.1633 - accuracy: 0.8750
Epoch 17/25

1/1 [==============================] - ETA: 0s - loss: 4.1140 - accuracy: 0.8750
1/1 [==============================] - 0s 5ms/step - loss: 4.1140 - accuracy: 0.8750
Epoch 18/25

1/1 [==============================] - ETA: 0s - loss: 4.0627 - accuracy: 0.8750
1/1 [==============================] - 0s 5ms/step - loss: 4.0627 - accuracy: 0.8750
Epoch 19/25

1/1 [==============================] - ETA: 0s - loss: 4.0093 - accuracy: 0.8750
1/1 [==============================] - 0s 5ms/step - loss: 4.0093 - accuracy: 0.8750
Epoch 20/25

1/1 [==============================] - ETA: 0s - loss: 3.9537 - accuracy: 0.8750
1/1 [==============================] - 0s 6ms/step - loss: 3.9537 - accuracy: 0.8750
Epoch 21/25

1/1 [==============================] - ETA: 0s - loss: 3.8960 - accuracy: 0.8750
1/1 [==============================] - 0s 5ms/step - loss: 3.8960 - accuracy: 0.8750
Epoch 22/25

1/1 [==============================] - ETA: 0s - loss: 3.8361 - accuracy: 0.8750
1/1 [==============================] - 0s 6ms/step - loss: 3.8361 - accuracy: 0.8750
Epoch 23/25

1/1 [==============================] - ETA: 0s - loss: 3.7739 - accuracy: 0.8750
1/1 [==============================] - 0s 5ms/step - loss: 3.7739 - accuracy: 0.8750
Epoch 24/25

1/1 [==============================] - ETA: 0s - loss: 3.7095 - accuracy: 0.8750
1/1 [==============================] - 0s 5ms/step - loss: 3.7095 - accuracy: 0.8750
Epoch 25/25

1/1 [==============================] - ETA: 0s - loss: 3.6428 - accuracy: 0.8750
1/1 [==============================] - 0s 7ms/step - loss: 3.6428 - accuracy: 0.8750
# node2vec
Epoch 1/25

1/1 [==============================] - ETA: 0s - loss: 4.7832 - accuracy: 0.0625
1/1 [==============================] - 0s 196ms/step - loss: 4.7832 - accuracy: 0.0625
Epoch 2/25

1/1 [==============================] - ETA: 0s - loss: 4.7454 - accuracy: 0.0625
1/1 [==============================] - 0s 3ms/step - loss: 4.7454 - accuracy: 0.0625
Epoch 3/25

1/1 [==============================] - ETA: 0s - loss: 4.7076 - accuracy: 0.0625
1/1 [==============================] - 0s 4ms/step - loss: 4.7076 - accuracy: 0.0625
Epoch 4/25

1/1 [==============================] - ETA: 0s - loss: 4.6699 - accuracy: 0.0625
1/1 [==============================] - 0s 5ms/step - loss: 4.6699 - accuracy: 0.0625
Epoch 5/25

1/1 [==============================] - ETA: 0s - loss: 4.6322 - accuracy: 0.0625
1/1 [==============================] - 0s 5ms/step - loss: 4.6322 - accuracy: 0.0625
Epoch 6/25

1/1 [==============================] - ETA: 0s - loss: 4.5946 - accuracy: 0.1250
1/1 [==============================] - 0s 4ms/step - loss: 4.5946 - accuracy: 0.1250
Epoch 7/25

1/1 [==============================] - ETA: 0s - loss: 4.5570 - accuracy: 0.1250
1/1 [==============================] - 0s 6ms/step - loss: 4.5570 - accuracy: 0.1250
Epoch 8/25

1/1 [==============================] - ETA: 0s - loss: 4.5195 - accuracy: 0.1250
1/1 [==============================] - 0s 6ms/step - loss: 4.5195 - accuracy: 0.1250
Epoch 9/25

1/1 [==============================] - ETA: 0s - loss: 4.4820 - accuracy: 0.1250
1/1 [==============================] - 0s 5ms/step - loss: 4.4820 - accuracy: 0.1250
Epoch 10/25

1/1 [==============================] - ETA: 0s - loss: 4.4447 - accuracy: 0.3125
1/1 [==============================] - 0s 6ms/step - loss: 4.4447 - accuracy: 0.3125
Epoch 11/25

1/1 [==============================] - ETA: 0s - loss: 4.4073 - accuracy: 0.3125
1/1 [==============================] - 0s 5ms/step - loss: 4.4073 - accuracy: 0.3125
Epoch 12/25

1/1 [==============================] - ETA: 0s - loss: 4.3701 - accuracy: 0.3125
1/1 [==============================] - 0s 4ms/step - loss: 4.3701 - accuracy: 0.3125
Epoch 13/25

1/1 [==============================] - ETA: 0s - loss: 4.3329 - accuracy: 0.4375
1/1 [==============================] - 0s 4ms/step - loss: 4.3329 - accuracy: 0.4375
Epoch 14/25

1/1 [==============================] - ETA: 0s - loss: 4.2959 - accuracy: 0.4375
1/1 [==============================] - 0s 5ms/step - loss: 4.2959 - accuracy: 0.4375
Epoch 15/25

1/1 [==============================] - ETA: 0s - loss: 4.2589 - accuracy: 0.4375
1/1 [==============================] - 0s 5ms/step - loss: 4.2589 - accuracy: 0.4375
Epoch 16/25

1/1 [==============================] - ETA: 0s - loss: 4.2219 - accuracy: 0.4375
1/1 [==============================] - 0s 5ms/step - loss: 4.2219 - accuracy: 0.4375
Epoch 17/25

1/1 [==============================] - ETA: 0s - loss: 4.1851 - accuracy: 0.4375
1/1 [==============================] - 0s 5ms/step - loss: 4.1851 - accuracy: 0.4375
Epoch 18/25

1/1 [==============================] - ETA: 0s - loss: 4.1483 - accuracy: 0.5000
1/1 [==============================] - 0s 4ms/step - loss: 4.1483 - accuracy: 0.5000
Epoch 19/25

1/1 [==============================] - ETA: 0s - loss: 4.1117 - accuracy: 0.5000
1/1 [==============================] - 0s 4ms/step - loss: 4.1117 - accuracy: 0.5000
Epoch 20/25

1/1 [==============================] - ETA: 0s - loss: 4.0751 - accuracy: 0.5625
1/1 [==============================] - 0s 5ms/step - loss: 4.0751 - accuracy: 0.5625
Epoch 21/25

1/1 [==============================] - ETA: 0s - loss: 4.0386 - accuracy: 0.6250
1/1 [==============================] - 0s 4ms/step - loss: 4.0386 - accuracy: 0.6250
Epoch 22/25

1/1 [==============================] - ETA: 0s - loss: 4.0022 - accuracy: 0.6250
1/1 [==============================] - 0s 4ms/step - loss: 4.0022 - accuracy: 0.6250
Epoch 23/25

1/1 [==============================] - ETA: 0s - loss: 3.9660 - accuracy: 0.6250
1/1 [==============================] - 0s 4ms/step - loss: 3.9660 - accuracy: 0.6250
Epoch 24/25

1/1 [==============================] - ETA: 0s - loss: 3.9298 - accuracy: 0.6875
1/1 [==============================] - 0s 4ms/step - loss: 3.9298 - accuracy: 0.6875
Epoch 25/25

1/1 [==============================] - ETA: 0s - loss: 3.8937 - accuracy: 0.6875
1/1 [==============================] - 0s 5ms/step - loss: 3.8937 - accuracy: 0.6875
# predict: steps=12
# predict: tnodeembed_metrics
# predict: node2vec_metrics
tnodeembed: {'auc': 0.7053940627068369, 'f1_micro': 0.0, 'f1_macro': 0.0} tNodeEmbed_final_loss=3.6428003311157227 tNodeEmbed_final_accuracy=0.875 
node2vec: {'auc': 0.6344987191429903, 'f1_micro': 0.0, 'f1_macro': 0.0} node2vec_final_loss=3.8937172889709473 node2vec_final_accuracy=0.6875 
