# load graph
Processing Static file: filename='CollegeMsg_20040813_nodes_43_edges_43_component_0.edges'
# initialize tNodeEmbed for dataset=COLLEGE_NC, test_size=0.2
# load dataset
# fit
# tNodeEmbed steps_per_epoch=1
Epoch 1/25

1/1 [==============================] - ETA: 0s - loss: 4.7441 - accuracy: 0.1250
1/1 [==============================] - 2s 2s/step - loss: 4.7441 - accuracy: 0.1250
Epoch 2/25

1/1 [==============================] - ETA: 0s - loss: 4.7121 - accuracy: 0.1250
1/1 [==============================] - 0s 4ms/step - loss: 4.7121 - accuracy: 0.1250
Epoch 3/25

1/1 [==============================] - ETA: 0s - loss: 4.6802 - accuracy: 0.2500
1/1 [==============================] - 0s 5ms/step - loss: 4.6802 - accuracy: 0.2500
Epoch 4/25

1/1 [==============================] - ETA: 0s - loss: 4.6482 - accuracy: 0.4375
1/1 [==============================] - 0s 5ms/step - loss: 4.6482 - accuracy: 0.4375
Epoch 5/25

1/1 [==============================] - ETA: 0s - loss: 4.6161 - accuracy: 0.6875
1/1 [==============================] - 0s 5ms/step - loss: 4.6161 - accuracy: 0.6875
Epoch 6/25

1/1 [==============================] - ETA: 0s - loss: 4.5837 - accuracy: 0.8125
1/1 [==============================] - 0s 5ms/step - loss: 4.5837 - accuracy: 0.8125
Epoch 7/25

1/1 [==============================] - ETA: 0s - loss: 4.5508 - accuracy: 0.8750
1/1 [==============================] - 0s 6ms/step - loss: 4.5508 - accuracy: 0.8750
Epoch 8/25

1/1 [==============================] - ETA: 0s - loss: 4.5173 - accuracy: 0.9375
1/1 [==============================] - 0s 5ms/step - loss: 4.5173 - accuracy: 0.9375
Epoch 9/25

1/1 [==============================] - ETA: 0s - loss: 4.4831 - accuracy: 0.9375
1/1 [==============================] - 0s 5ms/step - loss: 4.4831 - accuracy: 0.9375
Epoch 10/25

1/1 [==============================] - ETA: 0s - loss: 4.4480 - accuracy: 0.9375
1/1 [==============================] - 0s 5ms/step - loss: 4.4480 - accuracy: 0.9375
Epoch 11/25

1/1 [==============================] - ETA: 0s - loss: 4.4119 - accuracy: 0.9375
1/1 [==============================] - 0s 4ms/step - loss: 4.4119 - accuracy: 0.9375
Epoch 12/25

1/1 [==============================] - ETA: 0s - loss: 4.3746 - accuracy: 0.9375
1/1 [==============================] - 0s 5ms/step - loss: 4.3746 - accuracy: 0.9375
Epoch 13/25

1/1 [==============================] - ETA: 0s - loss: 4.3361 - accuracy: 0.9375
1/1 [==============================] - 0s 5ms/step - loss: 4.3361 - accuracy: 0.9375
Epoch 14/25

1/1 [==============================] - ETA: 0s - loss: 4.2962 - accuracy: 0.9375
1/1 [==============================] - 0s 4ms/step - loss: 4.2962 - accuracy: 0.9375
Epoch 15/25

1/1 [==============================] - ETA: 0s - loss: 4.2547 - accuracy: 0.9375
1/1 [==============================] - 0s 5ms/step - loss: 4.2547 - accuracy: 0.9375
Epoch 16/25

1/1 [==============================] - ETA: 0s - loss: 4.2116 - accuracy: 0.9375
1/1 [==============================] - 0s 5ms/step - loss: 4.2116 - accuracy: 0.9375
Epoch 17/25

1/1 [==============================] - ETA: 0s - loss: 4.1668 - accuracy: 0.9375
1/1 [==============================] - 0s 5ms/step - loss: 4.1668 - accuracy: 0.9375
Epoch 18/25

1/1 [==============================] - ETA: 0s - loss: 4.1202 - accuracy: 0.9375
1/1 [==============================] - 0s 4ms/step - loss: 4.1202 - accuracy: 0.9375
Epoch 19/25

1/1 [==============================] - ETA: 0s - loss: 4.0718 - accuracy: 0.9375
1/1 [==============================] - 0s 4ms/step - loss: 4.0718 - accuracy: 0.9375
Epoch 20/25

1/1 [==============================] - ETA: 0s - loss: 4.0213 - accuracy: 0.9375
1/1 [==============================] - 0s 5ms/step - loss: 4.0213 - accuracy: 0.9375
Epoch 21/25

1/1 [==============================] - ETA: 0s - loss: 3.9688 - accuracy: 0.9375
1/1 [==============================] - 0s 5ms/step - loss: 3.9688 - accuracy: 0.9375
Epoch 22/25

1/1 [==============================] - ETA: 0s - loss: 3.9142 - accuracy: 0.9375
1/1 [==============================] - 0s 5ms/step - loss: 3.9142 - accuracy: 0.9375
Epoch 23/25

1/1 [==============================] - ETA: 0s - loss: 3.8575 - accuracy: 0.9375
1/1 [==============================] - 0s 5ms/step - loss: 3.8575 - accuracy: 0.9375
Epoch 24/25

1/1 [==============================] - ETA: 0s - loss: 3.7985 - accuracy: 0.9375
1/1 [==============================] - 0s 4ms/step - loss: 3.7985 - accuracy: 0.9375
Epoch 25/25

1/1 [==============================] - ETA: 0s - loss: 3.7374 - accuracy: 0.9375
1/1 [==============================] - 0s 4ms/step - loss: 3.7374 - accuracy: 0.9375
# node2vec
Epoch 1/25

1/1 [==============================] - ETA: 0s - loss: 4.7960 - accuracy: 0.1250
1/1 [==============================] - 0s 195ms/step - loss: 4.7960 - accuracy: 0.1250
Epoch 2/25

1/1 [==============================] - ETA: 0s - loss: 4.7614 - accuracy: 0.1250
1/1 [==============================] - 0s 2ms/step - loss: 4.7614 - accuracy: 0.1250
Epoch 3/25

1/1 [==============================] - ETA: 0s - loss: 4.7269 - accuracy: 0.1250
1/1 [==============================] - 0s 3ms/step - loss: 4.7269 - accuracy: 0.1250
Epoch 4/25

1/1 [==============================] - ETA: 0s - loss: 4.6924 - accuracy: 0.1250
1/1 [==============================] - 0s 3ms/step - loss: 4.6924 - accuracy: 0.1250
Epoch 5/25

1/1 [==============================] - ETA: 0s - loss: 4.6580 - accuracy: 0.1250
1/1 [==============================] - 0s 4ms/step - loss: 4.6580 - accuracy: 0.1250
Epoch 6/25

1/1 [==============================] - ETA: 0s - loss: 4.6236 - accuracy: 0.1250
1/1 [==============================] - 0s 3ms/step - loss: 4.6236 - accuracy: 0.1250
Epoch 7/25

1/1 [==============================] - ETA: 0s - loss: 4.5893 - accuracy: 0.2500
1/1 [==============================] - 0s 3ms/step - loss: 4.5893 - accuracy: 0.2500
Epoch 8/25

1/1 [==============================] - ETA: 0s - loss: 4.5550 - accuracy: 0.3125
1/1 [==============================] - 0s 3ms/step - loss: 4.5550 - accuracy: 0.3125
Epoch 9/25

1/1 [==============================] - ETA: 0s - loss: 4.5207 - accuracy: 0.3125
1/1 [==============================] - 0s 4ms/step - loss: 4.5207 - accuracy: 0.3125
Epoch 10/25

1/1 [==============================] - ETA: 0s - loss: 4.4865 - accuracy: 0.3750
1/1 [==============================] - 0s 4ms/step - loss: 4.4865 - accuracy: 0.3750
Epoch 11/25

1/1 [==============================] - ETA: 0s - loss: 4.4524 - accuracy: 0.3750
1/1 [==============================] - 0s 4ms/step - loss: 4.4524 - accuracy: 0.3750
Epoch 12/25

1/1 [==============================] - ETA: 0s - loss: 4.4184 - accuracy: 0.3750
1/1 [==============================] - 0s 3ms/step - loss: 4.4184 - accuracy: 0.3750
Epoch 13/25

1/1 [==============================] - ETA: 0s - loss: 4.3844 - accuracy: 0.4375
1/1 [==============================] - 0s 4ms/step - loss: 4.3844 - accuracy: 0.4375
Epoch 14/25

1/1 [==============================] - ETA: 0s - loss: 4.3504 - accuracy: 0.4375
1/1 [==============================] - 0s 4ms/step - loss: 4.3504 - accuracy: 0.4375
Epoch 15/25

1/1 [==============================] - ETA: 0s - loss: 4.3166 - accuracy: 0.4375
1/1 [==============================] - 0s 4ms/step - loss: 4.3166 - accuracy: 0.4375
Epoch 16/25

1/1 [==============================] - ETA: 0s - loss: 4.2828 - accuracy: 0.4375
1/1 [==============================] - 0s 2ms/step - loss: 4.2828 - accuracy: 0.4375
Epoch 17/25

1/1 [==============================] - ETA: 0s - loss: 4.2491 - accuracy: 0.4375
1/1 [==============================] - 0s 3ms/step - loss: 4.2491 - accuracy: 0.4375
Epoch 18/25

1/1 [==============================] - ETA: 0s - loss: 4.2155 - accuracy: 0.5000
1/1 [==============================] - 0s 4ms/step - loss: 4.2155 - accuracy: 0.5000
Epoch 19/25

1/1 [==============================] - ETA: 0s - loss: 4.1819 - accuracy: 0.6250
1/1 [==============================] - 0s 3ms/step - loss: 4.1819 - accuracy: 0.6250
Epoch 20/25

1/1 [==============================] - ETA: 0s - loss: 4.1484 - accuracy: 0.6250
1/1 [==============================] - 0s 3ms/step - loss: 4.1484 - accuracy: 0.6250
Epoch 21/25

1/1 [==============================] - ETA: 0s - loss: 4.1150 - accuracy: 0.6250
1/1 [==============================] - 0s 5ms/step - loss: 4.1150 - accuracy: 0.6250
Epoch 22/25

1/1 [==============================] - ETA: 0s - loss: 4.0817 - accuracy: 0.6250
1/1 [==============================] - 0s 2ms/step - loss: 4.0817 - accuracy: 0.6250
Epoch 23/25

1/1 [==============================] - ETA: 0s - loss: 4.0485 - accuracy: 0.6250
1/1 [==============================] - 0s 3ms/step - loss: 4.0485 - accuracy: 0.6250
Epoch 24/25

1/1 [==============================] - ETA: 0s - loss: 4.0154 - accuracy: 0.6250
1/1 [==============================] - 0s 3ms/step - loss: 4.0154 - accuracy: 0.6250
Epoch 25/25

1/1 [==============================] - ETA: 0s - loss: 3.9824 - accuracy: 0.6875
1/1 [==============================] - 0s 2ms/step - loss: 3.9824 - accuracy: 0.6875
# predict: steps=12
# predict: tnodeembed_metrics
# predict: node2vec_metrics
tnodeembed: {'auc': 0.715015014830976, 'f1_micro': 0.0, 'f1_macro': 0.0} tNodeEmbed_final_loss=3.737410068511963 tNodeEmbed_final_accuracy=0.9375 
node2vec: {'auc': 0.6811810237050474, 'f1_micro': 0.0, 'f1_macro': 0.0} node2vec_final_loss=3.9824061393737793 node2vec_final_accuracy=0.6875 
