# load graph
Processing Static file: filename='CollegeMsg_20040802_nodes_23_edges_23_component_0.edges'
# initialize tNodeEmbed for dataset=COLLEGE_NC, test_size=0.2
# load dataset
# fit
# tNodeEmbed steps_per_epoch=1
Epoch 1/25

1/1 [==============================] - ETA: 0s - loss: 4.7404 - accuracy: 0.0000e+00
1/1 [==============================] - 1s 1s/step - loss: 4.7404 - accuracy: 0.0000e+00
Epoch 2/25

1/1 [==============================] - ETA: 0s - loss: 4.7076 - accuracy: 0.0000e+00
1/1 [==============================] - 0s 4ms/step - loss: 4.7076 - accuracy: 0.0000e+00
Epoch 3/25

1/1 [==============================] - ETA: 0s - loss: 4.6748 - accuracy: 0.1875
1/1 [==============================] - 0s 5ms/step - loss: 4.6748 - accuracy: 0.1875
Epoch 4/25

1/1 [==============================] - ETA: 0s - loss: 4.6417 - accuracy: 0.4375
1/1 [==============================] - 0s 4ms/step - loss: 4.6417 - accuracy: 0.4375
Epoch 5/25

1/1 [==============================] - ETA: 0s - loss: 4.6084 - accuracy: 0.4375
1/1 [==============================] - 0s 6ms/step - loss: 4.6084 - accuracy: 0.4375
Epoch 6/25

1/1 [==============================] - ETA: 0s - loss: 4.5746 - accuracy: 0.6250
1/1 [==============================] - 0s 5ms/step - loss: 4.5746 - accuracy: 0.6250
Epoch 7/25

1/1 [==============================] - ETA: 0s - loss: 4.5403 - accuracy: 0.6875
1/1 [==============================] - 0s 5ms/step - loss: 4.5403 - accuracy: 0.6875
Epoch 8/25

1/1 [==============================] - ETA: 0s - loss: 4.5053 - accuracy: 0.9375
1/1 [==============================] - 0s 4ms/step - loss: 4.5053 - accuracy: 0.9375
Epoch 9/25

1/1 [==============================] - ETA: 0s - loss: 4.4694 - accuracy: 0.9375
1/1 [==============================] - 0s 4ms/step - loss: 4.4694 - accuracy: 0.9375
Epoch 10/25

1/1 [==============================] - ETA: 0s - loss: 4.4326 - accuracy: 0.9375
1/1 [==============================] - 0s 4ms/step - loss: 4.4326 - accuracy: 0.9375
Epoch 11/25

1/1 [==============================] - ETA: 0s - loss: 4.3947 - accuracy: 0.9375
1/1 [==============================] - 0s 5ms/step - loss: 4.3947 - accuracy: 0.9375
Epoch 12/25

1/1 [==============================] - ETA: 0s - loss: 4.3556 - accuracy: 0.9375
1/1 [==============================] - 0s 3ms/step - loss: 4.3556 - accuracy: 0.9375
Epoch 13/25

1/1 [==============================] - ETA: 0s - loss: 4.3152 - accuracy: 1.0000
1/1 [==============================] - 0s 5ms/step - loss: 4.3152 - accuracy: 1.0000
Epoch 14/25

1/1 [==============================] - ETA: 0s - loss: 4.2734 - accuracy: 1.0000
1/1 [==============================] - 0s 4ms/step - loss: 4.2734 - accuracy: 1.0000
Epoch 15/25

1/1 [==============================] - ETA: 0s - loss: 4.2300 - accuracy: 1.0000
1/1 [==============================] - 0s 5ms/step - loss: 4.2300 - accuracy: 1.0000
Epoch 16/25

1/1 [==============================] - ETA: 0s - loss: 4.1850 - accuracy: 1.0000
1/1 [==============================] - 0s 4ms/step - loss: 4.1850 - accuracy: 1.0000
Epoch 17/25

1/1 [==============================] - ETA: 0s - loss: 4.1382 - accuracy: 1.0000
1/1 [==============================] - 0s 4ms/step - loss: 4.1382 - accuracy: 1.0000
Epoch 18/25

1/1 [==============================] - ETA: 0s - loss: 4.0895 - accuracy: 1.0000
1/1 [==============================] - 0s 4ms/step - loss: 4.0895 - accuracy: 1.0000
Epoch 19/25

1/1 [==============================] - ETA: 0s - loss: 4.0390 - accuracy: 1.0000
1/1 [==============================] - 0s 5ms/step - loss: 4.0390 - accuracy: 1.0000
Epoch 20/25

1/1 [==============================] - ETA: 0s - loss: 3.9864 - accuracy: 1.0000
1/1 [==============================] - 0s 4ms/step - loss: 3.9864 - accuracy: 1.0000
Epoch 21/25

1/1 [==============================] - ETA: 0s - loss: 3.9317 - accuracy: 1.0000
1/1 [==============================] - 0s 5ms/step - loss: 3.9317 - accuracy: 1.0000
Epoch 22/25

1/1 [==============================] - ETA: 0s - loss: 3.8749 - accuracy: 1.0000
1/1 [==============================] - 0s 5ms/step - loss: 3.8749 - accuracy: 1.0000
Epoch 23/25

1/1 [==============================] - ETA: 0s - loss: 3.8159 - accuracy: 1.0000
1/1 [==============================] - 0s 5ms/step - loss: 3.8159 - accuracy: 1.0000
Epoch 24/25

1/1 [==============================] - ETA: 0s - loss: 3.7546 - accuracy: 1.0000
1/1 [==============================] - 0s 5ms/step - loss: 3.7546 - accuracy: 1.0000
Epoch 25/25

1/1 [==============================] - ETA: 0s - loss: 3.6910 - accuracy: 1.0000
1/1 [==============================] - 0s 5ms/step - loss: 3.6910 - accuracy: 1.0000
# node2vec
Epoch 1/25

1/1 [==============================] - ETA: 0s - loss: 4.7659 - accuracy: 0.0000e+00
1/1 [==============================] - 0s 275ms/step - loss: 4.7659 - accuracy: 0.0000e+00
Epoch 2/25

1/1 [==============================] - ETA: 0s - loss: 4.7263 - accuracy: 0.0000e+00
1/1 [==============================] - 0s 5ms/step - loss: 4.7263 - accuracy: 0.0000e+00
Epoch 3/25

1/1 [==============================] - ETA: 0s - loss: 4.6867 - accuracy: 0.0000e+00
1/1 [==============================] - 0s 4ms/step - loss: 4.6867 - accuracy: 0.0000e+00
Epoch 4/25

1/1 [==============================] - ETA: 0s - loss: 4.6472 - accuracy: 0.1250
1/1 [==============================] - 0s 3ms/step - loss: 4.6472 - accuracy: 0.1250
Epoch 5/25

1/1 [==============================] - ETA: 0s - loss: 4.6077 - accuracy: 0.1250
1/1 [==============================] - 0s 3ms/step - loss: 4.6077 - accuracy: 0.1250
Epoch 6/25

1/1 [==============================] - ETA: 0s - loss: 4.5683 - accuracy: 0.1250
1/1 [==============================] - 0s 4ms/step - loss: 4.5683 - accuracy: 0.1250
Epoch 7/25

1/1 [==============================] - ETA: 0s - loss: 4.5289 - accuracy: 0.1250
1/1 [==============================] - 0s 5ms/step - loss: 4.5289 - accuracy: 0.1250
Epoch 8/25

1/1 [==============================] - ETA: 0s - loss: 4.4897 - accuracy: 0.1250
1/1 [==============================] - 0s 4ms/step - loss: 4.4897 - accuracy: 0.1250
Epoch 9/25

1/1 [==============================] - ETA: 0s - loss: 4.4505 - accuracy: 0.1250
1/1 [==============================] - 0s 4ms/step - loss: 4.4505 - accuracy: 0.1250
Epoch 10/25

1/1 [==============================] - ETA: 0s - loss: 4.4114 - accuracy: 0.1875
1/1 [==============================] - 0s 4ms/step - loss: 4.4114 - accuracy: 0.1875
Epoch 11/25

1/1 [==============================] - ETA: 0s - loss: 4.3723 - accuracy: 0.1875
1/1 [==============================] - 0s 5ms/step - loss: 4.3723 - accuracy: 0.1875
Epoch 12/25

1/1 [==============================] - ETA: 0s - loss: 4.3334 - accuracy: 0.2500
1/1 [==============================] - 0s 5ms/step - loss: 4.3334 - accuracy: 0.2500
Epoch 13/25

1/1 [==============================] - ETA: 0s - loss: 4.2945 - accuracy: 0.3125
1/1 [==============================] - 0s 3ms/step - loss: 4.2945 - accuracy: 0.3125
Epoch 14/25

1/1 [==============================] - ETA: 0s - loss: 4.2557 - accuracy: 0.3750
1/1 [==============================] - 0s 5ms/step - loss: 4.2557 - accuracy: 0.3750
Epoch 15/25

1/1 [==============================] - ETA: 0s - loss: 4.2170 - accuracy: 0.3750
1/1 [==============================] - 0s 4ms/step - loss: 4.2170 - accuracy: 0.3750
Epoch 16/25

1/1 [==============================] - ETA: 0s - loss: 4.1784 - accuracy: 0.4375
1/1 [==============================] - 0s 4ms/step - loss: 4.1784 - accuracy: 0.4375
Epoch 17/25

1/1 [==============================] - ETA: 0s - loss: 4.1399 - accuracy: 0.4375
1/1 [==============================] - 0s 4ms/step - loss: 4.1399 - accuracy: 0.4375
Epoch 18/25

1/1 [==============================] - ETA: 0s - loss: 4.1015 - accuracy: 0.4375
1/1 [==============================] - 0s 3ms/step - loss: 4.1015 - accuracy: 0.4375
Epoch 19/25

1/1 [==============================] - ETA: 0s - loss: 4.0632 - accuracy: 0.4375
1/1 [==============================] - 0s 3ms/step - loss: 4.0632 - accuracy: 0.4375
Epoch 20/25

1/1 [==============================] - ETA: 0s - loss: 4.0250 - accuracy: 0.4375
1/1 [==============================] - 0s 4ms/step - loss: 4.0250 - accuracy: 0.4375
Epoch 21/25

1/1 [==============================] - ETA: 0s - loss: 3.9869 - accuracy: 0.4375
1/1 [==============================] - 0s 4ms/step - loss: 3.9869 - accuracy: 0.4375
Epoch 22/25

1/1 [==============================] - ETA: 0s - loss: 3.9489 - accuracy: 0.4375
1/1 [==============================] - 0s 4ms/step - loss: 3.9489 - accuracy: 0.4375
Epoch 23/25

1/1 [==============================] - ETA: 0s - loss: 3.9110 - accuracy: 0.4375
1/1 [==============================] - 0s 3ms/step - loss: 3.9110 - accuracy: 0.4375
Epoch 24/25

1/1 [==============================] - ETA: 0s - loss: 3.8733 - accuracy: 0.5000
1/1 [==============================] - 0s 4ms/step - loss: 3.8733 - accuracy: 0.5000
Epoch 25/25

1/1 [==============================] - ETA: 0s - loss: 3.8356 - accuracy: 0.5000
1/1 [==============================] - 0s 4ms/step - loss: 3.8356 - accuracy: 0.5000
# predict: steps=12
# predict: tnodeembed_metrics
# predict: node2vec_metrics
tnodeembed: {'auc': 0.7638638062902949, 'f1_micro': 0.0, 'f1_macro': 0.0} tNodeEmbed_final_loss=3.6909966468811035 tNodeEmbed_final_accuracy=1.0 
node2vec: {'auc': 0.6796197877086756, 'f1_micro': 0.0, 'f1_macro': 0.0} node2vec_final_loss=3.835604429244995 node2vec_final_accuracy=0.5 
