# load graph
Processing Static file: filename='CollegeMsg_20040419_nodes_2_edges_1_component_0.edges'
# initialize tNodeEmbed for dataset=COLLEGE_NC, test_size=0.2
# load dataset
# fit
# tNodeEmbed steps_per_epoch=1
Epoch 1/25

1/1 [==============================] - ETA: 0s - loss: 4.7362 - accuracy: 0.3750
1/1 [==============================] - 1s 1s/step - loss: 4.7362 - accuracy: 0.3750
Epoch 2/25

1/1 [==============================] - ETA: 0s - loss: 4.7334 - accuracy: 0.3750
1/1 [==============================] - 0s 3ms/step - loss: 4.7334 - accuracy: 0.3750
Epoch 3/25

1/1 [==============================] - ETA: 0s - loss: 4.7305 - accuracy: 0.3750
1/1 [==============================] - 0s 4ms/step - loss: 4.7305 - accuracy: 0.3750
Epoch 4/25

1/1 [==============================] - ETA: 0s - loss: 4.7275 - accuracy: 0.3750
1/1 [==============================] - 0s 5ms/step - loss: 4.7275 - accuracy: 0.3750
Epoch 5/25

1/1 [==============================] - ETA: 0s - loss: 4.7244 - accuracy: 0.3750
1/1 [==============================] - 0s 4ms/step - loss: 4.7244 - accuracy: 0.3750
Epoch 6/25

1/1 [==============================] - ETA: 0s - loss: 4.7213 - accuracy: 0.3750
1/1 [==============================] - 0s 4ms/step - loss: 4.7213 - accuracy: 0.3750
Epoch 7/25

1/1 [==============================] - ETA: 0s - loss: 4.7180 - accuracy: 0.3750
1/1 [==============================] - 0s 4ms/step - loss: 4.7180 - accuracy: 0.3750
Epoch 8/25

1/1 [==============================] - ETA: 0s - loss: 4.7145 - accuracy: 0.3750
1/1 [==============================] - 0s 4ms/step - loss: 4.7145 - accuracy: 0.3750
Epoch 9/25

1/1 [==============================] - ETA: 0s - loss: 4.7110 - accuracy: 0.3750
1/1 [==============================] - 0s 4ms/step - loss: 4.7110 - accuracy: 0.3750
Epoch 10/25

1/1 [==============================] - ETA: 0s - loss: 4.7073 - accuracy: 0.3750
1/1 [==============================] - 0s 4ms/step - loss: 4.7073 - accuracy: 0.3750
Epoch 11/25

1/1 [==============================] - ETA: 0s - loss: 4.7035 - accuracy: 0.3750
1/1 [==============================] - 0s 3ms/step - loss: 4.7035 - accuracy: 0.3750
Epoch 12/25

1/1 [==============================] - ETA: 0s - loss: 4.6995 - accuracy: 0.3750
1/1 [==============================] - 0s 4ms/step - loss: 4.6995 - accuracy: 0.3750
Epoch 13/25

1/1 [==============================] - ETA: 0s - loss: 4.6954 - accuracy: 0.3750
1/1 [==============================] - 0s 4ms/step - loss: 4.6954 - accuracy: 0.3750
Epoch 14/25

1/1 [==============================] - ETA: 0s - loss: 4.6911 - accuracy: 0.3750
1/1 [==============================] - 0s 4ms/step - loss: 4.6911 - accuracy: 0.3750
Epoch 15/25

1/1 [==============================] - ETA: 0s - loss: 4.6867 - accuracy: 0.3750
1/1 [==============================] - 0s 4ms/step - loss: 4.6867 - accuracy: 0.3750
Epoch 16/25

1/1 [==============================] - ETA: 0s - loss: 4.6821 - accuracy: 0.3750
1/1 [==============================] - 0s 4ms/step - loss: 4.6821 - accuracy: 0.3750
Epoch 17/25

1/1 [==============================] - ETA: 0s - loss: 4.6774 - accuracy: 0.3750
1/1 [==============================] - 0s 4ms/step - loss: 4.6774 - accuracy: 0.3750
Epoch 18/25

1/1 [==============================] - ETA: 0s - loss: 4.6724 - accuracy: 0.3750
1/1 [==============================] - 0s 4ms/step - loss: 4.6724 - accuracy: 0.3750
Epoch 19/25

1/1 [==============================] - ETA: 0s - loss: 4.6673 - accuracy: 0.3750
1/1 [==============================] - 0s 4ms/step - loss: 4.6673 - accuracy: 0.3750
Epoch 20/25

1/1 [==============================] - ETA: 0s - loss: 4.6620 - accuracy: 0.3750
1/1 [==============================] - 0s 5ms/step - loss: 4.6620 - accuracy: 0.3750
Epoch 21/25

1/1 [==============================] - ETA: 0s - loss: 4.6566 - accuracy: 0.3750
1/1 [==============================] - 0s 4ms/step - loss: 4.6566 - accuracy: 0.3750
Epoch 22/25

1/1 [==============================] - ETA: 0s - loss: 4.6509 - accuracy: 0.3750
1/1 [==============================] - 0s 3ms/step - loss: 4.6509 - accuracy: 0.3750
Epoch 23/25

1/1 [==============================] - ETA: 0s - loss: 4.6450 - accuracy: 0.3750
1/1 [==============================] - 0s 3ms/step - loss: 4.6450 - accuracy: 0.3750
Epoch 24/25

1/1 [==============================] - ETA: 0s - loss: 4.6389 - accuracy: 0.3750
1/1 [==============================] - 0s 4ms/step - loss: 4.6389 - accuracy: 0.3750
Epoch 25/25

1/1 [==============================] - ETA: 0s - loss: 4.6327 - accuracy: 0.3750
1/1 [==============================] - 0s 4ms/step - loss: 4.6327 - accuracy: 0.3750
# node2vec
Epoch 1/25

1/1 [==============================] - ETA: 0s - loss: 4.7362 - accuracy: 0.3750
1/1 [==============================] - 0s 193ms/step - loss: 4.7362 - accuracy: 0.3750
Epoch 2/25

1/1 [==============================] - ETA: 0s - loss: 4.7343 - accuracy: 0.3750
1/1 [==============================] - 0s 2ms/step - loss: 4.7343 - accuracy: 0.3750
Epoch 3/25

1/1 [==============================] - ETA: 0s - loss: 4.7325 - accuracy: 0.3750
1/1 [==============================] - 0s 3ms/step - loss: 4.7325 - accuracy: 0.3750
Epoch 4/25

1/1 [==============================] - ETA: 0s - loss: 4.7306 - accuracy: 0.3750
1/1 [==============================] - 0s 3ms/step - loss: 4.7306 - accuracy: 0.3750
Epoch 5/25

1/1 [==============================] - ETA: 0s - loss: 4.7288 - accuracy: 0.3750
1/1 [==============================] - 0s 3ms/step - loss: 4.7288 - accuracy: 0.3750
Epoch 6/25

1/1 [==============================] - ETA: 0s - loss: 4.7269 - accuracy: 0.3750
1/1 [==============================] - 0s 3ms/step - loss: 4.7269 - accuracy: 0.3750
Epoch 7/25

1/1 [==============================] - ETA: 0s - loss: 4.7250 - accuracy: 0.3750
1/1 [==============================] - 0s 5ms/step - loss: 4.7250 - accuracy: 0.3750
Epoch 8/25

1/1 [==============================] - ETA: 0s - loss: 4.7232 - accuracy: 0.3750
1/1 [==============================] - 0s 4ms/step - loss: 4.7232 - accuracy: 0.3750
Epoch 9/25

1/1 [==============================] - ETA: 0s - loss: 4.7213 - accuracy: 0.3750
1/1 [==============================] - 0s 4ms/step - loss: 4.7213 - accuracy: 0.3750
Epoch 10/25

1/1 [==============================] - ETA: 0s - loss: 4.7195 - accuracy: 0.3750
1/1 [==============================] - 0s 3ms/step - loss: 4.7195 - accuracy: 0.3750
Epoch 11/25

1/1 [==============================] - ETA: 0s - loss: 4.7176 - accuracy: 0.3750
1/1 [==============================] - 0s 4ms/step - loss: 4.7176 - accuracy: 0.3750
Epoch 12/25

1/1 [==============================] - ETA: 0s - loss: 4.7158 - accuracy: 0.3750
1/1 [==============================] - 0s 2ms/step - loss: 4.7158 - accuracy: 0.3750
Epoch 13/25

1/1 [==============================] - ETA: 0s - loss: 4.7139 - accuracy: 0.3750
1/1 [==============================] - 0s 4ms/step - loss: 4.7139 - accuracy: 0.3750
Epoch 14/25

1/1 [==============================] - ETA: 0s - loss: 4.7120 - accuracy: 0.3750
1/1 [==============================] - 0s 2ms/step - loss: 4.7120 - accuracy: 0.3750
Epoch 15/25

1/1 [==============================] - ETA: 0s - loss: 4.7102 - accuracy: 0.3750
1/1 [==============================] - 0s 4ms/step - loss: 4.7102 - accuracy: 0.3750
Epoch 16/25

1/1 [==============================] - ETA: 0s - loss: 4.7083 - accuracy: 0.3750
1/1 [==============================] - 0s 3ms/step - loss: 4.7083 - accuracy: 0.3750
Epoch 17/25

1/1 [==============================] - ETA: 0s - loss: 4.7065 - accuracy: 0.3750
1/1 [==============================] - 0s 3ms/step - loss: 4.7065 - accuracy: 0.3750
Epoch 18/25

1/1 [==============================] - ETA: 0s - loss: 4.7046 - accuracy: 0.3750
1/1 [==============================] - 0s 3ms/step - loss: 4.7046 - accuracy: 0.3750
Epoch 19/25

1/1 [==============================] - ETA: 0s - loss: 4.7028 - accuracy: 0.3750
1/1 [==============================] - 0s 3ms/step - loss: 4.7028 - accuracy: 0.3750
Epoch 20/25

1/1 [==============================] - ETA: 0s - loss: 4.7009 - accuracy: 0.3750
1/1 [==============================] - 0s 3ms/step - loss: 4.7009 - accuracy: 0.3750
Epoch 21/25

1/1 [==============================] - ETA: 0s - loss: 4.6991 - accuracy: 0.3750
1/1 [==============================] - 0s 4ms/step - loss: 4.6991 - accuracy: 0.3750
Epoch 22/25

1/1 [==============================] - ETA: 0s - loss: 4.6972 - accuracy: 0.3750
1/1 [==============================] - 0s 3ms/step - loss: 4.6972 - accuracy: 0.3750
Epoch 23/25

1/1 [==============================] - ETA: 0s - loss: 4.6954 - accuracy: 0.3750
1/1 [==============================] - 0s 3ms/step - loss: 4.6954 - accuracy: 0.3750
Epoch 24/25

1/1 [==============================] - ETA: 0s - loss: 4.6935 - accuracy: 0.3750
1/1 [==============================] - 0s 3ms/step - loss: 4.6935 - accuracy: 0.3750
Epoch 25/25

1/1 [==============================] - ETA: 0s - loss: 4.6917 - accuracy: 0.3750
1/1 [==============================] - 0s 3ms/step - loss: 4.6917 - accuracy: 0.3750
# predict: steps=12
# predict: tnodeembed_metrics
# predict: node2vec_metrics
tnodeembed: {'auc': 0.7369023484421346, 'f1_micro': 0.0, 'f1_macro': 0.0} tNodeEmbed_final_loss=4.632655143737793 tNodeEmbed_final_accuracy=0.375 
node2vec: {'auc': 0.6992081974848626, 'f1_micro': 0.0, 'f1_macro': 0.0} node2vec_final_loss=4.691657066345215 node2vec_final_accuracy=0.375 
