# load graph
Processing Static file: filename='CollegeMsg_20040420_nodes_11_edges_11_component_0.edges'
# initialize tNodeEmbed for dataset=COLLEGE_NC, test_size=0.2
# load dataset
# fit
# tNodeEmbed steps_per_epoch=1
Epoch 1/25

1/1 [==============================] - ETA: 0s - loss: 4.7362 - accuracy: 0.2500
1/1 [==============================] - 1s 1s/step - loss: 4.7362 - accuracy: 0.2500
Epoch 2/25

1/1 [==============================] - ETA: 0s - loss: 4.7337 - accuracy: 0.2500
1/1 [==============================] - 0s 4ms/step - loss: 4.7337 - accuracy: 0.2500
Epoch 3/25

1/1 [==============================] - ETA: 0s - loss: 4.7312 - accuracy: 0.2500
1/1 [==============================] - 0s 5ms/step - loss: 4.7312 - accuracy: 0.2500
Epoch 4/25

1/1 [==============================] - ETA: 0s - loss: 4.7287 - accuracy: 0.2500
1/1 [==============================] - 0s 4ms/step - loss: 4.7287 - accuracy: 0.2500
Epoch 5/25

1/1 [==============================] - ETA: 0s - loss: 4.7260 - accuracy: 0.2500
1/1 [==============================] - 0s 4ms/step - loss: 4.7260 - accuracy: 0.2500
Epoch 6/25

1/1 [==============================] - ETA: 0s - loss: 4.7232 - accuracy: 0.2500
1/1 [==============================] - 0s 5ms/step - loss: 4.7232 - accuracy: 0.2500
Epoch 7/25

1/1 [==============================] - ETA: 0s - loss: 4.7203 - accuracy: 0.2500
1/1 [==============================] - 0s 4ms/step - loss: 4.7203 - accuracy: 0.2500
Epoch 8/25

1/1 [==============================] - ETA: 0s - loss: 4.7173 - accuracy: 0.2500
1/1 [==============================] - 0s 4ms/step - loss: 4.7173 - accuracy: 0.2500
Epoch 9/25

1/1 [==============================] - ETA: 0s - loss: 4.7141 - accuracy: 0.2500
1/1 [==============================] - 0s 4ms/step - loss: 4.7141 - accuracy: 0.2500
Epoch 10/25

1/1 [==============================] - ETA: 0s - loss: 4.7109 - accuracy: 0.2500
1/1 [==============================] - 0s 4ms/step - loss: 4.7109 - accuracy: 0.2500
Epoch 11/25

1/1 [==============================] - ETA: 0s - loss: 4.7075 - accuracy: 0.2500
1/1 [==============================] - 0s 3ms/step - loss: 4.7075 - accuracy: 0.2500
Epoch 12/25

1/1 [==============================] - ETA: 0s - loss: 4.7039 - accuracy: 0.2500
1/1 [==============================] - 0s 4ms/step - loss: 4.7039 - accuracy: 0.2500
Epoch 13/25

1/1 [==============================] - ETA: 0s - loss: 4.7003 - accuracy: 0.2500
1/1 [==============================] - 0s 3ms/step - loss: 4.7003 - accuracy: 0.2500
Epoch 14/25

1/1 [==============================] - ETA: 0s - loss: 4.6964 - accuracy: 0.2500
1/1 [==============================] - 0s 4ms/step - loss: 4.6964 - accuracy: 0.2500
Epoch 15/25

1/1 [==============================] - ETA: 0s - loss: 4.6925 - accuracy: 0.2500
1/1 [==============================] - 0s 4ms/step - loss: 4.6925 - accuracy: 0.2500
Epoch 16/25

1/1 [==============================] - ETA: 0s - loss: 4.6883 - accuracy: 0.2500
1/1 [==============================] - 0s 4ms/step - loss: 4.6883 - accuracy: 0.2500
Epoch 17/25

1/1 [==============================] - ETA: 0s - loss: 4.6840 - accuracy: 0.2500
1/1 [==============================] - 0s 4ms/step - loss: 4.6840 - accuracy: 0.2500
Epoch 18/25

1/1 [==============================] - ETA: 0s - loss: 4.6796 - accuracy: 0.2500
1/1 [==============================] - 0s 4ms/step - loss: 4.6796 - accuracy: 0.2500
Epoch 19/25

1/1 [==============================] - ETA: 0s - loss: 4.6750 - accuracy: 0.2500
1/1 [==============================] - 0s 4ms/step - loss: 4.6750 - accuracy: 0.2500
Epoch 20/25

1/1 [==============================] - ETA: 0s - loss: 4.6702 - accuracy: 0.2500
1/1 [==============================] - 0s 4ms/step - loss: 4.6702 - accuracy: 0.2500
Epoch 21/25

1/1 [==============================] - ETA: 0s - loss: 4.6652 - accuracy: 0.2500
1/1 [==============================] - 0s 4ms/step - loss: 4.6652 - accuracy: 0.2500
Epoch 22/25

1/1 [==============================] - ETA: 0s - loss: 4.6600 - accuracy: 0.2500
1/1 [==============================] - 0s 4ms/step - loss: 4.6600 - accuracy: 0.2500
Epoch 23/25

1/1 [==============================] - ETA: 0s - loss: 4.6546 - accuracy: 0.2500
1/1 [==============================] - 0s 4ms/step - loss: 4.6546 - accuracy: 0.2500
Epoch 24/25

1/1 [==============================] - ETA: 0s - loss: 4.6491 - accuracy: 0.2500
1/1 [==============================] - 0s 4ms/step - loss: 4.6491 - accuracy: 0.2500
Epoch 25/25

1/1 [==============================] - ETA: 0s - loss: 4.6433 - accuracy: 0.2500
1/1 [==============================] - 0s 4ms/step - loss: 4.6433 - accuracy: 0.2500
# node2vec
Epoch 1/25

1/1 [==============================] - ETA: 0s - loss: 4.7362 - accuracy: 0.2500
1/1 [==============================] - 0s 194ms/step - loss: 4.7362 - accuracy: 0.2500
Epoch 2/25

1/1 [==============================] - ETA: 0s - loss: 4.7344 - accuracy: 0.2500
1/1 [==============================] - 0s 4ms/step - loss: 4.7344 - accuracy: 0.2500
Epoch 3/25

1/1 [==============================] - ETA: 0s - loss: 4.7326 - accuracy: 0.2500
1/1 [==============================] - 0s 6ms/step - loss: 4.7326 - accuracy: 0.2500
Epoch 4/25

1/1 [==============================] - ETA: 0s - loss: 4.7308 - accuracy: 0.2500
1/1 [==============================] - 0s 5ms/step - loss: 4.7308 - accuracy: 0.2500
Epoch 5/25

1/1 [==============================] - ETA: 0s - loss: 4.7290 - accuracy: 0.2500
1/1 [==============================] - 0s 5ms/step - loss: 4.7290 - accuracy: 0.2500
Epoch 6/25

1/1 [==============================] - ETA: 0s - loss: 4.7273 - accuracy: 0.2500
1/1 [==============================] - 0s 4ms/step - loss: 4.7273 - accuracy: 0.2500
Epoch 7/25

1/1 [==============================] - ETA: 0s - loss: 4.7255 - accuracy: 0.2500
1/1 [==============================] - 0s 5ms/step - loss: 4.7255 - accuracy: 0.2500
Epoch 8/25

1/1 [==============================] - ETA: 0s - loss: 4.7237 - accuracy: 0.2500
1/1 [==============================] - 0s 4ms/step - loss: 4.7237 - accuracy: 0.2500
Epoch 9/25

1/1 [==============================] - ETA: 0s - loss: 4.7219 - accuracy: 0.2500
1/1 [==============================] - 0s 3ms/step - loss: 4.7219 - accuracy: 0.2500
Epoch 10/25

1/1 [==============================] - ETA: 0s - loss: 4.7201 - accuracy: 0.2500
1/1 [==============================] - 0s 3ms/step - loss: 4.7201 - accuracy: 0.2500
Epoch 11/25

1/1 [==============================] - ETA: 0s - loss: 4.7183 - accuracy: 0.2500
1/1 [==============================] - 0s 3ms/step - loss: 4.7183 - accuracy: 0.2500
Epoch 12/25

1/1 [==============================] - ETA: 0s - loss: 4.7165 - accuracy: 0.2500
1/1 [==============================] - 0s 4ms/step - loss: 4.7165 - accuracy: 0.2500
Epoch 13/25

1/1 [==============================] - ETA: 0s - loss: 4.7148 - accuracy: 0.2500
1/1 [==============================] - 0s 3ms/step - loss: 4.7148 - accuracy: 0.2500
Epoch 14/25

1/1 [==============================] - ETA: 0s - loss: 4.7130 - accuracy: 0.2500
1/1 [==============================] - 0s 3ms/step - loss: 4.7130 - accuracy: 0.2500
Epoch 15/25

1/1 [==============================] - ETA: 0s - loss: 4.7112 - accuracy: 0.2500
1/1 [==============================] - 0s 3ms/step - loss: 4.7112 - accuracy: 0.2500
Epoch 16/25

1/1 [==============================] - ETA: 0s - loss: 4.7094 - accuracy: 0.2500
1/1 [==============================] - 0s 4ms/step - loss: 4.7094 - accuracy: 0.2500
Epoch 17/25

1/1 [==============================] - ETA: 0s - loss: 4.7076 - accuracy: 0.2500
1/1 [==============================] - 0s 4ms/step - loss: 4.7076 - accuracy: 0.2500
Epoch 18/25

1/1 [==============================] - ETA: 0s - loss: 4.7058 - accuracy: 0.2500
1/1 [==============================] - 0s 4ms/step - loss: 4.7058 - accuracy: 0.2500
Epoch 19/25

1/1 [==============================] - ETA: 0s - loss: 4.7041 - accuracy: 0.2500
1/1 [==============================] - 0s 3ms/step - loss: 4.7041 - accuracy: 0.2500
Epoch 20/25

1/1 [==============================] - ETA: 0s - loss: 4.7023 - accuracy: 0.2500
1/1 [==============================] - 0s 4ms/step - loss: 4.7023 - accuracy: 0.2500
Epoch 21/25

1/1 [==============================] - ETA: 0s - loss: 4.7005 - accuracy: 0.2500
1/1 [==============================] - 0s 4ms/step - loss: 4.7005 - accuracy: 0.2500
Epoch 22/25

1/1 [==============================] - ETA: 0s - loss: 4.6987 - accuracy: 0.2500
1/1 [==============================] - 0s 3ms/step - loss: 4.6987 - accuracy: 0.2500
Epoch 23/25

1/1 [==============================] - ETA: 0s - loss: 4.6969 - accuracy: 0.2500
1/1 [==============================] - 0s 4ms/step - loss: 4.6969 - accuracy: 0.2500
Epoch 24/25

1/1 [==============================] - ETA: 0s - loss: 4.6952 - accuracy: 0.2500
1/1 [==============================] - 0s 5ms/step - loss: 4.6952 - accuracy: 0.2500
Epoch 25/25

1/1 [==============================] - ETA: 0s - loss: 4.6934 - accuracy: 0.2500
1/1 [==============================] - 0s 5ms/step - loss: 4.6934 - accuracy: 0.2500
# predict: steps=12
# predict: tnodeembed_metrics
# predict: node2vec_metrics
tnodeembed: {'auc': 0.7153240445664698, 'f1_micro': 0.0, 'f1_macro': 0.0} tNodeEmbed_final_loss=4.643342018127441 tNodeEmbed_final_accuracy=0.25 
node2vec: {'auc': 0.7191411516681783, 'f1_micro': 0.0, 'f1_macro': 0.0} node2vec_final_loss=4.6933794021606445 node2vec_final_accuracy=0.25 
