# load graph
Processing Static file: filename='CollegeMsg_20040703_nodes_68_edges_84_component_0.edges'
# initialize tNodeEmbed for dataset=COLLEGE_NC, test_size=0.2
# load dataset
# fit
# tNodeEmbed steps_per_epoch=1
Epoch 1/25

1/1 [==============================] - ETA: 0s - loss: 4.7642 - accuracy: 0.0625
1/1 [==============================] - 2s 2s/step - loss: 4.7642 - accuracy: 0.0625
Epoch 2/25

1/1 [==============================] - ETA: 0s - loss: 4.7323 - accuracy: 0.0625
1/1 [==============================] - 0s 4ms/step - loss: 4.7323 - accuracy: 0.0625
Epoch 3/25

1/1 [==============================] - ETA: 0s - loss: 4.7004 - accuracy: 0.1875
1/1 [==============================] - 0s 5ms/step - loss: 4.7004 - accuracy: 0.1875
Epoch 4/25

1/1 [==============================] - ETA: 0s - loss: 4.6684 - accuracy: 0.3125
1/1 [==============================] - 0s 5ms/step - loss: 4.6684 - accuracy: 0.3125
Epoch 5/25

1/1 [==============================] - ETA: 0s - loss: 4.6362 - accuracy: 0.3750
1/1 [==============================] - 0s 6ms/step - loss: 4.6362 - accuracy: 0.3750
Epoch 6/25

1/1 [==============================] - ETA: 0s - loss: 4.6037 - accuracy: 0.4375
1/1 [==============================] - 0s 4ms/step - loss: 4.6037 - accuracy: 0.4375
Epoch 7/25

1/1 [==============================] - ETA: 0s - loss: 4.5708 - accuracy: 0.5000
1/1 [==============================] - 0s 5ms/step - loss: 4.5708 - accuracy: 0.5000
Epoch 8/25

1/1 [==============================] - ETA: 0s - loss: 4.5372 - accuracy: 0.5000
1/1 [==============================] - 0s 5ms/step - loss: 4.5372 - accuracy: 0.5000
Epoch 9/25

1/1 [==============================] - ETA: 0s - loss: 4.5030 - accuracy: 0.5625
1/1 [==============================] - 0s 5ms/step - loss: 4.5030 - accuracy: 0.5625
Epoch 10/25

1/1 [==============================] - ETA: 0s - loss: 4.4678 - accuracy: 0.6250
1/1 [==============================] - 0s 5ms/step - loss: 4.4678 - accuracy: 0.6250
Epoch 11/25

1/1 [==============================] - ETA: 0s - loss: 4.4317 - accuracy: 0.7500
1/1 [==============================] - 0s 5ms/step - loss: 4.4317 - accuracy: 0.7500
Epoch 12/25

1/1 [==============================] - ETA: 0s - loss: 4.3944 - accuracy: 0.8750
1/1 [==============================] - 0s 4ms/step - loss: 4.3944 - accuracy: 0.8750
Epoch 13/25

1/1 [==============================] - ETA: 0s - loss: 4.3559 - accuracy: 0.9375
1/1 [==============================] - 0s 6ms/step - loss: 4.3559 - accuracy: 0.9375
Epoch 14/25

1/1 [==============================] - ETA: 0s - loss: 4.3160 - accuracy: 0.9375
1/1 [==============================] - 0s 4ms/step - loss: 4.3160 - accuracy: 0.9375
Epoch 15/25

1/1 [==============================] - ETA: 0s - loss: 4.2747 - accuracy: 0.9375
1/1 [==============================] - 0s 5ms/step - loss: 4.2747 - accuracy: 0.9375
Epoch 16/25

1/1 [==============================] - ETA: 0s - loss: 4.2317 - accuracy: 0.9375
1/1 [==============================] - 0s 4ms/step - loss: 4.2317 - accuracy: 0.9375
Epoch 17/25

1/1 [==============================] - ETA: 0s - loss: 4.1871 - accuracy: 0.9375
1/1 [==============================] - 0s 4ms/step - loss: 4.1871 - accuracy: 0.9375
Epoch 18/25

1/1 [==============================] - ETA: 0s - loss: 4.1407 - accuracy: 0.9375
1/1 [==============================] - 0s 5ms/step - loss: 4.1407 - accuracy: 0.9375
Epoch 19/25

1/1 [==============================] - ETA: 0s - loss: 4.0924 - accuracy: 0.9375
1/1 [==============================] - 0s 4ms/step - loss: 4.0924 - accuracy: 0.9375
Epoch 20/25

1/1 [==============================] - ETA: 0s - loss: 4.0422 - accuracy: 0.9375
1/1 [==============================] - 0s 5ms/step - loss: 4.0422 - accuracy: 0.9375
Epoch 21/25

1/1 [==============================] - ETA: 0s - loss: 3.9900 - accuracy: 0.9375
1/1 [==============================] - 0s 7ms/step - loss: 3.9900 - accuracy: 0.9375
Epoch 22/25

1/1 [==============================] - ETA: 0s - loss: 3.9358 - accuracy: 0.9375
1/1 [==============================] - 0s 5ms/step - loss: 3.9358 - accuracy: 0.9375
Epoch 23/25

1/1 [==============================] - ETA: 0s - loss: 3.8794 - accuracy: 0.9375
1/1 [==============================] - 0s 5ms/step - loss: 3.8794 - accuracy: 0.9375
Epoch 24/25

1/1 [==============================] - ETA: 0s - loss: 3.8209 - accuracy: 0.9375
1/1 [==============================] - 0s 5ms/step - loss: 3.8209 - accuracy: 0.9375
Epoch 25/25

1/1 [==============================] - ETA: 0s - loss: 3.7601 - accuracy: 0.9375
1/1 [==============================] - 0s 5ms/step - loss: 3.7601 - accuracy: 0.9375
# node2vec
Epoch 1/25

1/1 [==============================] - ETA: 0s - loss: 4.7684 - accuracy: 0.0625
1/1 [==============================] - 0s 196ms/step - loss: 4.7684 - accuracy: 0.0625
Epoch 2/25

1/1 [==============================] - ETA: 0s - loss: 4.7308 - accuracy: 0.0625
1/1 [==============================] - 0s 3ms/step - loss: 4.7308 - accuracy: 0.0625
Epoch 3/25

1/1 [==============================] - ETA: 0s - loss: 4.6933 - accuracy: 0.0625
1/1 [==============================] - 0s 4ms/step - loss: 4.6933 - accuracy: 0.0625
Epoch 4/25

1/1 [==============================] - ETA: 0s - loss: 4.6558 - accuracy: 0.0625
1/1 [==============================] - 0s 4ms/step - loss: 4.6558 - accuracy: 0.0625
Epoch 5/25

1/1 [==============================] - ETA: 0s - loss: 4.6184 - accuracy: 0.0625
1/1 [==============================] - 0s 3ms/step - loss: 4.6184 - accuracy: 0.0625
Epoch 6/25

1/1 [==============================] - ETA: 0s - loss: 4.5811 - accuracy: 0.0625
1/1 [==============================] - 0s 4ms/step - loss: 4.5811 - accuracy: 0.0625
Epoch 7/25

1/1 [==============================] - ETA: 0s - loss: 4.5438 - accuracy: 0.0625
1/1 [==============================] - 0s 3ms/step - loss: 4.5438 - accuracy: 0.0625
Epoch 8/25

1/1 [==============================] - ETA: 0s - loss: 4.5066 - accuracy: 0.1250
1/1 [==============================] - 0s 2ms/step - loss: 4.5066 - accuracy: 0.1250
Epoch 9/25

1/1 [==============================] - ETA: 0s - loss: 4.4694 - accuracy: 0.1250
1/1 [==============================] - 0s 4ms/step - loss: 4.4694 - accuracy: 0.1250
Epoch 10/25

1/1 [==============================] - ETA: 0s - loss: 4.4324 - accuracy: 0.1875
1/1 [==============================] - 0s 3ms/step - loss: 4.4324 - accuracy: 0.1875
Epoch 11/25

1/1 [==============================] - ETA: 0s - loss: 4.3954 - accuracy: 0.3125
1/1 [==============================] - 0s 2ms/step - loss: 4.3954 - accuracy: 0.3125
Epoch 12/25

1/1 [==============================] - ETA: 0s - loss: 4.3584 - accuracy: 0.3750
1/1 [==============================] - 0s 3ms/step - loss: 4.3584 - accuracy: 0.3750
Epoch 13/25

1/1 [==============================] - ETA: 0s - loss: 4.3216 - accuracy: 0.3750
1/1 [==============================] - 0s 3ms/step - loss: 4.3216 - accuracy: 0.3750
Epoch 14/25

1/1 [==============================] - ETA: 0s - loss: 4.2848 - accuracy: 0.3750
1/1 [==============================] - 0s 3ms/step - loss: 4.2848 - accuracy: 0.3750
Epoch 15/25

1/1 [==============================] - ETA: 0s - loss: 4.2481 - accuracy: 0.3750
1/1 [==============================] - 0s 3ms/step - loss: 4.2481 - accuracy: 0.3750
Epoch 16/25

1/1 [==============================] - ETA: 0s - loss: 4.2115 - accuracy: 0.3750
1/1 [==============================] - 0s 3ms/step - loss: 4.2115 - accuracy: 0.3750
Epoch 17/25

1/1 [==============================] - ETA: 0s - loss: 4.1750 - accuracy: 0.3750
1/1 [==============================] - 0s 4ms/step - loss: 4.1750 - accuracy: 0.3750
Epoch 18/25

1/1 [==============================] - ETA: 0s - loss: 4.1386 - accuracy: 0.3750
1/1 [==============================] - 0s 3ms/step - loss: 4.1386 - accuracy: 0.3750
Epoch 19/25

1/1 [==============================] - ETA: 0s - loss: 4.1023 - accuracy: 0.3750
1/1 [==============================] - 0s 3ms/step - loss: 4.1023 - accuracy: 0.3750
Epoch 20/25

1/1 [==============================] - ETA: 0s - loss: 4.0661 - accuracy: 0.3750
1/1 [==============================] - 0s 4ms/step - loss: 4.0661 - accuracy: 0.3750
Epoch 21/25

1/1 [==============================] - ETA: 0s - loss: 4.0299 - accuracy: 0.4375
1/1 [==============================] - 0s 3ms/step - loss: 4.0299 - accuracy: 0.4375
Epoch 22/25

1/1 [==============================] - ETA: 0s - loss: 3.9939 - accuracy: 0.5000
1/1 [==============================] - 0s 4ms/step - loss: 3.9939 - accuracy: 0.5000
Epoch 23/25

1/1 [==============================] - ETA: 0s - loss: 3.9580 - accuracy: 0.5625
1/1 [==============================] - 0s 3ms/step - loss: 3.9580 - accuracy: 0.5625
Epoch 24/25

1/1 [==============================] - ETA: 0s - loss: 3.9222 - accuracy: 0.5625
1/1 [==============================] - 0s 3ms/step - loss: 3.9222 - accuracy: 0.5625
Epoch 25/25

1/1 [==============================] - ETA: 0s - loss: 3.8865 - accuracy: 0.5625
1/1 [==============================] - 0s 4ms/step - loss: 3.8865 - accuracy: 0.5625
# predict: steps=12
# predict: tnodeembed_metrics
# predict: node2vec_metrics
tnodeembed: {'auc': 0.6788472593337092, 'f1_micro': 0.0, 'f1_macro': 0.0} tNodeEmbed_final_loss=3.7601327896118164 tNodeEmbed_final_accuracy=0.9375 
node2vec: {'auc': 0.5915542188610792, 'f1_micro': 0.0, 'f1_macro': 0.0} node2vec_final_loss=3.8864850997924805 node2vec_final_accuracy=0.5625 
