# load graph
Processing Static file: filename='CollegeMsg_20040525_nodes_402_edges_632_component_0.edges'
# initialize tNodeEmbed for dataset=COLLEGE_NC, test_size=0.2
# load dataset
# fit
# tNodeEmbed steps_per_epoch=1
Epoch 1/25

1/1 [==============================] - ETA: 0s - loss: 4.7333 - accuracy: 0.0000e+00
1/1 [==============================] - 1s 988ms/step - loss: 4.7333 - accuracy: 0.0000e+00
Epoch 2/25

1/1 [==============================] - ETA: 0s - loss: 4.7014 - accuracy: 0.1250
1/1 [==============================] - 0s 4ms/step - loss: 4.7014 - accuracy: 0.1250
Epoch 3/25

1/1 [==============================] - ETA: 0s - loss: 4.6695 - accuracy: 0.1875
1/1 [==============================] - 0s 4ms/step - loss: 4.6695 - accuracy: 0.1875
Epoch 4/25

1/1 [==============================] - ETA: 0s - loss: 4.6375 - accuracy: 0.3750
1/1 [==============================] - 0s 6ms/step - loss: 4.6375 - accuracy: 0.3750
Epoch 5/25

1/1 [==============================] - ETA: 0s - loss: 4.6052 - accuracy: 0.6875
1/1 [==============================] - 0s 5ms/step - loss: 4.6052 - accuracy: 0.6875
Epoch 6/25

1/1 [==============================] - ETA: 0s - loss: 4.5726 - accuracy: 0.7500
1/1 [==============================] - 0s 4ms/step - loss: 4.5726 - accuracy: 0.7500
Epoch 7/25

1/1 [==============================] - ETA: 0s - loss: 4.5393 - accuracy: 0.8125
1/1 [==============================] - 0s 4ms/step - loss: 4.5393 - accuracy: 0.8125
Epoch 8/25

1/1 [==============================] - ETA: 0s - loss: 4.5054 - accuracy: 0.8750
1/1 [==============================] - 0s 5ms/step - loss: 4.5054 - accuracy: 0.8750
Epoch 9/25

1/1 [==============================] - ETA: 0s - loss: 4.4707 - accuracy: 0.8750
1/1 [==============================] - 0s 4ms/step - loss: 4.4707 - accuracy: 0.8750
Epoch 10/25

1/1 [==============================] - ETA: 0s - loss: 4.4350 - accuracy: 0.9375
1/1 [==============================] - 0s 5ms/step - loss: 4.4350 - accuracy: 0.9375
Epoch 11/25

1/1 [==============================] - ETA: 0s - loss: 4.3983 - accuracy: 0.9375
1/1 [==============================] - 0s 6ms/step - loss: 4.3983 - accuracy: 0.9375
Epoch 12/25

1/1 [==============================] - ETA: 0s - loss: 4.3604 - accuracy: 1.0000
1/1 [==============================] - 0s 5ms/step - loss: 4.3604 - accuracy: 1.0000
Epoch 13/25

1/1 [==============================] - ETA: 0s - loss: 4.3212 - accuracy: 1.0000
1/1 [==============================] - 0s 5ms/step - loss: 4.3212 - accuracy: 1.0000
Epoch 14/25

1/1 [==============================] - ETA: 0s - loss: 4.2805 - accuracy: 1.0000
1/1 [==============================] - 0s 5ms/step - loss: 4.2805 - accuracy: 1.0000
Epoch 15/25

1/1 [==============================] - ETA: 0s - loss: 4.2384 - accuracy: 1.0000
1/1 [==============================] - 0s 5ms/step - loss: 4.2384 - accuracy: 1.0000
Epoch 16/25

1/1 [==============================] - ETA: 0s - loss: 4.1947 - accuracy: 1.0000
1/1 [==============================] - 0s 4ms/step - loss: 4.1947 - accuracy: 1.0000
Epoch 17/25

1/1 [==============================] - ETA: 0s - loss: 4.1492 - accuracy: 1.0000
1/1 [==============================] - 0s 4ms/step - loss: 4.1492 - accuracy: 1.0000
Epoch 18/25

1/1 [==============================] - ETA: 0s - loss: 4.1020 - accuracy: 1.0000
1/1 [==============================] - 0s 4ms/step - loss: 4.1020 - accuracy: 1.0000
Epoch 19/25

1/1 [==============================] - ETA: 0s - loss: 4.0530 - accuracy: 1.0000
1/1 [==============================] - 0s 5ms/step - loss: 4.0530 - accuracy: 1.0000
Epoch 20/25

1/1 [==============================] - ETA: 0s - loss: 4.0020 - accuracy: 1.0000
1/1 [==============================] - 0s 4ms/step - loss: 4.0020 - accuracy: 1.0000
Epoch 21/25

1/1 [==============================] - ETA: 0s - loss: 3.9490 - accuracy: 1.0000
1/1 [==============================] - 0s 4ms/step - loss: 3.9490 - accuracy: 1.0000
Epoch 22/25

1/1 [==============================] - ETA: 0s - loss: 3.8940 - accuracy: 1.0000
1/1 [==============================] - 0s 4ms/step - loss: 3.8940 - accuracy: 1.0000
Epoch 23/25

1/1 [==============================] - ETA: 0s - loss: 3.8368 - accuracy: 1.0000
1/1 [==============================] - 0s 3ms/step - loss: 3.8368 - accuracy: 1.0000
Epoch 24/25

1/1 [==============================] - ETA: 0s - loss: 3.7775 - accuracy: 1.0000
1/1 [==============================] - 0s 4ms/step - loss: 3.7775 - accuracy: 1.0000
Epoch 25/25

1/1 [==============================] - ETA: 0s - loss: 3.7161 - accuracy: 1.0000
1/1 [==============================] - 0s 4ms/step - loss: 3.7161 - accuracy: 1.0000
# node2vec
Epoch 1/25

1/1 [==============================] - ETA: 0s - loss: 4.8120 - accuracy: 0.0000e+00
1/1 [==============================] - 0s 210ms/step - loss: 4.8120 - accuracy: 0.0000e+00
Epoch 2/25

1/1 [==============================] - ETA: 0s - loss: 4.7746 - accuracy: 0.0625
1/1 [==============================] - 0s 3ms/step - loss: 4.7746 - accuracy: 0.0625
Epoch 3/25

1/1 [==============================] - ETA: 0s - loss: 4.7371 - accuracy: 0.0625
1/1 [==============================] - 0s 4ms/step - loss: 4.7371 - accuracy: 0.0625
Epoch 4/25

1/1 [==============================] - ETA: 0s - loss: 4.6997 - accuracy: 0.0625
1/1 [==============================] - 0s 4ms/step - loss: 4.6997 - accuracy: 0.0625
Epoch 5/25

1/1 [==============================] - ETA: 0s - loss: 4.6624 - accuracy: 0.0625
1/1 [==============================] - 0s 3ms/step - loss: 4.6624 - accuracy: 0.0625
Epoch 6/25

1/1 [==============================] - ETA: 0s - loss: 4.6251 - accuracy: 0.1250
1/1 [==============================] - 0s 4ms/step - loss: 4.6251 - accuracy: 0.1250
Epoch 7/25

1/1 [==============================] - ETA: 0s - loss: 4.5878 - accuracy: 0.1250
1/1 [==============================] - 0s 3ms/step - loss: 4.5878 - accuracy: 0.1250
Epoch 8/25

1/1 [==============================] - ETA: 0s - loss: 4.5506 - accuracy: 0.1250
1/1 [==============================] - 0s 3ms/step - loss: 4.5506 - accuracy: 0.1250
Epoch 9/25

1/1 [==============================] - ETA: 0s - loss: 4.5135 - accuracy: 0.1250
1/1 [==============================] - 0s 3ms/step - loss: 4.5135 - accuracy: 0.1250
Epoch 10/25

1/1 [==============================] - ETA: 0s - loss: 4.4765 - accuracy: 0.1250
1/1 [==============================] - 0s 3ms/step - loss: 4.4765 - accuracy: 0.1250
Epoch 11/25

1/1 [==============================] - ETA: 0s - loss: 4.4395 - accuracy: 0.2500
1/1 [==============================] - 0s 3ms/step - loss: 4.4395 - accuracy: 0.2500
Epoch 12/25

1/1 [==============================] - ETA: 0s - loss: 4.4025 - accuracy: 0.2500
1/1 [==============================] - 0s 3ms/step - loss: 4.4025 - accuracy: 0.2500
Epoch 13/25

1/1 [==============================] - ETA: 0s - loss: 4.3657 - accuracy: 0.2500
1/1 [==============================] - 0s 3ms/step - loss: 4.3657 - accuracy: 0.2500
Epoch 14/25

1/1 [==============================] - ETA: 0s - loss: 4.3289 - accuracy: 0.2500
1/1 [==============================] - 0s 4ms/step - loss: 4.3289 - accuracy: 0.2500
Epoch 15/25

1/1 [==============================] - ETA: 0s - loss: 4.2922 - accuracy: 0.2500
1/1 [==============================] - 0s 3ms/step - loss: 4.2922 - accuracy: 0.2500
Epoch 16/25

1/1 [==============================] - ETA: 0s - loss: 4.2555 - accuracy: 0.2500
1/1 [==============================] - 0s 3ms/step - loss: 4.2555 - accuracy: 0.2500
Epoch 17/25

1/1 [==============================] - ETA: 0s - loss: 4.2190 - accuracy: 0.2500
1/1 [==============================] - 0s 3ms/step - loss: 4.2190 - accuracy: 0.2500
Epoch 18/25

1/1 [==============================] - ETA: 0s - loss: 4.1825 - accuracy: 0.2500
1/1 [==============================] - 0s 3ms/step - loss: 4.1825 - accuracy: 0.2500
Epoch 19/25

1/1 [==============================] - ETA: 0s - loss: 4.1461 - accuracy: 0.3750
1/1 [==============================] - 0s 4ms/step - loss: 4.1461 - accuracy: 0.3750
Epoch 20/25

1/1 [==============================] - ETA: 0s - loss: 4.1098 - accuracy: 0.3750
1/1 [==============================] - 0s 4ms/step - loss: 4.1098 - accuracy: 0.3750
Epoch 21/25

1/1 [==============================] - ETA: 0s - loss: 4.0736 - accuracy: 0.4375
1/1 [==============================] - 0s 3ms/step - loss: 4.0736 - accuracy: 0.4375
Epoch 22/25

1/1 [==============================] - ETA: 0s - loss: 4.0374 - accuracy: 0.5000
1/1 [==============================] - 0s 3ms/step - loss: 4.0374 - accuracy: 0.5000
Epoch 23/25

1/1 [==============================] - ETA: 0s - loss: 4.0014 - accuracy: 0.5000
1/1 [==============================] - 0s 4ms/step - loss: 4.0014 - accuracy: 0.5000
Epoch 24/25

1/1 [==============================] - ETA: 0s - loss: 3.9654 - accuracy: 0.5000
1/1 [==============================] - 0s 2ms/step - loss: 3.9654 - accuracy: 0.5000
Epoch 25/25

1/1 [==============================] - ETA: 0s - loss: 3.9296 - accuracy: 0.5625
1/1 [==============================] - 0s 3ms/step - loss: 3.9296 - accuracy: 0.5625
# predict: steps=12
# predict: tnodeembed_metrics
# predict: node2vec_metrics
tnodeembed: {'auc': 0.6592486762434732, 'f1_micro': 0.0, 'f1_macro': 0.0} tNodeEmbed_final_loss=3.7160637378692627 tNodeEmbed_final_accuracy=1.0 
node2vec: {'auc': 0.6287013396906331, 'f1_micro': 0.0, 'f1_macro': 0.0} node2vec_final_loss=3.9296042919158936 node2vec_final_accuracy=0.5625 
