# load graph
Processing Static file: filename='CollegeMsg_20040507_nodes_355_edges_639_component_0.edges'
# initialize tNodeEmbed for dataset=COLLEGE_NC, test_size=0.2
# load dataset
# fit
# tNodeEmbed steps_per_epoch=1
Epoch 1/25

1/1 [==============================] - ETA: 0s - loss: 4.7417 - accuracy: 0.0625
1/1 [==============================] - 1s 972ms/step - loss: 4.7417 - accuracy: 0.0625
Epoch 2/25

1/1 [==============================] - ETA: 0s - loss: 4.7222 - accuracy: 0.0625
1/1 [==============================] - 0s 3ms/step - loss: 4.7222 - accuracy: 0.0625
Epoch 3/25

1/1 [==============================] - ETA: 0s - loss: 4.7026 - accuracy: 0.1875
1/1 [==============================] - 0s 5ms/step - loss: 4.7026 - accuracy: 0.1875
Epoch 4/25

1/1 [==============================] - ETA: 0s - loss: 4.6830 - accuracy: 0.1875
1/1 [==============================] - 0s 6ms/step - loss: 4.6830 - accuracy: 0.1875
Epoch 5/25

1/1 [==============================] - ETA: 0s - loss: 4.6631 - accuracy: 0.3750
1/1 [==============================] - 0s 5ms/step - loss: 4.6631 - accuracy: 0.3750
Epoch 6/25

1/1 [==============================] - ETA: 0s - loss: 4.6429 - accuracy: 0.3750
1/1 [==============================] - 0s 6ms/step - loss: 4.6429 - accuracy: 0.3750
Epoch 7/25

1/1 [==============================] - ETA: 0s - loss: 4.6223 - accuracy: 0.4375
1/1 [==============================] - 0s 5ms/step - loss: 4.6223 - accuracy: 0.4375
Epoch 8/25

1/1 [==============================] - ETA: 0s - loss: 4.6013 - accuracy: 0.4375
1/1 [==============================] - 0s 5ms/step - loss: 4.6013 - accuracy: 0.4375
Epoch 9/25

1/1 [==============================] - ETA: 0s - loss: 4.5797 - accuracy: 0.4375
1/1 [==============================] - 0s 5ms/step - loss: 4.5797 - accuracy: 0.4375
Epoch 10/25

1/1 [==============================] - ETA: 0s - loss: 4.5575 - accuracy: 0.4375
1/1 [==============================] - 0s 5ms/step - loss: 4.5575 - accuracy: 0.4375
Epoch 11/25

1/1 [==============================] - ETA: 0s - loss: 4.5346 - accuracy: 0.4375
1/1 [==============================] - 0s 4ms/step - loss: 4.5346 - accuracy: 0.4375
Epoch 12/25

1/1 [==============================] - ETA: 0s - loss: 4.5109 - accuracy: 0.4375
1/1 [==============================] - 0s 3ms/step - loss: 4.5109 - accuracy: 0.4375
Epoch 13/25

1/1 [==============================] - ETA: 0s - loss: 4.4865 - accuracy: 0.4375
1/1 [==============================] - 0s 4ms/step - loss: 4.4865 - accuracy: 0.4375
Epoch 14/25

1/1 [==============================] - ETA: 0s - loss: 4.4612 - accuracy: 0.4375
1/1 [==============================] - 0s 5ms/step - loss: 4.4612 - accuracy: 0.4375
Epoch 15/25

1/1 [==============================] - ETA: 0s - loss: 4.4349 - accuracy: 0.4375
1/1 [==============================] - 0s 5ms/step - loss: 4.4349 - accuracy: 0.4375
Epoch 16/25

1/1 [==============================] - ETA: 0s - loss: 4.4077 - accuracy: 0.4375
1/1 [==============================] - 0s 5ms/step - loss: 4.4077 - accuracy: 0.4375
Epoch 17/25

1/1 [==============================] - ETA: 0s - loss: 4.3795 - accuracy: 0.4375
1/1 [==============================] - 0s 4ms/step - loss: 4.3795 - accuracy: 0.4375
Epoch 18/25

1/1 [==============================] - ETA: 0s - loss: 4.3503 - accuracy: 0.4375
1/1 [==============================] - 0s 4ms/step - loss: 4.3503 - accuracy: 0.4375
Epoch 19/25

1/1 [==============================] - ETA: 0s - loss: 4.3201 - accuracy: 0.4375
1/1 [==============================] - 0s 5ms/step - loss: 4.3201 - accuracy: 0.4375
Epoch 20/25

1/1 [==============================] - ETA: 0s - loss: 4.2888 - accuracy: 0.4375
1/1 [==============================] - 0s 5ms/step - loss: 4.2888 - accuracy: 0.4375
Epoch 21/25

1/1 [==============================] - ETA: 0s - loss: 4.2564 - accuracy: 0.4375
1/1 [==============================] - 0s 5ms/step - loss: 4.2564 - accuracy: 0.4375
Epoch 22/25

1/1 [==============================] - ETA: 0s - loss: 4.2229 - accuracy: 0.4375
1/1 [==============================] - 0s 5ms/step - loss: 4.2229 - accuracy: 0.4375
Epoch 23/25

1/1 [==============================] - ETA: 0s - loss: 4.1885 - accuracy: 0.4375
1/1 [==============================] - 0s 5ms/step - loss: 4.1885 - accuracy: 0.4375
Epoch 24/25

1/1 [==============================] - ETA: 0s - loss: 4.1529 - accuracy: 0.4375
1/1 [==============================] - 0s 5ms/step - loss: 4.1529 - accuracy: 0.4375
Epoch 25/25

1/1 [==============================] - ETA: 0s - loss: 4.1164 - accuracy: 0.4375
1/1 [==============================] - 0s 6ms/step - loss: 4.1164 - accuracy: 0.4375
# node2vec
Epoch 1/25

1/1 [==============================] - ETA: 0s - loss: 4.7837 - accuracy: 0.0625
1/1 [==============================] - 0s 188ms/step - loss: 4.7837 - accuracy: 0.0625
Epoch 2/25

1/1 [==============================] - ETA: 0s - loss: 4.7648 - accuracy: 0.0625
1/1 [==============================] - 0s 3ms/step - loss: 4.7648 - accuracy: 0.0625
Epoch 3/25

1/1 [==============================] - ETA: 0s - loss: 4.7460 - accuracy: 0.0625
1/1 [==============================] - 0s 2ms/step - loss: 4.7460 - accuracy: 0.0625
Epoch 4/25

1/1 [==============================] - ETA: 0s - loss: 4.7272 - accuracy: 0.0625
1/1 [==============================] - 0s 3ms/step - loss: 4.7272 - accuracy: 0.0625
Epoch 5/25

1/1 [==============================] - ETA: 0s - loss: 4.7084 - accuracy: 0.0625
1/1 [==============================] - 0s 3ms/step - loss: 4.7084 - accuracy: 0.0625
Epoch 6/25

1/1 [==============================] - ETA: 0s - loss: 4.6896 - accuracy: 0.0625
1/1 [==============================] - 0s 2ms/step - loss: 4.6896 - accuracy: 0.0625
Epoch 7/25

1/1 [==============================] - ETA: 0s - loss: 4.6709 - accuracy: 0.0625
1/1 [==============================] - 0s 3ms/step - loss: 4.6709 - accuracy: 0.0625
Epoch 8/25

1/1 [==============================] - ETA: 0s - loss: 4.6522 - accuracy: 0.0625
1/1 [==============================] - 0s 3ms/step - loss: 4.6522 - accuracy: 0.0625
Epoch 9/25

1/1 [==============================] - ETA: 0s - loss: 4.6335 - accuracy: 0.0625
1/1 [==============================] - 0s 4ms/step - loss: 4.6335 - accuracy: 0.0625
Epoch 10/25

1/1 [==============================] - ETA: 0s - loss: 4.6148 - accuracy: 0.0625
1/1 [==============================] - 0s 4ms/step - loss: 4.6148 - accuracy: 0.0625
Epoch 11/25

1/1 [==============================] - ETA: 0s - loss: 4.5962 - accuracy: 0.0625
1/1 [==============================] - 0s 3ms/step - loss: 4.5962 - accuracy: 0.0625
Epoch 12/25

1/1 [==============================] - ETA: 0s - loss: 4.5776 - accuracy: 0.0625
1/1 [==============================] - 0s 3ms/step - loss: 4.5776 - accuracy: 0.0625
Epoch 13/25

1/1 [==============================] - ETA: 0s - loss: 4.5591 - accuracy: 0.0625
1/1 [==============================] - 0s 3ms/step - loss: 4.5591 - accuracy: 0.0625
Epoch 14/25

1/1 [==============================] - ETA: 0s - loss: 4.5406 - accuracy: 0.1250
1/1 [==============================] - 0s 3ms/step - loss: 4.5406 - accuracy: 0.1250
Epoch 15/25

1/1 [==============================] - ETA: 0s - loss: 4.5221 - accuracy: 0.1875
1/1 [==============================] - 0s 4ms/step - loss: 4.5221 - accuracy: 0.1875
Epoch 16/25

1/1 [==============================] - ETA: 0s - loss: 4.5037 - accuracy: 0.1875
1/1 [==============================] - 0s 3ms/step - loss: 4.5037 - accuracy: 0.1875
Epoch 17/25

1/1 [==============================] - ETA: 0s - loss: 4.4853 - accuracy: 0.1875
1/1 [==============================] - 0s 4ms/step - loss: 4.4853 - accuracy: 0.1875
Epoch 18/25

1/1 [==============================] - ETA: 0s - loss: 4.4669 - accuracy: 0.1875
1/1 [==============================] - 0s 3ms/step - loss: 4.4669 - accuracy: 0.1875
Epoch 19/25

1/1 [==============================] - ETA: 0s - loss: 4.4486 - accuracy: 0.1875
1/1 [==============================] - 0s 3ms/step - loss: 4.4486 - accuracy: 0.1875
Epoch 20/25

1/1 [==============================] - ETA: 0s - loss: 4.4304 - accuracy: 0.1875
1/1 [==============================] - 0s 4ms/step - loss: 4.4304 - accuracy: 0.1875
Epoch 21/25

1/1 [==============================] - ETA: 0s - loss: 4.4122 - accuracy: 0.2500
1/1 [==============================] - 0s 3ms/step - loss: 4.4122 - accuracy: 0.2500
Epoch 22/25

1/1 [==============================] - ETA: 0s - loss: 4.3940 - accuracy: 0.2500
1/1 [==============================] - 0s 3ms/step - loss: 4.3940 - accuracy: 0.2500
Epoch 23/25

1/1 [==============================] - ETA: 0s - loss: 4.3759 - accuracy: 0.2500
1/1 [==============================] - 0s 3ms/step - loss: 4.3759 - accuracy: 0.2500
Epoch 24/25

1/1 [==============================] - ETA: 0s - loss: 4.3579 - accuracy: 0.3125
1/1 [==============================] - 0s 4ms/step - loss: 4.3579 - accuracy: 0.3125
Epoch 25/25

1/1 [==============================] - ETA: 0s - loss: 4.3399 - accuracy: 0.3125
1/1 [==============================] - 0s 3ms/step - loss: 4.3399 - accuracy: 0.3125
# predict: steps=12
# predict: tnodeembed_metrics
# predict: node2vec_metrics
tnodeembed: {'auc': 0.7326459809281004, 'f1_micro': 0.0, 'f1_macro': 0.0} tNodeEmbed_final_loss=4.11641788482666 tNodeEmbed_final_accuracy=0.4375 
node2vec: {'auc': 0.5826043071115142, 'f1_micro': 0.0, 'f1_macro': 0.0} node2vec_final_loss=4.339903354644775 node2vec_final_accuracy=0.3125 
