# load graph
Processing Static file: filename='CollegeMsg_20040820_nodes_29_edges_29_component_0.edges'
# initialize tNodeEmbed for dataset=COLLEGE_NC, test_size=0.2
# load dataset
# fit
# tNodeEmbed steps_per_epoch=1
Epoch 1/25

1/1 [==============================] - ETA: 0s - loss: 4.7565 - accuracy: 0.0000e+00
1/1 [==============================] - 2s 2s/step - loss: 4.7565 - accuracy: 0.0000e+00
Epoch 2/25

1/1 [==============================] - ETA: 0s - loss: 4.7234 - accuracy: 0.0000e+00
1/1 [==============================] - 0s 3ms/step - loss: 4.7234 - accuracy: 0.0000e+00
Epoch 3/25

1/1 [==============================] - ETA: 0s - loss: 4.6902 - accuracy: 0.0625
1/1 [==============================] - 0s 5ms/step - loss: 4.6902 - accuracy: 0.0625
Epoch 4/25

1/1 [==============================] - ETA: 0s - loss: 4.6570 - accuracy: 0.2500
1/1 [==============================] - 0s 6ms/step - loss: 4.6570 - accuracy: 0.2500
Epoch 5/25

1/1 [==============================] - ETA: 0s - loss: 4.6234 - accuracy: 0.5625
1/1 [==============================] - 0s 5ms/step - loss: 4.6234 - accuracy: 0.5625
Epoch 6/25

1/1 [==============================] - ETA: 0s - loss: 4.5894 - accuracy: 0.7500
1/1 [==============================] - 0s 5ms/step - loss: 4.5894 - accuracy: 0.7500
Epoch 7/25

1/1 [==============================] - ETA: 0s - loss: 4.5549 - accuracy: 0.8125
1/1 [==============================] - 0s 5ms/step - loss: 4.5549 - accuracy: 0.8125
Epoch 8/25

1/1 [==============================] - ETA: 0s - loss: 4.5196 - accuracy: 0.8750
1/1 [==============================] - 0s 4ms/step - loss: 4.5196 - accuracy: 0.8750
Epoch 9/25

1/1 [==============================] - ETA: 0s - loss: 4.4834 - accuracy: 0.8750
1/1 [==============================] - 0s 4ms/step - loss: 4.4834 - accuracy: 0.8750
Epoch 10/25

1/1 [==============================] - ETA: 0s - loss: 4.4462 - accuracy: 0.9375
1/1 [==============================] - 0s 4ms/step - loss: 4.4462 - accuracy: 0.9375
Epoch 11/25

1/1 [==============================] - ETA: 0s - loss: 4.4078 - accuracy: 0.9375
1/1 [==============================] - 0s 5ms/step - loss: 4.4078 - accuracy: 0.9375
Epoch 12/25

1/1 [==============================] - ETA: 0s - loss: 4.3681 - accuracy: 0.9375
1/1 [==============================] - 0s 4ms/step - loss: 4.3681 - accuracy: 0.9375
Epoch 13/25

1/1 [==============================] - ETA: 0s - loss: 4.3269 - accuracy: 0.9375
1/1 [==============================] - 0s 5ms/step - loss: 4.3269 - accuracy: 0.9375
Epoch 14/25

1/1 [==============================] - ETA: 0s - loss: 4.2843 - accuracy: 1.0000
1/1 [==============================] - 0s 4ms/step - loss: 4.2843 - accuracy: 1.0000
Epoch 15/25

1/1 [==============================] - ETA: 0s - loss: 4.2399 - accuracy: 1.0000
1/1 [==============================] - 0s 4ms/step - loss: 4.2399 - accuracy: 1.0000
Epoch 16/25

1/1 [==============================] - ETA: 0s - loss: 4.1938 - accuracy: 1.0000
1/1 [==============================] - 0s 5ms/step - loss: 4.1938 - accuracy: 1.0000
Epoch 17/25

1/1 [==============================] - ETA: 0s - loss: 4.1459 - accuracy: 1.0000
1/1 [==============================] - 0s 5ms/step - loss: 4.1459 - accuracy: 1.0000
Epoch 18/25

1/1 [==============================] - ETA: 0s - loss: 4.0960 - accuracy: 1.0000
1/1 [==============================] - 0s 5ms/step - loss: 4.0960 - accuracy: 1.0000
Epoch 19/25

1/1 [==============================] - ETA: 0s - loss: 4.0440 - accuracy: 1.0000
1/1 [==============================] - 0s 4ms/step - loss: 4.0440 - accuracy: 1.0000
Epoch 20/25

1/1 [==============================] - ETA: 0s - loss: 3.9899 - accuracy: 1.0000
1/1 [==============================] - 0s 5ms/step - loss: 3.9899 - accuracy: 1.0000
Epoch 21/25

1/1 [==============================] - ETA: 0s - loss: 3.9337 - accuracy: 1.0000
1/1 [==============================] - 0s 5ms/step - loss: 3.9337 - accuracy: 1.0000
Epoch 22/25

1/1 [==============================] - ETA: 0s - loss: 3.8752 - accuracy: 1.0000
1/1 [==============================] - 0s 4ms/step - loss: 3.8752 - accuracy: 1.0000
Epoch 23/25

1/1 [==============================] - ETA: 0s - loss: 3.8144 - accuracy: 1.0000
1/1 [==============================] - 0s 5ms/step - loss: 3.8144 - accuracy: 1.0000
Epoch 24/25

1/1 [==============================] - ETA: 0s - loss: 3.7512 - accuracy: 1.0000
1/1 [==============================] - 0s 4ms/step - loss: 3.7512 - accuracy: 1.0000
Epoch 25/25

1/1 [==============================] - ETA: 0s - loss: 3.6857 - accuracy: 1.0000
1/1 [==============================] - 0s 4ms/step - loss: 3.6857 - accuracy: 1.0000
# node2vec
Epoch 1/25

1/1 [==============================] - ETA: 0s - loss: 4.7423 - accuracy: 0.0000e+00
1/1 [==============================] - 0s 220ms/step - loss: 4.7423 - accuracy: 0.0000e+00
Epoch 2/25

1/1 [==============================] - ETA: 0s - loss: 4.7014 - accuracy: 0.0000e+00
1/1 [==============================] - 0s 3ms/step - loss: 4.7014 - accuracy: 0.0000e+00
Epoch 3/25

1/1 [==============================] - ETA: 0s - loss: 4.6605 - accuracy: 0.0000e+00
1/1 [==============================] - 0s 3ms/step - loss: 4.6605 - accuracy: 0.0000e+00
Epoch 4/25

1/1 [==============================] - ETA: 0s - loss: 4.6198 - accuracy: 0.0000e+00
1/1 [==============================] - 0s 3ms/step - loss: 4.6198 - accuracy: 0.0000e+00
Epoch 5/25

1/1 [==============================] - ETA: 0s - loss: 4.5790 - accuracy: 0.0625
1/1 [==============================] - 0s 4ms/step - loss: 4.5790 - accuracy: 0.0625
Epoch 6/25

1/1 [==============================] - ETA: 0s - loss: 4.5384 - accuracy: 0.1250
1/1 [==============================] - 0s 3ms/step - loss: 4.5384 - accuracy: 0.1250
Epoch 7/25

1/1 [==============================] - ETA: 0s - loss: 4.4978 - accuracy: 0.1250
1/1 [==============================] - 0s 4ms/step - loss: 4.4978 - accuracy: 0.1250
Epoch 8/25

1/1 [==============================] - ETA: 0s - loss: 4.4573 - accuracy: 0.1250
1/1 [==============================] - 0s 4ms/step - loss: 4.4573 - accuracy: 0.1250
Epoch 9/25

1/1 [==============================] - ETA: 0s - loss: 4.4169 - accuracy: 0.1250
1/1 [==============================] - 0s 2ms/step - loss: 4.4169 - accuracy: 0.1250
Epoch 10/25

1/1 [==============================] - ETA: 0s - loss: 4.3765 - accuracy: 0.1250
1/1 [==============================] - 0s 5ms/step - loss: 4.3765 - accuracy: 0.1250
Epoch 11/25

1/1 [==============================] - ETA: 0s - loss: 4.3363 - accuracy: 0.1250
1/1 [==============================] - 0s 5ms/step - loss: 4.3363 - accuracy: 0.1250
Epoch 12/25

1/1 [==============================] - ETA: 0s - loss: 4.2961 - accuracy: 0.1875
1/1 [==============================] - 0s 5ms/step - loss: 4.2961 - accuracy: 0.1875
Epoch 13/25

1/1 [==============================] - ETA: 0s - loss: 4.2560 - accuracy: 0.2500
1/1 [==============================] - 0s 4ms/step - loss: 4.2560 - accuracy: 0.2500
Epoch 14/25

1/1 [==============================] - ETA: 0s - loss: 4.2160 - accuracy: 0.2500
1/1 [==============================] - 0s 5ms/step - loss: 4.2160 - accuracy: 0.2500
Epoch 15/25

1/1 [==============================] - ETA: 0s - loss: 4.1761 - accuracy: 0.2500
1/1 [==============================] - 0s 6ms/step - loss: 4.1761 - accuracy: 0.2500
Epoch 16/25

1/1 [==============================] - ETA: 0s - loss: 4.1363 - accuracy: 0.2500
1/1 [==============================] - 0s 4ms/step - loss: 4.1363 - accuracy: 0.2500
Epoch 17/25

1/1 [==============================] - ETA: 0s - loss: 4.0966 - accuracy: 0.3125
1/1 [==============================] - 0s 4ms/step - loss: 4.0966 - accuracy: 0.3125
Epoch 18/25

1/1 [==============================] - ETA: 0s - loss: 4.0570 - accuracy: 0.3125
1/1 [==============================] - 0s 4ms/step - loss: 4.0570 - accuracy: 0.3125
Epoch 19/25

1/1 [==============================] - ETA: 0s - loss: 4.0175 - accuracy: 0.3750
1/1 [==============================] - 0s 4ms/step - loss: 4.0175 - accuracy: 0.3750
Epoch 20/25

1/1 [==============================] - ETA: 0s - loss: 3.9781 - accuracy: 0.5000
1/1 [==============================] - 0s 4ms/step - loss: 3.9781 - accuracy: 0.5000
Epoch 21/25

1/1 [==============================] - ETA: 0s - loss: 3.9389 - accuracy: 0.5000
1/1 [==============================] - 0s 4ms/step - loss: 3.9389 - accuracy: 0.5000
Epoch 22/25

1/1 [==============================] - ETA: 0s - loss: 3.8997 - accuracy: 0.5000
1/1 [==============================] - 0s 5ms/step - loss: 3.8997 - accuracy: 0.5000
Epoch 23/25

1/1 [==============================] - ETA: 0s - loss: 3.8607 - accuracy: 0.5000
1/1 [==============================] - 0s 4ms/step - loss: 3.8607 - accuracy: 0.5000
Epoch 24/25

1/1 [==============================] - ETA: 0s - loss: 3.8218 - accuracy: 0.5000
1/1 [==============================] - 0s 5ms/step - loss: 3.8218 - accuracy: 0.5000
Epoch 25/25

1/1 [==============================] - ETA: 0s - loss: 3.7830 - accuracy: 0.5000
1/1 [==============================] - 0s 4ms/step - loss: 3.7830 - accuracy: 0.5000
# predict: steps=12
# predict: tnodeembed_metrics
# predict: node2vec_metrics
tnodeembed: {'auc': 0.7335661142843135, 'f1_micro': 0.0, 'f1_macro': 0.0} tNodeEmbed_final_loss=3.6857306957244873 tNodeEmbed_final_accuracy=1.0 
node2vec: {'auc': 0.6480416370455715, 'f1_micro': 0.0, 'f1_macro': 0.0} node2vec_final_loss=3.7829833030700684 node2vec_final_accuracy=0.5 
