# load graph
Processing Static file: filename='CollegeMsg_20040905_nodes_3_edges_2_component_0.edges'
# initialize tNodeEmbed for dataset=COLLEGE_NC, test_size=0.2
# load dataset
# fit
# tNodeEmbed steps_per_epoch=1
Epoch 1/25

1/1 [==============================] - ETA: 0s - loss: 4.7453 - accuracy: 0.0000e+00
1/1 [==============================] - 1s 1s/step - loss: 4.7453 - accuracy: 0.0000e+00
Epoch 2/25

1/1 [==============================] - ETA: 0s - loss: 4.7124 - accuracy: 0.0000e+00
1/1 [==============================] - 0s 7ms/step - loss: 4.7124 - accuracy: 0.0000e+00
Epoch 3/25

1/1 [==============================] - ETA: 0s - loss: 4.6796 - accuracy: 0.1250
1/1 [==============================] - 0s 7ms/step - loss: 4.6796 - accuracy: 0.1250
Epoch 4/25

1/1 [==============================] - ETA: 0s - loss: 4.6467 - accuracy: 0.2500
1/1 [==============================] - 0s 6ms/step - loss: 4.6467 - accuracy: 0.2500
Epoch 5/25

1/1 [==============================] - ETA: 0s - loss: 4.6136 - accuracy: 0.3750
1/1 [==============================] - 0s 5ms/step - loss: 4.6136 - accuracy: 0.3750
Epoch 6/25

1/1 [==============================] - ETA: 0s - loss: 4.5801 - accuracy: 0.6250
1/1 [==============================] - 0s 5ms/step - loss: 4.5801 - accuracy: 0.6250
Epoch 7/25

1/1 [==============================] - ETA: 0s - loss: 4.5462 - accuracy: 0.8125
1/1 [==============================] - 0s 6ms/step - loss: 4.5462 - accuracy: 0.8125
Epoch 8/25

1/1 [==============================] - ETA: 0s - loss: 4.5116 - accuracy: 0.9375
1/1 [==============================] - 0s 6ms/step - loss: 4.5116 - accuracy: 0.9375
Epoch 9/25

1/1 [==============================] - ETA: 0s - loss: 4.4763 - accuracy: 1.0000
1/1 [==============================] - 0s 7ms/step - loss: 4.4763 - accuracy: 1.0000
Epoch 10/25

1/1 [==============================] - ETA: 0s - loss: 4.4401 - accuracy: 1.0000
1/1 [==============================] - 0s 5ms/step - loss: 4.4401 - accuracy: 1.0000
Epoch 11/25

1/1 [==============================] - ETA: 0s - loss: 4.4029 - accuracy: 1.0000
1/1 [==============================] - 0s 6ms/step - loss: 4.4029 - accuracy: 1.0000
Epoch 12/25

1/1 [==============================] - ETA: 0s - loss: 4.3646 - accuracy: 1.0000
1/1 [==============================] - 0s 6ms/step - loss: 4.3646 - accuracy: 1.0000
Epoch 13/25

1/1 [==============================] - ETA: 0s - loss: 4.3250 - accuracy: 1.0000
1/1 [==============================] - 0s 6ms/step - loss: 4.3250 - accuracy: 1.0000
Epoch 14/25

1/1 [==============================] - ETA: 0s - loss: 4.2840 - accuracy: 1.0000
1/1 [==============================] - 0s 5ms/step - loss: 4.2840 - accuracy: 1.0000
Epoch 15/25

1/1 [==============================] - ETA: 0s - loss: 4.2415 - accuracy: 1.0000
1/1 [==============================] - 0s 5ms/step - loss: 4.2415 - accuracy: 1.0000
Epoch 16/25

1/1 [==============================] - ETA: 0s - loss: 4.1974 - accuracy: 1.0000
1/1 [==============================] - 0s 6ms/step - loss: 4.1974 - accuracy: 1.0000
Epoch 17/25

1/1 [==============================] - ETA: 0s - loss: 4.1516 - accuracy: 1.0000
1/1 [==============================] - 0s 5ms/step - loss: 4.1516 - accuracy: 1.0000
Epoch 18/25

1/1 [==============================] - ETA: 0s - loss: 4.1040 - accuracy: 1.0000
1/1 [==============================] - 0s 6ms/step - loss: 4.1040 - accuracy: 1.0000
Epoch 19/25

1/1 [==============================] - ETA: 0s - loss: 4.0546 - accuracy: 1.0000
1/1 [==============================] - 0s 6ms/step - loss: 4.0546 - accuracy: 1.0000
Epoch 20/25

1/1 [==============================] - ETA: 0s - loss: 4.0032 - accuracy: 1.0000
1/1 [==============================] - 0s 8ms/step - loss: 4.0032 - accuracy: 1.0000
Epoch 21/25

1/1 [==============================] - ETA: 0s - loss: 3.9498 - accuracy: 1.0000
1/1 [==============================] - 0s 7ms/step - loss: 3.9498 - accuracy: 1.0000
Epoch 22/25

1/1 [==============================] - ETA: 0s - loss: 3.8943 - accuracy: 1.0000
1/1 [==============================] - 0s 7ms/step - loss: 3.8943 - accuracy: 1.0000
Epoch 23/25

1/1 [==============================] - ETA: 0s - loss: 3.8367 - accuracy: 1.0000
1/1 [==============================] - 0s 6ms/step - loss: 3.8367 - accuracy: 1.0000
Epoch 24/25

1/1 [==============================] - ETA: 0s - loss: 3.7769 - accuracy: 1.0000
1/1 [==============================] - 0s 6ms/step - loss: 3.7769 - accuracy: 1.0000
Epoch 25/25

1/1 [==============================] - ETA: 0s - loss: 3.7148 - accuracy: 1.0000
1/1 [==============================] - 0s 6ms/step - loss: 3.7148 - accuracy: 1.0000
# node2vec
Epoch 1/25

1/1 [==============================] - ETA: 0s - loss: 4.7664 - accuracy: 0.0000e+00
1/1 [==============================] - 0s 190ms/step - loss: 4.7664 - accuracy: 0.0000e+00
Epoch 2/25

1/1 [==============================] - ETA: 0s - loss: 4.7274 - accuracy: 0.0000e+00
1/1 [==============================] - 0s 2ms/step - loss: 4.7274 - accuracy: 0.0000e+00
Epoch 3/25

1/1 [==============================] - ETA: 0s - loss: 4.6885 - accuracy: 0.0000e+00
1/1 [==============================] - 0s 3ms/step - loss: 4.6885 - accuracy: 0.0000e+00
Epoch 4/25

1/1 [==============================] - ETA: 0s - loss: 4.6496 - accuracy: 0.0000e+00
1/1 [==============================] - 0s 4ms/step - loss: 4.6496 - accuracy: 0.0000e+00
Epoch 5/25

1/1 [==============================] - ETA: 0s - loss: 4.6108 - accuracy: 0.0000e+00
1/1 [==============================] - 0s 3ms/step - loss: 4.6108 - accuracy: 0.0000e+00
Epoch 6/25

1/1 [==============================] - ETA: 0s - loss: 4.5720 - accuracy: 0.0625
1/1 [==============================] - 0s 3ms/step - loss: 4.5720 - accuracy: 0.0625
Epoch 7/25

1/1 [==============================] - ETA: 0s - loss: 4.5333 - accuracy: 0.0625
1/1 [==============================] - 0s 3ms/step - loss: 4.5333 - accuracy: 0.0625
Epoch 8/25

1/1 [==============================] - ETA: 0s - loss: 4.4947 - accuracy: 0.0625
1/1 [==============================] - 0s 3ms/step - loss: 4.4947 - accuracy: 0.0625
Epoch 9/25

1/1 [==============================] - ETA: 0s - loss: 4.4561 - accuracy: 0.1875
1/1 [==============================] - 0s 4ms/step - loss: 4.4561 - accuracy: 0.1875
Epoch 10/25

1/1 [==============================] - ETA: 0s - loss: 4.4176 - accuracy: 0.2500
1/1 [==============================] - 0s 3ms/step - loss: 4.4176 - accuracy: 0.2500
Epoch 11/25

1/1 [==============================] - ETA: 0s - loss: 4.3791 - accuracy: 0.2500
1/1 [==============================] - 0s 3ms/step - loss: 4.3791 - accuracy: 0.2500
Epoch 12/25

1/1 [==============================] - ETA: 0s - loss: 4.3408 - accuracy: 0.2500
1/1 [==============================] - 0s 4ms/step - loss: 4.3408 - accuracy: 0.2500
Epoch 13/25

1/1 [==============================] - ETA: 0s - loss: 4.3025 - accuracy: 0.2500
1/1 [==============================] - 0s 3ms/step - loss: 4.3025 - accuracy: 0.2500
Epoch 14/25

1/1 [==============================] - ETA: 0s - loss: 4.2642 - accuracy: 0.2500
1/1 [==============================] - 0s 3ms/step - loss: 4.2642 - accuracy: 0.2500
Epoch 15/25

1/1 [==============================] - ETA: 0s - loss: 4.2261 - accuracy: 0.3125
1/1 [==============================] - 0s 3ms/step - loss: 4.2261 - accuracy: 0.3125
Epoch 16/25

1/1 [==============================] - ETA: 0s - loss: 4.1880 - accuracy: 0.3125
1/1 [==============================] - 0s 3ms/step - loss: 4.1880 - accuracy: 0.3125
Epoch 17/25

1/1 [==============================] - ETA: 0s - loss: 4.1501 - accuracy: 0.3750
1/1 [==============================] - 0s 6ms/step - loss: 4.1501 - accuracy: 0.3750
Epoch 18/25

1/1 [==============================] - ETA: 0s - loss: 4.1122 - accuracy: 0.4375
1/1 [==============================] - 0s 5ms/step - loss: 4.1122 - accuracy: 0.4375
Epoch 19/25

1/1 [==============================] - ETA: 0s - loss: 4.0744 - accuracy: 0.4375
1/1 [==============================] - 0s 6ms/step - loss: 4.0744 - accuracy: 0.4375
Epoch 20/25

1/1 [==============================] - ETA: 0s - loss: 4.0367 - accuracy: 0.5000
1/1 [==============================] - 0s 4ms/step - loss: 4.0367 - accuracy: 0.5000
Epoch 21/25

1/1 [==============================] - ETA: 0s - loss: 3.9991 - accuracy: 0.5000
1/1 [==============================] - 0s 4ms/step - loss: 3.9991 - accuracy: 0.5000
Epoch 22/25

1/1 [==============================] - ETA: 0s - loss: 3.9615 - accuracy: 0.5625
1/1 [==============================] - 0s 4ms/step - loss: 3.9615 - accuracy: 0.5625
Epoch 23/25

1/1 [==============================] - ETA: 0s - loss: 3.9241 - accuracy: 0.6250
1/1 [==============================] - 0s 4ms/step - loss: 3.9241 - accuracy: 0.6250
Epoch 24/25

1/1 [==============================] - ETA: 0s - loss: 3.8868 - accuracy: 0.6250
1/1 [==============================] - 0s 5ms/step - loss: 3.8868 - accuracy: 0.6250
Epoch 25/25

1/1 [==============================] - ETA: 0s - loss: 3.8496 - accuracy: 0.6250
1/1 [==============================] - 0s 4ms/step - loss: 3.8496 - accuracy: 0.6250
# predict: steps=12
# predict: tnodeembed_metrics
# predict: node2vec_metrics
tnodeembed: {'auc': 0.5450375370774397, 'f1_micro': 0.0, 'f1_macro': 0.0} tNodeEmbed_final_loss=3.71478009223938 tNodeEmbed_final_accuracy=1.0 
node2vec: {'auc': 0.585291992498713, 'f1_micro': 0.0, 'f1_macro': 0.0} node2vec_final_loss=3.8496012687683105 node2vec_final_accuracy=0.625 
