# load graph
Processing Static file: filename='CollegeMsg_20040720_nodes_41_edges_42_component_0.edges'
# initialize tNodeEmbed for dataset=COLLEGE_NC, test_size=0.2
# load dataset
# fit
# tNodeEmbed steps_per_epoch=1
Epoch 1/25

1/1 [==============================] - ETA: 0s - loss: 4.7452 - accuracy: 0.0625
1/1 [==============================] - 1s 1s/step - loss: 4.7452 - accuracy: 0.0625
Epoch 2/25

1/1 [==============================] - ETA: 0s - loss: 4.7129 - accuracy: 0.1250
1/1 [==============================] - 0s 5ms/step - loss: 4.7129 - accuracy: 0.1250
Epoch 3/25

1/1 [==============================] - ETA: 0s - loss: 4.6807 - accuracy: 0.1250
1/1 [==============================] - 0s 5ms/step - loss: 4.6807 - accuracy: 0.1250
Epoch 4/25

1/1 [==============================] - ETA: 0s - loss: 4.6484 - accuracy: 0.2500
1/1 [==============================] - 0s 5ms/step - loss: 4.6484 - accuracy: 0.2500
Epoch 5/25

1/1 [==============================] - ETA: 0s - loss: 4.6160 - accuracy: 0.5625
1/1 [==============================] - 0s 6ms/step - loss: 4.6160 - accuracy: 0.5625
Epoch 6/25

1/1 [==============================] - ETA: 0s - loss: 4.5833 - accuracy: 0.7500
1/1 [==============================] - 0s 6ms/step - loss: 4.5833 - accuracy: 0.7500
Epoch 7/25

1/1 [==============================] - ETA: 0s - loss: 4.5501 - accuracy: 0.8750
1/1 [==============================] - 0s 6ms/step - loss: 4.5501 - accuracy: 0.8750
Epoch 8/25

1/1 [==============================] - ETA: 0s - loss: 4.5165 - accuracy: 0.9375
1/1 [==============================] - 0s 6ms/step - loss: 4.5165 - accuracy: 0.9375
Epoch 9/25

1/1 [==============================] - ETA: 0s - loss: 4.4821 - accuracy: 0.9375
1/1 [==============================] - 0s 6ms/step - loss: 4.4821 - accuracy: 0.9375
Epoch 10/25

1/1 [==============================] - ETA: 0s - loss: 4.4470 - accuracy: 0.9375
1/1 [==============================] - 0s 5ms/step - loss: 4.4470 - accuracy: 0.9375
Epoch 11/25

1/1 [==============================] - ETA: 0s - loss: 4.4109 - accuracy: 1.0000
1/1 [==============================] - 0s 7ms/step - loss: 4.4109 - accuracy: 1.0000
Epoch 12/25

1/1 [==============================] - ETA: 0s - loss: 4.3738 - accuracy: 1.0000
1/1 [==============================] - 0s 5ms/step - loss: 4.3738 - accuracy: 1.0000
Epoch 13/25

1/1 [==============================] - ETA: 0s - loss: 4.3356 - accuracy: 1.0000
1/1 [==============================] - 0s 5ms/step - loss: 4.3356 - accuracy: 1.0000
Epoch 14/25

1/1 [==============================] - ETA: 0s - loss: 4.2961 - accuracy: 1.0000
1/1 [==============================] - 0s 6ms/step - loss: 4.2961 - accuracy: 1.0000
Epoch 15/25

1/1 [==============================] - ETA: 0s - loss: 4.2553 - accuracy: 1.0000
1/1 [==============================] - 0s 6ms/step - loss: 4.2553 - accuracy: 1.0000
Epoch 16/25

1/1 [==============================] - ETA: 0s - loss: 4.2130 - accuracy: 1.0000
1/1 [==============================] - 0s 6ms/step - loss: 4.2130 - accuracy: 1.0000
Epoch 17/25

1/1 [==============================] - ETA: 0s - loss: 4.1691 - accuracy: 1.0000
1/1 [==============================] - 0s 7ms/step - loss: 4.1691 - accuracy: 1.0000
Epoch 18/25

1/1 [==============================] - ETA: 0s - loss: 4.1237 - accuracy: 1.0000
1/1 [==============================] - 0s 7ms/step - loss: 4.1237 - accuracy: 1.0000
Epoch 19/25

1/1 [==============================] - ETA: 0s - loss: 4.0764 - accuracy: 1.0000
1/1 [==============================] - 0s 7ms/step - loss: 4.0764 - accuracy: 1.0000
Epoch 20/25

1/1 [==============================] - ETA: 0s - loss: 4.0274 - accuracy: 1.0000
1/1 [==============================] - 0s 7ms/step - loss: 4.0274 - accuracy: 1.0000
Epoch 21/25

1/1 [==============================] - ETA: 0s - loss: 3.9765 - accuracy: 1.0000
1/1 [==============================] - 0s 5ms/step - loss: 3.9765 - accuracy: 1.0000
Epoch 22/25

1/1 [==============================] - ETA: 0s - loss: 3.9236 - accuracy: 1.0000
1/1 [==============================] - 0s 6ms/step - loss: 3.9236 - accuracy: 1.0000
Epoch 23/25

1/1 [==============================] - ETA: 0s - loss: 3.8688 - accuracy: 1.0000
1/1 [==============================] - 0s 6ms/step - loss: 3.8688 - accuracy: 1.0000
Epoch 24/25

1/1 [==============================] - ETA: 0s - loss: 3.8118 - accuracy: 1.0000
1/1 [==============================] - 0s 6ms/step - loss: 3.8118 - accuracy: 1.0000
Epoch 25/25

1/1 [==============================] - ETA: 0s - loss: 3.7528 - accuracy: 1.0000
1/1 [==============================] - 0s 7ms/step - loss: 3.7528 - accuracy: 1.0000
# node2vec
Epoch 1/25

1/1 [==============================] - ETA: 0s - loss: 4.6213 - accuracy: 0.0000e+00
1/1 [==============================] - 0s 283ms/step - loss: 4.6213 - accuracy: 0.0000e+00
Epoch 2/25

1/1 [==============================] - ETA: 0s - loss: 4.5838 - accuracy: 0.1250
1/1 [==============================] - 0s 3ms/step - loss: 4.5838 - accuracy: 0.1250
Epoch 3/25

1/1 [==============================] - ETA: 0s - loss: 4.5463 - accuracy: 0.1250
1/1 [==============================] - 0s 3ms/step - loss: 4.5463 - accuracy: 0.1250
Epoch 4/25

1/1 [==============================] - ETA: 0s - loss: 4.5089 - accuracy: 0.1250
1/1 [==============================] - 0s 3ms/step - loss: 4.5089 - accuracy: 0.1250
Epoch 5/25

1/1 [==============================] - ETA: 0s - loss: 4.4716 - accuracy: 0.1875
1/1 [==============================] - 0s 4ms/step - loss: 4.4716 - accuracy: 0.1875
Epoch 6/25

1/1 [==============================] - ETA: 0s - loss: 4.4343 - accuracy: 0.1250
1/1 [==============================] - 0s 4ms/step - loss: 4.4343 - accuracy: 0.1250
Epoch 7/25

1/1 [==============================] - ETA: 0s - loss: 4.3970 - accuracy: 0.1875
1/1 [==============================] - 0s 2ms/step - loss: 4.3970 - accuracy: 0.1875
Epoch 8/25

1/1 [==============================] - ETA: 0s - loss: 4.3599 - accuracy: 0.1875
1/1 [==============================] - 0s 4ms/step - loss: 4.3599 - accuracy: 0.1875
Epoch 9/25

1/1 [==============================] - ETA: 0s - loss: 4.3227 - accuracy: 0.1875
1/1 [==============================] - 0s 3ms/step - loss: 4.3227 - accuracy: 0.1875
Epoch 10/25

1/1 [==============================] - ETA: 0s - loss: 4.2857 - accuracy: 0.1875
1/1 [==============================] - 0s 4ms/step - loss: 4.2857 - accuracy: 0.1875
Epoch 11/25

1/1 [==============================] - ETA: 0s - loss: 4.2487 - accuracy: 0.1875
1/1 [==============================] - 0s 3ms/step - loss: 4.2487 - accuracy: 0.1875
Epoch 12/25

1/1 [==============================] - ETA: 0s - loss: 4.2118 - accuracy: 0.2500
1/1 [==============================] - 0s 4ms/step - loss: 4.2118 - accuracy: 0.2500
Epoch 13/25

1/1 [==============================] - ETA: 0s - loss: 4.1750 - accuracy: 0.3750
1/1 [==============================] - 0s 4ms/step - loss: 4.1750 - accuracy: 0.3750
Epoch 14/25

1/1 [==============================] - ETA: 0s - loss: 4.1383 - accuracy: 0.3750
1/1 [==============================] - 0s 4ms/step - loss: 4.1383 - accuracy: 0.3750
Epoch 15/25

1/1 [==============================] - ETA: 0s - loss: 4.1017 - accuracy: 0.3750
1/1 [==============================] - 0s 4ms/step - loss: 4.1017 - accuracy: 0.3750
Epoch 16/25

1/1 [==============================] - ETA: 0s - loss: 4.0651 - accuracy: 0.3750
1/1 [==============================] - 0s 4ms/step - loss: 4.0651 - accuracy: 0.3750
Epoch 17/25

1/1 [==============================] - ETA: 0s - loss: 4.0286 - accuracy: 0.4375
1/1 [==============================] - 0s 4ms/step - loss: 4.0286 - accuracy: 0.4375
Epoch 18/25

1/1 [==============================] - ETA: 0s - loss: 3.9922 - accuracy: 0.4375
1/1 [==============================] - 0s 4ms/step - loss: 3.9922 - accuracy: 0.4375
Epoch 19/25

1/1 [==============================] - ETA: 0s - loss: 3.9559 - accuracy: 0.5000
1/1 [==============================] - 0s 5ms/step - loss: 3.9559 - accuracy: 0.5000
Epoch 20/25

1/1 [==============================] - ETA: 0s - loss: 3.9197 - accuracy: 0.5000
1/1 [==============================] - 0s 5ms/step - loss: 3.9197 - accuracy: 0.5000
Epoch 21/25

1/1 [==============================] - ETA: 0s - loss: 3.8836 - accuracy: 0.5625
1/1 [==============================] - 0s 4ms/step - loss: 3.8836 - accuracy: 0.5625
Epoch 22/25

1/1 [==============================] - ETA: 0s - loss: 3.8476 - accuracy: 0.5625
1/1 [==============================] - 0s 5ms/step - loss: 3.8476 - accuracy: 0.5625
Epoch 23/25

1/1 [==============================] - ETA: 0s - loss: 3.8117 - accuracy: 0.6250
1/1 [==============================] - 0s 5ms/step - loss: 3.8117 - accuracy: 0.6250
Epoch 24/25

1/1 [==============================] - ETA: 0s - loss: 3.7760 - accuracy: 0.6250
1/1 [==============================] - 0s 4ms/step - loss: 3.7760 - accuracy: 0.6250
Epoch 25/25

1/1 [==============================] - ETA: 0s - loss: 3.7403 - accuracy: 0.6250
1/1 [==============================] - 0s 5ms/step - loss: 3.7403 - accuracy: 0.6250
# predict: steps=12
# predict: tnodeembed_metrics
# predict: node2vec_metrics
tnodeembed: {'auc': 0.7003210416002745, 'f1_micro': 0.0, 'f1_macro': 0.0} tNodeEmbed_final_loss=3.7527966499328613 tNodeEmbed_final_accuracy=1.0 
node2vec: {'auc': 0.6479102113107641, 'f1_micro': 0.0, 'f1_macro': 0.0} node2vec_final_loss=3.740286350250244 node2vec_final_accuracy=0.625 
