# load graph
Processing Static file: filename='CollegeMsg_20040717_nodes_3_edges_2_component_0.edges'
# initialize tNodeEmbed for dataset=COLLEGE_NC, test_size=0.2
# load dataset
# fit
# tNodeEmbed steps_per_epoch=1
Epoch 1/25

1/1 [==============================] - ETA: 0s - loss: 4.7312 - accuracy: 0.0625
1/1 [==============================] - 2s 2s/step - loss: 4.7312 - accuracy: 0.0625
Epoch 2/25

1/1 [==============================] - ETA: 0s - loss: 4.6997 - accuracy: 0.1250
1/1 [==============================] - 0s 5ms/step - loss: 4.6997 - accuracy: 0.1250
Epoch 3/25

1/1 [==============================] - ETA: 0s - loss: 4.6681 - accuracy: 0.1875
1/1 [==============================] - 0s 5ms/step - loss: 4.6681 - accuracy: 0.1875
Epoch 4/25

1/1 [==============================] - ETA: 0s - loss: 4.6363 - accuracy: 0.5625
1/1 [==============================] - 0s 5ms/step - loss: 4.6363 - accuracy: 0.5625
Epoch 5/25

1/1 [==============================] - ETA: 0s - loss: 4.6040 - accuracy: 0.7500
1/1 [==============================] - 0s 6ms/step - loss: 4.6040 - accuracy: 0.7500
Epoch 6/25

1/1 [==============================] - ETA: 0s - loss: 4.5712 - accuracy: 0.8750
1/1 [==============================] - 0s 4ms/step - loss: 4.5712 - accuracy: 0.8750
Epoch 7/25

1/1 [==============================] - ETA: 0s - loss: 4.5376 - accuracy: 0.8750
1/1 [==============================] - 0s 4ms/step - loss: 4.5376 - accuracy: 0.8750
Epoch 8/25

1/1 [==============================] - ETA: 0s - loss: 4.5032 - accuracy: 0.8750
1/1 [==============================] - 0s 4ms/step - loss: 4.5032 - accuracy: 0.8750
Epoch 9/25

1/1 [==============================] - ETA: 0s - loss: 4.4678 - accuracy: 0.8750
1/1 [==============================] - 0s 5ms/step - loss: 4.4678 - accuracy: 0.8750
Epoch 10/25

1/1 [==============================] - ETA: 0s - loss: 4.4314 - accuracy: 0.8750
1/1 [==============================] - 0s 5ms/step - loss: 4.4314 - accuracy: 0.8750
Epoch 11/25

1/1 [==============================] - ETA: 0s - loss: 4.3936 - accuracy: 0.8750
1/1 [==============================] - 0s 5ms/step - loss: 4.3936 - accuracy: 0.8750
Epoch 12/25

1/1 [==============================] - ETA: 0s - loss: 4.3546 - accuracy: 0.8750
1/1 [==============================] - 0s 5ms/step - loss: 4.3546 - accuracy: 0.8750
Epoch 13/25

1/1 [==============================] - ETA: 0s - loss: 4.3140 - accuracy: 0.8750
1/1 [==============================] - 0s 5ms/step - loss: 4.3140 - accuracy: 0.8750
Epoch 14/25

1/1 [==============================] - ETA: 0s - loss: 4.2719 - accuracy: 0.8750
1/1 [==============================] - 0s 4ms/step - loss: 4.2719 - accuracy: 0.8750
Epoch 15/25

1/1 [==============================] - ETA: 0s - loss: 4.2280 - accuracy: 0.8750
1/1 [==============================] - 0s 4ms/step - loss: 4.2280 - accuracy: 0.8750
Epoch 16/25

1/1 [==============================] - ETA: 0s - loss: 4.1824 - accuracy: 0.8750
1/1 [==============================] - 0s 4ms/step - loss: 4.1824 - accuracy: 0.8750
Epoch 17/25

1/1 [==============================] - ETA: 0s - loss: 4.1348 - accuracy: 0.8750
1/1 [==============================] - 0s 3ms/step - loss: 4.1348 - accuracy: 0.8750
Epoch 18/25

1/1 [==============================] - ETA: 0s - loss: 4.0853 - accuracy: 0.8750
1/1 [==============================] - 0s 4ms/step - loss: 4.0853 - accuracy: 0.8750
Epoch 19/25

1/1 [==============================] - ETA: 0s - loss: 4.0338 - accuracy: 0.8750
1/1 [==============================] - 0s 4ms/step - loss: 4.0338 - accuracy: 0.8750
Epoch 20/25

1/1 [==============================] - ETA: 0s - loss: 3.9801 - accuracy: 0.8750
1/1 [==============================] - 0s 5ms/step - loss: 3.9801 - accuracy: 0.8750
Epoch 21/25

1/1 [==============================] - ETA: 0s - loss: 3.9242 - accuracy: 0.8750
1/1 [==============================] - 0s 3ms/step - loss: 3.9242 - accuracy: 0.8750
Epoch 22/25

1/1 [==============================] - ETA: 0s - loss: 3.8661 - accuracy: 0.8750
1/1 [==============================] - 0s 4ms/step - loss: 3.8661 - accuracy: 0.8750
Epoch 23/25

1/1 [==============================] - ETA: 0s - loss: 3.8057 - accuracy: 0.8750
1/1 [==============================] - 0s 5ms/step - loss: 3.8057 - accuracy: 0.8750
Epoch 24/25

1/1 [==============================] - ETA: 0s - loss: 3.7429 - accuracy: 0.8750
1/1 [==============================] - 0s 4ms/step - loss: 3.7429 - accuracy: 0.8750
Epoch 25/25

1/1 [==============================] - ETA: 0s - loss: 3.6779 - accuracy: 0.8750
1/1 [==============================] - 0s 4ms/step - loss: 3.6779 - accuracy: 0.8750
# node2vec
Epoch 1/25

1/1 [==============================] - ETA: 0s - loss: 4.8328 - accuracy: 0.0625
1/1 [==============================] - 0s 227ms/step - loss: 4.8328 - accuracy: 0.0625
Epoch 2/25

1/1 [==============================] - ETA: 0s - loss: 4.7974 - accuracy: 0.0625
1/1 [==============================] - 0s 3ms/step - loss: 4.7974 - accuracy: 0.0625
Epoch 3/25

1/1 [==============================] - ETA: 0s - loss: 4.7621 - accuracy: 0.0625
1/1 [==============================] - 0s 3ms/step - loss: 4.7621 - accuracy: 0.0625
Epoch 4/25

1/1 [==============================] - ETA: 0s - loss: 4.7268 - accuracy: 0.0625
1/1 [==============================] - 0s 4ms/step - loss: 4.7268 - accuracy: 0.0625
Epoch 5/25

1/1 [==============================] - ETA: 0s - loss: 4.6915 - accuracy: 0.0625
1/1 [==============================] - 0s 3ms/step - loss: 4.6915 - accuracy: 0.0625
Epoch 6/25

1/1 [==============================] - ETA: 0s - loss: 4.6563 - accuracy: 0.0625
1/1 [==============================] - 0s 4ms/step - loss: 4.6563 - accuracy: 0.0625
Epoch 7/25

1/1 [==============================] - ETA: 0s - loss: 4.6212 - accuracy: 0.1250
1/1 [==============================] - 0s 3ms/step - loss: 4.6212 - accuracy: 0.1250
Epoch 8/25

1/1 [==============================] - ETA: 0s - loss: 4.5861 - accuracy: 0.1250
1/1 [==============================] - 0s 4ms/step - loss: 4.5861 - accuracy: 0.1250
Epoch 9/25

1/1 [==============================] - ETA: 0s - loss: 4.5511 - accuracy: 0.1250
1/1 [==============================] - 0s 3ms/step - loss: 4.5511 - accuracy: 0.1250
Epoch 10/25

1/1 [==============================] - ETA: 0s - loss: 4.5161 - accuracy: 0.1250
1/1 [==============================] - 0s 3ms/step - loss: 4.5161 - accuracy: 0.1250
Epoch 11/25

1/1 [==============================] - ETA: 0s - loss: 4.4812 - accuracy: 0.1250
1/1 [==============================] - 0s 4ms/step - loss: 4.4812 - accuracy: 0.1250
Epoch 12/25

1/1 [==============================] - ETA: 0s - loss: 4.4464 - accuracy: 0.1250
1/1 [==============================] - 0s 3ms/step - loss: 4.4464 - accuracy: 0.1250
Epoch 13/25

1/1 [==============================] - ETA: 0s - loss: 4.4116 - accuracy: 0.1875
1/1 [==============================] - 0s 3ms/step - loss: 4.4116 - accuracy: 0.1875
Epoch 14/25

1/1 [==============================] - ETA: 0s - loss: 4.3769 - accuracy: 0.1875
1/1 [==============================] - 0s 3ms/step - loss: 4.3769 - accuracy: 0.1875
Epoch 15/25

1/1 [==============================] - ETA: 0s - loss: 4.3423 - accuracy: 0.1875
1/1 [==============================] - 0s 3ms/step - loss: 4.3423 - accuracy: 0.1875
Epoch 16/25

1/1 [==============================] - ETA: 0s - loss: 4.3077 - accuracy: 0.1875
1/1 [==============================] - 0s 3ms/step - loss: 4.3077 - accuracy: 0.1875
Epoch 17/25

1/1 [==============================] - ETA: 0s - loss: 4.2732 - accuracy: 0.2500
1/1 [==============================] - 0s 3ms/step - loss: 4.2732 - accuracy: 0.2500
Epoch 18/25

1/1 [==============================] - ETA: 0s - loss: 4.2388 - accuracy: 0.3125
1/1 [==============================] - 0s 2ms/step - loss: 4.2388 - accuracy: 0.3125
Epoch 19/25

1/1 [==============================] - ETA: 0s - loss: 4.2045 - accuracy: 0.3125
1/1 [==============================] - 0s 3ms/step - loss: 4.2045 - accuracy: 0.3125
Epoch 20/25

1/1 [==============================] - ETA: 0s - loss: 4.1702 - accuracy: 0.3125
1/1 [==============================] - 0s 3ms/step - loss: 4.1702 - accuracy: 0.3125
Epoch 21/25

1/1 [==============================] - ETA: 0s - loss: 4.1361 - accuracy: 0.3125
1/1 [==============================] - 0s 3ms/step - loss: 4.1361 - accuracy: 0.3125
Epoch 22/25

1/1 [==============================] - ETA: 0s - loss: 4.1020 - accuracy: 0.3125
1/1 [==============================] - 0s 3ms/step - loss: 4.1020 - accuracy: 0.3125
Epoch 23/25

1/1 [==============================] - ETA: 0s - loss: 4.0681 - accuracy: 0.5000
1/1 [==============================] - 0s 4ms/step - loss: 4.0681 - accuracy: 0.5000
Epoch 24/25

1/1 [==============================] - ETA: 0s - loss: 4.0342 - accuracy: 0.5000
1/1 [==============================] - 0s 4ms/step - loss: 4.0342 - accuracy: 0.5000
Epoch 25/25

1/1 [==============================] - ETA: 0s - loss: 4.0004 - accuracy: 0.5000
1/1 [==============================] - 0s 4ms/step - loss: 4.0004 - accuracy: 0.5000
# predict: steps=12
# predict: tnodeembed_metrics
# predict: node2vec_metrics
tnodeembed: {'auc': 0.7502091657882479, 'f1_micro': 0.0, 'f1_macro': 0.0} tNodeEmbed_final_loss=3.6778793334960938 tNodeEmbed_final_accuracy=0.875 
node2vec: {'auc': 0.6578593447405193, 'f1_micro': 0.0, 'f1_macro': 0.0} node2vec_final_loss=4.00042724609375 node2vec_final_accuracy=0.5 
