# load graph
Processing Static file: filename='CollegeMsg_20040526_nodes_402_edges_620_component_0.edges'
# initialize tNodeEmbed for dataset=COLLEGE_NC, test_size=0.2
# load dataset
# fit
# tNodeEmbed steps_per_epoch=1
Epoch 1/25

1/1 [==============================] - ETA: 0s - loss: 4.7318 - accuracy: 0.1250
1/1 [==============================] - 1s 1s/step - loss: 4.7318 - accuracy: 0.1250
Epoch 2/25

1/1 [==============================] - ETA: 0s - loss: 4.7019 - accuracy: 0.2500
1/1 [==============================] - 0s 3ms/step - loss: 4.7019 - accuracy: 0.2500
Epoch 3/25

1/1 [==============================] - ETA: 0s - loss: 4.6718 - accuracy: 0.3750
1/1 [==============================] - 0s 4ms/step - loss: 4.6718 - accuracy: 0.3750
Epoch 4/25

1/1 [==============================] - ETA: 0s - loss: 4.6415 - accuracy: 0.5625
1/1 [==============================] - 0s 6ms/step - loss: 4.6415 - accuracy: 0.5625
Epoch 5/25

1/1 [==============================] - ETA: 0s - loss: 4.6108 - accuracy: 0.8125
1/1 [==============================] - 0s 5ms/step - loss: 4.6108 - accuracy: 0.8125
Epoch 6/25

1/1 [==============================] - ETA: 0s - loss: 4.5796 - accuracy: 0.8125
1/1 [==============================] - 0s 4ms/step - loss: 4.5796 - accuracy: 0.8125
Epoch 7/25

1/1 [==============================] - ETA: 0s - loss: 4.5478 - accuracy: 0.9375
1/1 [==============================] - 0s 5ms/step - loss: 4.5478 - accuracy: 0.9375
Epoch 8/25

1/1 [==============================] - ETA: 0s - loss: 4.5152 - accuracy: 1.0000
1/1 [==============================] - 0s 5ms/step - loss: 4.5152 - accuracy: 1.0000
Epoch 9/25

1/1 [==============================] - ETA: 0s - loss: 4.4818 - accuracy: 1.0000
1/1 [==============================] - 0s 4ms/step - loss: 4.4818 - accuracy: 1.0000
Epoch 10/25

1/1 [==============================] - ETA: 0s - loss: 4.4474 - accuracy: 1.0000
1/1 [==============================] - 0s 4ms/step - loss: 4.4474 - accuracy: 1.0000
Epoch 11/25

1/1 [==============================] - ETA: 0s - loss: 4.4119 - accuracy: 1.0000
1/1 [==============================] - 0s 4ms/step - loss: 4.4119 - accuracy: 1.0000
Epoch 12/25

1/1 [==============================] - ETA: 0s - loss: 4.3751 - accuracy: 1.0000
1/1 [==============================] - 0s 4ms/step - loss: 4.3751 - accuracy: 1.0000
Epoch 13/25

1/1 [==============================] - ETA: 0s - loss: 4.3370 - accuracy: 1.0000
1/1 [==============================] - 0s 4ms/step - loss: 4.3370 - accuracy: 1.0000
Epoch 14/25

1/1 [==============================] - ETA: 0s - loss: 4.2975 - accuracy: 1.0000
1/1 [==============================] - 0s 4ms/step - loss: 4.2975 - accuracy: 1.0000
Epoch 15/25

1/1 [==============================] - ETA: 0s - loss: 4.2564 - accuracy: 1.0000
1/1 [==============================] - 0s 5ms/step - loss: 4.2564 - accuracy: 1.0000
Epoch 16/25

1/1 [==============================] - ETA: 0s - loss: 4.2137 - accuracy: 1.0000
1/1 [==============================] - 0s 4ms/step - loss: 4.2137 - accuracy: 1.0000
Epoch 17/25

1/1 [==============================] - ETA: 0s - loss: 4.1693 - accuracy: 1.0000
1/1 [==============================] - 0s 4ms/step - loss: 4.1693 - accuracy: 1.0000
Epoch 18/25

1/1 [==============================] - ETA: 0s - loss: 4.1230 - accuracy: 1.0000
1/1 [==============================] - 0s 4ms/step - loss: 4.1230 - accuracy: 1.0000
Epoch 19/25

1/1 [==============================] - ETA: 0s - loss: 4.0748 - accuracy: 1.0000
1/1 [==============================] - 0s 4ms/step - loss: 4.0748 - accuracy: 1.0000
Epoch 20/25

1/1 [==============================] - ETA: 0s - loss: 4.0247 - accuracy: 1.0000
1/1 [==============================] - 0s 4ms/step - loss: 4.0247 - accuracy: 1.0000
Epoch 21/25

1/1 [==============================] - ETA: 0s - loss: 3.9726 - accuracy: 1.0000
1/1 [==============================] - 0s 4ms/step - loss: 3.9726 - accuracy: 1.0000
Epoch 22/25

1/1 [==============================] - ETA: 0s - loss: 3.9183 - accuracy: 1.0000
1/1 [==============================] - 0s 4ms/step - loss: 3.9183 - accuracy: 1.0000
Epoch 23/25

1/1 [==============================] - ETA: 0s - loss: 3.8619 - accuracy: 1.0000
1/1 [==============================] - 0s 4ms/step - loss: 3.8619 - accuracy: 1.0000
Epoch 24/25

1/1 [==============================] - ETA: 0s - loss: 3.8032 - accuracy: 1.0000
1/1 [==============================] - 0s 4ms/step - loss: 3.8032 - accuracy: 1.0000
Epoch 25/25

1/1 [==============================] - ETA: 0s - loss: 3.7423 - accuracy: 1.0000
1/1 [==============================] - 0s 4ms/step - loss: 3.7423 - accuracy: 1.0000
# node2vec
Epoch 1/25

1/1 [==============================] - ETA: 0s - loss: 4.7266 - accuracy: 0.1250
1/1 [==============================] - 0s 205ms/step - loss: 4.7266 - accuracy: 0.1250
Epoch 2/25

1/1 [==============================] - ETA: 0s - loss: 4.6935 - accuracy: 0.1250
1/1 [==============================] - 0s 3ms/step - loss: 4.6935 - accuracy: 0.1250
Epoch 3/25

1/1 [==============================] - ETA: 0s - loss: 4.6604 - accuracy: 0.1250
1/1 [==============================] - 0s 4ms/step - loss: 4.6604 - accuracy: 0.1250
Epoch 4/25

1/1 [==============================] - ETA: 0s - loss: 4.6274 - accuracy: 0.1250
1/1 [==============================] - 0s 3ms/step - loss: 4.6274 - accuracy: 0.1250
Epoch 5/25

1/1 [==============================] - ETA: 0s - loss: 4.5944 - accuracy: 0.1250
1/1 [==============================] - 0s 3ms/step - loss: 4.5944 - accuracy: 0.1250
Epoch 6/25

1/1 [==============================] - ETA: 0s - loss: 4.5614 - accuracy: 0.1250
1/1 [==============================] - 0s 3ms/step - loss: 4.5614 - accuracy: 0.1250
Epoch 7/25

1/1 [==============================] - ETA: 0s - loss: 4.5285 - accuracy: 0.1250
1/1 [==============================] - 0s 3ms/step - loss: 4.5285 - accuracy: 0.1250
Epoch 8/25

1/1 [==============================] - ETA: 0s - loss: 4.4956 - accuracy: 0.1250
1/1 [==============================] - 0s 3ms/step - loss: 4.4956 - accuracy: 0.1250
Epoch 9/25

1/1 [==============================] - ETA: 0s - loss: 4.4628 - accuracy: 0.1250
1/1 [==============================] - 0s 3ms/step - loss: 4.4628 - accuracy: 0.1250
Epoch 10/25

1/1 [==============================] - ETA: 0s - loss: 4.4300 - accuracy: 0.1875
1/1 [==============================] - 0s 3ms/step - loss: 4.4300 - accuracy: 0.1875
Epoch 11/25

1/1 [==============================] - ETA: 0s - loss: 4.3973 - accuracy: 0.3125
1/1 [==============================] - 0s 3ms/step - loss: 4.3973 - accuracy: 0.3125
Epoch 12/25

1/1 [==============================] - ETA: 0s - loss: 4.3647 - accuracy: 0.3750
1/1 [==============================] - 0s 3ms/step - loss: 4.3647 - accuracy: 0.3750
Epoch 13/25

1/1 [==============================] - ETA: 0s - loss: 4.3320 - accuracy: 0.4375
1/1 [==============================] - 0s 3ms/step - loss: 4.3320 - accuracy: 0.4375
Epoch 14/25

1/1 [==============================] - ETA: 0s - loss: 4.2995 - accuracy: 0.5000
1/1 [==============================] - 0s 4ms/step - loss: 4.2995 - accuracy: 0.5000
Epoch 15/25

1/1 [==============================] - ETA: 0s - loss: 4.2670 - accuracy: 0.5000
1/1 [==============================] - 0s 3ms/step - loss: 4.2670 - accuracy: 0.5000
Epoch 16/25

1/1 [==============================] - ETA: 0s - loss: 4.2346 - accuracy: 0.5000
1/1 [==============================] - 0s 4ms/step - loss: 4.2346 - accuracy: 0.5000
Epoch 17/25

1/1 [==============================] - ETA: 0s - loss: 4.2022 - accuracy: 0.5625
1/1 [==============================] - 0s 3ms/step - loss: 4.2022 - accuracy: 0.5625
Epoch 18/25

1/1 [==============================] - ETA: 0s - loss: 4.1699 - accuracy: 0.5625
1/1 [==============================] - 0s 3ms/step - loss: 4.1699 - accuracy: 0.5625
Epoch 19/25

1/1 [==============================] - ETA: 0s - loss: 4.1377 - accuracy: 0.5625
1/1 [==============================] - 0s 3ms/step - loss: 4.1377 - accuracy: 0.5625
Epoch 20/25

1/1 [==============================] - ETA: 0s - loss: 4.1055 - accuracy: 0.5625
1/1 [==============================] - 0s 3ms/step - loss: 4.1055 - accuracy: 0.5625
Epoch 21/25

1/1 [==============================] - ETA: 0s - loss: 4.0734 - accuracy: 0.6250
1/1 [==============================] - 0s 3ms/step - loss: 4.0734 - accuracy: 0.6250
Epoch 22/25

1/1 [==============================] - ETA: 0s - loss: 4.0414 - accuracy: 0.6250
1/1 [==============================] - 0s 4ms/step - loss: 4.0414 - accuracy: 0.6250
Epoch 23/25

1/1 [==============================] - ETA: 0s - loss: 4.0095 - accuracy: 0.6875
1/1 [==============================] - 0s 3ms/step - loss: 4.0095 - accuracy: 0.6875
Epoch 24/25

1/1 [==============================] - ETA: 0s - loss: 3.9776 - accuracy: 0.6875
1/1 [==============================] - 0s 4ms/step - loss: 3.9776 - accuracy: 0.6875
Epoch 25/25

1/1 [==============================] - ETA: 0s - loss: 3.9458 - accuracy: 0.6875
1/1 [==============================] - 0s 3ms/step - loss: 3.9458 - accuracy: 0.6875
# predict: steps=12
# predict: tnodeembed_metrics
# predict: node2vec_metrics
tnodeembed: {'auc': 0.6516440933493493, 'f1_micro': 0.0, 'f1_macro': 0.0} tNodeEmbed_final_loss=3.742330312728882 tNodeEmbed_final_accuracy=1.0 
node2vec: {'auc': 0.5776103436864167, 'f1_micro': 0.0, 'f1_macro': 0.0} node2vec_final_loss=3.9458236694335938 node2vec_final_accuracy=0.6875 
