# load graph
Processing Static file: filename='CollegeMsg_20040819_nodes_39_edges_41_component_0.edges'
# initialize tNodeEmbed for dataset=COLLEGE_NC, test_size=0.2
# load dataset
# fit
# tNodeEmbed steps_per_epoch=1
Epoch 1/25

1/1 [==============================] - ETA: 0s - loss: 4.7304 - accuracy: 0.0625
1/1 [==============================] - 1s 1s/step - loss: 4.7304 - accuracy: 0.0625
Epoch 2/25

1/1 [==============================] - ETA: 0s - loss: 4.6962 - accuracy: 0.1875
1/1 [==============================] - 0s 5ms/step - loss: 4.6962 - accuracy: 0.1875
Epoch 3/25

1/1 [==============================] - ETA: 0s - loss: 4.6618 - accuracy: 0.2500
1/1 [==============================] - 0s 5ms/step - loss: 4.6618 - accuracy: 0.2500
Epoch 4/25

1/1 [==============================] - ETA: 0s - loss: 4.6273 - accuracy: 0.5000
1/1 [==============================] - 0s 6ms/step - loss: 4.6273 - accuracy: 0.5000
Epoch 5/25

1/1 [==============================] - ETA: 0s - loss: 4.5924 - accuracy: 0.5625
1/1 [==============================] - 0s 5ms/step - loss: 4.5924 - accuracy: 0.5625
Epoch 6/25

1/1 [==============================] - ETA: 0s - loss: 4.5570 - accuracy: 0.6875
1/1 [==============================] - 0s 5ms/step - loss: 4.5570 - accuracy: 0.6875
Epoch 7/25

1/1 [==============================] - ETA: 0s - loss: 4.5210 - accuracy: 0.8750
1/1 [==============================] - 0s 7ms/step - loss: 4.5210 - accuracy: 0.8750
Epoch 8/25

1/1 [==============================] - ETA: 0s - loss: 4.4842 - accuracy: 0.8750
1/1 [==============================] - 0s 6ms/step - loss: 4.4842 - accuracy: 0.8750
Epoch 9/25

1/1 [==============================] - ETA: 0s - loss: 4.4464 - accuracy: 0.9375
1/1 [==============================] - 0s 7ms/step - loss: 4.4464 - accuracy: 0.9375
Epoch 10/25

1/1 [==============================] - ETA: 0s - loss: 4.4075 - accuracy: 1.0000
1/1 [==============================] - 0s 7ms/step - loss: 4.4075 - accuracy: 1.0000
Epoch 11/25

1/1 [==============================] - ETA: 0s - loss: 4.3674 - accuracy: 1.0000
1/1 [==============================] - 0s 7ms/step - loss: 4.3674 - accuracy: 1.0000
Epoch 12/25

1/1 [==============================] - ETA: 0s - loss: 4.3259 - accuracy: 1.0000
1/1 [==============================] - 0s 6ms/step - loss: 4.3259 - accuracy: 1.0000
Epoch 13/25

1/1 [==============================] - ETA: 0s - loss: 4.2829 - accuracy: 1.0000
1/1 [==============================] - 0s 6ms/step - loss: 4.2829 - accuracy: 1.0000
Epoch 14/25

1/1 [==============================] - ETA: 0s - loss: 4.2383 - accuracy: 1.0000
1/1 [==============================] - 0s 6ms/step - loss: 4.2383 - accuracy: 1.0000
Epoch 15/25

1/1 [==============================] - ETA: 0s - loss: 4.1918 - accuracy: 1.0000
1/1 [==============================] - 0s 5ms/step - loss: 4.1918 - accuracy: 1.0000
Epoch 16/25

1/1 [==============================] - ETA: 0s - loss: 4.1435 - accuracy: 1.0000
1/1 [==============================] - 0s 5ms/step - loss: 4.1435 - accuracy: 1.0000
Epoch 17/25

1/1 [==============================] - ETA: 0s - loss: 4.0931 - accuracy: 1.0000
1/1 [==============================] - 0s 6ms/step - loss: 4.0931 - accuracy: 1.0000
Epoch 18/25

1/1 [==============================] - ETA: 0s - loss: 4.0406 - accuracy: 1.0000
1/1 [==============================] - 0s 6ms/step - loss: 4.0406 - accuracy: 1.0000
Epoch 19/25

1/1 [==============================] - ETA: 0s - loss: 3.9859 - accuracy: 1.0000
1/1 [==============================] - 0s 6ms/step - loss: 3.9859 - accuracy: 1.0000
Epoch 20/25

1/1 [==============================] - ETA: 0s - loss: 3.9288 - accuracy: 1.0000
1/1 [==============================] - 0s 6ms/step - loss: 3.9288 - accuracy: 1.0000
Epoch 21/25

1/1 [==============================] - ETA: 0s - loss: 3.8694 - accuracy: 1.0000
1/1 [==============================] - 0s 6ms/step - loss: 3.8694 - accuracy: 1.0000
Epoch 22/25

1/1 [==============================] - ETA: 0s - loss: 3.8075 - accuracy: 1.0000
1/1 [==============================] - 0s 6ms/step - loss: 3.8075 - accuracy: 1.0000
Epoch 23/25

1/1 [==============================] - ETA: 0s - loss: 3.7431 - accuracy: 1.0000
1/1 [==============================] - 0s 6ms/step - loss: 3.7431 - accuracy: 1.0000
Epoch 24/25

1/1 [==============================] - ETA: 0s - loss: 3.6760 - accuracy: 1.0000
1/1 [==============================] - 0s 6ms/step - loss: 3.6760 - accuracy: 1.0000
Epoch 25/25

1/1 [==============================] - ETA: 0s - loss: 3.6063 - accuracy: 1.0000
1/1 [==============================] - 0s 6ms/step - loss: 3.6063 - accuracy: 1.0000
# node2vec
Epoch 1/25

1/1 [==============================] - ETA: 0s - loss: 4.9087 - accuracy: 0.0000e+00
1/1 [==============================] - 0s 358ms/step - loss: 4.9087 - accuracy: 0.0000e+00
Epoch 2/25

1/1 [==============================] - ETA: 0s - loss: 4.8702 - accuracy: 0.0000e+00
1/1 [==============================] - 0s 4ms/step - loss: 4.8702 - accuracy: 0.0000e+00
Epoch 3/25

1/1 [==============================] - ETA: 0s - loss: 4.8317 - accuracy: 0.0000e+00
1/1 [==============================] - 0s 4ms/step - loss: 4.8317 - accuracy: 0.0000e+00
Epoch 4/25

1/1 [==============================] - ETA: 0s - loss: 4.7933 - accuracy: 0.0000e+00
1/1 [==============================] - 0s 4ms/step - loss: 4.7933 - accuracy: 0.0000e+00
Epoch 5/25

1/1 [==============================] - ETA: 0s - loss: 4.7549 - accuracy: 0.0000e+00
1/1 [==============================] - 0s 5ms/step - loss: 4.7549 - accuracy: 0.0000e+00
Epoch 6/25

1/1 [==============================] - ETA: 0s - loss: 4.7165 - accuracy: 0.0000e+00
1/1 [==============================] - 0s 3ms/step - loss: 4.7165 - accuracy: 0.0000e+00
Epoch 7/25

1/1 [==============================] - ETA: 0s - loss: 4.6782 - accuracy: 0.0000e+00
1/1 [==============================] - 0s 4ms/step - loss: 4.6782 - accuracy: 0.0000e+00
Epoch 8/25

1/1 [==============================] - ETA: 0s - loss: 4.6400 - accuracy: 0.0000e+00
1/1 [==============================] - 0s 8ms/step - loss: 4.6400 - accuracy: 0.0000e+00
Epoch 9/25

1/1 [==============================] - ETA: 0s - loss: 4.6018 - accuracy: 0.0000e+00
1/1 [==============================] - 0s 7ms/step - loss: 4.6018 - accuracy: 0.0000e+00
Epoch 10/25

1/1 [==============================] - ETA: 0s - loss: 4.5637 - accuracy: 0.0000e+00
1/1 [==============================] - 0s 5ms/step - loss: 4.5637 - accuracy: 0.0000e+00
Epoch 11/25

1/1 [==============================] - ETA: 0s - loss: 4.5257 - accuracy: 0.0000e+00
1/1 [==============================] - 0s 6ms/step - loss: 4.5257 - accuracy: 0.0000e+00
Epoch 12/25

1/1 [==============================] - ETA: 0s - loss: 4.4877 - accuracy: 0.0000e+00
1/1 [==============================] - 0s 5ms/step - loss: 4.4877 - accuracy: 0.0000e+00
Epoch 13/25

1/1 [==============================] - ETA: 0s - loss: 4.4498 - accuracy: 0.0000e+00
1/1 [==============================] - 0s 4ms/step - loss: 4.4498 - accuracy: 0.0000e+00
Epoch 14/25

1/1 [==============================] - ETA: 0s - loss: 4.4119 - accuracy: 0.0000e+00
1/1 [==============================] - 0s 4ms/step - loss: 4.4119 - accuracy: 0.0000e+00
Epoch 15/25

1/1 [==============================] - ETA: 0s - loss: 4.3742 - accuracy: 0.0000e+00
1/1 [==============================] - 0s 5ms/step - loss: 4.3742 - accuracy: 0.0000e+00
Epoch 16/25

1/1 [==============================] - ETA: 0s - loss: 4.3365 - accuracy: 0.0625
1/1 [==============================] - 0s 4ms/step - loss: 4.3365 - accuracy: 0.0625
Epoch 17/25

1/1 [==============================] - ETA: 0s - loss: 4.2989 - accuracy: 0.0625
1/1 [==============================] - 0s 4ms/step - loss: 4.2989 - accuracy: 0.0625
Epoch 18/25

1/1 [==============================] - ETA: 0s - loss: 4.2613 - accuracy: 0.0625
1/1 [==============================] - 0s 4ms/step - loss: 4.2613 - accuracy: 0.0625
Epoch 19/25

1/1 [==============================] - ETA: 0s - loss: 4.2239 - accuracy: 0.0625
1/1 [==============================] - 0s 5ms/step - loss: 4.2239 - accuracy: 0.0625
Epoch 20/25

1/1 [==============================] - ETA: 0s - loss: 4.1865 - accuracy: 0.0625
1/1 [==============================] - 0s 5ms/step - loss: 4.1865 - accuracy: 0.0625
Epoch 21/25

1/1 [==============================] - ETA: 0s - loss: 4.1493 - accuracy: 0.0625
1/1 [==============================] - 0s 4ms/step - loss: 4.1493 - accuracy: 0.0625
Epoch 22/25

1/1 [==============================] - ETA: 0s - loss: 4.1121 - accuracy: 0.1875
1/1 [==============================] - 0s 4ms/step - loss: 4.1121 - accuracy: 0.1875
Epoch 23/25

1/1 [==============================] - ETA: 0s - loss: 4.0750 - accuracy: 0.2500
1/1 [==============================] - 0s 4ms/step - loss: 4.0750 - accuracy: 0.2500
Epoch 24/25

1/1 [==============================] - ETA: 0s - loss: 4.0380 - accuracy: 0.3125
1/1 [==============================] - 0s 5ms/step - loss: 4.0380 - accuracy: 0.3125
Epoch 25/25

1/1 [==============================] - ETA: 0s - loss: 4.0011 - accuracy: 0.3125
1/1 [==============================] - 0s 5ms/step - loss: 4.0011 - accuracy: 0.3125
# predict: steps=12
# predict: tnodeembed_metrics
# predict: node2vec_metrics
tnodeembed: {'auc': 0.7350165163140735, 'f1_micro': 0.0, 'f1_macro': 0.0} tNodeEmbed_final_loss=3.6063499450683594 tNodeEmbed_final_accuracy=1.0 
node2vec: {'auc': 0.6742180950163018, 'f1_micro': 0.0, 'f1_macro': 0.0} node2vec_final_loss=4.001141548156738 node2vec_final_accuracy=0.3125 
