# load graph
Processing Static file: filename='CollegeMsg_20040828_nodes_70_edges_69_component_0.edges'
# initialize tNodeEmbed for dataset=COLLEGE_NC, test_size=0.2
# load dataset
# fit
# tNodeEmbed steps_per_epoch=1
Epoch 1/25

1/1 [==============================] - ETA: 0s - loss: 4.7575 - accuracy: 0.0000e+00
1/1 [==============================] - 1s 1s/step - loss: 4.7575 - accuracy: 0.0000e+00
Epoch 2/25

1/1 [==============================] - ETA: 0s - loss: 4.7245 - accuracy: 0.0625
1/1 [==============================] - 0s 4ms/step - loss: 4.7245 - accuracy: 0.0625
Epoch 3/25

1/1 [==============================] - ETA: 0s - loss: 4.6915 - accuracy: 0.0625
1/1 [==============================] - 0s 4ms/step - loss: 4.6915 - accuracy: 0.0625
Epoch 4/25

1/1 [==============================] - ETA: 0s - loss: 4.6584 - accuracy: 0.2500
1/1 [==============================] - 0s 6ms/step - loss: 4.6584 - accuracy: 0.2500
Epoch 5/25

1/1 [==============================] - ETA: 0s - loss: 4.6250 - accuracy: 0.5000
1/1 [==============================] - 0s 5ms/step - loss: 4.6250 - accuracy: 0.5000
Epoch 6/25

1/1 [==============================] - ETA: 0s - loss: 4.5913 - accuracy: 0.6250
1/1 [==============================] - 0s 5ms/step - loss: 4.5913 - accuracy: 0.6250
Epoch 7/25

1/1 [==============================] - ETA: 0s - loss: 4.5569 - accuracy: 0.8750
1/1 [==============================] - 0s 6ms/step - loss: 4.5569 - accuracy: 0.8750
Epoch 8/25

1/1 [==============================] - ETA: 0s - loss: 4.5219 - accuracy: 0.8750
1/1 [==============================] - 0s 5ms/step - loss: 4.5219 - accuracy: 0.8750
Epoch 9/25

1/1 [==============================] - ETA: 0s - loss: 4.4861 - accuracy: 0.8750
1/1 [==============================] - 0s 6ms/step - loss: 4.4861 - accuracy: 0.8750
Epoch 10/25

1/1 [==============================] - ETA: 0s - loss: 4.4492 - accuracy: 0.8750
1/1 [==============================] - 0s 6ms/step - loss: 4.4492 - accuracy: 0.8750
Epoch 11/25

1/1 [==============================] - ETA: 0s - loss: 4.4113 - accuracy: 0.8750
1/1 [==============================] - 0s 6ms/step - loss: 4.4113 - accuracy: 0.8750
Epoch 12/25

1/1 [==============================] - ETA: 0s - loss: 4.3720 - accuracy: 0.8750
1/1 [==============================] - 0s 6ms/step - loss: 4.3720 - accuracy: 0.8750
Epoch 13/25

1/1 [==============================] - ETA: 0s - loss: 4.3314 - accuracy: 0.8750
1/1 [==============================] - 0s 6ms/step - loss: 4.3314 - accuracy: 0.8750
Epoch 14/25

1/1 [==============================] - ETA: 0s - loss: 4.2893 - accuracy: 0.9375
1/1 [==============================] - 0s 5ms/step - loss: 4.2893 - accuracy: 0.9375
Epoch 15/25

1/1 [==============================] - ETA: 0s - loss: 4.2455 - accuracy: 0.9375
1/1 [==============================] - 0s 5ms/step - loss: 4.2455 - accuracy: 0.9375
Epoch 16/25

1/1 [==============================] - ETA: 0s - loss: 4.1999 - accuracy: 0.9375
1/1 [==============================] - 0s 5ms/step - loss: 4.1999 - accuracy: 0.9375
Epoch 17/25

1/1 [==============================] - ETA: 0s - loss: 4.1525 - accuracy: 0.9375
1/1 [==============================] - 0s 5ms/step - loss: 4.1525 - accuracy: 0.9375
Epoch 18/25

1/1 [==============================] - ETA: 0s - loss: 4.1031 - accuracy: 0.9375
1/1 [==============================] - 0s 6ms/step - loss: 4.1031 - accuracy: 0.9375
Epoch 19/25

1/1 [==============================] - ETA: 0s - loss: 4.0516 - accuracy: 0.9375
1/1 [==============================] - 0s 5ms/step - loss: 4.0516 - accuracy: 0.9375
Epoch 20/25

1/1 [==============================] - ETA: 0s - loss: 3.9979 - accuracy: 0.9375
1/1 [==============================] - 0s 5ms/step - loss: 3.9979 - accuracy: 0.9375
Epoch 21/25

1/1 [==============================] - ETA: 0s - loss: 3.9419 - accuracy: 0.9375
1/1 [==============================] - 0s 5ms/step - loss: 3.9419 - accuracy: 0.9375
Epoch 22/25

1/1 [==============================] - ETA: 0s - loss: 3.8837 - accuracy: 0.9375
1/1 [==============================] - 0s 5ms/step - loss: 3.8837 - accuracy: 0.9375
Epoch 23/25

1/1 [==============================] - ETA: 0s - loss: 3.8230 - accuracy: 0.9375
1/1 [==============================] - 0s 6ms/step - loss: 3.8230 - accuracy: 0.9375
Epoch 24/25

1/1 [==============================] - ETA: 0s - loss: 3.7599 - accuracy: 0.9375
1/1 [==============================] - 0s 5ms/step - loss: 3.7599 - accuracy: 0.9375
Epoch 25/25

1/1 [==============================] - ETA: 0s - loss: 3.6943 - accuracy: 0.9375
1/1 [==============================] - 0s 5ms/step - loss: 3.6943 - accuracy: 0.9375
# node2vec
Epoch 1/25

1/1 [==============================] - ETA: 0s - loss: 4.7576 - accuracy: 0.0000e+00
1/1 [==============================] - 0s 205ms/step - loss: 4.7576 - accuracy: 0.0000e+00
Epoch 2/25

1/1 [==============================] - ETA: 0s - loss: 4.7194 - accuracy: 0.0625
1/1 [==============================] - 0s 3ms/step - loss: 4.7194 - accuracy: 0.0625
Epoch 3/25

1/1 [==============================] - ETA: 0s - loss: 4.6812 - accuracy: 0.0625
1/1 [==============================] - 0s 3ms/step - loss: 4.6812 - accuracy: 0.0625
Epoch 4/25

1/1 [==============================] - ETA: 0s - loss: 4.6431 - accuracy: 0.0625
1/1 [==============================] - 0s 4ms/step - loss: 4.6431 - accuracy: 0.0625
Epoch 5/25

1/1 [==============================] - ETA: 0s - loss: 4.6051 - accuracy: 0.1250
1/1 [==============================] - 0s 4ms/step - loss: 4.6051 - accuracy: 0.1250
Epoch 6/25

1/1 [==============================] - ETA: 0s - loss: 4.5671 - accuracy: 0.1250
1/1 [==============================] - 0s 4ms/step - loss: 4.5671 - accuracy: 0.1250
Epoch 7/25

1/1 [==============================] - ETA: 0s - loss: 4.5292 - accuracy: 0.1250
1/1 [==============================] - 0s 4ms/step - loss: 4.5292 - accuracy: 0.1250
Epoch 8/25

1/1 [==============================] - ETA: 0s - loss: 4.4913 - accuracy: 0.1250
1/1 [==============================] - 0s 3ms/step - loss: 4.4913 - accuracy: 0.1250
Epoch 9/25

1/1 [==============================] - ETA: 0s - loss: 4.4536 - accuracy: 0.1250
1/1 [==============================] - 0s 3ms/step - loss: 4.4536 - accuracy: 0.1250
Epoch 10/25

1/1 [==============================] - ETA: 0s - loss: 4.4159 - accuracy: 0.1250
1/1 [==============================] - 0s 4ms/step - loss: 4.4159 - accuracy: 0.1250
Epoch 11/25

1/1 [==============================] - ETA: 0s - loss: 4.3782 - accuracy: 0.1250
1/1 [==============================] - 0s 4ms/step - loss: 4.3782 - accuracy: 0.1250
Epoch 12/25

1/1 [==============================] - ETA: 0s - loss: 4.3407 - accuracy: 0.1250
1/1 [==============================] - 0s 3ms/step - loss: 4.3407 - accuracy: 0.1250
Epoch 13/25

1/1 [==============================] - ETA: 0s - loss: 4.3032 - accuracy: 0.1250
1/1 [==============================] - 0s 4ms/step - loss: 4.3032 - accuracy: 0.1250
Epoch 14/25

1/1 [==============================] - ETA: 0s - loss: 4.2659 - accuracy: 0.1250
1/1 [==============================] - 0s 5ms/step - loss: 4.2659 - accuracy: 0.1250
Epoch 15/25

1/1 [==============================] - ETA: 0s - loss: 4.2286 - accuracy: 0.1250
1/1 [==============================] - 0s 3ms/step - loss: 4.2286 - accuracy: 0.1250
Epoch 16/25

1/1 [==============================] - ETA: 0s - loss: 4.1914 - accuracy: 0.1250
1/1 [==============================] - 0s 3ms/step - loss: 4.1914 - accuracy: 0.1250
Epoch 17/25

1/1 [==============================] - ETA: 0s - loss: 4.1543 - accuracy: 0.1875
1/1 [==============================] - 0s 5ms/step - loss: 4.1543 - accuracy: 0.1875
Epoch 18/25

1/1 [==============================] - ETA: 0s - loss: 4.1173 - accuracy: 0.2500
1/1 [==============================] - 0s 4ms/step - loss: 4.1173 - accuracy: 0.2500
Epoch 19/25

1/1 [==============================] - ETA: 0s - loss: 4.0804 - accuracy: 0.2500
1/1 [==============================] - 0s 4ms/step - loss: 4.0804 - accuracy: 0.2500
Epoch 20/25

1/1 [==============================] - ETA: 0s - loss: 4.0436 - accuracy: 0.2500
1/1 [==============================] - 0s 4ms/step - loss: 4.0436 - accuracy: 0.2500
Epoch 21/25

1/1 [==============================] - ETA: 0s - loss: 4.0069 - accuracy: 0.3125
1/1 [==============================] - 0s 4ms/step - loss: 4.0069 - accuracy: 0.3125
Epoch 22/25

1/1 [==============================] - ETA: 0s - loss: 3.9703 - accuracy: 0.3125
1/1 [==============================] - 0s 4ms/step - loss: 3.9703 - accuracy: 0.3125
Epoch 23/25

1/1 [==============================] - ETA: 0s - loss: 3.9338 - accuracy: 0.3750
1/1 [==============================] - 0s 4ms/step - loss: 3.9338 - accuracy: 0.3750
Epoch 24/25

1/1 [==============================] - ETA: 0s - loss: 3.8974 - accuracy: 0.3750
1/1 [==============================] - 0s 5ms/step - loss: 3.8974 - accuracy: 0.3750
Epoch 25/25

1/1 [==============================] - ETA: 0s - loss: 3.8612 - accuracy: 0.3750
1/1 [==============================] - 0s 4ms/step - loss: 3.8612 - accuracy: 0.3750
# predict: steps=12
# predict: tnodeembed_metrics
# predict: node2vec_metrics
tnodeembed: {'auc': 0.7209292341823352, 'f1_micro': 0.0, 'f1_macro': 0.0} tNodeEmbed_final_loss=3.694328546524048 tNodeEmbed_final_accuracy=0.9375 
node2vec: {'auc': 0.6644952871816243, 'f1_micro': 0.0, 'f1_macro': 0.0} node2vec_final_loss=3.8611700534820557 node2vec_final_accuracy=0.375 
