# load graph
Processing Static file: filename='CollegeMsg_20040809_nodes_14_edges_13_component_0.edges'
# initialize tNodeEmbed for dataset=COLLEGE_NC, test_size=0.2
# load dataset
# fit
# tNodeEmbed steps_per_epoch=1
Epoch 1/25

1/1 [==============================] - ETA: 0s - loss: 4.7205 - accuracy: 0.0625
1/1 [==============================] - 1s 1s/step - loss: 4.7205 - accuracy: 0.0625
Epoch 2/25

1/1 [==============================] - ETA: 0s - loss: 4.6840 - accuracy: 0.0625
1/1 [==============================] - 0s 4ms/step - loss: 4.6840 - accuracy: 0.0625
Epoch 3/25

1/1 [==============================] - ETA: 0s - loss: 4.6473 - accuracy: 0.1875
1/1 [==============================] - 0s 4ms/step - loss: 4.6473 - accuracy: 0.1875
Epoch 4/25

1/1 [==============================] - ETA: 0s - loss: 4.6103 - accuracy: 0.3750
1/1 [==============================] - 0s 4ms/step - loss: 4.6103 - accuracy: 0.3750
Epoch 5/25

1/1 [==============================] - ETA: 0s - loss: 4.5728 - accuracy: 0.6250
1/1 [==============================] - 0s 5ms/step - loss: 4.5728 - accuracy: 0.6250
Epoch 6/25

1/1 [==============================] - ETA: 0s - loss: 4.5346 - accuracy: 0.7500
1/1 [==============================] - 0s 5ms/step - loss: 4.5346 - accuracy: 0.7500
Epoch 7/25

1/1 [==============================] - ETA: 0s - loss: 4.4953 - accuracy: 0.8125
1/1 [==============================] - 0s 6ms/step - loss: 4.4953 - accuracy: 0.8125
Epoch 8/25

1/1 [==============================] - ETA: 0s - loss: 4.4550 - accuracy: 0.9375
1/1 [==============================] - 0s 5ms/step - loss: 4.4550 - accuracy: 0.9375
Epoch 9/25

1/1 [==============================] - ETA: 0s - loss: 4.4133 - accuracy: 0.9375
1/1 [==============================] - 0s 5ms/step - loss: 4.4133 - accuracy: 0.9375
Epoch 10/25

1/1 [==============================] - ETA: 0s - loss: 4.3702 - accuracy: 1.0000
1/1 [==============================] - 0s 6ms/step - loss: 4.3702 - accuracy: 1.0000
Epoch 11/25

1/1 [==============================] - ETA: 0s - loss: 4.3255 - accuracy: 1.0000
1/1 [==============================] - 0s 6ms/step - loss: 4.3255 - accuracy: 1.0000
Epoch 12/25

1/1 [==============================] - ETA: 0s - loss: 4.2792 - accuracy: 1.0000
1/1 [==============================] - 0s 5ms/step - loss: 4.2792 - accuracy: 1.0000
Epoch 13/25

1/1 [==============================] - ETA: 0s - loss: 4.2311 - accuracy: 1.0000
1/1 [==============================] - 0s 5ms/step - loss: 4.2311 - accuracy: 1.0000
Epoch 14/25

1/1 [==============================] - ETA: 0s - loss: 4.1812 - accuracy: 1.0000
1/1 [==============================] - 0s 5ms/step - loss: 4.1812 - accuracy: 1.0000
Epoch 15/25

1/1 [==============================] - ETA: 0s - loss: 4.1295 - accuracy: 1.0000
1/1 [==============================] - 0s 4ms/step - loss: 4.1295 - accuracy: 1.0000
Epoch 16/25

1/1 [==============================] - ETA: 0s - loss: 4.0759 - accuracy: 1.0000
1/1 [==============================] - 0s 4ms/step - loss: 4.0759 - accuracy: 1.0000
Epoch 17/25

1/1 [==============================] - ETA: 0s - loss: 4.0204 - accuracy: 1.0000
1/1 [==============================] - 0s 5ms/step - loss: 4.0204 - accuracy: 1.0000
Epoch 18/25

1/1 [==============================] - ETA: 0s - loss: 3.9632 - accuracy: 1.0000
1/1 [==============================] - 0s 4ms/step - loss: 3.9632 - accuracy: 1.0000
Epoch 19/25

1/1 [==============================] - ETA: 0s - loss: 3.9041 - accuracy: 1.0000
1/1 [==============================] - 0s 4ms/step - loss: 3.9041 - accuracy: 1.0000
Epoch 20/25

1/1 [==============================] - ETA: 0s - loss: 3.8433 - accuracy: 1.0000
1/1 [==============================] - 0s 4ms/step - loss: 3.8433 - accuracy: 1.0000
Epoch 21/25

1/1 [==============================] - ETA: 0s - loss: 3.7810 - accuracy: 1.0000
1/1 [==============================] - 0s 5ms/step - loss: 3.7810 - accuracy: 1.0000
Epoch 22/25

1/1 [==============================] - ETA: 0s - loss: 3.7171 - accuracy: 1.0000
1/1 [==============================] - 0s 5ms/step - loss: 3.7171 - accuracy: 1.0000
Epoch 23/25

1/1 [==============================] - ETA: 0s - loss: 3.6518 - accuracy: 1.0000
1/1 [==============================] - 0s 5ms/step - loss: 3.6518 - accuracy: 1.0000
Epoch 24/25

1/1 [==============================] - ETA: 0s - loss: 3.5852 - accuracy: 1.0000
1/1 [==============================] - 0s 5ms/step - loss: 3.5852 - accuracy: 1.0000
Epoch 25/25

1/1 [==============================] - ETA: 0s - loss: 3.5175 - accuracy: 1.0000
1/1 [==============================] - 0s 4ms/step - loss: 3.5175 - accuracy: 1.0000
# node2vec
Epoch 1/25

1/1 [==============================] - ETA: 0s - loss: 4.5706 - accuracy: 0.0625
1/1 [==============================] - 0s 228ms/step - loss: 4.5706 - accuracy: 0.0625
Epoch 2/25

1/1 [==============================] - ETA: 0s - loss: 4.5294 - accuracy: 0.1250
1/1 [==============================] - 0s 4ms/step - loss: 4.5294 - accuracy: 0.1250
Epoch 3/25

1/1 [==============================] - ETA: 0s - loss: 4.4883 - accuracy: 0.1250
1/1 [==============================] - 0s 3ms/step - loss: 4.4883 - accuracy: 0.1250
Epoch 4/25

1/1 [==============================] - ETA: 0s - loss: 4.4473 - accuracy: 0.1250
1/1 [==============================] - 0s 3ms/step - loss: 4.4473 - accuracy: 0.1250
Epoch 5/25

1/1 [==============================] - ETA: 0s - loss: 4.4064 - accuracy: 0.0625
1/1 [==============================] - 0s 3ms/step - loss: 4.4064 - accuracy: 0.0625
Epoch 6/25

1/1 [==============================] - ETA: 0s - loss: 4.3655 - accuracy: 0.1250
1/1 [==============================] - 0s 3ms/step - loss: 4.3655 - accuracy: 0.1250
Epoch 7/25

1/1 [==============================] - ETA: 0s - loss: 4.3248 - accuracy: 0.1250
1/1 [==============================] - 0s 5ms/step - loss: 4.3248 - accuracy: 0.1250
Epoch 8/25

1/1 [==============================] - ETA: 0s - loss: 4.2842 - accuracy: 0.1250
1/1 [==============================] - 0s 4ms/step - loss: 4.2842 - accuracy: 0.1250
Epoch 9/25

1/1 [==============================] - ETA: 0s - loss: 4.2437 - accuracy: 0.1875
1/1 [==============================] - 0s 4ms/step - loss: 4.2437 - accuracy: 0.1875
Epoch 10/25

1/1 [==============================] - ETA: 0s - loss: 4.2033 - accuracy: 0.1875
1/1 [==============================] - 0s 3ms/step - loss: 4.2033 - accuracy: 0.1875
Epoch 11/25

1/1 [==============================] - ETA: 0s - loss: 4.1631 - accuracy: 0.1875
1/1 [==============================] - 0s 3ms/step - loss: 4.1631 - accuracy: 0.1875
Epoch 12/25

1/1 [==============================] - ETA: 0s - loss: 4.1230 - accuracy: 0.2500
1/1 [==============================] - 0s 3ms/step - loss: 4.1230 - accuracy: 0.2500
Epoch 13/25

1/1 [==============================] - ETA: 0s - loss: 4.0830 - accuracy: 0.2500
1/1 [==============================] - 0s 3ms/step - loss: 4.0830 - accuracy: 0.2500
Epoch 14/25

1/1 [==============================] - ETA: 0s - loss: 4.0432 - accuracy: 0.3125
1/1 [==============================] - 0s 3ms/step - loss: 4.0432 - accuracy: 0.3125
Epoch 15/25

1/1 [==============================] - ETA: 0s - loss: 4.0036 - accuracy: 0.4375
1/1 [==============================] - 0s 3ms/step - loss: 4.0036 - accuracy: 0.4375
Epoch 16/25

1/1 [==============================] - ETA: 0s - loss: 3.9641 - accuracy: 0.5625
1/1 [==============================] - 0s 2ms/step - loss: 3.9641 - accuracy: 0.5625
Epoch 17/25

1/1 [==============================] - ETA: 0s - loss: 3.9248 - accuracy: 0.5625
1/1 [==============================] - 0s 4ms/step - loss: 3.9248 - accuracy: 0.5625
Epoch 18/25

1/1 [==============================] - ETA: 0s - loss: 3.8856 - accuracy: 0.5625
1/1 [==============================] - 0s 2ms/step - loss: 3.8856 - accuracy: 0.5625
Epoch 19/25

1/1 [==============================] - ETA: 0s - loss: 3.8466 - accuracy: 0.6250
1/1 [==============================] - 0s 3ms/step - loss: 3.8466 - accuracy: 0.6250
Epoch 20/25

1/1 [==============================] - ETA: 0s - loss: 3.8079 - accuracy: 0.6875
1/1 [==============================] - 0s 4ms/step - loss: 3.8079 - accuracy: 0.6875
Epoch 21/25

1/1 [==============================] - ETA: 0s - loss: 3.7693 - accuracy: 0.6875
1/1 [==============================] - 0s 4ms/step - loss: 3.7693 - accuracy: 0.6875
Epoch 22/25

1/1 [==============================] - ETA: 0s - loss: 3.7309 - accuracy: 0.6875
1/1 [==============================] - 0s 3ms/step - loss: 3.7309 - accuracy: 0.6875
Epoch 23/25

1/1 [==============================] - ETA: 0s - loss: 3.6928 - accuracy: 0.6875
1/1 [==============================] - 0s 3ms/step - loss: 3.6928 - accuracy: 0.6875
Epoch 24/25

1/1 [==============================] - ETA: 0s - loss: 3.6548 - accuracy: 0.7500
1/1 [==============================] - 0s 4ms/step - loss: 3.6548 - accuracy: 0.7500
Epoch 25/25

1/1 [==============================] - ETA: 0s - loss: 3.6171 - accuracy: 0.7500
1/1 [==============================] - 0s 3ms/step - loss: 3.6171 - accuracy: 0.7500
# predict: steps=12
# predict: tnodeembed_metrics
# predict: node2vec_metrics
tnodeembed: {'auc': 0.6765455163876155, 'f1_micro': 0.0, 'f1_macro': 0.0} tNodeEmbed_final_loss=3.5174827575683594 tNodeEmbed_final_accuracy=1.0 
node2vec: {'auc': 0.6372005920133356, 'f1_micro': 0.0, 'f1_macro': 0.0} node2vec_final_loss=3.617128372192383 node2vec_final_accuracy=0.75 
