# load graph
Processing Static file: filename='CollegeMsg_20040723_nodes_25_edges_24_component_0.edges'
# initialize tNodeEmbed for dataset=COLLEGE_NC, test_size=0.2
# load dataset
# fit
# tNodeEmbed steps_per_epoch=1
Epoch 1/25

1/1 [==============================] - ETA: 0s - loss: 4.7405 - accuracy: 0.1250
1/1 [==============================] - 1s 1s/step - loss: 4.7405 - accuracy: 0.1250
Epoch 2/25

1/1 [==============================] - ETA: 0s - loss: 4.7107 - accuracy: 0.0625
1/1 [==============================] - 0s 5ms/step - loss: 4.7107 - accuracy: 0.0625
Epoch 3/25

1/1 [==============================] - ETA: 0s - loss: 4.6807 - accuracy: 0.1250
1/1 [==============================] - 0s 5ms/step - loss: 4.6807 - accuracy: 0.1250
Epoch 4/25

1/1 [==============================] - ETA: 0s - loss: 4.6505 - accuracy: 0.4375
1/1 [==============================] - 0s 6ms/step - loss: 4.6505 - accuracy: 0.4375
Epoch 5/25

1/1 [==============================] - ETA: 0s - loss: 4.6199 - accuracy: 0.6250
1/1 [==============================] - 0s 6ms/step - loss: 4.6199 - accuracy: 0.6250
Epoch 6/25

1/1 [==============================] - ETA: 0s - loss: 4.5887 - accuracy: 0.6875
1/1 [==============================] - 0s 5ms/step - loss: 4.5887 - accuracy: 0.6875
Epoch 7/25

1/1 [==============================] - ETA: 0s - loss: 4.5570 - accuracy: 0.8125
1/1 [==============================] - 0s 7ms/step - loss: 4.5570 - accuracy: 0.8125
Epoch 8/25

1/1 [==============================] - ETA: 0s - loss: 4.5244 - accuracy: 0.8125
1/1 [==============================] - 0s 8ms/step - loss: 4.5244 - accuracy: 0.8125
Epoch 9/25

1/1 [==============================] - ETA: 0s - loss: 4.4908 - accuracy: 0.8750
1/1 [==============================] - 0s 5ms/step - loss: 4.4908 - accuracy: 0.8750
Epoch 10/25

1/1 [==============================] - ETA: 0s - loss: 4.4562 - accuracy: 0.8750
1/1 [==============================] - 0s 7ms/step - loss: 4.4562 - accuracy: 0.8750
Epoch 11/25

1/1 [==============================] - ETA: 0s - loss: 4.4205 - accuracy: 0.8750
1/1 [==============================] - 0s 5ms/step - loss: 4.4205 - accuracy: 0.8750
Epoch 12/25

1/1 [==============================] - ETA: 0s - loss: 4.3834 - accuracy: 0.8750
1/1 [==============================] - 0s 5ms/step - loss: 4.3834 - accuracy: 0.8750
Epoch 13/25

1/1 [==============================] - ETA: 0s - loss: 4.3449 - accuracy: 0.8750
1/1 [==============================] - 0s 4ms/step - loss: 4.3449 - accuracy: 0.8750
Epoch 14/25

1/1 [==============================] - ETA: 0s - loss: 4.3050 - accuracy: 0.8750
1/1 [==============================] - 0s 5ms/step - loss: 4.3050 - accuracy: 0.8750
Epoch 15/25

1/1 [==============================] - ETA: 0s - loss: 4.2634 - accuracy: 0.8750
1/1 [==============================] - 0s 4ms/step - loss: 4.2634 - accuracy: 0.8750
Epoch 16/25

1/1 [==============================] - ETA: 0s - loss: 4.2202 - accuracy: 0.8750
1/1 [==============================] - 0s 4ms/step - loss: 4.2202 - accuracy: 0.8750
Epoch 17/25

1/1 [==============================] - ETA: 0s - loss: 4.1752 - accuracy: 0.8750
1/1 [==============================] - 0s 4ms/step - loss: 4.1752 - accuracy: 0.8750
Epoch 18/25

1/1 [==============================] - ETA: 0s - loss: 4.1284 - accuracy: 0.8750
1/1 [==============================] - 0s 5ms/step - loss: 4.1284 - accuracy: 0.8750
Epoch 19/25

1/1 [==============================] - ETA: 0s - loss: 4.0797 - accuracy: 0.8750
1/1 [==============================] - 0s 5ms/step - loss: 4.0797 - accuracy: 0.8750
Epoch 20/25

1/1 [==============================] - ETA: 0s - loss: 4.0290 - accuracy: 0.8750
1/1 [==============================] - 0s 5ms/step - loss: 4.0290 - accuracy: 0.8750
Epoch 21/25

1/1 [==============================] - ETA: 0s - loss: 3.9763 - accuracy: 0.8750
1/1 [==============================] - 0s 5ms/step - loss: 3.9763 - accuracy: 0.8750
Epoch 22/25

1/1 [==============================] - ETA: 0s - loss: 3.9216 - accuracy: 0.8750
1/1 [==============================] - 0s 5ms/step - loss: 3.9216 - accuracy: 0.8750
Epoch 23/25

1/1 [==============================] - ETA: 0s - loss: 3.8648 - accuracy: 0.8750
1/1 [==============================] - 0s 6ms/step - loss: 3.8648 - accuracy: 0.8750
Epoch 24/25

1/1 [==============================] - ETA: 0s - loss: 3.8059 - accuracy: 0.8750
1/1 [==============================] - 0s 5ms/step - loss: 3.8059 - accuracy: 0.8750
Epoch 25/25

1/1 [==============================] - ETA: 0s - loss: 3.7449 - accuracy: 0.8750
1/1 [==============================] - 0s 6ms/step - loss: 3.7449 - accuracy: 0.8750
# node2vec
Epoch 1/25

1/1 [==============================] - ETA: 0s - loss: 4.7596 - accuracy: 0.1250
1/1 [==============================] - 0s 221ms/step - loss: 4.7596 - accuracy: 0.1250
Epoch 2/25

1/1 [==============================] - ETA: 0s - loss: 4.7263 - accuracy: 0.1250
1/1 [==============================] - 0s 3ms/step - loss: 4.7263 - accuracy: 0.1250
Epoch 3/25

1/1 [==============================] - ETA: 0s - loss: 4.6931 - accuracy: 0.1250
1/1 [==============================] - 0s 4ms/step - loss: 4.6931 - accuracy: 0.1250
Epoch 4/25

1/1 [==============================] - ETA: 0s - loss: 4.6599 - accuracy: 0.1250
1/1 [==============================] - 0s 4ms/step - loss: 4.6599 - accuracy: 0.1250
Epoch 5/25

1/1 [==============================] - ETA: 0s - loss: 4.6268 - accuracy: 0.1250
1/1 [==============================] - 0s 4ms/step - loss: 4.6268 - accuracy: 0.1250
Epoch 6/25

1/1 [==============================] - ETA: 0s - loss: 4.5937 - accuracy: 0.1250
1/1 [==============================] - 0s 3ms/step - loss: 4.5937 - accuracy: 0.1250
Epoch 7/25

1/1 [==============================] - ETA: 0s - loss: 4.5606 - accuracy: 0.1250
1/1 [==============================] - 0s 4ms/step - loss: 4.5606 - accuracy: 0.1250
Epoch 8/25

1/1 [==============================] - ETA: 0s - loss: 4.5276 - accuracy: 0.1250
1/1 [==============================] - 0s 3ms/step - loss: 4.5276 - accuracy: 0.1250
Epoch 9/25

1/1 [==============================] - ETA: 0s - loss: 4.4947 - accuracy: 0.1250
1/1 [==============================] - 0s 4ms/step - loss: 4.4947 - accuracy: 0.1250
Epoch 10/25

1/1 [==============================] - ETA: 0s - loss: 4.4618 - accuracy: 0.1250
1/1 [==============================] - 0s 4ms/step - loss: 4.4618 - accuracy: 0.1250
Epoch 11/25

1/1 [==============================] - ETA: 0s - loss: 4.4290 - accuracy: 0.1250
1/1 [==============================] - 0s 3ms/step - loss: 4.4290 - accuracy: 0.1250
Epoch 12/25

1/1 [==============================] - ETA: 0s - loss: 4.3963 - accuracy: 0.2500
1/1 [==============================] - 0s 3ms/step - loss: 4.3963 - accuracy: 0.2500
Epoch 13/25

1/1 [==============================] - ETA: 0s - loss: 4.3636 - accuracy: 0.2500
1/1 [==============================] - 0s 4ms/step - loss: 4.3636 - accuracy: 0.2500
Epoch 14/25

1/1 [==============================] - ETA: 0s - loss: 4.3310 - accuracy: 0.2500
1/1 [==============================] - 0s 3ms/step - loss: 4.3310 - accuracy: 0.2500
Epoch 15/25

1/1 [==============================] - ETA: 0s - loss: 4.2984 - accuracy: 0.3125
1/1 [==============================] - 0s 4ms/step - loss: 4.2984 - accuracy: 0.3125
Epoch 16/25

1/1 [==============================] - ETA: 0s - loss: 4.2659 - accuracy: 0.3125
1/1 [==============================] - 0s 3ms/step - loss: 4.2659 - accuracy: 0.3125
Epoch 17/25

1/1 [==============================] - ETA: 0s - loss: 4.2335 - accuracy: 0.3750
1/1 [==============================] - 0s 3ms/step - loss: 4.2335 - accuracy: 0.3750
Epoch 18/25

1/1 [==============================] - ETA: 0s - loss: 4.2012 - accuracy: 0.5000
1/1 [==============================] - 0s 3ms/step - loss: 4.2012 - accuracy: 0.5000
Epoch 19/25

1/1 [==============================] - ETA: 0s - loss: 4.1689 - accuracy: 0.5625
1/1 [==============================] - 0s 3ms/step - loss: 4.1689 - accuracy: 0.5625
Epoch 20/25

1/1 [==============================] - ETA: 0s - loss: 4.1368 - accuracy: 0.5625
1/1 [==============================] - 0s 4ms/step - loss: 4.1368 - accuracy: 0.5625
Epoch 21/25

1/1 [==============================] - ETA: 0s - loss: 4.1047 - accuracy: 0.5625
1/1 [==============================] - 0s 4ms/step - loss: 4.1047 - accuracy: 0.5625
Epoch 22/25

1/1 [==============================] - ETA: 0s - loss: 4.0727 - accuracy: 0.6250
1/1 [==============================] - 0s 3ms/step - loss: 4.0727 - accuracy: 0.6250
Epoch 23/25

1/1 [==============================] - ETA: 0s - loss: 4.0407 - accuracy: 0.6250
1/1 [==============================] - 0s 3ms/step - loss: 4.0407 - accuracy: 0.6250
Epoch 24/25

1/1 [==============================] - ETA: 0s - loss: 4.0089 - accuracy: 0.6875
1/1 [==============================] - 0s 4ms/step - loss: 4.0089 - accuracy: 0.6875
Epoch 25/25

1/1 [==============================] - ETA: 0s - loss: 3.9772 - accuracy: 0.6875
1/1 [==============================] - 0s 3ms/step - loss: 3.9772 - accuracy: 0.6875
# predict: steps=12
# predict: tnodeembed_metrics
# predict: node2vec_metrics
tnodeembed: {'auc': 0.6982056664133554, 'f1_micro': 0.0, 'f1_macro': 0.0} tNodeEmbed_final_loss=3.744870662689209 tNodeEmbed_final_accuracy=0.875 
node2vec: {'auc': 0.6145033768048439, 'f1_micro': 0.0, 'f1_macro': 0.0} node2vec_final_loss=3.9771628379821777 node2vec_final_accuracy=0.6875 
