# load graph
Processing Static file: filename='CollegeMsg_20040715_nodes_13_edges_12_component_0.edges'
# initialize tNodeEmbed for dataset=COLLEGE_NC, test_size=0.2
# load dataset
# fit
# tNodeEmbed steps_per_epoch=1
Epoch 1/25

1/1 [==============================] - ETA: 0s - loss: 4.7477 - accuracy: 0.1250
1/1 [==============================] - 1s 1s/step - loss: 4.7477 - accuracy: 0.1250
Epoch 2/25

1/1 [==============================] - ETA: 0s - loss: 4.7168 - accuracy: 0.1250
1/1 [==============================] - 0s 4ms/step - loss: 4.7168 - accuracy: 0.1250
Epoch 3/25

1/1 [==============================] - ETA: 0s - loss: 4.6860 - accuracy: 0.1875
1/1 [==============================] - 0s 4ms/step - loss: 4.6860 - accuracy: 0.1875
Epoch 4/25

1/1 [==============================] - ETA: 0s - loss: 4.6552 - accuracy: 0.2500
1/1 [==============================] - 0s 5ms/step - loss: 4.6552 - accuracy: 0.2500
Epoch 5/25

1/1 [==============================] - ETA: 0s - loss: 4.6243 - accuracy: 0.3125
1/1 [==============================] - 0s 5ms/step - loss: 4.6243 - accuracy: 0.3125
Epoch 6/25

1/1 [==============================] - ETA: 0s - loss: 4.5930 - accuracy: 0.5625
1/1 [==============================] - 0s 5ms/step - loss: 4.5930 - accuracy: 0.5625
Epoch 7/25

1/1 [==============================] - ETA: 0s - loss: 4.5614 - accuracy: 0.8125
1/1 [==============================] - 0s 5ms/step - loss: 4.5614 - accuracy: 0.8125
Epoch 8/25

1/1 [==============================] - ETA: 0s - loss: 4.5291 - accuracy: 0.8125
1/1 [==============================] - 0s 4ms/step - loss: 4.5291 - accuracy: 0.8125
Epoch 9/25

1/1 [==============================] - ETA: 0s - loss: 4.4961 - accuracy: 0.8125
1/1 [==============================] - 0s 4ms/step - loss: 4.4961 - accuracy: 0.8125
Epoch 10/25

1/1 [==============================] - ETA: 0s - loss: 4.4622 - accuracy: 0.8125
1/1 [==============================] - 0s 5ms/step - loss: 4.4622 - accuracy: 0.8125
Epoch 11/25

1/1 [==============================] - ETA: 0s - loss: 4.4272 - accuracy: 0.8125
1/1 [==============================] - 0s 6ms/step - loss: 4.4272 - accuracy: 0.8125
Epoch 12/25

1/1 [==============================] - ETA: 0s - loss: 4.3911 - accuracy: 0.8125
1/1 [==============================] - 0s 5ms/step - loss: 4.3911 - accuracy: 0.8125
Epoch 13/25

1/1 [==============================] - ETA: 0s - loss: 4.3537 - accuracy: 0.8125
1/1 [==============================] - 0s 4ms/step - loss: 4.3537 - accuracy: 0.8125
Epoch 14/25

1/1 [==============================] - ETA: 0s - loss: 4.3149 - accuracy: 0.8750
1/1 [==============================] - 0s 4ms/step - loss: 4.3149 - accuracy: 0.8750
Epoch 15/25

1/1 [==============================] - ETA: 0s - loss: 4.2745 - accuracy: 0.8750
1/1 [==============================] - 0s 5ms/step - loss: 4.2745 - accuracy: 0.8750
Epoch 16/25

1/1 [==============================] - ETA: 0s - loss: 4.2324 - accuracy: 0.8750
1/1 [==============================] - 0s 5ms/step - loss: 4.2324 - accuracy: 0.8750
Epoch 17/25

1/1 [==============================] - ETA: 0s - loss: 4.1886 - accuracy: 0.8750
1/1 [==============================] - 0s 6ms/step - loss: 4.1886 - accuracy: 0.8750
Epoch 18/25

1/1 [==============================] - ETA: 0s - loss: 4.1430 - accuracy: 0.8750
1/1 [==============================] - 0s 6ms/step - loss: 4.1430 - accuracy: 0.8750
Epoch 19/25

1/1 [==============================] - ETA: 0s - loss: 4.0954 - accuracy: 0.8750
1/1 [==============================] - 0s 5ms/step - loss: 4.0954 - accuracy: 0.8750
Epoch 20/25

1/1 [==============================] - ETA: 0s - loss: 4.0457 - accuracy: 0.8750
1/1 [==============================] - 0s 5ms/step - loss: 4.0457 - accuracy: 0.8750
Epoch 21/25

1/1 [==============================] - ETA: 0s - loss: 3.9939 - accuracy: 0.8750
1/1 [==============================] - 0s 4ms/step - loss: 3.9939 - accuracy: 0.8750
Epoch 22/25

1/1 [==============================] - ETA: 0s - loss: 3.9399 - accuracy: 0.8750
1/1 [==============================] - 0s 4ms/step - loss: 3.9399 - accuracy: 0.8750
Epoch 23/25

1/1 [==============================] - ETA: 0s - loss: 3.8837 - accuracy: 0.8750
1/1 [==============================] - 0s 4ms/step - loss: 3.8837 - accuracy: 0.8750
Epoch 24/25

1/1 [==============================] - ETA: 0s - loss: 3.8251 - accuracy: 0.8750
1/1 [==============================] - 0s 5ms/step - loss: 3.8251 - accuracy: 0.8750
Epoch 25/25

1/1 [==============================] - ETA: 0s - loss: 3.7642 - accuracy: 0.8750
1/1 [==============================] - 0s 5ms/step - loss: 3.7642 - accuracy: 0.8750
# node2vec
Epoch 1/25

1/1 [==============================] - ETA: 0s - loss: 4.6640 - accuracy: 0.1250
1/1 [==============================] - 0s 239ms/step - loss: 4.6640 - accuracy: 0.1250
Epoch 2/25

1/1 [==============================] - ETA: 0s - loss: 4.6311 - accuracy: 0.1250
1/1 [==============================] - 0s 3ms/step - loss: 4.6311 - accuracy: 0.1250
Epoch 3/25

1/1 [==============================] - ETA: 0s - loss: 4.5983 - accuracy: 0.1250
1/1 [==============================] - 0s 3ms/step - loss: 4.5983 - accuracy: 0.1250
Epoch 4/25

1/1 [==============================] - ETA: 0s - loss: 4.5655 - accuracy: 0.1250
1/1 [==============================] - 0s 4ms/step - loss: 4.5655 - accuracy: 0.1250
Epoch 5/25

1/1 [==============================] - ETA: 0s - loss: 4.5327 - accuracy: 0.0625
1/1 [==============================] - 0s 3ms/step - loss: 4.5327 - accuracy: 0.0625
Epoch 6/25

1/1 [==============================] - ETA: 0s - loss: 4.5000 - accuracy: 0.0625
1/1 [==============================] - 0s 3ms/step - loss: 4.5000 - accuracy: 0.0625
Epoch 7/25

1/1 [==============================] - ETA: 0s - loss: 4.4674 - accuracy: 0.0625
1/1 [==============================] - 0s 3ms/step - loss: 4.4674 - accuracy: 0.0625
Epoch 8/25

1/1 [==============================] - ETA: 0s - loss: 4.4347 - accuracy: 0.0625
1/1 [==============================] - 0s 4ms/step - loss: 4.4347 - accuracy: 0.0625
Epoch 9/25

1/1 [==============================] - ETA: 0s - loss: 4.4021 - accuracy: 0.0625
1/1 [==============================] - 0s 7ms/step - loss: 4.4021 - accuracy: 0.0625
Epoch 10/25

1/1 [==============================] - ETA: 0s - loss: 4.3696 - accuracy: 0.1250
1/1 [==============================] - 0s 5ms/step - loss: 4.3696 - accuracy: 0.1250
Epoch 11/25

1/1 [==============================] - ETA: 0s - loss: 4.3371 - accuracy: 0.1250
1/1 [==============================] - 0s 5ms/step - loss: 4.3371 - accuracy: 0.1250
Epoch 12/25

1/1 [==============================] - ETA: 0s - loss: 4.3047 - accuracy: 0.1875
1/1 [==============================] - 0s 4ms/step - loss: 4.3047 - accuracy: 0.1875
Epoch 13/25

1/1 [==============================] - ETA: 0s - loss: 4.2723 - accuracy: 0.2500
1/1 [==============================] - 0s 3ms/step - loss: 4.2723 - accuracy: 0.2500
Epoch 14/25

1/1 [==============================] - ETA: 0s - loss: 4.2400 - accuracy: 0.2500
1/1 [==============================] - 0s 4ms/step - loss: 4.2400 - accuracy: 0.2500
Epoch 15/25

1/1 [==============================] - ETA: 0s - loss: 4.2078 - accuracy: 0.2500
1/1 [==============================] - 0s 4ms/step - loss: 4.2078 - accuracy: 0.2500
Epoch 16/25

1/1 [==============================] - ETA: 0s - loss: 4.1756 - accuracy: 0.2500
1/1 [==============================] - 0s 4ms/step - loss: 4.1756 - accuracy: 0.2500
Epoch 17/25

1/1 [==============================] - ETA: 0s - loss: 4.1435 - accuracy: 0.2500
1/1 [==============================] - 0s 2ms/step - loss: 4.1435 - accuracy: 0.2500
Epoch 18/25

1/1 [==============================] - ETA: 0s - loss: 4.1114 - accuracy: 0.3125
1/1 [==============================] - 0s 4ms/step - loss: 4.1114 - accuracy: 0.3125
Epoch 19/25

1/1 [==============================] - ETA: 0s - loss: 4.0794 - accuracy: 0.3750
1/1 [==============================] - 0s 3ms/step - loss: 4.0794 - accuracy: 0.3750
Epoch 20/25

1/1 [==============================] - ETA: 0s - loss: 4.0475 - accuracy: 0.3750
1/1 [==============================] - 0s 3ms/step - loss: 4.0475 - accuracy: 0.3750
Epoch 21/25

1/1 [==============================] - ETA: 0s - loss: 4.0156 - accuracy: 0.3750
1/1 [==============================] - 0s 3ms/step - loss: 4.0156 - accuracy: 0.3750
Epoch 22/25

1/1 [==============================] - ETA: 0s - loss: 3.9838 - accuracy: 0.3750
1/1 [==============================] - 0s 3ms/step - loss: 3.9838 - accuracy: 0.3750
Epoch 23/25

1/1 [==============================] - ETA: 0s - loss: 3.9521 - accuracy: 0.4375
1/1 [==============================] - 0s 3ms/step - loss: 3.9521 - accuracy: 0.4375
Epoch 24/25

1/1 [==============================] - ETA: 0s - loss: 3.9205 - accuracy: 0.4375
1/1 [==============================] - 0s 3ms/step - loss: 3.9205 - accuracy: 0.4375
Epoch 25/25

1/1 [==============================] - ETA: 0s - loss: 3.8890 - accuracy: 0.4375
1/1 [==============================] - 0s 4ms/step - loss: 3.8890 - accuracy: 0.4375
# predict: steps=12
# predict: tnodeembed_metrics
# predict: node2vec_metrics
tnodeembed: {'auc': 0.6938093851886353, 'f1_micro': 0.0, 'f1_macro': 0.0} tNodeEmbed_final_loss=3.764220952987671 tNodeEmbed_final_accuracy=0.875 
node2vec: {'auc': 0.6518414617704017, 'f1_micro': 0.0, 'f1_macro': 0.0} node2vec_final_loss=3.8889873027801514 node2vec_final_accuracy=0.4375 
