# load graph
Processing Static file: filename='CollegeMsg_20040704_nodes_72_edges_79_component_0.edges'
# initialize tNodeEmbed for dataset=COLLEGE_NC, test_size=0.2
# load dataset
# fit
# tNodeEmbed steps_per_epoch=1
Epoch 1/25

1/1 [==============================] - ETA: 0s - loss: 4.7480 - accuracy: 0.0625
1/1 [==============================] - 1s 1s/step - loss: 4.7480 - accuracy: 0.0625
Epoch 2/25

1/1 [==============================] - ETA: 0s - loss: 4.7151 - accuracy: 0.0625
1/1 [==============================] - 0s 4ms/step - loss: 4.7151 - accuracy: 0.0625
Epoch 3/25

1/1 [==============================] - ETA: 0s - loss: 4.6821 - accuracy: 0.1875
1/1 [==============================] - 0s 7ms/step - loss: 4.6821 - accuracy: 0.1875
Epoch 4/25

1/1 [==============================] - ETA: 0s - loss: 4.6491 - accuracy: 0.3750
1/1 [==============================] - 0s 7ms/step - loss: 4.6491 - accuracy: 0.3750
Epoch 5/25

1/1 [==============================] - ETA: 0s - loss: 4.6157 - accuracy: 0.6875
1/1 [==============================] - 0s 5ms/step - loss: 4.6157 - accuracy: 0.6875
Epoch 6/25

1/1 [==============================] - ETA: 0s - loss: 4.5820 - accuracy: 0.8125
1/1 [==============================] - 0s 6ms/step - loss: 4.5820 - accuracy: 0.8125
Epoch 7/25

1/1 [==============================] - ETA: 0s - loss: 4.5476 - accuracy: 0.8125
1/1 [==============================] - 0s 5ms/step - loss: 4.5476 - accuracy: 0.8125
Epoch 8/25

1/1 [==============================] - ETA: 0s - loss: 4.5125 - accuracy: 0.8125
1/1 [==============================] - 0s 4ms/step - loss: 4.5125 - accuracy: 0.8125
Epoch 9/25

1/1 [==============================] - ETA: 0s - loss: 4.4766 - accuracy: 0.8750
1/1 [==============================] - 0s 5ms/step - loss: 4.4766 - accuracy: 0.8750
Epoch 10/25

1/1 [==============================] - ETA: 0s - loss: 4.4396 - accuracy: 0.9375
1/1 [==============================] - 0s 5ms/step - loss: 4.4396 - accuracy: 0.9375
Epoch 11/25

1/1 [==============================] - ETA: 0s - loss: 4.4014 - accuracy: 1.0000
1/1 [==============================] - 0s 5ms/step - loss: 4.4014 - accuracy: 1.0000
Epoch 12/25

1/1 [==============================] - ETA: 0s - loss: 4.3619 - accuracy: 1.0000
1/1 [==============================] - 0s 6ms/step - loss: 4.3619 - accuracy: 1.0000
Epoch 13/25

1/1 [==============================] - ETA: 0s - loss: 4.3210 - accuracy: 1.0000
1/1 [==============================] - 0s 5ms/step - loss: 4.3210 - accuracy: 1.0000
Epoch 14/25

1/1 [==============================] - ETA: 0s - loss: 4.2785 - accuracy: 1.0000
1/1 [==============================] - 0s 4ms/step - loss: 4.2785 - accuracy: 1.0000
Epoch 15/25

1/1 [==============================] - ETA: 0s - loss: 4.2344 - accuracy: 1.0000
1/1 [==============================] - 0s 5ms/step - loss: 4.2344 - accuracy: 1.0000
Epoch 16/25

1/1 [==============================] - ETA: 0s - loss: 4.1884 - accuracy: 1.0000
1/1 [==============================] - 0s 5ms/step - loss: 4.1884 - accuracy: 1.0000
Epoch 17/25

1/1 [==============================] - ETA: 0s - loss: 4.1407 - accuracy: 1.0000
1/1 [==============================] - 0s 5ms/step - loss: 4.1407 - accuracy: 1.0000
Epoch 18/25

1/1 [==============================] - ETA: 0s - loss: 4.0909 - accuracy: 1.0000
1/1 [==============================] - 0s 4ms/step - loss: 4.0909 - accuracy: 1.0000
Epoch 19/25

1/1 [==============================] - ETA: 0s - loss: 4.0391 - accuracy: 1.0000
1/1 [==============================] - 0s 4ms/step - loss: 4.0391 - accuracy: 1.0000
Epoch 20/25

1/1 [==============================] - ETA: 0s - loss: 3.9852 - accuracy: 1.0000
1/1 [==============================] - 0s 5ms/step - loss: 3.9852 - accuracy: 1.0000
Epoch 21/25

1/1 [==============================] - ETA: 0s - loss: 3.9290 - accuracy: 1.0000
1/1 [==============================] - 0s 4ms/step - loss: 3.9290 - accuracy: 1.0000
Epoch 22/25

1/1 [==============================] - ETA: 0s - loss: 3.8707 - accuracy: 1.0000
1/1 [==============================] - 0s 5ms/step - loss: 3.8707 - accuracy: 1.0000
Epoch 23/25

1/1 [==============================] - ETA: 0s - loss: 3.8100 - accuracy: 1.0000
1/1 [==============================] - 0s 4ms/step - loss: 3.8100 - accuracy: 1.0000
Epoch 24/25

1/1 [==============================] - ETA: 0s - loss: 3.7470 - accuracy: 1.0000
1/1 [==============================] - 0s 4ms/step - loss: 3.7470 - accuracy: 1.0000
Epoch 25/25

1/1 [==============================] - ETA: 0s - loss: 3.6817 - accuracy: 1.0000
1/1 [==============================] - 0s 5ms/step - loss: 3.6817 - accuracy: 1.0000
# node2vec
Epoch 1/25

1/1 [==============================] - ETA: 0s - loss: 4.8605 - accuracy: 0.0625
1/1 [==============================] - 0s 239ms/step - loss: 4.8605 - accuracy: 0.0625
Epoch 2/25

1/1 [==============================] - ETA: 0s - loss: 4.8227 - accuracy: 0.0625
1/1 [==============================] - 0s 2ms/step - loss: 4.8227 - accuracy: 0.0625
Epoch 3/25

1/1 [==============================] - ETA: 0s - loss: 4.7849 - accuracy: 0.0625
1/1 [==============================] - 0s 4ms/step - loss: 4.7849 - accuracy: 0.0625
Epoch 4/25

1/1 [==============================] - ETA: 0s - loss: 4.7472 - accuracy: 0.1250
1/1 [==============================] - 0s 3ms/step - loss: 4.7472 - accuracy: 0.1250
Epoch 5/25

1/1 [==============================] - ETA: 0s - loss: 4.7095 - accuracy: 0.1250
1/1 [==============================] - 0s 4ms/step - loss: 4.7095 - accuracy: 0.1250
Epoch 6/25

1/1 [==============================] - ETA: 0s - loss: 4.6719 - accuracy: 0.1250
1/1 [==============================] - 0s 4ms/step - loss: 4.6719 - accuracy: 0.1250
Epoch 7/25

1/1 [==============================] - ETA: 0s - loss: 4.6343 - accuracy: 0.1250
1/1 [==============================] - 0s 3ms/step - loss: 4.6343 - accuracy: 0.1250
Epoch 8/25

1/1 [==============================] - ETA: 0s - loss: 4.5968 - accuracy: 0.1250
1/1 [==============================] - 0s 3ms/step - loss: 4.5968 - accuracy: 0.1250
Epoch 9/25

1/1 [==============================] - ETA: 0s - loss: 4.5593 - accuracy: 0.1250
1/1 [==============================] - 0s 4ms/step - loss: 4.5593 - accuracy: 0.1250
Epoch 10/25

1/1 [==============================] - ETA: 0s - loss: 4.5219 - accuracy: 0.1250
1/1 [==============================] - 0s 2ms/step - loss: 4.5219 - accuracy: 0.1250
Epoch 11/25

1/1 [==============================] - ETA: 0s - loss: 4.4846 - accuracy: 0.1875
1/1 [==============================] - 0s 3ms/step - loss: 4.4846 - accuracy: 0.1875
Epoch 12/25

1/1 [==============================] - ETA: 0s - loss: 4.4473 - accuracy: 0.2500
1/1 [==============================] - 0s 3ms/step - loss: 4.4473 - accuracy: 0.2500
Epoch 13/25

1/1 [==============================] - ETA: 0s - loss: 4.4102 - accuracy: 0.2500
1/1 [==============================] - 0s 4ms/step - loss: 4.4102 - accuracy: 0.2500
Epoch 14/25

1/1 [==============================] - ETA: 0s - loss: 4.3730 - accuracy: 0.2500
1/1 [==============================] - 0s 4ms/step - loss: 4.3730 - accuracy: 0.2500
Epoch 15/25

1/1 [==============================] - ETA: 0s - loss: 4.3360 - accuracy: 0.3125
1/1 [==============================] - 0s 3ms/step - loss: 4.3360 - accuracy: 0.3125
Epoch 16/25

1/1 [==============================] - ETA: 0s - loss: 4.2991 - accuracy: 0.3750
1/1 [==============================] - 0s 3ms/step - loss: 4.2991 - accuracy: 0.3750
Epoch 17/25

1/1 [==============================] - ETA: 0s - loss: 4.2622 - accuracy: 0.3750
1/1 [==============================] - 0s 3ms/step - loss: 4.2622 - accuracy: 0.3750
Epoch 18/25

1/1 [==============================] - ETA: 0s - loss: 4.2254 - accuracy: 0.4375
1/1 [==============================] - 0s 3ms/step - loss: 4.2254 - accuracy: 0.4375
Epoch 19/25

1/1 [==============================] - ETA: 0s - loss: 4.1887 - accuracy: 0.5000
1/1 [==============================] - 0s 3ms/step - loss: 4.1887 - accuracy: 0.5000
Epoch 20/25

1/1 [==============================] - ETA: 0s - loss: 4.1521 - accuracy: 0.5000
1/1 [==============================] - 0s 4ms/step - loss: 4.1521 - accuracy: 0.5000
Epoch 21/25

1/1 [==============================] - ETA: 0s - loss: 4.1156 - accuracy: 0.5625
1/1 [==============================] - 0s 3ms/step - loss: 4.1156 - accuracy: 0.5625
Epoch 22/25

1/1 [==============================] - ETA: 0s - loss: 4.0792 - accuracy: 0.5625
1/1 [==============================] - 0s 5ms/step - loss: 4.0792 - accuracy: 0.5625
Epoch 23/25

1/1 [==============================] - ETA: 0s - loss: 4.0428 - accuracy: 0.5625
1/1 [==============================] - 0s 2ms/step - loss: 4.0428 - accuracy: 0.5625
Epoch 24/25

1/1 [==============================] - ETA: 0s - loss: 4.0066 - accuracy: 0.5625
1/1 [==============================] - 0s 3ms/step - loss: 4.0066 - accuracy: 0.5625
Epoch 25/25

1/1 [==============================] - ETA: 0s - loss: 3.9705 - accuracy: 0.5625
1/1 [==============================] - 0s 2ms/step - loss: 3.9705 - accuracy: 0.5625
# predict: steps=12
# predict: tnodeembed_metrics
# predict: node2vec_metrics
tnodeembed: {'auc': 0.7019680766307944, 'f1_micro': 0.0, 'f1_macro': 0.0} tNodeEmbed_final_loss=3.681692600250244 tNodeEmbed_final_accuracy=1.0 
node2vec: {'auc': 0.5705997658912068, 'f1_micro': 0.0, 'f1_macro': 0.0} node2vec_final_loss=3.9705145359039307 node2vec_final_accuracy=0.5625 
