# load graph
Processing Static file: filename='CollegeMsg_20040921_nodes_9_edges_8_component_0.edges'
# initialize tNodeEmbed for dataset=COLLEGE_NC, test_size=0.2
# load dataset
# fit
# tNodeEmbed steps_per_epoch=1
Epoch 1/25

1/1 [==============================] - ETA: 0s - loss: 4.7237 - accuracy: 0.0000e+00
1/1 [==============================] - 1s 1s/step - loss: 4.7237 - accuracy: 0.0000e+00
Epoch 2/25

1/1 [==============================] - ETA: 0s - loss: 4.6874 - accuracy: 0.0625
1/1 [==============================] - 0s 5ms/step - loss: 4.6874 - accuracy: 0.0625
Epoch 3/25

1/1 [==============================] - ETA: 0s - loss: 4.6509 - accuracy: 0.2500
1/1 [==============================] - 0s 7ms/step - loss: 4.6509 - accuracy: 0.2500
Epoch 4/25

1/1 [==============================] - ETA: 0s - loss: 4.6140 - accuracy: 0.5625
1/1 [==============================] - 0s 6ms/step - loss: 4.6140 - accuracy: 0.5625
Epoch 5/25

1/1 [==============================] - ETA: 0s - loss: 4.5767 - accuracy: 0.7500
1/1 [==============================] - 0s 7ms/step - loss: 4.5767 - accuracy: 0.7500
Epoch 6/25

1/1 [==============================] - ETA: 0s - loss: 4.5386 - accuracy: 0.8750
1/1 [==============================] - 0s 6ms/step - loss: 4.5386 - accuracy: 0.8750
Epoch 7/25

1/1 [==============================] - ETA: 0s - loss: 4.4996 - accuracy: 0.9375
1/1 [==============================] - 0s 7ms/step - loss: 4.4996 - accuracy: 0.9375
Epoch 8/25

1/1 [==============================] - ETA: 0s - loss: 4.4596 - accuracy: 0.9375
1/1 [==============================] - 0s 6ms/step - loss: 4.4596 - accuracy: 0.9375
Epoch 9/25

1/1 [==============================] - ETA: 0s - loss: 4.4184 - accuracy: 0.9375
1/1 [==============================] - 0s 6ms/step - loss: 4.4184 - accuracy: 0.9375
Epoch 10/25

1/1 [==============================] - ETA: 0s - loss: 4.3758 - accuracy: 0.9375
1/1 [==============================] - 0s 6ms/step - loss: 4.3758 - accuracy: 0.9375
Epoch 11/25

1/1 [==============================] - ETA: 0s - loss: 4.3316 - accuracy: 0.9375
1/1 [==============================] - 0s 6ms/step - loss: 4.3316 - accuracy: 0.9375
Epoch 12/25

1/1 [==============================] - ETA: 0s - loss: 4.2857 - accuracy: 0.9375
1/1 [==============================] - 0s 6ms/step - loss: 4.2857 - accuracy: 0.9375
Epoch 13/25

1/1 [==============================] - ETA: 0s - loss: 4.2380 - accuracy: 0.9375
1/1 [==============================] - 0s 7ms/step - loss: 4.2380 - accuracy: 0.9375
Epoch 14/25

1/1 [==============================] - ETA: 0s - loss: 4.1882 - accuracy: 0.9375
1/1 [==============================] - 0s 6ms/step - loss: 4.1882 - accuracy: 0.9375
Epoch 15/25

1/1 [==============================] - ETA: 0s - loss: 4.1363 - accuracy: 0.9375
1/1 [==============================] - 0s 6ms/step - loss: 4.1363 - accuracy: 0.9375
Epoch 16/25

1/1 [==============================] - ETA: 0s - loss: 4.0822 - accuracy: 0.9375
1/1 [==============================] - 0s 6ms/step - loss: 4.0822 - accuracy: 0.9375
Epoch 17/25

1/1 [==============================] - ETA: 0s - loss: 4.0256 - accuracy: 0.9375
1/1 [==============================] - 0s 6ms/step - loss: 4.0256 - accuracy: 0.9375
Epoch 18/25

1/1 [==============================] - ETA: 0s - loss: 3.9666 - accuracy: 0.9375
1/1 [==============================] - 0s 5ms/step - loss: 3.9666 - accuracy: 0.9375
Epoch 19/25

1/1 [==============================] - ETA: 0s - loss: 3.9050 - accuracy: 0.9375
1/1 [==============================] - 0s 6ms/step - loss: 3.9050 - accuracy: 0.9375
Epoch 20/25

1/1 [==============================] - ETA: 0s - loss: 3.8407 - accuracy: 0.9375
1/1 [==============================] - 0s 6ms/step - loss: 3.8407 - accuracy: 0.9375
Epoch 21/25

1/1 [==============================] - ETA: 0s - loss: 3.7736 - accuracy: 0.9375
1/1 [==============================] - 0s 5ms/step - loss: 3.7736 - accuracy: 0.9375
Epoch 22/25

1/1 [==============================] - ETA: 0s - loss: 3.7037 - accuracy: 0.9375
1/1 [==============================] - 0s 6ms/step - loss: 3.7037 - accuracy: 0.9375
Epoch 23/25

1/1 [==============================] - ETA: 0s - loss: 3.6310 - accuracy: 0.9375
1/1 [==============================] - 0s 6ms/step - loss: 3.6310 - accuracy: 0.9375
Epoch 24/25

1/1 [==============================] - ETA: 0s - loss: 3.5553 - accuracy: 0.9375
1/1 [==============================] - 0s 6ms/step - loss: 3.5553 - accuracy: 0.9375
Epoch 25/25

1/1 [==============================] - ETA: 0s - loss: 3.4766 - accuracy: 0.9375
1/1 [==============================] - 0s 6ms/step - loss: 3.4766 - accuracy: 0.9375
# node2vec
Epoch 1/25

1/1 [==============================] - ETA: 0s - loss: 4.8136 - accuracy: 0.0000e+00
1/1 [==============================] - 0s 200ms/step - loss: 4.8136 - accuracy: 0.0000e+00
Epoch 2/25

1/1 [==============================] - ETA: 0s - loss: 4.7759 - accuracy: 0.0000e+00
1/1 [==============================] - 0s 2ms/step - loss: 4.7759 - accuracy: 0.0000e+00
Epoch 3/25

1/1 [==============================] - ETA: 0s - loss: 4.7382 - accuracy: 0.0000e+00
1/1 [==============================] - 0s 2ms/step - loss: 4.7382 - accuracy: 0.0000e+00
Epoch 4/25

1/1 [==============================] - ETA: 0s - loss: 4.7006 - accuracy: 0.0000e+00
1/1 [==============================] - 0s 3ms/step - loss: 4.7006 - accuracy: 0.0000e+00
Epoch 5/25

1/1 [==============================] - ETA: 0s - loss: 4.6631 - accuracy: 0.0000e+00
1/1 [==============================] - 0s 2ms/step - loss: 4.6631 - accuracy: 0.0000e+00
Epoch 6/25

1/1 [==============================] - ETA: 0s - loss: 4.6256 - accuracy: 0.0000e+00
1/1 [==============================] - 0s 3ms/step - loss: 4.6256 - accuracy: 0.0000e+00
Epoch 7/25

1/1 [==============================] - ETA: 0s - loss: 4.5881 - accuracy: 0.0000e+00
1/1 [==============================] - 0s 3ms/step - loss: 4.5881 - accuracy: 0.0000e+00
Epoch 8/25

1/1 [==============================] - ETA: 0s - loss: 4.5507 - accuracy: 0.0000e+00
1/1 [==============================] - 0s 2ms/step - loss: 4.5507 - accuracy: 0.0000e+00
Epoch 9/25

1/1 [==============================] - ETA: 0s - loss: 4.5133 - accuracy: 0.0000e+00
1/1 [==============================] - 0s 3ms/step - loss: 4.5133 - accuracy: 0.0000e+00
Epoch 10/25

1/1 [==============================] - ETA: 0s - loss: 4.4760 - accuracy: 0.0000e+00
1/1 [==============================] - 0s 4ms/step - loss: 4.4760 - accuracy: 0.0000e+00
Epoch 11/25

1/1 [==============================] - ETA: 0s - loss: 4.4387 - accuracy: 0.0625
1/1 [==============================] - 0s 4ms/step - loss: 4.4387 - accuracy: 0.0625
Epoch 12/25

1/1 [==============================] - ETA: 0s - loss: 4.4015 - accuracy: 0.0625
1/1 [==============================] - 0s 4ms/step - loss: 4.4015 - accuracy: 0.0625
Epoch 13/25

1/1 [==============================] - ETA: 0s - loss: 4.3643 - accuracy: 0.0625
1/1 [==============================] - 0s 4ms/step - loss: 4.3643 - accuracy: 0.0625
Epoch 14/25

1/1 [==============================] - ETA: 0s - loss: 4.3272 - accuracy: 0.1250
1/1 [==============================] - 0s 3ms/step - loss: 4.3272 - accuracy: 0.1250
Epoch 15/25

1/1 [==============================] - ETA: 0s - loss: 4.2902 - accuracy: 0.1875
1/1 [==============================] - 0s 4ms/step - loss: 4.2902 - accuracy: 0.1875
Epoch 16/25

1/1 [==============================] - ETA: 0s - loss: 4.2532 - accuracy: 0.1875
1/1 [==============================] - 0s 3ms/step - loss: 4.2532 - accuracy: 0.1875
Epoch 17/25

1/1 [==============================] - ETA: 0s - loss: 4.2164 - accuracy: 0.2500
1/1 [==============================] - 0s 3ms/step - loss: 4.2164 - accuracy: 0.2500
Epoch 18/25

1/1 [==============================] - ETA: 0s - loss: 4.1795 - accuracy: 0.3750
1/1 [==============================] - 0s 3ms/step - loss: 4.1795 - accuracy: 0.3750
Epoch 19/25

1/1 [==============================] - ETA: 0s - loss: 4.1428 - accuracy: 0.3750
1/1 [==============================] - 0s 5ms/step - loss: 4.1428 - accuracy: 0.3750
Epoch 20/25

1/1 [==============================] - ETA: 0s - loss: 4.1061 - accuracy: 0.4375
1/1 [==============================] - 0s 3ms/step - loss: 4.1061 - accuracy: 0.4375
Epoch 21/25

1/1 [==============================] - ETA: 0s - loss: 4.0695 - accuracy: 0.4375
1/1 [==============================] - 0s 4ms/step - loss: 4.0695 - accuracy: 0.4375
Epoch 22/25

1/1 [==============================] - ETA: 0s - loss: 4.0330 - accuracy: 0.4375
1/1 [==============================] - 0s 3ms/step - loss: 4.0330 - accuracy: 0.4375
Epoch 23/25

1/1 [==============================] - ETA: 0s - loss: 3.9965 - accuracy: 0.4375
1/1 [==============================] - 0s 4ms/step - loss: 3.9965 - accuracy: 0.4375
Epoch 24/25

1/1 [==============================] - ETA: 0s - loss: 3.9602 - accuracy: 0.4375
1/1 [==============================] - 0s 4ms/step - loss: 3.9602 - accuracy: 0.4375
Epoch 25/25

1/1 [==============================] - ETA: 0s - loss: 3.9239 - accuracy: 0.4375
1/1 [==============================] - 0s 5ms/step - loss: 3.9239 - accuracy: 0.4375
# predict: steps=12
# predict: tnodeembed_metrics
# predict: node2vec_metrics
tnodeembed: {'auc': 0.7169069141764517, 'f1_micro': 0.0, 'f1_macro': 0.0} tNodeEmbed_final_loss=3.476640224456787 tNodeEmbed_final_accuracy=0.9375 
node2vec: {'auc': 0.6558525972593336, 'f1_micro': 0.0, 'f1_macro': 0.0} node2vec_final_loss=3.92392897605896 node2vec_final_accuracy=0.4375 
