# load graph
Processing Static file: filename='CollegeMsg_20040930_nodes_10_edges_9_component_0.edges'
# initialize tNodeEmbed for dataset=COLLEGE_NC, test_size=0.2
# load dataset
# fit
# tNodeEmbed steps_per_epoch=1
Epoch 1/25

1/1 [==============================] - ETA: 0s - loss: 4.7445 - accuracy: 0.0000e+00
1/1 [==============================] - 1s 1s/step - loss: 4.7445 - accuracy: 0.0000e+00
Epoch 2/25

1/1 [==============================] - ETA: 0s - loss: 4.7113 - accuracy: 0.0000e+00
1/1 [==============================] - 0s 4ms/step - loss: 4.7113 - accuracy: 0.0000e+00
Epoch 3/25

1/1 [==============================] - ETA: 0s - loss: 4.6780 - accuracy: 0.1250
1/1 [==============================] - 0s 5ms/step - loss: 4.6780 - accuracy: 0.1250
Epoch 4/25

1/1 [==============================] - ETA: 0s - loss: 4.6444 - accuracy: 0.3125
1/1 [==============================] - 0s 5ms/step - loss: 4.6444 - accuracy: 0.3125
Epoch 5/25

1/1 [==============================] - ETA: 0s - loss: 4.6103 - accuracy: 0.6250
1/1 [==============================] - 0s 5ms/step - loss: 4.6103 - accuracy: 0.6250
Epoch 6/25

1/1 [==============================] - ETA: 0s - loss: 4.5756 - accuracy: 0.7500
1/1 [==============================] - 0s 5ms/step - loss: 4.5756 - accuracy: 0.7500
Epoch 7/25

1/1 [==============================] - ETA: 0s - loss: 4.5403 - accuracy: 0.8750
1/1 [==============================] - 0s 5ms/step - loss: 4.5403 - accuracy: 0.8750
Epoch 8/25

1/1 [==============================] - ETA: 0s - loss: 4.5041 - accuracy: 0.8750
1/1 [==============================] - 0s 4ms/step - loss: 4.5041 - accuracy: 0.8750
Epoch 9/25

1/1 [==============================] - ETA: 0s - loss: 4.4668 - accuracy: 0.9375
1/1 [==============================] - 0s 5ms/step - loss: 4.4668 - accuracy: 0.9375
Epoch 10/25

1/1 [==============================] - ETA: 0s - loss: 4.4285 - accuracy: 0.9375
1/1 [==============================] - 0s 5ms/step - loss: 4.4285 - accuracy: 0.9375
Epoch 11/25

1/1 [==============================] - ETA: 0s - loss: 4.3888 - accuracy: 0.9375
1/1 [==============================] - 0s 4ms/step - loss: 4.3888 - accuracy: 0.9375
Epoch 12/25

1/1 [==============================] - ETA: 0s - loss: 4.3478 - accuracy: 0.9375
1/1 [==============================] - 0s 5ms/step - loss: 4.3478 - accuracy: 0.9375
Epoch 13/25

1/1 [==============================] - ETA: 0s - loss: 4.3052 - accuracy: 0.9375
1/1 [==============================] - 0s 4ms/step - loss: 4.3052 - accuracy: 0.9375
Epoch 14/25

1/1 [==============================] - ETA: 0s - loss: 4.2610 - accuracy: 0.9375
1/1 [==============================] - 0s 5ms/step - loss: 4.2610 - accuracy: 0.9375
Epoch 15/25

1/1 [==============================] - ETA: 0s - loss: 4.2150 - accuracy: 0.9375
1/1 [==============================] - 0s 5ms/step - loss: 4.2150 - accuracy: 0.9375
Epoch 16/25

1/1 [==============================] - ETA: 0s - loss: 4.1672 - accuracy: 0.9375
1/1 [==============================] - 0s 4ms/step - loss: 4.1672 - accuracy: 0.9375
Epoch 17/25

1/1 [==============================] - ETA: 0s - loss: 4.1173 - accuracy: 0.9375
1/1 [==============================] - 0s 5ms/step - loss: 4.1173 - accuracy: 0.9375
Epoch 18/25

1/1 [==============================] - ETA: 0s - loss: 4.0654 - accuracy: 0.9375
1/1 [==============================] - 0s 6ms/step - loss: 4.0654 - accuracy: 0.9375
Epoch 19/25

1/1 [==============================] - ETA: 0s - loss: 4.0114 - accuracy: 0.9375
1/1 [==============================] - 0s 8ms/step - loss: 4.0114 - accuracy: 0.9375
Epoch 20/25

1/1 [==============================] - ETA: 0s - loss: 3.9550 - accuracy: 0.9375
1/1 [==============================] - 0s 9ms/step - loss: 3.9550 - accuracy: 0.9375
Epoch 21/25

1/1 [==============================] - ETA: 0s - loss: 3.8964 - accuracy: 0.9375
1/1 [==============================] - 0s 7ms/step - loss: 3.8964 - accuracy: 0.9375
Epoch 22/25

1/1 [==============================] - ETA: 0s - loss: 3.8354 - accuracy: 0.9375
1/1 [==============================] - 0s 7ms/step - loss: 3.8354 - accuracy: 0.9375
Epoch 23/25

1/1 [==============================] - ETA: 0s - loss: 3.7719 - accuracy: 0.9375
1/1 [==============================] - 0s 6ms/step - loss: 3.7719 - accuracy: 0.9375
Epoch 24/25

1/1 [==============================] - ETA: 0s - loss: 3.7059 - accuracy: 0.9375
1/1 [==============================] - 0s 6ms/step - loss: 3.7059 - accuracy: 0.9375
Epoch 25/25

1/1 [==============================] - ETA: 0s - loss: 3.6375 - accuracy: 0.9375
1/1 [==============================] - 0s 6ms/step - loss: 3.6375 - accuracy: 0.9375
# node2vec
Epoch 1/25

1/1 [==============================] - ETA: 0s - loss: 4.8210 - accuracy: 0.0000e+00
1/1 [==============================] - 0s 220ms/step - loss: 4.8210 - accuracy: 0.0000e+00
Epoch 2/25

1/1 [==============================] - ETA: 0s - loss: 4.7841 - accuracy: 0.0000e+00
1/1 [==============================] - 0s 3ms/step - loss: 4.7841 - accuracy: 0.0000e+00
Epoch 3/25

1/1 [==============================] - ETA: 0s - loss: 4.7473 - accuracy: 0.0000e+00
1/1 [==============================] - 0s 5ms/step - loss: 4.7473 - accuracy: 0.0000e+00
Epoch 4/25

1/1 [==============================] - ETA: 0s - loss: 4.7105 - accuracy: 0.0000e+00
1/1 [==============================] - 0s 3ms/step - loss: 4.7105 - accuracy: 0.0000e+00
Epoch 5/25

1/1 [==============================] - ETA: 0s - loss: 4.6737 - accuracy: 0.0000e+00
1/1 [==============================] - 0s 3ms/step - loss: 4.6737 - accuracy: 0.0000e+00
Epoch 6/25

1/1 [==============================] - ETA: 0s - loss: 4.6370 - accuracy: 0.0000e+00
1/1 [==============================] - 0s 4ms/step - loss: 4.6370 - accuracy: 0.0000e+00
Epoch 7/25

1/1 [==============================] - ETA: 0s - loss: 4.6003 - accuracy: 0.0000e+00
1/1 [==============================] - 0s 4ms/step - loss: 4.6003 - accuracy: 0.0000e+00
Epoch 8/25

1/1 [==============================] - ETA: 0s - loss: 4.5637 - accuracy: 0.0000e+00
1/1 [==============================] - 0s 3ms/step - loss: 4.5637 - accuracy: 0.0000e+00
Epoch 9/25

1/1 [==============================] - ETA: 0s - loss: 4.5272 - accuracy: 0.0625
1/1 [==============================] - 0s 3ms/step - loss: 4.5272 - accuracy: 0.0625
Epoch 10/25

1/1 [==============================] - ETA: 0s - loss: 4.4907 - accuracy: 0.0625
1/1 [==============================] - 0s 4ms/step - loss: 4.4907 - accuracy: 0.0625
Epoch 11/25

1/1 [==============================] - ETA: 0s - loss: 4.4543 - accuracy: 0.0625
1/1 [==============================] - 0s 3ms/step - loss: 4.4543 - accuracy: 0.0625
Epoch 12/25

1/1 [==============================] - ETA: 0s - loss: 4.4180 - accuracy: 0.1250
1/1 [==============================] - 0s 3ms/step - loss: 4.4180 - accuracy: 0.1250
Epoch 13/25

1/1 [==============================] - ETA: 0s - loss: 4.3817 - accuracy: 0.1875
1/1 [==============================] - 0s 4ms/step - loss: 4.3817 - accuracy: 0.1875
Epoch 14/25

1/1 [==============================] - ETA: 0s - loss: 4.3455 - accuracy: 0.1875
1/1 [==============================] - 0s 5ms/step - loss: 4.3455 - accuracy: 0.1875
Epoch 15/25

1/1 [==============================] - ETA: 0s - loss: 4.3094 - accuracy: 0.1875
1/1 [==============================] - 0s 4ms/step - loss: 4.3094 - accuracy: 0.1875
Epoch 16/25

1/1 [==============================] - ETA: 0s - loss: 4.2734 - accuracy: 0.1875
1/1 [==============================] - 0s 5ms/step - loss: 4.2734 - accuracy: 0.1875
Epoch 17/25

1/1 [==============================] - ETA: 0s - loss: 4.2374 - accuracy: 0.1875
1/1 [==============================] - 0s 4ms/step - loss: 4.2374 - accuracy: 0.1875
Epoch 18/25

1/1 [==============================] - ETA: 0s - loss: 4.2015 - accuracy: 0.1875
1/1 [==============================] - 0s 3ms/step - loss: 4.2015 - accuracy: 0.1875
Epoch 19/25

1/1 [==============================] - ETA: 0s - loss: 4.1657 - accuracy: 0.1875
1/1 [==============================] - 0s 4ms/step - loss: 4.1657 - accuracy: 0.1875
Epoch 20/25

1/1 [==============================] - ETA: 0s - loss: 4.1300 - accuracy: 0.2500
1/1 [==============================] - 0s 4ms/step - loss: 4.1300 - accuracy: 0.2500
Epoch 21/25

1/1 [==============================] - ETA: 0s - loss: 4.0944 - accuracy: 0.2500
1/1 [==============================] - 0s 4ms/step - loss: 4.0944 - accuracy: 0.2500
Epoch 22/25

1/1 [==============================] - ETA: 0s - loss: 4.0588 - accuracy: 0.3125
1/1 [==============================] - 0s 4ms/step - loss: 4.0588 - accuracy: 0.3125
Epoch 23/25

1/1 [==============================] - ETA: 0s - loss: 4.0234 - accuracy: 0.3750
1/1 [==============================] - 0s 4ms/step - loss: 4.0234 - accuracy: 0.3750
Epoch 24/25

1/1 [==============================] - ETA: 0s - loss: 3.9880 - accuracy: 0.3750
1/1 [==============================] - 0s 4ms/step - loss: 3.9880 - accuracy: 0.3750
Epoch 25/25

1/1 [==============================] - ETA: 0s - loss: 3.9528 - accuracy: 0.3750
1/1 [==============================] - 0s 3ms/step - loss: 3.9528 - accuracy: 0.3750
# predict: steps=12
# predict: tnodeembed_metrics
# predict: node2vec_metrics
tnodeembed: {'auc': 0.6793485095482068, 'f1_micro': 0.0, 'f1_macro': 0.0} tNodeEmbed_final_loss=3.6374526023864746 tNodeEmbed_final_accuracy=0.9375 
node2vec: {'auc': 0.6826182188120511, 'f1_micro': 0.0, 'f1_macro': 0.0} node2vec_final_loss=3.952772617340088 node2vec_final_accuracy=0.375 
