# load graph
Processing Static file: filename='CollegeMsg_20041015_nodes_5_edges_4_component_0.edges'
# initialize tNodeEmbed for dataset=COLLEGE_NC, test_size=0.2
# load dataset
# fit
# tNodeEmbed steps_per_epoch=1
Epoch 1/25

1/1 [==============================] - ETA: 0s - loss: 4.7287 - accuracy: 0.0000e+00
1/1 [==============================] - 1s 988ms/step - loss: 4.7287 - accuracy: 0.0000e+00
Epoch 2/25

1/1 [==============================] - ETA: 0s - loss: 4.6939 - accuracy: 0.0625
1/1 [==============================] - 0s 5ms/step - loss: 4.6939 - accuracy: 0.0625
Epoch 3/25

1/1 [==============================] - ETA: 0s - loss: 4.6589 - accuracy: 0.1875
1/1 [==============================] - 0s 6ms/step - loss: 4.6589 - accuracy: 0.1875
Epoch 4/25

1/1 [==============================] - ETA: 0s - loss: 4.6236 - accuracy: 0.5000
1/1 [==============================] - 0s 5ms/step - loss: 4.6236 - accuracy: 0.5000
Epoch 5/25

1/1 [==============================] - ETA: 0s - loss: 4.5880 - accuracy: 0.6875
1/1 [==============================] - 0s 5ms/step - loss: 4.5880 - accuracy: 0.6875
Epoch 6/25

1/1 [==============================] - ETA: 0s - loss: 4.5518 - accuracy: 0.7500
1/1 [==============================] - 0s 4ms/step - loss: 4.5518 - accuracy: 0.7500
Epoch 7/25

1/1 [==============================] - ETA: 0s - loss: 4.5150 - accuracy: 0.8125
1/1 [==============================] - 0s 5ms/step - loss: 4.5150 - accuracy: 0.8125
Epoch 8/25

1/1 [==============================] - ETA: 0s - loss: 4.4773 - accuracy: 0.8125
1/1 [==============================] - 0s 5ms/step - loss: 4.4773 - accuracy: 0.8125
Epoch 9/25

1/1 [==============================] - ETA: 0s - loss: 4.4386 - accuracy: 0.8125
1/1 [==============================] - 0s 5ms/step - loss: 4.4386 - accuracy: 0.8125
Epoch 10/25

1/1 [==============================] - ETA: 0s - loss: 4.3987 - accuracy: 0.9375
1/1 [==============================] - 0s 5ms/step - loss: 4.3987 - accuracy: 0.9375
Epoch 11/25

1/1 [==============================] - ETA: 0s - loss: 4.3575 - accuracy: 0.9375
1/1 [==============================] - 0s 4ms/step - loss: 4.3575 - accuracy: 0.9375
Epoch 12/25

1/1 [==============================] - ETA: 0s - loss: 4.3149 - accuracy: 0.9375
1/1 [==============================] - 0s 5ms/step - loss: 4.3149 - accuracy: 0.9375
Epoch 13/25

1/1 [==============================] - ETA: 0s - loss: 4.2707 - accuracy: 0.9375
1/1 [==============================] - 0s 5ms/step - loss: 4.2707 - accuracy: 0.9375
Epoch 14/25

1/1 [==============================] - ETA: 0s - loss: 4.2248 - accuracy: 0.9375
1/1 [==============================] - 0s 5ms/step - loss: 4.2248 - accuracy: 0.9375
Epoch 15/25

1/1 [==============================] - ETA: 0s - loss: 4.1771 - accuracy: 0.9375
1/1 [==============================] - 0s 5ms/step - loss: 4.1771 - accuracy: 0.9375
Epoch 16/25

1/1 [==============================] - ETA: 0s - loss: 4.1274 - accuracy: 0.9375
1/1 [==============================] - 0s 5ms/step - loss: 4.1274 - accuracy: 0.9375
Epoch 17/25

1/1 [==============================] - ETA: 0s - loss: 4.0757 - accuracy: 0.9375
1/1 [==============================] - 0s 5ms/step - loss: 4.0757 - accuracy: 0.9375
Epoch 18/25

1/1 [==============================] - ETA: 0s - loss: 4.0219 - accuracy: 0.9375
1/1 [==============================] - 0s 5ms/step - loss: 4.0219 - accuracy: 0.9375
Epoch 19/25

1/1 [==============================] - ETA: 0s - loss: 3.9659 - accuracy: 0.9375
1/1 [==============================] - 0s 4ms/step - loss: 3.9659 - accuracy: 0.9375
Epoch 20/25

1/1 [==============================] - ETA: 0s - loss: 3.9077 - accuracy: 0.9375
1/1 [==============================] - 0s 5ms/step - loss: 3.9077 - accuracy: 0.9375
Epoch 21/25

1/1 [==============================] - ETA: 0s - loss: 3.8471 - accuracy: 0.9375
1/1 [==============================] - 0s 5ms/step - loss: 3.8471 - accuracy: 0.9375
Epoch 22/25

1/1 [==============================] - ETA: 0s - loss: 3.7841 - accuracy: 0.9375
1/1 [==============================] - 0s 4ms/step - loss: 3.7841 - accuracy: 0.9375
Epoch 23/25

1/1 [==============================] - ETA: 0s - loss: 3.7188 - accuracy: 0.9375
1/1 [==============================] - 0s 5ms/step - loss: 3.7188 - accuracy: 0.9375
Epoch 24/25

1/1 [==============================] - ETA: 0s - loss: 3.6510 - accuracy: 0.9375
1/1 [==============================] - 0s 4ms/step - loss: 3.6510 - accuracy: 0.9375
Epoch 25/25

1/1 [==============================] - ETA: 0s - loss: 3.5808 - accuracy: 0.9375
1/1 [==============================] - 0s 5ms/step - loss: 3.5808 - accuracy: 0.9375
# node2vec
Epoch 1/25

1/1 [==============================] - ETA: 0s - loss: 4.7237 - accuracy: 0.0000e+00
1/1 [==============================] - 0s 201ms/step - loss: 4.7237 - accuracy: 0.0000e+00
Epoch 2/25

1/1 [==============================] - ETA: 0s - loss: 4.6851 - accuracy: 0.0000e+00
1/1 [==============================] - 0s 3ms/step - loss: 4.6851 - accuracy: 0.0000e+00
Epoch 3/25

1/1 [==============================] - ETA: 0s - loss: 4.6465 - accuracy: 0.0000e+00
1/1 [==============================] - 0s 2ms/step - loss: 4.6465 - accuracy: 0.0000e+00
Epoch 4/25

1/1 [==============================] - ETA: 0s - loss: 4.6080 - accuracy: 0.0000e+00
1/1 [==============================] - 0s 2ms/step - loss: 4.6080 - accuracy: 0.0000e+00
Epoch 5/25

1/1 [==============================] - ETA: 0s - loss: 4.5695 - accuracy: 0.0625
1/1 [==============================] - 0s 2ms/step - loss: 4.5695 - accuracy: 0.0625
Epoch 6/25

1/1 [==============================] - ETA: 0s - loss: 4.5311 - accuracy: 0.0625
1/1 [==============================] - 0s 3ms/step - loss: 4.5311 - accuracy: 0.0625
Epoch 7/25

1/1 [==============================] - ETA: 0s - loss: 4.4927 - accuracy: 0.0625
1/1 [==============================] - 0s 3ms/step - loss: 4.4927 - accuracy: 0.0625
Epoch 8/25

1/1 [==============================] - ETA: 0s - loss: 4.4545 - accuracy: 0.0625
1/1 [==============================] - 0s 4ms/step - loss: 4.4545 - accuracy: 0.0625
Epoch 9/25

1/1 [==============================] - ETA: 0s - loss: 4.4163 - accuracy: 0.0625
1/1 [==============================] - 0s 3ms/step - loss: 4.4163 - accuracy: 0.0625
Epoch 10/25

1/1 [==============================] - ETA: 0s - loss: 4.3781 - accuracy: 0.1875
1/1 [==============================] - 0s 3ms/step - loss: 4.3781 - accuracy: 0.1875
Epoch 11/25

1/1 [==============================] - ETA: 0s - loss: 4.3401 - accuracy: 0.1875
1/1 [==============================] - 0s 3ms/step - loss: 4.3401 - accuracy: 0.1875
Epoch 12/25

1/1 [==============================] - ETA: 0s - loss: 4.3021 - accuracy: 0.1875
1/1 [==============================] - 0s 3ms/step - loss: 4.3021 - accuracy: 0.1875
Epoch 13/25

1/1 [==============================] - ETA: 0s - loss: 4.2642 - accuracy: 0.3750
1/1 [==============================] - 0s 3ms/step - loss: 4.2642 - accuracy: 0.3750
Epoch 14/25

1/1 [==============================] - ETA: 0s - loss: 4.2263 - accuracy: 0.4375
1/1 [==============================] - 0s 3ms/step - loss: 4.2263 - accuracy: 0.4375
Epoch 15/25

1/1 [==============================] - ETA: 0s - loss: 4.1886 - accuracy: 0.5000
1/1 [==============================] - 0s 3ms/step - loss: 4.1886 - accuracy: 0.5000
Epoch 16/25

1/1 [==============================] - ETA: 0s - loss: 4.1509 - accuracy: 0.5000
1/1 [==============================] - 0s 3ms/step - loss: 4.1509 - accuracy: 0.5000
Epoch 17/25

1/1 [==============================] - ETA: 0s - loss: 4.1134 - accuracy: 0.5000
1/1 [==============================] - 0s 3ms/step - loss: 4.1134 - accuracy: 0.5000
Epoch 18/25

1/1 [==============================] - ETA: 0s - loss: 4.0759 - accuracy: 0.5000
1/1 [==============================] - 0s 3ms/step - loss: 4.0759 - accuracy: 0.5000
Epoch 19/25

1/1 [==============================] - ETA: 0s - loss: 4.0385 - accuracy: 0.5000
1/1 [==============================] - 0s 3ms/step - loss: 4.0385 - accuracy: 0.5000
Epoch 20/25

1/1 [==============================] - ETA: 0s - loss: 4.0012 - accuracy: 0.5000
1/1 [==============================] - 0s 3ms/step - loss: 4.0012 - accuracy: 0.5000
Epoch 21/25

1/1 [==============================] - ETA: 0s - loss: 3.9641 - accuracy: 0.5000
1/1 [==============================] - 0s 3ms/step - loss: 3.9641 - accuracy: 0.5000
Epoch 22/25

1/1 [==============================] - ETA: 0s - loss: 3.9270 - accuracy: 0.5000
1/1 [==============================] - 0s 3ms/step - loss: 3.9270 - accuracy: 0.5000
Epoch 23/25

1/1 [==============================] - ETA: 0s - loss: 3.8900 - accuracy: 0.5000
1/1 [==============================] - 0s 2ms/step - loss: 3.8900 - accuracy: 0.5000
Epoch 24/25

1/1 [==============================] - ETA: 0s - loss: 3.8532 - accuracy: 0.5000
1/1 [==============================] - 0s 3ms/step - loss: 3.8532 - accuracy: 0.5000
Epoch 25/25

1/1 [==============================] - ETA: 0s - loss: 3.8164 - accuracy: 0.5625
1/1 [==============================] - 0s 2ms/step - loss: 3.8164 - accuracy: 0.5625
# predict: steps=12
# predict: tnodeembed_metrics
# predict: node2vec_metrics
tnodeembed: {'auc': 0.7546641887088471, 'f1_micro': 0.0, 'f1_macro': 0.0} tNodeEmbed_final_loss=3.580803155899048 tNodeEmbed_final_accuracy=0.9375 
node2vec: {'auc': 0.6713504767974898, 'f1_micro': 0.0, 'f1_macro': 0.0} node2vec_final_loss=3.816406726837158 node2vec_final_accuracy=0.5625 
