# load graph
Processing Static file: filename='CollegeMsg_20040711_nodes_25_edges_25_component_0.edges'
# initialize tNodeEmbed for dataset=COLLEGE_NC, test_size=0.2
# load dataset
# fit
# tNodeEmbed steps_per_epoch=1
Epoch 1/25

1/1 [==============================] - ETA: 0s - loss: 4.7380 - accuracy: 0.0000e+00
1/1 [==============================] - 2s 2s/step - loss: 4.7380 - accuracy: 0.0000e+00
Epoch 2/25

1/1 [==============================] - ETA: 0s - loss: 4.7073 - accuracy: 0.0625
1/1 [==============================] - 0s 5ms/step - loss: 4.7073 - accuracy: 0.0625
Epoch 3/25

1/1 [==============================] - ETA: 0s - loss: 4.6765 - accuracy: 0.2500
1/1 [==============================] - 0s 7ms/step - loss: 4.6765 - accuracy: 0.2500
Epoch 4/25

1/1 [==============================] - ETA: 0s - loss: 4.6455 - accuracy: 0.4375
1/1 [==============================] - 0s 6ms/step - loss: 4.6455 - accuracy: 0.4375
Epoch 5/25

1/1 [==============================] - ETA: 0s - loss: 4.6142 - accuracy: 0.6250
1/1 [==============================] - 0s 6ms/step - loss: 4.6142 - accuracy: 0.6250
Epoch 6/25

1/1 [==============================] - ETA: 0s - loss: 4.5826 - accuracy: 0.6875
1/1 [==============================] - 0s 6ms/step - loss: 4.5826 - accuracy: 0.6875
Epoch 7/25

1/1 [==============================] - ETA: 0s - loss: 4.5503 - accuracy: 0.8750
1/1 [==============================] - 0s 7ms/step - loss: 4.5503 - accuracy: 0.8750
Epoch 8/25

1/1 [==============================] - ETA: 0s - loss: 4.5173 - accuracy: 0.9375
1/1 [==============================] - 0s 6ms/step - loss: 4.5173 - accuracy: 0.9375
Epoch 9/25

1/1 [==============================] - ETA: 0s - loss: 4.4835 - accuracy: 0.9375
1/1 [==============================] - 0s 5ms/step - loss: 4.4835 - accuracy: 0.9375
Epoch 10/25

1/1 [==============================] - ETA: 0s - loss: 4.4486 - accuracy: 0.9375
1/1 [==============================] - 0s 6ms/step - loss: 4.4486 - accuracy: 0.9375
Epoch 11/25

1/1 [==============================] - ETA: 0s - loss: 4.4126 - accuracy: 0.9375
1/1 [==============================] - 0s 6ms/step - loss: 4.4126 - accuracy: 0.9375
Epoch 12/25

1/1 [==============================] - ETA: 0s - loss: 4.3753 - accuracy: 0.9375
1/1 [==============================] - 0s 7ms/step - loss: 4.3753 - accuracy: 0.9375
Epoch 13/25

1/1 [==============================] - ETA: 0s - loss: 4.3367 - accuracy: 0.9375
1/1 [==============================] - 0s 6ms/step - loss: 4.3367 - accuracy: 0.9375
Epoch 14/25

1/1 [==============================] - ETA: 0s - loss: 4.2965 - accuracy: 0.9375
1/1 [==============================] - 0s 7ms/step - loss: 4.2965 - accuracy: 0.9375
Epoch 15/25

1/1 [==============================] - ETA: 0s - loss: 4.2547 - accuracy: 1.0000
1/1 [==============================] - 0s 6ms/step - loss: 4.2547 - accuracy: 1.0000
Epoch 16/25

1/1 [==============================] - ETA: 0s - loss: 4.2112 - accuracy: 1.0000
1/1 [==============================] - 0s 8ms/step - loss: 4.2112 - accuracy: 1.0000
Epoch 17/25

1/1 [==============================] - ETA: 0s - loss: 4.1659 - accuracy: 1.0000
1/1 [==============================] - 0s 7ms/step - loss: 4.1659 - accuracy: 1.0000
Epoch 18/25

1/1 [==============================] - ETA: 0s - loss: 4.1186 - accuracy: 1.0000
1/1 [==============================] - 0s 6ms/step - loss: 4.1186 - accuracy: 1.0000
Epoch 19/25

1/1 [==============================] - ETA: 0s - loss: 4.0693 - accuracy: 1.0000
1/1 [==============================] - 0s 6ms/step - loss: 4.0693 - accuracy: 1.0000
Epoch 20/25

1/1 [==============================] - ETA: 0s - loss: 4.0179 - accuracy: 1.0000
1/1 [==============================] - 0s 6ms/step - loss: 4.0179 - accuracy: 1.0000
Epoch 21/25

1/1 [==============================] - ETA: 0s - loss: 3.9644 - accuracy: 1.0000
1/1 [==============================] - 0s 7ms/step - loss: 3.9644 - accuracy: 1.0000
Epoch 22/25

1/1 [==============================] - ETA: 0s - loss: 3.9086 - accuracy: 1.0000
1/1 [==============================] - 0s 6ms/step - loss: 3.9086 - accuracy: 1.0000
Epoch 23/25

1/1 [==============================] - ETA: 0s - loss: 3.8504 - accuracy: 1.0000
1/1 [==============================] - 0s 5ms/step - loss: 3.8504 - accuracy: 1.0000
Epoch 24/25

1/1 [==============================] - ETA: 0s - loss: 3.7900 - accuracy: 1.0000
1/1 [==============================] - 0s 6ms/step - loss: 3.7900 - accuracy: 1.0000
Epoch 25/25

1/1 [==============================] - ETA: 0s - loss: 3.7271 - accuracy: 1.0000
1/1 [==============================] - 0s 6ms/step - loss: 3.7271 - accuracy: 1.0000
# node2vec
Epoch 1/25

1/1 [==============================] - ETA: 0s - loss: 4.8250 - accuracy: 0.0000e+00
1/1 [==============================] - 0s 222ms/step - loss: 4.8250 - accuracy: 0.0000e+00
Epoch 2/25

1/1 [==============================] - ETA: 0s - loss: 4.7893 - accuracy: 0.0000e+00
1/1 [==============================] - 0s 3ms/step - loss: 4.7893 - accuracy: 0.0000e+00
Epoch 3/25

1/1 [==============================] - ETA: 0s - loss: 4.7537 - accuracy: 0.0000e+00
1/1 [==============================] - 0s 4ms/step - loss: 4.7537 - accuracy: 0.0000e+00
Epoch 4/25

1/1 [==============================] - ETA: 0s - loss: 4.7180 - accuracy: 0.0625
1/1 [==============================] - 0s 3ms/step - loss: 4.7180 - accuracy: 0.0625
Epoch 5/25

1/1 [==============================] - ETA: 0s - loss: 4.6825 - accuracy: 0.0625
1/1 [==============================] - 0s 4ms/step - loss: 4.6825 - accuracy: 0.0625
Epoch 6/25

1/1 [==============================] - ETA: 0s - loss: 4.6470 - accuracy: 0.0625
1/1 [==============================] - 0s 4ms/step - loss: 4.6470 - accuracy: 0.0625
Epoch 7/25

1/1 [==============================] - ETA: 0s - loss: 4.6115 - accuracy: 0.0625
1/1 [==============================] - 0s 5ms/step - loss: 4.6115 - accuracy: 0.0625
Epoch 8/25

1/1 [==============================] - ETA: 0s - loss: 4.5761 - accuracy: 0.0625
1/1 [==============================] - 0s 4ms/step - loss: 4.5761 - accuracy: 0.0625
Epoch 9/25

1/1 [==============================] - ETA: 0s - loss: 4.5408 - accuracy: 0.0625
1/1 [==============================] - 0s 4ms/step - loss: 4.5408 - accuracy: 0.0625
Epoch 10/25

1/1 [==============================] - ETA: 0s - loss: 4.5055 - accuracy: 0.1250
1/1 [==============================] - 0s 4ms/step - loss: 4.5055 - accuracy: 0.1250
Epoch 11/25

1/1 [==============================] - ETA: 0s - loss: 4.4702 - accuracy: 0.1250
1/1 [==============================] - 0s 4ms/step - loss: 4.4702 - accuracy: 0.1250
Epoch 12/25

1/1 [==============================] - ETA: 0s - loss: 4.4351 - accuracy: 0.1875
1/1 [==============================] - 0s 5ms/step - loss: 4.4351 - accuracy: 0.1875
Epoch 13/25

1/1 [==============================] - ETA: 0s - loss: 4.4000 - accuracy: 0.1875
1/1 [==============================] - 0s 4ms/step - loss: 4.4000 - accuracy: 0.1875
Epoch 14/25

1/1 [==============================] - ETA: 0s - loss: 4.3649 - accuracy: 0.2500
1/1 [==============================] - 0s 5ms/step - loss: 4.3649 - accuracy: 0.2500
Epoch 15/25

1/1 [==============================] - ETA: 0s - loss: 4.3300 - accuracy: 0.2500
1/1 [==============================] - 0s 4ms/step - loss: 4.3300 - accuracy: 0.2500
Epoch 16/25

1/1 [==============================] - ETA: 0s - loss: 4.2951 - accuracy: 0.2500
1/1 [==============================] - 0s 4ms/step - loss: 4.2951 - accuracy: 0.2500
Epoch 17/25

1/1 [==============================] - ETA: 0s - loss: 4.2603 - accuracy: 0.3750
1/1 [==============================] - 0s 4ms/step - loss: 4.2603 - accuracy: 0.3750
Epoch 18/25

1/1 [==============================] - ETA: 0s - loss: 4.2255 - accuracy: 0.3750
1/1 [==============================] - 0s 3ms/step - loss: 4.2255 - accuracy: 0.3750
Epoch 19/25

1/1 [==============================] - ETA: 0s - loss: 4.1908 - accuracy: 0.3750
1/1 [==============================] - 0s 4ms/step - loss: 4.1908 - accuracy: 0.3750
Epoch 20/25

1/1 [==============================] - ETA: 0s - loss: 4.1563 - accuracy: 0.3750
1/1 [==============================] - 0s 8ms/step - loss: 4.1563 - accuracy: 0.3750
Epoch 21/25

1/1 [==============================] - ETA: 0s - loss: 4.1218 - accuracy: 0.3750
1/1 [==============================] - 0s 6ms/step - loss: 4.1218 - accuracy: 0.3750
Epoch 22/25

1/1 [==============================] - ETA: 0s - loss: 4.0873 - accuracy: 0.3750
1/1 [==============================] - 0s 5ms/step - loss: 4.0873 - accuracy: 0.3750
Epoch 23/25

1/1 [==============================] - ETA: 0s - loss: 4.0530 - accuracy: 0.4375
1/1 [==============================] - 0s 5ms/step - loss: 4.0530 - accuracy: 0.4375
Epoch 24/25

1/1 [==============================] - ETA: 0s - loss: 4.0188 - accuracy: 0.4375
1/1 [==============================] - 0s 4ms/step - loss: 4.0188 - accuracy: 0.4375
Epoch 25/25

1/1 [==============================] - ETA: 0s - loss: 3.9846 - accuracy: 0.5000
1/1 [==============================] - 0s 4ms/step - loss: 3.9846 - accuracy: 0.5000
# predict: steps=12
# predict: tnodeembed_metrics
# predict: node2vec_metrics
tnodeembed: {'auc': 0.677926635697301, 'f1_micro': 0.0, 'f1_macro': 0.0} tNodeEmbed_final_loss=3.727132558822632 tNodeEmbed_final_accuracy=1.0 
node2vec: {'auc': 0.6162988135219278, 'f1_micro': 0.0, 'f1_macro': 0.0} node2vec_final_loss=3.9846303462982178 node2vec_final_accuracy=0.5 
