# load graph
Processing Static file: filename='CollegeMsg_20040914_nodes_38_edges_37_component_0.edges'
# initialize tNodeEmbed for dataset=COLLEGE_NC, test_size=0.2
# load dataset
# fit
# tNodeEmbed steps_per_epoch=1
Epoch 1/25

1/1 [==============================] - ETA: 0s - loss: 4.7307 - accuracy: 0.1250
1/1 [==============================] - 1s 1s/step - loss: 4.7307 - accuracy: 0.1250
Epoch 2/25

1/1 [==============================] - ETA: 0s - loss: 4.7007 - accuracy: 0.1875
1/1 [==============================] - 0s 6ms/step - loss: 4.7007 - accuracy: 0.1875
Epoch 3/25

1/1 [==============================] - ETA: 0s - loss: 4.6706 - accuracy: 0.4375
1/1 [==============================] - 0s 6ms/step - loss: 4.6706 - accuracy: 0.4375
Epoch 4/25

1/1 [==============================] - ETA: 0s - loss: 4.6401 - accuracy: 0.5625
1/1 [==============================] - 0s 8ms/step - loss: 4.6401 - accuracy: 0.5625
Epoch 5/25

1/1 [==============================] - ETA: 0s - loss: 4.6093 - accuracy: 0.6250
1/1 [==============================] - 0s 8ms/step - loss: 4.6093 - accuracy: 0.6250
Epoch 6/25

1/1 [==============================] - ETA: 0s - loss: 4.5780 - accuracy: 0.7500
1/1 [==============================] - 0s 8ms/step - loss: 4.5780 - accuracy: 0.7500
Epoch 7/25

1/1 [==============================] - ETA: 0s - loss: 4.5460 - accuracy: 0.7500
1/1 [==============================] - 0s 7ms/step - loss: 4.5460 - accuracy: 0.7500
Epoch 8/25

1/1 [==============================] - ETA: 0s - loss: 4.5133 - accuracy: 0.8125
1/1 [==============================] - 0s 7ms/step - loss: 4.5133 - accuracy: 0.8125
Epoch 9/25

1/1 [==============================] - ETA: 0s - loss: 4.4797 - accuracy: 0.9375
1/1 [==============================] - 0s 5ms/step - loss: 4.4797 - accuracy: 0.9375
Epoch 10/25

1/1 [==============================] - ETA: 0s - loss: 4.4450 - accuracy: 0.9375
1/1 [==============================] - 0s 5ms/step - loss: 4.4450 - accuracy: 0.9375
Epoch 11/25

1/1 [==============================] - ETA: 0s - loss: 4.4093 - accuracy: 0.9375
1/1 [==============================] - 0s 5ms/step - loss: 4.4093 - accuracy: 0.9375
Epoch 12/25

1/1 [==============================] - ETA: 0s - loss: 4.3723 - accuracy: 0.9375
1/1 [==============================] - 0s 5ms/step - loss: 4.3723 - accuracy: 0.9375
Epoch 13/25

1/1 [==============================] - ETA: 0s - loss: 4.3341 - accuracy: 0.9375
1/1 [==============================] - 0s 6ms/step - loss: 4.3341 - accuracy: 0.9375
Epoch 14/25

1/1 [==============================] - ETA: 0s - loss: 4.2944 - accuracy: 0.9375
1/1 [==============================] - 0s 6ms/step - loss: 4.2944 - accuracy: 0.9375
Epoch 15/25

1/1 [==============================] - ETA: 0s - loss: 4.2532 - accuracy: 0.9375
1/1 [==============================] - 0s 5ms/step - loss: 4.2532 - accuracy: 0.9375
Epoch 16/25

1/1 [==============================] - ETA: 0s - loss: 4.2104 - accuracy: 0.9375
1/1 [==============================] - 0s 6ms/step - loss: 4.2104 - accuracy: 0.9375
Epoch 17/25

1/1 [==============================] - ETA: 0s - loss: 4.1659 - accuracy: 0.9375
1/1 [==============================] - 0s 6ms/step - loss: 4.1659 - accuracy: 0.9375
Epoch 18/25

1/1 [==============================] - ETA: 0s - loss: 4.1197 - accuracy: 0.9375
1/1 [==============================] - 0s 6ms/step - loss: 4.1197 - accuracy: 0.9375
Epoch 19/25

1/1 [==============================] - ETA: 0s - loss: 4.0717 - accuracy: 0.9375
1/1 [==============================] - 0s 6ms/step - loss: 4.0717 - accuracy: 0.9375
Epoch 20/25

1/1 [==============================] - ETA: 0s - loss: 4.0218 - accuracy: 0.9375
1/1 [==============================] - 0s 6ms/step - loss: 4.0218 - accuracy: 0.9375
Epoch 21/25

1/1 [==============================] - ETA: 0s - loss: 3.9699 - accuracy: 0.9375
1/1 [==============================] - 0s 6ms/step - loss: 3.9699 - accuracy: 0.9375
Epoch 22/25

1/1 [==============================] - ETA: 0s - loss: 3.9162 - accuracy: 0.9375
1/1 [==============================] - 0s 7ms/step - loss: 3.9162 - accuracy: 0.9375
Epoch 23/25

1/1 [==============================] - ETA: 0s - loss: 3.8604 - accuracy: 0.9375
1/1 [==============================] - 0s 7ms/step - loss: 3.8604 - accuracy: 0.9375
Epoch 24/25

1/1 [==============================] - ETA: 0s - loss: 3.8025 - accuracy: 0.9375
1/1 [==============================] - 0s 6ms/step - loss: 3.8025 - accuracy: 0.9375
Epoch 25/25

1/1 [==============================] - ETA: 0s - loss: 3.7427 - accuracy: 0.9375
1/1 [==============================] - 0s 5ms/step - loss: 3.7427 - accuracy: 0.9375
# node2vec
Epoch 1/25

1/1 [==============================] - ETA: 0s - loss: 4.7237 - accuracy: 0.1875
1/1 [==============================] - 0s 202ms/step - loss: 4.7237 - accuracy: 0.1875
Epoch 2/25

1/1 [==============================] - ETA: 0s - loss: 4.6895 - accuracy: 0.1875
1/1 [==============================] - 0s 4ms/step - loss: 4.6895 - accuracy: 0.1875
Epoch 3/25

1/1 [==============================] - ETA: 0s - loss: 4.6552 - accuracy: 0.1875
1/1 [==============================] - 0s 2ms/step - loss: 4.6552 - accuracy: 0.1875
Epoch 4/25

1/1 [==============================] - ETA: 0s - loss: 4.6210 - accuracy: 0.1875
1/1 [==============================] - 0s 3ms/step - loss: 4.6210 - accuracy: 0.1875
Epoch 5/25

1/1 [==============================] - ETA: 0s - loss: 4.5869 - accuracy: 0.1875
1/1 [==============================] - 0s 2ms/step - loss: 4.5869 - accuracy: 0.1875
Epoch 6/25

1/1 [==============================] - ETA: 0s - loss: 4.5528 - accuracy: 0.1875
1/1 [==============================] - 0s 3ms/step - loss: 4.5528 - accuracy: 0.1875
Epoch 7/25

1/1 [==============================] - ETA: 0s - loss: 4.5187 - accuracy: 0.1875
1/1 [==============================] - 0s 7ms/step - loss: 4.5187 - accuracy: 0.1875
Epoch 8/25

1/1 [==============================] - ETA: 0s - loss: 4.4847 - accuracy: 0.1875
1/1 [==============================] - 0s 4ms/step - loss: 4.4847 - accuracy: 0.1875
Epoch 9/25

1/1 [==============================] - ETA: 0s - loss: 4.4507 - accuracy: 0.1875
1/1 [==============================] - 0s 5ms/step - loss: 4.4507 - accuracy: 0.1875
Epoch 10/25

1/1 [==============================] - ETA: 0s - loss: 4.4168 - accuracy: 0.2500
1/1 [==============================] - 0s 4ms/step - loss: 4.4168 - accuracy: 0.2500
Epoch 11/25

1/1 [==============================] - ETA: 0s - loss: 4.3830 - accuracy: 0.3125
1/1 [==============================] - 0s 5ms/step - loss: 4.3830 - accuracy: 0.3125
Epoch 12/25

1/1 [==============================] - ETA: 0s - loss: 4.3492 - accuracy: 0.3125
1/1 [==============================] - 0s 3ms/step - loss: 4.3492 - accuracy: 0.3125
Epoch 13/25

1/1 [==============================] - ETA: 0s - loss: 4.3154 - accuracy: 0.3125
1/1 [==============================] - 0s 4ms/step - loss: 4.3154 - accuracy: 0.3125
Epoch 14/25

1/1 [==============================] - ETA: 0s - loss: 4.2818 - accuracy: 0.3125
1/1 [==============================] - 0s 3ms/step - loss: 4.2818 - accuracy: 0.3125
Epoch 15/25

1/1 [==============================] - ETA: 0s - loss: 4.2482 - accuracy: 0.3750
1/1 [==============================] - 0s 4ms/step - loss: 4.2482 - accuracy: 0.3750
Epoch 16/25

1/1 [==============================] - ETA: 0s - loss: 4.2146 - accuracy: 0.4375
1/1 [==============================] - 0s 4ms/step - loss: 4.2146 - accuracy: 0.4375
Epoch 17/25

1/1 [==============================] - ETA: 0s - loss: 4.1811 - accuracy: 0.4375
1/1 [==============================] - 0s 3ms/step - loss: 4.1811 - accuracy: 0.4375
Epoch 18/25

1/1 [==============================] - ETA: 0s - loss: 4.1478 - accuracy: 0.4375
1/1 [==============================] - 0s 3ms/step - loss: 4.1478 - accuracy: 0.4375
Epoch 19/25

1/1 [==============================] - ETA: 0s - loss: 4.1144 - accuracy: 0.5625
1/1 [==============================] - 0s 4ms/step - loss: 4.1144 - accuracy: 0.5625
Epoch 20/25

1/1 [==============================] - ETA: 0s - loss: 4.0812 - accuracy: 0.5625
1/1 [==============================] - 0s 3ms/step - loss: 4.0812 - accuracy: 0.5625
Epoch 21/25

1/1 [==============================] - ETA: 0s - loss: 4.0480 - accuracy: 0.5625
1/1 [==============================] - 0s 3ms/step - loss: 4.0480 - accuracy: 0.5625
Epoch 22/25

1/1 [==============================] - ETA: 0s - loss: 4.0149 - accuracy: 0.6250
1/1 [==============================] - 0s 4ms/step - loss: 4.0149 - accuracy: 0.6250
Epoch 23/25

1/1 [==============================] - ETA: 0s - loss: 3.9819 - accuracy: 0.6250
1/1 [==============================] - 0s 3ms/step - loss: 3.9819 - accuracy: 0.6250
Epoch 24/25

1/1 [==============================] - ETA: 0s - loss: 3.9490 - accuracy: 0.6250
1/1 [==============================] - 0s 4ms/step - loss: 3.9490 - accuracy: 0.6250
Epoch 25/25

1/1 [==============================] - ETA: 0s - loss: 3.9162 - accuracy: 0.7500
1/1 [==============================] - 0s 4ms/step - loss: 3.9162 - accuracy: 0.7500
# predict: steps=12
# predict: tnodeembed_metrics
# predict: node2vec_metrics
tnodeembed: {'auc': 0.7006069055965484, 'f1_micro': 0.0, 'f1_macro': 0.0} tNodeEmbed_final_loss=3.742661476135254 tNodeEmbed_final_accuracy=0.9375 
node2vec: {'auc': 0.6733959870566029, 'f1_micro': 0.0, 'f1_macro': 0.0} node2vec_final_loss=3.9161784648895264 node2vec_final_accuracy=0.75 
