# load graph
Processing Static file: filename='CollegeMsg_20040610_nodes_146_edges_167_component_0.edges'
# initialize tNodeEmbed for dataset=COLLEGE_NC, test_size=0.2
# load dataset
# fit
# tNodeEmbed steps_per_epoch=1
Epoch 1/25

1/1 [==============================] - ETA: 0s - loss: 4.7137 - accuracy: 0.0625
1/1 [==============================] - 1s 1s/step - loss: 4.7137 - accuracy: 0.0625
Epoch 2/25

1/1 [==============================] - ETA: 0s - loss: 4.6812 - accuracy: 0.1875
1/1 [==============================] - 0s 4ms/step - loss: 4.6812 - accuracy: 0.1875
Epoch 3/25

1/1 [==============================] - ETA: 0s - loss: 4.6485 - accuracy: 0.3750
1/1 [==============================] - 0s 4ms/step - loss: 4.6485 - accuracy: 0.3750
Epoch 4/25

1/1 [==============================] - ETA: 0s - loss: 4.6153 - accuracy: 0.5625
1/1 [==============================] - 0s 4ms/step - loss: 4.6153 - accuracy: 0.5625
Epoch 5/25

1/1 [==============================] - ETA: 0s - loss: 4.5815 - accuracy: 0.6875
1/1 [==============================] - 0s 4ms/step - loss: 4.5815 - accuracy: 0.6875
Epoch 6/25

1/1 [==============================] - ETA: 0s - loss: 4.5470 - accuracy: 0.7500
1/1 [==============================] - 0s 4ms/step - loss: 4.5470 - accuracy: 0.7500
Epoch 7/25

1/1 [==============================] - ETA: 0s - loss: 4.5114 - accuracy: 0.8125
1/1 [==============================] - 0s 4ms/step - loss: 4.5114 - accuracy: 0.8125
Epoch 8/25

1/1 [==============================] - ETA: 0s - loss: 4.4748 - accuracy: 0.8125
1/1 [==============================] - 0s 3ms/step - loss: 4.4748 - accuracy: 0.8125
Epoch 9/25

1/1 [==============================] - ETA: 0s - loss: 4.4369 - accuracy: 0.8125
1/1 [==============================] - 0s 5ms/step - loss: 4.4369 - accuracy: 0.8125
Epoch 10/25

1/1 [==============================] - ETA: 0s - loss: 4.3976 - accuracy: 0.8125
1/1 [==============================] - 0s 4ms/step - loss: 4.3976 - accuracy: 0.8125
Epoch 11/25

1/1 [==============================] - ETA: 0s - loss: 4.3568 - accuracy: 0.8125
1/1 [==============================] - 0s 5ms/step - loss: 4.3568 - accuracy: 0.8125
Epoch 12/25

1/1 [==============================] - ETA: 0s - loss: 4.3142 - accuracy: 0.8125
1/1 [==============================] - 0s 3ms/step - loss: 4.3142 - accuracy: 0.8125
Epoch 13/25

1/1 [==============================] - ETA: 0s - loss: 4.2699 - accuracy: 0.8125
1/1 [==============================] - 0s 4ms/step - loss: 4.2699 - accuracy: 0.8125
Epoch 14/25

1/1 [==============================] - ETA: 0s - loss: 4.2237 - accuracy: 0.8125
1/1 [==============================] - 0s 4ms/step - loss: 4.2237 - accuracy: 0.8125
Epoch 15/25

1/1 [==============================] - ETA: 0s - loss: 4.1754 - accuracy: 0.8125
1/1 [==============================] - 0s 4ms/step - loss: 4.1754 - accuracy: 0.8125
Epoch 16/25

1/1 [==============================] - ETA: 0s - loss: 4.1250 - accuracy: 0.8125
1/1 [==============================] - 0s 4ms/step - loss: 4.1250 - accuracy: 0.8125
Epoch 17/25

1/1 [==============================] - ETA: 0s - loss: 4.0724 - accuracy: 0.8125
1/1 [==============================] - 0s 5ms/step - loss: 4.0724 - accuracy: 0.8125
Epoch 18/25

1/1 [==============================] - ETA: 0s - loss: 4.0175 - accuracy: 0.8125
1/1 [==============================] - 0s 4ms/step - loss: 4.0175 - accuracy: 0.8125
Epoch 19/25

1/1 [==============================] - ETA: 0s - loss: 3.9602 - accuracy: 0.7500
1/1 [==============================] - 0s 3ms/step - loss: 3.9602 - accuracy: 0.7500
Epoch 20/25

1/1 [==============================] - ETA: 0s - loss: 3.9004 - accuracy: 0.7500
1/1 [==============================] - 0s 4ms/step - loss: 3.9004 - accuracy: 0.7500
Epoch 21/25

1/1 [==============================] - ETA: 0s - loss: 3.8382 - accuracy: 0.7500
1/1 [==============================] - 0s 4ms/step - loss: 3.8382 - accuracy: 0.7500
Epoch 22/25

1/1 [==============================] - ETA: 0s - loss: 3.7734 - accuracy: 0.7500
1/1 [==============================] - 0s 3ms/step - loss: 3.7734 - accuracy: 0.7500
Epoch 23/25

1/1 [==============================] - ETA: 0s - loss: 3.7060 - accuracy: 0.7500
1/1 [==============================] - 0s 5ms/step - loss: 3.7060 - accuracy: 0.7500
Epoch 24/25

1/1 [==============================] - ETA: 0s - loss: 3.6360 - accuracy: 0.7500
1/1 [==============================] - 0s 4ms/step - loss: 3.6360 - accuracy: 0.7500
Epoch 25/25

1/1 [==============================] - ETA: 0s - loss: 3.5635 - accuracy: 0.7500
1/1 [==============================] - 0s 4ms/step - loss: 3.5635 - accuracy: 0.7500
# node2vec
Epoch 1/25

1/1 [==============================] - ETA: 0s - loss: 4.8647 - accuracy: 0.0000e+00
1/1 [==============================] - 0s 192ms/step - loss: 4.8647 - accuracy: 0.0000e+00
Epoch 2/25

1/1 [==============================] - ETA: 0s - loss: 4.8321 - accuracy: 0.0000e+00
1/1 [==============================] - 0s 3ms/step - loss: 4.8321 - accuracy: 0.0000e+00
Epoch 3/25

1/1 [==============================] - ETA: 0s - loss: 4.7994 - accuracy: 0.0000e+00
1/1 [==============================] - 0s 2ms/step - loss: 4.7994 - accuracy: 0.0000e+00
Epoch 4/25

1/1 [==============================] - ETA: 0s - loss: 4.7668 - accuracy: 0.0000e+00
1/1 [==============================] - 0s 3ms/step - loss: 4.7668 - accuracy: 0.0000e+00
Epoch 5/25

1/1 [==============================] - ETA: 0s - loss: 4.7342 - accuracy: 0.0000e+00
1/1 [==============================] - 0s 3ms/step - loss: 4.7342 - accuracy: 0.0000e+00
Epoch 6/25

1/1 [==============================] - ETA: 0s - loss: 4.7017 - accuracy: 0.0625
1/1 [==============================] - 0s 3ms/step - loss: 4.7017 - accuracy: 0.0625
Epoch 7/25

1/1 [==============================] - ETA: 0s - loss: 4.6692 - accuracy: 0.0625
1/1 [==============================] - 0s 3ms/step - loss: 4.6692 - accuracy: 0.0625
Epoch 8/25

1/1 [==============================] - ETA: 0s - loss: 4.6367 - accuracy: 0.0625
1/1 [==============================] - 0s 3ms/step - loss: 4.6367 - accuracy: 0.0625
Epoch 9/25

1/1 [==============================] - ETA: 0s - loss: 4.6043 - accuracy: 0.0625
1/1 [==============================] - 0s 3ms/step - loss: 4.6043 - accuracy: 0.0625
Epoch 10/25

1/1 [==============================] - ETA: 0s - loss: 4.5720 - accuracy: 0.0625
1/1 [==============================] - 0s 3ms/step - loss: 4.5720 - accuracy: 0.0625
Epoch 11/25

1/1 [==============================] - ETA: 0s - loss: 4.5396 - accuracy: 0.1250
1/1 [==============================] - 0s 3ms/step - loss: 4.5396 - accuracy: 0.1250
Epoch 12/25

1/1 [==============================] - ETA: 0s - loss: 4.5073 - accuracy: 0.1250
1/1 [==============================] - 0s 3ms/step - loss: 4.5073 - accuracy: 0.1250
Epoch 13/25

1/1 [==============================] - ETA: 0s - loss: 4.4751 - accuracy: 0.1875
1/1 [==============================] - 0s 3ms/step - loss: 4.4751 - accuracy: 0.1875
Epoch 14/25

1/1 [==============================] - ETA: 0s - loss: 4.4429 - accuracy: 0.1875
1/1 [==============================] - 0s 3ms/step - loss: 4.4429 - accuracy: 0.1875
Epoch 15/25

1/1 [==============================] - ETA: 0s - loss: 4.4108 - accuracy: 0.1875
1/1 [==============================] - 0s 4ms/step - loss: 4.4108 - accuracy: 0.1875
Epoch 16/25

1/1 [==============================] - ETA: 0s - loss: 4.3787 - accuracy: 0.1875
1/1 [==============================] - 0s 3ms/step - loss: 4.3787 - accuracy: 0.1875
Epoch 17/25

1/1 [==============================] - ETA: 0s - loss: 4.3467 - accuracy: 0.1875
1/1 [==============================] - 0s 3ms/step - loss: 4.3467 - accuracy: 0.1875
Epoch 18/25

1/1 [==============================] - ETA: 0s - loss: 4.3147 - accuracy: 0.1875
1/1 [==============================] - 0s 4ms/step - loss: 4.3147 - accuracy: 0.1875
Epoch 19/25

1/1 [==============================] - ETA: 0s - loss: 4.2828 - accuracy: 0.1875
1/1 [==============================] - 0s 3ms/step - loss: 4.2828 - accuracy: 0.1875
Epoch 20/25

1/1 [==============================] - ETA: 0s - loss: 4.2510 - accuracy: 0.2500
1/1 [==============================] - 0s 3ms/step - loss: 4.2510 - accuracy: 0.2500
Epoch 21/25

1/1 [==============================] - ETA: 0s - loss: 4.2192 - accuracy: 0.3125
1/1 [==============================] - 0s 4ms/step - loss: 4.2192 - accuracy: 0.3125
Epoch 22/25

1/1 [==============================] - ETA: 0s - loss: 4.1875 - accuracy: 0.3125
1/1 [==============================] - 0s 4ms/step - loss: 4.1875 - accuracy: 0.3125
Epoch 23/25

1/1 [==============================] - ETA: 0s - loss: 4.1559 - accuracy: 0.3750
1/1 [==============================] - 0s 4ms/step - loss: 4.1559 - accuracy: 0.3750
Epoch 24/25

1/1 [==============================] - ETA: 0s - loss: 4.1243 - accuracy: 0.3750
1/1 [==============================] - 0s 5ms/step - loss: 4.1243 - accuracy: 0.3750
Epoch 25/25

1/1 [==============================] - ETA: 0s - loss: 4.0928 - accuracy: 0.4375
1/1 [==============================] - 0s 4ms/step - loss: 4.0928 - accuracy: 0.4375
# predict: steps=12
# predict: tnodeembed_metrics
# predict: node2vec_metrics
tnodeembed: {'auc': 0.7139566224597358, 'f1_micro': 0.0, 'f1_macro': 0.0} tNodeEmbed_final_loss=3.5635292530059814 tNodeEmbed_final_accuracy=0.75 
node2vec: {'auc': 0.6110986566322653, 'f1_micro': 0.0, 'f1_macro': 0.0} node2vec_final_loss=4.0927934646606445 node2vec_final_accuracy=0.4375 
