# load graph
Processing Static file: filename='CollegeMsg_20041022_nodes_7_edges_6_component_0.edges'
# initialize tNodeEmbed for dataset=COLLEGE_NC, test_size=0.2
# load dataset
# fit
# tNodeEmbed steps_per_epoch=1
Epoch 1/25

1/1 [==============================] - ETA: 0s - loss: 4.7591 - accuracy: 0.0000e+00
1/1 [==============================] - 1s 939ms/step - loss: 4.7591 - accuracy: 0.0000e+00
Epoch 2/25

1/1 [==============================] - ETA: 0s - loss: 4.7250 - accuracy: 0.0625
1/1 [==============================] - 0s 4ms/step - loss: 4.7250 - accuracy: 0.0625
Epoch 3/25

1/1 [==============================] - ETA: 0s - loss: 4.6909 - accuracy: 0.1250
1/1 [==============================] - 0s 5ms/step - loss: 4.6909 - accuracy: 0.1250
Epoch 4/25

1/1 [==============================] - ETA: 0s - loss: 4.6568 - accuracy: 0.2500
1/1 [==============================] - 0s 4ms/step - loss: 4.6568 - accuracy: 0.2500
Epoch 5/25

1/1 [==============================] - ETA: 0s - loss: 4.6224 - accuracy: 0.3750
1/1 [==============================] - 0s 4ms/step - loss: 4.6224 - accuracy: 0.3750
Epoch 6/25

1/1 [==============================] - ETA: 0s - loss: 4.5877 - accuracy: 0.4375
1/1 [==============================] - 0s 4ms/step - loss: 4.5877 - accuracy: 0.4375
Epoch 7/25

1/1 [==============================] - ETA: 0s - loss: 4.5525 - accuracy: 0.7500
1/1 [==============================] - 0s 4ms/step - loss: 4.5525 - accuracy: 0.7500
Epoch 8/25

1/1 [==============================] - ETA: 0s - loss: 4.5167 - accuracy: 0.7500
1/1 [==============================] - 0s 5ms/step - loss: 4.5167 - accuracy: 0.7500
Epoch 9/25

1/1 [==============================] - ETA: 0s - loss: 4.4801 - accuracy: 0.8750
1/1 [==============================] - 0s 4ms/step - loss: 4.4801 - accuracy: 0.8750
Epoch 10/25

1/1 [==============================] - ETA: 0s - loss: 4.4425 - accuracy: 0.9375
1/1 [==============================] - 0s 4ms/step - loss: 4.4425 - accuracy: 0.9375
Epoch 11/25

1/1 [==============================] - ETA: 0s - loss: 4.4038 - accuracy: 0.9375
1/1 [==============================] - 0s 4ms/step - loss: 4.4038 - accuracy: 0.9375
Epoch 12/25

1/1 [==============================] - ETA: 0s - loss: 4.3640 - accuracy: 1.0000
1/1 [==============================] - 0s 4ms/step - loss: 4.3640 - accuracy: 1.0000
Epoch 13/25

1/1 [==============================] - ETA: 0s - loss: 4.3227 - accuracy: 1.0000
1/1 [==============================] - 0s 5ms/step - loss: 4.3227 - accuracy: 1.0000
Epoch 14/25

1/1 [==============================] - ETA: 0s - loss: 4.2799 - accuracy: 1.0000
1/1 [==============================] - 0s 4ms/step - loss: 4.2799 - accuracy: 1.0000
Epoch 15/25

1/1 [==============================] - ETA: 0s - loss: 4.2355 - accuracy: 1.0000
1/1 [==============================] - 0s 4ms/step - loss: 4.2355 - accuracy: 1.0000
Epoch 16/25

1/1 [==============================] - ETA: 0s - loss: 4.1894 - accuracy: 1.0000
1/1 [==============================] - 0s 4ms/step - loss: 4.1894 - accuracy: 1.0000
Epoch 17/25

1/1 [==============================] - ETA: 0s - loss: 4.1414 - accuracy: 1.0000
1/1 [==============================] - 0s 3ms/step - loss: 4.1414 - accuracy: 1.0000
Epoch 18/25

1/1 [==============================] - ETA: 0s - loss: 4.0915 - accuracy: 1.0000
1/1 [==============================] - 0s 4ms/step - loss: 4.0915 - accuracy: 1.0000
Epoch 19/25

1/1 [==============================] - ETA: 0s - loss: 4.0394 - accuracy: 1.0000
1/1 [==============================] - 0s 4ms/step - loss: 4.0394 - accuracy: 1.0000
Epoch 20/25

1/1 [==============================] - ETA: 0s - loss: 3.9853 - accuracy: 1.0000
1/1 [==============================] - 0s 4ms/step - loss: 3.9853 - accuracy: 1.0000
Epoch 21/25

1/1 [==============================] - ETA: 0s - loss: 3.9289 - accuracy: 1.0000
1/1 [==============================] - 0s 4ms/step - loss: 3.9289 - accuracy: 1.0000
Epoch 22/25

1/1 [==============================] - ETA: 0s - loss: 3.8702 - accuracy: 1.0000
1/1 [==============================] - 0s 4ms/step - loss: 3.8702 - accuracy: 1.0000
Epoch 23/25

1/1 [==============================] - ETA: 0s - loss: 3.8091 - accuracy: 1.0000
1/1 [==============================] - 0s 4ms/step - loss: 3.8091 - accuracy: 1.0000
Epoch 24/25

1/1 [==============================] - ETA: 0s - loss: 3.7456 - accuracy: 1.0000
1/1 [==============================] - 0s 4ms/step - loss: 3.7456 - accuracy: 1.0000
Epoch 25/25

1/1 [==============================] - ETA: 0s - loss: 3.6796 - accuracy: 1.0000
1/1 [==============================] - 0s 5ms/step - loss: 3.6796 - accuracy: 1.0000
# node2vec
Epoch 1/25

1/1 [==============================] - ETA: 0s - loss: 4.6135 - accuracy: 0.0000e+00
1/1 [==============================] - 0s 185ms/step - loss: 4.6135 - accuracy: 0.0000e+00
Epoch 2/25

1/1 [==============================] - ETA: 0s - loss: 4.5757 - accuracy: 0.1250
1/1 [==============================] - 0s 3ms/step - loss: 4.5757 - accuracy: 0.1250
Epoch 3/25

1/1 [==============================] - ETA: 0s - loss: 4.5380 - accuracy: 0.1250
1/1 [==============================] - 0s 3ms/step - loss: 4.5380 - accuracy: 0.1250
Epoch 4/25

1/1 [==============================] - ETA: 0s - loss: 4.5003 - accuracy: 0.1875
1/1 [==============================] - 0s 4ms/step - loss: 4.5003 - accuracy: 0.1875
Epoch 5/25

1/1 [==============================] - ETA: 0s - loss: 4.4627 - accuracy: 0.2500
1/1 [==============================] - 0s 3ms/step - loss: 4.4627 - accuracy: 0.2500
Epoch 6/25

1/1 [==============================] - ETA: 0s - loss: 4.4252 - accuracy: 0.3125
1/1 [==============================] - 0s 9ms/step - loss: 4.4252 - accuracy: 0.3125
Epoch 7/25

1/1 [==============================] - ETA: 0s - loss: 4.3877 - accuracy: 0.3750
1/1 [==============================] - 0s 5ms/step - loss: 4.3877 - accuracy: 0.3750
Epoch 8/25

1/1 [==============================] - ETA: 0s - loss: 4.3503 - accuracy: 0.3750
1/1 [==============================] - 0s 6ms/step - loss: 4.3503 - accuracy: 0.3750
Epoch 9/25

1/1 [==============================] - ETA: 0s - loss: 4.3130 - accuracy: 0.3750
1/1 [==============================] - 0s 4ms/step - loss: 4.3130 - accuracy: 0.3750
Epoch 10/25

1/1 [==============================] - ETA: 0s - loss: 4.2757 - accuracy: 0.3750
1/1 [==============================] - 0s 3ms/step - loss: 4.2757 - accuracy: 0.3750
Epoch 11/25

1/1 [==============================] - ETA: 0s - loss: 4.2385 - accuracy: 0.3750
1/1 [==============================] - 0s 3ms/step - loss: 4.2385 - accuracy: 0.3750
Epoch 12/25

1/1 [==============================] - ETA: 0s - loss: 4.2013 - accuracy: 0.3750
1/1 [==============================] - 0s 3ms/step - loss: 4.2013 - accuracy: 0.3750
Epoch 13/25

1/1 [==============================] - ETA: 0s - loss: 4.1643 - accuracy: 0.3750
1/1 [==============================] - 0s 2ms/step - loss: 4.1643 - accuracy: 0.3750
Epoch 14/25

1/1 [==============================] - ETA: 0s - loss: 4.1273 - accuracy: 0.3750
1/1 [==============================] - 0s 3ms/step - loss: 4.1273 - accuracy: 0.3750
Epoch 15/25

1/1 [==============================] - ETA: 0s - loss: 4.0904 - accuracy: 0.3750
1/1 [==============================] - 0s 2ms/step - loss: 4.0904 - accuracy: 0.3750
Epoch 16/25

1/1 [==============================] - ETA: 0s - loss: 4.0536 - accuracy: 0.5000
1/1 [==============================] - 0s 2ms/step - loss: 4.0536 - accuracy: 0.5000
Epoch 17/25

1/1 [==============================] - ETA: 0s - loss: 4.0169 - accuracy: 0.5000
1/1 [==============================] - 0s 3ms/step - loss: 4.0169 - accuracy: 0.5000
Epoch 18/25

1/1 [==============================] - ETA: 0s - loss: 3.9803 - accuracy: 0.5000
1/1 [==============================] - 0s 2ms/step - loss: 3.9803 - accuracy: 0.5000
Epoch 19/25

1/1 [==============================] - ETA: 0s - loss: 3.9438 - accuracy: 0.5000
1/1 [==============================] - 0s 3ms/step - loss: 3.9438 - accuracy: 0.5000
Epoch 20/25

1/1 [==============================] - ETA: 0s - loss: 3.9074 - accuracy: 0.5625
1/1 [==============================] - 0s 3ms/step - loss: 3.9074 - accuracy: 0.5625
Epoch 21/25

1/1 [==============================] - ETA: 0s - loss: 3.8710 - accuracy: 0.5625
1/1 [==============================] - 0s 3ms/step - loss: 3.8710 - accuracy: 0.5625
Epoch 22/25

1/1 [==============================] - ETA: 0s - loss: 3.8348 - accuracy: 0.5625
1/1 [==============================] - 0s 2ms/step - loss: 3.8348 - accuracy: 0.5625
Epoch 23/25

1/1 [==============================] - ETA: 0s - loss: 3.7987 - accuracy: 0.5625
1/1 [==============================] - 0s 3ms/step - loss: 3.7987 - accuracy: 0.5625
Epoch 24/25

1/1 [==============================] - ETA: 0s - loss: 3.7627 - accuracy: 0.6250
1/1 [==============================] - 0s 4ms/step - loss: 3.7627 - accuracy: 0.6250
Epoch 25/25

1/1 [==============================] - ETA: 0s - loss: 3.7268 - accuracy: 0.6250
1/1 [==============================] - 0s 2ms/step - loss: 3.7268 - accuracy: 0.6250
# predict: steps=12
# predict: tnodeembed_metrics
# predict: node2vec_metrics
tnodeembed: {'auc': 0.7739891035226631, 'f1_micro': 0.0, 'f1_macro': 0.0} tNodeEmbed_final_loss=3.6795902252197266 tNodeEmbed_final_accuracy=1.0 
node2vec: {'auc': 0.7046197877086755, 'f1_micro': 0.0, 'f1_macro': 0.0} node2vec_final_loss=3.726799488067627 node2vec_final_accuracy=0.625 
