# load graph
Processing Static file: filename='CollegeMsg_20040602.csv'
# initialize tNodeEmbed for dataset=COLLEGE, test_size=0.2
# load dataset
# fit
# tNodeEmbed steps_per_epoch=8
Epoch 1/25

1/8 [==>...........................] - ETA: 9s - loss: 0.6973 - accuracy: 0.3438
8/8 [==============================] - 1s 3ms/step - loss: 0.6927 - accuracy: 0.4805
Epoch 2/25

1/8 [==>...........................] - ETA: 0s - loss: 0.6864 - accuracy: 0.5000
8/8 [==============================] - 0s 3ms/step - loss: 0.6779 - accuracy: 0.6147
Epoch 3/25

1/8 [==>...........................] - ETA: 0s - loss: 0.6681 - accuracy: 0.7812
8/8 [==============================] - 0s 4ms/step - loss: 0.6628 - accuracy: 0.8095
Epoch 4/25

1/8 [==>...........................] - ETA: 0s - loss: 0.6398 - accuracy: 0.9062
8/8 [==============================] - 0s 3ms/step - loss: 0.6366 - accuracy: 0.8571
Epoch 5/25

1/8 [==>...........................] - ETA: 0s - loss: 0.6196 - accuracy: 0.9062
8/8 [==============================] - 0s 3ms/step - loss: 0.6073 - accuracy: 0.8528
Epoch 6/25

1/8 [==>...........................] - ETA: 0s - loss: 0.5452 - accuracy: 0.9375
8/8 [==============================] - 0s 3ms/step - loss: 0.5531 - accuracy: 0.8874
Epoch 7/25

1/8 [==>...........................] - ETA: 0s - loss: 0.5409 - accuracy: 0.8438
8/8 [==============================] - 0s 3ms/step - loss: 0.4694 - accuracy: 0.8874
Epoch 8/25

1/8 [==>...........................] - ETA: 0s - loss: 0.4546 - accuracy: 0.8125
8/8 [==============================] - 0s 3ms/step - loss: 0.4001 - accuracy: 0.8961
Epoch 9/25

1/8 [==>...........................] - ETA: 0s - loss: 0.3416 - accuracy: 0.9688
8/8 [==============================] - 0s 3ms/step - loss: 0.3309 - accuracy: 0.9177
Epoch 10/25

1/8 [==>...........................] - ETA: 0s - loss: 0.1974 - accuracy: 1.0000
8/8 [==============================] - 0s 3ms/step - loss: 0.2507 - accuracy: 0.9481
Epoch 11/25

1/8 [==>...........................] - ETA: 0s - loss: 0.1955 - accuracy: 0.9375
8/8 [==============================] - 0s 4ms/step - loss: 0.1958 - accuracy: 0.9654
Epoch 12/25

1/8 [==>...........................] - ETA: 0s - loss: 0.1031 - accuracy: 0.9688
8/8 [==============================] - 0s 3ms/step - loss: 0.1359 - accuracy: 0.9567
Epoch 13/25

1/8 [==>...........................] - ETA: 0s - loss: 0.0617 - accuracy: 1.0000
8/8 [==============================] - 0s 3ms/step - loss: 0.0964 - accuracy: 0.9827
Epoch 14/25

1/8 [==>...........................] - ETA: 0s - loss: 0.0918 - accuracy: 1.0000
8/8 [==============================] - 0s 3ms/step - loss: 0.0721 - accuracy: 0.9870
Epoch 15/25

1/8 [==>...........................] - ETA: 0s - loss: 0.0866 - accuracy: 0.9688
8/8 [==============================] - 0s 3ms/step - loss: 0.0530 - accuracy: 0.9957
Epoch 16/25

1/8 [==>...........................] - ETA: 0s - loss: 0.0509 - accuracy: 1.0000
8/8 [==============================] - 0s 3ms/step - loss: 0.0362 - accuracy: 1.0000
Epoch 17/25

1/8 [==>...........................] - ETA: 0s - loss: 0.0176 - accuracy: 1.0000
8/8 [==============================] - 0s 3ms/step - loss: 0.0319 - accuracy: 1.0000
Epoch 18/25

1/8 [==>...........................] - ETA: 0s - loss: 0.0170 - accuracy: 1.0000
8/8 [==============================] - 0s 3ms/step - loss: 0.0252 - accuracy: 1.0000
Epoch 19/25

1/8 [==>...........................] - ETA: 0s - loss: 0.0148 - accuracy: 1.0000
8/8 [==============================] - 0s 3ms/step - loss: 0.0166 - accuracy: 1.0000
Epoch 20/25

1/8 [==>...........................] - ETA: 0s - loss: 0.0133 - accuracy: 1.0000
8/8 [==============================] - 0s 3ms/step - loss: 0.0194 - accuracy: 1.0000
Epoch 21/25

1/8 [==>...........................] - ETA: 0s - loss: 0.0101 - accuracy: 1.0000
8/8 [==============================] - 0s 3ms/step - loss: 0.0121 - accuracy: 1.0000
Epoch 22/25

1/8 [==>...........................] - ETA: 0s - loss: 0.0081 - accuracy: 1.0000
8/8 [==============================] - 0s 3ms/step - loss: 0.0136 - accuracy: 1.0000
Epoch 23/25

1/8 [==>...........................] - ETA: 0s - loss: 0.0115 - accuracy: 1.0000
8/8 [==============================] - 0s 3ms/step - loss: 0.0108 - accuracy: 1.0000
Epoch 24/25

1/8 [==>...........................] - ETA: 0s - loss: 0.0060 - accuracy: 1.0000
8/8 [==============================] - 0s 3ms/step - loss: 0.0075 - accuracy: 1.0000
Epoch 25/25

1/8 [==>...........................] - ETA: 0s - loss: 0.0160 - accuracy: 1.0000
8/8 [==============================] - 0s 3ms/step - loss: 0.0100 - accuracy: 1.0000
# node2vec
Epoch 1/25

1/8 [==>...........................] - ETA: 2s - loss: 0.7152 - accuracy: 0.3750
8/8 [==============================] - 0s 2ms/step - loss: 0.7071 - accuracy: 0.4806
Epoch 2/25

1/8 [==>...........................] - ETA: 0s - loss: 0.6431 - accuracy: 0.6875
8/8 [==============================] - 0s 1ms/step - loss: 0.6427 - accuracy: 0.6641
Epoch 3/25

1/8 [==>...........................] - ETA: 0s - loss: 0.6113 - accuracy: 0.7188
8/8 [==============================] - 0s 2ms/step - loss: 0.6003 - accuracy: 0.7489
Epoch 4/25

1/8 [==>...........................] - ETA: 0s - loss: 0.6128 - accuracy: 0.7188
8/8 [==============================] - 0s 3ms/step - loss: 0.5519 - accuracy: 0.8268
Epoch 5/25

1/8 [==>...........................] - ETA: 0s - loss: 0.5483 - accuracy: 0.8438
8/8 [==============================] - 0s 2ms/step - loss: 0.5201 - accuracy: 0.8485
Epoch 6/25

1/8 [==>...........................] - ETA: 0s - loss: 0.4814 - accuracy: 0.8750
8/8 [==============================] - 0s 2ms/step - loss: 0.4907 - accuracy: 0.8571
Epoch 7/25

1/8 [==>...........................] - ETA: 0s - loss: 0.4466 - accuracy: 0.8438
8/8 [==============================] - 0s 2ms/step - loss: 0.4485 - accuracy: 0.9048
Epoch 8/25

1/8 [==>...........................] - ETA: 0s - loss: 0.4378 - accuracy: 0.9375
8/8 [==============================] - 0s 2ms/step - loss: 0.4136 - accuracy: 0.9221
Epoch 9/25

1/8 [==>...........................] - ETA: 0s - loss: 0.4331 - accuracy: 0.9062
8/8 [==============================] - 0s 2ms/step - loss: 0.3860 - accuracy: 0.9221
Epoch 10/25

1/8 [==>...........................] - ETA: 0s - loss: 0.3814 - accuracy: 0.9375
8/8 [==============================] - 0s 2ms/step - loss: 0.3502 - accuracy: 0.9524
Epoch 11/25

1/8 [==>...........................] - ETA: 0s - loss: 0.3116 - accuracy: 1.0000
8/8 [==============================] - 0s 2ms/step - loss: 0.3316 - accuracy: 0.9481
Epoch 12/25

1/8 [==>...........................] - ETA: 0s - loss: 0.2768 - accuracy: 0.9688
8/8 [==============================] - 0s 2ms/step - loss: 0.2937 - accuracy: 0.9784
Epoch 13/25

1/8 [==>...........................] - ETA: 0s - loss: 0.3178 - accuracy: 0.9688
8/8 [==============================] - 0s 2ms/step - loss: 0.2689 - accuracy: 0.9784
Epoch 14/25

1/8 [==>...........................] - ETA: 0s - loss: 0.2916 - accuracy: 0.9375
8/8 [==============================] - 0s 2ms/step - loss: 0.2380 - accuracy: 0.9784
Epoch 15/25

1/8 [==>...........................] - ETA: 0s - loss: 0.1838 - accuracy: 1.0000
8/8 [==============================] - 0s 2ms/step - loss: 0.2247 - accuracy: 0.9827
Epoch 16/25

1/8 [==>...........................] - ETA: 0s - loss: 0.2369 - accuracy: 0.9375
8/8 [==============================] - 0s 2ms/step - loss: 0.2044 - accuracy: 0.9784
Epoch 17/25

1/8 [==>...........................] - ETA: 0s - loss: 0.2001 - accuracy: 0.9688
8/8 [==============================] - 0s 2ms/step - loss: 0.1901 - accuracy: 0.9827
Epoch 18/25

1/8 [==>...........................] - ETA: 0s - loss: 0.2356 - accuracy: 0.9375
8/8 [==============================] - 0s 2ms/step - loss: 0.1726 - accuracy: 0.9870
Epoch 19/25

1/8 [==>...........................] - ETA: 0s - loss: 0.1724 - accuracy: 1.0000
8/8 [==============================] - 0s 2ms/step - loss: 0.1507 - accuracy: 0.9913
Epoch 20/25

1/8 [==>...........................] - ETA: 0s - loss: 0.1371 - accuracy: 0.9688
8/8 [==============================] - 0s 2ms/step - loss: 0.1389 - accuracy: 0.9957
Epoch 21/25

1/8 [==>...........................] - ETA: 0s - loss: 0.1158 - accuracy: 1.0000
8/8 [==============================] - 0s 2ms/step - loss: 0.1340 - accuracy: 1.0000
Epoch 22/25

1/8 [==>...........................] - ETA: 0s - loss: 0.1037 - accuracy: 1.0000
8/8 [==============================] - 0s 2ms/step - loss: 0.1123 - accuracy: 1.0000
Epoch 23/25

1/8 [==>...........................] - ETA: 0s - loss: 0.0972 - accuracy: 1.0000
8/8 [==============================] - 0s 2ms/step - loss: 0.1104 - accuracy: 1.0000
Epoch 24/25

1/8 [==>...........................] - ETA: 0s - loss: 0.0889 - accuracy: 1.0000
8/8 [==============================] - 0s 3ms/step - loss: 0.0980 - accuracy: 1.0000
Epoch 25/25

1/8 [==>...........................] - ETA: 0s - loss: 0.1099 - accuracy: 1.0000
8/8 [==============================] - 0s 2ms/step - loss: 0.0968 - accuracy: 1.0000
# predict: steps=102
# predict: tnodeembed_metrics
# predict: node2vec_metrics
tnodeembed: {'auc': 0.5944367100394079, 'f1_micro': 0.5572916666666666, 'f1_macro': 0.5570052129244007} tNodeEmbed_final_loss=0.010037600994110107 tNodeEmbed_final_accuracy=1.0 
node2vec: {'auc': 0.5952704113201653, 'f1_micro': 0.5618872549019608, 'f1_macro': 0.5615389124445573} node2vec_final_loss=0.09684626758098602 node2vec_final_accuracy=1.0 
