# load graph
Processing Static file: filename='CollegeMsg_20040607.csv'
# initialize tNodeEmbed for dataset=COLLEGE, test_size=0.2
# load dataset
# fit
# tNodeEmbed steps_per_epoch=8
Epoch 1/25

1/8 [==>...........................] - ETA: 9s - loss: 0.6936 - accuracy: 0.5312
8/8 [==============================] - 1s 3ms/step - loss: 0.6915 - accuracy: 0.5281
Epoch 2/25

1/8 [==>...........................] - ETA: 0s - loss: 0.7025 - accuracy: 0.3438
8/8 [==============================] - 0s 5ms/step - loss: 0.6844 - accuracy: 0.5541
Epoch 3/25

1/8 [==>...........................] - ETA: 0s - loss: 0.6675 - accuracy: 0.7812
8/8 [==============================] - 0s 3ms/step - loss: 0.6663 - accuracy: 0.7835
Epoch 4/25

1/8 [==>...........................] - ETA: 0s - loss: 0.6569 - accuracy: 0.8125
8/8 [==============================] - 0s 3ms/step - loss: 0.6500 - accuracy: 0.8571
Epoch 5/25

1/8 [==>...........................] - ETA: 0s - loss: 0.6296 - accuracy: 0.8438
8/8 [==============================] - 0s 3ms/step - loss: 0.6206 - accuracy: 0.8485
Epoch 6/25

1/8 [==>...........................] - ETA: 0s - loss: 0.6264 - accuracy: 0.7500
8/8 [==============================] - 0s 3ms/step - loss: 0.5970 - accuracy: 0.7879
Epoch 7/25

1/8 [==>...........................] - ETA: 0s - loss: 0.5293 - accuracy: 0.8438
8/8 [==============================] - 0s 3ms/step - loss: 0.5244 - accuracy: 0.8788
Epoch 8/25

1/8 [==>...........................] - ETA: 0s - loss: 0.4588 - accuracy: 0.8750
8/8 [==============================] - 0s 3ms/step - loss: 0.4467 - accuracy: 0.8874
Epoch 9/25

1/8 [==>...........................] - ETA: 0s - loss: 0.4179 - accuracy: 0.9062
8/8 [==============================] - 0s 3ms/step - loss: 0.3763 - accuracy: 0.8918
Epoch 10/25

1/8 [==>...........................] - ETA: 0s - loss: 0.3055 - accuracy: 0.9688
8/8 [==============================] - 0s 3ms/step - loss: 0.2996 - accuracy: 0.9437
Epoch 11/25

1/8 [==>...........................] - ETA: 0s - loss: 0.2480 - accuracy: 0.9375
8/8 [==============================] - 0s 3ms/step - loss: 0.2194 - accuracy: 0.9567
Epoch 12/25

1/8 [==>...........................] - ETA: 0s - loss: 0.1639 - accuracy: 1.0000
8/8 [==============================] - 0s 3ms/step - loss: 0.1698 - accuracy: 0.9697
Epoch 13/25

1/8 [==>...........................] - ETA: 0s - loss: 0.1115 - accuracy: 0.9688
8/8 [==============================] - 0s 3ms/step - loss: 0.1143 - accuracy: 0.9957
Epoch 14/25

1/8 [==>...........................] - ETA: 0s - loss: 0.0624 - accuracy: 1.0000
8/8 [==============================] - 0s 3ms/step - loss: 0.0741 - accuracy: 0.9957
Epoch 15/25

1/8 [==>...........................] - ETA: 0s - loss: 0.0719 - accuracy: 1.0000
8/8 [==============================] - 0s 3ms/step - loss: 0.0558 - accuracy: 0.9957
Epoch 16/25

1/8 [==>...........................] - ETA: 0s - loss: 0.0281 - accuracy: 1.0000
8/8 [==============================] - 0s 3ms/step - loss: 0.0358 - accuracy: 0.9957
Epoch 17/25

1/8 [==>...........................] - ETA: 0s - loss: 0.0247 - accuracy: 1.0000
8/8 [==============================] - 0s 3ms/step - loss: 0.0308 - accuracy: 0.9957
Epoch 18/25

1/8 [==>...........................] - ETA: 0s - loss: 0.0222 - accuracy: 1.0000
8/8 [==============================] - 0s 3ms/step - loss: 0.0215 - accuracy: 0.9957
Epoch 19/25

1/8 [==>...........................] - ETA: 0s - loss: 0.0122 - accuracy: 1.0000
8/8 [==============================] - 0s 3ms/step - loss: 0.0180 - accuracy: 0.9957
Epoch 20/25

1/8 [==>...........................] - ETA: 0s - loss: 0.0080 - accuracy: 1.0000
8/8 [==============================] - 0s 3ms/step - loss: 0.0149 - accuracy: 0.9957
Epoch 21/25

1/8 [==>...........................] - ETA: 0s - loss: 0.0409 - accuracy: 0.9688
8/8 [==============================] - 0s 3ms/step - loss: 0.0164 - accuracy: 0.9913
Epoch 22/25

1/8 [==>...........................] - ETA: 0s - loss: 0.0087 - accuracy: 1.0000
8/8 [==============================] - 0s 3ms/step - loss: 0.0108 - accuracy: 0.9957
Epoch 23/25

1/8 [==>...........................] - ETA: 0s - loss: 0.0063 - accuracy: 1.0000
8/8 [==============================] - 0s 3ms/step - loss: 0.0065 - accuracy: 1.0000
Epoch 24/25

1/8 [==>...........................] - ETA: 0s - loss: 0.0045 - accuracy: 1.0000
8/8 [==============================] - 0s 3ms/step - loss: 0.0090 - accuracy: 0.9957
Epoch 25/25

1/8 [==>...........................] - ETA: 0s - loss: 0.0044 - accuracy: 1.0000
8/8 [==============================] - 0s 3ms/step - loss: 0.0078 - accuracy: 0.9957
# node2vec
Epoch 1/25

1/8 [==>...........................] - ETA: 2s - loss: 0.6901 - accuracy: 0.5312
8/8 [==============================] - 0s 2ms/step - loss: 0.6769 - accuracy: 0.5680
Epoch 2/25

1/8 [==>...........................] - ETA: 0s - loss: 0.6699 - accuracy: 0.5312
8/8 [==============================] - 0s 2ms/step - loss: 0.6550 - accuracy: 0.6211
Epoch 3/25

1/8 [==>...........................] - ETA: 0s - loss: 0.5698 - accuracy: 0.8750
8/8 [==============================] - 0s 2ms/step - loss: 0.5879 - accuracy: 0.7403
Epoch 4/25

1/8 [==>...........................] - ETA: 0s - loss: 0.4882 - accuracy: 0.9688
8/8 [==============================] - 0s 2ms/step - loss: 0.5454 - accuracy: 0.8009
Epoch 5/25

1/8 [==>...........................] - ETA: 0s - loss: 0.5025 - accuracy: 0.9062
8/8 [==============================] - 0s 2ms/step - loss: 0.4986 - accuracy: 0.8831
Epoch 6/25

1/8 [==>...........................] - ETA: 0s - loss: 0.4661 - accuracy: 0.9688
8/8 [==============================] - 0s 2ms/step - loss: 0.4677 - accuracy: 0.8918
Epoch 7/25

1/8 [==>...........................] - ETA: 0s - loss: 0.4359 - accuracy: 0.9688
8/8 [==============================] - 0s 4ms/step - loss: 0.4390 - accuracy: 0.9394
Epoch 8/25

1/8 [==>...........................] - ETA: 0s - loss: 0.3502 - accuracy: 0.9375
8/8 [==============================] - 0s 2ms/step - loss: 0.4063 - accuracy: 0.9351
Epoch 9/25

1/8 [==>...........................] - ETA: 0s - loss: 0.3682 - accuracy: 0.9062
8/8 [==============================] - 0s 2ms/step - loss: 0.3732 - accuracy: 0.9307
Epoch 10/25

1/8 [==>...........................] - ETA: 0s - loss: 0.3836 - accuracy: 0.9375
8/8 [==============================] - 0s 3ms/step - loss: 0.3369 - accuracy: 0.9740
Epoch 11/25

1/8 [==>...........................] - ETA: 0s - loss: 0.2704 - accuracy: 1.0000
8/8 [==============================] - 0s 2ms/step - loss: 0.3084 - accuracy: 0.9740
Epoch 12/25

1/8 [==>...........................] - ETA: 0s - loss: 0.3216 - accuracy: 0.9688
8/8 [==============================] - 0s 2ms/step - loss: 0.2822 - accuracy: 0.9784
Epoch 13/25

1/8 [==>...........................] - ETA: 0s - loss: 0.2753 - accuracy: 1.0000
8/8 [==============================] - 0s 2ms/step - loss: 0.2562 - accuracy: 0.9913
Epoch 14/25

1/8 [==>...........................] - ETA: 0s - loss: 0.2762 - accuracy: 0.9375
8/8 [==============================] - 0s 3ms/step - loss: 0.2379 - accuracy: 0.9870
Epoch 15/25

1/8 [==>...........................] - ETA: 0s - loss: 0.2153 - accuracy: 1.0000
8/8 [==============================] - 0s 2ms/step - loss: 0.2133 - accuracy: 0.9870
Epoch 16/25

1/8 [==>...........................] - ETA: 0s - loss: 0.1763 - accuracy: 1.0000
8/8 [==============================] - 0s 2ms/step - loss: 0.1864 - accuracy: 0.9957
Epoch 17/25

1/8 [==>...........................] - ETA: 0s - loss: 0.1679 - accuracy: 1.0000
8/8 [==============================] - 0s 2ms/step - loss: 0.1723 - accuracy: 1.0000
Epoch 18/25

1/8 [==>...........................] - ETA: 0s - loss: 0.1625 - accuracy: 1.0000
8/8 [==============================] - 0s 2ms/step - loss: 0.1612 - accuracy: 0.9957
Epoch 19/25

1/8 [==>...........................] - ETA: 0s - loss: 0.1169 - accuracy: 1.0000
8/8 [==============================] - 0s 2ms/step - loss: 0.1422 - accuracy: 0.9957
Epoch 20/25

1/8 [==>...........................] - ETA: 0s - loss: 0.1203 - accuracy: 1.0000
8/8 [==============================] - 0s 2ms/step - loss: 0.1305 - accuracy: 0.9957
Epoch 21/25

1/8 [==>...........................] - ETA: 0s - loss: 0.1519 - accuracy: 1.0000
8/8 [==============================] - 0s 2ms/step - loss: 0.1167 - accuracy: 0.9957
Epoch 22/25

1/8 [==>...........................] - ETA: 0s - loss: 0.1185 - accuracy: 1.0000
8/8 [==============================] - 0s 2ms/step - loss: 0.1065 - accuracy: 0.9913
Epoch 23/25

1/8 [==>...........................] - ETA: 0s - loss: 0.1002 - accuracy: 1.0000
8/8 [==============================] - 0s 3ms/step - loss: 0.0966 - accuracy: 1.0000
Epoch 24/25

1/8 [==>...........................] - ETA: 0s - loss: 0.0789 - accuracy: 1.0000
8/8 [==============================] - 0s 2ms/step - loss: 0.0897 - accuracy: 0.9957
Epoch 25/25

1/8 [==>...........................] - ETA: 0s - loss: 0.0792 - accuracy: 1.0000
8/8 [==============================] - 0s 2ms/step - loss: 0.0804 - accuracy: 0.9957
# predict: steps=102
# predict: tnodeembed_metrics
# predict: node2vec_metrics
tnodeembed: {'auc': 0.5976080038326606, 'f1_micro': 0.5723039215686274, 'f1_macro': 0.5720468370560938} tNodeEmbed_final_loss=0.007797583006322384 tNodeEmbed_final_accuracy=0.9956709742546082 
node2vec: {'auc': 0.6067541255166282, 'f1_micro': 0.5762867647058824, 'f1_macro': 0.5762867249344006} node2vec_final_loss=0.08041221648454666 node2vec_final_accuracy=0.9956709742546082 
