# load graph
Processing Static file: filename='CollegeMsg_20040609.csv'
# initialize tNodeEmbed for dataset=COLLEGE, test_size=0.2
# load dataset
# fit
# tNodeEmbed steps_per_epoch=8
Epoch 1/25

1/8 [==>...........................] - ETA: 8s - loss: 0.6943 - accuracy: 0.4688
8/8 [==============================] - 1s 3ms/step - loss: 0.6920 - accuracy: 0.5273
Epoch 2/25

1/8 [==>...........................] - ETA: 0s - loss: 0.6777 - accuracy: 1.0000
8/8 [==============================] - 0s 4ms/step - loss: 0.6780 - accuracy: 0.8058
Epoch 3/25

1/8 [==>...........................] - ETA: 0s - loss: 0.6697 - accuracy: 0.7812
8/8 [==============================] - 0s 3ms/step - loss: 0.6638 - accuracy: 0.8398
Epoch 4/25

1/8 [==>...........................] - ETA: 0s - loss: 0.6522 - accuracy: 0.9375
8/8 [==============================] - 0s 3ms/step - loss: 0.6447 - accuracy: 0.8268
Epoch 5/25

1/8 [==>...........................] - ETA: 0s - loss: 0.6151 - accuracy: 0.8750
8/8 [==============================] - 0s 3ms/step - loss: 0.6126 - accuracy: 0.8528
Epoch 6/25

1/8 [==>...........................] - ETA: 0s - loss: 0.5783 - accuracy: 0.9688
8/8 [==============================] - 0s 4ms/step - loss: 0.5636 - accuracy: 0.8701
Epoch 7/25

1/8 [==>...........................] - ETA: 0s - loss: 0.5032 - accuracy: 0.9375
8/8 [==============================] - 0s 5ms/step - loss: 0.4989 - accuracy: 0.8874
Epoch 8/25

1/8 [==>...........................] - ETA: 0s - loss: 0.3928 - accuracy: 0.9062
8/8 [==============================] - 0s 3ms/step - loss: 0.4136 - accuracy: 0.9264
Epoch 9/25

1/8 [==>...........................] - ETA: 0s - loss: 0.3658 - accuracy: 0.8750
8/8 [==============================] - 0s 3ms/step - loss: 0.3254 - accuracy: 0.9177
Epoch 10/25

1/8 [==>...........................] - ETA: 0s - loss: 0.3090 - accuracy: 0.9688
8/8 [==============================] - 0s 3ms/step - loss: 0.2638 - accuracy: 0.9437
Epoch 11/25

1/8 [==>...........................] - ETA: 0s - loss: 0.1799 - accuracy: 1.0000
8/8 [==============================] - 0s 3ms/step - loss: 0.2113 - accuracy: 0.9740
Epoch 12/25

1/8 [==>...........................] - ETA: 0s - loss: 0.1331 - accuracy: 1.0000
8/8 [==============================] - 0s 3ms/step - loss: 0.1358 - accuracy: 0.9740
Epoch 13/25

1/8 [==>...........................] - ETA: 0s - loss: 0.1136 - accuracy: 1.0000
8/8 [==============================] - 0s 3ms/step - loss: 0.1114 - accuracy: 0.9913
Epoch 14/25

1/8 [==>...........................] - ETA: 0s - loss: 0.0582 - accuracy: 1.0000
8/8 [==============================] - 0s 3ms/step - loss: 0.0717 - accuracy: 0.9957
Epoch 15/25

1/8 [==>...........................] - ETA: 0s - loss: 0.0583 - accuracy: 1.0000
8/8 [==============================] - 0s 3ms/step - loss: 0.0508 - accuracy: 1.0000
Epoch 16/25

1/8 [==>...........................] - ETA: 0s - loss: 0.0655 - accuracy: 1.0000
8/8 [==============================] - 0s 3ms/step - loss: 0.0393 - accuracy: 1.0000
Epoch 17/25

1/8 [==>...........................] - ETA: 0s - loss: 0.0322 - accuracy: 1.0000
8/8 [==============================] - 0s 3ms/step - loss: 0.0298 - accuracy: 1.0000
Epoch 18/25

1/8 [==>...........................] - ETA: 0s - loss: 0.0154 - accuracy: 1.0000
8/8 [==============================] - 0s 3ms/step - loss: 0.0198 - accuracy: 1.0000
Epoch 19/25

1/8 [==>...........................] - ETA: 0s - loss: 0.0144 - accuracy: 1.0000
8/8 [==============================] - 0s 3ms/step - loss: 0.0153 - accuracy: 1.0000
Epoch 20/25

1/8 [==>...........................] - ETA: 0s - loss: 0.0152 - accuracy: 1.0000
8/8 [==============================] - 0s 3ms/step - loss: 0.0135 - accuracy: 1.0000
Epoch 21/25

1/8 [==>...........................] - ETA: 0s - loss: 0.0121 - accuracy: 1.0000
8/8 [==============================] - 0s 3ms/step - loss: 0.0101 - accuracy: 1.0000
Epoch 22/25

1/8 [==>...........................] - ETA: 0s - loss: 0.0117 - accuracy: 1.0000
8/8 [==============================] - 0s 3ms/step - loss: 0.0092 - accuracy: 1.0000
Epoch 23/25

1/8 [==>...........................] - ETA: 0s - loss: 0.0090 - accuracy: 1.0000
8/8 [==============================] - 0s 3ms/step - loss: 0.0072 - accuracy: 1.0000
Epoch 24/25

1/8 [==>...........................] - ETA: 0s - loss: 0.0065 - accuracy: 1.0000
8/8 [==============================] - 0s 4ms/step - loss: 0.0065 - accuracy: 1.0000
Epoch 25/25

1/8 [==>...........................] - ETA: 0s - loss: 0.0051 - accuracy: 1.0000
8/8 [==============================] - 0s 3ms/step - loss: 0.0056 - accuracy: 1.0000
# node2vec
Epoch 1/25

1/8 [==>...........................] - ETA: 2s - loss: 0.7029 - accuracy: 0.4375
8/8 [==============================] - 0s 2ms/step - loss: 0.6907 - accuracy: 0.5291
Epoch 2/25

1/8 [==>...........................] - ETA: 0s - loss: 0.6733 - accuracy: 0.6250
8/8 [==============================] - 0s 2ms/step - loss: 0.6477 - accuracy: 0.6523
Epoch 3/25

1/8 [==>...........................] - ETA: 0s - loss: 0.6801 - accuracy: 0.5938
8/8 [==============================] - 0s 2ms/step - loss: 0.5909 - accuracy: 0.7922
Epoch 4/25

1/8 [==>...........................] - ETA: 0s - loss: 0.5773 - accuracy: 0.7812
8/8 [==============================] - 0s 3ms/step - loss: 0.5489 - accuracy: 0.8398
Epoch 5/25

1/8 [==>...........................] - ETA: 0s - loss: 0.5274 - accuracy: 0.8438
8/8 [==============================] - 0s 2ms/step - loss: 0.5016 - accuracy: 0.8745
Epoch 6/25

1/8 [==>...........................] - ETA: 0s - loss: 0.5048 - accuracy: 0.8125
8/8 [==============================] - 0s 2ms/step - loss: 0.4841 - accuracy: 0.8874
Epoch 7/25

1/8 [==>...........................] - ETA: 0s - loss: 0.4887 - accuracy: 0.8438
8/8 [==============================] - 0s 2ms/step - loss: 0.4328 - accuracy: 0.9048
Epoch 8/25

1/8 [==>...........................] - ETA: 0s - loss: 0.4088 - accuracy: 0.9375
8/8 [==============================] - 0s 2ms/step - loss: 0.4074 - accuracy: 0.9177
Epoch 9/25

1/8 [==>...........................] - ETA: 0s - loss: 0.4218 - accuracy: 0.9062
8/8 [==============================] - 0s 2ms/step - loss: 0.3769 - accuracy: 0.9307
Epoch 10/25

1/8 [==>...........................] - ETA: 0s - loss: 0.3320 - accuracy: 0.9688
8/8 [==============================] - 0s 2ms/step - loss: 0.3438 - accuracy: 0.9524
Epoch 11/25

1/8 [==>...........................] - ETA: 0s - loss: 0.3567 - accuracy: 0.9688
8/8 [==============================] - 0s 2ms/step - loss: 0.3212 - accuracy: 0.9567
Epoch 12/25

1/8 [==>...........................] - ETA: 0s - loss: 0.2577 - accuracy: 1.0000
8/8 [==============================] - 0s 2ms/step - loss: 0.2832 - accuracy: 0.9827
Epoch 13/25

1/8 [==>...........................] - ETA: 0s - loss: 0.2859 - accuracy: 1.0000
8/8 [==============================] - 0s 2ms/step - loss: 0.2669 - accuracy: 0.9740
Epoch 14/25

1/8 [==>...........................] - ETA: 0s - loss: 0.2437 - accuracy: 0.9688
8/8 [==============================] - 0s 2ms/step - loss: 0.2323 - accuracy: 0.9870
Epoch 15/25

1/8 [==>...........................] - ETA: 0s - loss: 0.2371 - accuracy: 1.0000
8/8 [==============================] - 0s 2ms/step - loss: 0.2256 - accuracy: 0.9913
Epoch 16/25

1/8 [==>...........................] - ETA: 0s - loss: 0.1834 - accuracy: 1.0000
8/8 [==============================] - 0s 2ms/step - loss: 0.1929 - accuracy: 0.9957
Epoch 17/25

1/8 [==>...........................] - ETA: 0s - loss: 0.1868 - accuracy: 1.0000
8/8 [==============================] - 0s 2ms/step - loss: 0.1804 - accuracy: 0.9957
Epoch 18/25

1/8 [==>...........................] - ETA: 0s - loss: 0.1817 - accuracy: 1.0000
8/8 [==============================] - 0s 2ms/step - loss: 0.1629 - accuracy: 0.9957
Epoch 19/25

1/8 [==>...........................] - ETA: 0s - loss: 0.1447 - accuracy: 1.0000
8/8 [==============================] - 0s 2ms/step - loss: 0.1490 - accuracy: 0.9957
Epoch 20/25

1/8 [==>...........................] - ETA: 0s - loss: 0.1348 - accuracy: 1.0000
8/8 [==============================] - 0s 2ms/step - loss: 0.1367 - accuracy: 0.9957
Epoch 21/25

1/8 [==>...........................] - ETA: 0s - loss: 0.1225 - accuracy: 1.0000
8/8 [==============================] - 0s 2ms/step - loss: 0.1230 - accuracy: 1.0000
Epoch 22/25

1/8 [==>...........................] - ETA: 0s - loss: 0.1120 - accuracy: 1.0000
8/8 [==============================] - 0s 2ms/step - loss: 0.1112 - accuracy: 0.9957
Epoch 23/25

1/8 [==>...........................] - ETA: 0s - loss: 0.1056 - accuracy: 1.0000
8/8 [==============================] - 0s 2ms/step - loss: 0.1033 - accuracy: 1.0000
Epoch 24/25

1/8 [==>...........................] - ETA: 0s - loss: 0.1018 - accuracy: 1.0000
8/8 [==============================] - 0s 2ms/step - loss: 0.0906 - accuracy: 1.0000
Epoch 25/25

1/8 [==>...........................] - ETA: 0s - loss: 0.0877 - accuracy: 1.0000
8/8 [==============================] - 0s 2ms/step - loss: 0.0843 - accuracy: 1.0000
# predict: steps=102
# predict: tnodeembed_metrics
# predict: node2vec_metrics
tnodeembed: {'auc': 0.5975796568627452, 'f1_micro': 0.5637254901960784, 'f1_macro': 0.5637248349865962} tNodeEmbed_final_loss=0.005564897321164608 tNodeEmbed_final_accuracy=1.0 
node2vec: {'auc': 0.6045109603277585, 'f1_micro': 0.5827205882352942, 'f1_macro': 0.5824821565624293} node2vec_final_loss=0.0843069925904274 node2vec_final_accuracy=1.0 
