# load graph
Processing Static file: filename='CollegeMsg_20040606.csv'
# initialize tNodeEmbed for dataset=COLLEGE, test_size=0.2
# load dataset
# fit
# tNodeEmbed steps_per_epoch=8
Epoch 1/25

1/8 [==>...........................] - ETA: 9s - loss: 0.7032 - accuracy: 0.3125
8/8 [==============================] - 1s 3ms/step - loss: 0.6929 - accuracy: 0.5108
Epoch 2/25

1/8 [==>...........................] - ETA: 0s - loss: 0.6859 - accuracy: 0.5312
8/8 [==============================] - 0s 4ms/step - loss: 0.6858 - accuracy: 0.4978
Epoch 3/25

1/8 [==>...........................] - ETA: 0s - loss: 0.6705 - accuracy: 0.6562
8/8 [==============================] - 0s 3ms/step - loss: 0.6673 - accuracy: 0.7706
Epoch 4/25

1/8 [==>...........................] - ETA: 0s - loss: 0.6566 - accuracy: 0.9375
8/8 [==============================] - 0s 3ms/step - loss: 0.6453 - accuracy: 0.8961
Epoch 5/25

1/8 [==>...........................] - ETA: 0s - loss: 0.6285 - accuracy: 0.9375
8/8 [==============================] - 0s 3ms/step - loss: 0.6186 - accuracy: 0.9004
Epoch 6/25

1/8 [==>...........................] - ETA: 0s - loss: 0.5810 - accuracy: 0.9688
8/8 [==============================] - 0s 3ms/step - loss: 0.5741 - accuracy: 0.8745
Epoch 7/25

1/8 [==>...........................] - ETA: 0s - loss: 0.5062 - accuracy: 0.9375
8/8 [==============================] - 0s 3ms/step - loss: 0.4983 - accuracy: 0.9004
Epoch 8/25

1/8 [==>...........................] - ETA: 0s - loss: 0.4302 - accuracy: 0.8125
8/8 [==============================] - 0s 3ms/step - loss: 0.4127 - accuracy: 0.8874
Epoch 9/25

1/8 [==>...........................] - ETA: 0s - loss: 0.4285 - accuracy: 0.8750
8/8 [==============================] - 0s 3ms/step - loss: 0.3607 - accuracy: 0.9134
Epoch 10/25

1/8 [==>...........................] - ETA: 0s - loss: 0.2963 - accuracy: 0.9375
8/8 [==============================] - 0s 3ms/step - loss: 0.2721 - accuracy: 0.9351
Epoch 11/25

1/8 [==>...........................] - ETA: 0s - loss: 0.2307 - accuracy: 0.9688
8/8 [==============================] - 0s 3ms/step - loss: 0.2103 - accuracy: 0.9610
Epoch 12/25

1/8 [==>...........................] - ETA: 0s - loss: 0.1127 - accuracy: 1.0000
8/8 [==============================] - 0s 3ms/step - loss: 0.1702 - accuracy: 0.9740
Epoch 13/25

1/8 [==>...........................] - ETA: 0s - loss: 0.1001 - accuracy: 1.0000
8/8 [==============================] - 0s 3ms/step - loss: 0.1099 - accuracy: 0.9913
Epoch 14/25

1/8 [==>...........................] - ETA: 0s - loss: 0.1336 - accuracy: 0.9375
8/8 [==============================] - 0s 3ms/step - loss: 0.0847 - accuracy: 0.9870
Epoch 15/25

1/8 [==>...........................] - ETA: 0s - loss: 0.0694 - accuracy: 1.0000
8/8 [==============================] - 0s 2ms/step - loss: 0.0516 - accuracy: 0.9957
Epoch 16/25

1/8 [==>...........................] - ETA: 0s - loss: 0.0402 - accuracy: 1.0000
8/8 [==============================] - 0s 3ms/step - loss: 0.0430 - accuracy: 0.9957
Epoch 17/25

1/8 [==>...........................] - ETA: 0s - loss: 0.0300 - accuracy: 1.0000
8/8 [==============================] - 0s 3ms/step - loss: 0.0298 - accuracy: 0.9957
Epoch 18/25

1/8 [==>...........................] - ETA: 0s - loss: 0.0327 - accuracy: 1.0000
8/8 [==============================] - 0s 3ms/step - loss: 0.0243 - accuracy: 0.9957
Epoch 19/25

1/8 [==>...........................] - ETA: 0s - loss: 0.0183 - accuracy: 1.0000
8/8 [==============================] - 0s 3ms/step - loss: 0.0179 - accuracy: 0.9957
Epoch 20/25

1/8 [==>...........................] - ETA: 0s - loss: 0.0094 - accuracy: 1.0000
8/8 [==============================] - 0s 3ms/step - loss: 0.0151 - accuracy: 0.9957
Epoch 21/25

1/8 [==>...........................] - ETA: 0s - loss: 0.0122 - accuracy: 1.0000
8/8 [==============================] - 0s 3ms/step - loss: 0.0128 - accuracy: 0.9957
Epoch 22/25

1/8 [==>...........................] - ETA: 0s - loss: 0.0330 - accuracy: 0.9688
8/8 [==============================] - 0s 3ms/step - loss: 0.0111 - accuracy: 0.9957
Epoch 23/25

1/8 [==>...........................] - ETA: 0s - loss: 0.0081 - accuracy: 1.0000
8/8 [==============================] - 0s 2ms/step - loss: 0.0131 - accuracy: 0.9913
Epoch 24/25

1/8 [==>...........................] - ETA: 0s - loss: 0.0054 - accuracy: 1.0000
8/8 [==============================] - 0s 3ms/step - loss: 0.0059 - accuracy: 1.0000
Epoch 25/25

1/8 [==>...........................] - ETA: 0s - loss: 0.0062 - accuracy: 1.0000
8/8 [==============================] - 0s 3ms/step - loss: 0.0076 - accuracy: 1.0000
# node2vec
Epoch 1/25

1/8 [==>...........................] - ETA: 2s - loss: 0.6785 - accuracy: 0.7188
8/8 [==============================] - 0s 2ms/step - loss: 0.6945 - accuracy: 0.5584
Epoch 2/25

1/8 [==>...........................] - ETA: 0s - loss: 0.6403 - accuracy: 0.6562
8/8 [==============================] - 0s 2ms/step - loss: 0.6462 - accuracy: 0.6667
Epoch 3/25

1/8 [==>...........................] - ETA: 0s - loss: 0.6028 - accuracy: 0.8438
8/8 [==============================] - 0s 2ms/step - loss: 0.5910 - accuracy: 0.7922
Epoch 4/25

1/8 [==>...........................] - ETA: 0s - loss: 0.5974 - accuracy: 0.7188
8/8 [==============================] - 0s 2ms/step - loss: 0.5556 - accuracy: 0.8182
Epoch 5/25

1/8 [==>...........................] - ETA: 0s - loss: 0.5360 - accuracy: 0.9062
8/8 [==============================] - 0s 2ms/step - loss: 0.5138 - accuracy: 0.8961
Epoch 6/25

1/8 [==>...........................] - ETA: 0s - loss: 0.5216 - accuracy: 0.9062
8/8 [==============================] - 0s 2ms/step - loss: 0.4766 - accuracy: 0.9264
Epoch 7/25

1/8 [==>...........................] - ETA: 0s - loss: 0.4682 - accuracy: 0.9688
8/8 [==============================] - 0s 2ms/step - loss: 0.4501 - accuracy: 0.9307
Epoch 8/25

1/8 [==>...........................] - ETA: 0s - loss: 0.3900 - accuracy: 0.9688
8/8 [==============================] - 0s 3ms/step - loss: 0.4097 - accuracy: 0.9394
Epoch 9/25

1/8 [==>...........................] - ETA: 0s - loss: 0.4129 - accuracy: 0.9688
8/8 [==============================] - 0s 3ms/step - loss: 0.3813 - accuracy: 0.9524
Epoch 10/25

1/8 [==>...........................] - ETA: 0s - loss: 0.3652 - accuracy: 0.9062
8/8 [==============================] - 0s 2ms/step - loss: 0.3472 - accuracy: 0.9524
Epoch 11/25

1/8 [==>...........................] - ETA: 0s - loss: 0.2855 - accuracy: 1.0000
8/8 [==============================] - 0s 2ms/step - loss: 0.3197 - accuracy: 0.9740
Epoch 12/25

1/8 [==>...........................] - ETA: 0s - loss: 0.3338 - accuracy: 0.9688
8/8 [==============================] - 0s 3ms/step - loss: 0.2937 - accuracy: 0.9827
Epoch 13/25

1/8 [==>...........................] - ETA: 0s - loss: 0.2665 - accuracy: 1.0000
8/8 [==============================] - 0s 3ms/step - loss: 0.2655 - accuracy: 0.9784
Epoch 14/25

1/8 [==>...........................] - ETA: 0s - loss: 0.2132 - accuracy: 0.9375
8/8 [==============================] - 0s 3ms/step - loss: 0.2467 - accuracy: 0.9784
Epoch 15/25

1/8 [==>...........................] - ETA: 0s - loss: 0.2522 - accuracy: 1.0000
8/8 [==============================] - 0s 3ms/step - loss: 0.2158 - accuracy: 0.9913
Epoch 16/25

1/8 [==>...........................] - ETA: 0s - loss: 0.2080 - accuracy: 1.0000
8/8 [==============================] - 0s 2ms/step - loss: 0.1998 - accuracy: 0.9913
Epoch 17/25

1/8 [==>...........................] - ETA: 0s - loss: 0.1774 - accuracy: 1.0000
8/8 [==============================] - 0s 3ms/step - loss: 0.1886 - accuracy: 0.9913
Epoch 18/25

1/8 [==>...........................] - ETA: 0s - loss: 0.1274 - accuracy: 1.0000
8/8 [==============================] - 0s 3ms/step - loss: 0.1615 - accuracy: 0.9913
Epoch 19/25

1/8 [==>...........................] - ETA: 0s - loss: 0.1497 - accuracy: 1.0000
8/8 [==============================] - 0s 3ms/step - loss: 0.1531 - accuracy: 0.9913
Epoch 20/25

1/8 [==>...........................] - ETA: 0s - loss: 0.1197 - accuracy: 1.0000
8/8 [==============================] - 0s 2ms/step - loss: 0.1412 - accuracy: 0.9957
Epoch 21/25

1/8 [==>...........................] - ETA: 0s - loss: 0.1148 - accuracy: 1.0000
8/8 [==============================] - 0s 2ms/step - loss: 0.1256 - accuracy: 0.9957
Epoch 22/25

1/8 [==>...........................] - ETA: 0s - loss: 0.1130 - accuracy: 0.9688
8/8 [==============================] - 0s 2ms/step - loss: 0.1076 - accuracy: 0.9957
Epoch 23/25

1/8 [==>...........................] - ETA: 0s - loss: 0.0901 - accuracy: 1.0000
8/8 [==============================] - 0s 2ms/step - loss: 0.1038 - accuracy: 0.9957
Epoch 24/25

1/8 [==>...........................] - ETA: 0s - loss: 0.0973 - accuracy: 1.0000
8/8 [==============================] - 0s 3ms/step - loss: 0.0950 - accuracy: 0.9957
Epoch 25/25

1/8 [==>...........................] - ETA: 0s - loss: 0.0705 - accuracy: 1.0000
8/8 [==============================] - 0s 4ms/step - loss: 0.0896 - accuracy: 0.9957
# predict: steps=102
# predict: tnodeembed_metrics
# predict: node2vec_metrics
tnodeembed: {'auc': 0.5995682625072087, 'f1_micro': 0.5698529411764706, 'f1_macro': 0.5697817072057914} tNodeEmbed_final_loss=0.007617130409926176 tNodeEmbed_final_accuracy=1.0 
node2vec: {'auc': 0.5979412215253748, 'f1_micro': 0.5698529411764706, 'f1_macro': 0.5696196064583505} node2vec_final_loss=0.08961151540279388 node2vec_final_accuracy=0.9956709742546082 
