# load graph
Processing Static file: filename='CollegeMsg_20040604.csv'
# initialize tNodeEmbed for dataset=COLLEGE, test_size=0.2
# load dataset
# fit
# tNodeEmbed steps_per_epoch=8
Epoch 1/25

1/8 [==>...........................] - ETA: 9s - loss: 0.6956 - accuracy: 0.5000
8/8 [==============================] - 1s 3ms/step - loss: 0.6924 - accuracy: 0.5195
Epoch 2/25

1/8 [==>...........................] - ETA: 0s - loss: 0.6861 - accuracy: 0.6250
8/8 [==============================] - 0s 3ms/step - loss: 0.6817 - accuracy: 0.7229
Epoch 3/25

1/8 [==>...........................] - ETA: 0s - loss: 0.6733 - accuracy: 0.7812
8/8 [==============================] - 0s 3ms/step - loss: 0.6691 - accuracy: 0.8052
Epoch 4/25

1/8 [==>...........................] - ETA: 0s - loss: 0.6533 - accuracy: 0.9375
8/8 [==============================] - 0s 3ms/step - loss: 0.6500 - accuracy: 0.8961
Epoch 5/25

1/8 [==>...........................] - ETA: 0s - loss: 0.6235 - accuracy: 0.9062
8/8 [==============================] - 0s 3ms/step - loss: 0.6227 - accuracy: 0.9004
Epoch 6/25

1/8 [==>...........................] - ETA: 0s - loss: 0.5976 - accuracy: 0.9062
8/8 [==============================] - 0s 4ms/step - loss: 0.5822 - accuracy: 0.8961
Epoch 7/25

1/8 [==>...........................] - ETA: 0s - loss: 0.5412 - accuracy: 0.9062
8/8 [==============================] - 0s 3ms/step - loss: 0.5191 - accuracy: 0.8788
Epoch 8/25

1/8 [==>...........................] - ETA: 0s - loss: 0.4736 - accuracy: 0.8750
8/8 [==============================] - 0s 3ms/step - loss: 0.4401 - accuracy: 0.9177
Epoch 9/25

1/8 [==>...........................] - ETA: 0s - loss: 0.4426 - accuracy: 0.8438
8/8 [==============================] - 0s 3ms/step - loss: 0.3503 - accuracy: 0.9177
Epoch 10/25

1/8 [==>...........................] - ETA: 0s - loss: 0.3623 - accuracy: 0.8438
8/8 [==============================] - 0s 3ms/step - loss: 0.3013 - accuracy: 0.9221
Epoch 11/25

1/8 [==>...........................] - ETA: 0s - loss: 0.2425 - accuracy: 0.9375
8/8 [==============================] - 0s 3ms/step - loss: 0.2010 - accuracy: 0.9740
Epoch 12/25

1/8 [==>...........................] - ETA: 0s - loss: 0.1332 - accuracy: 1.0000
8/8 [==============================] - 0s 3ms/step - loss: 0.1524 - accuracy: 0.9740
Epoch 13/25

1/8 [==>...........................] - ETA: 0s - loss: 0.1098 - accuracy: 1.0000
8/8 [==============================] - 0s 3ms/step - loss: 0.1023 - accuracy: 0.9957
Epoch 14/25

1/8 [==>...........................] - ETA: 0s - loss: 0.0695 - accuracy: 1.0000
8/8 [==============================] - 0s 3ms/step - loss: 0.0822 - accuracy: 0.9870
Epoch 15/25

1/8 [==>...........................] - ETA: 0s - loss: 0.0422 - accuracy: 1.0000
8/8 [==============================] - 0s 3ms/step - loss: 0.0518 - accuracy: 0.9957
Epoch 16/25

1/8 [==>...........................] - ETA: 0s - loss: 0.0707 - accuracy: 1.0000
8/8 [==============================] - 0s 3ms/step - loss: 0.0393 - accuracy: 0.9957
Epoch 17/25

1/8 [==>...........................] - ETA: 0s - loss: 0.0251 - accuracy: 1.0000
8/8 [==============================] - 0s 3ms/step - loss: 0.0280 - accuracy: 0.9957
Epoch 18/25

1/8 [==>...........................] - ETA: 0s - loss: 0.0156 - accuracy: 1.0000
8/8 [==============================] - 0s 4ms/step - loss: 0.0203 - accuracy: 0.9957
Epoch 19/25

1/8 [==>...........................] - ETA: 0s - loss: 0.0091 - accuracy: 1.0000
8/8 [==============================] - 0s 3ms/step - loss: 0.0172 - accuracy: 1.0000
Epoch 20/25

1/8 [==>...........................] - ETA: 0s - loss: 0.0080 - accuracy: 1.0000
8/8 [==============================] - 0s 3ms/step - loss: 0.0124 - accuracy: 1.0000
Epoch 21/25

1/8 [==>...........................] - ETA: 0s - loss: 0.0137 - accuracy: 1.0000
8/8 [==============================] - 0s 3ms/step - loss: 0.0113 - accuracy: 1.0000
Epoch 22/25

1/8 [==>...........................] - ETA: 0s - loss: 0.0055 - accuracy: 1.0000
8/8 [==============================] - 0s 3ms/step - loss: 0.0126 - accuracy: 1.0000
Epoch 23/25

1/8 [==>...........................] - ETA: 0s - loss: 0.0036 - accuracy: 1.0000
8/8 [==============================] - 0s 3ms/step - loss: 0.0060 - accuracy: 1.0000
Epoch 24/25

1/8 [==>...........................] - ETA: 0s - loss: 0.0053 - accuracy: 1.0000
8/8 [==============================] - 0s 3ms/step - loss: 0.0099 - accuracy: 1.0000
Epoch 25/25

1/8 [==>...........................] - ETA: 0s - loss: 0.0050 - accuracy: 1.0000
8/8 [==============================] - 0s 3ms/step - loss: 0.0045 - accuracy: 1.0000
# node2vec
Epoch 1/25

1/8 [==>...........................] - ETA: 2s - loss: 0.7471 - accuracy: 0.4062
8/8 [==============================] - 0s 2ms/step - loss: 0.6931 - accuracy: 0.5368
Epoch 2/25

1/8 [==>...........................] - ETA: 0s - loss: 0.6548 - accuracy: 0.6562
8/8 [==============================] - 0s 2ms/step - loss: 0.6538 - accuracy: 0.6710
Epoch 3/25

1/8 [==>...........................] - ETA: 0s - loss: 0.6195 - accuracy: 0.7188
8/8 [==============================] - 0s 2ms/step - loss: 0.5945 - accuracy: 0.7662
Epoch 4/25

1/8 [==>...........................] - ETA: 0s - loss: 0.5018 - accuracy: 0.9062
8/8 [==============================] - 0s 2ms/step - loss: 0.5526 - accuracy: 0.8225
Epoch 5/25

1/8 [==>...........................] - ETA: 0s - loss: 0.5207 - accuracy: 0.9062
8/8 [==============================] - 0s 2ms/step - loss: 0.4975 - accuracy: 0.9048
Epoch 6/25

1/8 [==>...........................] - ETA: 0s - loss: 0.4935 - accuracy: 0.9688
8/8 [==============================] - 0s 3ms/step - loss: 0.4735 - accuracy: 0.8788
Epoch 7/25

1/8 [==>...........................] - ETA: 0s - loss: 0.4498 - accuracy: 0.9062
8/8 [==============================] - 0s 2ms/step - loss: 0.4288 - accuracy: 0.9394
Epoch 8/25

1/8 [==>...........................] - ETA: 0s - loss: 0.4350 - accuracy: 0.8438
8/8 [==============================] - 0s 2ms/step - loss: 0.4036 - accuracy: 0.9351
Epoch 9/25

1/8 [==>...........................] - ETA: 0s - loss: 0.3392 - accuracy: 0.9375
8/8 [==============================] - 0s 3ms/step - loss: 0.3590 - accuracy: 0.9610
Epoch 10/25

1/8 [==>...........................] - ETA: 0s - loss: 0.3337 - accuracy: 1.0000
8/8 [==============================] - 0s 2ms/step - loss: 0.3458 - accuracy: 0.9437
Epoch 11/25

1/8 [==>...........................] - ETA: 0s - loss: 0.3459 - accuracy: 0.9688
8/8 [==============================] - 0s 2ms/step - loss: 0.2958 - accuracy: 0.9827
Epoch 12/25

1/8 [==>...........................] - ETA: 0s - loss: 0.2645 - accuracy: 1.0000
8/8 [==============================] - 0s 2ms/step - loss: 0.2886 - accuracy: 0.9827
Epoch 13/25

1/8 [==>...........................] - ETA: 0s - loss: 0.2921 - accuracy: 0.9375
8/8 [==============================] - 0s 2ms/step - loss: 0.2432 - accuracy: 0.9740
Epoch 14/25

1/8 [==>...........................] - ETA: 0s - loss: 0.2401 - accuracy: 0.9688
8/8 [==============================] - 0s 2ms/step - loss: 0.2437 - accuracy: 0.9740
Epoch 15/25

1/8 [==>...........................] - ETA: 0s - loss: 0.2001 - accuracy: 0.9688
8/8 [==============================] - 0s 2ms/step - loss: 0.2069 - accuracy: 0.9957
Epoch 16/25

1/8 [==>...........................] - ETA: 0s - loss: 0.1898 - accuracy: 0.9688
8/8 [==============================] - 0s 2ms/step - loss: 0.1870 - accuracy: 0.9913
Epoch 17/25

1/8 [==>...........................] - ETA: 0s - loss: 0.1512 - accuracy: 1.0000
8/8 [==============================] - 0s 2ms/step - loss: 0.1660 - accuracy: 0.9913
Epoch 18/25

1/8 [==>...........................] - ETA: 0s - loss: 0.1621 - accuracy: 1.0000
8/8 [==============================] - 0s 2ms/step - loss: 0.1571 - accuracy: 0.9913
Epoch 19/25

1/8 [==>...........................] - ETA: 0s - loss: 0.1421 - accuracy: 0.9688
8/8 [==============================] - 0s 2ms/step - loss: 0.1427 - accuracy: 0.9870
Epoch 20/25

1/8 [==>...........................] - ETA: 0s - loss: 0.1253 - accuracy: 1.0000
8/8 [==============================] - 0s 2ms/step - loss: 0.1276 - accuracy: 0.9957
Epoch 21/25

1/8 [==>...........................] - ETA: 0s - loss: 0.1280 - accuracy: 1.0000
8/8 [==============================] - 0s 2ms/step - loss: 0.1147 - accuracy: 0.9913
Epoch 22/25

1/8 [==>...........................] - ETA: 0s - loss: 0.1137 - accuracy: 0.9688
8/8 [==============================] - 0s 2ms/step - loss: 0.1082 - accuracy: 0.9913
Epoch 23/25

1/8 [==>...........................] - ETA: 0s - loss: 0.0771 - accuracy: 1.0000
8/8 [==============================] - 0s 2ms/step - loss: 0.0925 - accuracy: 1.0000
Epoch 24/25

1/8 [==>...........................] - ETA: 0s - loss: 0.0791 - accuracy: 1.0000
8/8 [==============================] - 0s 2ms/step - loss: 0.0894 - accuracy: 0.9957
Epoch 25/25

1/8 [==>...........................] - ETA: 0s - loss: 0.0729 - accuracy: 1.0000
8/8 [==============================] - 0s 2ms/step - loss: 0.0811 - accuracy: 0.9957
# predict: steps=102
# predict: tnodeembed_metrics
# predict: node2vec_metrics
tnodeembed: {'auc': 0.5909015988441946, 'f1_micro': 0.5481004901960784, 'f1_macro': 0.5473261127786443} tNodeEmbed_final_loss=0.004520626273006201 tNodeEmbed_final_accuracy=1.0 
node2vec: {'auc': 0.5892779369713572, 'f1_micro': 0.5536151960784313, 'f1_macro': 0.5530408955558019} node2vec_final_loss=0.08114897459745407 node2vec_final_accuracy=0.9956709742546082 
