# load graph
Processing Static file: filename='CollegeMsg_20040611.csv'
# initialize tNodeEmbed for dataset=COLLEGE, test_size=0.2
# load dataset
# fit
# tNodeEmbed steps_per_epoch=8
Epoch 1/25

1/8 [==>...........................] - ETA: 11s - loss: 0.6957 - accuracy: 0.5312
8/8 [==============================] - 2s 3ms/step - loss: 0.6945 - accuracy: 0.4935
Epoch 2/25

1/8 [==>...........................] - ETA: 0s - loss: 0.6884 - accuracy: 0.6250
8/8 [==============================] - 0s 4ms/step - loss: 0.6843 - accuracy: 0.5455
Epoch 3/25

1/8 [==>...........................] - ETA: 0s - loss: 0.6659 - accuracy: 0.7500
8/8 [==============================] - 0s 3ms/step - loss: 0.6698 - accuracy: 0.6926
Epoch 4/25

1/8 [==>...........................] - ETA: 0s - loss: 0.6515 - accuracy: 0.9062
8/8 [==============================] - 0s 3ms/step - loss: 0.6517 - accuracy: 0.8961
Epoch 5/25

1/8 [==>...........................] - ETA: 0s - loss: 0.6303 - accuracy: 0.8438
8/8 [==============================] - 0s 3ms/step - loss: 0.6266 - accuracy: 0.8528
Epoch 6/25

1/8 [==>...........................] - ETA: 0s - loss: 0.6003 - accuracy: 0.9062
8/8 [==============================] - 0s 3ms/step - loss: 0.5882 - accuracy: 0.8745
Epoch 7/25

1/8 [==>...........................] - ETA: 0s - loss: 0.5542 - accuracy: 0.8125
8/8 [==============================] - 0s 3ms/step - loss: 0.5359 - accuracy: 0.8831
Epoch 8/25

1/8 [==>...........................] - ETA: 0s - loss: 0.5096 - accuracy: 0.8125
8/8 [==============================] - 0s 3ms/step - loss: 0.4591 - accuracy: 0.8874
Epoch 9/25

1/8 [==>...........................] - ETA: 0s - loss: 0.3810 - accuracy: 0.9688
8/8 [==============================] - 0s 3ms/step - loss: 0.3683 - accuracy: 0.9307
Epoch 10/25

1/8 [==>...........................] - ETA: 0s - loss: 0.3268 - accuracy: 0.9688
8/8 [==============================] - 0s 3ms/step - loss: 0.3184 - accuracy: 0.9134
Epoch 11/25

1/8 [==>...........................] - ETA: 0s - loss: 0.1666 - accuracy: 0.9688
8/8 [==============================] - 0s 3ms/step - loss: 0.2226 - accuracy: 0.9610
Epoch 12/25

1/8 [==>...........................] - ETA: 0s - loss: 0.2068 - accuracy: 0.9688
8/8 [==============================] - 0s 4ms/step - loss: 0.1774 - accuracy: 0.9610
Epoch 13/25

1/8 [==>...........................] - ETA: 0s - loss: 0.1285 - accuracy: 1.0000
8/8 [==============================] - 0s 4ms/step - loss: 0.1087 - accuracy: 0.9870
Epoch 14/25

1/8 [==>...........................] - ETA: 0s - loss: 0.1080 - accuracy: 1.0000
8/8 [==============================] - 0s 4ms/step - loss: 0.0879 - accuracy: 0.9913
Epoch 15/25

1/8 [==>...........................] - ETA: 0s - loss: 0.0505 - accuracy: 1.0000
8/8 [==============================] - 0s 3ms/step - loss: 0.0550 - accuracy: 1.0000
Epoch 16/25

1/8 [==>...........................] - ETA: 0s - loss: 0.0348 - accuracy: 1.0000
8/8 [==============================] - 0s 3ms/step - loss: 0.0388 - accuracy: 1.0000
Epoch 17/25

1/8 [==>...........................] - ETA: 0s - loss: 0.0233 - accuracy: 1.0000
8/8 [==============================] - 0s 3ms/step - loss: 0.0262 - accuracy: 1.0000
Epoch 18/25

1/8 [==>...........................] - ETA: 0s - loss: 0.0284 - accuracy: 1.0000
8/8 [==============================] - 0s 3ms/step - loss: 0.0199 - accuracy: 1.0000
Epoch 19/25

1/8 [==>...........................] - ETA: 0s - loss: 0.0237 - accuracy: 1.0000
8/8 [==============================] - 0s 3ms/step - loss: 0.0160 - accuracy: 1.0000
Epoch 20/25

1/8 [==>...........................] - ETA: 0s - loss: 0.0132 - accuracy: 1.0000
8/8 [==============================] - 0s 3ms/step - loss: 0.0121 - accuracy: 1.0000
Epoch 21/25

1/8 [==>...........................] - ETA: 0s - loss: 0.0079 - accuracy: 1.0000
8/8 [==============================] - 0s 3ms/step - loss: 0.0093 - accuracy: 1.0000
Epoch 22/25

1/8 [==>...........................] - ETA: 0s - loss: 0.0087 - accuracy: 1.0000
8/8 [==============================] - 0s 3ms/step - loss: 0.0083 - accuracy: 1.0000
Epoch 23/25

1/8 [==>...........................] - ETA: 0s - loss: 0.0073 - accuracy: 1.0000
8/8 [==============================] - 0s 3ms/step - loss: 0.0067 - accuracy: 1.0000
Epoch 24/25

1/8 [==>...........................] - ETA: 0s - loss: 0.0065 - accuracy: 1.0000
8/8 [==============================] - 0s 3ms/step - loss: 0.0061 - accuracy: 1.0000
Epoch 25/25

1/8 [==>...........................] - ETA: 0s - loss: 0.0042 - accuracy: 1.0000
8/8 [==============================] - 0s 3ms/step - loss: 0.0050 - accuracy: 1.0000
# node2vec
Epoch 1/25

1/8 [==>...........................] - ETA: 2s - loss: 0.7026 - accuracy: 0.5625
8/8 [==============================] - 0s 2ms/step - loss: 0.6821 - accuracy: 0.5498
Epoch 2/25

1/8 [==>...........................] - ETA: 0s - loss: 0.6635 - accuracy: 0.5625
8/8 [==============================] - 0s 1ms/step - loss: 0.6624 - accuracy: 0.6190
Epoch 3/25

1/8 [==>...........................] - ETA: 0s - loss: 0.6129 - accuracy: 0.7188
8/8 [==============================] - 0s 2ms/step - loss: 0.5812 - accuracy: 0.7879
Epoch 4/25

1/8 [==>...........................] - ETA: 0s - loss: 0.5357 - accuracy: 0.9062
8/8 [==============================] - 0s 2ms/step - loss: 0.5417 - accuracy: 0.8701
Epoch 5/25

1/8 [==>...........................] - ETA: 0s - loss: 0.5134 - accuracy: 0.9375
8/8 [==============================] - 0s 2ms/step - loss: 0.5104 - accuracy: 0.8918
Epoch 6/25

1/8 [==>...........................] - ETA: 0s - loss: 0.4561 - accuracy: 0.9375
8/8 [==============================] - 0s 2ms/step - loss: 0.4549 - accuracy: 0.9134
Epoch 7/25

1/8 [==>...........................] - ETA: 0s - loss: 0.4033 - accuracy: 0.9375
8/8 [==============================] - 0s 2ms/step - loss: 0.4453 - accuracy: 0.9351
Epoch 8/25

1/8 [==>...........................] - ETA: 0s - loss: 0.3468 - accuracy: 1.0000
8/8 [==============================] - 0s 2ms/step - loss: 0.3945 - accuracy: 0.9567
Epoch 9/25

1/8 [==>...........................] - ETA: 0s - loss: 0.3682 - accuracy: 1.0000
8/8 [==============================] - 0s 2ms/step - loss: 0.3749 - accuracy: 0.9740
Epoch 10/25

1/8 [==>...........................] - ETA: 0s - loss: 0.3726 - accuracy: 0.9688
8/8 [==============================] - 0s 2ms/step - loss: 0.3461 - accuracy: 0.9567
Epoch 11/25

1/8 [==>...........................] - ETA: 0s - loss: 0.3369 - accuracy: 0.9062
8/8 [==============================] - 0s 2ms/step - loss: 0.3149 - accuracy: 0.9740
Epoch 12/25

1/8 [==>...........................] - ETA: 0s - loss: 0.2868 - accuracy: 1.0000
8/8 [==============================] - 0s 2ms/step - loss: 0.2820 - accuracy: 0.9870
Epoch 13/25

1/8 [==>...........................] - ETA: 0s - loss: 0.2601 - accuracy: 1.0000
8/8 [==============================] - 0s 2ms/step - loss: 0.2592 - accuracy: 0.9913
Epoch 14/25

1/8 [==>...........................] - ETA: 0s - loss: 0.2358 - accuracy: 1.0000
8/8 [==============================] - 0s 2ms/step - loss: 0.2414 - accuracy: 0.9913
Epoch 15/25

1/8 [==>...........................] - ETA: 0s - loss: 0.2064 - accuracy: 1.0000
8/8 [==============================] - 0s 2ms/step - loss: 0.2246 - accuracy: 0.9913
Epoch 16/25

1/8 [==>...........................] - ETA: 0s - loss: 0.1687 - accuracy: 1.0000
8/8 [==============================] - 0s 2ms/step - loss: 0.1998 - accuracy: 0.9957
Epoch 17/25

1/8 [==>...........................] - ETA: 0s - loss: 0.1750 - accuracy: 1.0000
8/8 [==============================] - 0s 2ms/step - loss: 0.1767 - accuracy: 1.0000
Epoch 18/25

1/8 [==>...........................] - ETA: 0s - loss: 0.1882 - accuracy: 1.0000
8/8 [==============================] - 0s 2ms/step - loss: 0.1663 - accuracy: 1.0000
Epoch 19/25

1/8 [==>...........................] - ETA: 0s - loss: 0.1996 - accuracy: 1.0000
8/8 [==============================] - 0s 2ms/step - loss: 0.1486 - accuracy: 1.0000
Epoch 20/25

1/8 [==>...........................] - ETA: 0s - loss: 0.1454 - accuracy: 1.0000
8/8 [==============================] - 0s 2ms/step - loss: 0.1395 - accuracy: 1.0000
Epoch 21/25

1/8 [==>...........................] - ETA: 0s - loss: 0.1128 - accuracy: 1.0000
8/8 [==============================] - 0s 2ms/step - loss: 0.1243 - accuracy: 1.0000
Epoch 22/25

1/8 [==>...........................] - ETA: 0s - loss: 0.1120 - accuracy: 1.0000
8/8 [==============================] - 0s 2ms/step - loss: 0.1169 - accuracy: 1.0000
Epoch 23/25

1/8 [==>...........................] - ETA: 0s - loss: 0.1082 - accuracy: 1.0000
8/8 [==============================] - 0s 2ms/step - loss: 0.1006 - accuracy: 1.0000
Epoch 24/25

1/8 [==>...........................] - ETA: 0s - loss: 0.0958 - accuracy: 1.0000
8/8 [==============================] - 0s 1ms/step - loss: 0.0950 - accuracy: 1.0000
Epoch 25/25

1/8 [==>...........................] - ETA: 0s - loss: 0.0933 - accuracy: 1.0000
8/8 [==============================] - 0s 2ms/step - loss: 0.0901 - accuracy: 1.0000
# predict: steps=102
# predict: tnodeembed_metrics
# predict: node2vec_metrics
tnodeembed: {'auc': 0.5804079635837178, 'f1_micro': 0.5450367647058824, 'f1_macro': 0.5450244227034601} tNodeEmbed_final_loss=0.004979176912456751 tNodeEmbed_final_accuracy=1.0 
node2vec: {'auc': 0.5866176395496924, 'f1_micro': 0.5533088235294118, 'f1_macro': 0.5529838947235531} node2vec_final_loss=0.09013283252716064 node2vec_final_accuracy=1.0 
