# load graph
Processing Static file: filename='CollegeMsg_20040612.csv'
# initialize tNodeEmbed for dataset=COLLEGE, test_size=0.2
# load dataset
# fit
# tNodeEmbed steps_per_epoch=8
Epoch 1/25

1/8 [==>...........................] - ETA: 11s - loss: 0.6907 - accuracy: 0.5625
8/8 [==============================] - 2s 3ms/step - loss: 0.6923 - accuracy: 0.4805
Epoch 2/25

1/8 [==>...........................] - ETA: 0s - loss: 0.6727 - accuracy: 0.6250
8/8 [==============================] - 0s 3ms/step - loss: 0.6762 - accuracy: 0.5974
Epoch 3/25

1/8 [==>...........................] - ETA: 0s - loss: 0.6753 - accuracy: 0.6562
8/8 [==============================] - 0s 3ms/step - loss: 0.6606 - accuracy: 0.8442
Epoch 4/25

1/8 [==>...........................] - ETA: 0s - loss: 0.6455 - accuracy: 0.9062
8/8 [==============================] - 0s 3ms/step - loss: 0.6400 - accuracy: 0.8745
Epoch 5/25

1/8 [==>...........................] - ETA: 0s - loss: 0.6076 - accuracy: 0.8750
8/8 [==============================] - 0s 3ms/step - loss: 0.6023 - accuracy: 0.8961
Epoch 6/25

1/8 [==>...........................] - ETA: 0s - loss: 0.5710 - accuracy: 0.8125
8/8 [==============================] - 0s 5ms/step - loss: 0.5466 - accuracy: 0.8745
Epoch 7/25

1/8 [==>...........................] - ETA: 0s - loss: 0.5451 - accuracy: 0.8750
8/8 [==============================] - 0s 4ms/step - loss: 0.4779 - accuracy: 0.9004
Epoch 8/25

1/8 [==>...........................] - ETA: 0s - loss: 0.4101 - accuracy: 0.9375
8/8 [==============================] - 0s 3ms/step - loss: 0.4061 - accuracy: 0.9091
Epoch 9/25

1/8 [==>...........................] - ETA: 0s - loss: 0.3097 - accuracy: 0.9688
8/8 [==============================] - 0s 3ms/step - loss: 0.3116 - accuracy: 0.9394
Epoch 10/25

1/8 [==>...........................] - ETA: 0s - loss: 0.2382 - accuracy: 1.0000
8/8 [==============================] - 0s 3ms/step - loss: 0.2453 - accuracy: 0.9567
Epoch 11/25

1/8 [==>...........................] - ETA: 0s - loss: 0.2261 - accuracy: 0.9688
8/8 [==============================] - 0s 3ms/step - loss: 0.1868 - accuracy: 0.9697
Epoch 12/25

1/8 [==>...........................] - ETA: 0s - loss: 0.1731 - accuracy: 0.9688
8/8 [==============================] - 0s 3ms/step - loss: 0.1262 - accuracy: 0.9913
Epoch 13/25

1/8 [==>...........................] - ETA: 0s - loss: 0.1451 - accuracy: 0.9688
8/8 [==============================] - 0s 3ms/step - loss: 0.1021 - accuracy: 0.9827
Epoch 14/25

1/8 [==>...........................] - ETA: 0s - loss: 0.0470 - accuracy: 1.0000
8/8 [==============================] - 0s 3ms/step - loss: 0.0726 - accuracy: 0.9870
Epoch 15/25

1/8 [==>...........................] - ETA: 0s - loss: 0.0404 - accuracy: 1.0000
8/8 [==============================] - 0s 3ms/step - loss: 0.0435 - accuracy: 0.9957
Epoch 16/25

1/8 [==>...........................] - ETA: 0s - loss: 0.0308 - accuracy: 1.0000
8/8 [==============================] - 0s 3ms/step - loss: 0.0377 - accuracy: 1.0000
Epoch 17/25

1/8 [==>...........................] - ETA: 0s - loss: 0.0241 - accuracy: 1.0000
8/8 [==============================] - 0s 3ms/step - loss: 0.0236 - accuracy: 1.0000
Epoch 18/25

1/8 [==>...........................] - ETA: 0s - loss: 0.0158 - accuracy: 1.0000
8/8 [==============================] - 0s 3ms/step - loss: 0.0185 - accuracy: 1.0000
Epoch 19/25

1/8 [==>...........................] - ETA: 0s - loss: 0.0153 - accuracy: 1.0000
8/8 [==============================] - 0s 3ms/step - loss: 0.0134 - accuracy: 1.0000
Epoch 20/25

1/8 [==>...........................] - ETA: 0s - loss: 0.0096 - accuracy: 1.0000
8/8 [==============================] - 0s 3ms/step - loss: 0.0109 - accuracy: 1.0000
Epoch 21/25

1/8 [==>...........................] - ETA: 0s - loss: 0.0116 - accuracy: 1.0000
8/8 [==============================] - 0s 3ms/step - loss: 0.0088 - accuracy: 1.0000
Epoch 22/25

1/8 [==>...........................] - ETA: 0s - loss: 0.0096 - accuracy: 1.0000
8/8 [==============================] - 0s 3ms/step - loss: 0.0071 - accuracy: 1.0000
Epoch 23/25

1/8 [==>...........................] - ETA: 0s - loss: 0.0053 - accuracy: 1.0000
8/8 [==============================] - 0s 3ms/step - loss: 0.0064 - accuracy: 1.0000
Epoch 24/25

1/8 [==>...........................] - ETA: 0s - loss: 0.0036 - accuracy: 1.0000
8/8 [==============================] - 0s 3ms/step - loss: 0.0055 - accuracy: 1.0000
Epoch 25/25

1/8 [==>...........................] - ETA: 0s - loss: 0.0043 - accuracy: 1.0000
8/8 [==============================] - 0s 3ms/step - loss: 0.0044 - accuracy: 1.0000
# node2vec
Epoch 1/25

1/8 [==>...........................] - ETA: 2s - loss: 0.7094 - accuracy: 0.4062
8/8 [==============================] - 0s 2ms/step - loss: 0.6909 - accuracy: 0.5065
Epoch 2/25

1/8 [==>...........................] - ETA: 0s - loss: 0.6576 - accuracy: 0.6250
8/8 [==============================] - 0s 2ms/step - loss: 0.6663 - accuracy: 0.5974
Epoch 3/25

1/8 [==>...........................] - ETA: 0s - loss: 0.5546 - accuracy: 0.8125
8/8 [==============================] - 0s 2ms/step - loss: 0.5966 - accuracy: 0.7229
Epoch 4/25

1/8 [==>...........................] - ETA: 0s - loss: 0.5693 - accuracy: 0.7188
8/8 [==============================] - 0s 2ms/step - loss: 0.5544 - accuracy: 0.7965
Epoch 5/25

1/8 [==>...........................] - ETA: 0s - loss: 0.4599 - accuracy: 0.9375
8/8 [==============================] - 0s 2ms/step - loss: 0.5109 - accuracy: 0.8831
Epoch 6/25

1/8 [==>...........................] - ETA: 0s - loss: 0.4777 - accuracy: 0.8750
8/8 [==============================] - 0s 3ms/step - loss: 0.4835 - accuracy: 0.8658
Epoch 7/25

1/8 [==>...........................] - ETA: 0s - loss: 0.4591 - accuracy: 0.9375
8/8 [==============================] - 0s 2ms/step - loss: 0.4339 - accuracy: 0.9437
Epoch 8/25

1/8 [==>...........................] - ETA: 0s - loss: 0.4628 - accuracy: 0.8750
8/8 [==============================] - 0s 2ms/step - loss: 0.4055 - accuracy: 0.9394
Epoch 9/25

1/8 [==>...........................] - ETA: 0s - loss: 0.3222 - accuracy: 1.0000
8/8 [==============================] - 0s 3ms/step - loss: 0.3735 - accuracy: 0.9394
Epoch 10/25

1/8 [==>...........................] - ETA: 0s - loss: 0.3310 - accuracy: 1.0000
8/8 [==============================] - 0s 2ms/step - loss: 0.3481 - accuracy: 0.9524
Epoch 11/25

1/8 [==>...........................] - ETA: 0s - loss: 0.3250 - accuracy: 0.9688
8/8 [==============================] - 0s 2ms/step - loss: 0.3136 - accuracy: 0.9697
Epoch 12/25

1/8 [==>...........................] - ETA: 0s - loss: 0.2938 - accuracy: 0.9688
8/8 [==============================] - 0s 2ms/step - loss: 0.2925 - accuracy: 0.9654
Epoch 13/25

1/8 [==>...........................] - ETA: 0s - loss: 0.2540 - accuracy: 1.0000
8/8 [==============================] - 0s 2ms/step - loss: 0.2622 - accuracy: 0.9870
Epoch 14/25

1/8 [==>...........................] - ETA: 0s - loss: 0.2686 - accuracy: 0.9688
8/8 [==============================] - 0s 2ms/step - loss: 0.2464 - accuracy: 0.9870
Epoch 15/25

1/8 [==>...........................] - ETA: 0s - loss: 0.2316 - accuracy: 1.0000
8/8 [==============================] - 0s 2ms/step - loss: 0.2209 - accuracy: 0.9784
Epoch 16/25

1/8 [==>...........................] - ETA: 0s - loss: 0.2112 - accuracy: 0.9688
8/8 [==============================] - 0s 2ms/step - loss: 0.1946 - accuracy: 0.9913
Epoch 17/25

1/8 [==>...........................] - ETA: 0s - loss: 0.1645 - accuracy: 1.0000
8/8 [==============================] - 0s 2ms/step - loss: 0.1832 - accuracy: 0.9913
Epoch 18/25

1/8 [==>...........................] - ETA: 0s - loss: 0.1624 - accuracy: 1.0000
8/8 [==============================] - 0s 2ms/step - loss: 0.1673 - accuracy: 0.9913
Epoch 19/25

1/8 [==>...........................] - ETA: 0s - loss: 0.1653 - accuracy: 1.0000
8/8 [==============================] - 0s 2ms/step - loss: 0.1558 - accuracy: 0.9957
Epoch 20/25

1/8 [==>...........................] - ETA: 0s - loss: 0.1391 - accuracy: 1.0000
8/8 [==============================] - 0s 2ms/step - loss: 0.1366 - accuracy: 0.9957
Epoch 21/25

1/8 [==>...........................] - ETA: 0s - loss: 0.1304 - accuracy: 1.0000
8/8 [==============================] - 0s 2ms/step - loss: 0.1272 - accuracy: 0.9957
Epoch 22/25

1/8 [==>...........................] - ETA: 0s - loss: 0.1066 - accuracy: 1.0000
8/8 [==============================] - 0s 3ms/step - loss: 0.1118 - accuracy: 0.9957
Epoch 23/25

1/8 [==>...........................] - ETA: 0s - loss: 0.0970 - accuracy: 1.0000
8/8 [==============================] - 0s 2ms/step - loss: 0.1039 - accuracy: 1.0000
Epoch 24/25

1/8 [==>...........................] - ETA: 0s - loss: 0.1135 - accuracy: 1.0000
8/8 [==============================] - 0s 2ms/step - loss: 0.1001 - accuracy: 1.0000
Epoch 25/25

1/8 [==>...........................] - ETA: 0s - loss: 0.0853 - accuracy: 1.0000
8/8 [==============================] - 0s 2ms/step - loss: 0.0838 - accuracy: 1.0000
# predict: steps=102
# predict: tnodeembed_metrics
# predict: node2vec_metrics
tnodeembed: {'auc': 0.6011502487024222, 'f1_micro': 0.5772058823529411, 'f1_macro': 0.5760009488469815} tNodeEmbed_final_loss=0.004446644801646471 tNodeEmbed_final_accuracy=1.0 
node2vec: {'auc': 0.6158497482939255, 'f1_micro': 0.5793504901960784, 'f1_macro': 0.5793330770736268} node2vec_final_loss=0.08376435935497284 node2vec_final_accuracy=1.0 
