# load graph
Processing Static file: filename='CollegeMsg_20040610.csv'
# initialize tNodeEmbed for dataset=COLLEGE, test_size=0.2
# load dataset
# fit
# tNodeEmbed steps_per_epoch=8
Epoch 1/25

1/8 [==>...........................] - ETA: 9s - loss: 0.6932 - accuracy: 0.4688
8/8 [==============================] - 1s 3ms/step - loss: 0.6915 - accuracy: 0.5411
Epoch 2/25

1/8 [==>...........................] - ETA: 0s - loss: 0.6805 - accuracy: 0.7188
8/8 [==============================] - 0s 3ms/step - loss: 0.6840 - accuracy: 0.6061
Epoch 3/25

1/8 [==>...........................] - ETA: 0s - loss: 0.6796 - accuracy: 0.5312
8/8 [==============================] - 0s 3ms/step - loss: 0.6674 - accuracy: 0.6407
Epoch 4/25

1/8 [==>...........................] - ETA: 0s - loss: 0.6615 - accuracy: 0.6875
8/8 [==============================] - 0s 3ms/step - loss: 0.6509 - accuracy: 0.7056
Epoch 5/25

1/8 [==>...........................] - ETA: 0s - loss: 0.6240 - accuracy: 0.8438
8/8 [==============================] - 0s 3ms/step - loss: 0.6250 - accuracy: 0.8615
Epoch 6/25

1/8 [==>...........................] - ETA: 0s - loss: 0.6147 - accuracy: 0.8125
8/8 [==============================] - 0s 3ms/step - loss: 0.5784 - accuracy: 0.8918
Epoch 7/25

1/8 [==>...........................] - ETA: 0s - loss: 0.5663 - accuracy: 0.7500
8/8 [==============================] - 0s 3ms/step - loss: 0.5249 - accuracy: 0.8485
Epoch 8/25

1/8 [==>...........................] - ETA: 0s - loss: 0.4898 - accuracy: 0.9375
8/8 [==============================] - 0s 3ms/step - loss: 0.4451 - accuracy: 0.9091
Epoch 9/25

1/8 [==>...........................] - ETA: 0s - loss: 0.3916 - accuracy: 0.8750
8/8 [==============================] - 0s 3ms/step - loss: 0.3594 - accuracy: 0.9351
Epoch 10/25

1/8 [==>...........................] - ETA: 0s - loss: 0.2991 - accuracy: 0.9688
8/8 [==============================] - 0s 3ms/step - loss: 0.2894 - accuracy: 0.9307
Epoch 11/25

1/8 [==>...........................] - ETA: 0s - loss: 0.2430 - accuracy: 0.9375
8/8 [==============================] - 0s 3ms/step - loss: 0.2012 - accuracy: 0.9697
Epoch 12/25

1/8 [==>...........................] - ETA: 0s - loss: 0.1667 - accuracy: 0.9688
8/8 [==============================] - 0s 3ms/step - loss: 0.1569 - accuracy: 0.9827
Epoch 13/25

1/8 [==>...........................] - ETA: 0s - loss: 0.1312 - accuracy: 1.0000
8/8 [==============================] - 0s 4ms/step - loss: 0.1048 - accuracy: 0.9913
Epoch 14/25

1/8 [==>...........................] - ETA: 0s - loss: 0.0686 - accuracy: 1.0000
8/8 [==============================] - 0s 3ms/step - loss: 0.0685 - accuracy: 0.9957
Epoch 15/25

1/8 [==>...........................] - ETA: 0s - loss: 0.0526 - accuracy: 1.0000
8/8 [==============================] - 0s 3ms/step - loss: 0.0501 - accuracy: 1.0000
Epoch 16/25

1/8 [==>...........................] - ETA: 0s - loss: 0.0438 - accuracy: 1.0000
8/8 [==============================] - 0s 3ms/step - loss: 0.0345 - accuracy: 1.0000
Epoch 17/25

1/8 [==>...........................] - ETA: 0s - loss: 0.0343 - accuracy: 1.0000
8/8 [==============================] - 0s 3ms/step - loss: 0.0234 - accuracy: 1.0000
Epoch 18/25

1/8 [==>...........................] - ETA: 0s - loss: 0.0198 - accuracy: 1.0000
8/8 [==============================] - 0s 3ms/step - loss: 0.0172 - accuracy: 1.0000
Epoch 19/25

1/8 [==>...........................] - ETA: 0s - loss: 0.0165 - accuracy: 1.0000
8/8 [==============================] - 0s 3ms/step - loss: 0.0135 - accuracy: 1.0000
Epoch 20/25

1/8 [==>...........................] - ETA: 0s - loss: 0.0118 - accuracy: 1.0000
8/8 [==============================] - 0s 3ms/step - loss: 0.0103 - accuracy: 1.0000
Epoch 21/25

1/8 [==>...........................] - ETA: 0s - loss: 0.0109 - accuracy: 1.0000
8/8 [==============================] - 0s 3ms/step - loss: 0.0080 - accuracy: 1.0000
Epoch 22/25

1/8 [==>...........................] - ETA: 0s - loss: 0.0068 - accuracy: 1.0000
8/8 [==============================] - 0s 3ms/step - loss: 0.0071 - accuracy: 1.0000
Epoch 23/25

1/8 [==>...........................] - ETA: 0s - loss: 0.0077 - accuracy: 1.0000
8/8 [==============================] - 0s 3ms/step - loss: 0.0063 - accuracy: 1.0000
Epoch 24/25

1/8 [==>...........................] - ETA: 0s - loss: 0.0049 - accuracy: 1.0000
8/8 [==============================] - 0s 3ms/step - loss: 0.0049 - accuracy: 1.0000
Epoch 25/25

1/8 [==>...........................] - ETA: 0s - loss: 0.0058 - accuracy: 1.0000
8/8 [==============================] - 0s 3ms/step - loss: 0.0045 - accuracy: 1.0000
# node2vec
Epoch 1/25

1/8 [==>...........................] - ETA: 2s - loss: 0.7202 - accuracy: 0.4375
8/8 [==============================] - 0s 2ms/step - loss: 0.6709 - accuracy: 0.5498
Epoch 2/25

1/8 [==>...........................] - ETA: 0s - loss: 0.6856 - accuracy: 0.5625
8/8 [==============================] - 0s 2ms/step - loss: 0.6551 - accuracy: 0.6277
Epoch 3/25

1/8 [==>...........................] - ETA: 0s - loss: 0.5592 - accuracy: 0.9062
8/8 [==============================] - 0s 2ms/step - loss: 0.5837 - accuracy: 0.8139
Epoch 4/25

1/8 [==>...........................] - ETA: 0s - loss: 0.5656 - accuracy: 0.9375
8/8 [==============================] - 0s 2ms/step - loss: 0.5305 - accuracy: 0.8831
Epoch 5/25

1/8 [==>...........................] - ETA: 0s - loss: 0.4673 - accuracy: 0.9062
8/8 [==============================] - 0s 2ms/step - loss: 0.4920 - accuracy: 0.9048
Epoch 6/25

1/8 [==>...........................] - ETA: 0s - loss: 0.4688 - accuracy: 0.9688
8/8 [==============================] - 0s 2ms/step - loss: 0.4680 - accuracy: 0.9264
Epoch 7/25

1/8 [==>...........................] - ETA: 0s - loss: 0.4337 - accuracy: 0.9062
8/8 [==============================] - 0s 2ms/step - loss: 0.4183 - accuracy: 0.9437
Epoch 8/25

1/8 [==>...........................] - ETA: 0s - loss: 0.4359 - accuracy: 0.9688
8/8 [==============================] - 0s 2ms/step - loss: 0.3926 - accuracy: 0.9697
Epoch 9/25

1/8 [==>...........................] - ETA: 0s - loss: 0.4404 - accuracy: 0.8750
8/8 [==============================] - 0s 2ms/step - loss: 0.3637 - accuracy: 0.9610
Epoch 10/25

1/8 [==>...........................] - ETA: 0s - loss: 0.3499 - accuracy: 0.9688
8/8 [==============================] - 0s 2ms/step - loss: 0.3270 - accuracy: 0.9740
Epoch 11/25

1/8 [==>...........................] - ETA: 0s - loss: 0.2842 - accuracy: 1.0000
8/8 [==============================] - 0s 2ms/step - loss: 0.3009 - accuracy: 0.9784
Epoch 12/25

1/8 [==>...........................] - ETA: 0s - loss: 0.2449 - accuracy: 1.0000
8/8 [==============================] - 0s 3ms/step - loss: 0.2770 - accuracy: 0.9913
Epoch 13/25

1/8 [==>...........................] - ETA: 0s - loss: 0.2394 - accuracy: 1.0000
8/8 [==============================] - 0s 3ms/step - loss: 0.2503 - accuracy: 0.9913
Epoch 14/25

1/8 [==>...........................] - ETA: 0s - loss: 0.2005 - accuracy: 1.0000
8/8 [==============================] - 0s 3ms/step - loss: 0.2200 - accuracy: 0.9913
Epoch 15/25

1/8 [==>...........................] - ETA: 0s - loss: 0.2396 - accuracy: 1.0000
8/8 [==============================] - 0s 3ms/step - loss: 0.2179 - accuracy: 0.9957
Epoch 16/25

1/8 [==>...........................] - ETA: 0s - loss: 0.1729 - accuracy: 1.0000
8/8 [==============================] - 0s 3ms/step - loss: 0.1847 - accuracy: 0.9957
Epoch 17/25

1/8 [==>...........................] - ETA: 0s - loss: 0.1881 - accuracy: 1.0000
8/8 [==============================] - 0s 3ms/step - loss: 0.1754 - accuracy: 0.9957
Epoch 18/25

1/8 [==>...........................] - ETA: 0s - loss: 0.1529 - accuracy: 1.0000
8/8 [==============================] - 0s 3ms/step - loss: 0.1551 - accuracy: 0.9913
Epoch 19/25

1/8 [==>...........................] - ETA: 0s - loss: 0.1486 - accuracy: 1.0000
8/8 [==============================] - 0s 2ms/step - loss: 0.1372 - accuracy: 1.0000
Epoch 20/25

1/8 [==>...........................] - ETA: 0s - loss: 0.1646 - accuracy: 0.9688
8/8 [==============================] - 0s 3ms/step - loss: 0.1287 - accuracy: 0.9957
Epoch 21/25

1/8 [==>...........................] - ETA: 0s - loss: 0.0953 - accuracy: 1.0000
8/8 [==============================] - 0s 2ms/step - loss: 0.1162 - accuracy: 0.9957
Epoch 22/25

1/8 [==>...........................] - ETA: 0s - loss: 0.1198 - accuracy: 1.0000
8/8 [==============================] - 0s 2ms/step - loss: 0.1087 - accuracy: 1.0000
Epoch 23/25

1/8 [==>...........................] - ETA: 0s - loss: 0.1001 - accuracy: 1.0000
8/8 [==============================] - 0s 2ms/step - loss: 0.0974 - accuracy: 1.0000
Epoch 24/25

1/8 [==>...........................] - ETA: 0s - loss: 0.0820 - accuracy: 1.0000
8/8 [==============================] - 0s 2ms/step - loss: 0.0872 - accuracy: 1.0000
Epoch 25/25

1/8 [==>...........................] - ETA: 0s - loss: 0.0841 - accuracy: 1.0000
8/8 [==============================] - 0s 2ms/step - loss: 0.0829 - accuracy: 1.0000
# predict: steps=102
# predict: tnodeembed_metrics
# predict: node2vec_metrics
tnodeembed: {'auc': 0.6085632629277201, 'f1_micro': 0.5833333333333334, 'f1_macro': 0.583002042604614} tNodeEmbed_final_loss=0.004495828412473202 tNodeEmbed_final_accuracy=1.0 
node2vec: {'auc': 0.6016772019776047, 'f1_micro': 0.5741421568627451, 'f1_macro': 0.5741407178378135} node2vec_final_loss=0.08291371166706085 node2vec_final_accuracy=1.0 
