# load graph
Processing Static file: filename='CollegeMsg_20040605.csv'
# initialize tNodeEmbed for dataset=COLLEGE, test_size=0.2
# load dataset
# fit
# tNodeEmbed steps_per_epoch=8
Epoch 1/25

1/8 [==>...........................] - ETA: 8s - loss: 0.6870 - accuracy: 0.5625
8/8 [==============================] - 1s 3ms/step - loss: 0.6896 - accuracy: 0.5152
Epoch 2/25

1/8 [==>...........................] - ETA: 0s - loss: 0.6909 - accuracy: 0.5000
8/8 [==============================] - 0s 4ms/step - loss: 0.6762 - accuracy: 0.6537
Epoch 3/25

1/8 [==>...........................] - ETA: 0s - loss: 0.6503 - accuracy: 0.9688
8/8 [==============================] - 0s 3ms/step - loss: 0.6514 - accuracy: 0.8658
Epoch 4/25

1/8 [==>...........................] - ETA: 0s - loss: 0.6267 - accuracy: 0.8750
8/8 [==============================] - 0s 3ms/step - loss: 0.6244 - accuracy: 0.8398
Epoch 5/25

1/8 [==>...........................] - ETA: 0s - loss: 0.5863 - accuracy: 1.0000
8/8 [==============================] - 0s 3ms/step - loss: 0.5851 - accuracy: 0.8788
Epoch 6/25

1/8 [==>...........................] - ETA: 0s - loss: 0.5584 - accuracy: 0.8438
8/8 [==============================] - 0s 3ms/step - loss: 0.5137 - accuracy: 0.8701
Epoch 7/25

1/8 [==>...........................] - ETA: 0s - loss: 0.4637 - accuracy: 0.9062
8/8 [==============================] - 0s 3ms/step - loss: 0.4494 - accuracy: 0.8918
Epoch 8/25

1/8 [==>...........................] - ETA: 0s - loss: 0.3644 - accuracy: 0.9062
8/8 [==============================] - 0s 3ms/step - loss: 0.3658 - accuracy: 0.9004
Epoch 9/25

1/8 [==>...........................] - ETA: 0s - loss: 0.2869 - accuracy: 0.9062
8/8 [==============================] - 0s 3ms/step - loss: 0.3057 - accuracy: 0.9004
Epoch 10/25

1/8 [==>...........................] - ETA: 0s - loss: 0.2525 - accuracy: 0.8750
8/8 [==============================] - 0s 3ms/step - loss: 0.2281 - accuracy: 0.9394
Epoch 11/25

1/8 [==>...........................] - ETA: 0s - loss: 0.2216 - accuracy: 0.9062
8/8 [==============================] - 0s 3ms/step - loss: 0.2076 - accuracy: 0.9481
Epoch 12/25

1/8 [==>...........................] - ETA: 0s - loss: 0.0813 - accuracy: 1.0000
8/8 [==============================] - 0s 3ms/step - loss: 0.1540 - accuracy: 0.9654
Epoch 13/25

1/8 [==>...........................] - ETA: 0s - loss: 0.0853 - accuracy: 1.0000
8/8 [==============================] - 0s 4ms/step - loss: 0.1051 - accuracy: 0.9827
Epoch 14/25

1/8 [==>...........................] - ETA: 0s - loss: 0.0738 - accuracy: 1.0000
8/8 [==============================] - 0s 3ms/step - loss: 0.0909 - accuracy: 0.9957
Epoch 15/25

1/8 [==>...........................] - ETA: 0s - loss: 0.0457 - accuracy: 1.0000
8/8 [==============================] - 0s 3ms/step - loss: 0.0618 - accuracy: 0.9957
Epoch 16/25

1/8 [==>...........................] - ETA: 0s - loss: 0.0697 - accuracy: 0.9688
8/8 [==============================] - 0s 3ms/step - loss: 0.0472 - accuracy: 0.9957
Epoch 17/25

1/8 [==>...........................] - ETA: 0s - loss: 0.0305 - accuracy: 1.0000
8/8 [==============================] - 0s 3ms/step - loss: 0.0358 - accuracy: 0.9957
Epoch 18/25

1/8 [==>...........................] - ETA: 0s - loss: 0.0402 - accuracy: 1.0000
8/8 [==============================] - 0s 3ms/step - loss: 0.0269 - accuracy: 0.9957
Epoch 19/25

1/8 [==>...........................] - ETA: 0s - loss: 0.0259 - accuracy: 1.0000
8/8 [==============================] - 0s 3ms/step - loss: 0.0230 - accuracy: 0.9957
Epoch 20/25

1/8 [==>...........................] - ETA: 0s - loss: 0.0137 - accuracy: 1.0000
8/8 [==============================] - 0s 3ms/step - loss: 0.0183 - accuracy: 0.9957
Epoch 21/25

1/8 [==>...........................] - ETA: 0s - loss: 0.0112 - accuracy: 1.0000
8/8 [==============================] - 0s 3ms/step - loss: 0.0162 - accuracy: 0.9957
Epoch 22/25

1/8 [==>...........................] - ETA: 0s - loss: 0.0390 - accuracy: 0.9688
8/8 [==============================] - 0s 3ms/step - loss: 0.0140 - accuracy: 0.9957
Epoch 23/25

1/8 [==>...........................] - ETA: 0s - loss: 0.0112 - accuracy: 1.0000
8/8 [==============================] - 0s 3ms/step - loss: 0.0119 - accuracy: 0.9957
Epoch 24/25

1/8 [==>...........................] - ETA: 0s - loss: 0.0097 - accuracy: 1.0000
8/8 [==============================] - 0s 3ms/step - loss: 0.0118 - accuracy: 0.9957
Epoch 25/25

1/8 [==>...........................] - ETA: 0s - loss: 0.0096 - accuracy: 1.0000
8/8 [==============================] - 0s 3ms/step - loss: 0.0095 - accuracy: 0.9957
# node2vec
Epoch 1/25

1/8 [==>...........................] - ETA: 2s - loss: 0.7069 - accuracy: 0.4375
8/8 [==============================] - 0s 2ms/step - loss: 0.6991 - accuracy: 0.4935
Epoch 2/25

1/8 [==>...........................] - ETA: 0s - loss: 0.6311 - accuracy: 0.6875
8/8 [==============================] - 0s 2ms/step - loss: 0.6255 - accuracy: 0.6840
Epoch 3/25

1/8 [==>...........................] - ETA: 0s - loss: 0.5680 - accuracy: 0.8438
8/8 [==============================] - 0s 2ms/step - loss: 0.5846 - accuracy: 0.7835
Epoch 4/25

1/8 [==>...........................] - ETA: 0s - loss: 0.5199 - accuracy: 0.8438
8/8 [==============================] - 0s 2ms/step - loss: 0.5289 - accuracy: 0.8615
Epoch 5/25

1/8 [==>...........................] - ETA: 0s - loss: 0.4820 - accuracy: 0.8750
8/8 [==============================] - 0s 2ms/step - loss: 0.4909 - accuracy: 0.8831
Epoch 6/25

1/8 [==>...........................] - ETA: 0s - loss: 0.4355 - accuracy: 0.9375
8/8 [==============================] - 0s 2ms/step - loss: 0.4553 - accuracy: 0.9134
Epoch 7/25

1/8 [==>...........................] - ETA: 0s - loss: 0.4702 - accuracy: 0.9062
8/8 [==============================] - 0s 2ms/step - loss: 0.4299 - accuracy: 0.9134
Epoch 8/25

1/8 [==>...........................] - ETA: 0s - loss: 0.3811 - accuracy: 1.0000
8/8 [==============================] - 0s 2ms/step - loss: 0.4059 - accuracy: 0.9351
Epoch 9/25

1/8 [==>...........................] - ETA: 0s - loss: 0.3453 - accuracy: 0.9688
8/8 [==============================] - 0s 2ms/step - loss: 0.3540 - accuracy: 0.9567
Epoch 10/25

1/8 [==>...........................] - ETA: 0s - loss: 0.3989 - accuracy: 0.9688
8/8 [==============================] - 0s 2ms/step - loss: 0.3346 - accuracy: 0.9740
Epoch 11/25

1/8 [==>...........................] - ETA: 0s - loss: 0.2880 - accuracy: 0.9375
8/8 [==============================] - 0s 2ms/step - loss: 0.3002 - accuracy: 0.9610
Epoch 12/25

1/8 [==>...........................] - ETA: 0s - loss: 0.3103 - accuracy: 0.9688
8/8 [==============================] - 0s 2ms/step - loss: 0.2864 - accuracy: 0.9697
Epoch 13/25

1/8 [==>...........................] - ETA: 0s - loss: 0.2752 - accuracy: 0.9688
8/8 [==============================] - 0s 2ms/step - loss: 0.2589 - accuracy: 0.9784
Epoch 14/25

1/8 [==>...........................] - ETA: 0s - loss: 0.2687 - accuracy: 0.9688
8/8 [==============================] - 0s 2ms/step - loss: 0.2397 - accuracy: 0.9827
Epoch 15/25

1/8 [==>...........................] - ETA: 0s - loss: 0.1657 - accuracy: 1.0000
8/8 [==============================] - 0s 2ms/step - loss: 0.2100 - accuracy: 0.9870
Epoch 16/25

1/8 [==>...........................] - ETA: 0s - loss: 0.1852 - accuracy: 1.0000
8/8 [==============================] - 0s 2ms/step - loss: 0.2016 - accuracy: 0.9870
Epoch 17/25

1/8 [==>...........................] - ETA: 0s - loss: 0.1740 - accuracy: 1.0000
8/8 [==============================] - 0s 2ms/step - loss: 0.1731 - accuracy: 0.9957
Epoch 18/25

1/8 [==>...........................] - ETA: 0s - loss: 0.1939 - accuracy: 0.9688
8/8 [==============================] - 0s 2ms/step - loss: 0.1630 - accuracy: 0.9913
Epoch 19/25

1/8 [==>...........................] - ETA: 0s - loss: 0.1148 - accuracy: 1.0000
8/8 [==============================] - 0s 2ms/step - loss: 0.1517 - accuracy: 0.9957
Epoch 20/25

1/8 [==>...........................] - ETA: 0s - loss: 0.1599 - accuracy: 0.9688
8/8 [==============================] - 0s 3ms/step - loss: 0.1344 - accuracy: 0.9957
Epoch 21/25

1/8 [==>...........................] - ETA: 0s - loss: 0.1422 - accuracy: 1.0000
8/8 [==============================] - 0s 2ms/step - loss: 0.1242 - accuracy: 0.9957
Epoch 22/25

1/8 [==>...........................] - ETA: 0s - loss: 0.1048 - accuracy: 1.0000
8/8 [==============================] - 0s 2ms/step - loss: 0.1177 - accuracy: 0.9913
Epoch 23/25

1/8 [==>...........................] - ETA: 0s - loss: 0.0988 - accuracy: 1.0000
8/8 [==============================] - 0s 2ms/step - loss: 0.0989 - accuracy: 1.0000
Epoch 24/25

1/8 [==>...........................] - ETA: 0s - loss: 0.1082 - accuracy: 1.0000
8/8 [==============================] - 0s 2ms/step - loss: 0.0944 - accuracy: 0.9957
Epoch 25/25

1/8 [==>...........................] - ETA: 0s - loss: 0.1052 - accuracy: 0.9688
8/8 [==============================] - 0s 2ms/step - loss: 0.0854 - accuracy: 0.9957
# predict: steps=102
# predict: tnodeembed_metrics
# predict: node2vec_metrics
tnodeembed: {'auc': 0.5953571417844098, 'f1_micro': 0.5704656862745098, 'f1_macro': 0.5704598804229799} tNodeEmbed_final_loss=0.009537086822092533 tNodeEmbed_final_accuracy=0.9956709742546082 
node2vec: {'auc': 0.5996578088956172, 'f1_micro': 0.5670955882352942, 'f1_macro': 0.5659864878942407} node2vec_final_loss=0.08544743061065674 node2vec_final_accuracy=0.9956709742546082 
