# load graph
Processing Static file: filename='interactions_with_dates_2003.csv'
# initialize tNodeEmbed for dataset=PPI, test_size=0.2
# load dataset
# fit
# tNodeEmbed steps_per_epoch=67
Epoch 1/25

 1/67 [..............................] - ETA: 1:24 - loss: 0.6946 - accuracy: 0.4688
20/67 [=======>......................] - ETA: 0s - loss: 0.6841 - accuracy: 0.6094  
39/67 [================>.............] - ETA: 0s - loss: 0.6647 - accuracy: 0.6346
59/67 [=========================>....] - ETA: 0s - loss: 0.6449 - accuracy: 0.6589
67/67 [==============================] - 1s 3ms/step - loss: 0.6341 - accuracy: 0.6682
Epoch 2/25

 1/67 [..............................] - ETA: 0s - loss: 0.3835 - accuracy: 0.9062
19/67 [=======>......................] - ETA: 0s - loss: 0.5401 - accuracy: 0.7615
40/67 [================>.............] - ETA: 0s - loss: 0.5407 - accuracy: 0.7398
59/67 [=========================>....] - ETA: 0s - loss: 0.5375 - accuracy: 0.7415
67/67 [==============================] - 0s 3ms/step - loss: 0.5293 - accuracy: 0.7485
Epoch 3/25

 1/67 [..............................] - ETA: 0s - loss: 0.5377 - accuracy: 0.7812
21/67 [========>.....................] - ETA: 0s - loss: 0.4615 - accuracy: 0.7932
41/67 [=================>............] - ETA: 0s - loss: 0.4667 - accuracy: 0.7965
61/67 [==========================>...] - ETA: 0s - loss: 0.4709 - accuracy: 0.7874
67/67 [==============================] - 0s 3ms/step - loss: 0.4762 - accuracy: 0.7844
Epoch 4/25

 1/67 [..............................] - ETA: 0s - loss: 0.5319 - accuracy: 0.7188
21/67 [========>.....................] - ETA: 0s - loss: 0.4721 - accuracy: 0.7783
39/67 [================>.............] - ETA: 0s - loss: 0.4542 - accuracy: 0.7981
60/67 [=========================>....] - ETA: 0s - loss: 0.4366 - accuracy: 0.8083
67/67 [==============================] - 0s 3ms/step - loss: 0.4330 - accuracy: 0.8115
Epoch 5/25

 1/67 [..............................] - ETA: 0s - loss: 0.2856 - accuracy: 0.8750
21/67 [========>.....................] - ETA: 0s - loss: 0.3734 - accuracy: 0.8363
41/67 [=================>............] - ETA: 0s - loss: 0.3939 - accuracy: 0.8201
59/67 [=========================>....] - ETA: 0s - loss: 0.3904 - accuracy: 0.8289
67/67 [==============================] - 0s 3ms/step - loss: 0.3935 - accuracy: 0.8278
Epoch 6/25

 1/67 [..............................] - ETA: 0s - loss: 0.3731 - accuracy: 0.8125
19/67 [=======>......................] - ETA: 0s - loss: 0.3449 - accuracy: 0.8717
38/67 [================>.............] - ETA: 0s - loss: 0.3495 - accuracy: 0.8594
59/67 [=========================>....] - ETA: 0s - loss: 0.3453 - accuracy: 0.8591
67/67 [==============================] - 0s 3ms/step - loss: 0.3520 - accuracy: 0.8525
Epoch 7/25

 1/67 [..............................] - ETA: 0s - loss: 0.3740 - accuracy: 0.8125
22/67 [========>.....................] - ETA: 0s - loss: 0.2825 - accuracy: 0.8935
44/67 [==================>...........] - ETA: 0s - loss: 0.2909 - accuracy: 0.8871
65/67 [============================>.] - ETA: 0s - loss: 0.2935 - accuracy: 0.8875
67/67 [==============================] - 0s 2ms/step - loss: 0.2947 - accuracy: 0.8871
Epoch 8/25

 1/67 [..............................] - ETA: 0s - loss: 0.2559 - accuracy: 0.9062
21/67 [========>.....................] - ETA: 0s - loss: 0.2236 - accuracy: 0.9256
41/67 [=================>............] - ETA: 0s - loss: 0.2349 - accuracy: 0.9139
60/67 [=========================>....] - ETA: 0s - loss: 0.2533 - accuracy: 0.9026
67/67 [==============================] - 0s 3ms/step - loss: 0.2568 - accuracy: 0.9006
Epoch 9/25

 1/67 [..............................] - ETA: 0s - loss: 0.2396 - accuracy: 0.9062
19/67 [=======>......................] - ETA: 0s - loss: 0.2370 - accuracy: 0.9243
38/67 [================>.............] - ETA: 0s - loss: 0.2299 - accuracy: 0.9186
59/67 [=========================>....] - ETA: 0s - loss: 0.2258 - accuracy: 0.9195
67/67 [==============================] - 0s 3ms/step - loss: 0.2256 - accuracy: 0.9202
Epoch 10/25

 1/67 [..............................] - ETA: 0s - loss: 0.2714 - accuracy: 0.9062
22/67 [========>.....................] - ETA: 0s - loss: 0.1886 - accuracy: 0.9403
43/67 [==================>...........] - ETA: 0s - loss: 0.1913 - accuracy: 0.9397
64/67 [===========================>..] - ETA: 0s - loss: 0.1956 - accuracy: 0.9336
67/67 [==============================] - 0s 2ms/step - loss: 0.1967 - accuracy: 0.9337
Epoch 11/25

 1/67 [..............................] - ETA: 0s - loss: 0.1809 - accuracy: 0.9375
20/67 [=======>......................] - ETA: 0s - loss: 0.1870 - accuracy: 0.9328
38/67 [================>.............] - ETA: 0s - loss: 0.1764 - accuracy: 0.9375
57/67 [========================>.....] - ETA: 0s - loss: 0.1779 - accuracy: 0.9375
67/67 [==============================] - 0s 3ms/step - loss: 0.1793 - accuracy: 0.9375
Epoch 12/25

 1/67 [..............................] - ETA: 0s - loss: 0.1403 - accuracy: 0.9688
21/67 [========>.....................] - ETA: 0s - loss: 0.1685 - accuracy: 0.9420
42/67 [=================>............] - ETA: 0s - loss: 0.1574 - accuracy: 0.9479
63/67 [===========================>..] - ETA: 0s - loss: 0.1637 - accuracy: 0.9459
67/67 [==============================] - 0s 2ms/step - loss: 0.1604 - accuracy: 0.9473
Epoch 13/25

 1/67 [..............................] - ETA: 0s - loss: 0.1140 - accuracy: 0.9688
22/67 [========>.....................] - ETA: 0s - loss: 0.1307 - accuracy: 0.9588
41/67 [=================>............] - ETA: 0s - loss: 0.1412 - accuracy: 0.9535
54/67 [=======================>......] - ETA: 0s - loss: 0.1523 - accuracy: 0.9491
67/67 [==============================] - 0s 3ms/step - loss: 0.1576 - accuracy: 0.9463
Epoch 14/25

 1/67 [..............................] - ETA: 0s - loss: 0.3608 - accuracy: 0.8125
21/67 [========>.....................] - ETA: 0s - loss: 0.1545 - accuracy: 0.9405
42/67 [=================>............] - ETA: 0s - loss: 0.1585 - accuracy: 0.9405
64/67 [===========================>..] - ETA: 0s - loss: 0.1561 - accuracy: 0.9448
67/67 [==============================] - 0s 2ms/step - loss: 0.1563 - accuracy: 0.9449
Epoch 15/25

 1/67 [..............................] - ETA: 0s - loss: 0.1691 - accuracy: 0.9375
22/67 [========>.....................] - ETA: 0s - loss: 0.1426 - accuracy: 0.9503
43/67 [==================>...........] - ETA: 0s - loss: 0.1360 - accuracy: 0.9535
64/67 [===========================>..] - ETA: 0s - loss: 0.1458 - accuracy: 0.9482
67/67 [==============================] - 0s 2ms/step - loss: 0.1442 - accuracy: 0.9487
Epoch 16/25

 1/67 [..............................] - ETA: 0s - loss: 0.0579 - accuracy: 1.0000
20/67 [=======>......................] - ETA: 0s - loss: 0.1527 - accuracy: 0.9422
39/67 [================>.............] - ETA: 0s - loss: 0.1432 - accuracy: 0.9479
57/67 [========================>.....] - ETA: 0s - loss: 0.1446 - accuracy: 0.9490
67/67 [==============================] - 0s 3ms/step - loss: 0.1424 - accuracy: 0.9491
Epoch 17/25

 1/67 [..............................] - ETA: 0s - loss: 0.0433 - accuracy: 1.0000
18/67 [=======>......................] - ETA: 0s - loss: 0.1477 - accuracy: 0.9462
36/67 [===============>..............] - ETA: 0s - loss: 0.1376 - accuracy: 0.9523
54/67 [=======================>......] - ETA: 0s - loss: 0.1369 - accuracy: 0.9525
67/67 [==============================] - 0s 3ms/step - loss: 0.1355 - accuracy: 0.9533
Epoch 18/25

 1/67 [..............................] - ETA: 0s - loss: 0.1015 - accuracy: 0.9688
21/67 [========>.....................] - ETA: 0s - loss: 0.1316 - accuracy: 0.9524
42/67 [=================>............] - ETA: 0s - loss: 0.1290 - accuracy: 0.9524
62/67 [==========================>...] - ETA: 0s - loss: 0.1376 - accuracy: 0.9521
67/67 [==============================] - 0s 2ms/step - loss: 0.1390 - accuracy: 0.9515
Epoch 19/25

 1/67 [..............................] - ETA: 0s - loss: 0.2445 - accuracy: 0.8750
21/67 [========>.....................] - ETA: 0s - loss: 0.1145 - accuracy: 0.9613
42/67 [=================>............] - ETA: 0s - loss: 0.1306 - accuracy: 0.9539
62/67 [==========================>...] - ETA: 0s - loss: 0.1349 - accuracy: 0.9536
67/67 [==============================] - 0s 2ms/step - loss: 0.1356 - accuracy: 0.9524
Epoch 20/25

 1/67 [..............................] - ETA: 0s - loss: 0.2549 - accuracy: 0.8750
22/67 [========>.....................] - ETA: 0s - loss: 0.1156 - accuracy: 0.9588
44/67 [==================>...........] - ETA: 0s - loss: 0.1272 - accuracy: 0.9553
64/67 [===========================>..] - ETA: 0s - loss: 0.1328 - accuracy: 0.9536
67/67 [==============================] - 0s 2ms/step - loss: 0.1334 - accuracy: 0.9529
Epoch 21/25

 1/67 [..............................] - ETA: 0s - loss: 0.0992 - accuracy: 0.9688
20/67 [=======>......................] - ETA: 0s - loss: 0.1146 - accuracy: 0.9578
40/67 [================>.............] - ETA: 0s - loss: 0.1173 - accuracy: 0.9578
59/67 [=========================>....] - ETA: 0s - loss: 0.1262 - accuracy: 0.9534
67/67 [==============================] - 0s 3ms/step - loss: 0.1284 - accuracy: 0.9538
Epoch 22/25

 1/67 [..............................] - ETA: 0s - loss: 0.1441 - accuracy: 0.9375
21/67 [========>.....................] - ETA: 0s - loss: 0.1262 - accuracy: 0.9524
41/67 [=================>............] - ETA: 0s - loss: 0.1214 - accuracy: 0.9535
61/67 [==========================>...] - ETA: 0s - loss: 0.1240 - accuracy: 0.9529
67/67 [==============================] - 0s 3ms/step - loss: 0.1261 - accuracy: 0.9519
Epoch 23/25

 1/67 [..............................] - ETA: 0s - loss: 0.1044 - accuracy: 0.9688
18/67 [=======>......................] - ETA: 0s - loss: 0.1092 - accuracy: 0.9670
37/67 [===============>..............] - ETA: 0s - loss: 0.1086 - accuracy: 0.9654
58/67 [========================>.....] - ETA: 0s - loss: 0.1247 - accuracy: 0.9564
67/67 [==============================] - 0s 3ms/step - loss: 0.1255 - accuracy: 0.9547
Epoch 24/25

 1/67 [..............................] - ETA: 0s - loss: 0.2191 - accuracy: 0.9688
23/67 [=========>....................] - ETA: 0s - loss: 0.1189 - accuracy: 0.9606
43/67 [==================>...........] - ETA: 0s - loss: 0.1257 - accuracy: 0.9549
63/67 [===========================>..] - ETA: 0s - loss: 0.1272 - accuracy: 0.9534
67/67 [==============================] - 0s 2ms/step - loss: 0.1296 - accuracy: 0.9529
Epoch 25/25

 1/67 [..............................] - ETA: 0s - loss: 0.1279 - accuracy: 0.9375
22/67 [========>.....................] - ETA: 0s - loss: 0.1092 - accuracy: 0.9602
42/67 [=================>............] - ETA: 0s - loss: 0.1211 - accuracy: 0.9561
64/67 [===========================>..] - ETA: 0s - loss: 0.1271 - accuracy: 0.9536
67/67 [==============================] - 0s 2ms/step - loss: 0.1251 - accuracy: 0.9543
# node2vec
Epoch 1/25

 1/67 [..............................] - ETA: 21s - loss: 0.6730 - accuracy: 0.6250
31/67 [============>.................] - ETA: 0s - loss: 0.6435 - accuracy: 0.6583 
61/67 [==========================>...] - ETA: 0s - loss: 0.6278 - accuracy: 0.6737
67/67 [==============================] - 0s 2ms/step - loss: 0.6276 - accuracy: 0.6734
Epoch 2/25

 1/67 [..............................] - ETA: 0s - loss: 0.5648 - accuracy: 0.7500
38/67 [================>.............] - ETA: 0s - loss: 0.5485 - accuracy: 0.7475
67/67 [==============================] - 0s 1ms/step - loss: 0.5371 - accuracy: 0.7466
Epoch 3/25

 1/67 [..............................] - ETA: 0s - loss: 0.5040 - accuracy: 0.7812
40/67 [================>.............] - ETA: 0s - loss: 0.4733 - accuracy: 0.7891
67/67 [==============================] - 0s 1ms/step - loss: 0.4908 - accuracy: 0.7727
Epoch 4/25

 1/67 [..............................] - ETA: 0s - loss: 0.5098 - accuracy: 0.7188
39/67 [================>.............] - ETA: 0s - loss: 0.4505 - accuracy: 0.7973
67/67 [==============================] - 0s 1ms/step - loss: 0.4513 - accuracy: 0.7975
Epoch 5/25

 1/67 [..............................] - ETA: 0s - loss: 0.4101 - accuracy: 0.8750
41/67 [=================>............] - ETA: 0s - loss: 0.4174 - accuracy: 0.8178
67/67 [==============================] - 0s 1ms/step - loss: 0.4240 - accuracy: 0.8161
Epoch 6/25

 1/67 [..............................] - ETA: 0s - loss: 0.4534 - accuracy: 0.7500
37/67 [===============>..............] - ETA: 0s - loss: 0.4038 - accuracy: 0.8235
67/67 [==============================] - 0s 1ms/step - loss: 0.3987 - accuracy: 0.8292
Epoch 7/25

 1/67 [..............................] - ETA: 0s - loss: 0.3677 - accuracy: 0.8125
40/67 [================>.............] - ETA: 0s - loss: 0.3782 - accuracy: 0.8430
67/67 [==============================] - 0s 1ms/step - loss: 0.3721 - accuracy: 0.8502
Epoch 8/25

 1/67 [..............................] - ETA: 0s - loss: 0.2450 - accuracy: 0.9375
38/67 [================>.............] - ETA: 0s - loss: 0.3416 - accuracy: 0.8660
67/67 [==============================] - 0s 1ms/step - loss: 0.3525 - accuracy: 0.8591
Epoch 9/25

 1/67 [..............................] - ETA: 0s - loss: 0.3477 - accuracy: 0.9062
29/67 [===========>..................] - ETA: 0s - loss: 0.3220 - accuracy: 0.8804
59/67 [=========================>....] - ETA: 0s - loss: 0.3256 - accuracy: 0.8787
67/67 [==============================] - 0s 2ms/step - loss: 0.3276 - accuracy: 0.8773
Epoch 10/25

 1/67 [..............................] - ETA: 0s - loss: 0.4148 - accuracy: 0.8438
24/67 [=========>....................] - ETA: 0s - loss: 0.3137 - accuracy: 0.8958
51/67 [=====================>........] - ETA: 0s - loss: 0.3090 - accuracy: 0.8934
67/67 [==============================] - 0s 2ms/step - loss: 0.3060 - accuracy: 0.8945
Epoch 11/25

 1/67 [..............................] - ETA: 0s - loss: 0.3584 - accuracy: 0.8750
35/67 [==============>...............] - ETA: 0s - loss: 0.2934 - accuracy: 0.8991
67/67 [==============================] - 0s 1ms/step - loss: 0.2891 - accuracy: 0.9006
Epoch 12/25

 1/67 [..............................] - ETA: 0s - loss: 0.1445 - accuracy: 1.0000
40/67 [================>.............] - ETA: 0s - loss: 0.2558 - accuracy: 0.9211
67/67 [==============================] - 0s 1ms/step - loss: 0.2688 - accuracy: 0.9160
Epoch 13/25

 1/67 [..............................] - ETA: 0s - loss: 0.2980 - accuracy: 0.9062
40/67 [================>.............] - ETA: 0s - loss: 0.2500 - accuracy: 0.9266
67/67 [==============================] - 0s 1ms/step - loss: 0.2528 - accuracy: 0.9216
Epoch 14/25

 1/67 [..............................] - ETA: 0s - loss: 0.1742 - accuracy: 0.9688
39/67 [================>.............] - ETA: 0s - loss: 0.2463 - accuracy: 0.9255
67/67 [==============================] - 0s 1ms/step - loss: 0.2402 - accuracy: 0.9272
Epoch 15/25

 1/67 [..............................] - ETA: 0s - loss: 0.1702 - accuracy: 0.9688
37/67 [===============>..............] - ETA: 0s - loss: 0.2218 - accuracy: 0.9367
67/67 [==============================] - 0s 1ms/step - loss: 0.2303 - accuracy: 0.9272
Epoch 16/25

 1/67 [..............................] - ETA: 0s - loss: 0.1113 - accuracy: 0.9688
37/67 [===============>..............] - ETA: 0s - loss: 0.2053 - accuracy: 0.9451
67/67 [==============================] - 0s 1ms/step - loss: 0.2124 - accuracy: 0.9384
Epoch 17/25

 1/67 [..............................] - ETA: 0s - loss: 0.1527 - accuracy: 0.9688
38/67 [================>.............] - ETA: 0s - loss: 0.2018 - accuracy: 0.9400
67/67 [==============================] - 0s 1ms/step - loss: 0.2064 - accuracy: 0.9347
Epoch 18/25

 1/67 [..............................] - ETA: 0s - loss: 0.1534 - accuracy: 0.9688
37/67 [===============>..............] - ETA: 0s - loss: 0.1918 - accuracy: 0.9426
67/67 [==============================] - 0s 1ms/step - loss: 0.1969 - accuracy: 0.9398
Epoch 19/25

 1/67 [..............................] - ETA: 0s - loss: 0.1293 - accuracy: 1.0000
39/67 [================>.............] - ETA: 0s - loss: 0.1970 - accuracy: 0.9383
67/67 [==============================] - 0s 1ms/step - loss: 0.1868 - accuracy: 0.9407
Epoch 20/25

 1/67 [..............................] - ETA: 0s - loss: 0.1950 - accuracy: 0.9375
33/67 [=============>................] - ETA: 0s - loss: 0.1775 - accuracy: 0.9470
64/67 [===========================>..] - ETA: 0s - loss: 0.1793 - accuracy: 0.9463
67/67 [==============================] - 0s 2ms/step - loss: 0.1789 - accuracy: 0.9459
Epoch 21/25

 1/67 [..............................] - ETA: 0s - loss: 0.0891 - accuracy: 1.0000
29/67 [===========>..................] - ETA: 0s - loss: 0.1755 - accuracy: 0.9483
67/67 [==============================] - ETA: 0s - loss: 0.1751 - accuracy: 0.9482
67/67 [==============================] - 0s 2ms/step - loss: 0.1751 - accuracy: 0.9482
Epoch 22/25

 1/67 [..............................] - ETA: 0s - loss: 0.1967 - accuracy: 0.9375
35/67 [==============>...............] - ETA: 0s - loss: 0.1745 - accuracy: 0.9455
65/67 [============================>.] - ETA: 0s - loss: 0.1716 - accuracy: 0.9466
67/67 [==============================] - 0s 2ms/step - loss: 0.1690 - accuracy: 0.9482
Epoch 23/25

 1/67 [..............................] - ETA: 0s - loss: 0.1434 - accuracy: 0.9375
28/67 [===========>..................] - ETA: 0s - loss: 0.1556 - accuracy: 0.9554
43/67 [==================>...........] - ETA: 0s - loss: 0.1605 - accuracy: 0.9520
67/67 [==============================] - 0s 2ms/step - loss: 0.1646 - accuracy: 0.9487
Epoch 24/25

 1/67 [..............................] - ETA: 0s - loss: 0.2370 - accuracy: 0.8750
36/67 [===============>..............] - ETA: 0s - loss: 0.1556 - accuracy: 0.9540
67/67 [==============================] - 0s 1ms/step - loss: 0.1591 - accuracy: 0.9524
Epoch 25/25

 1/67 [..............................] - ETA: 0s - loss: 0.1544 - accuracy: 0.9688
38/67 [================>.............] - ETA: 0s - loss: 0.1523 - accuracy: 0.9548
67/67 [==============================] - 0s 1ms/step - loss: 0.1583 - accuracy: 0.9491
# predict: steps=1872
# predict: tnodeembed_metrics
# predict: node2vec_metrics
tnodeembed: {'auc': 0.6524681391348547, 'f1_micro': 0.6448968004809298, 'f1_macro': 0.6382772036321638} tNodeEmbed_final_loss=0.12510401010513306 tNodeEmbed_final_accuracy=0.9542697072029114 
node2vec: {'auc': 0.693989746373191, 'f1_micro': 0.6569534433237593, 'f1_macro': 0.6539607779453732} node2vec_final_loss=0.15826943516731262 node2vec_final_accuracy=0.9491367340087891 
