# load graph
Processing Static file: filename='interactions_with_dates_2001.csv'
# initialize tNodeEmbed for dataset=PPI, test_size=0.2
# load dataset
# fit
# tNodeEmbed steps_per_epoch=67
Epoch 1/25

 1/67 [..............................] - ETA: 1:41 - loss: 0.6968 - accuracy: 0.5312
16/67 [======>.......................] - ETA: 0s - loss: 0.6761 - accuracy: 0.5898  
35/67 [==============>...............] - ETA: 0s - loss: 0.6580 - accuracy: 0.6321
56/67 [========================>.....] - ETA: 0s - loss: 0.6365 - accuracy: 0.6669
67/67 [==============================] - 2s 3ms/step - loss: 0.6243 - accuracy: 0.6818
Epoch 2/25

 1/67 [..............................] - ETA: 0s - loss: 0.4620 - accuracy: 0.9062
22/67 [========>.....................] - ETA: 0s - loss: 0.5325 - accuracy: 0.7741
44/67 [==================>...........] - ETA: 0s - loss: 0.5278 - accuracy: 0.7642
66/67 [============================>.] - ETA: 0s - loss: 0.5295 - accuracy: 0.7584
67/67 [==============================] - 0s 2ms/step - loss: 0.5292 - accuracy: 0.7587
Epoch 3/25

 1/67 [..............................] - ETA: 0s - loss: 0.4942 - accuracy: 0.7812
22/67 [========>.....................] - ETA: 0s - loss: 0.4798 - accuracy: 0.7955
36/67 [===============>..............] - ETA: 0s - loss: 0.4815 - accuracy: 0.7899
56/67 [========================>.....] - ETA: 0s - loss: 0.4806 - accuracy: 0.7913
67/67 [==============================] - 0s 3ms/step - loss: 0.4785 - accuracy: 0.7923
Epoch 4/25

 1/67 [..............................] - ETA: 0s - loss: 0.2393 - accuracy: 0.9688
22/67 [========>.....................] - ETA: 0s - loss: 0.4336 - accuracy: 0.8111
43/67 [==================>...........] - ETA: 0s - loss: 0.4273 - accuracy: 0.8147
62/67 [==========================>...] - ETA: 0s - loss: 0.4335 - accuracy: 0.8105
67/67 [==============================] - 0s 3ms/step - loss: 0.4366 - accuracy: 0.8073
Epoch 5/25

 1/67 [..............................] - ETA: 0s - loss: 0.4504 - accuracy: 0.8125
22/67 [========>.....................] - ETA: 0s - loss: 0.3885 - accuracy: 0.8480
42/67 [=================>............] - ETA: 0s - loss: 0.3901 - accuracy: 0.8445
62/67 [==========================>...] - ETA: 0s - loss: 0.3904 - accuracy: 0.8412
67/67 [==============================] - 0s 3ms/step - loss: 0.3956 - accuracy: 0.8367
Epoch 6/25

 1/67 [..............................] - ETA: 0s - loss: 0.4122 - accuracy: 0.7500
20/67 [=======>......................] - ETA: 0s - loss: 0.3570 - accuracy: 0.8531
41/67 [=================>............] - ETA: 0s - loss: 0.3500 - accuracy: 0.8636
61/67 [==========================>...] - ETA: 0s - loss: 0.3595 - accuracy: 0.8576
67/67 [==============================] - 0s 3ms/step - loss: 0.3580 - accuracy: 0.8567
Epoch 7/25

 1/67 [..............................] - ETA: 0s - loss: 0.3304 - accuracy: 0.8438
22/67 [========>.....................] - ETA: 0s - loss: 0.3188 - accuracy: 0.8665
43/67 [==================>...........] - ETA: 0s - loss: 0.3174 - accuracy: 0.8706
64/67 [===========================>..] - ETA: 0s - loss: 0.3249 - accuracy: 0.8701
67/67 [==============================] - 0s 2ms/step - loss: 0.3201 - accuracy: 0.8721
Epoch 8/25

 1/67 [..............................] - ETA: 0s - loss: 0.1600 - accuracy: 0.9062
23/67 [=========>....................] - ETA: 0s - loss: 0.2870 - accuracy: 0.8940
44/67 [==================>...........] - ETA: 0s - loss: 0.2945 - accuracy: 0.8906
66/67 [============================>.] - ETA: 0s - loss: 0.2942 - accuracy: 0.8868
67/67 [==============================] - 0s 2ms/step - loss: 0.2926 - accuracy: 0.8880
Epoch 9/25

 1/67 [..............................] - ETA: 0s - loss: 0.2144 - accuracy: 0.9375
21/67 [========>.....................] - ETA: 0s - loss: 0.2468 - accuracy: 0.9182
43/67 [==================>...........] - ETA: 0s - loss: 0.2511 - accuracy: 0.9092
65/67 [============================>.] - ETA: 0s - loss: 0.2588 - accuracy: 0.9048
67/67 [==============================] - 0s 2ms/step - loss: 0.2588 - accuracy: 0.9048
Epoch 10/25

 1/67 [..............................] - ETA: 0s - loss: 0.2673 - accuracy: 0.8750
22/67 [========>.....................] - ETA: 0s - loss: 0.2263 - accuracy: 0.9205
44/67 [==================>...........] - ETA: 0s - loss: 0.2388 - accuracy: 0.9126
65/67 [============================>.] - ETA: 0s - loss: 0.2410 - accuracy: 0.9101
67/67 [==============================] - 0s 2ms/step - loss: 0.2408 - accuracy: 0.9099
Epoch 11/25

 1/67 [..............................] - ETA: 0s - loss: 0.1496 - accuracy: 0.9688
22/67 [========>.....................] - ETA: 0s - loss: 0.2376 - accuracy: 0.9105
43/67 [==================>...........] - ETA: 0s - loss: 0.2249 - accuracy: 0.9172
63/67 [===========================>..] - ETA: 0s - loss: 0.2278 - accuracy: 0.9142
67/67 [==============================] - 0s 2ms/step - loss: 0.2254 - accuracy: 0.9160
Epoch 12/25

 1/67 [..............................] - ETA: 0s - loss: 0.1798 - accuracy: 0.9375
20/67 [=======>......................] - ETA: 0s - loss: 0.2250 - accuracy: 0.9203
39/67 [================>.............] - ETA: 0s - loss: 0.2087 - accuracy: 0.9239
59/67 [=========================>....] - ETA: 0s - loss: 0.2185 - accuracy: 0.9163
67/67 [==============================] - 0s 3ms/step - loss: 0.2184 - accuracy: 0.9169
Epoch 13/25

 1/67 [..............................] - ETA: 0s - loss: 0.3044 - accuracy: 0.9062
22/67 [========>.....................] - ETA: 0s - loss: 0.2103 - accuracy: 0.9233
44/67 [==================>...........] - ETA: 0s - loss: 0.2086 - accuracy: 0.9226
65/67 [============================>.] - ETA: 0s - loss: 0.2074 - accuracy: 0.9216
67/67 [==============================] - 0s 2ms/step - loss: 0.2053 - accuracy: 0.9221
Epoch 14/25

 1/67 [..............................] - ETA: 0s - loss: 0.1334 - accuracy: 0.9688
22/67 [========>.....................] - ETA: 0s - loss: 0.1880 - accuracy: 0.9332
44/67 [==================>...........] - ETA: 0s - loss: 0.1907 - accuracy: 0.9268
63/67 [===========================>..] - ETA: 0s - loss: 0.2043 - accuracy: 0.9196
67/67 [==============================] - 0s 2ms/step - loss: 0.2032 - accuracy: 0.9202
Epoch 15/25

 1/67 [..............................] - ETA: 0s - loss: 0.2219 - accuracy: 0.8750
22/67 [========>.....................] - ETA: 0s - loss: 0.1931 - accuracy: 0.9247
44/67 [==================>...........] - ETA: 0s - loss: 0.1884 - accuracy: 0.9297
64/67 [===========================>..] - ETA: 0s - loss: 0.2015 - accuracy: 0.9233
67/67 [==============================] - 0s 2ms/step - loss: 0.2015 - accuracy: 0.9230
Epoch 16/25

 1/67 [..............................] - ETA: 0s - loss: 0.2012 - accuracy: 0.9062
18/67 [=======>......................] - ETA: 0s - loss: 0.1868 - accuracy: 0.9253
40/67 [================>.............] - ETA: 0s - loss: 0.1865 - accuracy: 0.9273
62/67 [==========================>...] - ETA: 0s - loss: 0.1900 - accuracy: 0.9244
67/67 [==============================] - 0s 3ms/step - loss: 0.1936 - accuracy: 0.9235
Epoch 17/25

 1/67 [..............................] - ETA: 0s - loss: 0.0587 - accuracy: 1.0000
21/67 [========>.....................] - ETA: 0s - loss: 0.1871 - accuracy: 0.9241
41/67 [=================>............] - ETA: 0s - loss: 0.1862 - accuracy: 0.9306
60/67 [=========================>....] - ETA: 0s - loss: 0.1974 - accuracy: 0.9229
67/67 [==============================] - 0s 3ms/step - loss: 0.1932 - accuracy: 0.9239
Epoch 18/25

 1/67 [..............................] - ETA: 0s - loss: 0.0705 - accuracy: 1.0000
20/67 [=======>......................] - ETA: 0s - loss: 0.1710 - accuracy: 0.9391
33/67 [=============>................] - ETA: 0s - loss: 0.1883 - accuracy: 0.9299
49/67 [====================>.........] - ETA: 0s - loss: 0.1761 - accuracy: 0.9349
67/67 [==============================] - ETA: 0s - loss: 0.1961 - accuracy: 0.9235
67/67 [==============================] - 0s 3ms/step - loss: 0.1961 - accuracy: 0.9235
Epoch 19/25

 1/67 [..............................] - ETA: 0s - loss: 0.2304 - accuracy: 0.8750
15/67 [=====>........................] - ETA: 0s - loss: 0.1917 - accuracy: 0.9167
28/67 [===========>..................] - ETA: 0s - loss: 0.1982 - accuracy: 0.9163
44/67 [==================>...........] - ETA: 0s - loss: 0.1931 - accuracy: 0.9219
63/67 [===========================>..] - ETA: 0s - loss: 0.1923 - accuracy: 0.9241
67/67 [==============================] - 0s 3ms/step - loss: 0.1925 - accuracy: 0.9244
Epoch 20/25

 1/67 [..............................] - ETA: 0s - loss: 0.1057 - accuracy: 0.9688
20/67 [=======>......................] - ETA: 0s - loss: 0.1647 - accuracy: 0.9344
40/67 [================>.............] - ETA: 0s - loss: 0.1793 - accuracy: 0.9281
60/67 [=========================>....] - ETA: 0s - loss: 0.1847 - accuracy: 0.9255
67/67 [==============================] - 0s 3ms/step - loss: 0.1852 - accuracy: 0.9249
Epoch 21/25

 1/67 [..............................] - ETA: 0s - loss: 0.2730 - accuracy: 0.8750
22/67 [========>.....................] - ETA: 0s - loss: 0.1637 - accuracy: 0.9361
43/67 [==================>...........] - ETA: 0s - loss: 0.1752 - accuracy: 0.9295
63/67 [===========================>..] - ETA: 0s - loss: 0.1883 - accuracy: 0.9236
67/67 [==============================] - 0s 3ms/step - loss: 0.1880 - accuracy: 0.9230
Epoch 22/25

 1/67 [..............................] - ETA: 0s - loss: 0.1214 - accuracy: 0.9375
16/67 [======>.......................] - ETA: 0s - loss: 0.1570 - accuracy: 0.9395
31/67 [============>.................] - ETA: 0s - loss: 0.1762 - accuracy: 0.9294
50/67 [=====================>........] - ETA: 0s - loss: 0.1802 - accuracy: 0.9275
67/67 [==============================] - ETA: 0s - loss: 0.1849 - accuracy: 0.9263
67/67 [==============================] - 0s 3ms/step - loss: 0.1849 - accuracy: 0.9263
Epoch 23/25

 1/67 [..............................] - ETA: 0s - loss: 0.1066 - accuracy: 0.9688
18/67 [=======>......................] - ETA: 0s - loss: 0.1848 - accuracy: 0.9288
37/67 [===============>..............] - ETA: 0s - loss: 0.1831 - accuracy: 0.9248
54/67 [=======================>......] - ETA: 0s - loss: 0.1869 - accuracy: 0.9219
67/67 [==============================] - 0s 3ms/step - loss: 0.1838 - accuracy: 0.9249
Epoch 24/25

 1/67 [..............................] - ETA: 0s - loss: 0.2169 - accuracy: 0.9062
19/67 [=======>......................] - ETA: 0s - loss: 0.1764 - accuracy: 0.9326
37/67 [===============>..............] - ETA: 0s - loss: 0.1801 - accuracy: 0.9307
55/67 [=======================>......] - ETA: 0s - loss: 0.1811 - accuracy: 0.9290
67/67 [==============================] - 0s 3ms/step - loss: 0.1863 - accuracy: 0.9249
Epoch 25/25

 1/67 [..............................] - ETA: 0s - loss: 0.1983 - accuracy: 0.9062
18/67 [=======>......................] - ETA: 0s - loss: 0.1679 - accuracy: 0.9358
38/67 [================>.............] - ETA: 0s - loss: 0.1626 - accuracy: 0.9383
57/67 [========================>.....] - ETA: 0s - loss: 0.1813 - accuracy: 0.9254
67/67 [==============================] - 0s 3ms/step - loss: 0.1811 - accuracy: 0.9253
# node2vec
Epoch 1/25

 1/67 [..............................] - ETA: 20s - loss: 0.7305 - accuracy: 0.5625
31/67 [============>.................] - ETA: 0s - loss: 0.6566 - accuracy: 0.6442 
58/67 [========================>.....] - ETA: 0s - loss: 0.6356 - accuracy: 0.6740
67/67 [==============================] - 0s 2ms/step - loss: 0.6249 - accuracy: 0.6864
Epoch 2/25

 1/67 [..............................] - ETA: 0s - loss: 0.5425 - accuracy: 0.6875
18/67 [=======>......................] - ETA: 0s - loss: 0.5623 - accuracy: 0.7413
44/67 [==================>...........] - ETA: 0s - loss: 0.5456 - accuracy: 0.7599
67/67 [==============================] - 0s 2ms/step - loss: 0.5332 - accuracy: 0.7709
Epoch 3/25

 1/67 [..............................] - ETA: 0s - loss: 0.4978 - accuracy: 0.8125
20/67 [=======>......................] - ETA: 0s - loss: 0.4952 - accuracy: 0.7859
40/67 [================>.............] - ETA: 0s - loss: 0.4896 - accuracy: 0.7930
64/67 [===========================>..] - ETA: 0s - loss: 0.4860 - accuracy: 0.7905
67/67 [==============================] - 0s 2ms/step - loss: 0.4837 - accuracy: 0.7928
Epoch 4/25

 1/67 [..............................] - ETA: 0s - loss: 0.4182 - accuracy: 0.8438
28/67 [===========>..................] - ETA: 0s - loss: 0.4594 - accuracy: 0.8092
53/67 [======================>.......] - ETA: 0s - loss: 0.4522 - accuracy: 0.8096
67/67 [==============================] - 0s 2ms/step - loss: 0.4550 - accuracy: 0.8068
Epoch 5/25

 1/67 [..............................] - ETA: 0s - loss: 0.3878 - accuracy: 0.8438
35/67 [==============>...............] - ETA: 0s - loss: 0.4213 - accuracy: 0.8205
63/67 [===========================>..] - ETA: 0s - loss: 0.4283 - accuracy: 0.8155
67/67 [==============================] - 0s 2ms/step - loss: 0.4283 - accuracy: 0.8171
Epoch 6/25

 1/67 [..............................] - ETA: 0s - loss: 0.2675 - accuracy: 0.9688
30/67 [============>.................] - ETA: 0s - loss: 0.3889 - accuracy: 0.8427
54/67 [=======================>......] - ETA: 0s - loss: 0.4028 - accuracy: 0.8356
67/67 [==============================] - 0s 2ms/step - loss: 0.4039 - accuracy: 0.8339
Epoch 7/25

 1/67 [..............................] - ETA: 0s - loss: 0.2810 - accuracy: 0.9062
24/67 [=========>....................] - ETA: 0s - loss: 0.3673 - accuracy: 0.8659
50/67 [=====================>........] - ETA: 0s - loss: 0.3804 - accuracy: 0.8462
67/67 [==============================] - 0s 2ms/step - loss: 0.3884 - accuracy: 0.8446
Epoch 8/25

 1/67 [..............................] - ETA: 0s - loss: 0.3886 - accuracy: 0.8438
25/67 [==========>...................] - ETA: 0s - loss: 0.3673 - accuracy: 0.8550
45/67 [===================>..........] - ETA: 0s - loss: 0.3714 - accuracy: 0.8472
64/67 [===========================>..] - ETA: 0s - loss: 0.3699 - accuracy: 0.8501
67/67 [==============================] - 0s 3ms/step - loss: 0.3680 - accuracy: 0.8521
Epoch 9/25

 1/67 [..............................] - ETA: 0s - loss: 0.2605 - accuracy: 0.8750
23/67 [=========>....................] - ETA: 0s - loss: 0.3310 - accuracy: 0.8723
47/67 [====================>.........] - ETA: 0s - loss: 0.3392 - accuracy: 0.8664
66/67 [============================>.] - ETA: 0s - loss: 0.3471 - accuracy: 0.8598
67/67 [==============================] - 0s 2ms/step - loss: 0.3480 - accuracy: 0.8591
Epoch 10/25

 1/67 [..............................] - ETA: 0s - loss: 0.3274 - accuracy: 0.8750
22/67 [========>.....................] - ETA: 0s - loss: 0.3343 - accuracy: 0.8778
44/67 [==================>...........] - ETA: 0s - loss: 0.3338 - accuracy: 0.8750
63/67 [===========================>..] - ETA: 0s - loss: 0.3363 - accuracy: 0.8715
67/67 [==============================] - 0s 3ms/step - loss: 0.3328 - accuracy: 0.8749
Epoch 11/25

 1/67 [..............................] - ETA: 0s - loss: 0.3099 - accuracy: 0.9062
23/67 [=========>....................] - ETA: 0s - loss: 0.3018 - accuracy: 0.8954
44/67 [==================>...........] - ETA: 0s - loss: 0.3127 - accuracy: 0.8899
67/67 [==============================] - ETA: 0s - loss: 0.3170 - accuracy: 0.8838
67/67 [==============================] - 0s 2ms/step - loss: 0.3170 - accuracy: 0.8838
Epoch 12/25

 1/67 [..............................] - ETA: 0s - loss: 0.2044 - accuracy: 0.9375
23/67 [=========>....................] - ETA: 0s - loss: 0.2872 - accuracy: 0.9008
47/67 [====================>.........] - ETA: 0s - loss: 0.2913 - accuracy: 0.8983
67/67 [==============================] - 0s 2ms/step - loss: 0.2980 - accuracy: 0.8927
Epoch 13/25

 1/67 [..............................] - ETA: 0s - loss: 0.1850 - accuracy: 0.9688
31/67 [============>.................] - ETA: 0s - loss: 0.2829 - accuracy: 0.9012
61/67 [==========================>...] - ETA: 0s - loss: 0.2933 - accuracy: 0.8950
67/67 [==============================] - 0s 2ms/step - loss: 0.2908 - accuracy: 0.8945
Epoch 14/25

 1/67 [..............................] - ETA: 0s - loss: 0.2638 - accuracy: 0.8750
34/67 [==============>...............] - ETA: 0s - loss: 0.2711 - accuracy: 0.9090
67/67 [==============================] - 0s 2ms/step - loss: 0.2765 - accuracy: 0.9039
Epoch 15/25

 1/67 [..............................] - ETA: 0s - loss: 0.3139 - accuracy: 0.8750
20/67 [=======>......................] - ETA: 0s - loss: 0.2875 - accuracy: 0.8891
43/67 [==================>...........] - ETA: 0s - loss: 0.2729 - accuracy: 0.9019
65/67 [============================>.] - ETA: 0s - loss: 0.2655 - accuracy: 0.9053
67/67 [==============================] - 0s 2ms/step - loss: 0.2663 - accuracy: 0.9053
Epoch 16/25

 1/67 [..............................] - ETA: 0s - loss: 0.2910 - accuracy: 0.9062
23/67 [=========>....................] - ETA: 0s - loss: 0.2545 - accuracy: 0.9117
48/67 [====================>.........] - ETA: 0s - loss: 0.2566 - accuracy: 0.9089
67/67 [==============================] - 0s 2ms/step - loss: 0.2575 - accuracy: 0.9104
Epoch 17/25

 1/67 [..............................] - ETA: 0s - loss: 0.1627 - accuracy: 0.9688
24/67 [=========>....................] - ETA: 0s - loss: 0.2283 - accuracy: 0.9297
45/67 [===================>..........] - ETA: 0s - loss: 0.2405 - accuracy: 0.9208
67/67 [==============================] - 0s 2ms/step - loss: 0.2479 - accuracy: 0.9155
Epoch 18/25

 1/67 [..............................] - ETA: 0s - loss: 0.2102 - accuracy: 0.9375
26/67 [==========>...................] - ETA: 0s - loss: 0.2419 - accuracy: 0.9159
51/67 [=====================>........] - ETA: 0s - loss: 0.2413 - accuracy: 0.9167
67/67 [==============================] - 0s 2ms/step - loss: 0.2391 - accuracy: 0.9193
Epoch 19/25

 1/67 [..............................] - ETA: 0s - loss: 0.2022 - accuracy: 0.9375
31/67 [============>.................] - ETA: 0s - loss: 0.2259 - accuracy: 0.9244
64/67 [===========================>..] - ETA: 0s - loss: 0.2348 - accuracy: 0.9189
67/67 [==============================] - 0s 2ms/step - loss: 0.2352 - accuracy: 0.9188
Epoch 20/25

 1/67 [..............................] - ETA: 0s - loss: 0.1357 - accuracy: 1.0000
32/67 [=============>................] - ETA: 0s - loss: 0.2271 - accuracy: 0.9268
64/67 [===========================>..] - ETA: 0s - loss: 0.2343 - accuracy: 0.9199
67/67 [==============================] - 0s 2ms/step - loss: 0.2311 - accuracy: 0.9221
Epoch 21/25

 1/67 [..............................] - ETA: 0s - loss: 0.2419 - accuracy: 0.9062
32/67 [=============>................] - ETA: 0s - loss: 0.2273 - accuracy: 0.9199
64/67 [===========================>..] - ETA: 0s - loss: 0.2243 - accuracy: 0.9229
67/67 [==============================] - 0s 2ms/step - loss: 0.2246 - accuracy: 0.9221
Epoch 22/25

 1/67 [..............................] - ETA: 0s - loss: 0.2016 - accuracy: 0.9375
32/67 [=============>................] - ETA: 0s - loss: 0.2200 - accuracy: 0.9229
65/67 [============================>.] - ETA: 0s - loss: 0.2204 - accuracy: 0.9216
67/67 [==============================] - 0s 2ms/step - loss: 0.2183 - accuracy: 0.9225
Epoch 23/25

 1/67 [..............................] - ETA: 0s - loss: 0.3056 - accuracy: 0.8438
30/67 [============>.................] - ETA: 0s - loss: 0.2095 - accuracy: 0.9271
62/67 [==========================>...] - ETA: 0s - loss: 0.2196 - accuracy: 0.9214
67/67 [==============================] - 0s 2ms/step - loss: 0.2163 - accuracy: 0.9230
Epoch 24/25

 1/67 [..............................] - ETA: 0s - loss: 0.1785 - accuracy: 0.9375
34/67 [==============>...............] - ETA: 0s - loss: 0.2075 - accuracy: 0.9265
60/67 [=========================>....] - ETA: 0s - loss: 0.2116 - accuracy: 0.9229
67/67 [==============================] - 0s 2ms/step - loss: 0.2125 - accuracy: 0.9216
Epoch 25/25

 1/67 [..............................] - ETA: 0s - loss: 0.2872 - accuracy: 0.8750
27/67 [===========>..................] - ETA: 0s - loss: 0.2246 - accuracy: 0.9132
55/67 [=======================>......] - ETA: 0s - loss: 0.2126 - accuracy: 0.9222
67/67 [==============================] - 0s 2ms/step - loss: 0.2075 - accuracy: 0.9253
# predict: steps=1872
# predict: tnodeembed_metrics
# predict: node2vec_metrics
tnodeembed: {'auc': 0.6586859676085364, 'f1_micro': 0.6581056709638635, 'f1_macro': 0.6477577493380322} tNodeEmbed_final_loss=0.18111105263233185 tNodeEmbed_final_accuracy=0.9253383278846741 
node2vec: {'auc': 0.6817568638400816, 'f1_micro': 0.6600260503640372, 'f1_macro': 0.6553476532553797} node2vec_final_loss=0.20748932659626007 node2vec_final_accuracy=0.9253383278846741 
