# load graph
Processing Static file: filename='interactions_with_dates_2002.csv'
# initialize tNodeEmbed for dataset=PPI, test_size=0.2
# load dataset
# fit
# tNodeEmbed steps_per_epoch=67
Epoch 1/25

 1/67 [..............................] - ETA: 1:26 - loss: 0.6961 - accuracy: 0.4688
18/67 [=======>......................] - ETA: 0s - loss: 0.6838 - accuracy: 0.6250  
39/67 [================>.............] - ETA: 0s - loss: 0.6565 - accuracy: 0.6546
59/67 [=========================>....] - ETA: 0s - loss: 0.6355 - accuracy: 0.6690
67/67 [==============================] - 1s 3ms/step - loss: 0.6274 - accuracy: 0.6771
Epoch 2/25

 1/67 [..............................] - ETA: 0s - loss: 0.5796 - accuracy: 0.7500
19/67 [=======>......................] - ETA: 0s - loss: 0.5358 - accuracy: 0.7549
37/67 [===============>..............] - ETA: 0s - loss: 0.5452 - accuracy: 0.7441
55/67 [=======================>......] - ETA: 0s - loss: 0.5326 - accuracy: 0.7545
67/67 [==============================] - 0s 3ms/step - loss: 0.5290 - accuracy: 0.7541
Epoch 3/25

 1/67 [..............................] - ETA: 0s - loss: 0.5041 - accuracy: 0.7500
22/67 [========>.....................] - ETA: 0s - loss: 0.4778 - accuracy: 0.7841
41/67 [=================>............] - ETA: 0s - loss: 0.4887 - accuracy: 0.7691
58/67 [========================>.....] - ETA: 0s - loss: 0.4846 - accuracy: 0.7764
67/67 [==============================] - 0s 3ms/step - loss: 0.4846 - accuracy: 0.7727
Epoch 4/25

 1/67 [..............................] - ETA: 0s - loss: 0.5430 - accuracy: 0.7500
17/67 [======>.......................] - ETA: 0s - loss: 0.4680 - accuracy: 0.7868
34/67 [==============>...............] - ETA: 0s - loss: 0.4541 - accuracy: 0.8024
52/67 [======================>.......] - ETA: 0s - loss: 0.4495 - accuracy: 0.8011
67/67 [==============================] - 0s 3ms/step - loss: 0.4368 - accuracy: 0.8115
Epoch 5/25

 1/67 [..............................] - ETA: 0s - loss: 0.4624 - accuracy: 0.7812
22/67 [========>.....................] - ETA: 0s - loss: 0.3787 - accuracy: 0.8438
44/67 [==================>...........] - ETA: 0s - loss: 0.3940 - accuracy: 0.8388
65/67 [============================>.] - ETA: 0s - loss: 0.3933 - accuracy: 0.8385
67/67 [==============================] - 0s 2ms/step - loss: 0.3922 - accuracy: 0.8390
Epoch 6/25

 1/67 [..............................] - ETA: 0s - loss: 0.4108 - accuracy: 0.8438
22/67 [========>.....................] - ETA: 0s - loss: 0.3472 - accuracy: 0.8679
42/67 [=================>............] - ETA: 0s - loss: 0.3434 - accuracy: 0.8668
61/67 [==========================>...] - ETA: 0s - loss: 0.3422 - accuracy: 0.8663
67/67 [==============================] - 0s 3ms/step - loss: 0.3452 - accuracy: 0.8633
Epoch 7/25

 1/67 [..............................] - ETA: 0s - loss: 0.2901 - accuracy: 0.9062
21/67 [========>.....................] - ETA: 0s - loss: 0.2809 - accuracy: 0.8973
40/67 [================>.............] - ETA: 0s - loss: 0.2873 - accuracy: 0.8945
58/67 [========================>.....] - ETA: 0s - loss: 0.2979 - accuracy: 0.8879
67/67 [==============================] - 0s 3ms/step - loss: 0.2946 - accuracy: 0.8899
Epoch 8/25

 1/67 [..............................] - ETA: 0s - loss: 0.2732 - accuracy: 0.8750
18/67 [=======>......................] - ETA: 0s - loss: 0.2240 - accuracy: 0.9236
30/67 [============>.................] - ETA: 0s - loss: 0.2409 - accuracy: 0.9135
48/67 [====================>.........] - ETA: 0s - loss: 0.2547 - accuracy: 0.9049
67/67 [==============================] - ETA: 0s - loss: 0.2595 - accuracy: 0.9034
67/67 [==============================] - 0s 3ms/step - loss: 0.2595 - accuracy: 0.9034
Epoch 9/25

 1/67 [..............................] - ETA: 0s - loss: 0.2112 - accuracy: 0.9375
20/67 [=======>......................] - ETA: 0s - loss: 0.2066 - accuracy: 0.9312
39/67 [================>.............] - ETA: 0s - loss: 0.2285 - accuracy: 0.9127
58/67 [========================>.....] - ETA: 0s - loss: 0.2288 - accuracy: 0.9143
67/67 [==============================] - 0s 3ms/step - loss: 0.2258 - accuracy: 0.9151
Epoch 10/25

 1/67 [..............................] - ETA: 0s - loss: 0.1548 - accuracy: 0.9688
22/67 [========>.....................] - ETA: 0s - loss: 0.1998 - accuracy: 0.9290
44/67 [==================>...........] - ETA: 0s - loss: 0.2031 - accuracy: 0.9283
66/67 [============================>.] - ETA: 0s - loss: 0.2087 - accuracy: 0.9233
67/67 [==============================] - 0s 2ms/step - loss: 0.2083 - accuracy: 0.9235
Epoch 11/25

 1/67 [..............................] - ETA: 0s - loss: 0.2254 - accuracy: 0.9062
22/67 [========>.....................] - ETA: 0s - loss: 0.1967 - accuracy: 0.9247
44/67 [==================>...........] - ETA: 0s - loss: 0.1868 - accuracy: 0.9318
66/67 [============================>.] - ETA: 0s - loss: 0.1953 - accuracy: 0.9285
67/67 [==============================] - 0s 2ms/step - loss: 0.1960 - accuracy: 0.9281
Epoch 12/25

 1/67 [..............................] - ETA: 0s - loss: 0.2032 - accuracy: 0.9375
22/67 [========>.....................] - ETA: 0s - loss: 0.1923 - accuracy: 0.9332
43/67 [==================>...........] - ETA: 0s - loss: 0.1849 - accuracy: 0.9339
63/67 [===========================>..] - ETA: 0s - loss: 0.1944 - accuracy: 0.9286
67/67 [==============================] - 0s 3ms/step - loss: 0.1939 - accuracy: 0.9291
Epoch 13/25

 1/67 [..............................] - ETA: 0s - loss: 0.2801 - accuracy: 0.9062
22/67 [========>.....................] - ETA: 0s - loss: 0.1939 - accuracy: 0.9261
42/67 [=================>............] - ETA: 0s - loss: 0.1866 - accuracy: 0.9301
61/67 [==========================>...] - ETA: 0s - loss: 0.1793 - accuracy: 0.9349
67/67 [==============================] - 0s 3ms/step - loss: 0.1801 - accuracy: 0.9337
Epoch 14/25

 1/67 [..............................] - ETA: 0s - loss: 0.1420 - accuracy: 0.9375
22/67 [========>.....................] - ETA: 0s - loss: 0.1463 - accuracy: 0.9531
44/67 [==================>...........] - ETA: 0s - loss: 0.1657 - accuracy: 0.9396
65/67 [============================>.] - ETA: 0s - loss: 0.1701 - accuracy: 0.9375
67/67 [==============================] - 0s 2ms/step - loss: 0.1692 - accuracy: 0.9379
Epoch 15/25

 1/67 [..............................] - ETA: 0s - loss: 0.1300 - accuracy: 0.9688
22/67 [========>.....................] - ETA: 0s - loss: 0.1674 - accuracy: 0.9375
44/67 [==================>...........] - ETA: 0s - loss: 0.1597 - accuracy: 0.9396
66/67 [============================>.] - ETA: 0s - loss: 0.1667 - accuracy: 0.9360
67/67 [==============================] - 0s 2ms/step - loss: 0.1686 - accuracy: 0.9356
Epoch 16/25

 1/67 [..............................] - ETA: 0s - loss: 0.2547 - accuracy: 0.8750
22/67 [========>.....................] - ETA: 0s - loss: 0.1584 - accuracy: 0.9389
42/67 [=================>............] - ETA: 0s - loss: 0.1652 - accuracy: 0.9382
62/67 [==========================>...] - ETA: 0s - loss: 0.1643 - accuracy: 0.9390
67/67 [==============================] - 0s 3ms/step - loss: 0.1676 - accuracy: 0.9370
Epoch 17/25

 1/67 [..............................] - ETA: 0s - loss: 0.1292 - accuracy: 0.9688
19/67 [=======>......................] - ETA: 0s - loss: 0.1738 - accuracy: 0.9375
41/67 [=================>............] - ETA: 0s - loss: 0.1541 - accuracy: 0.9428
63/67 [===========================>..] - ETA: 0s - loss: 0.1530 - accuracy: 0.9420
67/67 [==============================] - 0s 2ms/step - loss: 0.1565 - accuracy: 0.9403
Epoch 18/25

 1/67 [..............................] - ETA: 0s - loss: 0.2050 - accuracy: 0.9062
23/67 [=========>....................] - ETA: 0s - loss: 0.1605 - accuracy: 0.9348
44/67 [==================>...........] - ETA: 0s - loss: 0.1632 - accuracy: 0.9368
65/67 [============================>.] - ETA: 0s - loss: 0.1632 - accuracy: 0.9361
67/67 [==============================] - 0s 2ms/step - loss: 0.1643 - accuracy: 0.9356
Epoch 19/25

 1/67 [..............................] - ETA: 0s - loss: 0.0483 - accuracy: 1.0000
21/67 [========>.....................] - ETA: 0s - loss: 0.1517 - accuracy: 0.9435
42/67 [=================>............] - ETA: 0s - loss: 0.1492 - accuracy: 0.9435
62/67 [==========================>...] - ETA: 0s - loss: 0.1603 - accuracy: 0.9390
67/67 [==============================] - 0s 3ms/step - loss: 0.1598 - accuracy: 0.9389
Epoch 20/25

 1/67 [..............................] - ETA: 0s - loss: 0.2181 - accuracy: 0.9062
20/67 [=======>......................] - ETA: 0s - loss: 0.1598 - accuracy: 0.9312
41/67 [=================>............] - ETA: 0s - loss: 0.1574 - accuracy: 0.9360
62/67 [==========================>...] - ETA: 0s - loss: 0.1584 - accuracy: 0.9360
67/67 [==============================] - 0s 2ms/step - loss: 0.1537 - accuracy: 0.9389
Epoch 21/25

 1/67 [..............................] - ETA: 0s - loss: 0.0594 - accuracy: 1.0000
23/67 [=========>....................] - ETA: 0s - loss: 0.1373 - accuracy: 0.9443
45/67 [===================>..........] - ETA: 0s - loss: 0.1474 - accuracy: 0.9431
65/67 [============================>.] - ETA: 0s - loss: 0.1561 - accuracy: 0.9394
67/67 [==============================] - 0s 2ms/step - loss: 0.1544 - accuracy: 0.9403
Epoch 22/25

 1/67 [..............................] - ETA: 0s - loss: 0.1667 - accuracy: 0.9375
19/67 [=======>......................] - ETA: 0s - loss: 0.1691 - accuracy: 0.9309
38/67 [================>.............] - ETA: 0s - loss: 0.1709 - accuracy: 0.9309
55/67 [=======================>......] - ETA: 0s - loss: 0.1614 - accuracy: 0.9364
67/67 [==============================] - 0s 3ms/step - loss: 0.1525 - accuracy: 0.9407
Epoch 23/25

 1/67 [..............................] - ETA: 0s - loss: 0.0883 - accuracy: 0.9688
23/67 [=========>....................] - ETA: 0s - loss: 0.1539 - accuracy: 0.9348
44/67 [==================>...........] - ETA: 0s - loss: 0.1562 - accuracy: 0.9347
66/67 [============================>.] - ETA: 0s - loss: 0.1556 - accuracy: 0.9379
67/67 [==============================] - 0s 2ms/step - loss: 0.1538 - accuracy: 0.9389
Epoch 24/25

 1/67 [..............................] - ETA: 0s - loss: 0.0817 - accuracy: 0.9688
23/67 [=========>....................] - ETA: 0s - loss: 0.1210 - accuracy: 0.9552
45/67 [===================>..........] - ETA: 0s - loss: 0.1389 - accuracy: 0.9451
66/67 [============================>.] - ETA: 0s - loss: 0.1532 - accuracy: 0.9394
67/67 [==============================] - 0s 2ms/step - loss: 0.1519 - accuracy: 0.9403
Epoch 25/25

 1/67 [..............................] - ETA: 0s - loss: 0.0545 - accuracy: 1.0000
22/67 [========>.....................] - ETA: 0s - loss: 0.1617 - accuracy: 0.9290
43/67 [==================>...........] - ETA: 0s - loss: 0.1578 - accuracy: 0.9310
61/67 [==========================>...] - ETA: 0s - loss: 0.1552 - accuracy: 0.9344
67/67 [==============================] - 0s 3ms/step - loss: 0.1538 - accuracy: 0.9356
# node2vec
Epoch 1/25

 1/67 [..............................] - ETA: 18s - loss: 0.7307 - accuracy: 0.6562
35/67 [==============>...............] - ETA: 0s - loss: 0.6356 - accuracy: 0.6714 
65/67 [============================>.] - ETA: 0s - loss: 0.6170 - accuracy: 0.6942
67/67 [==============================] - 0s 2ms/step - loss: 0.6139 - accuracy: 0.6972
Epoch 2/25

 1/67 [..............................] - ETA: 0s - loss: 0.5374 - accuracy: 0.8125
32/67 [=============>................] - ETA: 0s - loss: 0.5217 - accuracy: 0.7705
65/67 [============================>.] - ETA: 0s - loss: 0.5195 - accuracy: 0.7688
67/67 [==============================] - 0s 2ms/step - loss: 0.5193 - accuracy: 0.7685
Epoch 3/25

 1/67 [..............................] - ETA: 0s - loss: 0.5924 - accuracy: 0.7500
36/67 [===============>..............] - ETA: 0s - loss: 0.4802 - accuracy: 0.7760
67/67 [==============================] - 0s 1ms/step - loss: 0.4698 - accuracy: 0.7914
Epoch 4/25

 1/67 [..............................] - ETA: 0s - loss: 0.7155 - accuracy: 0.5000
37/67 [===============>..............] - ETA: 0s - loss: 0.4478 - accuracy: 0.8083
67/67 [==============================] - 0s 1ms/step - loss: 0.4411 - accuracy: 0.8059
Epoch 5/25

 1/67 [..............................] - ETA: 0s - loss: 0.3433 - accuracy: 0.8750
34/67 [==============>...............] - ETA: 0s - loss: 0.4004 - accuracy: 0.8364
60/67 [=========================>....] - ETA: 0s - loss: 0.4139 - accuracy: 0.8208
67/67 [==============================] - 0s 2ms/step - loss: 0.4137 - accuracy: 0.8227
Epoch 6/25

 1/67 [..............................] - ETA: 0s - loss: 0.3919 - accuracy: 0.8438
38/67 [================>.............] - ETA: 0s - loss: 0.3993 - accuracy: 0.8314
67/67 [==============================] - 0s 1ms/step - loss: 0.3898 - accuracy: 0.8329
Epoch 7/25

 1/67 [..............................] - ETA: 0s - loss: 0.3202 - accuracy: 0.8750
38/67 [================>.............] - ETA: 0s - loss: 0.3614 - accuracy: 0.8553
67/67 [==============================] - 0s 1ms/step - loss: 0.3676 - accuracy: 0.8521
Epoch 8/25

 1/67 [..............................] - ETA: 0s - loss: 0.3074 - accuracy: 0.9062
40/67 [================>.............] - ETA: 0s - loss: 0.3381 - accuracy: 0.8727
67/67 [==============================] - 0s 1ms/step - loss: 0.3471 - accuracy: 0.8661
Epoch 9/25

 1/67 [..............................] - ETA: 0s - loss: 0.2198 - accuracy: 0.9375
39/67 [================>.............] - ETA: 0s - loss: 0.3069 - accuracy: 0.8990
67/67 [==============================] - 0s 1ms/step - loss: 0.3220 - accuracy: 0.8847
Epoch 10/25

 1/67 [..............................] - ETA: 0s - loss: 0.3993 - accuracy: 0.8750
40/67 [================>.............] - ETA: 0s - loss: 0.3022 - accuracy: 0.8898
67/67 [==============================] - 0s 1ms/step - loss: 0.3024 - accuracy: 0.8922
Epoch 11/25

 1/67 [..............................] - ETA: 0s - loss: 0.3315 - accuracy: 0.8750
34/67 [==============>...............] - ETA: 0s - loss: 0.2966 - accuracy: 0.9007
67/67 [==============================] - ETA: 0s - loss: 0.2888 - accuracy: 0.8983
67/67 [==============================] - 0s 2ms/step - loss: 0.2888 - accuracy: 0.8983
Epoch 12/25

 1/67 [..............................] - ETA: 0s - loss: 0.1976 - accuracy: 0.9375
32/67 [=============>................] - ETA: 0s - loss: 0.2719 - accuracy: 0.9102
67/67 [==============================] - 0s 2ms/step - loss: 0.2725 - accuracy: 0.9099
Epoch 13/25

 1/67 [..............................] - ETA: 0s - loss: 0.2194 - accuracy: 0.9375
37/67 [===============>..............] - ETA: 0s - loss: 0.2517 - accuracy: 0.9240
67/67 [==============================] - 0s 1ms/step - loss: 0.2597 - accuracy: 0.9169
Epoch 14/25

 1/67 [..............................] - ETA: 0s - loss: 0.2224 - accuracy: 0.9688
36/67 [===============>..............] - ETA: 0s - loss: 0.2466 - accuracy: 0.9210
67/67 [==============================] - 0s 2ms/step - loss: 0.2462 - accuracy: 0.9230
Epoch 15/25

 1/67 [..............................] - ETA: 0s - loss: 0.2968 - accuracy: 0.8750
34/67 [==============>...............] - ETA: 0s - loss: 0.2402 - accuracy: 0.9210
67/67 [==============================] - 0s 2ms/step - loss: 0.2358 - accuracy: 0.9244
Epoch 16/25

 1/67 [..............................] - ETA: 0s - loss: 0.1248 - accuracy: 0.9688
39/67 [================>.............] - ETA: 0s - loss: 0.2237 - accuracy: 0.9239
67/67 [==============================] - 0s 1ms/step - loss: 0.2247 - accuracy: 0.9281
Epoch 17/25

 1/67 [..............................] - ETA: 0s - loss: 0.1868 - accuracy: 0.9375
36/67 [===============>..............] - ETA: 0s - loss: 0.2064 - accuracy: 0.9401
67/67 [==============================] - ETA: 0s - loss: 0.2200 - accuracy: 0.9305
67/67 [==============================] - 0s 2ms/step - loss: 0.2200 - accuracy: 0.9305
Epoch 18/25

 1/67 [..............................] - ETA: 0s - loss: 0.1606 - accuracy: 0.9688
35/67 [==============>...............] - ETA: 0s - loss: 0.2029 - accuracy: 0.9366
66/67 [============================>.] - ETA: 0s - loss: 0.2088 - accuracy: 0.9337
67/67 [==============================] - 0s 2ms/step - loss: 0.2104 - accuracy: 0.9328
Epoch 19/25

 1/67 [..............................] - ETA: 0s - loss: 0.1203 - accuracy: 1.0000
31/67 [============>.................] - ETA: 0s - loss: 0.1923 - accuracy: 0.9415
65/67 [============================>.] - ETA: 0s - loss: 0.2028 - accuracy: 0.9370
67/67 [==============================] - 0s 2ms/step - loss: 0.2019 - accuracy: 0.9375
Epoch 20/25

 1/67 [..............................] - ETA: 0s - loss: 0.2777 - accuracy: 0.9062
38/67 [================>.............] - ETA: 0s - loss: 0.1914 - accuracy: 0.9383
67/67 [==============================] - 0s 1ms/step - loss: 0.1972 - accuracy: 0.9365
Epoch 21/25

 1/67 [..............................] - ETA: 0s - loss: 0.2516 - accuracy: 0.8750
40/67 [================>.............] - ETA: 0s - loss: 0.1880 - accuracy: 0.9352
67/67 [==============================] - 0s 1ms/step - loss: 0.1920 - accuracy: 0.9361
Epoch 22/25

 1/67 [..............................] - ETA: 0s - loss: 0.1319 - accuracy: 0.9688
32/67 [=============>................] - ETA: 0s - loss: 0.2075 - accuracy: 0.9297
62/67 [==========================>...] - ETA: 0s - loss: 0.1930 - accuracy: 0.9355
67/67 [==============================] - 0s 2ms/step - loss: 0.1929 - accuracy: 0.9351
Epoch 23/25

 1/67 [..............................] - ETA: 0s - loss: 0.1769 - accuracy: 0.9688
27/67 [===========>..................] - ETA: 0s - loss: 0.1837 - accuracy: 0.9352
51/67 [=====================>........] - ETA: 0s - loss: 0.1861 - accuracy: 0.9363
67/67 [==============================] - 0s 2ms/step - loss: 0.1867 - accuracy: 0.9361
Epoch 24/25

 1/67 [..............................] - ETA: 0s - loss: 0.1917 - accuracy: 0.9375
26/67 [==========>...................] - ETA: 0s - loss: 0.1737 - accuracy: 0.9399
52/67 [======================>.......] - ETA: 0s - loss: 0.1839 - accuracy: 0.9369
67/67 [==============================] - 0s 2ms/step - loss: 0.1808 - accuracy: 0.9384
Epoch 25/25

 1/67 [..............................] - ETA: 0s - loss: 0.1669 - accuracy: 0.9375
37/67 [===============>..............] - ETA: 0s - loss: 0.1592 - accuracy: 0.9502
67/67 [==============================] - 0s 1ms/step - loss: 0.1754 - accuracy: 0.9398
# predict: steps=1872
# predict: tnodeembed_metrics
# predict: node2vec_metrics
tnodeembed: {'auc': 0.6556972618953408, 'f1_micro': 0.6476187295437846, 'f1_macro': 0.6404979285669963} tNodeEmbed_final_loss=0.15375962853431702 tNodeEmbed_final_accuracy=0.9356042742729187 
node2vec: {'auc': 0.6799483716522527, 'f1_micro': 0.6589573174804623, 'f1_macro': 0.6550900912915207} node2vec_final_loss=0.17535382509231567 node2vec_final_accuracy=0.9398040175437927 
