# load graph
Processing Static file: filename='interactions_with_dates_2000.csv'
# initialize tNodeEmbed for dataset=PPI, test_size=0.2
# load dataset
# fit
# tNodeEmbed steps_per_epoch=67
Epoch 1/25

 1/67 [..............................] - ETA: 1:26 - loss: 0.6941 - accuracy: 0.5625
18/67 [=======>......................] - ETA: 0s - loss: 0.6710 - accuracy: 0.6892  
37/67 [===============>..............] - ETA: 0s - loss: 0.6523 - accuracy: 0.6833
58/67 [========================>.....] - ETA: 0s - loss: 0.6342 - accuracy: 0.6923
67/67 [==============================] - 1s 3ms/step - loss: 0.6248 - accuracy: 0.6953
Epoch 2/25

 1/67 [..............................] - ETA: 0s - loss: 0.5126 - accuracy: 0.7812
22/67 [========>.....................] - ETA: 0s - loss: 0.5556 - accuracy: 0.7386
44/67 [==================>...........] - ETA: 0s - loss: 0.5450 - accuracy: 0.7443
66/67 [============================>.] - ETA: 0s - loss: 0.5452 - accuracy: 0.7409
67/67 [==============================] - 0s 2ms/step - loss: 0.5460 - accuracy: 0.7406
Epoch 3/25

 1/67 [..............................] - ETA: 0s - loss: 0.4518 - accuracy: 0.8750
22/67 [========>.....................] - ETA: 0s - loss: 0.4893 - accuracy: 0.7898
43/67 [==================>...........] - ETA: 0s - loss: 0.4942 - accuracy: 0.7878
65/67 [============================>.] - ETA: 0s - loss: 0.4963 - accuracy: 0.7822
67/67 [==============================] - 0s 2ms/step - loss: 0.4935 - accuracy: 0.7835
Epoch 4/25

 1/67 [..............................] - ETA: 0s - loss: 0.4553 - accuracy: 0.8125
21/67 [========>.....................] - ETA: 0s - loss: 0.4784 - accuracy: 0.7798
41/67 [=================>............] - ETA: 0s - loss: 0.4710 - accuracy: 0.7873
62/67 [==========================>...] - ETA: 0s - loss: 0.4637 - accuracy: 0.7923
67/67 [==============================] - 0s 2ms/step - loss: 0.4596 - accuracy: 0.7956
Epoch 5/25

 1/67 [..............................] - ETA: 0s - loss: 0.3944 - accuracy: 0.7812
23/67 [=========>....................] - ETA: 0s - loss: 0.4070 - accuracy: 0.8247
45/67 [===================>..........] - ETA: 0s - loss: 0.4258 - accuracy: 0.8174
66/67 [============================>.] - ETA: 0s - loss: 0.4303 - accuracy: 0.8162
67/67 [==============================] - 0s 2ms/step - loss: 0.4291 - accuracy: 0.8171
Epoch 6/25

 1/67 [..............................] - ETA: 0s - loss: 0.4014 - accuracy: 0.8750
22/67 [========>.....................] - ETA: 0s - loss: 0.3909 - accuracy: 0.8452
42/67 [=================>............] - ETA: 0s - loss: 0.3999 - accuracy: 0.8348
63/67 [===========================>..] - ETA: 0s - loss: 0.3958 - accuracy: 0.8338
67/67 [==============================] - 0s 2ms/step - loss: 0.3970 - accuracy: 0.8339
Epoch 7/25

 1/67 [..............................] - ETA: 0s - loss: 0.4282 - accuracy: 0.7812
23/67 [=========>....................] - ETA: 0s - loss: 0.3771 - accuracy: 0.8492
43/67 [==================>...........] - ETA: 0s - loss: 0.3617 - accuracy: 0.8561
64/67 [===========================>..] - ETA: 0s - loss: 0.3647 - accuracy: 0.8535
67/67 [==============================] - 0s 3ms/step - loss: 0.3624 - accuracy: 0.8544
Epoch 8/25

 1/67 [..............................] - ETA: 0s - loss: 0.1614 - accuracy: 1.0000
20/67 [=======>......................] - ETA: 0s - loss: 0.3323 - accuracy: 0.8734
40/67 [================>.............] - ETA: 0s - loss: 0.3263 - accuracy: 0.8680
62/67 [==========================>...] - ETA: 0s - loss: 0.3377 - accuracy: 0.8629
67/67 [==============================] - 0s 3ms/step - loss: 0.3336 - accuracy: 0.8661
Epoch 9/25

 1/67 [..............................] - ETA: 0s - loss: 0.4443 - accuracy: 0.8125
23/67 [=========>....................] - ETA: 0s - loss: 0.3200 - accuracy: 0.8736
45/67 [===================>..........] - ETA: 0s - loss: 0.3098 - accuracy: 0.8771
67/67 [==============================] - ETA: 0s - loss: 0.3122 - accuracy: 0.8740
67/67 [==============================] - 0s 2ms/step - loss: 0.3122 - accuracy: 0.8740
Epoch 10/25

 1/67 [..............................] - ETA: 0s - loss: 0.2569 - accuracy: 0.9062
24/67 [=========>....................] - ETA: 0s - loss: 0.2600 - accuracy: 0.8945
46/67 [===================>..........] - ETA: 0s - loss: 0.2828 - accuracy: 0.8859
66/67 [============================>.] - ETA: 0s - loss: 0.2916 - accuracy: 0.8806
67/67 [==============================] - 0s 2ms/step - loss: 0.2904 - accuracy: 0.8815
Epoch 11/25

 1/67 [..............................] - ETA: 0s - loss: 0.2421 - accuracy: 0.9375
23/67 [=========>....................] - ETA: 0s - loss: 0.2856 - accuracy: 0.8845
45/67 [===================>..........] - ETA: 0s - loss: 0.2811 - accuracy: 0.8882
65/67 [============================>.] - ETA: 0s - loss: 0.2796 - accuracy: 0.8865
67/67 [==============================] - 0s 2ms/step - loss: 0.2792 - accuracy: 0.8871
Epoch 12/25

 1/67 [..............................] - ETA: 0s - loss: 0.1468 - accuracy: 0.9688
22/67 [========>.....................] - ETA: 0s - loss: 0.2560 - accuracy: 0.8991
44/67 [==================>...........] - ETA: 0s - loss: 0.2639 - accuracy: 0.8920
66/67 [============================>.] - ETA: 0s - loss: 0.2634 - accuracy: 0.8915
67/67 [==============================] - 0s 2ms/step - loss: 0.2630 - accuracy: 0.8917
Epoch 13/25

 1/67 [..............................] - ETA: 0s - loss: 0.1541 - accuracy: 0.9375
22/67 [========>.....................] - ETA: 0s - loss: 0.2598 - accuracy: 0.8892
44/67 [==================>...........] - ETA: 0s - loss: 0.2615 - accuracy: 0.8928
65/67 [============================>.] - ETA: 0s - loss: 0.2599 - accuracy: 0.8938
67/67 [==============================] - 0s 2ms/step - loss: 0.2597 - accuracy: 0.8936
Epoch 14/25

 1/67 [..............................] - ETA: 0s - loss: 0.2210 - accuracy: 0.9375
21/67 [========>.....................] - ETA: 0s - loss: 0.2246 - accuracy: 0.9167
41/67 [=================>............] - ETA: 0s - loss: 0.2444 - accuracy: 0.9002
61/67 [==========================>...] - ETA: 0s - loss: 0.2480 - accuracy: 0.8965
67/67 [==============================] - 0s 3ms/step - loss: 0.2457 - accuracy: 0.8973
Epoch 15/25

 1/67 [..............................] - ETA: 0s - loss: 0.1176 - accuracy: 0.9688
20/67 [=======>......................] - ETA: 0s - loss: 0.1980 - accuracy: 0.9219
36/67 [===============>..............] - ETA: 0s - loss: 0.2367 - accuracy: 0.9028
56/67 [========================>.....] - ETA: 0s - loss: 0.2492 - accuracy: 0.8962
67/67 [==============================] - 0s 3ms/step - loss: 0.2417 - accuracy: 0.9001
Epoch 16/25

 1/67 [..............................] - ETA: 0s - loss: 0.4009 - accuracy: 0.7812
22/67 [========>.....................] - ETA: 0s - loss: 0.2497 - accuracy: 0.8864
44/67 [==================>...........] - ETA: 0s - loss: 0.2416 - accuracy: 0.8928
66/67 [============================>.] - ETA: 0s - loss: 0.2394 - accuracy: 0.8972
67/67 [==============================] - 0s 2ms/step - loss: 0.2393 - accuracy: 0.8973
Epoch 17/25

 1/67 [..............................] - ETA: 0s - loss: 0.1164 - accuracy: 1.0000
22/67 [========>.....................] - ETA: 0s - loss: 0.2280 - accuracy: 0.9048
45/67 [===================>..........] - ETA: 0s - loss: 0.2352 - accuracy: 0.9035
67/67 [==============================] - ETA: 0s - loss: 0.2410 - accuracy: 0.9011
67/67 [==============================] - 0s 2ms/step - loss: 0.2410 - accuracy: 0.9011
Epoch 18/25

 1/67 [..............................] - ETA: 0s - loss: 0.3140 - accuracy: 0.8125
24/67 [=========>....................] - ETA: 0s - loss: 0.2059 - accuracy: 0.9154
46/67 [===================>..........] - ETA: 0s - loss: 0.2442 - accuracy: 0.8933
67/67 [==============================] - 0s 2ms/step - loss: 0.2397 - accuracy: 0.8969
Epoch 19/25

 1/67 [..............................] - ETA: 0s - loss: 0.2029 - accuracy: 0.9062
23/67 [=========>....................] - ETA: 0s - loss: 0.2010 - accuracy: 0.9144
45/67 [===================>..........] - ETA: 0s - loss: 0.2316 - accuracy: 0.8979
67/67 [==============================] - ETA: 0s - loss: 0.2307 - accuracy: 0.9006
67/67 [==============================] - 0s 2ms/step - loss: 0.2307 - accuracy: 0.9006
Epoch 20/25

 1/67 [..............................] - ETA: 0s - loss: 0.2387 - accuracy: 0.8750
22/67 [========>.....................] - ETA: 0s - loss: 0.2211 - accuracy: 0.9134
44/67 [==================>...........] - ETA: 0s - loss: 0.2311 - accuracy: 0.9027
60/67 [=========================>....] - ETA: 0s - loss: 0.2223 - accuracy: 0.9083
67/67 [==============================] - 0s 3ms/step - loss: 0.2237 - accuracy: 0.9071
Epoch 21/25

 1/67 [..............................] - ETA: 0s - loss: 0.1541 - accuracy: 0.9375
12/67 [====>.........................] - ETA: 0s - loss: 0.2514 - accuracy: 0.8854
24/67 [=========>....................] - ETA: 0s - loss: 0.2465 - accuracy: 0.8919
39/67 [================>.............] - ETA: 0s - loss: 0.2458 - accuracy: 0.8942
60/67 [=========================>....] - ETA: 0s - loss: 0.2341 - accuracy: 0.9000
67/67 [==============================] - 0s 3ms/step - loss: 0.2352 - accuracy: 0.8997
Epoch 22/25

 1/67 [..............................] - ETA: 0s - loss: 0.2173 - accuracy: 0.9062
21/67 [========>.....................] - ETA: 0s - loss: 0.2060 - accuracy: 0.9226
41/67 [=================>............] - ETA: 0s - loss: 0.2137 - accuracy: 0.9123
62/67 [==========================>...] - ETA: 0s - loss: 0.2247 - accuracy: 0.9032
67/67 [==============================] - 0s 3ms/step - loss: 0.2249 - accuracy: 0.9043
Epoch 23/25

 1/67 [..............................] - ETA: 0s - loss: 0.2080 - accuracy: 0.9062
21/67 [========>.....................] - ETA: 0s - loss: 0.2153 - accuracy: 0.9092
43/67 [==================>...........] - ETA: 0s - loss: 0.2141 - accuracy: 0.9092
63/67 [===========================>..] - ETA: 0s - loss: 0.2222 - accuracy: 0.9062
67/67 [==============================] - 0s 3ms/step - loss: 0.2233 - accuracy: 0.9048
Epoch 24/25

 1/67 [..............................] - ETA: 0s - loss: 0.2190 - accuracy: 0.9062
21/67 [========>.....................] - ETA: 0s - loss: 0.2322 - accuracy: 0.9033
40/67 [================>.............] - ETA: 0s - loss: 0.2262 - accuracy: 0.9016
59/67 [=========================>....] - ETA: 0s - loss: 0.2263 - accuracy: 0.9010
67/67 [==============================] - 0s 3ms/step - loss: 0.2214 - accuracy: 0.9039
Epoch 25/25

 1/67 [..............................] - ETA: 0s - loss: 0.2455 - accuracy: 0.8750
21/67 [========>.....................] - ETA: 0s - loss: 0.1902 - accuracy: 0.9152
42/67 [=================>............] - ETA: 0s - loss: 0.2081 - accuracy: 0.9070
63/67 [===========================>..] - ETA: 0s - loss: 0.2156 - accuracy: 0.9048
67/67 [==============================] - 0s 3ms/step - loss: 0.2179 - accuracy: 0.9029
# node2vec
Epoch 1/25

 1/67 [..............................] - ETA: 21s - loss: 0.6827 - accuracy: 0.6875
30/67 [============>.................] - ETA: 0s - loss: 0.6399 - accuracy: 0.6656 
59/67 [=========================>....] - ETA: 0s - loss: 0.6243 - accuracy: 0.6864
67/67 [==============================] - 0s 2ms/step - loss: 0.6190 - accuracy: 0.6920
Epoch 2/25

 1/67 [..............................] - ETA: 0s - loss: 0.5778 - accuracy: 0.7188
31/67 [============>.................] - ETA: 0s - loss: 0.5344 - accuracy: 0.7722
63/67 [===========================>..] - ETA: 0s - loss: 0.5409 - accuracy: 0.7599
67/67 [==============================] - 0s 2ms/step - loss: 0.5402 - accuracy: 0.7597
Epoch 3/25

 1/67 [..............................] - ETA: 0s - loss: 0.5476 - accuracy: 0.7500
32/67 [=============>................] - ETA: 0s - loss: 0.5040 - accuracy: 0.7725
61/67 [==========================>...] - ETA: 0s - loss: 0.4971 - accuracy: 0.7797
67/67 [==============================] - 0s 2ms/step - loss: 0.4953 - accuracy: 0.7802
Epoch 4/25

 1/67 [..............................] - ETA: 0s - loss: 0.3129 - accuracy: 0.8750
33/67 [=============>................] - ETA: 0s - loss: 0.4743 - accuracy: 0.7898
54/67 [=======================>......] - ETA: 0s - loss: 0.4712 - accuracy: 0.7946
67/67 [==============================] - 0s 2ms/step - loss: 0.4645 - accuracy: 0.7989
Epoch 5/25

 1/67 [..............................] - ETA: 0s - loss: 0.5390 - accuracy: 0.7500
34/67 [==============>...............] - ETA: 0s - loss: 0.4226 - accuracy: 0.8235
63/67 [===========================>..] - ETA: 0s - loss: 0.4419 - accuracy: 0.8090
67/67 [==============================] - 0s 2ms/step - loss: 0.4430 - accuracy: 0.8077
Epoch 6/25

 1/67 [..............................] - ETA: 0s - loss: 0.4639 - accuracy: 0.7812
33/67 [=============>................] - ETA: 0s - loss: 0.4170 - accuracy: 0.8248
67/67 [==============================] - 0s 2ms/step - loss: 0.4253 - accuracy: 0.8189
Epoch 7/25

 1/67 [..............................] - ETA: 0s - loss: 0.2721 - accuracy: 0.9375
30/67 [============>.................] - ETA: 0s - loss: 0.3806 - accuracy: 0.8646
55/67 [=======================>......] - ETA: 0s - loss: 0.4067 - accuracy: 0.8392
67/67 [==============================] - 0s 2ms/step - loss: 0.4085 - accuracy: 0.8357
Epoch 8/25

 1/67 [..............................] - ETA: 0s - loss: 0.3474 - accuracy: 0.8750
25/67 [==========>...................] - ETA: 0s - loss: 0.3841 - accuracy: 0.8475
58/67 [========================>.....] - ETA: 0s - loss: 0.3829 - accuracy: 0.8464
67/67 [==============================] - 0s 2ms/step - loss: 0.3923 - accuracy: 0.8395
Epoch 9/25

 1/67 [..............................] - ETA: 0s - loss: 0.3099 - accuracy: 0.9062
28/67 [===========>..................] - ETA: 0s - loss: 0.3726 - accuracy: 0.8538
45/67 [===================>..........] - ETA: 0s - loss: 0.3830 - accuracy: 0.8417
67/67 [==============================] - ETA: 0s - loss: 0.3720 - accuracy: 0.8530
67/67 [==============================] - 0s 2ms/step - loss: 0.3720 - accuracy: 0.8530
Epoch 10/25

 1/67 [..............................] - ETA: 0s - loss: 0.4514 - accuracy: 0.7812
33/67 [=============>................] - ETA: 0s - loss: 0.3466 - accuracy: 0.8655
63/67 [===========================>..] - ETA: 0s - loss: 0.3594 - accuracy: 0.8571
67/67 [==============================] - 0s 2ms/step - loss: 0.3583 - accuracy: 0.8591
Epoch 11/25

 1/67 [..............................] - ETA: 0s - loss: 0.5201 - accuracy: 0.7188
31/67 [============>.................] - ETA: 0s - loss: 0.3415 - accuracy: 0.8619
61/67 [==========================>...] - ETA: 0s - loss: 0.3431 - accuracy: 0.8632
67/67 [==============================] - 0s 2ms/step - loss: 0.3459 - accuracy: 0.8614
Epoch 12/25

 1/67 [..............................] - ETA: 0s - loss: 0.2785 - accuracy: 0.8750
35/67 [==============>...............] - ETA: 0s - loss: 0.3318 - accuracy: 0.8759
67/67 [==============================] - 0s 1ms/step - loss: 0.3285 - accuracy: 0.8763
Epoch 13/25

 1/67 [..............................] - ETA: 0s - loss: 0.3089 - accuracy: 0.9375
33/67 [=============>................] - ETA: 0s - loss: 0.3102 - accuracy: 0.8902
61/67 [==========================>...] - ETA: 0s - loss: 0.3182 - accuracy: 0.8822
67/67 [==============================] - 0s 2ms/step - loss: 0.3232 - accuracy: 0.8768
Epoch 14/25

 1/67 [..............................] - ETA: 0s - loss: 0.1857 - accuracy: 0.9688
31/67 [============>.................] - ETA: 0s - loss: 0.3157 - accuracy: 0.8851
63/67 [===========================>..] - ETA: 0s - loss: 0.3133 - accuracy: 0.8829
67/67 [==============================] - 0s 2ms/step - loss: 0.3113 - accuracy: 0.8852
Epoch 15/25

 1/67 [..............................] - ETA: 0s - loss: 0.2648 - accuracy: 0.9062
37/67 [===============>..............] - ETA: 0s - loss: 0.3190 - accuracy: 0.8708
66/67 [============================>.] - ETA: 0s - loss: 0.3032 - accuracy: 0.8811
67/67 [==============================] - 0s 2ms/step - loss: 0.3039 - accuracy: 0.8805
Epoch 16/25

 1/67 [..............................] - ETA: 0s - loss: 0.4601 - accuracy: 0.7812
28/67 [===========>..................] - ETA: 0s - loss: 0.2869 - accuracy: 0.8917
51/67 [=====================>........] - ETA: 0s - loss: 0.2861 - accuracy: 0.8934
67/67 [==============================] - 0s 2ms/step - loss: 0.2898 - accuracy: 0.8894
Epoch 17/25

 1/67 [..............................] - ETA: 0s - loss: 0.1733 - accuracy: 0.9688
28/67 [===========>..................] - ETA: 0s - loss: 0.2831 - accuracy: 0.8984
58/67 [========================>.....] - ETA: 0s - loss: 0.2788 - accuracy: 0.8998
67/67 [==============================] - 0s 2ms/step - loss: 0.2823 - accuracy: 0.8955
Epoch 18/25

 1/67 [..............................] - ETA: 0s - loss: 0.2403 - accuracy: 0.9375
28/67 [===========>..................] - ETA: 0s - loss: 0.2667 - accuracy: 0.8984
55/67 [=======================>......] - ETA: 0s - loss: 0.2783 - accuracy: 0.8920
67/67 [==============================] - 0s 2ms/step - loss: 0.2765 - accuracy: 0.8913
Epoch 19/25

 1/67 [..............................] - ETA: 0s - loss: 0.2281 - accuracy: 0.9062
25/67 [==========>...................] - ETA: 0s - loss: 0.2583 - accuracy: 0.9050
60/67 [=========================>....] - ETA: 0s - loss: 0.2725 - accuracy: 0.8938
67/67 [==============================] - 0s 2ms/step - loss: 0.2688 - accuracy: 0.8969
Epoch 20/25

 1/67 [..............................] - ETA: 0s - loss: 0.2093 - accuracy: 0.9375
37/67 [===============>..............] - ETA: 0s - loss: 0.2751 - accuracy: 0.8894
67/67 [==============================] - 0s 1ms/step - loss: 0.2621 - accuracy: 0.9015
Epoch 21/25

 1/67 [..............................] - ETA: 0s - loss: 0.2180 - accuracy: 0.9062
36/67 [===============>..............] - ETA: 0s - loss: 0.2543 - accuracy: 0.9010
67/67 [==============================] - 0s 1ms/step - loss: 0.2598 - accuracy: 0.9011
Epoch 22/25

 1/67 [..............................] - ETA: 0s - loss: 0.2091 - accuracy: 0.9688
37/67 [===============>..............] - ETA: 0s - loss: 0.2550 - accuracy: 0.9029
67/67 [==============================] - 0s 1ms/step - loss: 0.2523 - accuracy: 0.9020
Epoch 23/25

 1/67 [..............................] - ETA: 0s - loss: 0.1814 - accuracy: 0.9688
37/67 [===============>..............] - ETA: 0s - loss: 0.2509 - accuracy: 0.9037
67/67 [==============================] - 0s 1ms/step - loss: 0.2527 - accuracy: 0.9001
Epoch 24/25

 1/67 [..............................] - ETA: 0s - loss: 0.2890 - accuracy: 0.8750
38/67 [================>.............] - ETA: 0s - loss: 0.2593 - accuracy: 0.8964
67/67 [==============================] - 0s 2ms/step - loss: 0.2464 - accuracy: 0.9043
Epoch 25/25

 1/67 [..............................] - ETA: 0s - loss: 0.2030 - accuracy: 0.9375
34/67 [==============>...............] - ETA: 0s - loss: 0.2349 - accuracy: 0.9118
63/67 [===========================>..] - ETA: 0s - loss: 0.2394 - accuracy: 0.9053
67/67 [==============================] - 0s 2ms/step - loss: 0.2419 - accuracy: 0.9039
# predict: steps=1872
# predict: tnodeembed_metrics
# predict: node2vec_metrics
tnodeembed: {'auc': 0.6774909398791753, 'f1_micro': 0.6641840892391958, 'f1_macro': 0.6608221502906408} tNodeEmbed_final_loss=0.2178800255060196 tNodeEmbed_final_accuracy=0.9029397964477539 
node2vec: {'auc': 0.6721002370887458, 'f1_micro': 0.6540144278939283, 'f1_macro': 0.6455894114668226} node2vec_final_loss=0.24190929532051086 node2vec_final_accuracy=0.903873085975647 
