# load graph
Processing Static file: filename='interactions_with_dates_1996.csv'
# initialize tNodeEmbed for dataset=PPI, test_size=0.2
# load dataset
# fit
# tNodeEmbed steps_per_epoch=67
Epoch 1/25

 1/67 [..............................] - ETA: 1:32 - loss: 0.6945 - accuracy: 0.3438
19/67 [=======>......................] - ETA: 0s - loss: 0.6798 - accuracy: 0.4786  
36/67 [===============>..............] - ETA: 0s - loss: 0.6698 - accuracy: 0.5512
56/67 [========================>.....] - ETA: 0s - loss: 0.6522 - accuracy: 0.6083
67/67 [==============================] - 2s 3ms/step - loss: 0.6473 - accuracy: 0.6174
Epoch 2/25

 1/67 [..............................] - ETA: 0s - loss: 0.6382 - accuracy: 0.6875
19/67 [=======>......................] - ETA: 0s - loss: 0.6105 - accuracy: 0.6875
37/67 [===============>..............] - ETA: 0s - loss: 0.6080 - accuracy: 0.6706
55/67 [=======================>......] - ETA: 0s - loss: 0.6043 - accuracy: 0.6773
67/67 [==============================] - 0s 3ms/step - loss: 0.6039 - accuracy: 0.6771
Epoch 3/25

 1/67 [..............................] - ETA: 0s - loss: 0.6214 - accuracy: 0.5625
18/67 [=======>......................] - ETA: 0s - loss: 0.5659 - accuracy: 0.7014
37/67 [===============>..............] - ETA: 0s - loss: 0.5715 - accuracy: 0.6926
56/67 [========================>.....] - ETA: 0s - loss: 0.5729 - accuracy: 0.6964
67/67 [==============================] - 0s 3ms/step - loss: 0.5732 - accuracy: 0.6972
Epoch 4/25

 1/67 [..............................] - ETA: 0s - loss: 0.5402 - accuracy: 0.7500
19/67 [=======>......................] - ETA: 0s - loss: 0.5594 - accuracy: 0.7105
36/67 [===============>..............] - ETA: 0s - loss: 0.5612 - accuracy: 0.7049
56/67 [========================>.....] - ETA: 0s - loss: 0.5544 - accuracy: 0.7104
67/67 [==============================] - 0s 3ms/step - loss: 0.5544 - accuracy: 0.7107
Epoch 5/25

 1/67 [..............................] - ETA: 0s - loss: 0.5071 - accuracy: 0.7188
21/67 [========>.....................] - ETA: 0s - loss: 0.5475 - accuracy: 0.7098
41/67 [=================>............] - ETA: 0s - loss: 0.5355 - accuracy: 0.7188
62/67 [==========================>...] - ETA: 0s - loss: 0.5430 - accuracy: 0.7112
67/67 [==============================] - 0s 3ms/step - loss: 0.5421 - accuracy: 0.7102
Epoch 6/25

 1/67 [..............................] - ETA: 0s - loss: 0.4853 - accuracy: 0.8125
21/67 [========>.....................] - ETA: 0s - loss: 0.5117 - accuracy: 0.7351
41/67 [=================>............] - ETA: 0s - loss: 0.5213 - accuracy: 0.7233
60/67 [=========================>....] - ETA: 0s - loss: 0.5275 - accuracy: 0.7172
67/67 [==============================] - 0s 3ms/step - loss: 0.5275 - accuracy: 0.7210
Epoch 7/25

 1/67 [..............................] - ETA: 0s - loss: 0.4667 - accuracy: 0.7500
20/67 [=======>......................] - ETA: 0s - loss: 0.5419 - accuracy: 0.6891
40/67 [================>.............] - ETA: 0s - loss: 0.5141 - accuracy: 0.7219
60/67 [=========================>....] - ETA: 0s - loss: 0.5158 - accuracy: 0.7234
67/67 [==============================] - 0s 3ms/step - loss: 0.5121 - accuracy: 0.7275
Epoch 8/25

 1/67 [..............................] - ETA: 0s - loss: 0.5434 - accuracy: 0.6875
17/67 [======>.......................] - ETA: 0s - loss: 0.5019 - accuracy: 0.7335
37/67 [===============>..............] - ETA: 0s - loss: 0.5013 - accuracy: 0.7323
55/67 [=======================>......] - ETA: 0s - loss: 0.5030 - accuracy: 0.7369
67/67 [==============================] - 0s 3ms/step - loss: 0.5044 - accuracy: 0.7322
Epoch 9/25

 1/67 [..............................] - ETA: 0s - loss: 0.5287 - accuracy: 0.6875
16/67 [======>.......................] - ETA: 0s - loss: 0.5138 - accuracy: 0.7188
35/67 [==============>...............] - ETA: 0s - loss: 0.4830 - accuracy: 0.7571
53/67 [======================>.......] - ETA: 0s - loss: 0.4895 - accuracy: 0.7447
67/67 [==============================] - 0s 3ms/step - loss: 0.4900 - accuracy: 0.7443
Epoch 10/25

 1/67 [..............................] - ETA: 0s - loss: 0.4936 - accuracy: 0.7812
19/67 [=======>......................] - ETA: 0s - loss: 0.4655 - accuracy: 0.7664
34/67 [==============>...............] - ETA: 0s - loss: 0.4747 - accuracy: 0.7537
51/67 [=====================>........] - ETA: 0s - loss: 0.4858 - accuracy: 0.7433
67/67 [==============================] - 0s 3ms/step - loss: 0.4881 - accuracy: 0.7410
Epoch 11/25

 1/67 [..............................] - ETA: 0s - loss: 0.4105 - accuracy: 0.8125
21/67 [========>.....................] - ETA: 0s - loss: 0.4998 - accuracy: 0.7307
41/67 [=================>............] - ETA: 0s - loss: 0.4917 - accuracy: 0.7340
61/67 [==========================>...] - ETA: 0s - loss: 0.4831 - accuracy: 0.7408
67/67 [==============================] - 0s 3ms/step - loss: 0.4790 - accuracy: 0.7443
Epoch 12/25

 1/67 [..............................] - ETA: 0s - loss: 0.4824 - accuracy: 0.6562
18/67 [=======>......................] - ETA: 0s - loss: 0.4512 - accuracy: 0.7760
37/67 [===============>..............] - ETA: 0s - loss: 0.4621 - accuracy: 0.7610
56/67 [========================>.....] - ETA: 0s - loss: 0.4752 - accuracy: 0.7489
67/67 [==============================] - 0s 3ms/step - loss: 0.4740 - accuracy: 0.7494
Epoch 13/25

 1/67 [..............................] - ETA: 0s - loss: 0.3602 - accuracy: 0.8125
19/67 [=======>......................] - ETA: 0s - loss: 0.4409 - accuracy: 0.7812
38/67 [================>.............] - ETA: 0s - loss: 0.4668 - accuracy: 0.7525
57/67 [========================>.....] - ETA: 0s - loss: 0.4687 - accuracy: 0.7505
67/67 [==============================] - 0s 3ms/step - loss: 0.4695 - accuracy: 0.7471
Epoch 14/25

 1/67 [..............................] - ETA: 0s - loss: 0.5292 - accuracy: 0.7500
20/67 [=======>......................] - ETA: 0s - loss: 0.4462 - accuracy: 0.7688
41/67 [=================>............] - ETA: 0s - loss: 0.4514 - accuracy: 0.7591
60/67 [=========================>....] - ETA: 0s - loss: 0.4588 - accuracy: 0.7542
67/67 [==============================] - 0s 3ms/step - loss: 0.4660 - accuracy: 0.7485
Epoch 15/25

 1/67 [..............................] - ETA: 0s - loss: 0.5047 - accuracy: 0.6562
21/67 [========>.....................] - ETA: 0s - loss: 0.4690 - accuracy: 0.7292
40/67 [================>.............] - ETA: 0s - loss: 0.4658 - accuracy: 0.7445
58/67 [========================>.....] - ETA: 0s - loss: 0.4610 - accuracy: 0.7516
67/67 [==============================] - 0s 3ms/step - loss: 0.4592 - accuracy: 0.7527
Epoch 16/25

 1/67 [..............................] - ETA: 0s - loss: 0.6184 - accuracy: 0.5938
19/67 [=======>......................] - ETA: 0s - loss: 0.4672 - accuracy: 0.7418
38/67 [================>.............] - ETA: 0s - loss: 0.4497 - accuracy: 0.7607
57/67 [========================>.....] - ETA: 0s - loss: 0.4572 - accuracy: 0.7522
67/67 [==============================] - 0s 3ms/step - loss: 0.4608 - accuracy: 0.7522
Epoch 17/25

 1/67 [..............................] - ETA: 0s - loss: 0.3717 - accuracy: 0.8438
21/67 [========>.....................] - ETA: 0s - loss: 0.4501 - accuracy: 0.7604
39/67 [================>.............] - ETA: 0s - loss: 0.4508 - accuracy: 0.7628
58/67 [========================>.....] - ETA: 0s - loss: 0.4554 - accuracy: 0.7516
67/67 [==============================] - 0s 3ms/step - loss: 0.4557 - accuracy: 0.7527
Epoch 18/25

 1/67 [..............................] - ETA: 0s - loss: 0.4592 - accuracy: 0.6875
21/67 [========>.....................] - ETA: 0s - loss: 0.4364 - accuracy: 0.7574
41/67 [=================>............] - ETA: 0s - loss: 0.4437 - accuracy: 0.7553
60/67 [=========================>....] - ETA: 0s - loss: 0.4516 - accuracy: 0.7568
67/67 [==============================] - 0s 3ms/step - loss: 0.4539 - accuracy: 0.7545
Epoch 19/25

 1/67 [..............................] - ETA: 0s - loss: 0.5232 - accuracy: 0.6875
21/67 [========>.....................] - ETA: 0s - loss: 0.4376 - accuracy: 0.7649
40/67 [================>.............] - ETA: 0s - loss: 0.4428 - accuracy: 0.7656
58/67 [========================>.....] - ETA: 0s - loss: 0.4435 - accuracy: 0.7640
67/67 [==============================] - 0s 3ms/step - loss: 0.4514 - accuracy: 0.7559
Epoch 20/25

 1/67 [..............................] - ETA: 0s - loss: 0.4211 - accuracy: 0.7500
20/67 [=======>......................] - ETA: 0s - loss: 0.4440 - accuracy: 0.7625
39/67 [================>.............] - ETA: 0s - loss: 0.4637 - accuracy: 0.7404
58/67 [========================>.....] - ETA: 0s - loss: 0.4478 - accuracy: 0.7575
67/67 [==============================] - 0s 3ms/step - loss: 0.4505 - accuracy: 0.7573
Epoch 21/25

 1/67 [..............................] - ETA: 0s - loss: 0.4826 - accuracy: 0.6562
18/67 [=======>......................] - ETA: 0s - loss: 0.4261 - accuracy: 0.7760
36/67 [===============>..............] - ETA: 0s - loss: 0.4458 - accuracy: 0.7622
54/67 [=======================>......] - ETA: 0s - loss: 0.4461 - accuracy: 0.7598
67/67 [==============================] - 0s 3ms/step - loss: 0.4466 - accuracy: 0.7583
Epoch 22/25

 1/67 [..............................] - ETA: 0s - loss: 0.2893 - accuracy: 0.9062
20/67 [=======>......................] - ETA: 0s - loss: 0.4413 - accuracy: 0.7656
41/67 [=================>............] - ETA: 0s - loss: 0.4432 - accuracy: 0.7576
61/67 [==========================>...] - ETA: 0s - loss: 0.4531 - accuracy: 0.7515
67/67 [==============================] - 0s 3ms/step - loss: 0.4488 - accuracy: 0.7564
Epoch 23/25

 1/67 [..............................] - ETA: 0s - loss: 0.4813 - accuracy: 0.7500
13/67 [====>.........................] - ETA: 0s - loss: 0.4519 - accuracy: 0.7380
31/67 [============>.................] - ETA: 0s - loss: 0.4372 - accuracy: 0.7601
50/67 [=====================>........] - ETA: 0s - loss: 0.4460 - accuracy: 0.7588
67/67 [==============================] - 0s 3ms/step - loss: 0.4429 - accuracy: 0.7606
Epoch 24/25

 1/67 [..............................] - ETA: 0s - loss: 0.4527 - accuracy: 0.7500
20/67 [=======>......................] - ETA: 0s - loss: 0.4350 - accuracy: 0.7547
38/67 [================>.............] - ETA: 0s - loss: 0.4478 - accuracy: 0.7525
57/67 [========================>.....] - ETA: 0s - loss: 0.4481 - accuracy: 0.7571
67/67 [==============================] - 0s 3ms/step - loss: 0.4486 - accuracy: 0.7578
Epoch 25/25

 1/67 [..............................] - ETA: 0s - loss: 0.5967 - accuracy: 0.5938
20/67 [=======>......................] - ETA: 0s - loss: 0.4485 - accuracy: 0.7484
40/67 [================>.............] - ETA: 0s - loss: 0.4433 - accuracy: 0.7492
60/67 [=========================>....] - ETA: 0s - loss: 0.4435 - accuracy: 0.7563
67/67 [==============================] - 0s 3ms/step - loss: 0.4462 - accuracy: 0.7545
# node2vec
Epoch 1/25

 1/67 [..............................] - ETA: 23s - loss: 0.6767 - accuracy: 0.6562
24/67 [=========>....................] - ETA: 0s - loss: 0.6476 - accuracy: 0.6602 
49/67 [====================>.........] - ETA: 0s - loss: 0.6321 - accuracy: 0.6703
67/67 [==============================] - 0s 2ms/step - loss: 0.6276 - accuracy: 0.6687
Epoch 2/25

 1/67 [..............................] - ETA: 0s - loss: 0.5828 - accuracy: 0.6875
26/67 [==========>...................] - ETA: 0s - loss: 0.5774 - accuracy: 0.7163
46/67 [===================>..........] - ETA: 0s - loss: 0.5956 - accuracy: 0.6963
67/67 [==============================] - 0s 2ms/step - loss: 0.5958 - accuracy: 0.6869
Epoch 3/25

 1/67 [..............................] - ETA: 0s - loss: 0.5569 - accuracy: 0.6875
32/67 [=============>................] - ETA: 0s - loss: 0.5649 - accuracy: 0.6953
67/67 [==============================] - 0s 2ms/step - loss: 0.5694 - accuracy: 0.7014
Epoch 4/25

 1/67 [..............................] - ETA: 0s - loss: 0.5413 - accuracy: 0.7188
37/67 [===============>..............] - ETA: 0s - loss: 0.5625 - accuracy: 0.6951
67/67 [==============================] - 0s 1ms/step - loss: 0.5560 - accuracy: 0.7065
Epoch 5/25

 1/67 [..............................] - ETA: 0s - loss: 0.5874 - accuracy: 0.7188
36/67 [===============>..............] - ETA: 0s - loss: 0.5430 - accuracy: 0.7083
67/67 [==============================] - 0s 1ms/step - loss: 0.5436 - accuracy: 0.7158
Epoch 6/25

 1/67 [..............................] - ETA: 0s - loss: 0.4791 - accuracy: 0.8438
34/67 [==============>...............] - ETA: 0s - loss: 0.5382 - accuracy: 0.7197
65/67 [============================>.] - ETA: 0s - loss: 0.5386 - accuracy: 0.7183
67/67 [==============================] - 0s 2ms/step - loss: 0.5387 - accuracy: 0.7177
Epoch 7/25

 1/67 [..............................] - ETA: 0s - loss: 0.5401 - accuracy: 0.7188
34/67 [==============>...............] - ETA: 0s - loss: 0.5091 - accuracy: 0.7390
64/67 [===========================>..] - ETA: 0s - loss: 0.5252 - accuracy: 0.7227
67/67 [==============================] - 0s 2ms/step - loss: 0.5246 - accuracy: 0.7247
Epoch 8/25

 1/67 [..............................] - ETA: 0s - loss: 0.4824 - accuracy: 0.7500
33/67 [=============>................] - ETA: 0s - loss: 0.5178 - accuracy: 0.7273
65/67 [============================>.] - ETA: 0s - loss: 0.5202 - accuracy: 0.7279
67/67 [==============================] - 0s 2ms/step - loss: 0.5221 - accuracy: 0.7256
Epoch 9/25

 1/67 [..............................] - ETA: 0s - loss: 0.5362 - accuracy: 0.6875
23/67 [=========>....................] - ETA: 0s - loss: 0.5011 - accuracy: 0.7554
59/67 [=========================>....] - ETA: 0s - loss: 0.5161 - accuracy: 0.7362
67/67 [==============================] - 0s 2ms/step - loss: 0.5141 - accuracy: 0.7368
Epoch 10/25

 1/67 [..............................] - ETA: 0s - loss: 0.6473 - accuracy: 0.6562
36/67 [===============>..............] - ETA: 0s - loss: 0.5088 - accuracy: 0.7344
63/67 [===========================>..] - ETA: 0s - loss: 0.5058 - accuracy: 0.7381
67/67 [==============================] - 0s 2ms/step - loss: 0.5049 - accuracy: 0.7401
Epoch 11/25

 1/67 [..............................] - ETA: 0s - loss: 0.5200 - accuracy: 0.7188
30/67 [============>.................] - ETA: 0s - loss: 0.5048 - accuracy: 0.7417
60/67 [=========================>....] - ETA: 0s - loss: 0.4995 - accuracy: 0.7422
67/67 [==============================] - 0s 2ms/step - loss: 0.4991 - accuracy: 0.7410
Epoch 12/25

 1/67 [..............................] - ETA: 0s - loss: 0.4548 - accuracy: 0.7500
31/67 [============>.................] - ETA: 0s - loss: 0.4953 - accuracy: 0.7419
67/67 [==============================] - 0s 2ms/step - loss: 0.4943 - accuracy: 0.7424
Epoch 13/25

 1/67 [..............................] - ETA: 0s - loss: 0.5419 - accuracy: 0.6875
37/67 [===============>..............] - ETA: 0s - loss: 0.4827 - accuracy: 0.7584
67/67 [==============================] - 0s 1ms/step - loss: 0.4924 - accuracy: 0.7434
Epoch 14/25

 1/67 [..............................] - ETA: 0s - loss: 0.5177 - accuracy: 0.7500
39/67 [================>.............] - ETA: 0s - loss: 0.4941 - accuracy: 0.7444
67/67 [==============================] - 0s 1ms/step - loss: 0.4886 - accuracy: 0.7434
Epoch 15/25

 1/67 [..............................] - ETA: 0s - loss: 0.4436 - accuracy: 0.8438
36/67 [===============>..............] - ETA: 0s - loss: 0.4806 - accuracy: 0.7535
67/67 [==============================] - 0s 1ms/step - loss: 0.4834 - accuracy: 0.7471
Epoch 16/25

 1/67 [..............................] - ETA: 0s - loss: 0.4065 - accuracy: 0.8438
37/67 [===============>..............] - ETA: 0s - loss: 0.4853 - accuracy: 0.7314
67/67 [==============================] - 0s 1ms/step - loss: 0.4773 - accuracy: 0.7485
Epoch 17/25

 1/67 [..............................] - ETA: 0s - loss: 0.4137 - accuracy: 0.7812
35/67 [==============>...............] - ETA: 0s - loss: 0.4664 - accuracy: 0.7598
67/67 [==============================] - 0s 1ms/step - loss: 0.4765 - accuracy: 0.7517
Epoch 18/25

 1/67 [..............................] - ETA: 0s - loss: 0.5458 - accuracy: 0.6875
36/67 [===============>..............] - ETA: 0s - loss: 0.4821 - accuracy: 0.7465
64/67 [===========================>..] - ETA: 0s - loss: 0.4724 - accuracy: 0.7524
67/67 [==============================] - 0s 2ms/step - loss: 0.4731 - accuracy: 0.7531
Epoch 19/25

 1/67 [..............................] - ETA: 0s - loss: 0.4298 - accuracy: 0.7812
33/67 [=============>................] - ETA: 0s - loss: 0.4505 - accuracy: 0.7765
61/67 [==========================>...] - ETA: 0s - loss: 0.4726 - accuracy: 0.7515
67/67 [==============================] - 0s 2ms/step - loss: 0.4713 - accuracy: 0.7499
Epoch 20/25

 1/67 [..............................] - ETA: 0s - loss: 0.3755 - accuracy: 0.8125
36/67 [===============>..............] - ETA: 0s - loss: 0.4772 - accuracy: 0.7387
67/67 [==============================] - 0s 1ms/step - loss: 0.4710 - accuracy: 0.7513
Epoch 21/25

 1/67 [..............................] - ETA: 0s - loss: 0.4502 - accuracy: 0.7188
33/67 [=============>................] - ETA: 0s - loss: 0.4552 - accuracy: 0.7689
64/67 [===========================>..] - ETA: 0s - loss: 0.4672 - accuracy: 0.7544
67/67 [==============================] - 0s 2ms/step - loss: 0.4674 - accuracy: 0.7541
Epoch 22/25

 1/67 [..............................] - ETA: 0s - loss: 0.4116 - accuracy: 0.8438
32/67 [=============>................] - ETA: 0s - loss: 0.4912 - accuracy: 0.7324
65/67 [============================>.] - ETA: 0s - loss: 0.4686 - accuracy: 0.7495
67/67 [==============================] - 0s 2ms/step - loss: 0.4653 - accuracy: 0.7527
Epoch 23/25

 1/67 [..............................] - ETA: 0s - loss: 0.4062 - accuracy: 0.8750
35/67 [==============>...............] - ETA: 0s - loss: 0.4576 - accuracy: 0.7545
67/67 [==============================] - 0s 1ms/step - loss: 0.4652 - accuracy: 0.7536
Epoch 24/25

 1/67 [..............................] - ETA: 0s - loss: 0.5523 - accuracy: 0.6562
39/67 [================>.............] - ETA: 0s - loss: 0.4499 - accuracy: 0.7620
67/67 [==============================] - 0s 1ms/step - loss: 0.4615 - accuracy: 0.7541
Epoch 25/25

 1/67 [..............................] - ETA: 0s - loss: 0.3469 - accuracy: 0.9062
37/67 [===============>..............] - ETA: 0s - loss: 0.4572 - accuracy: 0.7576
67/67 [==============================] - 0s 1ms/step - loss: 0.4635 - accuracy: 0.7527
# predict: steps=1872
# predict: tnodeembed_metrics
# predict: node2vec_metrics
tnodeembed: {'auc': 0.6020363731424181, 'f1_micro': 0.599609244539443, 'f1_macro': 0.5643564137021272} tNodeEmbed_final_loss=0.4462493658065796 tNodeEmbed_final_accuracy=0.7545496821403503 
node2vec: {'auc': 0.6057095875083073, 'f1_micro': 0.6009618595952174, 'f1_macro': 0.5679546601812298} node2vec_final_loss=0.46347126364707947 node2vec_final_accuracy=0.752683162689209 
