# load graph
Processing Static file: filename='CollegeMsg_20040427_nodes_147_edges_275_component_0.edges'
# initialize tNodeEmbed for dataset=COLLEGE, test_size=0.2
# load dataset
# fit
# tNodeEmbed
Epoch 1/25

1/8 [==>...........................] - ETA: 8s - loss: 0.6941 - accuracy: 0.5938
8/8 [==============================] - 1s 3ms/step - loss: 0.6902 - accuracy: 0.5714
Epoch 2/25

1/8 [==>...........................] - ETA: 0s - loss: 0.6840 - accuracy: 0.6875
8/8 [==============================] - 0s 3ms/step - loss: 0.6832 - accuracy: 0.5887
Epoch 3/25

1/8 [==>...........................] - ETA: 0s - loss: 0.6710 - accuracy: 0.5625
8/8 [==============================] - 0s 3ms/step - loss: 0.6687 - accuracy: 0.5758
Epoch 4/25

1/8 [==>...........................] - ETA: 0s - loss: 0.6541 - accuracy: 0.7500
8/8 [==============================] - 0s 3ms/step - loss: 0.6536 - accuracy: 0.6623
Epoch 5/25

1/8 [==>...........................] - ETA: 0s - loss: 0.6507 - accuracy: 0.5312
8/8 [==============================] - 0s 3ms/step - loss: 0.6362 - accuracy: 0.6537
Epoch 6/25

1/8 [==>...........................] - ETA: 0s - loss: 0.6104 - accuracy: 0.6562
8/8 [==============================] - 0s 3ms/step - loss: 0.5952 - accuracy: 0.6753
Epoch 7/25

1/8 [==>...........................] - ETA: 0s - loss: 0.5693 - accuracy: 0.6875
8/8 [==============================] - 0s 3ms/step - loss: 0.5859 - accuracy: 0.6883
Epoch 8/25

1/8 [==>...........................] - ETA: 0s - loss: 0.5873 - accuracy: 0.6875
8/8 [==============================] - 0s 3ms/step - loss: 0.5708 - accuracy: 0.6667
Epoch 9/25

1/8 [==>...........................] - ETA: 0s - loss: 0.5675 - accuracy: 0.7188
8/8 [==============================] - 0s 3ms/step - loss: 0.5508 - accuracy: 0.6494
Epoch 10/25

1/8 [==>...........................] - ETA: 0s - loss: 0.5038 - accuracy: 0.7812
8/8 [==============================] - 0s 3ms/step - loss: 0.5502 - accuracy: 0.6926
Epoch 11/25

1/8 [==>...........................] - ETA: 0s - loss: 0.5147 - accuracy: 0.7500
8/8 [==============================] - 0s 3ms/step - loss: 0.5253 - accuracy: 0.7056
Epoch 12/25

1/8 [==>...........................] - ETA: 0s - loss: 0.4325 - accuracy: 0.8438
8/8 [==============================] - 0s 3ms/step - loss: 0.5133 - accuracy: 0.7013
Epoch 13/25

1/8 [==>...........................] - ETA: 0s - loss: 0.5369 - accuracy: 0.6562
8/8 [==============================] - 0s 3ms/step - loss: 0.4881 - accuracy: 0.7273
Epoch 14/25

1/8 [==>...........................] - ETA: 0s - loss: 0.5632 - accuracy: 0.6875
8/8 [==============================] - 0s 3ms/step - loss: 0.4939 - accuracy: 0.7273
Epoch 15/25

1/8 [==>...........................] - ETA: 0s - loss: 0.3754 - accuracy: 0.8125
8/8 [==============================] - 0s 3ms/step - loss: 0.4770 - accuracy: 0.7056
Epoch 16/25

1/8 [==>...........................] - ETA: 0s - loss: 0.4213 - accuracy: 0.7812
8/8 [==============================] - 0s 3ms/step - loss: 0.4583 - accuracy: 0.7316
Epoch 17/25

1/8 [==>...........................] - ETA: 0s - loss: 0.4564 - accuracy: 0.7500
8/8 [==============================] - 0s 3ms/step - loss: 0.4840 - accuracy: 0.7013
Epoch 18/25

1/8 [==>...........................] - ETA: 0s - loss: 0.4171 - accuracy: 0.7500
8/8 [==============================] - 0s 2ms/step - loss: 0.4463 - accuracy: 0.7446
Epoch 19/25

1/8 [==>...........................] - ETA: 0s - loss: 0.4171 - accuracy: 0.7812
8/8 [==============================] - 0s 3ms/step - loss: 0.4558 - accuracy: 0.7186
Epoch 20/25

1/8 [==>...........................] - ETA: 0s - loss: 0.4024 - accuracy: 0.7812
8/8 [==============================] - 0s 3ms/step - loss: 0.4439 - accuracy: 0.7489
Epoch 21/25

1/8 [==>...........................] - ETA: 0s - loss: 0.4209 - accuracy: 0.7812
8/8 [==============================] - 0s 6ms/step - loss: 0.4148 - accuracy: 0.7576
Epoch 22/25

1/8 [==>...........................] - ETA: 0s - loss: 0.4345 - accuracy: 0.6250
8/8 [==============================] - 0s 4ms/step - loss: 0.4315 - accuracy: 0.7273
Epoch 23/25

1/8 [==>...........................] - ETA: 0s - loss: 0.5287 - accuracy: 0.6250
8/8 [==============================] - 0s 4ms/step - loss: 0.4345 - accuracy: 0.7359
Epoch 24/25

1/8 [==>...........................] - ETA: 0s - loss: 0.4463 - accuracy: 0.6875
8/8 [==============================] - 0s 3ms/step - loss: 0.4226 - accuracy: 0.7273
Epoch 25/25

1/8 [==>...........................] - ETA: 0s - loss: 0.3422 - accuracy: 0.7500
8/8 [==============================] - 0s 3ms/step - loss: 0.4259 - accuracy: 0.7403
# node2vec
Epoch 1/25

1/8 [==>...........................] - ETA: 2s - loss: 0.6793 - accuracy: 0.5938
8/8 [==============================] - 0s 2ms/step - loss: 0.6789 - accuracy: 0.4892
Epoch 2/25

1/8 [==>...........................] - ETA: 0s - loss: 0.6379 - accuracy: 0.6250
8/8 [==============================] - 0s 2ms/step - loss: 0.6402 - accuracy: 0.5887
Epoch 3/25

1/8 [==>...........................] - ETA: 0s - loss: 0.5785 - accuracy: 0.7500
8/8 [==============================] - 0s 2ms/step - loss: 0.6245 - accuracy: 0.6537
Epoch 4/25

1/8 [==>...........................] - ETA: 0s - loss: 0.5797 - accuracy: 0.7812
8/8 [==============================] - 0s 2ms/step - loss: 0.5993 - accuracy: 0.6753
Epoch 5/25

1/8 [==>...........................] - ETA: 0s - loss: 0.6642 - accuracy: 0.5625
8/8 [==============================] - 0s 2ms/step - loss: 0.5872 - accuracy: 0.7056
Epoch 6/25

1/8 [==>...........................] - ETA: 0s - loss: 0.5308 - accuracy: 0.8125
8/8 [==============================] - 0s 2ms/step - loss: 0.5772 - accuracy: 0.6797
Epoch 7/25

1/8 [==>...........................] - ETA: 0s - loss: 0.6073 - accuracy: 0.6562
8/8 [==============================] - 0s 2ms/step - loss: 0.5570 - accuracy: 0.6753
Epoch 8/25

1/8 [==>...........................] - ETA: 0s - loss: 0.5104 - accuracy: 0.7812
8/8 [==============================] - 0s 2ms/step - loss: 0.5500 - accuracy: 0.7229
Epoch 9/25

1/8 [==>...........................] - ETA: 0s - loss: 0.5514 - accuracy: 0.6875
8/8 [==============================] - 0s 2ms/step - loss: 0.5544 - accuracy: 0.6883
Epoch 10/25

1/8 [==>...........................] - ETA: 0s - loss: 0.5000 - accuracy: 0.7812
8/8 [==============================] - 0s 2ms/step - loss: 0.5412 - accuracy: 0.6926
Epoch 11/25

1/8 [==>...........................] - ETA: 0s - loss: 0.5341 - accuracy: 0.7500
8/8 [==============================] - 0s 2ms/step - loss: 0.5377 - accuracy: 0.6970
Epoch 12/25

1/8 [==>...........................] - ETA: 0s - loss: 0.5080 - accuracy: 0.7188
8/8 [==============================] - 0s 2ms/step - loss: 0.5193 - accuracy: 0.7100
Epoch 13/25

1/8 [==>...........................] - ETA: 0s - loss: 0.5217 - accuracy: 0.6875
8/8 [==============================] - 0s 2ms/step - loss: 0.5214 - accuracy: 0.7056
Epoch 14/25

1/8 [==>...........................] - ETA: 0s - loss: 0.4881 - accuracy: 0.7188
8/8 [==============================] - 0s 2ms/step - loss: 0.5078 - accuracy: 0.7143
Epoch 15/25

1/8 [==>...........................] - ETA: 0s - loss: 0.4618 - accuracy: 0.6562
8/8 [==============================] - 0s 2ms/step - loss: 0.4963 - accuracy: 0.7229
Epoch 16/25

1/8 [==>...........................] - ETA: 0s - loss: 0.4987 - accuracy: 0.6875
8/8 [==============================] - 0s 2ms/step - loss: 0.5127 - accuracy: 0.6926
Epoch 17/25

1/8 [==>...........................] - ETA: 0s - loss: 0.5879 - accuracy: 0.6250
8/8 [==============================] - 0s 2ms/step - loss: 0.5255 - accuracy: 0.6883
Epoch 18/25

1/8 [==>...........................] - ETA: 0s - loss: 0.5007 - accuracy: 0.6875
8/8 [==============================] - 0s 2ms/step - loss: 0.4849 - accuracy: 0.7316
Epoch 19/25

1/8 [==>...........................] - ETA: 0s - loss: 0.5301 - accuracy: 0.5938
8/8 [==============================] - 0s 2ms/step - loss: 0.4931 - accuracy: 0.7143
Epoch 20/25

1/8 [==>...........................] - ETA: 0s - loss: 0.4986 - accuracy: 0.6250
8/8 [==============================] - 0s 2ms/step - loss: 0.4795 - accuracy: 0.7100
Epoch 21/25

1/8 [==>...........................] - ETA: 0s - loss: 0.4409 - accuracy: 0.7500
8/8 [==============================] - 0s 2ms/step - loss: 0.4785 - accuracy: 0.7316
Epoch 22/25

1/8 [==>...........................] - ETA: 0s - loss: 0.4761 - accuracy: 0.6875
8/8 [==============================] - 0s 2ms/step - loss: 0.4737 - accuracy: 0.7446
Epoch 23/25

1/8 [==>...........................] - ETA: 0s - loss: 0.4598 - accuracy: 0.8125
8/8 [==============================] - 0s 2ms/step - loss: 0.4883 - accuracy: 0.7056
Epoch 24/25

1/8 [==>...........................] - ETA: 0s - loss: 0.4388 - accuracy: 0.7188
8/8 [==============================] - 0s 2ms/step - loss: 0.4869 - accuracy: 0.7186
Epoch 25/25

1/8 [==>...........................] - ETA: 0s - loss: 0.5026 - accuracy: 0.6562
8/8 [==============================] - 0s 2ms/step - loss: 0.4560 - accuracy: 0.7619
# predict: steps=102
# predict: tnodeembed_metrics
# predict: node2vec_metrics
tnodeembed: {'auc': 0.6175622056420608, 'f1_micro': 0.5909926470588235, 'f1_macro': 0.551817639774909} tNodeEmbed_final_loss=0.42590388655662537 tNodeEmbed_final_accuracy=0.7402597665786743 
node2vec: {'auc': 0.6072844579008074, 'f1_micro': 0.5860906862745098, 'f1_macro': 0.5516205880196705} node2vec_final_loss=0.4559578597545624 node2vec_final_accuracy=0.761904776096344 
