# load graph
Processing Static file: filename='CollegeMsg_20040430_nodes_241_edges_451_component_0.edges'
# initialize tNodeEmbed for dataset=COLLEGE, test_size=0.2
# load dataset
# fit
# tNodeEmbed
Epoch 1/25

1/8 [==>...........................] - ETA: 8s - loss: 0.6979 - accuracy: 0.3750
8/8 [==============================] - 1s 3ms/step - loss: 0.6900 - accuracy: 0.4978
Epoch 2/25

1/8 [==>...........................] - ETA: 0s - loss: 0.6809 - accuracy: 0.4688
8/8 [==============================] - 0s 3ms/step - loss: 0.6829 - accuracy: 0.5238
Epoch 3/25

1/8 [==>...........................] - ETA: 0s - loss: 0.6610 - accuracy: 0.7188
8/8 [==============================] - 0s 3ms/step - loss: 0.6630 - accuracy: 0.6840
Epoch 4/25

1/8 [==>...........................] - ETA: 0s - loss: 0.6774 - accuracy: 0.6250
8/8 [==============================] - 0s 3ms/step - loss: 0.6467 - accuracy: 0.6710
Epoch 5/25

1/8 [==>...........................] - ETA: 0s - loss: 0.6059 - accuracy: 0.7812
8/8 [==============================] - 0s 3ms/step - loss: 0.6255 - accuracy: 0.7186
Epoch 6/25

1/8 [==>...........................] - ETA: 0s - loss: 0.6333 - accuracy: 0.6562
8/8 [==============================] - 0s 3ms/step - loss: 0.6222 - accuracy: 0.7359
Epoch 7/25

1/8 [==>...........................] - ETA: 0s - loss: 0.6014 - accuracy: 0.6250
8/8 [==============================] - 0s 3ms/step - loss: 0.5853 - accuracy: 0.7056
Epoch 8/25

1/8 [==>...........................] - ETA: 0s - loss: 0.5744 - accuracy: 0.7188
8/8 [==============================] - 0s 3ms/step - loss: 0.5913 - accuracy: 0.7056
Epoch 9/25

1/8 [==>...........................] - ETA: 0s - loss: 0.4942 - accuracy: 0.8438
8/8 [==============================] - 0s 3ms/step - loss: 0.5343 - accuracy: 0.7403
Epoch 10/25

1/8 [==>...........................] - ETA: 0s - loss: 0.5838 - accuracy: 0.6562
8/8 [==============================] - 0s 3ms/step - loss: 0.5328 - accuracy: 0.7316
Epoch 11/25

1/8 [==>...........................] - ETA: 0s - loss: 0.4816 - accuracy: 0.7812
8/8 [==============================] - 0s 3ms/step - loss: 0.4992 - accuracy: 0.7706
Epoch 12/25

1/8 [==>...........................] - ETA: 0s - loss: 0.4525 - accuracy: 0.8125
8/8 [==============================] - 0s 3ms/step - loss: 0.4669 - accuracy: 0.7835
Epoch 13/25

1/8 [==>...........................] - ETA: 0s - loss: 0.4873 - accuracy: 0.7812
8/8 [==============================] - 0s 3ms/step - loss: 0.4490 - accuracy: 0.7706
Epoch 14/25

1/8 [==>...........................] - ETA: 0s - loss: 0.4466 - accuracy: 0.7500
8/8 [==============================] - 0s 3ms/step - loss: 0.4285 - accuracy: 0.7965
Epoch 15/25

1/8 [==>...........................] - ETA: 0s - loss: 0.4362 - accuracy: 0.7188
8/8 [==============================] - 0s 3ms/step - loss: 0.4006 - accuracy: 0.7922
Epoch 16/25

1/8 [==>...........................] - ETA: 0s - loss: 0.3289 - accuracy: 0.8438
8/8 [==============================] - 0s 3ms/step - loss: 0.4061 - accuracy: 0.7879
Epoch 17/25

1/8 [==>...........................] - ETA: 0s - loss: 0.3523 - accuracy: 0.8438
8/8 [==============================] - 0s 3ms/step - loss: 0.3747 - accuracy: 0.8095
Epoch 18/25

1/8 [==>...........................] - ETA: 0s - loss: 0.4528 - accuracy: 0.6875
8/8 [==============================] - 0s 3ms/step - loss: 0.3649 - accuracy: 0.7922
Epoch 19/25

1/8 [==>...........................] - ETA: 0s - loss: 0.3068 - accuracy: 0.8438
8/8 [==============================] - 0s 3ms/step - loss: 0.3337 - accuracy: 0.8268
Epoch 20/25

1/8 [==>...........................] - ETA: 0s - loss: 0.3789 - accuracy: 0.8750
8/8 [==============================] - 0s 3ms/step - loss: 0.3740 - accuracy: 0.7792
Epoch 21/25

1/8 [==>...........................] - ETA: 0s - loss: 0.2194 - accuracy: 0.9062
8/8 [==============================] - 0s 3ms/step - loss: 0.3259 - accuracy: 0.8225
Epoch 22/25

1/8 [==>...........................] - ETA: 0s - loss: 0.3637 - accuracy: 0.7500
8/8 [==============================] - 0s 3ms/step - loss: 0.3338 - accuracy: 0.8009
Epoch 23/25

1/8 [==>...........................] - ETA: 0s - loss: 0.3976 - accuracy: 0.8750
8/8 [==============================] - 0s 3ms/step - loss: 0.3413 - accuracy: 0.8009
Epoch 24/25

1/8 [==>...........................] - ETA: 0s - loss: 0.2754 - accuracy: 0.9062
8/8 [==============================] - 0s 3ms/step - loss: 0.3349 - accuracy: 0.7965
Epoch 25/25

1/8 [==>...........................] - ETA: 0s - loss: 0.2904 - accuracy: 0.7500
8/8 [==============================] - 0s 3ms/step - loss: 0.3164 - accuracy: 0.8139
# node2vec
Epoch 1/25

1/8 [==>...........................] - ETA: 1s - loss: 0.7076 - accuracy: 0.4062
8/8 [==============================] - 0s 2ms/step - loss: 0.6966 - accuracy: 0.4806
Epoch 2/25

1/8 [==>...........................] - ETA: 0s - loss: 0.6635 - accuracy: 0.7500
8/8 [==============================] - 0s 2ms/step - loss: 0.6525 - accuracy: 0.6094
Epoch 3/25

1/8 [==>...........................] - ETA: 0s - loss: 0.6325 - accuracy: 0.5938
8/8 [==============================] - 0s 3ms/step - loss: 0.6193 - accuracy: 0.6190
Epoch 4/25

1/8 [==>...........................] - ETA: 0s - loss: 0.6198 - accuracy: 0.6250
8/8 [==============================] - 0s 2ms/step - loss: 0.5944 - accuracy: 0.6667
Epoch 5/25

1/8 [==>...........................] - ETA: 0s - loss: 0.6151 - accuracy: 0.6250
8/8 [==============================] - 0s 2ms/step - loss: 0.5915 - accuracy: 0.7446
Epoch 6/25

1/8 [==>...........................] - ETA: 0s - loss: 0.5790 - accuracy: 0.7188
8/8 [==============================] - 0s 2ms/step - loss: 0.5605 - accuracy: 0.7229
Epoch 7/25

1/8 [==>...........................] - ETA: 0s - loss: 0.5582 - accuracy: 0.7812
8/8 [==============================] - 0s 2ms/step - loss: 0.5571 - accuracy: 0.7489
Epoch 8/25

1/8 [==>...........................] - ETA: 0s - loss: 0.5640 - accuracy: 0.6875
8/8 [==============================] - 0s 2ms/step - loss: 0.5323 - accuracy: 0.7403
Epoch 9/25

1/8 [==>...........................] - ETA: 0s - loss: 0.4799 - accuracy: 0.8438
8/8 [==============================] - 0s 2ms/step - loss: 0.5176 - accuracy: 0.7662
Epoch 10/25

1/8 [==>...........................] - ETA: 0s - loss: 0.5110 - accuracy: 0.7188
8/8 [==============================] - 0s 3ms/step - loss: 0.5215 - accuracy: 0.7489
Epoch 11/25

1/8 [==>...........................] - ETA: 0s - loss: 0.4302 - accuracy: 0.9062
8/8 [==============================] - 0s 2ms/step - loss: 0.5012 - accuracy: 0.7489
Epoch 12/25

1/8 [==>...........................] - ETA: 0s - loss: 0.4502 - accuracy: 0.8438
8/8 [==============================] - 0s 2ms/step - loss: 0.4840 - accuracy: 0.8009
Epoch 13/25

1/8 [==>...........................] - ETA: 0s - loss: 0.5449 - accuracy: 0.7812
8/8 [==============================] - 0s 3ms/step - loss: 0.4813 - accuracy: 0.7576
Epoch 14/25

1/8 [==>...........................] - ETA: 0s - loss: 0.4578 - accuracy: 0.8438
8/8 [==============================] - 0s 3ms/step - loss: 0.4590 - accuracy: 0.7922
Epoch 15/25

1/8 [==>...........................] - ETA: 0s - loss: 0.4695 - accuracy: 0.7812
8/8 [==============================] - 0s 3ms/step - loss: 0.4642 - accuracy: 0.7749
Epoch 16/25

1/8 [==>...........................] - ETA: 0s - loss: 0.5264 - accuracy: 0.7188
8/8 [==============================] - 0s 2ms/step - loss: 0.4509 - accuracy: 0.7879
Epoch 17/25

1/8 [==>...........................] - ETA: 0s - loss: 0.4930 - accuracy: 0.7500
8/8 [==============================] - 0s 2ms/step - loss: 0.4532 - accuracy: 0.7835
Epoch 18/25

1/8 [==>...........................] - ETA: 0s - loss: 0.4618 - accuracy: 0.7500
8/8 [==============================] - 0s 2ms/step - loss: 0.4058 - accuracy: 0.8095
Epoch 19/25

1/8 [==>...........................] - ETA: 0s - loss: 0.4316 - accuracy: 0.8125
8/8 [==============================] - 0s 2ms/step - loss: 0.4375 - accuracy: 0.7879
Epoch 20/25

1/8 [==>...........................] - ETA: 0s - loss: 0.4102 - accuracy: 0.7812
8/8 [==============================] - 0s 2ms/step - loss: 0.4243 - accuracy: 0.7879
Epoch 21/25

1/8 [==>...........................] - ETA: 0s - loss: 0.4452 - accuracy: 0.7812
8/8 [==============================] - 0s 2ms/step - loss: 0.4121 - accuracy: 0.8095
Epoch 22/25

1/8 [==>...........................] - ETA: 0s - loss: 0.4309 - accuracy: 0.8125
8/8 [==============================] - 0s 2ms/step - loss: 0.4291 - accuracy: 0.7749
Epoch 23/25

1/8 [==>...........................] - ETA: 0s - loss: 0.3382 - accuracy: 0.8750
8/8 [==============================] - 0s 2ms/step - loss: 0.3884 - accuracy: 0.8225
Epoch 24/25

1/8 [==>...........................] - ETA: 0s - loss: 0.4050 - accuracy: 0.8125
8/8 [==============================] - 0s 2ms/step - loss: 0.3873 - accuracy: 0.8225
Epoch 25/25

1/8 [==>...........................] - ETA: 0s - loss: 0.4296 - accuracy: 0.7812
8/8 [==============================] - 0s 2ms/step - loss: 0.3962 - accuracy: 0.7922
# predict: steps=102
# predict: tnodeembed_metrics
# predict: node2vec_metrics
tnodeembed: {'auc': 0.6364022401239907, 'f1_micro': 0.6118259803921569, 'f1_macro': 0.5986683377950132} tNodeEmbed_final_loss=0.31637877225875854 tNodeEmbed_final_accuracy=0.8138527870178223 
node2vec: {'auc': 0.6204992145448867, 'f1_micro': 0.6032475490196079, 'f1_macro': 0.5839474965615881} node2vec_final_loss=0.3961913585662842 node2vec_final_accuracy=0.7922077775001526 
