# load graph
Processing Static file: filename='CollegeMsg_20040525_nodes_402_edges_632_component_0.edges'
# initialize tNodeEmbed for dataset=COLLEGE, test_size=0.2
# load dataset
# fit
# tNodeEmbed
Epoch 1/25

1/8 [==>...........................] - ETA: 8s - loss: 0.6927 - accuracy: 0.4688
8/8 [==============================] - 1s 3ms/step - loss: 0.6891 - accuracy: 0.6172
Epoch 2/25

1/8 [==>...........................] - ETA: 0s - loss: 0.6807 - accuracy: 0.7500
8/8 [==============================] - 0s 4ms/step - loss: 0.6782 - accuracy: 0.7136
Epoch 3/25

1/8 [==>...........................] - ETA: 0s - loss: 0.6692 - accuracy: 0.7812
8/8 [==============================] - 0s 4ms/step - loss: 0.6578 - accuracy: 0.7576
Epoch 4/25

1/8 [==>...........................] - ETA: 0s - loss: 0.6373 - accuracy: 0.8438
8/8 [==============================] - 0s 4ms/step - loss: 0.6299 - accuracy: 0.7965
Epoch 5/25

1/8 [==>...........................] - ETA: 0s - loss: 0.5848 - accuracy: 0.8438
8/8 [==============================] - 0s 4ms/step - loss: 0.5953 - accuracy: 0.7835
Epoch 6/25

1/8 [==>...........................] - ETA: 0s - loss: 0.5413 - accuracy: 0.8125
8/8 [==============================] - 0s 3ms/step - loss: 0.5465 - accuracy: 0.7835
Epoch 7/25

1/8 [==>...........................] - ETA: 0s - loss: 0.4586 - accuracy: 0.8438
8/8 [==============================] - 0s 3ms/step - loss: 0.4626 - accuracy: 0.8052
Epoch 8/25

1/8 [==>...........................] - ETA: 0s - loss: 0.5410 - accuracy: 0.7188
8/8 [==============================] - 0s 3ms/step - loss: 0.4143 - accuracy: 0.8355
Epoch 9/25

1/8 [==>...........................] - ETA: 0s - loss: 0.4007 - accuracy: 0.8438
8/8 [==============================] - 0s 3ms/step - loss: 0.3443 - accuracy: 0.8615
Epoch 10/25

1/8 [==>...........................] - ETA: 0s - loss: 0.3878 - accuracy: 0.8438
8/8 [==============================] - 0s 3ms/step - loss: 0.2988 - accuracy: 0.8745
Epoch 11/25

1/8 [==>...........................] - ETA: 0s - loss: 0.2289 - accuracy: 0.9375
8/8 [==============================] - 0s 7ms/step - loss: 0.2494 - accuracy: 0.9307
Epoch 12/25

1/8 [==>...........................] - ETA: 0s - loss: 0.1605 - accuracy: 0.9688
8/8 [==============================] - 0s 4ms/step - loss: 0.1920 - accuracy: 0.9524
Epoch 13/25

1/8 [==>...........................] - ETA: 0s - loss: 0.1108 - accuracy: 1.0000
8/8 [==============================] - 0s 4ms/step - loss: 0.1464 - accuracy: 0.9784
Epoch 14/25

1/8 [==>...........................] - ETA: 0s - loss: 0.1006 - accuracy: 1.0000
8/8 [==============================] - 0s 3ms/step - loss: 0.1226 - accuracy: 0.9827
Epoch 15/25

1/8 [==>...........................] - ETA: 0s - loss: 0.0787 - accuracy: 1.0000
8/8 [==============================] - 0s 3ms/step - loss: 0.0778 - accuracy: 0.9913
Epoch 16/25

1/8 [==>...........................] - ETA: 0s - loss: 0.0681 - accuracy: 0.9688
8/8 [==============================] - 0s 3ms/step - loss: 0.0632 - accuracy: 0.9870
Epoch 17/25

1/8 [==>...........................] - ETA: 0s - loss: 0.0725 - accuracy: 0.9688
8/8 [==============================] - 0s 3ms/step - loss: 0.0521 - accuracy: 0.9870
Epoch 18/25

1/8 [==>...........................] - ETA: 0s - loss: 0.0533 - accuracy: 0.9688
8/8 [==============================] - 0s 3ms/step - loss: 0.0404 - accuracy: 0.9913
Epoch 19/25

1/8 [==>...........................] - ETA: 0s - loss: 0.0247 - accuracy: 1.0000
8/8 [==============================] - 0s 3ms/step - loss: 0.0355 - accuracy: 0.9913
Epoch 20/25

1/8 [==>...........................] - ETA: 0s - loss: 0.0491 - accuracy: 0.9688
8/8 [==============================] - 0s 3ms/step - loss: 0.0277 - accuracy: 0.9913
Epoch 21/25

1/8 [==>...........................] - ETA: 0s - loss: 0.0440 - accuracy: 0.9688
8/8 [==============================] - 0s 3ms/step - loss: 0.0238 - accuracy: 0.9913
Epoch 22/25

1/8 [==>...........................] - ETA: 0s - loss: 0.0101 - accuracy: 1.0000
8/8 [==============================] - 0s 3ms/step - loss: 0.0283 - accuracy: 0.9870
Epoch 23/25

1/8 [==>...........................] - ETA: 0s - loss: 0.0335 - accuracy: 0.9688
8/8 [==============================] - 0s 3ms/step - loss: 0.0130 - accuracy: 0.9957
Epoch 24/25

1/8 [==>...........................] - ETA: 0s - loss: 0.0360 - accuracy: 0.9688
8/8 [==============================] - 0s 3ms/step - loss: 0.0186 - accuracy: 0.9913
Epoch 25/25

1/8 [==>...........................] - ETA: 0s - loss: 0.0320 - accuracy: 0.9688
8/8 [==============================] - 0s 3ms/step - loss: 0.0164 - accuracy: 0.9913
# node2vec
Epoch 1/25

1/8 [==>...........................] - ETA: 2s - loss: 0.6940 - accuracy: 0.5312
8/8 [==============================] - 0s 2ms/step - loss: 0.6917 - accuracy: 0.5108
Epoch 2/25

1/8 [==>...........................] - ETA: 0s - loss: 0.6553 - accuracy: 0.7500
8/8 [==============================] - 0s 2ms/step - loss: 0.6643 - accuracy: 0.6147
Epoch 3/25

1/8 [==>...........................] - ETA: 0s - loss: 0.5783 - accuracy: 0.8125
8/8 [==============================] - 0s 2ms/step - loss: 0.6005 - accuracy: 0.7619
Epoch 4/25

1/8 [==>...........................] - ETA: 0s - loss: 0.5428 - accuracy: 0.8438
8/8 [==============================] - 0s 2ms/step - loss: 0.5637 - accuracy: 0.8052
Epoch 5/25

1/8 [==>...........................] - ETA: 0s - loss: 0.5021 - accuracy: 0.8438
8/8 [==============================] - 0s 2ms/step - loss: 0.5202 - accuracy: 0.8528
Epoch 6/25

1/8 [==>...........................] - ETA: 0s - loss: 0.4729 - accuracy: 0.8750
8/8 [==============================] - 0s 2ms/step - loss: 0.4956 - accuracy: 0.8528
Epoch 7/25

1/8 [==>...........................] - ETA: 0s - loss: 0.4312 - accuracy: 0.9062
8/8 [==============================] - 0s 2ms/step - loss: 0.4563 - accuracy: 0.8701
Epoch 8/25

1/8 [==>...........................] - ETA: 0s - loss: 0.3984 - accuracy: 0.9688
8/8 [==============================] - 0s 2ms/step - loss: 0.4230 - accuracy: 0.8918
Epoch 9/25

1/8 [==>...........................] - ETA: 0s - loss: 0.4593 - accuracy: 0.8438
8/8 [==============================] - 0s 2ms/step - loss: 0.3960 - accuracy: 0.9004
Epoch 10/25

1/8 [==>...........................] - ETA: 0s - loss: 0.3864 - accuracy: 0.9062
8/8 [==============================] - 0s 2ms/step - loss: 0.3634 - accuracy: 0.9134
Epoch 11/25

1/8 [==>...........................] - ETA: 0s - loss: 0.3850 - accuracy: 0.8750
8/8 [==============================] - 0s 2ms/step - loss: 0.3338 - accuracy: 0.9264
Epoch 12/25

1/8 [==>...........................] - ETA: 0s - loss: 0.3405 - accuracy: 0.9375
8/8 [==============================] - 0s 2ms/step - loss: 0.3132 - accuracy: 0.9351
Epoch 13/25

1/8 [==>...........................] - ETA: 0s - loss: 0.2706 - accuracy: 0.9688
8/8 [==============================] - 0s 2ms/step - loss: 0.2920 - accuracy: 0.9351
Epoch 14/25

1/8 [==>...........................] - ETA: 0s - loss: 0.1998 - accuracy: 1.0000
8/8 [==============================] - 0s 2ms/step - loss: 0.2649 - accuracy: 0.9524
Epoch 15/25

1/8 [==>...........................] - ETA: 0s - loss: 0.2301 - accuracy: 0.9375
8/8 [==============================] - 0s 2ms/step - loss: 0.2438 - accuracy: 0.9567
Epoch 16/25

1/8 [==>...........................] - ETA: 0s - loss: 0.1961 - accuracy: 0.9688
8/8 [==============================] - 0s 2ms/step - loss: 0.2269 - accuracy: 0.9740
Epoch 17/25

1/8 [==>...........................] - ETA: 0s - loss: 0.1792 - accuracy: 1.0000
8/8 [==============================] - 0s 2ms/step - loss: 0.2038 - accuracy: 0.9697
Epoch 18/25

1/8 [==>...........................] - ETA: 0s - loss: 0.1939 - accuracy: 0.9688
8/8 [==============================] - 0s 2ms/step - loss: 0.1930 - accuracy: 0.9870
Epoch 19/25

1/8 [==>...........................] - ETA: 0s - loss: 0.1487 - accuracy: 0.9688
8/8 [==============================] - 0s 2ms/step - loss: 0.1645 - accuracy: 0.9827
Epoch 20/25

1/8 [==>...........................] - ETA: 0s - loss: 0.1624 - accuracy: 1.0000
8/8 [==============================] - 0s 2ms/step - loss: 0.1574 - accuracy: 0.9913
Epoch 21/25

1/8 [==>...........................] - ETA: 0s - loss: 0.1891 - accuracy: 0.9688
8/8 [==============================] - 0s 2ms/step - loss: 0.1423 - accuracy: 0.9870
Epoch 22/25

1/8 [==>...........................] - ETA: 0s - loss: 0.1793 - accuracy: 0.9375
8/8 [==============================] - 0s 2ms/step - loss: 0.1357 - accuracy: 0.9913
Epoch 23/25

1/8 [==>...........................] - ETA: 0s - loss: 0.1289 - accuracy: 0.9688
8/8 [==============================] - 0s 2ms/step - loss: 0.1246 - accuracy: 0.9913
Epoch 24/25

1/8 [==>...........................] - ETA: 0s - loss: 0.1459 - accuracy: 0.9688
8/8 [==============================] - 0s 2ms/step - loss: 0.1216 - accuracy: 0.9913
Epoch 25/25

1/8 [==>...........................] - ETA: 0s - loss: 0.1276 - accuracy: 1.0000
8/8 [==============================] - 0s 2ms/step - loss: 0.1072 - accuracy: 0.9913
# predict: steps=102
# predict: tnodeembed_metrics
# predict: node2vec_metrics
tnodeembed: {'auc': 0.6626552888312187, 'f1_micro': 0.6277573529411765, 'f1_macro': 0.6267803471303404} tNodeEmbed_final_loss=0.016444457694888115 tNodeEmbed_final_accuracy=0.9913420081138611 
node2vec: {'auc': 0.6608322595275855, 'f1_micro': 0.6314338235294118, 'f1_macro': 0.630874992373726} node2vec_final_loss=0.10723794251680374 node2vec_final_accuracy=0.9913420081138611 
