# load graph
Processing Static file: filename='CollegeMsg_20040509_nodes_255_edges_370_component_0.edges'
# initialize tNodeEmbed for dataset=COLLEGE, test_size=0.2
# load dataset
# fit
# tNodeEmbed
Epoch 1/25

1/8 [==>...........................] - ETA: 8s - loss: 0.6913 - accuracy: 0.5625
8/8 [==============================] - 1s 3ms/step - loss: 0.6893 - accuracy: 0.5584
Epoch 2/25

1/8 [==>...........................] - ETA: 0s - loss: 0.6761 - accuracy: 0.5938
8/8 [==============================] - 0s 3ms/step - loss: 0.6730 - accuracy: 0.6537
Epoch 3/25

1/8 [==>...........................] - ETA: 0s - loss: 0.6763 - accuracy: 0.5625
8/8 [==============================] - 0s 3ms/step - loss: 0.6483 - accuracy: 0.6710
Epoch 4/25

1/8 [==>...........................] - ETA: 0s - loss: 0.6229 - accuracy: 0.7188
8/8 [==============================] - 0s 3ms/step - loss: 0.6133 - accuracy: 0.6970
Epoch 5/25

1/8 [==>...........................] - ETA: 0s - loss: 0.6200 - accuracy: 0.6562
8/8 [==============================] - 0s 3ms/step - loss: 0.5596 - accuracy: 0.7403
Epoch 6/25

1/8 [==>...........................] - ETA: 0s - loss: 0.5202 - accuracy: 0.7500
8/8 [==============================] - 0s 3ms/step - loss: 0.5308 - accuracy: 0.7316
Epoch 7/25

1/8 [==>...........................] - ETA: 0s - loss: 0.4839 - accuracy: 0.7500
8/8 [==============================] - 0s 3ms/step - loss: 0.4752 - accuracy: 0.7532
Epoch 8/25

1/8 [==>...........................] - ETA: 0s - loss: 0.3850 - accuracy: 0.8750
8/8 [==============================] - 0s 3ms/step - loss: 0.4174 - accuracy: 0.8139
Epoch 9/25

1/8 [==>...........................] - ETA: 0s - loss: 0.4983 - accuracy: 0.7500
8/8 [==============================] - 0s 3ms/step - loss: 0.3888 - accuracy: 0.7835
Epoch 10/25

1/8 [==>...........................] - ETA: 0s - loss: 0.3329 - accuracy: 0.9062
8/8 [==============================] - 0s 3ms/step - loss: 0.3273 - accuracy: 0.8745
Epoch 11/25

1/8 [==>...........................] - ETA: 0s - loss: 0.3125 - accuracy: 0.8438
8/8 [==============================] - 0s 3ms/step - loss: 0.3027 - accuracy: 0.8745
Epoch 12/25

1/8 [==>...........................] - ETA: 0s - loss: 0.2943 - accuracy: 0.8750
8/8 [==============================] - 0s 3ms/step - loss: 0.2517 - accuracy: 0.9048
Epoch 13/25

1/8 [==>...........................] - ETA: 0s - loss: 0.2641 - accuracy: 0.8438
8/8 [==============================] - 0s 3ms/step - loss: 0.2380 - accuracy: 0.8831
Epoch 14/25

1/8 [==>...........................] - ETA: 0s - loss: 0.2951 - accuracy: 0.8125
8/8 [==============================] - 0s 3ms/step - loss: 0.2149 - accuracy: 0.9177
Epoch 15/25

1/8 [==>...........................] - ETA: 0s - loss: 0.2985 - accuracy: 0.8125
8/8 [==============================] - 0s 3ms/step - loss: 0.1793 - accuracy: 0.9177
Epoch 16/25

1/8 [==>...........................] - ETA: 0s - loss: 0.1885 - accuracy: 0.9062
8/8 [==============================] - 0s 3ms/step - loss: 0.1549 - accuracy: 0.9610
Epoch 17/25

1/8 [==>...........................] - ETA: 0s - loss: 0.1821 - accuracy: 0.9375
8/8 [==============================] - 0s 3ms/step - loss: 0.1558 - accuracy: 0.9307
Epoch 18/25

1/8 [==>...........................] - ETA: 0s - loss: 0.1159 - accuracy: 1.0000
8/8 [==============================] - 0s 3ms/step - loss: 0.1362 - accuracy: 0.9437
Epoch 19/25

1/8 [==>...........................] - ETA: 0s - loss: 0.0572 - accuracy: 1.0000
8/8 [==============================] - 0s 3ms/step - loss: 0.1182 - accuracy: 0.9524
Epoch 20/25

1/8 [==>...........................] - ETA: 0s - loss: 0.0516 - accuracy: 1.0000
8/8 [==============================] - 0s 3ms/step - loss: 0.1113 - accuracy: 0.9524
Epoch 21/25

1/8 [==>...........................] - ETA: 0s - loss: 0.1548 - accuracy: 0.9375
8/8 [==============================] - 0s 6ms/step - loss: 0.1030 - accuracy: 0.9567
Epoch 22/25

1/8 [==>...........................] - ETA: 0s - loss: 0.1221 - accuracy: 0.9688
8/8 [==============================] - 0s 4ms/step - loss: 0.1174 - accuracy: 0.9394
Epoch 23/25

1/8 [==>...........................] - ETA: 0s - loss: 0.1993 - accuracy: 0.8438
8/8 [==============================] - 0s 3ms/step - loss: 0.0984 - accuracy: 0.9437
Epoch 24/25

1/8 [==>...........................] - ETA: 0s - loss: 0.0797 - accuracy: 0.9375
8/8 [==============================] - 0s 3ms/step - loss: 0.0942 - accuracy: 0.9567
Epoch 25/25

1/8 [==>...........................] - ETA: 0s - loss: 0.1331 - accuracy: 0.9062
8/8 [==============================] - 0s 3ms/step - loss: 0.1019 - accuracy: 0.9437
# node2vec
Epoch 1/25

1/8 [==>...........................] - ETA: 2s - loss: 0.7010 - accuracy: 0.3438
8/8 [==============================] - 0s 1ms/step - loss: 0.6764 - accuracy: 0.5584
Epoch 2/25

1/8 [==>...........................] - ETA: 0s - loss: 0.6424 - accuracy: 0.6875
8/8 [==============================] - 0s 2ms/step - loss: 0.6008 - accuracy: 0.7706
Epoch 3/25

1/8 [==>...........................] - ETA: 0s - loss: 0.6159 - accuracy: 0.6562
8/8 [==============================] - 0s 2ms/step - loss: 0.5849 - accuracy: 0.7273
Epoch 4/25

1/8 [==>...........................] - ETA: 0s - loss: 0.5229 - accuracy: 0.7500
8/8 [==============================] - 0s 2ms/step - loss: 0.5404 - accuracy: 0.7749
Epoch 5/25

1/8 [==>...........................] - ETA: 0s - loss: 0.4990 - accuracy: 0.7812
8/8 [==============================] - 0s 2ms/step - loss: 0.4856 - accuracy: 0.8139
Epoch 6/25

1/8 [==>...........................] - ETA: 0s - loss: 0.5120 - accuracy: 0.7812
8/8 [==============================] - 0s 2ms/step - loss: 0.4731 - accuracy: 0.8095
Epoch 7/25

1/8 [==>...........................] - ETA: 0s - loss: 0.4281 - accuracy: 0.8750
8/8 [==============================] - 0s 2ms/step - loss: 0.4547 - accuracy: 0.8268
Epoch 8/25

1/8 [==>...........................] - ETA: 0s - loss: 0.3683 - accuracy: 0.8438
8/8 [==============================] - 0s 2ms/step - loss: 0.4068 - accuracy: 0.8571
Epoch 9/25

1/8 [==>...........................] - ETA: 0s - loss: 0.3964 - accuracy: 0.8750
8/8 [==============================] - 0s 2ms/step - loss: 0.3858 - accuracy: 0.8874
Epoch 10/25

1/8 [==>...........................] - ETA: 0s - loss: 0.3521 - accuracy: 0.9062
8/8 [==============================] - 0s 2ms/step - loss: 0.3864 - accuracy: 0.8658
Epoch 11/25

1/8 [==>...........................] - ETA: 0s - loss: 0.3348 - accuracy: 0.8750
8/8 [==============================] - 0s 2ms/step - loss: 0.3425 - accuracy: 0.9048
Epoch 12/25

1/8 [==>...........................] - ETA: 0s - loss: 0.2992 - accuracy: 0.9688
8/8 [==============================] - 0s 2ms/step - loss: 0.3418 - accuracy: 0.9004
Epoch 13/25

1/8 [==>...........................] - ETA: 0s - loss: 0.2685 - accuracy: 0.9375
8/8 [==============================] - 0s 2ms/step - loss: 0.3199 - accuracy: 0.8961
Epoch 14/25

1/8 [==>...........................] - ETA: 0s - loss: 0.2301 - accuracy: 0.9688
8/8 [==============================] - 0s 2ms/step - loss: 0.2895 - accuracy: 0.9221
Epoch 15/25

1/8 [==>...........................] - ETA: 0s - loss: 0.2615 - accuracy: 0.9375
8/8 [==============================] - 0s 2ms/step - loss: 0.2883 - accuracy: 0.9177
Epoch 16/25

1/8 [==>...........................] - ETA: 0s - loss: 0.2663 - accuracy: 1.0000
8/8 [==============================] - 0s 2ms/step - loss: 0.2754 - accuracy: 0.9134
Epoch 17/25

1/8 [==>...........................] - ETA: 0s - loss: 0.2697 - accuracy: 0.8750
8/8 [==============================] - 0s 2ms/step - loss: 0.2696 - accuracy: 0.9091
Epoch 18/25

1/8 [==>...........................] - ETA: 0s - loss: 0.2424 - accuracy: 0.9375
8/8 [==============================] - 0s 2ms/step - loss: 0.2346 - accuracy: 0.9351
Epoch 19/25

1/8 [==>...........................] - ETA: 0s - loss: 0.2752 - accuracy: 0.8750
8/8 [==============================] - 0s 2ms/step - loss: 0.2392 - accuracy: 0.9221
Epoch 20/25

1/8 [==>...........................] - ETA: 0s - loss: 0.2401 - accuracy: 0.9375
8/8 [==============================] - 0s 2ms/step - loss: 0.2273 - accuracy: 0.9307
Epoch 21/25

1/8 [==>...........................] - ETA: 0s - loss: 0.2868 - accuracy: 0.8750
8/8 [==============================] - 0s 2ms/step - loss: 0.2266 - accuracy: 0.9221
Epoch 22/25

1/8 [==>...........................] - ETA: 0s - loss: 0.2875 - accuracy: 0.8750
8/8 [==============================] - 0s 2ms/step - loss: 0.2141 - accuracy: 0.9264
Epoch 23/25

1/8 [==>...........................] - ETA: 0s - loss: 0.1721 - accuracy: 0.9688
8/8 [==============================] - 0s 2ms/step - loss: 0.1855 - accuracy: 0.9524
Epoch 24/25

1/8 [==>...........................] - ETA: 0s - loss: 0.1661 - accuracy: 0.9688
8/8 [==============================] - 0s 2ms/step - loss: 0.2033 - accuracy: 0.9351
Epoch 25/25

1/8 [==>...........................] - ETA: 0s - loss: 0.1355 - accuracy: 0.9688
8/8 [==============================] - 0s 2ms/step - loss: 0.1759 - accuracy: 0.9437
# predict: steps=102
# predict: tnodeembed_metrics
# predict: node2vec_metrics
tnodeembed: {'auc': 0.6339591443194925, 'f1_micro': 0.5992647058823529, 'f1_macro': 0.5977846137149097} tNodeEmbed_final_loss=0.10190559923648834 tNodeEmbed_final_accuracy=0.9437229633331299 
node2vec: {'auc': 0.636462876357651, 'f1_micro': 0.5998774509803921, 'f1_macro': 0.5977023990722621} node2vec_final_loss=0.17592504620552063 node2vec_final_accuracy=0.9437229633331299 
