# load graph
Processing Static file: filename='CollegeMsg_20040507_nodes_355_edges_639_component_0.edges'
# initialize tNodeEmbed for dataset=COLLEGE, test_size=0.2
# load dataset
# fit
# tNodeEmbed
Epoch 1/25

1/8 [==>...........................] - ETA: 9s - loss: 0.6909 - accuracy: 0.5938
8/8 [==============================] - 1s 3ms/step - loss: 0.6926 - accuracy: 0.5325
Epoch 2/25

1/8 [==>...........................] - ETA: 0s - loss: 0.6731 - accuracy: 0.5625
8/8 [==============================] - 0s 4ms/step - loss: 0.6735 - accuracy: 0.5801
Epoch 3/25

1/8 [==>...........................] - ETA: 0s - loss: 0.6533 - accuracy: 0.8125
8/8 [==============================] - 0s 4ms/step - loss: 0.6492 - accuracy: 0.7489
Epoch 4/25

1/8 [==>...........................] - ETA: 0s - loss: 0.6314 - accuracy: 0.7188
8/8 [==============================] - 0s 4ms/step - loss: 0.6337 - accuracy: 0.6710
Epoch 5/25

1/8 [==>...........................] - ETA: 0s - loss: 0.5819 - accuracy: 0.7188
8/8 [==============================] - 0s 4ms/step - loss: 0.5736 - accuracy: 0.7229
Epoch 6/25

1/8 [==>...........................] - ETA: 0s - loss: 0.5843 - accuracy: 0.6562
8/8 [==============================] - 0s 4ms/step - loss: 0.5301 - accuracy: 0.7359
Epoch 7/25

1/8 [==>...........................] - ETA: 0s - loss: 0.6028 - accuracy: 0.5938
8/8 [==============================] - 0s 4ms/step - loss: 0.4827 - accuracy: 0.7446
Epoch 8/25

1/8 [==>...........................] - ETA: 0s - loss: 0.3645 - accuracy: 0.8750
8/8 [==============================] - 0s 3ms/step - loss: 0.4479 - accuracy: 0.7619
Epoch 9/25

1/8 [==>...........................] - ETA: 0s - loss: 0.4251 - accuracy: 0.8125
8/8 [==============================] - 0s 4ms/step - loss: 0.3872 - accuracy: 0.8268
Epoch 10/25

1/8 [==>...........................] - ETA: 0s - loss: 0.3684 - accuracy: 0.8125
8/8 [==============================] - 0s 4ms/step - loss: 0.3689 - accuracy: 0.8268
Epoch 11/25

1/8 [==>...........................] - ETA: 0s - loss: 0.2171 - accuracy: 0.9062
8/8 [==============================] - 0s 4ms/step - loss: 0.3256 - accuracy: 0.8701
Epoch 12/25

1/8 [==>...........................] - ETA: 0s - loss: 0.2254 - accuracy: 0.9688
8/8 [==============================] - 0s 4ms/step - loss: 0.2950 - accuracy: 0.8745
Epoch 13/25

1/8 [==>...........................] - ETA: 0s - loss: 0.2300 - accuracy: 0.9688
8/8 [==============================] - 0s 4ms/step - loss: 0.2388 - accuracy: 0.9177
Epoch 14/25

1/8 [==>...........................] - ETA: 0s - loss: 0.2325 - accuracy: 0.8750
8/8 [==============================] - 0s 4ms/step - loss: 0.2408 - accuracy: 0.8961
Epoch 15/25

1/8 [==>...........................] - ETA: 0s - loss: 0.1876 - accuracy: 0.9062
8/8 [==============================] - 0s 3ms/step - loss: 0.2072 - accuracy: 0.9177
Epoch 16/25

1/8 [==>...........................] - ETA: 0s - loss: 0.1862 - accuracy: 0.9062
8/8 [==============================] - 0s 4ms/step - loss: 0.1755 - accuracy: 0.9221
Epoch 17/25

1/8 [==>...........................] - ETA: 0s - loss: 0.1397 - accuracy: 0.9688
8/8 [==============================] - 0s 3ms/step - loss: 0.1807 - accuracy: 0.9221
Epoch 18/25

1/8 [==>...........................] - ETA: 0s - loss: 0.1996 - accuracy: 0.8438
8/8 [==============================] - 0s 4ms/step - loss: 0.1695 - accuracy: 0.9134
Epoch 19/25

1/8 [==>...........................] - ETA: 0s - loss: 0.1525 - accuracy: 0.9375
8/8 [==============================] - 0s 3ms/step - loss: 0.1342 - accuracy: 0.9394
Epoch 20/25

1/8 [==>...........................] - ETA: 0s - loss: 0.2100 - accuracy: 0.8750
8/8 [==============================] - 0s 4ms/step - loss: 0.1554 - accuracy: 0.9134
Epoch 21/25

1/8 [==>...........................] - ETA: 0s - loss: 0.1317 - accuracy: 0.9062
8/8 [==============================] - 0s 4ms/step - loss: 0.1323 - accuracy: 0.9351
Epoch 22/25

1/8 [==>...........................] - ETA: 0s - loss: 0.1405 - accuracy: 0.9062
8/8 [==============================] - 0s 4ms/step - loss: 0.1409 - accuracy: 0.9177
Epoch 23/25

1/8 [==>...........................] - ETA: 0s - loss: 0.1689 - accuracy: 0.8750
8/8 [==============================] - 0s 3ms/step - loss: 0.1230 - accuracy: 0.9351
Epoch 24/25

1/8 [==>...........................] - ETA: 0s - loss: 0.1893 - accuracy: 0.8750
8/8 [==============================] - 0s 3ms/step - loss: 0.1549 - accuracy: 0.9264
Epoch 25/25

1/8 [==>...........................] - ETA: 0s - loss: 0.1362 - accuracy: 0.9062
8/8 [==============================] - 0s 3ms/step - loss: 0.1726 - accuracy: 0.9264
# node2vec
Epoch 1/25

1/8 [==>...........................] - ETA: 2s - loss: 0.7052 - accuracy: 0.4688
8/8 [==============================] - 0s 2ms/step - loss: 0.6928 - accuracy: 0.5022
Epoch 2/25

1/8 [==>...........................] - ETA: 0s - loss: 0.6212 - accuracy: 0.7188
8/8 [==============================] - 0s 2ms/step - loss: 0.6296 - accuracy: 0.7056
Epoch 3/25

1/8 [==>...........................] - ETA: 0s - loss: 0.5802 - accuracy: 0.7812
8/8 [==============================] - 0s 2ms/step - loss: 0.5796 - accuracy: 0.7359
Epoch 4/25

1/8 [==>...........................] - ETA: 0s - loss: 0.5848 - accuracy: 0.7812
8/8 [==============================] - 0s 2ms/step - loss: 0.5501 - accuracy: 0.7749
Epoch 5/25

1/8 [==>...........................] - ETA: 0s - loss: 0.4753 - accuracy: 0.7812
8/8 [==============================] - 0s 2ms/step - loss: 0.5170 - accuracy: 0.8052
Epoch 6/25

1/8 [==>...........................] - ETA: 0s - loss: 0.4965 - accuracy: 0.7500
8/8 [==============================] - 0s 2ms/step - loss: 0.4817 - accuracy: 0.8095
Epoch 7/25

1/8 [==>...........................] - ETA: 0s - loss: 0.4169 - accuracy: 0.9062
8/8 [==============================] - 0s 2ms/step - loss: 0.4572 - accuracy: 0.8571
Epoch 8/25

1/8 [==>...........................] - ETA: 0s - loss: 0.4446 - accuracy: 0.8438
8/8 [==============================] - 0s 2ms/step - loss: 0.4375 - accuracy: 0.8355
Epoch 9/25

1/8 [==>...........................] - ETA: 0s - loss: 0.3875 - accuracy: 0.8750
8/8 [==============================] - 0s 2ms/step - loss: 0.4174 - accuracy: 0.8528
Epoch 10/25

1/8 [==>...........................] - ETA: 0s - loss: 0.3977 - accuracy: 0.8438
8/8 [==============================] - 0s 3ms/step - loss: 0.3871 - accuracy: 0.8658
Epoch 11/25

1/8 [==>...........................] - ETA: 0s - loss: 0.3392 - accuracy: 0.8438
8/8 [==============================] - 0s 2ms/step - loss: 0.3857 - accuracy: 0.8831
Epoch 12/25

1/8 [==>...........................] - ETA: 0s - loss: 0.3752 - accuracy: 0.9375
8/8 [==============================] - 0s 2ms/step - loss: 0.3513 - accuracy: 0.8918
Epoch 13/25

1/8 [==>...........................] - ETA: 0s - loss: 0.3076 - accuracy: 0.9062
8/8 [==============================] - 0s 2ms/step - loss: 0.3355 - accuracy: 0.8918
Epoch 14/25

1/8 [==>...........................] - ETA: 0s - loss: 0.3606 - accuracy: 0.7812
8/8 [==============================] - 0s 2ms/step - loss: 0.3362 - accuracy: 0.8918
Epoch 15/25

1/8 [==>...........................] - ETA: 0s - loss: 0.2891 - accuracy: 0.9375
8/8 [==============================] - 0s 2ms/step - loss: 0.3188 - accuracy: 0.8874
Epoch 16/25

1/8 [==>...........................] - ETA: 0s - loss: 0.2519 - accuracy: 0.9062
8/8 [==============================] - 0s 3ms/step - loss: 0.2920 - accuracy: 0.9091
Epoch 17/25

1/8 [==>...........................] - ETA: 0s - loss: 0.2135 - accuracy: 0.9375
8/8 [==============================] - 0s 2ms/step - loss: 0.3013 - accuracy: 0.8918
Epoch 18/25

1/8 [==>...........................] - ETA: 0s - loss: 0.2802 - accuracy: 0.9375
8/8 [==============================] - 0s 2ms/step - loss: 0.2745 - accuracy: 0.9177
Epoch 19/25

1/8 [==>...........................] - ETA: 0s - loss: 0.2832 - accuracy: 0.9375
8/8 [==============================] - 0s 2ms/step - loss: 0.2683 - accuracy: 0.9177
Epoch 20/25

1/8 [==>...........................] - ETA: 0s - loss: 0.2575 - accuracy: 0.8750
8/8 [==============================] - 0s 2ms/step - loss: 0.2578 - accuracy: 0.9048
Epoch 21/25

1/8 [==>...........................] - ETA: 0s - loss: 0.2550 - accuracy: 0.9062
8/8 [==============================] - 0s 2ms/step - loss: 0.2706 - accuracy: 0.9004
Epoch 22/25

1/8 [==>...........................] - ETA: 0s - loss: 0.1924 - accuracy: 0.9375
8/8 [==============================] - 0s 2ms/step - loss: 0.2242 - accuracy: 0.9481
Epoch 23/25

1/8 [==>...........................] - ETA: 0s - loss: 0.3007 - accuracy: 0.9062
8/8 [==============================] - 0s 2ms/step - loss: 0.2545 - accuracy: 0.9048
Epoch 24/25

1/8 [==>...........................] - ETA: 0s - loss: 0.1811 - accuracy: 0.9375
8/8 [==============================] - 0s 2ms/step - loss: 0.2126 - accuracy: 0.9221
Epoch 25/25

1/8 [==>...........................] - ETA: 0s - loss: 0.2057 - accuracy: 0.9688
8/8 [==============================] - 0s 2ms/step - loss: 0.2189 - accuracy: 0.9177
# predict: steps=102
# predict: tnodeembed_metrics
# predict: node2vec_metrics
tnodeembed: {'auc': 0.6694397887831602, 'f1_micro': 0.6369485294117647, 'f1_macro': 0.6319334712212501} tNodeEmbed_final_loss=0.17256729304790497 tNodeEmbed_final_accuracy=0.9264069199562073 
node2vec: {'auc': 0.6652373035611303, 'f1_micro': 0.625, 'f1_macro': 0.6223776223776223} node2vec_final_loss=0.2189120352268219 node2vec_final_accuracy=0.9177489280700684 
