# load graph
Processing Static file: filename='CollegeMsg_20040601_nodes_225_edges_244_component_0.edges'
# initialize tNodeEmbed for dataset=COLLEGE, test_size=0.2
# load dataset
# fit
# tNodeEmbed
Epoch 1/25

1/8 [==>...........................] - ETA: 8s - loss: 0.6904 - accuracy: 0.5000
8/8 [==============================] - 1s 3ms/step - loss: 0.6911 - accuracy: 0.5728
Epoch 2/25

1/8 [==>...........................] - ETA: 0s - loss: 0.6950 - accuracy: 0.5625
8/8 [==============================] - 0s 3ms/step - loss: 0.6834 - accuracy: 0.6523
Epoch 3/25

1/8 [==>...........................] - ETA: 0s - loss: 0.6699 - accuracy: 0.7812
8/8 [==============================] - 0s 3ms/step - loss: 0.6646 - accuracy: 0.8312
Epoch 4/25

1/8 [==>...........................] - ETA: 0s - loss: 0.6599 - accuracy: 0.8750
8/8 [==============================] - 0s 3ms/step - loss: 0.6447 - accuracy: 0.8571
Epoch 5/25

1/8 [==>...........................] - ETA: 0s - loss: 0.6230 - accuracy: 0.9375
8/8 [==============================] - 0s 3ms/step - loss: 0.6160 - accuracy: 0.8528
Epoch 6/25

1/8 [==>...........................] - ETA: 0s - loss: 0.5784 - accuracy: 0.9062
8/8 [==============================] - 0s 3ms/step - loss: 0.5631 - accuracy: 0.8788
Epoch 7/25

1/8 [==>...........................] - ETA: 0s - loss: 0.5216 - accuracy: 0.8750
8/8 [==============================] - 0s 3ms/step - loss: 0.5069 - accuracy: 0.8788
Epoch 8/25

1/8 [==>...........................] - ETA: 0s - loss: 0.4640 - accuracy: 0.9688
8/8 [==============================] - 0s 3ms/step - loss: 0.4381 - accuracy: 0.9004
Epoch 9/25

1/8 [==>...........................] - ETA: 0s - loss: 0.3556 - accuracy: 0.9688
8/8 [==============================] - 0s 3ms/step - loss: 0.3487 - accuracy: 0.9264
Epoch 10/25

1/8 [==>...........................] - ETA: 0s - loss: 0.3405 - accuracy: 0.8750
8/8 [==============================] - 0s 3ms/step - loss: 0.2901 - accuracy: 0.9264
Epoch 11/25

1/8 [==>...........................] - ETA: 0s - loss: 0.2933 - accuracy: 0.9375
8/8 [==============================] - 0s 3ms/step - loss: 0.2297 - accuracy: 0.9567
Epoch 12/25

1/8 [==>...........................] - ETA: 0s - loss: 0.2010 - accuracy: 0.9688
8/8 [==============================] - 0s 3ms/step - loss: 0.1760 - accuracy: 0.9784
Epoch 13/25

1/8 [==>...........................] - ETA: 0s - loss: 0.1041 - accuracy: 1.0000
8/8 [==============================] - 0s 3ms/step - loss: 0.1304 - accuracy: 0.9827
Epoch 14/25

1/8 [==>...........................] - ETA: 0s - loss: 0.0793 - accuracy: 1.0000
8/8 [==============================] - 0s 3ms/step - loss: 0.0966 - accuracy: 0.9870
Epoch 15/25

1/8 [==>...........................] - ETA: 0s - loss: 0.0605 - accuracy: 1.0000
8/8 [==============================] - 0s 3ms/step - loss: 0.0758 - accuracy: 0.9870
Epoch 16/25

1/8 [==>...........................] - ETA: 0s - loss: 0.0576 - accuracy: 1.0000
8/8 [==============================] - 0s 3ms/step - loss: 0.0561 - accuracy: 0.9913
Epoch 17/25

1/8 [==>...........................] - ETA: 0s - loss: 0.0700 - accuracy: 0.9688
8/8 [==============================] - 0s 3ms/step - loss: 0.0451 - accuracy: 0.9913
Epoch 18/25

1/8 [==>...........................] - ETA: 0s - loss: 0.0302 - accuracy: 1.0000
8/8 [==============================] - 0s 3ms/step - loss: 0.0333 - accuracy: 0.9913
Epoch 19/25

1/8 [==>...........................] - ETA: 0s - loss: 0.0208 - accuracy: 1.0000
8/8 [==============================] - 0s 3ms/step - loss: 0.0324 - accuracy: 0.9870
Epoch 20/25

1/8 [==>...........................] - ETA: 0s - loss: 0.0340 - accuracy: 1.0000
8/8 [==============================] - 0s 3ms/step - loss: 0.0215 - accuracy: 0.9957
Epoch 21/25

1/8 [==>...........................] - ETA: 0s - loss: 0.0147 - accuracy: 1.0000
8/8 [==============================] - 0s 3ms/step - loss: 0.0216 - accuracy: 0.9957
Epoch 22/25

1/8 [==>...........................] - ETA: 0s - loss: 0.0320 - accuracy: 0.9688
8/8 [==============================] - 0s 3ms/step - loss: 0.0189 - accuracy: 0.9957
Epoch 23/25

1/8 [==>...........................] - ETA: 0s - loss: 0.0086 - accuracy: 1.0000
8/8 [==============================] - 0s 3ms/step - loss: 0.0173 - accuracy: 0.9957
Epoch 24/25

1/8 [==>...........................] - ETA: 0s - loss: 0.0048 - accuracy: 1.0000
8/8 [==============================] - 0s 3ms/step - loss: 0.0162 - accuracy: 0.9957
Epoch 25/25

1/8 [==>...........................] - ETA: 0s - loss: 0.0065 - accuracy: 1.0000
8/8 [==============================] - 0s 3ms/step - loss: 0.0146 - accuracy: 0.9957
# node2vec
Epoch 1/25

1/8 [==>...........................] - ETA: 1s - loss: 0.7052 - accuracy: 0.4688
8/8 [==============================] - 0s 2ms/step - loss: 0.6828 - accuracy: 0.5628
Epoch 2/25

1/8 [==>...........................] - ETA: 0s - loss: 0.6565 - accuracy: 0.6875
8/8 [==============================] - 0s 2ms/step - loss: 0.6354 - accuracy: 0.6883
Epoch 3/25

1/8 [==>...........................] - ETA: 0s - loss: 0.6210 - accuracy: 0.7500
8/8 [==============================] - 0s 2ms/step - loss: 0.5848 - accuracy: 0.8139
Epoch 4/25

1/8 [==>...........................] - ETA: 0s - loss: 0.5817 - accuracy: 0.7812
8/8 [==============================] - 0s 2ms/step - loss: 0.5469 - accuracy: 0.8658
Epoch 5/25

1/8 [==>...........................] - ETA: 0s - loss: 0.4997 - accuracy: 0.9688
8/8 [==============================] - 0s 2ms/step - loss: 0.5200 - accuracy: 0.9004
Epoch 6/25

1/8 [==>...........................] - ETA: 0s - loss: 0.4832 - accuracy: 0.8750
8/8 [==============================] - 0s 2ms/step - loss: 0.4742 - accuracy: 0.9177
Epoch 7/25

1/8 [==>...........................] - ETA: 0s - loss: 0.4437 - accuracy: 0.9375
8/8 [==============================] - 0s 2ms/step - loss: 0.4379 - accuracy: 0.9567
Epoch 8/25

1/8 [==>...........................] - ETA: 0s - loss: 0.3970 - accuracy: 0.9375
8/8 [==============================] - 0s 2ms/step - loss: 0.4139 - accuracy: 0.9481
Epoch 9/25

1/8 [==>...........................] - ETA: 0s - loss: 0.3878 - accuracy: 0.9688
8/8 [==============================] - 0s 2ms/step - loss: 0.3715 - accuracy: 0.9567
Epoch 10/25

1/8 [==>...........................] - ETA: 0s - loss: 0.3811 - accuracy: 0.9375
8/8 [==============================] - 0s 2ms/step - loss: 0.3459 - accuracy: 0.9697
Epoch 11/25

1/8 [==>...........................] - ETA: 0s - loss: 0.3638 - accuracy: 0.9688
8/8 [==============================] - 0s 2ms/step - loss: 0.3189 - accuracy: 0.9654
Epoch 12/25

1/8 [==>...........................] - ETA: 0s - loss: 0.3166 - accuracy: 1.0000
8/8 [==============================] - 0s 2ms/step - loss: 0.2974 - accuracy: 0.9913
Epoch 13/25

1/8 [==>...........................] - ETA: 0s - loss: 0.2735 - accuracy: 0.9688
8/8 [==============================] - 0s 3ms/step - loss: 0.2596 - accuracy: 0.9913
Epoch 14/25

1/8 [==>...........................] - ETA: 0s - loss: 0.2600 - accuracy: 1.0000
8/8 [==============================] - 0s 2ms/step - loss: 0.2377 - accuracy: 0.9913
Epoch 15/25

1/8 [==>...........................] - ETA: 0s - loss: 0.2418 - accuracy: 1.0000
8/8 [==============================] - 0s 2ms/step - loss: 0.2198 - accuracy: 0.9913
Epoch 16/25

1/8 [==>...........................] - ETA: 0s - loss: 0.1987 - accuracy: 1.0000
8/8 [==============================] - 0s 2ms/step - loss: 0.1986 - accuracy: 0.9913
Epoch 17/25

1/8 [==>...........................] - ETA: 0s - loss: 0.2107 - accuracy: 1.0000
8/8 [==============================] - 0s 2ms/step - loss: 0.1822 - accuracy: 0.9913
Epoch 18/25

1/8 [==>...........................] - ETA: 0s - loss: 0.1833 - accuracy: 1.0000
8/8 [==============================] - 0s 2ms/step - loss: 0.1666 - accuracy: 0.9913
Epoch 19/25

1/8 [==>...........................] - ETA: 0s - loss: 0.1917 - accuracy: 0.9688
8/8 [==============================] - 0s 3ms/step - loss: 0.1464 - accuracy: 0.9913
Epoch 20/25

1/8 [==>...........................] - ETA: 0s - loss: 0.1568 - accuracy: 0.9688
8/8 [==============================] - 0s 2ms/step - loss: 0.1383 - accuracy: 0.9957
Epoch 21/25

1/8 [==>...........................] - ETA: 0s - loss: 0.1051 - accuracy: 1.0000
8/8 [==============================] - 0s 2ms/step - loss: 0.1197 - accuracy: 0.9957
Epoch 22/25

1/8 [==>...........................] - ETA: 0s - loss: 0.1091 - accuracy: 1.0000
8/8 [==============================] - 0s 2ms/step - loss: 0.1152 - accuracy: 0.9957
Epoch 23/25

1/8 [==>...........................] - ETA: 0s - loss: 0.0820 - accuracy: 1.0000
8/8 [==============================] - 0s 2ms/step - loss: 0.1050 - accuracy: 0.9957
Epoch 24/25

1/8 [==>...........................] - ETA: 0s - loss: 0.0814 - accuracy: 1.0000
8/8 [==============================] - 0s 2ms/step - loss: 0.0945 - accuracy: 0.9957
Epoch 25/25

1/8 [==>...........................] - ETA: 0s - loss: 0.0921 - accuracy: 1.0000
8/8 [==============================] - 0s 2ms/step - loss: 0.0903 - accuracy: 0.9957
# predict: steps=102
# predict: tnodeembed_metrics
# predict: node2vec_metrics
tnodeembed: {'auc': 0.6300868731377355, 'f1_micro': 0.5912990196078431, 'f1_macro': 0.5912988661583234} tNodeEmbed_final_loss=0.014635836705565453 tNodeEmbed_final_accuracy=0.9956709742546082 
node2vec: {'auc': 0.631400220167724, 'f1_micro': 0.5931372549019608, 'f1_macro': 0.593115256375597} node2vec_final_loss=0.09033185243606567 node2vec_final_accuracy=0.9956709742546082 
