# load graph
Processing Static file: filename='CollegeMsg_20040609_nodes_207_edges_239_component_0.edges'
# initialize tNodeEmbed for dataset=COLLEGE, test_size=0.2
# load dataset
# fit
# tNodeEmbed
Epoch 1/25

1/8 [==>...........................] - ETA: 27s - loss: 0.6878 - accuracy: 0.6875
8/8 [==============================] - ETA: 0s - loss: 0.6937 - accuracy: 0.5065 
8/8 [==============================] - 4s 8ms/step - loss: 0.6937 - accuracy: 0.5065
Epoch 2/25

1/8 [==>...........................] - ETA: 0s - loss: 0.6809 - accuracy: 0.5625
8/8 [==============================] - ETA: 0s - loss: 0.6809 - accuracy: 0.6277
8/8 [==============================] - 0s 8ms/step - loss: 0.6809 - accuracy: 0.6277
Epoch 3/25

1/8 [==>...........................] - ETA: 0s - loss: 0.6732 - accuracy: 0.8750
8/8 [==============================] - 0s 7ms/step - loss: 0.6718 - accuracy: 0.8052
Epoch 4/25

1/8 [==>...........................] - ETA: 0s - loss: 0.6591 - accuracy: 0.9375
8/8 [==============================] - 0s 7ms/step - loss: 0.6518 - accuracy: 0.8831
Epoch 5/25

1/8 [==>...........................] - ETA: 0s - loss: 0.6361 - accuracy: 0.8125
8/8 [==============================] - ETA: 0s - loss: 0.6304 - accuracy: 0.8182
8/8 [==============================] - 0s 8ms/step - loss: 0.6304 - accuracy: 0.8182
Epoch 6/25

1/8 [==>...........................] - ETA: 0s - loss: 0.6071 - accuracy: 0.8438
8/8 [==============================] - ETA: 0s - loss: 0.5898 - accuracy: 0.8398
8/8 [==============================] - 0s 8ms/step - loss: 0.5898 - accuracy: 0.8398
Epoch 7/25

1/8 [==>...........................] - ETA: 0s - loss: 0.5375 - accuracy: 0.9375
8/8 [==============================] - 0s 7ms/step - loss: 0.5271 - accuracy: 0.8701
Epoch 8/25

1/8 [==>...........................] - ETA: 0s - loss: 0.4740 - accuracy: 0.9062
8/8 [==============================] - 0s 6ms/step - loss: 0.4670 - accuracy: 0.8788
Epoch 9/25

1/8 [==>...........................] - ETA: 0s - loss: 0.3600 - accuracy: 0.9375
8/8 [==============================] - 0s 7ms/step - loss: 0.3927 - accuracy: 0.8831
Epoch 10/25

1/8 [==>...........................] - ETA: 0s - loss: 0.3164 - accuracy: 0.9688
8/8 [==============================] - 0s 6ms/step - loss: 0.3117 - accuracy: 0.9221
Epoch 11/25

1/8 [==>...........................] - ETA: 0s - loss: 0.2254 - accuracy: 0.9688
8/8 [==============================] - 0s 7ms/step - loss: 0.2347 - accuracy: 0.9351
Epoch 12/25

1/8 [==>...........................] - ETA: 0s - loss: 0.2128 - accuracy: 0.9688
8/8 [==============================] - ETA: 0s - loss: 0.1782 - accuracy: 0.9827
8/8 [==============================] - 0s 8ms/step - loss: 0.1782 - accuracy: 0.9827
Epoch 13/25

1/8 [==>...........................] - ETA: 0s - loss: 0.1193 - accuracy: 1.0000
8/8 [==============================] - ETA: 0s - loss: 0.1430 - accuracy: 0.9827
8/8 [==============================] - 0s 8ms/step - loss: 0.1430 - accuracy: 0.9827
Epoch 14/25

1/8 [==>...........................] - ETA: 0s - loss: 0.1158 - accuracy: 0.9688
8/8 [==============================] - 0s 6ms/step - loss: 0.0979 - accuracy: 0.9870
Epoch 15/25

1/8 [==>...........................] - ETA: 0s - loss: 0.0668 - accuracy: 1.0000
8/8 [==============================] - ETA: 0s - loss: 0.0630 - accuracy: 0.9957
8/8 [==============================] - 0s 8ms/step - loss: 0.0630 - accuracy: 0.9957
Epoch 16/25

1/8 [==>...........................] - ETA: 0s - loss: 0.0534 - accuracy: 1.0000
8/8 [==============================] - 0s 6ms/step - loss: 0.0467 - accuracy: 1.0000
Epoch 17/25

1/8 [==>...........................] - ETA: 0s - loss: 0.0426 - accuracy: 1.0000
8/8 [==============================] - 0s 5ms/step - loss: 0.0363 - accuracy: 1.0000
Epoch 18/25

1/8 [==>...........................] - ETA: 0s - loss: 0.0354 - accuracy: 1.0000
8/8 [==============================] - 0s 7ms/step - loss: 0.0240 - accuracy: 1.0000
Epoch 19/25

1/8 [==>...........................] - ETA: 0s - loss: 0.0167 - accuracy: 1.0000
8/8 [==============================] - 0s 7ms/step - loss: 0.0181 - accuracy: 1.0000
Epoch 20/25

1/8 [==>...........................] - ETA: 0s - loss: 0.0176 - accuracy: 1.0000
8/8 [==============================] - 0s 7ms/step - loss: 0.0144 - accuracy: 1.0000
Epoch 21/25

1/8 [==>...........................] - ETA: 0s - loss: 0.0107 - accuracy: 1.0000
8/8 [==============================] - 0s 6ms/step - loss: 0.0117 - accuracy: 1.0000
Epoch 22/25

1/8 [==>...........................] - ETA: 0s - loss: 0.0149 - accuracy: 1.0000
8/8 [==============================] - 0s 7ms/step - loss: 0.0103 - accuracy: 1.0000
Epoch 23/25

1/8 [==>...........................] - ETA: 0s - loss: 0.0068 - accuracy: 1.0000
8/8 [==============================] - 0s 7ms/step - loss: 0.0074 - accuracy: 1.0000
Epoch 24/25

1/8 [==>...........................] - ETA: 0s - loss: 0.0043 - accuracy: 1.0000
8/8 [==============================] - 0s 7ms/step - loss: 0.0074 - accuracy: 1.0000
Epoch 25/25

1/8 [==>...........................] - ETA: 0s - loss: 0.0057 - accuracy: 1.0000
6/8 [=====================>........] - ETA: 0s - loss: 0.0059 - accuracy: 1.0000
8/8 [==============================] - 0s 9ms/step - loss: 0.0056 - accuracy: 1.0000
# node2vec
Epoch 1/25

1/8 [==>...........................] - ETA: 7s - loss: 0.6960 - accuracy: 0.5312
8/8 [==============================] - 1s 6ms/step - loss: 0.6900 - accuracy: 0.5411
Epoch 2/25

1/8 [==>...........................] - ETA: 0s - loss: 0.6574 - accuracy: 0.6562
8/8 [==============================] - 0s 6ms/step - loss: 0.6245 - accuracy: 0.7229
Epoch 3/25

1/8 [==>...........................] - ETA: 0s - loss: 0.5875 - accuracy: 0.7188
8/8 [==============================] - 0s 6ms/step - loss: 0.5902 - accuracy: 0.7835
Epoch 4/25

1/8 [==>...........................] - ETA: 0s - loss: 0.5213 - accuracy: 0.8750
8/8 [==============================] - 0s 6ms/step - loss: 0.5461 - accuracy: 0.8312
Epoch 5/25

1/8 [==>...........................] - ETA: 0s - loss: 0.5415 - accuracy: 0.7812
8/8 [==============================] - 0s 5ms/step - loss: 0.5066 - accuracy: 0.9091
Epoch 6/25

1/8 [==>...........................] - ETA: 0s - loss: 0.4734 - accuracy: 0.8750
8/8 [==============================] - 0s 4ms/step - loss: 0.4770 - accuracy: 0.8831
Epoch 7/25

1/8 [==>...........................] - ETA: 0s - loss: 0.4049 - accuracy: 0.9688
8/8 [==============================] - 0s 6ms/step - loss: 0.4247 - accuracy: 0.9394
Epoch 8/25

1/8 [==>...........................] - ETA: 0s - loss: 0.3900 - accuracy: 0.9375
8/8 [==============================] - 0s 5ms/step - loss: 0.4076 - accuracy: 0.9437
Epoch 9/25

1/8 [==>...........................] - ETA: 0s - loss: 0.3923 - accuracy: 0.9375
8/8 [==============================] - 0s 5ms/step - loss: 0.3751 - accuracy: 0.9221
Epoch 10/25

1/8 [==>...........................] - ETA: 0s - loss: 0.3539 - accuracy: 0.9375
8/8 [==============================] - 0s 4ms/step - loss: 0.3446 - accuracy: 0.9654
Epoch 11/25

1/8 [==>...........................] - ETA: 0s - loss: 0.3082 - accuracy: 1.0000
8/8 [==============================] - 0s 6ms/step - loss: 0.3166 - accuracy: 0.9784
Epoch 12/25

1/8 [==>...........................] - ETA: 0s - loss: 0.3280 - accuracy: 0.9688
8/8 [==============================] - 0s 5ms/step - loss: 0.2900 - accuracy: 0.9870
Epoch 13/25

1/8 [==>...........................] - ETA: 0s - loss: 0.2615 - accuracy: 1.0000
8/8 [==============================] - 0s 5ms/step - loss: 0.2596 - accuracy: 0.9870
Epoch 14/25

1/8 [==>...........................] - ETA: 0s - loss: 0.2062 - accuracy: 1.0000
8/8 [==============================] - 0s 5ms/step - loss: 0.2361 - accuracy: 0.9913
Epoch 15/25

1/8 [==>...........................] - ETA: 0s - loss: 0.2516 - accuracy: 0.9688
8/8 [==============================] - 0s 5ms/step - loss: 0.2170 - accuracy: 0.9957
Epoch 16/25

1/8 [==>...........................] - ETA: 0s - loss: 0.1952 - accuracy: 1.0000
8/8 [==============================] - 0s 5ms/step - loss: 0.1999 - accuracy: 0.9957
Epoch 17/25

1/8 [==>...........................] - ETA: 0s - loss: 0.1822 - accuracy: 1.0000
8/8 [==============================] - 0s 4ms/step - loss: 0.1784 - accuracy: 0.9957
Epoch 18/25

1/8 [==>...........................] - ETA: 0s - loss: 0.1853 - accuracy: 0.9688
8/8 [==============================] - 0s 4ms/step - loss: 0.1582 - accuracy: 0.9957
Epoch 19/25

1/8 [==>...........................] - ETA: 0s - loss: 0.1747 - accuracy: 1.0000
8/8 [==============================] - 0s 4ms/step - loss: 0.1458 - accuracy: 0.9957
Epoch 20/25

1/8 [==>...........................] - ETA: 0s - loss: 0.1284 - accuracy: 1.0000
8/8 [==============================] - 0s 4ms/step - loss: 0.1367 - accuracy: 0.9957
Epoch 21/25

1/8 [==>...........................] - ETA: 0s - loss: 0.1364 - accuracy: 1.0000
8/8 [==============================] - 0s 4ms/step - loss: 0.1181 - accuracy: 0.9957
Epoch 22/25

1/8 [==>...........................] - ETA: 0s - loss: 0.1468 - accuracy: 0.9688
8/8 [==============================] - 0s 4ms/step - loss: 0.1148 - accuracy: 0.9957
Epoch 23/25

1/8 [==>...........................] - ETA: 0s - loss: 0.1139 - accuracy: 1.0000
8/8 [==============================] - 0s 4ms/step - loss: 0.0960 - accuracy: 1.0000
Epoch 24/25

1/8 [==>...........................] - ETA: 0s - loss: 0.0982 - accuracy: 1.0000
8/8 [==============================] - 0s 4ms/step - loss: 0.0923 - accuracy: 1.0000
Epoch 25/25

1/8 [==>...........................] - ETA: 0s - loss: 0.1031 - accuracy: 1.0000
8/8 [==============================] - 0s 4ms/step - loss: 0.0871 - accuracy: 1.0000
# predict: steps=102
# predict: tnodeembed_metrics
# predict: node2vec_metrics
tnodeembed: {'auc': 0.6082311716046712, 'f1_micro': 0.5784313725490197, 'f1_macro': 0.5782373894663773} tNodeEmbed_final_loss=0.005630573257803917 tNodeEmbed_final_accuracy=1.0 
node2vec: {'auc': 0.5916883680555556, 'f1_micro': 0.5680147058823529, 'f1_macro': 0.5678485576923077} node2vec_final_loss=0.08714844286441803 node2vec_final_accuracy=1.0 
