# load graph
Processing Static file: filename='CollegeMsg_20040607_nodes_150_edges_158_component_0.edges'
# initialize tNodeEmbed for dataset=COLLEGE, test_size=0.2
# load dataset
# fit
# tNodeEmbed
Epoch 1/25

1/8 [==>...........................] - ETA: 23s - loss: 0.6958 - accuracy: 0.5000
8/8 [==============================] - ETA: 0s - loss: 0.6933 - accuracy: 0.4805 
8/8 [==============================] - 3s 8ms/step - loss: 0.6933 - accuracy: 0.4805
Epoch 2/25

1/8 [==>...........................] - ETA: 0s - loss: 0.6846 - accuracy: 0.5000
8/8 [==============================] - ETA: 0s - loss: 0.6820 - accuracy: 0.6753
8/8 [==============================] - 0s 8ms/step - loss: 0.6820 - accuracy: 0.6753
Epoch 3/25

1/8 [==>...........................] - ETA: 0s - loss: 0.6630 - accuracy: 0.8750
8/8 [==============================] - 0s 7ms/step - loss: 0.6636 - accuracy: 0.8312
Epoch 4/25

1/8 [==>...........................] - ETA: 0s - loss: 0.6407 - accuracy: 0.9062
8/8 [==============================] - 0s 7ms/step - loss: 0.6440 - accuracy: 0.8485
Epoch 5/25

1/8 [==>...........................] - ETA: 0s - loss: 0.6244 - accuracy: 0.7812
8/8 [==============================] - 0s 7ms/step - loss: 0.6152 - accuracy: 0.8139
Epoch 6/25

1/8 [==>...........................] - ETA: 0s - loss: 0.5771 - accuracy: 0.8438
8/8 [==============================] - 0s 7ms/step - loss: 0.5708 - accuracy: 0.8485
Epoch 7/25

1/8 [==>...........................] - ETA: 0s - loss: 0.5225 - accuracy: 0.9375
8/8 [==============================] - 0s 6ms/step - loss: 0.5188 - accuracy: 0.8831
Epoch 8/25

1/8 [==>...........................] - ETA: 0s - loss: 0.4526 - accuracy: 0.9062
8/8 [==============================] - 0s 7ms/step - loss: 0.4234 - accuracy: 0.9221
Epoch 9/25

1/8 [==>...........................] - ETA: 0s - loss: 0.4335 - accuracy: 0.8438
8/8 [==============================] - 0s 7ms/step - loss: 0.3672 - accuracy: 0.9091
Epoch 10/25

1/8 [==>...........................] - ETA: 0s - loss: 0.3689 - accuracy: 0.9062
8/8 [==============================] - 0s 7ms/step - loss: 0.2612 - accuracy: 0.9697
Epoch 11/25

1/8 [==>...........................] - ETA: 0s - loss: 0.2805 - accuracy: 0.9375
8/8 [==============================] - 0s 7ms/step - loss: 0.2188 - accuracy: 0.9654
Epoch 12/25

1/8 [==>...........................] - ETA: 0s - loss: 0.1798 - accuracy: 0.9688
8/8 [==============================] - 0s 7ms/step - loss: 0.1487 - accuracy: 0.9827
Epoch 13/25

1/8 [==>...........................] - ETA: 0s - loss: 0.1464 - accuracy: 1.0000
8/8 [==============================] - 0s 7ms/step - loss: 0.1029 - accuracy: 0.9957
Epoch 14/25

1/8 [==>...........................] - ETA: 0s - loss: 0.0901 - accuracy: 1.0000
8/8 [==============================] - ETA: 0s - loss: 0.0733 - accuracy: 0.9957
8/8 [==============================] - 0s 8ms/step - loss: 0.0733 - accuracy: 0.9957
Epoch 15/25

1/8 [==>...........................] - ETA: 0s - loss: 0.0665 - accuracy: 1.0000
8/8 [==============================] - 0s 7ms/step - loss: 0.0480 - accuracy: 0.9957
Epoch 16/25

1/8 [==>...........................] - ETA: 0s - loss: 0.0483 - accuracy: 1.0000
8/8 [==============================] - 0s 7ms/step - loss: 0.0359 - accuracy: 0.9957
Epoch 17/25

1/8 [==>...........................] - ETA: 0s - loss: 0.0248 - accuracy: 1.0000
8/8 [==============================] - 0s 7ms/step - loss: 0.0286 - accuracy: 0.9957
Epoch 18/25

1/8 [==>...........................] - ETA: 0s - loss: 0.0208 - accuracy: 1.0000
8/8 [==============================] - 0s 6ms/step - loss: 0.0254 - accuracy: 0.9913
Epoch 19/25

1/8 [==>...........................] - ETA: 0s - loss: 0.0107 - accuracy: 1.0000
8/8 [==============================] - 0s 7ms/step - loss: 0.0127 - accuracy: 1.0000
Epoch 20/25

1/8 [==>...........................] - ETA: 0s - loss: 0.0124 - accuracy: 1.0000
8/8 [==============================] - 0s 7ms/step - loss: 0.0147 - accuracy: 0.9957
Epoch 21/25

1/8 [==>...........................] - ETA: 0s - loss: 0.0105 - accuracy: 1.0000
8/8 [==============================] - ETA: 0s - loss: 0.0134 - accuracy: 0.9957
8/8 [==============================] - 0s 8ms/step - loss: 0.0134 - accuracy: 0.9957
Epoch 22/25

1/8 [==>...........................] - ETA: 0s - loss: 0.0070 - accuracy: 1.0000
8/8 [==============================] - 0s 7ms/step - loss: 0.0117 - accuracy: 0.9957
Epoch 23/25

1/8 [==>...........................] - ETA: 0s - loss: 0.0395 - accuracy: 0.9688
8/8 [==============================] - 0s 6ms/step - loss: 0.0106 - accuracy: 0.9957
Epoch 24/25

1/8 [==>...........................] - ETA: 0s - loss: 0.0386 - accuracy: 0.9688
8/8 [==============================] - 0s 6ms/step - loss: 0.0096 - accuracy: 0.9957
Epoch 25/25

1/8 [==>...........................] - ETA: 0s - loss: 0.0069 - accuracy: 1.0000
8/8 [==============================] - 0s 7ms/step - loss: 0.0089 - accuracy: 0.9957
# node2vec
Epoch 1/25

1/8 [==>...........................] - ETA: 7s - loss: 0.6875 - accuracy: 0.5312
8/8 [==============================] - 1s 6ms/step - loss: 0.6984 - accuracy: 0.5541
Epoch 2/25

1/8 [==>...........................] - ETA: 0s - loss: 0.6182 - accuracy: 0.6875
8/8 [==============================] - 0s 5ms/step - loss: 0.6392 - accuracy: 0.7143
Epoch 3/25

1/8 [==>...........................] - ETA: 0s - loss: 0.5745 - accuracy: 0.8750
8/8 [==============================] - 0s 6ms/step - loss: 0.5849 - accuracy: 0.8182
Epoch 4/25

1/8 [==>...........................] - ETA: 0s - loss: 0.5541 - accuracy: 0.8438
8/8 [==============================] - 0s 6ms/step - loss: 0.5460 - accuracy: 0.8268
Epoch 5/25

1/8 [==>...........................] - ETA: 0s - loss: 0.5517 - accuracy: 0.8438
8/8 [==============================] - 0s 5ms/step - loss: 0.5043 - accuracy: 0.8874
Epoch 6/25

1/8 [==>...........................] - ETA: 0s - loss: 0.4775 - accuracy: 0.8750
8/8 [==============================] - 0s 5ms/step - loss: 0.4649 - accuracy: 0.9221
Epoch 7/25

1/8 [==>...........................] - ETA: 0s - loss: 0.4429 - accuracy: 0.9688
8/8 [==============================] - 0s 5ms/step - loss: 0.4305 - accuracy: 0.9567
Epoch 8/25

1/8 [==>...........................] - ETA: 0s - loss: 0.3722 - accuracy: 1.0000
8/8 [==============================] - 0s 6ms/step - loss: 0.3962 - accuracy: 0.9610
Epoch 9/25

1/8 [==>...........................] - ETA: 0s - loss: 0.3830 - accuracy: 0.9375
8/8 [==============================] - 0s 6ms/step - loss: 0.3632 - accuracy: 0.9697
Epoch 10/25

1/8 [==>...........................] - ETA: 0s - loss: 0.3501 - accuracy: 0.9375
8/8 [==============================] - 0s 5ms/step - loss: 0.3355 - accuracy: 0.9740
Epoch 11/25

1/8 [==>...........................] - ETA: 0s - loss: 0.3252 - accuracy: 0.9688
8/8 [==============================] - 0s 5ms/step - loss: 0.2915 - accuracy: 0.9827
Epoch 12/25

1/8 [==>...........................] - ETA: 0s - loss: 0.2988 - accuracy: 1.0000
8/8 [==============================] - 0s 6ms/step - loss: 0.2836 - accuracy: 0.9827
Epoch 13/25

1/8 [==>...........................] - ETA: 0s - loss: 0.2585 - accuracy: 1.0000
8/8 [==============================] - 0s 5ms/step - loss: 0.2435 - accuracy: 0.9913
Epoch 14/25

1/8 [==>...........................] - ETA: 0s - loss: 0.2059 - accuracy: 1.0000
8/8 [==============================] - 0s 4ms/step - loss: 0.2218 - accuracy: 0.9870
Epoch 15/25

1/8 [==>...........................] - ETA: 0s - loss: 0.2216 - accuracy: 1.0000
8/8 [==============================] - 0s 4ms/step - loss: 0.2059 - accuracy: 0.9827
Epoch 16/25

1/8 [==>...........................] - ETA: 0s - loss: 0.1930 - accuracy: 1.0000
8/8 [==============================] - 0s 6ms/step - loss: 0.1892 - accuracy: 0.9913
Epoch 17/25

1/8 [==>...........................] - ETA: 0s - loss: 0.1697 - accuracy: 1.0000
8/8 [==============================] - 0s 6ms/step - loss: 0.1583 - accuracy: 0.9913
Epoch 18/25

1/8 [==>...........................] - ETA: 0s - loss: 0.1451 - accuracy: 1.0000
8/8 [==============================] - 0s 7ms/step - loss: 0.1532 - accuracy: 0.9957
Epoch 19/25

1/8 [==>...........................] - ETA: 0s - loss: 0.1486 - accuracy: 1.0000
8/8 [==============================] - 0s 5ms/step - loss: 0.1375 - accuracy: 0.9957
Epoch 20/25

1/8 [==>...........................] - ETA: 0s - loss: 0.1378 - accuracy: 1.0000
8/8 [==============================] - 0s 5ms/step - loss: 0.1247 - accuracy: 0.9957
Epoch 21/25

1/8 [==>...........................] - ETA: 0s - loss: 0.0921 - accuracy: 1.0000
8/8 [==============================] - 0s 5ms/step - loss: 0.1096 - accuracy: 0.9957
Epoch 22/25

1/8 [==>...........................] - ETA: 0s - loss: 0.0917 - accuracy: 1.0000
8/8 [==============================] - 0s 4ms/step - loss: 0.1035 - accuracy: 0.9957
Epoch 23/25

1/8 [==>...........................] - ETA: 0s - loss: 0.0885 - accuracy: 1.0000
8/8 [==============================] - 0s 5ms/step - loss: 0.0935 - accuracy: 0.9957
Epoch 24/25

1/8 [==>...........................] - ETA: 0s - loss: 0.0878 - accuracy: 1.0000
8/8 [==============================] - 0s 5ms/step - loss: 0.0906 - accuracy: 0.9913
Epoch 25/25

1/8 [==>...........................] - ETA: 0s - loss: 0.0752 - accuracy: 1.0000
8/8 [==============================] - 0s 3ms/step - loss: 0.0794 - accuracy: 0.9957
# predict: steps=102
# predict: tnodeembed_metrics
# predict: node2vec_metrics
tnodeembed: {'auc': 0.5933251709078239, 'f1_micro': 0.5713848039215687, 'f1_macro': 0.5712881860844152} tNodeEmbed_final_loss=0.00894325040280819 tNodeEmbed_final_accuracy=0.9956709742546082 
node2vec: {'auc': 0.6129350790561322, 'f1_micro': 0.5863970588235294, 'f1_macro': 0.5863218848340557} node2vec_final_loss=0.07941488176584244 node2vec_final_accuracy=0.9956709742546082 
