# load graph
Processing Static file: filename='CollegeMsg_20040505_nodes_310_edges_564_component_0.edges'
# initialize tNodeEmbed for dataset=COLLEGE, test_size=0.2
# load dataset
# fit
# tNodeEmbed
Epoch 1/25

1/8 [==>...........................] - ETA: 8s - loss: 0.6883 - accuracy: 0.7812
8/8 [==============================] - 1s 3ms/step - loss: 0.6892 - accuracy: 0.5411
Epoch 2/25

1/8 [==>...........................] - ETA: 0s - loss: 0.6700 - accuracy: 0.6250
8/8 [==============================] - 0s 3ms/step - loss: 0.6729 - accuracy: 0.6710
Epoch 3/25

1/8 [==>...........................] - ETA: 0s - loss: 0.6631 - accuracy: 0.6250
8/8 [==============================] - 0s 4ms/step - loss: 0.6528 - accuracy: 0.7186
Epoch 4/25

1/8 [==>...........................] - ETA: 0s - loss: 0.6449 - accuracy: 0.7188
8/8 [==============================] - 0s 3ms/step - loss: 0.6177 - accuracy: 0.7100
Epoch 5/25

1/8 [==>...........................] - ETA: 0s - loss: 0.5473 - accuracy: 0.8125
8/8 [==============================] - 0s 3ms/step - loss: 0.5879 - accuracy: 0.6926
Epoch 6/25

1/8 [==>...........................] - ETA: 0s - loss: 0.5454 - accuracy: 0.6875
8/8 [==============================] - 0s 3ms/step - loss: 0.5466 - accuracy: 0.6840
Epoch 7/25

1/8 [==>...........................] - ETA: 0s - loss: 0.4535 - accuracy: 0.8438
8/8 [==============================] - 0s 4ms/step - loss: 0.4986 - accuracy: 0.7316
Epoch 8/25

1/8 [==>...........................] - ETA: 0s - loss: 0.4485 - accuracy: 0.7812
8/8 [==============================] - 0s 4ms/step - loss: 0.4635 - accuracy: 0.7792
Epoch 9/25

1/8 [==>...........................] - ETA: 0s - loss: 0.4547 - accuracy: 0.7812
8/8 [==============================] - 0s 4ms/step - loss: 0.4325 - accuracy: 0.7965
Epoch 10/25

1/8 [==>...........................] - ETA: 0s - loss: 0.3503 - accuracy: 0.8438
8/8 [==============================] - 0s 4ms/step - loss: 0.3864 - accuracy: 0.8442
Epoch 11/25

1/8 [==>...........................] - ETA: 0s - loss: 0.3231 - accuracy: 0.8438
8/8 [==============================] - 0s 4ms/step - loss: 0.3573 - accuracy: 0.8398
Epoch 12/25

1/8 [==>...........................] - ETA: 0s - loss: 0.3573 - accuracy: 0.8750
8/8 [==============================] - 0s 4ms/step - loss: 0.3290 - accuracy: 0.8701
Epoch 13/25

1/8 [==>...........................] - ETA: 0s - loss: 0.2867 - accuracy: 0.9062
8/8 [==============================] - 0s 3ms/step - loss: 0.3077 - accuracy: 0.8788
Epoch 14/25

1/8 [==>...........................] - ETA: 0s - loss: 0.2654 - accuracy: 0.8438
8/8 [==============================] - 0s 4ms/step - loss: 0.2861 - accuracy: 0.8831
Epoch 15/25

1/8 [==>...........................] - ETA: 0s - loss: 0.2963 - accuracy: 0.8438
8/8 [==============================] - 0s 4ms/step - loss: 0.2693 - accuracy: 0.8874
Epoch 16/25

1/8 [==>...........................] - ETA: 0s - loss: 0.1633 - accuracy: 0.9375
8/8 [==============================] - 0s 4ms/step - loss: 0.2385 - accuracy: 0.8874
Epoch 17/25

1/8 [==>...........................] - ETA: 0s - loss: 0.2484 - accuracy: 0.8750
8/8 [==============================] - 0s 4ms/step - loss: 0.2412 - accuracy: 0.8831
Epoch 18/25

1/8 [==>...........................] - ETA: 0s - loss: 0.1909 - accuracy: 0.9062
8/8 [==============================] - 0s 3ms/step - loss: 0.2125 - accuracy: 0.9048
Epoch 19/25

1/8 [==>...........................] - ETA: 0s - loss: 0.1360 - accuracy: 0.9688
8/8 [==============================] - 0s 4ms/step - loss: 0.1763 - accuracy: 0.9134
Epoch 20/25

1/8 [==>...........................] - ETA: 0s - loss: 0.1851 - accuracy: 0.9062
8/8 [==============================] - 0s 4ms/step - loss: 0.2007 - accuracy: 0.9048
Epoch 21/25

1/8 [==>...........................] - ETA: 0s - loss: 0.1243 - accuracy: 0.9375
8/8 [==============================] - 0s 4ms/step - loss: 0.1962 - accuracy: 0.8918
Epoch 22/25

1/8 [==>...........................] - ETA: 0s - loss: 0.2192 - accuracy: 0.9062
8/8 [==============================] - 0s 4ms/step - loss: 0.1697 - accuracy: 0.9221
Epoch 23/25

1/8 [==>...........................] - ETA: 0s - loss: 0.1991 - accuracy: 0.8750
7/8 [=========================>....] - ETA: 0s - loss: 0.1769 - accuracy: 0.9146
8/8 [==============================] - 0s 9ms/step - loss: 0.1733 - accuracy: 0.9177
Epoch 24/25

1/8 [==>...........................] - ETA: 0s - loss: 0.2107 - accuracy: 0.9062
8/8 [==============================] - 0s 4ms/step - loss: 0.1645 - accuracy: 0.9177
Epoch 25/25

1/8 [==>...........................] - ETA: 0s - loss: 0.1335 - accuracy: 0.9688
8/8 [==============================] - 0s 4ms/step - loss: 0.1676 - accuracy: 0.9091
# node2vec
Epoch 1/25

1/8 [==>...........................] - ETA: 1s - loss: 0.6867 - accuracy: 0.6250
8/8 [==============================] - 0s 2ms/step - loss: 0.6773 - accuracy: 0.6234
Epoch 2/25

1/8 [==>...........................] - ETA: 0s - loss: 0.6234 - accuracy: 0.8125
8/8 [==============================] - 0s 2ms/step - loss: 0.6253 - accuracy: 0.6710
Epoch 3/25

1/8 [==>...........................] - ETA: 0s - loss: 0.6009 - accuracy: 0.7500
8/8 [==============================] - 0s 2ms/step - loss: 0.5796 - accuracy: 0.7056
Epoch 4/25

1/8 [==>...........................] - ETA: 0s - loss: 0.4993 - accuracy: 0.8438
8/8 [==============================] - 0s 2ms/step - loss: 0.5342 - accuracy: 0.7576
Epoch 5/25

1/8 [==>...........................] - ETA: 0s - loss: 0.4858 - accuracy: 0.8750
8/8 [==============================] - 0s 2ms/step - loss: 0.5228 - accuracy: 0.7359
Epoch 6/25

1/8 [==>...........................] - ETA: 0s - loss: 0.4550 - accuracy: 0.8750
8/8 [==============================] - 0s 2ms/step - loss: 0.4736 - accuracy: 0.8009
Epoch 7/25

1/8 [==>...........................] - ETA: 0s - loss: 0.5613 - accuracy: 0.6562
8/8 [==============================] - 0s 2ms/step - loss: 0.4566 - accuracy: 0.8182
Epoch 8/25

1/8 [==>...........................] - ETA: 0s - loss: 0.4493 - accuracy: 0.8438
8/8 [==============================] - 0s 2ms/step - loss: 0.4433 - accuracy: 0.8225
Epoch 9/25

1/8 [==>...........................] - ETA: 0s - loss: 0.4107 - accuracy: 0.8438
8/8 [==============================] - 0s 2ms/step - loss: 0.4324 - accuracy: 0.8225
Epoch 10/25

1/8 [==>...........................] - ETA: 0s - loss: 0.4302 - accuracy: 0.8750
8/8 [==============================] - 0s 2ms/step - loss: 0.4071 - accuracy: 0.8528
Epoch 11/25

1/8 [==>...........................] - ETA: 0s - loss: 0.3895 - accuracy: 0.8438
8/8 [==============================] - 0s 2ms/step - loss: 0.3942 - accuracy: 0.8615
Epoch 12/25

1/8 [==>...........................] - ETA: 0s - loss: 0.3839 - accuracy: 0.8750
8/8 [==============================] - 0s 3ms/step - loss: 0.3743 - accuracy: 0.8701
Epoch 13/25

1/8 [==>...........................] - ETA: 0s - loss: 0.3974 - accuracy: 0.8750
8/8 [==============================] - 0s 2ms/step - loss: 0.3612 - accuracy: 0.8528
Epoch 14/25

1/8 [==>...........................] - ETA: 0s - loss: 0.3383 - accuracy: 0.9062
8/8 [==============================] - 0s 3ms/step - loss: 0.3482 - accuracy: 0.8831
Epoch 15/25

1/8 [==>...........................] - ETA: 0s - loss: 0.2977 - accuracy: 0.8750
8/8 [==============================] - 0s 2ms/step - loss: 0.3466 - accuracy: 0.8745
Epoch 16/25

1/8 [==>...........................] - ETA: 0s - loss: 0.2897 - accuracy: 0.8750
8/8 [==============================] - 0s 2ms/step - loss: 0.3228 - accuracy: 0.8788
Epoch 17/25

1/8 [==>...........................] - ETA: 0s - loss: 0.3461 - accuracy: 0.7812
8/8 [==============================] - 0s 2ms/step - loss: 0.3130 - accuracy: 0.8788
Epoch 18/25

1/8 [==>...........................] - ETA: 0s - loss: 0.3406 - accuracy: 0.8125
8/8 [==============================] - 0s 2ms/step - loss: 0.3010 - accuracy: 0.8831
Epoch 19/25

1/8 [==>...........................] - ETA: 0s - loss: 0.3190 - accuracy: 0.8750
8/8 [==============================] - 0s 2ms/step - loss: 0.2952 - accuracy: 0.8918
Epoch 20/25

1/8 [==>...........................] - ETA: 0s - loss: 0.3487 - accuracy: 0.8125
8/8 [==============================] - 0s 2ms/step - loss: 0.2920 - accuracy: 0.8745
Epoch 21/25

1/8 [==>...........................] - ETA: 0s - loss: 0.2923 - accuracy: 0.9375
8/8 [==============================] - 0s 2ms/step - loss: 0.2825 - accuracy: 0.8961
Epoch 22/25

1/8 [==>...........................] - ETA: 0s - loss: 0.3153 - accuracy: 0.8750
8/8 [==============================] - 0s 2ms/step - loss: 0.2719 - accuracy: 0.8918
Epoch 23/25

1/8 [==>...........................] - ETA: 0s - loss: 0.2157 - accuracy: 0.9062
8/8 [==============================] - 0s 2ms/step - loss: 0.2645 - accuracy: 0.9048
Epoch 24/25

1/8 [==>...........................] - ETA: 0s - loss: 0.2065 - accuracy: 0.9375
8/8 [==============================] - 0s 2ms/step - loss: 0.2627 - accuracy: 0.8831
Epoch 25/25

1/8 [==>...........................] - ETA: 0s - loss: 0.2775 - accuracy: 0.8438
8/8 [==============================] - 0s 2ms/step - loss: 0.2718 - accuracy: 0.8874
# predict: steps=102
# predict: tnodeembed_metrics
# predict: node2vec_metrics
tnodeembed: {'auc': 0.6484358104455017, 'f1_micro': 0.6112132352941176, 'f1_macro': 0.6075581618443975} tNodeEmbed_final_loss=0.16756628453731537 tNodeEmbed_final_accuracy=0.9090909361839294 
node2vec: {'auc': 0.6320660923683199, 'f1_micro': 0.5946691176470589, 'f1_macro': 0.5897056622848003} node2vec_final_loss=0.27179667353630066 node2vec_final_accuracy=0.887445867061615 
