# load graph
Processing Static file: filename='CollegeMsg_20040618_nodes_5_edges_4_component_0.edges'
# initialize tNodeEmbed for dataset=COLLEGE, test_size=0.2
# load dataset
# fit
# tNodeEmbed
Epoch 1/25

1/8 [==>...........................] - ETA: 23s - loss: 0.6948 - accuracy: 0.4375
8/8 [==============================] - ETA: 0s - loss: 0.6941 - accuracy: 0.4589 
8/8 [==============================] - 3s 8ms/step - loss: 0.6941 - accuracy: 0.4589
Epoch 2/25

1/8 [==>...........................] - ETA: 0s - loss: 0.6941 - accuracy: 0.5312
8/8 [==============================] - 0s 7ms/step - loss: 0.6846 - accuracy: 0.5541
Epoch 3/25

1/8 [==>...........................] - ETA: 0s - loss: 0.6761 - accuracy: 0.5312
8/8 [==============================] - 0s 7ms/step - loss: 0.6692 - accuracy: 0.6104
Epoch 4/25

1/8 [==>...........................] - ETA: 0s - loss: 0.6601 - accuracy: 0.5938
8/8 [==============================] - 0s 6ms/step - loss: 0.6463 - accuracy: 0.7229
Epoch 5/25

1/8 [==>...........................] - ETA: 0s - loss: 0.6406 - accuracy: 0.6562
8/8 [==============================] - 0s 7ms/step - loss: 0.6282 - accuracy: 0.7056
Epoch 6/25

1/8 [==>...........................] - ETA: 0s - loss: 0.5850 - accuracy: 0.8438
8/8 [==============================] - 0s 7ms/step - loss: 0.5767 - accuracy: 0.8701
Epoch 7/25

1/8 [==>...........................] - ETA: 0s - loss: 0.5337 - accuracy: 0.8750
8/8 [==============================] - 0s 7ms/step - loss: 0.5172 - accuracy: 0.8745
Epoch 8/25

1/8 [==>...........................] - ETA: 0s - loss: 0.4439 - accuracy: 0.9375
8/8 [==============================] - 0s 7ms/step - loss: 0.4464 - accuracy: 0.8874
Epoch 9/25

1/8 [==>...........................] - ETA: 0s - loss: 0.4389 - accuracy: 0.8438
8/8 [==============================] - 0s 6ms/step - loss: 0.3600 - accuracy: 0.9134
Epoch 10/25

1/8 [==>...........................] - ETA: 0s - loss: 0.3293 - accuracy: 0.8750
8/8 [==============================] - ETA: 0s - loss: 0.2834 - accuracy: 0.9351
8/8 [==============================] - 0s 8ms/step - loss: 0.2834 - accuracy: 0.9351
Epoch 11/25

1/8 [==>...........................] - ETA: 0s - loss: 0.3013 - accuracy: 0.8750
8/8 [==============================] - 0s 7ms/step - loss: 0.2107 - accuracy: 0.9610
Epoch 12/25

1/8 [==>...........................] - ETA: 0s - loss: 0.1613 - accuracy: 0.9375
8/8 [==============================] - 0s 7ms/step - loss: 0.1544 - accuracy: 0.9610
Epoch 13/25

1/8 [==>...........................] - ETA: 0s - loss: 0.0952 - accuracy: 1.0000
8/8 [==============================] - 0s 7ms/step - loss: 0.1068 - accuracy: 0.9870
Epoch 14/25

1/8 [==>...........................] - ETA: 0s - loss: 0.0852 - accuracy: 0.9688
8/8 [==============================] - 0s 7ms/step - loss: 0.0795 - accuracy: 0.9870
Epoch 15/25

1/8 [==>...........................] - ETA: 0s - loss: 0.0445 - accuracy: 1.0000
8/8 [==============================] - 0s 6ms/step - loss: 0.0570 - accuracy: 1.0000
Epoch 16/25

1/8 [==>...........................] - ETA: 0s - loss: 0.0428 - accuracy: 1.0000
8/8 [==============================] - 0s 6ms/step - loss: 0.0360 - accuracy: 1.0000
Epoch 17/25

1/8 [==>...........................] - ETA: 0s - loss: 0.0309 - accuracy: 1.0000
8/8 [==============================] - 0s 7ms/step - loss: 0.0240 - accuracy: 1.0000
Epoch 18/25

1/8 [==>...........................] - ETA: 0s - loss: 0.0168 - accuracy: 1.0000
8/8 [==============================] - 0s 7ms/step - loss: 0.0205 - accuracy: 1.0000
Epoch 19/25

1/8 [==>...........................] - ETA: 0s - loss: 0.0167 - accuracy: 1.0000
8/8 [==============================] - 0s 7ms/step - loss: 0.0146 - accuracy: 1.0000
Epoch 20/25

1/8 [==>...........................] - ETA: 0s - loss: 0.0132 - accuracy: 1.0000
8/8 [==============================] - ETA: 0s - loss: 0.0117 - accuracy: 1.0000
8/8 [==============================] - 0s 8ms/step - loss: 0.0117 - accuracy: 1.0000
Epoch 21/25

1/8 [==>...........................] - ETA: 0s - loss: 0.0111 - accuracy: 1.0000
8/8 [==============================] - ETA: 0s - loss: 0.0092 - accuracy: 1.0000
8/8 [==============================] - 0s 8ms/step - loss: 0.0092 - accuracy: 1.0000
Epoch 22/25

1/8 [==>...........................] - ETA: 0s - loss: 0.0114 - accuracy: 1.0000
8/8 [==============================] - 0s 6ms/step - loss: 0.0080 - accuracy: 1.0000
Epoch 23/25

1/8 [==>...........................] - ETA: 0s - loss: 0.0079 - accuracy: 1.0000
8/8 [==============================] - 0s 7ms/step - loss: 0.0066 - accuracy: 1.0000
Epoch 24/25

1/8 [==>...........................] - ETA: 0s - loss: 0.0064 - accuracy: 1.0000
8/8 [==============================] - 0s 7ms/step - loss: 0.0055 - accuracy: 1.0000
Epoch 25/25

1/8 [==>...........................] - ETA: 0s - loss: 0.0046 - accuracy: 1.0000
8/8 [==============================] - 0s 7ms/step - loss: 0.0052 - accuracy: 1.0000
# node2vec
Epoch 1/25

1/8 [==>...........................] - ETA: 5s - loss: 0.7192 - accuracy: 0.4062
8/8 [==============================] - 1s 6ms/step - loss: 0.6952 - accuracy: 0.5022
Epoch 2/25

1/8 [==>...........................] - ETA: 0s - loss: 0.6736 - accuracy: 0.5938
8/8 [==============================] - 0s 4ms/step - loss: 0.6450 - accuracy: 0.6494
Epoch 3/25

1/8 [==>...........................] - ETA: 0s - loss: 0.6506 - accuracy: 0.6250
8/8 [==============================] - 0s 4ms/step - loss: 0.6038 - accuracy: 0.7316
Epoch 4/25

1/8 [==>...........................] - ETA: 0s - loss: 0.5558 - accuracy: 0.8438
8/8 [==============================] - 0s 4ms/step - loss: 0.5484 - accuracy: 0.8485
Epoch 5/25

1/8 [==>...........................] - ETA: 0s - loss: 0.5390 - accuracy: 0.8438
8/8 [==============================] - 0s 4ms/step - loss: 0.5192 - accuracy: 0.8745
Epoch 6/25

1/8 [==>...........................] - ETA: 0s - loss: 0.4934 - accuracy: 0.8750
8/8 [==============================] - 0s 4ms/step - loss: 0.4776 - accuracy: 0.9091
Epoch 7/25

1/8 [==>...........................] - ETA: 0s - loss: 0.4740 - accuracy: 0.9375
8/8 [==============================] - 0s 4ms/step - loss: 0.4554 - accuracy: 0.9437
Epoch 8/25

1/8 [==>...........................] - ETA: 0s - loss: 0.4163 - accuracy: 0.9375
8/8 [==============================] - 0s 4ms/step - loss: 0.4141 - accuracy: 0.9437
Epoch 9/25

1/8 [==>...........................] - ETA: 0s - loss: 0.3641 - accuracy: 0.9688
8/8 [==============================] - 0s 4ms/step - loss: 0.3784 - accuracy: 0.9567
Epoch 10/25

1/8 [==>...........................] - ETA: 0s - loss: 0.3220 - accuracy: 0.9688
8/8 [==============================] - 0s 4ms/step - loss: 0.3411 - accuracy: 0.9697
Epoch 11/25

1/8 [==>...........................] - ETA: 0s - loss: 0.3222 - accuracy: 0.9688
8/8 [==============================] - 0s 4ms/step - loss: 0.3198 - accuracy: 0.9740
Epoch 12/25

1/8 [==>...........................] - ETA: 0s - loss: 0.2903 - accuracy: 1.0000
8/8 [==============================] - 0s 4ms/step - loss: 0.2954 - accuracy: 0.9740
Epoch 13/25

1/8 [==>...........................] - ETA: 0s - loss: 0.2408 - accuracy: 1.0000
8/8 [==============================] - 0s 4ms/step - loss: 0.2568 - accuracy: 0.9957
Epoch 14/25

1/8 [==>...........................] - ETA: 0s - loss: 0.2249 - accuracy: 1.0000
8/8 [==============================] - 0s 4ms/step - loss: 0.2302 - accuracy: 0.9957
Epoch 15/25

1/8 [==>...........................] - ETA: 0s - loss: 0.2236 - accuracy: 1.0000
8/8 [==============================] - 0s 4ms/step - loss: 0.2103 - accuracy: 1.0000
Epoch 16/25

1/8 [==>...........................] - ETA: 0s - loss: 0.2006 - accuracy: 1.0000
8/8 [==============================] - 0s 4ms/step - loss: 0.1900 - accuracy: 1.0000
Epoch 17/25

1/8 [==>...........................] - ETA: 0s - loss: 0.1875 - accuracy: 1.0000
8/8 [==============================] - 0s 4ms/step - loss: 0.1759 - accuracy: 1.0000
Epoch 18/25

1/8 [==>...........................] - ETA: 0s - loss: 0.1212 - accuracy: 1.0000
8/8 [==============================] - 0s 4ms/step - loss: 0.1590 - accuracy: 1.0000
Epoch 19/25

1/8 [==>...........................] - ETA: 0s - loss: 0.1457 - accuracy: 1.0000
8/8 [==============================] - 0s 4ms/step - loss: 0.1419 - accuracy: 1.0000
Epoch 20/25

1/8 [==>...........................] - ETA: 0s - loss: 0.1390 - accuracy: 1.0000
8/8 [==============================] - 0s 5ms/step - loss: 0.1242 - accuracy: 1.0000
Epoch 21/25

1/8 [==>...........................] - ETA: 0s - loss: 0.1428 - accuracy: 1.0000
8/8 [==============================] - 0s 5ms/step - loss: 0.1199 - accuracy: 1.0000
Epoch 22/25

1/8 [==>...........................] - ETA: 0s - loss: 0.0940 - accuracy: 1.0000
8/8 [==============================] - 0s 5ms/step - loss: 0.1026 - accuracy: 1.0000
Epoch 23/25

1/8 [==>...........................] - ETA: 0s - loss: 0.1048 - accuracy: 1.0000
8/8 [==============================] - 0s 5ms/step - loss: 0.0946 - accuracy: 1.0000
Epoch 24/25

1/8 [==>...........................] - ETA: 0s - loss: 0.0783 - accuracy: 1.0000
8/8 [==============================] - 0s 6ms/step - loss: 0.0886 - accuracy: 1.0000
Epoch 25/25

1/8 [==>...........................] - ETA: 0s - loss: 0.0786 - accuracy: 1.0000
8/8 [==============================] - 0s 5ms/step - loss: 0.0788 - accuracy: 1.0000
# predict: steps=102
# predict: tnodeembed_metrics
# predict: node2vec_metrics
tnodeembed: {'auc': 0.6044330530925606, 'f1_micro': 0.5719975490196079, 'f1_macro': 0.5718759879072408} tNodeEmbed_final_loss=0.005168892443180084 tNodeEmbed_final_accuracy=1.0 
node2vec: {'auc': 0.597489547289504, 'f1_micro': 0.571078431372549, 'f1_macro': 0.571078270331074} node2vec_final_loss=0.07876234501600266 node2vec_final_accuracy=1.0 
