# load graph
Processing Static file: filename='CollegeMsg_20040603_nodes_277_edges_350_component_0.edges'
# initialize tNodeEmbed for dataset=COLLEGE, test_size=0.2
# load dataset
# fit
# tNodeEmbed
Epoch 1/25

1/8 [==>...........................] - ETA: 23s - loss: 0.6933 - accuracy: 0.4688
8/8 [==============================] - ETA: 0s - loss: 0.6913 - accuracy: 0.5065 
8/8 [==============================] - 3s 8ms/step - loss: 0.6913 - accuracy: 0.5065
Epoch 2/25

1/8 [==>...........................] - ETA: 0s - loss: 0.6875 - accuracy: 0.5938
8/8 [==============================] - 0s 6ms/step - loss: 0.6828 - accuracy: 0.6104
Epoch 3/25

1/8 [==>...........................] - ETA: 0s - loss: 0.6742 - accuracy: 0.6250
8/8 [==============================] - 0s 6ms/step - loss: 0.6640 - accuracy: 0.6710
Epoch 4/25

1/8 [==>...........................] - ETA: 0s - loss: 0.6499 - accuracy: 0.7812
8/8 [==============================] - ETA: 0s - loss: 0.6450 - accuracy: 0.7835
8/8 [==============================] - 0s 8ms/step - loss: 0.6450 - accuracy: 0.7835
Epoch 5/25

1/8 [==>...........................] - ETA: 0s - loss: 0.6228 - accuracy: 0.9688
8/8 [==============================] - 0s 7ms/step - loss: 0.6127 - accuracy: 0.8788
Epoch 6/25

1/8 [==>...........................] - ETA: 0s - loss: 0.5837 - accuracy: 0.8750
8/8 [==============================] - 0s 6ms/step - loss: 0.5622 - accuracy: 0.8528
Epoch 7/25

1/8 [==>...........................] - ETA: 0s - loss: 0.5459 - accuracy: 0.7188
8/8 [==============================] - 0s 6ms/step - loss: 0.4948 - accuracy: 0.8918
Epoch 8/25

1/8 [==>...........................] - ETA: 0s - loss: 0.4864 - accuracy: 0.9062
8/8 [==============================] - 0s 7ms/step - loss: 0.4212 - accuracy: 0.8961
Epoch 9/25

1/8 [==>...........................] - ETA: 0s - loss: 0.3507 - accuracy: 0.8750
8/8 [==============================] - 0s 7ms/step - loss: 0.3470 - accuracy: 0.9177
Epoch 10/25

1/8 [==>...........................] - ETA: 0s - loss: 0.2752 - accuracy: 0.9375
8/8 [==============================] - 0s 7ms/step - loss: 0.2617 - accuracy: 0.9437
Epoch 11/25

1/8 [==>...........................] - ETA: 0s - loss: 0.2092 - accuracy: 0.9688
8/8 [==============================] - 0s 6ms/step - loss: 0.2046 - accuracy: 0.9567
Epoch 12/25

1/8 [==>...........................] - ETA: 0s - loss: 0.2157 - accuracy: 0.9375
8/8 [==============================] - 0s 6ms/step - loss: 0.1462 - accuracy: 0.9740
Epoch 13/25

1/8 [==>...........................] - ETA: 0s - loss: 0.1048 - accuracy: 1.0000
8/8 [==============================] - ETA: 0s - loss: 0.1162 - accuracy: 0.9697
8/8 [==============================] - 0s 8ms/step - loss: 0.1162 - accuracy: 0.9697
Epoch 14/25

1/8 [==>...........................] - ETA: 0s - loss: 0.0659 - accuracy: 1.0000
8/8 [==============================] - 0s 7ms/step - loss: 0.0668 - accuracy: 0.9957
Epoch 15/25

1/8 [==>...........................] - ETA: 0s - loss: 0.0772 - accuracy: 0.9688
8/8 [==============================] - 0s 6ms/step - loss: 0.0504 - accuracy: 0.9913
Epoch 16/25

1/8 [==>...........................] - ETA: 0s - loss: 0.0397 - accuracy: 1.0000
8/8 [==============================] - 0s 7ms/step - loss: 0.0408 - accuracy: 0.9913
Epoch 17/25

1/8 [==>...........................] - ETA: 0s - loss: 0.0249 - accuracy: 1.0000
8/8 [==============================] - 0s 7ms/step - loss: 0.0239 - accuracy: 1.0000
Epoch 18/25

1/8 [==>...........................] - ETA: 0s - loss: 0.0163 - accuracy: 1.0000
8/8 [==============================] - 0s 7ms/step - loss: 0.0196 - accuracy: 0.9957
Epoch 19/25

1/8 [==>...........................] - ETA: 0s - loss: 0.0154 - accuracy: 1.0000
8/8 [==============================] - 0s 7ms/step - loss: 0.0172 - accuracy: 0.9957
Epoch 20/25

1/8 [==>...........................] - ETA: 0s - loss: 0.0115 - accuracy: 1.0000
8/8 [==============================] - 0s 7ms/step - loss: 0.0130 - accuracy: 0.9957
Epoch 21/25

1/8 [==>...........................] - ETA: 0s - loss: 0.0070 - accuracy: 1.0000
8/8 [==============================] - 0s 7ms/step - loss: 0.0114 - accuracy: 0.9957
Epoch 22/25

1/8 [==>...........................] - ETA: 0s - loss: 0.0083 - accuracy: 1.0000
8/8 [==============================] - 0s 6ms/step - loss: 0.0127 - accuracy: 0.9957
Epoch 23/25

1/8 [==>...........................] - ETA: 0s - loss: 0.0097 - accuracy: 1.0000
8/8 [==============================] - 0s 6ms/step - loss: 0.0063 - accuracy: 1.0000
Epoch 24/25

1/8 [==>...........................] - ETA: 0s - loss: 0.0050 - accuracy: 1.0000
8/8 [==============================] - 0s 7ms/step - loss: 0.0076 - accuracy: 1.0000
Epoch 25/25

1/8 [==>...........................] - ETA: 0s - loss: 0.0056 - accuracy: 1.0000
8/8 [==============================] - 0s 7ms/step - loss: 0.0093 - accuracy: 1.0000
# node2vec
Epoch 1/25

1/8 [==>...........................] - ETA: 6s - loss: 0.6785 - accuracy: 0.5938
8/8 [==============================] - 1s 5ms/step - loss: 0.6859 - accuracy: 0.5498
Epoch 2/25

1/8 [==>...........................] - ETA: 0s - loss: 0.6494 - accuracy: 0.5938
8/8 [==============================] - 0s 5ms/step - loss: 0.6330 - accuracy: 0.6710
Epoch 3/25

1/8 [==>...........................] - ETA: 0s - loss: 0.5564 - accuracy: 0.8125
8/8 [==============================] - 0s 4ms/step - loss: 0.5784 - accuracy: 0.8009
Epoch 4/25

1/8 [==>...........................] - ETA: 0s - loss: 0.5153 - accuracy: 0.9062
8/8 [==============================] - 0s 3ms/step - loss: 0.5331 - accuracy: 0.8874
Epoch 5/25

1/8 [==>...........................] - ETA: 0s - loss: 0.4905 - accuracy: 0.8750
8/8 [==============================] - 0s 5ms/step - loss: 0.4835 - accuracy: 0.9351
Epoch 6/25

1/8 [==>...........................] - ETA: 0s - loss: 0.4358 - accuracy: 0.9062
8/8 [==============================] - 0s 5ms/step - loss: 0.4551 - accuracy: 0.9307
Epoch 7/25

1/8 [==>...........................] - ETA: 0s - loss: 0.4200 - accuracy: 0.9062
8/8 [==============================] - 0s 4ms/step - loss: 0.4098 - accuracy: 0.9610
Epoch 8/25

1/8 [==>...........................] - ETA: 0s - loss: 0.4350 - accuracy: 0.9688
8/8 [==============================] - 0s 5ms/step - loss: 0.3764 - accuracy: 0.9654
Epoch 9/25

1/8 [==>...........................] - ETA: 0s - loss: 0.3755 - accuracy: 0.9375
8/8 [==============================] - 0s 4ms/step - loss: 0.3493 - accuracy: 0.9784
Epoch 10/25

1/8 [==>...........................] - ETA: 0s - loss: 0.3041 - accuracy: 1.0000
8/8 [==============================] - 0s 4ms/step - loss: 0.3169 - accuracy: 0.9697
Epoch 11/25

1/8 [==>...........................] - ETA: 0s - loss: 0.2724 - accuracy: 1.0000
8/8 [==============================] - 0s 4ms/step - loss: 0.2917 - accuracy: 0.9740
Epoch 12/25

1/8 [==>...........................] - ETA: 0s - loss: 0.2846 - accuracy: 0.9688
8/8 [==============================] - 0s 4ms/step - loss: 0.2666 - accuracy: 0.9697
Epoch 13/25

1/8 [==>...........................] - ETA: 0s - loss: 0.3204 - accuracy: 0.9688
8/8 [==============================] - 0s 6ms/step - loss: 0.2401 - accuracy: 0.9870
Epoch 14/25

1/8 [==>...........................] - ETA: 0s - loss: 0.1939 - accuracy: 0.9688
8/8 [==============================] - 0s 6ms/step - loss: 0.2180 - accuracy: 0.9870
Epoch 15/25

1/8 [==>...........................] - ETA: 0s - loss: 0.1745 - accuracy: 1.0000
8/8 [==============================] - 0s 5ms/step - loss: 0.2048 - accuracy: 0.9827
Epoch 16/25

1/8 [==>...........................] - ETA: 0s - loss: 0.2256 - accuracy: 0.9688
8/8 [==============================] - 0s 4ms/step - loss: 0.1853 - accuracy: 0.9827
Epoch 17/25

1/8 [==>...........................] - ETA: 0s - loss: 0.1806 - accuracy: 1.0000
8/8 [==============================] - 0s 4ms/step - loss: 0.1594 - accuracy: 0.9913
Epoch 18/25

1/8 [==>...........................] - ETA: 0s - loss: 0.2129 - accuracy: 0.9375
8/8 [==============================] - 0s 6ms/step - loss: 0.1600 - accuracy: 0.9827
Epoch 19/25

1/8 [==>...........................] - ETA: 0s - loss: 0.1470 - accuracy: 1.0000
8/8 [==============================] - 0s 5ms/step - loss: 0.1321 - accuracy: 0.9913
Epoch 20/25

1/8 [==>...........................] - ETA: 0s - loss: 0.1337 - accuracy: 1.0000
8/8 [==============================] - 0s 5ms/step - loss: 0.1281 - accuracy: 0.9913
Epoch 21/25

1/8 [==>...........................] - ETA: 0s - loss: 0.1301 - accuracy: 0.9688
8/8 [==============================] - 0s 4ms/step - loss: 0.1132 - accuracy: 0.9913
Epoch 22/25

1/8 [==>...........................] - ETA: 0s - loss: 0.1079 - accuracy: 1.0000
8/8 [==============================] - 0s 5ms/step - loss: 0.1080 - accuracy: 0.9957
Epoch 23/25

1/8 [==>...........................] - ETA: 0s - loss: 0.1299 - accuracy: 0.9688
8/8 [==============================] - 0s 6ms/step - loss: 0.0930 - accuracy: 0.9957
Epoch 24/25

1/8 [==>...........................] - ETA: 0s - loss: 0.0947 - accuracy: 1.0000
8/8 [==============================] - 0s 7ms/step - loss: 0.0928 - accuracy: 0.9957
Epoch 25/25

1/8 [==>...........................] - ETA: 0s - loss: 0.0781 - accuracy: 1.0000
8/8 [==============================] - 0s 7ms/step - loss: 0.0806 - accuracy: 1.0000
# predict: steps=102
# predict: tnodeembed_metrics
# predict: node2vec_metrics
tnodeembed: {'auc': 0.5907403402537486, 'f1_micro': 0.5603553921568627, 'f1_macro': 0.5602394429684588} tNodeEmbed_final_loss=0.009286238811910152 tNodeEmbed_final_accuracy=1.0 
node2vec: {'auc': 0.6083085156550365, 'f1_micro': 0.5793504901960784, 'f1_macro': 0.5793362360237428} node2vec_final_loss=0.08061273396015167 node2vec_final_accuracy=1.0 
