# load graph
Processing Static file: filename='CollegeMsg_20040528_nodes_325_edges_434_component_0.edges'
# initialize tNodeEmbed for dataset=COLLEGE, test_size=0.2
# load dataset
# fit
# tNodeEmbed
Epoch 1/25

1/8 [==>...........................] - ETA: 9s - loss: 0.6961 - accuracy: 0.4688
8/8 [==============================] - 1s 4ms/step - loss: 0.6916 - accuracy: 0.5238
Epoch 2/25

1/8 [==>...........................] - ETA: 0s - loss: 0.6813 - accuracy: 0.6562
8/8 [==============================] - 0s 4ms/step - loss: 0.6771 - accuracy: 0.7056
Epoch 3/25

1/8 [==>...........................] - ETA: 0s - loss: 0.6527 - accuracy: 0.8438
8/8 [==============================] - 0s 4ms/step - loss: 0.6581 - accuracy: 0.7922
Epoch 4/25

1/8 [==>...........................] - ETA: 0s - loss: 0.6412 - accuracy: 0.9375
8/8 [==============================] - 0s 4ms/step - loss: 0.6316 - accuracy: 0.8571
Epoch 5/25

1/8 [==>...........................] - ETA: 0s - loss: 0.6147 - accuracy: 0.8125
8/8 [==============================] - 0s 3ms/step - loss: 0.5910 - accuracy: 0.8571
Epoch 6/25

1/8 [==>...........................] - ETA: 0s - loss: 0.5571 - accuracy: 0.8438
8/8 [==============================] - 0s 4ms/step - loss: 0.5316 - accuracy: 0.8225
Epoch 7/25

1/8 [==>...........................] - ETA: 0s - loss: 0.5090 - accuracy: 0.7500
8/8 [==============================] - 0s 3ms/step - loss: 0.4628 - accuracy: 0.8442
Epoch 8/25

1/8 [==>...........................] - ETA: 0s - loss: 0.3739 - accuracy: 0.9375
8/8 [==============================] - 0s 3ms/step - loss: 0.3774 - accuracy: 0.9264
Epoch 9/25

1/8 [==>...........................] - ETA: 0s - loss: 0.3326 - accuracy: 0.8750
8/8 [==============================] - 0s 3ms/step - loss: 0.3195 - accuracy: 0.8745
Epoch 10/25

1/8 [==>...........................] - ETA: 0s - loss: 0.3149 - accuracy: 0.9062
8/8 [==============================] - 0s 3ms/step - loss: 0.2697 - accuracy: 0.9221
Epoch 11/25

1/8 [==>...........................] - ETA: 0s - loss: 0.2240 - accuracy: 0.9688
8/8 [==============================] - 0s 3ms/step - loss: 0.2107 - accuracy: 0.9351
Epoch 12/25

1/8 [==>...........................] - ETA: 0s - loss: 0.1681 - accuracy: 0.9688
8/8 [==============================] - 0s 3ms/step - loss: 0.1630 - accuracy: 0.9567
Epoch 13/25

1/8 [==>...........................] - ETA: 0s - loss: 0.1286 - accuracy: 0.9688
8/8 [==============================] - 0s 3ms/step - loss: 0.1312 - accuracy: 0.9784
Epoch 14/25

1/8 [==>...........................] - ETA: 0s - loss: 0.1160 - accuracy: 0.9688
8/8 [==============================] - 0s 3ms/step - loss: 0.0951 - accuracy: 0.9827
Epoch 15/25

1/8 [==>...........................] - ETA: 0s - loss: 0.0801 - accuracy: 1.0000
8/8 [==============================] - 0s 3ms/step - loss: 0.0737 - accuracy: 0.9870
Epoch 16/25

1/8 [==>...........................] - ETA: 0s - loss: 0.0534 - accuracy: 1.0000
8/8 [==============================] - 0s 3ms/step - loss: 0.0547 - accuracy: 0.9913
Epoch 17/25

1/8 [==>...........................] - ETA: 0s - loss: 0.0555 - accuracy: 1.0000
8/8 [==============================] - 0s 3ms/step - loss: 0.0370 - accuracy: 0.9957
Epoch 18/25

1/8 [==>...........................] - ETA: 0s - loss: 0.0595 - accuracy: 0.9688
8/8 [==============================] - 0s 3ms/step - loss: 0.0346 - accuracy: 0.9913
Epoch 19/25

1/8 [==>...........................] - ETA: 0s - loss: 0.0438 - accuracy: 0.9688
8/8 [==============================] - 0s 3ms/step - loss: 0.0277 - accuracy: 0.9913
Epoch 20/25

1/8 [==>...........................] - ETA: 0s - loss: 0.0462 - accuracy: 0.9688
8/8 [==============================] - 0s 3ms/step - loss: 0.0275 - accuracy: 0.9870
Epoch 21/25

1/8 [==>...........................] - ETA: 0s - loss: 0.0296 - accuracy: 1.0000
8/8 [==============================] - 0s 3ms/step - loss: 0.0183 - accuracy: 0.9957
Epoch 22/25

1/8 [==>...........................] - ETA: 0s - loss: 0.0098 - accuracy: 1.0000
8/8 [==============================] - 0s 3ms/step - loss: 0.0183 - accuracy: 0.9913
Epoch 23/25

1/8 [==>...........................] - ETA: 0s - loss: 0.0266 - accuracy: 1.0000
8/8 [==============================] - 0s 3ms/step - loss: 0.0175 - accuracy: 0.9913
Epoch 24/25

1/8 [==>...........................] - ETA: 0s - loss: 0.0262 - accuracy: 1.0000
8/8 [==============================] - 0s 3ms/step - loss: 0.0161 - accuracy: 0.9913
Epoch 25/25

1/8 [==>...........................] - ETA: 0s - loss: 0.0040 - accuracy: 1.0000
8/8 [==============================] - 0s 3ms/step - loss: 0.0146 - accuracy: 0.9913
# node2vec
Epoch 1/25

1/8 [==>...........................] - ETA: 2s - loss: 0.6919 - accuracy: 0.5625
8/8 [==============================] - 0s 2ms/step - loss: 0.6901 - accuracy: 0.5312
Epoch 2/25

1/8 [==>...........................] - ETA: 0s - loss: 0.6366 - accuracy: 0.6875
8/8 [==============================] - 0s 2ms/step - loss: 0.6329 - accuracy: 0.7379
Epoch 3/25

1/8 [==>...........................] - ETA: 0s - loss: 0.6278 - accuracy: 0.7188
8/8 [==============================] - 0s 2ms/step - loss: 0.5893 - accuracy: 0.7662
Epoch 4/25

1/8 [==>...........................] - ETA: 0s - loss: 0.5206 - accuracy: 0.9688
8/8 [==============================] - 0s 2ms/step - loss: 0.5382 - accuracy: 0.8874
Epoch 5/25

1/8 [==>...........................] - ETA: 0s - loss: 0.4990 - accuracy: 0.9062
8/8 [==============================] - 0s 2ms/step - loss: 0.5088 - accuracy: 0.8874
Epoch 6/25

1/8 [==>...........................] - ETA: 0s - loss: 0.4970 - accuracy: 0.7812
8/8 [==============================] - 0s 2ms/step - loss: 0.4712 - accuracy: 0.8528
Epoch 7/25

1/8 [==>...........................] - ETA: 0s - loss: 0.4493 - accuracy: 0.8438
8/8 [==============================] - 0s 2ms/step - loss: 0.4426 - accuracy: 0.8961
Epoch 8/25

1/8 [==>...........................] - ETA: 0s - loss: 0.3792 - accuracy: 0.9375
8/8 [==============================] - 0s 2ms/step - loss: 0.4074 - accuracy: 0.9307
Epoch 9/25

1/8 [==>...........................] - ETA: 0s - loss: 0.3572 - accuracy: 0.9688
8/8 [==============================] - 0s 2ms/step - loss: 0.3656 - accuracy: 0.9481
Epoch 10/25

1/8 [==>...........................] - ETA: 0s - loss: 0.3124 - accuracy: 1.0000
8/8 [==============================] - 0s 2ms/step - loss: 0.3559 - accuracy: 0.9307
Epoch 11/25

1/8 [==>...........................] - ETA: 0s - loss: 0.3522 - accuracy: 0.8750
8/8 [==============================] - 0s 2ms/step - loss: 0.3262 - accuracy: 0.9394
Epoch 12/25

1/8 [==>...........................] - ETA: 0s - loss: 0.3732 - accuracy: 0.8750
8/8 [==============================] - 0s 2ms/step - loss: 0.2913 - accuracy: 0.9481
Epoch 13/25

1/8 [==>...........................] - ETA: 0s - loss: 0.2920 - accuracy: 0.9062
8/8 [==============================] - 0s 2ms/step - loss: 0.2725 - accuracy: 0.9437
Epoch 14/25

1/8 [==>...........................] - ETA: 0s - loss: 0.2686 - accuracy: 0.9688
8/8 [==============================] - 0s 2ms/step - loss: 0.2644 - accuracy: 0.9654
Epoch 15/25

1/8 [==>...........................] - ETA: 0s - loss: 0.1682 - accuracy: 1.0000
8/8 [==============================] - 0s 2ms/step - loss: 0.2179 - accuracy: 0.9740
Epoch 16/25

1/8 [==>...........................] - ETA: 0s - loss: 0.2277 - accuracy: 0.9688
8/8 [==============================] - 0s 2ms/step - loss: 0.2163 - accuracy: 0.9654
Epoch 17/25

1/8 [==>...........................] - ETA: 0s - loss: 0.1623 - accuracy: 1.0000
8/8 [==============================] - 0s 2ms/step - loss: 0.1998 - accuracy: 0.9827
Epoch 18/25

1/8 [==>...........................] - ETA: 0s - loss: 0.2190 - accuracy: 0.9688
8/8 [==============================] - 0s 2ms/step - loss: 0.1827 - accuracy: 0.9740
Epoch 19/25

1/8 [==>...........................] - ETA: 0s - loss: 0.1869 - accuracy: 1.0000
8/8 [==============================] - 0s 2ms/step - loss: 0.1636 - accuracy: 0.9913
Epoch 20/25

1/8 [==>...........................] - ETA: 0s - loss: 0.1616 - accuracy: 1.0000
8/8 [==============================] - 0s 2ms/step - loss: 0.1449 - accuracy: 0.9913
Epoch 21/25

1/8 [==>...........................] - ETA: 0s - loss: 0.1763 - accuracy: 0.9688
8/8 [==============================] - 0s 2ms/step - loss: 0.1386 - accuracy: 0.9913
Epoch 22/25

1/8 [==>...........................] - ETA: 0s - loss: 0.1147 - accuracy: 1.0000
8/8 [==============================] - 0s 2ms/step - loss: 0.1416 - accuracy: 0.9870
Epoch 23/25

1/8 [==>...........................] - ETA: 0s - loss: 0.1210 - accuracy: 1.0000
8/8 [==============================] - 0s 2ms/step - loss: 0.1080 - accuracy: 0.9957
Epoch 24/25

1/8 [==>...........................] - ETA: 0s - loss: 0.1158 - accuracy: 0.9688
8/8 [==============================] - 0s 2ms/step - loss: 0.1089 - accuracy: 0.9913
Epoch 25/25

1/8 [==>...........................] - ETA: 0s - loss: 0.1105 - accuracy: 0.9688
8/8 [==============================] - 0s 2ms/step - loss: 0.1042 - accuracy: 0.9913
# predict: steps=102
# predict: tnodeembed_metrics
# predict: node2vec_metrics
tnodeembed: {'auc': 0.6240711204825068, 'f1_micro': 0.5903799019607843, 'f1_macro': 0.5903660215322244} tNodeEmbed_final_loss=0.014609898440539837 tNodeEmbed_final_accuracy=0.9913420081138611 
node2vec: {'auc': 0.6223186770112457, 'f1_micro': 0.609375, 'f1_macro': 0.6088012572956131} node2vec_final_loss=0.10422270745038986 node2vec_final_accuracy=0.9913420081138611 
