# load graph
Processing Static file: filename='CollegeMsg_20040520_nodes_384_edges_601_component_0.edges'
# initialize tNodeEmbed for dataset=COLLEGE, test_size=0.2
# load dataset
# fit
# tNodeEmbed
Epoch 1/25

1/8 [==>...........................] - ETA: 24s - loss: 0.6931 - accuracy: 0.4688
8/8 [==============================] - ETA: 0s - loss: 0.6917 - accuracy: 0.5498 
8/8 [==============================] - 4s 8ms/step - loss: 0.6917 - accuracy: 0.5498
Epoch 2/25

1/8 [==>...........................] - ETA: 0s - loss: 0.6812 - accuracy: 0.6875
8/8 [==============================] - 0s 7ms/step - loss: 0.6765 - accuracy: 0.6970
Epoch 3/25

1/8 [==>...........................] - ETA: 0s - loss: 0.6580 - accuracy: 0.7188
8/8 [==============================] - 0s 6ms/step - loss: 0.6650 - accuracy: 0.6710
Epoch 4/25

1/8 [==>...........................] - ETA: 0s - loss: 0.6335 - accuracy: 0.8125
8/8 [==============================] - 0s 6ms/step - loss: 0.6298 - accuracy: 0.7922
Epoch 5/25

1/8 [==>...........................] - ETA: 0s - loss: 0.6142 - accuracy: 0.7188
8/8 [==============================] - 0s 7ms/step - loss: 0.5969 - accuracy: 0.7576
Epoch 6/25

1/8 [==>...........................] - ETA: 0s - loss: 0.5627 - accuracy: 0.7812
8/8 [==============================] - 0s 6ms/step - loss: 0.5303 - accuracy: 0.7792
Epoch 7/25

1/8 [==>...........................] - ETA: 0s - loss: 0.4855 - accuracy: 0.8438
8/8 [==============================] - 0s 6ms/step - loss: 0.4807 - accuracy: 0.7965
Epoch 8/25

1/8 [==>...........................] - ETA: 0s - loss: 0.5181 - accuracy: 0.7188
8/8 [==============================] - 0s 7ms/step - loss: 0.3957 - accuracy: 0.8442
Epoch 9/25

1/8 [==>...........................] - ETA: 0s - loss: 0.3255 - accuracy: 0.8438
8/8 [==============================] - 0s 7ms/step - loss: 0.3515 - accuracy: 0.8442
Epoch 10/25

1/8 [==>...........................] - ETA: 0s - loss: 0.2585 - accuracy: 0.9062
8/8 [==============================] - 0s 6ms/step - loss: 0.2660 - accuracy: 0.9091
Epoch 11/25

1/8 [==>...........................] - ETA: 0s - loss: 0.2742 - accuracy: 0.9375
8/8 [==============================] - 0s 6ms/step - loss: 0.2288 - accuracy: 0.9264
Epoch 12/25

1/8 [==>...........................] - ETA: 0s - loss: 0.1891 - accuracy: 0.9688
8/8 [==============================] - 0s 5ms/step - loss: 0.1868 - accuracy: 0.9221
Epoch 13/25

1/8 [==>...........................] - ETA: 0s - loss: 0.1561 - accuracy: 0.9375
8/8 [==============================] - 0s 5ms/step - loss: 0.1413 - accuracy: 0.9437
Epoch 14/25

1/8 [==>...........................] - ETA: 0s - loss: 0.1236 - accuracy: 0.9375
8/8 [==============================] - 0s 6ms/step - loss: 0.1183 - accuracy: 0.9524
Epoch 15/25

1/8 [==>...........................] - ETA: 0s - loss: 0.1086 - accuracy: 0.9062
8/8 [==============================] - ETA: 0s - loss: 0.1101 - accuracy: 0.9524
8/8 [==============================] - 0s 8ms/step - loss: 0.1101 - accuracy: 0.9524
Epoch 16/25

1/8 [==>...........................] - ETA: 0s - loss: 0.0603 - accuracy: 0.9688
8/8 [==============================] - 0s 7ms/step - loss: 0.0767 - accuracy: 0.9827
Epoch 17/25

1/8 [==>...........................] - ETA: 0s - loss: 0.0483 - accuracy: 0.9688
8/8 [==============================] - 0s 6ms/step - loss: 0.0740 - accuracy: 0.9740
Epoch 18/25

1/8 [==>...........................] - ETA: 0s - loss: 0.0605 - accuracy: 1.0000
8/8 [==============================] - 0s 6ms/step - loss: 0.0660 - accuracy: 0.9697
Epoch 19/25

1/8 [==>...........................] - ETA: 0s - loss: 0.0528 - accuracy: 0.9688
8/8 [==============================] - 0s 6ms/step - loss: 0.0682 - accuracy: 0.9740
Epoch 20/25

1/8 [==>...........................] - ETA: 0s - loss: 0.0386 - accuracy: 0.9688
8/8 [==============================] - 0s 5ms/step - loss: 0.0514 - accuracy: 0.9827
Epoch 21/25

1/8 [==>...........................] - ETA: 0s - loss: 0.0721 - accuracy: 0.9688
8/8 [==============================] - 0s 6ms/step - loss: 0.0462 - accuracy: 0.9784
Epoch 22/25

1/8 [==>...........................] - ETA: 0s - loss: 0.0637 - accuracy: 0.9375
8/8 [==============================] - 0s 7ms/step - loss: 0.0591 - accuracy: 0.9697
Epoch 23/25

1/8 [==>...........................] - ETA: 0s - loss: 0.0376 - accuracy: 0.9688
8/8 [==============================] - ETA: 0s - loss: 0.0410 - accuracy: 0.9870
8/8 [==============================] - 0s 8ms/step - loss: 0.0410 - accuracy: 0.9870
Epoch 24/25

1/8 [==>...........................] - ETA: 0s - loss: 0.0091 - accuracy: 1.0000
8/8 [==============================] - 0s 7ms/step - loss: 0.0473 - accuracy: 0.9740
Epoch 25/25

1/8 [==>...........................] - ETA: 0s - loss: 0.0229 - accuracy: 1.0000
8/8 [==============================] - 0s 6ms/step - loss: 0.0422 - accuracy: 0.9827
# node2vec
Epoch 1/25

1/8 [==>...........................] - ETA: 8s - loss: 0.7052 - accuracy: 0.4688
8/8 [==============================] - ETA: 0s - loss: 0.7207 - accuracy: 0.4545
8/8 [==============================] - 1s 8ms/step - loss: 0.7207 - accuracy: 0.4545
Epoch 2/25

1/8 [==>...........................] - ETA: 0s - loss: 0.6637 - accuracy: 0.5625
8/8 [==============================] - 0s 7ms/step - loss: 0.6560 - accuracy: 0.6667
Epoch 3/25

1/8 [==>...........................] - ETA: 0s - loss: 0.6017 - accuracy: 0.8125
8/8 [==============================] - 0s 5ms/step - loss: 0.6038 - accuracy: 0.7706
Epoch 4/25

1/8 [==>...........................] - ETA: 0s - loss: 0.5250 - accuracy: 0.9062
8/8 [==============================] - 0s 5ms/step - loss: 0.5525 - accuracy: 0.8571
Epoch 5/25

1/8 [==>...........................] - ETA: 0s - loss: 0.5586 - accuracy: 0.7812
8/8 [==============================] - 0s 4ms/step - loss: 0.5205 - accuracy: 0.8615
Epoch 6/25

1/8 [==>...........................] - ETA: 0s - loss: 0.4527 - accuracy: 0.9375
8/8 [==============================] - 0s 4ms/step - loss: 0.4787 - accuracy: 0.8528
Epoch 7/25

1/8 [==>...........................] - ETA: 0s - loss: 0.4842 - accuracy: 0.7812
8/8 [==============================] - 0s 5ms/step - loss: 0.4572 - accuracy: 0.8485
Epoch 8/25

1/8 [==>...........................] - ETA: 0s - loss: 0.4879 - accuracy: 0.7500
8/8 [==============================] - 0s 4ms/step - loss: 0.4215 - accuracy: 0.8788
Epoch 9/25

1/8 [==>...........................] - ETA: 0s - loss: 0.3587 - accuracy: 0.9375
8/8 [==============================] - 0s 4ms/step - loss: 0.3784 - accuracy: 0.9134
Epoch 10/25

1/8 [==>...........................] - ETA: 0s - loss: 0.4153 - accuracy: 0.9062
8/8 [==============================] - 0s 4ms/step - loss: 0.3545 - accuracy: 0.9177
Epoch 11/25

1/8 [==>...........................] - ETA: 0s - loss: 0.3466 - accuracy: 0.8750
8/8 [==============================] - 0s 4ms/step - loss: 0.3350 - accuracy: 0.9134
Epoch 12/25

1/8 [==>...........................] - ETA: 0s - loss: 0.3052 - accuracy: 0.9688
8/8 [==============================] - 0s 5ms/step - loss: 0.3062 - accuracy: 0.9437
Epoch 13/25

1/8 [==>...........................] - ETA: 0s - loss: 0.2800 - accuracy: 0.9375
8/8 [==============================] - 0s 5ms/step - loss: 0.2939 - accuracy: 0.9394
Epoch 14/25

1/8 [==>...........................] - ETA: 0s - loss: 0.2625 - accuracy: 0.9375
8/8 [==============================] - 0s 4ms/step - loss: 0.2500 - accuracy: 0.9351
Epoch 15/25

1/8 [==>...........................] - ETA: 0s - loss: 0.2697 - accuracy: 0.9375
8/8 [==============================] - 0s 6ms/step - loss: 0.2430 - accuracy: 0.9567
Epoch 16/25

1/8 [==>...........................] - ETA: 0s - loss: 0.2373 - accuracy: 0.9375
8/8 [==============================] - 0s 5ms/step - loss: 0.2344 - accuracy: 0.9524
Epoch 17/25

1/8 [==>...........................] - ETA: 0s - loss: 0.2379 - accuracy: 0.9062
8/8 [==============================] - 0s 5ms/step - loss: 0.2110 - accuracy: 0.9567
Epoch 18/25

1/8 [==>...........................] - ETA: 0s - loss: 0.1703 - accuracy: 0.9375
8/8 [==============================] - 0s 5ms/step - loss: 0.1921 - accuracy: 0.9654
Epoch 19/25

1/8 [==>...........................] - ETA: 0s - loss: 0.1753 - accuracy: 0.9375
8/8 [==============================] - 0s 5ms/step - loss: 0.1846 - accuracy: 0.9654
Epoch 20/25

1/8 [==>...........................] - ETA: 0s - loss: 0.1884 - accuracy: 0.9688
8/8 [==============================] - 0s 4ms/step - loss: 0.1717 - accuracy: 0.9697
Epoch 21/25

1/8 [==>...........................] - ETA: 0s - loss: 0.2455 - accuracy: 0.9375
8/8 [==============================] - 0s 4ms/step - loss: 0.1517 - accuracy: 0.9740
Epoch 22/25

1/8 [==>...........................] - ETA: 0s - loss: 0.1564 - accuracy: 0.9688
8/8 [==============================] - 0s 5ms/step - loss: 0.1511 - accuracy: 0.9697
Epoch 23/25

1/8 [==>...........................] - ETA: 0s - loss: 0.1758 - accuracy: 0.9375
8/8 [==============================] - 0s 5ms/step - loss: 0.1394 - accuracy: 0.9784
Epoch 24/25

1/8 [==>...........................] - ETA: 0s - loss: 0.1510 - accuracy: 1.0000
8/8 [==============================] - 0s 6ms/step - loss: 0.1411 - accuracy: 0.9697
Epoch 25/25

1/8 [==>...........................] - ETA: 0s - loss: 0.1185 - accuracy: 0.9375
8/8 [==============================] - 0s 4ms/step - loss: 0.1199 - accuracy: 0.9784
# predict: steps=102
# predict: tnodeembed_metrics
# predict: node2vec_metrics
tnodeembed: {'auc': 0.6353102247332757, 'f1_micro': 0.5925245098039216, 'f1_macro': 0.5923958051260749} tNodeEmbed_final_loss=0.0422481968998909 tNodeEmbed_final_accuracy=0.9826839566230774 
node2vec: {'auc': 0.6347774518814878, 'f1_micro': 0.5919117647058824, 'f1_macro': 0.5917448405253284} node2vec_final_loss=0.11993157863616943 node2vec_final_accuracy=0.9783549904823303 
