# load graph
Processing Static file: filename='CollegeMsg_20040508_nodes_411_edges_618_component_0.edges'
# initialize tNodeEmbed for dataset=COLLEGE, test_size=0.2
# load dataset
# fit
# tNodeEmbed
Epoch 1/25

1/8 [==>...........................] - ETA: 9s - loss: 0.6936 - accuracy: 0.5312
8/8 [==============================] - 1s 5ms/step - loss: 0.6892 - accuracy: 0.5801
Epoch 2/25

1/8 [==>...........................] - ETA: 0s - loss: 0.6836 - accuracy: 0.6875
8/8 [==============================] - 0s 5ms/step - loss: 0.6733 - accuracy: 0.7403
Epoch 3/25

1/8 [==>...........................] - ETA: 0s - loss: 0.6573 - accuracy: 0.7500
8/8 [==============================] - 0s 4ms/step - loss: 0.6488 - accuracy: 0.7143
Epoch 4/25

1/8 [==>...........................] - ETA: 0s - loss: 0.6305 - accuracy: 0.7500
8/8 [==============================] - 0s 4ms/step - loss: 0.6147 - accuracy: 0.7056
Epoch 5/25

1/8 [==>...........................] - ETA: 0s - loss: 0.5409 - accuracy: 0.7812
8/8 [==============================] - 0s 4ms/step - loss: 0.5725 - accuracy: 0.7143
Epoch 6/25

1/8 [==>...........................] - ETA: 0s - loss: 0.5709 - accuracy: 0.6875
8/8 [==============================] - 0s 4ms/step - loss: 0.5335 - accuracy: 0.7056
Epoch 7/25

1/8 [==>...........................] - ETA: 0s - loss: 0.5022 - accuracy: 0.7500
8/8 [==============================] - 0s 4ms/step - loss: 0.4886 - accuracy: 0.7446
Epoch 8/25

1/8 [==>...........................] - ETA: 0s - loss: 0.5953 - accuracy: 0.6250
8/8 [==============================] - 0s 3ms/step - loss: 0.4375 - accuracy: 0.7922
Epoch 9/25

1/8 [==>...........................] - ETA: 0s - loss: 0.3662 - accuracy: 0.8438
8/8 [==============================] - 0s 3ms/step - loss: 0.4037 - accuracy: 0.7792
Epoch 10/25

1/8 [==>...........................] - ETA: 0s - loss: 0.4351 - accuracy: 0.7500
8/8 [==============================] - 0s 3ms/step - loss: 0.3476 - accuracy: 0.8442
Epoch 11/25

1/8 [==>...........................] - ETA: 0s - loss: 0.3338 - accuracy: 0.8750
8/8 [==============================] - 0s 3ms/step - loss: 0.3221 - accuracy: 0.8485
Epoch 12/25

1/8 [==>...........................] - ETA: 0s - loss: 0.3452 - accuracy: 0.8125
8/8 [==============================] - 0s 4ms/step - loss: 0.2751 - accuracy: 0.8745
Epoch 13/25

1/8 [==>...........................] - ETA: 0s - loss: 0.3249 - accuracy: 0.8438
8/8 [==============================] - 0s 3ms/step - loss: 0.2570 - accuracy: 0.9048
Epoch 14/25

1/8 [==>...........................] - ETA: 0s - loss: 0.2306 - accuracy: 0.9062
8/8 [==============================] - 0s 4ms/step - loss: 0.1998 - accuracy: 0.9264
Epoch 15/25

1/8 [==>...........................] - ETA: 0s - loss: 0.2702 - accuracy: 0.8438
8/8 [==============================] - 0s 4ms/step - loss: 0.1929 - accuracy: 0.9177
Epoch 16/25

1/8 [==>...........................] - ETA: 0s - loss: 0.1335 - accuracy: 0.9688
8/8 [==============================] - 0s 4ms/step - loss: 0.1900 - accuracy: 0.9134
Epoch 17/25

1/8 [==>...........................] - ETA: 0s - loss: 0.1639 - accuracy: 0.9688
8/8 [==============================] - 0s 3ms/step - loss: 0.1387 - accuracy: 0.9524
Epoch 18/25

1/8 [==>...........................] - ETA: 0s - loss: 0.1441 - accuracy: 0.9375
8/8 [==============================] - 0s 4ms/step - loss: 0.1473 - accuracy: 0.9351
Epoch 19/25

1/8 [==>...........................] - ETA: 0s - loss: 0.1354 - accuracy: 0.9062
8/8 [==============================] - 0s 4ms/step - loss: 0.1247 - accuracy: 0.9481
Epoch 20/25

1/8 [==>...........................] - ETA: 0s - loss: 0.0897 - accuracy: 0.9688
8/8 [==============================] - 0s 4ms/step - loss: 0.1311 - accuracy: 0.9264
Epoch 21/25

1/8 [==>...........................] - ETA: 0s - loss: 0.1504 - accuracy: 0.9062
8/8 [==============================] - 0s 4ms/step - loss: 0.1086 - accuracy: 0.9481
Epoch 22/25

1/8 [==>...........................] - ETA: 0s - loss: 0.1071 - accuracy: 0.9375
8/8 [==============================] - 0s 4ms/step - loss: 0.1187 - accuracy: 0.9437
Epoch 23/25

1/8 [==>...........................] - ETA: 0s - loss: 0.1003 - accuracy: 0.9688
8/8 [==============================] - 0s 4ms/step - loss: 0.1052 - accuracy: 0.9481
Epoch 24/25

1/8 [==>...........................] - ETA: 0s - loss: 0.0686 - accuracy: 0.9688
8/8 [==============================] - 0s 4ms/step - loss: 0.1273 - accuracy: 0.9264
Epoch 25/25

1/8 [==>...........................] - ETA: 0s - loss: 0.1197 - accuracy: 0.9375
8/8 [==============================] - 0s 4ms/step - loss: 0.0984 - accuracy: 0.9524
# node2vec
Epoch 1/25

1/8 [==>...........................] - ETA: 2s - loss: 0.6938 - accuracy: 0.5938
8/8 [==============================] - 0s 2ms/step - loss: 0.6909 - accuracy: 0.5281
Epoch 2/25

1/8 [==>...........................] - ETA: 0s - loss: 0.6438 - accuracy: 0.6875
8/8 [==============================] - 0s 2ms/step - loss: 0.6376 - accuracy: 0.6970
Epoch 3/25

1/8 [==>...........................] - ETA: 0s - loss: 0.5994 - accuracy: 0.8125
8/8 [==============================] - 0s 3ms/step - loss: 0.5797 - accuracy: 0.7749
Epoch 4/25

1/8 [==>...........................] - ETA: 0s - loss: 0.5711 - accuracy: 0.7812
8/8 [==============================] - 0s 2ms/step - loss: 0.5301 - accuracy: 0.8052
Epoch 5/25

1/8 [==>...........................] - ETA: 0s - loss: 0.5346 - accuracy: 0.7500
8/8 [==============================] - 0s 2ms/step - loss: 0.5060 - accuracy: 0.8009
Epoch 6/25

1/8 [==>...........................] - ETA: 0s - loss: 0.5485 - accuracy: 0.7188
8/8 [==============================] - 0s 3ms/step - loss: 0.4690 - accuracy: 0.8052
Epoch 7/25

1/8 [==>...........................] - ETA: 0s - loss: 0.4084 - accuracy: 0.9062
8/8 [==============================] - 0s 2ms/step - loss: 0.4502 - accuracy: 0.8485
Epoch 8/25

1/8 [==>...........................] - ETA: 0s - loss: 0.4121 - accuracy: 0.8750
8/8 [==============================] - 0s 2ms/step - loss: 0.4230 - accuracy: 0.8312
Epoch 9/25

1/8 [==>...........................] - ETA: 0s - loss: 0.3305 - accuracy: 0.9375
8/8 [==============================] - 0s 2ms/step - loss: 0.3809 - accuracy: 0.8745
Epoch 10/25

1/8 [==>...........................] - ETA: 0s - loss: 0.3836 - accuracy: 0.8438
8/8 [==============================] - 0s 2ms/step - loss: 0.3768 - accuracy: 0.8658
Epoch 11/25

1/8 [==>...........................] - ETA: 0s - loss: 0.4195 - accuracy: 0.8125
8/8 [==============================] - 0s 3ms/step - loss: 0.3659 - accuracy: 0.8701
Epoch 12/25

1/8 [==>...........................] - ETA: 0s - loss: 0.2440 - accuracy: 0.9062
8/8 [==============================] - 0s 2ms/step - loss: 0.3216 - accuracy: 0.9091
Epoch 13/25

1/8 [==>...........................] - ETA: 0s - loss: 0.3271 - accuracy: 0.8750
8/8 [==============================] - 0s 2ms/step - loss: 0.3219 - accuracy: 0.9048
Epoch 14/25

1/8 [==>...........................] - ETA: 0s - loss: 0.3272 - accuracy: 0.9375
8/8 [==============================] - 0s 2ms/step - loss: 0.2849 - accuracy: 0.9134
Epoch 15/25

1/8 [==>...........................] - ETA: 0s - loss: 0.3299 - accuracy: 0.8750
8/8 [==============================] - 0s 2ms/step - loss: 0.2965 - accuracy: 0.9091
Epoch 16/25

1/8 [==>...........................] - ETA: 0s - loss: 0.2448 - accuracy: 0.9688
8/8 [==============================] - 0s 2ms/step - loss: 0.2652 - accuracy: 0.9221
Epoch 17/25

1/8 [==>...........................] - ETA: 0s - loss: 0.2600 - accuracy: 0.9688
8/8 [==============================] - 0s 2ms/step - loss: 0.2643 - accuracy: 0.9221
Epoch 18/25

1/8 [==>...........................] - ETA: 0s - loss: 0.2639 - accuracy: 0.9062
8/8 [==============================] - 0s 3ms/step - loss: 0.2445 - accuracy: 0.9351
Epoch 19/25

1/8 [==>...........................] - ETA: 0s - loss: 0.3312 - accuracy: 0.8438
8/8 [==============================] - 0s 3ms/step - loss: 0.2505 - accuracy: 0.9091
Epoch 20/25

1/8 [==>...........................] - ETA: 0s - loss: 0.1508 - accuracy: 1.0000
8/8 [==============================] - 0s 2ms/step - loss: 0.2133 - accuracy: 0.9524
Epoch 21/25

1/8 [==>...........................] - ETA: 0s - loss: 0.1888 - accuracy: 0.9688
8/8 [==============================] - 0s 2ms/step - loss: 0.2183 - accuracy: 0.9307
Epoch 22/25

1/8 [==>...........................] - ETA: 0s - loss: 0.2240 - accuracy: 0.8750
8/8 [==============================] - 0s 2ms/step - loss: 0.2108 - accuracy: 0.9351
Epoch 23/25

1/8 [==>...........................] - ETA: 0s - loss: 0.1995 - accuracy: 0.9688
8/8 [==============================] - 0s 3ms/step - loss: 0.2024 - accuracy: 0.9394
Epoch 24/25

1/8 [==>...........................] - ETA: 0s - loss: 0.2297 - accuracy: 0.9062
8/8 [==============================] - 0s 2ms/step - loss: 0.1927 - accuracy: 0.9307
Epoch 25/25

1/8 [==>...........................] - ETA: 0s - loss: 0.1462 - accuracy: 1.0000
8/8 [==============================] - 0s 2ms/step - loss: 0.1949 - accuracy: 0.9351
# predict: steps=102
# predict: tnodeembed_metrics
# predict: node2vec_metrics
tnodeembed: {'auc': 0.6411645310697809, 'f1_micro': 0.6124387254901961, 'f1_macro': 0.6103495704980146} tNodeEmbed_final_loss=0.09838172048330307 tNodeEmbed_final_accuracy=0.9523809552192688 
node2vec: {'auc': 0.6506678996659938, 'f1_micro': 0.6155024509803921, 'f1_macro': 0.611841215660794} node2vec_final_loss=0.19486331939697266 node2vec_final_accuracy=0.9350649118423462 
