# load graph
Processing Static file: filename='CollegeMsg_20040620_nodes_5_edges_4_component_0.edges'
# initialize tNodeEmbed for dataset=COLLEGE, test_size=0.2
# load dataset
# fit
# tNodeEmbed
Epoch 1/25

1/8 [==>...........................] - ETA: 22s - loss: 0.6908 - accuracy: 0.5938
6/8 [=====================>........] - ETA: 0s - loss: 0.6908 - accuracy: 0.5104 
8/8 [==============================] - 3s 10ms/step - loss: 0.6908 - accuracy: 0.4935
Epoch 2/25

1/8 [==>...........................] - ETA: 0s - loss: 0.6906 - accuracy: 0.5312
8/8 [==============================] - 0s 7ms/step - loss: 0.6809 - accuracy: 0.7013
Epoch 3/25

1/8 [==>...........................] - ETA: 0s - loss: 0.6665 - accuracy: 0.7188
8/8 [==============================] - 0s 7ms/step - loss: 0.6640 - accuracy: 0.6494
Epoch 4/25

1/8 [==>...........................] - ETA: 0s - loss: 0.6547 - accuracy: 0.6875
8/8 [==============================] - 0s 7ms/step - loss: 0.6451 - accuracy: 0.6147
Epoch 5/25

1/8 [==>...........................] - ETA: 0s - loss: 0.6513 - accuracy: 0.5000
8/8 [==============================] - 0s 7ms/step - loss: 0.6140 - accuracy: 0.8139
Epoch 6/25

1/8 [==>...........................] - ETA: 0s - loss: 0.6083 - accuracy: 0.8438
8/8 [==============================] - ETA: 0s - loss: 0.5747 - accuracy: 0.8788
8/8 [==============================] - 0s 8ms/step - loss: 0.5747 - accuracy: 0.8788
Epoch 7/25

1/8 [==>...........................] - ETA: 0s - loss: 0.5121 - accuracy: 0.9062
8/8 [==============================] - ETA: 0s - loss: 0.5101 - accuracy: 0.8831
8/8 [==============================] - 0s 8ms/step - loss: 0.5101 - accuracy: 0.8831
Epoch 8/25

1/8 [==>...........................] - ETA: 0s - loss: 0.4986 - accuracy: 0.9375
8/8 [==============================] - 0s 6ms/step - loss: 0.4294 - accuracy: 0.9264
Epoch 9/25

1/8 [==>...........................] - ETA: 0s - loss: 0.3760 - accuracy: 0.9375
8/8 [==============================] - 0s 6ms/step - loss: 0.3460 - accuracy: 0.9177
Epoch 10/25

1/8 [==>...........................] - ETA: 0s - loss: 0.2642 - accuracy: 0.9688
8/8 [==============================] - ETA: 0s - loss: 0.2681 - accuracy: 0.9394
8/8 [==============================] - 0s 8ms/step - loss: 0.2681 - accuracy: 0.9394
Epoch 11/25

1/8 [==>...........................] - ETA: 0s - loss: 0.2406 - accuracy: 0.9375
8/8 [==============================] - 0s 6ms/step - loss: 0.1926 - accuracy: 0.9610
Epoch 12/25

1/8 [==>...........................] - ETA: 0s - loss: 0.1164 - accuracy: 1.0000
8/8 [==============================] - ETA: 0s - loss: 0.1617 - accuracy: 0.9740
8/8 [==============================] - 0s 8ms/step - loss: 0.1617 - accuracy: 0.9740
Epoch 13/25

1/8 [==>...........................] - ETA: 0s - loss: 0.1045 - accuracy: 0.9688
8/8 [==============================] - 0s 7ms/step - loss: 0.1058 - accuracy: 0.9870
Epoch 14/25

1/8 [==>...........................] - ETA: 0s - loss: 0.0748 - accuracy: 1.0000
8/8 [==============================] - ETA: 0s - loss: 0.0751 - accuracy: 0.9913
8/8 [==============================] - 0s 7ms/step - loss: 0.0751 - accuracy: 0.9913
Epoch 15/25

1/8 [==>...........................] - ETA: 0s - loss: 0.0432 - accuracy: 1.0000
8/8 [==============================] - 0s 6ms/step - loss: 0.0501 - accuracy: 1.0000
Epoch 16/25

1/8 [==>...........................] - ETA: 0s - loss: 0.0402 - accuracy: 1.0000
8/8 [==============================] - 0s 7ms/step - loss: 0.0395 - accuracy: 1.0000
Epoch 17/25

1/8 [==>...........................] - ETA: 0s - loss: 0.0271 - accuracy: 1.0000
8/8 [==============================] - 0s 6ms/step - loss: 0.0254 - accuracy: 1.0000
Epoch 18/25

1/8 [==>...........................] - ETA: 0s - loss: 0.0211 - accuracy: 1.0000
8/8 [==============================] - 0s 7ms/step - loss: 0.0196 - accuracy: 1.0000
Epoch 19/25

1/8 [==>...........................] - ETA: 0s - loss: 0.0160 - accuracy: 1.0000
8/8 [==============================] - 0s 7ms/step - loss: 0.0147 - accuracy: 1.0000
Epoch 20/25

1/8 [==>...........................] - ETA: 0s - loss: 0.0123 - accuracy: 1.0000
8/8 [==============================] - 0s 7ms/step - loss: 0.0109 - accuracy: 1.0000
Epoch 21/25

1/8 [==>...........................] - ETA: 0s - loss: 0.0105 - accuracy: 1.0000
8/8 [==============================] - 0s 6ms/step - loss: 0.0090 - accuracy: 1.0000
Epoch 22/25

1/8 [==>...........................] - ETA: 0s - loss: 0.0096 - accuracy: 1.0000
8/8 [==============================] - 0s 6ms/step - loss: 0.0079 - accuracy: 1.0000
Epoch 23/25

1/8 [==>...........................] - ETA: 0s - loss: 0.0038 - accuracy: 1.0000
8/8 [==============================] - 0s 6ms/step - loss: 0.0062 - accuracy: 1.0000
Epoch 24/25

1/8 [==>...........................] - ETA: 0s - loss: 0.0059 - accuracy: 1.0000
8/8 [==============================] - 0s 6ms/step - loss: 0.0056 - accuracy: 1.0000
Epoch 25/25

1/8 [==>...........................] - ETA: 0s - loss: 0.0040 - accuracy: 1.0000
8/8 [==============================] - 0s 7ms/step - loss: 0.0049 - accuracy: 1.0000
# node2vec
Epoch 1/25

1/8 [==>...........................] - ETA: 12s - loss: 0.6794 - accuracy: 0.4688
8/8 [==============================] - 2s 5ms/step - loss: 0.6739 - accuracy: 0.5898
Epoch 2/25

1/8 [==>...........................] - ETA: 0s - loss: 0.6842 - accuracy: 0.5000
8/8 [==============================] - 0s 6ms/step - loss: 0.6261 - accuracy: 0.6942
Epoch 3/25

1/8 [==>...........................] - ETA: 0s - loss: 0.5739 - accuracy: 0.8125
8/8 [==============================] - 0s 4ms/step - loss: 0.5676 - accuracy: 0.8312
Epoch 4/25

1/8 [==>...........................] - ETA: 0s - loss: 0.5413 - accuracy: 0.8438
8/8 [==============================] - 0s 4ms/step - loss: 0.5327 - accuracy: 0.8528
Epoch 5/25

1/8 [==>...........................] - ETA: 0s - loss: 0.4975 - accuracy: 0.9062
8/8 [==============================] - 0s 5ms/step - loss: 0.4728 - accuracy: 0.9134
Epoch 6/25

1/8 [==>...........................] - ETA: 0s - loss: 0.4873 - accuracy: 0.9375
8/8 [==============================] - 0s 6ms/step - loss: 0.4431 - accuracy: 0.9481
Epoch 7/25

1/8 [==>...........................] - ETA: 0s - loss: 0.4440 - accuracy: 0.8750
8/8 [==============================] - ETA: 0s - loss: 0.4169 - accuracy: 0.9221
8/8 [==============================] - 0s 8ms/step - loss: 0.4169 - accuracy: 0.9221
Epoch 8/25

1/8 [==>...........................] - ETA: 0s - loss: 0.3970 - accuracy: 0.9375
8/8 [==============================] - 0s 7ms/step - loss: 0.3676 - accuracy: 0.9654
Epoch 9/25

1/8 [==>...........................] - ETA: 0s - loss: 0.3575 - accuracy: 0.9688
8/8 [==============================] - 0s 7ms/step - loss: 0.3432 - accuracy: 0.9567
Epoch 10/25

1/8 [==>...........................] - ETA: 0s - loss: 0.3459 - accuracy: 0.9062
5/8 [=================>............] - ETA: 0s - loss: 0.3112 - accuracy: 0.9750
8/8 [==============================] - 0s 13ms/step - loss: 0.3100 - accuracy: 0.9784
Epoch 11/25

1/8 [==>...........................] - ETA: 0s - loss: 0.3084 - accuracy: 0.9688
8/8 [==============================] - 0s 5ms/step - loss: 0.2791 - accuracy: 0.9784
Epoch 12/25

1/8 [==>...........................] - ETA: 0s - loss: 0.2548 - accuracy: 0.9688
8/8 [==============================] - 0s 5ms/step - loss: 0.2586 - accuracy: 0.9870
Epoch 13/25

1/8 [==>...........................] - ETA: 0s - loss: 0.2530 - accuracy: 1.0000
8/8 [==============================] - 0s 4ms/step - loss: 0.2355 - accuracy: 0.9957
Epoch 14/25

1/8 [==>...........................] - ETA: 0s - loss: 0.2208 - accuracy: 1.0000
8/8 [==============================] - 0s 4ms/step - loss: 0.2070 - accuracy: 0.9957
Epoch 15/25

1/8 [==>...........................] - ETA: 0s - loss: 0.1537 - accuracy: 1.0000
8/8 [==============================] - 0s 4ms/step - loss: 0.1873 - accuracy: 0.9957
Epoch 16/25

1/8 [==>...........................] - ETA: 0s - loss: 0.1736 - accuracy: 1.0000
8/8 [==============================] - 0s 4ms/step - loss: 0.1764 - accuracy: 0.9957
Epoch 17/25

1/8 [==>...........................] - ETA: 0s - loss: 0.1387 - accuracy: 1.0000
8/8 [==============================] - 0s 5ms/step - loss: 0.1551 - accuracy: 0.9913
Epoch 18/25

1/8 [==>...........................] - ETA: 0s - loss: 0.1152 - accuracy: 1.0000
8/8 [==============================] - 0s 5ms/step - loss: 0.1369 - accuracy: 1.0000
Epoch 19/25

1/8 [==>...........................] - ETA: 0s - loss: 0.1282 - accuracy: 1.0000
8/8 [==============================] - 0s 5ms/step - loss: 0.1246 - accuracy: 0.9957
Epoch 20/25

1/8 [==>...........................] - ETA: 0s - loss: 0.1307 - accuracy: 0.9688
8/8 [==============================] - 0s 7ms/step - loss: 0.1227 - accuracy: 0.9957
Epoch 21/25

1/8 [==>...........................] - ETA: 0s - loss: 0.1174 - accuracy: 1.0000
8/8 [==============================] - 0s 6ms/step - loss: 0.0987 - accuracy: 1.0000
Epoch 22/25

1/8 [==>...........................] - ETA: 0s - loss: 0.0925 - accuracy: 1.0000
8/8 [==============================] - 0s 5ms/step - loss: 0.0951 - accuracy: 1.0000
Epoch 23/25

1/8 [==>...........................] - ETA: 0s - loss: 0.0809 - accuracy: 1.0000
8/8 [==============================] - 0s 4ms/step - loss: 0.0872 - accuracy: 1.0000
Epoch 24/25

1/8 [==>...........................] - ETA: 0s - loss: 0.0736 - accuracy: 1.0000
8/8 [==============================] - 0s 4ms/step - loss: 0.0780 - accuracy: 1.0000
Epoch 25/25

1/8 [==>...........................] - ETA: 0s - loss: 0.0669 - accuracy: 1.0000
8/8 [==============================] - 0s 3ms/step - loss: 0.0724 - accuracy: 1.0000
# predict: steps=102
# predict: tnodeembed_metrics
# predict: node2vec_metrics
tnodeembed: {'auc': 0.589478243043541, 'f1_micro': 0.5618872549019608, 'f1_macro': 0.5614919525310378} tNodeEmbed_final_loss=0.004862200003117323 tNodeEmbed_final_accuracy=1.0 
node2vec: {'auc': 0.597539858467897, 'f1_micro': 0.5726102941176471, 'f1_macro': 0.5717883728272277} node2vec_final_loss=0.07242262363433838 node2vec_final_accuracy=1.0 
