# load graph
Processing Static file: filename='CollegeMsg_20040513_nodes_278_edges_374_component_0.edges'
# initialize tNodeEmbed for dataset=COLLEGE, test_size=0.2
# load dataset
# fit
# tNodeEmbed
Epoch 1/25

1/8 [==>...........................] - ETA: 10s - loss: 0.7026 - accuracy: 0.4062
8/8 [==============================] - 2s 3ms/step - loss: 0.6899 - accuracy: 0.5801
Epoch 2/25

1/8 [==>...........................] - ETA: 0s - loss: 0.6851 - accuracy: 0.6250
8/8 [==============================] - 0s 4ms/step - loss: 0.6738 - accuracy: 0.6840
Epoch 3/25

1/8 [==>...........................] - ETA: 0s - loss: 0.6562 - accuracy: 0.6562
8/8 [==============================] - 0s 5ms/step - loss: 0.6485 - accuracy: 0.7143
Epoch 4/25

1/8 [==>...........................] - ETA: 0s - loss: 0.6532 - accuracy: 0.6562
8/8 [==============================] - 0s 4ms/step - loss: 0.6158 - accuracy: 0.6970
Epoch 5/25

1/8 [==>...........................] - ETA: 0s - loss: 0.5916 - accuracy: 0.7500
8/8 [==============================] - 0s 4ms/step - loss: 0.5774 - accuracy: 0.6970
Epoch 6/25

1/8 [==>...........................] - ETA: 0s - loss: 0.5225 - accuracy: 0.7500
8/8 [==============================] - 0s 4ms/step - loss: 0.5291 - accuracy: 0.7316
Epoch 7/25

1/8 [==>...........................] - ETA: 0s - loss: 0.4202 - accuracy: 0.7812
8/8 [==============================] - 0s 4ms/step - loss: 0.4694 - accuracy: 0.7792
Epoch 8/25

1/8 [==>...........................] - ETA: 0s - loss: 0.4313 - accuracy: 0.7812
8/8 [==============================] - 0s 4ms/step - loss: 0.4162 - accuracy: 0.8095
Epoch 9/25

1/8 [==>...........................] - ETA: 0s - loss: 0.4054 - accuracy: 0.8125
8/8 [==============================] - 0s 4ms/step - loss: 0.3565 - accuracy: 0.8571
Epoch 10/25

1/8 [==>...........................] - ETA: 0s - loss: 0.2890 - accuracy: 0.9062
8/8 [==============================] - 0s 3ms/step - loss: 0.2956 - accuracy: 0.8961
Epoch 11/25

1/8 [==>...........................] - ETA: 0s - loss: 0.2341 - accuracy: 0.9062
8/8 [==============================] - 0s 3ms/step - loss: 0.2744 - accuracy: 0.9048
Epoch 12/25

1/8 [==>...........................] - ETA: 0s - loss: 0.2967 - accuracy: 0.8750
8/8 [==============================] - 0s 4ms/step - loss: 0.2093 - accuracy: 0.9437
Epoch 13/25

1/8 [==>...........................] - ETA: 0s - loss: 0.2266 - accuracy: 0.9062
8/8 [==============================] - 0s 4ms/step - loss: 0.1839 - accuracy: 0.9351
Epoch 14/25

1/8 [==>...........................] - ETA: 0s - loss: 0.2642 - accuracy: 0.8750
8/8 [==============================] - 0s 4ms/step - loss: 0.1595 - accuracy: 0.9437
Epoch 15/25

1/8 [==>...........................] - ETA: 0s - loss: 0.0855 - accuracy: 1.0000
8/8 [==============================] - 0s 3ms/step - loss: 0.1430 - accuracy: 0.9394
Epoch 16/25

1/8 [==>...........................] - ETA: 0s - loss: 0.1265 - accuracy: 0.9062
8/8 [==============================] - 0s 4ms/step - loss: 0.1237 - accuracy: 0.9307
Epoch 17/25

1/8 [==>...........................] - ETA: 0s - loss: 0.1254 - accuracy: 0.9375
8/8 [==============================] - 0s 4ms/step - loss: 0.1167 - accuracy: 0.9524
Epoch 18/25

1/8 [==>...........................] - ETA: 0s - loss: 0.1057 - accuracy: 0.9688
8/8 [==============================] - 0s 4ms/step - loss: 0.0873 - accuracy: 0.9697
Epoch 19/25

1/8 [==>...........................] - ETA: 0s - loss: 0.0487 - accuracy: 1.0000
8/8 [==============================] - 0s 4ms/step - loss: 0.0920 - accuracy: 0.9610
Epoch 20/25

1/8 [==>...........................] - ETA: 0s - loss: 0.0907 - accuracy: 0.9375
8/8 [==============================] - 0s 4ms/step - loss: 0.0867 - accuracy: 0.9567
Epoch 21/25

1/8 [==>...........................] - ETA: 0s - loss: 0.1265 - accuracy: 0.9062
8/8 [==============================] - 0s 3ms/step - loss: 0.0867 - accuracy: 0.9567
Epoch 22/25

1/8 [==>...........................] - ETA: 0s - loss: 0.1248 - accuracy: 0.9062
8/8 [==============================] - 0s 4ms/step - loss: 0.0762 - accuracy: 0.9610
Epoch 23/25

1/8 [==>...........................] - ETA: 0s - loss: 0.0254 - accuracy: 1.0000
8/8 [==============================] - 0s 4ms/step - loss: 0.0664 - accuracy: 0.9697
Epoch 24/25

1/8 [==>...........................] - ETA: 0s - loss: 0.0604 - accuracy: 1.0000
8/8 [==============================] - 0s 4ms/step - loss: 0.0817 - accuracy: 0.9567
Epoch 25/25

1/8 [==>...........................] - ETA: 0s - loss: 0.0601 - accuracy: 1.0000
8/8 [==============================] - 0s 4ms/step - loss: 0.0726 - accuracy: 0.9567
# node2vec
Epoch 1/25

1/8 [==>...........................] - ETA: 1s - loss: 0.7372 - accuracy: 0.3438
8/8 [==============================] - 0s 2ms/step - loss: 0.7027 - accuracy: 0.4762
Epoch 2/25

1/8 [==>...........................] - ETA: 0s - loss: 0.6721 - accuracy: 0.5938
8/8 [==============================] - 0s 2ms/step - loss: 0.6449 - accuracy: 0.6883
Epoch 3/25

1/8 [==>...........................] - ETA: 0s - loss: 0.6058 - accuracy: 0.6875
8/8 [==============================] - 0s 3ms/step - loss: 0.6025 - accuracy: 0.6970
Epoch 4/25

1/8 [==>...........................] - ETA: 0s - loss: 0.5769 - accuracy: 0.7812
8/8 [==============================] - 0s 3ms/step - loss: 0.5555 - accuracy: 0.7792
Epoch 5/25

1/8 [==>...........................] - ETA: 0s - loss: 0.5698 - accuracy: 0.7500
8/8 [==============================] - 0s 3ms/step - loss: 0.5253 - accuracy: 0.8225
Epoch 6/25

1/8 [==>...........................] - ETA: 0s - loss: 0.5370 - accuracy: 0.8125
8/8 [==============================] - 0s 3ms/step - loss: 0.4981 - accuracy: 0.8268
Epoch 7/25

1/8 [==>...........................] - ETA: 0s - loss: 0.4901 - accuracy: 0.8125
8/8 [==============================] - 0s 3ms/step - loss: 0.4640 - accuracy: 0.8442
Epoch 8/25

1/8 [==>...........................] - ETA: 0s - loss: 0.4880 - accuracy: 0.7812
8/8 [==============================] - 0s 3ms/step - loss: 0.4412 - accuracy: 0.8571
Epoch 9/25

1/8 [==>...........................] - ETA: 0s - loss: 0.4031 - accuracy: 0.9375
8/8 [==============================] - 0s 2ms/step - loss: 0.4274 - accuracy: 0.8571
Epoch 10/25

1/8 [==>...........................] - ETA: 0s - loss: 0.3194 - accuracy: 0.9688
8/8 [==============================] - 0s 3ms/step - loss: 0.3833 - accuracy: 0.8831
Epoch 11/25

1/8 [==>...........................] - ETA: 0s - loss: 0.3684 - accuracy: 0.8750
8/8 [==============================] - 0s 2ms/step - loss: 0.3635 - accuracy: 0.8918
Epoch 12/25

1/8 [==>...........................] - ETA: 0s - loss: 0.4029 - accuracy: 0.8750
8/8 [==============================] - 0s 2ms/step - loss: 0.3456 - accuracy: 0.9091
Epoch 13/25

1/8 [==>...........................] - ETA: 0s - loss: 0.3757 - accuracy: 0.9062
8/8 [==============================] - 0s 3ms/step - loss: 0.3171 - accuracy: 0.9048
Epoch 14/25

1/8 [==>...........................] - ETA: 0s - loss: 0.2941 - accuracy: 0.9688
8/8 [==============================] - 0s 2ms/step - loss: 0.3113 - accuracy: 0.9091
Epoch 15/25

1/8 [==>...........................] - ETA: 0s - loss: 0.2605 - accuracy: 1.0000
8/8 [==============================] - 0s 2ms/step - loss: 0.2879 - accuracy: 0.9177
Epoch 16/25

1/8 [==>...........................] - ETA: 0s - loss: 0.3091 - accuracy: 0.8438
8/8 [==============================] - 0s 2ms/step - loss: 0.2830 - accuracy: 0.9221
Epoch 17/25

1/8 [==>...........................] - ETA: 0s - loss: 0.1776 - accuracy: 1.0000
8/8 [==============================] - 0s 2ms/step - loss: 0.2581 - accuracy: 0.9394
Epoch 18/25

1/8 [==>...........................] - ETA: 0s - loss: 0.1669 - accuracy: 0.9688
8/8 [==============================] - 0s 2ms/step - loss: 0.2411 - accuracy: 0.9437
Epoch 19/25

1/8 [==>...........................] - ETA: 0s - loss: 0.2275 - accuracy: 0.9688
8/8 [==============================] - 0s 3ms/step - loss: 0.2163 - accuracy: 0.9481
Epoch 20/25

1/8 [==>...........................] - ETA: 0s - loss: 0.1949 - accuracy: 0.9375
8/8 [==============================] - 0s 2ms/step - loss: 0.2203 - accuracy: 0.9394
Epoch 21/25

1/8 [==>...........................] - ETA: 0s - loss: 0.2456 - accuracy: 0.9375
8/8 [==============================] - 0s 3ms/step - loss: 0.2087 - accuracy: 0.9437
Epoch 22/25

1/8 [==>...........................] - ETA: 0s - loss: 0.1942 - accuracy: 0.9375
8/8 [==============================] - 0s 2ms/step - loss: 0.1947 - accuracy: 0.9481
Epoch 23/25

1/8 [==>...........................] - ETA: 0s - loss: 0.1123 - accuracy: 1.0000
8/8 [==============================] - 0s 2ms/step - loss: 0.1838 - accuracy: 0.9394
Epoch 24/25

1/8 [==>...........................] - ETA: 0s - loss: 0.1470 - accuracy: 0.9375
8/8 [==============================] - 0s 2ms/step - loss: 0.1735 - accuracy: 0.9524
Epoch 25/25

1/8 [==>...........................] - ETA: 0s - loss: 0.1312 - accuracy: 0.9688
8/8 [==============================] - 0s 2ms/step - loss: 0.1728 - accuracy: 0.9481
# predict: steps=102
# predict: tnodeembed_metrics
# predict: node2vec_metrics
tnodeembed: {'auc': 0.6205529048322761, 'f1_micro': 0.5891544117647058, 'f1_macro': 0.5886957253062566} tNodeEmbed_final_loss=0.07259473949670792 tNodeEmbed_final_accuracy=0.9567099809646606 
node2vec: {'auc': 0.631928299812572, 'f1_micro': 0.5971200980392157, 'f1_macro': 0.5956471321833194} node2vec_final_loss=0.17281515896320343 node2vec_final_accuracy=0.948051929473877 
