# load graph
Processing Static file: filename='CollegeMsg_20040606_nodes_82_edges_88_component_0.edges'
# initialize tNodeEmbed for dataset=COLLEGE, test_size=0.2
# load dataset
# fit
# tNodeEmbed
Epoch 1/25

1/8 [==>...........................] - ETA: 24s - loss: 0.6926 - accuracy: 0.5000
8/8 [==============================] - ETA: 0s - loss: 0.6903 - accuracy: 0.5238 
8/8 [==============================] - 4s 8ms/step - loss: 0.6903 - accuracy: 0.5238
Epoch 2/25

1/8 [==>...........................] - ETA: 0s - loss: 0.6792 - accuracy: 0.6250
8/8 [==============================] - 0s 7ms/step - loss: 0.6712 - accuracy: 0.6580
Epoch 3/25

1/8 [==>...........................] - ETA: 0s - loss: 0.6604 - accuracy: 0.7188
8/8 [==============================] - 0s 7ms/step - loss: 0.6525 - accuracy: 0.7965
Epoch 4/25

1/8 [==>...........................] - ETA: 0s - loss: 0.6560 - accuracy: 0.7188
8/8 [==============================] - 0s 6ms/step - loss: 0.6299 - accuracy: 0.8225
Epoch 5/25

1/8 [==>...........................] - ETA: 0s - loss: 0.6069 - accuracy: 0.7812
8/8 [==============================] - 0s 7ms/step - loss: 0.5865 - accuracy: 0.8788
Epoch 6/25

1/8 [==>...........................] - ETA: 0s - loss: 0.5429 - accuracy: 0.9062
8/8 [==============================] - 0s 7ms/step - loss: 0.5351 - accuracy: 0.8528
Epoch 7/25

1/8 [==>...........................] - ETA: 0s - loss: 0.4816 - accuracy: 0.9375
8/8 [==============================] - 0s 6ms/step - loss: 0.4432 - accuracy: 0.9134
Epoch 8/25

1/8 [==>...........................] - ETA: 0s - loss: 0.3636 - accuracy: 0.9688
8/8 [==============================] - 0s 6ms/step - loss: 0.3790 - accuracy: 0.8918
Epoch 9/25

1/8 [==>...........................] - ETA: 0s - loss: 0.2975 - accuracy: 0.9375
8/8 [==============================] - 0s 6ms/step - loss: 0.3116 - accuracy: 0.9307
Epoch 10/25

1/8 [==>...........................] - ETA: 0s - loss: 0.2600 - accuracy: 0.9375
8/8 [==============================] - 0s 6ms/step - loss: 0.2607 - accuracy: 0.9048
Epoch 11/25

1/8 [==>...........................] - ETA: 0s - loss: 0.1765 - accuracy: 1.0000
8/8 [==============================] - 0s 6ms/step - loss: 0.1773 - accuracy: 0.9784
Epoch 12/25

1/8 [==>...........................] - ETA: 0s - loss: 0.1769 - accuracy: 0.9688
8/8 [==============================] - 0s 6ms/step - loss: 0.1559 - accuracy: 0.9740
Epoch 13/25

1/8 [==>...........................] - ETA: 0s - loss: 0.1139 - accuracy: 1.0000
8/8 [==============================] - 0s 7ms/step - loss: 0.0957 - accuracy: 0.9957
Epoch 14/25

1/8 [==>...........................] - ETA: 0s - loss: 0.0533 - accuracy: 1.0000
8/8 [==============================] - 0s 7ms/step - loss: 0.0796 - accuracy: 0.9913
Epoch 15/25

1/8 [==>...........................] - ETA: 0s - loss: 0.0614 - accuracy: 1.0000
8/8 [==============================] - 0s 7ms/step - loss: 0.0566 - accuracy: 0.9957
Epoch 16/25

1/8 [==>...........................] - ETA: 0s - loss: 0.0322 - accuracy: 1.0000
8/8 [==============================] - 0s 6ms/step - loss: 0.0405 - accuracy: 0.9957
Epoch 17/25

1/8 [==>...........................] - ETA: 0s - loss: 0.0556 - accuracy: 0.9688
8/8 [==============================] - 0s 6ms/step - loss: 0.0324 - accuracy: 0.9957
Epoch 18/25

1/8 [==>...........................] - ETA: 0s - loss: 0.0145 - accuracy: 1.0000
8/8 [==============================] - 0s 7ms/step - loss: 0.0256 - accuracy: 0.9957
Epoch 19/25

1/8 [==>...........................] - ETA: 0s - loss: 0.0489 - accuracy: 0.9688
8/8 [==============================] - 0s 6ms/step - loss: 0.0219 - accuracy: 0.9913
Epoch 20/25

1/8 [==>...........................] - ETA: 0s - loss: 0.0130 - accuracy: 1.0000
8/8 [==============================] - 0s 7ms/step - loss: 0.0125 - accuracy: 1.0000
Epoch 21/25

1/8 [==>...........................] - ETA: 0s - loss: 0.0140 - accuracy: 1.0000
8/8 [==============================] - 0s 6ms/step - loss: 0.0147 - accuracy: 0.9957
Epoch 22/25

1/8 [==>...........................] - ETA: 0s - loss: 0.0088 - accuracy: 1.0000
8/8 [==============================] - 0s 7ms/step - loss: 0.0111 - accuracy: 0.9957
Epoch 23/25

1/8 [==>...........................] - ETA: 0s - loss: 0.0066 - accuracy: 1.0000
8/8 [==============================] - 0s 6ms/step - loss: 0.0135 - accuracy: 0.9913
Epoch 24/25

1/8 [==>...........................] - ETA: 0s - loss: 0.0051 - accuracy: 1.0000
8/8 [==============================] - 0s 6ms/step - loss: 0.0056 - accuracy: 1.0000
Epoch 25/25

1/8 [==>...........................] - ETA: 0s - loss: 0.0053 - accuracy: 1.0000
8/8 [==============================] - 0s 5ms/step - loss: 0.0110 - accuracy: 1.0000
# node2vec
Epoch 1/25

1/8 [==>...........................] - ETA: 6s - loss: 0.7415 - accuracy: 0.3750
8/8 [==============================] - 1s 7ms/step - loss: 0.6894 - accuracy: 0.5281
Epoch 2/25

1/8 [==>...........................] - ETA: 0s - loss: 0.6084 - accuracy: 0.8125
8/8 [==============================] - 0s 7ms/step - loss: 0.6209 - accuracy: 0.7013
Epoch 3/25

1/8 [==>...........................] - ETA: 0s - loss: 0.6244 - accuracy: 0.7812
8/8 [==============================] - 0s 6ms/step - loss: 0.5657 - accuracy: 0.8268
Epoch 4/25

1/8 [==>...........................] - ETA: 0s - loss: 0.5012 - accuracy: 0.9375
8/8 [==============================] - 0s 6ms/step - loss: 0.5290 - accuracy: 0.8831
Epoch 5/25

1/8 [==>...........................] - ETA: 0s - loss: 0.5026 - accuracy: 0.8750
8/8 [==============================] - 0s 5ms/step - loss: 0.4805 - accuracy: 0.9264
Epoch 6/25

1/8 [==>...........................] - ETA: 0s - loss: 0.3957 - accuracy: 0.9375
8/8 [==============================] - 0s 4ms/step - loss: 0.4516 - accuracy: 0.9177
Epoch 7/25

1/8 [==>...........................] - ETA: 0s - loss: 0.4096 - accuracy: 0.9375
8/8 [==============================] - 0s 4ms/step - loss: 0.4038 - accuracy: 0.9654
Epoch 8/25

1/8 [==>...........................] - ETA: 0s - loss: 0.3966 - accuracy: 0.9688
8/8 [==============================] - 0s 5ms/step - loss: 0.3873 - accuracy: 0.9567
Epoch 9/25

1/8 [==>...........................] - ETA: 0s - loss: 0.3690 - accuracy: 0.9375
8/8 [==============================] - 0s 7ms/step - loss: 0.3444 - accuracy: 0.9567
Epoch 10/25

1/8 [==>...........................] - ETA: 0s - loss: 0.3465 - accuracy: 0.9688
8/8 [==============================] - 0s 5ms/step - loss: 0.3159 - accuracy: 0.9784
Epoch 11/25

1/8 [==>...........................] - ETA: 0s - loss: 0.2886 - accuracy: 0.9375
8/8 [==============================] - 0s 5ms/step - loss: 0.2966 - accuracy: 0.9740
Epoch 12/25

1/8 [==>...........................] - ETA: 0s - loss: 0.3117 - accuracy: 0.9375
8/8 [==============================] - 0s 5ms/step - loss: 0.2694 - accuracy: 0.9784
Epoch 13/25

1/8 [==>...........................] - ETA: 0s - loss: 0.2426 - accuracy: 0.9688
6/8 [=====================>........] - ETA: 0s - loss: 0.2468 - accuracy: 0.9844
8/8 [==============================] - 0s 13ms/step - loss: 0.2474 - accuracy: 0.9827
Epoch 14/25

1/8 [==>...........................] - ETA: 0s - loss: 0.2143 - accuracy: 1.0000
8/8 [==============================] - 0s 5ms/step - loss: 0.2224 - accuracy: 0.9827
Epoch 15/25

1/8 [==>...........................] - ETA: 0s - loss: 0.2377 - accuracy: 0.9688
8/8 [==============================] - 0s 4ms/step - loss: 0.1995 - accuracy: 0.9870
Epoch 16/25

1/8 [==>...........................] - ETA: 0s - loss: 0.1740 - accuracy: 1.0000
8/8 [==============================] - 0s 3ms/step - loss: 0.1854 - accuracy: 0.9870
Epoch 17/25

1/8 [==>...........................] - ETA: 0s - loss: 0.1738 - accuracy: 0.9688
8/8 [==============================] - 0s 4ms/step - loss: 0.1771 - accuracy: 0.9827
Epoch 18/25

1/8 [==>...........................] - ETA: 0s - loss: 0.1812 - accuracy: 0.9688
8/8 [==============================] - 0s 4ms/step - loss: 0.1463 - accuracy: 0.9913
Epoch 19/25

1/8 [==>...........................] - ETA: 0s - loss: 0.1313 - accuracy: 1.0000
8/8 [==============================] - 0s 4ms/step - loss: 0.1413 - accuracy: 0.9870
Epoch 20/25

1/8 [==>...........................] - ETA: 0s - loss: 0.1245 - accuracy: 1.0000
8/8 [==============================] - 0s 5ms/step - loss: 0.1328 - accuracy: 0.9870
Epoch 21/25

1/8 [==>...........................] - ETA: 0s - loss: 0.1037 - accuracy: 1.0000
8/8 [==============================] - 0s 8ms/step - loss: 0.1184 - accuracy: 1.0000
Epoch 22/25

1/8 [==>...........................] - ETA: 0s - loss: 0.1289 - accuracy: 1.0000
8/8 [==============================] - 0s 7ms/step - loss: 0.1082 - accuracy: 0.9957
Epoch 23/25

1/8 [==>...........................] - ETA: 0s - loss: 0.1051 - accuracy: 1.0000
8/8 [==============================] - ETA: 0s - loss: 0.1046 - accuracy: 0.9913
8/8 [==============================] - 0s 8ms/step - loss: 0.1046 - accuracy: 0.9913
Epoch 24/25

1/8 [==>...........................] - ETA: 0s - loss: 0.1148 - accuracy: 1.0000
8/8 [==============================] - 0s 5ms/step - loss: 0.0870 - accuracy: 0.9957
Epoch 25/25

1/8 [==>...........................] - ETA: 0s - loss: 0.0887 - accuracy: 1.0000
8/8 [==============================] - 0s 4ms/step - loss: 0.0850 - accuracy: 1.0000
# predict: steps=102
# predict: tnodeembed_metrics
# predict: node2vec_metrics
tnodeembed: {'auc': 0.6067772160947712, 'f1_micro': 0.5827205882352942, 'f1_macro': 0.5827204315649448} tNodeEmbed_final_loss=0.011033447459340096 tNodeEmbed_final_accuracy=1.0 
node2vec: {'auc': 0.5901718990292195, 'f1_micro': 0.5674019607843137, 'f1_macro': 0.567365412798668} node2vec_final_loss=0.08501303941011429 node2vec_final_accuracy=1.0 
