# load graph
Processing Static file: filename='CollegeMsg_20040608_nodes_178_edges_205_component_0.edges'
# initialize tNodeEmbed for dataset=COLLEGE, test_size=0.2
# load dataset
# fit
# tNodeEmbed
Epoch 1/25

1/8 [==>...........................] - ETA: 23s - loss: 0.6916 - accuracy: 0.5938
8/8 [==============================] - 3s 7ms/step - loss: 0.6927 - accuracy: 0.5455
Epoch 2/25

1/8 [==>...........................] - ETA: 0s - loss: 0.6756 - accuracy: 0.8750
8/8 [==============================] - 0s 7ms/step - loss: 0.6764 - accuracy: 0.8095
Epoch 3/25

1/8 [==>...........................] - ETA: 0s - loss: 0.6599 - accuracy: 0.8750
8/8 [==============================] - 0s 7ms/step - loss: 0.6626 - accuracy: 0.7446
Epoch 4/25

1/8 [==>...........................] - ETA: 0s - loss: 0.6404 - accuracy: 0.8438
8/8 [==============================] - 0s 6ms/step - loss: 0.6416 - accuracy: 0.7619
Epoch 5/25

1/8 [==>...........................] - ETA: 0s - loss: 0.6326 - accuracy: 0.8125
8/8 [==============================] - 0s 6ms/step - loss: 0.6083 - accuracy: 0.8182
Epoch 6/25

1/8 [==>...........................] - ETA: 0s - loss: 0.5673 - accuracy: 0.8750
8/8 [==============================] - 0s 7ms/step - loss: 0.5689 - accuracy: 0.8874
Epoch 7/25

1/8 [==>...........................] - ETA: 0s - loss: 0.5123 - accuracy: 0.9062
3/8 [==========>...................] - ETA: 0s - loss: 0.5044 - accuracy: 0.9167
8/8 [==============================] - ETA: 0s - loss: 0.4973 - accuracy: 0.8918
8/8 [==============================] - 0s 17ms/step - loss: 0.4973 - accuracy: 0.8918
Epoch 8/25

1/8 [==>...........................] - ETA: 0s - loss: 0.4566 - accuracy: 0.8438
8/8 [==============================] - 0s 7ms/step - loss: 0.4139 - accuracy: 0.8961
Epoch 9/25

1/8 [==>...........................] - ETA: 0s - loss: 0.3061 - accuracy: 1.0000
8/8 [==============================] - 0s 6ms/step - loss: 0.3328 - accuracy: 0.9134
Epoch 10/25

1/8 [==>...........................] - ETA: 0s - loss: 0.3181 - accuracy: 0.9062
8/8 [==============================] - 0s 6ms/step - loss: 0.2657 - accuracy: 0.9351
Epoch 11/25

1/8 [==>...........................] - ETA: 0s - loss: 0.2075 - accuracy: 0.9375
8/8 [==============================] - 0s 6ms/step - loss: 0.1953 - accuracy: 0.9481
Epoch 12/25

1/8 [==>...........................] - ETA: 0s - loss: 0.1749 - accuracy: 0.9688
8/8 [==============================] - 0s 7ms/step - loss: 0.1436 - accuracy: 0.9784
Epoch 13/25

1/8 [==>...........................] - ETA: 0s - loss: 0.1141 - accuracy: 0.9688
8/8 [==============================] - 0s 7ms/step - loss: 0.0995 - accuracy: 0.9827
Epoch 14/25

1/8 [==>...........................] - ETA: 0s - loss: 0.1401 - accuracy: 0.9688
8/8 [==============================] - 0s 7ms/step - loss: 0.0753 - accuracy: 0.9913
Epoch 15/25

1/8 [==>...........................] - ETA: 0s - loss: 0.0440 - accuracy: 1.0000
8/8 [==============================] - 0s 7ms/step - loss: 0.0458 - accuracy: 0.9957
Epoch 16/25

1/8 [==>...........................] - ETA: 0s - loss: 0.0453 - accuracy: 1.0000
8/8 [==============================] - ETA: 0s - loss: 0.0340 - accuracy: 0.9957
8/8 [==============================] - 0s 8ms/step - loss: 0.0340 - accuracy: 0.9957
Epoch 17/25

1/8 [==>...........................] - ETA: 0s - loss: 0.0157 - accuracy: 1.0000
8/8 [==============================] - 0s 7ms/step - loss: 0.0290 - accuracy: 0.9957
Epoch 18/25

1/8 [==>...........................] - ETA: 0s - loss: 0.0152 - accuracy: 1.0000
8/8 [==============================] - 0s 7ms/step - loss: 0.0203 - accuracy: 0.9957
Epoch 19/25

1/8 [==>...........................] - ETA: 0s - loss: 0.0092 - accuracy: 1.0000
8/8 [==============================] - 0s 6ms/step - loss: 0.0173 - accuracy: 0.9957
Epoch 20/25

1/8 [==>...........................] - ETA: 0s - loss: 0.0126 - accuracy: 1.0000
8/8 [==============================] - 0s 7ms/step - loss: 0.0149 - accuracy: 0.9957
Epoch 21/25

1/8 [==>...........................] - ETA: 0s - loss: 0.0101 - accuracy: 1.0000
8/8 [==============================] - 0s 6ms/step - loss: 0.0120 - accuracy: 0.9957
Epoch 22/25

1/8 [==>...........................] - ETA: 0s - loss: 0.0069 - accuracy: 1.0000
8/8 [==============================] - 0s 6ms/step - loss: 0.0108 - accuracy: 0.9957
Epoch 23/25

1/8 [==>...........................] - ETA: 0s - loss: 0.0060 - accuracy: 1.0000
8/8 [==============================] - 0s 5ms/step - loss: 0.0089 - accuracy: 0.9957
Epoch 24/25

1/8 [==>...........................] - ETA: 0s - loss: 0.0076 - accuracy: 1.0000
8/8 [==============================] - ETA: 0s - loss: 0.0082 - accuracy: 0.9957
8/8 [==============================] - 0s 8ms/step - loss: 0.0082 - accuracy: 0.9957
Epoch 25/25

1/8 [==>...........................] - ETA: 0s - loss: 0.0046 - accuracy: 1.0000
8/8 [==============================] - 0s 6ms/step - loss: 0.0074 - accuracy: 1.0000
# node2vec
Epoch 1/25

1/8 [==>...........................] - ETA: 6s - loss: 0.6711 - accuracy: 0.5625
8/8 [==============================] - 1s 6ms/step - loss: 0.6868 - accuracy: 0.5455
Epoch 2/25

1/8 [==>...........................] - ETA: 0s - loss: 0.7051 - accuracy: 0.4688
8/8 [==============================] - 0s 5ms/step - loss: 0.6438 - accuracy: 0.6710
Epoch 3/25

1/8 [==>...........................] - ETA: 0s - loss: 0.5811 - accuracy: 0.8125
8/8 [==============================] - 0s 5ms/step - loss: 0.5840 - accuracy: 0.8182
Epoch 4/25

1/8 [==>...........................] - ETA: 0s - loss: 0.5418 - accuracy: 0.8750
8/8 [==============================] - 0s 6ms/step - loss: 0.5502 - accuracy: 0.8485
Epoch 5/25

1/8 [==>...........................] - ETA: 0s - loss: 0.4757 - accuracy: 0.9688
8/8 [==============================] - 0s 5ms/step - loss: 0.4943 - accuracy: 0.9134
Epoch 6/25

1/8 [==>...........................] - ETA: 0s - loss: 0.4486 - accuracy: 0.9375
8/8 [==============================] - 0s 4ms/step - loss: 0.4677 - accuracy: 0.9048
Epoch 7/25

1/8 [==>...........................] - ETA: 0s - loss: 0.4017 - accuracy: 0.9375
8/8 [==============================] - 0s 4ms/step - loss: 0.4245 - accuracy: 0.9567
Epoch 8/25

1/8 [==>...........................] - ETA: 0s - loss: 0.4663 - accuracy: 0.8438
8/8 [==============================] - 0s 4ms/step - loss: 0.3995 - accuracy: 0.9394
Epoch 9/25

1/8 [==>...........................] - ETA: 0s - loss: 0.3750 - accuracy: 0.9688
8/8 [==============================] - 0s 4ms/step - loss: 0.3661 - accuracy: 0.9524
Epoch 10/25

1/8 [==>...........................] - ETA: 0s - loss: 0.3576 - accuracy: 0.9688
8/8 [==============================] - 0s 5ms/step - loss: 0.3230 - accuracy: 0.9784
Epoch 11/25

1/8 [==>...........................] - ETA: 0s - loss: 0.2536 - accuracy: 1.0000
8/8 [==============================] - 0s 4ms/step - loss: 0.2958 - accuracy: 0.9827
Epoch 12/25

1/8 [==>...........................] - ETA: 0s - loss: 0.2442 - accuracy: 0.9688
8/8 [==============================] - 0s 5ms/step - loss: 0.2710 - accuracy: 0.9740
Epoch 13/25

1/8 [==>...........................] - ETA: 0s - loss: 0.2869 - accuracy: 0.9062
8/8 [==============================] - 0s 5ms/step - loss: 0.2543 - accuracy: 0.9740
Epoch 14/25

1/8 [==>...........................] - ETA: 0s - loss: 0.2103 - accuracy: 1.0000
8/8 [==============================] - 0s 4ms/step - loss: 0.2239 - accuracy: 0.9870
Epoch 15/25

1/8 [==>...........................] - ETA: 0s - loss: 0.2085 - accuracy: 0.9688
8/8 [==============================] - 0s 5ms/step - loss: 0.2023 - accuracy: 0.9827
Epoch 16/25

1/8 [==>...........................] - ETA: 0s - loss: 0.1633 - accuracy: 1.0000
8/8 [==============================] - 0s 5ms/step - loss: 0.1843 - accuracy: 0.9913
Epoch 17/25

1/8 [==>...........................] - ETA: 0s - loss: 0.1955 - accuracy: 0.9688
8/8 [==============================] - 0s 6ms/step - loss: 0.1681 - accuracy: 0.9827
Epoch 18/25

1/8 [==>...........................] - ETA: 0s - loss: 0.1101 - accuracy: 1.0000
8/8 [==============================] - ETA: 0s - loss: 0.1498 - accuracy: 0.9913
8/8 [==============================] - 0s 9ms/step - loss: 0.1498 - accuracy: 0.9913
Epoch 19/25

1/8 [==>...........................] - ETA: 0s - loss: 0.1460 - accuracy: 1.0000
8/8 [==============================] - 0s 8ms/step - loss: 0.1350 - accuracy: 0.9957
Epoch 20/25

1/8 [==>...........................] - ETA: 0s - loss: 0.1371 - accuracy: 1.0000
8/8 [==============================] - 0s 6ms/step - loss: 0.1332 - accuracy: 0.9957
Epoch 21/25

1/8 [==>...........................] - ETA: 0s - loss: 0.1404 - accuracy: 1.0000
8/8 [==============================] - 0s 7ms/step - loss: 0.1107 - accuracy: 0.9957
Epoch 22/25

1/8 [==>...........................] - ETA: 0s - loss: 0.0967 - accuracy: 1.0000
8/8 [==============================] - 0s 6ms/step - loss: 0.1024 - accuracy: 0.9957
Epoch 23/25

1/8 [==>...........................] - ETA: 0s - loss: 0.0897 - accuracy: 1.0000
8/8 [==============================] - 0s 4ms/step - loss: 0.0944 - accuracy: 0.9957
Epoch 24/25

1/8 [==>...........................] - ETA: 0s - loss: 0.1067 - accuracy: 1.0000
8/8 [==============================] - 0s 5ms/step - loss: 0.0937 - accuracy: 0.9957
Epoch 25/25

1/8 [==>...........................] - ETA: 0s - loss: 0.0596 - accuracy: 1.0000
8/8 [==============================] - 0s 4ms/step - loss: 0.0761 - accuracy: 0.9957
# predict: steps=102
# predict: tnodeembed_metrics
# predict: node2vec_metrics
tnodeembed: {'auc': 0.5881984993752403, 'f1_micro': 0.5618872549019608, 'f1_macro': 0.5618339529120198} tNodeEmbed_final_loss=0.007393149193376303 tNodeEmbed_final_accuracy=1.0 
node2vec: {'auc': 0.5874425176014033, 'f1_micro': 0.5640318627450981, 'f1_macro': 0.5640318218233205} node2vec_final_loss=0.07613901793956757 node2vec_final_accuracy=0.9956709742546082 
