# load graph
Processing Static file: filename='CollegeMsg_20040613_nodes_126_edges_129_component_0.edges'
# initialize tNodeEmbed for dataset=COLLEGE, test_size=0.2
# load dataset
# fit
# tNodeEmbed
Epoch 1/25

1/8 [==>...........................] - ETA: 22s - loss: 0.6909 - accuracy: 0.6250
7/8 [=========================>....] - ETA: 0s - loss: 0.6903 - accuracy: 0.5848 
8/8 [==============================] - 3s 10ms/step - loss: 0.6893 - accuracy: 0.6016
Epoch 2/25

1/8 [==>...........................] - ETA: 0s - loss: 0.6812 - accuracy: 0.7500
8/8 [==============================] - 0s 7ms/step - loss: 0.6755 - accuracy: 0.7184
Epoch 3/25

1/8 [==>...........................] - ETA: 0s - loss: 0.6627 - accuracy: 0.8438
8/8 [==============================] - 0s 7ms/step - loss: 0.6569 - accuracy: 0.7965
Epoch 4/25

1/8 [==>...........................] - ETA: 0s - loss: 0.6381 - accuracy: 0.8125
8/8 [==============================] - 0s 6ms/step - loss: 0.6328 - accuracy: 0.8182
Epoch 5/25

1/8 [==>...........................] - ETA: 0s - loss: 0.6134 - accuracy: 0.8750
8/8 [==============================] - ETA: 0s - loss: 0.5960 - accuracy: 0.8571
8/8 [==============================] - 0s 8ms/step - loss: 0.5960 - accuracy: 0.8571
Epoch 6/25

1/8 [==>...........................] - ETA: 0s - loss: 0.5615 - accuracy: 0.8438
8/8 [==============================] - 0s 7ms/step - loss: 0.5397 - accuracy: 0.8788
Epoch 7/25

1/8 [==>...........................] - ETA: 0s - loss: 0.4743 - accuracy: 0.9688
8/8 [==============================] - ETA: 0s - loss: 0.4656 - accuracy: 0.9264
8/8 [==============================] - 0s 8ms/step - loss: 0.4656 - accuracy: 0.9264
Epoch 8/25

1/8 [==>...........................] - ETA: 0s - loss: 0.3780 - accuracy: 0.9688
8/8 [==============================] - ETA: 0s - loss: 0.3913 - accuracy: 0.9004
8/8 [==============================] - 0s 8ms/step - loss: 0.3913 - accuracy: 0.9004
Epoch 9/25

1/8 [==>...........................] - ETA: 0s - loss: 0.3134 - accuracy: 0.9688
8/8 [==============================] - 0s 7ms/step - loss: 0.2952 - accuracy: 0.9524
Epoch 10/25

1/8 [==>...........................] - ETA: 0s - loss: 0.2163 - accuracy: 0.9688
8/8 [==============================] - 0s 6ms/step - loss: 0.2298 - accuracy: 0.9610
Epoch 11/25

1/8 [==>...........................] - ETA: 0s - loss: 0.1822 - accuracy: 0.9375
8/8 [==============================] - 0s 7ms/step - loss: 0.1605 - accuracy: 0.9784
Epoch 12/25

1/8 [==>...........................] - ETA: 0s - loss: 0.1484 - accuracy: 1.0000
8/8 [==============================] - 0s 7ms/step - loss: 0.1145 - accuracy: 0.9913
Epoch 13/25

1/8 [==>...........................] - ETA: 0s - loss: 0.0697 - accuracy: 1.0000
8/8 [==============================] - 0s 7ms/step - loss: 0.0822 - accuracy: 0.9957
Epoch 14/25

1/8 [==>...........................] - ETA: 0s - loss: 0.0940 - accuracy: 0.9688
8/8 [==============================] - 0s 7ms/step - loss: 0.0621 - accuracy: 0.9913
Epoch 15/25

1/8 [==>...........................] - ETA: 0s - loss: 0.0473 - accuracy: 1.0000
8/8 [==============================] - ETA: 0s - loss: 0.0420 - accuracy: 1.0000
8/8 [==============================] - 0s 8ms/step - loss: 0.0420 - accuracy: 1.0000
Epoch 16/25

1/8 [==>...........................] - ETA: 0s - loss: 0.0295 - accuracy: 1.0000
8/8 [==============================] - 0s 7ms/step - loss: 0.0241 - accuracy: 1.0000
Epoch 17/25

1/8 [==>...........................] - ETA: 0s - loss: 0.0182 - accuracy: 1.0000
8/8 [==============================] - 0s 6ms/step - loss: 0.0224 - accuracy: 1.0000
Epoch 18/25

1/8 [==>...........................] - ETA: 0s - loss: 0.0164 - accuracy: 1.0000
8/8 [==============================] - 0s 7ms/step - loss: 0.0158 - accuracy: 1.0000
Epoch 19/25

1/8 [==>...........................] - ETA: 0s - loss: 0.0096 - accuracy: 1.0000
8/8 [==============================] - 0s 6ms/step - loss: 0.0117 - accuracy: 1.0000
Epoch 20/25

1/8 [==>...........................] - ETA: 0s - loss: 0.0091 - accuracy: 1.0000
8/8 [==============================] - ETA: 0s - loss: 0.0100 - accuracy: 1.0000
8/8 [==============================] - 0s 8ms/step - loss: 0.0100 - accuracy: 1.0000
Epoch 21/25

1/8 [==>...........................] - ETA: 0s - loss: 0.0059 - accuracy: 1.0000
8/8 [==============================] - 0s 7ms/step - loss: 0.0081 - accuracy: 1.0000
Epoch 22/25

1/8 [==>...........................] - ETA: 0s - loss: 0.0062 - accuracy: 1.0000
8/8 [==============================] - 0s 7ms/step - loss: 0.0065 - accuracy: 1.0000
Epoch 23/25

1/8 [==>...........................] - ETA: 0s - loss: 0.0083 - accuracy: 1.0000
8/8 [==============================] - 0s 7ms/step - loss: 0.0061 - accuracy: 1.0000
Epoch 24/25

1/8 [==>...........................] - ETA: 0s - loss: 0.0033 - accuracy: 1.0000
8/8 [==============================] - 0s 7ms/step - loss: 0.0048 - accuracy: 1.0000
Epoch 25/25

1/8 [==>...........................] - ETA: 0s - loss: 0.0047 - accuracy: 1.0000
8/8 [==============================] - ETA: 0s - loss: 0.0043 - accuracy: 1.0000
8/8 [==============================] - 0s 8ms/step - loss: 0.0043 - accuracy: 1.0000
# node2vec
Epoch 1/25

1/8 [==>...........................] - ETA: 7s - loss: 0.7516 - accuracy: 0.3750
8/8 [==============================] - 1s 6ms/step - loss: 0.7103 - accuracy: 0.4632
Epoch 2/25

1/8 [==>...........................] - ETA: 0s - loss: 0.6350 - accuracy: 0.6875
8/8 [==============================] - 0s 7ms/step - loss: 0.6479 - accuracy: 0.6753
Epoch 3/25

1/8 [==>...........................] - ETA: 0s - loss: 0.6325 - accuracy: 0.6250
8/8 [==============================] - 0s 6ms/step - loss: 0.6103 - accuracy: 0.7403
Epoch 4/25

1/8 [==>...........................] - ETA: 0s - loss: 0.6030 - accuracy: 0.7812
8/8 [==============================] - 0s 6ms/step - loss: 0.5754 - accuracy: 0.8009
Epoch 5/25

1/8 [==>...........................] - ETA: 0s - loss: 0.5704 - accuracy: 0.8750
7/8 [=========================>....] - ETA: 0s - loss: 0.5348 - accuracy: 0.8844
8/8 [==============================] - 0s 8ms/step - loss: 0.5298 - accuracy: 0.8874
Epoch 6/25

1/8 [==>...........................] - ETA: 0s - loss: 0.5199 - accuracy: 0.9062
8/8 [==============================] - 0s 6ms/step - loss: 0.5108 - accuracy: 0.8788
Epoch 7/25

1/8 [==>...........................] - ETA: 0s - loss: 0.4781 - accuracy: 0.9688
8/8 [==============================] - 0s 6ms/step - loss: 0.4616 - accuracy: 0.9437
Epoch 8/25

1/8 [==>...........................] - ETA: 0s - loss: 0.4396 - accuracy: 0.9375
8/8 [==============================] - 0s 4ms/step - loss: 0.4374 - accuracy: 0.9221
Epoch 9/25

1/8 [==>...........................] - ETA: 0s - loss: 0.4175 - accuracy: 0.9062
8/8 [==============================] - 0s 4ms/step - loss: 0.4067 - accuracy: 0.9351
Epoch 10/25

1/8 [==>...........................] - ETA: 0s - loss: 0.4038 - accuracy: 1.0000
4/8 [==============>...............] - ETA: 0s - loss: 0.3681 - accuracy: 0.9766
8/8 [==============================] - 0s 13ms/step - loss: 0.3663 - accuracy: 0.9567
Epoch 11/25

1/8 [==>...........................] - ETA: 0s - loss: 0.3636 - accuracy: 1.0000
8/8 [==============================] - 0s 5ms/step - loss: 0.3445 - accuracy: 0.9827
Epoch 12/25

1/8 [==>...........................] - ETA: 0s - loss: 0.3189 - accuracy: 1.0000
8/8 [==============================] - 0s 6ms/step - loss: 0.3120 - accuracy: 0.9827
Epoch 13/25

1/8 [==>...........................] - ETA: 0s - loss: 0.2842 - accuracy: 0.9688
8/8 [==============================] - 0s 4ms/step - loss: 0.2872 - accuracy: 0.9784
Epoch 14/25

1/8 [==>...........................] - ETA: 0s - loss: 0.2747 - accuracy: 1.0000
8/8 [==============================] - 0s 4ms/step - loss: 0.2672 - accuracy: 0.9913
Epoch 15/25

1/8 [==>...........................] - ETA: 0s - loss: 0.2383 - accuracy: 1.0000
8/8 [==============================] - 0s 4ms/step - loss: 0.2358 - accuracy: 0.9957
Epoch 16/25

1/8 [==>...........................] - ETA: 0s - loss: 0.2361 - accuracy: 1.0000
8/8 [==============================] - 0s 4ms/step - loss: 0.2093 - accuracy: 1.0000
Epoch 17/25

1/8 [==>...........................] - ETA: 0s - loss: 0.2050 - accuracy: 1.0000
8/8 [==============================] - 0s 4ms/step - loss: 0.1956 - accuracy: 1.0000
Epoch 18/25

1/8 [==>...........................] - ETA: 0s - loss: 0.2135 - accuracy: 1.0000
8/8 [==============================] - 0s 4ms/step - loss: 0.1816 - accuracy: 1.0000
Epoch 19/25

1/8 [==>...........................] - ETA: 0s - loss: 0.1526 - accuracy: 1.0000
8/8 [==============================] - 0s 5ms/step - loss: 0.1622 - accuracy: 1.0000
Epoch 20/25

1/8 [==>...........................] - ETA: 0s - loss: 0.1546 - accuracy: 1.0000
8/8 [==============================] - 0s 7ms/step - loss: 0.1473 - accuracy: 1.0000
Epoch 21/25

1/8 [==>...........................] - ETA: 0s - loss: 0.1487 - accuracy: 1.0000
8/8 [==============================] - 0s 5ms/step - loss: 0.1302 - accuracy: 1.0000
Epoch 22/25

1/8 [==>...........................] - ETA: 0s - loss: 0.0986 - accuracy: 1.0000
8/8 [==============================] - 0s 5ms/step - loss: 0.1203 - accuracy: 1.0000
Epoch 23/25

1/8 [==>...........................] - ETA: 0s - loss: 0.1003 - accuracy: 1.0000
8/8 [==============================] - 0s 5ms/step - loss: 0.1079 - accuracy: 1.0000
Epoch 24/25

1/8 [==>...........................] - ETA: 0s - loss: 0.1168 - accuracy: 1.0000
8/8 [==============================] - 0s 6ms/step - loss: 0.0998 - accuracy: 1.0000
Epoch 25/25

1/8 [==>...........................] - ETA: 0s - loss: 0.0849 - accuracy: 1.0000
8/8 [==============================] - 0s 6ms/step - loss: 0.0939 - accuracy: 1.0000
# predict: steps=102
# predict: tnodeembed_metrics
# predict: node2vec_metrics
tnodeembed: {'auc': 0.5738872218617839, 'f1_micro': 0.5572916666666666, 'f1_macro': 0.5565990774702207} tNodeEmbed_final_loss=0.004349816590547562 tNodeEmbed_final_accuracy=1.0 
node2vec: {'auc': 0.5604791050917917, 'f1_micro': 0.5435049019607843, 'f1_macro': 0.543502159639079} node2vec_final_loss=0.09387124329805374 node2vec_final_accuracy=1.0 
