# load graph
Processing Static file: filename='CollegeMsg_20040511_nodes_251_edges_409_component_0.edges'
# initialize tNodeEmbed for dataset=COLLEGE, test_size=0.2
# load dataset
# fit
# tNodeEmbed
Epoch 1/25

1/8 [==>...........................] - ETA: 26s - loss: 0.6937 - accuracy: 0.5312
8/8 [==============================] - 4s 7ms/step - loss: 0.6902 - accuracy: 0.6104
Epoch 2/25

1/8 [==>...........................] - ETA: 0s - loss: 0.6881 - accuracy: 0.5625
8/8 [==============================] - 0s 7ms/step - loss: 0.6789 - accuracy: 0.6537
Epoch 3/25

1/8 [==>...........................] - ETA: 0s - loss: 0.6541 - accuracy: 0.7500
8/8 [==============================] - 0s 6ms/step - loss: 0.6528 - accuracy: 0.7013
Epoch 4/25

1/8 [==>...........................] - ETA: 0s - loss: 0.6398 - accuracy: 0.6875
8/8 [==============================] - 0s 6ms/step - loss: 0.6289 - accuracy: 0.6710
Epoch 5/25

1/8 [==>...........................] - ETA: 0s - loss: 0.5781 - accuracy: 0.7500
8/8 [==============================] - 0s 6ms/step - loss: 0.5859 - accuracy: 0.6970
Epoch 6/25

1/8 [==>...........................] - ETA: 0s - loss: 0.5747 - accuracy: 0.7188
8/8 [==============================] - 0s 6ms/step - loss: 0.5343 - accuracy: 0.7013
Epoch 7/25

1/8 [==>...........................] - ETA: 0s - loss: 0.5433 - accuracy: 0.7188
8/8 [==============================] - 0s 6ms/step - loss: 0.4818 - accuracy: 0.7532
Epoch 8/25

1/8 [==>...........................] - ETA: 0s - loss: 0.4944 - accuracy: 0.7500
8/8 [==============================] - 0s 6ms/step - loss: 0.4439 - accuracy: 0.7706
Epoch 9/25

1/8 [==>...........................] - ETA: 0s - loss: 0.3845 - accuracy: 0.7500
8/8 [==============================] - 0s 5ms/step - loss: 0.3794 - accuracy: 0.8268
Epoch 10/25

1/8 [==>...........................] - ETA: 0s - loss: 0.4173 - accuracy: 0.8125
8/8 [==============================] - 0s 5ms/step - loss: 0.3621 - accuracy: 0.8398
Epoch 11/25

1/8 [==>...........................] - ETA: 0s - loss: 0.2303 - accuracy: 0.9688
8/8 [==============================] - 0s 5ms/step - loss: 0.2663 - accuracy: 0.8831
Epoch 12/25

1/8 [==>...........................] - ETA: 0s - loss: 0.2668 - accuracy: 0.9062
8/8 [==============================] - 0s 5ms/step - loss: 0.2611 - accuracy: 0.8874
Epoch 13/25

1/8 [==>...........................] - ETA: 0s - loss: 0.2558 - accuracy: 0.8750
8/8 [==============================] - 0s 6ms/step - loss: 0.2126 - accuracy: 0.8874
Epoch 14/25

1/8 [==>...........................] - ETA: 0s - loss: 0.1786 - accuracy: 0.9062
8/8 [==============================] - 0s 5ms/step - loss: 0.1871 - accuracy: 0.9264
Epoch 15/25

1/8 [==>...........................] - ETA: 0s - loss: 0.2863 - accuracy: 0.8438
8/8 [==============================] - 0s 7ms/step - loss: 0.1608 - accuracy: 0.9394
Epoch 16/25

1/8 [==>...........................] - ETA: 0s - loss: 0.1144 - accuracy: 0.9375
8/8 [==============================] - 0s 6ms/step - loss: 0.1375 - accuracy: 0.9307
Epoch 17/25

1/8 [==>...........................] - ETA: 0s - loss: 0.1349 - accuracy: 0.9375
8/8 [==============================] - 0s 6ms/step - loss: 0.1229 - accuracy: 0.9524
Epoch 18/25

1/8 [==>...........................] - ETA: 0s - loss: 0.1351 - accuracy: 0.9062
8/8 [==============================] - 0s 7ms/step - loss: 0.1125 - accuracy: 0.9437
Epoch 19/25

1/8 [==>...........................] - ETA: 0s - loss: 0.1923 - accuracy: 0.9062
8/8 [==============================] - 0s 7ms/step - loss: 0.1166 - accuracy: 0.9437
Epoch 20/25

1/8 [==>...........................] - ETA: 0s - loss: 0.0758 - accuracy: 0.9688
8/8 [==============================] - 0s 6ms/step - loss: 0.1070 - accuracy: 0.9394
Epoch 21/25

1/8 [==>...........................] - ETA: 0s - loss: 0.0928 - accuracy: 0.9375
8/8 [==============================] - 0s 6ms/step - loss: 0.0927 - accuracy: 0.9567
Epoch 22/25

1/8 [==>...........................] - ETA: 0s - loss: 0.0249 - accuracy: 1.0000
8/8 [==============================] - 0s 6ms/step - loss: 0.0962 - accuracy: 0.9394
Epoch 23/25

1/8 [==>...........................] - ETA: 0s - loss: 0.1367 - accuracy: 0.9375
8/8 [==============================] - 0s 6ms/step - loss: 0.1179 - accuracy: 0.9437
Epoch 24/25

1/8 [==>...........................] - ETA: 0s - loss: 0.2258 - accuracy: 0.9375
8/8 [==============================] - 0s 7ms/step - loss: 0.1160 - accuracy: 0.9524
Epoch 25/25

1/8 [==>...........................] - ETA: 0s - loss: 0.0980 - accuracy: 0.9375
8/8 [==============================] - ETA: 0s - loss: 0.1295 - accuracy: 0.9394
8/8 [==============================] - 0s 8ms/step - loss: 0.1295 - accuracy: 0.9394
# node2vec
Epoch 1/25

1/8 [==>...........................] - ETA: 8s - loss: 0.6807 - accuracy: 0.5938
4/8 [==============>...............] - ETA: 0s - loss: 0.7035 - accuracy: 0.5234
7/8 [=========================>....] - ETA: 0s - loss: 0.6938 - accuracy: 0.5729
8/8 [==============================] - 1s 19ms/step - loss: 0.6943 - accuracy: 0.5671
Epoch 2/25

1/8 [==>...........................] - ETA: 0s - loss: 0.6945 - accuracy: 0.5312
8/8 [==============================] - 0s 7ms/step - loss: 0.6378 - accuracy: 0.6450
Epoch 3/25

1/8 [==>...........................] - ETA: 0s - loss: 0.5997 - accuracy: 0.7188
8/8 [==============================] - 0s 5ms/step - loss: 0.5906 - accuracy: 0.6926
Epoch 4/25

1/8 [==>...........................] - ETA: 0s - loss: 0.5212 - accuracy: 0.8750
8/8 [==============================] - 0s 3ms/step - loss: 0.5433 - accuracy: 0.7619
Epoch 5/25

1/8 [==>...........................] - ETA: 0s - loss: 0.5619 - accuracy: 0.8125
8/8 [==============================] - 0s 3ms/step - loss: 0.5112 - accuracy: 0.8095
Epoch 6/25

1/8 [==>...........................] - ETA: 0s - loss: 0.5265 - accuracy: 0.7812
8/8 [==============================] - 0s 4ms/step - loss: 0.4833 - accuracy: 0.8355
Epoch 7/25

1/8 [==>...........................] - ETA: 0s - loss: 0.4183 - accuracy: 0.9375
8/8 [==============================] - 0s 4ms/step - loss: 0.4584 - accuracy: 0.8355
Epoch 8/25

1/8 [==>...........................] - ETA: 0s - loss: 0.5377 - accuracy: 0.8125
8/8 [==============================] - 0s 4ms/step - loss: 0.4263 - accuracy: 0.8571
Epoch 9/25

1/8 [==>...........................] - ETA: 0s - loss: 0.4286 - accuracy: 0.9062
8/8 [==============================] - 0s 4ms/step - loss: 0.4113 - accuracy: 0.8701
Epoch 10/25

1/8 [==>...........................] - ETA: 0s - loss: 0.3849 - accuracy: 0.8750
8/8 [==============================] - 0s 4ms/step - loss: 0.3896 - accuracy: 0.8442
Epoch 11/25

1/8 [==>...........................] - ETA: 0s - loss: 0.3647 - accuracy: 0.9375
8/8 [==============================] - 0s 5ms/step - loss: 0.3536 - accuracy: 0.9048
Epoch 12/25

1/8 [==>...........................] - ETA: 0s - loss: 0.3645 - accuracy: 0.9062
8/8 [==============================] - 0s 5ms/step - loss: 0.3430 - accuracy: 0.8874
Epoch 13/25

1/8 [==>...........................] - ETA: 0s - loss: 0.2972 - accuracy: 0.9062
8/8 [==============================] - 0s 4ms/step - loss: 0.3161 - accuracy: 0.9048
Epoch 14/25

1/8 [==>...........................] - ETA: 0s - loss: 0.2305 - accuracy: 0.9375
8/8 [==============================] - 0s 4ms/step - loss: 0.2934 - accuracy: 0.9048
Epoch 15/25

1/8 [==>...........................] - ETA: 0s - loss: 0.3622 - accuracy: 0.8750
8/8 [==============================] - 0s 3ms/step - loss: 0.2925 - accuracy: 0.9134
Epoch 16/25

1/8 [==>...........................] - ETA: 0s - loss: 0.3107 - accuracy: 0.9062
8/8 [==============================] - 0s 4ms/step - loss: 0.2627 - accuracy: 0.9134
Epoch 17/25

1/8 [==>...........................] - ETA: 0s - loss: 0.2526 - accuracy: 0.9688
8/8 [==============================] - 0s 5ms/step - loss: 0.2604 - accuracy: 0.9048
Epoch 18/25

1/8 [==>...........................] - ETA: 0s - loss: 0.2303 - accuracy: 0.9688
8/8 [==============================] - 0s 5ms/step - loss: 0.2528 - accuracy: 0.9177
Epoch 19/25

1/8 [==>...........................] - ETA: 0s - loss: 0.2245 - accuracy: 0.9062
8/8 [==============================] - 0s 5ms/step - loss: 0.2238 - accuracy: 0.9307
Epoch 20/25

1/8 [==>...........................] - ETA: 0s - loss: 0.1488 - accuracy: 0.9688
8/8 [==============================] - 0s 5ms/step - loss: 0.2189 - accuracy: 0.9264
Epoch 21/25

1/8 [==>...........................] - ETA: 0s - loss: 0.1642 - accuracy: 0.9062
8/8 [==============================] - 0s 5ms/step - loss: 0.2026 - accuracy: 0.9481
Epoch 22/25

1/8 [==>...........................] - ETA: 0s - loss: 0.2028 - accuracy: 1.0000
8/8 [==============================] - 0s 5ms/step - loss: 0.2082 - accuracy: 0.9307
Epoch 23/25

1/8 [==>...........................] - ETA: 0s - loss: 0.2697 - accuracy: 0.8438
4/8 [==============>...............] - ETA: 0s - loss: 0.1927 - accuracy: 0.9375
8/8 [==============================] - 0s 14ms/step - loss: 0.2022 - accuracy: 0.9481
Epoch 24/25

1/8 [==>...........................] - ETA: 0s - loss: 0.1851 - accuracy: 0.8750
8/8 [==============================] - ETA: 0s - loss: 0.1744 - accuracy: 0.9481
8/8 [==============================] - 0s 9ms/step - loss: 0.1744 - accuracy: 0.9481
Epoch 25/25

1/8 [==>...........................] - ETA: 0s - loss: 0.1549 - accuracy: 0.9688
8/8 [==============================] - 0s 7ms/step - loss: 0.1665 - accuracy: 0.9524
# predict: steps=102
# predict: tnodeembed_metrics
# predict: node2vec_metrics
tnodeembed: {'auc': 0.6333794393983083, 'f1_micro': 0.6060049019607843, 'f1_macro': 0.5998749342260792} tNodeEmbed_final_loss=0.1295166015625 tNodeEmbed_final_accuracy=0.939393937587738 
node2vec: {'auc': 0.647254436394656, 'f1_micro': 0.6084558823529411, 'f1_macro': 0.6055531684408644} node2vec_final_loss=0.16653738915920258 node2vec_final_accuracy=0.9523809552192688 
