# load graph
Processing Static file: filename='CollegeMsg_20040615_nodes_28_edges_27_component_0.edges'
# initialize tNodeEmbed for dataset=COLLEGE, test_size=0.2
# load dataset
# fit
# tNodeEmbed
Epoch 1/25

1/8 [==>...........................] - ETA: 25s - loss: 0.6938 - accuracy: 0.5000
8/8 [==============================] - ETA: 0s - loss: 0.6898 - accuracy: 0.5455 
8/8 [==============================] - 4s 9ms/step - loss: 0.6898 - accuracy: 0.5455
Epoch 2/25

1/8 [==>...........................] - ETA: 0s - loss: 0.6797 - accuracy: 0.7188
8/8 [==============================] - 0s 7ms/step - loss: 0.6783 - accuracy: 0.7619
Epoch 3/25

1/8 [==>...........................] - ETA: 0s - loss: 0.6620 - accuracy: 0.9062
8/8 [==============================] - 0s 6ms/step - loss: 0.6593 - accuracy: 0.8485
Epoch 4/25

1/8 [==>...........................] - ETA: 0s - loss: 0.6483 - accuracy: 0.7812
8/8 [==============================] - 0s 6ms/step - loss: 0.6336 - accuracy: 0.8571
Epoch 5/25

1/8 [==>...........................] - ETA: 0s - loss: 0.6302 - accuracy: 0.7500
8/8 [==============================] - 0s 7ms/step - loss: 0.6027 - accuracy: 0.8398
Epoch 6/25

1/8 [==>...........................] - ETA: 0s - loss: 0.5292 - accuracy: 0.8750
8/8 [==============================] - 0s 6ms/step - loss: 0.5459 - accuracy: 0.8701
Epoch 7/25

1/8 [==>...........................] - ETA: 0s - loss: 0.4915 - accuracy: 0.8750
8/8 [==============================] - ETA: 0s - loss: 0.4837 - accuracy: 0.8571
8/8 [==============================] - 0s 8ms/step - loss: 0.4837 - accuracy: 0.8571
Epoch 8/25

1/8 [==>...........................] - ETA: 0s - loss: 0.4084 - accuracy: 0.9062
8/8 [==============================] - ETA: 0s - loss: 0.3895 - accuracy: 0.9177
8/8 [==============================] - 0s 8ms/step - loss: 0.3895 - accuracy: 0.9177
Epoch 9/25

1/8 [==>...........................] - ETA: 0s - loss: 0.3063 - accuracy: 0.9688
8/8 [==============================] - 0s 7ms/step - loss: 0.3173 - accuracy: 0.9264
Epoch 10/25

1/8 [==>...........................] - ETA: 0s - loss: 0.2855 - accuracy: 0.9688
8/8 [==============================] - 0s 6ms/step - loss: 0.2540 - accuracy: 0.9524
Epoch 11/25

1/8 [==>...........................] - ETA: 0s - loss: 0.2254 - accuracy: 0.9375
8/8 [==============================] - 0s 6ms/step - loss: 0.1775 - accuracy: 0.9740
Epoch 12/25

1/8 [==>...........................] - ETA: 0s - loss: 0.1281 - accuracy: 1.0000
8/8 [==============================] - 0s 7ms/step - loss: 0.1410 - accuracy: 0.9740
Epoch 13/25

1/8 [==>...........................] - ETA: 0s - loss: 0.1129 - accuracy: 0.9688
8/8 [==============================] - ETA: 0s - loss: 0.1138 - accuracy: 0.9827
8/8 [==============================] - 0s 8ms/step - loss: 0.1138 - accuracy: 0.9827
Epoch 14/25

1/8 [==>...........................] - ETA: 0s - loss: 0.0566 - accuracy: 1.0000
8/8 [==============================] - 0s 7ms/step - loss: 0.0733 - accuracy: 0.9913
Epoch 15/25

1/8 [==>...........................] - ETA: 0s - loss: 0.0636 - accuracy: 1.0000
8/8 [==============================] - 0s 7ms/step - loss: 0.0598 - accuracy: 0.9913
Epoch 16/25

1/8 [==>...........................] - ETA: 0s - loss: 0.0417 - accuracy: 1.0000
8/8 [==============================] - 0s 7ms/step - loss: 0.0409 - accuracy: 1.0000
Epoch 17/25

1/8 [==>...........................] - ETA: 0s - loss: 0.0386 - accuracy: 1.0000
8/8 [==============================] - 0s 7ms/step - loss: 0.0305 - accuracy: 1.0000
Epoch 18/25

1/8 [==>...........................] - ETA: 0s - loss: 0.0371 - accuracy: 1.0000
8/8 [==============================] - 0s 7ms/step - loss: 0.0238 - accuracy: 1.0000
Epoch 19/25

1/8 [==>...........................] - ETA: 0s - loss: 0.0218 - accuracy: 1.0000
8/8 [==============================] - 0s 7ms/step - loss: 0.0168 - accuracy: 1.0000
Epoch 20/25

1/8 [==>...........................] - ETA: 0s - loss: 0.0111 - accuracy: 1.0000
8/8 [==============================] - 0s 7ms/step - loss: 0.0130 - accuracy: 1.0000
Epoch 21/25

1/8 [==>...........................] - ETA: 0s - loss: 0.0173 - accuracy: 1.0000
8/8 [==============================] - 0s 6ms/step - loss: 0.0103 - accuracy: 1.0000
Epoch 22/25

1/8 [==>...........................] - ETA: 0s - loss: 0.0115 - accuracy: 1.0000
8/8 [==============================] - 0s 7ms/step - loss: 0.0090 - accuracy: 1.0000
Epoch 23/25

1/8 [==>...........................] - ETA: 0s - loss: 0.0097 - accuracy: 1.0000
8/8 [==============================] - 0s 7ms/step - loss: 0.0075 - accuracy: 1.0000
Epoch 24/25

1/8 [==>...........................] - ETA: 0s - loss: 0.0046 - accuracy: 1.0000
8/8 [==============================] - 0s 6ms/step - loss: 0.0063 - accuracy: 1.0000
Epoch 25/25

1/8 [==>...........................] - ETA: 0s - loss: 0.0082 - accuracy: 1.0000
8/8 [==============================] - ETA: 0s - loss: 0.0057 - accuracy: 1.0000
8/8 [==============================] - 0s 8ms/step - loss: 0.0057 - accuracy: 1.0000
# node2vec
Epoch 1/25

1/8 [==>...........................] - ETA: 6s - loss: 0.7117 - accuracy: 0.4688
8/8 [==============================] - ETA: 0s - loss: 0.6844 - accuracy: 0.5411
8/8 [==============================] - 1s 9ms/step - loss: 0.6844 - accuracy: 0.5411
Epoch 2/25

1/8 [==>...........................] - ETA: 0s - loss: 0.6958 - accuracy: 0.5312
8/8 [==============================] - 0s 7ms/step - loss: 0.6504 - accuracy: 0.6710
Epoch 3/25

1/8 [==>...........................] - ETA: 0s - loss: 0.5634 - accuracy: 0.9375
8/8 [==============================] - 0s 7ms/step - loss: 0.5787 - accuracy: 0.8225
Epoch 4/25

1/8 [==>...........................] - ETA: 0s - loss: 0.5701 - accuracy: 0.8125
8/8 [==============================] - 0s 7ms/step - loss: 0.5416 - accuracy: 0.9004
Epoch 5/25

1/8 [==>...........................] - ETA: 0s - loss: 0.5369 - accuracy: 0.7812
8/8 [==============================] - 0s 5ms/step - loss: 0.4982 - accuracy: 0.9134
Epoch 6/25

1/8 [==>...........................] - ETA: 0s - loss: 0.4566 - accuracy: 0.9688
8/8 [==============================] - 0s 4ms/step - loss: 0.4728 - accuracy: 0.9394
Epoch 7/25

1/8 [==>...........................] - ETA: 0s - loss: 0.4179 - accuracy: 1.0000
8/8 [==============================] - 0s 4ms/step - loss: 0.4226 - accuracy: 0.9481
Epoch 8/25

1/8 [==>...........................] - ETA: 0s - loss: 0.4359 - accuracy: 0.9062
8/8 [==============================] - 0s 5ms/step - loss: 0.3945 - accuracy: 0.9567
Epoch 9/25

1/8 [==>...........................] - ETA: 0s - loss: 0.3511 - accuracy: 0.9688
8/8 [==============================] - 0s 4ms/step - loss: 0.3679 - accuracy: 0.9740
Epoch 10/25

1/8 [==>...........................] - ETA: 0s - loss: 0.3669 - accuracy: 1.0000
8/8 [==============================] - 0s 6ms/step - loss: 0.3351 - accuracy: 0.9697
Epoch 11/25

1/8 [==>...........................] - ETA: 0s - loss: 0.3384 - accuracy: 0.9688
8/8 [==============================] - 0s 4ms/step - loss: 0.2983 - accuracy: 0.9913
Epoch 12/25

1/8 [==>...........................] - ETA: 0s - loss: 0.2707 - accuracy: 1.0000
8/8 [==============================] - 0s 5ms/step - loss: 0.2826 - accuracy: 0.9784
Epoch 13/25

1/8 [==>...........................] - ETA: 0s - loss: 0.2610 - accuracy: 0.9688
8/8 [==============================] - 0s 5ms/step - loss: 0.2410 - accuracy: 0.9913
Epoch 14/25

1/8 [==>...........................] - ETA: 0s - loss: 0.2398 - accuracy: 0.9688
8/8 [==============================] - 0s 5ms/step - loss: 0.2247 - accuracy: 0.9913
Epoch 15/25

1/8 [==>...........................] - ETA: 0s - loss: 0.2020 - accuracy: 1.0000
8/8 [==============================] - 0s 7ms/step - loss: 0.2100 - accuracy: 0.9913
Epoch 16/25

1/8 [==>...........................] - ETA: 0s - loss: 0.2103 - accuracy: 0.9688
8/8 [==============================] - 0s 7ms/step - loss: 0.1837 - accuracy: 0.9913
Epoch 17/25

1/8 [==>...........................] - ETA: 0s - loss: 0.1609 - accuracy: 1.0000
8/8 [==============================] - 0s 4ms/step - loss: 0.1644 - accuracy: 0.9913
Epoch 18/25

1/8 [==>...........................] - ETA: 0s - loss: 0.1601 - accuracy: 0.9688
8/8 [==============================] - 0s 4ms/step - loss: 0.1501 - accuracy: 0.9913
Epoch 19/25

1/8 [==>...........................] - ETA: 0s - loss: 0.1431 - accuracy: 1.0000
8/8 [==============================] - 0s 7ms/step - loss: 0.1362 - accuracy: 0.9957
Epoch 20/25

1/8 [==>...........................] - ETA: 0s - loss: 0.1341 - accuracy: 1.0000
8/8 [==============================] - 0s 5ms/step - loss: 0.1252 - accuracy: 0.9957
Epoch 21/25

1/8 [==>...........................] - ETA: 0s - loss: 0.1011 - accuracy: 1.0000
8/8 [==============================] - 0s 6ms/step - loss: 0.1128 - accuracy: 0.9957
Epoch 22/25

1/8 [==>...........................] - ETA: 0s - loss: 0.0915 - accuracy: 1.0000
8/8 [==============================] - 0s 6ms/step - loss: 0.1027 - accuracy: 0.9957
Epoch 23/25

1/8 [==>...........................] - ETA: 0s - loss: 0.0948 - accuracy: 1.0000
8/8 [==============================] - ETA: 0s - loss: 0.0912 - accuracy: 0.9957
8/8 [==============================] - 0s 8ms/step - loss: 0.0912 - accuracy: 0.9957
Epoch 24/25

1/8 [==>...........................] - ETA: 0s - loss: 0.0900 - accuracy: 1.0000
8/8 [==============================] - 0s 7ms/step - loss: 0.0895 - accuracy: 0.9957
Epoch 25/25

1/8 [==>...........................] - ETA: 0s - loss: 0.0660 - accuracy: 1.0000
8/8 [==============================] - 0s 7ms/step - loss: 0.0784 - accuracy: 1.0000
# predict: steps=102
# predict: tnodeembed_metrics
# predict: node2vec_metrics
tnodeembed: {'auc': 0.6068592533520762, 'f1_micro': 0.5833333333333334, 'f1_macro': 0.5826298875301577} tNodeEmbed_final_loss=0.005682803224772215 tNodeEmbed_final_accuracy=1.0 
node2vec: {'auc': 0.6051627529075356, 'f1_micro': 0.5772058823529411, 'f1_macro': 0.5771701626502563} node2vec_final_loss=0.07835432142019272 node2vec_final_accuracy=1.0 
