# load graph
Processing Static file: filename='CollegeMsg_20040515_nodes_269_edges_369_component_0.edges'
# initialize tNodeEmbed for dataset=COLLEGE, test_size=0.2
# load dataset
# fit
# tNodeEmbed
Epoch 1/25

1/8 [==>...........................] - ETA: 8s - loss: 0.6874 - accuracy: 0.5312
8/8 [==============================] - 1s 3ms/step - loss: 0.6888 - accuracy: 0.5411
Epoch 2/25

1/8 [==>...........................] - ETA: 0s - loss: 0.6771 - accuracy: 0.7188
8/8 [==============================] - 0s 4ms/step - loss: 0.6757 - accuracy: 0.6970
Epoch 3/25

1/8 [==>...........................] - ETA: 0s - loss: 0.6577 - accuracy: 0.6875
8/8 [==============================] - 0s 3ms/step - loss: 0.6512 - accuracy: 0.7013
Epoch 4/25

1/8 [==>...........................] - ETA: 0s - loss: 0.6493 - accuracy: 0.6562
8/8 [==============================] - 0s 3ms/step - loss: 0.6108 - accuracy: 0.7576
Epoch 5/25

1/8 [==>...........................] - ETA: 0s - loss: 0.5598 - accuracy: 0.7812
8/8 [==============================] - 0s 3ms/step - loss: 0.5848 - accuracy: 0.6926
Epoch 6/25

1/8 [==>...........................] - ETA: 0s - loss: 0.5424 - accuracy: 0.7500
8/8 [==============================] - 0s 3ms/step - loss: 0.5098 - accuracy: 0.7792
Epoch 7/25

1/8 [==>...........................] - ETA: 0s - loss: 0.5147 - accuracy: 0.7812
8/8 [==============================] - 0s 3ms/step - loss: 0.4660 - accuracy: 0.7879
Epoch 8/25

1/8 [==>...........................] - ETA: 0s - loss: 0.4842 - accuracy: 0.7188
8/8 [==============================] - 0s 3ms/step - loss: 0.4120 - accuracy: 0.8052
Epoch 9/25

1/8 [==>...........................] - ETA: 0s - loss: 0.2991 - accuracy: 0.9375
8/8 [==============================] - 0s 3ms/step - loss: 0.3568 - accuracy: 0.8615
Epoch 10/25

1/8 [==>...........................] - ETA: 0s - loss: 0.2674 - accuracy: 0.8750
8/8 [==============================] - 0s 3ms/step - loss: 0.2829 - accuracy: 0.8831
Epoch 11/25

1/8 [==>...........................] - ETA: 0s - loss: 0.2124 - accuracy: 1.0000
8/8 [==============================] - 0s 3ms/step - loss: 0.2499 - accuracy: 0.9048
Epoch 12/25

1/8 [==>...........................] - ETA: 0s - loss: 0.2331 - accuracy: 0.9375
8/8 [==============================] - 0s 3ms/step - loss: 0.2265 - accuracy: 0.9177
Epoch 13/25

1/8 [==>...........................] - ETA: 0s - loss: 0.1819 - accuracy: 0.9062
8/8 [==============================] - 0s 3ms/step - loss: 0.1693 - accuracy: 0.9394
Epoch 14/25

1/8 [==>...........................] - ETA: 0s - loss: 0.1159 - accuracy: 0.9688
8/8 [==============================] - 0s 3ms/step - loss: 0.1471 - accuracy: 0.9567
Epoch 15/25

1/8 [==>...........................] - ETA: 0s - loss: 0.1796 - accuracy: 0.9062
8/8 [==============================] - 0s 3ms/step - loss: 0.1223 - accuracy: 0.9610
Epoch 16/25

1/8 [==>...........................] - ETA: 0s - loss: 0.0926 - accuracy: 0.9688
8/8 [==============================] - 0s 3ms/step - loss: 0.0928 - accuracy: 0.9610
Epoch 17/25

1/8 [==>...........................] - ETA: 0s - loss: 0.0965 - accuracy: 0.9375
8/8 [==============================] - 0s 3ms/step - loss: 0.1052 - accuracy: 0.9524
Epoch 18/25

1/8 [==>...........................] - ETA: 0s - loss: 0.0442 - accuracy: 1.0000
8/8 [==============================] - 0s 3ms/step - loss: 0.0924 - accuracy: 0.9524
Epoch 19/25

1/8 [==>...........................] - ETA: 0s - loss: 0.1101 - accuracy: 0.9375
8/8 [==============================] - 0s 3ms/step - loss: 0.0893 - accuracy: 0.9524
Epoch 20/25

1/8 [==>...........................] - ETA: 0s - loss: 0.1324 - accuracy: 0.9062
8/8 [==============================] - 0s 3ms/step - loss: 0.0780 - accuracy: 0.9654
Epoch 21/25

1/8 [==>...........................] - ETA: 0s - loss: 0.0675 - accuracy: 0.9375
8/8 [==============================] - 0s 3ms/step - loss: 0.0738 - accuracy: 0.9740
Epoch 22/25

1/8 [==>...........................] - ETA: 0s - loss: 0.1103 - accuracy: 0.9062
8/8 [==============================] - 0s 3ms/step - loss: 0.0709 - accuracy: 0.9610
Epoch 23/25

1/8 [==>...........................] - ETA: 0s - loss: 0.0824 - accuracy: 0.9688
8/8 [==============================] - 0s 3ms/step - loss: 0.0704 - accuracy: 0.9567
Epoch 24/25

1/8 [==>...........................] - ETA: 0s - loss: 0.0659 - accuracy: 0.9688
8/8 [==============================] - 0s 3ms/step - loss: 0.0766 - accuracy: 0.9567
Epoch 25/25

1/8 [==>...........................] - ETA: 0s - loss: 0.0214 - accuracy: 1.0000
8/8 [==============================] - 0s 3ms/step - loss: 0.0605 - accuracy: 0.9697
# node2vec
Epoch 1/25

1/8 [==>...........................] - ETA: 2s - loss: 0.6739 - accuracy: 0.5625
8/8 [==============================] - 0s 2ms/step - loss: 0.6651 - accuracy: 0.6017
Epoch 2/25

1/8 [==>...........................] - ETA: 0s - loss: 0.6415 - accuracy: 0.7500
8/8 [==============================] - 0s 2ms/step - loss: 0.6228 - accuracy: 0.7186
Epoch 3/25

1/8 [==>...........................] - ETA: 0s - loss: 0.5732 - accuracy: 0.8438
8/8 [==============================] - 0s 2ms/step - loss: 0.5834 - accuracy: 0.7662
Epoch 4/25

1/8 [==>...........................] - ETA: 0s - loss: 0.4863 - accuracy: 0.8750
8/8 [==============================] - 0s 2ms/step - loss: 0.5278 - accuracy: 0.8355
Epoch 5/25

1/8 [==>...........................] - ETA: 0s - loss: 0.5090 - accuracy: 0.8438
8/8 [==============================] - 0s 2ms/step - loss: 0.4991 - accuracy: 0.8615
Epoch 6/25

1/8 [==>...........................] - ETA: 0s - loss: 0.5086 - accuracy: 0.8438
8/8 [==============================] - 0s 2ms/step - loss: 0.4712 - accuracy: 0.8571
Epoch 7/25

1/8 [==>...........................] - ETA: 0s - loss: 0.5378 - accuracy: 0.7500
8/8 [==============================] - 0s 2ms/step - loss: 0.4327 - accuracy: 0.8788
Epoch 8/25

1/8 [==>...........................] - ETA: 0s - loss: 0.3984 - accuracy: 0.9062
8/8 [==============================] - 0s 2ms/step - loss: 0.4040 - accuracy: 0.8831
Epoch 9/25

1/8 [==>...........................] - ETA: 0s - loss: 0.4758 - accuracy: 0.7812
8/8 [==============================] - 0s 2ms/step - loss: 0.3785 - accuracy: 0.8831
Epoch 10/25

1/8 [==>...........................] - ETA: 0s - loss: 0.3375 - accuracy: 0.9375
8/8 [==============================] - 0s 2ms/step - loss: 0.3699 - accuracy: 0.8874
Epoch 11/25

1/8 [==>...........................] - ETA: 0s - loss: 0.3334 - accuracy: 0.8750
8/8 [==============================] - 0s 2ms/step - loss: 0.3158 - accuracy: 0.9091
Epoch 12/25

1/8 [==>...........................] - ETA: 0s - loss: 0.2976 - accuracy: 0.9375
8/8 [==============================] - 0s 2ms/step - loss: 0.3142 - accuracy: 0.9091
Epoch 13/25

1/8 [==>...........................] - ETA: 0s - loss: 0.3327 - accuracy: 0.8750
8/8 [==============================] - 0s 2ms/step - loss: 0.2988 - accuracy: 0.9048
Epoch 14/25

1/8 [==>...........................] - ETA: 0s - loss: 0.2604 - accuracy: 0.8750
8/8 [==============================] - 0s 2ms/step - loss: 0.2847 - accuracy: 0.9177
Epoch 15/25

1/8 [==>...........................] - ETA: 0s - loss: 0.2424 - accuracy: 0.9375
8/8 [==============================] - 0s 2ms/step - loss: 0.2489 - accuracy: 0.9221
Epoch 16/25

1/8 [==>...........................] - ETA: 0s - loss: 0.2395 - accuracy: 0.9375
8/8 [==============================] - 0s 2ms/step - loss: 0.2412 - accuracy: 0.9264
Epoch 17/25

1/8 [==>...........................] - ETA: 0s - loss: 0.2338 - accuracy: 0.9375
8/8 [==============================] - 0s 2ms/step - loss: 0.2298 - accuracy: 0.9264
Epoch 18/25

1/8 [==>...........................] - ETA: 0s - loss: 0.2128 - accuracy: 0.9688
8/8 [==============================] - 0s 2ms/step - loss: 0.1987 - accuracy: 0.9481
Epoch 19/25

1/8 [==>...........................] - ETA: 0s - loss: 0.2873 - accuracy: 0.8750
8/8 [==============================] - 0s 2ms/step - loss: 0.2258 - accuracy: 0.9177
Epoch 20/25

1/8 [==>...........................] - ETA: 0s - loss: 0.1998 - accuracy: 0.9688
8/8 [==============================] - 0s 2ms/step - loss: 0.1866 - accuracy: 0.9481
Epoch 21/25

1/8 [==>...........................] - ETA: 0s - loss: 0.1254 - accuracy: 0.9688
8/8 [==============================] - 0s 2ms/step - loss: 0.1786 - accuracy: 0.9524
Epoch 22/25

1/8 [==>...........................] - ETA: 0s - loss: 0.1591 - accuracy: 0.9688
8/8 [==============================] - 0s 2ms/step - loss: 0.1694 - accuracy: 0.9567
Epoch 23/25

1/8 [==>...........................] - ETA: 0s - loss: 0.2196 - accuracy: 0.9375
8/8 [==============================] - 0s 2ms/step - loss: 0.1616 - accuracy: 0.9524
Epoch 24/25

1/8 [==>...........................] - ETA: 0s - loss: 0.1258 - accuracy: 0.9688
8/8 [==============================] - 0s 2ms/step - loss: 0.1668 - accuracy: 0.9567
Epoch 25/25

1/8 [==>...........................] - ETA: 0s - loss: 0.1526 - accuracy: 0.9688
8/8 [==============================] - 0s 2ms/step - loss: 0.1523 - accuracy: 0.9481
# predict: steps=102
# predict: tnodeembed_metrics
# predict: node2vec_metrics
tnodeembed: {'auc': 0.6151767424187812, 'f1_micro': 0.5870098039215687, 'f1_macro': 0.585938826328281} tNodeEmbed_final_loss=0.06053217500448227 tNodeEmbed_final_accuracy=0.9696969985961914 
node2vec: {'auc': 0.6173825496804114, 'f1_micro': 0.5839460784313726, 'f1_macro': 0.5827875308543433} node2vec_final_loss=0.15232500433921814 node2vec_final_accuracy=0.948051929473877 
