# load graph
Processing Static file: filename='CollegeMsg_20040622_nodes_3_edges_2_component_0.edges'
# initialize tNodeEmbed for dataset=COLLEGE, test_size=0.2
# load dataset
# fit
# tNodeEmbed
Epoch 1/25

1/8 [==>...........................] - ETA: 23s - loss: 0.6930 - accuracy: 0.5938
8/8 [==============================] - ETA: 0s - loss: 0.6923 - accuracy: 0.5325 
8/8 [==============================] - 3s 7ms/step - loss: 0.6923 - accuracy: 0.5325
Epoch 2/25

1/8 [==>...........................] - ETA: 0s - loss: 0.6878 - accuracy: 0.5000
8/8 [==============================] - 0s 6ms/step - loss: 0.6832 - accuracy: 0.5801
Epoch 3/25

1/8 [==>...........................] - ETA: 0s - loss: 0.6683 - accuracy: 0.8438
8/8 [==============================] - 0s 7ms/step - loss: 0.6624 - accuracy: 0.7489
Epoch 4/25

1/8 [==>...........................] - ETA: 0s - loss: 0.6524 - accuracy: 0.6875
8/8 [==============================] - 0s 7ms/step - loss: 0.6478 - accuracy: 0.7792
Epoch 5/25

1/8 [==>...........................] - ETA: 0s - loss: 0.6347 - accuracy: 0.8438
8/8 [==============================] - 0s 6ms/step - loss: 0.6126 - accuracy: 0.8701
Epoch 6/25

1/8 [==>...........................] - ETA: 0s - loss: 0.5853 - accuracy: 0.8438
2/8 [======>.......................] - ETA: 0s - loss: 0.5854 - accuracy: 0.8281
8/8 [==============================] - ETA: 0s - loss: 0.5664 - accuracy: 0.8442
8/8 [==============================] - 0s 17ms/step - loss: 0.5664 - accuracy: 0.8442
Epoch 7/25

1/8 [==>...........................] - ETA: 0s - loss: 0.5565 - accuracy: 0.8125
8/8 [==============================] - ETA: 0s - loss: 0.5097 - accuracy: 0.8788
8/8 [==============================] - 0s 9ms/step - loss: 0.5097 - accuracy: 0.8788
Epoch 8/25

1/8 [==>...........................] - ETA: 0s - loss: 0.4690 - accuracy: 0.8438
8/8 [==============================] - 0s 6ms/step - loss: 0.4248 - accuracy: 0.8788
Epoch 9/25

1/8 [==>...........................] - ETA: 0s - loss: 0.4090 - accuracy: 0.8750
8/8 [==============================] - 0s 7ms/step - loss: 0.3315 - accuracy: 0.9048
Epoch 10/25

1/8 [==>...........................] - ETA: 0s - loss: 0.2901 - accuracy: 0.9062
8/8 [==============================] - 0s 7ms/step - loss: 0.2674 - accuracy: 0.9264
Epoch 11/25

1/8 [==>...........................] - ETA: 0s - loss: 0.1814 - accuracy: 1.0000
8/8 [==============================] - 0s 7ms/step - loss: 0.2032 - accuracy: 0.9567
Epoch 12/25

1/8 [==>...........................] - ETA: 0s - loss: 0.1408 - accuracy: 0.9688
8/8 [==============================] - 0s 7ms/step - loss: 0.1513 - accuracy: 0.9697
Epoch 13/25

1/8 [==>...........................] - ETA: 0s - loss: 0.1204 - accuracy: 0.9688
8/8 [==============================] - ETA: 0s - loss: 0.1127 - accuracy: 0.9957
8/8 [==============================] - 0s 8ms/step - loss: 0.1127 - accuracy: 0.9957
Epoch 14/25

1/8 [==>...........................] - ETA: 0s - loss: 0.0783 - accuracy: 1.0000
8/8 [==============================] - ETA: 0s - loss: 0.0751 - accuracy: 0.9957
8/8 [==============================] - 0s 8ms/step - loss: 0.0751 - accuracy: 0.9957
Epoch 15/25

1/8 [==>...........................] - ETA: 0s - loss: 0.0728 - accuracy: 1.0000
7/8 [=========================>....] - ETA: 0s - loss: 0.0605 - accuracy: 1.0000
8/8 [==============================] - 0s 9ms/step - loss: 0.0578 - accuracy: 1.0000
Epoch 16/25

1/8 [==>...........................] - ETA: 0s - loss: 0.0410 - accuracy: 1.0000
7/8 [=========================>....] - ETA: 0s - loss: 0.0403 - accuracy: 1.0000
8/8 [==============================] - 0s 9ms/step - loss: 0.0384 - accuracy: 1.0000
Epoch 17/25

1/8 [==>...........................] - ETA: 0s - loss: 0.0253 - accuracy: 1.0000
8/8 [==============================] - ETA: 0s - loss: 0.0272 - accuracy: 1.0000
8/8 [==============================] - 0s 9ms/step - loss: 0.0272 - accuracy: 1.0000
Epoch 18/25

1/8 [==>...........................] - ETA: 0s - loss: 0.0308 - accuracy: 1.0000
8/8 [==============================] - ETA: 0s - loss: 0.0200 - accuracy: 1.0000
8/8 [==============================] - 0s 8ms/step - loss: 0.0200 - accuracy: 1.0000
Epoch 19/25

1/8 [==>...........................] - ETA: 0s - loss: 0.0233 - accuracy: 1.0000
7/8 [=========================>....] - ETA: 0s - loss: 0.0168 - accuracy: 1.0000
8/8 [==============================] - 0s 9ms/step - loss: 0.0162 - accuracy: 1.0000
Epoch 20/25

1/8 [==>...........................] - ETA: 0s - loss: 0.0086 - accuracy: 1.0000
8/8 [==============================] - ETA: 0s - loss: 0.0134 - accuracy: 1.0000
8/8 [==============================] - 0s 8ms/step - loss: 0.0134 - accuracy: 1.0000
Epoch 21/25

1/8 [==>...........................] - ETA: 0s - loss: 0.0124 - accuracy: 1.0000
8/8 [==============================] - 0s 7ms/step - loss: 0.0101 - accuracy: 1.0000
Epoch 22/25

1/8 [==>...........................] - ETA: 0s - loss: 0.0089 - accuracy: 1.0000
8/8 [==============================] - ETA: 0s - loss: 0.0082 - accuracy: 1.0000
8/8 [==============================] - 0s 8ms/step - loss: 0.0082 - accuracy: 1.0000
Epoch 23/25

1/8 [==>...........................] - ETA: 0s - loss: 0.0072 - accuracy: 1.0000
8/8 [==============================] - ETA: 0s - loss: 0.0075 - accuracy: 1.0000
8/8 [==============================] - 0s 8ms/step - loss: 0.0075 - accuracy: 1.0000
Epoch 24/25

1/8 [==>...........................] - ETA: 0s - loss: 0.0077 - accuracy: 1.0000
8/8 [==============================] - 0s 7ms/step - loss: 0.0067 - accuracy: 1.0000
Epoch 25/25

1/8 [==>...........................] - ETA: 0s - loss: 0.0054 - accuracy: 1.0000
7/8 [=========================>....] - ETA: 0s - loss: 0.0054 - accuracy: 1.0000
8/8 [==============================] - 0s 9ms/step - loss: 0.0052 - accuracy: 1.0000
# node2vec
Epoch 1/25

1/8 [==>...........................] - ETA: 5s - loss: 0.6669 - accuracy: 0.5625
8/8 [==============================] - 1s 7ms/step - loss: 0.7028 - accuracy: 0.4675
Epoch 2/25

1/8 [==>...........................] - ETA: 0s - loss: 0.6550 - accuracy: 0.6875
8/8 [==============================] - 0s 5ms/step - loss: 0.6298 - accuracy: 0.6970
Epoch 3/25

1/8 [==>...........................] - ETA: 0s - loss: 0.6498 - accuracy: 0.6562
8/8 [==============================] - 0s 5ms/step - loss: 0.5924 - accuracy: 0.7489
Epoch 4/25

1/8 [==>...........................] - ETA: 0s - loss: 0.5486 - accuracy: 0.8438
8/8 [==============================] - 0s 5ms/step - loss: 0.5545 - accuracy: 0.8571
Epoch 5/25

1/8 [==>...........................] - ETA: 0s - loss: 0.4929 - accuracy: 0.9375
8/8 [==============================] - 0s 4ms/step - loss: 0.5082 - accuracy: 0.9134
Epoch 6/25

1/8 [==>...........................] - ETA: 0s - loss: 0.5139 - accuracy: 0.9062
8/8 [==============================] - 0s 4ms/step - loss: 0.4750 - accuracy: 0.9221
Epoch 7/25

1/8 [==>...........................] - ETA: 0s - loss: 0.4720 - accuracy: 0.9375
8/8 [==============================] - 0s 4ms/step - loss: 0.4473 - accuracy: 0.9524
Epoch 8/25

1/8 [==>...........................] - ETA: 0s - loss: 0.4146 - accuracy: 0.9062
8/8 [==============================] - 0s 5ms/step - loss: 0.4056 - accuracy: 0.9351
Epoch 9/25

1/8 [==>...........................] - ETA: 0s - loss: 0.3606 - accuracy: 0.9688
8/8 [==============================] - 0s 4ms/step - loss: 0.3760 - accuracy: 0.9437
Epoch 10/25

1/8 [==>...........................] - ETA: 0s - loss: 0.3441 - accuracy: 1.0000
8/8 [==============================] - 0s 4ms/step - loss: 0.3450 - accuracy: 0.9784
Epoch 11/25

1/8 [==>...........................] - ETA: 0s - loss: 0.3356 - accuracy: 1.0000
8/8 [==============================] - 0s 4ms/step - loss: 0.3191 - accuracy: 0.9740
Epoch 12/25

1/8 [==>...........................] - ETA: 0s - loss: 0.2929 - accuracy: 0.9688
8/8 [==============================] - 0s 4ms/step - loss: 0.2877 - accuracy: 0.9827
Epoch 13/25

1/8 [==>...........................] - ETA: 0s - loss: 0.2679 - accuracy: 1.0000
8/8 [==============================] - 0s 4ms/step - loss: 0.2642 - accuracy: 0.9827
Epoch 14/25

1/8 [==>...........................] - ETA: 0s - loss: 0.2133 - accuracy: 1.0000
8/8 [==============================] - 0s 4ms/step - loss: 0.2429 - accuracy: 0.9957
Epoch 15/25

1/8 [==>...........................] - ETA: 0s - loss: 0.2017 - accuracy: 1.0000
8/8 [==============================] - 0s 4ms/step - loss: 0.2092 - accuracy: 0.9957
Epoch 16/25

1/8 [==>...........................] - ETA: 0s - loss: 0.1945 - accuracy: 1.0000
8/8 [==============================] - 0s 4ms/step - loss: 0.2021 - accuracy: 0.9913
Epoch 17/25

1/8 [==>...........................] - ETA: 0s - loss: 0.1614 - accuracy: 1.0000
8/8 [==============================] - 0s 4ms/step - loss: 0.1731 - accuracy: 1.0000
Epoch 18/25

1/8 [==>...........................] - ETA: 0s - loss: 0.1683 - accuracy: 1.0000
8/8 [==============================] - 0s 5ms/step - loss: 0.1640 - accuracy: 0.9913
Epoch 19/25

1/8 [==>...........................] - ETA: 0s - loss: 0.1109 - accuracy: 1.0000
8/8 [==============================] - 0s 5ms/step - loss: 0.1454 - accuracy: 1.0000
Epoch 20/25

1/8 [==>...........................] - ETA: 0s - loss: 0.1237 - accuracy: 1.0000
8/8 [==============================] - 0s 4ms/step - loss: 0.1337 - accuracy: 0.9957
Epoch 21/25

1/8 [==>...........................] - ETA: 0s - loss: 0.1331 - accuracy: 1.0000
8/8 [==============================] - 0s 5ms/step - loss: 0.1201 - accuracy: 0.9957
Epoch 22/25

1/8 [==>...........................] - ETA: 0s - loss: 0.1128 - accuracy: 1.0000
8/8 [==============================] - 0s 5ms/step - loss: 0.1077 - accuracy: 0.9957
Epoch 23/25

1/8 [==>...........................] - ETA: 0s - loss: 0.0848 - accuracy: 1.0000
6/8 [=====================>........] - ETA: 0s - loss: 0.0997 - accuracy: 1.0000
8/8 [==============================] - 0s 12ms/step - loss: 0.1000 - accuracy: 1.0000
Epoch 24/25

1/8 [==>...........................] - ETA: 0s - loss: 0.0898 - accuracy: 1.0000
8/8 [==============================] - 0s 7ms/step - loss: 0.0888 - accuracy: 1.0000
Epoch 25/25

1/8 [==>...........................] - ETA: 0s - loss: 0.0883 - accuracy: 1.0000
8/8 [==============================] - 0s 6ms/step - loss: 0.0816 - accuracy: 1.0000
# predict: steps=102
# predict: tnodeembed_metrics
# predict: node2vec_metrics
tnodeembed: {'auc': 0.6232837880863129, 'f1_micro': 0.5882352941176471, 'f1_macro': 0.5880866701246177} tNodeEmbed_final_loss=0.0052341013215482235 tNodeEmbed_final_accuracy=1.0 
node2vec: {'auc': 0.6100598327566321, 'f1_micro': 0.5759803921568627, 'f1_macro': 0.5759611279677903} node2vec_final_loss=0.08157309144735336 node2vec_final_accuracy=1.0 
