# load graph
Processing Static file: filename='CollegeMsg_20040421_nodes_9_edges_8_component_0.edges'
# initialize tNodeEmbed for dataset=COLLEGE, test_size=0.2
# load dataset
# fit
# tNodeEmbed
Epoch 1/25

1/8 [==>...........................] - ETA: 9s - loss: 0.6930 - accuracy: 0.6562
8/8 [==============================] - 1s 3ms/step - loss: 0.6937 - accuracy: 0.4805
Epoch 2/25

1/8 [==>...........................] - ETA: 0s - loss: 0.6909 - accuracy: 0.5312
8/8 [==============================] - 0s 4ms/step - loss: 0.6913 - accuracy: 0.5455
Epoch 3/25

1/8 [==>...........................] - ETA: 0s - loss: 0.6945 - accuracy: 0.3438
8/8 [==============================] - 0s 4ms/step - loss: 0.6905 - accuracy: 0.4805
Epoch 4/25

1/8 [==>...........................] - ETA: 0s - loss: 0.6888 - accuracy: 0.6250
8/8 [==============================] - 0s 3ms/step - loss: 0.6875 - accuracy: 0.5152
Epoch 5/25

1/8 [==>...........................] - ETA: 0s - loss: 0.6936 - accuracy: 0.4375
8/8 [==============================] - 0s 3ms/step - loss: 0.6816 - accuracy: 0.5325
Epoch 6/25

1/8 [==>...........................] - ETA: 0s - loss: 0.6869 - accuracy: 0.5312
8/8 [==============================] - 0s 3ms/step - loss: 0.6842 - accuracy: 0.5281
Epoch 7/25

1/8 [==>...........................] - ETA: 0s - loss: 0.6860 - accuracy: 0.6250
8/8 [==============================] - 0s 3ms/step - loss: 0.6762 - accuracy: 0.5108
Epoch 8/25

1/8 [==>...........................] - ETA: 0s - loss: 0.6740 - accuracy: 0.5938
8/8 [==============================] - 0s 3ms/step - loss: 0.6753 - accuracy: 0.5455
Epoch 9/25

1/8 [==>...........................] - ETA: 0s - loss: 0.6706 - accuracy: 0.5312
8/8 [==============================] - 0s 3ms/step - loss: 0.6650 - accuracy: 0.5238
Epoch 10/25

1/8 [==>...........................] - ETA: 0s - loss: 0.6476 - accuracy: 0.6250
8/8 [==============================] - 0s 3ms/step - loss: 0.6713 - accuracy: 0.5281
Epoch 11/25

1/8 [==>...........................] - ETA: 0s - loss: 0.6700 - accuracy: 0.6562
8/8 [==============================] - 0s 3ms/step - loss: 0.6660 - accuracy: 0.5368
Epoch 12/25

1/8 [==>...........................] - ETA: 0s - loss: 0.6667 - accuracy: 0.7188
8/8 [==============================] - 0s 3ms/step - loss: 0.6663 - accuracy: 0.5498
Epoch 13/25

1/8 [==>...........................] - ETA: 0s - loss: 0.6469 - accuracy: 0.5312
8/8 [==============================] - 0s 3ms/step - loss: 0.6688 - accuracy: 0.5108
Epoch 14/25

1/8 [==>...........................] - ETA: 0s - loss: 0.6572 - accuracy: 0.6250
8/8 [==============================] - 0s 6ms/step - loss: 0.6586 - accuracy: 0.5498
Epoch 15/25

1/8 [==>...........................] - ETA: 0s - loss: 0.7016 - accuracy: 0.4375
8/8 [==============================] - 0s 4ms/step - loss: 0.6589 - accuracy: 0.5498
Epoch 16/25

1/8 [==>...........................] - ETA: 0s - loss: 0.6715 - accuracy: 0.5312
8/8 [==============================] - 0s 4ms/step - loss: 0.6652 - accuracy: 0.5455
Epoch 17/25

1/8 [==>...........................] - ETA: 0s - loss: 0.6378 - accuracy: 0.4688
8/8 [==============================] - 0s 3ms/step - loss: 0.6570 - accuracy: 0.4978
Epoch 18/25

1/8 [==>...........................] - ETA: 0s - loss: 0.6595 - accuracy: 0.4375
8/8 [==============================] - 0s 3ms/step - loss: 0.6636 - accuracy: 0.5584
Epoch 19/25

1/8 [==>...........................] - ETA: 0s - loss: 0.6712 - accuracy: 0.5625
8/8 [==============================] - 0s 3ms/step - loss: 0.6591 - accuracy: 0.5152
Epoch 20/25

1/8 [==>...........................] - ETA: 0s - loss: 0.6738 - accuracy: 0.6250
8/8 [==============================] - 0s 3ms/step - loss: 0.6563 - accuracy: 0.5498
Epoch 21/25

1/8 [==>...........................] - ETA: 0s - loss: 0.6721 - accuracy: 0.5625
8/8 [==============================] - 0s 4ms/step - loss: 0.6604 - accuracy: 0.5065
Epoch 22/25

1/8 [==>...........................] - ETA: 0s - loss: 0.6900 - accuracy: 0.4688
8/8 [==============================] - 0s 4ms/step - loss: 0.6554 - accuracy: 0.5671
Epoch 23/25

1/8 [==>...........................] - ETA: 0s - loss: 0.6759 - accuracy: 0.3438
8/8 [==============================] - 0s 4ms/step - loss: 0.6529 - accuracy: 0.5411
Epoch 24/25

1/8 [==>...........................] - ETA: 0s - loss: 0.6659 - accuracy: 0.6250
8/8 [==============================] - 0s 4ms/step - loss: 0.6575 - accuracy: 0.5368
Epoch 25/25

1/8 [==>...........................] - ETA: 0s - loss: 0.6322 - accuracy: 0.5312
8/8 [==============================] - 0s 4ms/step - loss: 0.6588 - accuracy: 0.5498
# node2vec
Epoch 1/25

1/8 [==>...........................] - ETA: 2s - loss: 0.7028 - accuracy: 0.2500
8/8 [==============================] - 0s 2ms/step - loss: 0.6941 - accuracy: 0.4329
Epoch 2/25

1/8 [==>...........................] - ETA: 0s - loss: 0.6924 - accuracy: 0.4688
8/8 [==============================] - 0s 1ms/step - loss: 0.6862 - accuracy: 0.5325
Epoch 3/25

1/8 [==>...........................] - ETA: 0s - loss: 0.6755 - accuracy: 0.4688
8/8 [==============================] - 0s 2ms/step - loss: 0.6825 - accuracy: 0.4762
Epoch 4/25

1/8 [==>...........................] - ETA: 0s - loss: 0.6730 - accuracy: 0.5312
8/8 [==============================] - 0s 2ms/step - loss: 0.6825 - accuracy: 0.5411
Epoch 5/25

1/8 [==>...........................] - ETA: 0s - loss: 0.6605 - accuracy: 0.7188
8/8 [==============================] - 0s 2ms/step - loss: 0.6720 - accuracy: 0.5368
Epoch 6/25

1/8 [==>...........................] - ETA: 0s - loss: 0.6808 - accuracy: 0.5625
8/8 [==============================] - 0s 2ms/step - loss: 0.6758 - accuracy: 0.5455
Epoch 7/25

1/8 [==>...........................] - ETA: 0s - loss: 0.6918 - accuracy: 0.4062
8/8 [==============================] - 0s 2ms/step - loss: 0.6752 - accuracy: 0.5108
Epoch 8/25

1/8 [==>...........................] - ETA: 0s - loss: 0.6981 - accuracy: 0.4375
8/8 [==============================] - 0s 2ms/step - loss: 0.6698 - accuracy: 0.5325
Epoch 9/25

1/8 [==>...........................] - ETA: 0s - loss: 0.6750 - accuracy: 0.6250
8/8 [==============================] - 0s 2ms/step - loss: 0.6652 - accuracy: 0.5411
Epoch 10/25

1/8 [==>...........................] - ETA: 0s - loss: 0.6950 - accuracy: 0.4375
8/8 [==============================] - 0s 2ms/step - loss: 0.6771 - accuracy: 0.5152
Epoch 11/25

1/8 [==>...........................] - ETA: 0s - loss: 0.6750 - accuracy: 0.5625
8/8 [==============================] - 0s 2ms/step - loss: 0.6629 - accuracy: 0.5628
Epoch 12/25

1/8 [==>...........................] - ETA: 0s - loss: 0.6632 - accuracy: 0.5000
8/8 [==============================] - 0s 2ms/step - loss: 0.6684 - accuracy: 0.5238
Epoch 13/25

1/8 [==>...........................] - ETA: 0s - loss: 0.6908 - accuracy: 0.5625
8/8 [==============================] - 0s 2ms/step - loss: 0.6593 - accuracy: 0.5065
Epoch 14/25

1/8 [==>...........................] - ETA: 0s - loss: 0.6499 - accuracy: 0.6250
8/8 [==============================] - 0s 2ms/step - loss: 0.6709 - accuracy: 0.5368
Epoch 15/25

1/8 [==>...........................] - ETA: 0s - loss: 0.6565 - accuracy: 0.5000
8/8 [==============================] - 0s 2ms/step - loss: 0.6652 - accuracy: 0.5541
Epoch 16/25

1/8 [==>...........................] - ETA: 0s - loss: 0.6781 - accuracy: 0.4688
8/8 [==============================] - 0s 2ms/step - loss: 0.6618 - accuracy: 0.5281
Epoch 17/25

1/8 [==>...........................] - ETA: 0s - loss: 0.6889 - accuracy: 0.4375
8/8 [==============================] - 0s 2ms/step - loss: 0.6627 - accuracy: 0.5368
Epoch 18/25

1/8 [==>...........................] - ETA: 0s - loss: 0.6591 - accuracy: 0.6250
8/8 [==============================] - 0s 2ms/step - loss: 0.6596 - accuracy: 0.5281
Epoch 19/25

1/8 [==>...........................] - ETA: 0s - loss: 0.7020 - accuracy: 0.5000
8/8 [==============================] - 0s 2ms/step - loss: 0.6609 - accuracy: 0.5368
Epoch 20/25

1/8 [==>...........................] - ETA: 0s - loss: 0.6731 - accuracy: 0.4688
8/8 [==============================] - 0s 2ms/step - loss: 0.6619 - accuracy: 0.5195
Epoch 21/25

1/8 [==>...........................] - ETA: 0s - loss: 0.6620 - accuracy: 0.5938
8/8 [==============================] - 0s 2ms/step - loss: 0.6658 - accuracy: 0.5455
Epoch 22/25

1/8 [==>...........................] - ETA: 0s - loss: 0.6771 - accuracy: 0.5312
8/8 [==============================] - 0s 2ms/step - loss: 0.6571 - accuracy: 0.5325
Epoch 23/25

1/8 [==>...........................] - ETA: 0s - loss: 0.6593 - accuracy: 0.5312
8/8 [==============================] - 0s 2ms/step - loss: 0.6646 - accuracy: 0.5108
Epoch 24/25

1/8 [==>...........................] - ETA: 0s - loss: 0.6462 - accuracy: 0.5625
8/8 [==============================] - 0s 2ms/step - loss: 0.6595 - accuracy: 0.5325
Epoch 25/25

1/8 [==>...........................] - ETA: 0s - loss: 0.6822 - accuracy: 0.5000
8/8 [==============================] - 0s 3ms/step - loss: 0.6492 - accuracy: 0.5455
# predict: steps=102
# predict: tnodeembed_metrics
# predict: node2vec_metrics
tnodeembed: {'auc': 0.5598023446510959, 'f1_micro': 0.5628063725490197, 'f1_macro': 0.4796224774656559} tNodeEmbed_final_loss=0.6587538123130798 tNodeEmbed_final_accuracy=0.5497835278511047 
node2vec: {'auc': 0.5532780360918877, 'f1_micro': 0.5594362745098039, 'f1_macro': 0.47329412018184563} node2vec_final_loss=0.649224042892456 node2vec_final_accuracy=0.5454545617103577 
