# load graph
Processing Static file: filename='CollegeMsg_20040423_nodes_82_edges_108_component_0.edges'
# initialize tNodeEmbed for dataset=COLLEGE, test_size=0.2
# load dataset
# fit
# tNodeEmbed
Epoch 1/25

1/8 [==>...........................] - ETA: 9s - loss: 0.6938 - accuracy: 0.5000
8/8 [==============================] - 1s 4ms/step - loss: 0.6924 - accuracy: 0.4242
Epoch 2/25

1/8 [==>...........................] - ETA: 0s - loss: 0.6793 - accuracy: 0.5938
8/8 [==============================] - 0s 4ms/step - loss: 0.6900 - accuracy: 0.4762
Epoch 3/25

1/8 [==>...........................] - ETA: 0s - loss: 0.6855 - accuracy: 0.5000
8/8 [==============================] - 0s 3ms/step - loss: 0.6830 - accuracy: 0.5195
Epoch 4/25

1/8 [==>...........................] - ETA: 0s - loss: 0.6726 - accuracy: 0.5000
8/8 [==============================] - 0s 3ms/step - loss: 0.6821 - accuracy: 0.5022
Epoch 5/25

1/8 [==>...........................] - ETA: 0s - loss: 0.6677 - accuracy: 0.5000
8/8 [==============================] - 0s 4ms/step - loss: 0.6726 - accuracy: 0.4978
Epoch 6/25

1/8 [==>...........................] - ETA: 0s - loss: 0.6574 - accuracy: 0.5312
8/8 [==============================] - 0s 4ms/step - loss: 0.6635 - accuracy: 0.5887
Epoch 7/25

1/8 [==>...........................] - ETA: 0s - loss: 0.6652 - accuracy: 0.5312
8/8 [==============================] - 0s 4ms/step - loss: 0.6470 - accuracy: 0.5758
Epoch 8/25

1/8 [==>...........................] - ETA: 0s - loss: 0.6560 - accuracy: 0.5312
8/8 [==============================] - 0s 4ms/step - loss: 0.6526 - accuracy: 0.6017
Epoch 9/25

1/8 [==>...........................] - ETA: 0s - loss: 0.6196 - accuracy: 0.6562
8/8 [==============================] - 0s 4ms/step - loss: 0.6311 - accuracy: 0.5844
Epoch 10/25

1/8 [==>...........................] - ETA: 0s - loss: 0.6431 - accuracy: 0.6875
8/8 [==============================] - 0s 4ms/step - loss: 0.6245 - accuracy: 0.6017
Epoch 11/25

1/8 [==>...........................] - ETA: 0s - loss: 0.6464 - accuracy: 0.5938
8/8 [==============================] - 0s 3ms/step - loss: 0.6297 - accuracy: 0.5974
Epoch 12/25

1/8 [==>...........................] - ETA: 0s - loss: 0.5656 - accuracy: 0.5000
8/8 [==============================] - 0s 3ms/step - loss: 0.6040 - accuracy: 0.5974
Epoch 13/25

1/8 [==>...........................] - ETA: 0s - loss: 0.5885 - accuracy: 0.6562
8/8 [==============================] - 0s 3ms/step - loss: 0.6095 - accuracy: 0.5758
Epoch 14/25

1/8 [==>...........................] - ETA: 0s - loss: 0.6103 - accuracy: 0.6562
8/8 [==============================] - 0s 3ms/step - loss: 0.6199 - accuracy: 0.6147
Epoch 15/25

1/8 [==>...........................] - ETA: 0s - loss: 0.5499 - accuracy: 0.6875
8/8 [==============================] - 0s 3ms/step - loss: 0.6015 - accuracy: 0.6061
Epoch 16/25

1/8 [==>...........................] - ETA: 0s - loss: 0.6320 - accuracy: 0.5000
8/8 [==============================] - 0s 4ms/step - loss: 0.6064 - accuracy: 0.6104
Epoch 17/25

1/8 [==>...........................] - ETA: 0s - loss: 0.6511 - accuracy: 0.4062
8/8 [==============================] - 0s 3ms/step - loss: 0.5965 - accuracy: 0.6061
Epoch 18/25

1/8 [==>...........................] - ETA: 0s - loss: 0.6399 - accuracy: 0.6250
8/8 [==============================] - 0s 3ms/step - loss: 0.6099 - accuracy: 0.6061
Epoch 19/25

1/8 [==>...........................] - ETA: 0s - loss: 0.6060 - accuracy: 0.5938
8/8 [==============================] - 0s 4ms/step - loss: 0.5973 - accuracy: 0.6320
Epoch 20/25

1/8 [==>...........................] - ETA: 0s - loss: 0.5965 - accuracy: 0.4688
8/8 [==============================] - 0s 4ms/step - loss: 0.5952 - accuracy: 0.6147
Epoch 21/25

1/8 [==>...........................] - ETA: 0s - loss: 0.5936 - accuracy: 0.5625
8/8 [==============================] - 0s 7ms/step - loss: 0.6044 - accuracy: 0.5801
Epoch 22/25

1/8 [==>...........................] - ETA: 0s - loss: 0.5653 - accuracy: 0.5625
8/8 [==============================] - 0s 4ms/step - loss: 0.5649 - accuracy: 0.6407
Epoch 23/25

1/8 [==>...........................] - ETA: 0s - loss: 0.6010 - accuracy: 0.5312
8/8 [==============================] - 0s 4ms/step - loss: 0.6147 - accuracy: 0.5974
Epoch 24/25

1/8 [==>...........................] - ETA: 0s - loss: 0.7691 - accuracy: 0.4375
8/8 [==============================] - 0s 4ms/step - loss: 0.5974 - accuracy: 0.5974
Epoch 25/25

1/8 [==>...........................] - ETA: 0s - loss: 0.5688 - accuracy: 0.6562
8/8 [==============================] - 0s 4ms/step - loss: 0.5772 - accuracy: 0.6234
# node2vec
Epoch 1/25

1/8 [==>...........................] - ETA: 2s - loss: 0.6937 - accuracy: 0.4375
8/8 [==============================] - 0s 2ms/step - loss: 0.6868 - accuracy: 0.4502
Epoch 2/25

1/8 [==>...........................] - ETA: 0s - loss: 0.6865 - accuracy: 0.3750
8/8 [==============================] - 0s 2ms/step - loss: 0.6794 - accuracy: 0.5108
Epoch 3/25

1/8 [==>...........................] - ETA: 0s - loss: 0.6828 - accuracy: 0.6250
8/8 [==============================] - 0s 2ms/step - loss: 0.6642 - accuracy: 0.5628
Epoch 4/25

1/8 [==>...........................] - ETA: 0s - loss: 0.6832 - accuracy: 0.5000
8/8 [==============================] - 0s 3ms/step - loss: 0.6572 - accuracy: 0.6061
Epoch 5/25

1/8 [==>...........................] - ETA: 0s - loss: 0.6760 - accuracy: 0.5625
8/8 [==============================] - 0s 2ms/step - loss: 0.6527 - accuracy: 0.5801
Epoch 6/25

1/8 [==>...........................] - ETA: 0s - loss: 0.5928 - accuracy: 0.6875
8/8 [==============================] - 0s 2ms/step - loss: 0.6379 - accuracy: 0.5887
Epoch 7/25

1/8 [==>...........................] - ETA: 0s - loss: 0.6711 - accuracy: 0.6875
8/8 [==============================] - 0s 2ms/step - loss: 0.6443 - accuracy: 0.6104
Epoch 8/25

1/8 [==>...........................] - ETA: 0s - loss: 0.5995 - accuracy: 0.6250
8/8 [==============================] - 0s 2ms/step - loss: 0.6314 - accuracy: 0.5974
Epoch 9/25

1/8 [==>...........................] - ETA: 0s - loss: 0.6562 - accuracy: 0.6250
8/8 [==============================] - 0s 2ms/step - loss: 0.6389 - accuracy: 0.5887
Epoch 10/25

1/8 [==>...........................] - ETA: 0s - loss: 0.6503 - accuracy: 0.5000
8/8 [==============================] - 0s 2ms/step - loss: 0.6333 - accuracy: 0.6061
Epoch 11/25

1/8 [==>...........................] - ETA: 0s - loss: 0.6305 - accuracy: 0.5312
8/8 [==============================] - 0s 2ms/step - loss: 0.6324 - accuracy: 0.6017
Epoch 12/25

1/8 [==>...........................] - ETA: 0s - loss: 0.6302 - accuracy: 0.5312
8/8 [==============================] - 0s 2ms/step - loss: 0.6187 - accuracy: 0.5887
Epoch 13/25

1/8 [==>...........................] - ETA: 0s - loss: 0.6472 - accuracy: 0.5312
8/8 [==============================] - 0s 2ms/step - loss: 0.6212 - accuracy: 0.6277
Epoch 14/25

1/8 [==>...........................] - ETA: 0s - loss: 0.5812 - accuracy: 0.6562
8/8 [==============================] - 0s 2ms/step - loss: 0.6295 - accuracy: 0.5931
Epoch 15/25

1/8 [==>...........................] - ETA: 0s - loss: 0.5595 - accuracy: 0.7188
8/8 [==============================] - 0s 2ms/step - loss: 0.6101 - accuracy: 0.6190
Epoch 16/25

1/8 [==>...........................] - ETA: 0s - loss: 0.6476 - accuracy: 0.5625
8/8 [==============================] - 0s 2ms/step - loss: 0.6293 - accuracy: 0.5801
Epoch 17/25

1/8 [==>...........................] - ETA: 0s - loss: 0.6532 - accuracy: 0.4375
8/8 [==============================] - 0s 2ms/step - loss: 0.6059 - accuracy: 0.6147
Epoch 18/25

1/8 [==>...........................] - ETA: 0s - loss: 0.6535 - accuracy: 0.5312
8/8 [==============================] - 0s 2ms/step - loss: 0.6109 - accuracy: 0.6017
Epoch 19/25

1/8 [==>...........................] - ETA: 0s - loss: 0.6299 - accuracy: 0.6250
8/8 [==============================] - 0s 2ms/step - loss: 0.6135 - accuracy: 0.5887
Epoch 20/25

1/8 [==>...........................] - ETA: 0s - loss: 0.6659 - accuracy: 0.5312
8/8 [==============================] - 0s 2ms/step - loss: 0.6128 - accuracy: 0.6061
Epoch 21/25

1/8 [==>...........................] - ETA: 0s - loss: 0.6617 - accuracy: 0.5625
8/8 [==============================] - 0s 2ms/step - loss: 0.6002 - accuracy: 0.6277
Epoch 22/25

1/8 [==>...........................] - ETA: 0s - loss: 0.6806 - accuracy: 0.4375
8/8 [==============================] - 0s 2ms/step - loss: 0.6131 - accuracy: 0.5974
Epoch 23/25

1/8 [==>...........................] - ETA: 0s - loss: 0.5568 - accuracy: 0.5625
8/8 [==============================] - 0s 2ms/step - loss: 0.6080 - accuracy: 0.5974
Epoch 24/25

1/8 [==>...........................] - ETA: 0s - loss: 0.6166 - accuracy: 0.5938
8/8 [==============================] - 0s 2ms/step - loss: 0.6113 - accuracy: 0.6147
Epoch 25/25

1/8 [==>...........................] - ETA: 0s - loss: 0.6074 - accuracy: 0.5625
8/8 [==============================] - 0s 2ms/step - loss: 0.5955 - accuracy: 0.6190
# predict: steps=102
# predict: tnodeembed_metrics
# predict: node2vec_metrics
tnodeembed: {'auc': 0.5974307883386197, 'f1_micro': 0.5830269607843137, 'f1_macro': 0.5310130449053312} tNodeEmbed_final_loss=0.57722008228302 tNodeEmbed_final_accuracy=0.6233766078948975 
node2vec: {'auc': 0.590189357759035, 'f1_micro': 0.5465686274509803, 'f1_macro': 0.4715208609840981} node2vec_final_loss=0.595525324344635 node2vec_final_accuracy=0.6190476417541504 
