# load graph
Processing Static file: filename='CollegeMsg_20040516_nodes_234_edges_301_component_0.edges'
# initialize tNodeEmbed for dataset=COLLEGE, test_size=0.2
# load dataset
# fit
# tNodeEmbed
Epoch 1/25

1/8 [==>...........................] - ETA: 10s - loss: 0.6971 - accuracy: 0.3750
8/8 [==============================] - 2s 3ms/step - loss: 0.6881 - accuracy: 0.6623
Epoch 2/25

1/8 [==>...........................] - ETA: 0s - loss: 0.6878 - accuracy: 0.6250
8/8 [==============================] - 0s 3ms/step - loss: 0.6728 - accuracy: 0.7100
Epoch 3/25

1/8 [==>...........................] - ETA: 0s - loss: 0.6622 - accuracy: 0.6562
8/8 [==============================] - 0s 4ms/step - loss: 0.6481 - accuracy: 0.7013
Epoch 4/25

1/8 [==>...........................] - ETA: 0s - loss: 0.6001 - accuracy: 0.8750
8/8 [==============================] - 0s 4ms/step - loss: 0.6130 - accuracy: 0.7186
Epoch 5/25

1/8 [==>...........................] - ETA: 0s - loss: 0.6032 - accuracy: 0.6875
8/8 [==============================] - 0s 3ms/step - loss: 0.5694 - accuracy: 0.7229
Epoch 6/25

1/8 [==>...........................] - ETA: 0s - loss: 0.4472 - accuracy: 0.8750
8/8 [==============================] - 0s 3ms/step - loss: 0.5040 - accuracy: 0.7749
Epoch 7/25

1/8 [==>...........................] - ETA: 0s - loss: 0.4661 - accuracy: 0.8125
8/8 [==============================] - 0s 3ms/step - loss: 0.4582 - accuracy: 0.7965
Epoch 8/25

1/8 [==>...........................] - ETA: 0s - loss: 0.4471 - accuracy: 0.7500
8/8 [==============================] - 0s 3ms/step - loss: 0.3750 - accuracy: 0.8355
Epoch 9/25

1/8 [==>...........................] - ETA: 0s - loss: 0.3075 - accuracy: 0.9688
8/8 [==============================] - 0s 3ms/step - loss: 0.3235 - accuracy: 0.8831
Epoch 10/25

1/8 [==>...........................] - ETA: 0s - loss: 0.2263 - accuracy: 0.9062
8/8 [==============================] - 0s 3ms/step - loss: 0.2959 - accuracy: 0.8615
Epoch 11/25

1/8 [==>...........................] - ETA: 0s - loss: 0.2276 - accuracy: 0.9375
8/8 [==============================] - 0s 3ms/step - loss: 0.2293 - accuracy: 0.9264
Epoch 12/25

1/8 [==>...........................] - ETA: 0s - loss: 0.2071 - accuracy: 0.9688
8/8 [==============================] - 0s 3ms/step - loss: 0.2013 - accuracy: 0.9307
Epoch 13/25

1/8 [==>...........................] - ETA: 0s - loss: 0.1179 - accuracy: 0.9688
8/8 [==============================] - 0s 4ms/step - loss: 0.1778 - accuracy: 0.9351
Epoch 14/25

1/8 [==>...........................] - ETA: 0s - loss: 0.1762 - accuracy: 0.9062
8/8 [==============================] - 0s 3ms/step - loss: 0.1431 - accuracy: 0.9524
Epoch 15/25

1/8 [==>...........................] - ETA: 0s - loss: 0.1036 - accuracy: 0.9688
8/8 [==============================] - 0s 3ms/step - loss: 0.1154 - accuracy: 0.9654
Epoch 16/25

1/8 [==>...........................] - ETA: 0s - loss: 0.0457 - accuracy: 1.0000
8/8 [==============================] - 0s 3ms/step - loss: 0.1060 - accuracy: 0.9654
Epoch 17/25

1/8 [==>...........................] - ETA: 0s - loss: 0.1012 - accuracy: 0.9688
8/8 [==============================] - 0s 3ms/step - loss: 0.0884 - accuracy: 0.9697
Epoch 18/25

1/8 [==>...........................] - ETA: 0s - loss: 0.1107 - accuracy: 0.9688
8/8 [==============================] - 0s 4ms/step - loss: 0.0839 - accuracy: 0.9697
Epoch 19/25

1/8 [==>...........................] - ETA: 0s - loss: 0.0268 - accuracy: 1.0000
8/8 [==============================] - 0s 4ms/step - loss: 0.0672 - accuracy: 0.9740
Epoch 20/25

1/8 [==>...........................] - ETA: 0s - loss: 0.0824 - accuracy: 0.9688
8/8 [==============================] - 0s 4ms/step - loss: 0.0823 - accuracy: 0.9610
Epoch 21/25

1/8 [==>...........................] - ETA: 0s - loss: 0.0824 - accuracy: 0.9688
8/8 [==============================] - 0s 3ms/step - loss: 0.0740 - accuracy: 0.9697
Epoch 22/25

1/8 [==>...........................] - ETA: 0s - loss: 0.0311 - accuracy: 1.0000
8/8 [==============================] - 0s 4ms/step - loss: 0.0640 - accuracy: 0.9697
Epoch 23/25

1/8 [==>...........................] - ETA: 0s - loss: 0.0711 - accuracy: 0.9688
8/8 [==============================] - 0s 3ms/step - loss: 0.0572 - accuracy: 0.9740
Epoch 24/25

1/8 [==>...........................] - ETA: 0s - loss: 0.0693 - accuracy: 1.0000
8/8 [==============================] - 0s 3ms/step - loss: 0.0697 - accuracy: 0.9654
Epoch 25/25

1/8 [==>...........................] - ETA: 0s - loss: 0.0292 - accuracy: 1.0000
8/8 [==============================] - 0s 3ms/step - loss: 0.0515 - accuracy: 0.9784
# node2vec
Epoch 1/25

1/8 [==>...........................] - ETA: 2s - loss: 0.6781 - accuracy: 0.6250
8/8 [==============================] - 0s 2ms/step - loss: 0.6824 - accuracy: 0.5971
Epoch 2/25

1/8 [==>...........................] - ETA: 0s - loss: 0.6568 - accuracy: 0.5938
8/8 [==============================] - 0s 2ms/step - loss: 0.6410 - accuracy: 0.6758
Epoch 3/25

1/8 [==>...........................] - ETA: 0s - loss: 0.5623 - accuracy: 0.8125
8/8 [==============================] - 0s 2ms/step - loss: 0.5804 - accuracy: 0.7706
Epoch 4/25

1/8 [==>...........................] - ETA: 0s - loss: 0.5595 - accuracy: 0.8125
8/8 [==============================] - 0s 3ms/step - loss: 0.5464 - accuracy: 0.8052
Epoch 5/25

1/8 [==>...........................] - ETA: 0s - loss: 0.5177 - accuracy: 0.8438
8/8 [==============================] - 0s 2ms/step - loss: 0.5040 - accuracy: 0.8312
Epoch 6/25

1/8 [==>...........................] - ETA: 0s - loss: 0.4786 - accuracy: 0.8438
8/8 [==============================] - 0s 2ms/step - loss: 0.4841 - accuracy: 0.8052
Epoch 7/25

1/8 [==>...........................] - ETA: 0s - loss: 0.4246 - accuracy: 0.9062
8/8 [==============================] - 0s 2ms/step - loss: 0.4375 - accuracy: 0.8528
Epoch 8/25

1/8 [==>...........................] - ETA: 0s - loss: 0.4312 - accuracy: 0.7812
8/8 [==============================] - 0s 2ms/step - loss: 0.4058 - accuracy: 0.8745
Epoch 9/25

1/8 [==>...........................] - ETA: 0s - loss: 0.4051 - accuracy: 0.8438
8/8 [==============================] - 0s 2ms/step - loss: 0.3818 - accuracy: 0.8701
Epoch 10/25

1/8 [==>...........................] - ETA: 0s - loss: 0.4105 - accuracy: 0.8750
8/8 [==============================] - 0s 2ms/step - loss: 0.3529 - accuracy: 0.8831
Epoch 11/25

1/8 [==>...........................] - ETA: 0s - loss: 0.3282 - accuracy: 0.9062
8/8 [==============================] - 0s 2ms/step - loss: 0.3301 - accuracy: 0.9048
Epoch 12/25

1/8 [==>...........................] - ETA: 0s - loss: 0.3082 - accuracy: 0.8750
8/8 [==============================] - 0s 2ms/step - loss: 0.3098 - accuracy: 0.9177
Epoch 13/25

1/8 [==>...........................] - ETA: 0s - loss: 0.3010 - accuracy: 0.9062
8/8 [==============================] - 0s 2ms/step - loss: 0.3056 - accuracy: 0.8918
Epoch 14/25

1/8 [==>...........................] - ETA: 0s - loss: 0.2307 - accuracy: 0.9062
8/8 [==============================] - 0s 2ms/step - loss: 0.2596 - accuracy: 0.9394
Epoch 15/25

1/8 [==>...........................] - ETA: 0s - loss: 0.1956 - accuracy: 0.9688
8/8 [==============================] - 0s 2ms/step - loss: 0.2495 - accuracy: 0.9307
Epoch 16/25

1/8 [==>...........................] - ETA: 0s - loss: 0.2385 - accuracy: 1.0000
8/8 [==============================] - 0s 3ms/step - loss: 0.2285 - accuracy: 0.9437
Epoch 17/25

1/8 [==>...........................] - ETA: 0s - loss: 0.2431 - accuracy: 0.9688
8/8 [==============================] - 0s 2ms/step - loss: 0.2337 - accuracy: 0.9437
Epoch 18/25

1/8 [==>...........................] - ETA: 0s - loss: 0.2590 - accuracy: 0.9062
8/8 [==============================] - 0s 2ms/step - loss: 0.2078 - accuracy: 0.9524
Epoch 19/25

1/8 [==>...........................] - ETA: 0s - loss: 0.2009 - accuracy: 0.9375
8/8 [==============================] - 0s 2ms/step - loss: 0.1903 - accuracy: 0.9654
Epoch 20/25

1/8 [==>...........................] - ETA: 0s - loss: 0.1414 - accuracy: 0.9688
8/8 [==============================] - 0s 2ms/step - loss: 0.1767 - accuracy: 0.9610
Epoch 21/25

1/8 [==>...........................] - ETA: 0s - loss: 0.1300 - accuracy: 0.9688
8/8 [==============================] - 0s 3ms/step - loss: 0.1836 - accuracy: 0.9567
Epoch 22/25

1/8 [==>...........................] - ETA: 0s - loss: 0.1815 - accuracy: 1.0000
8/8 [==============================] - 0s 2ms/step - loss: 0.1691 - accuracy: 0.9654
Epoch 23/25

1/8 [==>...........................] - ETA: 0s - loss: 0.1033 - accuracy: 0.9688
8/8 [==============================] - 0s 3ms/step - loss: 0.1512 - accuracy: 0.9654
Epoch 24/25

1/8 [==>...........................] - ETA: 0s - loss: 0.1934 - accuracy: 0.9062
8/8 [==============================] - 0s 3ms/step - loss: 0.1480 - accuracy: 0.9654
Epoch 25/25

1/8 [==>...........................] - ETA: 0s - loss: 0.1843 - accuracy: 0.9375
8/8 [==============================] - 0s 3ms/step - loss: 0.1349 - accuracy: 0.9697
# predict: steps=102
# predict: tnodeembed_metrics
# predict: node2vec_metrics
tnodeembed: {'auc': 0.6232195850153788, 'f1_micro': 0.5922181372549019, 'f1_macro': 0.5918426478276984} tNodeEmbed_final_loss=0.05147608742117882 tNodeEmbed_final_accuracy=0.9783549904823303 
node2vec: {'auc': 0.6307305934015763, 'f1_micro': 0.5943627450980392, 'f1_macro': 0.5934340355392987} node2vec_final_loss=0.1348583698272705 node2vec_final_accuracy=0.9696969985961914 
