# load graph
Processing Static file: filename='CollegeMsg_20040605_nodes_54_edges_53_component_0.edges'
# initialize tNodeEmbed for dataset=COLLEGE, test_size=0.2
# load dataset
# fit
# tNodeEmbed
Epoch 1/25

1/8 [==>...........................] - ETA: 24s - loss: 0.6894 - accuracy: 0.6562
8/8 [==============================] - ETA: 0s - loss: 0.6887 - accuracy: 0.5671 
8/8 [==============================] - 3s 8ms/step - loss: 0.6887 - accuracy: 0.5671
Epoch 2/25

1/8 [==>...........................] - ETA: 0s - loss: 0.6796 - accuracy: 0.7188
7/8 [=========================>....] - ETA: 0s - loss: 0.6802 - accuracy: 0.6935
8/8 [==============================] - 0s 8ms/step - loss: 0.6785 - accuracy: 0.7143
Epoch 3/25

1/8 [==>...........................] - ETA: 0s - loss: 0.6682 - accuracy: 0.8125
8/8 [==============================] - 0s 7ms/step - loss: 0.6573 - accuracy: 0.8528
Epoch 4/25

1/8 [==>...........................] - ETA: 0s - loss: 0.6389 - accuracy: 0.9062
8/8 [==============================] - 0s 6ms/step - loss: 0.6348 - accuracy: 0.8485
Epoch 5/25

1/8 [==>...........................] - ETA: 0s - loss: 0.6144 - accuracy: 0.9375
8/8 [==============================] - 0s 7ms/step - loss: 0.5939 - accuracy: 0.9004
Epoch 6/25

1/8 [==>...........................] - ETA: 0s - loss: 0.5499 - accuracy: 0.9062
8/8 [==============================] - 0s 6ms/step - loss: 0.5429 - accuracy: 0.8745
Epoch 7/25

1/8 [==>...........................] - ETA: 0s - loss: 0.5058 - accuracy: 0.9375
8/8 [==============================] - 0s 5ms/step - loss: 0.4710 - accuracy: 0.8831
Epoch 8/25

1/8 [==>...........................] - ETA: 0s - loss: 0.3836 - accuracy: 0.9062
8/8 [==============================] - 0s 6ms/step - loss: 0.3871 - accuracy: 0.8961
Epoch 9/25

1/8 [==>...........................] - ETA: 0s - loss: 0.3501 - accuracy: 0.8750
8/8 [==============================] - 0s 5ms/step - loss: 0.3093 - accuracy: 0.9307
Epoch 10/25

1/8 [==>...........................] - ETA: 0s - loss: 0.3228 - accuracy: 0.8750
8/8 [==============================] - 0s 6ms/step - loss: 0.2334 - accuracy: 0.9481
Epoch 11/25

1/8 [==>...........................] - ETA: 0s - loss: 0.1917 - accuracy: 0.9375
8/8 [==============================] - 0s 6ms/step - loss: 0.1673 - accuracy: 0.9784
Epoch 12/25

1/8 [==>...........................] - ETA: 0s - loss: 0.1757 - accuracy: 0.9375
8/8 [==============================] - ETA: 0s - loss: 0.1319 - accuracy: 0.9697
8/8 [==============================] - 0s 8ms/step - loss: 0.1319 - accuracy: 0.9697
Epoch 13/25

1/8 [==>...........................] - ETA: 0s - loss: 0.0984 - accuracy: 1.0000
8/8 [==============================] - 0s 6ms/step - loss: 0.0773 - accuracy: 0.9957
Epoch 14/25

1/8 [==>...........................] - ETA: 0s - loss: 0.1008 - accuracy: 0.9688
8/8 [==============================] - 0s 6ms/step - loss: 0.0579 - accuracy: 0.9913
Epoch 15/25

1/8 [==>...........................] - ETA: 0s - loss: 0.0666 - accuracy: 1.0000
8/8 [==============================] - 0s 7ms/step - loss: 0.0421 - accuracy: 0.9957
Epoch 16/25

1/8 [==>...........................] - ETA: 0s - loss: 0.0349 - accuracy: 1.0000
8/8 [==============================] - 0s 7ms/step - loss: 0.0284 - accuracy: 0.9957
Epoch 17/25

1/8 [==>...........................] - ETA: 0s - loss: 0.0466 - accuracy: 0.9688
5/8 [=================>............] - ETA: 0s - loss: 0.0238 - accuracy: 0.9937
8/8 [==============================] - 0s 13ms/step - loss: 0.0235 - accuracy: 0.9957
Epoch 18/25

1/8 [==>...........................] - ETA: 0s - loss: 0.0178 - accuracy: 1.0000
7/8 [=========================>....] - ETA: 0s - loss: 0.0168 - accuracy: 0.9950
8/8 [==============================] - 0s 9ms/step - loss: 0.0163 - accuracy: 0.9957
Epoch 19/25

1/8 [==>...........................] - ETA: 0s - loss: 0.0099 - accuracy: 1.0000
8/8 [==============================] - ETA: 0s - loss: 0.0147 - accuracy: 0.9957
8/8 [==============================] - 0s 8ms/step - loss: 0.0147 - accuracy: 0.9957
Epoch 20/25

1/8 [==>...........................] - ETA: 0s - loss: 0.0080 - accuracy: 1.0000
8/8 [==============================] - 0s 6ms/step - loss: 0.0123 - accuracy: 0.9957
Epoch 21/25

1/8 [==>...........................] - ETA: 0s - loss: 0.0087 - accuracy: 1.0000
8/8 [==============================] - 0s 6ms/step - loss: 0.0107 - accuracy: 0.9957
Epoch 22/25

1/8 [==>...........................] - ETA: 0s - loss: 0.0063 - accuracy: 1.0000
8/8 [==============================] - 0s 6ms/step - loss: 0.0089 - accuracy: 0.9957
Epoch 23/25

1/8 [==>...........................] - ETA: 0s - loss: 0.0267 - accuracy: 1.0000
8/8 [==============================] - 0s 6ms/step - loss: 0.0117 - accuracy: 1.0000
Epoch 24/25

1/8 [==>...........................] - ETA: 0s - loss: 0.0045 - accuracy: 1.0000
8/8 [==============================] - 0s 6ms/step - loss: 0.0072 - accuracy: 1.0000
Epoch 25/25

1/8 [==>...........................] - ETA: 0s - loss: 0.0051 - accuracy: 1.0000
8/8 [==============================] - 0s 7ms/step - loss: 0.0045 - accuracy: 1.0000
# node2vec
Epoch 1/25

1/8 [==>...........................] - ETA: 9s - loss: 0.7020 - accuracy: 0.5000
8/8 [==============================] - 1s 8ms/step - loss: 0.6974 - accuracy: 0.4978
Epoch 2/25

1/8 [==>...........................] - ETA: 0s - loss: 0.6806 - accuracy: 0.5000
8/8 [==============================] - 0s 7ms/step - loss: 0.6477 - accuracy: 0.5844
Epoch 3/25

1/8 [==>...........................] - ETA: 0s - loss: 0.5744 - accuracy: 0.9375
8/8 [==============================] - 0s 5ms/step - loss: 0.5904 - accuracy: 0.7965
Epoch 4/25

1/8 [==>...........................] - ETA: 0s - loss: 0.5587 - accuracy: 0.8125
8/8 [==============================] - 0s 4ms/step - loss: 0.5417 - accuracy: 0.8485
Epoch 5/25

1/8 [==>...........................] - ETA: 0s - loss: 0.5315 - accuracy: 0.8438
8/8 [==============================] - 0s 5ms/step - loss: 0.5039 - accuracy: 0.8961
Epoch 6/25

1/8 [==>...........................] - ETA: 0s - loss: 0.5104 - accuracy: 0.8125
8/8 [==============================] - 0s 6ms/step - loss: 0.4670 - accuracy: 0.9091
Epoch 7/25

1/8 [==>...........................] - ETA: 0s - loss: 0.4262 - accuracy: 0.9062
8/8 [==============================] - 0s 5ms/step - loss: 0.4383 - accuracy: 0.9177
Epoch 8/25

1/8 [==>...........................] - ETA: 0s - loss: 0.3604 - accuracy: 0.9688
8/8 [==============================] - 0s 4ms/step - loss: 0.3943 - accuracy: 0.9524
Epoch 9/25

1/8 [==>...........................] - ETA: 0s - loss: 0.3682 - accuracy: 0.9688
8/8 [==============================] - 0s 4ms/step - loss: 0.3570 - accuracy: 0.9610
Epoch 10/25

1/8 [==>...........................] - ETA: 0s - loss: 0.3384 - accuracy: 1.0000
8/8 [==============================] - 0s 5ms/step - loss: 0.3344 - accuracy: 0.9610
Epoch 11/25

1/8 [==>...........................] - ETA: 0s - loss: 0.3407 - accuracy: 0.9688
8/8 [==============================] - 0s 5ms/step - loss: 0.3053 - accuracy: 0.9697
Epoch 12/25

1/8 [==>...........................] - ETA: 0s - loss: 0.3218 - accuracy: 0.9688
8/8 [==============================] - 0s 5ms/step - loss: 0.2710 - accuracy: 0.9827
Epoch 13/25

1/8 [==>...........................] - ETA: 0s - loss: 0.2353 - accuracy: 0.9375
8/8 [==============================] - 0s 7ms/step - loss: 0.2526 - accuracy: 0.9784
Epoch 14/25

1/8 [==>...........................] - ETA: 0s - loss: 0.2067 - accuracy: 1.0000
5/8 [=================>............] - ETA: 0s - loss: 0.2371 - accuracy: 0.9875
8/8 [==============================] - 0s 12ms/step - loss: 0.2427 - accuracy: 0.9870
Epoch 15/25

1/8 [==>...........................] - ETA: 0s - loss: 0.2100 - accuracy: 1.0000
8/8 [==============================] - 0s 6ms/step - loss: 0.2038 - accuracy: 0.9827
Epoch 16/25

1/8 [==>...........................] - ETA: 0s - loss: 0.2124 - accuracy: 0.9688
8/8 [==============================] - 0s 6ms/step - loss: 0.1924 - accuracy: 0.9913
Epoch 17/25

1/8 [==>...........................] - ETA: 0s - loss: 0.1885 - accuracy: 0.9688
8/8 [==============================] - 0s 6ms/step - loss: 0.1704 - accuracy: 0.9913
Epoch 18/25

1/8 [==>...........................] - ETA: 0s - loss: 0.1660 - accuracy: 1.0000
4/8 [==============>...............] - ETA: 0s - loss: 0.1705 - accuracy: 0.9844
8/8 [==============================] - 0s 14ms/step - loss: 0.1609 - accuracy: 0.9913
Epoch 19/25

1/8 [==>...........................] - ETA: 0s - loss: 0.1688 - accuracy: 0.9375
7/8 [=========================>....] - ETA: 0s - loss: 0.1455 - accuracy: 0.9899
8/8 [==============================] - 0s 9ms/step - loss: 0.1417 - accuracy: 0.9913
Epoch 20/25

1/8 [==>...........................] - ETA: 0s - loss: 0.1343 - accuracy: 1.0000
8/8 [==============================] - 0s 5ms/step - loss: 0.1328 - accuracy: 0.9957
Epoch 21/25

1/8 [==>...........................] - ETA: 0s - loss: 0.0981 - accuracy: 1.0000
8/8 [==============================] - 0s 5ms/step - loss: 0.1189 - accuracy: 0.9957
Epoch 22/25

1/8 [==>...........................] - ETA: 0s - loss: 0.0930 - accuracy: 1.0000
8/8 [==============================] - 0s 5ms/step - loss: 0.1073 - accuracy: 0.9957
Epoch 23/25

1/8 [==>...........................] - ETA: 0s - loss: 0.0935 - accuracy: 1.0000
8/8 [==============================] - 0s 5ms/step - loss: 0.0995 - accuracy: 0.9957
Epoch 24/25

1/8 [==>...........................] - ETA: 0s - loss: 0.1298 - accuracy: 0.9688
8/8 [==============================] - 0s 5ms/step - loss: 0.0932 - accuracy: 0.9957
Epoch 25/25

1/8 [==>...........................] - ETA: 0s - loss: 0.0830 - accuracy: 1.0000
8/8 [==============================] - 0s 5ms/step - loss: 0.0841 - accuracy: 0.9957
# predict: steps=102
# predict: tnodeembed_metrics
# predict: node2vec_metrics
tnodeembed: {'auc': 0.5922307150495002, 'f1_micro': 0.5563725490196079, 'f1_macro': 0.5556677029436308} tNodeEmbed_final_loss=0.004521369934082031 tNodeEmbed_final_accuracy=1.0 
node2vec: {'auc': 0.6049725841623415, 'f1_micro': 0.578125, 'f1_macro': 0.5781217924619952} node2vec_final_loss=0.08408995717763901 node2vec_final_accuracy=0.9956709742546082 
