# load graph
Processing Static file: filename='CollegeMsg_20040527_nodes_523_edges_829_component_0.edges'
# initialize tNodeEmbed for dataset=COLLEGE, test_size=0.2
# load dataset
# fit
# tNodeEmbed
Epoch 1/25

1/8 [==>...........................] - ETA: 8s - loss: 0.6991 - accuracy: 0.3750
8/8 [==============================] - 1s 4ms/step - loss: 0.6913 - accuracy: 0.5325
Epoch 2/25

1/8 [==>...........................] - ETA: 0s - loss: 0.6830 - accuracy: 0.7812
8/8 [==============================] - 0s 5ms/step - loss: 0.6810 - accuracy: 0.7792
Epoch 3/25

1/8 [==>...........................] - ETA: 0s - loss: 0.6677 - accuracy: 0.9375
8/8 [==============================] - 0s 5ms/step - loss: 0.6631 - accuracy: 0.8009
Epoch 4/25

1/8 [==>...........................] - ETA: 0s - loss: 0.6525 - accuracy: 0.7500
8/8 [==============================] - 0s 5ms/step - loss: 0.6394 - accuracy: 0.8095
Epoch 5/25

1/8 [==>...........................] - ETA: 0s - loss: 0.6212 - accuracy: 0.8438
8/8 [==============================] - 0s 4ms/step - loss: 0.6122 - accuracy: 0.8485
Epoch 6/25

1/8 [==>...........................] - ETA: 0s - loss: 0.5609 - accuracy: 0.9375
8/8 [==============================] - 0s 4ms/step - loss: 0.5545 - accuracy: 0.9048
Epoch 7/25

1/8 [==>...........................] - ETA: 0s - loss: 0.5204 - accuracy: 0.8438
8/8 [==============================] - 0s 4ms/step - loss: 0.4843 - accuracy: 0.8831
Epoch 8/25

1/8 [==>...........................] - ETA: 0s - loss: 0.4291 - accuracy: 0.9062
8/8 [==============================] - 0s 3ms/step - loss: 0.3989 - accuracy: 0.9004
Epoch 9/25

1/8 [==>...........................] - ETA: 0s - loss: 0.3790 - accuracy: 0.8438
8/8 [==============================] - 0s 3ms/step - loss: 0.3277 - accuracy: 0.9091
Epoch 10/25

1/8 [==>...........................] - ETA: 0s - loss: 0.2377 - accuracy: 0.9375
8/8 [==============================] - 0s 3ms/step - loss: 0.2547 - accuracy: 0.9307
Epoch 11/25

1/8 [==>...........................] - ETA: 0s - loss: 0.2014 - accuracy: 0.9375
8/8 [==============================] - 0s 3ms/step - loss: 0.1947 - accuracy: 0.9437
Epoch 12/25

1/8 [==>...........................] - ETA: 0s - loss: 0.1818 - accuracy: 0.9688
8/8 [==============================] - 0s 3ms/step - loss: 0.1384 - accuracy: 0.9654
Epoch 13/25

1/8 [==>...........................] - ETA: 0s - loss: 0.1057 - accuracy: 1.0000
8/8 [==============================] - 0s 3ms/step - loss: 0.0990 - accuracy: 0.9870
Epoch 14/25

1/8 [==>...........................] - ETA: 0s - loss: 0.1127 - accuracy: 1.0000
8/8 [==============================] - 0s 3ms/step - loss: 0.0703 - accuracy: 0.9957
Epoch 15/25

1/8 [==>...........................] - ETA: 0s - loss: 0.0603 - accuracy: 1.0000
8/8 [==============================] - 0s 3ms/step - loss: 0.0569 - accuracy: 0.9870
Epoch 16/25

1/8 [==>...........................] - ETA: 0s - loss: 0.0372 - accuracy: 1.0000
8/8 [==============================] - 0s 3ms/step - loss: 0.0386 - accuracy: 0.9957
Epoch 17/25

1/8 [==>...........................] - ETA: 0s - loss: 0.0235 - accuracy: 1.0000
8/8 [==============================] - 0s 3ms/step - loss: 0.0321 - accuracy: 0.9913
Epoch 18/25

1/8 [==>...........................] - ETA: 0s - loss: 0.0154 - accuracy: 1.0000
8/8 [==============================] - 0s 3ms/step - loss: 0.0283 - accuracy: 0.9913
Epoch 19/25

1/8 [==>...........................] - ETA: 0s - loss: 0.0107 - accuracy: 1.0000
8/8 [==============================] - 0s 3ms/step - loss: 0.0269 - accuracy: 0.9870
Epoch 20/25

1/8 [==>...........................] - ETA: 0s - loss: 0.0098 - accuracy: 1.0000
8/8 [==============================] - 0s 3ms/step - loss: 0.0156 - accuracy: 0.9957
Epoch 21/25

1/8 [==>...........................] - ETA: 0s - loss: 0.0081 - accuracy: 1.0000
8/8 [==============================] - 0s 3ms/step - loss: 0.0193 - accuracy: 0.9913
Epoch 22/25

1/8 [==>...........................] - ETA: 0s - loss: 0.0524 - accuracy: 0.9688
8/8 [==============================] - 0s 3ms/step - loss: 0.0170 - accuracy: 0.9913
Epoch 23/25

1/8 [==>...........................] - ETA: 0s - loss: 0.0070 - accuracy: 1.0000
8/8 [==============================] - 0s 3ms/step - loss: 0.0156 - accuracy: 0.9913
Epoch 24/25

1/8 [==>...........................] - ETA: 0s - loss: 0.0052 - accuracy: 1.0000
8/8 [==============================] - 0s 3ms/step - loss: 0.0150 - accuracy: 0.9913
Epoch 25/25

1/8 [==>...........................] - ETA: 0s - loss: 0.0037 - accuracy: 1.0000
8/8 [==============================] - 0s 4ms/step - loss: 0.0139 - accuracy: 0.9957
# node2vec
Epoch 1/25

1/8 [==>...........................] - ETA: 2s - loss: 0.7027 - accuracy: 0.4688
8/8 [==============================] - 0s 4ms/step - loss: 0.6980 - accuracy: 0.5065
Epoch 2/25

1/8 [==>...........................] - ETA: 0s - loss: 0.6655 - accuracy: 0.5938
8/8 [==============================] - 0s 3ms/step - loss: 0.6466 - accuracy: 0.6580
Epoch 3/25

1/8 [==>...........................] - ETA: 0s - loss: 0.5953 - accuracy: 0.8125
8/8 [==============================] - 0s 3ms/step - loss: 0.5954 - accuracy: 0.7706
Epoch 4/25

1/8 [==>...........................] - ETA: 0s - loss: 0.5845 - accuracy: 0.7500
8/8 [==============================] - 0s 3ms/step - loss: 0.5519 - accuracy: 0.8571
Epoch 5/25

1/8 [==>...........................] - ETA: 0s - loss: 0.4702 - accuracy: 0.9688
8/8 [==============================] - 0s 5ms/step - loss: 0.5103 - accuracy: 0.8788
Epoch 6/25

1/8 [==>...........................] - ETA: 0s - loss: 0.5179 - accuracy: 0.8438
8/8 [==============================] - 0s 4ms/step - loss: 0.4816 - accuracy: 0.8874
Epoch 7/25

1/8 [==>...........................] - ETA: 0s - loss: 0.5065 - accuracy: 0.8750
8/8 [==============================] - 0s 3ms/step - loss: 0.4378 - accuracy: 0.9134
Epoch 8/25

1/8 [==>...........................] - ETA: 0s - loss: 0.4295 - accuracy: 0.9062
8/8 [==============================] - 0s 3ms/step - loss: 0.4164 - accuracy: 0.9221
Epoch 9/25

1/8 [==>...........................] - ETA: 0s - loss: 0.3987 - accuracy: 0.8438
8/8 [==============================] - 0s 3ms/step - loss: 0.3837 - accuracy: 0.9351
Epoch 10/25

1/8 [==>...........................] - ETA: 0s - loss: 0.3499 - accuracy: 0.9688
8/8 [==============================] - 0s 2ms/step - loss: 0.3591 - accuracy: 0.9437
Epoch 11/25

1/8 [==>...........................] - ETA: 0s - loss: 0.3374 - accuracy: 0.9688
8/8 [==============================] - 0s 2ms/step - loss: 0.3155 - accuracy: 0.9697
Epoch 12/25

1/8 [==>...........................] - ETA: 0s - loss: 0.2948 - accuracy: 0.9688
8/8 [==============================] - 0s 2ms/step - loss: 0.2979 - accuracy: 0.9654
Epoch 13/25

1/8 [==>...........................] - ETA: 0s - loss: 0.2836 - accuracy: 1.0000
8/8 [==============================] - 0s 2ms/step - loss: 0.2725 - accuracy: 0.9654
Epoch 14/25

1/8 [==>...........................] - ETA: 0s - loss: 0.2790 - accuracy: 0.9688
8/8 [==============================] - 0s 2ms/step - loss: 0.2454 - accuracy: 0.9740
Epoch 15/25

1/8 [==>...........................] - ETA: 0s - loss: 0.2359 - accuracy: 0.9688
8/8 [==============================] - 0s 2ms/step - loss: 0.2299 - accuracy: 0.9654
Epoch 16/25

1/8 [==>...........................] - ETA: 0s - loss: 0.1972 - accuracy: 0.9688
8/8 [==============================] - 0s 2ms/step - loss: 0.2065 - accuracy: 0.9740
Epoch 17/25

1/8 [==>...........................] - ETA: 0s - loss: 0.2277 - accuracy: 1.0000
8/8 [==============================] - 0s 2ms/step - loss: 0.1981 - accuracy: 0.9740
Epoch 18/25

1/8 [==>...........................] - ETA: 0s - loss: 0.1610 - accuracy: 1.0000
8/8 [==============================] - 0s 2ms/step - loss: 0.1736 - accuracy: 0.9784
Epoch 19/25

1/8 [==>...........................] - ETA: 0s - loss: 0.1955 - accuracy: 0.9688
8/8 [==============================] - 0s 2ms/step - loss: 0.1533 - accuracy: 0.9870
Epoch 20/25

1/8 [==>...........................] - ETA: 0s - loss: 0.1591 - accuracy: 1.0000
8/8 [==============================] - 0s 2ms/step - loss: 0.1457 - accuracy: 0.9957
Epoch 21/25

1/8 [==>...........................] - ETA: 0s - loss: 0.1319 - accuracy: 1.0000
8/8 [==============================] - 0s 2ms/step - loss: 0.1363 - accuracy: 0.9913
Epoch 22/25

1/8 [==>...........................] - ETA: 0s - loss: 0.1006 - accuracy: 1.0000
8/8 [==============================] - 0s 2ms/step - loss: 0.1208 - accuracy: 0.9870
Epoch 23/25

1/8 [==>...........................] - ETA: 0s - loss: 0.0834 - accuracy: 1.0000
8/8 [==============================] - 0s 2ms/step - loss: 0.1095 - accuracy: 0.9957
Epoch 24/25

1/8 [==>...........................] - ETA: 0s - loss: 0.1156 - accuracy: 0.9688
8/8 [==============================] - 0s 2ms/step - loss: 0.1058 - accuracy: 0.9913
Epoch 25/25

1/8 [==>...........................] - ETA: 0s - loss: 0.0913 - accuracy: 1.0000
8/8 [==============================] - 0s 2ms/step - loss: 0.0928 - accuracy: 0.9913
# predict: steps=102
# predict: tnodeembed_metrics
# predict: node2vec_metrics
tnodeembed: {'auc': 0.6227536434304114, 'f1_micro': 0.5827205882352942, 'f1_macro': 0.5821745052431575} tNodeEmbed_final_loss=0.013879470527172089 tNodeEmbed_final_accuracy=0.9956709742546082 
node2vec: {'auc': 0.6267612667003075, 'f1_micro': 0.5955882352941176, 'f1_macro': 0.5955443490472696} node2vec_final_loss=0.09280984103679657 node2vec_final_accuracy=0.9913420081138611 
