# load graph
Processing Static file: filename='CollegeMsg_20040426_nodes_110_edges_157_component_0.edges'
# initialize tNodeEmbed for dataset=COLLEGE, test_size=0.2
# load dataset
# fit
# tNodeEmbed
Epoch 1/25

1/8 [==>...........................] - ETA: 9s - loss: 0.6930 - accuracy: 0.5000
8/8 [==============================] - 1s 3ms/step - loss: 0.6920 - accuracy: 0.5411
Epoch 2/25

1/8 [==>...........................] - ETA: 0s - loss: 0.6822 - accuracy: 0.6562
8/8 [==============================] - 0s 4ms/step - loss: 0.6855 - accuracy: 0.5714
Epoch 3/25

1/8 [==>...........................] - ETA: 0s - loss: 0.6801 - accuracy: 0.5625
8/8 [==============================] - 0s 4ms/step - loss: 0.6736 - accuracy: 0.6190
Epoch 4/25

1/8 [==>...........................] - ETA: 0s - loss: 0.6824 - accuracy: 0.5938
8/8 [==============================] - 0s 4ms/step - loss: 0.6673 - accuracy: 0.6234
Epoch 5/25

1/8 [==>...........................] - ETA: 0s - loss: 0.6500 - accuracy: 0.6875
8/8 [==============================] - 0s 5ms/step - loss: 0.6545 - accuracy: 0.6190
Epoch 6/25

1/8 [==>...........................] - ETA: 0s - loss: 0.6571 - accuracy: 0.6875
8/8 [==============================] - 0s 5ms/step - loss: 0.6265 - accuracy: 0.6104
Epoch 7/25

1/8 [==>...........................] - ETA: 0s - loss: 0.6521 - accuracy: 0.6250
8/8 [==============================] - 0s 4ms/step - loss: 0.6292 - accuracy: 0.6147
Epoch 8/25

1/8 [==>...........................] - ETA: 0s - loss: 0.5549 - accuracy: 0.6562
8/8 [==============================] - 0s 4ms/step - loss: 0.6124 - accuracy: 0.5974
Epoch 9/25

1/8 [==>...........................] - ETA: 0s - loss: 0.5245 - accuracy: 0.7188
8/8 [==============================] - 0s 4ms/step - loss: 0.5874 - accuracy: 0.6190
Epoch 10/25

1/8 [==>...........................] - ETA: 0s - loss: 0.5304 - accuracy: 0.7500
8/8 [==============================] - 0s 4ms/step - loss: 0.5859 - accuracy: 0.6147
Epoch 11/25

1/8 [==>...........................] - ETA: 0s - loss: 0.5683 - accuracy: 0.6562
8/8 [==============================] - 0s 5ms/step - loss: 0.5700 - accuracy: 0.6494
Epoch 12/25

1/8 [==>...........................] - ETA: 0s - loss: 0.6161 - accuracy: 0.4375
8/8 [==============================] - 0s 5ms/step - loss: 0.5681 - accuracy: 0.6494
Epoch 13/25

1/8 [==>...........................] - ETA: 0s - loss: 0.5968 - accuracy: 0.6562
8/8 [==============================] - 0s 5ms/step - loss: 0.5736 - accuracy: 0.6320
Epoch 14/25

1/8 [==>...........................] - ETA: 0s - loss: 0.5656 - accuracy: 0.5938
8/8 [==============================] - 0s 5ms/step - loss: 0.5414 - accuracy: 0.6450
Epoch 15/25

1/8 [==>...........................] - ETA: 0s - loss: 0.5508 - accuracy: 0.5938
8/8 [==============================] - 0s 5ms/step - loss: 0.5583 - accuracy: 0.6710
Epoch 16/25

1/8 [==>...........................] - ETA: 0s - loss: 0.6275 - accuracy: 0.5312
8/8 [==============================] - 0s 5ms/step - loss: 0.5309 - accuracy: 0.6234
Epoch 17/25

1/8 [==>...........................] - ETA: 0s - loss: 0.6051 - accuracy: 0.5938
8/8 [==============================] - 0s 5ms/step - loss: 0.5237 - accuracy: 0.6840
Epoch 18/25

1/8 [==>...........................] - ETA: 0s - loss: 0.5044 - accuracy: 0.6875
8/8 [==============================] - 0s 4ms/step - loss: 0.5133 - accuracy: 0.6710
Epoch 19/25

1/8 [==>...........................] - ETA: 0s - loss: 0.5216 - accuracy: 0.6250
8/8 [==============================] - 0s 5ms/step - loss: 0.5079 - accuracy: 0.6883
Epoch 20/25

1/8 [==>...........................] - ETA: 0s - loss: 0.5647 - accuracy: 0.6250
8/8 [==============================] - 0s 5ms/step - loss: 0.5280 - accuracy: 0.6407
Epoch 21/25

1/8 [==>...........................] - ETA: 0s - loss: 0.4566 - accuracy: 0.6875
8/8 [==============================] - 0s 4ms/step - loss: 0.5117 - accuracy: 0.6407
Epoch 22/25

1/8 [==>...........................] - ETA: 0s - loss: 0.5181 - accuracy: 0.6562
8/8 [==============================] - 0s 5ms/step - loss: 0.5036 - accuracy: 0.6537
Epoch 23/25

1/8 [==>...........................] - ETA: 0s - loss: 0.5932 - accuracy: 0.6562
8/8 [==============================] - 0s 4ms/step - loss: 0.5085 - accuracy: 0.6407
Epoch 24/25

1/8 [==>...........................] - ETA: 0s - loss: 0.4784 - accuracy: 0.7812
8/8 [==============================] - 0s 4ms/step - loss: 0.4933 - accuracy: 0.6537
Epoch 25/25

1/8 [==>...........................] - ETA: 0s - loss: 0.4582 - accuracy: 0.6562
8/8 [==============================] - 0s 4ms/step - loss: 0.5025 - accuracy: 0.6623
# node2vec
Epoch 1/25

1/8 [==>...........................] - ETA: 2s - loss: 0.7068 - accuracy: 0.4688
8/8 [==============================] - 0s 2ms/step - loss: 0.6925 - accuracy: 0.5195
Epoch 2/25

1/8 [==>...........................] - ETA: 0s - loss: 0.6794 - accuracy: 0.6562
8/8 [==============================] - 0s 2ms/step - loss: 0.6683 - accuracy: 0.5455
Epoch 3/25

1/8 [==>...........................] - ETA: 0s - loss: 0.6568 - accuracy: 0.6875
8/8 [==============================] - 0s 2ms/step - loss: 0.6461 - accuracy: 0.6147
Epoch 4/25

1/8 [==>...........................] - ETA: 0s - loss: 0.6278 - accuracy: 0.8125
8/8 [==============================] - 0s 3ms/step - loss: 0.6298 - accuracy: 0.6364
Epoch 5/25

1/8 [==>...........................] - ETA: 0s - loss: 0.6473 - accuracy: 0.6875
8/8 [==============================] - 0s 3ms/step - loss: 0.6325 - accuracy: 0.6234
Epoch 6/25

1/8 [==>...........................] - ETA: 0s - loss: 0.6238 - accuracy: 0.5312
8/8 [==============================] - 0s 3ms/step - loss: 0.6114 - accuracy: 0.6450
Epoch 7/25

1/8 [==>...........................] - ETA: 0s - loss: 0.6638 - accuracy: 0.5312
8/8 [==============================] - 0s 2ms/step - loss: 0.6121 - accuracy: 0.6190
Epoch 8/25

1/8 [==>...........................] - ETA: 0s - loss: 0.5869 - accuracy: 0.5938
8/8 [==============================] - 0s 3ms/step - loss: 0.6036 - accuracy: 0.6537
Epoch 9/25

1/8 [==>...........................] - ETA: 0s - loss: 0.6705 - accuracy: 0.5312
8/8 [==============================] - 0s 3ms/step - loss: 0.5859 - accuracy: 0.6623
Epoch 10/25

1/8 [==>...........................] - ETA: 0s - loss: 0.5731 - accuracy: 0.6250
8/8 [==============================] - 0s 3ms/step - loss: 0.5852 - accuracy: 0.6537
Epoch 11/25

1/8 [==>...........................] - ETA: 0s - loss: 0.5932 - accuracy: 0.6562
8/8 [==============================] - 0s 3ms/step - loss: 0.5843 - accuracy: 0.6407
Epoch 12/25

1/8 [==>...........................] - ETA: 0s - loss: 0.6114 - accuracy: 0.5938
8/8 [==============================] - 0s 3ms/step - loss: 0.5714 - accuracy: 0.6710
Epoch 13/25

1/8 [==>...........................] - ETA: 0s - loss: 0.6615 - accuracy: 0.5625
8/8 [==============================] - 0s 2ms/step - loss: 0.5904 - accuracy: 0.6277
Epoch 14/25

1/8 [==>...........................] - ETA: 0s - loss: 0.5473 - accuracy: 0.6875
8/8 [==============================] - 0s 2ms/step - loss: 0.5569 - accuracy: 0.6797
Epoch 15/25

1/8 [==>...........................] - ETA: 0s - loss: 0.5260 - accuracy: 0.6562
8/8 [==============================] - 0s 2ms/step - loss: 0.5696 - accuracy: 0.6623
Epoch 16/25

1/8 [==>...........................] - ETA: 0s - loss: 0.5887 - accuracy: 0.5938
8/8 [==============================] - 0s 2ms/step - loss: 0.5623 - accuracy: 0.6364
Epoch 17/25

1/8 [==>...........................] - ETA: 0s - loss: 0.4760 - accuracy: 0.7188
8/8 [==============================] - 0s 2ms/step - loss: 0.5554 - accuracy: 0.6667
Epoch 18/25

1/8 [==>...........................] - ETA: 0s - loss: 0.5827 - accuracy: 0.6875
8/8 [==============================] - 0s 2ms/step - loss: 0.5530 - accuracy: 0.6667
Epoch 19/25

1/8 [==>...........................] - ETA: 0s - loss: 0.5440 - accuracy: 0.5938
8/8 [==============================] - 0s 3ms/step - loss: 0.5565 - accuracy: 0.6580
Epoch 20/25

1/8 [==>...........................] - ETA: 0s - loss: 0.5846 - accuracy: 0.6250
8/8 [==============================] - 0s 2ms/step - loss: 0.5360 - accuracy: 0.6710
Epoch 21/25

1/8 [==>...........................] - ETA: 0s - loss: 0.5839 - accuracy: 0.6250
8/8 [==============================] - 0s 2ms/step - loss: 0.5467 - accuracy: 0.6667
Epoch 22/25

1/8 [==>...........................] - ETA: 0s - loss: 0.4766 - accuracy: 0.7500
8/8 [==============================] - 0s 2ms/step - loss: 0.5291 - accuracy: 0.6753
Epoch 23/25

1/8 [==>...........................] - ETA: 0s - loss: 0.5972 - accuracy: 0.5625
8/8 [==============================] - 0s 2ms/step - loss: 0.5511 - accuracy: 0.6580
Epoch 24/25

1/8 [==>...........................] - ETA: 0s - loss: 0.5888 - accuracy: 0.6562
8/8 [==============================] - 0s 2ms/step - loss: 0.5283 - accuracy: 0.6797
Epoch 25/25

1/8 [==>...........................] - ETA: 0s - loss: 0.5261 - accuracy: 0.6562
8/8 [==============================] - 0s 2ms/step - loss: 0.5384 - accuracy: 0.6494
# predict: steps=102
# predict: tnodeembed_metrics
# predict: node2vec_metrics
tnodeembed: {'auc': 0.5877744211961746, 'f1_micro': 0.5738357843137255, 'f1_macro': 0.5222007316703301} tNodeEmbed_final_loss=0.5025206208229065 tNodeEmbed_final_accuracy=0.6623376607894897 
node2vec: {'auc': 0.5998765123390042, 'f1_micro': 0.585171568627451, 'f1_macro': 0.5350149486896328} node2vec_final_loss=0.5384243130683899 node2vec_final_accuracy=0.649350643157959 
