# load graph
Processing Static file: filename='CollegeMsg_20040531_nodes_144_edges_155_component_0.edges'
# initialize tNodeEmbed for dataset=COLLEGE, test_size=0.2
# load dataset
# fit
# tNodeEmbed
Epoch 1/25

1/8 [==>...........................] - ETA: 8s - loss: 0.6935 - accuracy: 0.5000
8/8 [==============================] - 1s 4ms/step - loss: 0.6912 - accuracy: 0.5391
Epoch 2/25

1/8 [==>...........................] - ETA: 0s - loss: 0.6899 - accuracy: 0.7143
8/8 [==============================] - 0s 6ms/step - loss: 0.6788 - accuracy: 0.7573
Epoch 3/25

1/8 [==>...........................] - ETA: 0s - loss: 0.6618 - accuracy: 0.8438
8/8 [==============================] - 0s 4ms/step - loss: 0.6602 - accuracy: 0.7965
Epoch 4/25

1/8 [==>...........................] - ETA: 0s - loss: 0.6433 - accuracy: 0.8438
8/8 [==============================] - 0s 5ms/step - loss: 0.6377 - accuracy: 0.8182
Epoch 5/25

1/8 [==>...........................] - ETA: 0s - loss: 0.6151 - accuracy: 0.9375
8/8 [==============================] - 0s 4ms/step - loss: 0.5959 - accuracy: 0.8961
Epoch 6/25

1/8 [==>...........................] - ETA: 0s - loss: 0.5724 - accuracy: 0.8750
8/8 [==============================] - 0s 4ms/step - loss: 0.5594 - accuracy: 0.8225
Epoch 7/25

1/8 [==>...........................] - ETA: 0s - loss: 0.4820 - accuracy: 0.9062
8/8 [==============================] - 0s 4ms/step - loss: 0.4567 - accuracy: 0.9177
Epoch 8/25

1/8 [==>...........................] - ETA: 0s - loss: 0.4418 - accuracy: 0.8438
8/8 [==============================] - 0s 3ms/step - loss: 0.4046 - accuracy: 0.9134
Epoch 9/25

1/8 [==>...........................] - ETA: 0s - loss: 0.3571 - accuracy: 0.9062
8/8 [==============================] - 0s 3ms/step - loss: 0.3407 - accuracy: 0.9177
Epoch 10/25

1/8 [==>...........................] - ETA: 0s - loss: 0.2257 - accuracy: 0.9688
8/8 [==============================] - 0s 3ms/step - loss: 0.2512 - accuracy: 0.9351
Epoch 11/25

1/8 [==>...........................] - ETA: 0s - loss: 0.2268 - accuracy: 0.9375
8/8 [==============================] - 0s 3ms/step - loss: 0.2068 - accuracy: 0.9567
Epoch 12/25

1/8 [==>...........................] - ETA: 0s - loss: 0.1978 - accuracy: 0.9375
8/8 [==============================] - 0s 3ms/step - loss: 0.1568 - accuracy: 0.9524
Epoch 13/25

1/8 [==>...........................] - ETA: 0s - loss: 0.1064 - accuracy: 1.0000
8/8 [==============================] - 0s 3ms/step - loss: 0.1156 - accuracy: 0.9870
Epoch 14/25

1/8 [==>...........................] - ETA: 0s - loss: 0.0875 - accuracy: 0.9688
8/8 [==============================] - 0s 3ms/step - loss: 0.0864 - accuracy: 0.9827
Epoch 15/25

1/8 [==>...........................] - ETA: 0s - loss: 0.0717 - accuracy: 0.9688
8/8 [==============================] - 0s 3ms/step - loss: 0.0594 - accuracy: 0.9870
Epoch 16/25

1/8 [==>...........................] - ETA: 0s - loss: 0.0310 - accuracy: 1.0000
8/8 [==============================] - 0s 3ms/step - loss: 0.0543 - accuracy: 0.9870
Epoch 17/25

1/8 [==>...........................] - ETA: 0s - loss: 0.0298 - accuracy: 1.0000
8/8 [==============================] - 0s 3ms/step - loss: 0.0331 - accuracy: 0.9913
Epoch 18/25

1/8 [==>...........................] - ETA: 0s - loss: 0.0157 - accuracy: 1.0000
8/8 [==============================] - 0s 3ms/step - loss: 0.0323 - accuracy: 0.9913
Epoch 19/25

1/8 [==>...........................] - ETA: 0s - loss: 0.0089 - accuracy: 1.0000
8/8 [==============================] - 0s 4ms/step - loss: 0.0253 - accuracy: 0.9913
Epoch 20/25

1/8 [==>...........................] - ETA: 0s - loss: 0.0199 - accuracy: 1.0000
8/8 [==============================] - 0s 5ms/step - loss: 0.0224 - accuracy: 0.9913
Epoch 21/25

1/8 [==>...........................] - ETA: 0s - loss: 0.0307 - accuracy: 1.0000
8/8 [==============================] - 0s 4ms/step - loss: 0.0196 - accuracy: 0.9913
Epoch 22/25

1/8 [==>...........................] - ETA: 0s - loss: 0.0079 - accuracy: 1.0000
8/8 [==============================] - 0s 4ms/step - loss: 0.0200 - accuracy: 0.9870
Epoch 23/25

1/8 [==>...........................] - ETA: 0s - loss: 0.0097 - accuracy: 1.0000
8/8 [==============================] - 0s 4ms/step - loss: 0.0161 - accuracy: 0.9913
Epoch 24/25

1/8 [==>...........................] - ETA: 0s - loss: 0.0264 - accuracy: 1.0000
8/8 [==============================] - 0s 4ms/step - loss: 0.0121 - accuracy: 1.0000
Epoch 25/25

1/8 [==>...........................] - ETA: 0s - loss: 0.0058 - accuracy: 1.0000
8/8 [==============================] - 0s 4ms/step - loss: 0.0174 - accuracy: 0.9913
# node2vec
Epoch 1/25

1/8 [==>...........................] - ETA: 2s - loss: 0.6550 - accuracy: 0.6250
8/8 [==============================] - 0s 3ms/step - loss: 0.6912 - accuracy: 0.5195
Epoch 2/25

1/8 [==>...........................] - ETA: 0s - loss: 0.6634 - accuracy: 0.6250
8/8 [==============================] - 0s 3ms/step - loss: 0.6481 - accuracy: 0.6320
Epoch 3/25

1/8 [==>...........................] - ETA: 0s - loss: 0.5960 - accuracy: 0.8438
8/8 [==============================] - 0s 3ms/step - loss: 0.6004 - accuracy: 0.7576
Epoch 4/25

1/8 [==>...........................] - ETA: 0s - loss: 0.5686 - accuracy: 0.8750
8/8 [==============================] - 0s 2ms/step - loss: 0.5514 - accuracy: 0.8485
Epoch 5/25

1/8 [==>...........................] - ETA: 0s - loss: 0.5332 - accuracy: 0.8125
8/8 [==============================] - 0s 2ms/step - loss: 0.5118 - accuracy: 0.8788
Epoch 6/25

1/8 [==>...........................] - ETA: 0s - loss: 0.4894 - accuracy: 0.9062
8/8 [==============================] - 0s 3ms/step - loss: 0.4813 - accuracy: 0.9221
Epoch 7/25

1/8 [==>...........................] - ETA: 0s - loss: 0.4557 - accuracy: 0.9688
8/8 [==============================] - 0s 2ms/step - loss: 0.4527 - accuracy: 0.9264
Epoch 8/25

1/8 [==>...........................] - ETA: 0s - loss: 0.4438 - accuracy: 0.9688
8/8 [==============================] - 0s 2ms/step - loss: 0.4141 - accuracy: 0.9437
Epoch 9/25

1/8 [==>...........................] - ETA: 0s - loss: 0.3365 - accuracy: 1.0000
8/8 [==============================] - 0s 2ms/step - loss: 0.3794 - accuracy: 0.9610
Epoch 10/25

1/8 [==>...........................] - ETA: 0s - loss: 0.3435 - accuracy: 1.0000
8/8 [==============================] - 0s 2ms/step - loss: 0.3507 - accuracy: 0.9610
Epoch 11/25

1/8 [==>...........................] - ETA: 0s - loss: 0.3112 - accuracy: 0.9375
8/8 [==============================] - 0s 5ms/step - loss: 0.3148 - accuracy: 0.9567
Epoch 12/25

1/8 [==>...........................] - ETA: 0s - loss: 0.3002 - accuracy: 0.9688
8/8 [==============================] - 0s 3ms/step - loss: 0.2885 - accuracy: 0.9654
Epoch 13/25

1/8 [==>...........................] - ETA: 0s - loss: 0.2308 - accuracy: 1.0000
8/8 [==============================] - 0s 3ms/step - loss: 0.2688 - accuracy: 0.9654
Epoch 14/25

1/8 [==>...........................] - ETA: 0s - loss: 0.2114 - accuracy: 1.0000
8/8 [==============================] - 0s 3ms/step - loss: 0.2403 - accuracy: 0.9740
Epoch 15/25

1/8 [==>...........................] - ETA: 0s - loss: 0.2223 - accuracy: 1.0000
8/8 [==============================] - 0s 2ms/step - loss: 0.2247 - accuracy: 0.9784
Epoch 16/25

1/8 [==>...........................] - ETA: 0s - loss: 0.1746 - accuracy: 1.0000
8/8 [==============================] - 0s 2ms/step - loss: 0.1943 - accuracy: 0.9913
Epoch 17/25

1/8 [==>...........................] - ETA: 0s - loss: 0.1773 - accuracy: 0.9688
8/8 [==============================] - 0s 2ms/step - loss: 0.1839 - accuracy: 0.9870
Epoch 18/25

1/8 [==>...........................] - ETA: 0s - loss: 0.1483 - accuracy: 1.0000
8/8 [==============================] - 0s 2ms/step - loss: 0.1654 - accuracy: 0.9870
Epoch 19/25

1/8 [==>...........................] - ETA: 0s - loss: 0.1706 - accuracy: 0.9375
8/8 [==============================] - 0s 2ms/step - loss: 0.1495 - accuracy: 0.9913
Epoch 20/25

1/8 [==>...........................] - ETA: 0s - loss: 0.1023 - accuracy: 1.0000
8/8 [==============================] - 0s 3ms/step - loss: 0.1374 - accuracy: 0.9913
Epoch 21/25

1/8 [==>...........................] - ETA: 0s - loss: 0.1274 - accuracy: 1.0000
8/8 [==============================] - 0s 3ms/step - loss: 0.1299 - accuracy: 0.9827
Epoch 22/25

1/8 [==>...........................] - ETA: 0s - loss: 0.1131 - accuracy: 1.0000
8/8 [==============================] - 0s 2ms/step - loss: 0.1111 - accuracy: 0.9913
Epoch 23/25

1/8 [==>...........................] - ETA: 0s - loss: 0.1134 - accuracy: 0.9688
8/8 [==============================] - 0s 2ms/step - loss: 0.1015 - accuracy: 0.9913
Epoch 24/25

1/8 [==>...........................] - ETA: 0s - loss: 0.0940 - accuracy: 1.0000
8/8 [==============================] - 0s 2ms/step - loss: 0.0997 - accuracy: 0.9957
Epoch 25/25

1/8 [==>...........................] - ETA: 0s - loss: 0.1018 - accuracy: 1.0000
8/8 [==============================] - 0s 2ms/step - loss: 0.0922 - accuracy: 0.9957
# predict: steps=102
# predict: tnodeembed_metrics
# predict: node2vec_metrics
tnodeembed: {'auc': 0.6066574454536716, 'f1_micro': 0.5732230392156863, 'f1_macro': 0.5727809306517133} tNodeEmbed_final_loss=0.017385514453053474 tNodeEmbed_final_accuracy=0.9913420081138611 
node2vec: {'auc': 0.6296049746491734, 'f1_micro': 0.5934436274509803, 'f1_macro': 0.5934267977252023} node2vec_final_loss=0.09220930933952332 node2vec_final_accuracy=0.9956709742546082 
