# load graph
Processing Static file: filename='CollegeMsg_20040523_nodes_241_edges_299_component_0.edges'
# initialize tNodeEmbed for dataset=COLLEGE, test_size=0.2
# load dataset
# fit
# tNodeEmbed
Epoch 1/25

1/8 [==>...........................] - ETA: 27s - loss: 0.6967 - accuracy: 0.4062
7/8 [=========================>....] - ETA: 0s - loss: 0.6923 - accuracy: 0.5223 
8/8 [==============================] - 4s 8ms/step - loss: 0.6909 - accuracy: 0.5469
Epoch 2/25

1/8 [==>...........................] - ETA: 0s - loss: 0.6856 - accuracy: 0.5714
8/8 [==============================] - 0s 7ms/step - loss: 0.6748 - accuracy: 0.6845
Epoch 3/25

1/8 [==>...........................] - ETA: 0s - loss: 0.6536 - accuracy: 0.7812
8/8 [==============================] - 0s 6ms/step - loss: 0.6636 - accuracy: 0.6710
Epoch 4/25

1/8 [==>...........................] - ETA: 0s - loss: 0.6477 - accuracy: 0.8125
8/8 [==============================] - 0s 6ms/step - loss: 0.6383 - accuracy: 0.7662
Epoch 5/25

1/8 [==>...........................] - ETA: 0s - loss: 0.6451 - accuracy: 0.7188
8/8 [==============================] - 0s 6ms/step - loss: 0.5943 - accuracy: 0.8009
Epoch 6/25

1/8 [==>...........................] - ETA: 0s - loss: 0.5810 - accuracy: 0.7812
8/8 [==============================] - 0s 6ms/step - loss: 0.5589 - accuracy: 0.7835
Epoch 7/25

1/8 [==>...........................] - ETA: 0s - loss: 0.4994 - accuracy: 0.9062
8/8 [==============================] - 0s 6ms/step - loss: 0.4779 - accuracy: 0.8745
Epoch 8/25

1/8 [==>...........................] - ETA: 0s - loss: 0.4354 - accuracy: 0.8750
8/8 [==============================] - 0s 6ms/step - loss: 0.4244 - accuracy: 0.8268
Epoch 9/25

1/8 [==>...........................] - ETA: 0s - loss: 0.2899 - accuracy: 0.9688
8/8 [==============================] - 0s 6ms/step - loss: 0.3417 - accuracy: 0.8831
Epoch 10/25

1/8 [==>...........................] - ETA: 0s - loss: 0.2792 - accuracy: 0.9688
8/8 [==============================] - 0s 7ms/step - loss: 0.2990 - accuracy: 0.9221
Epoch 11/25

1/8 [==>...........................] - ETA: 0s - loss: 0.3107 - accuracy: 0.9062
8/8 [==============================] - 0s 6ms/step - loss: 0.2308 - accuracy: 0.9481
Epoch 12/25

1/8 [==>...........................] - ETA: 0s - loss: 0.2571 - accuracy: 0.9688
8/8 [==============================] - 0s 6ms/step - loss: 0.1961 - accuracy: 0.9654
Epoch 13/25

1/8 [==>...........................] - ETA: 0s - loss: 0.1074 - accuracy: 1.0000
8/8 [==============================] - 0s 6ms/step - loss: 0.1525 - accuracy: 0.9697
Epoch 14/25

1/8 [==>...........................] - ETA: 0s - loss: 0.0967 - accuracy: 0.9688
8/8 [==============================] - 0s 6ms/step - loss: 0.1232 - accuracy: 0.9740
Epoch 15/25

1/8 [==>...........................] - ETA: 0s - loss: 0.0956 - accuracy: 1.0000
8/8 [==============================] - 0s 6ms/step - loss: 0.0883 - accuracy: 0.9913
Epoch 16/25

1/8 [==>...........................] - ETA: 0s - loss: 0.1041 - accuracy: 1.0000
8/8 [==============================] - 0s 6ms/step - loss: 0.0707 - accuracy: 0.9827
Epoch 17/25

1/8 [==>...........................] - ETA: 0s - loss: 0.0433 - accuracy: 1.0000
8/8 [==============================] - 0s 5ms/step - loss: 0.0576 - accuracy: 0.9957
Epoch 18/25

1/8 [==>...........................] - ETA: 0s - loss: 0.0241 - accuracy: 1.0000
8/8 [==============================] - 0s 5ms/step - loss: 0.0495 - accuracy: 0.9957
Epoch 19/25

1/8 [==>...........................] - ETA: 0s - loss: 0.0178 - accuracy: 1.0000
8/8 [==============================] - 0s 5ms/step - loss: 0.0372 - accuracy: 1.0000
Epoch 20/25

1/8 [==>...........................] - ETA: 0s - loss: 0.0228 - accuracy: 1.0000
8/8 [==============================] - 0s 7ms/step - loss: 0.0310 - accuracy: 0.9957
Epoch 21/25

1/8 [==>...........................] - ETA: 0s - loss: 0.0438 - accuracy: 0.9688
8/8 [==============================] - 0s 6ms/step - loss: 0.0286 - accuracy: 0.9957
Epoch 22/25

1/8 [==>...........................] - ETA: 0s - loss: 0.0419 - accuracy: 0.9688
8/8 [==============================] - 0s 5ms/step - loss: 0.0276 - accuracy: 0.9913
Epoch 23/25

1/8 [==>...........................] - ETA: 0s - loss: 0.0315 - accuracy: 1.0000
8/8 [==============================] - 0s 5ms/step - loss: 0.0188 - accuracy: 1.0000
Epoch 24/25

1/8 [==>...........................] - ETA: 0s - loss: 0.0183 - accuracy: 1.0000
8/8 [==============================] - 0s 6ms/step - loss: 0.0215 - accuracy: 0.9957
Epoch 25/25

1/8 [==>...........................] - ETA: 0s - loss: 0.0045 - accuracy: 1.0000
8/8 [==============================] - 0s 6ms/step - loss: 0.0200 - accuracy: 0.9957
# node2vec
Epoch 1/25

1/8 [==>...........................] - ETA: 8s - loss: 0.6863 - accuracy: 0.4688
8/8 [==============================] - 1s 7ms/step - loss: 0.6817 - accuracy: 0.5455
Epoch 2/25

1/8 [==>...........................] - ETA: 0s - loss: 0.6410 - accuracy: 0.7188
8/8 [==============================] - 0s 7ms/step - loss: 0.6350 - accuracy: 0.7143
Epoch 3/25

1/8 [==>...........................] - ETA: 0s - loss: 0.5971 - accuracy: 0.6562
8/8 [==============================] - ETA: 0s - loss: 0.5813 - accuracy: 0.7835
8/8 [==============================] - 0s 9ms/step - loss: 0.5813 - accuracy: 0.7835
Epoch 4/25

1/8 [==>...........................] - ETA: 0s - loss: 0.5286 - accuracy: 0.8750
8/8 [==============================] - 0s 7ms/step - loss: 0.5453 - accuracy: 0.8658
Epoch 5/25

1/8 [==>...........................] - ETA: 0s - loss: 0.5265 - accuracy: 0.8750
8/8 [==============================] - ETA: 0s - loss: 0.5092 - accuracy: 0.8658
8/8 [==============================] - 0s 8ms/step - loss: 0.5092 - accuracy: 0.8658
Epoch 6/25

1/8 [==>...........................] - ETA: 0s - loss: 0.4913 - accuracy: 0.8750
7/8 [=========================>....] - ETA: 0s - loss: 0.4799 - accuracy: 0.8945
8/8 [==============================] - 0s 9ms/step - loss: 0.4772 - accuracy: 0.8961
Epoch 7/25

1/8 [==>...........................] - ETA: 0s - loss: 0.4314 - accuracy: 1.0000
8/8 [==============================] - ETA: 0s - loss: 0.4456 - accuracy: 0.9134
8/8 [==============================] - 0s 8ms/step - loss: 0.4456 - accuracy: 0.9134
Epoch 8/25

1/8 [==>...........................] - ETA: 0s - loss: 0.4091 - accuracy: 0.9062
8/8 [==============================] - 0s 5ms/step - loss: 0.4015 - accuracy: 0.9351
Epoch 9/25

1/8 [==>...........................] - ETA: 0s - loss: 0.3729 - accuracy: 0.9688
8/8 [==============================] - 0s 5ms/step - loss: 0.3790 - accuracy: 0.9264
Epoch 10/25

1/8 [==>...........................] - ETA: 0s - loss: 0.3549 - accuracy: 1.0000
8/8 [==============================] - 0s 4ms/step - loss: 0.3517 - accuracy: 0.9524
Epoch 11/25

1/8 [==>...........................] - ETA: 0s - loss: 0.3294 - accuracy: 0.9062
8/8 [==============================] - 0s 4ms/step - loss: 0.3188 - accuracy: 0.9394
Epoch 12/25

1/8 [==>...........................] - ETA: 0s - loss: 0.2666 - accuracy: 1.0000
8/8 [==============================] - 0s 4ms/step - loss: 0.3031 - accuracy: 0.9481
Epoch 13/25

1/8 [==>...........................] - ETA: 0s - loss: 0.2415 - accuracy: 0.9688
8/8 [==============================] - 0s 4ms/step - loss: 0.2645 - accuracy: 0.9740
Epoch 14/25

1/8 [==>...........................] - ETA: 0s - loss: 0.2688 - accuracy: 0.9688
8/8 [==============================] - 0s 4ms/step - loss: 0.2505 - accuracy: 0.9697
Epoch 15/25

1/8 [==>...........................] - ETA: 0s - loss: 0.1966 - accuracy: 1.0000
8/8 [==============================] - 0s 5ms/step - loss: 0.2217 - accuracy: 0.9827
Epoch 16/25

1/8 [==>...........................] - ETA: 0s - loss: 0.2154 - accuracy: 1.0000
8/8 [==============================] - 0s 5ms/step - loss: 0.2097 - accuracy: 0.9740
Epoch 17/25

1/8 [==>...........................] - ETA: 0s - loss: 0.2196 - accuracy: 0.9688
8/8 [==============================] - 0s 6ms/step - loss: 0.1981 - accuracy: 0.9827
Epoch 18/25

1/8 [==>...........................] - ETA: 0s - loss: 0.1936 - accuracy: 1.0000
8/8 [==============================] - 0s 4ms/step - loss: 0.1755 - accuracy: 0.9827
Epoch 19/25

1/8 [==>...........................] - ETA: 0s - loss: 0.1970 - accuracy: 1.0000
8/8 [==============================] - 0s 4ms/step - loss: 0.1638 - accuracy: 0.9870
Epoch 20/25

1/8 [==>...........................] - ETA: 0s - loss: 0.1607 - accuracy: 1.0000
8/8 [==============================] - 0s 5ms/step - loss: 0.1476 - accuracy: 0.9913
Epoch 21/25

1/8 [==>...........................] - ETA: 0s - loss: 0.1358 - accuracy: 1.0000
8/8 [==============================] - 0s 5ms/step - loss: 0.1415 - accuracy: 0.9957
Epoch 22/25

1/8 [==>...........................] - ETA: 0s - loss: 0.1395 - accuracy: 1.0000
8/8 [==============================] - 0s 4ms/step - loss: 0.1246 - accuracy: 0.9957
Epoch 23/25

1/8 [==>...........................] - ETA: 0s - loss: 0.1470 - accuracy: 1.0000
2/8 [======>.......................] - ETA: 0s - loss: 0.1460 - accuracy: 0.9844
8/8 [==============================] - 0s 14ms/step - loss: 0.1186 - accuracy: 0.9957
Epoch 24/25

1/8 [==>...........................] - ETA: 0s - loss: 0.0865 - accuracy: 1.0000
8/8 [==============================] - 0s 6ms/step - loss: 0.1128 - accuracy: 0.9913
Epoch 25/25

1/8 [==>...........................] - ETA: 0s - loss: 0.1118 - accuracy: 1.0000
8/8 [==============================] - 0s 6ms/step - loss: 0.1012 - accuracy: 1.0000
# predict: steps=102
# predict: tnodeembed_metrics
# predict: node2vec_metrics
tnodeembed: {'auc': 0.6304694633674549, 'f1_micro': 0.5830269607843137, 'f1_macro': 0.5826583781515848} tNodeEmbed_final_loss=0.019971871748566628 tNodeEmbed_final_accuracy=0.9956709742546082 
node2vec: {'auc': 0.6401316500865052, 'f1_micro': 0.6020220588235294, 'f1_macro': 0.6016702668764944} node2vec_final_loss=0.1011725589632988 node2vec_final_accuracy=1.0 
