# load graph
Processing Static file: filename='CollegeMsg_20040617_nodes_3_edges_2_component_0.edges'
# initialize tNodeEmbed for dataset=COLLEGE, test_size=0.2
# load dataset
# fit
# tNodeEmbed
Epoch 1/25

1/8 [==>...........................] - ETA: 23s - loss: 0.6871 - accuracy: 0.6562
8/8 [==============================] - ETA: 0s - loss: 0.6930 - accuracy: 0.5108 
8/8 [==============================] - 3s 8ms/step - loss: 0.6930 - accuracy: 0.5108
Epoch 2/25

1/8 [==>...........................] - ETA: 0s - loss: 0.6707 - accuracy: 0.5938
8/8 [==============================] - ETA: 0s - loss: 0.6811 - accuracy: 0.4762
8/8 [==============================] - 0s 8ms/step - loss: 0.6811 - accuracy: 0.4762
Epoch 3/25

1/8 [==>...........................] - ETA: 0s - loss: 0.6467 - accuracy: 0.6250
8/8 [==============================] - ETA: 0s - loss: 0.6622 - accuracy: 0.5974
8/8 [==============================] - 0s 8ms/step - loss: 0.6622 - accuracy: 0.5974
Epoch 4/25

1/8 [==>...........................] - ETA: 0s - loss: 0.6655 - accuracy: 0.6250
8/8 [==============================] - 0s 7ms/step - loss: 0.6360 - accuracy: 0.7879
Epoch 5/25

1/8 [==>...........................] - ETA: 0s - loss: 0.6416 - accuracy: 0.6875
8/8 [==============================] - 0s 7ms/step - loss: 0.6084 - accuracy: 0.7706
Epoch 6/25

1/8 [==>...........................] - ETA: 0s - loss: 0.5535 - accuracy: 0.8125
8/8 [==============================] - 0s 6ms/step - loss: 0.5476 - accuracy: 0.8658
Epoch 7/25

1/8 [==>...........................] - ETA: 0s - loss: 0.5102 - accuracy: 0.8750
8/8 [==============================] - 0s 7ms/step - loss: 0.4883 - accuracy: 0.8874
Epoch 8/25

1/8 [==>...........................] - ETA: 0s - loss: 0.3989 - accuracy: 0.9062
8/8 [==============================] - 0s 7ms/step - loss: 0.3977 - accuracy: 0.9048
Epoch 9/25

1/8 [==>...........................] - ETA: 0s - loss: 0.3052 - accuracy: 1.0000
8/8 [==============================] - 0s 5ms/step - loss: 0.3350 - accuracy: 0.9134
Epoch 10/25

1/8 [==>...........................] - ETA: 0s - loss: 0.2580 - accuracy: 0.9375
8/8 [==============================] - 0s 6ms/step - loss: 0.2535 - accuracy: 0.9437
Epoch 11/25

1/8 [==>...........................] - ETA: 0s - loss: 0.1919 - accuracy: 0.9688
8/8 [==============================] - 0s 7ms/step - loss: 0.1664 - accuracy: 0.9827
Epoch 12/25

1/8 [==>...........................] - ETA: 0s - loss: 0.1178 - accuracy: 1.0000
8/8 [==============================] - 0s 6ms/step - loss: 0.1276 - accuracy: 0.9827
Epoch 13/25

1/8 [==>...........................] - ETA: 0s - loss: 0.1301 - accuracy: 0.9688
8/8 [==============================] - 0s 7ms/step - loss: 0.0845 - accuracy: 0.9957
Epoch 14/25

1/8 [==>...........................] - ETA: 0s - loss: 0.0522 - accuracy: 1.0000
8/8 [==============================] - 0s 7ms/step - loss: 0.0518 - accuracy: 1.0000
Epoch 15/25

1/8 [==>...........................] - ETA: 0s - loss: 0.0418 - accuracy: 1.0000
8/8 [==============================] - 0s 7ms/step - loss: 0.0373 - accuracy: 1.0000
Epoch 16/25

1/8 [==>...........................] - ETA: 0s - loss: 0.0230 - accuracy: 1.0000
8/8 [==============================] - 0s 7ms/step - loss: 0.0272 - accuracy: 1.0000
Epoch 17/25

1/8 [==>...........................] - ETA: 0s - loss: 0.0161 - accuracy: 1.0000
8/8 [==============================] - 0s 6ms/step - loss: 0.0199 - accuracy: 1.0000
Epoch 18/25

1/8 [==>...........................] - ETA: 0s - loss: 0.0123 - accuracy: 1.0000
8/8 [==============================] - 0s 7ms/step - loss: 0.0137 - accuracy: 1.0000
Epoch 19/25

1/8 [==>...........................] - ETA: 0s - loss: 0.0188 - accuracy: 1.0000
8/8 [==============================] - ETA: 0s - loss: 0.0129 - accuracy: 1.0000
8/8 [==============================] - 0s 8ms/step - loss: 0.0129 - accuracy: 1.0000
Epoch 20/25

1/8 [==>...........................] - ETA: 0s - loss: 0.0073 - accuracy: 1.0000
8/8 [==============================] - 0s 7ms/step - loss: 0.0087 - accuracy: 1.0000
Epoch 21/25

1/8 [==>...........................] - ETA: 0s - loss: 0.0095 - accuracy: 1.0000
8/8 [==============================] - 0s 7ms/step - loss: 0.0076 - accuracy: 1.0000
Epoch 22/25

1/8 [==>...........................] - ETA: 0s - loss: 0.0087 - accuracy: 1.0000
8/8 [==============================] - 0s 7ms/step - loss: 0.0062 - accuracy: 1.0000
Epoch 23/25

1/8 [==>...........................] - ETA: 0s - loss: 0.0068 - accuracy: 1.0000
8/8 [==============================] - 0s 7ms/step - loss: 0.0058 - accuracy: 1.0000
Epoch 24/25

1/8 [==>...........................] - ETA: 0s - loss: 0.0035 - accuracy: 1.0000
8/8 [==============================] - 0s 7ms/step - loss: 0.0046 - accuracy: 1.0000
Epoch 25/25

1/8 [==>...........................] - ETA: 0s - loss: 0.0037 - accuracy: 1.0000
8/8 [==============================] - ETA: 0s - loss: 0.0045 - accuracy: 1.0000
8/8 [==============================] - 0s 9ms/step - loss: 0.0045 - accuracy: 1.0000
# node2vec
Epoch 1/25

1/8 [==>...........................] - ETA: 6s - loss: 0.7155 - accuracy: 0.4062
8/8 [==============================] - 1s 8ms/step - loss: 0.6976 - accuracy: 0.5238
Epoch 2/25

1/8 [==>...........................] - ETA: 0s - loss: 0.6357 - accuracy: 0.8125
8/8 [==============================] - 0s 4ms/step - loss: 0.6446 - accuracy: 0.7013
Epoch 3/25

1/8 [==>...........................] - ETA: 0s - loss: 0.5955 - accuracy: 0.8125
8/8 [==============================] - 0s 4ms/step - loss: 0.5948 - accuracy: 0.8312
Epoch 4/25

1/8 [==>...........................] - ETA: 0s - loss: 0.5776 - accuracy: 0.8125
8/8 [==============================] - 0s 3ms/step - loss: 0.5555 - accuracy: 0.8788
Epoch 5/25

1/8 [==>...........................] - ETA: 0s - loss: 0.5718 - accuracy: 0.8125
8/8 [==============================] - 0s 4ms/step - loss: 0.5182 - accuracy: 0.9091
Epoch 6/25

1/8 [==>...........................] - ETA: 0s - loss: 0.5266 - accuracy: 0.8438
8/8 [==============================] - 0s 4ms/step - loss: 0.4737 - accuracy: 0.9307
Epoch 7/25

1/8 [==>...........................] - ETA: 0s - loss: 0.4258 - accuracy: 0.9688
8/8 [==============================] - 0s 4ms/step - loss: 0.4347 - accuracy: 0.9524
Epoch 8/25

1/8 [==>...........................] - ETA: 0s - loss: 0.4442 - accuracy: 0.9688
8/8 [==============================] - 0s 5ms/step - loss: 0.4057 - accuracy: 0.9394
Epoch 9/25

1/8 [==>...........................] - ETA: 0s - loss: 0.3830 - accuracy: 0.9375
8/8 [==============================] - 0s 5ms/step - loss: 0.3654 - accuracy: 0.9567
Epoch 10/25

1/8 [==>...........................] - ETA: 0s - loss: 0.3185 - accuracy: 0.9688
8/8 [==============================] - 0s 5ms/step - loss: 0.3269 - accuracy: 0.9827
Epoch 11/25

1/8 [==>...........................] - ETA: 0s - loss: 0.2947 - accuracy: 1.0000
8/8 [==============================] - 0s 5ms/step - loss: 0.3130 - accuracy: 0.9784
Epoch 12/25

1/8 [==>...........................] - ETA: 0s - loss: 0.2911 - accuracy: 1.0000
8/8 [==============================] - 0s 5ms/step - loss: 0.2760 - accuracy: 0.9870
Epoch 13/25

1/8 [==>...........................] - ETA: 0s - loss: 0.2451 - accuracy: 0.9688
8/8 [==============================] - 0s 4ms/step - loss: 0.2503 - accuracy: 0.9913
Epoch 14/25

1/8 [==>...........................] - ETA: 0s - loss: 0.2308 - accuracy: 1.0000
8/8 [==============================] - 0s 5ms/step - loss: 0.2203 - accuracy: 0.9957
Epoch 15/25

1/8 [==>...........................] - ETA: 0s - loss: 0.1967 - accuracy: 1.0000
8/8 [==============================] - ETA: 0s - loss: 0.2018 - accuracy: 0.9957
8/8 [==============================] - 0s 9ms/step - loss: 0.2018 - accuracy: 0.9957
Epoch 16/25

1/8 [==>...........................] - ETA: 0s - loss: 0.1941 - accuracy: 1.0000
8/8 [==============================] - 0s 6ms/step - loss: 0.1844 - accuracy: 0.9957
Epoch 17/25

1/8 [==>...........................] - ETA: 0s - loss: 0.1771 - accuracy: 1.0000
8/8 [==============================] - 0s 5ms/step - loss: 0.1686 - accuracy: 1.0000
Epoch 18/25

1/8 [==>...........................] - ETA: 0s - loss: 0.1457 - accuracy: 1.0000
8/8 [==============================] - 0s 5ms/step - loss: 0.1437 - accuracy: 1.0000
Epoch 19/25

1/8 [==>...........................] - ETA: 0s - loss: 0.1193 - accuracy: 1.0000
8/8 [==============================] - 0s 5ms/step - loss: 0.1308 - accuracy: 1.0000
Epoch 20/25

1/8 [==>...........................] - ETA: 0s - loss: 0.1269 - accuracy: 1.0000
6/8 [=====================>........] - ETA: 0s - loss: 0.1213 - accuracy: 1.0000
8/8 [==============================] - 0s 12ms/step - loss: 0.1178 - accuracy: 1.0000
Epoch 21/25

1/8 [==>...........................] - ETA: 0s - loss: 0.1269 - accuracy: 1.0000
8/8 [==============================] - ETA: 0s - loss: 0.1097 - accuracy: 1.0000
8/8 [==============================] - 0s 9ms/step - loss: 0.1097 - accuracy: 1.0000
Epoch 22/25

1/8 [==>...........................] - ETA: 0s - loss: 0.0976 - accuracy: 1.0000
8/8 [==============================] - 0s 7ms/step - loss: 0.0987 - accuracy: 1.0000
Epoch 23/25

1/8 [==>...........................] - ETA: 0s - loss: 0.0941 - accuracy: 1.0000
8/8 [==============================] - 0s 4ms/step - loss: 0.0909 - accuracy: 1.0000
Epoch 24/25

1/8 [==>...........................] - ETA: 0s - loss: 0.0777 - accuracy: 1.0000
8/8 [==============================] - 0s 4ms/step - loss: 0.0826 - accuracy: 1.0000
Epoch 25/25

1/8 [==>...........................] - ETA: 0s - loss: 0.0740 - accuracy: 1.0000
8/8 [==============================] - 0s 4ms/step - loss: 0.0734 - accuracy: 1.0000
# predict: steps=102
# predict: tnodeembed_metrics
# predict: node2vec_metrics
tnodeembed: {'auc': 0.6103825376658016, 'f1_micro': 0.5888480392156863, 'f1_macro': 0.588046226074395} tNodeEmbed_final_loss=0.004491456318646669 tNodeEmbed_final_accuracy=1.0 
node2vec: {'auc': 0.5949477064109958, 'f1_micro': 0.5726102941176471, 'f1_macro': 0.5726035143103312} node2vec_final_loss=0.07339002937078476 node2vec_final_accuracy=1.0 
