# load graph
Processing Static file: filename='CollegeMsg_20040420_nodes_11_edges_11_component_0.edges'
# initialize tNodeEmbed for dataset=COLLEGE, test_size=0.2
# load dataset
# fit
# tNodeEmbed
Epoch 1/25

1/8 [==>...........................] - ETA: 8s - loss: 0.6939 - accuracy: 0.4688
8/8 [==============================] - 1s 3ms/step - loss: 0.6933 - accuracy: 0.5152
Epoch 2/25

1/8 [==>...........................] - ETA: 0s - loss: 0.6956 - accuracy: 0.4688
8/8 [==============================] - 0s 4ms/step - loss: 0.6936 - accuracy: 0.4719
Epoch 3/25

1/8 [==>...........................] - ETA: 0s - loss: 0.6942 - accuracy: 0.4375
8/8 [==============================] - 0s 3ms/step - loss: 0.6928 - accuracy: 0.5238
Epoch 4/25

1/8 [==>...........................] - ETA: 0s - loss: 0.6989 - accuracy: 0.4688
8/8 [==============================] - 0s 3ms/step - loss: 0.6914 - accuracy: 0.5108
Epoch 5/25

1/8 [==>...........................] - ETA: 0s - loss: 0.6932 - accuracy: 0.5000
8/8 [==============================] - 0s 3ms/step - loss: 0.6912 - accuracy: 0.4935
Epoch 6/25

1/8 [==>...........................] - ETA: 0s - loss: 0.6898 - accuracy: 0.4688
8/8 [==============================] - 0s 3ms/step - loss: 0.6909 - accuracy: 0.4978
Epoch 7/25

1/8 [==>...........................] - ETA: 0s - loss: 0.6905 - accuracy: 0.4688
8/8 [==============================] - 0s 3ms/step - loss: 0.6911 - accuracy: 0.5108
Epoch 8/25

1/8 [==>...........................] - ETA: 0s - loss: 0.6996 - accuracy: 0.4688
8/8 [==============================] - 0s 3ms/step - loss: 0.6893 - accuracy: 0.5281
Epoch 9/25

1/8 [==>...........................] - ETA: 0s - loss: 0.6755 - accuracy: 0.5000
8/8 [==============================] - 0s 3ms/step - loss: 0.6897 - accuracy: 0.4848
Epoch 10/25

1/8 [==>...........................] - ETA: 0s - loss: 0.6919 - accuracy: 0.4688
8/8 [==============================] - 0s 3ms/step - loss: 0.6887 - accuracy: 0.4935
Epoch 11/25

1/8 [==>...........................] - ETA: 0s - loss: 0.6821 - accuracy: 0.5625
8/8 [==============================] - 0s 3ms/step - loss: 0.6862 - accuracy: 0.5325
Epoch 12/25

1/8 [==>...........................] - ETA: 0s - loss: 0.6966 - accuracy: 0.4375
8/8 [==============================] - 0s 3ms/step - loss: 0.6862 - accuracy: 0.4978
Epoch 13/25

1/8 [==>...........................] - ETA: 0s - loss: 0.6668 - accuracy: 0.5312
8/8 [==============================] - 0s 3ms/step - loss: 0.6848 - accuracy: 0.5281
Epoch 14/25

1/8 [==>...........................] - ETA: 0s - loss: 0.6909 - accuracy: 0.4688
8/8 [==============================] - 0s 3ms/step - loss: 0.6836 - accuracy: 0.5022
Epoch 15/25

1/8 [==>...........................] - ETA: 0s - loss: 0.6896 - accuracy: 0.4688
8/8 [==============================] - 0s 3ms/step - loss: 0.6799 - accuracy: 0.5238
Epoch 16/25

1/8 [==>...........................] - ETA: 0s - loss: 0.6824 - accuracy: 0.5000
8/8 [==============================] - 0s 3ms/step - loss: 0.6822 - accuracy: 0.4848
Epoch 17/25

1/8 [==>...........................] - ETA: 0s - loss: 0.6940 - accuracy: 0.4688
8/8 [==============================] - 0s 3ms/step - loss: 0.6839 - accuracy: 0.5195
Epoch 18/25

1/8 [==>...........................] - ETA: 0s - loss: 0.6850 - accuracy: 0.4062
8/8 [==============================] - 0s 3ms/step - loss: 0.6739 - accuracy: 0.5368
Epoch 19/25

1/8 [==>...........................] - ETA: 0s - loss: 0.6925 - accuracy: 0.5312
8/8 [==============================] - 0s 3ms/step - loss: 0.6878 - accuracy: 0.4805
Epoch 20/25

1/8 [==>...........................] - ETA: 0s - loss: 0.6975 - accuracy: 0.4062
8/8 [==============================] - 0s 3ms/step - loss: 0.6784 - accuracy: 0.5195
Epoch 21/25

1/8 [==>...........................] - ETA: 0s - loss: 0.6834 - accuracy: 0.4375
8/8 [==============================] - 0s 3ms/step - loss: 0.6816 - accuracy: 0.5065
Epoch 22/25

1/8 [==>...........................] - ETA: 0s - loss: 0.6970 - accuracy: 0.4062
8/8 [==============================] - 0s 3ms/step - loss: 0.6812 - accuracy: 0.4978
Epoch 23/25

1/8 [==>...........................] - ETA: 0s - loss: 0.6932 - accuracy: 0.5000
8/8 [==============================] - 0s 3ms/step - loss: 0.6780 - accuracy: 0.5325
Epoch 24/25

1/8 [==>...........................] - ETA: 0s - loss: 0.6754 - accuracy: 0.4062
8/8 [==============================] - 0s 3ms/step - loss: 0.6738 - accuracy: 0.5238
Epoch 25/25

1/8 [==>...........................] - ETA: 0s - loss: 0.6934 - accuracy: 0.5000
8/8 [==============================] - 0s 3ms/step - loss: 0.6785 - accuracy: 0.5238
# node2vec
Epoch 1/25

1/8 [==>...........................] - ETA: 1s - loss: 0.6949 - accuracy: 0.5312
8/8 [==============================] - 0s 2ms/step - loss: 0.6941 - accuracy: 0.5152
Epoch 2/25

1/8 [==>...........................] - ETA: 0s - loss: 0.6910 - accuracy: 0.4688
8/8 [==============================] - 0s 2ms/step - loss: 0.6925 - accuracy: 0.5022
Epoch 3/25

1/8 [==>...........................] - ETA: 0s - loss: 0.6875 - accuracy: 0.5938
8/8 [==============================] - 0s 2ms/step - loss: 0.6873 - accuracy: 0.5065
Epoch 4/25

1/8 [==>...........................] - ETA: 0s - loss: 0.6917 - accuracy: 0.5625
8/8 [==============================] - 0s 2ms/step - loss: 0.6888 - accuracy: 0.5152
Epoch 5/25

1/8 [==>...........................] - ETA: 0s - loss: 0.6850 - accuracy: 0.5938
8/8 [==============================] - 0s 2ms/step - loss: 0.6863 - accuracy: 0.5108
Epoch 6/25

1/8 [==>...........................] - ETA: 0s - loss: 0.6861 - accuracy: 0.5000
8/8 [==============================] - 0s 2ms/step - loss: 0.6869 - accuracy: 0.5152
Epoch 7/25

1/8 [==>...........................] - ETA: 0s - loss: 0.6842 - accuracy: 0.4375
8/8 [==============================] - 0s 2ms/step - loss: 0.6828 - accuracy: 0.4978
Epoch 8/25

1/8 [==>...........................] - ETA: 0s - loss: 0.6854 - accuracy: 0.5312
8/8 [==============================] - 0s 2ms/step - loss: 0.6894 - accuracy: 0.4848
Epoch 9/25

1/8 [==>...........................] - ETA: 0s - loss: 0.6583 - accuracy: 0.5312
8/8 [==============================] - 0s 2ms/step - loss: 0.6817 - accuracy: 0.5368
Epoch 10/25

1/8 [==>...........................] - ETA: 0s - loss: 0.7003 - accuracy: 0.4688
8/8 [==============================] - 0s 2ms/step - loss: 0.6830 - accuracy: 0.4892
Epoch 11/25

1/8 [==>...........................] - ETA: 0s - loss: 0.6649 - accuracy: 0.5000
8/8 [==============================] - 0s 2ms/step - loss: 0.6834 - accuracy: 0.5368
Epoch 12/25

1/8 [==>...........................] - ETA: 0s - loss: 0.6866 - accuracy: 0.5938
8/8 [==============================] - 0s 2ms/step - loss: 0.6817 - accuracy: 0.5238
Epoch 13/25

1/8 [==>...........................] - ETA: 0s - loss: 0.6933 - accuracy: 0.5625
8/8 [==============================] - 0s 2ms/step - loss: 0.6816 - accuracy: 0.5152
Epoch 14/25

1/8 [==>...........................] - ETA: 0s - loss: 0.6932 - accuracy: 0.5000
8/8 [==============================] - 0s 2ms/step - loss: 0.6814 - accuracy: 0.4848
Epoch 15/25

1/8 [==>...........................] - ETA: 0s - loss: 0.7024 - accuracy: 0.5625
8/8 [==============================] - 0s 2ms/step - loss: 0.6820 - accuracy: 0.5325
Epoch 16/25

1/8 [==>...........................] - ETA: 0s - loss: 0.6958 - accuracy: 0.4688
8/8 [==============================] - 0s 2ms/step - loss: 0.6802 - accuracy: 0.5065
Epoch 17/25

1/8 [==>...........................] - ETA: 0s - loss: 0.6891 - accuracy: 0.5000
8/8 [==============================] - 0s 2ms/step - loss: 0.6794 - accuracy: 0.5108
Epoch 18/25

1/8 [==>...........................] - ETA: 0s - loss: 0.6898 - accuracy: 0.6562
8/8 [==============================] - 0s 2ms/step - loss: 0.6810 - accuracy: 0.5108
Epoch 19/25

1/8 [==>...........................] - ETA: 0s - loss: 0.6812 - accuracy: 0.5000
8/8 [==============================] - 0s 2ms/step - loss: 0.6750 - accuracy: 0.5065
Epoch 20/25

1/8 [==>...........................] - ETA: 0s - loss: 0.6954 - accuracy: 0.5000
8/8 [==============================] - 0s 2ms/step - loss: 0.6839 - accuracy: 0.5022
Epoch 21/25

1/8 [==>...........................] - ETA: 0s - loss: 0.6885 - accuracy: 0.4688
8/8 [==============================] - 0s 2ms/step - loss: 0.6771 - accuracy: 0.5195
Epoch 22/25

1/8 [==>...........................] - ETA: 0s - loss: 0.6914 - accuracy: 0.4375
8/8 [==============================] - 0s 2ms/step - loss: 0.6808 - accuracy: 0.5281
Epoch 23/25

1/8 [==>...........................] - ETA: 0s - loss: 0.6918 - accuracy: 0.5312
8/8 [==============================] - 0s 2ms/step - loss: 0.6762 - accuracy: 0.5238
Epoch 24/25

1/8 [==>...........................] - ETA: 0s - loss: 0.6613 - accuracy: 0.5938
8/8 [==============================] - 0s 2ms/step - loss: 0.6865 - accuracy: 0.5022
Epoch 25/25

1/8 [==>...........................] - ETA: 0s - loss: 0.6699 - accuracy: 0.6562
8/8 [==============================] - 0s 2ms/step - loss: 0.6731 - accuracy: 0.5325
# predict: steps=102
# predict: tnodeembed_metrics
# predict: node2vec_metrics
tnodeembed: {'auc': 0.5452605368127643, 'f1_micro': 0.5520833333333334, 'f1_macro': 0.4503911324874921} tNodeEmbed_final_loss=0.6785014271736145 tNodeEmbed_final_accuracy=0.523809552192688 
node2vec: {'auc': 0.48340782391387926, 'f1_micro': 0.46231617647058826, 'f1_macro': 0.3266718158663133} node2vec_final_loss=0.6730836033821106 node2vec_final_accuracy=0.5324675440788269 
