# load graph
Processing Static file: filename='CollegeMsg_20040619_nodes_4_edges_3_component_0.edges'
# initialize tNodeEmbed for dataset=COLLEGE, test_size=0.2
# load dataset
# fit
# tNodeEmbed
Epoch 1/25

1/8 [==>...........................] - ETA: 24s - loss: 0.6949 - accuracy: 0.5312
7/8 [=========================>....] - ETA: 0s - loss: 0.6949 - accuracy: 0.4623 
8/8 [==============================] - 4s 9ms/step - loss: 0.6941 - accuracy: 0.4805
Epoch 2/25

1/8 [==>...........................] - ETA: 0s - loss: 0.6846 - accuracy: 0.6875
8/8 [==============================] - 0s 7ms/step - loss: 0.6835 - accuracy: 0.6883
Epoch 3/25

1/8 [==>...........................] - ETA: 0s - loss: 0.6683 - accuracy: 0.8438
8/8 [==============================] - 0s 6ms/step - loss: 0.6680 - accuracy: 0.7013
Epoch 4/25

1/8 [==>...........................] - ETA: 0s - loss: 0.6592 - accuracy: 0.7188
8/8 [==============================] - 0s 7ms/step - loss: 0.6481 - accuracy: 0.7965
Epoch 5/25

1/8 [==>...........................] - ETA: 0s - loss: 0.6418 - accuracy: 0.9062
8/8 [==============================] - 0s 7ms/step - loss: 0.6218 - accuracy: 0.8788
Epoch 6/25

1/8 [==>...........................] - ETA: 0s - loss: 0.6051 - accuracy: 0.9062
8/8 [==============================] - ETA: 0s - loss: 0.5759 - accuracy: 0.9004
8/8 [==============================] - 0s 8ms/step - loss: 0.5759 - accuracy: 0.9004
Epoch 7/25

1/8 [==>...........................] - ETA: 0s - loss: 0.5047 - accuracy: 0.9062
8/8 [==============================] - 0s 7ms/step - loss: 0.5218 - accuracy: 0.8658
Epoch 8/25

1/8 [==>...........................] - ETA: 0s - loss: 0.4558 - accuracy: 0.9062
8/8 [==============================] - ETA: 0s - loss: 0.4500 - accuracy: 0.8918
8/8 [==============================] - 0s 8ms/step - loss: 0.4500 - accuracy: 0.8918
Epoch 9/25

1/8 [==>...........................] - ETA: 0s - loss: 0.3101 - accuracy: 0.9688
8/8 [==============================] - 0s 6ms/step - loss: 0.3613 - accuracy: 0.9048
Epoch 10/25

1/8 [==>...........................] - ETA: 0s - loss: 0.3019 - accuracy: 0.9375
8/8 [==============================] - ETA: 0s - loss: 0.2997 - accuracy: 0.9048
8/8 [==============================] - 0s 8ms/step - loss: 0.2997 - accuracy: 0.9048
Epoch 11/25

1/8 [==>...........................] - ETA: 0s - loss: 0.2591 - accuracy: 0.9375
8/8 [==============================] - ETA: 0s - loss: 0.2116 - accuracy: 0.9567
8/8 [==============================] - 0s 8ms/step - loss: 0.2116 - accuracy: 0.9567
Epoch 12/25

1/8 [==>...........................] - ETA: 0s - loss: 0.1457 - accuracy: 1.0000
8/8 [==============================] - ETA: 0s - loss: 0.1627 - accuracy: 0.9697
8/8 [==============================] - 0s 8ms/step - loss: 0.1627 - accuracy: 0.9697
Epoch 13/25

1/8 [==>...........................] - ETA: 0s - loss: 0.1227 - accuracy: 1.0000
6/8 [=====================>........] - ETA: 0s - loss: 0.1372 - accuracy: 0.9792
8/8 [==============================] - 0s 14ms/step - loss: 0.1302 - accuracy: 0.9827
Epoch 14/25

1/8 [==>...........................] - ETA: 0s - loss: 0.0876 - accuracy: 1.0000
8/8 [==============================] - ETA: 0s - loss: 0.0880 - accuracy: 0.9870
8/8 [==============================] - 0s 8ms/step - loss: 0.0880 - accuracy: 0.9870
Epoch 15/25

1/8 [==>...........................] - ETA: 0s - loss: 0.0807 - accuracy: 0.9688
8/8 [==============================] - 0s 7ms/step - loss: 0.0646 - accuracy: 0.9957
Epoch 16/25

1/8 [==>...........................] - ETA: 0s - loss: 0.0412 - accuracy: 1.0000
8/8 [==============================] - 0s 6ms/step - loss: 0.0418 - accuracy: 1.0000
Epoch 17/25

1/8 [==>...........................] - ETA: 0s - loss: 0.0355 - accuracy: 1.0000
8/8 [==============================] - 0s 6ms/step - loss: 0.0309 - accuracy: 1.0000
Epoch 18/25

1/8 [==>...........................] - ETA: 0s - loss: 0.0151 - accuracy: 1.0000
8/8 [==============================] - 0s 7ms/step - loss: 0.0208 - accuracy: 1.0000
Epoch 19/25

1/8 [==>...........................] - ETA: 0s - loss: 0.0203 - accuracy: 1.0000
8/8 [==============================] - 0s 7ms/step - loss: 0.0172 - accuracy: 1.0000
Epoch 20/25

1/8 [==>...........................] - ETA: 0s - loss: 0.0137 - accuracy: 1.0000
8/8 [==============================] - 0s 7ms/step - loss: 0.0130 - accuracy: 1.0000
Epoch 21/25

1/8 [==>...........................] - ETA: 0s - loss: 0.0109 - accuracy: 1.0000
8/8 [==============================] - 0s 6ms/step - loss: 0.0105 - accuracy: 1.0000
Epoch 22/25

1/8 [==>...........................] - ETA: 0s - loss: 0.0113 - accuracy: 1.0000
8/8 [==============================] - 0s 6ms/step - loss: 0.0087 - accuracy: 1.0000
Epoch 23/25

1/8 [==>...........................] - ETA: 0s - loss: 0.0076 - accuracy: 1.0000
8/8 [==============================] - 0s 6ms/step - loss: 0.0073 - accuracy: 1.0000
Epoch 24/25

1/8 [==>...........................] - ETA: 0s - loss: 0.0052 - accuracy: 1.0000
8/8 [==============================] - 0s 6ms/step - loss: 0.0063 - accuracy: 1.0000
Epoch 25/25

1/8 [==>...........................] - ETA: 0s - loss: 0.0066 - accuracy: 1.0000
8/8 [==============================] - 0s 7ms/step - loss: 0.0058 - accuracy: 1.0000
# node2vec
Epoch 1/25

1/8 [==>...........................] - ETA: 6s - loss: 0.6935 - accuracy: 0.5000
8/8 [==============================] - 1s 4ms/step - loss: 0.6752 - accuracy: 0.5411
Epoch 2/25

1/8 [==>...........................] - ETA: 0s - loss: 0.6798 - accuracy: 0.5312
8/8 [==============================] - 0s 4ms/step - loss: 0.6783 - accuracy: 0.5801
Epoch 3/25

1/8 [==>...........................] - ETA: 0s - loss: 0.6028 - accuracy: 0.7500
8/8 [==============================] - 0s 6ms/step - loss: 0.5916 - accuracy: 0.7879
Epoch 4/25

1/8 [==>...........................] - ETA: 0s - loss: 0.5737 - accuracy: 0.8438
8/8 [==============================] - 0s 6ms/step - loss: 0.5550 - accuracy: 0.8442
Epoch 5/25

1/8 [==>...........................] - ETA: 0s - loss: 0.4946 - accuracy: 0.9688
8/8 [==============================] - 0s 5ms/step - loss: 0.5118 - accuracy: 0.9004
Epoch 6/25

1/8 [==>...........................] - ETA: 0s - loss: 0.5167 - accuracy: 0.8750
7/8 [=========================>....] - ETA: 0s - loss: 0.4897 - accuracy: 0.8894
8/8 [==============================] - 0s 11ms/step - loss: 0.4840 - accuracy: 0.8961
Epoch 7/25

1/8 [==>...........................] - ETA: 0s - loss: 0.4581 - accuracy: 0.9375
8/8 [==============================] - 0s 6ms/step - loss: 0.4526 - accuracy: 0.9307
Epoch 8/25

1/8 [==>...........................] - ETA: 0s - loss: 0.4310 - accuracy: 0.9062
8/8 [==============================] - 0s 6ms/step - loss: 0.4091 - accuracy: 0.9264
Epoch 9/25

1/8 [==>...........................] - ETA: 0s - loss: 0.4312 - accuracy: 0.9062
8/8 [==============================] - 0s 6ms/step - loss: 0.3932 - accuracy: 0.9524
Epoch 10/25

1/8 [==>...........................] - ETA: 0s - loss: 0.3584 - accuracy: 0.9375
8/8 [==============================] - 0s 6ms/step - loss: 0.3518 - accuracy: 0.9610
Epoch 11/25

1/8 [==>...........................] - ETA: 0s - loss: 0.3526 - accuracy: 0.9062
8/8 [==============================] - 0s 4ms/step - loss: 0.3219 - accuracy: 0.9740
Epoch 12/25

1/8 [==>...........................] - ETA: 0s - loss: 0.3169 - accuracy: 0.9688
8/8 [==============================] - 0s 4ms/step - loss: 0.2999 - accuracy: 0.9827
Epoch 13/25

1/8 [==>...........................] - ETA: 0s - loss: 0.2688 - accuracy: 0.9688
8/8 [==============================] - 0s 4ms/step - loss: 0.2674 - accuracy: 0.9870
Epoch 14/25

1/8 [==>...........................] - ETA: 0s - loss: 0.2415 - accuracy: 0.9688
8/8 [==============================] - 0s 4ms/step - loss: 0.2436 - accuracy: 0.9870
Epoch 15/25

1/8 [==>...........................] - ETA: 0s - loss: 0.2216 - accuracy: 1.0000
8/8 [==============================] - 0s 4ms/step - loss: 0.2251 - accuracy: 0.9913
Epoch 16/25

1/8 [==>...........................] - ETA: 0s - loss: 0.1819 - accuracy: 1.0000
8/8 [==============================] - 0s 4ms/step - loss: 0.2014 - accuracy: 0.9957
Epoch 17/25

1/8 [==>...........................] - ETA: 0s - loss: 0.1968 - accuracy: 0.9688
8/8 [==============================] - 0s 6ms/step - loss: 0.1878 - accuracy: 0.9957
Epoch 18/25

1/8 [==>...........................] - ETA: 0s - loss: 0.1639 - accuracy: 0.9688
8/8 [==============================] - 0s 7ms/step - loss: 0.1610 - accuracy: 0.9957
Epoch 19/25

1/8 [==>...........................] - ETA: 0s - loss: 0.1581 - accuracy: 1.0000
8/8 [==============================] - 0s 8ms/step - loss: 0.1504 - accuracy: 1.0000
Epoch 20/25

1/8 [==>...........................] - ETA: 0s - loss: 0.1666 - accuracy: 1.0000
8/8 [==============================] - 0s 5ms/step - loss: 0.1366 - accuracy: 1.0000
Epoch 21/25

1/8 [==>...........................] - ETA: 0s - loss: 0.1389 - accuracy: 1.0000
8/8 [==============================] - 0s 4ms/step - loss: 0.1237 - accuracy: 1.0000
Epoch 22/25

1/8 [==>...........................] - ETA: 0s - loss: 0.1316 - accuracy: 1.0000
8/8 [==============================] - 0s 3ms/step - loss: 0.1106 - accuracy: 1.0000
Epoch 23/25

1/8 [==>...........................] - ETA: 0s - loss: 0.1247 - accuracy: 1.0000
8/8 [==============================] - 0s 4ms/step - loss: 0.1078 - accuracy: 1.0000
Epoch 24/25

1/8 [==>...........................] - ETA: 0s - loss: 0.0839 - accuracy: 1.0000
8/8 [==============================] - 0s 4ms/step - loss: 0.0876 - accuracy: 1.0000
Epoch 25/25

1/8 [==>...........................] - ETA: 0s - loss: 0.0957 - accuracy: 1.0000
8/8 [==============================] - 0s 3ms/step - loss: 0.0836 - accuracy: 1.0000
# predict: steps=102
# predict: tnodeembed_metrics
# predict: node2vec_metrics
tnodeembed: {'auc': 0.6280231761822376, 'f1_micro': 0.6001838235294118, 'f1_macro': 0.5992086772631149} tNodeEmbed_final_loss=0.0057925633154809475 tNodeEmbed_final_accuracy=1.0 
node2vec: {'auc': 0.6266816699106112, 'f1_micro': 0.5900735294117647, 'f1_macro': 0.5895000306425191} node2vec_final_loss=0.08356312662363052 node2vec_final_accuracy=1.0 
