# load graph
Processing Static file: filename='CollegeMsg_20040504_nodes_321_edges_667_component_0.edges'
# initialize tNodeEmbed for dataset=COLLEGE, test_size=0.2
# load dataset
# fit
# tNodeEmbed
Epoch 1/25

1/8 [==>...........................] - ETA: 9s - loss: 0.6923 - accuracy: 0.5000
8/8 [==============================] - 1s 3ms/step - loss: 0.6867 - accuracy: 0.5541
Epoch 2/25

1/8 [==>...........................] - ETA: 0s - loss: 0.6778 - accuracy: 0.5938
8/8 [==============================] - 0s 4ms/step - loss: 0.6756 - accuracy: 0.6234
Epoch 3/25

1/8 [==>...........................] - ETA: 0s - loss: 0.6727 - accuracy: 0.6250
8/8 [==============================] - 0s 4ms/step - loss: 0.6464 - accuracy: 0.6667
Epoch 4/25

1/8 [==>...........................] - ETA: 0s - loss: 0.6082 - accuracy: 0.7812
8/8 [==============================] - 0s 4ms/step - loss: 0.6123 - accuracy: 0.6797
Epoch 5/25

1/8 [==>...........................] - ETA: 0s - loss: 0.5876 - accuracy: 0.6562
8/8 [==============================] - 0s 4ms/step - loss: 0.5772 - accuracy: 0.6797
Epoch 6/25

1/8 [==>...........................] - ETA: 0s - loss: 0.5357 - accuracy: 0.6562
8/8 [==============================] - 0s 4ms/step - loss: 0.5408 - accuracy: 0.6883
Epoch 7/25

1/8 [==>...........................] - ETA: 0s - loss: 0.4623 - accuracy: 0.7188
8/8 [==============================] - 0s 4ms/step - loss: 0.5015 - accuracy: 0.7359
Epoch 8/25

1/8 [==>...........................] - ETA: 0s - loss: 0.5270 - accuracy: 0.6562
8/8 [==============================] - 0s 4ms/step - loss: 0.4726 - accuracy: 0.7619
Epoch 9/25

1/8 [==>...........................] - ETA: 0s - loss: 0.4250 - accuracy: 0.7812
8/8 [==============================] - 0s 4ms/step - loss: 0.4524 - accuracy: 0.7662
Epoch 10/25

1/8 [==>...........................] - ETA: 0s - loss: 0.4699 - accuracy: 0.7812
8/8 [==============================] - 0s 4ms/step - loss: 0.4124 - accuracy: 0.7922
Epoch 11/25

1/8 [==>...........................] - ETA: 0s - loss: 0.4668 - accuracy: 0.7188
8/8 [==============================] - 0s 4ms/step - loss: 0.4043 - accuracy: 0.8009
Epoch 12/25

1/8 [==>...........................] - ETA: 0s - loss: 0.3568 - accuracy: 0.8438
8/8 [==============================] - 0s 4ms/step - loss: 0.3728 - accuracy: 0.8268
Epoch 13/25

1/8 [==>...........................] - ETA: 0s - loss: 0.3441 - accuracy: 0.7812
8/8 [==============================] - 0s 3ms/step - loss: 0.3786 - accuracy: 0.8139
Epoch 14/25

1/8 [==>...........................] - ETA: 0s - loss: 0.2809 - accuracy: 0.8750
8/8 [==============================] - 0s 3ms/step - loss: 0.3207 - accuracy: 0.8485
Epoch 15/25

1/8 [==>...........................] - ETA: 0s - loss: 0.2410 - accuracy: 0.9062
8/8 [==============================] - 0s 4ms/step - loss: 0.3167 - accuracy: 0.8485
Epoch 16/25

1/8 [==>...........................] - ETA: 0s - loss: 0.2262 - accuracy: 0.9062
8/8 [==============================] - 0s 4ms/step - loss: 0.2770 - accuracy: 0.8874
Epoch 17/25

1/8 [==>...........................] - ETA: 0s - loss: 0.3833 - accuracy: 0.7812
8/8 [==============================] - 0s 4ms/step - loss: 0.2766 - accuracy: 0.8658
Epoch 18/25

1/8 [==>...........................] - ETA: 0s - loss: 0.2744 - accuracy: 0.8750
8/8 [==============================] - 0s 4ms/step - loss: 0.2544 - accuracy: 0.8874
Epoch 19/25

1/8 [==>...........................] - ETA: 0s - loss: 0.2790 - accuracy: 0.9062
8/8 [==============================] - 0s 4ms/step - loss: 0.2565 - accuracy: 0.8831
Epoch 20/25

1/8 [==>...........................] - ETA: 0s - loss: 0.1763 - accuracy: 0.9062
8/8 [==============================] - 0s 4ms/step - loss: 0.2286 - accuracy: 0.8788
Epoch 21/25

1/8 [==>...........................] - ETA: 0s - loss: 0.2130 - accuracy: 0.9062
8/8 [==============================] - 0s 4ms/step - loss: 0.2233 - accuracy: 0.8961
Epoch 22/25

1/8 [==>...........................] - ETA: 0s - loss: 0.2095 - accuracy: 0.8750
8/8 [==============================] - 0s 4ms/step - loss: 0.2320 - accuracy: 0.8701
Epoch 23/25

1/8 [==>...........................] - ETA: 0s - loss: 0.2485 - accuracy: 0.9062
8/8 [==============================] - 0s 4ms/step - loss: 0.2056 - accuracy: 0.9004
Epoch 24/25

1/8 [==>...........................] - ETA: 0s - loss: 0.2217 - accuracy: 0.8750
8/8 [==============================] - 0s 3ms/step - loss: 0.2181 - accuracy: 0.8831
Epoch 25/25

1/8 [==>...........................] - ETA: 0s - loss: 0.2074 - accuracy: 0.8750
8/8 [==============================] - 0s 4ms/step - loss: 0.1938 - accuracy: 0.9091
# node2vec
Epoch 1/25

1/8 [==>...........................] - ETA: 1s - loss: 0.7006 - accuracy: 0.5625
8/8 [==============================] - 0s 2ms/step - loss: 0.6843 - accuracy: 0.5325
Epoch 2/25

1/8 [==>...........................] - ETA: 0s - loss: 0.6723 - accuracy: 0.4688
8/8 [==============================] - 0s 2ms/step - loss: 0.6503 - accuracy: 0.5498
Epoch 3/25

1/8 [==>...........................] - ETA: 0s - loss: 0.5947 - accuracy: 0.6875
8/8 [==============================] - 0s 2ms/step - loss: 0.5938 - accuracy: 0.6970
Epoch 4/25

1/8 [==>...........................] - ETA: 0s - loss: 0.5795 - accuracy: 0.7500
8/8 [==============================] - 0s 2ms/step - loss: 0.5611 - accuracy: 0.7446
Epoch 5/25

1/8 [==>...........................] - ETA: 0s - loss: 0.5186 - accuracy: 0.7812
8/8 [==============================] - 0s 2ms/step - loss: 0.5358 - accuracy: 0.7706
Epoch 6/25

1/8 [==>...........................] - ETA: 0s - loss: 0.5702 - accuracy: 0.6875
8/8 [==============================] - 0s 2ms/step - loss: 0.5122 - accuracy: 0.7835
Epoch 7/25

1/8 [==>...........................] - ETA: 0s - loss: 0.4868 - accuracy: 0.8125
8/8 [==============================] - 0s 2ms/step - loss: 0.4956 - accuracy: 0.7749
Epoch 8/25

1/8 [==>...........................] - ETA: 0s - loss: 0.5319 - accuracy: 0.6875
8/8 [==============================] - 0s 2ms/step - loss: 0.4778 - accuracy: 0.7922
Epoch 9/25

1/8 [==>...........................] - ETA: 0s - loss: 0.3640 - accuracy: 0.8438
8/8 [==============================] - 0s 2ms/step - loss: 0.4576 - accuracy: 0.8225
Epoch 10/25

1/8 [==>...........................] - ETA: 0s - loss: 0.4122 - accuracy: 0.9062
8/8 [==============================] - 0s 2ms/step - loss: 0.4356 - accuracy: 0.8182
Epoch 11/25

1/8 [==>...........................] - ETA: 0s - loss: 0.3994 - accuracy: 0.8438
8/8 [==============================] - 0s 1ms/step - loss: 0.4385 - accuracy: 0.8312
Epoch 12/25

1/8 [==>...........................] - ETA: 0s - loss: 0.4053 - accuracy: 0.8438
8/8 [==============================] - 0s 2ms/step - loss: 0.4143 - accuracy: 0.8312
Epoch 13/25

1/8 [==>...........................] - ETA: 0s - loss: 0.4228 - accuracy: 0.8125
8/8 [==============================] - 0s 2ms/step - loss: 0.3923 - accuracy: 0.8485
Epoch 14/25

1/8 [==>...........................] - ETA: 0s - loss: 0.3963 - accuracy: 0.8750
8/8 [==============================] - 0s 2ms/step - loss: 0.3827 - accuracy: 0.8268
Epoch 15/25

1/8 [==>...........................] - ETA: 0s - loss: 0.4199 - accuracy: 0.8750
8/8 [==============================] - 0s 2ms/step - loss: 0.3860 - accuracy: 0.8398
Epoch 16/25

1/8 [==>...........................] - ETA: 0s - loss: 0.3001 - accuracy: 0.9062
8/8 [==============================] - 0s 2ms/step - loss: 0.3599 - accuracy: 0.8442
Epoch 17/25

1/8 [==>...........................] - ETA: 0s - loss: 0.4753 - accuracy: 0.6875
8/8 [==============================] - 0s 2ms/step - loss: 0.3649 - accuracy: 0.8485
Epoch 18/25

1/8 [==>...........................] - ETA: 0s - loss: 0.2709 - accuracy: 0.9375
8/8 [==============================] - 0s 2ms/step - loss: 0.3418 - accuracy: 0.8658
Epoch 19/25

1/8 [==>...........................] - ETA: 0s - loss: 0.2855 - accuracy: 0.9062
8/8 [==============================] - 0s 2ms/step - loss: 0.3356 - accuracy: 0.8615
Epoch 20/25

1/8 [==>...........................] - ETA: 0s - loss: 0.3407 - accuracy: 0.8750
8/8 [==============================] - 0s 2ms/step - loss: 0.3303 - accuracy: 0.8615
Epoch 21/25

1/8 [==>...........................] - ETA: 0s - loss: 0.2478 - accuracy: 0.9062
8/8 [==============================] - 0s 2ms/step - loss: 0.3279 - accuracy: 0.8615
Epoch 22/25

1/8 [==>...........................] - ETA: 0s - loss: 0.3337 - accuracy: 0.8750
8/8 [==============================] - 0s 2ms/step - loss: 0.2866 - accuracy: 0.8961
Epoch 23/25

1/8 [==>...........................] - ETA: 0s - loss: 0.3327 - accuracy: 0.8750
8/8 [==============================] - 0s 2ms/step - loss: 0.3213 - accuracy: 0.8658
Epoch 24/25

1/8 [==>...........................] - ETA: 0s - loss: 0.3061 - accuracy: 0.9062
8/8 [==============================] - 0s 2ms/step - loss: 0.2851 - accuracy: 0.8918
Epoch 25/25

1/8 [==>...........................] - ETA: 0s - loss: 0.2586 - accuracy: 0.8750
8/8 [==============================] - 0s 2ms/step - loss: 0.2875 - accuracy: 0.8831
# predict: steps=102
# predict: tnodeembed_metrics
# predict: node2vec_metrics
tnodeembed: {'auc': 0.6462823793733179, 'f1_micro': 0.617953431372549, 'f1_macro': 0.6117372230633092} tNodeEmbed_final_loss=0.19380192458629608 tNodeEmbed_final_accuracy=0.9090909361839294 
node2vec: {'auc': 0.6335450157391389, 'f1_micro': 0.6136642156862745, 'f1_macro': 0.6062125344249167} node2vec_final_loss=0.2875363230705261 node2vec_final_accuracy=0.8831169009208679 
