# load graph
Processing Static file: filename='CollegeMsg_20040506_nodes_335_edges_638_component_0.edges'
# initialize tNodeEmbed for dataset=COLLEGE, test_size=0.2
# load dataset
# fit
# tNodeEmbed
Epoch 1/25

1/8 [==>...........................] - ETA: 8s - loss: 0.6919 - accuracy: 0.5312
8/8 [==============================] - 1s 3ms/step - loss: 0.6860 - accuracy: 0.6147
Epoch 2/25

1/8 [==>...........................] - ETA: 0s - loss: 0.6836 - accuracy: 0.5312
8/8 [==============================] - 0s 3ms/step - loss: 0.6666 - accuracy: 0.6797
Epoch 3/25

1/8 [==>...........................] - ETA: 0s - loss: 0.6440 - accuracy: 0.6875
8/8 [==============================] - 0s 3ms/step - loss: 0.6277 - accuracy: 0.7056
Epoch 4/25

1/8 [==>...........................] - ETA: 0s - loss: 0.5960 - accuracy: 0.7812
8/8 [==============================] - 0s 3ms/step - loss: 0.6017 - accuracy: 0.6753
Epoch 5/25

1/8 [==>...........................] - ETA: 0s - loss: 0.6035 - accuracy: 0.6250
8/8 [==============================] - 0s 3ms/step - loss: 0.5563 - accuracy: 0.6970
Epoch 6/25

1/8 [==>...........................] - ETA: 0s - loss: 0.5248 - accuracy: 0.6562
8/8 [==============================] - 0s 3ms/step - loss: 0.5014 - accuracy: 0.7359
Epoch 7/25

1/8 [==>...........................] - ETA: 0s - loss: 0.5420 - accuracy: 0.6562
8/8 [==============================] - 0s 3ms/step - loss: 0.5017 - accuracy: 0.6926
Epoch 8/25

1/8 [==>...........................] - ETA: 0s - loss: 0.4381 - accuracy: 0.7812
8/8 [==============================] - 0s 3ms/step - loss: 0.4463 - accuracy: 0.7576
Epoch 9/25

1/8 [==>...........................] - ETA: 0s - loss: 0.4304 - accuracy: 0.8438
8/8 [==============================] - 0s 3ms/step - loss: 0.4109 - accuracy: 0.8268
Epoch 10/25

1/8 [==>...........................] - ETA: 0s - loss: 0.3698 - accuracy: 0.8438
8/8 [==============================] - 0s 3ms/step - loss: 0.3580 - accuracy: 0.8355
Epoch 11/25

1/8 [==>...........................] - ETA: 0s - loss: 0.3301 - accuracy: 0.8125
8/8 [==============================] - 0s 3ms/step - loss: 0.3369 - accuracy: 0.8571
Epoch 12/25

1/8 [==>...........................] - ETA: 0s - loss: 0.2639 - accuracy: 0.9062
8/8 [==============================] - 0s 3ms/step - loss: 0.3122 - accuracy: 0.8571
Epoch 13/25

1/8 [==>...........................] - ETA: 0s - loss: 0.3185 - accuracy: 0.8125
8/8 [==============================] - 0s 3ms/step - loss: 0.2746 - accuracy: 0.8874
Epoch 14/25

1/8 [==>...........................] - ETA: 0s - loss: 0.2809 - accuracy: 0.7812
8/8 [==============================] - 0s 3ms/step - loss: 0.2556 - accuracy: 0.8831
Epoch 15/25

1/8 [==>...........................] - ETA: 0s - loss: 0.2527 - accuracy: 0.8438
8/8 [==============================] - 0s 3ms/step - loss: 0.2595 - accuracy: 0.8874
Epoch 16/25

1/8 [==>...........................] - ETA: 0s - loss: 0.1750 - accuracy: 0.9688
8/8 [==============================] - 0s 3ms/step - loss: 0.2010 - accuracy: 0.9134
Epoch 17/25

1/8 [==>...........................] - ETA: 0s - loss: 0.1557 - accuracy: 0.9688
8/8 [==============================] - 0s 3ms/step - loss: 0.2017 - accuracy: 0.8961
Epoch 18/25

1/8 [==>...........................] - ETA: 0s - loss: 0.2381 - accuracy: 0.8438
8/8 [==============================] - 0s 3ms/step - loss: 0.1792 - accuracy: 0.9134
Epoch 19/25

1/8 [==>...........................] - ETA: 0s - loss: 0.1612 - accuracy: 0.9062
8/8 [==============================] - 0s 3ms/step - loss: 0.1577 - accuracy: 0.9264
Epoch 20/25

1/8 [==>...........................] - ETA: 0s - loss: 0.1431 - accuracy: 0.9375
8/8 [==============================] - 0s 3ms/step - loss: 0.1850 - accuracy: 0.8918
Epoch 21/25

1/8 [==>...........................] - ETA: 0s - loss: 0.1306 - accuracy: 0.9688
8/8 [==============================] - 0s 3ms/step - loss: 0.1628 - accuracy: 0.9307
Epoch 22/25

1/8 [==>...........................] - ETA: 0s - loss: 0.1114 - accuracy: 0.9688
8/8 [==============================] - 0s 3ms/step - loss: 0.1559 - accuracy: 0.9221
Epoch 23/25

1/8 [==>...........................] - ETA: 0s - loss: 0.1814 - accuracy: 0.8750
8/8 [==============================] - 0s 3ms/step - loss: 0.1510 - accuracy: 0.9221
Epoch 24/25

1/8 [==>...........................] - ETA: 0s - loss: 0.1686 - accuracy: 0.9062
8/8 [==============================] - 0s 3ms/step - loss: 0.1532 - accuracy: 0.9177
Epoch 25/25

1/8 [==>...........................] - ETA: 0s - loss: 0.2187 - accuracy: 0.8438
8/8 [==============================] - 0s 3ms/step - loss: 0.1375 - accuracy: 0.9264
# node2vec
Epoch 1/25

1/8 [==>...........................] - ETA: 2s - loss: 0.7081 - accuracy: 0.4688
8/8 [==============================] - 0s 2ms/step - loss: 0.6895 - accuracy: 0.4978
Epoch 2/25

1/8 [==>...........................] - ETA: 0s - loss: 0.6692 - accuracy: 0.5625
8/8 [==============================] - 0s 1ms/step - loss: 0.6252 - accuracy: 0.6970
Epoch 3/25

1/8 [==>...........................] - ETA: 0s - loss: 0.5824 - accuracy: 0.7500
8/8 [==============================] - 0s 2ms/step - loss: 0.5884 - accuracy: 0.6840
Epoch 4/25

1/8 [==>...........................] - ETA: 0s - loss: 0.5622 - accuracy: 0.6875
8/8 [==============================] - 0s 2ms/step - loss: 0.5391 - accuracy: 0.7316
Epoch 5/25

1/8 [==>...........................] - ETA: 0s - loss: 0.5360 - accuracy: 0.7188
8/8 [==============================] - 0s 2ms/step - loss: 0.5220 - accuracy: 0.7359
Epoch 6/25

1/8 [==>...........................] - ETA: 0s - loss: 0.5153 - accuracy: 0.8125
8/8 [==============================] - 0s 2ms/step - loss: 0.4903 - accuracy: 0.7662
Epoch 7/25

1/8 [==>...........................] - ETA: 0s - loss: 0.5475 - accuracy: 0.7500
8/8 [==============================] - 0s 2ms/step - loss: 0.4726 - accuracy: 0.7922
Epoch 8/25

1/8 [==>...........................] - ETA: 0s - loss: 0.4082 - accuracy: 0.7812
8/8 [==============================] - 0s 2ms/step - loss: 0.4435 - accuracy: 0.8225
Epoch 9/25

1/8 [==>...........................] - ETA: 0s - loss: 0.4659 - accuracy: 0.8750
8/8 [==============================] - 0s 2ms/step - loss: 0.4034 - accuracy: 0.8442
Epoch 10/25

1/8 [==>...........................] - ETA: 0s - loss: 0.4559 - accuracy: 0.7500
8/8 [==============================] - 0s 2ms/step - loss: 0.4364 - accuracy: 0.7879
Epoch 11/25

1/8 [==>...........................] - ETA: 0s - loss: 0.4306 - accuracy: 0.8438
8/8 [==============================] - 0s 2ms/step - loss: 0.3759 - accuracy: 0.8658
Epoch 12/25

1/8 [==>...........................] - ETA: 0s - loss: 0.4112 - accuracy: 0.8750
8/8 [==============================] - 0s 2ms/step - loss: 0.3705 - accuracy: 0.8745
Epoch 13/25

1/8 [==>...........................] - ETA: 0s - loss: 0.4122 - accuracy: 0.7812
8/8 [==============================] - 0s 2ms/step - loss: 0.3613 - accuracy: 0.8615
Epoch 14/25

1/8 [==>...........................] - ETA: 0s - loss: 0.3992 - accuracy: 0.8125
8/8 [==============================] - 0s 2ms/step - loss: 0.3297 - accuracy: 0.8788
Epoch 15/25

1/8 [==>...........................] - ETA: 0s - loss: 0.4178 - accuracy: 0.7188
8/8 [==============================] - 0s 2ms/step - loss: 0.3347 - accuracy: 0.8658
Epoch 16/25

1/8 [==>...........................] - ETA: 0s - loss: 0.2780 - accuracy: 0.8750
8/8 [==============================] - 0s 1ms/step - loss: 0.3150 - accuracy: 0.8615
Epoch 17/25

1/8 [==>...........................] - ETA: 0s - loss: 0.3181 - accuracy: 0.8125
8/8 [==============================] - 0s 2ms/step - loss: 0.3068 - accuracy: 0.8745
Epoch 18/25

1/8 [==>...........................] - ETA: 0s - loss: 0.2611 - accuracy: 0.9375
8/8 [==============================] - 0s 2ms/step - loss: 0.3023 - accuracy: 0.8874
Epoch 19/25

1/8 [==>...........................] - ETA: 0s - loss: 0.3138 - accuracy: 0.8438
8/8 [==============================] - 0s 2ms/step - loss: 0.2793 - accuracy: 0.9004
Epoch 20/25

1/8 [==>...........................] - ETA: 0s - loss: 0.2655 - accuracy: 0.9062
8/8 [==============================] - 0s 1ms/step - loss: 0.2708 - accuracy: 0.9091
Epoch 21/25

1/8 [==>...........................] - ETA: 0s - loss: 0.3433 - accuracy: 0.8438
8/8 [==============================] - 0s 2ms/step - loss: 0.2515 - accuracy: 0.9134
Epoch 22/25

1/8 [==>...........................] - ETA: 0s - loss: 0.3553 - accuracy: 0.7500
8/8 [==============================] - 0s 2ms/step - loss: 0.2715 - accuracy: 0.8918
Epoch 23/25

1/8 [==>...........................] - ETA: 0s - loss: 0.2428 - accuracy: 0.9062
8/8 [==============================] - 0s 2ms/step - loss: 0.2330 - accuracy: 0.9177
Epoch 24/25

1/8 [==>...........................] - ETA: 0s - loss: 0.2026 - accuracy: 0.9375
8/8 [==============================] - 0s 1ms/step - loss: 0.2392 - accuracy: 0.9091
Epoch 25/25

1/8 [==>...........................] - ETA: 0s - loss: 0.2383 - accuracy: 0.8750
8/8 [==============================] - 0s 2ms/step - loss: 0.2450 - accuracy: 0.9048
# predict: steps=102
# predict: tnodeembed_metrics
# predict: node2vec_metrics
tnodeembed: {'auc': 0.6458237591911764, 'f1_micro': 0.6081495098039216, 'f1_macro': 0.6058185038847781} tNodeEmbed_final_loss=0.137497216463089 tNodeEmbed_final_accuracy=0.9264069199562073 
node2vec: {'auc': 0.6519498960736255, 'f1_micro': 0.6188725490196079, 'f1_macro': 0.6155375106047752} node2vec_final_loss=0.24501971900463104 node2vec_final_accuracy=0.9047619104385376 
