# load graph
Processing Static file: filename='interactions_with_dates_1980_nodes_2_edges_1_component_0.edges'
# initialize tNodeEmbed for dataset=PPI, test_size=0.2
# load dataset
# fit
# tNodeEmbed
Epoch 1/25

 1/67 [..............................] - ETA: 1:35 - loss: 0.6918 - accuracy: 0.4062
21/67 [========>.....................] - ETA: 0s - loss: 0.6933 - accuracy: 0.4807  
40/67 [================>.............] - ETA: 0s - loss: 0.6932 - accuracy: 0.4930
61/67 [==========================>...] - ETA: 0s - loss: 0.6931 - accuracy: 0.4892
67/67 [==============================] - 2s 3ms/step - loss: 0.6931 - accuracy: 0.4876
Epoch 2/25

 1/67 [..............................] - ETA: 0s - loss: 0.6877 - accuracy: 0.5312
22/67 [========>.....................] - ETA: 0s - loss: 0.6918 - accuracy: 0.5199
42/67 [=================>............] - ETA: 0s - loss: 0.6910 - accuracy: 0.5097
63/67 [===========================>..] - ETA: 0s - loss: 0.6919 - accuracy: 0.5040
67/67 [==============================] - 0s 2ms/step - loss: 0.6920 - accuracy: 0.5021
Epoch 3/25

 1/67 [..............................] - ETA: 0s - loss: 0.6935 - accuracy: 0.3750
20/67 [=======>......................] - ETA: 0s - loss: 0.6927 - accuracy: 0.5063
38/67 [================>.............] - ETA: 0s - loss: 0.6897 - accuracy: 0.4951
57/67 [========================>.....] - ETA: 0s - loss: 0.6902 - accuracy: 0.4956
67/67 [==============================] - 0s 3ms/step - loss: 0.6901 - accuracy: 0.4970
Epoch 4/25

 1/67 [..............................] - ETA: 0s - loss: 0.6758 - accuracy: 0.5000
20/67 [=======>......................] - ETA: 0s - loss: 0.6860 - accuracy: 0.5406
40/67 [================>.............] - ETA: 0s - loss: 0.6892 - accuracy: 0.4984
59/67 [=========================>....] - ETA: 0s - loss: 0.6892 - accuracy: 0.5026
67/67 [==============================] - 0s 3ms/step - loss: 0.6894 - accuracy: 0.4984
Epoch 5/25

 1/67 [..............................] - ETA: 0s - loss: 0.6932 - accuracy: 0.4688
19/67 [=======>......................] - ETA: 0s - loss: 0.6884 - accuracy: 0.5066
36/67 [===============>..............] - ETA: 0s - loss: 0.6893 - accuracy: 0.5087
58/67 [========================>.....] - ETA: 0s - loss: 0.6881 - accuracy: 0.5059
67/67 [==============================] - 0s 3ms/step - loss: 0.6886 - accuracy: 0.5002
Epoch 6/25

 1/67 [..............................] - ETA: 0s - loss: 0.6746 - accuracy: 0.4062
22/67 [========>.....................] - ETA: 0s - loss: 0.6848 - accuracy: 0.5327
44/67 [==================>...........] - ETA: 0s - loss: 0.6866 - accuracy: 0.5149
64/67 [===========================>..] - ETA: 0s - loss: 0.6878 - accuracy: 0.5137
67/67 [==============================] - 0s 2ms/step - loss: 0.6872 - accuracy: 0.5068
Epoch 7/25

 1/67 [..............................] - ETA: 0s - loss: 0.6946 - accuracy: 0.3750
21/67 [========>.....................] - ETA: 0s - loss: 0.6852 - accuracy: 0.4970
43/67 [==================>...........] - ETA: 0s - loss: 0.6883 - accuracy: 0.5065
65/67 [============================>.] - ETA: 0s - loss: 0.6879 - accuracy: 0.4986
67/67 [==============================] - 0s 2ms/step - loss: 0.6881 - accuracy: 0.4979
Epoch 8/25

 1/67 [..............................] - ETA: 0s - loss: 0.6499 - accuracy: 0.4688
21/67 [========>.....................] - ETA: 0s - loss: 0.6844 - accuracy: 0.5000
42/67 [=================>............] - ETA: 0s - loss: 0.6858 - accuracy: 0.4926
63/67 [===========================>..] - ETA: 0s - loss: 0.6869 - accuracy: 0.4916
67/67 [==============================] - 0s 3ms/step - loss: 0.6873 - accuracy: 0.4839
Epoch 9/25

 1/67 [..............................] - ETA: 0s - loss: 0.6932 - accuracy: 0.4375
19/67 [=======>......................] - ETA: 0s - loss: 0.6836 - accuracy: 0.4951
38/67 [================>.............] - ETA: 0s - loss: 0.6855 - accuracy: 0.5074
56/67 [========================>.....] - ETA: 0s - loss: 0.6873 - accuracy: 0.4989
67/67 [==============================] - 0s 3ms/step - loss: 0.6874 - accuracy: 0.5035
Epoch 10/25

 1/67 [..............................] - ETA: 0s - loss: 0.6917 - accuracy: 0.6875
20/67 [=======>......................] - ETA: 0s - loss: 0.6868 - accuracy: 0.5156
40/67 [================>.............] - ETA: 0s - loss: 0.6868 - accuracy: 0.4852
59/67 [=========================>....] - ETA: 0s - loss: 0.6868 - accuracy: 0.4841
67/67 [==============================] - 0s 3ms/step - loss: 0.6873 - accuracy: 0.4872
Epoch 11/25

 1/67 [..............................] - ETA: 0s - loss: 0.6931 - accuracy: 0.5000
21/67 [========>.....................] - ETA: 0s - loss: 0.6852 - accuracy: 0.5074
41/67 [=================>............] - ETA: 0s - loss: 0.6869 - accuracy: 0.5130
63/67 [===========================>..] - ETA: 0s - loss: 0.6878 - accuracy: 0.5050
67/67 [==============================] - 0s 2ms/step - loss: 0.6878 - accuracy: 0.5040
Epoch 12/25

 1/67 [..............................] - ETA: 0s - loss: 0.6924 - accuracy: 0.5625
21/67 [========>.....................] - ETA: 0s - loss: 0.6878 - accuracy: 0.5327
43/67 [==================>...........] - ETA: 0s - loss: 0.6897 - accuracy: 0.5153
64/67 [===========================>..] - ETA: 0s - loss: 0.6870 - accuracy: 0.5083
67/67 [==============================] - 0s 2ms/step - loss: 0.6872 - accuracy: 0.5063
Epoch 13/25

 1/67 [..............................] - ETA: 0s - loss: 0.6929 - accuracy: 0.5312
22/67 [========>.....................] - ETA: 0s - loss: 0.6832 - accuracy: 0.5256
44/67 [==================>...........] - ETA: 0s - loss: 0.6859 - accuracy: 0.5149
65/67 [============================>.] - ETA: 0s - loss: 0.6870 - accuracy: 0.5096
67/67 [==============================] - 0s 2ms/step - loss: 0.6872 - accuracy: 0.5068
Epoch 14/25

 1/67 [..............................] - ETA: 0s - loss: 0.6941 - accuracy: 0.3750
21/67 [========>.....................] - ETA: 0s - loss: 0.6881 - accuracy: 0.5000
42/67 [=================>............] - ETA: 0s - loss: 0.6881 - accuracy: 0.4933
63/67 [===========================>..] - ETA: 0s - loss: 0.6875 - accuracy: 0.4891
67/67 [==============================] - 0s 2ms/step - loss: 0.6872 - accuracy: 0.4890
Epoch 15/25

 1/67 [..............................] - ETA: 0s - loss: 0.6932 - accuracy: 0.4688
21/67 [========>.....................] - ETA: 0s - loss: 0.6859 - accuracy: 0.5149
41/67 [=================>............] - ETA: 0s - loss: 0.6869 - accuracy: 0.5076
60/67 [=========================>....] - ETA: 0s - loss: 0.6872 - accuracy: 0.5063
67/67 [==============================] - 0s 3ms/step - loss: 0.6872 - accuracy: 0.5054
Epoch 16/25

 1/67 [..............................] - ETA: 0s - loss: 0.6928 - accuracy: 0.5625
20/67 [=======>......................] - ETA: 0s - loss: 0.6868 - accuracy: 0.5078
40/67 [================>.............] - ETA: 0s - loss: 0.6868 - accuracy: 0.5039
59/67 [=========================>....] - ETA: 0s - loss: 0.6867 - accuracy: 0.5079
67/67 [==============================] - 0s 3ms/step - loss: 0.6868 - accuracy: 0.5044
Epoch 17/25

 1/67 [..............................] - ETA: 0s - loss: 0.6714 - accuracy: 0.5312
19/67 [=======>......................] - ETA: 0s - loss: 0.6865 - accuracy: 0.4770
37/67 [===============>..............] - ETA: 0s - loss: 0.6869 - accuracy: 0.4890
57/67 [========================>.....] - ETA: 0s - loss: 0.6873 - accuracy: 0.4868
67/67 [==============================] - 0s 3ms/step - loss: 0.6873 - accuracy: 0.4937
Epoch 18/25

 1/67 [..............................] - ETA: 0s - loss: 0.6718 - accuracy: 0.4375
21/67 [========>.....................] - ETA: 0s - loss: 0.6862 - accuracy: 0.4613
42/67 [=================>............] - ETA: 0s - loss: 0.6861 - accuracy: 0.4650
63/67 [===========================>..] - ETA: 0s - loss: 0.6875 - accuracy: 0.4752
67/67 [==============================] - 0s 2ms/step - loss: 0.6875 - accuracy: 0.4811
Epoch 19/25

 1/67 [..............................] - ETA: 0s - loss: 0.6716 - accuracy: 0.5000
21/67 [========>.....................] - ETA: 0s - loss: 0.6840 - accuracy: 0.5104
42/67 [=================>............] - ETA: 0s - loss: 0.6867 - accuracy: 0.4896
63/67 [===========================>..] - ETA: 0s - loss: 0.6879 - accuracy: 0.4836
67/67 [==============================] - 0s 2ms/step - loss: 0.6872 - accuracy: 0.4890
Epoch 20/25

 1/67 [..............................] - ETA: 0s - loss: 0.6929 - accuracy: 0.5625
22/67 [========>.....................] - ETA: 0s - loss: 0.6852 - accuracy: 0.5170
43/67 [==================>...........] - ETA: 0s - loss: 0.6867 - accuracy: 0.5022
63/67 [===========================>..] - ETA: 0s - loss: 0.6868 - accuracy: 0.5015
67/67 [==============================] - 0s 2ms/step - loss: 0.6871 - accuracy: 0.5068
Epoch 21/25

 1/67 [..............................] - ETA: 0s - loss: 0.6946 - accuracy: 0.3750
20/67 [=======>......................] - ETA: 0s - loss: 0.6866 - accuracy: 0.5125
40/67 [================>.............] - ETA: 0s - loss: 0.6862 - accuracy: 0.5094
60/67 [=========================>....] - ETA: 0s - loss: 0.6876 - accuracy: 0.5005
67/67 [==============================] - 0s 3ms/step - loss: 0.6872 - accuracy: 0.5040
Epoch 22/25

 1/67 [..............................] - ETA: 0s - loss: 0.6714 - accuracy: 0.5312
19/67 [=======>......................] - ETA: 0s - loss: 0.6875 - accuracy: 0.5016
39/67 [================>.............] - ETA: 0s - loss: 0.6872 - accuracy: 0.4944
58/67 [========================>.....] - ETA: 0s - loss: 0.6869 - accuracy: 0.5059
67/67 [==============================] - 0s 3ms/step - loss: 0.6871 - accuracy: 0.5044
Epoch 23/25

 1/67 [..............................] - ETA: 0s - loss: 0.6712 - accuracy: 0.5625
14/67 [=====>........................] - ETA: 0s - loss: 0.6849 - accuracy: 0.5558
30/67 [============>.................] - ETA: 0s - loss: 0.6867 - accuracy: 0.5208
50/67 [=====================>........] - ETA: 0s - loss: 0.6865 - accuracy: 0.5063
67/67 [==============================] - 0s 3ms/step - loss: 0.6872 - accuracy: 0.5072
Epoch 24/25

 1/67 [..............................] - ETA: 0s - loss: 0.6710 - accuracy: 0.6250
21/67 [========>.....................] - ETA: 0s - loss: 0.6880 - accuracy: 0.5253
42/67 [=================>............] - ETA: 0s - loss: 0.6858 - accuracy: 0.5238
62/67 [==========================>...] - ETA: 0s - loss: 0.6875 - accuracy: 0.5060
67/67 [==============================] - 0s 3ms/step - loss: 0.6873 - accuracy: 0.5040
Epoch 25/25

 1/67 [..............................] - ETA: 0s - loss: 0.6935 - accuracy: 0.5625
21/67 [========>.....................] - ETA: 0s - loss: 0.6870 - accuracy: 0.5045
42/67 [=================>............] - ETA: 0s - loss: 0.6870 - accuracy: 0.5045
63/67 [===========================>..] - ETA: 0s - loss: 0.6871 - accuracy: 0.4970
67/67 [==============================] - 0s 3ms/step - loss: 0.6872 - accuracy: 0.4974
# node2vec
Epoch 1/25

 1/67 [..............................] - ETA: 19s - loss: 0.6931 - accuracy: 0.5312
35/67 [==============>...............] - ETA: 0s - loss: 0.6930 - accuracy: 0.5152 
67/67 [==============================] - 0s 1ms/step - loss: 0.6929 - accuracy: 0.5054
Epoch 2/25

 1/67 [..............................] - ETA: 0s - loss: 0.6931 - accuracy: 0.5312
35/67 [==============>...............] - ETA: 0s - loss: 0.6905 - accuracy: 0.5018
67/67 [==============================] - 0s 1ms/step - loss: 0.6905 - accuracy: 0.4960
Epoch 3/25

 1/67 [..............................] - ETA: 0s - loss: 0.6747 - accuracy: 0.5625
31/67 [============>.................] - ETA: 0s - loss: 0.6871 - accuracy: 0.5171
61/67 [==========================>...] - ETA: 0s - loss: 0.6890 - accuracy: 0.4974
67/67 [==============================] - 0s 2ms/step - loss: 0.6895 - accuracy: 0.4965
Epoch 4/25

 1/67 [..............................] - ETA: 0s - loss: 0.6940 - accuracy: 0.4375
30/67 [============>.................] - ETA: 0s - loss: 0.6884 - accuracy: 0.5135
64/67 [===========================>..] - ETA: 0s - loss: 0.6883 - accuracy: 0.5093
67/67 [==============================] - 0s 2ms/step - loss: 0.6885 - accuracy: 0.5063
Epoch 5/25

 1/67 [..............................] - ETA: 0s - loss: 0.6776 - accuracy: 0.3750
33/67 [=============>................] - ETA: 0s - loss: 0.6865 - accuracy: 0.4991
67/67 [==============================] - ETA: 0s - loss: 0.6886 - accuracy: 0.4909
67/67 [==============================] - 0s 2ms/step - loss: 0.6886 - accuracy: 0.4909
Epoch 6/25

 1/67 [..............................] - ETA: 0s - loss: 0.7021 - accuracy: 0.5312
31/67 [============>.................] - ETA: 0s - loss: 0.6877 - accuracy: 0.5101
62/67 [==========================>...] - ETA: 0s - loss: 0.6877 - accuracy: 0.5020
67/67 [==============================] - 0s 2ms/step - loss: 0.6881 - accuracy: 0.5030
Epoch 7/25

 1/67 [..............................] - ETA: 0s - loss: 0.6742 - accuracy: 0.4062
32/67 [=============>................] - ETA: 0s - loss: 0.6876 - accuracy: 0.5068
64/67 [===========================>..] - ETA: 0s - loss: 0.6881 - accuracy: 0.4912
67/67 [==============================] - 0s 2ms/step - loss: 0.6883 - accuracy: 0.4946
Epoch 8/25

 1/67 [..............................] - ETA: 0s - loss: 0.6756 - accuracy: 0.4062
31/67 [============>.................] - ETA: 0s - loss: 0.6879 - accuracy: 0.4879
60/67 [=========================>....] - ETA: 0s - loss: 0.6877 - accuracy: 0.4875
67/67 [==============================] - 0s 2ms/step - loss: 0.6883 - accuracy: 0.4900
Epoch 9/25

 1/67 [..............................] - ETA: 0s - loss: 0.6727 - accuracy: 0.5000
35/67 [==============>...............] - ETA: 0s - loss: 0.6858 - accuracy: 0.5179
67/67 [==============================] - 0s 1ms/step - loss: 0.6880 - accuracy: 0.5068
Epoch 10/25

 1/67 [..............................] - ETA: 0s - loss: 0.6735 - accuracy: 0.4688
37/67 [===============>..............] - ETA: 0s - loss: 0.6891 - accuracy: 0.4730
67/67 [==============================] - 0s 1ms/step - loss: 0.6879 - accuracy: 0.4755
Epoch 11/25

 1/67 [..............................] - ETA: 0s - loss: 0.6931 - accuracy: 0.5000
39/67 [================>.............] - ETA: 0s - loss: 0.6865 - accuracy: 0.5000
67/67 [==============================] - 0s 1ms/step - loss: 0.6881 - accuracy: 0.4998
Epoch 12/25

 1/67 [..............................] - ETA: 0s - loss: 0.6972 - accuracy: 0.5312
37/67 [===============>..............] - ETA: 0s - loss: 0.6872 - accuracy: 0.5034
67/67 [==============================] - 0s 1ms/step - loss: 0.6876 - accuracy: 0.5049
Epoch 13/25

 1/67 [..............................] - ETA: 0s - loss: 0.6936 - accuracy: 0.4688
29/67 [===========>..................] - ETA: 0s - loss: 0.6881 - accuracy: 0.4741
58/67 [========================>.....] - ETA: 0s - loss: 0.6882 - accuracy: 0.4763
67/67 [==============================] - 0s 2ms/step - loss: 0.6880 - accuracy: 0.4778
Epoch 14/25

 1/67 [..............................] - ETA: 0s - loss: 0.6715 - accuracy: 0.5312
31/67 [============>.................] - ETA: 0s - loss: 0.6867 - accuracy: 0.4738
61/67 [==========================>...] - ETA: 0s - loss: 0.6871 - accuracy: 0.4944
67/67 [==============================] - 0s 2ms/step - loss: 0.6873 - accuracy: 0.4876
Epoch 15/25

 1/67 [..............................] - ETA: 0s - loss: 0.6939 - accuracy: 0.4688
28/67 [===========>..................] - ETA: 0s - loss: 0.6877 - accuracy: 0.4911
55/67 [=======================>......] - ETA: 0s - loss: 0.6877 - accuracy: 0.5045
67/67 [==============================] - 0s 2ms/step - loss: 0.6883 - accuracy: 0.4984
Epoch 16/25

 1/67 [..............................] - ETA: 0s - loss: 0.6939 - accuracy: 0.4375
30/67 [============>.................] - ETA: 0s - loss: 0.6860 - accuracy: 0.4885
62/67 [==========================>...] - ETA: 0s - loss: 0.6870 - accuracy: 0.4975
67/67 [==============================] - 0s 2ms/step - loss: 0.6876 - accuracy: 0.4993
Epoch 17/25

 1/67 [..............................] - ETA: 0s - loss: 0.6956 - accuracy: 0.2812
35/67 [==============>...............] - ETA: 0s - loss: 0.6891 - accuracy: 0.4929
67/67 [==============================] - ETA: 0s - loss: 0.6877 - accuracy: 0.4881
67/67 [==============================] - 0s 2ms/step - loss: 0.6877 - accuracy: 0.4881
Epoch 18/25

 1/67 [..............................] - ETA: 0s - loss: 0.6938 - accuracy: 0.4688
39/67 [================>.............] - ETA: 0s - loss: 0.6867 - accuracy: 0.5056
67/67 [==============================] - 0s 1ms/step - loss: 0.6878 - accuracy: 0.5061
Epoch 19/25

 1/67 [..............................] - ETA: 0s - loss: 0.6943 - accuracy: 0.4194
33/67 [=============>................] - ETA: 0s - loss: 0.6883 - accuracy: 0.5175
67/67 [==============================] - 0s 2ms/step - loss: 0.6878 - accuracy: 0.5070
Epoch 20/25

 1/67 [..............................] - ETA: 0s - loss: 0.6924 - accuracy: 0.5938
32/67 [=============>................] - ETA: 0s - loss: 0.6866 - accuracy: 0.5029
64/67 [===========================>..] - ETA: 0s - loss: 0.6875 - accuracy: 0.5029
67/67 [==============================] - 0s 2ms/step - loss: 0.6871 - accuracy: 0.5044
Epoch 21/25

 1/67 [..............................] - ETA: 0s - loss: 0.6508 - accuracy: 0.5000
36/67 [===============>..............] - ETA: 0s - loss: 0.6903 - accuracy: 0.5035
67/67 [==============================] - 0s 2ms/step - loss: 0.6875 - accuracy: 0.5007
Epoch 22/25

 1/67 [..............................] - ETA: 0s - loss: 0.6929 - accuracy: 0.5312
31/67 [============>.................] - ETA: 0s - loss: 0.6865 - accuracy: 0.4919
65/67 [============================>.] - ETA: 0s - loss: 0.6881 - accuracy: 0.4966
67/67 [==============================] - 0s 2ms/step - loss: 0.6883 - accuracy: 0.4970
Epoch 23/25

 1/67 [..............................] - ETA: 0s - loss: 0.6937 - accuracy: 0.4375
28/67 [===========>..................] - ETA: 0s - loss: 0.6864 - accuracy: 0.4721
57/67 [========================>.....] - ETA: 0s - loss: 0.6881 - accuracy: 0.4951
67/67 [==============================] - 0s 2ms/step - loss: 0.6870 - accuracy: 0.4932
Epoch 24/25

 1/67 [..............................] - ETA: 0s - loss: 0.6715 - accuracy: 0.5312
33/67 [=============>................] - ETA: 0s - loss: 0.6881 - accuracy: 0.5009
66/67 [============================>.] - ETA: 0s - loss: 0.6881 - accuracy: 0.5045
67/67 [==============================] - 0s 2ms/step - loss: 0.6882 - accuracy: 0.5030
Epoch 25/25

 1/67 [..............................] - ETA: 0s - loss: 0.6934 - accuracy: 0.4688
30/67 [============>.................] - ETA: 0s - loss: 0.6865 - accuracy: 0.4656
61/67 [==========================>...] - ETA: 0s - loss: 0.6871 - accuracy: 0.4867
67/67 [==============================] - 0s 2ms/step - loss: 0.6877 - accuracy: 0.4872
# predict: steps=1872
# predict: tnodeembed_metrics
# predict: node2vec_metrics
tnodeembed: {'auc': 0.4989881183955402, 'f1_micro': 0.4996326230712711, 'f1_macro': 0.3346471550664863} tNodeEmbed_final_loss=0.6871551275253296 tNodeEmbed_final_accuracy=0.49743351340293884 
node2vec: {'auc': 0.4998184793542091, 'f1_micro': 0.49978291363302385, 'f1_macro': 0.3370842442995258} node2vec_final_loss=0.6876607537269592 node2vec_final_accuracy=0.48716750741004944 
