# load graph
Processing Static file: filename='interactions_with_dates_1999_nodes_1027_edges_1499_component_0.edges'
# initialize tNodeEmbed for dataset=PPI, test_size=0.2
# load dataset
# fit
# tNodeEmbed
Epoch 1/25

 1/67 [..............................] - ETA: 4:48 - loss: 0.6935 - accuracy: 0.5625
 8/67 [==>...........................] - ETA: 0s - loss: 0.6785 - accuracy: 0.5312  
16/67 [======>.......................] - ETA: 0s - loss: 0.6639 - accuracy: 0.5371
25/67 [==========>...................] - ETA: 0s - loss: 0.6586 - accuracy: 0.5638
34/67 [==============>...............] - ETA: 0s - loss: 0.6509 - accuracy: 0.5938
43/67 [==================>...........] - ETA: 0s - loss: 0.6513 - accuracy: 0.6068
52/67 [======================>.......] - ETA: 0s - loss: 0.6465 - accuracy: 0.6208
61/67 [==========================>...] - ETA: 0s - loss: 0.6376 - accuracy: 0.6352
67/67 [==============================] - 5s 6ms/step - loss: 0.6343 - accuracy: 0.6393
Epoch 2/25

 1/67 [..............................] - ETA: 0s - loss: 0.5014 - accuracy: 0.7812
10/67 [===>..........................] - ETA: 0s - loss: 0.5857 - accuracy: 0.7031
20/67 [=======>......................] - ETA: 0s - loss: 0.5771 - accuracy: 0.7188
29/67 [===========>..................] - ETA: 0s - loss: 0.5591 - accuracy: 0.7338
40/67 [================>.............] - ETA: 0s - loss: 0.5616 - accuracy: 0.7422
50/67 [=====================>........] - ETA: 0s - loss: 0.5570 - accuracy: 0.7400
59/67 [=========================>....] - ETA: 0s - loss: 0.5591 - accuracy: 0.7362
67/67 [==============================] - 0s 5ms/step - loss: 0.5567 - accuracy: 0.7364
Epoch 3/25

 1/67 [..............................] - ETA: 1s - loss: 0.4526 - accuracy: 0.8125
 3/67 [>.............................] - ETA: 1s - loss: 0.4466 - accuracy: 0.8438
 8/67 [==>...........................] - ETA: 0s - loss: 0.4610 - accuracy: 0.8086
15/67 [=====>........................] - ETA: 0s - loss: 0.4833 - accuracy: 0.7875
25/67 [==========>...................] - ETA: 0s - loss: 0.4875 - accuracy: 0.7763
35/67 [==============>...............] - ETA: 0s - loss: 0.4976 - accuracy: 0.7679
44/67 [==================>...........] - ETA: 0s - loss: 0.4953 - accuracy: 0.7699
54/67 [=======================>......] - ETA: 0s - loss: 0.5051 - accuracy: 0.7662
65/67 [============================>.] - ETA: 0s - loss: 0.5080 - accuracy: 0.7649
67/67 [==============================] - 0s 7ms/step - loss: 0.5085 - accuracy: 0.7657
Epoch 4/25

 1/67 [..............................] - ETA: 0s - loss: 0.5305 - accuracy: 0.6875
11/67 [===>..........................] - ETA: 0s - loss: 0.4877 - accuracy: 0.7784
20/67 [=======>......................] - ETA: 0s - loss: 0.4742 - accuracy: 0.7922
28/67 [===========>..................] - ETA: 0s - loss: 0.4648 - accuracy: 0.7935
38/67 [================>.............] - ETA: 0s - loss: 0.4763 - accuracy: 0.7845
49/67 [====================>.........] - ETA: 0s - loss: 0.4729 - accuracy: 0.7876
59/67 [=========================>....] - ETA: 0s - loss: 0.4737 - accuracy: 0.7850
67/67 [==============================] - 0s 6ms/step - loss: 0.4717 - accuracy: 0.7849
Epoch 5/25

 1/67 [..............................] - ETA: 0s - loss: 0.3833 - accuracy: 0.8750
11/67 [===>..........................] - ETA: 0s - loss: 0.4363 - accuracy: 0.8210
21/67 [========>.....................] - ETA: 0s - loss: 0.4773 - accuracy: 0.7887
31/67 [============>.................] - ETA: 0s - loss: 0.4594 - accuracy: 0.7954
42/67 [=================>............] - ETA: 0s - loss: 0.4591 - accuracy: 0.7961
51/67 [=====================>........] - ETA: 0s - loss: 0.4539 - accuracy: 0.7972
61/67 [==========================>...] - ETA: 0s - loss: 0.4507 - accuracy: 0.7971
67/67 [==============================] - 0s 5ms/step - loss: 0.4460 - accuracy: 0.8007
Epoch 6/25

 1/67 [..............................] - ETA: 0s - loss: 0.4008 - accuracy: 0.8438
 9/67 [===>..........................] - ETA: 0s - loss: 0.4594 - accuracy: 0.7743
17/67 [======>.......................] - ETA: 0s - loss: 0.4427 - accuracy: 0.7868
25/67 [==========>...................] - ETA: 0s - loss: 0.4232 - accuracy: 0.8112
34/67 [==============>...............] - ETA: 0s - loss: 0.4281 - accuracy: 0.8070
44/67 [==================>...........] - ETA: 0s - loss: 0.4386 - accuracy: 0.8004
54/67 [=======================>......] - ETA: 0s - loss: 0.4304 - accuracy: 0.8061
64/67 [===========================>..] - ETA: 0s - loss: 0.4225 - accuracy: 0.8115
67/67 [==============================] - 0s 6ms/step - loss: 0.4233 - accuracy: 0.8105
Epoch 7/25

 1/67 [..............................] - ETA: 0s - loss: 0.4036 - accuracy: 0.7812
10/67 [===>..........................] - ETA: 0s - loss: 0.3851 - accuracy: 0.8313
20/67 [=======>......................] - ETA: 0s - loss: 0.4030 - accuracy: 0.8234
29/67 [===========>..................] - ETA: 0s - loss: 0.4028 - accuracy: 0.8190
39/67 [================>.............] - ETA: 0s - loss: 0.4071 - accuracy: 0.8141
50/67 [=====================>........] - ETA: 0s - loss: 0.4076 - accuracy: 0.8175
60/67 [=========================>....] - ETA: 0s - loss: 0.4053 - accuracy: 0.8198
67/67 [==============================] - 0s 5ms/step - loss: 0.4075 - accuracy: 0.8208
Epoch 8/25

 1/67 [..............................] - ETA: 0s - loss: 0.3608 - accuracy: 0.8438
10/67 [===>..........................] - ETA: 0s - loss: 0.3561 - accuracy: 0.8562
19/67 [=======>......................] - ETA: 0s - loss: 0.3506 - accuracy: 0.8602
26/67 [==========>...................] - ETA: 0s - loss: 0.3628 - accuracy: 0.8546
35/67 [==============>...............] - ETA: 0s - loss: 0.3602 - accuracy: 0.8545
43/67 [==================>...........] - ETA: 0s - loss: 0.3657 - accuracy: 0.8539
51/67 [=====================>........] - ETA: 0s - loss: 0.3708 - accuracy: 0.8487
62/67 [==========================>...] - ETA: 0s - loss: 0.3719 - accuracy: 0.8478
67/67 [==============================] - 0s 6ms/step - loss: 0.3679 - accuracy: 0.8493
Epoch 9/25

 1/67 [..............................] - ETA: 0s - loss: 0.2657 - accuracy: 0.9062
11/67 [===>..........................] - ETA: 0s - loss: 0.3015 - accuracy: 0.8949
20/67 [=======>......................] - ETA: 0s - loss: 0.3187 - accuracy: 0.8781
29/67 [===========>..................] - ETA: 0s - loss: 0.3419 - accuracy: 0.8653
38/67 [================>.............] - ETA: 0s - loss: 0.3400 - accuracy: 0.8651
48/67 [====================>.........] - ETA: 0s - loss: 0.3425 - accuracy: 0.8613
59/67 [=========================>....] - ETA: 0s - loss: 0.3468 - accuracy: 0.8559
67/67 [==============================] - 0s 5ms/step - loss: 0.3484 - accuracy: 0.8549
Epoch 10/25

 1/67 [..............................] - ETA: 0s - loss: 0.2695 - accuracy: 0.9375
10/67 [===>..........................] - ETA: 0s - loss: 0.3243 - accuracy: 0.8656
19/67 [=======>......................] - ETA: 0s - loss: 0.3149 - accuracy: 0.8701
29/67 [===========>..................] - ETA: 0s - loss: 0.3201 - accuracy: 0.8621
38/67 [================>.............] - ETA: 0s - loss: 0.3233 - accuracy: 0.8627
48/67 [====================>.........] - ETA: 0s - loss: 0.3280 - accuracy: 0.8613
58/67 [========================>.....] - ETA: 0s - loss: 0.3354 - accuracy: 0.8578
66/67 [============================>.] - ETA: 0s - loss: 0.3356 - accuracy: 0.8584
67/67 [==============================] - 0s 6ms/step - loss: 0.3333 - accuracy: 0.8595
Epoch 11/25

 1/67 [..............................] - ETA: 0s - loss: 0.2837 - accuracy: 0.9062
 9/67 [===>..........................] - ETA: 0s - loss: 0.3425 - accuracy: 0.8507
19/67 [=======>......................] - ETA: 0s - loss: 0.3339 - accuracy: 0.8470
28/67 [===========>..................] - ETA: 0s - loss: 0.3171 - accuracy: 0.8594
37/67 [===============>..............] - ETA: 0s - loss: 0.3148 - accuracy: 0.8623
45/67 [===================>..........] - ETA: 0s - loss: 0.3172 - accuracy: 0.8604
54/67 [=======================>......] - ETA: 0s - loss: 0.3148 - accuracy: 0.8634
64/67 [===========================>..] - ETA: 0s - loss: 0.3220 - accuracy: 0.8613
67/67 [==============================] - 0s 6ms/step - loss: 0.3196 - accuracy: 0.8623
Epoch 12/25

 1/67 [..............................] - ETA: 0s - loss: 0.3310 - accuracy: 0.8438
10/67 [===>..........................] - ETA: 0s - loss: 0.2922 - accuracy: 0.8750
19/67 [=======>......................] - ETA: 0s - loss: 0.2823 - accuracy: 0.8816
29/67 [===========>..................] - ETA: 0s - loss: 0.2968 - accuracy: 0.8761
39/67 [================>.............] - ETA: 0s - loss: 0.2952 - accuracy: 0.8782
49/67 [====================>.........] - ETA: 0s - loss: 0.3082 - accuracy: 0.8673
59/67 [=========================>....] - ETA: 0s - loss: 0.3061 - accuracy: 0.8681
67/67 [==============================] - 0s 5ms/step - loss: 0.3074 - accuracy: 0.8684
Epoch 13/25

 1/67 [..............................] - ETA: 0s - loss: 0.3418 - accuracy: 0.8438
10/67 [===>..........................] - ETA: 0s - loss: 0.3253 - accuracy: 0.8500
20/67 [=======>......................] - ETA: 0s - loss: 0.3107 - accuracy: 0.8594
29/67 [===========>..................] - ETA: 0s - loss: 0.2983 - accuracy: 0.8675
38/67 [================>.............] - ETA: 0s - loss: 0.2933 - accuracy: 0.8701
47/67 [====================>.........] - ETA: 0s - loss: 0.2984 - accuracy: 0.8697
57/67 [========================>.....] - ETA: 0s - loss: 0.3006 - accuracy: 0.8684
66/67 [============================>.] - ETA: 0s - loss: 0.3046 - accuracy: 0.8669
67/67 [==============================] - 0s 6ms/step - loss: 0.3048 - accuracy: 0.8675
Epoch 14/25

 1/67 [..............................] - ETA: 0s - loss: 0.3885 - accuracy: 0.8125
10/67 [===>..........................] - ETA: 0s - loss: 0.3049 - accuracy: 0.8719
19/67 [=======>......................] - ETA: 0s - loss: 0.2789 - accuracy: 0.8882
29/67 [===========>..................] - ETA: 0s - loss: 0.2847 - accuracy: 0.8847
38/67 [================>.............] - ETA: 0s - loss: 0.2984 - accuracy: 0.8750
48/67 [====================>.........] - ETA: 0s - loss: 0.2956 - accuracy: 0.8770
58/67 [========================>.....] - ETA: 0s - loss: 0.2904 - accuracy: 0.8788
67/67 [==============================] - 0s 5ms/step - loss: 0.2955 - accuracy: 0.8749
Epoch 15/25

 1/67 [..............................] - ETA: 0s - loss: 0.2552 - accuracy: 0.8750
11/67 [===>..........................] - ETA: 0s - loss: 0.2799 - accuracy: 0.8750
21/67 [========>.....................] - ETA: 0s - loss: 0.2693 - accuracy: 0.8765
31/67 [============>.................] - ETA: 0s - loss: 0.2917 - accuracy: 0.8710
41/67 [=================>............] - ETA: 0s - loss: 0.2976 - accuracy: 0.8689
50/67 [=====================>........] - ETA: 0s - loss: 0.2841 - accuracy: 0.8800
60/67 [=========================>....] - ETA: 0s - loss: 0.2898 - accuracy: 0.8760
67/67 [==============================] - 0s 5ms/step - loss: 0.2878 - accuracy: 0.8768
Epoch 16/25

 1/67 [..............................] - ETA: 0s - loss: 0.3583 - accuracy: 0.7812
10/67 [===>..........................] - ETA: 0s - loss: 0.2888 - accuracy: 0.8687
19/67 [=======>......................] - ETA: 0s - loss: 0.2892 - accuracy: 0.8766
28/67 [===========>..................] - ETA: 0s - loss: 0.2689 - accuracy: 0.8895
37/67 [===============>..............] - ETA: 0s - loss: 0.2654 - accuracy: 0.8894
46/67 [===================>..........] - ETA: 0s - loss: 0.2697 - accuracy: 0.8893
55/67 [=======================>......] - ETA: 0s - loss: 0.2792 - accuracy: 0.8824
65/67 [============================>.] - ETA: 0s - loss: 0.2842 - accuracy: 0.8788
67/67 [==============================] - 0s 6ms/step - loss: 0.2848 - accuracy: 0.8782
Epoch 17/25

 1/67 [..............................] - ETA: 0s - loss: 0.2042 - accuracy: 0.9375
 9/67 [===>..........................] - ETA: 0s - loss: 0.2931 - accuracy: 0.8576
20/67 [=======>......................] - ETA: 0s - loss: 0.2832 - accuracy: 0.8719
29/67 [===========>..................] - ETA: 0s - loss: 0.2831 - accuracy: 0.8750
30/67 [============>.................] - ETA: 0s - loss: 0.2833 - accuracy: 0.8740
37/67 [===============>..............] - ETA: 0s - loss: 0.2833 - accuracy: 0.8742
45/67 [===================>..........] - ETA: 0s - loss: 0.2816 - accuracy: 0.8792
55/67 [=======================>......] - ETA: 0s - loss: 0.2862 - accuracy: 0.8750
65/67 [============================>.] - ETA: 0s - loss: 0.2829 - accuracy: 0.8769
67/67 [==============================] - 0s 7ms/step - loss: 0.2815 - accuracy: 0.8777
Epoch 18/25

 1/67 [..............................] - ETA: 0s - loss: 0.2446 - accuracy: 0.9062
10/67 [===>..........................] - ETA: 0s - loss: 0.2434 - accuracy: 0.8938
21/67 [========>.....................] - ETA: 0s - loss: 0.2393 - accuracy: 0.9003
31/67 [============>.................] - ETA: 0s - loss: 0.2537 - accuracy: 0.8921
40/67 [================>.............] - ETA: 0s - loss: 0.2688 - accuracy: 0.8836
48/67 [====================>.........] - ETA: 0s - loss: 0.2733 - accuracy: 0.8809
56/67 [========================>.....] - ETA: 0s - loss: 0.2739 - accuracy: 0.8806
65/67 [============================>.] - ETA: 0s - loss: 0.2748 - accuracy: 0.8803
67/67 [==============================] - 0s 6ms/step - loss: 0.2761 - accuracy: 0.8796
Epoch 19/25

 1/67 [..............................] - ETA: 0s - loss: 0.2346 - accuracy: 0.9062
 9/67 [===>..........................] - ETA: 0s - loss: 0.2397 - accuracy: 0.9132
18/67 [=======>......................] - ETA: 0s - loss: 0.2458 - accuracy: 0.9028
27/67 [===========>..................] - ETA: 0s - loss: 0.2584 - accuracy: 0.8924
36/67 [===============>..............] - ETA: 0s - loss: 0.2632 - accuracy: 0.8872
47/67 [====================>.........] - ETA: 0s - loss: 0.2730 - accuracy: 0.8790
57/67 [========================>.....] - ETA: 0s - loss: 0.2750 - accuracy: 0.8783
67/67 [==============================] - ETA: 0s - loss: 0.2734 - accuracy: 0.8777
67/67 [==============================] - 0s 6ms/step - loss: 0.2734 - accuracy: 0.8777
Epoch 20/25

 1/67 [..............................] - ETA: 0s - loss: 0.3100 - accuracy: 0.8438
11/67 [===>..........................] - ETA: 0s - loss: 0.2334 - accuracy: 0.9034
21/67 [========>.....................] - ETA: 0s - loss: 0.2659 - accuracy: 0.8810
33/67 [=============>................] - ETA: 0s - loss: 0.2703 - accuracy: 0.8835
44/67 [==================>...........] - ETA: 0s - loss: 0.2698 - accuracy: 0.8821
54/67 [=======================>......] - ETA: 0s - loss: 0.2766 - accuracy: 0.8785
64/67 [===========================>..] - ETA: 0s - loss: 0.2756 - accuracy: 0.8794
67/67 [==============================] - 0s 5ms/step - loss: 0.2804 - accuracy: 0.8754
Epoch 21/25

 1/67 [..............................] - ETA: 0s - loss: 0.1797 - accuracy: 0.9375
11/67 [===>..........................] - ETA: 0s - loss: 0.2778 - accuracy: 0.8750
21/67 [========>.....................] - ETA: 0s - loss: 0.2925 - accuracy: 0.8661
30/67 [============>.................] - ETA: 0s - loss: 0.2797 - accuracy: 0.8750
39/67 [================>.............] - ETA: 0s - loss: 0.2741 - accuracy: 0.8830
47/67 [====================>.........] - ETA: 0s - loss: 0.2706 - accuracy: 0.8836
55/67 [=======================>......] - ETA: 0s - loss: 0.2728 - accuracy: 0.8818
64/67 [===========================>..] - ETA: 0s - loss: 0.2744 - accuracy: 0.8809
67/67 [==============================] - 0s 6ms/step - loss: 0.2753 - accuracy: 0.8796
Epoch 22/25

 1/67 [..............................] - ETA: 0s - loss: 0.4056 - accuracy: 0.7500
10/67 [===>..........................] - ETA: 0s - loss: 0.2600 - accuracy: 0.8719
20/67 [=======>......................] - ETA: 0s - loss: 0.2600 - accuracy: 0.8813
29/67 [===========>..................] - ETA: 0s - loss: 0.2528 - accuracy: 0.8858
38/67 [================>.............] - ETA: 0s - loss: 0.2489 - accuracy: 0.8882
48/67 [====================>.........] - ETA: 0s - loss: 0.2555 - accuracy: 0.8854
59/67 [=========================>....] - ETA: 0s - loss: 0.2602 - accuracy: 0.8840
67/67 [==============================] - 0s 5ms/step - loss: 0.2642 - accuracy: 0.8833
Epoch 23/25

 1/67 [..............................] - ETA: 0s - loss: 0.3136 - accuracy: 0.8125
11/67 [===>..........................] - ETA: 0s - loss: 0.2594 - accuracy: 0.8835
22/67 [========>.....................] - ETA: 0s - loss: 0.2666 - accuracy: 0.8793
31/67 [============>.................] - ETA: 0s - loss: 0.2612 - accuracy: 0.8800
41/67 [=================>............] - ETA: 0s - loss: 0.2693 - accuracy: 0.8758
51/67 [=====================>........] - ETA: 0s - loss: 0.2667 - accuracy: 0.8775
60/67 [=========================>....] - ETA: 0s - loss: 0.2624 - accuracy: 0.8813
67/67 [==============================] - 0s 5ms/step - loss: 0.2608 - accuracy: 0.8829
Epoch 24/25

 1/67 [..............................] - ETA: 0s - loss: 0.2464 - accuracy: 0.8750
10/67 [===>..........................] - ETA: 0s - loss: 0.2585 - accuracy: 0.8719
19/67 [=======>......................] - ETA: 0s - loss: 0.2607 - accuracy: 0.8799
27/67 [===========>..................] - ETA: 0s - loss: 0.2548 - accuracy: 0.8854
34/67 [==============>...............] - ETA: 0s - loss: 0.2526 - accuracy: 0.8879
42/67 [=================>............] - ETA: 0s - loss: 0.2580 - accuracy: 0.8839
52/67 [======================>.......] - ETA: 0s - loss: 0.2614 - accuracy: 0.8816
61/67 [==========================>...] - ETA: 0s - loss: 0.2685 - accuracy: 0.8796
67/67 [==============================] - 0s 6ms/step - loss: 0.2699 - accuracy: 0.8801
Epoch 25/25

 1/67 [..............................] - ETA: 0s - loss: 0.3463 - accuracy: 0.8125
10/67 [===>..........................] - ETA: 0s - loss: 0.2331 - accuracy: 0.8906
20/67 [=======>......................] - ETA: 0s - loss: 0.2361 - accuracy: 0.8953
30/67 [============>.................] - ETA: 0s - loss: 0.2491 - accuracy: 0.8875
39/67 [================>.............] - ETA: 0s - loss: 0.2542 - accuracy: 0.8862
49/67 [====================>.........] - ETA: 0s - loss: 0.2588 - accuracy: 0.8827
58/67 [========================>.....] - ETA: 0s - loss: 0.2594 - accuracy: 0.8842
67/67 [==============================] - 0s 6ms/step - loss: 0.2614 - accuracy: 0.8843
# node2vec
Epoch 1/25

 1/67 [..............................] - ETA: 1:21 - loss: 0.7088 - accuracy: 0.4062
 8/67 [==>...........................] - ETA: 0s - loss: 0.6721 - accuracy: 0.4844  
12/67 [====>.........................] - ETA: 0s - loss: 0.6670 - accuracy: 0.5000
16/67 [======>.......................] - ETA: 0s - loss: 0.6575 - accuracy: 0.5547
26/67 [==========>...................] - ETA: 0s - loss: 0.6610 - accuracy: 0.5889
33/67 [=============>................] - ETA: 0s - loss: 0.6598 - accuracy: 0.6089
41/67 [=================>............] - ETA: 0s - loss: 0.6509 - accuracy: 0.6242
51/67 [=====================>........] - ETA: 0s - loss: 0.6425 - accuracy: 0.6471
62/67 [==========================>...] - ETA: 0s - loss: 0.6341 - accuracy: 0.6643
67/67 [==============================] - 2s 7ms/step - loss: 0.6342 - accuracy: 0.6692
Epoch 2/25

 1/67 [..............................] - ETA: 0s - loss: 0.4387 - accuracy: 0.8438
17/67 [======>.......................] - ETA: 0s - loss: 0.5683 - accuracy: 0.7426
33/67 [=============>................] - ETA: 0s - loss: 0.5542 - accuracy: 0.7614
45/67 [===================>..........] - ETA: 0s - loss: 0.5470 - accuracy: 0.7597
61/67 [==========================>...] - ETA: 0s - loss: 0.5524 - accuracy: 0.7469
67/67 [==============================] - 0s 4ms/step - loss: 0.5518 - accuracy: 0.7466
Epoch 3/25

 1/67 [..............................] - ETA: 0s - loss: 0.4968 - accuracy: 0.7500
18/67 [=======>......................] - ETA: 0s - loss: 0.5362 - accuracy: 0.7465
35/67 [==============>...............] - ETA: 0s - loss: 0.5166 - accuracy: 0.7661
50/67 [=====================>........] - ETA: 0s - loss: 0.5133 - accuracy: 0.7669
61/67 [==========================>...] - ETA: 0s - loss: 0.5143 - accuracy: 0.7592
67/67 [==============================] - 0s 4ms/step - loss: 0.5111 - accuracy: 0.7620
Epoch 4/25

 1/67 [..............................] - ETA: 0s - loss: 0.3841 - accuracy: 0.9062
12/67 [====>.........................] - ETA: 0s - loss: 0.4989 - accuracy: 0.7708
23/67 [=========>....................] - ETA: 0s - loss: 0.5025 - accuracy: 0.7663
35/67 [==============>...............] - ETA: 0s - loss: 0.4836 - accuracy: 0.7830
48/67 [====================>.........] - ETA: 0s - loss: 0.4814 - accuracy: 0.7786
63/67 [===========================>..] - ETA: 0s - loss: 0.4834 - accuracy: 0.7773
67/67 [==============================] - 0s 4ms/step - loss: 0.4848 - accuracy: 0.7755
Epoch 5/25

 1/67 [..............................] - ETA: 0s - loss: 0.4981 - accuracy: 0.7500
11/67 [===>..........................] - ETA: 0s - loss: 0.4649 - accuracy: 0.7869
17/67 [======>.......................] - ETA: 0s - loss: 0.4601 - accuracy: 0.7868
24/67 [=========>....................] - ETA: 0s - loss: 0.4629 - accuracy: 0.7878
29/67 [===========>..................] - ETA: 0s - loss: 0.4641 - accuracy: 0.7866
31/67 [============>.................] - ETA: 0s - loss: 0.4624 - accuracy: 0.7903
35/67 [==============>...............] - ETA: 0s - loss: 0.4604 - accuracy: 0.7902
45/67 [===================>..........] - ETA: 0s - loss: 0.4658 - accuracy: 0.7875
55/67 [=======================>......] - ETA: 0s - loss: 0.4680 - accuracy: 0.7835
66/67 [============================>.] - ETA: 0s - loss: 0.4715 - accuracy: 0.7797
67/67 [==============================] - 1s 8ms/step - loss: 0.4724 - accuracy: 0.7788
Epoch 6/25

 1/67 [..............................] - ETA: 0s - loss: 0.4847 - accuracy: 0.7188
16/67 [======>.......................] - ETA: 0s - loss: 0.4599 - accuracy: 0.7852
28/67 [===========>..................] - ETA: 0s - loss: 0.4577 - accuracy: 0.7924
36/67 [===============>..............] - ETA: 0s - loss: 0.4617 - accuracy: 0.7891
42/67 [=================>............] - ETA: 0s - loss: 0.4572 - accuracy: 0.7924
51/67 [=====================>........] - ETA: 0s - loss: 0.4541 - accuracy: 0.7972
64/67 [===========================>..] - ETA: 0s - loss: 0.4494 - accuracy: 0.8022
67/67 [==============================] - 0s 5ms/step - loss: 0.4492 - accuracy: 0.8031
Epoch 7/25

 1/67 [..............................] - ETA: 0s - loss: 0.3033 - accuracy: 0.9375
11/67 [===>..........................] - ETA: 0s - loss: 0.4223 - accuracy: 0.8210
23/67 [=========>....................] - ETA: 0s - loss: 0.4328 - accuracy: 0.8098
26/67 [==========>...................] - ETA: 0s - loss: 0.4313 - accuracy: 0.8089
38/67 [================>.............] - ETA: 0s - loss: 0.4201 - accuracy: 0.8174
49/67 [====================>.........] - ETA: 0s - loss: 0.4184 - accuracy: 0.8221
65/67 [============================>.] - ETA: 0s - loss: 0.4370 - accuracy: 0.8091
67/67 [==============================] - 0s 5ms/step - loss: 0.4340 - accuracy: 0.8129
Epoch 8/25

 1/67 [..............................] - ETA: 0s - loss: 0.3813 - accuracy: 0.8750
17/67 [======>.......................] - ETA: 0s - loss: 0.4417 - accuracy: 0.8125
23/67 [=========>....................] - ETA: 0s - loss: 0.4356 - accuracy: 0.8179
31/67 [============>.................] - ETA: 0s - loss: 0.4341 - accuracy: 0.8165
40/67 [================>.............] - ETA: 0s - loss: 0.4380 - accuracy: 0.8141
54/67 [=======================>......] - ETA: 0s - loss: 0.4335 - accuracy: 0.8142
67/67 [==============================] - 0s 5ms/step - loss: 0.4241 - accuracy: 0.8185
Epoch 9/25

 1/67 [..............................] - ETA: 0s - loss: 0.3569 - accuracy: 0.9062
16/67 [======>.......................] - ETA: 0s - loss: 0.4291 - accuracy: 0.8223
31/67 [============>.................] - ETA: 0s - loss: 0.4124 - accuracy: 0.8296
44/67 [==================>...........] - ETA: 0s - loss: 0.4126 - accuracy: 0.8267
54/67 [=======================>......] - ETA: 0s - loss: 0.4092 - accuracy: 0.8281
64/67 [===========================>..] - ETA: 0s - loss: 0.4107 - accuracy: 0.8267
67/67 [==============================] - 0s 4ms/step - loss: 0.4104 - accuracy: 0.8264
Epoch 10/25

 1/67 [..............................] - ETA: 0s - loss: 0.2837 - accuracy: 0.9062
13/67 [====>.........................] - ETA: 0s - loss: 0.3786 - accuracy: 0.8486
29/67 [===========>..................] - ETA: 0s - loss: 0.3737 - accuracy: 0.8481
42/67 [=================>............] - ETA: 0s - loss: 0.3781 - accuracy: 0.8452
53/67 [======================>.......] - ETA: 0s - loss: 0.3869 - accuracy: 0.8390
63/67 [===========================>..] - ETA: 0s - loss: 0.3928 - accuracy: 0.8358
67/67 [==============================] - 0s 4ms/step - loss: 0.3946 - accuracy: 0.8343
Epoch 11/25

 1/67 [..............................] - ETA: 0s - loss: 0.3876 - accuracy: 0.8125
13/67 [====>.........................] - ETA: 0s - loss: 0.3945 - accuracy: 0.8293
30/67 [============>.................] - ETA: 0s - loss: 0.3912 - accuracy: 0.8302
44/67 [==================>...........] - ETA: 0s - loss: 0.3852 - accuracy: 0.8352
60/67 [=========================>....] - ETA: 0s - loss: 0.3812 - accuracy: 0.8406
67/67 [==============================] - 0s 4ms/step - loss: 0.3797 - accuracy: 0.8441
Epoch 12/25

 1/67 [..............................] - ETA: 0s - loss: 0.3960 - accuracy: 0.8438
 9/67 [===>..........................] - ETA: 0s - loss: 0.3478 - accuracy: 0.8785
15/67 [=====>........................] - ETA: 0s - loss: 0.3596 - accuracy: 0.8646
26/67 [==========>...................] - ETA: 0s - loss: 0.3517 - accuracy: 0.8690
41/67 [=================>............] - ETA: 0s - loss: 0.3651 - accuracy: 0.8537
58/67 [========================>.....] - ETA: 0s - loss: 0.3660 - accuracy: 0.8508
67/67 [==============================] - 0s 5ms/step - loss: 0.3719 - accuracy: 0.8460
Epoch 13/25

 1/67 [..............................] - ETA: 0s - loss: 0.3574 - accuracy: 0.8750
12/67 [====>.........................] - ETA: 0s - loss: 0.3404 - accuracy: 0.8750
23/67 [=========>....................] - ETA: 0s - loss: 0.3317 - accuracy: 0.8777
35/67 [==============>...............] - ETA: 0s - loss: 0.3442 - accuracy: 0.8705
48/67 [====================>.........] - ETA: 0s - loss: 0.3549 - accuracy: 0.8607
63/67 [===========================>..] - ETA: 0s - loss: 0.3603 - accuracy: 0.8542
67/67 [==============================] - 0s 4ms/step - loss: 0.3599 - accuracy: 0.8525
Epoch 14/25

 1/67 [..............................] - ETA: 0s - loss: 0.3493 - accuracy: 0.8750
12/67 [====>.........................] - ETA: 0s - loss: 0.3376 - accuracy: 0.8594
17/67 [======>.......................] - ETA: 0s - loss: 0.3420 - accuracy: 0.8548
24/67 [=========>....................] - ETA: 0s - loss: 0.3428 - accuracy: 0.8542
31/67 [============>.................] - ETA: 0s - loss: 0.3402 - accuracy: 0.8589
37/67 [===============>..............] - ETA: 0s - loss: 0.3460 - accuracy: 0.8556
43/67 [==================>...........] - ETA: 0s - loss: 0.3481 - accuracy: 0.8554
48/67 [====================>.........] - ETA: 0s - loss: 0.3477 - accuracy: 0.8561
55/67 [=======================>......] - ETA: 0s - loss: 0.3501 - accuracy: 0.8540
60/67 [=========================>....] - ETA: 0s - loss: 0.3503 - accuracy: 0.8562
65/67 [============================>.] - ETA: 0s - loss: 0.3498 - accuracy: 0.8582
67/67 [==============================] - 1s 9ms/step - loss: 0.3497 - accuracy: 0.8586
Epoch 15/25

 1/67 [..............................] - ETA: 0s - loss: 0.4147 - accuracy: 0.8125
15/67 [=====>........................] - ETA: 0s - loss: 0.3099 - accuracy: 0.8875
32/67 [=============>................] - ETA: 0s - loss: 0.3305 - accuracy: 0.8701
50/67 [=====================>........] - ETA: 0s - loss: 0.3317 - accuracy: 0.8687
67/67 [==============================] - 0s 3ms/step - loss: 0.3396 - accuracy: 0.8637
Epoch 16/25

 1/67 [..............................] - ETA: 0s - loss: 0.3788 - accuracy: 0.8438
16/67 [======>.......................] - ETA: 0s - loss: 0.3160 - accuracy: 0.8730
30/67 [============>.................] - ETA: 0s - loss: 0.3180 - accuracy: 0.8719
43/67 [==================>...........] - ETA: 0s - loss: 0.3219 - accuracy: 0.8714
54/67 [=======================>......] - ETA: 0s - loss: 0.3226 - accuracy: 0.8721
65/67 [============================>.] - ETA: 0s - loss: 0.3318 - accuracy: 0.8649
67/67 [==============================] - 0s 4ms/step - loss: 0.3337 - accuracy: 0.8637
Epoch 17/25

 1/67 [..............................] - ETA: 0s - loss: 0.3390 - accuracy: 0.8438
 8/67 [==>...........................] - ETA: 0s - loss: 0.3194 - accuracy: 0.8672
14/67 [=====>........................] - ETA: 0s - loss: 0.3226 - accuracy: 0.8728
20/67 [=======>......................] - ETA: 0s - loss: 0.3148 - accuracy: 0.8813
22/67 [========>.....................] - ETA: 0s - loss: 0.3163 - accuracy: 0.8778
29/67 [===========>..................] - ETA: 0s - loss: 0.3048 - accuracy: 0.8836
43/67 [==================>...........] - ETA: 0s - loss: 0.3104 - accuracy: 0.8801
60/67 [=========================>....] - ETA: 0s - loss: 0.3222 - accuracy: 0.8714
67/67 [==============================] - 0s 7ms/step - loss: 0.3232 - accuracy: 0.8698
Epoch 18/25

 1/67 [..............................] - ETA: 0s - loss: 0.1850 - accuracy: 0.9688
14/67 [=====>........................] - ETA: 0s - loss: 0.2879 - accuracy: 0.8884
34/67 [==============>...............] - ETA: 0s - loss: 0.3021 - accuracy: 0.8796
46/67 [===================>..........] - ETA: 0s - loss: 0.3079 - accuracy: 0.8791
59/67 [=========================>....] - ETA: 0s - loss: 0.3180 - accuracy: 0.8713
67/67 [==============================] - 0s 4ms/step - loss: 0.3165 - accuracy: 0.8726
Epoch 19/25

 1/67 [..............................] - ETA: 0s - loss: 0.2600 - accuracy: 0.9062
 9/67 [===>..........................] - ETA: 0s - loss: 0.3032 - accuracy: 0.8819
19/67 [=======>......................] - ETA: 0s - loss: 0.2852 - accuracy: 0.8964
30/67 [============>.................] - ETA: 0s - loss: 0.2905 - accuracy: 0.8927
41/67 [=================>............] - ETA: 0s - loss: 0.3017 - accuracy: 0.8826
52/67 [======================>.......] - ETA: 0s - loss: 0.3002 - accuracy: 0.8840
63/67 [===========================>..] - ETA: 0s - loss: 0.3122 - accuracy: 0.8735
67/67 [==============================] - 0s 6ms/step - loss: 0.3146 - accuracy: 0.8717
Epoch 20/25

 1/67 [..............................] - ETA: 0s - loss: 0.3274 - accuracy: 0.8750
11/67 [===>..........................] - ETA: 0s - loss: 0.3245 - accuracy: 0.8608
21/67 [========>.....................] - ETA: 0s - loss: 0.3153 - accuracy: 0.8705
26/67 [==========>...................] - ETA: 0s - loss: 0.3094 - accuracy: 0.8774
29/67 [===========>..................] - ETA: 0s - loss: 0.3062 - accuracy: 0.8804
37/67 [===============>..............] - ETA: 0s - loss: 0.2988 - accuracy: 0.8843
45/67 [===================>..........] - ETA: 0s - loss: 0.3014 - accuracy: 0.8806
58/67 [========================>.....] - ETA: 0s - loss: 0.3042 - accuracy: 0.8788
67/67 [==============================] - 0s 6ms/step - loss: 0.3067 - accuracy: 0.8763
Epoch 21/25

 1/67 [..............................] - ETA: 0s - loss: 0.3231 - accuracy: 0.8438
14/67 [=====>........................] - ETA: 0s - loss: 0.3013 - accuracy: 0.8772
27/67 [===========>..................] - ETA: 0s - loss: 0.3024 - accuracy: 0.8773
39/67 [================>.............] - ETA: 0s - loss: 0.2943 - accuracy: 0.8814
52/67 [======================>.......] - ETA: 0s - loss: 0.2960 - accuracy: 0.8822
66/67 [============================>.] - ETA: 0s - loss: 0.2992 - accuracy: 0.8778
67/67 [==============================] - 0s 4ms/step - loss: 0.2988 - accuracy: 0.8782
Epoch 22/25

 1/67 [..............................] - ETA: 0s - loss: 0.1975 - accuracy: 0.9062
22/67 [========>.....................] - ETA: 0s - loss: 0.2982 - accuracy: 0.8778
35/67 [==============>...............] - ETA: 0s - loss: 0.3075 - accuracy: 0.8732
54/67 [=======================>......] - ETA: 0s - loss: 0.2949 - accuracy: 0.8814
64/67 [===========================>..] - ETA: 0s - loss: 0.2962 - accuracy: 0.8809
67/67 [==============================] - 0s 4ms/step - loss: 0.3006 - accuracy: 0.8782
Epoch 23/25

 1/67 [..............................] - ETA: 0s - loss: 0.2439 - accuracy: 0.9375
 9/67 [===>..........................] - ETA: 0s - loss: 0.2931 - accuracy: 0.8715
22/67 [========>.....................] - ETA: 0s - loss: 0.2862 - accuracy: 0.8778
37/67 [===============>..............] - ETA: 0s - loss: 0.2807 - accuracy: 0.8843
51/67 [=====================>........] - ETA: 0s - loss: 0.2875 - accuracy: 0.8805
66/67 [============================>.] - ETA: 0s - loss: 0.2915 - accuracy: 0.8787
67/67 [==============================] - 0s 4ms/step - loss: 0.2916 - accuracy: 0.8787
Epoch 24/25

 1/67 [..............................] - ETA: 0s - loss: 0.3170 - accuracy: 0.8438
10/67 [===>..........................] - ETA: 0s - loss: 0.2827 - accuracy: 0.8844
16/67 [======>.......................] - ETA: 0s - loss: 0.2949 - accuracy: 0.8809
26/67 [==========>...................] - ETA: 0s - loss: 0.2890 - accuracy: 0.8822
34/67 [==============>...............] - ETA: 0s - loss: 0.2854 - accuracy: 0.8842
42/67 [=================>............] - ETA: 0s - loss: 0.2819 - accuracy: 0.8891
53/67 [======================>.......] - ETA: 0s - loss: 0.2911 - accuracy: 0.8797
66/67 [============================>.] - ETA: 0s - loss: 0.2893 - accuracy: 0.8811
67/67 [==============================] - 0s 6ms/step - loss: 0.2909 - accuracy: 0.8805
Epoch 25/25

 1/67 [..............................] - ETA: 0s - loss: 0.2780 - accuracy: 0.9062
15/67 [=====>........................] - ETA: 0s - loss: 0.2727 - accuracy: 0.8896
30/67 [============>.................] - ETA: 0s - loss: 0.2632 - accuracy: 0.8979
41/67 [=================>............] - ETA: 0s - loss: 0.2710 - accuracy: 0.8918
54/67 [=======================>......] - ETA: 0s - loss: 0.2875 - accuracy: 0.8819
65/67 [============================>.] - ETA: 0s - loss: 0.2883 - accuracy: 0.8788
67/67 [==============================] - 0s 4ms/step - loss: 0.2876 - accuracy: 0.8796
# predict: steps=1872
# predict: tnodeembed_metrics
# predict: node2vec_metrics
tnodeembed: {'auc': 0.6620806170088838, 'f1_micro': 0.6537806425756463, 'f1_macro': 0.6456793986222366} tNodeEmbed_final_loss=0.2613505423069 tNodeEmbed_final_accuracy=0.8842743635177612 
node2vec: {'auc': 0.6542164259759324, 'f1_micro': 0.648871150891724, 'f1_macro': 0.6385380407480266} node2vec_final_loss=0.28764164447784424 node2vec_final_accuracy=0.8796080350875854 
