# load graph
Processing Static file: filename='interactions_with_dates_1981_nodes_2_edges_1_component_0.edges'
# initialize tNodeEmbed for dataset=PPI, test_size=0.2
# load dataset
# fit
# tNodeEmbed
Epoch 1/25

 1/67 [..............................] - ETA: 1:19 - loss: 0.6931 - accuracy: 0.5625
18/67 [=======>......................] - ETA: 0s - loss: 0.6932 - accuracy: 0.5069  
38/67 [================>.............] - ETA: 0s - loss: 0.6932 - accuracy: 0.5074
60/67 [=========================>....] - ETA: 0s - loss: 0.6931 - accuracy: 0.5026
67/67 [==============================] - 1s 3ms/step - loss: 0.6932 - accuracy: 0.5035
Epoch 2/25

 1/67 [..............................] - ETA: 0s - loss: 0.6932 - accuracy: 0.5000
23/67 [=========>....................] - ETA: 0s - loss: 0.6923 - accuracy: 0.4728
44/67 [==================>...........] - ETA: 0s - loss: 0.6918 - accuracy: 0.4879
67/67 [==============================] - ETA: 0s - loss: 0.6914 - accuracy: 0.4900
67/67 [==============================] - 0s 2ms/step - loss: 0.6914 - accuracy: 0.4900
Epoch 3/25

 1/67 [..............................] - ETA: 0s - loss: 0.6971 - accuracy: 0.4062
22/67 [========>.....................] - ETA: 0s - loss: 0.6901 - accuracy: 0.4901
44/67 [==================>...........] - ETA: 0s - loss: 0.6909 - accuracy: 0.4901
65/67 [============================>.] - ETA: 0s - loss: 0.6909 - accuracy: 0.4933
67/67 [==============================] - 0s 2ms/step - loss: 0.6907 - accuracy: 0.4937
Epoch 4/25

 1/67 [..............................] - ETA: 0s - loss: 0.6919 - accuracy: 0.6562
19/67 [=======>......................] - ETA: 0s - loss: 0.6881 - accuracy: 0.5329
37/67 [===============>..............] - ETA: 0s - loss: 0.6889 - accuracy: 0.5127
55/67 [=======================>......] - ETA: 0s - loss: 0.6900 - accuracy: 0.5097
67/67 [==============================] - 0s 3ms/step - loss: 0.6893 - accuracy: 0.5054
Epoch 5/25

 1/67 [..............................] - ETA: 0s - loss: 0.6725 - accuracy: 0.4375
21/67 [========>.....................] - ETA: 0s - loss: 0.6878 - accuracy: 0.5179
41/67 [=================>............] - ETA: 0s - loss: 0.6899 - accuracy: 0.5084
61/67 [==========================>...] - ETA: 0s - loss: 0.6890 - accuracy: 0.5097
67/67 [==============================] - 0s 3ms/step - loss: 0.6881 - accuracy: 0.5091
Epoch 6/25

 1/67 [..............................] - ETA: 0s - loss: 0.6927 - accuracy: 0.5625
22/67 [========>.....................] - ETA: 0s - loss: 0.6881 - accuracy: 0.5241
43/67 [==================>...........] - ETA: 0s - loss: 0.6874 - accuracy: 0.5058
65/67 [============================>.] - ETA: 0s - loss: 0.6882 - accuracy: 0.5038
67/67 [==============================] - 0s 2ms/step - loss: 0.6883 - accuracy: 0.5030
Epoch 7/25

 1/67 [..............................] - ETA: 0s - loss: 0.6717 - accuracy: 0.5000
24/67 [=========>....................] - ETA: 0s - loss: 0.6862 - accuracy: 0.4831
46/67 [===================>..........] - ETA: 0s - loss: 0.6878 - accuracy: 0.4789
67/67 [==============================] - 0s 2ms/step - loss: 0.6873 - accuracy: 0.4890
Epoch 8/25

 1/67 [..............................] - ETA: 0s - loss: 0.6714 - accuracy: 0.6250
25/67 [==========>...................] - ETA: 0s - loss: 0.6866 - accuracy: 0.5050
47/67 [====================>.........] - ETA: 0s - loss: 0.6885 - accuracy: 0.5166
67/67 [==============================] - 0s 2ms/step - loss: 0.6878 - accuracy: 0.5030
Epoch 9/25

 1/67 [..............................] - ETA: 0s - loss: 0.6933 - accuracy: 0.4688
24/67 [=========>....................] - ETA: 0s - loss: 0.6871 - accuracy: 0.4727
46/67 [===================>..........] - ETA: 0s - loss: 0.6873 - accuracy: 0.4912
67/67 [==============================] - 0s 2ms/step - loss: 0.6874 - accuracy: 0.4895
Epoch 10/25

 1/67 [..............................] - ETA: 0s - loss: 0.6931 - accuracy: 0.6250
22/67 [========>.....................] - ETA: 0s - loss: 0.6913 - accuracy: 0.4972
40/67 [================>.............] - ETA: 0s - loss: 0.6900 - accuracy: 0.5039
53/67 [======================>.......] - ETA: 0s - loss: 0.6884 - accuracy: 0.5077
67/67 [==============================] - ETA: 0s - loss: 0.6866 - accuracy: 0.5063
67/67 [==============================] - 0s 3ms/step - loss: 0.6866 - accuracy: 0.5063
Epoch 11/25

 1/67 [..............................] - ETA: 0s - loss: 0.6936 - accuracy: 0.4062
16/67 [======>.......................] - ETA: 0s - loss: 0.6894 - accuracy: 0.5039
36/67 [===============>..............] - ETA: 0s - loss: 0.6898 - accuracy: 0.5104
56/67 [========================>.....] - ETA: 0s - loss: 0.6873 - accuracy: 0.5011
67/67 [==============================] - 0s 3ms/step - loss: 0.6879 - accuracy: 0.5063
Epoch 12/25

 1/67 [..............................] - ETA: 0s - loss: 0.6712 - accuracy: 0.5938
21/67 [========>.....................] - ETA: 0s - loss: 0.6912 - accuracy: 0.4970
41/67 [=================>............] - ETA: 0s - loss: 0.6879 - accuracy: 0.5107
61/67 [==========================>...] - ETA: 0s - loss: 0.6869 - accuracy: 0.4969
67/67 [==============================] - 0s 3ms/step - loss: 0.6872 - accuracy: 0.5040
Epoch 13/25

 1/67 [..............................] - ETA: 0s - loss: 0.6934 - accuracy: 0.4688
22/67 [========>.....................] - ETA: 0s - loss: 0.6849 - accuracy: 0.5355
45/67 [===================>..........] - ETA: 0s - loss: 0.6861 - accuracy: 0.5139
67/67 [==============================] - 0s 2ms/step - loss: 0.6872 - accuracy: 0.5068
Epoch 14/25

 1/67 [..............................] - ETA: 0s - loss: 0.6937 - accuracy: 0.4375
23/67 [=========>....................] - ETA: 0s - loss: 0.6887 - accuracy: 0.5082
46/67 [===================>..........] - ETA: 0s - loss: 0.6862 - accuracy: 0.5183
67/67 [==============================] - 0s 2ms/step - loss: 0.6870 - accuracy: 0.5063
Epoch 15/25

 1/67 [..............................] - ETA: 0s - loss: 0.6928 - accuracy: 0.5312
21/67 [========>.....................] - ETA: 0s - loss: 0.6879 - accuracy: 0.5074
42/67 [=================>............] - ETA: 0s - loss: 0.6887 - accuracy: 0.5164
64/67 [===========================>..] - ETA: 0s - loss: 0.6881 - accuracy: 0.5059
67/67 [==============================] - 0s 2ms/step - loss: 0.6876 - accuracy: 0.5072
Epoch 16/25

 1/67 [..............................] - ETA: 0s - loss: 0.6716 - accuracy: 0.5000
21/67 [========>.....................] - ETA: 0s - loss: 0.6877 - accuracy: 0.5402
41/67 [=================>............] - ETA: 0s - loss: 0.6858 - accuracy: 0.5175
59/67 [=========================>....] - ETA: 0s - loss: 0.6868 - accuracy: 0.5026
67/67 [==============================] - 0s 3ms/step - loss: 0.6873 - accuracy: 0.5054
Epoch 17/25

 1/67 [..............................] - ETA: 0s - loss: 0.6933 - accuracy: 0.3750
19/67 [=======>......................] - ETA: 0s - loss: 0.6829 - accuracy: 0.5230
38/67 [================>.............] - ETA: 0s - loss: 0.6864 - accuracy: 0.5049
57/67 [========================>.....] - ETA: 0s - loss: 0.6875 - accuracy: 0.5071
67/67 [==============================] - 0s 3ms/step - loss: 0.6868 - accuracy: 0.5068
Epoch 18/25

 1/67 [..............................] - ETA: 0s - loss: 0.6929 - accuracy: 0.5625
21/67 [========>.....................] - ETA: 0s - loss: 0.6911 - accuracy: 0.5089
41/67 [=================>............] - ETA: 0s - loss: 0.6884 - accuracy: 0.5152
62/67 [==========================>...] - ETA: 0s - loss: 0.6873 - accuracy: 0.5076
67/67 [==============================] - 0s 3ms/step - loss: 0.6868 - accuracy: 0.5054
Epoch 19/25

 1/67 [..............................] - ETA: 0s - loss: 0.6930 - accuracy: 0.5312
22/67 [========>.....................] - ETA: 0s - loss: 0.6884 - accuracy: 0.4801
45/67 [===================>..........] - ETA: 0s - loss: 0.6880 - accuracy: 0.4972
67/67 [==============================] - 0s 2ms/step - loss: 0.6879 - accuracy: 0.4895
Epoch 20/25

 1/67 [..............................] - ETA: 0s - loss: 0.6730 - accuracy: 0.3438
22/67 [========>.....................] - ETA: 0s - loss: 0.6872 - accuracy: 0.5270
44/67 [==================>...........] - ETA: 0s - loss: 0.6878 - accuracy: 0.5121
66/67 [============================>.] - ETA: 0s - loss: 0.6871 - accuracy: 0.5050
67/67 [==============================] - 0s 2ms/step - loss: 0.6869 - accuracy: 0.5054
Epoch 21/25

 1/67 [..............................] - ETA: 0s - loss: 0.6716 - accuracy: 0.5312
21/67 [========>.....................] - ETA: 0s - loss: 0.6851 - accuracy: 0.4762
41/67 [=================>............] - ETA: 0s - loss: 0.6869 - accuracy: 0.4779
62/67 [==========================>...] - ETA: 0s - loss: 0.6873 - accuracy: 0.4874
67/67 [==============================] - 0s 3ms/step - loss: 0.6871 - accuracy: 0.4886
Epoch 22/25

 1/67 [..............................] - ETA: 0s - loss: 0.6930 - accuracy: 0.5312
22/67 [========>.....................] - ETA: 0s - loss: 0.6871 - accuracy: 0.5298
43/67 [==================>...........] - ETA: 0s - loss: 0.6888 - accuracy: 0.5058
63/67 [===========================>..] - ETA: 0s - loss: 0.6882 - accuracy: 0.5040
67/67 [==============================] - 0s 2ms/step - loss: 0.6875 - accuracy: 0.5054
Epoch 23/25

 1/67 [..............................] - ETA: 0s - loss: 0.6929 - accuracy: 0.5625
20/67 [=======>......................] - ETA: 0s - loss: 0.6901 - accuracy: 0.4969
39/67 [================>.............] - ETA: 0s - loss: 0.6888 - accuracy: 0.4928
58/67 [========================>.....] - ETA: 0s - loss: 0.6866 - accuracy: 0.4903
67/67 [==============================] - 0s 3ms/step - loss: 0.6871 - accuracy: 0.4886
Epoch 24/25

 1/67 [..............................] - ETA: 0s - loss: 0.6932 - accuracy: 0.5000
20/67 [=======>......................] - ETA: 0s - loss: 0.6899 - accuracy: 0.5094
40/67 [================>.............] - ETA: 0s - loss: 0.6879 - accuracy: 0.5008
60/67 [=========================>....] - ETA: 0s - loss: 0.6868 - accuracy: 0.4995
67/67 [==============================] - 0s 3ms/step - loss: 0.6871 - accuracy: 0.5030
Epoch 25/25

 1/67 [..............................] - ETA: 0s - loss: 0.6720 - accuracy: 0.3750
20/67 [=======>......................] - ETA: 0s - loss: 0.6857 - accuracy: 0.4781
42/67 [=================>............] - ETA: 0s - loss: 0.6855 - accuracy: 0.4874
65/67 [============================>.] - ETA: 0s - loss: 0.6869 - accuracy: 0.4957
67/67 [==============================] - 0s 2ms/step - loss: 0.6871 - accuracy: 0.4951
# node2vec
Epoch 1/25

 1/67 [..............................] - ETA: 19s - loss: 0.7007 - accuracy: 0.5625
25/67 [==========>...................] - ETA: 0s - loss: 0.6930 - accuracy: 0.4950 
59/67 [=========================>....] - ETA: 0s - loss: 0.6933 - accuracy: 0.4963
67/67 [==============================] - 0s 2ms/step - loss: 0.6934 - accuracy: 0.4951
Epoch 2/25

 1/67 [..............................] - ETA: 0s - loss: 0.6932 - accuracy: 0.5000
33/67 [=============>................] - ETA: 0s - loss: 0.6903 - accuracy: 0.5114
63/67 [===========================>..] - ETA: 0s - loss: 0.6902 - accuracy: 0.5020
67/67 [==============================] - 0s 2ms/step - loss: 0.6904 - accuracy: 0.5026
Epoch 3/25

 1/67 [..............................] - ETA: 0s - loss: 0.6931 - accuracy: 0.5000
31/67 [============>.................] - ETA: 0s - loss: 0.6911 - accuracy: 0.5030
65/67 [============================>.] - ETA: 0s - loss: 0.6892 - accuracy: 0.5038
67/67 [==============================] - 0s 2ms/step - loss: 0.6893 - accuracy: 0.5044
Epoch 4/25

 1/67 [..............................] - ETA: 0s - loss: 0.6930 - accuracy: 0.5312
36/67 [===============>..............] - ETA: 0s - loss: 0.6881 - accuracy: 0.5104
67/67 [==============================] - 0s 1ms/step - loss: 0.6885 - accuracy: 0.5049
Epoch 5/25

 1/67 [..............................] - ETA: 0s - loss: 0.6816 - accuracy: 0.5312
36/67 [===============>..............] - ETA: 0s - loss: 0.6885 - accuracy: 0.4948
67/67 [==============================] - 0s 1ms/step - loss: 0.6881 - accuracy: 0.4900
Epoch 6/25

 1/67 [..............................] - ETA: 0s - loss: 0.6738 - accuracy: 0.4062
36/67 [===============>..............] - ETA: 0s - loss: 0.6876 - accuracy: 0.5043
67/67 [==============================] - 0s 2ms/step - loss: 0.6883 - accuracy: 0.4909
Epoch 7/25

 1/67 [..............................] - ETA: 0s - loss: 0.6719 - accuracy: 0.5938
35/67 [==============>...............] - ETA: 0s - loss: 0.6856 - accuracy: 0.5000
67/67 [==============================] - ETA: 0s - loss: 0.6878 - accuracy: 0.5063
67/67 [==============================] - 0s 2ms/step - loss: 0.6878 - accuracy: 0.5063
Epoch 8/25

 1/67 [..............................] - ETA: 0s - loss: 0.6946 - accuracy: 0.4062
35/67 [==============>...............] - ETA: 0s - loss: 0.6865 - accuracy: 0.5000
66/67 [============================>.] - ETA: 0s - loss: 0.6878 - accuracy: 0.5054
67/67 [==============================] - 0s 2ms/step - loss: 0.6875 - accuracy: 0.5049
Epoch 9/25

 1/67 [..............................] - ETA: 0s - loss: 0.6950 - accuracy: 0.3125
28/67 [===========>..................] - ETA: 0s - loss: 0.6859 - accuracy: 0.5067
58/67 [========================>.....] - ETA: 0s - loss: 0.6874 - accuracy: 0.5038
67/67 [==============================] - 0s 2ms/step - loss: 0.6879 - accuracy: 0.5068
Epoch 10/25

 1/67 [..............................] - ETA: 0s - loss: 0.6935 - accuracy: 0.4688
31/67 [============>.................] - ETA: 0s - loss: 0.6892 - accuracy: 0.4960
62/67 [==========================>...] - ETA: 0s - loss: 0.6881 - accuracy: 0.5071
67/67 [==============================] - 0s 2ms/step - loss: 0.6875 - accuracy: 0.5077
Epoch 11/25

 1/67 [..............................] - ETA: 0s - loss: 0.6932 - accuracy: 0.5000
26/67 [==========>...................] - ETA: 0s - loss: 0.6877 - accuracy: 0.4916
56/67 [========================>.....] - ETA: 0s - loss: 0.6875 - accuracy: 0.5028
67/67 [==============================] - 0s 2ms/step - loss: 0.6884 - accuracy: 0.5016
Epoch 12/25

 1/67 [..............................] - ETA: 0s - loss: 0.6538 - accuracy: 0.5000
32/67 [=============>................] - ETA: 0s - loss: 0.6889 - accuracy: 0.5186
65/67 [============================>.] - ETA: 0s - loss: 0.6874 - accuracy: 0.5082
67/67 [==============================] - 0s 2ms/step - loss: 0.6876 - accuracy: 0.5058
Epoch 13/25

 1/67 [..............................] - ETA: 0s - loss: 0.6928 - accuracy: 0.5312
31/67 [============>.................] - ETA: 0s - loss: 0.6862 - accuracy: 0.5272
62/67 [==========================>...] - ETA: 0s - loss: 0.6874 - accuracy: 0.5081
67/67 [==============================] - 0s 2ms/step - loss: 0.6875 - accuracy: 0.5054
Epoch 14/25

 1/67 [..............................] - ETA: 0s - loss: 0.6914 - accuracy: 0.6250
39/67 [================>.............] - ETA: 0s - loss: 0.6896 - accuracy: 0.4960
67/67 [==============================] - 0s 1ms/step - loss: 0.6875 - accuracy: 0.5068
Epoch 15/25

 1/67 [..............................] - ETA: 0s - loss: 0.6934 - accuracy: 0.4688
35/67 [==============>...............] - ETA: 0s - loss: 0.6864 - accuracy: 0.5312
67/67 [==============================] - 0s 1ms/step - loss: 0.6876 - accuracy: 0.5058
Epoch 16/25

 1/67 [..............................] - ETA: 0s - loss: 0.6718 - accuracy: 0.5000
36/67 [===============>..............] - ETA: 0s - loss: 0.6858 - accuracy: 0.4913
67/67 [==============================] - 0s 1ms/step - loss: 0.6877 - accuracy: 0.4928
Epoch 17/25

 1/67 [..............................] - ETA: 0s - loss: 0.6937 - accuracy: 0.4062
31/67 [============>.................] - ETA: 0s - loss: 0.6851 - accuracy: 0.5121
61/67 [==========================>...] - ETA: 0s - loss: 0.6871 - accuracy: 0.5108
67/67 [==============================] - 0s 2ms/step - loss: 0.6873 - accuracy: 0.5077
Epoch 18/25

 1/67 [..............................] - ETA: 0s - loss: 0.6918 - accuracy: 0.6250
31/67 [============>.................] - ETA: 0s - loss: 0.6862 - accuracy: 0.5181
59/67 [=========================>....] - ETA: 0s - loss: 0.6866 - accuracy: 0.5090
67/67 [==============================] - 0s 2ms/step - loss: 0.6869 - accuracy: 0.5058
Epoch 19/25

 1/67 [..............................] - ETA: 0s - loss: 0.6921 - accuracy: 0.6250
30/67 [============>.................] - ETA: 0s - loss: 0.6882 - accuracy: 0.4958
59/67 [=========================>....] - ETA: 0s - loss: 0.6892 - accuracy: 0.5053
67/67 [==============================] - 0s 2ms/step - loss: 0.6878 - accuracy: 0.5072
Epoch 20/25

 1/67 [..............................] - ETA: 0s - loss: 0.6927 - accuracy: 0.5625
29/67 [===========>..................] - ETA: 0s - loss: 0.6873 - accuracy: 0.5011
58/67 [========================>.....] - ETA: 0s - loss: 0.6880 - accuracy: 0.5043
67/67 [==============================] - 0s 2ms/step - loss: 0.6878 - accuracy: 0.5058
Epoch 21/25

 1/67 [..............................] - ETA: 0s - loss: 0.6929 - accuracy: 0.4688
28/67 [===========>..................] - ETA: 0s - loss: 0.6880 - accuracy: 0.5089
60/67 [=========================>....] - ETA: 0s - loss: 0.6871 - accuracy: 0.5089
67/67 [==============================] - 0s 2ms/step - loss: 0.6874 - accuracy: 0.5035
Epoch 22/25

 1/67 [..............................] - ETA: 0s - loss: 0.6937 - accuracy: 0.4375
28/67 [===========>..................] - ETA: 0s - loss: 0.6872 - accuracy: 0.5045
59/67 [=========================>....] - ETA: 0s - loss: 0.6877 - accuracy: 0.5016
67/67 [==============================] - 0s 2ms/step - loss: 0.6874 - accuracy: 0.5054
Epoch 23/25

 1/67 [..............................] - ETA: 0s - loss: 0.6933 - accuracy: 0.4688
20/67 [=======>......................] - ETA: 0s - loss: 0.6875 - accuracy: 0.5484
43/67 [==================>...........] - ETA: 0s - loss: 0.6871 - accuracy: 0.5203
67/67 [==============================] - 0s 2ms/step - loss: 0.6867 - accuracy: 0.5091
Epoch 24/25

 1/67 [..............................] - ETA: 0s - loss: 0.6934 - accuracy: 0.4688
34/67 [==============>...............] - ETA: 0s - loss: 0.6883 - accuracy: 0.5046
66/67 [============================>.] - ETA: 0s - loss: 0.6880 - accuracy: 0.5036
67/67 [==============================] - 0s 2ms/step - loss: 0.6878 - accuracy: 0.5058
Epoch 25/25

 1/67 [..............................] - ETA: 0s - loss: 0.6936 - accuracy: 0.4375
31/67 [============>.................] - ETA: 0s - loss: 0.6885 - accuracy: 0.5050
59/67 [=========================>....] - ETA: 0s - loss: 0.6880 - accuracy: 0.5079
67/67 [==============================] - 0s 2ms/step - loss: 0.6877 - accuracy: 0.5030
# predict: steps=1872
# predict: tnodeembed_metrics
# predict: node2vec_metrics
tnodeembed: {'auc': 0.49970209030715235, 'f1_micro': 0.49981631153563555, 'f1_macro': 0.3368375820392075} tNodeEmbed_final_loss=0.6870624423027039 tNodeEmbed_final_accuracy=0.49510031938552856 
node2vec: {'auc': 0.49973390264037787, 'f1_micro': 0.49974951573041215, 'f1_macro': 0.3378812256286614} node2vec_final_loss=0.687659502029419 node2vec_final_accuracy=0.5030331015586853 
