# load graph
Processing Static file: filename='interactions_with_dates_2000_nodes_1235_edges_1748_component_0.edges'
# initialize tNodeEmbed for dataset=PPI, test_size=0.2
# load dataset
# fit
# tNodeEmbed
Epoch 1/25

 1/67 [..............................] - ETA: 4:32 - loss: 0.6913 - accuracy: 0.6250
 6/67 [=>............................] - ETA: 0s - loss: 0.6854 - accuracy: 0.5729  
14/67 [=====>........................] - ETA: 0s - loss: 0.6765 - accuracy: 0.6250
22/67 [========>.....................] - ETA: 0s - loss: 0.6646 - accuracy: 0.6463
31/67 [============>.................] - ETA: 0s - loss: 0.6534 - accuracy: 0.6522
41/67 [=================>............] - ETA: 0s - loss: 0.6505 - accuracy: 0.6631
51/67 [=====================>........] - ETA: 0s - loss: 0.6447 - accuracy: 0.6703
61/67 [==========================>...] - ETA: 0s - loss: 0.6359 - accuracy: 0.6793
67/67 [==============================] - 5s 6ms/step - loss: 0.6322 - accuracy: 0.6813
Epoch 2/25

 1/67 [..............................] - ETA: 0s - loss: 0.5800 - accuracy: 0.7188
10/67 [===>..........................] - ETA: 0s - loss: 0.5540 - accuracy: 0.7750
20/67 [=======>......................] - ETA: 0s - loss: 0.5592 - accuracy: 0.7563
30/67 [============>.................] - ETA: 0s - loss: 0.5604 - accuracy: 0.7469
40/67 [================>.............] - ETA: 0s - loss: 0.5581 - accuracy: 0.7422
50/67 [=====================>........] - ETA: 0s - loss: 0.5518 - accuracy: 0.7450
59/67 [=========================>....] - ETA: 0s - loss: 0.5509 - accuracy: 0.7421
67/67 [==============================] - 0s 5ms/step - loss: 0.5468 - accuracy: 0.7438
Epoch 3/25

 1/67 [..............................] - ETA: 0s - loss: 0.5400 - accuracy: 0.8125
 9/67 [===>..........................] - ETA: 0s - loss: 0.4699 - accuracy: 0.7778
17/67 [======>.......................] - ETA: 0s - loss: 0.4887 - accuracy: 0.7739
26/67 [==========>...................] - ETA: 0s - loss: 0.4847 - accuracy: 0.7776
35/67 [==============>...............] - ETA: 0s - loss: 0.4913 - accuracy: 0.7741
45/67 [===================>..........] - ETA: 0s - loss: 0.4916 - accuracy: 0.7708
54/67 [=======================>......] - ETA: 0s - loss: 0.4904 - accuracy: 0.7703
64/67 [===========================>..] - ETA: 0s - loss: 0.4943 - accuracy: 0.7661
67/67 [==============================] - 0s 6ms/step - loss: 0.4937 - accuracy: 0.7676
Epoch 4/25

 1/67 [..............................] - ETA: 0s - loss: 0.5525 - accuracy: 0.6875
10/67 [===>..........................] - ETA: 0s - loss: 0.4469 - accuracy: 0.8125
21/67 [========>.....................] - ETA: 0s - loss: 0.4665 - accuracy: 0.7887
30/67 [============>.................] - ETA: 0s - loss: 0.4685 - accuracy: 0.7917
40/67 [================>.............] - ETA: 0s - loss: 0.4610 - accuracy: 0.7977
49/67 [====================>.........] - ETA: 0s - loss: 0.4634 - accuracy: 0.7908
58/67 [========================>.....] - ETA: 0s - loss: 0.4628 - accuracy: 0.7958
67/67 [==============================] - 0s 5ms/step - loss: 0.4515 - accuracy: 0.8035
Epoch 5/25

 1/67 [..............................] - ETA: 0s - loss: 0.3547 - accuracy: 0.8750
11/67 [===>..........................] - ETA: 0s - loss: 0.3802 - accuracy: 0.8523
22/67 [========>.....................] - ETA: 0s - loss: 0.3816 - accuracy: 0.8480
32/67 [=============>................] - ETA: 0s - loss: 0.4000 - accuracy: 0.8438
42/67 [=================>............] - ETA: 0s - loss: 0.4142 - accuracy: 0.8363
54/67 [=======================>......] - ETA: 0s - loss: 0.4153 - accuracy: 0.8310
64/67 [===========================>..] - ETA: 0s - loss: 0.4184 - accuracy: 0.8291
67/67 [==============================] - 0s 5ms/step - loss: 0.4180 - accuracy: 0.8292
Epoch 6/25

 1/67 [..............................] - ETA: 0s - loss: 0.4204 - accuracy: 0.7812
11/67 [===>..........................] - ETA: 0s - loss: 0.3734 - accuracy: 0.8494
23/67 [=========>....................] - ETA: 0s - loss: 0.3811 - accuracy: 0.8397
35/67 [==============>...............] - ETA: 0s - loss: 0.3746 - accuracy: 0.8455
46/67 [===================>..........] - ETA: 0s - loss: 0.3722 - accuracy: 0.8492
57/67 [========================>.....] - ETA: 0s - loss: 0.3752 - accuracy: 0.8470
65/67 [============================>.] - ETA: 0s - loss: 0.3810 - accuracy: 0.8438
67/67 [==============================] - 0s 5ms/step - loss: 0.3831 - accuracy: 0.8413
Epoch 7/25

 1/67 [..............................] - ETA: 0s - loss: 0.4141 - accuracy: 0.8125
 9/67 [===>..........................] - ETA: 0s - loss: 0.3379 - accuracy: 0.8715
19/67 [=======>......................] - ETA: 0s - loss: 0.3295 - accuracy: 0.8799
29/67 [===========>..................] - ETA: 0s - loss: 0.3317 - accuracy: 0.8772
39/67 [================>.............] - ETA: 0s - loss: 0.3267 - accuracy: 0.8790
48/67 [====================>.........] - ETA: 0s - loss: 0.3355 - accuracy: 0.8750
56/67 [========================>.....] - ETA: 0s - loss: 0.3448 - accuracy: 0.8677
66/67 [============================>.] - ETA: 0s - loss: 0.3510 - accuracy: 0.8645
67/67 [==============================] - 0s 6ms/step - loss: 0.3505 - accuracy: 0.8651
Epoch 8/25

 1/67 [..............................] - ETA: 0s - loss: 0.4338 - accuracy: 0.8125
11/67 [===>..........................] - ETA: 0s - loss: 0.2832 - accuracy: 0.9062
21/67 [========>.....................] - ETA: 0s - loss: 0.2948 - accuracy: 0.8988
31/67 [============>.................] - ETA: 0s - loss: 0.3071 - accuracy: 0.8851
40/67 [================>.............] - ETA: 0s - loss: 0.3118 - accuracy: 0.8781
49/67 [====================>.........] - ETA: 0s - loss: 0.3170 - accuracy: 0.8724
58/67 [========================>.....] - ETA: 0s - loss: 0.3307 - accuracy: 0.8648
67/67 [==============================] - ETA: 0s - loss: 0.3283 - accuracy: 0.8651
67/67 [==============================] - 0s 6ms/step - loss: 0.3283 - accuracy: 0.8651
Epoch 9/25

 1/67 [..............................] - ETA: 0s - loss: 0.2296 - accuracy: 0.9375
10/67 [===>..........................] - ETA: 0s - loss: 0.3072 - accuracy: 0.8813
19/67 [=======>......................] - ETA: 0s - loss: 0.3102 - accuracy: 0.8701
27/67 [===========>..................] - ETA: 0s - loss: 0.2938 - accuracy: 0.8796
35/67 [==============>...............] - ETA: 0s - loss: 0.2977 - accuracy: 0.8804
46/67 [===================>..........] - ETA: 0s - loss: 0.3021 - accuracy: 0.8791
57/67 [========================>.....] - ETA: 0s - loss: 0.3038 - accuracy: 0.8788
67/67 [==============================] - ETA: 0s - loss: 0.3083 - accuracy: 0.8749
67/67 [==============================] - 0s 6ms/step - loss: 0.3083 - accuracy: 0.8749
Epoch 10/25

 1/67 [..............................] - ETA: 0s - loss: 0.1950 - accuracy: 0.9375
11/67 [===>..........................] - ETA: 0s - loss: 0.2584 - accuracy: 0.8949
21/67 [========>.....................] - ETA: 0s - loss: 0.2812 - accuracy: 0.8884
31/67 [============>.................] - ETA: 0s - loss: 0.2828 - accuracy: 0.8871
40/67 [================>.............] - ETA: 0s - loss: 0.2744 - accuracy: 0.8906
50/67 [=====================>........] - ETA: 0s - loss: 0.2830 - accuracy: 0.8838
60/67 [=========================>....] - ETA: 0s - loss: 0.2904 - accuracy: 0.8792
67/67 [==============================] - 0s 5ms/step - loss: 0.2839 - accuracy: 0.8847
Epoch 11/25

 1/67 [..............................] - ETA: 0s - loss: 0.1770 - accuracy: 0.9688
13/67 [====>.........................] - ETA: 0s - loss: 0.2523 - accuracy: 0.8990
23/67 [=========>....................] - ETA: 0s - loss: 0.2593 - accuracy: 0.8967
32/67 [=============>................] - ETA: 0s - loss: 0.2542 - accuracy: 0.9023
41/67 [=================>............] - ETA: 0s - loss: 0.2648 - accuracy: 0.8979
48/67 [====================>.........] - ETA: 0s - loss: 0.2665 - accuracy: 0.8939
56/67 [========================>.....] - ETA: 0s - loss: 0.2692 - accuracy: 0.8906
64/67 [===========================>..] - ETA: 0s - loss: 0.2735 - accuracy: 0.8872
67/67 [==============================] - 0s 6ms/step - loss: 0.2731 - accuracy: 0.8875
Epoch 12/25

 1/67 [..............................] - ETA: 0s - loss: 0.4750 - accuracy: 0.7500
10/67 [===>..........................] - ETA: 0s - loss: 0.2794 - accuracy: 0.8813
21/67 [========>.....................] - ETA: 0s - loss: 0.2348 - accuracy: 0.9077
33/67 [=============>................] - ETA: 0s - loss: 0.2545 - accuracy: 0.8977
43/67 [==================>...........] - ETA: 0s - loss: 0.2581 - accuracy: 0.8946
53/67 [======================>.......] - ETA: 0s - loss: 0.2650 - accuracy: 0.8897
63/67 [===========================>..] - ETA: 0s - loss: 0.2650 - accuracy: 0.8914
67/67 [==============================] - 0s 5ms/step - loss: 0.2635 - accuracy: 0.8922
Epoch 13/25

 1/67 [..............................] - ETA: 0s - loss: 0.2847 - accuracy: 0.8750
10/67 [===>..........................] - ETA: 0s - loss: 0.2397 - accuracy: 0.9031
20/67 [=======>......................] - ETA: 0s - loss: 0.2410 - accuracy: 0.9031
30/67 [============>.................] - ETA: 0s - loss: 0.2402 - accuracy: 0.9021
40/67 [================>.............] - ETA: 0s - loss: 0.2496 - accuracy: 0.8945
49/67 [====================>.........] - ETA: 0s - loss: 0.2511 - accuracy: 0.8941
51/67 [=====================>........] - ETA: 0s - loss: 0.2549 - accuracy: 0.8922
56/67 [========================>.....] - ETA: 0s - loss: 0.2577 - accuracy: 0.8923
65/67 [============================>.] - ETA: 0s - loss: 0.2524 - accuracy: 0.8947
67/67 [==============================] - 0s 7ms/step - loss: 0.2532 - accuracy: 0.8941
Epoch 14/25

 1/67 [..............................] - ETA: 0s - loss: 0.3083 - accuracy: 0.9062
11/67 [===>..........................] - ETA: 0s - loss: 0.2503 - accuracy: 0.9006
22/67 [========>.....................] - ETA: 0s - loss: 0.2427 - accuracy: 0.9048
30/67 [============>.................] - ETA: 0s - loss: 0.2445 - accuracy: 0.9042
40/67 [================>.............] - ETA: 0s - loss: 0.2463 - accuracy: 0.9008
51/67 [=====================>........] - ETA: 0s - loss: 0.2482 - accuracy: 0.9013
61/67 [==========================>...] - ETA: 0s - loss: 0.2543 - accuracy: 0.8955
67/67 [==============================] - 0s 5ms/step - loss: 0.2552 - accuracy: 0.8941
Epoch 15/25

 1/67 [..............................] - ETA: 0s - loss: 0.3134 - accuracy: 0.8750
11/67 [===>..........................] - ETA: 0s - loss: 0.2327 - accuracy: 0.9148
21/67 [========>.....................] - ETA: 0s - loss: 0.2469 - accuracy: 0.9018
32/67 [=============>................] - ETA: 0s - loss: 0.2388 - accuracy: 0.9072
40/67 [================>.............] - ETA: 0s - loss: 0.2336 - accuracy: 0.9094
50/67 [=====================>........] - ETA: 0s - loss: 0.2388 - accuracy: 0.9050
60/67 [=========================>....] - ETA: 0s - loss: 0.2432 - accuracy: 0.9005
67/67 [==============================] - 0s 5ms/step - loss: 0.2441 - accuracy: 0.8997
Epoch 16/25

 1/67 [..............................] - ETA: 0s - loss: 0.1926 - accuracy: 0.9375
10/67 [===>..........................] - ETA: 0s - loss: 0.2530 - accuracy: 0.8969
20/67 [=======>......................] - ETA: 0s - loss: 0.2548 - accuracy: 0.9000
29/67 [===========>..................] - ETA: 0s - loss: 0.2414 - accuracy: 0.9052
38/67 [================>.............] - ETA: 0s - loss: 0.2370 - accuracy: 0.9079
47/67 [====================>.........] - ETA: 0s - loss: 0.2465 - accuracy: 0.9009
56/67 [========================>.....] - ETA: 0s - loss: 0.2455 - accuracy: 0.9012
65/67 [============================>.] - ETA: 0s - loss: 0.2390 - accuracy: 0.9038
67/67 [==============================] - 0s 6ms/step - loss: 0.2376 - accuracy: 0.9043
Epoch 17/25

 1/67 [..............................] - ETA: 0s - loss: 0.2369 - accuracy: 0.9062
10/67 [===>..........................] - ETA: 0s - loss: 0.2209 - accuracy: 0.9031
19/67 [=======>......................] - ETA: 0s - loss: 0.2295 - accuracy: 0.8964
28/67 [===========>..................] - ETA: 0s - loss: 0.2292 - accuracy: 0.8940
38/67 [================>.............] - ETA: 0s - loss: 0.2412 - accuracy: 0.8898
49/67 [====================>.........] - ETA: 0s - loss: 0.2402 - accuracy: 0.8941
58/67 [========================>.....] - ETA: 0s - loss: 0.2416 - accuracy: 0.8922
67/67 [==============================] - ETA: 0s - loss: 0.2333 - accuracy: 0.8992
67/67 [==============================] - 0s 6ms/step - loss: 0.2333 - accuracy: 0.8992
Epoch 18/25

 1/67 [..............................] - ETA: 0s - loss: 0.2733 - accuracy: 0.8750
12/67 [====>.........................] - ETA: 0s - loss: 0.2243 - accuracy: 0.9010
24/67 [=========>....................] - ETA: 0s - loss: 0.2216 - accuracy: 0.9049
34/67 [==============>...............] - ETA: 0s - loss: 0.2208 - accuracy: 0.9072
46/67 [===================>..........] - ETA: 0s - loss: 0.2181 - accuracy: 0.9090
56/67 [========================>.....] - ETA: 0s - loss: 0.2268 - accuracy: 0.9035
66/67 [============================>.] - ETA: 0s - loss: 0.2336 - accuracy: 0.8991
67/67 [==============================] - 0s 5ms/step - loss: 0.2345 - accuracy: 0.8983
Epoch 19/25

 1/67 [..............................] - ETA: 0s - loss: 0.1464 - accuracy: 0.9375
12/67 [====>.........................] - ETA: 0s - loss: 0.2149 - accuracy: 0.9062
23/67 [=========>....................] - ETA: 0s - loss: 0.2175 - accuracy: 0.9076
34/67 [==============>...............] - ETA: 0s - loss: 0.2111 - accuracy: 0.9127
43/67 [==================>...........] - ETA: 0s - loss: 0.2094 - accuracy: 0.9113
52/67 [======================>.......] - ETA: 0s - loss: 0.2211 - accuracy: 0.9062
61/67 [==========================>...] - ETA: 0s - loss: 0.2233 - accuracy: 0.9042
67/67 [==============================] - 0s 5ms/step - loss: 0.2312 - accuracy: 0.9001
Epoch 20/25

 1/67 [..............................] - ETA: 0s - loss: 0.1465 - accuracy: 0.9688
10/67 [===>..........................] - ETA: 0s - loss: 0.2459 - accuracy: 0.8969
21/67 [========>.....................] - ETA: 0s - loss: 0.2091 - accuracy: 0.9182
31/67 [============>.................] - ETA: 0s - loss: 0.2144 - accuracy: 0.9113
41/67 [=================>............] - ETA: 0s - loss: 0.2203 - accuracy: 0.9055
51/67 [=====================>........] - ETA: 0s - loss: 0.2226 - accuracy: 0.9032
60/67 [=========================>....] - ETA: 0s - loss: 0.2207 - accuracy: 0.9042
67/67 [==============================] - 0s 5ms/step - loss: 0.2256 - accuracy: 0.9015
Epoch 21/25

 1/67 [..............................] - ETA: 0s - loss: 0.2654 - accuracy: 0.8750
 9/67 [===>..........................] - ETA: 0s - loss: 0.1677 - accuracy: 0.9340
19/67 [=======>......................] - ETA: 0s - loss: 0.2104 - accuracy: 0.9046
28/67 [===========>..................] - ETA: 0s - loss: 0.2151 - accuracy: 0.9029
38/67 [================>.............] - ETA: 0s - loss: 0.2329 - accuracy: 0.8997
49/67 [====================>.........] - ETA: 0s - loss: 0.2295 - accuracy: 0.9018
58/67 [========================>.....] - ETA: 0s - loss: 0.2306 - accuracy: 0.9019
66/67 [============================>.] - ETA: 0s - loss: 0.2326 - accuracy: 0.8991
67/67 [==============================] - 0s 6ms/step - loss: 0.2342 - accuracy: 0.8978
Epoch 22/25

 1/67 [..............................] - ETA: 0s - loss: 0.2540 - accuracy: 0.9062
11/67 [===>..........................] - ETA: 0s - loss: 0.2092 - accuracy: 0.9148
21/67 [========>.....................] - ETA: 0s - loss: 0.2260 - accuracy: 0.9018
31/67 [============>.................] - ETA: 0s - loss: 0.2231 - accuracy: 0.9042
40/67 [================>.............] - ETA: 0s - loss: 0.2297 - accuracy: 0.8992
49/67 [====================>.........] - ETA: 0s - loss: 0.2261 - accuracy: 0.9005
58/67 [========================>.....] - ETA: 0s - loss: 0.2211 - accuracy: 0.9030
67/67 [==============================] - ETA: 0s - loss: 0.2233 - accuracy: 0.9015
67/67 [==============================] - 0s 6ms/step - loss: 0.2233 - accuracy: 0.9015
Epoch 23/25

 1/67 [..............................] - ETA: 0s - loss: 0.3902 - accuracy: 0.7812
10/67 [===>..........................] - ETA: 0s - loss: 0.2260 - accuracy: 0.9031
20/67 [=======>......................] - ETA: 0s - loss: 0.2301 - accuracy: 0.8969
29/67 [===========>..................] - ETA: 0s - loss: 0.2316 - accuracy: 0.8944
39/67 [================>.............] - ETA: 0s - loss: 0.2238 - accuracy: 0.9014
48/67 [====================>.........] - ETA: 0s - loss: 0.2229 - accuracy: 0.9017
57/67 [========================>.....] - ETA: 0s - loss: 0.2225 - accuracy: 0.9035
67/67 [==============================] - ETA: 0s - loss: 0.2199 - accuracy: 0.9053
67/67 [==============================] - 0s 6ms/step - loss: 0.2199 - accuracy: 0.9053
Epoch 24/25

 1/67 [..............................] - ETA: 0s - loss: 0.2580 - accuracy: 0.8750
11/67 [===>..........................] - ETA: 0s - loss: 0.2232 - accuracy: 0.8892
23/67 [=========>....................] - ETA: 0s - loss: 0.2501 - accuracy: 0.8804
35/67 [==============>...............] - ETA: 0s - loss: 0.2334 - accuracy: 0.8929
46/67 [===================>..........] - ETA: 0s - loss: 0.2300 - accuracy: 0.8967
56/67 [========================>.....] - ETA: 0s - loss: 0.2269 - accuracy: 0.8996
65/67 [============================>.] - ETA: 0s - loss: 0.2221 - accuracy: 0.9019
67/67 [==============================] - 0s 5ms/step - loss: 0.2234 - accuracy: 0.9006
Epoch 25/25

 1/67 [..............................] - ETA: 0s - loss: 0.1757 - accuracy: 0.9375
10/67 [===>..........................] - ETA: 0s - loss: 0.2478 - accuracy: 0.8875
20/67 [=======>......................] - ETA: 0s - loss: 0.2433 - accuracy: 0.8891
29/67 [===========>..................] - ETA: 0s - loss: 0.2319 - accuracy: 0.8933
38/67 [================>.............] - ETA: 0s - loss: 0.2282 - accuracy: 0.8988
47/67 [====================>.........] - ETA: 0s - loss: 0.2310 - accuracy: 0.8963
57/67 [========================>.....] - ETA: 0s - loss: 0.2215 - accuracy: 0.9019
67/67 [==============================] - ETA: 0s - loss: 0.2215 - accuracy: 0.9025
67/67 [==============================] - 0s 6ms/step - loss: 0.2215 - accuracy: 0.9025
# node2vec
Epoch 1/25

 1/67 [..............................] - ETA: 1:14 - loss: 0.7036 - accuracy: 0.5938
11/67 [===>..........................] - ETA: 0s - loss: 0.6770 - accuracy: 0.5852  
20/67 [=======>......................] - ETA: 0s - loss: 0.6604 - accuracy: 0.6250
32/67 [=============>................] - ETA: 0s - loss: 0.6461 - accuracy: 0.6484
46/67 [===================>..........] - ETA: 0s - loss: 0.6452 - accuracy: 0.6617
62/67 [==========================>...] - ETA: 0s - loss: 0.6336 - accuracy: 0.6794
67/67 [==============================] - 1s 4ms/step - loss: 0.6308 - accuracy: 0.6832
Epoch 2/25

 1/67 [..............................] - ETA: 0s - loss: 0.5290 - accuracy: 0.7500
10/67 [===>..........................] - ETA: 0s - loss: 0.5368 - accuracy: 0.7469
20/67 [=======>......................] - ETA: 0s - loss: 0.5552 - accuracy: 0.7437
31/67 [============>.................] - ETA: 0s - loss: 0.5537 - accuracy: 0.7419
41/67 [=================>............] - ETA: 0s - loss: 0.5560 - accuracy: 0.7439
49/67 [====================>.........] - ETA: 0s - loss: 0.5539 - accuracy: 0.7417
58/67 [========================>.....] - ETA: 0s - loss: 0.5527 - accuracy: 0.7452
67/67 [==============================] - ETA: 0s - loss: 0.5503 - accuracy: 0.7448
67/67 [==============================] - 0s 6ms/step - loss: 0.5503 - accuracy: 0.7448
Epoch 3/25

 1/67 [..............................] - ETA: 0s - loss: 0.5132 - accuracy: 0.8438
10/67 [===>..........................] - ETA: 0s - loss: 0.4755 - accuracy: 0.8000
20/67 [=======>......................] - ETA: 0s - loss: 0.4975 - accuracy: 0.7766
29/67 [===========>..................] - ETA: 0s - loss: 0.4896 - accuracy: 0.7877
42/67 [=================>............] - ETA: 0s - loss: 0.4960 - accuracy: 0.7835
53/67 [======================>.......] - ETA: 0s - loss: 0.4986 - accuracy: 0.7789
58/67 [========================>.....] - ETA: 0s - loss: 0.4991 - accuracy: 0.7791
67/67 [==============================] - 0s 6ms/step - loss: 0.4998 - accuracy: 0.7811
Epoch 4/25

 1/67 [..............................] - ETA: 0s - loss: 0.4446 - accuracy: 0.7812
11/67 [===>..........................] - ETA: 0s - loss: 0.4714 - accuracy: 0.7784
24/67 [=========>....................] - ETA: 0s - loss: 0.4624 - accuracy: 0.8008
40/67 [================>.............] - ETA: 0s - loss: 0.4675 - accuracy: 0.7937
51/67 [=====================>........] - ETA: 0s - loss: 0.4644 - accuracy: 0.7941
62/67 [==========================>...] - ETA: 0s - loss: 0.4648 - accuracy: 0.7984
67/67 [==============================] - 0s 4ms/step - loss: 0.4629 - accuracy: 0.8012
Epoch 5/25

 1/67 [..............................] - ETA: 0s - loss: 0.4072 - accuracy: 0.8438
16/67 [======>.......................] - ETA: 0s - loss: 0.4285 - accuracy: 0.8203
33/67 [=============>................] - ETA: 0s - loss: 0.4344 - accuracy: 0.8182
49/67 [====================>.........] - ETA: 0s - loss: 0.4409 - accuracy: 0.8125
67/67 [==============================] - ETA: 0s - loss: 0.4514 - accuracy: 0.8040
67/67 [==============================] - 0s 3ms/step - loss: 0.4514 - accuracy: 0.8040
Epoch 6/25

 1/67 [..............................] - ETA: 0s - loss: 0.3891 - accuracy: 0.8438
14/67 [=====>........................] - ETA: 0s - loss: 0.4155 - accuracy: 0.8415
27/67 [===========>..................] - ETA: 0s - loss: 0.4283 - accuracy: 0.8241
35/67 [==============>...............] - ETA: 0s - loss: 0.4349 - accuracy: 0.8214
46/67 [===================>..........] - ETA: 0s - loss: 0.4352 - accuracy: 0.8220
58/67 [========================>.....] - ETA: 0s - loss: 0.4325 - accuracy: 0.8190
67/67 [==============================] - 0s 5ms/step - loss: 0.4256 - accuracy: 0.8255
Epoch 7/25

 1/67 [..............................] - ETA: 0s - loss: 0.4177 - accuracy: 0.8750
10/67 [===>..........................] - ETA: 0s - loss: 0.4003 - accuracy: 0.8438
20/67 [=======>......................] - ETA: 0s - loss: 0.4029 - accuracy: 0.8375
36/67 [===============>..............] - ETA: 0s - loss: 0.4068 - accuracy: 0.8316
52/67 [======================>.......] - ETA: 0s - loss: 0.4062 - accuracy: 0.8371
65/67 [============================>.] - ETA: 0s - loss: 0.4099 - accuracy: 0.8327
67/67 [==============================] - 0s 4ms/step - loss: 0.4098 - accuracy: 0.8325
Epoch 8/25

 1/67 [..............................] - ETA: 0s - loss: 0.3660 - accuracy: 0.8750
14/67 [=====>........................] - ETA: 0s - loss: 0.3848 - accuracy: 0.8504
20/67 [=======>......................] - ETA: 0s - loss: 0.3749 - accuracy: 0.8547
27/67 [===========>..................] - ETA: 0s - loss: 0.3783 - accuracy: 0.8565
34/67 [==============>...............] - ETA: 0s - loss: 0.3881 - accuracy: 0.8456
47/67 [====================>.........] - ETA: 0s - loss: 0.3932 - accuracy: 0.8398
58/67 [========================>.....] - ETA: 0s - loss: 0.3912 - accuracy: 0.8411
67/67 [==============================] - 0s 6ms/step - loss: 0.3885 - accuracy: 0.8446
Epoch 9/25

 1/67 [..............................] - ETA: 0s - loss: 0.3927 - accuracy: 0.8125
11/67 [===>..........................] - ETA: 0s - loss: 0.3966 - accuracy: 0.8295
18/67 [=======>......................] - ETA: 0s - loss: 0.3939 - accuracy: 0.8420
29/67 [===========>..................] - ETA: 0s - loss: 0.3846 - accuracy: 0.8481
43/67 [==================>...........] - ETA: 0s - loss: 0.3816 - accuracy: 0.8510
51/67 [=====================>........] - ETA: 0s - loss: 0.3775 - accuracy: 0.8548
64/67 [===========================>..] - ETA: 0s - loss: 0.3752 - accuracy: 0.8525
67/67 [==============================] - 0s 5ms/step - loss: 0.3753 - accuracy: 0.8511
Epoch 10/25

 1/67 [..............................] - ETA: 0s - loss: 0.4478 - accuracy: 0.8125
13/67 [====>.........................] - ETA: 0s - loss: 0.3475 - accuracy: 0.8606
26/67 [==========>...................] - ETA: 0s - loss: 0.3541 - accuracy: 0.8570
35/67 [==============>...............] - ETA: 0s - loss: 0.3579 - accuracy: 0.8554
45/67 [===================>..........] - ETA: 0s - loss: 0.3546 - accuracy: 0.8562
52/67 [======================>.......] - ETA: 0s - loss: 0.3607 - accuracy: 0.8504
58/67 [========================>.....] - ETA: 0s - loss: 0.3605 - accuracy: 0.8529
65/67 [============================>.] - ETA: 0s - loss: 0.3621 - accuracy: 0.8510
67/67 [==============================] - 0s 6ms/step - loss: 0.3593 - accuracy: 0.8530
Epoch 11/25

 1/67 [..............................] - ETA: 0s - loss: 0.2934 - accuracy: 0.9375
14/67 [=====>........................] - ETA: 0s - loss: 0.3457 - accuracy: 0.8772
24/67 [=========>....................] - ETA: 0s - loss: 0.3418 - accuracy: 0.8763
34/67 [==============>...............] - ETA: 0s - loss: 0.3404 - accuracy: 0.8768
42/67 [=================>............] - ETA: 0s - loss: 0.3404 - accuracy: 0.8750
55/67 [=======================>......] - ETA: 0s - loss: 0.3461 - accuracy: 0.8710
67/67 [==============================] - 0s 5ms/step - loss: 0.3483 - accuracy: 0.8642
Epoch 12/25

 1/67 [..............................] - ETA: 0s - loss: 0.4487 - accuracy: 0.7812
18/67 [=======>......................] - ETA: 0s - loss: 0.3354 - accuracy: 0.8698
36/67 [===============>..............] - ETA: 0s - loss: 0.3248 - accuracy: 0.8802
54/67 [=======================>......] - ETA: 0s - loss: 0.3321 - accuracy: 0.8750
67/67 [==============================] - 0s 3ms/step - loss: 0.3321 - accuracy: 0.8735
Epoch 13/25

 1/67 [..............................] - ETA: 0s - loss: 0.2076 - accuracy: 0.9688
13/67 [====>.........................] - ETA: 0s - loss: 0.3143 - accuracy: 0.8798
24/67 [=========>....................] - ETA: 0s - loss: 0.3167 - accuracy: 0.8776
36/67 [===============>..............] - ETA: 0s - loss: 0.3113 - accuracy: 0.8819
47/67 [====================>.........] - ETA: 0s - loss: 0.3143 - accuracy: 0.8777
62/67 [==========================>...] - ETA: 0s - loss: 0.3192 - accuracy: 0.8765
67/67 [==============================] - 0s 4ms/step - loss: 0.3209 - accuracy: 0.8763
Epoch 14/25

 1/67 [..............................] - ETA: 0s - loss: 0.2077 - accuracy: 0.9688
13/67 [====>.........................] - ETA: 0s - loss: 0.3035 - accuracy: 0.8966
24/67 [=========>....................] - ETA: 0s - loss: 0.3038 - accuracy: 0.8906
33/67 [=============>................] - ETA: 0s - loss: 0.3121 - accuracy: 0.8835
48/67 [====================>.........] - ETA: 0s - loss: 0.3071 - accuracy: 0.8841
62/67 [==========================>...] - ETA: 0s - loss: 0.3068 - accuracy: 0.8821
67/67 [==============================] - 0s 4ms/step - loss: 0.3101 - accuracy: 0.8791
Epoch 15/25

 1/67 [..............................] - ETA: 0s - loss: 0.3615 - accuracy: 0.8750
11/67 [===>..........................] - ETA: 0s - loss: 0.3154 - accuracy: 0.8750
24/67 [=========>....................] - ETA: 0s - loss: 0.2939 - accuracy: 0.8854
37/67 [===============>..............] - ETA: 0s - loss: 0.3048 - accuracy: 0.8784
49/67 [====================>.........] - ETA: 0s - loss: 0.3008 - accuracy: 0.8827
60/67 [=========================>....] - ETA: 0s - loss: 0.2979 - accuracy: 0.8839
67/67 [==============================] - 0s 4ms/step - loss: 0.2991 - accuracy: 0.8819
Epoch 16/25

 1/67 [..............................] - ETA: 0s - loss: 0.2637 - accuracy: 0.9375
14/67 [=====>........................] - ETA: 0s - loss: 0.2816 - accuracy: 0.9062
25/67 [==========>...................] - ETA: 0s - loss: 0.2881 - accuracy: 0.8963
33/67 [=============>................] - ETA: 0s - loss: 0.2866 - accuracy: 0.8949
39/67 [================>.............] - ETA: 0s - loss: 0.2886 - accuracy: 0.8926
50/67 [=====================>........] - ETA: 0s - loss: 0.2936 - accuracy: 0.8863
61/67 [==========================>...] - ETA: 0s - loss: 0.2952 - accuracy: 0.8858
67/67 [==============================] - 0s 6ms/step - loss: 0.2933 - accuracy: 0.8875
Epoch 17/25

 1/67 [..............................] - ETA: 0s - loss: 0.3323 - accuracy: 0.8750
 9/67 [===>..........................] - ETA: 0s - loss: 0.2718 - accuracy: 0.9167
16/67 [======>.......................] - ETA: 0s - loss: 0.2760 - accuracy: 0.9082
23/67 [=========>....................] - ETA: 0s - loss: 0.2856 - accuracy: 0.8967
27/67 [===========>..................] - ETA: 0s - loss: 0.2965 - accuracy: 0.8866
32/67 [=============>................] - ETA: 0s - loss: 0.2892 - accuracy: 0.8887
38/67 [================>.............] - ETA: 0s - loss: 0.2928 - accuracy: 0.8857
44/67 [==================>...........] - ETA: 0s - loss: 0.2894 - accuracy: 0.8885
53/67 [======================>.......] - ETA: 0s - loss: 0.2890 - accuracy: 0.8892
67/67 [==============================] - ETA: 0s - loss: 0.2846 - accuracy: 0.8922
67/67 [==============================] - 1s 8ms/step - loss: 0.2846 - accuracy: 0.8922
Epoch 18/25

 1/67 [..............................] - ETA: 0s - loss: 0.3991 - accuracy: 0.8438
11/67 [===>..........................] - ETA: 0s - loss: 0.2540 - accuracy: 0.9034
22/67 [========>.....................] - ETA: 0s - loss: 0.2550 - accuracy: 0.9034
35/67 [==============>...............] - ETA: 0s - loss: 0.2568 - accuracy: 0.9045
51/67 [=====================>........] - ETA: 0s - loss: 0.2641 - accuracy: 0.8995
67/67 [==============================] - ETA: 0s - loss: 0.2777 - accuracy: 0.8899
67/67 [==============================] - 0s 4ms/step - loss: 0.2777 - accuracy: 0.8899
Epoch 19/25

 1/67 [..............................] - ETA: 0s - loss: 0.2097 - accuracy: 0.9688
19/67 [=======>......................] - ETA: 0s - loss: 0.2554 - accuracy: 0.9062
30/67 [============>.................] - ETA: 0s - loss: 0.2659 - accuracy: 0.8969
41/67 [=================>............] - ETA: 0s - loss: 0.2731 - accuracy: 0.8933
50/67 [=====================>........] - ETA: 0s - loss: 0.2692 - accuracy: 0.8963
62/67 [==========================>...] - ETA: 0s - loss: 0.2727 - accuracy: 0.8921
67/67 [==============================] - 0s 4ms/step - loss: 0.2701 - accuracy: 0.8955
Epoch 20/25

 1/67 [..............................] - ETA: 0s - loss: 0.2758 - accuracy: 0.9375
17/67 [======>.......................] - ETA: 0s - loss: 0.2640 - accuracy: 0.8989
31/67 [============>.................] - ETA: 0s - loss: 0.2551 - accuracy: 0.9052
42/67 [=================>............] - ETA: 0s - loss: 0.2601 - accuracy: 0.9055
48/67 [====================>.........] - ETA: 0s - loss: 0.2638 - accuracy: 0.9010
52/67 [======================>.......] - ETA: 0s - loss: 0.2657 - accuracy: 0.8990
53/67 [======================>.......] - ETA: 0s - loss: 0.2653 - accuracy: 0.8992
63/67 [===========================>..] - ETA: 0s - loss: 0.2665 - accuracy: 0.8968
67/67 [==============================] - 0s 6ms/step - loss: 0.2636 - accuracy: 0.8992
Epoch 21/25

 1/67 [..............................] - ETA: 0s - loss: 0.2878 - accuracy: 0.8750
17/67 [======>.......................] - ETA: 0s - loss: 0.2813 - accuracy: 0.8805
32/67 [=============>................] - ETA: 0s - loss: 0.2724 - accuracy: 0.8867
44/67 [==================>...........] - ETA: 0s - loss: 0.2682 - accuracy: 0.8906
48/67 [====================>.........] - ETA: 0s - loss: 0.2675 - accuracy: 0.8913
53/67 [======================>.......] - ETA: 0s - loss: 0.2612 - accuracy: 0.8956
64/67 [===========================>..] - ETA: 0s - loss: 0.2622 - accuracy: 0.8960
67/67 [==============================] - 0s 5ms/step - loss: 0.2592 - accuracy: 0.8973
Epoch 22/25

 1/67 [..............................] - ETA: 0s - loss: 0.3296 - accuracy: 0.8125
17/67 [======>.......................] - ETA: 0s - loss: 0.2701 - accuracy: 0.8824
30/67 [============>.................] - ETA: 0s - loss: 0.2640 - accuracy: 0.8885
43/67 [==================>...........] - ETA: 0s - loss: 0.2583 - accuracy: 0.8939
62/67 [==========================>...] - ETA: 0s - loss: 0.2567 - accuracy: 0.8972
67/67 [==============================] - 0s 3ms/step - loss: 0.2570 - accuracy: 0.8959
Epoch 23/25

 1/67 [..............................] - ETA: 0s - loss: 0.2632 - accuracy: 0.9062
16/67 [======>.......................] - ETA: 0s - loss: 0.2588 - accuracy: 0.8984
33/67 [=============>................] - ETA: 0s - loss: 0.2595 - accuracy: 0.8958
44/67 [==================>...........] - ETA: 0s - loss: 0.2548 - accuracy: 0.8991
51/67 [=====================>........] - ETA: 0s - loss: 0.2537 - accuracy: 0.9001
57/67 [========================>.....] - ETA: 0s - loss: 0.2477 - accuracy: 0.9041
61/67 [==========================>...] - ETA: 0s - loss: 0.2484 - accuracy: 0.9037
67/67 [==============================] - 0s 6ms/step - loss: 0.2568 - accuracy: 0.8983
Epoch 24/25

 1/67 [..............................] - ETA: 0s - loss: 0.1631 - accuracy: 0.9688
13/67 [====>.........................] - ETA: 0s - loss: 0.2211 - accuracy: 0.9255
25/67 [==========>...................] - ETA: 0s - loss: 0.2441 - accuracy: 0.9075
35/67 [==============>...............] - ETA: 0s - loss: 0.2298 - accuracy: 0.9179
42/67 [=================>............] - ETA: 0s - loss: 0.2379 - accuracy: 0.9107
50/67 [=====================>........] - ETA: 0s - loss: 0.2405 - accuracy: 0.9075
59/67 [=========================>....] - ETA: 0s - loss: 0.2427 - accuracy: 0.9073
67/67 [==============================] - 0s 5ms/step - loss: 0.2474 - accuracy: 0.9048
Epoch 25/25

 1/67 [..............................] - ETA: 0s - loss: 0.1992 - accuracy: 0.9375
13/67 [====>.........................] - ETA: 0s - loss: 0.2399 - accuracy: 0.9111
27/67 [===========>..................] - ETA: 0s - loss: 0.2378 - accuracy: 0.9097
43/67 [==================>...........] - ETA: 0s - loss: 0.2445 - accuracy: 0.9033
59/67 [=========================>....] - ETA: 0s - loss: 0.2444 - accuracy: 0.9025
67/67 [==============================] - 0s 4ms/step - loss: 0.2456 - accuracy: 0.9034
# predict: steps=1872
# predict: tnodeembed_metrics
# predict: node2vec_metrics
tnodeembed: {'auc': 0.669735076195962, 'f1_micro': 0.6520606505911428, 'f1_macro': 0.6486103057632653} tNodeEmbed_final_loss=0.2214980125427246 tNodeEmbed_final_accuracy=0.9024731516838074 
node2vec: {'auc': 0.6773235125638063, 'f1_micro': 0.6583895531360631, 'f1_macro': 0.6520598534629962} node2vec_final_loss=0.24563609063625336 node2vec_final_accuracy=0.9034064412117004 
