# load graph
Processing Static file: filename='interactions_with_dates_1991_nodes_11_edges_10_component_0.edges'
# initialize tNodeEmbed for dataset=PPI, test_size=0.2
# load dataset
# fit
# tNodeEmbed
Epoch 1/25

 1/67 [..............................] - ETA: 3:15 - loss: 0.6897 - accuracy: 0.5312
 9/67 [===>..........................] - ETA: 0s - loss: 0.6821 - accuracy: 0.5278  
21/67 [========>.....................] - ETA: 0s - loss: 0.6741 - accuracy: 0.4955
33/67 [=============>................] - ETA: 0s - loss: 0.6653 - accuracy: 0.5237
45/67 [===================>..........] - ETA: 0s - loss: 0.6671 - accuracy: 0.5451
58/67 [========================>.....] - ETA: 0s - loss: 0.6629 - accuracy: 0.5577
67/67 [==============================] - 3s 5ms/step - loss: 0.6592 - accuracy: 0.5632
Epoch 2/25

 1/67 [..............................] - ETA: 0s - loss: 0.6516 - accuracy: 0.5625
15/67 [=====>........................] - ETA: 0s - loss: 0.6630 - accuracy: 0.5854
29/67 [===========>..................] - ETA: 0s - loss: 0.6516 - accuracy: 0.5851
42/67 [=================>............] - ETA: 0s - loss: 0.6491 - accuracy: 0.5811
55/67 [=======================>......] - ETA: 0s - loss: 0.6451 - accuracy: 0.5801
67/67 [==============================] - ETA: 0s - loss: 0.6444 - accuracy: 0.5912
67/67 [==============================] - 0s 4ms/step - loss: 0.6444 - accuracy: 0.5912
Epoch 3/25

 1/67 [..............................] - ETA: 0s - loss: 0.6773 - accuracy: 0.5625
14/67 [=====>........................] - ETA: 0s - loss: 0.6327 - accuracy: 0.6138
26/67 [==========>...................] - ETA: 0s - loss: 0.6416 - accuracy: 0.6058
39/67 [================>.............] - ETA: 0s - loss: 0.6424 - accuracy: 0.5954
52/67 [======================>.......] - ETA: 0s - loss: 0.6379 - accuracy: 0.5925
66/67 [============================>.] - ETA: 0s - loss: 0.6371 - accuracy: 0.5983
67/67 [==============================] - 0s 4ms/step - loss: 0.6371 - accuracy: 0.5982
Epoch 4/25

 1/67 [..............................] - ETA: 0s - loss: 0.6219 - accuracy: 0.6562
14/67 [=====>........................] - ETA: 0s - loss: 0.6359 - accuracy: 0.5960
27/67 [===========>..................] - ETA: 0s - loss: 0.6280 - accuracy: 0.5995
40/67 [================>.............] - ETA: 0s - loss: 0.6269 - accuracy: 0.6062
53/67 [======================>.......] - ETA: 0s - loss: 0.6277 - accuracy: 0.6085
67/67 [==============================] - ETA: 0s - loss: 0.6302 - accuracy: 0.6015
67/67 [==============================] - 0s 4ms/step - loss: 0.6302 - accuracy: 0.6015
Epoch 5/25

 1/67 [..............................] - ETA: 0s - loss: 0.6173 - accuracy: 0.6250
14/67 [=====>........................] - ETA: 0s - loss: 0.6255 - accuracy: 0.5871
27/67 [===========>..................] - ETA: 0s - loss: 0.6233 - accuracy: 0.5961
39/67 [================>.............] - ETA: 0s - loss: 0.6295 - accuracy: 0.5978
51/67 [=====================>........] - ETA: 0s - loss: 0.6268 - accuracy: 0.6011
65/67 [============================>.] - ETA: 0s - loss: 0.6265 - accuracy: 0.6019
67/67 [==============================] - 0s 4ms/step - loss: 0.6282 - accuracy: 0.5992
Epoch 6/25

 1/67 [..............................] - ETA: 0s - loss: 0.5947 - accuracy: 0.6562
14/67 [=====>........................] - ETA: 0s - loss: 0.6270 - accuracy: 0.6317
27/67 [===========>..................] - ETA: 0s - loss: 0.6259 - accuracy: 0.6100
40/67 [================>.............] - ETA: 0s - loss: 0.6230 - accuracy: 0.6062
53/67 [======================>.......] - ETA: 0s - loss: 0.6232 - accuracy: 0.6020
66/67 [============================>.] - ETA: 0s - loss: 0.6215 - accuracy: 0.6073
67/67 [==============================] - 0s 4ms/step - loss: 0.6210 - accuracy: 0.6080
Epoch 7/25

 1/67 [..............................] - ETA: 0s - loss: 0.6078 - accuracy: 0.7188
13/67 [====>.........................] - ETA: 0s - loss: 0.6155 - accuracy: 0.5865
26/67 [==========>...................] - ETA: 0s - loss: 0.6072 - accuracy: 0.6190
38/67 [================>.............] - ETA: 0s - loss: 0.6192 - accuracy: 0.6036
52/67 [======================>.......] - ETA: 0s - loss: 0.6219 - accuracy: 0.6052
65/67 [============================>.] - ETA: 0s - loss: 0.6238 - accuracy: 0.6038
67/67 [==============================] - 0s 4ms/step - loss: 0.6243 - accuracy: 0.6020
Epoch 8/25

 1/67 [..............................] - ETA: 0s - loss: 0.5337 - accuracy: 0.7188
14/67 [=====>........................] - ETA: 0s - loss: 0.5944 - accuracy: 0.6228
26/67 [==========>...................] - ETA: 0s - loss: 0.6070 - accuracy: 0.6142
40/67 [================>.............] - ETA: 0s - loss: 0.6147 - accuracy: 0.6094
53/67 [======================>.......] - ETA: 0s - loss: 0.6178 - accuracy: 0.6050
65/67 [============================>.] - ETA: 0s - loss: 0.6179 - accuracy: 0.6072
67/67 [==============================] - 0s 4ms/step - loss: 0.6188 - accuracy: 0.6043
Epoch 9/25

 1/67 [..............................] - ETA: 0s - loss: 0.6154 - accuracy: 0.5625
11/67 [===>..........................] - ETA: 0s - loss: 0.6256 - accuracy: 0.6023
22/67 [========>.....................] - ETA: 0s - loss: 0.6148 - accuracy: 0.6151
34/67 [==============>...............] - ETA: 0s - loss: 0.6099 - accuracy: 0.6186
46/67 [===================>..........] - ETA: 0s - loss: 0.6148 - accuracy: 0.6135
57/67 [========================>.....] - ETA: 0s - loss: 0.6164 - accuracy: 0.6102
67/67 [==============================] - 0s 5ms/step - loss: 0.6161 - accuracy: 0.6085
Epoch 10/25

 1/67 [..............................] - ETA: 0s - loss: 0.6237 - accuracy: 0.5938
10/67 [===>..........................] - ETA: 0s - loss: 0.6119 - accuracy: 0.6156
22/67 [========>.....................] - ETA: 0s - loss: 0.6071 - accuracy: 0.6321
33/67 [=============>................] - ETA: 0s - loss: 0.6231 - accuracy: 0.5994
44/67 [==================>...........] - ETA: 0s - loss: 0.6235 - accuracy: 0.6016
55/67 [=======================>......] - ETA: 0s - loss: 0.6223 - accuracy: 0.5966
65/67 [============================>.] - ETA: 0s - loss: 0.6178 - accuracy: 0.6038
67/67 [==============================] - 0s 5ms/step - loss: 0.6170 - accuracy: 0.6066
Epoch 11/25

 1/67 [..............................] - ETA: 0s - loss: 0.6389 - accuracy: 0.6250
11/67 [===>..........................] - ETA: 0s - loss: 0.6338 - accuracy: 0.5625
21/67 [========>.....................] - ETA: 0s - loss: 0.6194 - accuracy: 0.5923
31/67 [============>.................] - ETA: 0s - loss: 0.6220 - accuracy: 0.5887
42/67 [=================>............] - ETA: 0s - loss: 0.6197 - accuracy: 0.5975
51/67 [=====================>........] - ETA: 0s - loss: 0.6173 - accuracy: 0.5999
61/67 [==========================>...] - ETA: 0s - loss: 0.6137 - accuracy: 0.6071
67/67 [==============================] - 0s 5ms/step - loss: 0.6132 - accuracy: 0.6090
Epoch 12/25

 1/67 [..............................] - ETA: 0s - loss: 0.6748 - accuracy: 0.5312
13/67 [====>.........................] - ETA: 0s - loss: 0.5981 - accuracy: 0.6490
23/67 [=========>....................] - ETA: 0s - loss: 0.5963 - accuracy: 0.6495
34/67 [==============>...............] - ETA: 0s - loss: 0.6082 - accuracy: 0.6314
44/67 [==================>...........] - ETA: 0s - loss: 0.6131 - accuracy: 0.6179
55/67 [=======================>......] - ETA: 0s - loss: 0.6118 - accuracy: 0.6119
64/67 [===========================>..] - ETA: 0s - loss: 0.6132 - accuracy: 0.6064
67/67 [==============================] - 0s 5ms/step - loss: 0.6134 - accuracy: 0.6062
Epoch 13/25

 1/67 [..............................] - ETA: 0s - loss: 0.5730 - accuracy: 0.5938
12/67 [====>.........................] - ETA: 0s - loss: 0.6118 - accuracy: 0.5990
22/67 [========>.....................] - ETA: 0s - loss: 0.6152 - accuracy: 0.6065
34/67 [==============>...............] - ETA: 0s - loss: 0.6147 - accuracy: 0.6075
47/67 [====================>.........] - ETA: 0s - loss: 0.6099 - accuracy: 0.6157
59/67 [=========================>....] - ETA: 0s - loss: 0.6127 - accuracy: 0.6128
67/67 [==============================] - 0s 5ms/step - loss: 0.6134 - accuracy: 0.6076
Epoch 14/25

 1/67 [..............................] - ETA: 0s - loss: 0.5461 - accuracy: 0.6875
12/67 [====>.........................] - ETA: 0s - loss: 0.6212 - accuracy: 0.5990
23/67 [=========>....................] - ETA: 0s - loss: 0.6119 - accuracy: 0.6073
36/67 [===============>..............] - ETA: 0s - loss: 0.6114 - accuracy: 0.6085
48/67 [====================>.........] - ETA: 0s - loss: 0.6108 - accuracy: 0.6074
59/67 [=========================>....] - ETA: 0s - loss: 0.6102 - accuracy: 0.6091
67/67 [==============================] - 0s 5ms/step - loss: 0.6110 - accuracy: 0.6108
Epoch 15/25

 1/67 [..............................] - ETA: 0s - loss: 0.7318 - accuracy: 0.4062
11/67 [===>..........................] - ETA: 0s - loss: 0.6309 - accuracy: 0.5909
21/67 [========>.....................] - ETA: 0s - loss: 0.6147 - accuracy: 0.6101
33/67 [=============>................] - ETA: 0s - loss: 0.6120 - accuracy: 0.6004
43/67 [==================>...........] - ETA: 0s - loss: 0.6143 - accuracy: 0.6017
54/67 [=======================>......] - ETA: 0s - loss: 0.6103 - accuracy: 0.6042
65/67 [============================>.] - ETA: 0s - loss: 0.6106 - accuracy: 0.6087
67/67 [==============================] - 0s 5ms/step - loss: 0.6123 - accuracy: 0.6085
Epoch 16/25

 1/67 [..............................] - ETA: 0s - loss: 0.5962 - accuracy: 0.6562
12/67 [====>.........................] - ETA: 0s - loss: 0.6212 - accuracy: 0.5859
23/67 [=========>....................] - ETA: 0s - loss: 0.6122 - accuracy: 0.6033
29/67 [===========>..................] - ETA: 0s - loss: 0.6110 - accuracy: 0.6088
35/67 [==============>...............] - ETA: 0s - loss: 0.6074 - accuracy: 0.6089
42/67 [=================>............] - ETA: 0s - loss: 0.6066 - accuracy: 0.6116
49/67 [====================>.........] - ETA: 0s - loss: 0.6098 - accuracy: 0.6084
59/67 [=========================>....] - ETA: 0s - loss: 0.6089 - accuracy: 0.6102
67/67 [==============================] - 0s 7ms/step - loss: 0.6100 - accuracy: 0.6080
Epoch 17/25

 1/67 [..............................] - ETA: 0s - loss: 0.6010 - accuracy: 0.6250
10/67 [===>..........................] - ETA: 0s - loss: 0.6013 - accuracy: 0.5875
20/67 [=======>......................] - ETA: 0s - loss: 0.6025 - accuracy: 0.6016
30/67 [============>.................] - ETA: 0s - loss: 0.6066 - accuracy: 0.6000
40/67 [================>.............] - ETA: 0s - loss: 0.6067 - accuracy: 0.6070
50/67 [=====================>........] - ETA: 0s - loss: 0.6107 - accuracy: 0.6062
60/67 [=========================>....] - ETA: 0s - loss: 0.6102 - accuracy: 0.6104
67/67 [==============================] - 0s 5ms/step - loss: 0.6113 - accuracy: 0.6090
Epoch 18/25

 1/67 [..............................] - ETA: 0s - loss: 0.5649 - accuracy: 0.6875
10/67 [===>..........................] - ETA: 0s - loss: 0.5954 - accuracy: 0.6375
20/67 [=======>......................] - ETA: 0s - loss: 0.6045 - accuracy: 0.6281
29/67 [===========>..................] - ETA: 0s - loss: 0.6039 - accuracy: 0.6250
39/67 [================>.............] - ETA: 0s - loss: 0.6065 - accuracy: 0.6210
51/67 [=====================>........] - ETA: 0s - loss: 0.6083 - accuracy: 0.6115
61/67 [==========================>...] - ETA: 0s - loss: 0.6082 - accuracy: 0.6122
67/67 [==============================] - 0s 5ms/step - loss: 0.6102 - accuracy: 0.6094
Epoch 19/25

 1/67 [..............................] - ETA: 0s - loss: 0.6023 - accuracy: 0.5625
11/67 [===>..........................] - ETA: 0s - loss: 0.5864 - accuracy: 0.6506
22/67 [========>.....................] - ETA: 0s - loss: 0.5913 - accuracy: 0.6250
32/67 [=============>................] - ETA: 0s - loss: 0.5957 - accuracy: 0.6250
42/67 [=================>............] - ETA: 0s - loss: 0.6008 - accuracy: 0.6138
54/67 [=======================>......] - ETA: 0s - loss: 0.6077 - accuracy: 0.6140
64/67 [===========================>..] - ETA: 0s - loss: 0.6090 - accuracy: 0.6104
67/67 [==============================] - 0s 5ms/step - loss: 0.6108 - accuracy: 0.6094
Epoch 20/25

 1/67 [..............................] - ETA: 0s - loss: 0.6366 - accuracy: 0.4688
 9/67 [===>..........................] - ETA: 0s - loss: 0.6060 - accuracy: 0.6042
18/67 [=======>......................] - ETA: 0s - loss: 0.6057 - accuracy: 0.6042
28/67 [===========>..................] - ETA: 0s - loss: 0.6086 - accuracy: 0.6049
37/67 [===============>..............] - ETA: 0s - loss: 0.6072 - accuracy: 0.6064
47/67 [====================>.........] - ETA: 0s - loss: 0.6119 - accuracy: 0.6024
57/67 [========================>.....] - ETA: 0s - loss: 0.6093 - accuracy: 0.6075
67/67 [==============================] - ETA: 0s - loss: 0.6101 - accuracy: 0.6071
67/67 [==============================] - 0s 6ms/step - loss: 0.6101 - accuracy: 0.6071
Epoch 21/25

 1/67 [..............................] - ETA: 0s - loss: 0.6305 - accuracy: 0.5625
11/67 [===>..........................] - ETA: 0s - loss: 0.5997 - accuracy: 0.6051
22/67 [========>.....................] - ETA: 0s - loss: 0.5971 - accuracy: 0.6165
33/67 [=============>................] - ETA: 0s - loss: 0.5992 - accuracy: 0.6089
43/67 [==================>...........] - ETA: 0s - loss: 0.6064 - accuracy: 0.6097
54/67 [=======================>......] - ETA: 0s - loss: 0.6067 - accuracy: 0.6105
64/67 [===========================>..] - ETA: 0s - loss: 0.6096 - accuracy: 0.6099
67/67 [==============================] - 0s 5ms/step - loss: 0.6089 - accuracy: 0.6099
Epoch 22/25

 1/67 [..............................] - ETA: 0s - loss: 0.6101 - accuracy: 0.5938
11/67 [===>..........................] - ETA: 0s - loss: 0.6011 - accuracy: 0.6420
21/67 [========>.....................] - ETA: 0s - loss: 0.6018 - accuracy: 0.6369
31/67 [============>.................] - ETA: 0s - loss: 0.6025 - accuracy: 0.6240
42/67 [=================>............] - ETA: 0s - loss: 0.6008 - accuracy: 0.6265
53/67 [======================>.......] - ETA: 0s - loss: 0.6019 - accuracy: 0.6197
62/67 [==========================>...] - ETA: 0s - loss: 0.6091 - accuracy: 0.6084
67/67 [==============================] - 0s 5ms/step - loss: 0.6078 - accuracy: 0.6132
Epoch 23/25

 1/67 [..............................] - ETA: 0s - loss: 0.5455 - accuracy: 0.7188
 9/67 [===>..........................] - ETA: 0s - loss: 0.5934 - accuracy: 0.6354
20/67 [=======>......................] - ETA: 0s - loss: 0.6050 - accuracy: 0.6156
30/67 [============>.................] - ETA: 0s - loss: 0.6113 - accuracy: 0.6062
40/67 [================>.............] - ETA: 0s - loss: 0.6175 - accuracy: 0.5961
50/67 [=====================>........] - ETA: 0s - loss: 0.6107 - accuracy: 0.6025
59/67 [=========================>....] - ETA: 0s - loss: 0.6092 - accuracy: 0.6107
67/67 [==============================] - 0s 6ms/step - loss: 0.6093 - accuracy: 0.6071
Epoch 24/25

 1/67 [..............................] - ETA: 0s - loss: 0.6128 - accuracy: 0.4375
10/67 [===>..........................] - ETA: 0s - loss: 0.6068 - accuracy: 0.5656
20/67 [=======>......................] - ETA: 0s - loss: 0.6056 - accuracy: 0.5859
31/67 [============>.................] - ETA: 0s - loss: 0.6067 - accuracy: 0.6149
41/67 [=================>............] - ETA: 0s - loss: 0.6077 - accuracy: 0.6174
52/67 [======================>.......] - ETA: 0s - loss: 0.6095 - accuracy: 0.6136
63/67 [===========================>..] - ETA: 0s - loss: 0.6088 - accuracy: 0.6126
67/67 [==============================] - 0s 5ms/step - loss: 0.6090 - accuracy: 0.6118
Epoch 25/25

 1/67 [..............................] - ETA: 0s - loss: 0.5455 - accuracy: 0.7812
10/67 [===>..........................] - ETA: 0s - loss: 0.6027 - accuracy: 0.6375
19/67 [=======>......................] - ETA: 0s - loss: 0.6233 - accuracy: 0.6036
29/67 [===========>..................] - ETA: 0s - loss: 0.6163 - accuracy: 0.6067
38/67 [================>.............] - ETA: 0s - loss: 0.6078 - accuracy: 0.6143
47/67 [====================>.........] - ETA: 0s - loss: 0.6058 - accuracy: 0.6117
58/67 [========================>.....] - ETA: 0s - loss: 0.6094 - accuracy: 0.6083
67/67 [==============================] - 0s 6ms/step - loss: 0.6088 - accuracy: 0.6062
# node2vec
Epoch 1/25

 1/67 [..............................] - ETA: 1:24 - loss: 0.7042 - accuracy: 0.3750
 4/67 [>.............................] - ETA: 1s - loss: 0.6911 - accuracy: 0.4844  
13/67 [====>.........................] - ETA: 0s - loss: 0.6708 - accuracy: 0.4880
27/67 [===========>..................] - ETA: 0s - loss: 0.6651 - accuracy: 0.4977
38/67 [================>.............] - ETA: 0s - loss: 0.6634 - accuracy: 0.5197
57/67 [========================>.....] - ETA: 0s - loss: 0.6588 - accuracy: 0.5406
67/67 [==============================] - 2s 5ms/step - loss: 0.6579 - accuracy: 0.5478
Epoch 2/25

 1/67 [..............................] - ETA: 0s - loss: 0.6069 - accuracy: 0.4688
20/67 [=======>......................] - ETA: 0s - loss: 0.6285 - accuracy: 0.6187
39/67 [================>.............] - ETA: 0s - loss: 0.6390 - accuracy: 0.6090
56/67 [========================>.....] - ETA: 0s - loss: 0.6450 - accuracy: 0.5988
67/67 [==============================] - 0s 3ms/step - loss: 0.6417 - accuracy: 0.5978
Epoch 3/25

 1/67 [..............................] - ETA: 0s - loss: 0.6855 - accuracy: 0.5938
18/67 [=======>......................] - ETA: 0s - loss: 0.6377 - accuracy: 0.5990
38/67 [================>.............] - ETA: 0s - loss: 0.6368 - accuracy: 0.5962
55/67 [=======================>......] - ETA: 0s - loss: 0.6325 - accuracy: 0.6011
67/67 [==============================] - 0s 3ms/step - loss: 0.6337 - accuracy: 0.6020
Epoch 4/25

 1/67 [..............................] - ETA: 0s - loss: 0.6541 - accuracy: 0.6562
16/67 [======>.......................] - ETA: 0s - loss: 0.6110 - accuracy: 0.6367
30/67 [============>.................] - ETA: 0s - loss: 0.6193 - accuracy: 0.6271
44/67 [==================>...........] - ETA: 0s - loss: 0.6265 - accuracy: 0.6009
54/67 [=======================>......] - ETA: 0s - loss: 0.6263 - accuracy: 0.6013
67/67 [==============================] - 0s 4ms/step - loss: 0.6276 - accuracy: 0.6048
Epoch 5/25

 1/67 [..............................] - ETA: 0s - loss: 0.5801 - accuracy: 0.6875
17/67 [======>.......................] - ETA: 0s - loss: 0.6255 - accuracy: 0.6048
34/67 [==============>...............] - ETA: 0s - loss: 0.6320 - accuracy: 0.5965
47/67 [====================>.........] - ETA: 0s - loss: 0.6314 - accuracy: 0.5931
55/67 [=======================>......] - ETA: 0s - loss: 0.6281 - accuracy: 0.6006
62/67 [==========================>...] - ETA: 0s - loss: 0.6263 - accuracy: 0.6013
67/67 [==============================] - 0s 5ms/step - loss: 0.6243 - accuracy: 0.6057
Epoch 6/25

 1/67 [..............................] - ETA: 0s - loss: 0.6235 - accuracy: 0.5938
17/67 [======>.......................] - ETA: 0s - loss: 0.6195 - accuracy: 0.5938
35/67 [==============>...............] - ETA: 0s - loss: 0.6229 - accuracy: 0.5973
52/67 [======================>.......] - ETA: 0s - loss: 0.6227 - accuracy: 0.6028
67/67 [==============================] - 0s 3ms/step - loss: 0.6247 - accuracy: 0.6029
Epoch 7/25

 1/67 [..............................] - ETA: 0s - loss: 0.5748 - accuracy: 0.7188
14/67 [=====>........................] - ETA: 0s - loss: 0.6220 - accuracy: 0.5804
26/67 [==========>...................] - ETA: 0s - loss: 0.6292 - accuracy: 0.5745
38/67 [================>.............] - ETA: 0s - loss: 0.6229 - accuracy: 0.5880
50/67 [=====================>........] - ETA: 0s - loss: 0.6225 - accuracy: 0.6012
59/67 [=========================>....] - ETA: 0s - loss: 0.6252 - accuracy: 0.6006
67/67 [==============================] - 0s 5ms/step - loss: 0.6210 - accuracy: 0.6071
Epoch 8/25

 1/67 [..............................] - ETA: 0s - loss: 0.5993 - accuracy: 0.6250
11/67 [===>..........................] - ETA: 0s - loss: 0.6284 - accuracy: 0.6023
15/67 [=====>........................] - ETA: 0s - loss: 0.6233 - accuracy: 0.6021
25/67 [==========>...................] - ETA: 0s - loss: 0.6171 - accuracy: 0.6100
37/67 [===============>..............] - ETA: 0s - loss: 0.6178 - accuracy: 0.6064
55/67 [=======================>......] - ETA: 0s - loss: 0.6197 - accuracy: 0.6040
67/67 [==============================] - 0s 4ms/step - loss: 0.6198 - accuracy: 0.6052
Epoch 9/25

 1/67 [..............................] - ETA: 0s - loss: 0.5273 - accuracy: 0.7812
15/67 [=====>........................] - ETA: 0s - loss: 0.6043 - accuracy: 0.6333
28/67 [===========>..................] - ETA: 0s - loss: 0.6098 - accuracy: 0.6228
30/67 [============>.................] - ETA: 0s - loss: 0.6109 - accuracy: 0.6177
45/67 [===================>..........] - ETA: 0s - loss: 0.6161 - accuracy: 0.6146
62/67 [==========================>...] - ETA: 0s - loss: 0.6173 - accuracy: 0.6089
67/67 [==============================] - 0s 4ms/step - loss: 0.6172 - accuracy: 0.6085
Epoch 10/25

 1/67 [..............................] - ETA: 0s - loss: 0.6173 - accuracy: 0.5938
14/67 [=====>........................] - ETA: 0s - loss: 0.6126 - accuracy: 0.5982
26/67 [==========>...................] - ETA: 0s - loss: 0.6193 - accuracy: 0.5913
39/67 [================>.............] - ETA: 0s - loss: 0.6165 - accuracy: 0.6146
57/67 [========================>.....] - ETA: 0s - loss: 0.6155 - accuracy: 0.6091
67/67 [==============================] - 0s 4ms/step - loss: 0.6174 - accuracy: 0.6052
Epoch 11/25

 1/67 [..............................] - ETA: 0s - loss: 0.6059 - accuracy: 0.6875
13/67 [====>.........................] - ETA: 0s - loss: 0.6188 - accuracy: 0.6058
27/67 [===========>..................] - ETA: 0s - loss: 0.6151 - accuracy: 0.6123
43/67 [==================>...........] - ETA: 0s - loss: 0.6136 - accuracy: 0.6076
57/67 [========================>.....] - ETA: 0s - loss: 0.6154 - accuracy: 0.6075
67/67 [==============================] - 0s 4ms/step - loss: 0.6159 - accuracy: 0.6080
Epoch 12/25

 1/67 [..............................] - ETA: 0s - loss: 0.5957 - accuracy: 0.6562
12/67 [====>.........................] - ETA: 0s - loss: 0.5807 - accuracy: 0.6406
24/67 [=========>....................] - ETA: 0s - loss: 0.6063 - accuracy: 0.6172
36/67 [===============>..............] - ETA: 0s - loss: 0.6056 - accuracy: 0.6189
45/67 [===================>..........] - ETA: 0s - loss: 0.6085 - accuracy: 0.6104
52/67 [======================>.......] - ETA: 0s - loss: 0.6093 - accuracy: 0.6112
57/67 [========================>.....] - ETA: 0s - loss: 0.6138 - accuracy: 0.6086
64/67 [===========================>..] - ETA: 0s - loss: 0.6154 - accuracy: 0.6079
67/67 [==============================] - 0s 6ms/step - loss: 0.6166 - accuracy: 0.6076
Epoch 13/25

 1/67 [..............................] - ETA: 0s - loss: 0.5742 - accuracy: 0.6562
18/67 [=======>......................] - ETA: 0s - loss: 0.6144 - accuracy: 0.6215
35/67 [==============>...............] - ETA: 0s - loss: 0.6162 - accuracy: 0.6054
53/67 [======================>.......] - ETA: 0s - loss: 0.6181 - accuracy: 0.6002
67/67 [==============================] - ETA: 0s - loss: 0.6137 - accuracy: 0.6076
67/67 [==============================] - 0s 3ms/step - loss: 0.6137 - accuracy: 0.6076
Epoch 14/25

 1/67 [..............................] - ETA: 0s - loss: 0.6336 - accuracy: 0.4688
17/67 [======>.......................] - ETA: 0s - loss: 0.6177 - accuracy: 0.6103
35/67 [==============>...............] - ETA: 0s - loss: 0.6144 - accuracy: 0.6080
52/67 [======================>.......] - ETA: 0s - loss: 0.6122 - accuracy: 0.6154
67/67 [==============================] - ETA: 0s - loss: 0.6140 - accuracy: 0.6076
67/67 [==============================] - 0s 3ms/step - loss: 0.6140 - accuracy: 0.6076
Epoch 15/25

 1/67 [..............................] - ETA: 0s - loss: 0.5705 - accuracy: 0.7500
11/67 [===>..........................] - ETA: 0s - loss: 0.6194 - accuracy: 0.6136
19/67 [=======>......................] - ETA: 0s - loss: 0.6132 - accuracy: 0.6069
27/67 [===========>..................] - ETA: 0s - loss: 0.6106 - accuracy: 0.6157
38/67 [================>.............] - ETA: 0s - loss: 0.6153 - accuracy: 0.6077
45/67 [===================>..........] - ETA: 0s - loss: 0.6149 - accuracy: 0.6125
60/67 [=========================>....] - ETA: 0s - loss: 0.6135 - accuracy: 0.6094
67/67 [==============================] - 0s 5ms/step - loss: 0.6152 - accuracy: 0.6076
Epoch 16/25

 1/67 [..............................] - ETA: 0s - loss: 0.6489 - accuracy: 0.4688
12/67 [====>.........................] - ETA: 0s - loss: 0.6220 - accuracy: 0.5964
26/67 [==========>...................] - ETA: 0s - loss: 0.6115 - accuracy: 0.6214
40/67 [================>.............] - ETA: 0s - loss: 0.6058 - accuracy: 0.6281
54/67 [=======================>......] - ETA: 0s - loss: 0.6068 - accuracy: 0.6221
67/67 [==============================] - 0s 4ms/step - loss: 0.6135 - accuracy: 0.6080
Epoch 17/25

 1/67 [..............................] - ETA: 0s - loss: 0.6331 - accuracy: 0.5625
20/67 [=======>......................] - ETA: 0s - loss: 0.6149 - accuracy: 0.6000
36/67 [===============>..............] - ETA: 0s - loss: 0.6108 - accuracy: 0.6172
51/67 [=====================>........] - ETA: 0s - loss: 0.6106 - accuracy: 0.6103
58/67 [========================>.....] - ETA: 0s - loss: 0.6131 - accuracy: 0.6099
67/67 [==============================] - 0s 4ms/step - loss: 0.6134 - accuracy: 0.6066
Epoch 18/25

 1/67 [..............................] - ETA: 0s - loss: 0.6299 - accuracy: 0.5625
11/67 [===>..........................] - ETA: 0s - loss: 0.6105 - accuracy: 0.5966
24/67 [=========>....................] - ETA: 0s - loss: 0.6006 - accuracy: 0.6237
37/67 [===============>..............] - ETA: 0s - loss: 0.6104 - accuracy: 0.6098
49/67 [====================>.........] - ETA: 0s - loss: 0.6127 - accuracy: 0.6091
61/67 [==========================>...] - ETA: 0s - loss: 0.6114 - accuracy: 0.6117
67/67 [==============================] - 0s 4ms/step - loss: 0.6122 - accuracy: 0.6090
Epoch 19/25

 1/67 [..............................] - ETA: 0s - loss: 0.6572 - accuracy: 0.6250
12/67 [====>.........................] - ETA: 0s - loss: 0.6041 - accuracy: 0.6276
26/67 [==========>...................] - ETA: 0s - loss: 0.6180 - accuracy: 0.6034
43/67 [==================>...........] - ETA: 0s - loss: 0.6087 - accuracy: 0.6119
60/67 [=========================>....] - ETA: 0s - loss: 0.6104 - accuracy: 0.6104
67/67 [==============================] - 0s 3ms/step - loss: 0.6110 - accuracy: 0.6099
Epoch 20/25

 1/67 [..............................] - ETA: 0s - loss: 0.4990 - accuracy: 0.7188
22/67 [========>.....................] - ETA: 0s - loss: 0.6023 - accuracy: 0.6222
37/67 [===============>..............] - ETA: 0s - loss: 0.6052 - accuracy: 0.6191
53/67 [======================>.......] - ETA: 0s - loss: 0.6062 - accuracy: 0.6144
66/67 [============================>.] - ETA: 0s - loss: 0.6113 - accuracy: 0.6092
67/67 [==============================] - 0s 3ms/step - loss: 0.6105 - accuracy: 0.6104
Epoch 21/25

 1/67 [..............................] - ETA: 0s - loss: 0.6233 - accuracy: 0.5000
10/67 [===>..........................] - ETA: 0s - loss: 0.5977 - accuracy: 0.6344
19/67 [=======>......................] - ETA: 0s - loss: 0.6027 - accuracy: 0.6184
23/67 [=========>....................] - ETA: 0s - loss: 0.6028 - accuracy: 0.6155
32/67 [=============>................] - ETA: 0s - loss: 0.6040 - accuracy: 0.6133
43/67 [==================>...........] - ETA: 0s - loss: 0.6007 - accuracy: 0.6141
58/67 [========================>.....] - ETA: 0s - loss: 0.6060 - accuracy: 0.6088
67/67 [==============================] - 0s 5ms/step - loss: 0.6115 - accuracy: 0.6076
Epoch 22/25

 1/67 [..............................] - ETA: 0s - loss: 0.6372 - accuracy: 0.5312
17/67 [======>.......................] - ETA: 0s - loss: 0.6226 - accuracy: 0.5790
34/67 [==============>...............] - ETA: 0s - loss: 0.6149 - accuracy: 0.5993
51/67 [=====================>........] - ETA: 0s - loss: 0.6134 - accuracy: 0.6060
67/67 [==============================] - 0s 3ms/step - loss: 0.6120 - accuracy: 0.6066
Epoch 23/25

 1/67 [..............................] - ETA: 0s - loss: 0.6093 - accuracy: 0.6250
13/67 [====>.........................] - ETA: 0s - loss: 0.6021 - accuracy: 0.6322
24/67 [=========>....................] - ETA: 0s - loss: 0.6133 - accuracy: 0.6003
39/67 [================>.............] - ETA: 0s - loss: 0.6111 - accuracy: 0.6058
55/67 [=======================>......] - ETA: 0s - loss: 0.6090 - accuracy: 0.6136
63/67 [===========================>..] - ETA: 0s - loss: 0.6097 - accuracy: 0.6101
67/67 [==============================] - 0s 5ms/step - loss: 0.6100 - accuracy: 0.6113
Epoch 24/25

 1/67 [..............................] - ETA: 0s - loss: 0.5256 - accuracy: 0.5938
10/67 [===>..........................] - ETA: 0s - loss: 0.6175 - accuracy: 0.6125
29/67 [===========>..................] - ETA: 0s - loss: 0.6109 - accuracy: 0.6110
48/67 [====================>.........] - ETA: 0s - loss: 0.6089 - accuracy: 0.6107
64/67 [===========================>..] - ETA: 0s - loss: 0.6098 - accuracy: 0.6108
67/67 [==============================] - 0s 3ms/step - loss: 0.6112 - accuracy: 0.6052
Epoch 25/25

 1/67 [..............................] - ETA: 0s - loss: 0.6024 - accuracy: 0.6250
11/67 [===>..........................] - ETA: 0s - loss: 0.6200 - accuracy: 0.5994
23/67 [=========>....................] - ETA: 0s - loss: 0.6095 - accuracy: 0.6332
38/67 [================>.............] - ETA: 0s - loss: 0.6143 - accuracy: 0.6217
50/67 [=====================>........] - ETA: 0s - loss: 0.6071 - accuracy: 0.6244
60/67 [=========================>....] - ETA: 0s - loss: 0.6071 - accuracy: 0.6198
67/67 [==============================] - 0s 4ms/step - loss: 0.6095 - accuracy: 0.6113
# predict: steps=1872
# predict: tnodeembed_metrics
# predict: node2vec_metrics
tnodeembed: {'auc': 0.5288199566654014, 'f1_micro': 0.5316111148219892, 'f1_macro': 0.422300449476921} tNodeEmbed_final_loss=0.6088176369667053 tNodeEmbed_final_accuracy=0.6061595678329468 
node2vec: {'auc': 0.5320963737873091, 'f1_micro': 0.5329971277803754, 'f1_macro': 0.42722326660076504} node2vec_final_loss=0.6094691753387451 node2vec_final_accuracy=0.6112926006317139 
