# load graph
Processing Static file: filename='interactions_with_dates_1984_nodes_3_edges_2_component_0.edges'
# initialize tNodeEmbed for dataset=PPI, test_size=0.2
# load dataset
# fit
# tNodeEmbed
Epoch 1/25

 1/67 [..............................] - ETA: 1:18 - loss: 0.6931 - accuracy: 0.4062
18/67 [=======>......................] - ETA: 0s - loss: 0.6917 - accuracy: 0.5278  
37/67 [===============>..............] - ETA: 0s - loss: 0.6922 - accuracy: 0.5093
57/67 [========================>.....] - ETA: 0s - loss: 0.6925 - accuracy: 0.5016
67/67 [==============================] - 1s 3ms/step - loss: 0.6918 - accuracy: 0.4946
Epoch 2/25

 1/67 [..............................] - ETA: 0s - loss: 0.6843 - accuracy: 0.5000
21/67 [========>.....................] - ETA: 0s - loss: 0.6861 - accuracy: 0.5045
43/67 [==================>...........] - ETA: 0s - loss: 0.6890 - accuracy: 0.4985
64/67 [===========================>..] - ETA: 0s - loss: 0.6884 - accuracy: 0.5054
67/67 [==============================] - 0s 2ms/step - loss: 0.6883 - accuracy: 0.5030
Epoch 3/25

 1/67 [..............................] - ETA: 0s - loss: 0.6935 - accuracy: 0.5000
20/67 [=======>......................] - ETA: 0s - loss: 0.6825 - accuracy: 0.5156
40/67 [================>.............] - ETA: 0s - loss: 0.6841 - accuracy: 0.5125
60/67 [=========================>....] - ETA: 0s - loss: 0.6858 - accuracy: 0.5099
67/67 [==============================] - 0s 3ms/step - loss: 0.6862 - accuracy: 0.5152
Epoch 4/25

 1/67 [..............................] - ETA: 0s - loss: 0.6933 - accuracy: 0.5000
20/67 [=======>......................] - ETA: 0s - loss: 0.6832 - accuracy: 0.5406
40/67 [================>.............] - ETA: 0s - loss: 0.6856 - accuracy: 0.5242
59/67 [=========================>....] - ETA: 0s - loss: 0.6857 - accuracy: 0.5196
67/67 [==============================] - 0s 3ms/step - loss: 0.6851 - accuracy: 0.5156
Epoch 5/25

 1/67 [..............................] - ETA: 0s - loss: 0.6926 - accuracy: 0.5312
18/67 [=======>......................] - ETA: 0s - loss: 0.6884 - accuracy: 0.4948
35/67 [==============>...............] - ETA: 0s - loss: 0.6849 - accuracy: 0.5027
54/67 [=======================>......] - ETA: 0s - loss: 0.6827 - accuracy: 0.5006
67/67 [==============================] - 0s 3ms/step - loss: 0.6843 - accuracy: 0.4942
Epoch 6/25

 1/67 [..............................] - ETA: 0s - loss: 0.6720 - accuracy: 0.3438
19/67 [=======>......................] - ETA: 0s - loss: 0.6812 - accuracy: 0.5115
37/67 [===============>..............] - ETA: 0s - loss: 0.6852 - accuracy: 0.5076
55/67 [=======================>......] - ETA: 0s - loss: 0.6842 - accuracy: 0.5057
67/67 [==============================] - 0s 3ms/step - loss: 0.6841 - accuracy: 0.5138
Epoch 7/25

 1/67 [..............................] - ETA: 0s - loss: 0.6788 - accuracy: 0.5312
19/67 [=======>......................] - ETA: 0s - loss: 0.6765 - accuracy: 0.5197
38/67 [================>.............] - ETA: 0s - loss: 0.6791 - accuracy: 0.5263
57/67 [========================>.....] - ETA: 0s - loss: 0.6833 - accuracy: 0.5186
67/67 [==============================] - 0s 3ms/step - loss: 0.6842 - accuracy: 0.5133
Epoch 8/25

 1/67 [..............................] - ETA: 0s - loss: 0.6777 - accuracy: 0.5000
22/67 [========>.....................] - ETA: 0s - loss: 0.6831 - accuracy: 0.5199
43/67 [==================>...........] - ETA: 0s - loss: 0.6804 - accuracy: 0.5218
64/67 [===========================>..] - ETA: 0s - loss: 0.6832 - accuracy: 0.5156
67/67 [==============================] - 0s 2ms/step - loss: 0.6827 - accuracy: 0.5184
Epoch 9/25

 1/67 [..............................] - ETA: 0s - loss: 0.6734 - accuracy: 0.6250
21/67 [========>.....................] - ETA: 0s - loss: 0.6816 - accuracy: 0.5149
41/67 [=================>............] - ETA: 0s - loss: 0.6812 - accuracy: 0.5236
61/67 [==========================>...] - ETA: 0s - loss: 0.6825 - accuracy: 0.5133
67/67 [==============================] - 0s 3ms/step - loss: 0.6829 - accuracy: 0.5161
Epoch 10/25

 1/67 [..............................] - ETA: 0s - loss: 0.6896 - accuracy: 0.6562
22/67 [========>.....................] - ETA: 0s - loss: 0.6816 - accuracy: 0.5170
41/67 [=================>............] - ETA: 0s - loss: 0.6831 - accuracy: 0.5137
60/67 [=========================>....] - ETA: 0s - loss: 0.6824 - accuracy: 0.5167
67/67 [==============================] - 0s 3ms/step - loss: 0.6820 - accuracy: 0.5166
Epoch 11/25

 1/67 [..............................] - ETA: 0s - loss: 0.6526 - accuracy: 0.5938
19/67 [=======>......................] - ETA: 0s - loss: 0.6838 - accuracy: 0.5329
38/67 [================>.............] - ETA: 0s - loss: 0.6817 - accuracy: 0.5181
57/67 [========================>.....] - ETA: 0s - loss: 0.6827 - accuracy: 0.5154
67/67 [==============================] - 0s 3ms/step - loss: 0.6833 - accuracy: 0.5114
Epoch 12/25

 1/67 [..............................] - ETA: 0s - loss: 0.6924 - accuracy: 0.5625
20/67 [=======>......................] - ETA: 0s - loss: 0.6842 - accuracy: 0.5031
39/67 [================>.............] - ETA: 0s - loss: 0.6813 - accuracy: 0.5184
57/67 [========================>.....] - ETA: 0s - loss: 0.6824 - accuracy: 0.5203
67/67 [==============================] - 0s 3ms/step - loss: 0.6826 - accuracy: 0.5156
Epoch 13/25

 1/67 [..............................] - ETA: 0s - loss: 0.6932 - accuracy: 0.5000
18/67 [=======>......................] - ETA: 0s - loss: 0.6857 - accuracy: 0.4896
37/67 [===============>..............] - ETA: 0s - loss: 0.6859 - accuracy: 0.4966
59/67 [=========================>....] - ETA: 0s - loss: 0.6839 - accuracy: 0.5074
67/67 [==============================] - 0s 3ms/step - loss: 0.6823 - accuracy: 0.5161
Epoch 14/25

 1/67 [..............................] - ETA: 0s - loss: 0.6943 - accuracy: 0.4375
21/67 [========>.....................] - ETA: 0s - loss: 0.6844 - accuracy: 0.4836
41/67 [=================>............] - ETA: 0s - loss: 0.6813 - accuracy: 0.5114
61/67 [==========================>...] - ETA: 0s - loss: 0.6806 - accuracy: 0.5174
67/67 [==============================] - 0s 3ms/step - loss: 0.6828 - accuracy: 0.5128
Epoch 15/25

 1/67 [..............................] - ETA: 0s - loss: 0.6922 - accuracy: 0.5312
21/67 [========>.....................] - ETA: 0s - loss: 0.6874 - accuracy: 0.5030
41/67 [=================>............] - ETA: 0s - loss: 0.6854 - accuracy: 0.4992
61/67 [==========================>...] - ETA: 0s - loss: 0.6818 - accuracy: 0.5159
67/67 [==============================] - 0s 3ms/step - loss: 0.6825 - accuracy: 0.5152
Epoch 16/25

 1/67 [..............................] - ETA: 0s - loss: 0.6976 - accuracy: 0.3438
20/67 [=======>......................] - ETA: 0s - loss: 0.6760 - accuracy: 0.5391
40/67 [================>.............] - ETA: 0s - loss: 0.6780 - accuracy: 0.5266
60/67 [=========================>....] - ETA: 0s - loss: 0.6820 - accuracy: 0.5172
67/67 [==============================] - 0s 3ms/step - loss: 0.6825 - accuracy: 0.5156
Epoch 17/25

 1/67 [..............................] - ETA: 0s - loss: 0.6722 - accuracy: 0.5000
19/67 [=======>......................] - ETA: 0s - loss: 0.6787 - accuracy: 0.4984
39/67 [================>.............] - ETA: 0s - loss: 0.6808 - accuracy: 0.5064
59/67 [=========================>....] - ETA: 0s - loss: 0.6811 - accuracy: 0.5164
67/67 [==============================] - 0s 3ms/step - loss: 0.6818 - accuracy: 0.5156
Epoch 18/25

 1/67 [..............................] - ETA: 0s - loss: 0.6765 - accuracy: 0.3438
20/67 [=======>......................] - ETA: 0s - loss: 0.6743 - accuracy: 0.5016
40/67 [================>.............] - ETA: 0s - loss: 0.6817 - accuracy: 0.5063
59/67 [=========================>....] - ETA: 0s - loss: 0.6822 - accuracy: 0.5101
67/67 [==============================] - 0s 3ms/step - loss: 0.6829 - accuracy: 0.5166
Epoch 19/25

 1/67 [..............................] - ETA: 0s - loss: 0.6933 - accuracy: 0.5000
12/67 [====>.........................] - ETA: 0s - loss: 0.6774 - accuracy: 0.5495
27/67 [===========>..................] - ETA: 0s - loss: 0.6790 - accuracy: 0.5289
47/67 [====================>.........] - ETA: 0s - loss: 0.6806 - accuracy: 0.5180
67/67 [==============================] - ETA: 0s - loss: 0.6823 - accuracy: 0.5128
67/67 [==============================] - 0s 3ms/step - loss: 0.6823 - accuracy: 0.5128
Epoch 20/25

 1/67 [..............................] - ETA: 0s - loss: 0.6924 - accuracy: 0.5312
20/67 [=======>......................] - ETA: 0s - loss: 0.6801 - accuracy: 0.5469
40/67 [================>.............] - ETA: 0s - loss: 0.6802 - accuracy: 0.5328
58/67 [========================>.....] - ETA: 0s - loss: 0.6823 - accuracy: 0.5216
67/67 [==============================] - 0s 3ms/step - loss: 0.6823 - accuracy: 0.5170
Epoch 21/25

 1/67 [..............................] - ETA: 0s - loss: 0.6337 - accuracy: 0.4062
20/67 [=======>......................] - ETA: 0s - loss: 0.6810 - accuracy: 0.5250
40/67 [================>.............] - ETA: 0s - loss: 0.6822 - accuracy: 0.5203
60/67 [=========================>....] - ETA: 0s - loss: 0.6831 - accuracy: 0.5193
67/67 [==============================] - 0s 3ms/step - loss: 0.6827 - accuracy: 0.5170
Epoch 22/25

 1/67 [..............................] - ETA: 0s - loss: 0.6487 - accuracy: 0.5938
20/67 [=======>......................] - ETA: 0s - loss: 0.6751 - accuracy: 0.5219
40/67 [================>.............] - ETA: 0s - loss: 0.6799 - accuracy: 0.5234
59/67 [=========================>....] - ETA: 0s - loss: 0.6819 - accuracy: 0.5127
67/67 [==============================] - 0s 3ms/step - loss: 0.6821 - accuracy: 0.5128
Epoch 23/25

 1/67 [..............................] - ETA: 0s - loss: 0.6937 - accuracy: 0.4062
20/67 [=======>......................] - ETA: 0s - loss: 0.6828 - accuracy: 0.5047
40/67 [================>.............] - ETA: 0s - loss: 0.6814 - accuracy: 0.4766
60/67 [=========================>....] - ETA: 0s - loss: 0.6830 - accuracy: 0.4870
67/67 [==============================] - 0s 3ms/step - loss: 0.6825 - accuracy: 0.4895
Epoch 24/25

 1/67 [..............................] - ETA: 0s - loss: 0.6925 - accuracy: 0.5312
21/67 [========>.....................] - ETA: 0s - loss: 0.6785 - accuracy: 0.5000
42/67 [=================>............] - ETA: 0s - loss: 0.6798 - accuracy: 0.5119
62/67 [==========================>...] - ETA: 0s - loss: 0.6817 - accuracy: 0.5146
67/67 [==============================] - 0s 3ms/step - loss: 0.6820 - accuracy: 0.5161
Epoch 25/25

 1/67 [..............................] - ETA: 0s - loss: 0.6719 - accuracy: 0.5000
20/67 [=======>......................] - ETA: 0s - loss: 0.6756 - accuracy: 0.5094
40/67 [================>.............] - ETA: 0s - loss: 0.6797 - accuracy: 0.5195
61/67 [==========================>...] - ETA: 0s - loss: 0.6810 - accuracy: 0.5195
67/67 [==============================] - 0s 3ms/step - loss: 0.6819 - accuracy: 0.5142
# node2vec
Epoch 1/25

 1/67 [..............................] - ETA: 19s - loss: 0.6931 - accuracy: 0.4062
36/67 [===============>..............] - ETA: 0s - loss: 0.6932 - accuracy: 0.4965 
64/67 [===========================>..] - ETA: 0s - loss: 0.6898 - accuracy: 0.4946
67/67 [==============================] - 0s 2ms/step - loss: 0.6901 - accuracy: 0.4979
Epoch 2/25

 1/67 [..............................] - ETA: 0s - loss: 0.6761 - accuracy: 0.5938
33/67 [=============>................] - ETA: 0s - loss: 0.6892 - accuracy: 0.5057
67/67 [==============================] - 0s 2ms/step - loss: 0.6865 - accuracy: 0.5133
Epoch 3/25

 1/67 [..............................] - ETA: 0s - loss: 0.7347 - accuracy: 0.4688
33/67 [=============>................] - ETA: 0s - loss: 0.6838 - accuracy: 0.5123
67/67 [==============================] - 0s 2ms/step - loss: 0.6845 - accuracy: 0.5152
Epoch 4/25

 1/67 [..............................] - ETA: 0s - loss: 0.6725 - accuracy: 0.5938
37/67 [===============>..............] - ETA: 0s - loss: 0.6848 - accuracy: 0.5059
67/67 [==============================] - 0s 2ms/step - loss: 0.6835 - accuracy: 0.5161
Epoch 5/25

 1/67 [..............................] - ETA: 0s - loss: 0.6731 - accuracy: 0.5000
28/67 [===========>..................] - ETA: 0s - loss: 0.6827 - accuracy: 0.5123
52/67 [======================>.......] - ETA: 0s - loss: 0.6827 - accuracy: 0.5168
67/67 [==============================] - 0s 2ms/step - loss: 0.6838 - accuracy: 0.5114
Epoch 6/25

 1/67 [..............................] - ETA: 0s - loss: 0.6576 - accuracy: 0.7500
23/67 [=========>....................] - ETA: 0s - loss: 0.6805 - accuracy: 0.5380
53/67 [======================>.......] - ETA: 0s - loss: 0.6829 - accuracy: 0.5165
67/67 [==============================] - 0s 2ms/step - loss: 0.6835 - accuracy: 0.5203
Epoch 7/25

 1/67 [..............................] - ETA: 0s - loss: 0.6914 - accuracy: 0.5938
25/67 [==========>...................] - ETA: 0s - loss: 0.6811 - accuracy: 0.5250
49/67 [====================>.........] - ETA: 0s - loss: 0.6830 - accuracy: 0.5166
67/67 [==============================] - 0s 2ms/step - loss: 0.6833 - accuracy: 0.5124
Epoch 8/25

 1/67 [..............................] - ETA: 0s - loss: 0.6924 - accuracy: 0.5312
27/67 [===========>..................] - ETA: 0s - loss: 0.6783 - accuracy: 0.5394
54/67 [=======================>......] - ETA: 0s - loss: 0.6834 - accuracy: 0.5295
67/67 [==============================] - 0s 2ms/step - loss: 0.6830 - accuracy: 0.5152
Epoch 9/25

 1/67 [..............................] - ETA: 0s - loss: 0.6933 - accuracy: 0.5000
26/67 [==========>...................] - ETA: 0s - loss: 0.6776 - accuracy: 0.5204
54/67 [=======================>......] - ETA: 0s - loss: 0.6806 - accuracy: 0.5150
67/67 [==============================] - 0s 2ms/step - loss: 0.6829 - accuracy: 0.5147
Epoch 10/25

 1/67 [..............................] - ETA: 0s - loss: 0.6920 - accuracy: 0.5938
29/67 [===========>..................] - ETA: 0s - loss: 0.6829 - accuracy: 0.5194
56/67 [========================>.....] - ETA: 0s - loss: 0.6835 - accuracy: 0.5201
67/67 [==============================] - 0s 2ms/step - loss: 0.6824 - accuracy: 0.5147
Epoch 11/25

 1/67 [..............................] - ETA: 0s - loss: 0.6369 - accuracy: 0.6875
35/67 [==============>...............] - ETA: 0s - loss: 0.6779 - accuracy: 0.5286
67/67 [==============================] - 0s 1ms/step - loss: 0.6832 - accuracy: 0.5138
Epoch 12/25

 1/67 [..............................] - ETA: 0s - loss: 0.6917 - accuracy: 0.5625
39/67 [================>.............] - ETA: 0s - loss: 0.6838 - accuracy: 0.5353
67/67 [==============================] - 0s 1ms/step - loss: 0.6822 - accuracy: 0.5189
Epoch 13/25

 1/67 [..............................] - ETA: 0s - loss: 0.6541 - accuracy: 0.5000
34/67 [==============>...............] - ETA: 0s - loss: 0.6810 - accuracy: 0.5129
67/67 [==============================] - ETA: 0s - loss: 0.6831 - accuracy: 0.5114
67/67 [==============================] - 0s 2ms/step - loss: 0.6831 - accuracy: 0.5114
Epoch 14/25

 1/67 [..............................] - ETA: 0s - loss: 0.6724 - accuracy: 0.6250
29/67 [===========>..................] - ETA: 0s - loss: 0.6798 - accuracy: 0.5022
56/67 [========================>.....] - ETA: 0s - loss: 0.6829 - accuracy: 0.5084
67/67 [==============================] - 0s 2ms/step - loss: 0.6828 - accuracy: 0.5152
Epoch 15/25

 1/67 [..............................] - ETA: 0s - loss: 0.6947 - accuracy: 0.4062
30/67 [============>.................] - ETA: 0s - loss: 0.6823 - accuracy: 0.5240
64/67 [===========================>..] - ETA: 0s - loss: 0.6830 - accuracy: 0.5186
67/67 [==============================] - 0s 2ms/step - loss: 0.6825 - accuracy: 0.5175
Epoch 16/25

 1/67 [..............................] - ETA: 0s - loss: 0.6728 - accuracy: 0.5625
30/67 [============>.................] - ETA: 0s - loss: 0.6809 - accuracy: 0.5125
61/67 [==========================>...] - ETA: 0s - loss: 0.6831 - accuracy: 0.5149
67/67 [==============================] - 0s 2ms/step - loss: 0.6830 - accuracy: 0.5119
Epoch 17/25

 1/67 [..............................] - ETA: 0s - loss: 0.6924 - accuracy: 0.5312
33/67 [=============>................] - ETA: 0s - loss: 0.6803 - accuracy: 0.5114
62/67 [==========================>...] - ETA: 0s - loss: 0.6827 - accuracy: 0.5176
67/67 [==============================] - 0s 2ms/step - loss: 0.6829 - accuracy: 0.5166
Epoch 18/25

 1/67 [..............................] - ETA: 0s - loss: 0.6915 - accuracy: 0.5625
27/67 [===========>..................] - ETA: 0s - loss: 0.6814 - accuracy: 0.5208
54/67 [=======================>......] - ETA: 0s - loss: 0.6818 - accuracy: 0.5220
67/67 [==============================] - 0s 2ms/step - loss: 0.6831 - accuracy: 0.5138
Epoch 19/25

 1/67 [..............................] - ETA: 0s - loss: 0.6897 - accuracy: 0.6250
24/67 [=========>....................] - ETA: 0s - loss: 0.6799 - accuracy: 0.5234
49/67 [====================>.........] - ETA: 0s - loss: 0.6823 - accuracy: 0.5198
67/67 [==============================] - 0s 2ms/step - loss: 0.6824 - accuracy: 0.5166
Epoch 20/25

 1/67 [..............................] - ETA: 0s - loss: 0.6957 - accuracy: 0.4062
29/67 [===========>..................] - ETA: 0s - loss: 0.6822 - accuracy: 0.5528
59/67 [=========================>....] - ETA: 0s - loss: 0.6833 - accuracy: 0.5238
67/67 [==============================] - 0s 2ms/step - loss: 0.6833 - accuracy: 0.5142
Epoch 21/25

 1/67 [..............................] - ETA: 0s - loss: 0.6614 - accuracy: 0.5312
32/67 [=============>................] - ETA: 0s - loss: 0.6865 - accuracy: 0.5166
65/67 [============================>.] - ETA: 0s - loss: 0.6826 - accuracy: 0.5178
67/67 [==============================] - 0s 2ms/step - loss: 0.6827 - accuracy: 0.5147
Epoch 22/25

 1/67 [..............................] - ETA: 0s - loss: 0.6713 - accuracy: 0.5312
 2/67 [..............................] - ETA: 16s - loss: 0.6809 - accuracy: 0.5781
 4/67 [>.............................] - ETA: 6s - loss: 0.6766 - accuracy: 0.5625 
29/67 [===========>..................] - ETA: 0s - loss: 0.6871 - accuracy: 0.5054
55/67 [=======================>......] - ETA: 0s - loss: 0.6831 - accuracy: 0.5108
67/67 [==============================] - 0s 7ms/step - loss: 0.6828 - accuracy: 0.5156
Epoch 23/25

 1/67 [..............................] - ETA: 0s - loss: 0.6758 - accuracy: 0.4688
27/67 [===========>..................] - ETA: 0s - loss: 0.6822 - accuracy: 0.5174
55/67 [=======================>......] - ETA: 0s - loss: 0.6818 - accuracy: 0.5199
67/67 [==============================] - 0s 2ms/step - loss: 0.6823 - accuracy: 0.5142
Epoch 24/25

 1/67 [..............................] - ETA: 0s - loss: 0.6898 - accuracy: 0.6250
27/67 [===========>..................] - ETA: 0s - loss: 0.6769 - accuracy: 0.5359
56/67 [========================>.....] - ETA: 0s - loss: 0.6825 - accuracy: 0.5140
67/67 [==============================] - 0s 2ms/step - loss: 0.6828 - accuracy: 0.5142
Epoch 25/25

 1/67 [..............................] - ETA: 0s - loss: 0.6946 - accuracy: 0.4375
29/67 [===========>..................] - ETA: 0s - loss: 0.6849 - accuracy: 0.5119
60/67 [=========================>....] - ETA: 0s - loss: 0.6820 - accuracy: 0.5146
67/67 [==============================] - 0s 2ms/step - loss: 0.6822 - accuracy: 0.5161
# predict: steps=1872
# predict: tnodeembed_metrics
# predict: node2vec_metrics
tnodeembed: {'auc': 0.5017936587763039, 'f1_micro': 0.5018034867410327, 'f1_macro': 0.3458707554513665} tNodeEmbed_final_loss=0.6818722486495972 tNodeEmbed_final_accuracy=0.5142323970794678 
node2vec: {'auc': 0.5016293356745135, 'f1_micro': 0.5017867877897269, 'f1_macro': 0.3464221477336603} node2vec_final_loss=0.6821638345718384 node2vec_final_accuracy=0.5160989165306091 
