# load graph
Processing Static file: filename='interactions_with_dates_1989_nodes_5_edges_4_component_0.edges'
# initialize tNodeEmbed for dataset=PPI, test_size=0.2
# load dataset
# fit
# tNodeEmbed
Epoch 1/25

 1/67 [..............................] - ETA: 4:58 - loss: 0.6930 - accuracy: 0.4375
10/67 [===>..........................] - ETA: 0s - loss: 0.6904 - accuracy: 0.4875  
20/67 [=======>......................] - ETA: 0s - loss: 0.6821 - accuracy: 0.5578
32/67 [=============>................] - ETA: 0s - loss: 0.6785 - accuracy: 0.5498
46/67 [===================>..........] - ETA: 0s - loss: 0.6711 - accuracy: 0.5564
59/67 [=========================>....] - ETA: 0s - loss: 0.6697 - accuracy: 0.5588
67/67 [==============================] - 5s 4ms/step - loss: 0.6686 - accuracy: 0.5539
Epoch 2/25

 1/67 [..............................] - ETA: 0s - loss: 0.6895 - accuracy: 0.4375
13/67 [====>.........................] - ETA: 0s - loss: 0.6737 - accuracy: 0.5409
25/67 [==========>...................] - ETA: 0s - loss: 0.6714 - accuracy: 0.5525
37/67 [===============>..............] - ETA: 0s - loss: 0.6659 - accuracy: 0.5617
49/67 [====================>.........] - ETA: 0s - loss: 0.6620 - accuracy: 0.5606
61/67 [==========================>...] - ETA: 0s - loss: 0.6599 - accuracy: 0.5640
67/67 [==============================] - 0s 4ms/step - loss: 0.6586 - accuracy: 0.5600
Epoch 3/25

 1/67 [..............................] - ETA: 0s - loss: 0.6672 - accuracy: 0.5000
13/67 [====>.........................] - ETA: 0s - loss: 0.6568 - accuracy: 0.5913
26/67 [==========>...................] - ETA: 0s - loss: 0.6535 - accuracy: 0.5661
38/67 [================>.............] - ETA: 0s - loss: 0.6503 - accuracy: 0.5740
49/67 [====================>.........] - ETA: 0s - loss: 0.6485 - accuracy: 0.5746
59/67 [=========================>....] - ETA: 0s - loss: 0.6521 - accuracy: 0.5683
67/67 [==============================] - 0s 5ms/step - loss: 0.6523 - accuracy: 0.5698
Epoch 4/25

 1/67 [..............................] - ETA: 0s - loss: 0.6487 - accuracy: 0.5312
11/67 [===>..........................] - ETA: 0s - loss: 0.6701 - accuracy: 0.5227
21/67 [========>.....................] - ETA: 0s - loss: 0.6665 - accuracy: 0.5432
31/67 [============>.................] - ETA: 0s - loss: 0.6569 - accuracy: 0.5625
41/67 [=================>............] - ETA: 0s - loss: 0.6559 - accuracy: 0.5595
49/67 [====================>.........] - ETA: 0s - loss: 0.6542 - accuracy: 0.5542
57/67 [========================>.....] - ETA: 0s - loss: 0.6532 - accuracy: 0.5598
66/67 [============================>.] - ETA: 0s - loss: 0.6496 - accuracy: 0.5656
67/67 [==============================] - 0s 6ms/step - loss: 0.6491 - accuracy: 0.5670
Epoch 5/25

 1/67 [..............................] - ETA: 0s - loss: 0.6162 - accuracy: 0.6875
10/67 [===>..........................] - ETA: 0s - loss: 0.6309 - accuracy: 0.5938
19/67 [=======>......................] - ETA: 0s - loss: 0.6400 - accuracy: 0.5888
29/67 [===========>..................] - ETA: 0s - loss: 0.6469 - accuracy: 0.5797
41/67 [=================>............] - ETA: 0s - loss: 0.6459 - accuracy: 0.5823
51/67 [=====================>........] - ETA: 0s - loss: 0.6469 - accuracy: 0.5741
62/67 [==========================>...] - ETA: 0s - loss: 0.6456 - accuracy: 0.5746
67/67 [==============================] - 0s 5ms/step - loss: 0.6487 - accuracy: 0.5679
Epoch 6/25

 1/67 [..............................] - ETA: 0s - loss: 0.6917 - accuracy: 0.4688
10/67 [===>..........................] - ETA: 0s - loss: 0.6441 - accuracy: 0.5875
23/67 [=========>....................] - ETA: 0s - loss: 0.6419 - accuracy: 0.5802
34/67 [==============>...............] - ETA: 0s - loss: 0.6450 - accuracy: 0.5671
46/67 [===================>..........] - ETA: 0s - loss: 0.6437 - accuracy: 0.5666
57/67 [========================>.....] - ETA: 0s - loss: 0.6451 - accuracy: 0.5691
67/67 [==============================] - 0s 5ms/step - loss: 0.6443 - accuracy: 0.5688
Epoch 7/25

 1/67 [..............................] - ETA: 0s - loss: 0.6592 - accuracy: 0.6250
12/67 [====>.........................] - ETA: 0s - loss: 0.6441 - accuracy: 0.5521
24/67 [=========>....................] - ETA: 0s - loss: 0.6425 - accuracy: 0.5651
36/67 [===============>..............] - ETA: 0s - loss: 0.6432 - accuracy: 0.5694
51/67 [=====================>........] - ETA: 0s - loss: 0.6438 - accuracy: 0.5631
65/67 [============================>.] - ETA: 0s - loss: 0.6450 - accuracy: 0.5697
67/67 [==============================] - 0s 4ms/step - loss: 0.6452 - accuracy: 0.5684
Epoch 8/25

 1/67 [..............................] - ETA: 0s - loss: 0.6283 - accuracy: 0.5312
11/67 [===>..........................] - ETA: 0s - loss: 0.6320 - accuracy: 0.5767
21/67 [========>.....................] - ETA: 0s - loss: 0.6288 - accuracy: 0.5848
31/67 [============>.................] - ETA: 0s - loss: 0.6329 - accuracy: 0.5806
42/67 [=================>............] - ETA: 0s - loss: 0.6423 - accuracy: 0.5670
51/67 [=====================>........] - ETA: 0s - loss: 0.6445 - accuracy: 0.5784
59/67 [=========================>....] - ETA: 0s - loss: 0.6447 - accuracy: 0.5742
67/67 [==============================] - 0s 6ms/step - loss: 0.6447 - accuracy: 0.5693
Epoch 9/25

 1/67 [..............................] - ETA: 0s - loss: 0.6154 - accuracy: 0.7188
11/67 [===>..........................] - ETA: 0s - loss: 0.6371 - accuracy: 0.6222
21/67 [========>.....................] - ETA: 0s - loss: 0.6453 - accuracy: 0.5952
32/67 [=============>................] - ETA: 0s - loss: 0.6428 - accuracy: 0.5840
45/67 [===================>..........] - ETA: 0s - loss: 0.6440 - accuracy: 0.5792
57/67 [========================>.....] - ETA: 0s - loss: 0.6436 - accuracy: 0.5746
67/67 [==============================] - 0s 5ms/step - loss: 0.6458 - accuracy: 0.5684
Epoch 10/25

 1/67 [..............................] - ETA: 0s - loss: 0.5600 - accuracy: 0.6875
12/67 [====>.........................] - ETA: 0s - loss: 0.6380 - accuracy: 0.5677
22/67 [========>.....................] - ETA: 0s - loss: 0.6354 - accuracy: 0.5625
27/67 [===========>..................] - ETA: 0s - loss: 0.6364 - accuracy: 0.5718
33/67 [=============>................] - ETA: 0s - loss: 0.6377 - accuracy: 0.5748
41/67 [=================>............] - ETA: 0s - loss: 0.6390 - accuracy: 0.5701
47/67 [====================>.........] - ETA: 0s - loss: 0.6410 - accuracy: 0.5698
57/67 [========================>.....] - ETA: 0s - loss: 0.6429 - accuracy: 0.5735
67/67 [==============================] - 0s 7ms/step - loss: 0.6419 - accuracy: 0.5721
Epoch 11/25

 1/67 [..............................] - ETA: 0s - loss: 0.6030 - accuracy: 0.6250
10/67 [===>..........................] - ETA: 0s - loss: 0.6253 - accuracy: 0.5969
19/67 [=======>......................] - ETA: 0s - loss: 0.6351 - accuracy: 0.5724
28/67 [===========>..................] - ETA: 0s - loss: 0.6397 - accuracy: 0.5647
36/67 [===============>..............] - ETA: 0s - loss: 0.6405 - accuracy: 0.5738
45/67 [===================>..........] - ETA: 0s - loss: 0.6387 - accuracy: 0.5743
55/67 [=======================>......] - ETA: 0s - loss: 0.6415 - accuracy: 0.5722
65/67 [============================>.] - ETA: 0s - loss: 0.6417 - accuracy: 0.5721
67/67 [==============================] - 0s 6ms/step - loss: 0.6422 - accuracy: 0.5707
Epoch 12/25

 1/67 [..............................] - ETA: 0s - loss: 0.6591 - accuracy: 0.5938
11/67 [===>..........................] - ETA: 0s - loss: 0.6392 - accuracy: 0.5795
22/67 [========>.....................] - ETA: 0s - loss: 0.6386 - accuracy: 0.5668
34/67 [==============>...............] - ETA: 0s - loss: 0.6353 - accuracy: 0.5790
45/67 [===================>..........] - ETA: 0s - loss: 0.6369 - accuracy: 0.5819
55/67 [=======================>......] - ETA: 0s - loss: 0.6412 - accuracy: 0.5722
64/67 [===========================>..] - ETA: 0s - loss: 0.6419 - accuracy: 0.5728
67/67 [==============================] - 0s 5ms/step - loss: 0.6420 - accuracy: 0.5707
Epoch 13/25

 1/67 [..............................] - ETA: 0s - loss: 0.6585 - accuracy: 0.6250
11/67 [===>..........................] - ETA: 0s - loss: 0.6425 - accuracy: 0.5710
21/67 [========>.....................] - ETA: 0s - loss: 0.6371 - accuracy: 0.5878
33/67 [=============>................] - ETA: 0s - loss: 0.6413 - accuracy: 0.5758
44/67 [==================>...........] - ETA: 0s - loss: 0.6419 - accuracy: 0.5724
55/67 [=======================>......] - ETA: 0s - loss: 0.6432 - accuracy: 0.5722
67/67 [==============================] - ETA: 0s - loss: 0.6431 - accuracy: 0.5674
67/67 [==============================] - 0s 5ms/step - loss: 0.6431 - accuracy: 0.5674
Epoch 14/25

 1/67 [..............................] - ETA: 0s - loss: 0.6437 - accuracy: 0.5938
11/67 [===>..........................] - ETA: 0s - loss: 0.6539 - accuracy: 0.5284
21/67 [========>.....................] - ETA: 0s - loss: 0.6468 - accuracy: 0.5327
31/67 [============>.................] - ETA: 0s - loss: 0.6471 - accuracy: 0.5534
40/67 [================>.............] - ETA: 0s - loss: 0.6454 - accuracy: 0.5758
50/67 [=====================>........] - ETA: 0s - loss: 0.6449 - accuracy: 0.5650
60/67 [=========================>....] - ETA: 0s - loss: 0.6439 - accuracy: 0.5698
67/67 [==============================] - 0s 5ms/step - loss: 0.6425 - accuracy: 0.5707
Epoch 15/25

 1/67 [..............................] - ETA: 0s - loss: 0.6575 - accuracy: 0.3750
11/67 [===>..........................] - ETA: 0s - loss: 0.6303 - accuracy: 0.5824
22/67 [========>.....................] - ETA: 0s - loss: 0.6322 - accuracy: 0.5866
32/67 [=============>................] - ETA: 0s - loss: 0.6343 - accuracy: 0.5869
42/67 [=================>............] - ETA: 0s - loss: 0.6406 - accuracy: 0.5766
51/67 [=====================>........] - ETA: 0s - loss: 0.6432 - accuracy: 0.5668
60/67 [=========================>....] - ETA: 0s - loss: 0.6441 - accuracy: 0.5646
67/67 [==============================] - 0s 5ms/step - loss: 0.6414 - accuracy: 0.5726
Epoch 16/25

 1/67 [..............................] - ETA: 0s - loss: 0.6659 - accuracy: 0.5625
 9/67 [===>..........................] - ETA: 0s - loss: 0.6401 - accuracy: 0.5660
18/67 [=======>......................] - ETA: 0s - loss: 0.6439 - accuracy: 0.5694
29/67 [===========>..................] - ETA: 0s - loss: 0.6473 - accuracy: 0.5582
40/67 [================>.............] - ETA: 0s - loss: 0.6438 - accuracy: 0.5617
51/67 [=====================>........] - ETA: 0s - loss: 0.6414 - accuracy: 0.5643
63/67 [===========================>..] - ETA: 0s - loss: 0.6421 - accuracy: 0.5640
67/67 [==============================] - 0s 5ms/step - loss: 0.6412 - accuracy: 0.5698
Epoch 17/25

 1/67 [..............................] - ETA: 0s - loss: 0.5703 - accuracy: 0.7188
12/67 [====>.........................] - ETA: 0s - loss: 0.6267 - accuracy: 0.5677
23/67 [=========>....................] - ETA: 0s - loss: 0.6413 - accuracy: 0.5503
33/67 [=============>................] - ETA: 0s - loss: 0.6449 - accuracy: 0.5530
42/67 [=================>............] - ETA: 0s - loss: 0.6422 - accuracy: 0.5632
52/67 [======================>.......] - ETA: 0s - loss: 0.6430 - accuracy: 0.5643
62/67 [==========================>...] - ETA: 0s - loss: 0.6412 - accuracy: 0.5660
67/67 [==============================] - 0s 5ms/step - loss: 0.6407 - accuracy: 0.5679
Epoch 18/25

 1/67 [..............................] - ETA: 0s - loss: 0.6360 - accuracy: 0.6250
11/67 [===>..........................] - ETA: 0s - loss: 0.6446 - accuracy: 0.5881
20/67 [=======>......................] - ETA: 0s - loss: 0.6453 - accuracy: 0.5844
31/67 [============>.................] - ETA: 0s - loss: 0.6421 - accuracy: 0.5917
42/67 [=================>............] - ETA: 0s - loss: 0.6394 - accuracy: 0.5893
52/67 [======================>.......] - ETA: 0s - loss: 0.6405 - accuracy: 0.5811
64/67 [===========================>..] - ETA: 0s - loss: 0.6394 - accuracy: 0.5762
67/67 [==============================] - 0s 5ms/step - loss: 0.6397 - accuracy: 0.5721
Epoch 19/25

 1/67 [..............................] - ETA: 0s - loss: 0.6037 - accuracy: 0.6250
10/67 [===>..........................] - ETA: 0s - loss: 0.6454 - accuracy: 0.6031
20/67 [=======>......................] - ETA: 0s - loss: 0.6403 - accuracy: 0.5859
30/67 [============>.................] - ETA: 0s - loss: 0.6382 - accuracy: 0.5792
41/67 [=================>............] - ETA: 0s - loss: 0.6386 - accuracy: 0.5755
52/67 [======================>.......] - ETA: 0s - loss: 0.6363 - accuracy: 0.5805
63/67 [===========================>..] - ETA: 0s - loss: 0.6388 - accuracy: 0.5749
67/67 [==============================] - 0s 5ms/step - loss: 0.6403 - accuracy: 0.5721
Epoch 20/25

 1/67 [..............................] - ETA: 0s - loss: 0.6492 - accuracy: 0.6250
 9/67 [===>..........................] - ETA: 0s - loss: 0.6630 - accuracy: 0.5486
20/67 [=======>......................] - ETA: 0s - loss: 0.6553 - accuracy: 0.5703
30/67 [============>.................] - ETA: 0s - loss: 0.6497 - accuracy: 0.5760
41/67 [=================>............] - ETA: 0s - loss: 0.6454 - accuracy: 0.5671
50/67 [=====================>........] - ETA: 0s - loss: 0.6455 - accuracy: 0.5625
58/67 [========================>.....] - ETA: 0s - loss: 0.6434 - accuracy: 0.5706
67/67 [==============================] - ETA: 0s - loss: 0.6404 - accuracy: 0.5674
67/67 [==============================] - 0s 6ms/step - loss: 0.6404 - accuracy: 0.5674
Epoch 21/25

 1/67 [..............................] - ETA: 0s - loss: 0.5667 - accuracy: 0.7500
 9/67 [===>..........................] - ETA: 0s - loss: 0.6352 - accuracy: 0.6354
18/67 [=======>......................] - ETA: 0s - loss: 0.6307 - accuracy: 0.5868
28/67 [===========>..................] - ETA: 0s - loss: 0.6368 - accuracy: 0.5815
38/67 [================>.............] - ETA: 0s - loss: 0.6378 - accuracy: 0.5798
49/67 [====================>.........] - ETA: 0s - loss: 0.6375 - accuracy: 0.5791
58/67 [========================>.....] - ETA: 0s - loss: 0.6364 - accuracy: 0.5857
67/67 [==============================] - 0s 5ms/step - loss: 0.6411 - accuracy: 0.5721
Epoch 22/25

 1/67 [..............................] - ETA: 0s - loss: 0.6430 - accuracy: 0.5938
11/67 [===>..........................] - ETA: 0s - loss: 0.6360 - accuracy: 0.5739
20/67 [=======>......................] - ETA: 0s - loss: 0.6326 - accuracy: 0.5859
29/67 [===========>..................] - ETA: 0s - loss: 0.6322 - accuracy: 0.5873
39/67 [================>.............] - ETA: 0s - loss: 0.6352 - accuracy: 0.5841
49/67 [====================>.........] - ETA: 0s - loss: 0.6405 - accuracy: 0.5772
59/67 [=========================>....] - ETA: 0s - loss: 0.6412 - accuracy: 0.5747
67/67 [==============================] - 0s 5ms/step - loss: 0.6397 - accuracy: 0.5721
Epoch 23/25

 1/67 [..............................] - ETA: 0s - loss: 0.6513 - accuracy: 0.4688
12/67 [====>.........................] - ETA: 0s - loss: 0.6436 - accuracy: 0.5573
24/67 [=========>....................] - ETA: 0s - loss: 0.6460 - accuracy: 0.5547
33/67 [=============>................] - ETA: 0s - loss: 0.6444 - accuracy: 0.5530
43/67 [==================>...........] - ETA: 0s - loss: 0.6459 - accuracy: 0.5618
53/67 [======================>.......] - ETA: 0s - loss: 0.6415 - accuracy: 0.5654
63/67 [===========================>..] - ETA: 0s - loss: 0.6383 - accuracy: 0.5739
67/67 [==============================] - 0s 5ms/step - loss: 0.6390 - accuracy: 0.5716
Epoch 24/25

 1/67 [..............................] - ETA: 0s - loss: 0.6847 - accuracy: 0.4375
10/67 [===>..........................] - ETA: 0s - loss: 0.6338 - accuracy: 0.5437
18/67 [=======>......................] - ETA: 0s - loss: 0.6456 - accuracy: 0.5608
27/67 [===========>..................] - ETA: 0s - loss: 0.6462 - accuracy: 0.5556
36/67 [===============>..............] - ETA: 0s - loss: 0.6457 - accuracy: 0.5538
46/67 [===================>..........] - ETA: 0s - loss: 0.6409 - accuracy: 0.5652
56/67 [========================>.....] - ETA: 0s - loss: 0.6399 - accuracy: 0.5692
66/67 [============================>.] - ETA: 0s - loss: 0.6399 - accuracy: 0.5703
67/67 [==============================] - 0s 6ms/step - loss: 0.6393 - accuracy: 0.5707
Epoch 25/25

 1/67 [..............................] - ETA: 0s - loss: 0.6392 - accuracy: 0.4062
11/67 [===>..........................] - ETA: 0s - loss: 0.6296 - accuracy: 0.5682
20/67 [=======>......................] - ETA: 0s - loss: 0.6379 - accuracy: 0.5750
29/67 [===========>..................] - ETA: 0s - loss: 0.6477 - accuracy: 0.5539
38/67 [================>.............] - ETA: 0s - loss: 0.6427 - accuracy: 0.5609
48/67 [====================>.........] - ETA: 0s - loss: 0.6440 - accuracy: 0.5612
59/67 [=========================>....] - ETA: 0s - loss: 0.6412 - accuracy: 0.5667
67/67 [==============================] - 0s 5ms/step - loss: 0.6396 - accuracy: 0.5726
# node2vec
Epoch 1/25

 1/67 [..............................] - ETA: 1:21 - loss: 0.6892 - accuracy: 0.5625
 4/67 [>.............................] - ETA: 1s - loss: 0.6897 - accuracy: 0.4766  
11/67 [===>..........................] - ETA: 0s - loss: 0.6867 - accuracy: 0.4773
22/67 [========>.....................] - ETA: 0s - loss: 0.6813 - accuracy: 0.5128
31/67 [============>.................] - ETA: 0s - loss: 0.6729 - accuracy: 0.5272
47/67 [====================>.........] - ETA: 0s - loss: 0.6690 - accuracy: 0.5359
63/67 [===========================>..] - ETA: 0s - loss: 0.6661 - accuracy: 0.5427
67/67 [==============================] - 2s 5ms/step - loss: 0.6644 - accuracy: 0.5455
Epoch 2/25

 1/67 [..............................] - ETA: 0s - loss: 0.6110 - accuracy: 0.7500
15/67 [=====>........................] - ETA: 0s - loss: 0.6476 - accuracy: 0.5354
33/67 [=============>................] - ETA: 0s - loss: 0.6531 - accuracy: 0.5445
48/67 [====================>.........] - ETA: 0s - loss: 0.6534 - accuracy: 0.5592
62/67 [==========================>...] - ETA: 0s - loss: 0.6551 - accuracy: 0.5655
67/67 [==============================] - 0s 3ms/step - loss: 0.6558 - accuracy: 0.5670
Epoch 3/25

 1/67 [..............................] - ETA: 0s - loss: 0.6447 - accuracy: 0.5625
16/67 [======>.......................] - ETA: 0s - loss: 0.6483 - accuracy: 0.5488
33/67 [=============>................] - ETA: 0s - loss: 0.6464 - accuracy: 0.5758
43/67 [==================>...........] - ETA: 0s - loss: 0.6505 - accuracy: 0.5610
50/67 [=====================>........] - ETA: 0s - loss: 0.6501 - accuracy: 0.5669
61/67 [==========================>...] - ETA: 0s - loss: 0.6509 - accuracy: 0.5645
67/67 [==============================] - 0s 5ms/step - loss: 0.6512 - accuracy: 0.5614
Epoch 4/25

 1/67 [..............................] - ETA: 0s - loss: 0.6397 - accuracy: 0.4375
 6/67 [=>............................] - ETA: 0s - loss: 0.6379 - accuracy: 0.5625
12/67 [====>.........................] - ETA: 0s - loss: 0.6314 - accuracy: 0.5859
19/67 [=======>......................] - ETA: 0s - loss: 0.6431 - accuracy: 0.5872
22/67 [========>.....................] - ETA: 0s - loss: 0.6388 - accuracy: 0.5952
27/67 [===========>..................] - ETA: 0s - loss: 0.6390 - accuracy: 0.5938
41/67 [=================>............] - ETA: 0s - loss: 0.6464 - accuracy: 0.5701
57/67 [========================>.....] - ETA: 0s - loss: 0.6496 - accuracy: 0.5685
67/67 [==============================] - 0s 7ms/step - loss: 0.6496 - accuracy: 0.5688
Epoch 5/25

 1/67 [..............................] - ETA: 0s - loss: 0.6307 - accuracy: 0.5625
17/67 [======>.......................] - ETA: 0s - loss: 0.6423 - accuracy: 0.5533
32/67 [=============>................] - ETA: 0s - loss: 0.6472 - accuracy: 0.5645
47/67 [====================>.........] - ETA: 0s - loss: 0.6480 - accuracy: 0.5678
58/67 [========================>.....] - ETA: 0s - loss: 0.6484 - accuracy: 0.5614
67/67 [==============================] - 0s 4ms/step - loss: 0.6490 - accuracy: 0.5679
Epoch 6/25

 1/67 [..............................] - ETA: 0s - loss: 0.6065 - accuracy: 0.6562
13/67 [====>.........................] - ETA: 0s - loss: 0.6362 - accuracy: 0.5745
25/67 [==========>...................] - ETA: 0s - loss: 0.6490 - accuracy: 0.5738
35/67 [==============>...............] - ETA: 0s - loss: 0.6478 - accuracy: 0.5741
43/67 [==================>...........] - ETA: 0s - loss: 0.6482 - accuracy: 0.5719
63/67 [===========================>..] - ETA: 0s - loss: 0.6470 - accuracy: 0.5675
67/67 [==============================] - 0s 4ms/step - loss: 0.6462 - accuracy: 0.5684
Epoch 7/25

 1/67 [..............................] - ETA: 0s - loss: 0.6212 - accuracy: 0.5625
18/67 [=======>......................] - ETA: 0s - loss: 0.6538 - accuracy: 0.5625
36/67 [===============>..............] - ETA: 0s - loss: 0.6528 - accuracy: 0.5590
47/67 [====================>.........] - ETA: 0s - loss: 0.6469 - accuracy: 0.5691
58/67 [========================>.....] - ETA: 0s - loss: 0.6462 - accuracy: 0.5700
67/67 [==============================] - 0s 4ms/step - loss: 0.6463 - accuracy: 0.5670
Epoch 8/25

 1/67 [..............................] - ETA: 0s - loss: 0.6454 - accuracy: 0.5625
17/67 [======>.......................] - ETA: 0s - loss: 0.6443 - accuracy: 0.5643
32/67 [=============>................] - ETA: 0s - loss: 0.6378 - accuracy: 0.5928
50/67 [=====================>........] - ETA: 0s - loss: 0.6474 - accuracy: 0.5713
67/67 [==============================] - 0s 3ms/step - loss: 0.6437 - accuracy: 0.5726
Epoch 9/25

 1/67 [..............................] - ETA: 0s - loss: 0.7014 - accuracy: 0.4688
16/67 [======>.......................] - ETA: 0s - loss: 0.6405 - accuracy: 0.5371
32/67 [=============>................] - ETA: 0s - loss: 0.6420 - accuracy: 0.5420
45/67 [===================>..........] - ETA: 0s - loss: 0.6431 - accuracy: 0.5576
62/67 [==========================>...] - ETA: 0s - loss: 0.6452 - accuracy: 0.5665
67/67 [==============================] - 0s 3ms/step - loss: 0.6450 - accuracy: 0.5716
Epoch 10/25

 1/67 [..............................] - ETA: 0s - loss: 0.5644 - accuracy: 0.6875
13/67 [====>.........................] - ETA: 0s - loss: 0.6410 - accuracy: 0.5673
31/67 [============>.................] - ETA: 0s - loss: 0.6369 - accuracy: 0.5635
43/67 [==================>...........] - ETA: 0s - loss: 0.6368 - accuracy: 0.5625
54/67 [=======================>......] - ETA: 0s - loss: 0.6399 - accuracy: 0.5637
67/67 [==============================] - ETA: 0s - loss: 0.6437 - accuracy: 0.5656
67/67 [==============================] - 0s 4ms/step - loss: 0.6437 - accuracy: 0.5656
Epoch 11/25

 1/67 [..............................] - ETA: 0s - loss: 0.6459 - accuracy: 0.5938
15/67 [=====>........................] - ETA: 0s - loss: 0.6335 - accuracy: 0.5750
28/67 [===========>..................] - ETA: 0s - loss: 0.6415 - accuracy: 0.5681
39/67 [================>.............] - ETA: 0s - loss: 0.6419 - accuracy: 0.5713
47/67 [====================>.........] - ETA: 0s - loss: 0.6430 - accuracy: 0.5738
55/67 [=======================>......] - ETA: 0s - loss: 0.6420 - accuracy: 0.5705
67/67 [==============================] - ETA: 0s - loss: 0.6432 - accuracy: 0.5707
67/67 [==============================] - 0s 5ms/step - loss: 0.6432 - accuracy: 0.5707
Epoch 12/25

 1/67 [..............................] - ETA: 0s - loss: 0.6591 - accuracy: 0.5000
17/67 [======>.......................] - ETA: 0s - loss: 0.6461 - accuracy: 0.5680
30/67 [============>.................] - ETA: 0s - loss: 0.6440 - accuracy: 0.5740
40/67 [================>.............] - ETA: 0s - loss: 0.6476 - accuracy: 0.5672
42/67 [=================>............] - ETA: 0s - loss: 0.6475 - accuracy: 0.5647
61/67 [==========================>...] - ETA: 0s - loss: 0.6443 - accuracy: 0.5712
67/67 [==============================] - 1s 16ms/step - loss: 0.6419 - accuracy: 0.5716
Epoch 13/25

 1/67 [..............................] - ETA: 0s - loss: 0.6445 - accuracy: 0.5938
18/67 [=======>......................] - ETA: 0s - loss: 0.6435 - accuracy: 0.5642
36/67 [===============>..............] - ETA: 0s - loss: 0.6402 - accuracy: 0.5686
50/67 [=====================>........] - ETA: 0s - loss: 0.6429 - accuracy: 0.5606
63/67 [===========================>..] - ETA: 0s - loss: 0.6438 - accuracy: 0.5635
67/67 [==============================] - 0s 3ms/step - loss: 0.6440 - accuracy: 0.5674
Epoch 14/25

 1/67 [..............................] - ETA: 0s - loss: 0.6141 - accuracy: 0.5625
11/67 [===>..........................] - ETA: 0s - loss: 0.6435 - accuracy: 0.5568
22/67 [========>.....................] - ETA: 0s - loss: 0.6386 - accuracy: 0.5795
33/67 [=============>................] - ETA: 0s - loss: 0.6433 - accuracy: 0.5767
46/67 [===================>..........] - ETA: 0s - loss: 0.6400 - accuracy: 0.5693
54/67 [=======================>......] - ETA: 0s - loss: 0.6397 - accuracy: 0.5741
67/67 [==============================] - 0s 5ms/step - loss: 0.6426 - accuracy: 0.5698
Epoch 15/25

 1/67 [..............................] - ETA: 0s - loss: 0.5879 - accuracy: 0.7188
12/67 [====>.........................] - ETA: 0s - loss: 0.6412 - accuracy: 0.5651
19/67 [=======>......................] - ETA: 0s - loss: 0.6427 - accuracy: 0.5789
27/67 [===========>..................] - ETA: 0s - loss: 0.6380 - accuracy: 0.5880
37/67 [===============>..............] - ETA: 0s - loss: 0.6406 - accuracy: 0.5777
51/67 [=====================>........] - ETA: 0s - loss: 0.6383 - accuracy: 0.5797
65/67 [============================>.] - ETA: 0s - loss: 0.6405 - accuracy: 0.5707
67/67 [==============================] - 0s 5ms/step - loss: 0.6399 - accuracy: 0.5740
Epoch 16/25

 1/67 [..............................] - ETA: 0s - loss: 0.6325 - accuracy: 0.5625
19/67 [=======>......................] - ETA: 0s - loss: 0.6400 - accuracy: 0.5625
37/67 [===============>..............] - ETA: 0s - loss: 0.6434 - accuracy: 0.5676
56/67 [========================>.....] - ETA: 0s - loss: 0.6416 - accuracy: 0.5658
67/67 [==============================] - 0s 3ms/step - loss: 0.6442 - accuracy: 0.5670
Epoch 17/25

 1/67 [..............................] - ETA: 0s - loss: 0.6204 - accuracy: 0.6250
19/67 [=======>......................] - ETA: 0s - loss: 0.6435 - accuracy: 0.5888
37/67 [===============>..............] - ETA: 0s - loss: 0.6402 - accuracy: 0.5743
54/67 [=======================>......] - ETA: 0s - loss: 0.6418 - accuracy: 0.5700
67/67 [==============================] - 0s 3ms/step - loss: 0.6407 - accuracy: 0.5716
Epoch 18/25

 1/67 [..............................] - ETA: 0s - loss: 0.6871 - accuracy: 0.5625
12/67 [====>.........................] - ETA: 0s - loss: 0.6543 - accuracy: 0.5547
24/67 [=========>....................] - ETA: 0s - loss: 0.6360 - accuracy: 0.5833
35/67 [==============>...............] - ETA: 0s - loss: 0.6342 - accuracy: 0.5839
52/67 [======================>.......] - ETA: 0s - loss: 0.6376 - accuracy: 0.5787
67/67 [==============================] - 0s 4ms/step - loss: 0.6403 - accuracy: 0.5698
Epoch 19/25

 1/67 [..............................] - ETA: 0s - loss: 0.6576 - accuracy: 0.6250
20/67 [=======>......................] - ETA: 0s - loss: 0.6395 - accuracy: 0.5781
35/67 [==============>...............] - ETA: 0s - loss: 0.6442 - accuracy: 0.5643
42/67 [=================>............] - ETA: 0s - loss: 0.6476 - accuracy: 0.5528
48/67 [====================>.........] - ETA: 0s - loss: 0.6467 - accuracy: 0.5534
55/67 [=======================>......] - ETA: 0s - loss: 0.6471 - accuracy: 0.5574
61/67 [==========================>...] - ETA: 0s - loss: 0.6440 - accuracy: 0.5656
65/67 [============================>.] - ETA: 0s - loss: 0.6437 - accuracy: 0.5683
67/67 [==============================] - 0s 6ms/step - loss: 0.6425 - accuracy: 0.5721
Epoch 20/25

 1/67 [..............................] - ETA: 0s - loss: 0.6518 - accuracy: 0.5312
13/67 [====>.........................] - ETA: 0s - loss: 0.6367 - accuracy: 0.5913
25/67 [==========>...................] - ETA: 0s - loss: 0.6350 - accuracy: 0.5900
43/67 [==================>...........] - ETA: 0s - loss: 0.6393 - accuracy: 0.5843
61/67 [==========================>...] - ETA: 0s - loss: 0.6426 - accuracy: 0.5707
67/67 [==============================] - 0s 3ms/step - loss: 0.6426 - accuracy: 0.5670
Epoch 21/25

 1/67 [..............................] - ETA: 0s - loss: 0.6603 - accuracy: 0.5312
18/67 [=======>......................] - ETA: 0s - loss: 0.6427 - accuracy: 0.5764
34/67 [==============>...............] - ETA: 0s - loss: 0.6452 - accuracy: 0.5763
47/67 [====================>.........] - ETA: 0s - loss: 0.6409 - accuracy: 0.5731
61/67 [==========================>...] - ETA: 0s - loss: 0.6387 - accuracy: 0.5733
67/67 [==============================] - 0s 4ms/step - loss: 0.6407 - accuracy: 0.5712
Epoch 22/25

 1/67 [..............................] - ETA: 0s - loss: 0.6062 - accuracy: 0.5938
18/67 [=======>......................] - ETA: 0s - loss: 0.6444 - accuracy: 0.5469
31/67 [============>.................] - ETA: 0s - loss: 0.6459 - accuracy: 0.5595
44/67 [==================>...........] - ETA: 0s - loss: 0.6455 - accuracy: 0.5526
55/67 [=======================>......] - ETA: 0s - loss: 0.6425 - accuracy: 0.5676
62/67 [==========================>...] - ETA: 0s - loss: 0.6409 - accuracy: 0.5706
67/67 [==============================] - 0s 4ms/step - loss: 0.6407 - accuracy: 0.5693
Epoch 23/25

 1/67 [..............................] - ETA: 0s - loss: 0.6355 - accuracy: 0.6562
19/67 [=======>......................] - ETA: 0s - loss: 0.6341 - accuracy: 0.5740
41/67 [=================>............] - ETA: 0s - loss: 0.6395 - accuracy: 0.5701
58/67 [========================>.....] - ETA: 0s - loss: 0.6389 - accuracy: 0.5673
67/67 [==============================] - 0s 3ms/step - loss: 0.6408 - accuracy: 0.5721
Epoch 24/25

 1/67 [..............................] - ETA: 0s - loss: 0.6723 - accuracy: 0.5312
13/67 [====>.........................] - ETA: 0s - loss: 0.6499 - accuracy: 0.5529
28/67 [===========>..................] - ETA: 0s - loss: 0.6402 - accuracy: 0.5592
47/67 [====================>.........] - ETA: 0s - loss: 0.6406 - accuracy: 0.5585
62/67 [==========================>...] - ETA: 0s - loss: 0.6417 - accuracy: 0.5680
67/67 [==============================] - 0s 3ms/step - loss: 0.6394 - accuracy: 0.5698
Epoch 25/25

 1/67 [..............................] - ETA: 0s - loss: 0.6086 - accuracy: 0.6250
17/67 [======>.......................] - ETA: 0s - loss: 0.6394 - accuracy: 0.5790
34/67 [==============>...............] - ETA: 0s - loss: 0.6422 - accuracy: 0.5744
48/67 [====================>.........] - ETA: 0s - loss: 0.6424 - accuracy: 0.5729
58/67 [========================>.....] - ETA: 0s - loss: 0.6418 - accuracy: 0.5684
67/67 [==============================] - 0s 4ms/step - loss: 0.6410 - accuracy: 0.5688
# predict: steps=1872
# predict: tnodeembed_metrics
# predict: node2vec_metrics
tnodeembed: {'auc': 0.5242223754248974, 'f1_micro': 0.5229443590942489, 'f1_macro': 0.39493771979213066} tNodeEmbed_final_loss=0.639578640460968 tNodeEmbed_final_accuracy=0.5725618004798889 
node2vec: {'auc': 0.523434537061323, 'f1_micro': 0.5222764010420146, 'f1_macro': 0.3951963066283263} node2vec_final_loss=0.6410355567932129 node2vec_final_accuracy=0.5688287615776062 
