# load graph
Processing Static file: filename='interactions_with_dates_1992_nodes_33_edges_36_component_0.edges'
# initialize tNodeEmbed for dataset=PPI, test_size=0.2
# load dataset
# fit
# tNodeEmbed
Epoch 1/25

 1/67 [..............................] - ETA: 4:12 - loss: 0.6919 - accuracy: 0.5000
 7/67 [==>...........................] - ETA: 0s - loss: 0.6887 - accuracy: 0.5223  
15/67 [=====>........................] - ETA: 0s - loss: 0.6862 - accuracy: 0.5083
24/67 [=========>....................] - ETA: 0s - loss: 0.6762 - accuracy: 0.5091
32/67 [=============>................] - ETA: 0s - loss: 0.6688 - accuracy: 0.5146
34/67 [==============>...............] - ETA: 0s - loss: 0.6669 - accuracy: 0.5267
42/67 [=================>............] - ETA: 0s - loss: 0.6656 - accuracy: 0.5402
50/67 [=====================>........] - ETA: 0s - loss: 0.6631 - accuracy: 0.5575
57/67 [========================>.....] - ETA: 0s - loss: 0.6614 - accuracy: 0.5647
67/67 [==============================] - 4s 7ms/step - loss: 0.6585 - accuracy: 0.5716
Epoch 2/25

 1/67 [..............................] - ETA: 0s - loss: 0.6086 - accuracy: 0.6250
13/67 [====>.........................] - ETA: 0s - loss: 0.6569 - accuracy: 0.5889
26/67 [==========>...................] - ETA: 0s - loss: 0.6499 - accuracy: 0.5974
40/67 [================>.............] - ETA: 0s - loss: 0.6401 - accuracy: 0.6109
51/67 [=====================>........] - ETA: 0s - loss: 0.6426 - accuracy: 0.6085
63/67 [===========================>..] - ETA: 0s - loss: 0.6414 - accuracy: 0.6086
67/67 [==============================] - 0s 4ms/step - loss: 0.6388 - accuracy: 0.6127
Epoch 3/25

 1/67 [..............................] - ETA: 0s - loss: 0.6286 - accuracy: 0.6875
13/67 [====>.........................] - ETA: 0s - loss: 0.6441 - accuracy: 0.5986
24/67 [=========>....................] - ETA: 0s - loss: 0.6388 - accuracy: 0.5846
34/67 [==============>...............] - ETA: 0s - loss: 0.6391 - accuracy: 0.5956
43/67 [==================>...........] - ETA: 0s - loss: 0.6382 - accuracy: 0.5996
54/67 [=======================>......] - ETA: 0s - loss: 0.6348 - accuracy: 0.6065
63/67 [===========================>..] - ETA: 0s - loss: 0.6348 - accuracy: 0.6052
67/67 [==============================] - 0s 5ms/step - loss: 0.6331 - accuracy: 0.6094
Epoch 4/25

 1/67 [..............................] - ETA: 0s - loss: 0.6245 - accuracy: 0.5625
12/67 [====>.........................] - ETA: 0s - loss: 0.6349 - accuracy: 0.5807
22/67 [========>.....................] - ETA: 0s - loss: 0.6311 - accuracy: 0.6009
31/67 [============>.................] - ETA: 0s - loss: 0.6297 - accuracy: 0.5998
41/67 [=================>............] - ETA: 0s - loss: 0.6240 - accuracy: 0.6143
51/67 [=====================>........] - ETA: 0s - loss: 0.6223 - accuracy: 0.6140
61/67 [==========================>...] - ETA: 0s - loss: 0.6248 - accuracy: 0.6096
67/67 [==============================] - 0s 5ms/step - loss: 0.6236 - accuracy: 0.6118
Epoch 5/25

 1/67 [..............................] - ETA: 0s - loss: 0.5991 - accuracy: 0.6250
12/67 [====>.........................] - ETA: 0s - loss: 0.5996 - accuracy: 0.6536
23/67 [=========>....................] - ETA: 0s - loss: 0.6147 - accuracy: 0.6304
33/67 [=============>................] - ETA: 0s - loss: 0.6145 - accuracy: 0.6259
44/67 [==================>...........] - ETA: 0s - loss: 0.6155 - accuracy: 0.6186
55/67 [=======================>......] - ETA: 0s - loss: 0.6206 - accuracy: 0.6091
66/67 [============================>.] - ETA: 0s - loss: 0.6183 - accuracy: 0.6135
67/67 [==============================] - 0s 5ms/step - loss: 0.6183 - accuracy: 0.6136
Epoch 6/25

 1/67 [..............................] - ETA: 0s - loss: 0.6617 - accuracy: 0.5625
11/67 [===>..........................] - ETA: 0s - loss: 0.6047 - accuracy: 0.6392
21/67 [========>.....................] - ETA: 0s - loss: 0.6115 - accuracy: 0.6324
30/67 [============>.................] - ETA: 0s - loss: 0.6135 - accuracy: 0.6260
40/67 [================>.............] - ETA: 0s - loss: 0.6141 - accuracy: 0.6289
49/67 [====================>.........] - ETA: 0s - loss: 0.6180 - accuracy: 0.6180
59/67 [=========================>....] - ETA: 0s - loss: 0.6149 - accuracy: 0.6176
67/67 [==============================] - 0s 5ms/step - loss: 0.6142 - accuracy: 0.6188
Epoch 7/25

 1/67 [..............................] - ETA: 0s - loss: 0.5416 - accuracy: 0.6562
 9/67 [===>..........................] - ETA: 0s - loss: 0.5777 - accuracy: 0.6285
19/67 [=======>......................] - ETA: 0s - loss: 0.6217 - accuracy: 0.5905
30/67 [============>.................] - ETA: 0s - loss: 0.6234 - accuracy: 0.5906
40/67 [================>.............] - ETA: 0s - loss: 0.6154 - accuracy: 0.6047
49/67 [====================>.........] - ETA: 0s - loss: 0.6145 - accuracy: 0.6097
59/67 [=========================>....] - ETA: 0s - loss: 0.6110 - accuracy: 0.6202
67/67 [==============================] - 0s 5ms/step - loss: 0.6098 - accuracy: 0.6234
Epoch 8/25

 1/67 [..............................] - ETA: 0s - loss: 0.5375 - accuracy: 0.6562
11/67 [===>..........................] - ETA: 0s - loss: 0.6178 - accuracy: 0.5881
21/67 [========>.....................] - ETA: 0s - loss: 0.6031 - accuracy: 0.6161
31/67 [============>.................] - ETA: 0s - loss: 0.6061 - accuracy: 0.6200
43/67 [==================>...........] - ETA: 0s - loss: 0.6042 - accuracy: 0.6199
55/67 [=======================>......] - ETA: 0s - loss: 0.6078 - accuracy: 0.6187
65/67 [============================>.] - ETA: 0s - loss: 0.6075 - accuracy: 0.6212
67/67 [==============================] - 0s 5ms/step - loss: 0.6083 - accuracy: 0.6202
Epoch 9/25

 1/67 [..............................] - ETA: 0s - loss: 0.5670 - accuracy: 0.6875
10/67 [===>..........................] - ETA: 0s - loss: 0.6123 - accuracy: 0.6375
22/67 [========>.....................] - ETA: 0s - loss: 0.6119 - accuracy: 0.6179
35/67 [==============>...............] - ETA: 0s - loss: 0.6108 - accuracy: 0.6205
47/67 [====================>.........] - ETA: 0s - loss: 0.6082 - accuracy: 0.6190
57/67 [========================>.....] - ETA: 0s - loss: 0.6081 - accuracy: 0.6173
65/67 [============================>.] - ETA: 0s - loss: 0.6032 - accuracy: 0.6236
66/67 [============================>.] - ETA: 0s - loss: 0.6037 - accuracy: 0.6225
67/67 [==============================] - 2s 23ms/step - loss: 0.6043 - accuracy: 0.6206
Epoch 10/25

 1/67 [..............................] - ETA: 0s - loss: 0.6209 - accuracy: 0.6562
10/67 [===>..........................] - ETA: 0s - loss: 0.5811 - accuracy: 0.6344
21/67 [========>.....................] - ETA: 0s - loss: 0.5917 - accuracy: 0.6265
32/67 [=============>................] - ETA: 0s - loss: 0.5995 - accuracy: 0.6260
42/67 [=================>............] - ETA: 0s - loss: 0.5945 - accuracy: 0.6362
54/67 [=======================>......] - ETA: 0s - loss: 0.5992 - accuracy: 0.6285
66/67 [============================>.] - ETA: 0s - loss: 0.6014 - accuracy: 0.6258
67/67 [==============================] - 0s 5ms/step - loss: 0.6013 - accuracy: 0.6262
Epoch 11/25

 1/67 [..............................] - ETA: 0s - loss: 0.6937 - accuracy: 0.5312
11/67 [===>..........................] - ETA: 0s - loss: 0.6004 - accuracy: 0.6250
20/67 [=======>......................] - ETA: 0s - loss: 0.5935 - accuracy: 0.6234
31/67 [============>.................] - ETA: 0s - loss: 0.5922 - accuracy: 0.6250
43/67 [==================>...........] - ETA: 0s - loss: 0.5958 - accuracy: 0.6272
55/67 [=======================>......] - ETA: 0s - loss: 0.5995 - accuracy: 0.6244
67/67 [==============================] - ETA: 0s - loss: 0.5997 - accuracy: 0.6262
67/67 [==============================] - 0s 5ms/step - loss: 0.5997 - accuracy: 0.6262
Epoch 12/25

 1/67 [..............................] - ETA: 0s - loss: 0.6210 - accuracy: 0.5938
11/67 [===>..........................] - ETA: 0s - loss: 0.5965 - accuracy: 0.6193
22/67 [========>.....................] - ETA: 0s - loss: 0.6005 - accuracy: 0.6122
34/67 [==============>...............] - ETA: 0s - loss: 0.5983 - accuracy: 0.6204
46/67 [===================>..........] - ETA: 0s - loss: 0.5967 - accuracy: 0.6236
58/67 [========================>.....] - ETA: 0s - loss: 0.6004 - accuracy: 0.6191
67/67 [==============================] - 0s 5ms/step - loss: 0.5995 - accuracy: 0.6244
Epoch 13/25

 1/67 [..............................] - ETA: 0s - loss: 0.5279 - accuracy: 0.6875
11/67 [===>..........................] - ETA: 0s - loss: 0.6115 - accuracy: 0.5767
21/67 [========>.....................] - ETA: 0s - loss: 0.5982 - accuracy: 0.6071
31/67 [============>.................] - ETA: 0s - loss: 0.5944 - accuracy: 0.6190
41/67 [=================>............] - ETA: 0s - loss: 0.6008 - accuracy: 0.6128
53/67 [======================>.......] - ETA: 0s - loss: 0.5976 - accuracy: 0.6203
64/67 [===========================>..] - ETA: 0s - loss: 0.5994 - accuracy: 0.6201
67/67 [==============================] - 0s 5ms/step - loss: 0.5989 - accuracy: 0.6206
Epoch 14/25

 1/67 [..............................] - ETA: 0s - loss: 0.6189 - accuracy: 0.5625
12/67 [====>.........................] - ETA: 0s - loss: 0.5996 - accuracy: 0.6068
23/67 [=========>....................] - ETA: 0s - loss: 0.5966 - accuracy: 0.6277
33/67 [=============>................] - ETA: 0s - loss: 0.5967 - accuracy: 0.6193
43/67 [==================>...........] - ETA: 0s - loss: 0.5959 - accuracy: 0.6279
52/67 [======================>.......] - ETA: 0s - loss: 0.5967 - accuracy: 0.6226
64/67 [===========================>..] - ETA: 0s - loss: 0.5955 - accuracy: 0.6289
67/67 [==============================] - 0s 5ms/step - loss: 0.5967 - accuracy: 0.6267
Epoch 15/25

 1/67 [..............................] - ETA: 0s - loss: 0.5577 - accuracy: 0.6875
10/67 [===>..........................] - ETA: 0s - loss: 0.5654 - accuracy: 0.6625
21/67 [========>.....................] - ETA: 0s - loss: 0.5739 - accuracy: 0.6592
34/67 [==============>...............] - ETA: 0s - loss: 0.5951 - accuracy: 0.6305
45/67 [===================>..........] - ETA: 0s - loss: 0.5990 - accuracy: 0.6243
56/67 [========================>.....] - ETA: 0s - loss: 0.5994 - accuracy: 0.6256
66/67 [============================>.] - ETA: 0s - loss: 0.5960 - accuracy: 0.6243
67/67 [==============================] - 0s 5ms/step - loss: 0.5950 - accuracy: 0.6276
Epoch 16/25

 1/67 [..............................] - ETA: 0s - loss: 0.6578 - accuracy: 0.5312
10/67 [===>..........................] - ETA: 0s - loss: 0.5885 - accuracy: 0.6313
20/67 [=======>......................] - ETA: 0s - loss: 0.6031 - accuracy: 0.6219
30/67 [============>.................] - ETA: 0s - loss: 0.6001 - accuracy: 0.6167
40/67 [================>.............] - ETA: 0s - loss: 0.5982 - accuracy: 0.6250
49/67 [====================>.........] - ETA: 0s - loss: 0.5972 - accuracy: 0.6224
59/67 [=========================>....] - ETA: 0s - loss: 0.5978 - accuracy: 0.6250
67/67 [==============================] - 0s 5ms/step - loss: 0.5948 - accuracy: 0.6267
Epoch 17/25

 1/67 [..............................] - ETA: 0s - loss: 0.6677 - accuracy: 0.5312
11/67 [===>..........................] - ETA: 0s - loss: 0.6058 - accuracy: 0.6136
21/67 [========>.....................] - ETA: 0s - loss: 0.6087 - accuracy: 0.6042
31/67 [============>.................] - ETA: 0s - loss: 0.6003 - accuracy: 0.6159
33/67 [=============>................] - ETA: 0s - loss: 0.5957 - accuracy: 0.6212
38/67 [================>.............] - ETA: 0s - loss: 0.5960 - accuracy: 0.6225
46/67 [===================>..........] - ETA: 0s - loss: 0.6001 - accuracy: 0.6182
53/67 [======================>.......] - ETA: 0s - loss: 0.5976 - accuracy: 0.6226
64/67 [===========================>..] - ETA: 0s - loss: 0.5952 - accuracy: 0.6255
67/67 [==============================] - 0s 7ms/step - loss: 0.5950 - accuracy: 0.6276
Epoch 18/25

 1/67 [..............................] - ETA: 0s - loss: 0.6312 - accuracy: 0.5312
10/67 [===>..........................] - ETA: 0s - loss: 0.5597 - accuracy: 0.6781
20/67 [=======>......................] - ETA: 0s - loss: 0.5834 - accuracy: 0.6562
30/67 [============>.................] - ETA: 0s - loss: 0.5840 - accuracy: 0.6500
40/67 [================>.............] - ETA: 0s - loss: 0.5913 - accuracy: 0.6398
51/67 [=====================>........] - ETA: 0s - loss: 0.5924 - accuracy: 0.6299
61/67 [==========================>...] - ETA: 0s - loss: 0.5929 - accuracy: 0.6281
67/67 [==============================] - 0s 5ms/step - loss: 0.5933 - accuracy: 0.6272
Epoch 19/25

 1/67 [..............................] - ETA: 0s - loss: 0.6227 - accuracy: 0.6250
10/67 [===>..........................] - ETA: 0s - loss: 0.6092 - accuracy: 0.5906
20/67 [=======>......................] - ETA: 0s - loss: 0.5959 - accuracy: 0.6109
30/67 [============>.................] - ETA: 0s - loss: 0.5987 - accuracy: 0.6177
40/67 [================>.............] - ETA: 0s - loss: 0.5921 - accuracy: 0.6187
50/67 [=====================>........] - ETA: 0s - loss: 0.5894 - accuracy: 0.6275
60/67 [=========================>....] - ETA: 0s - loss: 0.5896 - accuracy: 0.6313
67/67 [==============================] - 0s 5ms/step - loss: 0.5920 - accuracy: 0.6262
Epoch 20/25

 1/67 [..............................] - ETA: 0s - loss: 0.5318 - accuracy: 0.6562
 8/67 [==>...........................] - ETA: 0s - loss: 0.6141 - accuracy: 0.6250
18/67 [=======>......................] - ETA: 0s - loss: 0.5962 - accuracy: 0.6250
27/67 [===========>..................] - ETA: 0s - loss: 0.5988 - accuracy: 0.6250
37/67 [===============>..............] - ETA: 0s - loss: 0.5938 - accuracy: 0.6258
45/67 [===================>..........] - ETA: 0s - loss: 0.5937 - accuracy: 0.6292
54/67 [=======================>......] - ETA: 0s - loss: 0.5922 - accuracy: 0.6267
64/67 [===========================>..] - ETA: 0s - loss: 0.5924 - accuracy: 0.6294
67/67 [==============================] - 0s 6ms/step - loss: 0.5912 - accuracy: 0.6309
Epoch 21/25

 1/67 [..............................] - ETA: 0s - loss: 0.6243 - accuracy: 0.5000
10/67 [===>..........................] - ETA: 0s - loss: 0.5852 - accuracy: 0.6438
20/67 [=======>......................] - ETA: 0s - loss: 0.5953 - accuracy: 0.6281
30/67 [============>.................] - ETA: 0s - loss: 0.5889 - accuracy: 0.6396
41/67 [=================>............] - ETA: 0s - loss: 0.5879 - accuracy: 0.6364
51/67 [=====================>........] - ETA: 0s - loss: 0.5912 - accuracy: 0.6317
61/67 [==========================>...] - ETA: 0s - loss: 0.5879 - accuracy: 0.6311
67/67 [==============================] - 0s 5ms/step - loss: 0.5906 - accuracy: 0.6258
Epoch 22/25

 1/67 [..............................] - ETA: 0s - loss: 0.5909 - accuracy: 0.5938
11/67 [===>..........................] - ETA: 0s - loss: 0.5962 - accuracy: 0.6222
21/67 [========>.....................] - ETA: 0s - loss: 0.5959 - accuracy: 0.6220
30/67 [============>.................] - ETA: 0s - loss: 0.5941 - accuracy: 0.6219
40/67 [================>.............] - ETA: 0s - loss: 0.5975 - accuracy: 0.6234
51/67 [=====================>........] - ETA: 0s - loss: 0.5952 - accuracy: 0.6275
61/67 [==========================>...] - ETA: 0s - loss: 0.5922 - accuracy: 0.6260
67/67 [==============================] - 0s 5ms/step - loss: 0.5884 - accuracy: 0.6323
Epoch 23/25

 1/67 [..............................] - ETA: 0s - loss: 0.5670 - accuracy: 0.6562
10/67 [===>..........................] - ETA: 0s - loss: 0.5699 - accuracy: 0.6406
19/67 [=======>......................] - ETA: 0s - loss: 0.5724 - accuracy: 0.6464
29/67 [===========>..................] - ETA: 0s - loss: 0.5780 - accuracy: 0.6444
39/67 [================>.............] - ETA: 0s - loss: 0.5840 - accuracy: 0.6370
49/67 [====================>.........] - ETA: 0s - loss: 0.5842 - accuracy: 0.6365
60/67 [=========================>....] - ETA: 0s - loss: 0.5856 - accuracy: 0.6323
67/67 [==============================] - 0s 5ms/step - loss: 0.5908 - accuracy: 0.6253
Epoch 24/25

 1/67 [..............................] - ETA: 0s - loss: 0.5299 - accuracy: 0.6875
 9/67 [===>..........................] - ETA: 0s - loss: 0.5988 - accuracy: 0.6111
20/67 [=======>......................] - ETA: 0s - loss: 0.5866 - accuracy: 0.6359
30/67 [============>.................] - ETA: 0s - loss: 0.5875 - accuracy: 0.6187
38/67 [================>.............] - ETA: 0s - loss: 0.5889 - accuracy: 0.6275
47/67 [====================>.........] - ETA: 0s - loss: 0.5839 - accuracy: 0.6410
56/67 [========================>.....] - ETA: 0s - loss: 0.5871 - accuracy: 0.6317
65/67 [============================>.] - ETA: 0s - loss: 0.5893 - accuracy: 0.6308
67/67 [==============================] - 0s 6ms/step - loss: 0.5878 - accuracy: 0.6309
Epoch 25/25

 1/67 [..............................] - ETA: 0s - loss: 0.5828 - accuracy: 0.7188
10/67 [===>..........................] - ETA: 0s - loss: 0.5952 - accuracy: 0.6438
20/67 [=======>......................] - ETA: 0s - loss: 0.5920 - accuracy: 0.6297
30/67 [============>.................] - ETA: 0s - loss: 0.5849 - accuracy: 0.6406
39/67 [================>.............] - ETA: 0s - loss: 0.5909 - accuracy: 0.6290
49/67 [====================>.........] - ETA: 0s - loss: 0.5927 - accuracy: 0.6224
57/67 [========================>.....] - ETA: 0s - loss: 0.5963 - accuracy: 0.6206
66/67 [============================>.] - ETA: 0s - loss: 0.5915 - accuracy: 0.6291
67/67 [==============================] - 0s 6ms/step - loss: 0.5914 - accuracy: 0.6276
# node2vec
Epoch 1/25

 1/67 [..............................] - ETA: 52s - loss: 0.6933 - accuracy: 0.5625
27/67 [===========>..................] - ETA: 0s - loss: 0.6577 - accuracy: 0.5509 
57/67 [========================>.....] - ETA: 0s - loss: 0.6486 - accuracy: 0.5877
67/67 [==============================] - 1s 2ms/step - loss: 0.6497 - accuracy: 0.5940
Epoch 2/25

 1/67 [..............................] - ETA: 0s - loss: 0.5567 - accuracy: 0.6875
23/67 [=========>....................] - ETA: 0s - loss: 0.6323 - accuracy: 0.6114
46/67 [===================>..........] - ETA: 0s - loss: 0.6427 - accuracy: 0.6107
67/67 [==============================] - 0s 2ms/step - loss: 0.6381 - accuracy: 0.6104
Epoch 3/25

 1/67 [..............................] - ETA: 0s - loss: 0.6657 - accuracy: 0.5000
24/67 [=========>....................] - ETA: 0s - loss: 0.6201 - accuracy: 0.6211
50/67 [=====================>........] - ETA: 0s - loss: 0.6250 - accuracy: 0.6194
67/67 [==============================] - 0s 2ms/step - loss: 0.6293 - accuracy: 0.6094
Epoch 4/25

 1/67 [..............................] - ETA: 0s - loss: 0.6856 - accuracy: 0.6250
28/67 [===========>..................] - ETA: 0s - loss: 0.6102 - accuracy: 0.6161
52/67 [======================>.......] - ETA: 0s - loss: 0.6203 - accuracy: 0.6124
67/67 [==============================] - 0s 2ms/step - loss: 0.6217 - accuracy: 0.6183
Epoch 5/25

 1/67 [..............................] - ETA: 0s - loss: 0.6059 - accuracy: 0.6250
24/67 [=========>....................] - ETA: 0s - loss: 0.6231 - accuracy: 0.6068
53/67 [======================>.......] - ETA: 0s - loss: 0.6183 - accuracy: 0.6185
67/67 [==============================] - 0s 2ms/step - loss: 0.6197 - accuracy: 0.6188
Epoch 6/25

 1/67 [..............................] - ETA: 0s - loss: 0.6129 - accuracy: 0.5938
29/67 [===========>..................] - ETA: 0s - loss: 0.6080 - accuracy: 0.6347
58/67 [========================>.....] - ETA: 0s - loss: 0.6129 - accuracy: 0.6239
67/67 [==============================] - 0s 2ms/step - loss: 0.6127 - accuracy: 0.6239
Epoch 7/25

 1/67 [..............................] - ETA: 0s - loss: 0.5894 - accuracy: 0.6562
28/67 [===========>..................] - ETA: 0s - loss: 0.6070 - accuracy: 0.6239
60/67 [=========================>....] - ETA: 0s - loss: 0.6152 - accuracy: 0.6151
67/67 [==============================] - 0s 2ms/step - loss: 0.6140 - accuracy: 0.6188
Epoch 8/25

 1/67 [..............................] - ETA: 0s - loss: 0.6387 - accuracy: 0.5625
26/67 [==========>...................] - ETA: 0s - loss: 0.5953 - accuracy: 0.6442
57/67 [========================>.....] - ETA: 0s - loss: 0.6106 - accuracy: 0.6228
67/67 [==============================] - 0s 2ms/step - loss: 0.6130 - accuracy: 0.6216
Epoch 9/25

 1/67 [..............................] - ETA: 0s - loss: 0.5413 - accuracy: 0.7188
33/67 [=============>................] - ETA: 0s - loss: 0.6076 - accuracy: 0.6345
67/67 [==============================] - ETA: 0s - loss: 0.6079 - accuracy: 0.6253
67/67 [==============================] - 0s 2ms/step - loss: 0.6079 - accuracy: 0.6253
Epoch 10/25

 1/67 [..............................] - ETA: 0s - loss: 0.6069 - accuracy: 0.6250
29/67 [===========>..................] - ETA: 0s - loss: 0.6199 - accuracy: 0.6067
59/67 [=========================>....] - ETA: 0s - loss: 0.6087 - accuracy: 0.6245
67/67 [==============================] - 0s 2ms/step - loss: 0.6075 - accuracy: 0.6225
Epoch 11/25

 1/67 [..............................] - ETA: 0s - loss: 0.6190 - accuracy: 0.5938
29/67 [===========>..................] - ETA: 0s - loss: 0.6099 - accuracy: 0.6218
61/67 [==========================>...] - ETA: 0s - loss: 0.6046 - accuracy: 0.6281
67/67 [==============================] - 0s 2ms/step - loss: 0.6064 - accuracy: 0.6244
Epoch 12/25

 1/67 [..............................] - ETA: 0s - loss: 0.5983 - accuracy: 0.5938
29/67 [===========>..................] - ETA: 0s - loss: 0.6087 - accuracy: 0.6282
58/67 [========================>.....] - ETA: 0s - loss: 0.6076 - accuracy: 0.6218
67/67 [==============================] - 0s 2ms/step - loss: 0.6040 - accuracy: 0.6234
Epoch 13/25

 1/67 [..............................] - ETA: 0s - loss: 0.6073 - accuracy: 0.5938
23/67 [=========>....................] - ETA: 0s - loss: 0.5977 - accuracy: 0.6345
46/67 [===================>..........] - ETA: 0s - loss: 0.5985 - accuracy: 0.6311
67/67 [==============================] - 0s 2ms/step - loss: 0.6025 - accuracy: 0.6272
Epoch 14/25

 1/67 [..............................] - ETA: 0s - loss: 0.6368 - accuracy: 0.6250
25/67 [==========>...................] - ETA: 0s - loss: 0.6023 - accuracy: 0.6225
47/67 [====================>.........] - ETA: 0s - loss: 0.6031 - accuracy: 0.6277
67/67 [==============================] - 0s 2ms/step - loss: 0.6035 - accuracy: 0.6267
Epoch 15/25

 1/67 [..............................] - ETA: 0s - loss: 0.6041 - accuracy: 0.6250
28/67 [===========>..................] - ETA: 0s - loss: 0.5968 - accuracy: 0.6417
54/67 [=======================>......] - ETA: 0s - loss: 0.5997 - accuracy: 0.6238
67/67 [==============================] - 0s 2ms/step - loss: 0.6027 - accuracy: 0.6225
Epoch 16/25

 1/67 [..............................] - ETA: 0s - loss: 0.5981 - accuracy: 0.5000
26/67 [==========>...................] - ETA: 0s - loss: 0.5921 - accuracy: 0.6178
51/67 [=====================>........] - ETA: 0s - loss: 0.6015 - accuracy: 0.6152
67/67 [==============================] - ETA: 0s - loss: 0.6003 - accuracy: 0.6244
67/67 [==============================] - 0s 2ms/step - loss: 0.6003 - accuracy: 0.6244
Epoch 17/25

 1/67 [..............................] - ETA: 0s - loss: 0.6208 - accuracy: 0.5938
23/67 [=========>....................] - ETA: 0s - loss: 0.5963 - accuracy: 0.6304
50/67 [=====================>........] - ETA: 0s - loss: 0.5967 - accuracy: 0.6275
67/67 [==============================] - 0s 2ms/step - loss: 0.5983 - accuracy: 0.6276
Epoch 18/25

 1/67 [..............................] - ETA: 0s - loss: 0.5487 - accuracy: 0.8125
31/67 [============>.................] - ETA: 0s - loss: 0.5947 - accuracy: 0.6472
55/67 [=======================>......] - ETA: 0s - loss: 0.5966 - accuracy: 0.6284
67/67 [==============================] - 0s 2ms/step - loss: 0.5981 - accuracy: 0.6258
Epoch 19/25

 1/67 [..............................] - ETA: 0s - loss: 0.5669 - accuracy: 0.6875
23/67 [=========>....................] - ETA: 0s - loss: 0.6044 - accuracy: 0.6196
49/67 [====================>.........] - ETA: 0s - loss: 0.5967 - accuracy: 0.6180
67/67 [==============================] - 0s 2ms/step - loss: 0.6001 - accuracy: 0.6225
Epoch 20/25

 1/67 [..............................] - ETA: 0s - loss: 0.5538 - accuracy: 0.7188
26/67 [==========>...................] - ETA: 0s - loss: 0.5907 - accuracy: 0.6478
51/67 [=====================>........] - ETA: 0s - loss: 0.5971 - accuracy: 0.6281
67/67 [==============================] - 0s 2ms/step - loss: 0.5986 - accuracy: 0.6244
Epoch 21/25

 1/67 [..............................] - ETA: 0s - loss: 0.5381 - accuracy: 0.7500
23/67 [=========>....................] - ETA: 0s - loss: 0.5899 - accuracy: 0.6359
46/67 [===================>..........] - ETA: 0s - loss: 0.5909 - accuracy: 0.6379
67/67 [==============================] - 0s 2ms/step - loss: 0.5949 - accuracy: 0.6318
Epoch 22/25

 1/67 [..............................] - ETA: 0s - loss: 0.6928 - accuracy: 0.4375
31/67 [============>.................] - ETA: 0s - loss: 0.5981 - accuracy: 0.6351
63/67 [===========================>..] - ETA: 0s - loss: 0.5977 - accuracy: 0.6295
67/67 [==============================] - 0s 2ms/step - loss: 0.5962 - accuracy: 0.6286
Epoch 23/25

 1/67 [..............................] - ETA: 0s - loss: 0.5123 - accuracy: 0.7500
31/67 [============>.................] - ETA: 0s - loss: 0.5890 - accuracy: 0.6371
63/67 [===========================>..] - ETA: 0s - loss: 0.5951 - accuracy: 0.6280
67/67 [==============================] - 0s 2ms/step - loss: 0.5957 - accuracy: 0.6286
Epoch 24/25

 1/67 [..............................] - ETA: 0s - loss: 0.5863 - accuracy: 0.6562
30/67 [============>.................] - ETA: 0s - loss: 0.5968 - accuracy: 0.6281
58/67 [========================>.....] - ETA: 0s - loss: 0.5949 - accuracy: 0.6250
67/67 [==============================] - 0s 2ms/step - loss: 0.5958 - accuracy: 0.6244
Epoch 25/25

 1/67 [..............................] - ETA: 0s - loss: 0.5372 - accuracy: 0.6875
33/67 [=============>................] - ETA: 0s - loss: 0.5752 - accuracy: 0.6468
63/67 [===========================>..] - ETA: 0s - loss: 0.5943 - accuracy: 0.6314
67/67 [==============================] - 0s 2ms/step - loss: 0.5941 - accuracy: 0.6290
# predict: steps=1872
# predict: tnodeembed_metrics
# predict: node2vec_metrics
tnodeembed: {'auc': 0.5479849005920607, 'f1_micro': 0.5473415269521074, 'f1_macro': 0.460490111068909} tNodeEmbed_final_loss=0.5913634896278381 tNodeEmbed_final_accuracy=0.6276248097419739 
node2vec: {'auc': 0.5501349231987223, 'f1_micro': 0.5479927860530359, 'f1_macro': 0.454949576480712} node2vec_final_loss=0.5940712690353394 node2vec_final_accuracy=0.6290247440338135 
