# load graph
Processing Static file: filename='interactions_with_dates_2006_nodes_2482_edges_3918_component_0.edges'
# initialize tNodeEmbed for dataset=PPI, test_size=0.2
# load dataset
# fit
# tNodeEmbed
Epoch 1/25

 1/67 [..............................] - ETA: 4:32 - loss: 0.6926 - accuracy: 0.5625
 8/67 [==>...........................] - ETA: 0s - loss: 0.6896 - accuracy: 0.5039  
15/67 [=====>........................] - ETA: 0s - loss: 0.6886 - accuracy: 0.5167
24/67 [=========>....................] - ETA: 0s - loss: 0.6830 - accuracy: 0.5534
32/67 [=============>................] - ETA: 0s - loss: 0.6753 - accuracy: 0.5840
42/67 [=================>............] - ETA: 0s - loss: 0.6679 - accuracy: 0.5990
49/67 [====================>.........] - ETA: 0s - loss: 0.6640 - accuracy: 0.6129
58/67 [========================>.....] - ETA: 0s - loss: 0.6543 - accuracy: 0.6272
67/67 [==============================] - 5s 6ms/step - loss: 0.6510 - accuracy: 0.6346
Epoch 2/25

 1/67 [..............................] - ETA: 0s - loss: 0.5385 - accuracy: 0.8438
10/67 [===>..........................] - ETA: 0s - loss: 0.5271 - accuracy: 0.8094
20/67 [=======>......................] - ETA: 0s - loss: 0.5498 - accuracy: 0.7609
29/67 [===========>..................] - ETA: 0s - loss: 0.5462 - accuracy: 0.7554
38/67 [================>.............] - ETA: 0s - loss: 0.5453 - accuracy: 0.7566
48/67 [====================>.........] - ETA: 0s - loss: 0.5529 - accuracy: 0.7467
58/67 [========================>.....] - ETA: 0s - loss: 0.5506 - accuracy: 0.7527
66/67 [============================>.] - ETA: 0s - loss: 0.5432 - accuracy: 0.7570
67/67 [==============================] - 0s 6ms/step - loss: 0.5421 - accuracy: 0.7583
Epoch 3/25

 1/67 [..............................] - ETA: 0s - loss: 0.5314 - accuracy: 0.7500
 8/67 [==>...........................] - ETA: 0s - loss: 0.4938 - accuracy: 0.7812
17/67 [======>.......................] - ETA: 0s - loss: 0.5024 - accuracy: 0.7739
26/67 [==========>...................] - ETA: 0s - loss: 0.4726 - accuracy: 0.7897
35/67 [==============>...............] - ETA: 0s - loss: 0.4695 - accuracy: 0.7875
44/67 [==================>...........] - ETA: 0s - loss: 0.4711 - accuracy: 0.7862
54/67 [=======================>......] - ETA: 0s - loss: 0.4712 - accuracy: 0.7882
65/67 [============================>.] - ETA: 0s - loss: 0.4703 - accuracy: 0.7889
67/67 [==============================] - 0s 6ms/step - loss: 0.4699 - accuracy: 0.7900
Epoch 4/25

 1/67 [..............................] - ETA: 0s - loss: 0.4179 - accuracy: 0.8125
11/67 [===>..........................] - ETA: 0s - loss: 0.4023 - accuracy: 0.8494
21/67 [========>.....................] - ETA: 0s - loss: 0.4189 - accuracy: 0.8259
31/67 [============>.................] - ETA: 0s - loss: 0.4219 - accuracy: 0.8196
40/67 [================>.............] - ETA: 0s - loss: 0.4293 - accuracy: 0.8148
49/67 [====================>.........] - ETA: 0s - loss: 0.4289 - accuracy: 0.8151
58/67 [========================>.....] - ETA: 0s - loss: 0.4140 - accuracy: 0.8260
67/67 [==============================] - 0s 5ms/step - loss: 0.4107 - accuracy: 0.8269
Epoch 5/25

 1/67 [..............................] - ETA: 0s - loss: 0.3370 - accuracy: 0.8438
10/67 [===>..........................] - ETA: 0s - loss: 0.3318 - accuracy: 0.8562
19/67 [=======>......................] - ETA: 0s - loss: 0.3357 - accuracy: 0.8651
28/67 [===========>..................] - ETA: 0s - loss: 0.3300 - accuracy: 0.8694
37/67 [===============>..............] - ETA: 0s - loss: 0.3312 - accuracy: 0.8699
46/67 [===================>..........] - ETA: 0s - loss: 0.3274 - accuracy: 0.8716
56/67 [========================>.....] - ETA: 0s - loss: 0.3262 - accuracy: 0.8694
66/67 [============================>.] - ETA: 0s - loss: 0.3295 - accuracy: 0.8674
67/67 [==============================] - 0s 6ms/step - loss: 0.3272 - accuracy: 0.8689
Epoch 6/25

 1/67 [..............................] - ETA: 0s - loss: 0.2539 - accuracy: 0.9688
13/67 [====>.........................] - ETA: 0s - loss: 0.2380 - accuracy: 0.9375
23/67 [=========>....................] - ETA: 0s - loss: 0.2498 - accuracy: 0.9321
33/67 [=============>................] - ETA: 0s - loss: 0.2633 - accuracy: 0.9195
44/67 [==================>...........] - ETA: 0s - loss: 0.2612 - accuracy: 0.9162
54/67 [=======================>......] - ETA: 0s - loss: 0.2569 - accuracy: 0.9149
64/67 [===========================>..] - ETA: 0s - loss: 0.2596 - accuracy: 0.9126
67/67 [==============================] - 0s 5ms/step - loss: 0.2548 - accuracy: 0.9151
Epoch 7/25

 1/67 [..............................] - ETA: 0s - loss: 0.1732 - accuracy: 1.0000
11/67 [===>..........................] - ETA: 0s - loss: 0.1834 - accuracy: 0.9631
16/67 [======>.......................] - ETA: 0s - loss: 0.1856 - accuracy: 0.9668
21/67 [========>.....................] - ETA: 0s - loss: 0.1890 - accuracy: 0.9583
28/67 [===========>..................] - ETA: 0s - loss: 0.1922 - accuracy: 0.9520
34/67 [==============>...............] - ETA: 0s - loss: 0.1883 - accuracy: 0.9513
44/67 [==================>...........] - ETA: 0s - loss: 0.1951 - accuracy: 0.9482
54/67 [=======================>......] - ETA: 0s - loss: 0.1899 - accuracy: 0.9497
65/67 [============================>.] - ETA: 0s - loss: 0.1927 - accuracy: 0.9466
67/67 [==============================] - 0s 7ms/step - loss: 0.1942 - accuracy: 0.9449
Epoch 8/25

 1/67 [..............................] - ETA: 0s - loss: 0.1156 - accuracy: 1.0000
11/67 [===>..........................] - ETA: 0s - loss: 0.1370 - accuracy: 0.9659
21/67 [========>.....................] - ETA: 0s - loss: 0.1355 - accuracy: 0.9673
31/67 [============>.................] - ETA: 0s - loss: 0.1296 - accuracy: 0.9677
38/67 [================>.............] - ETA: 0s - loss: 0.1372 - accuracy: 0.9622
47/67 [====================>.........] - ETA: 0s - loss: 0.1326 - accuracy: 0.9654
55/67 [=======================>......] - ETA: 0s - loss: 0.1369 - accuracy: 0.9653
64/67 [===========================>..] - ETA: 0s - loss: 0.1391 - accuracy: 0.9639
67/67 [==============================] - 0s 6ms/step - loss: 0.1376 - accuracy: 0.9641
Epoch 9/25

 1/67 [..............................] - ETA: 0s - loss: 0.0381 - accuracy: 1.0000
 8/67 [==>...........................] - ETA: 0s - loss: 0.1141 - accuracy: 0.9727
19/67 [=======>......................] - ETA: 0s - loss: 0.1173 - accuracy: 0.9655
28/67 [===========>..................] - ETA: 0s - loss: 0.1048 - accuracy: 0.9743
38/67 [================>.............] - ETA: 0s - loss: 0.1078 - accuracy: 0.9729
48/67 [====================>.........] - ETA: 0s - loss: 0.1083 - accuracy: 0.9727
58/67 [========================>.....] - ETA: 0s - loss: 0.1108 - accuracy: 0.9720
67/67 [==============================] - ETA: 0s - loss: 0.1052 - accuracy: 0.9743
67/67 [==============================] - 0s 6ms/step - loss: 0.1052 - accuracy: 0.9743
Epoch 10/25

 1/67 [..............................] - ETA: 0s - loss: 0.0601 - accuracy: 1.0000
11/67 [===>..........................] - ETA: 0s - loss: 0.0815 - accuracy: 0.9801
19/67 [=======>......................] - ETA: 0s - loss: 0.0916 - accuracy: 0.9770
28/67 [===========>..................] - ETA: 0s - loss: 0.0849 - accuracy: 0.9766
38/67 [================>.............] - ETA: 0s - loss: 0.0885 - accuracy: 0.9794
48/67 [====================>.........] - ETA: 0s - loss: 0.0845 - accuracy: 0.9811
56/67 [========================>.....] - ETA: 0s - loss: 0.0806 - accuracy: 0.9827
64/67 [===========================>..] - ETA: 0s - loss: 0.0774 - accuracy: 0.9829
67/67 [==============================] - 0s 6ms/step - loss: 0.0792 - accuracy: 0.9823
Epoch 11/25

 1/67 [..............................] - ETA: 0s - loss: 0.0228 - accuracy: 1.0000
 9/67 [===>..........................] - ETA: 0s - loss: 0.0480 - accuracy: 0.9931
18/67 [=======>......................] - ETA: 0s - loss: 0.0564 - accuracy: 0.9878
27/67 [===========>..................] - ETA: 0s - loss: 0.0554 - accuracy: 0.9896
39/67 [================>.............] - ETA: 0s - loss: 0.0613 - accuracy: 0.9848
51/67 [=====================>........] - ETA: 0s - loss: 0.0614 - accuracy: 0.9847
62/67 [==========================>...] - ETA: 0s - loss: 0.0621 - accuracy: 0.9854
67/67 [==============================] - 0s 5ms/step - loss: 0.0619 - accuracy: 0.9855
Epoch 12/25

 1/67 [..............................] - ETA: 0s - loss: 0.0246 - accuracy: 1.0000
11/67 [===>..........................] - ETA: 0s - loss: 0.0306 - accuracy: 0.9972
21/67 [========>.....................] - ETA: 0s - loss: 0.0276 - accuracy: 0.9985
31/67 [============>.................] - ETA: 0s - loss: 0.0444 - accuracy: 0.9950
40/67 [================>.............] - ETA: 0s - loss: 0.0468 - accuracy: 0.9937
50/67 [=====================>........] - ETA: 0s - loss: 0.0508 - accuracy: 0.9912
60/67 [=========================>....] - ETA: 0s - loss: 0.0528 - accuracy: 0.9901
67/67 [==============================] - 0s 5ms/step - loss: 0.0577 - accuracy: 0.9879
Epoch 13/25

 1/67 [..............................] - ETA: 0s - loss: 0.0301 - accuracy: 1.0000
11/67 [===>..........................] - ETA: 0s - loss: 0.0624 - accuracy: 0.9915
21/67 [========>.....................] - ETA: 0s - loss: 0.0597 - accuracy: 0.9866
31/67 [============>.................] - ETA: 0s - loss: 0.0518 - accuracy: 0.9889
41/67 [=================>............] - ETA: 0s - loss: 0.0491 - accuracy: 0.9901
49/67 [====================>.........] - ETA: 0s - loss: 0.0516 - accuracy: 0.9885
58/67 [========================>.....] - ETA: 0s - loss: 0.0482 - accuracy: 0.9898
66/67 [============================>.] - ETA: 0s - loss: 0.0505 - accuracy: 0.9891
67/67 [==============================] - 0s 6ms/step - loss: 0.0500 - accuracy: 0.9893
Epoch 14/25

 1/67 [..............................] - ETA: 0s - loss: 0.0214 - accuracy: 1.0000
 9/67 [===>..........................] - ETA: 0s - loss: 0.0539 - accuracy: 0.9826
17/67 [======>.......................] - ETA: 0s - loss: 0.0446 - accuracy: 0.9871
27/67 [===========>..................] - ETA: 0s - loss: 0.0615 - accuracy: 0.9850
37/67 [===============>..............] - ETA: 0s - loss: 0.0499 - accuracy: 0.9890
46/67 [===================>..........] - ETA: 0s - loss: 0.0470 - accuracy: 0.9898
55/67 [=======================>......] - ETA: 0s - loss: 0.0486 - accuracy: 0.9892
65/67 [============================>.] - ETA: 0s - loss: 0.0464 - accuracy: 0.9894
67/67 [==============================] - 0s 6ms/step - loss: 0.0458 - accuracy: 0.9897
Epoch 15/25

 1/67 [..............................] - ETA: 0s - loss: 0.0374 - accuracy: 1.0000
10/67 [===>..........................] - ETA: 0s - loss: 0.0310 - accuracy: 0.9937
18/67 [=======>......................] - ETA: 0s - loss: 0.0399 - accuracy: 0.9896
27/67 [===========>..................] - ETA: 0s - loss: 0.0355 - accuracy: 0.9896
37/67 [===============>..............] - ETA: 0s - loss: 0.0442 - accuracy: 0.9882
46/67 [===================>..........] - ETA: 0s - loss: 0.0406 - accuracy: 0.9898
56/67 [========================>.....] - ETA: 0s - loss: 0.0413 - accuracy: 0.9900
66/67 [============================>.] - ETA: 0s - loss: 0.0444 - accuracy: 0.9886
67/67 [==============================] - 0s 6ms/step - loss: 0.0440 - accuracy: 0.9888
Epoch 16/25

 1/67 [..............................] - ETA: 0s - loss: 0.0059 - accuracy: 1.0000
 9/67 [===>..........................] - ETA: 0s - loss: 0.0276 - accuracy: 0.9931
17/67 [======>.......................] - ETA: 0s - loss: 0.0334 - accuracy: 0.9926
25/67 [==========>...................] - ETA: 0s - loss: 0.0415 - accuracy: 0.9900
33/67 [=============>................] - ETA: 0s - loss: 0.0459 - accuracy: 0.9896
41/67 [=================>............] - ETA: 0s - loss: 0.0451 - accuracy: 0.9901
48/67 [====================>.........] - ETA: 0s - loss: 0.0458 - accuracy: 0.9889
57/67 [========================>.....] - ETA: 0s - loss: 0.0460 - accuracy: 0.9879
67/67 [==============================] - ETA: 0s - loss: 0.0417 - accuracy: 0.9897
67/67 [==============================] - 0s 6ms/step - loss: 0.0417 - accuracy: 0.9897
Epoch 17/25

 1/67 [..............................] - ETA: 0s - loss: 0.0164 - accuracy: 1.0000
12/67 [====>.........................] - ETA: 0s - loss: 0.0250 - accuracy: 0.9948
24/67 [=========>....................] - ETA: 0s - loss: 0.0286 - accuracy: 0.9935
33/67 [=============>................] - ETA: 0s - loss: 0.0326 - accuracy: 0.9915
42/67 [=================>............] - ETA: 0s - loss: 0.0327 - accuracy: 0.9903
53/67 [======================>.......] - ETA: 0s - loss: 0.0362 - accuracy: 0.9894
63/67 [===========================>..] - ETA: 0s - loss: 0.0375 - accuracy: 0.9886
67/67 [==============================] - 0s 5ms/step - loss: 0.0408 - accuracy: 0.9883
Epoch 18/25

 1/67 [..............................] - ETA: 0s - loss: 0.0165 - accuracy: 1.0000
10/67 [===>..........................] - ETA: 0s - loss: 0.0273 - accuracy: 0.9937
20/67 [=======>......................] - ETA: 0s - loss: 0.0245 - accuracy: 0.9953
30/67 [============>.................] - ETA: 0s - loss: 0.0268 - accuracy: 0.9937
38/67 [================>.............] - ETA: 0s - loss: 0.0241 - accuracy: 0.9942
46/67 [===================>..........] - ETA: 0s - loss: 0.0361 - accuracy: 0.9918
53/67 [======================>.......] - ETA: 0s - loss: 0.0385 - accuracy: 0.9906
60/67 [=========================>....] - ETA: 0s - loss: 0.0368 - accuracy: 0.9911
67/67 [==============================] - ETA: 0s - loss: 0.0381 - accuracy: 0.9897
67/67 [==============================] - 0s 6ms/step - loss: 0.0381 - accuracy: 0.9897
Epoch 19/25

 1/67 [..............................] - ETA: 0s - loss: 0.0026 - accuracy: 1.0000
10/67 [===>..........................] - ETA: 0s - loss: 0.0285 - accuracy: 0.9937
19/67 [=======>......................] - ETA: 0s - loss: 0.0271 - accuracy: 0.9934
28/67 [===========>..................] - ETA: 0s - loss: 0.0284 - accuracy: 0.9933
38/67 [================>.............] - ETA: 0s - loss: 0.0335 - accuracy: 0.9910
50/67 [=====================>........] - ETA: 0s - loss: 0.0383 - accuracy: 0.9906
59/67 [=========================>....] - ETA: 0s - loss: 0.0353 - accuracy: 0.9915
67/67 [==============================] - 0s 5ms/step - loss: 0.0379 - accuracy: 0.9897
Epoch 20/25

 1/67 [..............................] - ETA: 0s - loss: 0.0145 - accuracy: 1.0000
11/67 [===>..........................] - ETA: 0s - loss: 0.0234 - accuracy: 0.9943
21/67 [========>.....................] - ETA: 0s - loss: 0.0325 - accuracy: 0.9896
30/67 [============>.................] - ETA: 0s - loss: 0.0293 - accuracy: 0.9917
40/67 [================>.............] - ETA: 0s - loss: 0.0352 - accuracy: 0.9906
50/67 [=====================>........] - ETA: 0s - loss: 0.0353 - accuracy: 0.9906
60/67 [=========================>....] - ETA: 0s - loss: 0.0330 - accuracy: 0.9917
67/67 [==============================] - 0s 5ms/step - loss: 0.0339 - accuracy: 0.9911
Epoch 21/25

 1/67 [..............................] - ETA: 0s - loss: 0.0276 - accuracy: 0.9688
11/67 [===>..........................] - ETA: 0s - loss: 0.0361 - accuracy: 0.9858
20/67 [=======>......................] - ETA: 0s - loss: 0.0276 - accuracy: 0.9906
28/67 [===========>..................] - ETA: 0s - loss: 0.0330 - accuracy: 0.9888
36/67 [===============>..............] - ETA: 0s - loss: 0.0299 - accuracy: 0.9905
44/67 [==================>...........] - ETA: 0s - loss: 0.0297 - accuracy: 0.9908
52/67 [======================>.......] - ETA: 0s - loss: 0.0267 - accuracy: 0.9922
55/67 [=======================>......] - ETA: 0s - loss: 0.0257 - accuracy: 0.9926
62/67 [==========================>...] - ETA: 0s - loss: 0.0296 - accuracy: 0.9919
67/67 [==============================] - 1s 8ms/step - loss: 0.0317 - accuracy: 0.9911
Epoch 22/25

 1/67 [..............................] - ETA: 0s - loss: 0.0067 - accuracy: 1.0000
 7/67 [==>...........................] - ETA: 0s - loss: 0.0292 - accuracy: 0.9911
18/67 [=======>......................] - ETA: 0s - loss: 0.0275 - accuracy: 0.9913
27/67 [===========>..................] - ETA: 0s - loss: 0.0261 - accuracy: 0.9931
36/67 [===============>..............] - ETA: 0s - loss: 0.0281 - accuracy: 0.9922
46/67 [===================>..........] - ETA: 0s - loss: 0.0293 - accuracy: 0.9918
57/67 [========================>.....] - ETA: 0s - loss: 0.0314 - accuracy: 0.9912
67/67 [==============================] - 0s 6ms/step - loss: 0.0341 - accuracy: 0.9897
Epoch 23/25

 1/67 [..............................] - ETA: 0s - loss: 0.0108 - accuracy: 1.0000
10/67 [===>..........................] - ETA: 0s - loss: 0.0118 - accuracy: 1.0000
19/67 [=======>......................] - ETA: 0s - loss: 0.0245 - accuracy: 0.9934
29/67 [===========>..................] - ETA: 0s - loss: 0.0244 - accuracy: 0.9925
39/67 [================>.............] - ETA: 0s - loss: 0.0255 - accuracy: 0.9920
49/67 [====================>.........] - ETA: 0s - loss: 0.0276 - accuracy: 0.9917
58/67 [========================>.....] - ETA: 0s - loss: 0.0269 - accuracy: 0.9914
66/67 [============================>.] - ETA: 0s - loss: 0.0291 - accuracy: 0.9910
67/67 [==============================] - 0s 6ms/step - loss: 0.0287 - accuracy: 0.9911
Epoch 24/25

 1/67 [..............................] - ETA: 0s - loss: 0.0140 - accuracy: 1.0000
 8/67 [==>...........................] - ETA: 0s - loss: 0.0378 - accuracy: 0.9883
15/67 [=====>........................] - ETA: 0s - loss: 0.0265 - accuracy: 0.9917
24/67 [=========>....................] - ETA: 0s - loss: 0.0338 - accuracy: 0.9883
34/67 [==============>...............] - ETA: 0s - loss: 0.0261 - accuracy: 0.9917
43/67 [==================>...........] - ETA: 0s - loss: 0.0292 - accuracy: 0.9906
51/67 [=====================>........] - ETA: 0s - loss: 0.0290 - accuracy: 0.9908
61/67 [==========================>...] - ETA: 0s - loss: 0.0315 - accuracy: 0.9903
67/67 [==============================] - 0s 6ms/step - loss: 0.0298 - accuracy: 0.9911
Epoch 25/25

 1/67 [..............................] - ETA: 0s - loss: 0.0745 - accuracy: 0.9688
10/67 [===>..........................] - ETA: 0s - loss: 0.0275 - accuracy: 0.9937
20/67 [=======>......................] - ETA: 0s - loss: 0.0365 - accuracy: 0.9891
30/67 [============>.................] - ETA: 0s - loss: 0.0298 - accuracy: 0.9917
40/67 [================>.............] - ETA: 0s - loss: 0.0311 - accuracy: 0.9906
49/67 [====================>.........] - ETA: 0s - loss: 0.0283 - accuracy: 0.9917
59/67 [=========================>....] - ETA: 0s - loss: 0.0339 - accuracy: 0.9899
67/67 [==============================] - 0s 5ms/step - loss: 0.0310 - accuracy: 0.9911
# node2vec
Epoch 1/25

 1/67 [..............................] - ETA: 1:20 - loss: 0.7141 - accuracy: 0.5625
 6/67 [=>............................] - ETA: 0s - loss: 0.7162 - accuracy: 0.5260  
18/67 [=======>......................] - ETA: 0s - loss: 0.7022 - accuracy: 0.5139
31/67 [============>.................] - ETA: 0s - loss: 0.6923 - accuracy: 0.5282
45/67 [===================>..........] - ETA: 0s - loss: 0.6781 - accuracy: 0.5667
58/67 [========================>.....] - ETA: 0s - loss: 0.6639 - accuracy: 0.5975
67/67 [==============================] - 2s 4ms/step - loss: 0.6587 - accuracy: 0.6113
Epoch 2/25

 1/67 [..............................] - ETA: 0s - loss: 0.5712 - accuracy: 0.6562
15/67 [=====>........................] - ETA: 0s - loss: 0.5731 - accuracy: 0.7375
28/67 [===========>..................] - ETA: 0s - loss: 0.5602 - accuracy: 0.7511
41/67 [=================>............] - ETA: 0s - loss: 0.5610 - accuracy: 0.7431
51/67 [=====================>........] - ETA: 0s - loss: 0.5597 - accuracy: 0.7463
61/67 [==========================>...] - ETA: 0s - loss: 0.5483 - accuracy: 0.7556
67/67 [==============================] - 0s 4ms/step - loss: 0.5559 - accuracy: 0.7531
Epoch 3/25

 1/67 [..............................] - ETA: 0s - loss: 0.5353 - accuracy: 0.7500
11/67 [===>..........................] - ETA: 0s - loss: 0.5105 - accuracy: 0.7898
19/67 [=======>......................] - ETA: 0s - loss: 0.5130 - accuracy: 0.7911
26/67 [==========>...................] - ETA: 0s - loss: 0.5132 - accuracy: 0.7812
35/67 [==============>...............] - ETA: 0s - loss: 0.5052 - accuracy: 0.7821
50/67 [=====================>........] - ETA: 0s - loss: 0.4964 - accuracy: 0.7937
67/67 [==============================] - 0s 5ms/step - loss: 0.4892 - accuracy: 0.7970
Epoch 4/25

 1/67 [..............................] - ETA: 0s - loss: 0.4113 - accuracy: 0.8438
17/67 [======>.......................] - ETA: 0s - loss: 0.4430 - accuracy: 0.8217
34/67 [==============>...............] - ETA: 0s - loss: 0.4326 - accuracy: 0.8281
46/67 [===================>..........] - ETA: 0s - loss: 0.4277 - accuracy: 0.8302
56/67 [========================>.....] - ETA: 0s - loss: 0.4321 - accuracy: 0.8220
65/67 [============================>.] - ETA: 0s - loss: 0.4355 - accuracy: 0.8202
67/67 [==============================] - 0s 4ms/step - loss: 0.4342 - accuracy: 0.8222
Epoch 5/25

 1/67 [..............................] - ETA: 0s - loss: 0.3415 - accuracy: 0.9062
10/67 [===>..........................] - ETA: 0s - loss: 0.3912 - accuracy: 0.8406
20/67 [=======>......................] - ETA: 0s - loss: 0.3975 - accuracy: 0.8438
30/67 [============>.................] - ETA: 0s - loss: 0.4008 - accuracy: 0.8417
41/67 [=================>............] - ETA: 0s - loss: 0.3987 - accuracy: 0.8438
52/67 [======================>.......] - ETA: 0s - loss: 0.3983 - accuracy: 0.8431
62/67 [==========================>...] - ETA: 0s - loss: 0.3950 - accuracy: 0.8473
67/67 [==============================] - 0s 5ms/step - loss: 0.3961 - accuracy: 0.8474
Epoch 6/25

 1/67 [..............................] - ETA: 0s - loss: 0.3179 - accuracy: 0.8438
16/67 [======>.......................] - ETA: 0s - loss: 0.3567 - accuracy: 0.8633
32/67 [=============>................] - ETA: 0s - loss: 0.3476 - accuracy: 0.8760
43/67 [==================>...........] - ETA: 0s - loss: 0.3551 - accuracy: 0.8648
52/67 [======================>.......] - ETA: 0s - loss: 0.3553 - accuracy: 0.8660
59/67 [=========================>....] - ETA: 0s - loss: 0.3544 - accuracy: 0.8655
67/67 [==============================] - 0s 5ms/step - loss: 0.3518 - accuracy: 0.8670
Epoch 7/25

 1/67 [..............................] - ETA: 0s - loss: 0.3323 - accuracy: 0.9062
 9/67 [===>..........................] - ETA: 0s - loss: 0.3255 - accuracy: 0.8889
13/67 [====>.........................] - ETA: 0s - loss: 0.3133 - accuracy: 0.8942
20/67 [=======>......................] - ETA: 0s - loss: 0.3121 - accuracy: 0.8969
27/67 [===========>..................] - ETA: 0s - loss: 0.3108 - accuracy: 0.8935
41/67 [=================>............] - ETA: 0s - loss: 0.3221 - accuracy: 0.8826
56/67 [========================>.....] - ETA: 0s - loss: 0.3161 - accuracy: 0.8867
67/67 [==============================] - ETA: 0s - loss: 0.3156 - accuracy: 0.8871
67/67 [==============================] - 0s 6ms/step - loss: 0.3156 - accuracy: 0.8871
Epoch 8/25

 1/67 [..............................] - ETA: 0s - loss: 0.2663 - accuracy: 0.9688
14/67 [=====>........................] - ETA: 0s - loss: 0.2798 - accuracy: 0.9107
22/67 [========>.....................] - ETA: 0s - loss: 0.2846 - accuracy: 0.9091
32/67 [=============>................] - ETA: 0s - loss: 0.2792 - accuracy: 0.9170
44/67 [==================>...........] - ETA: 0s - loss: 0.2839 - accuracy: 0.9084
53/67 [======================>.......] - ETA: 0s - loss: 0.2862 - accuracy: 0.9045
64/67 [===========================>..] - ETA: 0s - loss: 0.2869 - accuracy: 0.9043
67/67 [==============================] - 0s 5ms/step - loss: 0.2850 - accuracy: 0.9053
Epoch 9/25

 1/67 [..............................] - ETA: 0s - loss: 0.2243 - accuracy: 0.9375
12/67 [====>.........................] - ETA: 0s - loss: 0.2132 - accuracy: 0.9427
20/67 [=======>......................] - ETA: 0s - loss: 0.2323 - accuracy: 0.9375
23/67 [=========>....................] - ETA: 0s - loss: 0.2385 - accuracy: 0.9375
28/67 [===========>..................] - ETA: 0s - loss: 0.2364 - accuracy: 0.9375
34/67 [==============>...............] - ETA: 0s - loss: 0.2367 - accuracy: 0.9357
40/67 [================>.............] - ETA: 0s - loss: 0.2455 - accuracy: 0.9297
50/67 [=====================>........] - ETA: 0s - loss: 0.2472 - accuracy: 0.9287
64/67 [===========================>..] - ETA: 0s - loss: 0.2489 - accuracy: 0.9307
67/67 [==============================] - 0s 7ms/step - loss: 0.2487 - accuracy: 0.9314
Epoch 10/25

 1/67 [..............................] - ETA: 0s - loss: 0.1432 - accuracy: 1.0000
17/67 [======>.......................] - ETA: 0s - loss: 0.2140 - accuracy: 0.9522
36/67 [===============>..............] - ETA: 0s - loss: 0.2125 - accuracy: 0.9497
54/67 [=======================>......] - ETA: 0s - loss: 0.2168 - accuracy: 0.9473
67/67 [==============================] - 0s 3ms/step - loss: 0.2210 - accuracy: 0.9445
Epoch 11/25

 1/67 [..............................] - ETA: 0s - loss: 0.1686 - accuracy: 1.0000
11/67 [===>..........................] - ETA: 0s - loss: 0.1729 - accuracy: 0.9602
22/67 [========>.....................] - ETA: 0s - loss: 0.1813 - accuracy: 0.9574
35/67 [==============>...............] - ETA: 0s - loss: 0.1822 - accuracy: 0.9589
45/67 [===================>..........] - ETA: 0s - loss: 0.1877 - accuracy: 0.9590
55/67 [=======================>......] - ETA: 0s - loss: 0.1900 - accuracy: 0.9585
65/67 [============================>.] - ETA: 0s - loss: 0.1940 - accuracy: 0.9558
67/67 [==============================] - 0s 5ms/step - loss: 0.1938 - accuracy: 0.9561
Epoch 12/25

 1/67 [..............................] - ETA: 0s - loss: 0.3380 - accuracy: 0.9062
12/67 [====>.........................] - ETA: 0s - loss: 0.1848 - accuracy: 0.9583
23/67 [=========>....................] - ETA: 0s - loss: 0.1698 - accuracy: 0.9620
34/67 [==============>...............] - ETA: 0s - loss: 0.1753 - accuracy: 0.9614
38/67 [================>.............] - ETA: 0s - loss: 0.1721 - accuracy: 0.9646
49/67 [====================>.........] - ETA: 0s - loss: 0.1713 - accuracy: 0.9662
61/67 [==========================>...] - ETA: 0s - loss: 0.1707 - accuracy: 0.9657
67/67 [==============================] - 0s 6ms/step - loss: 0.1708 - accuracy: 0.9659
Epoch 13/25

 1/67 [..............................] - ETA: 0s - loss: 0.1157 - accuracy: 1.0000
15/67 [=====>........................] - ETA: 0s - loss: 0.1565 - accuracy: 0.9708
31/67 [============>.................] - ETA: 0s - loss: 0.1588 - accuracy: 0.9738
50/67 [=====================>........] - ETA: 0s - loss: 0.1524 - accuracy: 0.9769
64/67 [===========================>..] - ETA: 0s - loss: 0.1515 - accuracy: 0.9756
67/67 [==============================] - 0s 3ms/step - loss: 0.1513 - accuracy: 0.9748
Epoch 14/25

 1/67 [..............................] - ETA: 0s - loss: 0.1209 - accuracy: 0.9688
16/67 [======>.......................] - ETA: 0s - loss: 0.1149 - accuracy: 0.9844
29/67 [===========>..................] - ETA: 0s - loss: 0.1196 - accuracy: 0.9817
44/67 [==================>...........] - ETA: 0s - loss: 0.1344 - accuracy: 0.9780
54/67 [=======================>......] - ETA: 0s - loss: 0.1359 - accuracy: 0.9780
66/67 [============================>.] - ETA: 0s - loss: 0.1323 - accuracy: 0.9782
67/67 [==============================] - 0s 4ms/step - loss: 0.1318 - accuracy: 0.9785
Epoch 15/25

 1/67 [..............................] - ETA: 0s - loss: 0.0897 - accuracy: 1.0000
11/67 [===>..........................] - ETA: 0s - loss: 0.1004 - accuracy: 0.9943
23/67 [=========>....................] - ETA: 0s - loss: 0.1094 - accuracy: 0.9864
38/67 [================>.............] - ETA: 0s - loss: 0.1136 - accuracy: 0.9836
48/67 [====================>.........] - ETA: 0s - loss: 0.1130 - accuracy: 0.9831
58/67 [========================>.....] - ETA: 0s - loss: 0.1177 - accuracy: 0.9817
67/67 [==============================] - ETA: 0s - loss: 0.1178 - accuracy: 0.9809
67/67 [==============================] - 0s 5ms/step - loss: 0.1178 - accuracy: 0.9809
Epoch 16/25

 1/67 [..............................] - ETA: 0s - loss: 0.1173 - accuracy: 0.9688
 9/67 [===>..........................] - ETA: 0s - loss: 0.1015 - accuracy: 0.9896
19/67 [=======>......................] - ETA: 0s - loss: 0.0989 - accuracy: 0.9885
27/67 [===========>..................] - ETA: 0s - loss: 0.1033 - accuracy: 0.9884
35/67 [==============>...............] - ETA: 0s - loss: 0.1021 - accuracy: 0.9875
49/67 [====================>.........] - ETA: 0s - loss: 0.1070 - accuracy: 0.9860
66/67 [============================>.] - ETA: 0s - loss: 0.1040 - accuracy: 0.9858
67/67 [==============================] - 0s 5ms/step - loss: 0.1036 - accuracy: 0.9860
Epoch 17/25

 1/67 [..............................] - ETA: 0s - loss: 0.0590 - accuracy: 1.0000
12/67 [====>.........................] - ETA: 0s - loss: 0.1022 - accuracy: 0.9896
30/67 [============>.................] - ETA: 0s - loss: 0.0953 - accuracy: 0.9906
49/67 [====================>.........] - ETA: 0s - loss: 0.0920 - accuracy: 0.9904
66/67 [============================>.] - ETA: 0s - loss: 0.0947 - accuracy: 0.9867
67/67 [==============================] - 0s 3ms/step - loss: 0.0939 - accuracy: 0.9869
Epoch 18/25

 1/67 [..............................] - ETA: 0s - loss: 0.0355 - accuracy: 1.0000
16/67 [======>.......................] - ETA: 0s - loss: 0.0998 - accuracy: 0.9863
32/67 [=============>................] - ETA: 0s - loss: 0.0904 - accuracy: 0.9873
42/67 [=================>............] - ETA: 0s - loss: 0.0885 - accuracy: 0.9881
53/67 [======================>.......] - ETA: 0s - loss: 0.0851 - accuracy: 0.9900
64/67 [===========================>..] - ETA: 0s - loss: 0.0860 - accuracy: 0.9893
67/67 [==============================] - 0s 4ms/step - loss: 0.0868 - accuracy: 0.9883
Epoch 19/25

 1/67 [..............................] - ETA: 0s - loss: 0.0574 - accuracy: 1.0000
11/67 [===>..........................] - ETA: 0s - loss: 0.0737 - accuracy: 0.9915
19/67 [=======>......................] - ETA: 0s - loss: 0.0744 - accuracy: 0.9918
26/67 [==========>...................] - ETA: 0s - loss: 0.0731 - accuracy: 0.9928
31/67 [============>.................] - ETA: 0s - loss: 0.0701 - accuracy: 0.9940
38/67 [================>.............] - ETA: 0s - loss: 0.0723 - accuracy: 0.9926
50/67 [=====================>........] - ETA: 0s - loss: 0.0784 - accuracy: 0.9894
67/67 [==============================] - ETA: 0s - loss: 0.0795 - accuracy: 0.9902
67/67 [==============================] - 0s 6ms/step - loss: 0.0795 - accuracy: 0.9902
Epoch 20/25

 1/67 [..............................] - ETA: 0s - loss: 0.0449 - accuracy: 1.0000
16/67 [======>.......................] - ETA: 0s - loss: 0.0592 - accuracy: 0.9941
34/67 [==============>...............] - ETA: 0s - loss: 0.0637 - accuracy: 0.9926
47/67 [====================>.........] - ETA: 0s - loss: 0.0656 - accuracy: 0.9914
61/67 [==========================>...] - ETA: 0s - loss: 0.0681 - accuracy: 0.9918
67/67 [==============================] - 0s 4ms/step - loss: 0.0707 - accuracy: 0.9907
Epoch 21/25

 1/67 [..............................] - ETA: 0s - loss: 0.0402 - accuracy: 1.0000
11/67 [===>..........................] - ETA: 0s - loss: 0.0448 - accuracy: 1.0000
24/67 [=========>....................] - ETA: 0s - loss: 0.0635 - accuracy: 0.9922
37/67 [===============>..............] - ETA: 0s - loss: 0.0653 - accuracy: 0.9924
47/67 [====================>.........] - ETA: 0s - loss: 0.0672 - accuracy: 0.9914
59/67 [=========================>....] - ETA: 0s - loss: 0.0670 - accuracy: 0.9905
67/67 [==============================] - 0s 5ms/step - loss: 0.0661 - accuracy: 0.9907
Epoch 22/25

 1/67 [..............................] - ETA: 0s - loss: 0.0279 - accuracy: 1.0000
10/67 [===>..........................] - ETA: 0s - loss: 0.0697 - accuracy: 0.9812
22/67 [========>.....................] - ETA: 0s - loss: 0.0645 - accuracy: 0.9872
26/67 [==========>...................] - ETA: 0s - loss: 0.0635 - accuracy: 0.9880
31/67 [============>.................] - ETA: 0s - loss: 0.0620 - accuracy: 0.9889
41/67 [=================>............] - ETA: 0s - loss: 0.0588 - accuracy: 0.9901
50/67 [=====================>........] - ETA: 0s - loss: 0.0616 - accuracy: 0.9900
58/67 [========================>.....] - ETA: 0s - loss: 0.0627 - accuracy: 0.9898
67/67 [==============================] - ETA: 0s - loss: 0.0619 - accuracy: 0.9902
67/67 [==============================] - 0s 7ms/step - loss: 0.0619 - accuracy: 0.9902
Epoch 23/25

 1/67 [..............................] - ETA: 0s - loss: 0.0231 - accuracy: 1.0000
15/67 [=====>........................] - ETA: 0s - loss: 0.0454 - accuracy: 0.9958
30/67 [============>.................] - ETA: 0s - loss: 0.0475 - accuracy: 0.9948
40/67 [================>.............] - ETA: 0s - loss: 0.0554 - accuracy: 0.9906
51/67 [=====================>........] - ETA: 0s - loss: 0.0596 - accuracy: 0.9902
63/67 [===========================>..] - ETA: 0s - loss: 0.0602 - accuracy: 0.9901
67/67 [==============================] - 0s 5ms/step - loss: 0.0597 - accuracy: 0.9902
Epoch 24/25

 1/67 [..............................] - ETA: 0s - loss: 0.1664 - accuracy: 0.9375
13/67 [====>.........................] - ETA: 0s - loss: 0.0692 - accuracy: 0.9856
30/67 [============>.................] - ETA: 0s - loss: 0.0549 - accuracy: 0.9906
49/67 [====================>.........] - ETA: 0s - loss: 0.0549 - accuracy: 0.9904
66/67 [============================>.] - ETA: 0s - loss: 0.0564 - accuracy: 0.9901
67/67 [==============================] - 0s 3ms/step - loss: 0.0569 - accuracy: 0.9897
Epoch 25/25

 1/67 [..............................] - ETA: 0s - loss: 0.0264 - accuracy: 1.0000
18/67 [=======>......................] - ETA: 0s - loss: 0.0395 - accuracy: 0.9948
31/67 [============>.................] - ETA: 0s - loss: 0.0450 - accuracy: 0.9929
44/67 [==================>...........] - ETA: 0s - loss: 0.0433 - accuracy: 0.9936
55/67 [=======================>......] - ETA: 0s - loss: 0.0487 - accuracy: 0.9926
61/67 [==========================>...] - ETA: 0s - loss: 0.0525 - accuracy: 0.9908
65/67 [============================>.] - ETA: 0s - loss: 0.0524 - accuracy: 0.9909
67/67 [==============================] - ETA: 0s - loss: 0.0520 - accuracy: 0.9911
67/67 [==============================] - 0s 6ms/step - loss: 0.0520 - accuracy: 0.9911
# predict: steps=1872
# predict: tnodeembed_metrics
# predict: node2vec_metrics
tnodeembed: {'auc': 0.6889310081605413, 'f1_micro': 0.6550664618261973, 'f1_macro': 0.654751754589944} tNodeEmbed_final_loss=0.031030142679810524 tNodeEmbed_final_accuracy=0.9911339282989502 
node2vec: {'auc': 0.7094611797534816, 'f1_micro': 0.6596753723866141, 'f1_macro': 0.6576712142512411} node2vec_final_loss=0.05197194218635559 node2vec_final_accuracy=0.9911339282989502 
