# load graph
Processing Static file: filename='interactions_with_dates_1987_nodes_10_edges_13_component_0.edges'
# initialize tNodeEmbed for dataset=PPI, test_size=0.2
# load dataset
# fit
# tNodeEmbed
Epoch 1/25

 1/67 [..............................] - ETA: 1:21 - loss: 0.6931 - accuracy: 0.5312
18/67 [=======>......................] - ETA: 0s - loss: 0.6917 - accuracy: 0.5156  
37/67 [===============>..............] - ETA: 0s - loss: 0.6915 - accuracy: 0.5118
58/67 [========================>.....] - ETA: 0s - loss: 0.6899 - accuracy: 0.5043
67/67 [==============================] - 1s 3ms/step - loss: 0.6902 - accuracy: 0.5133
Epoch 2/25

 1/67 [..............................] - ETA: 0s - loss: 0.6849 - accuracy: 0.5938
22/67 [========>.....................] - ETA: 0s - loss: 0.6851 - accuracy: 0.5327
45/67 [===================>..........] - ETA: 0s - loss: 0.6847 - accuracy: 0.5090
66/67 [============================>.] - ETA: 0s - loss: 0.6861 - accuracy: 0.5064
67/67 [==============================] - 0s 2ms/step - loss: 0.6862 - accuracy: 0.5044
Epoch 3/25

 1/67 [..............................] - ETA: 0s - loss: 0.6740 - accuracy: 0.5625
22/67 [========>.....................] - ETA: 0s - loss: 0.6879 - accuracy: 0.5227
43/67 [==================>...........] - ETA: 0s - loss: 0.6855 - accuracy: 0.5109
65/67 [============================>.] - ETA: 0s - loss: 0.6841 - accuracy: 0.5197
67/67 [==============================] - 0s 2ms/step - loss: 0.6840 - accuracy: 0.5231
Epoch 4/25

 1/67 [..............................] - ETA: 0s - loss: 0.6940 - accuracy: 0.4688
20/67 [=======>......................] - ETA: 0s - loss: 0.6811 - accuracy: 0.5234
40/67 [================>.............] - ETA: 0s - loss: 0.6843 - accuracy: 0.5172
60/67 [=========================>....] - ETA: 0s - loss: 0.6833 - accuracy: 0.5214
67/67 [==============================] - 0s 3ms/step - loss: 0.6826 - accuracy: 0.5208
Epoch 5/25

 1/67 [..............................] - ETA: 0s - loss: 0.6916 - accuracy: 0.5625
22/67 [========>.....................] - ETA: 0s - loss: 0.6854 - accuracy: 0.4943
43/67 [==================>...........] - ETA: 0s - loss: 0.6822 - accuracy: 0.5124
65/67 [============================>.] - ETA: 0s - loss: 0.6803 - accuracy: 0.5231
67/67 [==============================] - 0s 2ms/step - loss: 0.6807 - accuracy: 0.5203
Epoch 6/25

 1/67 [..............................] - ETA: 0s - loss: 0.7018 - accuracy: 0.3438
18/67 [=======>......................] - ETA: 0s - loss: 0.6824 - accuracy: 0.5295
36/67 [===============>..............] - ETA: 0s - loss: 0.6806 - accuracy: 0.5286
54/67 [=======================>......] - ETA: 0s - loss: 0.6802 - accuracy: 0.5220
67/67 [==============================] - 0s 3ms/step - loss: 0.6798 - accuracy: 0.5222
Epoch 7/25

 1/67 [..............................] - ETA: 0s - loss: 0.6519 - accuracy: 0.5312
19/67 [=======>......................] - ETA: 0s - loss: 0.6816 - accuracy: 0.5345
38/67 [================>.............] - ETA: 0s - loss: 0.6798 - accuracy: 0.5263
57/67 [========================>.....] - ETA: 0s - loss: 0.6778 - accuracy: 0.5219
67/67 [==============================] - 0s 3ms/step - loss: 0.6792 - accuracy: 0.5245
Epoch 8/25

 1/67 [..............................] - ETA: 0s - loss: 0.6319 - accuracy: 0.5312
19/67 [=======>......................] - ETA: 0s - loss: 0.6781 - accuracy: 0.5280
38/67 [================>.............] - ETA: 0s - loss: 0.6776 - accuracy: 0.5321
57/67 [========================>.....] - ETA: 0s - loss: 0.6774 - accuracy: 0.5318
67/67 [==============================] - 0s 3ms/step - loss: 0.6773 - accuracy: 0.5245
Epoch 9/25

 1/67 [..............................] - ETA: 0s - loss: 0.6785 - accuracy: 0.3750
20/67 [=======>......................] - ETA: 0s - loss: 0.6754 - accuracy: 0.5156
42/67 [=================>............] - ETA: 0s - loss: 0.6776 - accuracy: 0.5216
63/67 [===========================>..] - ETA: 0s - loss: 0.6784 - accuracy: 0.5223
67/67 [==============================] - 0s 2ms/step - loss: 0.6781 - accuracy: 0.5208
Epoch 10/25

 1/67 [..............................] - ETA: 0s - loss: 0.6874 - accuracy: 0.6875
21/67 [========>.....................] - ETA: 0s - loss: 0.6801 - accuracy: 0.5312
41/67 [=================>............] - ETA: 0s - loss: 0.6759 - accuracy: 0.5480
61/67 [==========================>...] - ETA: 0s - loss: 0.6777 - accuracy: 0.5215
67/67 [==============================] - 0s 3ms/step - loss: 0.6779 - accuracy: 0.5245
Epoch 11/25

 1/67 [..............................] - ETA: 0s - loss: 0.6940 - accuracy: 0.4688
20/67 [=======>......................] - ETA: 0s - loss: 0.6834 - accuracy: 0.5141
41/67 [=================>............] - ETA: 0s - loss: 0.6755 - accuracy: 0.5335
60/67 [=========================>....] - ETA: 0s - loss: 0.6767 - accuracy: 0.5234
67/67 [==============================] - 0s 3ms/step - loss: 0.6765 - accuracy: 0.5245
Epoch 12/25

 1/67 [..............................] - ETA: 0s - loss: 0.6525 - accuracy: 0.5000
19/67 [=======>......................] - ETA: 0s - loss: 0.6682 - accuracy: 0.5395
37/67 [===============>..............] - ETA: 0s - loss: 0.6726 - accuracy: 0.5169
54/67 [=======================>......] - ETA: 0s - loss: 0.6764 - accuracy: 0.5231
67/67 [==============================] - 0s 3ms/step - loss: 0.6776 - accuracy: 0.5226
Epoch 13/25

 1/67 [..............................] - ETA: 0s - loss: 0.6732 - accuracy: 0.5312
20/67 [=======>......................] - ETA: 0s - loss: 0.6754 - accuracy: 0.5453
38/67 [================>.............] - ETA: 0s - loss: 0.6755 - accuracy: 0.5436
56/67 [========================>.....] - ETA: 0s - loss: 0.6786 - accuracy: 0.5279
67/67 [==============================] - 0s 3ms/step - loss: 0.6777 - accuracy: 0.5222
Epoch 14/25

 1/67 [..............................] - ETA: 0s - loss: 0.6926 - accuracy: 0.5312
19/67 [=======>......................] - ETA: 0s - loss: 0.6737 - accuracy: 0.4671
37/67 [===============>..............] - ETA: 0s - loss: 0.6792 - accuracy: 0.4975
56/67 [========================>.....] - ETA: 0s - loss: 0.6763 - accuracy: 0.5061
67/67 [==============================] - 0s 3ms/step - loss: 0.6767 - accuracy: 0.5035
Epoch 15/25

 1/67 [..............................] - ETA: 0s - loss: 0.6943 - accuracy: 0.4688
21/67 [========>.....................] - ETA: 0s - loss: 0.6749 - accuracy: 0.5238
42/67 [=================>............] - ETA: 0s - loss: 0.6724 - accuracy: 0.5231
62/67 [==========================>...] - ETA: 0s - loss: 0.6763 - accuracy: 0.5267
67/67 [==============================] - 0s 3ms/step - loss: 0.6763 - accuracy: 0.5236
Epoch 16/25

 1/67 [..............................] - ETA: 0s - loss: 0.6899 - accuracy: 0.5938
20/67 [=======>......................] - ETA: 0s - loss: 0.6717 - accuracy: 0.5359
38/67 [================>.............] - ETA: 0s - loss: 0.6709 - accuracy: 0.5370
58/67 [========================>.....] - ETA: 0s - loss: 0.6764 - accuracy: 0.5280
67/67 [==============================] - 0s 3ms/step - loss: 0.6760 - accuracy: 0.5259
Epoch 17/25

 1/67 [..............................] - ETA: 0s - loss: 0.6933 - accuracy: 0.5000
20/67 [=======>......................] - ETA: 0s - loss: 0.6777 - accuracy: 0.5312
40/67 [================>.............] - ETA: 0s - loss: 0.6737 - accuracy: 0.5281
58/67 [========================>.....] - ETA: 0s - loss: 0.6766 - accuracy: 0.5280
67/67 [==============================] - 0s 3ms/step - loss: 0.6756 - accuracy: 0.5240
Epoch 18/25

 1/67 [..............................] - ETA: 0s - loss: 0.6901 - accuracy: 0.4688
18/67 [=======>......................] - ETA: 0s - loss: 0.6752 - accuracy: 0.5139
36/67 [===============>..............] - ETA: 0s - loss: 0.6738 - accuracy: 0.5373
53/67 [======================>.......] - ETA: 0s - loss: 0.6750 - accuracy: 0.5336
67/67 [==============================] - 0s 3ms/step - loss: 0.6748 - accuracy: 0.5254
Epoch 19/25

 1/67 [..............................] - ETA: 0s - loss: 0.6934 - accuracy: 0.5000
19/67 [=======>......................] - ETA: 0s - loss: 0.6760 - accuracy: 0.5312
37/67 [===============>..............] - ETA: 0s - loss: 0.6756 - accuracy: 0.5245
56/67 [========================>.....] - ETA: 0s - loss: 0.6757 - accuracy: 0.5206
67/67 [==============================] - 0s 3ms/step - loss: 0.6764 - accuracy: 0.5208
Epoch 20/25

 1/67 [..............................] - ETA: 0s - loss: 0.6906 - accuracy: 0.5938
18/67 [=======>......................] - ETA: 0s - loss: 0.6791 - accuracy: 0.5486
38/67 [================>.............] - ETA: 0s - loss: 0.6761 - accuracy: 0.5321
60/67 [=========================>....] - ETA: 0s - loss: 0.6754 - accuracy: 0.5260
67/67 [==============================] - 0s 3ms/step - loss: 0.6767 - accuracy: 0.5240
Epoch 21/25

 1/67 [..............................] - ETA: 0s - loss: 0.6691 - accuracy: 0.6250
21/67 [========>.....................] - ETA: 0s - loss: 0.6751 - accuracy: 0.5060
42/67 [=================>............] - ETA: 0s - loss: 0.6737 - accuracy: 0.5171
64/67 [===========================>..] - ETA: 0s - loss: 0.6756 - accuracy: 0.5239
67/67 [==============================] - 0s 2ms/step - loss: 0.6759 - accuracy: 0.5231
Epoch 22/25

 1/67 [..............................] - ETA: 0s - loss: 0.6817 - accuracy: 0.4375
19/67 [=======>......................] - ETA: 0s - loss: 0.6759 - accuracy: 0.4918
39/67 [================>.............] - ETA: 0s - loss: 0.6717 - accuracy: 0.5192
60/67 [=========================>....] - ETA: 0s - loss: 0.6750 - accuracy: 0.5224
67/67 [==============================] - 0s 3ms/step - loss: 0.6758 - accuracy: 0.5226
Epoch 23/25

 1/67 [..............................] - ETA: 0s - loss: 0.6779 - accuracy: 0.4688
20/67 [=======>......................] - ETA: 0s - loss: 0.6750 - accuracy: 0.5141
40/67 [================>.............] - ETA: 0s - loss: 0.6714 - accuracy: 0.5320
58/67 [========================>.....] - ETA: 0s - loss: 0.6747 - accuracy: 0.5280
67/67 [==============================] - 0s 3ms/step - loss: 0.6747 - accuracy: 0.5231
Epoch 24/25

 1/67 [..............................] - ETA: 0s - loss: 0.6891 - accuracy: 0.5938
17/67 [======>.......................] - ETA: 0s - loss: 0.6762 - accuracy: 0.5368
32/67 [=============>................] - ETA: 0s - loss: 0.6728 - accuracy: 0.5371
45/67 [===================>..........] - ETA: 0s - loss: 0.6746 - accuracy: 0.5264
61/67 [==========================>...] - ETA: 0s - loss: 0.6758 - accuracy: 0.5231
67/67 [==============================] - 0s 3ms/step - loss: 0.6747 - accuracy: 0.5240
Epoch 25/25

 1/67 [..............................] - ETA: 0s - loss: 0.6923 - accuracy: 0.5312
14/67 [=====>........................] - ETA: 0s - loss: 0.6699 - accuracy: 0.5067
28/67 [===========>..................] - ETA: 0s - loss: 0.6754 - accuracy: 0.5033
39/67 [================>.............] - ETA: 0s - loss: 0.6765 - accuracy: 0.4904
50/67 [=====================>........] - ETA: 0s - loss: 0.6744 - accuracy: 0.4956
64/67 [===========================>..] - ETA: 0s - loss: 0.6749 - accuracy: 0.5073
67/67 [==============================] - 0s 4ms/step - loss: 0.6755 - accuracy: 0.5091
# node2vec
Epoch 1/25

 1/67 [..............................] - ETA: 22s - loss: 0.7119 - accuracy: 0.5938
27/67 [===========>..................] - ETA: 0s - loss: 0.6919 - accuracy: 0.4861 
53/67 [======================>.......] - ETA: 0s - loss: 0.6907 - accuracy: 0.4988
67/67 [==============================] - 0s 2ms/step - loss: 0.6899 - accuracy: 0.5026
Epoch 2/25

 1/67 [..............................] - ETA: 0s - loss: 0.6794 - accuracy: 0.4375
26/67 [==========>...................] - ETA: 0s - loss: 0.6875 - accuracy: 0.5132
52/67 [======================>.......] - ETA: 0s - loss: 0.6865 - accuracy: 0.5204
67/67 [==============================] - 0s 2ms/step - loss: 0.6842 - accuracy: 0.5198
Epoch 3/25

 1/67 [..............................] - ETA: 0s - loss: 0.6757 - accuracy: 0.6250
22/67 [========>.....................] - ETA: 0s - loss: 0.6747 - accuracy: 0.5256
46/67 [===================>..........] - ETA: 0s - loss: 0.6801 - accuracy: 0.5251
67/67 [==============================] - 0s 2ms/step - loss: 0.6829 - accuracy: 0.5208
Epoch 4/25

 1/67 [..............................] - ETA: 0s - loss: 0.6928 - accuracy: 0.4375
23/67 [=========>....................] - ETA: 0s - loss: 0.6859 - accuracy: 0.5312
49/67 [====================>.........] - ETA: 0s - loss: 0.6843 - accuracy: 0.5210
67/67 [==============================] - 0s 2ms/step - loss: 0.6815 - accuracy: 0.5196
Epoch 5/25

 1/67 [..............................] - ETA: 0s - loss: 0.6527 - accuracy: 0.6250
28/67 [===========>..................] - ETA: 0s - loss: 0.6824 - accuracy: 0.5162
59/67 [=========================>....] - ETA: 0s - loss: 0.6805 - accuracy: 0.5199
67/67 [==============================] - 0s 2ms/step - loss: 0.6815 - accuracy: 0.5238
Epoch 6/25

 1/67 [..............................] - ETA: 0s - loss: 0.6728 - accuracy: 0.5312
29/67 [===========>..................] - ETA: 0s - loss: 0.6806 - accuracy: 0.5032
56/67 [========================>.....] - ETA: 0s - loss: 0.6787 - accuracy: 0.5179
67/67 [==============================] - 0s 2ms/step - loss: 0.6790 - accuracy: 0.5222
Epoch 7/25

 1/67 [..............................] - ETA: 0s - loss: 0.6920 - accuracy: 0.5312
27/67 [===========>..................] - ETA: 0s - loss: 0.6753 - accuracy: 0.5197
54/67 [=======================>......] - ETA: 0s - loss: 0.6793 - accuracy: 0.5307
67/67 [==============================] - 0s 2ms/step - loss: 0.6784 - accuracy: 0.5245
Epoch 8/25

 1/67 [..............................] - ETA: 0s - loss: 0.6690 - accuracy: 0.5938
26/67 [==========>...................] - ETA: 0s - loss: 0.6788 - accuracy: 0.5108
53/67 [======================>.......] - ETA: 0s - loss: 0.6783 - accuracy: 0.5206
67/67 [==============================] - 0s 2ms/step - loss: 0.6787 - accuracy: 0.5222
Epoch 9/25

 1/67 [..............................] - ETA: 0s - loss: 0.6890 - accuracy: 0.5938
28/67 [===========>..................] - ETA: 0s - loss: 0.6784 - accuracy: 0.5312
52/67 [======================>.......] - ETA: 0s - loss: 0.6765 - accuracy: 0.5373
67/67 [==============================] - 0s 2ms/step - loss: 0.6792 - accuracy: 0.5226
Epoch 10/25

 1/67 [..............................] - ETA: 0s - loss: 0.6805 - accuracy: 0.4062
31/67 [============>.................] - ETA: 0s - loss: 0.6733 - accuracy: 0.5232
59/67 [=========================>....] - ETA: 0s - loss: 0.6764 - accuracy: 0.5254
67/67 [==============================] - 0s 2ms/step - loss: 0.6772 - accuracy: 0.5236
Epoch 11/25

 1/67 [..............................] - ETA: 0s - loss: 0.6933 - accuracy: 0.5000
31/67 [============>.................] - ETA: 0s - loss: 0.6846 - accuracy: 0.5020
63/67 [===========================>..] - ETA: 0s - loss: 0.6781 - accuracy: 0.5238
67/67 [==============================] - 0s 2ms/step - loss: 0.6782 - accuracy: 0.5212
Epoch 12/25

 1/67 [..............................] - ETA: 0s - loss: 0.6532 - accuracy: 0.5625
34/67 [==============>...............] - ETA: 0s - loss: 0.6752 - accuracy: 0.5294
67/67 [==============================] - ETA: 0s - loss: 0.6775 - accuracy: 0.5222
67/67 [==============================] - 0s 2ms/step - loss: 0.6775 - accuracy: 0.5222
Epoch 13/25

 1/67 [..............................] - ETA: 0s - loss: 0.6749 - accuracy: 0.4688
25/67 [==========>...................] - ETA: 0s - loss: 0.6767 - accuracy: 0.5337
52/67 [======================>.......] - ETA: 0s - loss: 0.6768 - accuracy: 0.5258
67/67 [==============================] - 0s 2ms/step - loss: 0.6766 - accuracy: 0.5245
Epoch 14/25

 1/67 [..............................] - ETA: 0s - loss: 0.6965 - accuracy: 0.4062
24/67 [=========>....................] - ETA: 0s - loss: 0.6766 - accuracy: 0.5169
52/67 [======================>.......] - ETA: 0s - loss: 0.6753 - accuracy: 0.5258
67/67 [==============================] - 0s 2ms/step - loss: 0.6771 - accuracy: 0.5254
Epoch 15/25

 1/67 [..............................] - ETA: 0s - loss: 0.6505 - accuracy: 0.5938
28/67 [===========>..................] - ETA: 0s - loss: 0.6706 - accuracy: 0.5402
56/67 [========================>.....] - ETA: 0s - loss: 0.6774 - accuracy: 0.5279
67/67 [==============================] - 0s 2ms/step - loss: 0.6775 - accuracy: 0.5203
Epoch 16/25

 1/67 [..............................] - ETA: 0s - loss: 0.6728 - accuracy: 0.5625
26/67 [==========>...................] - ETA: 0s - loss: 0.6769 - accuracy: 0.5072
56/67 [========================>.....] - ETA: 0s - loss: 0.6751 - accuracy: 0.5229
67/67 [==============================] - 0s 2ms/step - loss: 0.6767 - accuracy: 0.5240
Epoch 17/25

 1/67 [..............................] - ETA: 0s - loss: 0.6736 - accuracy: 0.6562
28/67 [===========>..................] - ETA: 0s - loss: 0.6725 - accuracy: 0.5435
61/67 [==========================>...] - ETA: 0s - loss: 0.6770 - accuracy: 0.5225
67/67 [==============================] - 0s 2ms/step - loss: 0.6774 - accuracy: 0.5240
Epoch 18/25

 1/67 [..............................] - ETA: 0s - loss: 0.6680 - accuracy: 0.7188
31/67 [============>.................] - ETA: 0s - loss: 0.6793 - accuracy: 0.5181
57/67 [========================>.....] - ETA: 0s - loss: 0.6768 - accuracy: 0.5247
67/67 [==============================] - 0s 2ms/step - loss: 0.6763 - accuracy: 0.5259
Epoch 19/25

 1/67 [..............................] - ETA: 0s - loss: 0.6646 - accuracy: 0.7188
28/67 [===========>..................] - ETA: 0s - loss: 0.6785 - accuracy: 0.5167
61/67 [==========================>...] - ETA: 0s - loss: 0.6764 - accuracy: 0.5210
67/67 [==============================] - 0s 2ms/step - loss: 0.6762 - accuracy: 0.5226
Epoch 20/25

 1/67 [..............................] - ETA: 0s - loss: 0.6432 - accuracy: 0.4375
34/67 [==============>...............] - ETA: 0s - loss: 0.6758 - accuracy: 0.5064
67/67 [==============================] - 0s 2ms/step - loss: 0.6770 - accuracy: 0.5212
Epoch 21/25

 1/67 [..............................] - ETA: 0s - loss: 0.6725 - accuracy: 0.6250
36/67 [===============>..............] - ETA: 0s - loss: 0.6748 - accuracy: 0.5217
67/67 [==============================] - 0s 2ms/step - loss: 0.6750 - accuracy: 0.5222
Epoch 22/25

 1/67 [..............................] - ETA: 0s - loss: 0.6320 - accuracy: 0.6562
35/67 [==============>...............] - ETA: 0s - loss: 0.6737 - accuracy: 0.5312
65/67 [============================>.] - ETA: 0s - loss: 0.6765 - accuracy: 0.5240
67/67 [==============================] - 0s 2ms/step - loss: 0.6762 - accuracy: 0.5259
Epoch 23/25

 1/67 [..............................] - ETA: 0s - loss: 0.6701 - accuracy: 0.5625
30/67 [============>.................] - ETA: 0s - loss: 0.6777 - accuracy: 0.5333
60/67 [=========================>....] - ETA: 0s - loss: 0.6773 - accuracy: 0.5240
67/67 [==============================] - 0s 2ms/step - loss: 0.6757 - accuracy: 0.5240
Epoch 24/25

 1/67 [..............................] - ETA: 0s - loss: 0.6911 - accuracy: 0.5625
29/67 [===========>..................] - ETA: 0s - loss: 0.6743 - accuracy: 0.5054
58/67 [========================>.....] - ETA: 0s - loss: 0.6760 - accuracy: 0.5194
67/67 [==============================] - 0s 2ms/step - loss: 0.6768 - accuracy: 0.5231
Epoch 25/25

 1/67 [..............................] - ETA: 0s - loss: 0.6510 - accuracy: 0.5312
27/67 [===========>..................] - ETA: 0s - loss: 0.6771 - accuracy: 0.5405
52/67 [======================>.......] - ETA: 0s - loss: 0.6774 - accuracy: 0.5228
67/67 [==============================] - 0s 2ms/step - loss: 0.6758 - accuracy: 0.5231
# predict: steps=1872
# predict: tnodeembed_metrics
# predict: node2vec_metrics
tnodeembed: {'auc': 0.5037893641553773, 'f1_micro': 0.5033397902611716, 'f1_macro': 0.351043446698388} tNodeEmbed_final_loss=0.6754655838012695 tNodeEmbed_final_accuracy=0.5090993642807007 
node2vec: {'auc': 0.5041875997333184, 'f1_micro': 0.503406586066395, 'f1_macro': 0.35088364223901736} node2vec_final_loss=0.6758320331573486 node2vec_final_accuracy=0.5230984687805176 
