# load graph
Processing Static file: filename='interactions_with_dates_1983_nodes_16_edges_15_component_0.edges'
# initialize tNodeEmbed for dataset=PPI, test_size=0.2
# load dataset
# fit
# tNodeEmbed
Epoch 1/25

 1/67 [..............................] - ETA: 1:21 - loss: 0.6929 - accuracy: 0.4688
20/67 [=======>......................] - ETA: 0s - loss: 0.6929 - accuracy: 0.5188  
39/67 [================>.............] - ETA: 0s - loss: 0.6927 - accuracy: 0.5144
59/67 [=========================>....] - ETA: 0s - loss: 0.6916 - accuracy: 0.5111
67/67 [==============================] - 1s 3ms/step - loss: 0.6917 - accuracy: 0.5077
Epoch 2/25

 1/67 [..............................] - ETA: 0s - loss: 0.6772 - accuracy: 0.5625
20/67 [=======>......................] - ETA: 0s - loss: 0.6901 - accuracy: 0.5031
39/67 [================>.............] - ETA: 0s - loss: 0.6896 - accuracy: 0.5040
57/67 [========================>.....] - ETA: 0s - loss: 0.6886 - accuracy: 0.5099
67/67 [==============================] - 0s 3ms/step - loss: 0.6873 - accuracy: 0.5096
Epoch 3/25

 1/67 [..............................] - ETA: 0s - loss: 0.6899 - accuracy: 0.6250
17/67 [======>.......................] - ETA: 0s - loss: 0.6805 - accuracy: 0.5165
33/67 [=============>................] - ETA: 0s - loss: 0.6832 - accuracy: 0.5123
49/67 [====================>.........] - ETA: 0s - loss: 0.6853 - accuracy: 0.5026
65/67 [============================>.] - ETA: 0s - loss: 0.6854 - accuracy: 0.5063
67/67 [==============================] - 0s 3ms/step - loss: 0.6850 - accuracy: 0.5077
Epoch 4/25

 1/67 [..............................] - ETA: 0s - loss: 0.6750 - accuracy: 0.4688
18/67 [=======>......................] - ETA: 0s - loss: 0.6835 - accuracy: 0.4913
36/67 [===============>..............] - ETA: 0s - loss: 0.6836 - accuracy: 0.5095
54/67 [=======================>......] - ETA: 0s - loss: 0.6845 - accuracy: 0.5162
67/67 [==============================] - 0s 3ms/step - loss: 0.6843 - accuracy: 0.5152
Epoch 5/25

 1/67 [..............................] - ETA: 0s - loss: 0.6947 - accuracy: 0.4688
19/67 [=======>......................] - ETA: 0s - loss: 0.6786 - accuracy: 0.5230
36/67 [===============>..............] - ETA: 0s - loss: 0.6830 - accuracy: 0.5165
54/67 [=======================>......] - ETA: 0s - loss: 0.6838 - accuracy: 0.5052
67/67 [==============================] - 0s 3ms/step - loss: 0.6831 - accuracy: 0.5035
Epoch 6/25

 1/67 [..............................] - ETA: 0s - loss: 0.6727 - accuracy: 0.5938
20/67 [=======>......................] - ETA: 0s - loss: 0.6830 - accuracy: 0.5359
38/67 [================>.............] - ETA: 0s - loss: 0.6823 - accuracy: 0.5230
56/67 [========================>.....] - ETA: 0s - loss: 0.6828 - accuracy: 0.5128
67/67 [==============================] - 0s 3ms/step - loss: 0.6837 - accuracy: 0.5138
Epoch 7/25

 1/67 [..............................] - ETA: 0s - loss: 0.6706 - accuracy: 0.5625
20/67 [=======>......................] - ETA: 0s - loss: 0.6809 - accuracy: 0.5266
42/67 [=================>............] - ETA: 0s - loss: 0.6810 - accuracy: 0.5216
63/67 [===========================>..] - ETA: 0s - loss: 0.6818 - accuracy: 0.5129
67/67 [==============================] - 0s 2ms/step - loss: 0.6822 - accuracy: 0.5152
Epoch 8/25

 1/67 [..............................] - ETA: 0s - loss: 0.6935 - accuracy: 0.4688
20/67 [=======>......................] - ETA: 0s - loss: 0.6829 - accuracy: 0.5234
40/67 [================>.............] - ETA: 0s - loss: 0.6831 - accuracy: 0.5063
60/67 [=========================>....] - ETA: 0s - loss: 0.6821 - accuracy: 0.4984
67/67 [==============================] - 0s 3ms/step - loss: 0.6823 - accuracy: 0.5049
Epoch 9/25

 1/67 [..............................] - ETA: 0s - loss: 0.6932 - accuracy: 0.5000
19/67 [=======>......................] - ETA: 0s - loss: 0.6848 - accuracy: 0.5164
38/67 [================>.............] - ETA: 0s - loss: 0.6805 - accuracy: 0.5164
58/67 [========================>.....] - ETA: 0s - loss: 0.6818 - accuracy: 0.5145
67/67 [==============================] - 0s 3ms/step - loss: 0.6816 - accuracy: 0.5156
Epoch 10/25

 1/67 [..............................] - ETA: 0s - loss: 0.6914 - accuracy: 0.5625
20/67 [=======>......................] - ETA: 0s - loss: 0.6869 - accuracy: 0.4812
39/67 [================>.............] - ETA: 0s - loss: 0.6865 - accuracy: 0.5024
58/67 [========================>.....] - ETA: 0s - loss: 0.6825 - accuracy: 0.5119
67/67 [==============================] - 0s 3ms/step - loss: 0.6817 - accuracy: 0.5100
Epoch 11/25

 1/67 [..............................] - ETA: 0s - loss: 0.6899 - accuracy: 0.5938
16/67 [======>.......................] - ETA: 0s - loss: 0.6820 - accuracy: 0.5469
34/67 [==============>...............] - ETA: 0s - loss: 0.6780 - accuracy: 0.5404
54/67 [=======================>......] - ETA: 0s - loss: 0.6811 - accuracy: 0.5168
67/67 [==============================] - 0s 3ms/step - loss: 0.6809 - accuracy: 0.5180
Epoch 12/25

 1/67 [..............................] - ETA: 0s - loss: 0.6763 - accuracy: 0.7188
19/67 [=======>......................] - ETA: 0s - loss: 0.6804 - accuracy: 0.5066
38/67 [================>.............] - ETA: 0s - loss: 0.6819 - accuracy: 0.5123
56/67 [========================>.....] - ETA: 0s - loss: 0.6824 - accuracy: 0.5123
67/67 [==============================] - 0s 3ms/step - loss: 0.6818 - accuracy: 0.5156
Epoch 13/25

 1/67 [..............................] - ETA: 0s - loss: 0.6948 - accuracy: 0.4375
21/67 [========>.....................] - ETA: 0s - loss: 0.6873 - accuracy: 0.4881
41/67 [=================>............] - ETA: 0s - loss: 0.6832 - accuracy: 0.5160
60/67 [=========================>....] - ETA: 0s - loss: 0.6823 - accuracy: 0.5182
67/67 [==============================] - 0s 3ms/step - loss: 0.6813 - accuracy: 0.5166
Epoch 14/25

 1/67 [..............................] - ETA: 0s - loss: 0.6933 - accuracy: 0.5000
18/67 [=======>......................] - ETA: 0s - loss: 0.6791 - accuracy: 0.5347
37/67 [===============>..............] - ETA: 0s - loss: 0.6793 - accuracy: 0.5186
55/67 [=======================>......] - ETA: 0s - loss: 0.6811 - accuracy: 0.5148
67/67 [==============================] - 0s 3ms/step - loss: 0.6812 - accuracy: 0.5138
Epoch 15/25

 1/67 [..............................] - ETA: 0s - loss: 0.6719 - accuracy: 0.5000
18/67 [=======>......................] - ETA: 0s - loss: 0.6865 - accuracy: 0.5122
36/67 [===============>..............] - ETA: 0s - loss: 0.6817 - accuracy: 0.5234
54/67 [=======================>......] - ETA: 0s - loss: 0.6801 - accuracy: 0.5214
67/67 [==============================] - 0s 3ms/step - loss: 0.6814 - accuracy: 0.5142
Epoch 16/25

 1/67 [..............................] - ETA: 0s - loss: 0.6273 - accuracy: 0.5938
19/67 [=======>......................] - ETA: 0s - loss: 0.6809 - accuracy: 0.5132
37/67 [===============>..............] - ETA: 0s - loss: 0.6814 - accuracy: 0.5025
55/67 [=======================>......] - ETA: 0s - loss: 0.6815 - accuracy: 0.5000
67/67 [==============================] - 0s 3ms/step - loss: 0.6808 - accuracy: 0.5021
Epoch 17/25

 1/67 [..............................] - ETA: 0s - loss: 0.6718 - accuracy: 0.5000
19/67 [=======>......................] - ETA: 0s - loss: 0.6870 - accuracy: 0.5066
37/67 [===============>..............] - ETA: 0s - loss: 0.6836 - accuracy: 0.5169
56/67 [========================>.....] - ETA: 0s - loss: 0.6814 - accuracy: 0.5190
67/67 [==============================] - 0s 3ms/step - loss: 0.6809 - accuracy: 0.5170
Epoch 18/25

 1/67 [..............................] - ETA: 0s - loss: 0.6952 - accuracy: 0.4375
20/67 [=======>......................] - ETA: 0s - loss: 0.6856 - accuracy: 0.5063
40/67 [================>.............] - ETA: 0s - loss: 0.6808 - accuracy: 0.5117
60/67 [=========================>....] - ETA: 0s - loss: 0.6810 - accuracy: 0.5115
67/67 [==============================] - 0s 3ms/step - loss: 0.6812 - accuracy: 0.5166
Epoch 19/25

 1/67 [..............................] - ETA: 0s - loss: 0.6932 - accuracy: 0.5000
20/67 [=======>......................] - ETA: 0s - loss: 0.6812 - accuracy: 0.4859
40/67 [================>.............] - ETA: 0s - loss: 0.6801 - accuracy: 0.5047
58/67 [========================>.....] - ETA: 0s - loss: 0.6812 - accuracy: 0.5124
67/67 [==============================] - 0s 3ms/step - loss: 0.6810 - accuracy: 0.5133
Epoch 20/25

 1/67 [..............................] - ETA: 0s - loss: 0.6923 - accuracy: 0.5312
19/67 [=======>......................] - ETA: 0s - loss: 0.6809 - accuracy: 0.5066
37/67 [===============>..............] - ETA: 0s - loss: 0.6802 - accuracy: 0.5084
55/67 [=======================>......] - ETA: 0s - loss: 0.6818 - accuracy: 0.5170
67/67 [==============================] - 0s 3ms/step - loss: 0.6808 - accuracy: 0.5156
Epoch 21/25

 1/67 [..............................] - ETA: 0s - loss: 0.6749 - accuracy: 0.4062
20/67 [=======>......................] - ETA: 0s - loss: 0.6798 - accuracy: 0.5281
39/67 [================>.............] - ETA: 0s - loss: 0.6824 - accuracy: 0.5272
59/67 [=========================>....] - ETA: 0s - loss: 0.6800 - accuracy: 0.5238
67/67 [==============================] - 0s 3ms/step - loss: 0.6809 - accuracy: 0.5184
Epoch 22/25

 1/67 [..............................] - ETA: 0s - loss: 0.6920 - accuracy: 0.5312
20/67 [=======>......................] - ETA: 0s - loss: 0.6833 - accuracy: 0.5063
40/67 [================>.............] - ETA: 0s - loss: 0.6805 - accuracy: 0.5094
59/67 [=========================>....] - ETA: 0s - loss: 0.6807 - accuracy: 0.5132
67/67 [==============================] - 0s 3ms/step - loss: 0.6809 - accuracy: 0.5152
Epoch 23/25

 1/67 [..............................] - ETA: 0s - loss: 0.6898 - accuracy: 0.6562
23/67 [=========>....................] - ETA: 0s - loss: 0.6748 - accuracy: 0.5231
44/67 [==================>...........] - ETA: 0s - loss: 0.6797 - accuracy: 0.5185
66/67 [============================>.] - ETA: 0s - loss: 0.6807 - accuracy: 0.5144
67/67 [==============================] - 0s 2ms/step - loss: 0.6808 - accuracy: 0.5156
Epoch 24/25

 1/67 [..............................] - ETA: 0s - loss: 0.6923 - accuracy: 0.5625
21/67 [========>.....................] - ETA: 0s - loss: 0.6793 - accuracy: 0.5179
41/67 [=================>............] - ETA: 0s - loss: 0.6766 - accuracy: 0.5145
61/67 [==========================>...] - ETA: 0s - loss: 0.6799 - accuracy: 0.5174
67/67 [==============================] - 0s 3ms/step - loss: 0.6808 - accuracy: 0.5119
Epoch 25/25

 1/67 [..............................] - ETA: 0s - loss: 0.6703 - accuracy: 0.5625
21/67 [========>.....................] - ETA: 0s - loss: 0.6791 - accuracy: 0.5208
41/67 [=================>............] - ETA: 0s - loss: 0.6792 - accuracy: 0.5229
61/67 [==========================>...] - ETA: 0s - loss: 0.6805 - accuracy: 0.5174
67/67 [==============================] - 0s 3ms/step - loss: 0.6807 - accuracy: 0.5198
# node2vec
Epoch 1/25

 1/67 [..............................] - ETA: 19s - loss: 0.6932 - accuracy: 0.4688
38/67 [================>.............] - ETA: 0s - loss: 0.6894 - accuracy: 0.5033 
67/67 [==============================] - 0s 1ms/step - loss: 0.6902 - accuracy: 0.4946
Epoch 2/25

 1/67 [..............................] - ETA: 0s - loss: 0.6777 - accuracy: 0.5000
37/67 [===============>..............] - ETA: 0s - loss: 0.6853 - accuracy: 0.5312
67/67 [==============================] - 0s 1ms/step - loss: 0.6863 - accuracy: 0.5124
Epoch 3/25

 1/67 [..............................] - ETA: 0s - loss: 0.6588 - accuracy: 0.7188
35/67 [==============>...............] - ETA: 0s - loss: 0.6841 - accuracy: 0.5134
67/67 [==============================] - 0s 2ms/step - loss: 0.6846 - accuracy: 0.5138
Epoch 4/25

 1/67 [..............................] - ETA: 0s - loss: 0.6787 - accuracy: 0.5938
25/67 [==========>...................] - ETA: 0s - loss: 0.6834 - accuracy: 0.5150
56/67 [========================>.....] - ETA: 0s - loss: 0.6827 - accuracy: 0.5179
67/67 [==============================] - 0s 2ms/step - loss: 0.6835 - accuracy: 0.5203
Epoch 5/25

 1/67 [..............................] - ETA: 0s - loss: 0.6924 - accuracy: 0.5312
29/67 [===========>..................] - ETA: 0s - loss: 0.6817 - accuracy: 0.5162
61/67 [==========================>...] - ETA: 0s - loss: 0.6837 - accuracy: 0.5113
67/67 [==============================] - 0s 2ms/step - loss: 0.6835 - accuracy: 0.5105
Epoch 6/25

 1/67 [..............................] - ETA: 0s - loss: 0.6952 - accuracy: 0.4062
30/67 [============>.................] - ETA: 0s - loss: 0.6829 - accuracy: 0.5125
56/67 [========================>.....] - ETA: 0s - loss: 0.6830 - accuracy: 0.5173
67/67 [==============================] - 0s 2ms/step - loss: 0.6829 - accuracy: 0.5133
Epoch 7/25

 1/67 [..............................] - ETA: 0s - loss: 0.6770 - accuracy: 0.4375
19/67 [=======>......................] - ETA: 0s - loss: 0.6843 - accuracy: 0.4885
39/67 [================>.............] - ETA: 0s - loss: 0.6842 - accuracy: 0.5120
60/67 [=========================>....] - ETA: 0s - loss: 0.6832 - accuracy: 0.5161
67/67 [==============================] - 0s 3ms/step - loss: 0.6824 - accuracy: 0.5170
Epoch 8/25

 1/67 [..............................] - ETA: 0s - loss: 0.6895 - accuracy: 0.6250
22/67 [========>.....................] - ETA: 0s - loss: 0.6887 - accuracy: 0.5298
47/67 [====================>.........] - ETA: 0s - loss: 0.6860 - accuracy: 0.5180
67/67 [==============================] - 0s 2ms/step - loss: 0.6824 - accuracy: 0.5161
Epoch 9/25

 1/67 [..............................] - ETA: 0s - loss: 0.6978 - accuracy: 0.3750
27/67 [===========>..................] - ETA: 0s - loss: 0.6822 - accuracy: 0.4965
50/67 [=====================>........] - ETA: 0s - loss: 0.6808 - accuracy: 0.5150
67/67 [==============================] - 0s 2ms/step - loss: 0.6828 - accuracy: 0.5156
Epoch 10/25

 1/67 [..............................] - ETA: 0s - loss: 0.6722 - accuracy: 0.5312
25/67 [==========>...................] - ETA: 0s - loss: 0.6829 - accuracy: 0.4900
49/67 [====================>.........] - ETA: 0s - loss: 0.6833 - accuracy: 0.5153
67/67 [==============================] - 0s 2ms/step - loss: 0.6820 - accuracy: 0.5170
Epoch 11/25

 1/67 [..............................] - ETA: 0s - loss: 0.6676 - accuracy: 0.6562
27/67 [===========>..................] - ETA: 0s - loss: 0.6818 - accuracy: 0.5093
53/67 [======================>.......] - ETA: 0s - loss: 0.6815 - accuracy: 0.5118
67/67 [==============================] - 0s 2ms/step - loss: 0.6823 - accuracy: 0.5149
Epoch 12/25

 1/67 [..............................] - ETA: 0s - loss: 0.6692 - accuracy: 0.5938
27/67 [===========>..................] - ETA: 0s - loss: 0.6852 - accuracy: 0.4936
50/67 [=====================>........] - ETA: 0s - loss: 0.6825 - accuracy: 0.5078
67/67 [==============================] - 0s 2ms/step - loss: 0.6821 - accuracy: 0.5149
Epoch 13/25

 1/67 [..............................] - ETA: 0s - loss: 0.6933 - accuracy: 0.5000
24/67 [=========>....................] - ETA: 0s - loss: 0.6809 - accuracy: 0.5299
47/67 [====================>.........] - ETA: 0s - loss: 0.6805 - accuracy: 0.5266
67/67 [==============================] - 0s 2ms/step - loss: 0.6824 - accuracy: 0.5124
Epoch 14/25

 1/67 [..............................] - ETA: 0s - loss: 0.6980 - accuracy: 0.3750
20/67 [=======>......................] - ETA: 0s - loss: 0.6778 - accuracy: 0.5109
40/67 [================>.............] - ETA: 0s - loss: 0.6824 - accuracy: 0.5094
62/67 [==========================>...] - ETA: 0s - loss: 0.6821 - accuracy: 0.5207
67/67 [==============================] - 0s 3ms/step - loss: 0.6818 - accuracy: 0.5166
Epoch 15/25

 1/67 [..............................] - ETA: 0s - loss: 0.6915 - accuracy: 0.5625
20/67 [=======>......................] - ETA: 0s - loss: 0.6839 - accuracy: 0.5125
43/67 [==================>...........] - ETA: 0s - loss: 0.6842 - accuracy: 0.5022
59/67 [=========================>....] - ETA: 0s - loss: 0.6833 - accuracy: 0.5117
67/67 [==============================] - 0s 3ms/step - loss: 0.6822 - accuracy: 0.5170
Epoch 16/25

 1/67 [..............................] - ETA: 0s - loss: 0.6917 - accuracy: 0.5625
20/67 [=======>......................] - ETA: 0s - loss: 0.6816 - accuracy: 0.5203
44/67 [==================>...........] - ETA: 0s - loss: 0.6793 - accuracy: 0.5234
67/67 [==============================] - ETA: 0s - loss: 0.6811 - accuracy: 0.5175
67/67 [==============================] - 0s 2ms/step - loss: 0.6811 - accuracy: 0.5175
Epoch 17/25

 1/67 [..............................] - ETA: 0s - loss: 0.6992 - accuracy: 0.3125
24/67 [=========>....................] - ETA: 0s - loss: 0.6821 - accuracy: 0.5052
50/67 [=====================>........] - ETA: 0s - loss: 0.6830 - accuracy: 0.5050
67/67 [==============================] - 0s 2ms/step - loss: 0.6826 - accuracy: 0.5114
Epoch 18/25

 1/67 [..............................] - ETA: 0s - loss: 0.6708 - accuracy: 0.5625
26/67 [==========>...................] - ETA: 0s - loss: 0.6797 - accuracy: 0.5108
54/67 [=======================>......] - ETA: 0s - loss: 0.6794 - accuracy: 0.5156
67/67 [==============================] - 0s 2ms/step - loss: 0.6810 - accuracy: 0.5175
Epoch 19/25

 1/67 [..............................] - ETA: 0s - loss: 0.6947 - accuracy: 0.4375
26/67 [==========>...................] - ETA: 0s - loss: 0.6775 - accuracy: 0.5216
49/67 [====================>.........] - ETA: 0s - loss: 0.6809 - accuracy: 0.5204
67/67 [==============================] - 0s 2ms/step - loss: 0.6817 - accuracy: 0.5166
Epoch 20/25

 1/67 [..............................] - ETA: 0s - loss: 0.6766 - accuracy: 0.3438
24/67 [=========>....................] - ETA: 0s - loss: 0.6769 - accuracy: 0.5065
47/67 [====================>.........] - ETA: 0s - loss: 0.6811 - accuracy: 0.5153
67/67 [==============================] - 0s 2ms/step - loss: 0.6817 - accuracy: 0.5152
Epoch 21/25

 1/67 [..............................] - ETA: 0s - loss: 0.6907 - accuracy: 0.5938
22/67 [========>.....................] - ETA: 0s - loss: 0.6776 - accuracy: 0.5412
42/67 [=================>............] - ETA: 0s - loss: 0.6796 - accuracy: 0.5164
62/67 [==========================>...] - ETA: 0s - loss: 0.6813 - accuracy: 0.5166
67/67 [==============================] - 0s 3ms/step - loss: 0.6819 - accuracy: 0.5138
Epoch 22/25

 1/67 [..............................] - ETA: 0s - loss: 0.6456 - accuracy: 0.6875
23/67 [=========>....................] - ETA: 0s - loss: 0.6778 - accuracy: 0.5245
45/67 [===================>..........] - ETA: 0s - loss: 0.6804 - accuracy: 0.5299
67/67 [==============================] - 0s 2ms/step - loss: 0.6813 - accuracy: 0.5175
Epoch 23/25

 1/67 [..............................] - ETA: 0s - loss: 0.6957 - accuracy: 0.4062
24/67 [=========>....................] - ETA: 0s - loss: 0.6847 - accuracy: 0.5169
48/67 [====================>.........] - ETA: 0s - loss: 0.6844 - accuracy: 0.5072
67/67 [==============================] - 0s 2ms/step - loss: 0.6829 - accuracy: 0.5156
Epoch 24/25

 1/67 [..............................] - ETA: 0s - loss: 0.6948 - accuracy: 0.4375
23/67 [=========>....................] - ETA: 0s - loss: 0.6721 - accuracy: 0.5258
47/67 [====================>.........] - ETA: 0s - loss: 0.6780 - accuracy: 0.5213
67/67 [==============================] - 0s 2ms/step - loss: 0.6799 - accuracy: 0.5138
Epoch 25/25

 1/67 [..............................] - ETA: 0s - loss: 0.6907 - accuracy: 0.5938
27/67 [===========>..................] - ETA: 0s - loss: 0.6813 - accuracy: 0.5058
50/67 [=====================>........] - ETA: 0s - loss: 0.6819 - accuracy: 0.5100
67/67 [==============================] - 0s 2ms/step - loss: 0.6823 - accuracy: 0.5152
# predict: steps=1872
# predict: tnodeembed_metrics
# predict: node2vec_metrics
tnodeembed: {'auc': 0.5031860117813951, 'f1_micro': 0.5026050364037139, 'f1_macro': 0.34515281493434935} tNodeEmbed_final_loss=0.6807301640510559 tNodeEmbed_final_accuracy=0.5198320150375366 
node2vec: {'auc': 0.5030530470369314, 'f1_micro': 0.5025382405984904, 'f1_macro': 0.34475395232023953} node2vec_final_loss=0.6822583675384521 node2vec_final_accuracy=0.5151656270027161 
