# load graph
Processing Static file: filename='interactions_with_dates_2012_nodes_4891_edges_10687_component_0.edges'
# initialize tNodeEmbed for dataset=PPI, test_size=0.2
# load dataset
# fit
# tNodeEmbed
Epoch 1/25

 1/67 [..............................] - ETA: 4:55 - loss: 0.6906 - accuracy: 0.5312
 6/67 [=>............................] - ETA: 0s - loss: 0.6888 - accuracy: 0.5260  
12/67 [====>.........................] - ETA: 0s - loss: 0.6900 - accuracy: 0.5052
21/67 [========>.....................] - ETA: 0s - loss: 0.6859 - accuracy: 0.5193
30/67 [============>.................] - ETA: 0s - loss: 0.6791 - accuracy: 0.5406
40/67 [================>.............] - ETA: 0s - loss: 0.6771 - accuracy: 0.5523
49/67 [====================>.........] - ETA: 0s - loss: 0.6697 - accuracy: 0.5829
59/67 [=========================>....] - ETA: 0s - loss: 0.6611 - accuracy: 0.5990
67/67 [==============================] - 5s 6ms/step - loss: 0.6585 - accuracy: 0.6048
Epoch 2/25

 1/67 [..............................] - ETA: 0s - loss: 0.4834 - accuracy: 0.8125
11/67 [===>..........................] - ETA: 0s - loss: 0.5374 - accuracy: 0.7784
21/67 [========>.....................] - ETA: 0s - loss: 0.5460 - accuracy: 0.7619
30/67 [============>.................] - ETA: 0s - loss: 0.5548 - accuracy: 0.7510
39/67 [================>.............] - ETA: 0s - loss: 0.5467 - accuracy: 0.7436
49/67 [====================>.........] - ETA: 0s - loss: 0.5479 - accuracy: 0.7372
60/67 [=========================>....] - ETA: 0s - loss: 0.5427 - accuracy: 0.7391
67/67 [==============================] - 0s 6ms/step - loss: 0.5457 - accuracy: 0.7364
Epoch 3/25

 1/67 [..............................] - ETA: 0s - loss: 0.5657 - accuracy: 0.6562
10/67 [===>..........................] - ETA: 0s - loss: 0.4739 - accuracy: 0.7875
17/67 [======>.......................] - ETA: 0s - loss: 0.4661 - accuracy: 0.7849
25/67 [==========>...................] - ETA: 0s - loss: 0.4521 - accuracy: 0.8025
34/67 [==============>...............] - ETA: 0s - loss: 0.4674 - accuracy: 0.7886
44/67 [==================>...........] - ETA: 0s - loss: 0.4699 - accuracy: 0.7812
54/67 [=======================>......] - ETA: 0s - loss: 0.4722 - accuracy: 0.7859
64/67 [===========================>..] - ETA: 0s - loss: 0.4778 - accuracy: 0.7822
67/67 [==============================] - 0s 6ms/step - loss: 0.4792 - accuracy: 0.7825
Epoch 4/25

 1/67 [..............................] - ETA: 0s - loss: 0.4034 - accuracy: 0.8750
11/67 [===>..........................] - ETA: 0s - loss: 0.4221 - accuracy: 0.8381
21/67 [========>.....................] - ETA: 0s - loss: 0.4262 - accuracy: 0.8259
31/67 [============>.................] - ETA: 0s - loss: 0.4275 - accuracy: 0.8216
40/67 [================>.............] - ETA: 0s - loss: 0.4278 - accuracy: 0.8117
49/67 [====================>.........] - ETA: 0s - loss: 0.4185 - accuracy: 0.8202
58/67 [========================>.....] - ETA: 0s - loss: 0.4143 - accuracy: 0.8200
67/67 [==============================] - ETA: 0s - loss: 0.4113 - accuracy: 0.8203
67/67 [==============================] - 0s 6ms/step - loss: 0.4113 - accuracy: 0.8203
Epoch 5/25

 1/67 [..............................] - ETA: 0s - loss: 0.3243 - accuracy: 0.8438
 9/67 [===>..........................] - ETA: 0s - loss: 0.2721 - accuracy: 0.8993
17/67 [======>.......................] - ETA: 0s - loss: 0.2878 - accuracy: 0.8879
25/67 [==========>...................] - ETA: 0s - loss: 0.2963 - accuracy: 0.8800
34/67 [==============>...............] - ETA: 0s - loss: 0.2997 - accuracy: 0.8805
43/67 [==================>...........] - ETA: 0s - loss: 0.3111 - accuracy: 0.8721
52/67 [======================>.......] - ETA: 0s - loss: 0.3082 - accuracy: 0.8738
62/67 [==========================>...] - ETA: 0s - loss: 0.3098 - accuracy: 0.8720
67/67 [==============================] - 0s 6ms/step - loss: 0.3151 - accuracy: 0.8698
Epoch 6/25

 1/67 [..............................] - ETA: 0s - loss: 0.2297 - accuracy: 0.9062
10/67 [===>..........................] - ETA: 0s - loss: 0.2143 - accuracy: 0.9250
22/67 [========>.....................] - ETA: 0s - loss: 0.2224 - accuracy: 0.9276
32/67 [=============>................] - ETA: 0s - loss: 0.2200 - accuracy: 0.9297
42/67 [=================>............] - ETA: 0s - loss: 0.2237 - accuracy: 0.9249
52/67 [======================>.......] - ETA: 0s - loss: 0.2208 - accuracy: 0.9261
62/67 [==========================>...] - ETA: 0s - loss: 0.2206 - accuracy: 0.9279
67/67 [==============================] - 0s 5ms/step - loss: 0.2240 - accuracy: 0.9258
Epoch 7/25

 1/67 [..............................] - ETA: 0s - loss: 0.1241 - accuracy: 0.9688
11/67 [===>..........................] - ETA: 0s - loss: 0.1577 - accuracy: 0.9574
20/67 [=======>......................] - ETA: 0s - loss: 0.1524 - accuracy: 0.9609
29/67 [===========>..................] - ETA: 0s - loss: 0.1485 - accuracy: 0.9601
38/67 [================>.............] - ETA: 0s - loss: 0.1479 - accuracy: 0.9581
46/67 [===================>..........] - ETA: 0s - loss: 0.1527 - accuracy: 0.9552
53/67 [======================>.......] - ETA: 0s - loss: 0.1505 - accuracy: 0.9570
61/67 [==========================>...] - ETA: 0s - loss: 0.1526 - accuracy: 0.9549
67/67 [==============================] - 0s 6ms/step - loss: 0.1498 - accuracy: 0.9557
Epoch 8/25

 1/67 [..............................] - ETA: 0s - loss: 0.0780 - accuracy: 0.9688
11/67 [===>..........................] - ETA: 0s - loss: 0.0892 - accuracy: 0.9858
21/67 [========>.....................] - ETA: 0s - loss: 0.0879 - accuracy: 0.9881
29/67 [===========>..................] - ETA: 0s - loss: 0.0848 - accuracy: 0.9860
38/67 [================>.............] - ETA: 0s - loss: 0.0844 - accuracy: 0.9844
46/67 [===================>..........] - ETA: 0s - loss: 0.0837 - accuracy: 0.9837
54/67 [=======================>......] - ETA: 0s - loss: 0.0837 - accuracy: 0.9815
63/67 [===========================>..] - ETA: 0s - loss: 0.0819 - accuracy: 0.9826
67/67 [==============================] - 0s 6ms/step - loss: 0.0807 - accuracy: 0.9832
Epoch 9/25

 1/67 [..............................] - ETA: 0s - loss: 0.0268 - accuracy: 1.0000
 9/67 [===>..........................] - ETA: 0s - loss: 0.0477 - accuracy: 0.9931
19/67 [=======>......................] - ETA: 0s - loss: 0.0400 - accuracy: 0.9951
29/67 [===========>..................] - ETA: 0s - loss: 0.0410 - accuracy: 0.9957
37/67 [===============>..............] - ETA: 0s - loss: 0.0403 - accuracy: 0.9966
46/67 [===================>..........] - ETA: 0s - loss: 0.0391 - accuracy: 0.9973
55/67 [=======================>......] - ETA: 0s - loss: 0.0402 - accuracy: 0.9966
65/67 [============================>.] - ETA: 0s - loss: 0.0419 - accuracy: 0.9957
67/67 [==============================] - 0s 6ms/step - loss: 0.0414 - accuracy: 0.9958
Epoch 10/25

 1/67 [..............................] - ETA: 0s - loss: 0.0200 - accuracy: 1.0000
10/67 [===>..........................] - ETA: 0s - loss: 0.0183 - accuracy: 1.0000
19/67 [=======>......................] - ETA: 0s - loss: 0.0208 - accuracy: 1.0000
28/67 [===========>..................] - ETA: 0s - loss: 0.0220 - accuracy: 1.0000
37/67 [===============>..............] - ETA: 0s - loss: 0.0232 - accuracy: 0.9992
45/67 [===================>..........] - ETA: 0s - loss: 0.0223 - accuracy: 0.9993
54/67 [=======================>......] - ETA: 0s - loss: 0.0222 - accuracy: 0.9994
62/67 [==========================>...] - ETA: 0s - loss: 0.0220 - accuracy: 0.9995
67/67 [==============================] - 0s 6ms/step - loss: 0.0229 - accuracy: 0.9991
Epoch 11/25

 1/67 [..............................] - ETA: 0s - loss: 0.0085 - accuracy: 1.0000
10/67 [===>..........................] - ETA: 0s - loss: 0.0168 - accuracy: 0.9969
19/67 [=======>......................] - ETA: 0s - loss: 0.0150 - accuracy: 0.9984
28/67 [===========>..................] - ETA: 0s - loss: 0.0160 - accuracy: 0.9978
37/67 [===============>..............] - ETA: 0s - loss: 0.0164 - accuracy: 0.9975
46/67 [===================>..........] - ETA: 0s - loss: 0.0156 - accuracy: 0.9980
56/67 [========================>.....] - ETA: 0s - loss: 0.0160 - accuracy: 0.9978
67/67 [==============================] - 0s 6ms/step - loss: 0.0154 - accuracy: 0.9981
Epoch 12/25

 1/67 [..............................] - ETA: 0s - loss: 0.0087 - accuracy: 1.0000
11/67 [===>..........................] - ETA: 0s - loss: 0.0084 - accuracy: 1.0000
22/67 [========>.....................] - ETA: 0s - loss: 0.0088 - accuracy: 1.0000
32/67 [=============>................] - ETA: 0s - loss: 0.0087 - accuracy: 1.0000
43/67 [==================>...........] - ETA: 0s - loss: 0.0092 - accuracy: 0.9993
54/67 [=======================>......] - ETA: 0s - loss: 0.0093 - accuracy: 0.9994
65/67 [============================>.] - ETA: 0s - loss: 0.0092 - accuracy: 0.9995
67/67 [==============================] - 0s 5ms/step - loss: 0.0092 - accuracy: 0.9995
Epoch 13/25

 1/67 [..............................] - ETA: 0s - loss: 0.0044 - accuracy: 1.0000
11/67 [===>..........................] - ETA: 0s - loss: 0.0060 - accuracy: 1.0000
22/67 [========>.....................] - ETA: 0s - loss: 0.0056 - accuracy: 1.0000
31/67 [============>.................] - ETA: 0s - loss: 0.0055 - accuracy: 1.0000
34/67 [==============>...............] - ETA: 0s - loss: 0.0055 - accuracy: 1.0000
40/67 [================>.............] - ETA: 0s - loss: 0.0056 - accuracy: 1.0000
49/67 [====================>.........] - ETA: 0s - loss: 0.0055 - accuracy: 1.0000
54/67 [=======================>......] - ETA: 0s - loss: 0.0056 - accuracy: 1.0000
64/67 [===========================>..] - ETA: 0s - loss: 0.0057 - accuracy: 1.0000
67/67 [==============================] - 0s 7ms/step - loss: 0.0059 - accuracy: 1.0000
Epoch 14/25

 1/67 [..............................] - ETA: 0s - loss: 0.0051 - accuracy: 1.0000
10/67 [===>..........................] - ETA: 0s - loss: 0.0053 - accuracy: 1.0000
19/67 [=======>......................] - ETA: 0s - loss: 0.0047 - accuracy: 1.0000
29/67 [===========>..................] - ETA: 0s - loss: 0.0047 - accuracy: 1.0000
38/67 [================>.............] - ETA: 0s - loss: 0.0046 - accuracy: 1.0000
48/67 [====================>.........] - ETA: 0s - loss: 0.0045 - accuracy: 1.0000
57/67 [========================>.....] - ETA: 0s - loss: 0.0045 - accuracy: 1.0000
67/67 [==============================] - ETA: 0s - loss: 0.0045 - accuracy: 1.0000
67/67 [==============================] - 0s 6ms/step - loss: 0.0045 - accuracy: 1.0000
Epoch 15/25

 1/67 [..............................] - ETA: 0s - loss: 0.0043 - accuracy: 1.0000
11/67 [===>..........................] - ETA: 0s - loss: 0.0037 - accuracy: 1.0000
20/67 [=======>......................] - ETA: 0s - loss: 0.0035 - accuracy: 1.0000
30/67 [============>.................] - ETA: 0s - loss: 0.0035 - accuracy: 1.0000
40/67 [================>.............] - ETA: 0s - loss: 0.0033 - accuracy: 1.0000
50/67 [=====================>........] - ETA: 0s - loss: 0.0033 - accuracy: 1.0000
59/67 [=========================>....] - ETA: 0s - loss: 0.0034 - accuracy: 1.0000
67/67 [==============================] - 0s 6ms/step - loss: 0.0034 - accuracy: 1.0000
Epoch 16/25

 1/67 [..............................] - ETA: 0s - loss: 0.0053 - accuracy: 1.0000
 9/67 [===>..........................] - ETA: 0s - loss: 0.0029 - accuracy: 1.0000
16/67 [======>.......................] - ETA: 0s - loss: 0.0028 - accuracy: 1.0000
24/67 [=========>....................] - ETA: 0s - loss: 0.0031 - accuracy: 1.0000
34/67 [==============>...............] - ETA: 0s - loss: 0.0030 - accuracy: 1.0000
43/67 [==================>...........] - ETA: 0s - loss: 0.0028 - accuracy: 1.0000
53/67 [======================>.......] - ETA: 0s - loss: 0.0028 - accuracy: 1.0000
63/67 [===========================>..] - ETA: 0s - loss: 0.0028 - accuracy: 1.0000
67/67 [==============================] - 0s 6ms/step - loss: 0.0027 - accuracy: 1.0000
Epoch 17/25

 1/67 [..............................] - ETA: 0s - loss: 0.0016 - accuracy: 1.0000
10/67 [===>..........................] - ETA: 0s - loss: 0.0023 - accuracy: 1.0000
19/67 [=======>......................] - ETA: 0s - loss: 0.0022 - accuracy: 1.0000
28/67 [===========>..................] - ETA: 0s - loss: 0.0022 - accuracy: 1.0000
39/67 [================>.............] - ETA: 0s - loss: 0.0022 - accuracy: 1.0000
50/67 [=====================>........] - ETA: 0s - loss: 0.0022 - accuracy: 1.0000
61/67 [==========================>...] - ETA: 0s - loss: 0.0022 - accuracy: 1.0000
67/67 [==============================] - 0s 5ms/step - loss: 0.0022 - accuracy: 1.0000
Epoch 18/25

 1/67 [..............................] - ETA: 0s - loss: 0.0027 - accuracy: 1.0000
10/67 [===>..........................] - ETA: 0s - loss: 0.0018 - accuracy: 1.0000
20/67 [=======>......................] - ETA: 0s - loss: 0.0018 - accuracy: 1.0000
29/67 [===========>..................] - ETA: 0s - loss: 0.0018 - accuracy: 1.0000
38/67 [================>.............] - ETA: 0s - loss: 0.0018 - accuracy: 1.0000
47/67 [====================>.........] - ETA: 0s - loss: 0.0018 - accuracy: 1.0000
54/67 [=======================>......] - ETA: 0s - loss: 0.0018 - accuracy: 1.0000
62/67 [==========================>...] - ETA: 0s - loss: 0.0019 - accuracy: 1.0000
67/67 [==============================] - 0s 6ms/step - loss: 0.0019 - accuracy: 1.0000
Epoch 19/25

 1/67 [..............................] - ETA: 0s - loss: 0.0013 - accuracy: 1.0000
10/67 [===>..........................] - ETA: 0s - loss: 0.0016 - accuracy: 1.0000
18/67 [=======>......................] - ETA: 0s - loss: 0.0017 - accuracy: 1.0000
28/67 [===========>..................] - ETA: 0s - loss: 0.0017 - accuracy: 1.0000
37/67 [===============>..............] - ETA: 0s - loss: 0.0016 - accuracy: 1.0000
46/67 [===================>..........] - ETA: 0s - loss: 0.0016 - accuracy: 1.0000
56/67 [========================>.....] - ETA: 0s - loss: 0.0015 - accuracy: 1.0000
66/67 [============================>.] - ETA: 0s - loss: 0.0016 - accuracy: 1.0000
67/67 [==============================] - 0s 6ms/step - loss: 0.0016 - accuracy: 1.0000
Epoch 20/25

 1/67 [..............................] - ETA: 0s - loss: 0.0010 - accuracy: 1.0000
 9/67 [===>..........................] - ETA: 0s - loss: 0.0015 - accuracy: 1.0000
19/67 [=======>......................] - ETA: 0s - loss: 0.0013 - accuracy: 1.0000
29/67 [===========>..................] - ETA: 0s - loss: 0.0014 - accuracy: 1.0000
38/67 [================>.............] - ETA: 0s - loss: 0.0014 - accuracy: 1.0000
47/67 [====================>.........] - ETA: 0s - loss: 0.0014 - accuracy: 1.0000
57/67 [========================>.....] - ETA: 0s - loss: 0.0014 - accuracy: 1.0000
65/67 [============================>.] - ETA: 0s - loss: 0.0013 - accuracy: 1.0000
67/67 [==============================] - 0s 6ms/step - loss: 0.0013 - accuracy: 1.0000
Epoch 21/25

 1/67 [..............................] - ETA: 0s - loss: 0.0011 - accuracy: 1.0000
 9/67 [===>..........................] - ETA: 0s - loss: 9.6794e-04 - accuracy: 1.0000
16/67 [======>.......................] - ETA: 0s - loss: 0.0011 - accuracy: 1.0000    
23/67 [=========>....................] - ETA: 0s - loss: 0.0012 - accuracy: 1.0000
31/67 [============>.................] - ETA: 0s - loss: 0.0012 - accuracy: 1.0000
40/67 [================>.............] - ETA: 0s - loss: 0.0011 - accuracy: 1.0000
48/67 [====================>.........] - ETA: 0s - loss: 0.0011 - accuracy: 1.0000
58/67 [========================>.....] - ETA: 0s - loss: 0.0011 - accuracy: 1.0000
67/67 [==============================] - ETA: 0s - loss: 0.0012 - accuracy: 1.0000
67/67 [==============================] - 0s 6ms/step - loss: 0.0012 - accuracy: 1.0000
Epoch 22/25

 1/67 [..............................] - ETA: 0s - loss: 9.6376e-04 - accuracy: 1.0000
11/67 [===>..........................] - ETA: 0s - loss: 0.0011 - accuracy: 1.0000    
19/67 [=======>......................] - ETA: 0s - loss: 0.0010 - accuracy: 1.0000
27/67 [===========>..................] - ETA: 0s - loss: 0.0011 - accuracy: 1.0000
37/67 [===============>..............] - ETA: 0s - loss: 0.0010 - accuracy: 1.0000
47/67 [====================>.........] - ETA: 0s - loss: 0.0010 - accuracy: 1.0000
57/67 [========================>.....] - ETA: 0s - loss: 9.6073e-04 - accuracy: 1.0000
66/67 [============================>.] - ETA: 0s - loss: 9.8511e-04 - accuracy: 1.0000
67/67 [==============================] - 0s 6ms/step - loss: 9.7807e-04 - accuracy: 1.0000
Epoch 23/25

 1/67 [..............................] - ETA: 0s - loss: 5.8859e-04 - accuracy: 1.0000
11/67 [===>..........................] - ETA: 0s - loss: 7.4970e-04 - accuracy: 1.0000
23/67 [=========>....................] - ETA: 0s - loss: 9.3674e-04 - accuracy: 1.0000
34/67 [==============>...............] - ETA: 0s - loss: 9.1153e-04 - accuracy: 1.0000
44/67 [==================>...........] - ETA: 0s - loss: 9.1504e-04 - accuracy: 1.0000
53/67 [======================>.......] - ETA: 0s - loss: 8.9863e-04 - accuracy: 1.0000
61/67 [==========================>...] - ETA: 0s - loss: 8.8804e-04 - accuracy: 1.0000
67/67 [==============================] - 0s 5ms/step - loss: 8.7180e-04 - accuracy: 1.0000
Epoch 24/25

 1/67 [..............................] - ETA: 0s - loss: 6.6547e-04 - accuracy: 1.0000
10/67 [===>..........................] - ETA: 0s - loss: 6.5844e-04 - accuracy: 1.0000
19/67 [=======>......................] - ETA: 0s - loss: 7.3232e-04 - accuracy: 1.0000
30/67 [============>.................] - ETA: 0s - loss: 7.7109e-04 - accuracy: 1.0000
40/67 [================>.............] - ETA: 0s - loss: 8.0345e-04 - accuracy: 1.0000
49/67 [====================>.........] - ETA: 0s - loss: 7.9440e-04 - accuracy: 1.0000
58/67 [========================>.....] - ETA: 0s - loss: 7.8501e-04 - accuracy: 1.0000
67/67 [==============================] - 0s 6ms/step - loss: 7.6880e-04 - accuracy: 1.0000
Epoch 25/25

 1/67 [..............................] - ETA: 0s - loss: 6.5033e-04 - accuracy: 1.0000
11/67 [===>..........................] - ETA: 0s - loss: 7.3781e-04 - accuracy: 1.0000
21/67 [========>.....................] - ETA: 0s - loss: 7.0424e-04 - accuracy: 1.0000
30/67 [============>.................] - ETA: 0s - loss: 6.8921e-04 - accuracy: 1.0000
39/67 [================>.............] - ETA: 0s - loss: 6.9972e-04 - accuracy: 1.0000
49/67 [====================>.........] - ETA: 0s - loss: 6.9286e-04 - accuracy: 1.0000
60/67 [=========================>....] - ETA: 0s - loss: 6.7438e-04 - accuracy: 1.0000
67/67 [==============================] - 0s 5ms/step - loss: 6.8628e-04 - accuracy: 1.0000
# node2vec
Epoch 1/25

 1/67 [..............................] - ETA: 52s - loss: 0.6978 - accuracy: 0.5938
10/67 [===>..........................] - ETA: 0s - loss: 0.7045 - accuracy: 0.5375 
22/67 [========>.....................] - ETA: 0s - loss: 0.6773 - accuracy: 0.5966
38/67 [================>.............] - ETA: 0s - loss: 0.6608 - accuracy: 0.6250
53/67 [======================>.......] - ETA: 0s - loss: 0.6462 - accuracy: 0.6362
67/67 [==============================] - ETA: 0s - loss: 0.6428 - accuracy: 0.6458
67/67 [==============================] - 1s 4ms/step - loss: 0.6428 - accuracy: 0.6458
Epoch 2/25

 1/67 [..............................] - ETA: 0s - loss: 0.5471 - accuracy: 0.6875
10/67 [===>..........................] - ETA: 0s - loss: 0.5647 - accuracy: 0.7281
20/67 [=======>......................] - ETA: 0s - loss: 0.5571 - accuracy: 0.7297
30/67 [============>.................] - ETA: 0s - loss: 0.5524 - accuracy: 0.7302
41/67 [=================>............] - ETA: 0s - loss: 0.5540 - accuracy: 0.7332
52/67 [======================>.......] - ETA: 0s - loss: 0.5517 - accuracy: 0.7362
65/67 [============================>.] - ETA: 0s - loss: 0.5439 - accuracy: 0.7447
67/67 [==============================] - 0s 5ms/step - loss: 0.5428 - accuracy: 0.7471
Epoch 3/25

 1/67 [..............................] - ETA: 0s - loss: 0.4318 - accuracy: 0.8125
13/67 [====>.........................] - ETA: 0s - loss: 0.5113 - accuracy: 0.7812
26/67 [==========>...................] - ETA: 0s - loss: 0.5114 - accuracy: 0.7764
32/67 [=============>................] - ETA: 0s - loss: 0.5009 - accuracy: 0.7891
40/67 [================>.............] - ETA: 0s - loss: 0.4962 - accuracy: 0.7906
48/67 [====================>.........] - ETA: 0s - loss: 0.4952 - accuracy: 0.7949
60/67 [=========================>....] - ETA: 0s - loss: 0.4913 - accuracy: 0.7937
67/67 [==============================] - 0s 5ms/step - loss: 0.4910 - accuracy: 0.7891
Epoch 4/25

 1/67 [..............................] - ETA: 0s - loss: 0.3307 - accuracy: 0.8750
17/67 [======>.......................] - ETA: 0s - loss: 0.4360 - accuracy: 0.8235
32/67 [=============>................] - ETA: 0s - loss: 0.4382 - accuracy: 0.8145
47/67 [====================>.........] - ETA: 0s - loss: 0.4482 - accuracy: 0.8039
54/67 [=======================>......] - ETA: 0s - loss: 0.4472 - accuracy: 0.8050
60/67 [=========================>....] - ETA: 0s - loss: 0.4487 - accuracy: 0.8042
66/67 [============================>.] - ETA: 0s - loss: 0.4451 - accuracy: 0.8072
67/67 [==============================] - 0s 5ms/step - loss: 0.4436 - accuracy: 0.8091
Epoch 5/25

 1/67 [..............................] - ETA: 0s - loss: 0.4264 - accuracy: 0.8438
15/67 [=====>........................] - ETA: 0s - loss: 0.4028 - accuracy: 0.8479
31/67 [============>.................] - ETA: 0s - loss: 0.3942 - accuracy: 0.8498
45/67 [===================>..........] - ETA: 0s - loss: 0.4042 - accuracy: 0.8410
59/67 [=========================>....] - ETA: 0s - loss: 0.3981 - accuracy: 0.8411
67/67 [==============================] - 0s 4ms/step - loss: 0.3976 - accuracy: 0.8432
Epoch 6/25

 1/67 [..............................] - ETA: 0s - loss: 0.3581 - accuracy: 0.8750
10/67 [===>..........................] - ETA: 0s - loss: 0.3555 - accuracy: 0.8781
20/67 [=======>......................] - ETA: 0s - loss: 0.3472 - accuracy: 0.8813
29/67 [===========>..................] - ETA: 0s - loss: 0.3452 - accuracy: 0.8772
37/67 [===============>..............] - ETA: 0s - loss: 0.3418 - accuracy: 0.8775
51/67 [=====================>........] - ETA: 0s - loss: 0.3541 - accuracy: 0.8652
64/67 [===========================>..] - ETA: 0s - loss: 0.3472 - accuracy: 0.8721
67/67 [==============================] - 0s 5ms/step - loss: 0.3469 - accuracy: 0.8721
Epoch 7/25

 1/67 [..............................] - ETA: 0s - loss: 0.2890 - accuracy: 0.8750
 7/67 [==>...........................] - ETA: 0s - loss: 0.2785 - accuracy: 0.9241
12/67 [====>.........................] - ETA: 0s - loss: 0.2765 - accuracy: 0.9271
19/67 [=======>......................] - ETA: 0s - loss: 0.2788 - accuracy: 0.9178
24/67 [=========>....................] - ETA: 0s - loss: 0.2853 - accuracy: 0.9167
30/67 [============>.................] - ETA: 0s - loss: 0.2847 - accuracy: 0.9167
36/67 [===============>..............] - ETA: 0s - loss: 0.2977 - accuracy: 0.9062
42/67 [=================>............] - ETA: 0s - loss: 0.3029 - accuracy: 0.9010
50/67 [=====================>........] - ETA: 0s - loss: 0.2994 - accuracy: 0.9038
60/67 [=========================>....] - ETA: 0s - loss: 0.3036 - accuracy: 0.8995
67/67 [==============================] - 1s 8ms/step - loss: 0.3022 - accuracy: 0.9006
Epoch 8/25

 1/67 [..............................] - ETA: 0s - loss: 0.2695 - accuracy: 0.9375
12/67 [====>.........................] - ETA: 0s - loss: 0.2545 - accuracy: 0.9349
22/67 [========>.....................] - ETA: 0s - loss: 0.2548 - accuracy: 0.9347
31/67 [============>.................] - ETA: 0s - loss: 0.2428 - accuracy: 0.9365
43/67 [==================>...........] - ETA: 0s - loss: 0.2523 - accuracy: 0.9302
55/67 [=======================>......] - ETA: 0s - loss: 0.2549 - accuracy: 0.9278
66/67 [============================>.] - ETA: 0s - loss: 0.2562 - accuracy: 0.9261
67/67 [==============================] - 0s 5ms/step - loss: 0.2560 - accuracy: 0.9258
Epoch 9/25

 1/67 [..............................] - ETA: 0s - loss: 0.2095 - accuracy: 1.0000
13/67 [====>.........................] - ETA: 0s - loss: 0.2235 - accuracy: 0.9567
25/67 [==========>...................] - ETA: 0s - loss: 0.2213 - accuracy: 0.9513
38/67 [================>.............] - ETA: 0s - loss: 0.2221 - accuracy: 0.9457
56/67 [========================>.....] - ETA: 0s - loss: 0.2188 - accuracy: 0.9459
67/67 [==============================] - 0s 4ms/step - loss: 0.2153 - accuracy: 0.9463
Epoch 10/25

 1/67 [..............................] - ETA: 0s - loss: 0.2095 - accuracy: 0.9375
17/67 [======>.......................] - ETA: 0s - loss: 0.1690 - accuracy: 0.9724
26/67 [==========>...................] - ETA: 0s - loss: 0.1748 - accuracy: 0.9675
32/67 [=============>................] - ETA: 0s - loss: 0.1743 - accuracy: 0.9658
37/67 [===============>..............] - ETA: 0s - loss: 0.1785 - accuracy: 0.9637
43/67 [==================>...........] - ETA: 0s - loss: 0.1764 - accuracy: 0.9651
59/67 [=========================>....] - ETA: 0s - loss: 0.1782 - accuracy: 0.9613
67/67 [==============================] - 0s 5ms/step - loss: 0.1789 - accuracy: 0.9617
Epoch 11/25

 1/67 [..............................] - ETA: 0s - loss: 0.1524 - accuracy: 1.0000
14/67 [=====>........................] - ETA: 0s - loss: 0.1529 - accuracy: 0.9777
26/67 [==========>...................] - ETA: 0s - loss: 0.1501 - accuracy: 0.9844
39/67 [================>.............] - ETA: 0s - loss: 0.1505 - accuracy: 0.9856
52/67 [======================>.......] - ETA: 0s - loss: 0.1483 - accuracy: 0.9862
67/67 [==============================] - ETA: 0s - loss: 0.1475 - accuracy: 0.9851
67/67 [==============================] - 0s 4ms/step - loss: 0.1475 - accuracy: 0.9851
Epoch 12/25

 1/67 [..............................] - ETA: 0s - loss: 0.1320 - accuracy: 0.9688
13/67 [====>.........................] - ETA: 0s - loss: 0.1245 - accuracy: 0.9952
25/67 [==========>...................] - ETA: 0s - loss: 0.1228 - accuracy: 0.9937
36/67 [===============>..............] - ETA: 0s - loss: 0.1221 - accuracy: 0.9939
47/67 [====================>.........] - ETA: 0s - loss: 0.1225 - accuracy: 0.9914
58/67 [========================>.....] - ETA: 0s - loss: 0.1227 - accuracy: 0.9925
59/67 [=========================>....] - ETA: 0s - loss: 0.1224 - accuracy: 0.9921
65/67 [============================>.] - ETA: 0s - loss: 0.1225 - accuracy: 0.9918
67/67 [==============================] - 0s 6ms/step - loss: 0.1223 - accuracy: 0.9916
Epoch 13/25

 1/67 [..............................] - ETA: 0s - loss: 0.0752 - accuracy: 1.0000
 8/67 [==>...........................] - ETA: 0s - loss: 0.1010 - accuracy: 1.0000
14/67 [=====>........................] - ETA: 0s - loss: 0.1010 - accuracy: 0.9978
19/67 [=======>......................] - ETA: 0s - loss: 0.1029 - accuracy: 0.9967
24/67 [=========>....................] - ETA: 0s - loss: 0.1015 - accuracy: 0.9974
31/67 [============>.................] - ETA: 0s - loss: 0.1009 - accuracy: 0.9980
36/67 [===============>..............] - ETA: 0s - loss: 0.1006 - accuracy: 0.9974
44/67 [==================>...........] - ETA: 0s - loss: 0.1014 - accuracy: 0.9972
54/67 [=======================>......] - ETA: 0s - loss: 0.1029 - accuracy: 0.9971
63/67 [===========================>..] - ETA: 0s - loss: 0.1004 - accuracy: 0.9975
67/67 [==============================] - 1s 8ms/step - loss: 0.1000 - accuracy: 0.9972
Epoch 14/25

 1/67 [..............................] - ETA: 0s - loss: 0.0685 - accuracy: 1.0000
10/67 [===>..........................] - ETA: 0s - loss: 0.0841 - accuracy: 1.0000
19/67 [=======>......................] - ETA: 0s - loss: 0.0873 - accuracy: 0.9984
28/67 [===========>..................] - ETA: 0s - loss: 0.0849 - accuracy: 0.9989
40/67 [================>.............] - ETA: 0s - loss: 0.0837 - accuracy: 0.9992
52/67 [======================>.......] - ETA: 0s - loss: 0.0834 - accuracy: 0.9994
65/67 [============================>.] - ETA: 0s - loss: 0.0835 - accuracy: 0.9995
67/67 [==============================] - 0s 5ms/step - loss: 0.0828 - accuracy: 0.9995
Epoch 15/25

 1/67 [..............................] - ETA: 0s - loss: 0.0672 - accuracy: 1.0000
13/67 [====>.........................] - ETA: 0s - loss: 0.0658 - accuracy: 1.0000
26/67 [==========>...................] - ETA: 0s - loss: 0.0676 - accuracy: 1.0000
35/67 [==============>...............] - ETA: 0s - loss: 0.0699 - accuracy: 1.0000
45/67 [===================>..........] - ETA: 0s - loss: 0.0705 - accuracy: 0.9993
59/67 [=========================>....] - ETA: 0s - loss: 0.0703 - accuracy: 0.9995
67/67 [==============================] - 0s 4ms/step - loss: 0.0699 - accuracy: 0.9995
Epoch 16/25

 1/67 [..............................] - ETA: 0s - loss: 0.0758 - accuracy: 1.0000
17/67 [======>.......................] - ETA: 0s - loss: 0.0549 - accuracy: 1.0000
34/67 [==============>...............] - ETA: 0s - loss: 0.0579 - accuracy: 0.9991
51/67 [=====================>........] - ETA: 0s - loss: 0.0580 - accuracy: 0.9994
67/67 [==============================] - 0s 3ms/step - loss: 0.0585 - accuracy: 0.9995
Epoch 17/25

 1/67 [..............................] - ETA: 0s - loss: 0.0436 - accuracy: 1.0000
15/67 [=====>........................] - ETA: 0s - loss: 0.0454 - accuracy: 1.0000
30/67 [============>.................] - ETA: 0s - loss: 0.0475 - accuracy: 1.0000
41/67 [=================>............] - ETA: 0s - loss: 0.0486 - accuracy: 1.0000
52/67 [======================>.......] - ETA: 0s - loss: 0.0494 - accuracy: 1.0000
62/67 [==========================>...] - ETA: 0s - loss: 0.0503 - accuracy: 1.0000
67/67 [==============================] - 0s 4ms/step - loss: 0.0500 - accuracy: 1.0000
Epoch 18/25

 1/67 [..............................] - ETA: 0s - loss: 0.0505 - accuracy: 1.0000
13/67 [====>.........................] - ETA: 0s - loss: 0.0415 - accuracy: 1.0000
27/67 [===========>..................] - ETA: 0s - loss: 0.0420 - accuracy: 1.0000
38/67 [================>.............] - ETA: 0s - loss: 0.0413 - accuracy: 1.0000
50/67 [=====================>........] - ETA: 0s - loss: 0.0407 - accuracy: 1.0000
63/67 [===========================>..] - ETA: 0s - loss: 0.0413 - accuracy: 1.0000
67/67 [==============================] - 0s 4ms/step - loss: 0.0417 - accuracy: 1.0000
Epoch 19/25

 1/67 [..............................] - ETA: 0s - loss: 0.0439 - accuracy: 1.0000
 9/67 [===>..........................] - ETA: 0s - loss: 0.0350 - accuracy: 1.0000
17/67 [======>.......................] - ETA: 0s - loss: 0.0347 - accuracy: 1.0000
22/67 [========>.....................] - ETA: 0s - loss: 0.0354 - accuracy: 1.0000
30/67 [============>.................] - ETA: 0s - loss: 0.0365 - accuracy: 1.0000
40/67 [================>.............] - ETA: 0s - loss: 0.0362 - accuracy: 1.0000
47/67 [====================>.........] - ETA: 0s - loss: 0.0359 - accuracy: 1.0000
51/67 [=====================>........] - ETA: 0s - loss: 0.0356 - accuracy: 1.0000
61/67 [==========================>...] - ETA: 0s - loss: 0.0358 - accuracy: 1.0000
67/67 [==============================] - 0s 7ms/step - loss: 0.0362 - accuracy: 1.0000
Epoch 20/25

 1/67 [..............................] - ETA: 0s - loss: 0.0360 - accuracy: 1.0000
16/67 [======>.......................] - ETA: 0s - loss: 0.0312 - accuracy: 1.0000
32/67 [=============>................] - ETA: 0s - loss: 0.0318 - accuracy: 1.0000
46/67 [===================>..........] - ETA: 0s - loss: 0.0312 - accuracy: 1.0000
55/67 [=======================>......] - ETA: 0s - loss: 0.0312 - accuracy: 1.0000
64/67 [===========================>..] - ETA: 0s - loss: 0.0316 - accuracy: 1.0000
67/67 [==============================] - 0s 4ms/step - loss: 0.0313 - accuracy: 1.0000
Epoch 21/25

 1/67 [..............................] - ETA: 0s - loss: 0.0294 - accuracy: 1.0000
11/67 [===>..........................] - ETA: 0s - loss: 0.0262 - accuracy: 1.0000
22/67 [========>.....................] - ETA: 0s - loss: 0.0261 - accuracy: 1.0000
32/67 [=============>................] - ETA: 0s - loss: 0.0264 - accuracy: 1.0000
43/67 [==================>...........] - ETA: 0s - loss: 0.0263 - accuracy: 1.0000
53/67 [======================>.......] - ETA: 0s - loss: 0.0271 - accuracy: 1.0000
61/67 [==========================>...] - ETA: 0s - loss: 0.0273 - accuracy: 1.0000
67/67 [==============================] - 0s 6ms/step - loss: 0.0273 - accuracy: 1.0000
Epoch 22/25

 1/67 [..............................] - ETA: 0s - loss: 0.0193 - accuracy: 1.0000
 9/67 [===>..........................] - ETA: 0s - loss: 0.0237 - accuracy: 1.0000
17/67 [======>.......................] - ETA: 0s - loss: 0.0257 - accuracy: 1.0000
29/67 [===========>..................] - ETA: 0s - loss: 0.0244 - accuracy: 1.0000
44/67 [==================>...........] - ETA: 0s - loss: 0.0245 - accuracy: 1.0000
63/67 [===========================>..] - ETA: 0s - loss: 0.0238 - accuracy: 1.0000
67/67 [==============================] - 0s 4ms/step - loss: 0.0237 - accuracy: 1.0000
Epoch 23/25

 1/67 [..............................] - ETA: 0s - loss: 0.0154 - accuracy: 1.0000
17/67 [======>.......................] - ETA: 0s - loss: 0.0207 - accuracy: 1.0000
33/67 [=============>................] - ETA: 0s - loss: 0.0200 - accuracy: 1.0000
49/67 [====================>.........] - ETA: 0s - loss: 0.0203 - accuracy: 1.0000
61/67 [==========================>...] - ETA: 0s - loss: 0.0208 - accuracy: 1.0000
67/67 [==============================] - 0s 4ms/step - loss: 0.0212 - accuracy: 1.0000
Epoch 24/25

 1/67 [..............................] - ETA: 0s - loss: 0.0201 - accuracy: 1.0000
14/67 [=====>........................] - ETA: 0s - loss: 0.0179 - accuracy: 1.0000
30/67 [============>.................] - ETA: 0s - loss: 0.0186 - accuracy: 1.0000
39/67 [================>.............] - ETA: 0s - loss: 0.0184 - accuracy: 1.0000
49/67 [====================>.........] - ETA: 0s - loss: 0.0185 - accuracy: 1.0000
59/67 [=========================>....] - ETA: 0s - loss: 0.0186 - accuracy: 1.0000
67/67 [==============================] - ETA: 0s - loss: 0.0187 - accuracy: 1.0000
67/67 [==============================] - 0s 5ms/step - loss: 0.0187 - accuracy: 1.0000
Epoch 25/25

 1/67 [..............................] - ETA: 0s - loss: 0.0140 - accuracy: 1.0000
 8/67 [==>...........................] - ETA: 0s - loss: 0.0177 - accuracy: 1.0000
20/67 [=======>......................] - ETA: 0s - loss: 0.0171 - accuracy: 1.0000
34/67 [==============>...............] - ETA: 0s - loss: 0.0165 - accuracy: 1.0000
51/67 [=====================>........] - ETA: 0s - loss: 0.0165 - accuracy: 1.0000
58/67 [========================>.....] - ETA: 0s - loss: 0.0163 - accuracy: 1.0000
63/67 [===========================>..] - ETA: 0s - loss: 0.0165 - accuracy: 1.0000
67/67 [==============================] - 0s 5ms/step - loss: 0.0166 - accuracy: 1.0000
# predict: steps=1872
# predict: tnodeembed_metrics
# predict: node2vec_metrics
tnodeembed: {'auc': 0.6953926629624345, 'f1_micro': 0.6485037739629951, 'f1_macro': 0.6467503814452908} tNodeEmbed_final_loss=0.0006862812442705035 tNodeEmbed_final_accuracy=1.0 
node2vec: {'auc': 0.7060624295118761, 'f1_micro': 0.6473682452741968, 'f1_macro': 0.6394453868971727} node2vec_final_loss=0.016638077795505524 node2vec_final_accuracy=1.0 
