# load graph
Processing Static file: filename='interactions_with_dates_2010_nodes_5300_edges_14454_component_0.edges'
# initialize tNodeEmbed for dataset=PPI, test_size=0.2
# load dataset
# fit
# tNodeEmbed
Epoch 1/25

 1/67 [..............................] - ETA: 4:18 - loss: 0.6907 - accuracy: 0.5938
 8/67 [==>...........................] - ETA: 0s - loss: 0.6908 - accuracy: 0.5391  
15/67 [=====>........................] - ETA: 0s - loss: 0.6899 - accuracy: 0.5396
25/67 [==========>...................] - ETA: 0s - loss: 0.6884 - accuracy: 0.5512
34/67 [==============>...............] - ETA: 0s - loss: 0.6857 - accuracy: 0.5643
44/67 [==================>...........] - ETA: 0s - loss: 0.6831 - accuracy: 0.5817
55/67 [=======================>......] - ETA: 0s - loss: 0.6782 - accuracy: 0.5886
65/67 [============================>.] - ETA: 0s - loss: 0.6722 - accuracy: 0.5957
67/67 [==============================] - 4s 6ms/step - loss: 0.6701 - accuracy: 0.6006
Epoch 2/25

 1/67 [..............................] - ETA: 0s - loss: 0.6344 - accuracy: 0.6875
10/67 [===>..........................] - ETA: 0s - loss: 0.5747 - accuracy: 0.7656
20/67 [=======>......................] - ETA: 0s - loss: 0.5819 - accuracy: 0.7281
30/67 [============>.................] - ETA: 0s - loss: 0.5941 - accuracy: 0.7115
39/67 [================>.............] - ETA: 0s - loss: 0.6003 - accuracy: 0.7043
48/67 [====================>.........] - ETA: 0s - loss: 0.5985 - accuracy: 0.7077
58/67 [========================>.....] - ETA: 0s - loss: 0.5903 - accuracy: 0.7209
66/67 [============================>.] - ETA: 0s - loss: 0.5848 - accuracy: 0.7229
67/67 [==============================] - 0s 6ms/step - loss: 0.5832 - accuracy: 0.7242
Epoch 3/25

 1/67 [..............................] - ETA: 0s - loss: 0.5040 - accuracy: 0.8750
 9/67 [===>..........................] - ETA: 0s - loss: 0.5337 - accuracy: 0.7535
17/67 [======>.......................] - ETA: 0s - loss: 0.5260 - accuracy: 0.7684
24/67 [=========>....................] - ETA: 0s - loss: 0.5094 - accuracy: 0.7708
33/67 [=============>................] - ETA: 0s - loss: 0.5050 - accuracy: 0.7737
42/67 [=================>............] - ETA: 0s - loss: 0.5055 - accuracy: 0.7783
50/67 [=====================>........] - ETA: 0s - loss: 0.4982 - accuracy: 0.7812
59/67 [=========================>....] - ETA: 0s - loss: 0.4962 - accuracy: 0.7828
67/67 [==============================] - ETA: 0s - loss: 0.4960 - accuracy: 0.7830
67/67 [==============================] - 0s 7ms/step - loss: 0.4960 - accuracy: 0.7830
Epoch 4/25

 1/67 [..............................] - ETA: 0s - loss: 0.4671 - accuracy: 0.7812
11/67 [===>..........................] - ETA: 0s - loss: 0.4071 - accuracy: 0.8466
21/67 [========>.....................] - ETA: 0s - loss: 0.4160 - accuracy: 0.8378
31/67 [============>.................] - ETA: 0s - loss: 0.4321 - accuracy: 0.8216
41/67 [=================>............] - ETA: 0s - loss: 0.4219 - accuracy: 0.8277
50/67 [=====================>........] - ETA: 0s - loss: 0.4221 - accuracy: 0.8263
59/67 [=========================>....] - ETA: 0s - loss: 0.4148 - accuracy: 0.8300
67/67 [==============================] - 0s 6ms/step - loss: 0.4195 - accuracy: 0.8236
Epoch 5/25

 1/67 [..............................] - ETA: 0s - loss: 0.2728 - accuracy: 0.9688
12/67 [====>.........................] - ETA: 0s - loss: 0.3253 - accuracy: 0.8932
23/67 [=========>....................] - ETA: 0s - loss: 0.3374 - accuracy: 0.8764
33/67 [=============>................] - ETA: 0s - loss: 0.3216 - accuracy: 0.8835
43/67 [==================>...........] - ETA: 0s - loss: 0.3288 - accuracy: 0.8743
53/67 [======================>.......] - ETA: 0s - loss: 0.3380 - accuracy: 0.8685
62/67 [==========================>...] - ETA: 0s - loss: 0.3365 - accuracy: 0.8684
67/67 [==============================] - 0s 5ms/step - loss: 0.3325 - accuracy: 0.8707
Epoch 6/25

 1/67 [..............................] - ETA: 0s - loss: 0.2625 - accuracy: 0.8750
 8/67 [==>...........................] - ETA: 0s - loss: 0.2462 - accuracy: 0.9258
17/67 [======>.......................] - ETA: 0s - loss: 0.2421 - accuracy: 0.9173
24/67 [=========>....................] - ETA: 0s - loss: 0.2463 - accuracy: 0.9089
31/67 [============>.................] - ETA: 0s - loss: 0.2418 - accuracy: 0.9123
38/67 [================>.............] - ETA: 0s - loss: 0.2513 - accuracy: 0.9071
48/67 [====================>.........] - ETA: 0s - loss: 0.2508 - accuracy: 0.9056
58/67 [========================>.....] - ETA: 0s - loss: 0.2520 - accuracy: 0.9052
67/67 [==============================] - 0s 6ms/step - loss: 0.2543 - accuracy: 0.9048
Epoch 7/25

 1/67 [..............................] - ETA: 0s - loss: 0.1930 - accuracy: 0.9688
 5/67 [=>............................] - ETA: 1s - loss: 0.1446 - accuracy: 0.9750
11/67 [===>..........................] - ETA: 0s - loss: 0.1740 - accuracy: 0.9517
20/67 [=======>......................] - ETA: 0s - loss: 0.1718 - accuracy: 0.9547
26/67 [==========>...................] - ETA: 0s - loss: 0.1759 - accuracy: 0.9495
36/67 [===============>..............] - ETA: 0s - loss: 0.1844 - accuracy: 0.9427
46/67 [===================>..........] - ETA: 0s - loss: 0.1793 - accuracy: 0.9443
56/67 [========================>.....] - ETA: 0s - loss: 0.1849 - accuracy: 0.9381
65/67 [============================>.] - ETA: 0s - loss: 0.1853 - accuracy: 0.9385
67/67 [==============================] - 0s 7ms/step - loss: 0.1833 - accuracy: 0.9398
Epoch 8/25

 1/67 [..............................] - ETA: 0s - loss: 0.1097 - accuracy: 1.0000
 9/67 [===>..........................] - ETA: 0s - loss: 0.1351 - accuracy: 0.9722
19/67 [=======>......................] - ETA: 0s - loss: 0.1247 - accuracy: 0.9737
28/67 [===========>..................] - ETA: 0s - loss: 0.1157 - accuracy: 0.9788
37/67 [===============>..............] - ETA: 0s - loss: 0.1164 - accuracy: 0.9747
45/67 [===================>..........] - ETA: 0s - loss: 0.1156 - accuracy: 0.9729
53/67 [======================>.......] - ETA: 0s - loss: 0.1130 - accuracy: 0.9741
61/67 [==========================>...] - ETA: 0s - loss: 0.1134 - accuracy: 0.9734
67/67 [==============================] - 0s 6ms/step - loss: 0.1157 - accuracy: 0.9715
Epoch 9/25

 1/67 [..............................] - ETA: 0s - loss: 0.0611 - accuracy: 1.0000
11/67 [===>..........................] - ETA: 0s - loss: 0.0800 - accuracy: 0.9858
22/67 [========>.....................] - ETA: 0s - loss: 0.0921 - accuracy: 0.9787
33/67 [=============>................] - ETA: 0s - loss: 0.0812 - accuracy: 0.9848
43/67 [==================>...........] - ETA: 0s - loss: 0.0830 - accuracy: 0.9847
52/67 [======================>.......] - ETA: 0s - loss: 0.0815 - accuracy: 0.9838
61/67 [==========================>...] - ETA: 0s - loss: 0.0805 - accuracy: 0.9841
67/67 [==============================] - 0s 5ms/step - loss: 0.0782 - accuracy: 0.9851
Epoch 10/25

 1/67 [..............................] - ETA: 0s - loss: 0.0741 - accuracy: 0.9688
10/67 [===>..........................] - ETA: 0s - loss: 0.0473 - accuracy: 0.9937
20/67 [=======>......................] - ETA: 0s - loss: 0.0426 - accuracy: 0.9969
31/67 [============>.................] - ETA: 0s - loss: 0.0442 - accuracy: 0.9950
43/67 [==================>...........] - ETA: 0s - loss: 0.0480 - accuracy: 0.9927
54/67 [=======================>......] - ETA: 0s - loss: 0.0505 - accuracy: 0.9925
63/67 [===========================>..] - ETA: 0s - loss: 0.0484 - accuracy: 0.9926
67/67 [==============================] - 0s 5ms/step - loss: 0.0502 - accuracy: 0.9916
Epoch 11/25

 1/67 [..............................] - ETA: 0s - loss: 0.0477 - accuracy: 0.9688
10/67 [===>..........................] - ETA: 0s - loss: 0.0349 - accuracy: 0.9937
19/67 [=======>......................] - ETA: 0s - loss: 0.0311 - accuracy: 0.9951
27/67 [===========>..................] - ETA: 0s - loss: 0.0311 - accuracy: 0.9942
34/67 [==============>...............] - ETA: 0s - loss: 0.0349 - accuracy: 0.9936
42/67 [=================>............] - ETA: 0s - loss: 0.0345 - accuracy: 0.9933
52/67 [======================>.......] - ETA: 0s - loss: 0.0320 - accuracy: 0.9940
62/67 [==========================>...] - ETA: 0s - loss: 0.0327 - accuracy: 0.9945
67/67 [==============================] - 0s 6ms/step - loss: 0.0319 - accuracy: 0.9944
Epoch 12/25

 1/67 [..............................] - ETA: 0s - loss: 0.0252 - accuracy: 1.0000
10/67 [===>..........................] - ETA: 0s - loss: 0.0212 - accuracy: 0.9969
20/67 [=======>......................] - ETA: 0s - loss: 0.0203 - accuracy: 0.9984
30/67 [============>.................] - ETA: 0s - loss: 0.0231 - accuracy: 0.9958
40/67 [================>.............] - ETA: 0s - loss: 0.0240 - accuracy: 0.9953
49/67 [====================>.........] - ETA: 0s - loss: 0.0221 - accuracy: 0.9962
57/67 [========================>.....] - ETA: 0s - loss: 0.0231 - accuracy: 0.9962
67/67 [==============================] - ETA: 0s - loss: 0.0227 - accuracy: 0.9967
67/67 [==============================] - 0s 6ms/step - loss: 0.0227 - accuracy: 0.9967
Epoch 13/25

 1/67 [..............................] - ETA: 0s - loss: 0.0109 - accuracy: 1.0000
11/67 [===>..........................] - ETA: 0s - loss: 0.0177 - accuracy: 0.9972
19/67 [=======>......................] - ETA: 0s - loss: 0.0182 - accuracy: 0.9967
28/67 [===========>..................] - ETA: 0s - loss: 0.0157 - accuracy: 0.9978
37/67 [===============>..............] - ETA: 0s - loss: 0.0168 - accuracy: 0.9966
46/67 [===================>..........] - ETA: 0s - loss: 0.0163 - accuracy: 0.9973
56/67 [========================>.....] - ETA: 0s - loss: 0.0154 - accuracy: 0.9978
65/67 [============================>.] - ETA: 0s - loss: 0.0153 - accuracy: 0.9981
67/67 [==============================] - 0s 6ms/step - loss: 0.0155 - accuracy: 0.9981
Epoch 14/25

 1/67 [..............................] - ETA: 0s - loss: 0.0115 - accuracy: 1.0000
10/67 [===>..........................] - ETA: 0s - loss: 0.0164 - accuracy: 0.9969
19/67 [=======>......................] - ETA: 0s - loss: 0.0125 - accuracy: 0.9984
29/67 [===========>..................] - ETA: 0s - loss: 0.0139 - accuracy: 0.9968
40/67 [================>.............] - ETA: 0s - loss: 0.0149 - accuracy: 0.9961
50/67 [=====================>........] - ETA: 0s - loss: 0.0137 - accuracy: 0.9969
60/67 [=========================>....] - ETA: 0s - loss: 0.0125 - accuracy: 0.9974
67/67 [==============================] - 0s 5ms/step - loss: 0.0122 - accuracy: 0.9977
Epoch 15/25

 1/67 [..............................] - ETA: 0s - loss: 0.0079 - accuracy: 1.0000
10/67 [===>..........................] - ETA: 0s - loss: 0.0163 - accuracy: 0.9969
19/67 [=======>......................] - ETA: 0s - loss: 0.0125 - accuracy: 0.9984
27/67 [===========>..................] - ETA: 0s - loss: 0.0132 - accuracy: 0.9977
37/67 [===============>..............] - ETA: 0s - loss: 0.0134 - accuracy: 0.9975
47/67 [====================>.........] - ETA: 0s - loss: 0.0117 - accuracy: 0.9980
54/67 [=======================>......] - ETA: 0s - loss: 0.0111 - accuracy: 0.9983
61/67 [==========================>...] - ETA: 0s - loss: 0.0106 - accuracy: 0.9985
67/67 [==============================] - 0s 6ms/step - loss: 0.0103 - accuracy: 0.9986
Epoch 16/25

 1/67 [..............................] - ETA: 0s - loss: 0.0045 - accuracy: 1.0000
11/67 [===>..........................] - ETA: 0s - loss: 0.0118 - accuracy: 0.9972
22/67 [========>.....................] - ETA: 0s - loss: 0.0122 - accuracy: 0.9972
33/67 [=============>................] - ETA: 0s - loss: 0.0119 - accuracy: 0.9972
44/67 [==================>...........] - ETA: 0s - loss: 0.0107 - accuracy: 0.9979
54/67 [=======================>......] - ETA: 0s - loss: 0.0098 - accuracy: 0.9983
64/67 [===========================>..] - ETA: 0s - loss: 0.0091 - accuracy: 0.9985
67/67 [==============================] - 0s 5ms/step - loss: 0.0091 - accuracy: 0.9986
Epoch 17/25

 1/67 [..............................] - ETA: 0s - loss: 0.0056 - accuracy: 1.0000
12/67 [====>.........................] - ETA: 0s - loss: 0.0049 - accuracy: 1.0000
22/67 [========>.....................] - ETA: 0s - loss: 0.0085 - accuracy: 0.9986
32/67 [=============>................] - ETA: 0s - loss: 0.0072 - accuracy: 0.9990
42/67 [=================>............] - ETA: 0s - loss: 0.0085 - accuracy: 0.9985
51/67 [=====================>........] - ETA: 0s - loss: 0.0093 - accuracy: 0.9982
61/67 [==========================>...] - ETA: 0s - loss: 0.0086 - accuracy: 0.9985
67/67 [==============================] - 0s 5ms/step - loss: 0.0081 - accuracy: 0.9986
Epoch 18/25

 1/67 [..............................] - ETA: 0s - loss: 0.0029 - accuracy: 1.0000
 9/67 [===>..........................] - ETA: 0s - loss: 0.0032 - accuracy: 1.0000
19/67 [=======>......................] - ETA: 0s - loss: 0.0038 - accuracy: 1.0000
30/67 [============>.................] - ETA: 0s - loss: 0.0040 - accuracy: 1.0000
40/67 [================>.............] - ETA: 0s - loss: 0.0080 - accuracy: 0.9984
49/67 [====================>.........] - ETA: 0s - loss: 0.0089 - accuracy: 0.9981
58/67 [========================>.....] - ETA: 0s - loss: 0.0081 - accuracy: 0.9984
67/67 [==============================] - ETA: 0s - loss: 0.0075 - accuracy: 0.9986
67/67 [==============================] - 0s 6ms/step - loss: 0.0075 - accuracy: 0.9986
Epoch 19/25

 1/67 [..............................] - ETA: 0s - loss: 0.0037 - accuracy: 1.0000
10/67 [===>..........................] - ETA: 0s - loss: 0.0029 - accuracy: 1.0000
19/67 [=======>......................] - ETA: 0s - loss: 0.0033 - accuracy: 1.0000
28/67 [===========>..................] - ETA: 0s - loss: 0.0032 - accuracy: 1.0000
36/67 [===============>..............] - ETA: 0s - loss: 0.0036 - accuracy: 1.0000
44/67 [==================>...........] - ETA: 0s - loss: 0.0036 - accuracy: 1.0000
54/67 [=======================>......] - ETA: 0s - loss: 0.0050 - accuracy: 0.9994
64/67 [===========================>..] - ETA: 0s - loss: 0.0059 - accuracy: 0.9990
67/67 [==============================] - 0s 6ms/step - loss: 0.0070 - accuracy: 0.9986
Epoch 20/25

 1/67 [..............................] - ETA: 0s - loss: 0.0053 - accuracy: 1.0000
10/67 [===>..........................] - ETA: 0s - loss: 0.0049 - accuracy: 1.0000
20/67 [=======>......................] - ETA: 0s - loss: 0.0040 - accuracy: 1.0000
30/67 [============>.................] - ETA: 0s - loss: 0.0037 - accuracy: 1.0000
39/67 [================>.............] - ETA: 0s - loss: 0.0033 - accuracy: 1.0000
49/67 [====================>.........] - ETA: 0s - loss: 0.0032 - accuracy: 1.0000
59/67 [=========================>....] - ETA: 0s - loss: 0.0072 - accuracy: 0.9984
67/67 [==============================] - 0s 6ms/step - loss: 0.0068 - accuracy: 0.9986
Epoch 21/25

 1/67 [..............................] - ETA: 2s - loss: 0.0017 - accuracy: 1.0000
 7/67 [==>...........................] - ETA: 0s - loss: 0.0022 - accuracy: 1.0000
11/67 [===>..........................] - ETA: 0s - loss: 0.0089 - accuracy: 0.9972
18/67 [=======>......................] - ETA: 0s - loss: 0.0070 - accuracy: 0.9983
28/67 [===========>..................] - ETA: 0s - loss: 0.0056 - accuracy: 0.9989
38/67 [================>.............] - ETA: 0s - loss: 0.0068 - accuracy: 0.9984
47/67 [====================>.........] - ETA: 0s - loss: 0.0076 - accuracy: 0.9980
56/67 [========================>.....] - ETA: 0s - loss: 0.0069 - accuracy: 0.9983
67/67 [==============================] - ETA: 0s - loss: 0.0064 - accuracy: 0.9986
67/67 [==============================] - 0s 6ms/step - loss: 0.0064 - accuracy: 0.9986
Epoch 22/25

 1/67 [..............................] - ETA: 0s - loss: 0.0037 - accuracy: 1.0000
12/67 [====>.........................] - ETA: 0s - loss: 0.0081 - accuracy: 0.9974
22/67 [========>.....................] - ETA: 0s - loss: 0.0089 - accuracy: 0.9972
32/67 [=============>................] - ETA: 0s - loss: 0.0072 - accuracy: 0.9980
42/67 [=================>............] - ETA: 0s - loss: 0.0076 - accuracy: 0.9978
52/67 [======================>.......] - ETA: 0s - loss: 0.0069 - accuracy: 0.9982
63/67 [===========================>..] - ETA: 0s - loss: 0.0064 - accuracy: 0.9985
67/67 [==============================] - 0s 5ms/step - loss: 0.0062 - accuracy: 0.9986
Epoch 23/25

 1/67 [..............................] - ETA: 0s - loss: 0.0021 - accuracy: 1.0000
11/67 [===>..........................] - ETA: 0s - loss: 0.0028 - accuracy: 1.0000
21/67 [========>.....................] - ETA: 0s - loss: 0.0024 - accuracy: 1.0000
30/67 [============>.................] - ETA: 0s - loss: 0.0076 - accuracy: 0.9979
38/67 [================>.............] - ETA: 0s - loss: 0.0085 - accuracy: 0.9975
47/67 [====================>.........] - ETA: 0s - loss: 0.0074 - accuracy: 0.9980
56/67 [========================>.....] - ETA: 0s - loss: 0.0067 - accuracy: 0.9983
66/67 [============================>.] - ETA: 0s - loss: 0.0061 - accuracy: 0.9986
67/67 [==============================] - 0s 6ms/step - loss: 0.0060 - accuracy: 0.9986
Epoch 24/25

 1/67 [..............................] - ETA: 0s - loss: 8.2427e-04 - accuracy: 1.0000
10/67 [===>..........................] - ETA: 0s - loss: 0.0021 - accuracy: 1.0000    
18/67 [=======>......................] - ETA: 0s - loss: 0.0021 - accuracy: 1.0000
27/67 [===========>..................] - ETA: 0s - loss: 0.0021 - accuracy: 1.0000
36/67 [===============>..............] - ETA: 0s - loss: 0.0024 - accuracy: 1.0000
46/67 [===================>..........] - ETA: 0s - loss: 0.0041 - accuracy: 0.9993
56/67 [========================>.....] - ETA: 0s - loss: 0.0051 - accuracy: 0.9989
66/67 [============================>.] - ETA: 0s - loss: 0.0059 - accuracy: 0.9986
67/67 [==============================] - 0s 6ms/step - loss: 0.0059 - accuracy: 0.9986
Epoch 25/25

 1/67 [..............................] - ETA: 0s - loss: 0.0039 - accuracy: 1.0000
 9/67 [===>..........................] - ETA: 0s - loss: 0.0106 - accuracy: 0.9965
18/67 [=======>......................] - ETA: 0s - loss: 0.0063 - accuracy: 0.9983
27/67 [===========>..................] - ETA: 0s - loss: 0.0052 - accuracy: 0.9988
36/67 [===============>..............] - ETA: 0s - loss: 0.0067 - accuracy: 0.9983
46/67 [===================>..........] - ETA: 0s - loss: 0.0056 - accuracy: 0.9986
55/67 [=======================>......] - ETA: 0s - loss: 0.0063 - accuracy: 0.9983
64/67 [===========================>..] - ETA: 0s - loss: 0.0057 - accuracy: 0.9985
67/67 [==============================] - 0s 6ms/step - loss: 0.0056 - accuracy: 0.9986
# node2vec
Epoch 1/25

 1/67 [..............................] - ETA: 1:23 - loss: 0.7384 - accuracy: 0.5312
 9/67 [===>..........................] - ETA: 0s - loss: 0.7053 - accuracy: 0.5069  
25/67 [==========>...................] - ETA: 0s - loss: 0.6945 - accuracy: 0.5362
38/67 [================>.............] - ETA: 0s - loss: 0.6793 - accuracy: 0.5691
55/67 [=======================>......] - ETA: 0s - loss: 0.6692 - accuracy: 0.5960
67/67 [==============================] - 2s 4ms/step - loss: 0.6620 - accuracy: 0.6118
Epoch 2/25

 1/67 [..............................] - ETA: 0s - loss: 0.6359 - accuracy: 0.6250
14/67 [=====>........................] - ETA: 0s - loss: 0.5867 - accuracy: 0.7165
30/67 [============>.................] - ETA: 0s - loss: 0.5651 - accuracy: 0.7490
40/67 [================>.............] - ETA: 0s - loss: 0.5692 - accuracy: 0.7391
51/67 [=====================>........] - ETA: 0s - loss: 0.5718 - accuracy: 0.7402
63/67 [===========================>..] - ETA: 0s - loss: 0.5663 - accuracy: 0.7465
67/67 [==============================] - 0s 4ms/step - loss: 0.5669 - accuracy: 0.7415
Epoch 3/25

 1/67 [..............................] - ETA: 0s - loss: 0.4070 - accuracy: 0.9688
11/67 [===>..........................] - ETA: 0s - loss: 0.4953 - accuracy: 0.8267
22/67 [========>.....................] - ETA: 0s - loss: 0.4858 - accuracy: 0.8210
32/67 [=============>................] - ETA: 0s - loss: 0.4792 - accuracy: 0.8125
43/67 [==================>...........] - ETA: 0s - loss: 0.4960 - accuracy: 0.7987
51/67 [=====================>........] - ETA: 0s - loss: 0.4926 - accuracy: 0.8015
64/67 [===========================>..] - ETA: 0s - loss: 0.5006 - accuracy: 0.7925
67/67 [==============================] - 0s 5ms/step - loss: 0.4996 - accuracy: 0.7914
Epoch 4/25

 1/67 [..............................] - ETA: 0s - loss: 0.4914 - accuracy: 0.7812
14/67 [=====>........................] - ETA: 0s - loss: 0.4398 - accuracy: 0.8348
27/67 [===========>..................] - ETA: 0s - loss: 0.4431 - accuracy: 0.8252
40/67 [================>.............] - ETA: 0s - loss: 0.4400 - accuracy: 0.8297
59/67 [=========================>....] - ETA: 0s - loss: 0.4382 - accuracy: 0.8279
67/67 [==============================] - 0s 4ms/step - loss: 0.4399 - accuracy: 0.8287
Epoch 5/25

 1/67 [..............................] - ETA: 0s - loss: 0.4630 - accuracy: 0.8125
12/67 [====>.........................] - ETA: 0s - loss: 0.3869 - accuracy: 0.8490
25/67 [==========>...................] - ETA: 0s - loss: 0.3856 - accuracy: 0.8512
35/67 [==============>...............] - ETA: 0s - loss: 0.3817 - accuracy: 0.8536
47/67 [====================>.........] - ETA: 0s - loss: 0.3874 - accuracy: 0.8464
62/67 [==========================>...] - ETA: 0s - loss: 0.3870 - accuracy: 0.8483
67/67 [==============================] - 0s 4ms/step - loss: 0.3887 - accuracy: 0.8483
Epoch 6/25

 1/67 [..............................] - ETA: 0s - loss: 0.3623 - accuracy: 0.8750
 9/67 [===>..........................] - ETA: 0s - loss: 0.3381 - accuracy: 0.9097
19/67 [=======>......................] - ETA: 0s - loss: 0.3421 - accuracy: 0.9062
29/67 [===========>..................] - ETA: 0s - loss: 0.3386 - accuracy: 0.8966
44/67 [==================>...........] - ETA: 0s - loss: 0.3423 - accuracy: 0.8800
62/67 [==========================>...] - ETA: 0s - loss: 0.3365 - accuracy: 0.8861
67/67 [==============================] - 0s 4ms/step - loss: 0.3354 - accuracy: 0.8880
Epoch 7/25

 1/67 [..............................] - ETA: 0s - loss: 0.2635 - accuracy: 0.9375
18/67 [=======>......................] - ETA: 0s - loss: 0.2735 - accuracy: 0.9323
35/67 [==============>...............] - ETA: 0s - loss: 0.2871 - accuracy: 0.9241
45/67 [===================>..........] - ETA: 0s - loss: 0.2865 - accuracy: 0.9257
52/67 [======================>.......] - ETA: 0s - loss: 0.2888 - accuracy: 0.9213
61/67 [==========================>...] - ETA: 0s - loss: 0.2906 - accuracy: 0.9180
67/67 [==============================] - 0s 5ms/step - loss: 0.2923 - accuracy: 0.9155
Epoch 8/25

 1/67 [..............................] - ETA: 0s - loss: 0.2720 - accuracy: 0.9375
10/67 [===>..........................] - ETA: 0s - loss: 0.2486 - accuracy: 0.9531
27/67 [===========>..................] - ETA: 0s - loss: 0.2560 - accuracy: 0.9468
43/67 [==================>...........] - ETA: 0s - loss: 0.2513 - accuracy: 0.9440
54/67 [=======================>......] - ETA: 0s - loss: 0.2486 - accuracy: 0.9456
63/67 [===========================>..] - ETA: 0s - loss: 0.2484 - accuracy: 0.9459
67/67 [==============================] - 0s 4ms/step - loss: 0.2464 - accuracy: 0.9473
Epoch 9/25

 1/67 [..............................] - ETA: 0s - loss: 0.2207 - accuracy: 0.9688
14/67 [=====>........................] - ETA: 0s - loss: 0.2238 - accuracy: 0.9509
27/67 [===========>..................] - ETA: 0s - loss: 0.2118 - accuracy: 0.9537
39/67 [================>.............] - ETA: 0s - loss: 0.2098 - accuracy: 0.9559
50/67 [=====================>........] - ETA: 0s - loss: 0.2102 - accuracy: 0.9581
59/67 [=========================>....] - ETA: 0s - loss: 0.2103 - accuracy: 0.9587
66/67 [============================>.] - ETA: 0s - loss: 0.2116 - accuracy: 0.9588
67/67 [==============================] - 0s 5ms/step - loss: 0.2119 - accuracy: 0.9589
Epoch 10/25

 1/67 [..............................] - ETA: 0s - loss: 0.1362 - accuracy: 1.0000
 9/67 [===>..........................] - ETA: 0s - loss: 0.1680 - accuracy: 0.9757
19/67 [=======>......................] - ETA: 0s - loss: 0.1788 - accuracy: 0.9688
27/67 [===========>..................] - ETA: 0s - loss: 0.1812 - accuracy: 0.9688
35/67 [==============>...............] - ETA: 0s - loss: 0.1782 - accuracy: 0.9714
41/67 [=================>............] - ETA: 0s - loss: 0.1793 - accuracy: 0.9718
48/67 [====================>.........] - ETA: 0s - loss: 0.1767 - accuracy: 0.9733
62/67 [==========================>...] - ETA: 0s - loss: 0.1774 - accuracy: 0.9718
67/67 [==============================] - 0s 7ms/step - loss: 0.1767 - accuracy: 0.9725
Epoch 11/25

 1/67 [..............................] - ETA: 0s - loss: 0.1460 - accuracy: 0.9688
11/67 [===>..........................] - ETA: 0s - loss: 0.1293 - accuracy: 0.9915
21/67 [========>.....................] - ETA: 0s - loss: 0.1334 - accuracy: 0.9881
29/67 [===========>..................] - ETA: 0s - loss: 0.1425 - accuracy: 0.9817
37/67 [===============>..............] - ETA: 0s - loss: 0.1414 - accuracy: 0.9840
47/67 [====================>.........] - ETA: 0s - loss: 0.1457 - accuracy: 0.9840
57/67 [========================>.....] - ETA: 0s - loss: 0.1469 - accuracy: 0.9825
67/67 [==============================] - 0s 6ms/step - loss: 0.1493 - accuracy: 0.9804
Epoch 12/25

 1/67 [..............................] - ETA: 0s - loss: 0.1405 - accuracy: 0.9688
13/67 [====>.........................] - ETA: 0s - loss: 0.1229 - accuracy: 0.9904
31/67 [============>.................] - ETA: 0s - loss: 0.1237 - accuracy: 0.9909
43/67 [==================>...........] - ETA: 0s - loss: 0.1250 - accuracy: 0.9884
55/67 [=======================>......] - ETA: 0s - loss: 0.1255 - accuracy: 0.9881
62/67 [==========================>...] - ETA: 0s - loss: 0.1250 - accuracy: 0.9894
67/67 [==============================] - 0s 5ms/step - loss: 0.1247 - accuracy: 0.9893
Epoch 13/25

 1/67 [..............................] - ETA: 0s - loss: 0.1074 - accuracy: 1.0000
15/67 [=====>........................] - ETA: 0s - loss: 0.1025 - accuracy: 0.9958
30/67 [============>.................] - ETA: 0s - loss: 0.0975 - accuracy: 0.9969
45/67 [===================>..........] - ETA: 0s - loss: 0.1014 - accuracy: 0.9951
61/67 [==========================>...] - ETA: 0s - loss: 0.1068 - accuracy: 0.9908
67/67 [==============================] - 0s 4ms/step - loss: 0.1067 - accuracy: 0.9911
Epoch 14/25

 1/67 [..............................] - ETA: 0s - loss: 0.0737 - accuracy: 1.0000
17/67 [======>.......................] - ETA: 0s - loss: 0.0873 - accuracy: 0.9963
31/67 [============>.................] - ETA: 0s - loss: 0.0891 - accuracy: 0.9940
44/67 [==================>...........] - ETA: 0s - loss: 0.0905 - accuracy: 0.9943
54/67 [=======================>......] - ETA: 0s - loss: 0.0901 - accuracy: 0.9954
64/67 [===========================>..] - ETA: 0s - loss: 0.0892 - accuracy: 0.9961
67/67 [==============================] - 0s 4ms/step - loss: 0.0886 - accuracy: 0.9963
Epoch 15/25

 1/67 [..............................] - ETA: 0s - loss: 0.0479 - accuracy: 1.0000
12/67 [====>.........................] - ETA: 0s - loss: 0.0662 - accuracy: 0.9974
25/67 [==========>...................] - ETA: 0s - loss: 0.0786 - accuracy: 0.9937
42/67 [=================>............] - ETA: 0s - loss: 0.0767 - accuracy: 0.9948
57/67 [========================>.....] - ETA: 0s - loss: 0.0766 - accuracy: 0.9962
66/67 [============================>.] - ETA: 0s - loss: 0.0763 - accuracy: 0.9967
67/67 [==============================] - 0s 4ms/step - loss: 0.0763 - accuracy: 0.9967
Epoch 16/25

 1/67 [..............................] - ETA: 0s - loss: 0.0592 - accuracy: 1.0000
 7/67 [==>...........................] - ETA: 0s - loss: 0.0573 - accuracy: 1.0000
13/67 [====>.........................] - ETA: 0s - loss: 0.0608 - accuracy: 1.0000
20/67 [=======>......................] - ETA: 0s - loss: 0.0648 - accuracy: 0.9953
31/67 [============>.................] - ETA: 0s - loss: 0.0690 - accuracy: 0.9950
41/67 [=================>............] - ETA: 0s - loss: 0.0654 - accuracy: 0.9962
52/67 [======================>.......] - ETA: 0s - loss: 0.0652 - accuracy: 0.9964
63/67 [===========================>..] - ETA: 0s - loss: 0.0652 - accuracy: 0.9965
67/67 [==============================] - 0s 6ms/step - loss: 0.0650 - accuracy: 0.9967
Epoch 17/25

 1/67 [..............................] - ETA: 0s - loss: 0.0419 - accuracy: 1.0000
15/67 [=====>........................] - ETA: 0s - loss: 0.0509 - accuracy: 1.0000
31/67 [============>.................] - ETA: 0s - loss: 0.0550 - accuracy: 0.9970
40/67 [================>.............] - ETA: 0s - loss: 0.0541 - accuracy: 0.9977
50/67 [=====================>........] - ETA: 0s - loss: 0.0543 - accuracy: 0.9981
57/67 [========================>.....] - ETA: 0s - loss: 0.0539 - accuracy: 0.9984
67/67 [==============================] - ETA: 0s - loss: 0.0562 - accuracy: 0.9967
67/67 [==============================] - 0s 5ms/step - loss: 0.0562 - accuracy: 0.9967
Epoch 18/25

 1/67 [..............................] - ETA: 0s - loss: 0.0447 - accuracy: 1.0000
12/67 [====>.........................] - ETA: 0s - loss: 0.0434 - accuracy: 1.0000
23/67 [=========>....................] - ETA: 0s - loss: 0.0446 - accuracy: 0.9986
33/67 [=============>................] - ETA: 0s - loss: 0.0456 - accuracy: 0.9981
41/67 [=================>............] - ETA: 0s - loss: 0.0461 - accuracy: 0.9977
48/67 [====================>.........] - ETA: 0s - loss: 0.0476 - accuracy: 0.9974
54/67 [=======================>......] - ETA: 0s - loss: 0.0477 - accuracy: 0.9977
61/67 [==========================>...] - ETA: 0s - loss: 0.0487 - accuracy: 0.9974
66/67 [============================>.] - ETA: 0s - loss: 0.0496 - accuracy: 0.9972
67/67 [==============================] - 0s 7ms/step - loss: 0.0494 - accuracy: 0.9972
Epoch 19/25

 1/67 [..............................] - ETA: 0s - loss: 0.0441 - accuracy: 1.0000
11/67 [===>..........................] - ETA: 0s - loss: 0.0486 - accuracy: 0.9943
20/67 [=======>......................] - ETA: 0s - loss: 0.0436 - accuracy: 0.9969
33/67 [=============>................] - ETA: 0s - loss: 0.0444 - accuracy: 0.9962
48/67 [====================>.........] - ETA: 0s - loss: 0.0426 - accuracy: 0.9974
67/67 [==============================] - ETA: 0s - loss: 0.0433 - accuracy: 0.9977
67/67 [==============================] - 0s 4ms/step - loss: 0.0433 - accuracy: 0.9977
Epoch 20/25

 1/67 [..............................] - ETA: 0s - loss: 0.0397 - accuracy: 1.0000
19/67 [=======>......................] - ETA: 0s - loss: 0.0394 - accuracy: 0.9967
33/67 [=============>................] - ETA: 0s - loss: 0.0389 - accuracy: 0.9972
45/67 [===================>..........] - ETA: 0s - loss: 0.0379 - accuracy: 0.9979
57/67 [========================>.....] - ETA: 0s - loss: 0.0380 - accuracy: 0.9978
67/67 [==============================] - 0s 4ms/step - loss: 0.0383 - accuracy: 0.9977
Epoch 21/25

 1/67 [..............................] - ETA: 0s - loss: 0.0274 - accuracy: 1.0000
12/67 [====>.........................] - ETA: 0s - loss: 0.0432 - accuracy: 0.9922
19/67 [=======>......................] - ETA: 0s - loss: 0.0420 - accuracy: 0.9934
25/67 [==========>...................] - ETA: 0s - loss: 0.0392 - accuracy: 0.9950
29/67 [===========>..................] - ETA: 0s - loss: 0.0377 - accuracy: 0.9957
35/67 [==============>...............] - ETA: 0s - loss: 0.0359 - accuracy: 0.9964
47/67 [====================>.........] - ETA: 0s - loss: 0.0349 - accuracy: 0.9973
61/67 [==========================>...] - ETA: 0s - loss: 0.0340 - accuracy: 0.9980
67/67 [==============================] - 0s 6ms/step - loss: 0.0344 - accuracy: 0.9977
Epoch 22/25

 1/67 [..............................] - ETA: 1s - loss: 0.0273 - accuracy: 1.0000
10/67 [===>..........................] - ETA: 0s - loss: 0.0236 - accuracy: 1.0000
20/67 [=======>......................] - ETA: 0s - loss: 0.0269 - accuracy: 0.9984
30/67 [============>.................] - ETA: 0s - loss: 0.0262 - accuracy: 0.9990
42/67 [=================>............] - ETA: 0s - loss: 0.0266 - accuracy: 0.9993
55/67 [=======================>......] - ETA: 0s - loss: 0.0304 - accuracy: 0.9977
67/67 [==============================] - 0s 5ms/step - loss: 0.0307 - accuracy: 0.9977
Epoch 23/25

 1/67 [..............................] - ETA: 0s - loss: 0.0179 - accuracy: 1.0000
12/67 [====>.........................] - ETA: 0s - loss: 0.0292 - accuracy: 0.9974
22/67 [========>.....................] - ETA: 0s - loss: 0.0333 - accuracy: 0.9957
30/67 [============>.................] - ETA: 0s - loss: 0.0307 - accuracy: 0.9969
39/67 [================>.............] - ETA: 0s - loss: 0.0301 - accuracy: 0.9968
50/67 [=====================>........] - ETA: 0s - loss: 0.0290 - accuracy: 0.9975
61/67 [==========================>...] - ETA: 0s - loss: 0.0280 - accuracy: 0.9980
67/67 [==============================] - ETA: 0s - loss: 0.0277 - accuracy: 0.9981
67/67 [==============================] - 0s 7ms/step - loss: 0.0277 - accuracy: 0.9981
Epoch 24/25

 1/67 [..............................] - ETA: 0s - loss: 0.0165 - accuracy: 1.0000
 5/67 [=>............................] - ETA: 0s - loss: 0.0198 - accuracy: 1.0000
12/67 [====>.........................] - ETA: 0s - loss: 0.0213 - accuracy: 1.0000
19/67 [=======>......................] - ETA: 0s - loss: 0.0231 - accuracy: 0.9984
33/67 [=============>................] - ETA: 0s - loss: 0.0238 - accuracy: 0.9981
47/67 [====================>.........] - ETA: 0s - loss: 0.0239 - accuracy: 0.9980
60/67 [=========================>....] - ETA: 0s - loss: 0.0244 - accuracy: 0.9979
67/67 [==============================] - 0s 5ms/step - loss: 0.0253 - accuracy: 0.9977
Epoch 25/25

 1/67 [..............................] - ETA: 0s - loss: 0.0268 - accuracy: 1.0000
13/67 [====>.........................] - ETA: 0s - loss: 0.0211 - accuracy: 1.0000
27/67 [===========>..................] - ETA: 0s - loss: 0.0196 - accuracy: 1.0000
44/67 [==================>...........] - ETA: 0s - loss: 0.0192 - accuracy: 1.0000
59/67 [=========================>....] - ETA: 0s - loss: 0.0225 - accuracy: 0.9984
67/67 [==============================] - 0s 4ms/step - loss: 0.0233 - accuracy: 0.9981
# predict: steps=1872
# predict: tnodeembed_metrics
# predict: node2vec_metrics
tnodeembed: {'auc': 0.6759151521677466, 'f1_micro': 0.6338420947164518, 'f1_macro': 0.6323088555273564} tNodeEmbed_final_loss=0.005571993533521891 tNodeEmbed_final_accuracy=0.9986000657081604 
node2vec: {'auc': 0.6926814977016037, 'f1_micro': 0.6421247745641574, 'f1_macro': 0.6388655129019013} node2vec_final_loss=0.02328692190349102 node2vec_final_accuracy=0.9981334805488586 
