# load graph
Processing Static file: filename='interactions_with_dates_1977_nodes_2_edges_1_component_0.edges'
# initialize tNodeEmbed for dataset=PPI, test_size=0.2
# load dataset
# fit
# tNodeEmbed
Epoch 1/25

 1/67 [..............................] - ETA: 1:32 - loss: 0.6931 - accuracy: 0.4375
20/67 [=======>......................] - ETA: 0s - loss: 0.6938 - accuracy: 0.4891  
39/67 [================>.............] - ETA: 0s - loss: 0.6934 - accuracy: 0.4904
60/67 [=========================>....] - ETA: 0s - loss: 0.6933 - accuracy: 0.5021
67/67 [==============================] - 2s 3ms/step - loss: 0.6933 - accuracy: 0.5007
Epoch 2/25

 1/67 [..............................] - ETA: 0s - loss: 0.6951 - accuracy: 0.4062
19/67 [=======>......................] - ETA: 0s - loss: 0.6917 - accuracy: 0.5214
38/67 [================>.............] - ETA: 0s - loss: 0.6926 - accuracy: 0.5033
55/67 [=======================>......] - ETA: 0s - loss: 0.6931 - accuracy: 0.5045
67/67 [==============================] - 0s 3ms/step - loss: 0.6926 - accuracy: 0.5021
Epoch 3/25

 1/67 [..............................] - ETA: 0s - loss: 0.6934 - accuracy: 0.4688
18/67 [=======>......................] - ETA: 0s - loss: 0.6920 - accuracy: 0.5330
34/67 [==============>...............] - ETA: 0s - loss: 0.6918 - accuracy: 0.5083
52/67 [======================>.......] - ETA: 0s - loss: 0.6923 - accuracy: 0.5000
67/67 [==============================] - 0s 3ms/step - loss: 0.6920 - accuracy: 0.4923
Epoch 4/25

 1/67 [..............................] - ETA: 0s - loss: 0.6931 - accuracy: 0.5000
19/67 [=======>......................] - ETA: 0s - loss: 0.6921 - accuracy: 0.5099
37/67 [===============>..............] - ETA: 0s - loss: 0.6893 - accuracy: 0.4975
54/67 [=======================>......] - ETA: 0s - loss: 0.6902 - accuracy: 0.4977
67/67 [==============================] - 0s 3ms/step - loss: 0.6921 - accuracy: 0.4942
Epoch 5/25

 1/67 [..............................] - ETA: 0s - loss: 0.6984 - accuracy: 0.4375
18/67 [=======>......................] - ETA: 0s - loss: 0.6895 - accuracy: 0.4809
38/67 [================>.............] - ETA: 0s - loss: 0.6900 - accuracy: 0.4753
57/67 [========================>.....] - ETA: 0s - loss: 0.6912 - accuracy: 0.4781
67/67 [==============================] - 0s 3ms/step - loss: 0.6913 - accuracy: 0.4736
Epoch 6/25

 1/67 [..............................] - ETA: 0s - loss: 0.6936 - accuracy: 0.3750
19/67 [=======>......................] - ETA: 0s - loss: 0.6904 - accuracy: 0.4934
38/67 [================>.............] - ETA: 0s - loss: 0.6903 - accuracy: 0.5025
57/67 [========================>.....] - ETA: 0s - loss: 0.6910 - accuracy: 0.5005
67/67 [==============================] - 0s 3ms/step - loss: 0.6908 - accuracy: 0.5030
Epoch 7/25

 1/67 [..............................] - ETA: 0s - loss: 0.6941 - accuracy: 0.3750
18/67 [=======>......................] - ETA: 0s - loss: 0.6898 - accuracy: 0.4878
38/67 [================>.............] - ETA: 0s - loss: 0.6907 - accuracy: 0.4918
57/67 [========================>.....] - ETA: 0s - loss: 0.6906 - accuracy: 0.4890
67/67 [==============================] - 0s 3ms/step - loss: 0.6905 - accuracy: 0.4928
Epoch 8/25

 1/67 [..............................] - ETA: 0s - loss: 0.6955 - accuracy: 0.5000
19/67 [=======>......................] - ETA: 0s - loss: 0.6894 - accuracy: 0.5263
38/67 [================>.............] - ETA: 0s - loss: 0.6888 - accuracy: 0.5206
56/67 [========================>.....] - ETA: 0s - loss: 0.6896 - accuracy: 0.5078
67/67 [==============================] - 0s 3ms/step - loss: 0.6901 - accuracy: 0.5049
Epoch 9/25

 1/67 [..............................] - ETA: 0s - loss: 0.6724 - accuracy: 0.5312
18/67 [=======>......................] - ETA: 0s - loss: 0.6884 - accuracy: 0.5035
35/67 [==============>...............] - ETA: 0s - loss: 0.6888 - accuracy: 0.5063
52/67 [======================>.......] - ETA: 0s - loss: 0.6902 - accuracy: 0.5084
67/67 [==============================] - 0s 3ms/step - loss: 0.6906 - accuracy: 0.5054
Epoch 10/25

 1/67 [..............................] - ETA: 0s - loss: 0.6950 - accuracy: 0.3438
20/67 [=======>......................] - ETA: 0s - loss: 0.6892 - accuracy: 0.5297
38/67 [================>.............] - ETA: 0s - loss: 0.6896 - accuracy: 0.5107
56/67 [========================>.....] - ETA: 0s - loss: 0.6902 - accuracy: 0.5061
67/67 [==============================] - 0s 3ms/step - loss: 0.6901 - accuracy: 0.5054
Epoch 11/25

 1/67 [..............................] - ETA: 0s - loss: 0.6929 - accuracy: 0.5312
19/67 [=======>......................] - ETA: 0s - loss: 0.6887 - accuracy: 0.4951
40/67 [================>.............] - ETA: 0s - loss: 0.6899 - accuracy: 0.5234
61/67 [==========================>...] - ETA: 0s - loss: 0.6902 - accuracy: 0.5123
67/67 [==============================] - 0s 3ms/step - loss: 0.6897 - accuracy: 0.5044
Epoch 12/25

 1/67 [..............................] - ETA: 0s - loss: 0.6927 - accuracy: 0.5312
22/67 [========>.....................] - ETA: 0s - loss: 0.6924 - accuracy: 0.5057
42/67 [=================>............] - ETA: 0s - loss: 0.6902 - accuracy: 0.5112
61/67 [==========================>...] - ETA: 0s - loss: 0.6903 - accuracy: 0.5000
67/67 [==============================] - 0s 3ms/step - loss: 0.6902 - accuracy: 0.5016
Epoch 13/25

 1/67 [..............................] - ETA: 0s - loss: 0.6931 - accuracy: 0.5312
20/67 [=======>......................] - ETA: 0s - loss: 0.6910 - accuracy: 0.4859
38/67 [================>.............] - ETA: 0s - loss: 0.6915 - accuracy: 0.4860
57/67 [========================>.....] - ETA: 0s - loss: 0.6900 - accuracy: 0.4852
67/67 [==============================] - 0s 3ms/step - loss: 0.6898 - accuracy: 0.4802
Epoch 14/25

 1/67 [..............................] - ETA: 0s - loss: 0.6930 - accuracy: 0.6250
19/67 [=======>......................] - ETA: 0s - loss: 0.6896 - accuracy: 0.5428
36/67 [===============>..............] - ETA: 0s - loss: 0.6897 - accuracy: 0.5087
53/67 [======================>.......] - ETA: 0s - loss: 0.6893 - accuracy: 0.5047
67/67 [==============================] - 0s 3ms/step - loss: 0.6896 - accuracy: 0.5049
Epoch 15/25

 1/67 [..............................] - ETA: 0s - loss: 0.6931 - accuracy: 0.5000
19/67 [=======>......................] - ETA: 0s - loss: 0.6910 - accuracy: 0.4852
38/67 [================>.............] - ETA: 0s - loss: 0.6911 - accuracy: 0.5099
57/67 [========================>.....] - ETA: 0s - loss: 0.6903 - accuracy: 0.5049
67/67 [==============================] - 0s 3ms/step - loss: 0.6898 - accuracy: 0.5021
Epoch 16/25

 1/67 [..............................] - ETA: 0s - loss: 0.6716 - accuracy: 0.5000
20/67 [=======>......................] - ETA: 0s - loss: 0.6890 - accuracy: 0.4750
40/67 [================>.............] - ETA: 0s - loss: 0.6900 - accuracy: 0.4945
61/67 [==========================>...] - ETA: 0s - loss: 0.6901 - accuracy: 0.4980
67/67 [==============================] - 0s 3ms/step - loss: 0.6901 - accuracy: 0.4956
Epoch 17/25

 1/67 [..............................] - ETA: 0s - loss: 0.6938 - accuracy: 0.4062
21/67 [========>.....................] - ETA: 0s - loss: 0.6902 - accuracy: 0.4851
41/67 [=================>............] - ETA: 0s - loss: 0.6891 - accuracy: 0.4931
61/67 [==========================>...] - ETA: 0s - loss: 0.6894 - accuracy: 0.4939
67/67 [==============================] - 0s 3ms/step - loss: 0.6898 - accuracy: 0.4965
Epoch 18/25

 1/67 [..............................] - ETA: 0s - loss: 0.6927 - accuracy: 0.5938
21/67 [========>.....................] - ETA: 0s - loss: 0.6891 - accuracy: 0.5074
41/67 [=================>............] - ETA: 0s - loss: 0.6905 - accuracy: 0.5061
59/67 [=========================>....] - ETA: 0s - loss: 0.6893 - accuracy: 0.5042
67/67 [==============================] - 0s 3ms/step - loss: 0.6898 - accuracy: 0.5021
Epoch 19/25

 1/67 [..............................] - ETA: 0s - loss: 0.6933 - accuracy: 0.4688
21/67 [========>.....................] - ETA: 0s - loss: 0.6888 - accuracy: 0.5327
40/67 [================>.............] - ETA: 0s - loss: 0.6889 - accuracy: 0.5117
60/67 [=========================>....] - ETA: 0s - loss: 0.6897 - accuracy: 0.5036
67/67 [==============================] - 0s 3ms/step - loss: 0.6898 - accuracy: 0.5007
Epoch 20/25

 1/67 [..............................] - ETA: 0s - loss: 0.6927 - accuracy: 0.5938
18/67 [=======>......................] - ETA: 0s - loss: 0.6896 - accuracy: 0.5156
36/67 [===============>..............] - ETA: 0s - loss: 0.6902 - accuracy: 0.5095
53/67 [======================>.......] - ETA: 0s - loss: 0.6896 - accuracy: 0.4994
67/67 [==============================] - 0s 3ms/step - loss: 0.6898 - accuracy: 0.5002
Epoch 21/25

 1/67 [..............................] - ETA: 0s - loss: 0.6932 - accuracy: 0.3438
18/67 [=======>......................] - ETA: 0s - loss: 0.6920 - accuracy: 0.4688
34/67 [==============>...............] - ETA: 0s - loss: 0.6907 - accuracy: 0.4954
50/67 [=====================>........] - ETA: 0s - loss: 0.6908 - accuracy: 0.4900
67/67 [==============================] - ETA: 0s - loss: 0.6898 - accuracy: 0.4923
67/67 [==============================] - 0s 3ms/step - loss: 0.6898 - accuracy: 0.4923
Epoch 22/25

 1/67 [..............................] - ETA: 0s - loss: 0.6934 - accuracy: 0.4375
11/67 [===>..........................] - ETA: 0s - loss: 0.6932 - accuracy: 0.4943
28/67 [===========>..................] - ETA: 0s - loss: 0.6901 - accuracy: 0.5000
48/67 [====================>.........] - ETA: 0s - loss: 0.6901 - accuracy: 0.4909
67/67 [==============================] - 0s 3ms/step - loss: 0.6897 - accuracy: 0.4918
Epoch 23/25

 1/67 [..............................] - ETA: 0s - loss: 0.6931 - accuracy: 0.5625
22/67 [========>.....................] - ETA: 0s - loss: 0.6884 - accuracy: 0.4943
42/67 [=================>............] - ETA: 0s - loss: 0.6896 - accuracy: 0.5052
61/67 [==========================>...] - ETA: 0s - loss: 0.6901 - accuracy: 0.5031
67/67 [==============================] - 0s 3ms/step - loss: 0.6897 - accuracy: 0.5002
Epoch 24/25

 1/67 [..............................] - ETA: 0s - loss: 0.6928 - accuracy: 0.5938
20/67 [=======>......................] - ETA: 0s - loss: 0.6890 - accuracy: 0.5000
39/67 [================>.............] - ETA: 0s - loss: 0.6888 - accuracy: 0.5024
56/67 [========================>.....] - ETA: 0s - loss: 0.6901 - accuracy: 0.5061
67/67 [==============================] - 0s 3ms/step - loss: 0.6897 - accuracy: 0.5035
Epoch 25/25

 1/67 [..............................] - ETA: 0s - loss: 0.6933 - accuracy: 0.4688
19/67 [=======>......................] - ETA: 0s - loss: 0.6908 - accuracy: 0.5214
37/67 [===============>..............] - ETA: 0s - loss: 0.6909 - accuracy: 0.5084
55/67 [=======================>......] - ETA: 0s - loss: 0.6893 - accuracy: 0.5097
67/67 [==============================] - 0s 3ms/step - loss: 0.6897 - accuracy: 0.5026
# node2vec
Epoch 1/25

 1/67 [..............................] - ETA: 18s - loss: 0.6931 - accuracy: 0.5000
26/67 [==========>...................] - ETA: 0s - loss: 0.6941 - accuracy: 0.4904 
57/67 [========================>.....] - ETA: 0s - loss: 0.6940 - accuracy: 0.4967
67/67 [==============================] - 0s 2ms/step - loss: 0.6938 - accuracy: 0.4900
Epoch 2/25

 1/67 [..............................] - ETA: 0s - loss: 0.6929 - accuracy: 0.5625
32/67 [=============>................] - ETA: 0s - loss: 0.6930 - accuracy: 0.5029
64/67 [===========================>..] - ETA: 0s - loss: 0.6921 - accuracy: 0.4951
67/67 [==============================] - 0s 2ms/step - loss: 0.6921 - accuracy: 0.4946
Epoch 3/25

 1/67 [..............................] - ETA: 0s - loss: 0.6894 - accuracy: 0.4688
32/67 [=============>................] - ETA: 0s - loss: 0.6927 - accuracy: 0.4658
60/67 [=========================>....] - ETA: 0s - loss: 0.6907 - accuracy: 0.4766
67/67 [==============================] - 0s 2ms/step - loss: 0.6914 - accuracy: 0.4811
Epoch 4/25

 1/67 [..............................] - ETA: 0s - loss: 0.6929 - accuracy: 0.6250
27/67 [===========>..................] - ETA: 0s - loss: 0.6914 - accuracy: 0.5081
55/67 [=======================>......] - ETA: 0s - loss: 0.6919 - accuracy: 0.4989
67/67 [==============================] - 0s 2ms/step - loss: 0.6918 - accuracy: 0.4993
Epoch 5/25

 1/67 [..............................] - ETA: 0s - loss: 0.6939 - accuracy: 0.3750
25/67 [==========>...................] - ETA: 0s - loss: 0.6912 - accuracy: 0.4850
56/67 [========================>.....] - ETA: 0s - loss: 0.6908 - accuracy: 0.4922
67/67 [==============================] - 0s 2ms/step - loss: 0.6909 - accuracy: 0.4956
Epoch 6/25

 1/67 [..............................] - ETA: 0s - loss: 0.6919 - accuracy: 0.5938
39/67 [================>.............] - ETA: 0s - loss: 0.6903 - accuracy: 0.5008
67/67 [==============================] - 0s 1ms/step - loss: 0.6906 - accuracy: 0.5049
Epoch 7/25

 1/67 [..............................] - ETA: 0s - loss: 0.6944 - accuracy: 0.4062
29/67 [===========>..................] - ETA: 0s - loss: 0.6903 - accuracy: 0.5129
56/67 [========================>.....] - ETA: 0s - loss: 0.6905 - accuracy: 0.5061
67/67 [==============================] - 0s 2ms/step - loss: 0.6905 - accuracy: 0.5007
Epoch 8/25

 1/67 [..............................] - ETA: 0s - loss: 0.6957 - accuracy: 0.3438
36/67 [===============>..............] - ETA: 0s - loss: 0.6904 - accuracy: 0.5156
67/67 [==============================] - 0s 1ms/step - loss: 0.6904 - accuracy: 0.5040
Epoch 9/25

 1/67 [..............................] - ETA: 0s - loss: 0.6718 - accuracy: 0.5938
35/67 [==============>...............] - ETA: 0s - loss: 0.6909 - accuracy: 0.5036
67/67 [==============================] - ETA: 0s - loss: 0.6903 - accuracy: 0.4914
67/67 [==============================] - 0s 2ms/step - loss: 0.6903 - accuracy: 0.4914
Epoch 10/25

 1/67 [..............................] - ETA: 0s - loss: 0.6935 - accuracy: 0.4375
34/67 [==============>...............] - ETA: 0s - loss: 0.6906 - accuracy: 0.4926
67/67 [==============================] - 0s 2ms/step - loss: 0.6904 - accuracy: 0.4928
Epoch 11/25

 1/67 [..............................] - ETA: 0s - loss: 0.6934 - accuracy: 0.4688
31/67 [============>.................] - ETA: 0s - loss: 0.6891 - accuracy: 0.5081
62/67 [==========================>...] - ETA: 0s - loss: 0.6902 - accuracy: 0.5076
67/67 [==============================] - 0s 2ms/step - loss: 0.6902 - accuracy: 0.5030
Epoch 12/25

 1/67 [..............................] - ETA: 0s - loss: 0.6934 - accuracy: 0.4688
29/67 [===========>..................] - ETA: 0s - loss: 0.6904 - accuracy: 0.4828
59/67 [=========================>....] - ETA: 0s - loss: 0.6904 - accuracy: 0.4841
67/67 [==============================] - 0s 2ms/step - loss: 0.6902 - accuracy: 0.4904
Epoch 13/25

 1/67 [..............................] - ETA: 0s - loss: 0.6927 - accuracy: 0.6250
28/67 [===========>..................] - ETA: 0s - loss: 0.6890 - accuracy: 0.4967
58/67 [========================>.....] - ETA: 0s - loss: 0.6903 - accuracy: 0.5027
67/67 [==============================] - 0s 2ms/step - loss: 0.6902 - accuracy: 0.5026
Epoch 14/25

 1/67 [..............................] - ETA: 0s - loss: 0.6723 - accuracy: 0.5312
29/67 [===========>..................] - ETA: 0s - loss: 0.6883 - accuracy: 0.4968
58/67 [========================>.....] - ETA: 0s - loss: 0.6903 - accuracy: 0.4957
67/67 [==============================] - 0s 2ms/step - loss: 0.6901 - accuracy: 0.4867
Epoch 15/25

 1/67 [..............................] - ETA: 0s - loss: 0.6734 - accuracy: 0.5625
36/67 [===============>..............] - ETA: 0s - loss: 0.6909 - accuracy: 0.5026
65/67 [============================>.] - ETA: 0s - loss: 0.6901 - accuracy: 0.5067
67/67 [==============================] - 0s 2ms/step - loss: 0.6901 - accuracy: 0.5091
Epoch 16/25

 1/67 [..............................] - ETA: 0s - loss: 0.6918 - accuracy: 0.7188
33/67 [=============>................] - ETA: 0s - loss: 0.6904 - accuracy: 0.5114
63/67 [===========================>..] - ETA: 0s - loss: 0.6904 - accuracy: 0.5005
67/67 [==============================] - 0s 2ms/step - loss: 0.6899 - accuracy: 0.5016
Epoch 17/25

 1/67 [..............................] - ETA: 0s - loss: 0.6930 - accuracy: 0.5312
32/67 [=============>................] - ETA: 0s - loss: 0.6899 - accuracy: 0.4902
66/67 [============================>.] - ETA: 0s - loss: 0.6905 - accuracy: 0.4964
67/67 [==============================] - 0s 2ms/step - loss: 0.6905 - accuracy: 0.4988
Epoch 18/25

 1/67 [..............................] - ETA: 0s - loss: 0.6932 - accuracy: 0.5000
32/67 [=============>................] - ETA: 0s - loss: 0.6894 - accuracy: 0.5107
63/67 [===========================>..] - ETA: 0s - loss: 0.6899 - accuracy: 0.5030
67/67 [==============================] - 0s 2ms/step - loss: 0.6901 - accuracy: 0.5002
Epoch 19/25

 1/67 [..............................] - ETA: 0s - loss: 0.6931 - accuracy: 0.5000
26/67 [==========>...................] - ETA: 0s - loss: 0.6885 - accuracy: 0.5072
54/67 [=======================>......] - ETA: 0s - loss: 0.6905 - accuracy: 0.5023
67/67 [==============================] - 0s 2ms/step - loss: 0.6903 - accuracy: 0.4974
Epoch 20/25

 1/67 [..............................] - ETA: 0s - loss: 0.6932 - accuracy: 0.4688
32/67 [=============>................] - ETA: 0s - loss: 0.6898 - accuracy: 0.5127
60/67 [=========================>....] - ETA: 0s - loss: 0.6903 - accuracy: 0.5005
67/67 [==============================] - 0s 2ms/step - loss: 0.6900 - accuracy: 0.4960
Epoch 21/25

 1/67 [..............................] - ETA: 0s - loss: 0.6935 - accuracy: 0.4375
29/67 [===========>..................] - ETA: 0s - loss: 0.6895 - accuracy: 0.4946
58/67 [========================>.....] - ETA: 0s - loss: 0.6895 - accuracy: 0.4962
67/67 [==============================] - 0s 2ms/step - loss: 0.6900 - accuracy: 0.4890
Epoch 22/25

 1/67 [..............................] - ETA: 0s - loss: 0.6931 - accuracy: 0.5312
27/67 [===========>..................] - ETA: 0s - loss: 0.6885 - accuracy: 0.5046
50/67 [=====================>........] - ETA: 0s - loss: 0.6894 - accuracy: 0.5100
67/67 [==============================] - 0s 2ms/step - loss: 0.6899 - accuracy: 0.5058
Epoch 23/25

 1/67 [..............................] - ETA: 0s - loss: 0.6932 - accuracy: 0.5000
34/67 [==============>...............] - ETA: 0s - loss: 0.6889 - accuracy: 0.4936
66/67 [============================>.] - ETA: 0s - loss: 0.6898 - accuracy: 0.4941
67/67 [==============================] - 0s 2ms/step - loss: 0.6899 - accuracy: 0.4942
Epoch 24/25

 1/67 [..............................] - ETA: 0s - loss: 0.6921 - accuracy: 0.6250
34/67 [==============>...............] - ETA: 0s - loss: 0.6906 - accuracy: 0.5184
66/67 [============================>.] - ETA: 0s - loss: 0.6900 - accuracy: 0.5036
67/67 [==============================] - 0s 2ms/step - loss: 0.6900 - accuracy: 0.5026
Epoch 25/25

 1/67 [..............................] - ETA: 0s - loss: 0.6926 - accuracy: 0.5938
36/67 [===============>..............] - ETA: 0s - loss: 0.6896 - accuracy: 0.5052
65/67 [============================>.] - ETA: 0s - loss: 0.6899 - accuracy: 0.4947
67/67 [==============================] - 0s 2ms/step - loss: 0.6901 - accuracy: 0.4909
# predict: steps=1872
# predict: tnodeembed_metrics
# predict: node2vec_metrics
tnodeembed: {'auc': 0.5000000803102327, 'f1_micro': 0.4999165052434707, 'f1_macro': 0.33524509768654415} tNodeEmbed_final_loss=0.6897004246711731 tNodeEmbed_final_accuracy=0.5025665163993835 
node2vec: {'auc': 0.49970099384939165, 'f1_micro': 0.499766214681718, 'f1_macro': 0.33458928784237985} node2vec_final_loss=0.6900773644447327 node2vec_final_accuracy=0.49090060591697693 
