# load graph
Processing Static file: filename='interactions_with_dates_1995_nodes_270_edges_335_component_0.edges'
# initialize tNodeEmbed for dataset=PPI, test_size=0.2
# load dataset
# fit
# tNodeEmbed
Epoch 1/25

 1/67 [..............................] - ETA: 4:20 - loss: 0.6922 - accuracy: 0.6250
 7/67 [==>...........................] - ETA: 0s - loss: 0.6856 - accuracy: 0.6161  
13/67 [====>.........................] - ETA: 0s - loss: 0.6783 - accuracy: 0.6370
22/67 [========>.....................] - ETA: 0s - loss: 0.6745 - accuracy: 0.6307
32/67 [=============>................] - ETA: 0s - loss: 0.6623 - accuracy: 0.6436
43/67 [==================>...........] - ETA: 0s - loss: 0.6550 - accuracy: 0.6475
55/67 [=======================>......] - ETA: 0s - loss: 0.6516 - accuracy: 0.6443
65/67 [============================>.] - ETA: 0s - loss: 0.6431 - accuracy: 0.6486
67/67 [==============================] - 4s 6ms/step - loss: 0.6435 - accuracy: 0.6486
Epoch 2/25

 1/67 [..............................] - ETA: 0s - loss: 0.6474 - accuracy: 0.6875
 3/67 [>.............................] - ETA: 1s - loss: 0.6241 - accuracy: 0.5938
 9/67 [===>..........................] - ETA: 0s - loss: 0.6063 - accuracy: 0.6597
15/67 [=====>........................] - ETA: 0s - loss: 0.5973 - accuracy: 0.6646
23/67 [=========>....................] - ETA: 0s - loss: 0.5915 - accuracy: 0.6753
35/67 [==============>...............] - ETA: 0s - loss: 0.5989 - accuracy: 0.6777
49/67 [====================>.........] - ETA: 0s - loss: 0.6043 - accuracy: 0.6735
61/67 [==========================>...] - ETA: 0s - loss: 0.6082 - accuracy: 0.6629
67/67 [==============================] - 0s 6ms/step - loss: 0.6113 - accuracy: 0.6594
Epoch 3/25

 1/67 [..............................] - ETA: 0s - loss: 0.7036 - accuracy: 0.5938
11/67 [===>..........................] - ETA: 0s - loss: 0.6140 - accuracy: 0.6420
21/67 [========>.....................] - ETA: 0s - loss: 0.6118 - accuracy: 0.6443
31/67 [============>.................] - ETA: 0s - loss: 0.5945 - accuracy: 0.6734
39/67 [================>.............] - ETA: 0s - loss: 0.5914 - accuracy: 0.6723
48/67 [====================>.........] - ETA: 0s - loss: 0.5909 - accuracy: 0.6693
59/67 [=========================>....] - ETA: 0s - loss: 0.5966 - accuracy: 0.6642
67/67 [==============================] - 0s 5ms/step - loss: 0.5973 - accuracy: 0.6631
Epoch 4/25

 1/67 [..............................] - ETA: 0s - loss: 0.6577 - accuracy: 0.5312
11/67 [===>..........................] - ETA: 0s - loss: 0.5795 - accuracy: 0.6847
21/67 [========>.....................] - ETA: 0s - loss: 0.5750 - accuracy: 0.6786
31/67 [============>.................] - ETA: 0s - loss: 0.5820 - accuracy: 0.6744
41/67 [=================>............] - ETA: 0s - loss: 0.5777 - accuracy: 0.6806
50/67 [=====================>........] - ETA: 0s - loss: 0.5804 - accuracy: 0.6762
61/67 [==========================>...] - ETA: 0s - loss: 0.5759 - accuracy: 0.6808
67/67 [==============================] - 0s 5ms/step - loss: 0.5833 - accuracy: 0.6738
Epoch 5/25

 1/67 [..............................] - ETA: 0s - loss: 0.5848 - accuracy: 0.7188
11/67 [===>..........................] - ETA: 0s - loss: 0.5598 - accuracy: 0.7017
21/67 [========>.....................] - ETA: 0s - loss: 0.5699 - accuracy: 0.6860
30/67 [============>.................] - ETA: 0s - loss: 0.5704 - accuracy: 0.6771
39/67 [================>.............] - ETA: 0s - loss: 0.5682 - accuracy: 0.6795
49/67 [====================>.........] - ETA: 0s - loss: 0.5717 - accuracy: 0.6805
59/67 [=========================>....] - ETA: 0s - loss: 0.5750 - accuracy: 0.6753
67/67 [==============================] - ETA: 0s - loss: 0.5741 - accuracy: 0.6794
67/67 [==============================] - 0s 6ms/step - loss: 0.5741 - accuracy: 0.6794
Epoch 6/25

 1/67 [..............................] - ETA: 0s - loss: 0.5271 - accuracy: 0.7500
11/67 [===>..........................] - ETA: 0s - loss: 0.5794 - accuracy: 0.6619
21/67 [========>.....................] - ETA: 0s - loss: 0.5809 - accuracy: 0.6562
31/67 [============>.................] - ETA: 0s - loss: 0.5845 - accuracy: 0.6512
41/67 [=================>............] - ETA: 0s - loss: 0.5731 - accuracy: 0.6631
51/67 [=====================>........] - ETA: 0s - loss: 0.5715 - accuracy: 0.6728
62/67 [==========================>...] - ETA: 0s - loss: 0.5685 - accuracy: 0.6804
67/67 [==============================] - 0s 5ms/step - loss: 0.5643 - accuracy: 0.6850
Epoch 7/25

 1/67 [..............................] - ETA: 0s - loss: 0.6349 - accuracy: 0.6250
12/67 [====>.........................] - ETA: 0s - loss: 0.5576 - accuracy: 0.6823
23/67 [=========>....................] - ETA: 0s - loss: 0.5613 - accuracy: 0.6793
34/67 [==============>...............] - ETA: 0s - loss: 0.5576 - accuracy: 0.6847
46/67 [===================>..........] - ETA: 0s - loss: 0.5596 - accuracy: 0.6821
58/67 [========================>.....] - ETA: 0s - loss: 0.5565 - accuracy: 0.6864
67/67 [==============================] - 0s 5ms/step - loss: 0.5611 - accuracy: 0.6855
Epoch 8/25

 1/67 [..............................] - ETA: 0s - loss: 0.5473 - accuracy: 0.6875
12/67 [====>.........................] - ETA: 0s - loss: 0.5536 - accuracy: 0.6875
22/67 [========>.....................] - ETA: 0s - loss: 0.5378 - accuracy: 0.7045
33/67 [=============>................] - ETA: 0s - loss: 0.5451 - accuracy: 0.6884
44/67 [==================>...........] - ETA: 0s - loss: 0.5444 - accuracy: 0.6939
55/67 [=======================>......] - ETA: 0s - loss: 0.5446 - accuracy: 0.6966
67/67 [==============================] - ETA: 0s - loss: 0.5466 - accuracy: 0.6920
67/67 [==============================] - 0s 5ms/step - loss: 0.5466 - accuracy: 0.6920
Epoch 9/25

 1/67 [..............................] - ETA: 0s - loss: 0.5113 - accuracy: 0.7188
12/67 [====>.........................] - ETA: 0s - loss: 0.5233 - accuracy: 0.6901
26/67 [==========>...................] - ETA: 0s - loss: 0.5416 - accuracy: 0.6899
39/67 [================>.............] - ETA: 0s - loss: 0.5470 - accuracy: 0.6859
50/67 [=====================>........] - ETA: 0s - loss: 0.5428 - accuracy: 0.6919
62/67 [==========================>...] - ETA: 0s - loss: 0.5487 - accuracy: 0.6835
67/67 [==============================] - 0s 4ms/step - loss: 0.5438 - accuracy: 0.6902
Epoch 10/25

 1/67 [..............................] - ETA: 0s - loss: 0.5030 - accuracy: 0.6562
11/67 [===>..........................] - ETA: 0s - loss: 0.5219 - accuracy: 0.6932
22/67 [========>.....................] - ETA: 0s - loss: 0.5481 - accuracy: 0.6705
34/67 [==============>...............] - ETA: 0s - loss: 0.5498 - accuracy: 0.6811
45/67 [===================>..........] - ETA: 0s - loss: 0.5406 - accuracy: 0.6938
54/67 [=======================>......] - ETA: 0s - loss: 0.5358 - accuracy: 0.7014
64/67 [===========================>..] - ETA: 0s - loss: 0.5386 - accuracy: 0.6973
67/67 [==============================] - 0s 5ms/step - loss: 0.5370 - accuracy: 0.6986
Epoch 11/25

 1/67 [..............................] - ETA: 0s - loss: 0.4582 - accuracy: 0.7812
11/67 [===>..........................] - ETA: 0s - loss: 0.5231 - accuracy: 0.7188
22/67 [========>.....................] - ETA: 0s - loss: 0.5274 - accuracy: 0.7159
32/67 [=============>................] - ETA: 0s - loss: 0.5269 - accuracy: 0.7070
42/67 [=================>............] - ETA: 0s - loss: 0.5309 - accuracy: 0.7009
53/67 [======================>.......] - ETA: 0s - loss: 0.5300 - accuracy: 0.7022
63/67 [===========================>..] - ETA: 0s - loss: 0.5313 - accuracy: 0.6979
67/67 [==============================] - 0s 5ms/step - loss: 0.5325 - accuracy: 0.6976
Epoch 12/25

 1/67 [..............................] - ETA: 0s - loss: 0.5277 - accuracy: 0.6562
11/67 [===>..........................] - ETA: 0s - loss: 0.5284 - accuracy: 0.7074
21/67 [========>.....................] - ETA: 0s - loss: 0.5234 - accuracy: 0.7202
31/67 [============>.................] - ETA: 0s - loss: 0.5256 - accuracy: 0.7056
41/67 [=================>............] - ETA: 0s - loss: 0.5223 - accuracy: 0.7066
51/67 [=====================>........] - ETA: 0s - loss: 0.5242 - accuracy: 0.7059
60/67 [=========================>....] - ETA: 0s - loss: 0.5284 - accuracy: 0.7021
67/67 [==============================] - 0s 6ms/step - loss: 0.5272 - accuracy: 0.7009
Epoch 13/25

 1/67 [..............................] - ETA: 0s - loss: 0.5017 - accuracy: 0.7188
10/67 [===>..........................] - ETA: 0s - loss: 0.4986 - accuracy: 0.7125
21/67 [========>.....................] - ETA: 0s - loss: 0.5121 - accuracy: 0.6964
31/67 [============>.................] - ETA: 0s - loss: 0.5201 - accuracy: 0.6915
41/67 [=================>............] - ETA: 0s - loss: 0.5187 - accuracy: 0.6959
51/67 [=====================>........] - ETA: 0s - loss: 0.5174 - accuracy: 0.7004
61/67 [==========================>...] - ETA: 0s - loss: 0.5231 - accuracy: 0.6977
67/67 [==============================] - 0s 5ms/step - loss: 0.5229 - accuracy: 0.7000
Epoch 14/25

 1/67 [..............................] - ETA: 0s - loss: 0.3461 - accuracy: 0.9062
10/67 [===>..........................] - ETA: 0s - loss: 0.4866 - accuracy: 0.7344
22/67 [========>.....................] - ETA: 0s - loss: 0.4956 - accuracy: 0.7244
34/67 [==============>...............] - ETA: 0s - loss: 0.5110 - accuracy: 0.7160
44/67 [==================>...........] - ETA: 0s - loss: 0.5085 - accuracy: 0.7159
55/67 [=======================>......] - ETA: 0s - loss: 0.5124 - accuracy: 0.7170
66/67 [============================>.] - ETA: 0s - loss: 0.5194 - accuracy: 0.7054
67/67 [==============================] - 0s 5ms/step - loss: 0.5188 - accuracy: 0.7056
Epoch 15/25

 1/67 [..............................] - ETA: 0s - loss: 0.5448 - accuracy: 0.6562
12/67 [====>.........................] - ETA: 0s - loss: 0.5001 - accuracy: 0.7161
23/67 [=========>....................] - ETA: 0s - loss: 0.5012 - accuracy: 0.7188
35/67 [==============>...............] - ETA: 0s - loss: 0.5119 - accuracy: 0.7054
47/67 [====================>.........] - ETA: 0s - loss: 0.5184 - accuracy: 0.7001
59/67 [=========================>....] - ETA: 0s - loss: 0.5181 - accuracy: 0.7039
67/67 [==============================] - 0s 4ms/step - loss: 0.5184 - accuracy: 0.7032
Epoch 16/25

 1/67 [..............................] - ETA: 0s - loss: 0.5220 - accuracy: 0.7188
13/67 [====>.........................] - ETA: 0s - loss: 0.4939 - accuracy: 0.7163
23/67 [=========>....................] - ETA: 0s - loss: 0.5000 - accuracy: 0.7079
34/67 [==============>...............] - ETA: 0s - loss: 0.5080 - accuracy: 0.7040
44/67 [==================>...........] - ETA: 0s - loss: 0.5101 - accuracy: 0.7060
54/67 [=======================>......] - ETA: 0s - loss: 0.5092 - accuracy: 0.7060
64/67 [===========================>..] - ETA: 0s - loss: 0.5134 - accuracy: 0.7041
67/67 [==============================] - 0s 5ms/step - loss: 0.5114 - accuracy: 0.7079
Epoch 17/25

 1/67 [..............................] - ETA: 0s - loss: 0.5481 - accuracy: 0.6875
10/67 [===>..........................] - ETA: 0s - loss: 0.4726 - accuracy: 0.7531
20/67 [=======>......................] - ETA: 0s - loss: 0.4878 - accuracy: 0.7344
31/67 [============>.................] - ETA: 0s - loss: 0.5056 - accuracy: 0.7127
43/67 [==================>...........] - ETA: 0s - loss: 0.5091 - accuracy: 0.7108
54/67 [=======================>......] - ETA: 0s - loss: 0.5054 - accuracy: 0.7112
65/67 [============================>.] - ETA: 0s - loss: 0.5085 - accuracy: 0.7096
67/67 [==============================] - 0s 5ms/step - loss: 0.5106 - accuracy: 0.7065
Epoch 18/25

 1/67 [..............................] - ETA: 0s - loss: 0.5334 - accuracy: 0.6250
12/67 [====>.........................] - ETA: 0s - loss: 0.4948 - accuracy: 0.7214
24/67 [=========>....................] - ETA: 0s - loss: 0.5080 - accuracy: 0.7122
29/67 [===========>..................] - ETA: 0s - loss: 0.5009 - accuracy: 0.7198
35/67 [==============>...............] - ETA: 0s - loss: 0.5017 - accuracy: 0.7152
40/67 [================>.............] - ETA: 0s - loss: 0.5023 - accuracy: 0.7133
48/67 [====================>.........] - ETA: 0s - loss: 0.5065 - accuracy: 0.7083
60/67 [=========================>....] - ETA: 0s - loss: 0.5028 - accuracy: 0.7104
67/67 [==============================] - 0s 7ms/step - loss: 0.5060 - accuracy: 0.7098
Epoch 19/25

 1/67 [..............................] - ETA: 0s - loss: 0.4319 - accuracy: 0.7500
10/67 [===>..........................] - ETA: 0s - loss: 0.5177 - accuracy: 0.6875
19/67 [=======>......................] - ETA: 0s - loss: 0.5004 - accuracy: 0.7270
29/67 [===========>..................] - ETA: 0s - loss: 0.5026 - accuracy: 0.7188
39/67 [================>.............] - ETA: 0s - loss: 0.5072 - accuracy: 0.7091
48/67 [====================>.........] - ETA: 0s - loss: 0.5035 - accuracy: 0.7096
58/67 [========================>.....] - ETA: 0s - loss: 0.5067 - accuracy: 0.7069
67/67 [==============================] - 0s 5ms/step - loss: 0.5040 - accuracy: 0.7084
Epoch 20/25

 1/67 [..............................] - ETA: 0s - loss: 0.5683 - accuracy: 0.6562
10/67 [===>..........................] - ETA: 0s - loss: 0.4715 - accuracy: 0.7563
19/67 [=======>......................] - ETA: 0s - loss: 0.4775 - accuracy: 0.7533
29/67 [===========>..................] - ETA: 0s - loss: 0.4886 - accuracy: 0.7392
40/67 [================>.............] - ETA: 0s - loss: 0.4930 - accuracy: 0.7273
52/67 [======================>.......] - ETA: 0s - loss: 0.5024 - accuracy: 0.7151
64/67 [===========================>..] - ETA: 0s - loss: 0.5070 - accuracy: 0.7075
67/67 [==============================] - 0s 5ms/step - loss: 0.5044 - accuracy: 0.7107
Epoch 21/25

 1/67 [..............................] - ETA: 0s - loss: 0.3661 - accuracy: 0.8750
 9/67 [===>..........................] - ETA: 0s - loss: 0.4865 - accuracy: 0.7118
18/67 [=======>......................] - ETA: 0s - loss: 0.4993 - accuracy: 0.7170
29/67 [===========>..................] - ETA: 0s - loss: 0.5004 - accuracy: 0.7144
39/67 [================>.............] - ETA: 0s - loss: 0.4962 - accuracy: 0.7179
50/67 [=====================>........] - ETA: 0s - loss: 0.5050 - accuracy: 0.7056
60/67 [=========================>....] - ETA: 0s - loss: 0.5038 - accuracy: 0.7089
67/67 [==============================] - 0s 5ms/step - loss: 0.5008 - accuracy: 0.7121
Epoch 22/25

 1/67 [..............................] - ETA: 0s - loss: 0.5449 - accuracy: 0.6250
11/67 [===>..........................] - ETA: 0s - loss: 0.5200 - accuracy: 0.7074
22/67 [========>.....................] - ETA: 0s - loss: 0.5013 - accuracy: 0.7074
33/67 [=============>................] - ETA: 0s - loss: 0.4971 - accuracy: 0.7140
43/67 [==================>...........] - ETA: 0s - loss: 0.5054 - accuracy: 0.7049
53/67 [======================>.......] - ETA: 0s - loss: 0.5019 - accuracy: 0.7064
64/67 [===========================>..] - ETA: 0s - loss: 0.5039 - accuracy: 0.7061
67/67 [==============================] - 0s 5ms/step - loss: 0.5015 - accuracy: 0.7079
Epoch 23/25

 1/67 [..............................] - ETA: 0s - loss: 0.4601 - accuracy: 0.7500
11/67 [===>..........................] - ETA: 0s - loss: 0.4962 - accuracy: 0.7301
20/67 [=======>......................] - ETA: 0s - loss: 0.5017 - accuracy: 0.7156
29/67 [===========>..................] - ETA: 0s - loss: 0.5082 - accuracy: 0.7058
39/67 [================>.............] - ETA: 0s - loss: 0.5097 - accuracy: 0.7003
49/67 [====================>.........] - ETA: 0s - loss: 0.5069 - accuracy: 0.7041
58/67 [========================>.....] - ETA: 0s - loss: 0.5053 - accuracy: 0.7064
67/67 [==============================] - 0s 6ms/step - loss: 0.4993 - accuracy: 0.7126
Epoch 24/25

 1/67 [..............................] - ETA: 0s - loss: 0.5388 - accuracy: 0.6562
11/67 [===>..........................] - ETA: 0s - loss: 0.4930 - accuracy: 0.7045
21/67 [========>.....................] - ETA: 0s - loss: 0.5046 - accuracy: 0.6845
31/67 [============>.................] - ETA: 0s - loss: 0.4974 - accuracy: 0.7046
41/67 [=================>............] - ETA: 0s - loss: 0.4996 - accuracy: 0.7073
51/67 [=====================>........] - ETA: 0s - loss: 0.5003 - accuracy: 0.7108
61/67 [==========================>...] - ETA: 0s - loss: 0.5002 - accuracy: 0.7111
67/67 [==============================] - 0s 5ms/step - loss: 0.4999 - accuracy: 0.7116
Epoch 25/25

 1/67 [..............................] - ETA: 0s - loss: 0.5639 - accuracy: 0.6562
10/67 [===>..........................] - ETA: 0s - loss: 0.4674 - accuracy: 0.7437
20/67 [=======>......................] - ETA: 0s - loss: 0.4854 - accuracy: 0.7234
30/67 [============>.................] - ETA: 0s - loss: 0.4874 - accuracy: 0.7292
40/67 [================>.............] - ETA: 0s - loss: 0.4940 - accuracy: 0.7211
49/67 [====================>.........] - ETA: 0s - loss: 0.5006 - accuracy: 0.7111
59/67 [=========================>....] - ETA: 0s - loss: 0.4986 - accuracy: 0.7119
67/67 [==============================] - 0s 5ms/step - loss: 0.5025 - accuracy: 0.7093
# node2vec
Epoch 1/25

 1/67 [..............................] - ETA: 2:08 - loss: 0.7162 - accuracy: 0.5312
10/67 [===>..........................] - ETA: 0s - loss: 0.6849 - accuracy: 0.5406  
28/67 [===========>..................] - ETA: 0s - loss: 0.6577 - accuracy: 0.6105
45/67 [===================>..........] - ETA: 0s - loss: 0.6503 - accuracy: 0.6271
60/67 [=========================>....] - ETA: 0s - loss: 0.6409 - accuracy: 0.6302
67/67 [==============================] - 2s 4ms/step - loss: 0.6405 - accuracy: 0.6262
Epoch 2/25

 1/67 [..............................] - ETA: 0s - loss: 0.7040 - accuracy: 0.5000
16/67 [======>.......................] - ETA: 0s - loss: 0.6213 - accuracy: 0.6875
34/67 [==============>...............] - ETA: 1s - loss: 0.6238 - accuracy: 0.6489
36/67 [===============>..............] - ETA: 1s - loss: 0.6233 - accuracy: 0.6502
42/67 [=================>............] - ETA: 1s - loss: 0.6184 - accuracy: 0.6615
53/67 [======================>.......] - ETA: 0s - loss: 0.6124 - accuracy: 0.6663
67/67 [==============================] - 2s 30ms/step - loss: 0.6109 - accuracy: 0.6603
Epoch 3/25

 1/67 [..............................] - ETA: 0s - loss: 0.6406 - accuracy: 0.6875
20/67 [=======>......................] - ETA: 0s - loss: 0.6117 - accuracy: 0.6438
38/67 [================>.............] - ETA: 0s - loss: 0.6092 - accuracy: 0.6587
51/67 [=====================>........] - ETA: 0s - loss: 0.5999 - accuracy: 0.6685
62/67 [==========================>...] - ETA: 0s - loss: 0.5966 - accuracy: 0.6739
67/67 [==============================] - 0s 4ms/step - loss: 0.5969 - accuracy: 0.6692
Epoch 4/25

 1/67 [..............................] - ETA: 0s - loss: 0.7673 - accuracy: 0.4062
13/67 [====>.........................] - ETA: 0s - loss: 0.6021 - accuracy: 0.6490
30/67 [============>.................] - ETA: 0s - loss: 0.5902 - accuracy: 0.6604
47/67 [====================>.........] - ETA: 0s - loss: 0.5855 - accuracy: 0.6682
59/67 [=========================>....] - ETA: 0s - loss: 0.5798 - accuracy: 0.6764
67/67 [==============================] - 0s 4ms/step - loss: 0.5806 - accuracy: 0.6734
Epoch 5/25

 1/67 [..............................] - ETA: 0s - loss: 0.6635 - accuracy: 0.4688
 8/67 [==>...........................] - ETA: 0s - loss: 0.5814 - accuracy: 0.6758
19/67 [=======>......................] - ETA: 0s - loss: 0.5785 - accuracy: 0.6776
32/67 [=============>................] - ETA: 0s - loss: 0.5799 - accuracy: 0.6748
46/67 [===================>..........] - ETA: 0s - loss: 0.5782 - accuracy: 0.6780
59/67 [=========================>....] - ETA: 0s - loss: 0.5709 - accuracy: 0.6849
66/67 [============================>.] - ETA: 0s - loss: 0.5759 - accuracy: 0.6765
67/67 [==============================] - 0s 5ms/step - loss: 0.5749 - accuracy: 0.6785
Epoch 6/25

 1/67 [..............................] - ETA: 0s - loss: 0.6212 - accuracy: 0.6562
15/67 [=====>........................] - ETA: 0s - loss: 0.5559 - accuracy: 0.7104
29/67 [===========>..................] - ETA: 0s - loss: 0.5685 - accuracy: 0.6886
43/67 [==================>...........] - ETA: 0s - loss: 0.5690 - accuracy: 0.6860
56/67 [========================>.....] - ETA: 0s - loss: 0.5711 - accuracy: 0.6830
67/67 [==============================] - 0s 4ms/step - loss: 0.5713 - accuracy: 0.6799
Epoch 7/25

 1/67 [..............................] - ETA: 0s - loss: 0.4187 - accuracy: 0.8438
15/67 [=====>........................] - ETA: 0s - loss: 0.5479 - accuracy: 0.6938
31/67 [============>.................] - ETA: 0s - loss: 0.5594 - accuracy: 0.6895
50/67 [=====================>........] - ETA: 0s - loss: 0.5613 - accuracy: 0.6881
67/67 [==============================] - 0s 3ms/step - loss: 0.5624 - accuracy: 0.6864
Epoch 8/25

 1/67 [..............................] - ETA: 0s - loss: 0.4902 - accuracy: 0.7812
15/67 [=====>........................] - ETA: 0s - loss: 0.5490 - accuracy: 0.7042
29/67 [===========>..................] - ETA: 0s - loss: 0.5496 - accuracy: 0.7047
43/67 [==================>...........] - ETA: 0s - loss: 0.5486 - accuracy: 0.7057
54/67 [=======================>......] - ETA: 0s - loss: 0.5526 - accuracy: 0.6997
59/67 [=========================>....] - ETA: 0s - loss: 0.5586 - accuracy: 0.6928
67/67 [==============================] - 0s 5ms/step - loss: 0.5608 - accuracy: 0.6897
Epoch 9/25

 1/67 [..............................] - ETA: 0s - loss: 0.5242 - accuracy: 0.6875
10/67 [===>..........................] - ETA: 0s - loss: 0.5426 - accuracy: 0.6938
19/67 [=======>......................] - ETA: 0s - loss: 0.5541 - accuracy: 0.6990
26/67 [==========>...................] - ETA: 0s - loss: 0.5563 - accuracy: 0.6899
32/67 [=============>................] - ETA: 0s - loss: 0.5566 - accuracy: 0.6904
39/67 [================>.............] - ETA: 0s - loss: 0.5575 - accuracy: 0.6939
52/67 [======================>.......] - ETA: 0s - loss: 0.5600 - accuracy: 0.6875
62/67 [==========================>...] - ETA: 0s - loss: 0.5547 - accuracy: 0.6941
67/67 [==============================] - 0s 6ms/step - loss: 0.5523 - accuracy: 0.6948
Epoch 10/25

 1/67 [..............................] - ETA: 0s - loss: 0.5129 - accuracy: 0.6875
10/67 [===>..........................] - ETA: 0s - loss: 0.5332 - accuracy: 0.7344
20/67 [=======>......................] - ETA: 0s - loss: 0.5426 - accuracy: 0.7156
23/67 [=========>....................] - ETA: 0s - loss: 0.5426 - accuracy: 0.7147
34/67 [==============>...............] - ETA: 0s - loss: 0.5440 - accuracy: 0.7050
46/67 [===================>..........] - ETA: 0s - loss: 0.5448 - accuracy: 0.7031
55/67 [=======================>......] - ETA: 0s - loss: 0.5417 - accuracy: 0.7091
67/67 [==============================] - 0s 6ms/step - loss: 0.5511 - accuracy: 0.6953
Epoch 11/25

 1/67 [..............................] - ETA: 0s - loss: 0.5510 - accuracy: 0.6562
19/67 [=======>......................] - ETA: 0s - loss: 0.5547 - accuracy: 0.6711
37/67 [===============>..............] - ETA: 0s - loss: 0.5479 - accuracy: 0.6968
49/67 [====================>.........] - ETA: 0s - loss: 0.5471 - accuracy: 0.6939
60/67 [=========================>....] - ETA: 0s - loss: 0.5465 - accuracy: 0.6917
66/67 [============================>.] - ETA: 0s - loss: 0.5461 - accuracy: 0.6921
67/67 [==============================] - 0s 4ms/step - loss: 0.5463 - accuracy: 0.6925
Epoch 12/25

 1/67 [..............................] - ETA: 0s - loss: 0.5138 - accuracy: 0.8125
10/67 [===>..........................] - ETA: 0s - loss: 0.5557 - accuracy: 0.6750
22/67 [========>.....................] - ETA: 0s - loss: 0.5399 - accuracy: 0.7031
38/67 [================>.............] - ETA: 0s - loss: 0.5459 - accuracy: 0.6957
54/67 [=======================>......] - ETA: 0s - loss: 0.5474 - accuracy: 0.6973
67/67 [==============================] - 0s 4ms/step - loss: 0.5425 - accuracy: 0.6958
Epoch 13/25

 1/67 [..............................] - ETA: 0s - loss: 0.4756 - accuracy: 0.7812
17/67 [======>.......................] - ETA: 0s - loss: 0.5216 - accuracy: 0.7077
33/67 [=============>................] - ETA: 0s - loss: 0.5273 - accuracy: 0.7093
52/67 [======================>.......] - ETA: 0s - loss: 0.5370 - accuracy: 0.6995
67/67 [==============================] - 0s 3ms/step - loss: 0.5399 - accuracy: 0.6990
Epoch 14/25

 1/67 [..............................] - ETA: 0s - loss: 0.4245 - accuracy: 0.8750
17/67 [======>.......................] - ETA: 0s - loss: 0.5232 - accuracy: 0.7059
33/67 [=============>................] - ETA: 0s - loss: 0.5366 - accuracy: 0.6894
50/67 [=====================>........] - ETA: 0s - loss: 0.5297 - accuracy: 0.7094
67/67 [==============================] - 0s 3ms/step - loss: 0.5358 - accuracy: 0.6990
Epoch 15/25

 1/67 [..............................] - ETA: 0s - loss: 0.5330 - accuracy: 0.7188
21/67 [========>.....................] - ETA: 0s - loss: 0.5312 - accuracy: 0.7024
40/67 [================>.............] - ETA: 0s - loss: 0.5396 - accuracy: 0.6938
61/67 [==========================>...] - ETA: 0s - loss: 0.5329 - accuracy: 0.7017
67/67 [==============================] - 0s 3ms/step - loss: 0.5332 - accuracy: 0.7004
Epoch 16/25

 1/67 [..............................] - ETA: 0s - loss: 0.5040 - accuracy: 0.7188
15/67 [=====>........................] - ETA: 0s - loss: 0.5108 - accuracy: 0.7271
27/67 [===========>..................] - ETA: 0s - loss: 0.5269 - accuracy: 0.7072
40/67 [================>.............] - ETA: 0s - loss: 0.5332 - accuracy: 0.7023
49/67 [====================>.........] - ETA: 0s - loss: 0.5291 - accuracy: 0.7092
58/67 [========================>.....] - ETA: 0s - loss: 0.5325 - accuracy: 0.7026
67/67 [==============================] - 0s 5ms/step - loss: 0.5283 - accuracy: 0.7074
Epoch 17/25

 1/67 [..............................] - ETA: 0s - loss: 0.5419 - accuracy: 0.6562
14/67 [=====>........................] - ETA: 0s - loss: 0.4916 - accuracy: 0.7321
28/67 [===========>..................] - ETA: 0s - loss: 0.5187 - accuracy: 0.7121
42/67 [=================>............] - ETA: 0s - loss: 0.5169 - accuracy: 0.7098
58/67 [========================>.....] - ETA: 0s - loss: 0.5231 - accuracy: 0.7053
67/67 [==============================] - 0s 4ms/step - loss: 0.5267 - accuracy: 0.7000
Epoch 18/25

 1/67 [..............................] - ETA: 0s - loss: 0.4798 - accuracy: 0.6875
15/67 [=====>........................] - ETA: 0s - loss: 0.5293 - accuracy: 0.6875
33/67 [=============>................] - ETA: 0s - loss: 0.5165 - accuracy: 0.7131
49/67 [====================>.........] - ETA: 0s - loss: 0.5229 - accuracy: 0.7092
67/67 [==============================] - 0s 3ms/step - loss: 0.5248 - accuracy: 0.7051
Epoch 19/25

 1/67 [..............................] - ETA: 0s - loss: 0.5497 - accuracy: 0.6562
18/67 [=======>......................] - ETA: 0s - loss: 0.5137 - accuracy: 0.7101
38/67 [================>.............] - ETA: 0s - loss: 0.5037 - accuracy: 0.7286
57/67 [========================>.....] - ETA: 0s - loss: 0.5144 - accuracy: 0.7188
67/67 [==============================] - 0s 3ms/step - loss: 0.5232 - accuracy: 0.7056
Epoch 20/25

 1/67 [..............................] - ETA: 0s - loss: 0.4799 - accuracy: 0.7500
19/67 [=======>......................] - ETA: 0s - loss: 0.5071 - accuracy: 0.7270
37/67 [===============>..............] - ETA: 0s - loss: 0.5061 - accuracy: 0.7230
53/67 [======================>.......] - ETA: 0s - loss: 0.5177 - accuracy: 0.7087
67/67 [==============================] - 0s 3ms/step - loss: 0.5213 - accuracy: 0.7051
Epoch 21/25

 1/67 [..............................] - ETA: 0s - loss: 0.5712 - accuracy: 0.5938
14/67 [=====>........................] - ETA: 0s - loss: 0.5228 - accuracy: 0.6964
25/67 [==========>...................] - ETA: 0s - loss: 0.5155 - accuracy: 0.7100
34/67 [==============>...............] - ETA: 0s - loss: 0.5063 - accuracy: 0.7224
43/67 [==================>...........] - ETA: 0s - loss: 0.5126 - accuracy: 0.7195
57/67 [========================>.....] - ETA: 0s - loss: 0.5129 - accuracy: 0.7177
67/67 [==============================] - 0s 4ms/step - loss: 0.5194 - accuracy: 0.7065
Epoch 22/25

 1/67 [..............................] - ETA: 0s - loss: 0.4792 - accuracy: 0.7188
17/67 [======>.......................] - ETA: 0s - loss: 0.5013 - accuracy: 0.7114
34/67 [==============>...............] - ETA: 0s - loss: 0.5091 - accuracy: 0.7031
49/67 [====================>.........] - ETA: 0s - loss: 0.5129 - accuracy: 0.7028
63/67 [===========================>..] - ETA: 0s - loss: 0.5176 - accuracy: 0.7063
67/67 [==============================] - 0s 3ms/step - loss: 0.5169 - accuracy: 0.7084
Epoch 23/25

 1/67 [..............................] - ETA: 0s - loss: 0.4706 - accuracy: 0.8125
12/67 [====>.........................] - ETA: 0s - loss: 0.5045 - accuracy: 0.7370
29/67 [===========>..................] - ETA: 0s - loss: 0.5128 - accuracy: 0.7134
43/67 [==================>...........] - ETA: 0s - loss: 0.5099 - accuracy: 0.7166
56/67 [========================>.....] - ETA: 0s - loss: 0.5080 - accuracy: 0.7176
67/67 [==============================] - 0s 4ms/step - loss: 0.5161 - accuracy: 0.7084
Epoch 24/25

 1/67 [..............................] - ETA: 0s - loss: 0.4508 - accuracy: 0.7500
10/67 [===>..........................] - ETA: 0s - loss: 0.5109 - accuracy: 0.7031
20/67 [=======>......................] - ETA: 0s - loss: 0.5213 - accuracy: 0.6953
35/67 [==============>...............] - ETA: 0s - loss: 0.5241 - accuracy: 0.6946
47/67 [====================>.........] - ETA: 0s - loss: 0.5199 - accuracy: 0.7055
55/67 [=======================>......] - ETA: 0s - loss: 0.5174 - accuracy: 0.7068
64/67 [===========================>..] - ETA: 0s - loss: 0.5160 - accuracy: 0.7090
67/67 [==============================] - 0s 5ms/step - loss: 0.5133 - accuracy: 0.7116
Epoch 25/25

 1/67 [..............................] - ETA: 0s - loss: 0.4773 - accuracy: 0.7812
20/67 [=======>......................] - ETA: 0s - loss: 0.4995 - accuracy: 0.7234
34/67 [==============>...............] - ETA: 0s - loss: 0.4999 - accuracy: 0.7243
47/67 [====================>.........] - ETA: 0s - loss: 0.5092 - accuracy: 0.7161
63/67 [===========================>..] - ETA: 0s - loss: 0.5136 - accuracy: 0.7093
67/67 [==============================] - 0s 3ms/step - loss: 0.5133 - accuracy: 0.7093
# predict: steps=1872
# predict: tnodeembed_metrics
# predict: node2vec_metrics
tnodeembed: {'auc': 0.5838333322008102, 'f1_micro': 0.582426023645715, 'f1_macro': 0.536381850126831} tNodeEmbed_final_loss=0.5024677515029907 tNodeEmbed_final_accuracy=0.7092860341072083 
node2vec: {'auc': 0.5798869135774135, 'f1_micro': 0.5786186627479795, 'f1_macro': 0.5308082114540071} node2vec_final_loss=0.5132790207862854 node2vec_final_accuracy=0.7092860341072083 
