# load graph
Processing Static file: filename='interactions_with_dates_1970_nodes_2_edges_1_component_0.edges'
# initialize tNodeEmbed for dataset=PPI, test_size=0.2
# load dataset
# fit
# tNodeEmbed
Epoch 1/25

 1/34 [..............................] - ETA: 40s - loss: 0.6931 - accuracy: 0.4844
18/34 [==============>...............] - ETA: 0s - loss: 0.6931 - accuracy: 0.4931 
34/34 [==============================] - 1s 3ms/step - loss: 0.6932 - accuracy: 0.4946
Epoch 2/25

 1/34 [..............................] - ETA: 0s - loss: 0.6931 - accuracy: 0.5000
21/34 [=================>............] - ETA: 0s - loss: 0.6932 - accuracy: 0.4948
34/34 [==============================] - 0s 3ms/step - loss: 0.6932 - accuracy: 0.4998
Epoch 3/25

 1/34 [..............................] - ETA: 0s - loss: 0.6933 - accuracy: 0.4219
20/34 [================>.............] - ETA: 0s - loss: 0.6932 - accuracy: 0.4641
34/34 [==============================] - 0s 3ms/step - loss: 0.6932 - accuracy: 0.4797
Epoch 4/25

 1/34 [..............................] - ETA: 0s - loss: 0.6932 - accuracy: 0.4531
19/34 [===============>..............] - ETA: 0s - loss: 0.6932 - accuracy: 0.4811
34/34 [==============================] - 0s 3ms/step - loss: 0.6932 - accuracy: 0.4806
Epoch 5/25

 1/34 [..............................] - ETA: 0s - loss: 0.6933 - accuracy: 0.3750
19/34 [===============>..............] - ETA: 0s - loss: 0.6932 - accuracy: 0.4655
34/34 [==============================] - 0s 3ms/step - loss: 0.6932 - accuracy: 0.4778
Epoch 6/25

 1/34 [..............................] - ETA: 0s - loss: 0.6931 - accuracy: 0.5312
19/34 [===============>..............] - ETA: 0s - loss: 0.6931 - accuracy: 0.5164
34/34 [==============================] - 0s 3ms/step - loss: 0.6932 - accuracy: 0.5002
Epoch 7/25

 1/34 [..............................] - ETA: 0s - loss: 0.6931 - accuracy: 0.5000
18/34 [==============>...............] - ETA: 0s - loss: 0.6931 - accuracy: 0.5078
34/34 [==============================] - ETA: 0s - loss: 0.6932 - accuracy: 0.4988
34/34 [==============================] - 0s 3ms/step - loss: 0.6932 - accuracy: 0.4988
Epoch 8/25

 1/34 [..............................] - ETA: 0s - loss: 0.6931 - accuracy: 0.5469
18/34 [==============>...............] - ETA: 0s - loss: 0.6932 - accuracy: 0.4991
34/34 [==============================] - 0s 3ms/step - loss: 0.6932 - accuracy: 0.4965
Epoch 9/25

 1/34 [..............................] - ETA: 0s - loss: 0.6932 - accuracy: 0.4844
19/34 [===============>..............] - ETA: 0s - loss: 0.6932 - accuracy: 0.4901
34/34 [==============================] - 0s 3ms/step - loss: 0.6932 - accuracy: 0.4853
Epoch 10/25

 1/34 [..............................] - ETA: 0s - loss: 0.6931 - accuracy: 0.5000
17/34 [==============>...............] - ETA: 0s - loss: 0.6932 - accuracy: 0.4890
33/34 [============================>.] - ETA: 0s - loss: 0.6932 - accuracy: 0.4863
34/34 [==============================] - 0s 3ms/step - loss: 0.6932 - accuracy: 0.4858
Epoch 11/25

 1/34 [..............................] - ETA: 0s - loss: 0.6931 - accuracy: 0.5625
16/34 [=============>................] - ETA: 0s - loss: 0.6932 - accuracy: 0.4912
31/34 [==========================>...] - ETA: 0s - loss: 0.6932 - accuracy: 0.4985
34/34 [==============================] - 0s 3ms/step - loss: 0.6932 - accuracy: 0.4974
Epoch 12/25

 1/34 [..............................] - ETA: 0s - loss: 0.6932 - accuracy: 0.4062
18/34 [==============>...............] - ETA: 0s - loss: 0.6932 - accuracy: 0.5035
34/34 [==============================] - 0s 3ms/step - loss: 0.6932 - accuracy: 0.5044
Epoch 13/25

 1/34 [..............................] - ETA: 0s - loss: 0.6933 - accuracy: 0.4531
19/34 [===============>..............] - ETA: 0s - loss: 0.6932 - accuracy: 0.4992
34/34 [==============================] - 0s 3ms/step - loss: 0.6932 - accuracy: 0.4946
Epoch 14/25

 1/34 [..............................] - ETA: 0s - loss: 0.6932 - accuracy: 0.3750
19/34 [===============>..............] - ETA: 0s - loss: 0.6932 - accuracy: 0.4720
34/34 [==============================] - 0s 3ms/step - loss: 0.6932 - accuracy: 0.4914
Epoch 15/25

 1/34 [..............................] - ETA: 0s - loss: 0.6932 - accuracy: 0.4062
18/34 [==============>...............] - ETA: 0s - loss: 0.6932 - accuracy: 0.4913
34/34 [==============================] - 0s 3ms/step - loss: 0.6932 - accuracy: 0.4960
Epoch 16/25

 1/34 [..............................] - ETA: 0s - loss: 0.6932 - accuracy: 0.4219
18/34 [==============>...............] - ETA: 0s - loss: 0.6932 - accuracy: 0.4887
34/34 [==============================] - 0s 3ms/step - loss: 0.6932 - accuracy: 0.4797
Epoch 17/25

 1/34 [..............................] - ETA: 0s - loss: 0.6930 - accuracy: 0.5938
18/34 [==============>...............] - ETA: 0s - loss: 0.6931 - accuracy: 0.5078
34/34 [==============================] - 0s 3ms/step - loss: 0.6932 - accuracy: 0.4979
Epoch 18/25

 1/34 [..............................] - ETA: 0s - loss: 0.6928 - accuracy: 0.6562
17/34 [==============>...............] - ETA: 0s - loss: 0.6931 - accuracy: 0.5239
34/34 [==============================] - ETA: 0s - loss: 0.6932 - accuracy: 0.5035
34/34 [==============================] - 0s 3ms/step - loss: 0.6932 - accuracy: 0.5035
Epoch 19/25

 1/34 [..............................] - ETA: 0s - loss: 0.6932 - accuracy: 0.4844
17/34 [==============>...............] - ETA: 0s - loss: 0.6932 - accuracy: 0.4917
32/34 [===========================>..] - ETA: 0s - loss: 0.6932 - accuracy: 0.4893
34/34 [==============================] - 0s 3ms/step - loss: 0.6932 - accuracy: 0.4872
Epoch 20/25

 1/34 [..............................] - ETA: 0s - loss: 0.6932 - accuracy: 0.4531
17/34 [==============>...............] - ETA: 0s - loss: 0.6931 - accuracy: 0.4972
31/34 [==========================>...] - ETA: 0s - loss: 0.6932 - accuracy: 0.4960
34/34 [==============================] - 0s 3ms/step - loss: 0.6932 - accuracy: 0.4960
Epoch 21/25

 1/34 [..............................] - ETA: 0s - loss: 0.6930 - accuracy: 0.5625
18/34 [==============>...............] - ETA: 0s - loss: 0.6932 - accuracy: 0.4983
34/34 [==============================] - 0s 3ms/step - loss: 0.6932 - accuracy: 0.4979
Epoch 22/25

 1/34 [..............................] - ETA: 0s - loss: 0.6932 - accuracy: 0.4531
16/34 [=============>................] - ETA: 0s - loss: 0.6932 - accuracy: 0.4883
33/34 [============================>.] - ETA: 0s - loss: 0.6932 - accuracy: 0.4916
34/34 [==============================] - 0s 3ms/step - loss: 0.6932 - accuracy: 0.4951
Epoch 23/25

 1/34 [..............................] - ETA: 0s - loss: 0.6931 - accuracy: 0.5156
18/34 [==============>...............] - ETA: 0s - loss: 0.6932 - accuracy: 0.4887
34/34 [==============================] - 0s 3ms/step - loss: 0.6932 - accuracy: 0.4876
Epoch 24/25

 1/34 [..............................] - ETA: 0s - loss: 0.6932 - accuracy: 0.3750
19/34 [===============>..............] - ETA: 0s - loss: 0.6932 - accuracy: 0.4737
34/34 [==============================] - 0s 3ms/step - loss: 0.6932 - accuracy: 0.4760
Epoch 25/25

 1/34 [..............................] - ETA: 0s - loss: 0.6931 - accuracy: 0.5781
19/34 [===============>..............] - ETA: 0s - loss: 0.6932 - accuracy: 0.4959
34/34 [==============================] - 0s 3ms/step - loss: 0.6932 - accuracy: 0.4928
# node2vec
Epoch 1/25

 1/34 [..............................] - ETA: 9s - loss: 0.6931 - accuracy: 0.4531
23/34 [===================>..........] - ETA: 0s - loss: 0.6932 - accuracy: 0.4803
34/34 [==============================] - 0s 2ms/step - loss: 0.6932 - accuracy: 0.4788
Epoch 2/25

 1/34 [..............................] - ETA: 0s - loss: 0.6932 - accuracy: 0.4375
25/34 [=====================>........] - ETA: 0s - loss: 0.6932 - accuracy: 0.4975
34/34 [==============================] - 0s 2ms/step - loss: 0.6932 - accuracy: 0.4956
Epoch 3/25

 1/34 [..............................] - ETA: 0s - loss: 0.6924 - accuracy: 0.7031
23/34 [===================>..........] - ETA: 0s - loss: 0.6931 - accuracy: 0.5136
34/34 [==============================] - 0s 2ms/step - loss: 0.6932 - accuracy: 0.5012
Epoch 4/25

 1/34 [..............................] - ETA: 0s - loss: 0.6933 - accuracy: 0.4375
30/34 [=========================>....] - ETA: 0s - loss: 0.6931 - accuracy: 0.5083
34/34 [==============================] - 0s 2ms/step - loss: 0.6932 - accuracy: 0.4970
Epoch 5/25

 1/34 [..............................] - ETA: 0s - loss: 0.6933 - accuracy: 0.4375
27/34 [======================>.......] - ETA: 0s - loss: 0.6932 - accuracy: 0.4942
34/34 [==============================] - 0s 2ms/step - loss: 0.6932 - accuracy: 0.4918
Epoch 6/25

 1/34 [..............................] - ETA: 0s - loss: 0.6931 - accuracy: 0.5000
26/34 [=====================>........] - ETA: 0s - loss: 0.6932 - accuracy: 0.4982
34/34 [==============================] - 0s 2ms/step - loss: 0.6932 - accuracy: 0.4942
Epoch 7/25

 1/34 [..............................] - ETA: 0s - loss: 0.6931 - accuracy: 0.5938
26/34 [=====================>........] - ETA: 0s - loss: 0.6931 - accuracy: 0.5102
34/34 [==============================] - 0s 2ms/step - loss: 0.6932 - accuracy: 0.5040
Epoch 8/25

 1/34 [..............................] - ETA: 0s - loss: 0.6932 - accuracy: 0.4531
25/34 [=====================>........] - ETA: 0s - loss: 0.6932 - accuracy: 0.4988
34/34 [==============================] - 0s 2ms/step - loss: 0.6932 - accuracy: 0.4960
Epoch 9/25

 1/34 [..............................] - ETA: 0s - loss: 0.6931 - accuracy: 0.5156
28/34 [=======================>......] - ETA: 0s - loss: 0.6932 - accuracy: 0.5033
34/34 [==============================] - 0s 2ms/step - loss: 0.6932 - accuracy: 0.5026
Epoch 10/25

 1/34 [..............................] - ETA: 0s - loss: 0.6931 - accuracy: 0.5312
26/34 [=====================>........] - ETA: 0s - loss: 0.6932 - accuracy: 0.5060
34/34 [==============================] - 0s 2ms/step - loss: 0.6932 - accuracy: 0.5002
Epoch 11/25

 1/34 [..............................] - ETA: 0s - loss: 0.6931 - accuracy: 0.5469
27/34 [======================>.......] - ETA: 0s - loss: 0.6932 - accuracy: 0.4832
34/34 [==============================] - 0s 2ms/step - loss: 0.6932 - accuracy: 0.4914
Epoch 12/25

 1/34 [..............................] - ETA: 0s - loss: 0.6931 - accuracy: 0.5469
24/34 [====================>.........] - ETA: 0s - loss: 0.6932 - accuracy: 0.4974
34/34 [==============================] - 0s 2ms/step - loss: 0.6932 - accuracy: 0.4988
Epoch 13/25

 1/34 [..............................] - ETA: 0s - loss: 0.6933 - accuracy: 0.4688
24/34 [====================>.........] - ETA: 0s - loss: 0.6932 - accuracy: 0.4915
34/34 [==============================] - 0s 2ms/step - loss: 0.6932 - accuracy: 0.5002
Epoch 14/25

 1/34 [..............................] - ETA: 0s - loss: 0.6933 - accuracy: 0.4219
24/34 [====================>.........] - ETA: 0s - loss: 0.6931 - accuracy: 0.5052
34/34 [==============================] - 0s 2ms/step - loss: 0.6932 - accuracy: 0.5002
Epoch 15/25

 1/34 [..............................] - ETA: 0s - loss: 0.6931 - accuracy: 0.5156
24/34 [====================>.........] - ETA: 0s - loss: 0.6931 - accuracy: 0.5072
34/34 [==============================] - 0s 2ms/step - loss: 0.6932 - accuracy: 0.5016
Epoch 16/25

 1/34 [..............................] - ETA: 0s - loss: 0.6930 - accuracy: 0.5625
24/34 [====================>.........] - ETA: 0s - loss: 0.6932 - accuracy: 0.4889
34/34 [==============================] - 0s 2ms/step - loss: 0.6932 - accuracy: 0.4844
Epoch 17/25

 1/34 [..............................] - ETA: 0s - loss: 0.6932 - accuracy: 0.4688
27/34 [======================>.......] - ETA: 0s - loss: 0.6932 - accuracy: 0.4965
34/34 [==============================] - 0s 2ms/step - loss: 0.6932 - accuracy: 0.4988
Epoch 18/25

 1/34 [..............................] - ETA: 0s - loss: 0.6930 - accuracy: 0.5469
28/34 [=======================>......] - ETA: 0s - loss: 0.6932 - accuracy: 0.4978
34/34 [==============================] - 0s 2ms/step - loss: 0.6931 - accuracy: 0.5021
Epoch 19/25

 1/34 [..............................] - ETA: 0s - loss: 0.6932 - accuracy: 0.4688
33/34 [============================>.] - ETA: 0s - loss: 0.6932 - accuracy: 0.4998
34/34 [==============================] - 0s 2ms/step - loss: 0.6932 - accuracy: 0.4979
Epoch 20/25

 1/34 [..............................] - ETA: 0s - loss: 0.6934 - accuracy: 0.4219
23/34 [===================>..........] - ETA: 0s - loss: 0.6932 - accuracy: 0.5000
34/34 [==============================] - 0s 2ms/step - loss: 0.6932 - accuracy: 0.5030
Epoch 21/25

 1/34 [..............................] - ETA: 0s - loss: 0.6929 - accuracy: 0.5938
29/34 [========================>.....] - ETA: 0s - loss: 0.6932 - accuracy: 0.4973
34/34 [==============================] - 0s 2ms/step - loss: 0.6932 - accuracy: 0.4988
Epoch 22/25

 1/34 [..............................] - ETA: 0s - loss: 0.6930 - accuracy: 0.5312
26/34 [=====================>........] - ETA: 0s - loss: 0.6932 - accuracy: 0.4940
34/34 [==============================] - 0s 2ms/step - loss: 0.6931 - accuracy: 0.5040
Epoch 23/25

 1/34 [..............................] - ETA: 0s - loss: 0.6930 - accuracy: 0.5469
19/34 [===============>..............] - ETA: 0s - loss: 0.6932 - accuracy: 0.4918
34/34 [==============================] - 0s 3ms/step - loss: 0.6932 - accuracy: 0.4946
Epoch 24/25

 1/34 [..............................] - ETA: 0s - loss: 0.6933 - accuracy: 0.4375
25/34 [=====================>........] - ETA: 0s - loss: 0.6932 - accuracy: 0.4775
34/34 [==============================] - 0s 2ms/step - loss: 0.6932 - accuracy: 0.4830
Epoch 25/25

 1/34 [..............................] - ETA: 0s - loss: 0.6932 - accuracy: 0.4844
27/34 [======================>.......] - ETA: 0s - loss: 0.6931 - accuracy: 0.5064
34/34 [==============================] - 0s 2ms/step - loss: 0.6932 - accuracy: 0.5007
# predict: steps=936
# predict: tnodeembed_metrics
# predict: node2vec_metrics
tnodeembed: {'auc': 0.49989980629216485, 'f1_micro': 0.49989980629216485, 'f1_macro': 0.33328879982186593} tNodeEmbed_final_loss=0.6931555271148682 tNodeEmbed_final_accuracy=0.4927671551704407 
node2vec: {'auc': 0.49989980629216485, 'f1_micro': 0.5, 'f1_macro': 0.3333333333333333} node2vec_final_loss=0.6931561827659607 node2vec_final_accuracy=0.5006999373435974 
