# load graph
Processing Static file: filename='interactions_with_dates_1982_nodes_3_edges_2_component_0.edges'
# initialize tNodeEmbed for dataset=PPI, test_size=0.2
# load dataset
# fit
# tNodeEmbed
Epoch 1/25

 1/67 [..............................] - ETA: 1:33 - loss: 0.6931 - accuracy: 0.5938
20/67 [=======>......................] - ETA: 0s - loss: 0.6928 - accuracy: 0.5234  
39/67 [================>.............] - ETA: 0s - loss: 0.6923 - accuracy: 0.5120
59/67 [=========================>....] - ETA: 0s - loss: 0.6918 - accuracy: 0.5138
67/67 [==============================] - 2s 3ms/step - loss: 0.6920 - accuracy: 0.5082
Epoch 2/25

 1/67 [..............................] - ETA: 0s - loss: 0.6861 - accuracy: 0.4062
19/67 [=======>......................] - ETA: 0s - loss: 0.6889 - accuracy: 0.4786
38/67 [================>.............] - ETA: 0s - loss: 0.6884 - accuracy: 0.5033
57/67 [========================>.....] - ETA: 0s - loss: 0.6879 - accuracy: 0.4923
67/67 [==============================] - 0s 3ms/step - loss: 0.6880 - accuracy: 0.4965
Epoch 3/25

 1/67 [..............................] - ETA: 0s - loss: 0.6926 - accuracy: 0.5625
21/67 [========>.....................] - ETA: 0s - loss: 0.6883 - accuracy: 0.4851
40/67 [================>.............] - ETA: 0s - loss: 0.6890 - accuracy: 0.5039
59/67 [=========================>....] - ETA: 0s - loss: 0.6872 - accuracy: 0.5090
67/67 [==============================] - 0s 3ms/step - loss: 0.6862 - accuracy: 0.5068
Epoch 4/25

 1/67 [..............................] - ETA: 0s - loss: 0.6881 - accuracy: 0.7188
18/67 [=======>......................] - ETA: 0s - loss: 0.6861 - accuracy: 0.5278
36/67 [===============>..............] - ETA: 0s - loss: 0.6849 - accuracy: 0.5122
55/67 [=======================>......] - ETA: 0s - loss: 0.6844 - accuracy: 0.5125
67/67 [==============================] - 0s 3ms/step - loss: 0.6845 - accuracy: 0.5156
Epoch 5/25

 1/67 [..............................] - ETA: 0s - loss: 0.6703 - accuracy: 0.5938
20/67 [=======>......................] - ETA: 0s - loss: 0.6859 - accuracy: 0.5437
40/67 [================>.............] - ETA: 0s - loss: 0.6828 - accuracy: 0.5211
61/67 [==========================>...] - ETA: 0s - loss: 0.6834 - accuracy: 0.5133
67/67 [==============================] - 0s 3ms/step - loss: 0.6837 - accuracy: 0.5128
Epoch 6/25

 1/67 [..............................] - ETA: 0s - loss: 0.6688 - accuracy: 0.6562
21/67 [========>.....................] - ETA: 0s - loss: 0.6831 - accuracy: 0.5000
44/67 [==================>...........] - ETA: 0s - loss: 0.6847 - accuracy: 0.5036
65/67 [============================>.] - ETA: 0s - loss: 0.6840 - accuracy: 0.5087
67/67 [==============================] - 0s 2ms/step - loss: 0.6836 - accuracy: 0.5100
Epoch 7/25

 1/67 [..............................] - ETA: 0s - loss: 0.6916 - accuracy: 0.5938
22/67 [========>.....................] - ETA: 0s - loss: 0.6791 - accuracy: 0.5327
43/67 [==================>...........] - ETA: 0s - loss: 0.6814 - accuracy: 0.5225
63/67 [===========================>..] - ETA: 0s - loss: 0.6834 - accuracy: 0.5084
67/67 [==============================] - 0s 3ms/step - loss: 0.6836 - accuracy: 0.5110
Epoch 8/25

 1/67 [..............................] - ETA: 0s - loss: 0.6938 - accuracy: 0.4688
19/67 [=======>......................] - ETA: 0s - loss: 0.6874 - accuracy: 0.5115
38/67 [================>.............] - ETA: 0s - loss: 0.6835 - accuracy: 0.5222
57/67 [========================>.....] - ETA: 0s - loss: 0.6825 - accuracy: 0.5137
67/67 [==============================] - 0s 3ms/step - loss: 0.6832 - accuracy: 0.5110
Epoch 9/25

 1/67 [..............................] - ETA: 0s - loss: 0.6693 - accuracy: 0.6250
20/67 [=======>......................] - ETA: 0s - loss: 0.6823 - accuracy: 0.5172
39/67 [================>.............] - ETA: 0s - loss: 0.6831 - accuracy: 0.5224
59/67 [=========================>....] - ETA: 0s - loss: 0.6831 - accuracy: 0.5138
67/67 [==============================] - 0s 3ms/step - loss: 0.6830 - accuracy: 0.5114
Epoch 10/25

 1/67 [..............................] - ETA: 0s - loss: 0.6718 - accuracy: 0.5000
20/67 [=======>......................] - ETA: 0s - loss: 0.6867 - accuracy: 0.5125
40/67 [================>.............] - ETA: 0s - loss: 0.6862 - accuracy: 0.5055
60/67 [=========================>....] - ETA: 0s - loss: 0.6832 - accuracy: 0.5146
67/67 [==============================] - 0s 3ms/step - loss: 0.6830 - accuracy: 0.5138
Epoch 11/25

 1/67 [..............................] - ETA: 0s - loss: 0.6932 - accuracy: 0.5000
20/67 [=======>......................] - ETA: 0s - loss: 0.6794 - accuracy: 0.4969
42/67 [=================>............] - ETA: 0s - loss: 0.6815 - accuracy: 0.5126
64/67 [===========================>..] - ETA: 0s - loss: 0.6828 - accuracy: 0.5142
67/67 [==============================] - 0s 2ms/step - loss: 0.6830 - accuracy: 0.5114
Epoch 12/25

 1/67 [..............................] - ETA: 0s - loss: 0.6285 - accuracy: 0.5312
21/67 [========>.....................] - ETA: 0s - loss: 0.6790 - accuracy: 0.5000
42/67 [=================>............] - ETA: 0s - loss: 0.6820 - accuracy: 0.5089
62/67 [==========================>...] - ETA: 0s - loss: 0.6820 - accuracy: 0.5151
67/67 [==============================] - 0s 3ms/step - loss: 0.6829 - accuracy: 0.5119
Epoch 13/25

 1/67 [..............................] - ETA: 0s - loss: 0.6939 - accuracy: 0.4688
21/67 [========>.....................] - ETA: 0s - loss: 0.6834 - accuracy: 0.4851
43/67 [==================>...........] - ETA: 0s - loss: 0.6844 - accuracy: 0.5015
64/67 [===========================>..] - ETA: 0s - loss: 0.6832 - accuracy: 0.5083
67/67 [==============================] - 0s 2ms/step - loss: 0.6830 - accuracy: 0.5110
Epoch 14/25

 1/67 [..............................] - ETA: 0s - loss: 0.6528 - accuracy: 0.3750
20/67 [=======>......................] - ETA: 0s - loss: 0.6834 - accuracy: 0.5156
40/67 [================>.............] - ETA: 0s - loss: 0.6829 - accuracy: 0.5102
58/67 [========================>.....] - ETA: 0s - loss: 0.6823 - accuracy: 0.5167
67/67 [==============================] - 0s 3ms/step - loss: 0.6826 - accuracy: 0.5119
Epoch 15/25

 1/67 [..............................] - ETA: 0s - loss: 0.6947 - accuracy: 0.4375
19/67 [=======>......................] - ETA: 0s - loss: 0.6814 - accuracy: 0.5378
37/67 [===============>..............] - ETA: 0s - loss: 0.6833 - accuracy: 0.5152
55/67 [=======================>......] - ETA: 0s - loss: 0.6832 - accuracy: 0.5068
67/67 [==============================] - 0s 3ms/step - loss: 0.6833 - accuracy: 0.5124
Epoch 16/25

 1/67 [..............................] - ETA: 0s - loss: 0.6927 - accuracy: 0.5312
20/67 [=======>......................] - ETA: 0s - loss: 0.6843 - accuracy: 0.5188
40/67 [================>.............] - ETA: 0s - loss: 0.6854 - accuracy: 0.5219
60/67 [=========================>....] - ETA: 0s - loss: 0.6837 - accuracy: 0.5083
67/67 [==============================] - 0s 3ms/step - loss: 0.6829 - accuracy: 0.5147
Epoch 17/25

 1/67 [..............................] - ETA: 0s - loss: 0.6926 - accuracy: 0.5312
20/67 [=======>......................] - ETA: 0s - loss: 0.6858 - accuracy: 0.5109
40/67 [================>.............] - ETA: 0s - loss: 0.6836 - accuracy: 0.5094
59/67 [=========================>....] - ETA: 0s - loss: 0.6833 - accuracy: 0.5122
67/67 [==============================] - 0s 3ms/step - loss: 0.6827 - accuracy: 0.5096
Epoch 18/25

 1/67 [..............................] - ETA: 0s - loss: 0.6903 - accuracy: 0.6562
22/67 [========>.....................] - ETA: 0s - loss: 0.6853 - accuracy: 0.5114
42/67 [=================>............] - ETA: 0s - loss: 0.6811 - accuracy: 0.5216
62/67 [==========================>...] - ETA: 0s - loss: 0.6824 - accuracy: 0.5121
67/67 [==============================] - 0s 3ms/step - loss: 0.6829 - accuracy: 0.5096
Epoch 19/25

 1/67 [..............................] - ETA: 0s - loss: 0.6944 - accuracy: 0.4375
20/67 [=======>......................] - ETA: 0s - loss: 0.6839 - accuracy: 0.5391
39/67 [================>.............] - ETA: 0s - loss: 0.6832 - accuracy: 0.5088
59/67 [=========================>....] - ETA: 0s - loss: 0.6833 - accuracy: 0.5148
67/67 [==============================] - 0s 3ms/step - loss: 0.6832 - accuracy: 0.5124
Epoch 20/25

 1/67 [..............................] - ETA: 0s - loss: 0.6905 - accuracy: 0.6562
19/67 [=======>......................] - ETA: 0s - loss: 0.6821 - accuracy: 0.5510
38/67 [================>.............] - ETA: 0s - loss: 0.6832 - accuracy: 0.5288
57/67 [========================>.....] - ETA: 0s - loss: 0.6827 - accuracy: 0.5143
67/67 [==============================] - 0s 3ms/step - loss: 0.6830 - accuracy: 0.5110
Epoch 21/25

 1/67 [..............................] - ETA: 0s - loss: 0.6499 - accuracy: 0.5312
19/67 [=======>......................] - ETA: 0s - loss: 0.6829 - accuracy: 0.5132
38/67 [================>.............] - ETA: 0s - loss: 0.6829 - accuracy: 0.5156
58/67 [========================>.....] - ETA: 0s - loss: 0.6832 - accuracy: 0.5097
67/67 [==============================] - 0s 3ms/step - loss: 0.6829 - accuracy: 0.5147
Epoch 22/25

 1/67 [..............................] - ETA: 0s - loss: 0.6942 - accuracy: 0.4375
20/67 [=======>......................] - ETA: 0s - loss: 0.6815 - accuracy: 0.4938
39/67 [================>.............] - ETA: 0s - loss: 0.6795 - accuracy: 0.4984
57/67 [========================>.....] - ETA: 0s - loss: 0.6826 - accuracy: 0.5148
67/67 [==============================] - 0s 3ms/step - loss: 0.6830 - accuracy: 0.5105
Epoch 23/25

 1/67 [..............................] - ETA: 0s - loss: 0.6921 - accuracy: 0.5625
17/67 [======>.......................] - ETA: 0s - loss: 0.6815 - accuracy: 0.5202
35/67 [==============>...............] - ETA: 0s - loss: 0.6837 - accuracy: 0.5188
53/67 [======================>.......] - ETA: 0s - loss: 0.6827 - accuracy: 0.5059
67/67 [==============================] - 0s 3ms/step - loss: 0.6826 - accuracy: 0.5105
Epoch 24/25

 1/67 [..............................] - ETA: 0s - loss: 0.6917 - accuracy: 0.5938
20/67 [=======>......................] - ETA: 0s - loss: 0.6797 - accuracy: 0.5391
38/67 [================>.............] - ETA: 0s - loss: 0.6821 - accuracy: 0.5263
54/67 [=======================>......] - ETA: 0s - loss: 0.6828 - accuracy: 0.5122
67/67 [==============================] - 0s 3ms/step - loss: 0.6831 - accuracy: 0.5161
Epoch 25/25

 1/67 [..............................] - ETA: 0s - loss: 0.6756 - accuracy: 0.2812
18/67 [=======>......................] - ETA: 0s - loss: 0.6861 - accuracy: 0.4983
36/67 [===============>..............] - ETA: 0s - loss: 0.6857 - accuracy: 0.5191
56/67 [========================>.....] - ETA: 0s - loss: 0.6835 - accuracy: 0.5112
67/67 [==============================] - 0s 3ms/step - loss: 0.6829 - accuracy: 0.5100
# node2vec
Epoch 1/25

 1/67 [..............................] - ETA: 19s - loss: 0.6957 - accuracy: 0.4375
33/67 [=============>................] - ETA: 0s - loss: 0.6913 - accuracy: 0.4877 
67/67 [==============================] - 0s 2ms/step - loss: 0.6900 - accuracy: 0.4909
Epoch 2/25

 1/67 [..............................] - ETA: 0s - loss: 0.6923 - accuracy: 0.5625
37/67 [===============>..............] - ETA: 0s - loss: 0.6880 - accuracy: 0.5177
67/67 [==============================] - 0s 1ms/step - loss: 0.6873 - accuracy: 0.5124
Epoch 3/25

 1/67 [..............................] - ETA: 0s - loss: 0.6536 - accuracy: 0.5938
35/67 [==============>...............] - ETA: 0s - loss: 0.6850 - accuracy: 0.5188
67/67 [==============================] - 0s 2ms/step - loss: 0.6855 - accuracy: 0.5100
Epoch 4/25

 1/67 [..............................] - ETA: 0s - loss: 0.6932 - accuracy: 0.5000
33/67 [=============>................] - ETA: 0s - loss: 0.6889 - accuracy: 0.5019
61/67 [==========================>...] - ETA: 0s - loss: 0.6857 - accuracy: 0.5113
67/67 [==============================] - 0s 2ms/step - loss: 0.6846 - accuracy: 0.5114
Epoch 5/25

 1/67 [..............................] - ETA: 0s - loss: 0.6915 - accuracy: 0.5938
31/67 [============>.................] - ETA: 0s - loss: 0.6833 - accuracy: 0.5091
61/67 [==========================>...] - ETA: 0s - loss: 0.6835 - accuracy: 0.5102
67/67 [==============================] - 0s 2ms/step - loss: 0.6835 - accuracy: 0.5138
Epoch 6/25

 1/67 [..............................] - ETA: 0s - loss: 0.6943 - accuracy: 0.4375
29/67 [===========>..................] - ETA: 0s - loss: 0.6845 - accuracy: 0.4989
55/67 [=======================>......] - ETA: 0s - loss: 0.6842 - accuracy: 0.5119
67/67 [==============================] - 0s 2ms/step - loss: 0.6843 - accuracy: 0.5110
Epoch 7/25

 1/67 [..............................] - ETA: 0s - loss: 0.6923 - accuracy: 0.5312
23/67 [=========>....................] - ETA: 0s - loss: 0.6837 - accuracy: 0.5285
50/67 [=====================>........] - ETA: 0s - loss: 0.6845 - accuracy: 0.5044
67/67 [==============================] - 0s 2ms/step - loss: 0.6839 - accuracy: 0.4960
Epoch 8/25

 1/67 [..............................] - ETA: 0s - loss: 0.6712 - accuracy: 0.5625
29/67 [===========>..................] - ETA: 0s - loss: 0.6773 - accuracy: 0.5032
61/67 [==========================>...] - ETA: 0s - loss: 0.6835 - accuracy: 0.5118
67/67 [==============================] - 0s 2ms/step - loss: 0.6839 - accuracy: 0.5100
Epoch 9/25

 1/67 [..............................] - ETA: 0s - loss: 0.6945 - accuracy: 0.4375
30/67 [============>.................] - ETA: 0s - loss: 0.6815 - accuracy: 0.4990
62/67 [==========================>...] - ETA: 0s - loss: 0.6832 - accuracy: 0.5141
67/67 [==============================] - 0s 2ms/step - loss: 0.6837 - accuracy: 0.5105
Epoch 10/25

 1/67 [..............................] - ETA: 0s - loss: 0.6734 - accuracy: 0.4688
34/67 [==============>...............] - ETA: 0s - loss: 0.6789 - accuracy: 0.5340
64/67 [===========================>..] - ETA: 0s - loss: 0.6839 - accuracy: 0.5132
67/67 [==============================] - 0s 2ms/step - loss: 0.6828 - accuracy: 0.5133
Epoch 11/25

 1/67 [..............................] - ETA: 0s - loss: 0.6920 - accuracy: 0.6250
34/67 [==============>...............] - ETA: 0s - loss: 0.6851 - accuracy: 0.5101
66/67 [============================>.] - ETA: 0s - loss: 0.6844 - accuracy: 0.5130
67/67 [==============================] - 0s 2ms/step - loss: 0.6842 - accuracy: 0.5133
Epoch 12/25

 1/67 [..............................] - ETA: 0s - loss: 0.6956 - accuracy: 0.4375
32/67 [=============>................] - ETA: 0s - loss: 0.6856 - accuracy: 0.5215
65/67 [============================>.] - ETA: 0s - loss: 0.6845 - accuracy: 0.5096
67/67 [==============================] - 0s 2ms/step - loss: 0.6840 - accuracy: 0.5124
Epoch 13/25

 1/67 [..............................] - ETA: 0s - loss: 0.6920 - accuracy: 0.5625
30/67 [============>.................] - ETA: 0s - loss: 0.6874 - accuracy: 0.5125
61/67 [==========================>...] - ETA: 0s - loss: 0.6837 - accuracy: 0.5077
67/67 [==============================] - 0s 2ms/step - loss: 0.6831 - accuracy: 0.5110
Epoch 14/25

 1/67 [..............................] - ETA: 0s - loss: 0.6939 - accuracy: 0.4375
29/67 [===========>..................] - ETA: 0s - loss: 0.6846 - accuracy: 0.5151
55/67 [=======================>......] - ETA: 0s - loss: 0.6835 - accuracy: 0.5102
67/67 [==============================] - 0s 2ms/step - loss: 0.6842 - accuracy: 0.5096
Epoch 15/25

 1/67 [..............................] - ETA: 0s - loss: 0.6943 - accuracy: 0.4375
29/67 [===========>..................] - ETA: 0s - loss: 0.6863 - accuracy: 0.4968
59/67 [=========================>....] - ETA: 0s - loss: 0.6830 - accuracy: 0.5095
67/67 [==============================] - 0s 2ms/step - loss: 0.6835 - accuracy: 0.5133
Epoch 16/25

 1/67 [..............................] - ETA: 0s - loss: 0.6937 - accuracy: 0.4688
27/67 [===========>..................] - ETA: 0s - loss: 0.6852 - accuracy: 0.5243
51/67 [=====================>........] - ETA: 0s - loss: 0.6823 - accuracy: 0.5165
67/67 [==============================] - 0s 2ms/step - loss: 0.6836 - accuracy: 0.5096
Epoch 17/25

 1/67 [..............................] - ETA: 0s - loss: 0.6707 - accuracy: 0.5625
30/67 [============>.................] - ETA: 0s - loss: 0.6802 - accuracy: 0.5208
60/67 [=========================>....] - ETA: 0s - loss: 0.6831 - accuracy: 0.5120
67/67 [==============================] - 0s 2ms/step - loss: 0.6830 - accuracy: 0.5138
Epoch 18/25

 1/67 [..............................] - ETA: 0s - loss: 0.6723 - accuracy: 0.4688
30/67 [============>.................] - ETA: 0s - loss: 0.6816 - accuracy: 0.5146
65/67 [============================>.] - ETA: 0s - loss: 0.6835 - accuracy: 0.5125
67/67 [==============================] - 0s 2ms/step - loss: 0.6835 - accuracy: 0.5114
Epoch 19/25

 1/67 [..............................] - ETA: 0s - loss: 0.6919 - accuracy: 0.5625
35/67 [==============>...............] - ETA: 0s - loss: 0.6813 - accuracy: 0.5045
67/67 [==============================] - 0s 2ms/step - loss: 0.6829 - accuracy: 0.5119
Epoch 20/25

 1/67 [..............................] - ETA: 0s - loss: 0.6914 - accuracy: 0.6562
36/67 [===============>..............] - ETA: 0s - loss: 0.6833 - accuracy: 0.5052
67/67 [==============================] - 0s 2ms/step - loss: 0.6840 - accuracy: 0.5114
Epoch 21/25

 1/67 [..............................] - ETA: 0s - loss: 0.6913 - accuracy: 0.5938
32/67 [=============>................] - ETA: 0s - loss: 0.6817 - accuracy: 0.5156
63/67 [===========================>..] - ETA: 0s - loss: 0.6829 - accuracy: 0.5124
67/67 [==============================] - 0s 2ms/step - loss: 0.6834 - accuracy: 0.5100
Epoch 22/25

 1/67 [..............................] - ETA: 0s - loss: 0.6909 - accuracy: 0.5938
30/67 [============>.................] - ETA: 0s - loss: 0.6839 - accuracy: 0.5229
61/67 [==========================>...] - ETA: 0s - loss: 0.6826 - accuracy: 0.5159
67/67 [==============================] - 0s 2ms/step - loss: 0.6830 - accuracy: 0.5124
Epoch 23/25

 1/67 [..............................] - ETA: 0s - loss: 0.6914 - accuracy: 0.5938
29/67 [===========>..................] - ETA: 0s - loss: 0.6826 - accuracy: 0.5280
56/67 [========================>.....] - ETA: 0s - loss: 0.6837 - accuracy: 0.5078
67/67 [==============================] - 0s 2ms/step - loss: 0.6838 - accuracy: 0.5138
Epoch 24/25

 1/67 [..............................] - ETA: 0s - loss: 0.6935 - accuracy: 0.4688
30/67 [============>.................] - ETA: 0s - loss: 0.6862 - accuracy: 0.5010
60/67 [=========================>....] - ETA: 0s - loss: 0.6835 - accuracy: 0.5125
67/67 [==============================] - 0s 2ms/step - loss: 0.6836 - accuracy: 0.5096
Epoch 25/25

 1/67 [..............................] - ETA: 0s - loss: 0.6713 - accuracy: 0.5312
27/67 [===========>..................] - ETA: 0s - loss: 0.6832 - accuracy: 0.5046
53/67 [======================>.......] - ETA: 0s - loss: 0.6841 - accuracy: 0.5041
67/67 [==============================] - 0s 2ms/step - loss: 0.6835 - accuracy: 0.5105
# predict: steps=1872
# predict: tnodeembed_metrics
# predict: node2vec_metrics
tnodeembed: {'auc': 0.4997374351751975, 'f1_micro': 0.499883107340859, 'f1_macro': 0.3389528929162982} tNodeEmbed_final_loss=0.6828662157058716 tNodeEmbed_final_accuracy=0.5100326538085938 
node2vec: {'auc': 0.4996392665121887, 'f1_micro': 0.49961592411996525, 'f1_macro': 0.3382825293963833} node2vec_final_loss=0.6834560632705688 node2vec_final_accuracy=0.5104992985725403 
