# load graph
Processing Static file: filename='interactions_with_dates_2004_nodes_3198_edges_6820_component_0.edges'
# initialize tNodeEmbed for dataset=PPI, test_size=0.2
# load dataset
# fit
# tNodeEmbed
Epoch 1/25

 1/67 [..............................] - ETA: 5:39 - loss: 0.6980 - accuracy: 0.5000
 8/67 [==>...........................] - ETA: 0s - loss: 0.6838 - accuracy: 0.5273  
16/67 [======>.......................] - ETA: 0s - loss: 0.6769 - accuracy: 0.5137
23/67 [=========>....................] - ETA: 0s - loss: 0.6756 - accuracy: 0.5299
24/67 [=========>....................] - ETA: 0s - loss: 0.6749 - accuracy: 0.5312
32/67 [=============>................] - ETA: 0s - loss: 0.6704 - accuracy: 0.5439
40/67 [================>.............] - ETA: 0s - loss: 0.6630 - accuracy: 0.5703
46/67 [===================>..........] - ETA: 0s - loss: 0.6583 - accuracy: 0.5842
56/67 [========================>.....] - ETA: 0s - loss: 0.6476 - accuracy: 0.6099
66/67 [============================>.] - ETA: 0s - loss: 0.6404 - accuracy: 0.6248
67/67 [==============================] - 6s 8ms/step - loss: 0.6388 - accuracy: 0.6281
Epoch 2/25

 1/67 [..............................] - ETA: 0s - loss: 0.4934 - accuracy: 0.7812
11/67 [===>..........................] - ETA: 0s - loss: 0.5184 - accuracy: 0.7756
21/67 [========>.....................] - ETA: 0s - loss: 0.5300 - accuracy: 0.7470
29/67 [===========>..................] - ETA: 0s - loss: 0.5363 - accuracy: 0.7435
38/67 [================>.............] - ETA: 0s - loss: 0.5381 - accuracy: 0.7426
47/67 [====================>.........] - ETA: 0s - loss: 0.5355 - accuracy: 0.7493
56/67 [========================>.....] - ETA: 0s - loss: 0.5268 - accuracy: 0.7573
66/67 [============================>.] - ETA: 0s - loss: 0.5234 - accuracy: 0.7603
67/67 [==============================] - 0s 6ms/step - loss: 0.5224 - accuracy: 0.7615
Epoch 3/25

 1/67 [..............................] - ETA: 0s - loss: 0.4985 - accuracy: 0.7500
12/67 [====>.........................] - ETA: 0s - loss: 0.4572 - accuracy: 0.7786
23/67 [=========>....................] - ETA: 0s - loss: 0.4809 - accuracy: 0.7677
33/67 [=============>................] - ETA: 0s - loss: 0.4742 - accuracy: 0.7794
42/67 [=================>............] - ETA: 0s - loss: 0.4679 - accuracy: 0.7805
52/67 [======================>.......] - ETA: 0s - loss: 0.4639 - accuracy: 0.7825
62/67 [==========================>...] - ETA: 0s - loss: 0.4604 - accuracy: 0.7878
67/67 [==============================] - 0s 5ms/step - loss: 0.4571 - accuracy: 0.7909
Epoch 4/25

 1/67 [..............................] - ETA: 0s - loss: 0.3554 - accuracy: 0.8438
10/67 [===>..........................] - ETA: 0s - loss: 0.3761 - accuracy: 0.8406
20/67 [=======>......................] - ETA: 0s - loss: 0.3820 - accuracy: 0.8406
29/67 [===========>..................] - ETA: 0s - loss: 0.3773 - accuracy: 0.8427
39/67 [================>.............] - ETA: 0s - loss: 0.3888 - accuracy: 0.8389
48/67 [====================>.........] - ETA: 0s - loss: 0.3958 - accuracy: 0.8333
57/67 [========================>.....] - ETA: 0s - loss: 0.4004 - accuracy: 0.8300
67/67 [==============================] - ETA: 0s - loss: 0.4000 - accuracy: 0.8278
67/67 [==============================] - 0s 6ms/step - loss: 0.4000 - accuracy: 0.8278
Epoch 5/25

 1/67 [..............................] - ETA: 0s - loss: 0.3914 - accuracy: 0.8125
10/67 [===>..........................] - ETA: 0s - loss: 0.3708 - accuracy: 0.8344
21/67 [========>.....................] - ETA: 0s - loss: 0.3479 - accuracy: 0.8527
30/67 [============>.................] - ETA: 0s - loss: 0.3341 - accuracy: 0.8615
39/67 [================>.............] - ETA: 0s - loss: 0.3422 - accuracy: 0.8558
48/67 [====================>.........] - ETA: 0s - loss: 0.3481 - accuracy: 0.8561
56/67 [========================>.....] - ETA: 0s - loss: 0.3557 - accuracy: 0.8516
64/67 [===========================>..] - ETA: 0s - loss: 0.3523 - accuracy: 0.8535
67/67 [==============================] - 0s 6ms/step - loss: 0.3506 - accuracy: 0.8544
Epoch 6/25

 1/67 [..............................] - ETA: 0s - loss: 0.2597 - accuracy: 0.8750
 9/67 [===>..........................] - ETA: 0s - loss: 0.3199 - accuracy: 0.8924
18/67 [=======>......................] - ETA: 0s - loss: 0.2978 - accuracy: 0.8906
27/67 [===========>..................] - ETA: 0s - loss: 0.2967 - accuracy: 0.8866
37/67 [===============>..............] - ETA: 0s - loss: 0.2935 - accuracy: 0.8860
46/67 [===================>..........] - ETA: 0s - loss: 0.2979 - accuracy: 0.8825
56/67 [========================>.....] - ETA: 0s - loss: 0.2965 - accuracy: 0.8862
66/67 [============================>.] - ETA: 0s - loss: 0.3026 - accuracy: 0.8816
67/67 [==============================] - 0s 6ms/step - loss: 0.3006 - accuracy: 0.8824
Epoch 7/25

 1/67 [..............................] - ETA: 0s - loss: 0.2653 - accuracy: 0.8750
 9/67 [===>..........................] - ETA: 0s - loss: 0.3048 - accuracy: 0.8715
18/67 [=======>......................] - ETA: 0s - loss: 0.2584 - accuracy: 0.9132
27/67 [===========>..................] - ETA: 0s - loss: 0.2550 - accuracy: 0.9109
37/67 [===============>..............] - ETA: 0s - loss: 0.2549 - accuracy: 0.9096
45/67 [===================>..........] - ETA: 0s - loss: 0.2589 - accuracy: 0.9069
54/67 [=======================>......] - ETA: 0s - loss: 0.2514 - accuracy: 0.9115
63/67 [===========================>..] - ETA: 0s - loss: 0.2554 - accuracy: 0.9062
67/67 [==============================] - 0s 6ms/step - loss: 0.2565 - accuracy: 0.9057
Epoch 8/25

 1/67 [..............................] - ETA: 0s - loss: 0.2382 - accuracy: 0.9375
 8/67 [==>...........................] - ETA: 0s - loss: 0.2129 - accuracy: 0.9453
16/67 [======>.......................] - ETA: 0s - loss: 0.1982 - accuracy: 0.9512
24/67 [=========>....................] - ETA: 0s - loss: 0.2179 - accuracy: 0.9336
32/67 [=============>................] - ETA: 0s - loss: 0.2154 - accuracy: 0.9336
41/67 [=================>............] - ETA: 0s - loss: 0.2142 - accuracy: 0.9322
53/67 [======================>.......] - ETA: 0s - loss: 0.2135 - accuracy: 0.9292
64/67 [===========================>..] - ETA: 0s - loss: 0.2129 - accuracy: 0.9297
67/67 [==============================] - 0s 6ms/step - loss: 0.2153 - accuracy: 0.9295
Epoch 9/25

 1/67 [..............................] - ETA: 0s - loss: 0.2055 - accuracy: 0.9062
 9/67 [===>..........................] - ETA: 0s - loss: 0.1511 - accuracy: 0.9444
18/67 [=======>......................] - ETA: 0s - loss: 0.1566 - accuracy: 0.9497
28/67 [===========>..................] - ETA: 0s - loss: 0.1491 - accuracy: 0.9576
38/67 [================>.............] - ETA: 0s - loss: 0.1541 - accuracy: 0.9548
48/67 [====================>.........] - ETA: 0s - loss: 0.1655 - accuracy: 0.9492
58/67 [========================>.....] - ETA: 0s - loss: 0.1695 - accuracy: 0.9456
67/67 [==============================] - 0s 6ms/step - loss: 0.1752 - accuracy: 0.9449
Epoch 10/25

 1/67 [..............................] - ETA: 0s - loss: 0.1213 - accuracy: 0.9375
10/67 [===>..........................] - ETA: 0s - loss: 0.1658 - accuracy: 0.9438
19/67 [=======>......................] - ETA: 0s - loss: 0.1484 - accuracy: 0.9539
28/67 [===========>..................] - ETA: 0s - loss: 0.1592 - accuracy: 0.9520
37/67 [===============>..............] - ETA: 0s - loss: 0.1569 - accuracy: 0.9535
46/67 [===================>..........] - ETA: 0s - loss: 0.1501 - accuracy: 0.9579
55/67 [=======================>......] - ETA: 0s - loss: 0.1566 - accuracy: 0.9540
66/67 [============================>.] - ETA: 0s - loss: 0.1576 - accuracy: 0.9531
67/67 [==============================] - 0s 6ms/step - loss: 0.1564 - accuracy: 0.9538
Epoch 11/25

 1/67 [..............................] - ETA: 0s - loss: 0.0666 - accuracy: 1.0000
10/67 [===>..........................] - ETA: 0s - loss: 0.1258 - accuracy: 0.9594
18/67 [=======>......................] - ETA: 0s - loss: 0.1226 - accuracy: 0.9583
26/67 [==========>...................] - ETA: 0s - loss: 0.1211 - accuracy: 0.9591
36/67 [===============>..............] - ETA: 0s - loss: 0.1305 - accuracy: 0.9583
45/67 [===================>..........] - ETA: 0s - loss: 0.1384 - accuracy: 0.9549
54/67 [=======================>......] - ETA: 0s - loss: 0.1427 - accuracy: 0.9537
63/67 [===========================>..] - ETA: 0s - loss: 0.1422 - accuracy: 0.9539
67/67 [==============================] - 0s 6ms/step - loss: 0.1405 - accuracy: 0.9543
Epoch 12/25

 1/67 [..............................] - ETA: 0s - loss: 0.3347 - accuracy: 0.8438
10/67 [===>..........................] - ETA: 0s - loss: 0.1329 - accuracy: 0.9469
20/67 [=======>......................] - ETA: 0s - loss: 0.1613 - accuracy: 0.9344
30/67 [============>.................] - ETA: 0s - loss: 0.1466 - accuracy: 0.9458
39/67 [================>.............] - ETA: 0s - loss: 0.1346 - accuracy: 0.9551
49/67 [====================>.........] - ETA: 0s - loss: 0.1388 - accuracy: 0.9554
60/67 [=========================>....] - ETA: 0s - loss: 0.1323 - accuracy: 0.9589
67/67 [==============================] - 0s 5ms/step - loss: 0.1281 - accuracy: 0.9599
Epoch 13/25

 1/67 [..............................] - ETA: 0s - loss: 0.1163 - accuracy: 0.9688
 9/67 [===>..........................] - ETA: 0s - loss: 0.1134 - accuracy: 0.9688
18/67 [=======>......................] - ETA: 0s - loss: 0.1226 - accuracy: 0.9635
26/67 [==========>...................] - ETA: 0s - loss: 0.1231 - accuracy: 0.9651
35/67 [==============>...............] - ETA: 0s - loss: 0.1350 - accuracy: 0.9571
43/67 [==================>...........] - ETA: 0s - loss: 0.1336 - accuracy: 0.9564
52/67 [======================>.......] - ETA: 0s - loss: 0.1349 - accuracy: 0.9567
62/67 [==========================>...] - ETA: 0s - loss: 0.1257 - accuracy: 0.9602
67/67 [==============================] - 0s 6ms/step - loss: 0.1253 - accuracy: 0.9599
Epoch 14/25

 1/67 [..............................] - ETA: 0s - loss: 0.1036 - accuracy: 0.9688
 9/67 [===>..........................] - ETA: 0s - loss: 0.1164 - accuracy: 0.9618
18/67 [=======>......................] - ETA: 0s - loss: 0.1216 - accuracy: 0.9618
28/67 [===========>..................] - ETA: 0s - loss: 0.1204 - accuracy: 0.9632
39/67 [================>.............] - ETA: 0s - loss: 0.1152 - accuracy: 0.9639
49/67 [====================>.........] - ETA: 0s - loss: 0.1180 - accuracy: 0.9630
51/67 [=====================>........] - ETA: 0s - loss: 0.1228 - accuracy: 0.9614
59/67 [=========================>....] - ETA: 0s - loss: 0.1218 - accuracy: 0.9619
64/67 [===========================>..] - ETA: 0s - loss: 0.1217 - accuracy: 0.9619
67/67 [==============================] - 0s 7ms/step - loss: 0.1201 - accuracy: 0.9631
Epoch 15/25

 1/67 [..............................] - ETA: 0s - loss: 0.1281 - accuracy: 0.9688
11/67 [===>..........................] - ETA: 0s - loss: 0.1320 - accuracy: 0.9517
21/67 [========>.....................] - ETA: 0s - loss: 0.1093 - accuracy: 0.9628
30/67 [============>.................] - ETA: 0s - loss: 0.1025 - accuracy: 0.9677
39/67 [================>.............] - ETA: 0s - loss: 0.1054 - accuracy: 0.9671
49/67 [====================>.........] - ETA: 0s - loss: 0.1035 - accuracy: 0.9675
57/67 [========================>.....] - ETA: 0s - loss: 0.1093 - accuracy: 0.9655
66/67 [============================>.] - ETA: 0s - loss: 0.1079 - accuracy: 0.9654
67/67 [==============================] - 0s 6ms/step - loss: 0.1078 - accuracy: 0.9655
Epoch 16/25

 1/67 [..............................] - ETA: 0s - loss: 0.0981 - accuracy: 0.9688
10/67 [===>..........................] - ETA: 0s - loss: 0.0680 - accuracy: 0.9844
20/67 [=======>......................] - ETA: 0s - loss: 0.0956 - accuracy: 0.9750
30/67 [============>.................] - ETA: 0s - loss: 0.0972 - accuracy: 0.9740
41/67 [=================>............] - ETA: 0s - loss: 0.0995 - accuracy: 0.9718
51/67 [=====================>........] - ETA: 0s - loss: 0.1049 - accuracy: 0.9681
61/67 [==========================>...] - ETA: 0s - loss: 0.1065 - accuracy: 0.9688
67/67 [==============================] - 0s 5ms/step - loss: 0.1051 - accuracy: 0.9692
Epoch 17/25

 1/67 [..............................] - ETA: 0s - loss: 0.0869 - accuracy: 0.9688
11/67 [===>..........................] - ETA: 0s - loss: 0.1210 - accuracy: 0.9545
20/67 [=======>......................] - ETA: 0s - loss: 0.1071 - accuracy: 0.9641
30/67 [============>.................] - ETA: 0s - loss: 0.1036 - accuracy: 0.9656
40/67 [================>.............] - ETA: 0s - loss: 0.1057 - accuracy: 0.9656
50/67 [=====================>........] - ETA: 0s - loss: 0.1119 - accuracy: 0.9638
59/67 [=========================>....] - ETA: 0s - loss: 0.1128 - accuracy: 0.9640
67/67 [==============================] - 0s 6ms/step - loss: 0.1097 - accuracy: 0.9655
Epoch 18/25

 1/67 [..............................] - ETA: 0s - loss: 0.1367 - accuracy: 0.9375
11/67 [===>..........................] - ETA: 0s - loss: 0.1015 - accuracy: 0.9688
21/67 [========>.....................] - ETA: 0s - loss: 0.0857 - accuracy: 0.9762
29/67 [===========>..................] - ETA: 0s - loss: 0.0895 - accuracy: 0.9720
38/67 [================>.............] - ETA: 0s - loss: 0.0891 - accuracy: 0.9720
48/67 [====================>.........] - ETA: 0s - loss: 0.0932 - accuracy: 0.9701
57/67 [========================>.....] - ETA: 0s - loss: 0.0983 - accuracy: 0.9677
66/67 [============================>.] - ETA: 0s - loss: 0.0986 - accuracy: 0.9678
67/67 [==============================] - 0s 6ms/step - loss: 0.0977 - accuracy: 0.9683
Epoch 19/25

 1/67 [..............................] - ETA: 0s - loss: 0.0963 - accuracy: 0.9688
10/67 [===>..........................] - ETA: 0s - loss: 0.0906 - accuracy: 0.9750
19/67 [=======>......................] - ETA: 0s - loss: 0.0927 - accuracy: 0.9720
28/67 [===========>..................] - ETA: 0s - loss: 0.0979 - accuracy: 0.9688
37/67 [===============>..............] - ETA: 0s - loss: 0.1012 - accuracy: 0.9662
46/67 [===================>..........] - ETA: 0s - loss: 0.1054 - accuracy: 0.9640
55/67 [=======================>......] - ETA: 0s - loss: 0.0991 - accuracy: 0.9665
64/67 [===========================>..] - ETA: 0s - loss: 0.0974 - accuracy: 0.9668
67/67 [==============================] - 0s 6ms/step - loss: 0.0982 - accuracy: 0.9664
Epoch 20/25

 1/67 [..............................] - ETA: 0s - loss: 0.0215 - accuracy: 1.0000
10/67 [===>..........................] - ETA: 0s - loss: 0.0751 - accuracy: 0.9750
21/67 [========>.....................] - ETA: 0s - loss: 0.0961 - accuracy: 0.9643
31/67 [============>.................] - ETA: 0s - loss: 0.0958 - accuracy: 0.9637
40/67 [================>.............] - ETA: 0s - loss: 0.0931 - accuracy: 0.9656
49/67 [====================>.........] - ETA: 0s - loss: 0.1008 - accuracy: 0.9630
57/67 [========================>.....] - ETA: 0s - loss: 0.0964 - accuracy: 0.9666
66/67 [============================>.] - ETA: 0s - loss: 0.0952 - accuracy: 0.9673
67/67 [==============================] - 0s 6ms/step - loss: 0.0946 - accuracy: 0.9678
Epoch 21/25

 1/67 [..............................] - ETA: 0s - loss: 0.1023 - accuracy: 0.9688
 9/67 [===>..........................] - ETA: 0s - loss: 0.1008 - accuracy: 0.9618
18/67 [=======>......................] - ETA: 0s - loss: 0.1017 - accuracy: 0.9635
27/67 [===========>..................] - ETA: 0s - loss: 0.1086 - accuracy: 0.9618
35/67 [==============>...............] - ETA: 0s - loss: 0.0973 - accuracy: 0.9670
44/67 [==================>...........] - ETA: 0s - loss: 0.0929 - accuracy: 0.9688
54/67 [=======================>......] - ETA: 0s - loss: 0.0888 - accuracy: 0.9705
63/67 [===========================>..] - ETA: 0s - loss: 0.0928 - accuracy: 0.9688
67/67 [==============================] - 0s 6ms/step - loss: 0.0942 - accuracy: 0.9673
Epoch 22/25

 1/67 [..............................] - ETA: 0s - loss: 0.1899 - accuracy: 0.8750
10/67 [===>..........................] - ETA: 0s - loss: 0.0806 - accuracy: 0.9688
20/67 [=======>......................] - ETA: 0s - loss: 0.0769 - accuracy: 0.9719
30/67 [============>.................] - ETA: 0s - loss: 0.0724 - accuracy: 0.9740
40/67 [================>.............] - ETA: 0s - loss: 0.0841 - accuracy: 0.9703
49/67 [====================>.........] - ETA: 0s - loss: 0.0841 - accuracy: 0.9713
58/67 [========================>.....] - ETA: 0s - loss: 0.0877 - accuracy: 0.9693
67/67 [==============================] - 0s 6ms/step - loss: 0.0948 - accuracy: 0.9659
Epoch 23/25

 1/67 [..............................] - ETA: 0s - loss: 0.0421 - accuracy: 1.0000
 9/67 [===>..........................] - ETA: 0s - loss: 0.1363 - accuracy: 0.9479
20/67 [=======>......................] - ETA: 0s - loss: 0.1111 - accuracy: 0.9594
29/67 [===========>..................] - ETA: 0s - loss: 0.0995 - accuracy: 0.9644
37/67 [===============>..............] - ETA: 0s - loss: 0.1002 - accuracy: 0.9645
46/67 [===================>..........] - ETA: 0s - loss: 0.1030 - accuracy: 0.9640
55/67 [=======================>......] - ETA: 0s - loss: 0.0985 - accuracy: 0.9670
64/67 [===========================>..] - ETA: 0s - loss: 0.0949 - accuracy: 0.9683
67/67 [==============================] - 0s 6ms/step - loss: 0.0947 - accuracy: 0.9683
Epoch 24/25

 1/67 [..............................] - ETA: 0s - loss: 0.0130 - accuracy: 1.0000
 9/67 [===>..........................] - ETA: 0s - loss: 0.0618 - accuracy: 0.9826
18/67 [=======>......................] - ETA: 0s - loss: 0.0771 - accuracy: 0.9757
28/67 [===========>..................] - ETA: 0s - loss: 0.0887 - accuracy: 0.9710
37/67 [===============>..............] - ETA: 0s - loss: 0.0937 - accuracy: 0.9688
47/67 [====================>.........] - ETA: 0s - loss: 0.0967 - accuracy: 0.9661
56/67 [========================>.....] - ETA: 0s - loss: 0.0962 - accuracy: 0.9660
65/67 [============================>.] - ETA: 0s - loss: 0.0963 - accuracy: 0.9659
67/67 [==============================] - 0s 6ms/step - loss: 0.0958 - accuracy: 0.9664
Epoch 25/25

 1/67 [..............................] - ETA: 0s - loss: 0.0057 - accuracy: 1.0000
10/67 [===>..........................] - ETA: 0s - loss: 0.0727 - accuracy: 0.9750
20/67 [=======>......................] - ETA: 0s - loss: 0.0920 - accuracy: 0.9641
30/67 [============>.................] - ETA: 0s - loss: 0.0947 - accuracy: 0.9615
39/67 [================>.............] - ETA: 0s - loss: 0.0998 - accuracy: 0.9615
49/67 [====================>.........] - ETA: 0s - loss: 0.0991 - accuracy: 0.9624
59/67 [=========================>....] - ETA: 0s - loss: 0.0929 - accuracy: 0.9656
67/67 [==============================] - 0s 6ms/step - loss: 0.0889 - accuracy: 0.9678
# node2vec
Epoch 1/25

 1/67 [..............................] - ETA: 1:21 - loss: 0.7422 - accuracy: 0.3438
 2/67 [..............................] - ETA: 5s - loss: 0.7358 - accuracy: 0.4219  
11/67 [===>..........................] - ETA: 0s - loss: 0.6861 - accuracy: 0.5540
22/67 [========>.....................] - ETA: 0s - loss: 0.6686 - accuracy: 0.6080
36/67 [===============>..............] - ETA: 0s - loss: 0.6496 - accuracy: 0.6354
53/67 [======================>.......] - ETA: 0s - loss: 0.6392 - accuracy: 0.6504
67/67 [==============================] - 2s 5ms/step - loss: 0.6281 - accuracy: 0.6598
Epoch 2/25

 1/67 [..............................] - ETA: 0s - loss: 0.5659 - accuracy: 0.7812
15/67 [=====>........................] - ETA: 0s - loss: 0.5396 - accuracy: 0.7646
23/67 [=========>....................] - ETA: 0s - loss: 0.5358 - accuracy: 0.7649
33/67 [=============>................] - ETA: 0s - loss: 0.5327 - accuracy: 0.7680
42/67 [=================>............] - ETA: 0s - loss: 0.5269 - accuracy: 0.7693
51/67 [=====================>........] - ETA: 0s - loss: 0.5258 - accuracy: 0.7659
59/67 [=========================>....] - ETA: 0s - loss: 0.5250 - accuracy: 0.7669
67/67 [==============================] - 0s 6ms/step - loss: 0.5278 - accuracy: 0.7639
Epoch 3/25

 1/67 [..............................] - ETA: 0s - loss: 0.4683 - accuracy: 0.8125
12/67 [====>.........................] - ETA: 0s - loss: 0.4660 - accuracy: 0.7786
27/67 [===========>..................] - ETA: 0s - loss: 0.4754 - accuracy: 0.7708
42/67 [=================>............] - ETA: 0s - loss: 0.4739 - accuracy: 0.7820
53/67 [======================>.......] - ETA: 0s - loss: 0.4689 - accuracy: 0.7854
66/67 [============================>.] - ETA: 0s - loss: 0.4628 - accuracy: 0.7935
67/67 [==============================] - 0s 4ms/step - loss: 0.4623 - accuracy: 0.7937
Epoch 4/25

 1/67 [..............................] - ETA: 0s - loss: 0.4956 - accuracy: 0.7500
16/67 [======>.......................] - ETA: 0s - loss: 0.4206 - accuracy: 0.8145
25/67 [==========>...................] - ETA: 0s - loss: 0.4399 - accuracy: 0.7962
27/67 [===========>..................] - ETA: 0s - loss: 0.4377 - accuracy: 0.7963
36/67 [===============>..............] - ETA: 0s - loss: 0.4302 - accuracy: 0.8064
48/67 [====================>.........] - ETA: 0s - loss: 0.4268 - accuracy: 0.8099
62/67 [==========================>...] - ETA: 0s - loss: 0.4234 - accuracy: 0.8110
67/67 [==============================] - 0s 5ms/step - loss: 0.4198 - accuracy: 0.8152
Epoch 5/25

 1/67 [..............................] - ETA: 0s - loss: 0.3191 - accuracy: 0.9062
12/67 [====>.........................] - ETA: 0s - loss: 0.3729 - accuracy: 0.8620
26/67 [==========>...................] - ETA: 0s - loss: 0.3811 - accuracy: 0.8450
38/67 [================>.............] - ETA: 0s - loss: 0.3795 - accuracy: 0.8462
50/67 [=====================>........] - ETA: 0s - loss: 0.3882 - accuracy: 0.8375
58/67 [========================>.....] - ETA: 0s - loss: 0.3925 - accuracy: 0.8351
67/67 [==============================] - ETA: 0s - loss: 0.3867 - accuracy: 0.8367
67/67 [==============================] - 0s 5ms/step - loss: 0.3867 - accuracy: 0.8367
Epoch 6/25

 1/67 [..............................] - ETA: 0s - loss: 0.3040 - accuracy: 0.9062
10/67 [===>..........................] - ETA: 0s - loss: 0.3310 - accuracy: 0.8781
23/67 [=========>....................] - ETA: 0s - loss: 0.3395 - accuracy: 0.8791
43/67 [==================>...........] - ETA: 0s - loss: 0.3591 - accuracy: 0.8561
55/67 [=======================>......] - ETA: 0s - loss: 0.3616 - accuracy: 0.8562
67/67 [==============================] - 0s 4ms/step - loss: 0.3585 - accuracy: 0.8600
Epoch 7/25

 1/67 [..............................] - ETA: 0s - loss: 0.2701 - accuracy: 0.9062
13/67 [====>.........................] - ETA: 0s - loss: 0.3275 - accuracy: 0.8870
19/67 [=======>......................] - ETA: 0s - loss: 0.3179 - accuracy: 0.8980
27/67 [===========>..................] - ETA: 0s - loss: 0.3171 - accuracy: 0.8912
38/67 [================>.............] - ETA: 0s - loss: 0.3216 - accuracy: 0.8857
45/67 [===================>..........] - ETA: 0s - loss: 0.3255 - accuracy: 0.8826
52/67 [======================>.......] - ETA: 0s - loss: 0.3276 - accuracy: 0.8786
60/67 [=========================>....] - ETA: 0s - loss: 0.3316 - accuracy: 0.8786
67/67 [==============================] - 0s 7ms/step - loss: 0.3256 - accuracy: 0.8833
Epoch 8/25

 1/67 [..............................] - ETA: 0s - loss: 0.2411 - accuracy: 0.9375
12/67 [====>.........................] - ETA: 0s - loss: 0.2829 - accuracy: 0.9062
32/67 [=============>................] - ETA: 0s - loss: 0.2795 - accuracy: 0.9141
49/67 [====================>.........] - ETA: 0s - loss: 0.2825 - accuracy: 0.9126
66/67 [============================>.] - ETA: 0s - loss: 0.3037 - accuracy: 0.8977
67/67 [==============================] - 0s 3ms/step - loss: 0.3034 - accuracy: 0.8983
Epoch 9/25

 1/67 [..............................] - ETA: 0s - loss: 0.3661 - accuracy: 0.8750
16/67 [======>.......................] - ETA: 0s - loss: 0.2834 - accuracy: 0.9121
25/67 [==========>...................] - ETA: 0s - loss: 0.2883 - accuracy: 0.9075
36/67 [===============>..............] - ETA: 0s - loss: 0.2786 - accuracy: 0.9054
51/67 [=====================>........] - ETA: 0s - loss: 0.2825 - accuracy: 0.9044
67/67 [==============================] - 0s 4ms/step - loss: 0.2764 - accuracy: 0.9081
Epoch 10/25

 1/67 [..............................] - ETA: 0s - loss: 0.3681 - accuracy: 0.8750
 9/67 [===>..........................] - ETA: 0s - loss: 0.2581 - accuracy: 0.9271
18/67 [=======>......................] - ETA: 0s - loss: 0.2296 - accuracy: 0.9410
28/67 [===========>..................] - ETA: 0s - loss: 0.2455 - accuracy: 0.9297
40/67 [================>.............] - ETA: 0s - loss: 0.2509 - accuracy: 0.9266
53/67 [======================>.......] - ETA: 0s - loss: 0.2555 - accuracy: 0.9222
67/67 [==============================] - ETA: 0s - loss: 0.2543 - accuracy: 0.9221
67/67 [==============================] - 0s 5ms/step - loss: 0.2543 - accuracy: 0.9221
Epoch 11/25

 1/67 [..............................] - ETA: 0s - loss: 0.2467 - accuracy: 0.9062
11/67 [===>..........................] - ETA: 0s - loss: 0.2364 - accuracy: 0.9403
18/67 [=======>......................] - ETA: 0s - loss: 0.2288 - accuracy: 0.9410
27/67 [===========>..................] - ETA: 0s - loss: 0.2259 - accuracy: 0.9363
41/67 [=================>............] - ETA: 0s - loss: 0.2326 - accuracy: 0.9322
53/67 [======================>.......] - ETA: 0s - loss: 0.2350 - accuracy: 0.9292
64/67 [===========================>..] - ETA: 0s - loss: 0.2373 - accuracy: 0.9292
67/67 [==============================] - 0s 5ms/step - loss: 0.2356 - accuracy: 0.9300
Epoch 12/25

 1/67 [..............................] - ETA: 0s - loss: 0.2723 - accuracy: 0.9688
10/67 [===>..........................] - ETA: 0s - loss: 0.2230 - accuracy: 0.9344
20/67 [=======>......................] - ETA: 0s - loss: 0.2204 - accuracy: 0.9438
31/67 [============>.................] - ETA: 0s - loss: 0.2297 - accuracy: 0.9335
42/67 [=================>............] - ETA: 0s - loss: 0.2234 - accuracy: 0.9345
58/67 [========================>.....] - ETA: 0s - loss: 0.2207 - accuracy: 0.9353
67/67 [==============================] - 0s 4ms/step - loss: 0.2195 - accuracy: 0.9365
Epoch 13/25

 1/67 [..............................] - ETA: 0s - loss: 0.2267 - accuracy: 0.9375
15/67 [=====>........................] - ETA: 0s - loss: 0.2147 - accuracy: 0.9438
28/67 [===========>..................] - ETA: 0s - loss: 0.2130 - accuracy: 0.9475
35/67 [==============>...............] - ETA: 0s - loss: 0.2029 - accuracy: 0.9491
41/67 [=================>............] - ETA: 0s - loss: 0.2136 - accuracy: 0.9398
47/67 [====================>.........] - ETA: 0s - loss: 0.2092 - accuracy: 0.9415
58/67 [========================>.....] - ETA: 0s - loss: 0.2034 - accuracy: 0.9440
66/67 [============================>.] - ETA: 0s - loss: 0.2000 - accuracy: 0.9446
67/67 [==============================] - 0s 6ms/step - loss: 0.1997 - accuracy: 0.9449
Epoch 14/25

 1/67 [..............................] - ETA: 0s - loss: 0.1634 - accuracy: 0.9688
 8/67 [==>...........................] - ETA: 0s - loss: 0.1541 - accuracy: 0.9688
19/67 [=======>......................] - ETA: 0s - loss: 0.1823 - accuracy: 0.9589
26/67 [==========>...................] - ETA: 0s - loss: 0.2084 - accuracy: 0.9435
33/67 [=============>................] - ETA: 0s - loss: 0.2015 - accuracy: 0.9470
43/67 [==================>...........] - ETA: 0s - loss: 0.1930 - accuracy: 0.9506
55/67 [=======================>......] - ETA: 0s - loss: 0.1900 - accuracy: 0.9517
67/67 [==============================] - 0s 6ms/step - loss: 0.1872 - accuracy: 0.9519
Epoch 15/25

 1/67 [..............................] - ETA: 0s - loss: 0.1279 - accuracy: 0.9688
16/67 [======>.......................] - ETA: 0s - loss: 0.1564 - accuracy: 0.9707
34/67 [==============>...............] - ETA: 0s - loss: 0.1622 - accuracy: 0.9642
52/67 [======================>.......] - ETA: 0s - loss: 0.1701 - accuracy: 0.9585
67/67 [==============================] - 0s 3ms/step - loss: 0.1741 - accuracy: 0.9571
Epoch 16/25

 1/67 [..............................] - ETA: 0s - loss: 0.0998 - accuracy: 1.0000
13/67 [====>.........................] - ETA: 0s - loss: 0.1654 - accuracy: 0.9663
25/67 [==========>...................] - ETA: 0s - loss: 0.1579 - accuracy: 0.9688
36/67 [===============>..............] - ETA: 0s - loss: 0.1562 - accuracy: 0.9653
49/67 [====================>.........] - ETA: 0s - loss: 0.1569 - accuracy: 0.9643
55/67 [=======================>......] - ETA: 0s - loss: 0.1581 - accuracy: 0.9619
59/67 [=========================>....] - ETA: 0s - loss: 0.1634 - accuracy: 0.9592
63/67 [===========================>..] - ETA: 0s - loss: 0.1637 - accuracy: 0.9583
67/67 [==============================] - 0s 6ms/step - loss: 0.1652 - accuracy: 0.9571
Epoch 17/25

 1/67 [..............................] - ETA: 0s - loss: 0.1435 - accuracy: 0.9375
14/67 [=====>........................] - ETA: 0s - loss: 0.1485 - accuracy: 0.9665
28/67 [===========>..................] - ETA: 0s - loss: 0.1606 - accuracy: 0.9609
44/67 [==================>...........] - ETA: 0s - loss: 0.1574 - accuracy: 0.9595
58/67 [========================>.....] - ETA: 0s - loss: 0.1553 - accuracy: 0.9617
67/67 [==============================] - 0s 4ms/step - loss: 0.1540 - accuracy: 0.9617
Epoch 18/25

 1/67 [..............................] - ETA: 0s - loss: 0.1526 - accuracy: 0.9688
11/67 [===>..........................] - ETA: 0s - loss: 0.1539 - accuracy: 0.9659
23/67 [=========>....................] - ETA: 0s - loss: 0.1498 - accuracy: 0.9620
36/67 [===============>..............] - ETA: 0s - loss: 0.1463 - accuracy: 0.9635
49/67 [====================>.........] - ETA: 0s - loss: 0.1499 - accuracy: 0.9630
59/67 [=========================>....] - ETA: 0s - loss: 0.1459 - accuracy: 0.9650
67/67 [==============================] - 0s 4ms/step - loss: 0.1474 - accuracy: 0.9636
Epoch 19/25

 1/67 [..............................] - ETA: 0s - loss: 0.0546 - accuracy: 1.0000
17/67 [======>.......................] - ETA: 0s - loss: 0.1236 - accuracy: 0.9706
32/67 [=============>................] - ETA: 0s - loss: 0.1246 - accuracy: 0.9707
43/67 [==================>...........] - ETA: 0s - loss: 0.1259 - accuracy: 0.9731
54/67 [=======================>......] - ETA: 0s - loss: 0.1342 - accuracy: 0.9670
64/67 [===========================>..] - ETA: 0s - loss: 0.1373 - accuracy: 0.9668
67/67 [==============================] - 0s 4ms/step - loss: 0.1373 - accuracy: 0.9659
Epoch 20/25

 1/67 [..............................] - ETA: 0s - loss: 0.3228 - accuracy: 0.9375
 6/67 [=>............................] - ETA: 0s - loss: 0.1520 - accuracy: 0.9583
11/67 [===>..........................] - ETA: 0s - loss: 0.1480 - accuracy: 0.9574
16/67 [======>.......................] - ETA: 0s - loss: 0.1377 - accuracy: 0.9648
22/67 [========>.....................] - ETA: 0s - loss: 0.1359 - accuracy: 0.9645
30/67 [============>.................] - ETA: 0s - loss: 0.1422 - accuracy: 0.9615
41/67 [=================>............] - ETA: 0s - loss: 0.1332 - accuracy: 0.9649
54/67 [=======================>......] - ETA: 0s - loss: 0.1337 - accuracy: 0.9641
67/67 [==============================] - 0s 6ms/step - loss: 0.1353 - accuracy: 0.9641
Epoch 21/25

 1/67 [..............................] - ETA: 0s - loss: 0.0673 - accuracy: 1.0000
16/67 [======>.......................] - ETA: 0s - loss: 0.1307 - accuracy: 0.9648
31/67 [============>.................] - ETA: 0s - loss: 0.1128 - accuracy: 0.9738
37/67 [===============>..............] - ETA: 0s - loss: 0.1179 - accuracy: 0.9704
39/67 [================>.............] - ETA: 0s - loss: 0.1216 - accuracy: 0.9688
47/67 [====================>.........] - ETA: 0s - loss: 0.1179 - accuracy: 0.9707
59/67 [=========================>....] - ETA: 0s - loss: 0.1252 - accuracy: 0.9688
67/67 [==============================] - 0s 5ms/step - loss: 0.1256 - accuracy: 0.9683
Epoch 22/25

 1/67 [..............................] - ETA: 0s - loss: 0.2010 - accuracy: 0.9062
19/67 [=======>......................] - ETA: 0s - loss: 0.1238 - accuracy: 0.9622
36/67 [===============>..............] - ETA: 0s - loss: 0.1239 - accuracy: 0.9653
52/67 [======================>.......] - ETA: 0s - loss: 0.1217 - accuracy: 0.9669
64/67 [===========================>..] - ETA: 0s - loss: 0.1216 - accuracy: 0.9678
67/67 [==============================] - 0s 3ms/step - loss: 0.1233 - accuracy: 0.9664
Epoch 23/25

 1/67 [..............................] - ETA: 0s - loss: 0.0783 - accuracy: 1.0000
 9/67 [===>..........................] - ETA: 0s - loss: 0.1281 - accuracy: 0.9653
23/67 [=========>....................] - ETA: 0s - loss: 0.1274 - accuracy: 0.9620
31/67 [============>.................] - ETA: 0s - loss: 0.1143 - accuracy: 0.9698
36/67 [===============>..............] - ETA: 0s - loss: 0.1117 - accuracy: 0.9714
46/67 [===================>..........] - ETA: 0s - loss: 0.1129 - accuracy: 0.9701
59/67 [=========================>....] - ETA: 0s - loss: 0.1181 - accuracy: 0.9682
67/67 [==============================] - 0s 5ms/step - loss: 0.1215 - accuracy: 0.9664
Epoch 24/25

 1/67 [..............................] - ETA: 0s - loss: 0.1669 - accuracy: 0.9375
14/67 [=====>........................] - ETA: 0s - loss: 0.1376 - accuracy: 0.9643
29/67 [===========>..................] - ETA: 0s - loss: 0.1148 - accuracy: 0.9698
41/67 [=================>............] - ETA: 0s - loss: 0.1124 - accuracy: 0.9695
54/67 [=======================>......] - ETA: 0s - loss: 0.1174 - accuracy: 0.9659
65/67 [============================>.] - ETA: 0s - loss: 0.1139 - accuracy: 0.9683
67/67 [==============================] - 0s 4ms/step - loss: 0.1122 - accuracy: 0.9692
Epoch 25/25

 1/67 [..............................] - ETA: 0s - loss: 0.1157 - accuracy: 0.9688
16/67 [======>.......................] - ETA: 0s - loss: 0.1094 - accuracy: 0.9785
30/67 [============>.................] - ETA: 0s - loss: 0.1093 - accuracy: 0.9760
41/67 [=================>............] - ETA: 0s - loss: 0.1098 - accuracy: 0.9741
49/67 [====================>.........] - ETA: 0s - loss: 0.1117 - accuracy: 0.9719
56/67 [========================>.....] - ETA: 0s - loss: 0.1151 - accuracy: 0.9699
63/67 [===========================>..] - ETA: 0s - loss: 0.1138 - accuracy: 0.9697
67/67 [==============================] - 0s 6ms/step - loss: 0.1143 - accuracy: 0.9687
# predict: steps=1872
# predict: tnodeembed_metrics
# predict: node2vec_metrics
tnodeembed: {'auc': 0.6881788247517442, 'f1_micro': 0.6671732015229443, 'f1_macro': 0.6645863862045307} tNodeEmbed_final_loss=0.08894722908735275 tNodeEmbed_final_accuracy=0.9678021669387817 
node2vec: {'auc': 0.7048276345868885, 'f1_micro': 0.6663215550063456, 'f1_macro': 0.664835115611931} node2vec_final_loss=0.1142909824848175 node2vec_final_accuracy=0.96873539686203 
