2024-04-06T22:49:47 Logging to log/PPI.H3-2.E3-2.S3-2.lr5.0.log
2024-04-06T22:49:47 Commandline ['C:\\work_oli\\Mixed-Curvature-Pathways-master\\pytorch\\pytorch_hyperbolic.py', '--dataset', 'data/PPI/cleaned-remapped/interactions_with_dates_1992_nodes_33_edges_36_component_0.edges', '--log', '--riemann', '--batch-size', '64', '-l', '5.0', '--epochs', '100', '--checkpoint-freq', '10', '--subsample', '16', '--hyp', '2', '--dim', '3', '--euc', '2', '--edim', '3', '--sph', '2', '--sdim', '3']
2024-04-06 22:49:47,331 Commandline ['C:\\work_oli\\Mixed-Curvature-Pathways-master\\pytorch\\pytorch_hyperbolic.py', '--dataset', 'data/PPI/cleaned-remapped/interactions_with_dates_1992_nodes_33_edges_36_component_0.edges', '--log', '--riemann', '--batch-size', '64', '-l', '5.0', '--epochs', '100', '--checkpoint-freq', '10', '--subsample', '16', '--hyp', '2', '--dim', '3', '--euc', '2', '--edim', '3', '--sph', '2', '--sdim', '3']
2024-04-06T22:49:47 No Model Save selected!
2024-04-06 22:49:47,333 No Model Save selected!
2024-04-06T22:49:47 Loaded Graph data/PPI/cleaned-remapped/interactions_with_dates_1992_nodes_33_edges_36_component_0.edges with 33 nodes scale=1.0
2024-04-06 22:49:47,334 Loaded Graph data/PPI/cleaned-remapped/interactions_with_dates_1992_nodes_33_edges_36_component_0.edges with 33 nodes scale=1.0
2024-04-06T22:49:47 Building dataset
2024-04-06 22:49:47,334 Building dataset
2024-04-06T22:49:47 Built distance matrix with 1.0 factor
2024-04-06 22:49:47,734 Built distance matrix with 1.0 factor
2024-04-06T22:49:47 Subsample: 33 points with scale 1.0 subsample=16
2024-04-06 22:49:47,735 Subsample: 33 points with scale 1.0 subsample=16
2024-04-06T22:49:47 Built data loader
2024-04-06 22:49:47,748 Built data loader
2024-04-06T22:49:47 Creating a fresh model warm_start?=False
2024-04-06 22:49:47,749 Creating a fresh model warm_start?=False
2024-04-06T22:49:47 	 Warmstarting? False None 33
2024-04-06 22:49:47,749 	 Warmstarting? False None 33
2024-04-06T22:49:47 Embedding() torch.Size([33, 4])
2024-04-06 22:49:47,753 Embedding() torch.Size([33, 4])
2024-04-06T22:49:47 Embedding() torch.Size([33, 4])
2024-04-06 22:49:47,754 Embedding() torch.Size([33, 4])
2024-04-06T22:49:47 Embedding() torch.Size([33, 3])
2024-04-06 22:49:47,754 Embedding() torch.Size([33, 3])
2024-04-06T22:49:47 Embedding() torch.Size([33, 3])
2024-04-06 22:49:47,754 Embedding() torch.Size([33, 3])
2024-04-06T22:49:47 Embedding() torch.Size([33, 4])
2024-04-06 22:49:47,754 Embedding() torch.Size([33, 4])
2024-04-06T22:49:47 Embedding() torch.Size([33, 4])
2024-04-06 22:49:47,754 Embedding() torch.Size([33, 4])
2024-04-06T22:49:47 relative No Rescale
2024-04-06 22:49:47,754 relative No Rescale
2024-04-06T22:49:47 Constructed model with dim=3 and epochs=0 isnan=False
2024-04-06 22:49:47,755 Constructed model with dim=3 and epochs=0 isnan=False
2024-04-06T22:49:48 SGD (
Parameter Group 0
    dampening: 0
    differentiable: False
    foreach: None
    initial_lr: 0.5
    lr: 5.0
    maximize: False
    momentum: 0.0
    nesterov: False
    weight_decay: 0

Parameter Group 1
    dampening: 0
    differentiable: False
    foreach: None
    initial_lr: 0.5
    lr: 5.0
    maximize: False
    momentum: 0.0
    nesterov: False
    weight_decay: 0

Parameter Group 2
    dampening: 0
    differentiable: False
    foreach: None
    initial_lr: 0.5
    lr: 5.0
    maximize: False
    momentum: 0.0
    nesterov: False
    weight_decay: 0

Parameter Group 3
    dampening: 0
    differentiable: False
    foreach: None
    initial_lr: 0.0005
    lr: 0.005
    maximize: False
    momentum: 0.0
    nesterov: False
    weight_decay: 0
)
2024-04-06 22:49:48,336 SGD (
Parameter Group 0
    dampening: 0
    differentiable: False
    foreach: None
    initial_lr: 0.5
    lr: 5.0
    maximize: False
    momentum: 0.0
    nesterov: False
    weight_decay: 0

Parameter Group 1
    dampening: 0
    differentiable: False
    foreach: None
    initial_lr: 0.5
    lr: 5.0
    maximize: False
    momentum: 0.0
    nesterov: False
    weight_decay: 0

Parameter Group 2
    dampening: 0
    differentiable: False
    foreach: None
    initial_lr: 0.5
    lr: 5.0
    maximize: False
    momentum: 0.0
    nesterov: False
    weight_decay: 0

Parameter Group 3
    dampening: 0
    differentiable: False
    foreach: None
    initial_lr: 0.0005
    lr: 0.005
    maximize: False
    momentum: 0.0
    nesterov: False
    weight_decay: 0
)
2024-04-06T22:49:48 *** Initial Checkpoint. Computing Stats
2024-04-06 22:49:48,336 *** Initial Checkpoint. Computing Stats
2024-04-06T22:49:48 Compare matrices built
2024-04-06 22:49:48,358 Compare matrices built
2024-04-06T22:49:49 Distortion avg=0.9981971181754965 wc=25.5070795994506 me=0.008596266887502929 mc=2967.2275108782687 nan_elements=0.0
2024-04-06 22:49:49,283 Distortion avg=0.9981971181754965 wc=25.5070795994506 me=0.008596266887502929 mc=2967.2275108782687 nan_elements=0.0
2024-04-06T22:49:49 MAP = 0.19063806572922495
2024-04-06 22:49:49,283 MAP = 0.19063806572922495
2024-04-06T22:49:49 scale=[array([1.]), array([1.]), array([1.]), array([1.]), array([1.]), array([1.])]
2024-04-06 22:49:49,283 scale=[array([1.]), array([1.]), array([1.]), array([1.]), array([1.]), array([1.])]
2024-04-06T22:49:49 *** End Initial Checkpoint

2024-04-06 22:49:49,283 *** End Initial Checkpoint

2024-04-06T22:49:49 1 loss=0.7096085659322511
2024-04-06 22:49:49,317 1 loss=0.7096085659322511
2024-04-06T22:49:49 2 loss=0.4584394621176928
2024-04-06 22:49:49,347 2 loss=0.4584394621176928
2024-04-06T22:49:49 3 loss=0.39275494208298184
2024-04-06 22:49:49,377 3 loss=0.39275494208298184
2024-04-06T22:49:49 4 loss=0.3528431296462964
2024-04-06 22:49:49,407 4 loss=0.3528431296462964
2024-04-06T22:49:49 5 loss=0.31540956340870924
2024-04-06 22:49:49,436 5 loss=0.31540956340870924
2024-04-06T22:49:49 6 loss=0.28668328240669055
2024-04-06 22:49:49,467 6 loss=0.28668328240669055
2024-04-06T22:49:49 7 loss=0.26071714240670774
2024-04-06 22:49:49,496 7 loss=0.26071714240670774
2024-04-06T22:49:49 8 loss=0.238934576081933
2024-04-06 22:49:49,525 8 loss=0.238934576081933
2024-04-06T22:49:49 9 loss=0.21859476641625836
2024-04-06 22:49:49,555 9 loss=0.21859476641625836
2024-04-06T22:49:49 10 loss=0.20230330074835304
2024-04-06 22:49:49,586 10 loss=0.20230330074835304
2024-04-06T22:49:49 
*** Major Checkpoint. Computing Stats and Saving
2024-04-06 22:49:49,586 
*** Major Checkpoint. Computing Stats and Saving
2024-04-06T22:49:49 	 Computing Major Stats lazily... 
2024-04-06 22:49:49,586 	 Computing Major Stats lazily... 
2024-04-06T22:49:49 		 Completed edges=528 good=528 bad=0
2024-04-06 22:49:49,595 		 Completed edges=528 good=528 bad=0
2024-04-06T22:49:49 Distortion avg=0.3681549984894508 wc=9.810998988145759 me=1.5529427600909613 mc=6.317682299875041 nan_elements=0
2024-04-06 22:49:49,620 Distortion avg=0.3681549984894508 wc=9.810998988145759 me=1.5529427600909613 mc=6.317682299875041 nan_elements=0
2024-04-06T22:49:49 MAP = 0.9654701779701779
2024-04-06 22:49:49,620 MAP = 0.9654701779701779
2024-04-06T22:49:49 scale=[array([1.]), array([1.]), array([1.]), array([1.]), array([1.]), array([1.])]
2024-04-06 22:49:49,621 scale=[array([1.]), array([1.]), array([1.]), array([1.]), array([1.]), array([1.])]
2024-04-06T22:49:49 *** End Major Checkpoint

2024-04-06 22:49:49,621 *** End Major Checkpoint

2024-04-06T22:49:49 11 loss=0.18791323727450968
2024-04-06 22:49:49,651 11 loss=0.18791323727450968
2024-04-06T22:49:49 12 loss=0.17469522830599946
2024-04-06 22:49:49,684 12 loss=0.17469522830599946
2024-04-06T22:49:49 13 loss=0.16277657787573252
2024-04-06 22:49:49,713 13 loss=0.16277657787573252
2024-04-06T22:49:49 14 loss=0.1512124626264735
2024-04-06 22:49:49,741 14 loss=0.1512124626264735
2024-04-06T22:49:49 15 loss=0.14218588991321107
2024-04-06 22:49:49,771 15 loss=0.14218588991321107
2024-04-06T22:49:49 16 loss=0.13217036185875794
2024-04-06 22:49:49,800 16 loss=0.13217036185875794
2024-04-06T22:49:49 17 loss=0.12376177214483092
2024-04-06 22:49:49,830 17 loss=0.12376177214483092
2024-04-06T22:49:49 18 loss=0.11569027353283465
2024-04-06 22:49:49,861 18 loss=0.11569027353283465
2024-04-06T22:49:49 19 loss=0.10839074605508929
2024-04-06 22:49:49,890 19 loss=0.10839074605508929
2024-04-06T22:49:49 20 loss=0.10136932979777953
2024-04-06 22:49:49,920 20 loss=0.10136932979777953
2024-04-06T22:49:49 
*** Major Checkpoint. Computing Stats and Saving
2024-04-06 22:49:49,920 
*** Major Checkpoint. Computing Stats and Saving
2024-04-06T22:49:49 	 Computing Major Stats lazily... 
2024-04-06 22:49:49,921 	 Computing Major Stats lazily... 
2024-04-06T22:49:49 		 Completed edges=528 good=528 bad=0
2024-04-06 22:49:49,929 		 Completed edges=528 good=528 bad=0
2024-04-06T22:49:49 Distortion avg=0.2512018041412363 wc=6.017680817064147 me=1.4924580472659592 mc=4.032060283428378 nan_elements=0
2024-04-06 22:49:49,953 Distortion avg=0.2512018041412363 wc=6.017680817064147 me=1.4924580472659592 mc=4.032060283428378 nan_elements=0
2024-04-06T22:49:49 MAP = 0.9852212602212602
2024-04-06 22:49:49,954 MAP = 0.9852212602212602
2024-04-06T22:49:49 scale=[array([1.]), array([1.]), array([1.]), array([1.]), array([1.]), array([1.])]
2024-04-06 22:49:49,954 scale=[array([1.]), array([1.]), array([1.]), array([1.]), array([1.]), array([1.])]
2024-04-06T22:49:49 *** End Major Checkpoint

2024-04-06 22:49:49,954 *** End Major Checkpoint

2024-04-06T22:49:49 21 loss=0.09544062422817637
2024-04-06 22:49:49,985 21 loss=0.09544062422817637
2024-04-06T22:49:50 22 loss=0.0888489066564003
2024-04-06 22:49:50,015 22 loss=0.0888489066564003
2024-04-06T22:49:50 23 loss=0.08455418300601011
2024-04-06 22:49:50,045 23 loss=0.08455418300601011
2024-04-06T22:49:50 24 loss=0.0784488859001205
2024-04-06 22:49:50,077 24 loss=0.0784488859001205
2024-04-06T22:49:50 25 loss=0.07473780365554945
2024-04-06 22:49:50,107 25 loss=0.07473780365554945
2024-04-06T22:49:50 26 loss=0.07006333017484792
2024-04-06 22:49:50,138 26 loss=0.07006333017484792
2024-04-06T22:49:50 27 loss=0.06625012988785199
2024-04-06 22:49:50,167 27 loss=0.06625012988785199
2024-04-06T22:49:50 28 loss=0.06267902764232494
2024-04-06 22:49:50,197 28 loss=0.06267902764232494
2024-04-06T22:49:50 29 loss=0.05921125658493871
2024-04-06 22:49:50,227 29 loss=0.05921125658493871
2024-04-06T22:49:50 30 loss=0.05626869604877023
2024-04-06 22:49:50,256 30 loss=0.05626869604877023
2024-04-06T22:49:50 
*** Major Checkpoint. Computing Stats and Saving
2024-04-06 22:49:50,256 
*** Major Checkpoint. Computing Stats and Saving
2024-04-06T22:49:50 	 Computing Major Stats lazily... 
2024-04-06 22:49:50,256 	 Computing Major Stats lazily... 
2024-04-06T22:49:50 		 Completed edges=528 good=528 bad=0
2024-04-06 22:49:50,264 		 Completed edges=528 good=528 bad=0
2024-04-06T22:49:50 Distortion avg=0.18583360850628358 wc=3.8580166871173334 me=1.4135650922290166 mc=2.7292812395598425 nan_elements=0
2024-04-06 22:49:50,289 Distortion avg=0.18583360850628358 wc=3.8580166871173334 me=1.4135650922290166 mc=2.7292812395598425 nan_elements=0
2024-04-06T22:49:50 MAP = 0.952861952861953
2024-04-06 22:49:50,289 MAP = 0.952861952861953
2024-04-06T22:49:50 scale=[array([1.]), array([1.]), array([1.]), array([1.]), array([1.]), array([1.])]
2024-04-06 22:49:50,289 scale=[array([1.]), array([1.]), array([1.]), array([1.]), array([1.]), array([1.])]
2024-04-06T22:49:50 *** End Major Checkpoint

2024-04-06 22:49:50,289 *** End Major Checkpoint

2024-04-06T22:49:50 31 loss=0.05325459312646358
2024-04-06 22:49:50,319 31 loss=0.05325459312646358
2024-04-06T22:49:50 32 loss=0.05078864225829159
2024-04-06 22:49:50,348 32 loss=0.05078864225829159
2024-04-06T22:49:50 33 loss=0.048588224173184744
2024-04-06 22:49:50,378 33 loss=0.048588224173184744
2024-04-06T22:49:50 34 loss=0.04655504030043182
2024-04-06 22:49:50,409 34 loss=0.04655504030043182
2024-04-06T22:49:50 35 loss=0.044554151296791245
2024-04-06 22:49:50,439 35 loss=0.044554151296791245
2024-04-06T22:49:50 36 loss=0.04277403482954866
2024-04-06 22:49:50,469 36 loss=0.04277403482954866
2024-04-06T22:49:50 37 loss=0.04094778795328199
2024-04-06 22:49:50,499 37 loss=0.04094778795328199
2024-04-06T22:49:50 38 loss=0.03922739268071302
2024-04-06 22:49:50,529 38 loss=0.03922739268071302
2024-04-06T22:49:50 39 loss=0.03779730318959291
2024-04-06 22:49:50,559 39 loss=0.03779730318959291
2024-04-06T22:49:50 40 loss=0.03698239752815376
2024-04-06 22:49:50,589 40 loss=0.03698239752815376
2024-04-06T22:49:50 
*** Major Checkpoint. Computing Stats and Saving
2024-04-06 22:49:50,589 
*** Major Checkpoint. Computing Stats and Saving
2024-04-06T22:49:50 	 Computing Major Stats lazily... 
2024-04-06 22:49:50,589 	 Computing Major Stats lazily... 
2024-04-06T22:49:50 		 Completed edges=528 good=528 bad=0
2024-04-06 22:49:50,597 		 Completed edges=528 good=528 bad=0
2024-04-06T22:49:50 Distortion avg=0.14935194312806993 wc=2.9615580346692365 me=1.377407771249883 mc=2.1500953432126124 nan_elements=0
2024-04-06 22:49:50,622 Distortion avg=0.14935194312806993 wc=2.9615580346692365 me=1.377407771249883 mc=2.1500953432126124 nan_elements=0
2024-04-06T22:49:50 MAP = 0.952861952861953
2024-04-06 22:49:50,622 MAP = 0.952861952861953
2024-04-06T22:49:50 scale=[array([1.]), array([1.]), array([1.]), array([1.]), array([1.]), array([1.])]
2024-04-06 22:49:50,623 scale=[array([1.]), array([1.]), array([1.]), array([1.]), array([1.]), array([1.])]
2024-04-06T22:49:50 *** End Major Checkpoint

2024-04-06 22:49:50,623 *** End Major Checkpoint

2024-04-06T22:49:50 41 loss=0.035019974840311587
2024-04-06 22:49:50,651 41 loss=0.035019974840311587
2024-04-06T22:49:50 42 loss=0.03400142865013647
2024-04-06 22:49:50,681 42 loss=0.03400142865013647
2024-04-06T22:49:50 43 loss=0.03261352437812594
2024-04-06 22:49:50,710 43 loss=0.03261352437812594
2024-04-06T22:49:50 44 loss=0.031227381104004512
2024-04-06 22:49:50,740 44 loss=0.031227381104004512
2024-04-06T22:49:50 45 loss=0.030120507018450583
2024-04-06 22:49:50,769 45 loss=0.030120507018450583
2024-04-06T22:49:50 46 loss=0.02936981484700151
2024-04-06 22:49:50,799 46 loss=0.02936981484700151
2024-04-06T22:49:50 47 loss=0.02820799736695641
2024-04-06 22:49:50,828 47 loss=0.02820799736695641
2024-04-06T22:49:50 48 loss=0.02757637131293168
2024-04-06 22:49:50,857 48 loss=0.02757637131293168
2024-04-06T22:49:50 49 loss=0.026908758544330936
2024-04-06 22:49:50,888 49 loss=0.026908758544330936
2024-04-06T22:49:50 50 loss=0.02614511636447839
2024-04-06 22:49:50,917 50 loss=0.02614511636447839
2024-04-06T22:49:50 
*** Major Checkpoint. Computing Stats and Saving
2024-04-06 22:49:50,918 
*** Major Checkpoint. Computing Stats and Saving
2024-04-06T22:49:50 	 Computing Major Stats lazily... 
2024-04-06 22:49:50,918 	 Computing Major Stats lazily... 
2024-04-06T22:49:50 		 Completed edges=528 good=528 bad=0
2024-04-06 22:49:50,926 		 Completed edges=528 good=528 bad=0
2024-04-06T22:49:50 Distortion avg=0.127496807559101 wc=2.5307936677347196 me=1.3813841289282414 mc=1.83207090246379 nan_elements=0
2024-04-06 22:49:50,950 Distortion avg=0.127496807559101 wc=2.5307936677347196 me=1.3813841289282414 mc=1.83207090246379 nan_elements=0
2024-04-06T22:49:50 MAP = 0.952861952861953
2024-04-06 22:49:50,950 MAP = 0.952861952861953
2024-04-06T22:49:50 scale=[array([1.]), array([1.]), array([1.]), array([1.]), array([1.]), array([1.])]
2024-04-06 22:49:50,951 scale=[array([1.]), array([1.]), array([1.]), array([1.]), array([1.]), array([1.])]
2024-04-06T22:49:50 *** End Major Checkpoint

2024-04-06 22:49:50,951 *** End Major Checkpoint

2024-04-06T22:49:50 51 loss=0.02548175245266282
2024-04-06 22:49:50,981 51 loss=0.02548175245266282
2024-04-06T22:49:51 52 loss=0.024543421782561716
2024-04-06 22:49:51,013 52 loss=0.024543421782561716
2024-04-06T22:49:51 53 loss=0.024088856588491678
2024-04-06 22:49:51,044 53 loss=0.024088856588491678
2024-04-06T22:49:51 54 loss=0.02341270670167115
2024-04-06 22:49:51,074 54 loss=0.02341270670167115
2024-04-06T22:49:51 55 loss=0.02296529803744641
2024-04-06 22:49:51,103 55 loss=0.02296529803744641
2024-04-06T22:49:51 56 loss=0.022327865045959232
2024-04-06 22:49:51,132 56 loss=0.022327865045959232
2024-04-06T22:49:51 57 loss=0.02174120530457864
2024-04-06 22:49:51,162 57 loss=0.02174120530457864
2024-04-06T22:49:51 58 loss=0.021302644313029542
2024-04-06 22:49:51,191 58 loss=0.021302644313029542
2024-04-06T22:49:51 59 loss=0.020893917633155203
2024-04-06 22:49:51,222 59 loss=0.020893917633155203
2024-04-06T22:49:51 60 loss=0.020723526253213144
2024-04-06 22:49:51,252 60 loss=0.020723526253213144
2024-04-06T22:49:51 
*** Major Checkpoint. Computing Stats and Saving
2024-04-06 22:49:51,252 
*** Major Checkpoint. Computing Stats and Saving
2024-04-06T22:49:51 	 Computing Major Stats lazily... 
2024-04-06 22:49:51,252 	 Computing Major Stats lazily... 
2024-04-06T22:49:51 		 Completed edges=528 good=528 bad=0
2024-04-06 22:49:51,260 		 Completed edges=528 good=528 bad=0
2024-04-06T22:49:51 Distortion avg=0.11241693387728174 wc=2.3673666388775105 me=1.4171603548304428 mc=1.6705001877933257 nan_elements=0
2024-04-06 22:49:51,285 Distortion avg=0.11241693387728174 wc=2.3673666388775105 me=1.4171603548304428 mc=1.6705001877933257 nan_elements=0
2024-04-06T22:49:51 MAP = 0.9562289562289563
2024-04-06 22:49:51,285 MAP = 0.9562289562289563
2024-04-06T22:49:51 scale=[array([1.]), array([1.]), array([1.]), array([1.]), array([1.]), array([1.])]
2024-04-06 22:49:51,286 scale=[array([1.]), array([1.]), array([1.]), array([1.]), array([1.]), array([1.])]
2024-04-06T22:49:51 *** End Major Checkpoint

2024-04-06 22:49:51,286 *** End Major Checkpoint

2024-04-06T22:49:51 61 loss=0.020047819433567083
2024-04-06 22:49:51,316 61 loss=0.020047819433567083
2024-04-06T22:49:51 62 loss=0.020767183806655872
2024-04-06 22:49:51,346 62 loss=0.020767183806655872
2024-04-06T22:49:51 63 loss=0.019349942492117956
2024-04-06 22:49:51,375 63 loss=0.019349942492117956
2024-04-06T22:49:51 64 loss=0.01892021103453835
2024-04-06 22:49:51,406 64 loss=0.01892021103453835
2024-04-06T22:49:51 65 loss=0.01855379407757445
2024-04-06 22:49:51,435 65 loss=0.01855379407757445
2024-04-06T22:49:51 66 loss=0.018281788351382607
2024-04-06 22:49:51,465 66 loss=0.018281788351382607
2024-04-06T22:49:51 67 loss=0.017778744669495205
2024-04-06 22:49:51,497 67 loss=0.017778744669495205
2024-04-06T22:49:51 68 loss=0.01747696291059036
2024-04-06 22:49:51,527 68 loss=0.01747696291059036
2024-04-06T22:49:51 69 loss=0.017372746438268586
2024-04-06 22:49:51,557 69 loss=0.017372746438268586
2024-04-06T22:49:51 70 loss=0.01703999529563818
2024-04-06 22:49:51,587 70 loss=0.01703999529563818
2024-04-06T22:49:51 
*** Major Checkpoint. Computing Stats and Saving
2024-04-06 22:49:51,587 
*** Major Checkpoint. Computing Stats and Saving
2024-04-06T22:49:51 	 Computing Major Stats lazily... 
2024-04-06 22:49:51,587 	 Computing Major Stats lazily... 
2024-04-06T22:49:51 		 Completed edges=528 good=528 bad=0
2024-04-06 22:49:51,594 		 Completed edges=528 good=528 bad=0
2024-04-06T22:49:51 Distortion avg=0.10091783245209564 wc=2.167383729150378 me=1.3980924612496481 mc=1.550243484764319 nan_elements=0
2024-04-06 22:49:51,618 Distortion avg=0.10091783245209564 wc=2.167383729150378 me=1.3980924612496481 mc=1.550243484764319 nan_elements=0
2024-04-06T22:49:51 MAP = 0.952861952861953
2024-04-06 22:49:51,618 MAP = 0.952861952861953
2024-04-06T22:49:51 scale=[array([1.]), array([1.]), array([1.]), array([1.]), array([1.]), array([1.])]
2024-04-06 22:49:51,618 scale=[array([1.]), array([1.]), array([1.]), array([1.]), array([1.]), array([1.])]
2024-04-06T22:49:51 *** End Major Checkpoint

2024-04-06 22:49:51,619 *** End Major Checkpoint

2024-04-06T22:49:51 71 loss=0.016732237849547003
2024-04-06 22:49:51,648 71 loss=0.016732237849547003
2024-04-06T22:49:51 72 loss=0.016474301863223604
2024-04-06 22:49:51,676 72 loss=0.016474301863223604
2024-04-06T22:49:51 73 loss=0.017384185263981094
2024-04-06 22:49:51,707 73 loss=0.017384185263981094
2024-04-06T22:49:51 74 loss=0.01622035717544647
2024-04-06 22:49:51,736 74 loss=0.01622035717544647
2024-04-06T22:49:51 75 loss=0.01581382920112261
2024-04-06 22:49:51,766 75 loss=0.01581382920112261
2024-04-06T22:49:51 76 loss=0.015621592443584692
2024-04-06 22:49:51,795 76 loss=0.015621592443584692
2024-04-06T22:49:51 77 loss=0.01537765793807467
2024-04-06 22:49:51,824 77 loss=0.01537765793807467
2024-04-06T22:49:51 78 loss=0.015222078538404092
2024-04-06 22:49:51,855 78 loss=0.015222078538404092
2024-04-06T22:49:51 79 loss=0.015072163147982652
2024-04-06 22:49:51,885 79 loss=0.015072163147982652
2024-04-06T22:49:51 80 loss=0.01485171824474611
2024-04-06 22:49:51,915 80 loss=0.01485171824474611
2024-04-06T22:49:51 
*** Major Checkpoint. Computing Stats and Saving
2024-04-06 22:49:51,916 
*** Major Checkpoint. Computing Stats and Saving
2024-04-06T22:49:51 	 Computing Major Stats lazily... 
2024-04-06 22:49:51,916 	 Computing Major Stats lazily... 
2024-04-06T22:49:51 		 Completed edges=528 good=528 bad=0
2024-04-06 22:49:51,924 		 Completed edges=528 good=528 bad=0
2024-04-06T22:49:51 Distortion avg=0.0942894827846641 wc=2.034880102481065 me=1.394589994343767 mc=1.4591242664397508 nan_elements=0
2024-04-06 22:49:51,948 Distortion avg=0.0942894827846641 wc=2.034880102481065 me=1.394589994343767 mc=1.4591242664397508 nan_elements=0
2024-04-06T22:49:51 MAP = 0.9562289562289562
2024-04-06 22:49:51,948 MAP = 0.9562289562289562
2024-04-06T22:49:51 scale=[array([1.]), array([1.]), array([1.]), array([1.]), array([1.]), array([1.])]
2024-04-06 22:49:51,949 scale=[array([1.]), array([1.]), array([1.]), array([1.]), array([1.]), array([1.])]
2024-04-06T22:49:51 *** End Major Checkpoint

2024-04-06 22:49:51,949 *** End Major Checkpoint

2024-04-06T22:49:51 81 loss=0.01480836113304732
2024-04-06 22:49:51,978 81 loss=0.01480836113304732
2024-04-06T22:49:52 82 loss=0.014361726068668099
2024-04-06 22:49:52,008 82 loss=0.014361726068668099
2024-04-06T22:49:52 83 loss=0.014230449731539883
2024-04-06 22:49:52,038 83 loss=0.014230449731539883
2024-04-06T22:49:52 84 loss=0.014329268237252769
2024-04-06 22:49:52,069 84 loss=0.014329268237252769
2024-04-06T22:49:52 85 loss=0.014043756373330385
2024-04-06 22:49:52,099 85 loss=0.014043756373330385
2024-04-06T22:49:52 86 loss=0.013968261193792316
2024-04-06 22:49:52,129 86 loss=0.013968261193792316
2024-04-06T22:49:52 87 loss=0.013774457467682907
2024-04-06 22:49:52,159 87 loss=0.013774457467682907
2024-04-06T22:49:52 88 loss=0.013620808800206356
2024-04-06 22:49:52,185 88 loss=0.013620808800206356
2024-04-06T22:49:52 89 loss=0.013497936060246863
2024-04-06 22:49:52,212 89 loss=0.013497936060246863
2024-04-06T22:49:52 90 loss=0.01364476681213421
2024-04-06 22:49:52,240 90 loss=0.01364476681213421
2024-04-06T22:49:52 
*** Major Checkpoint. Computing Stats and Saving
2024-04-06 22:49:52,240 
*** Major Checkpoint. Computing Stats and Saving
2024-04-06T22:49:52 	 Computing Major Stats lazily... 
2024-04-06 22:49:52,240 	 Computing Major Stats lazily... 
2024-04-06T22:49:52 		 Completed edges=528 good=528 bad=0
2024-04-06 22:49:52,248 		 Completed edges=528 good=528 bad=0
2024-04-06T22:49:52 Distortion avg=0.08949428080967814 wc=2.0955288227618176 me=1.4297159517950913 mc=1.4656959098279345 nan_elements=0
2024-04-06 22:49:52,273 Distortion avg=0.08949428080967814 wc=2.0955288227618176 me=1.4297159517950913 mc=1.4656959098279345 nan_elements=0
2024-04-06T22:49:52 MAP = 0.9562289562289562
2024-04-06 22:49:52,273 MAP = 0.9562289562289562
2024-04-06T22:49:52 scale=[array([1.]), array([1.]), array([1.]), array([1.]), array([1.]), array([1.])]
2024-04-06 22:49:52,273 scale=[array([1.]), array([1.]), array([1.]), array([1.]), array([1.]), array([1.])]
2024-04-06T22:49:52 *** End Major Checkpoint

2024-04-06 22:49:52,273 *** End Major Checkpoint

2024-04-06T22:49:52 91 loss=0.013309025422717419
2024-04-06 22:49:52,303 91 loss=0.013309025422717419
2024-04-06T22:49:52 92 loss=0.01314272963045008
2024-04-06 22:49:52,333 92 loss=0.01314272963045008
2024-04-06T22:49:52 93 loss=0.013047323167941488
2024-04-06 22:49:52,364 93 loss=0.013047323167941488
2024-04-06T22:49:52 94 loss=0.013107531340574022
2024-04-06 22:49:52,395 94 loss=0.013107531340574022
2024-04-06T22:49:52 95 loss=0.01305509026471603
2024-04-06 22:49:52,426 95 loss=0.01305509026471603
2024-04-06T22:49:52 96 loss=0.012913084965029959
2024-04-06 22:49:52,455 96 loss=0.012913084965029959
2024-04-06T22:49:52 97 loss=0.012806456645415675
2024-04-06 22:49:52,486 97 loss=0.012806456645415675
2024-04-06T22:49:52 98 loss=0.012666673927417575
2024-04-06 22:49:52,517 98 loss=0.012666673927417575
2024-04-06T22:49:52 99 loss=0.012566227950338387
2024-04-06 22:49:52,548 99 loss=0.012566227950338387
2024-04-06T22:49:52 100 loss=0.012376794163427707
2024-04-06 22:49:52,578 100 loss=0.012376794163427707
2024-04-06T22:49:52 
*** Major Checkpoint. Computing Stats and Saving
2024-04-06 22:49:52,578 
*** Major Checkpoint. Computing Stats and Saving
2024-04-06T22:49:52 	 Computing Major Stats lazily... 
2024-04-06 22:49:52,578 	 Computing Major Stats lazily... 
2024-04-06T22:49:52 		 Completed edges=528 good=528 bad=0
2024-04-06 22:49:52,586 		 Completed edges=528 good=528 bad=0
2024-04-06T22:49:52 Distortion avg=0.08583840119718564 wc=2.0624480072702607 me=1.4704710374101366 mc=1.4025764226561999 nan_elements=0
2024-04-06 22:49:52,612 Distortion avg=0.08583840119718564 wc=2.0624480072702607 me=1.4704710374101366 mc=1.4025764226561999 nan_elements=0
2024-04-06T22:49:52 MAP = 0.9646464646464646
2024-04-06 22:49:52,612 MAP = 0.9646464646464646
2024-04-06T22:49:52 scale=[array([1.]), array([1.]), array([1.]), array([1.]), array([1.]), array([1.])]
2024-04-06 22:49:52,612 scale=[array([1.]), array([1.]), array([1.]), array([1.]), array([1.]), array([1.])]
2024-04-06T22:49:52 *** End Major Checkpoint

2024-04-06 22:49:52,612 *** End Major Checkpoint

2024-04-06T22:49:52 final loss=0.012376794163427707
2024-04-06 22:49:52,612 final loss=0.012376794163427707
2024-04-06T22:49:52 best loss=0.012376794163427707, distortion=0.08583840119718564, map=0.9852212602212602, wc_dist=2.034880102481065
2024-04-06 22:49:52,612 best loss=0.012376794163427707, distortion=0.08583840119718564, map=0.9852212602212602, wc_dist=2.034880102481065
2024-04-06T22:49:52 Compare matrices built
2024-04-06 22:49:52,634 Compare matrices built
2024-04-06T22:49:52 Distortion avg=0.08542098949640788 wc=7.324281621139834 me=1.4704710374101366 mc=4.980908453688218 nan_elements=0.0
2024-04-06 22:49:52,679 Distortion avg=0.08542098949640788 wc=7.324281621139834 me=1.4704710374101366 mc=4.980908453688218 nan_elements=0.0
2024-04-06T22:49:52 MAP = 0.9646464646464646
2024-04-06 22:49:52,680 MAP = 0.9646464646464646
2024-04-06T22:49:52 scale=[array([1.]), array([1.]), array([1.]), array([1.]), array([1.]), array([1.])]
2024-04-06 22:49:52,680 scale=[array([1.]), array([1.]), array([1.]), array([1.]), array([1.]), array([1.])]
2024-04-06T22:50:46 Logging to log/PPI.H3-2.E3-2.S3-2.lr5.0.log
2024-04-06T22:50:46 Commandline ['C:\\work_oli\\Mixed-Curvature-Pathways-master\\pytorch\\pytorch_hyperbolic.py', '--dataset', 'data/PPI/cleaned-remapped/interactions_with_dates_1992_nodes_33_edges_36_component_0.edges', '--log', '--riemann', '--batch-size', '64', '-l', '5.0', '--epochs', '100', '--checkpoint-freq', '10', '--subsample', '16', '--hyp', '2', '--dim', '3', '--euc', '2', '--edim', '3', '--sph', '2', '--sdim', '3']
2024-04-06 22:50:46,381 Commandline ['C:\\work_oli\\Mixed-Curvature-Pathways-master\\pytorch\\pytorch_hyperbolic.py', '--dataset', 'data/PPI/cleaned-remapped/interactions_with_dates_1992_nodes_33_edges_36_component_0.edges', '--log', '--riemann', '--batch-size', '64', '-l', '5.0', '--epochs', '100', '--checkpoint-freq', '10', '--subsample', '16', '--hyp', '2', '--dim', '3', '--euc', '2', '--edim', '3', '--sph', '2', '--sdim', '3']
2024-04-06T22:50:46 No Model Save selected!
2024-04-06 22:50:46,381 No Model Save selected!
2024-04-06T22:50:46 Loaded Graph data/PPI/cleaned-remapped/interactions_with_dates_1992_nodes_33_edges_36_component_0.edges with 33 nodes scale=1.0
2024-04-06 22:50:46,384 Loaded Graph data/PPI/cleaned-remapped/interactions_with_dates_1992_nodes_33_edges_36_component_0.edges with 33 nodes scale=1.0
2024-04-06T22:50:46 Building dataset
2024-04-06 22:50:46,384 Building dataset
2024-04-06T22:50:46 Built distance matrix with 1.0 factor
2024-04-06 22:50:46,850 Built distance matrix with 1.0 factor
2024-04-06T22:50:46 Subsample: 33 points with scale 1.0 subsample=16
2024-04-06 22:50:46,852 Subsample: 33 points with scale 1.0 subsample=16
2024-04-06T22:50:46 Built data loader
2024-04-06 22:50:46,874 Built data loader
2024-04-06T22:50:46 Creating a fresh model warm_start?=False
2024-04-06 22:50:46,874 Creating a fresh model warm_start?=False
2024-04-06T22:50:46 	 Warmstarting? False None 33
2024-04-06 22:50:46,875 	 Warmstarting? False None 33
2024-04-06T22:50:46 Embedding() torch.Size([33, 4])
2024-04-06 22:50:46,878 Embedding() torch.Size([33, 4])
2024-04-06T22:50:46 Embedding() torch.Size([33, 4])
2024-04-06 22:50:46,879 Embedding() torch.Size([33, 4])
2024-04-06T22:50:46 Embedding() torch.Size([33, 3])
2024-04-06 22:50:46,879 Embedding() torch.Size([33, 3])
2024-04-06T22:50:46 Embedding() torch.Size([33, 3])
2024-04-06 22:50:46,880 Embedding() torch.Size([33, 3])
2024-04-06T22:50:46 Embedding() torch.Size([33, 4])
2024-04-06 22:50:46,880 Embedding() torch.Size([33, 4])
2024-04-06T22:50:46 Embedding() torch.Size([33, 4])
2024-04-06 22:50:46,880 Embedding() torch.Size([33, 4])
2024-04-06T22:50:46 relative No Rescale
2024-04-06 22:50:46,881 relative No Rescale
2024-04-06T22:50:46 Constructed model with dim=3 and epochs=0 isnan=False
2024-04-06 22:50:46,882 Constructed model with dim=3 and epochs=0 isnan=False
2024-04-06T22:50:48 SGD (
Parameter Group 0
    dampening: 0
    differentiable: False
    foreach: None
    initial_lr: 0.5
    lr: 5.0
    maximize: False
    momentum: 0.0
    nesterov: False
    weight_decay: 0

Parameter Group 1
    dampening: 0
    differentiable: False
    foreach: None
    initial_lr: 0.5
    lr: 5.0
    maximize: False
    momentum: 0.0
    nesterov: False
    weight_decay: 0

Parameter Group 2
    dampening: 0
    differentiable: False
    foreach: None
    initial_lr: 0.5
    lr: 5.0
    maximize: False
    momentum: 0.0
    nesterov: False
    weight_decay: 0

Parameter Group 3
    dampening: 0
    differentiable: False
    foreach: None
    initial_lr: 0.0005
    lr: 0.005
    maximize: False
    momentum: 0.0
    nesterov: False
    weight_decay: 0
)
2024-04-06 22:50:48,333 SGD (
Parameter Group 0
    dampening: 0
    differentiable: False
    foreach: None
    initial_lr: 0.5
    lr: 5.0
    maximize: False
    momentum: 0.0
    nesterov: False
    weight_decay: 0

Parameter Group 1
    dampening: 0
    differentiable: False
    foreach: None
    initial_lr: 0.5
    lr: 5.0
    maximize: False
    momentum: 0.0
    nesterov: False
    weight_decay: 0

Parameter Group 2
    dampening: 0
    differentiable: False
    foreach: None
    initial_lr: 0.5
    lr: 5.0
    maximize: False
    momentum: 0.0
    nesterov: False
    weight_decay: 0

Parameter Group 3
    dampening: 0
    differentiable: False
    foreach: None
    initial_lr: 0.0005
    lr: 0.005
    maximize: False
    momentum: 0.0
    nesterov: False
    weight_decay: 0
)
2024-04-06T22:50:48 *** Initial Checkpoint. Computing Stats
2024-04-06 22:50:48,334 *** Initial Checkpoint. Computing Stats
2024-04-06T22:50:48 Compare matrices built
2024-04-06 22:50:48,361 Compare matrices built
2024-04-06T22:50:50 Distortion avg=0.9981971181754965 wc=25.5070795994506 me=0.008596266887502929 mc=2967.2275108782687 nan_elements=0.0
2024-04-06 22:50:50,591 Distortion avg=0.9981971181754965 wc=25.5070795994506 me=0.008596266887502929 mc=2967.2275108782687 nan_elements=0.0
2024-04-06T22:50:50 MAP = 0.19063806572922495
2024-04-06 22:50:50,592 MAP = 0.19063806572922495
2024-04-06T22:50:50 scale=[array([1.]), array([1.]), array([1.]), array([1.]), array([1.]), array([1.])]
2024-04-06 22:50:50,593 scale=[array([1.]), array([1.]), array([1.]), array([1.]), array([1.]), array([1.])]
2024-04-06T22:50:50 *** End Initial Checkpoint

2024-04-06 22:50:50,593 *** End Initial Checkpoint

2024-04-06T22:50:50 1 loss=0.7096085659322511
2024-04-06 22:50:50,636 1 loss=0.7096085659322511
2024-04-06T22:50:50 2 loss=0.4584394621176928
2024-04-06 22:50:50,674 2 loss=0.4584394621176928
2024-04-06T22:50:50 3 loss=0.39275494208298184
2024-04-06 22:50:50,711 3 loss=0.39275494208298184
2024-04-06T22:50:50 4 loss=0.3528431296462964
2024-04-06 22:50:50,747 4 loss=0.3528431296462964
2024-04-06T22:50:50 5 loss=0.31540956340870924
2024-04-06 22:50:50,782 5 loss=0.31540956340870924
2024-04-06T22:50:50 6 loss=0.28668328240669055
2024-04-06 22:50:50,815 6 loss=0.28668328240669055
2024-04-06T22:50:50 7 loss=0.26071714240670774
2024-04-06 22:50:50,848 7 loss=0.26071714240670774
2024-04-06T22:50:50 8 loss=0.238934576081933
2024-04-06 22:50:50,890 8 loss=0.238934576081933
2024-04-06T22:50:50 9 loss=0.21859476641625836
2024-04-06 22:50:50,927 9 loss=0.21859476641625836
2024-04-06T22:50:50 10 loss=0.20230330074835304
2024-04-06 22:50:50,963 10 loss=0.20230330074835304
2024-04-06T22:50:50 
*** Major Checkpoint. Computing Stats and Saving
2024-04-06 22:50:50,963 
*** Major Checkpoint. Computing Stats and Saving
2024-04-06T22:50:50 	 Computing Major Stats lazily... 
2024-04-06 22:50:50,964 	 Computing Major Stats lazily... 
2024-04-06T22:50:50 		 Completed edges=528 good=528 bad=0
2024-04-06 22:50:50,975 		 Completed edges=528 good=528 bad=0
2024-04-06T22:50:51 Distortion avg=0.3681549984894508 wc=9.810998988145759 me=1.5529427600909613 mc=6.317682299875041 nan_elements=0
2024-04-06 22:50:51,009 Distortion avg=0.3681549984894508 wc=9.810998988145759 me=1.5529427600909613 mc=6.317682299875041 nan_elements=0
2024-04-06T22:50:51 MAP = 0.9654701779701779
2024-04-06 22:50:51,009 MAP = 0.9654701779701779
2024-04-06T22:50:51 scale=[array([1.]), array([1.]), array([1.]), array([1.]), array([1.]), array([1.])]
2024-04-06 22:50:51,010 scale=[array([1.]), array([1.]), array([1.]), array([1.]), array([1.]), array([1.])]
2024-04-06T22:50:51 *** End Major Checkpoint

2024-04-06 22:50:51,010 *** End Major Checkpoint

2024-04-06T22:50:51 11 loss=0.18791323727450968
2024-04-06 22:50:51,047 11 loss=0.18791323727450968
2024-04-06T22:50:51 12 loss=0.17469522830599946
2024-04-06 22:50:51,080 12 loss=0.17469522830599946
2024-04-06T22:50:51 13 loss=0.16277657787573252
2024-04-06 22:50:51,117 13 loss=0.16277657787573252
2024-04-06T22:50:51 14 loss=0.1512124626264735
2024-04-06 22:50:51,154 14 loss=0.1512124626264735
2024-04-06T22:50:51 15 loss=0.14218588991321107
2024-04-06 22:50:51,192 15 loss=0.14218588991321107
2024-04-06T22:50:51 16 loss=0.13217036185875794
2024-04-06 22:50:51,230 16 loss=0.13217036185875794
2024-04-06T22:50:51 17 loss=0.12376177214483092
2024-04-06 22:50:51,268 17 loss=0.12376177214483092
2024-04-06T22:50:51 18 loss=0.11569027353283465
2024-04-06 22:50:51,307 18 loss=0.11569027353283465
2024-04-06T22:50:51 19 loss=0.10839074605508929
2024-04-06 22:50:51,346 19 loss=0.10839074605508929
2024-04-06T22:50:51 20 loss=0.10136932979777953
2024-04-06 22:50:51,382 20 loss=0.10136932979777953
2024-04-06T22:50:51 
*** Major Checkpoint. Computing Stats and Saving
2024-04-06 22:50:51,382 
*** Major Checkpoint. Computing Stats and Saving
2024-04-06T22:50:51 	 Computing Major Stats lazily... 
2024-04-06 22:50:51,383 	 Computing Major Stats lazily... 
2024-04-06T22:50:51 		 Completed edges=528 good=528 bad=0
2024-04-06 22:50:51,392 		 Completed edges=528 good=528 bad=0
2024-04-06T22:50:51 Distortion avg=0.2512018041412363 wc=6.017680817064147 me=1.4924580472659592 mc=4.032060283428378 nan_elements=0
2024-04-06 22:50:51,420 Distortion avg=0.2512018041412363 wc=6.017680817064147 me=1.4924580472659592 mc=4.032060283428378 nan_elements=0
2024-04-06T22:50:51 MAP = 0.9852212602212602
2024-04-06 22:50:51,420 MAP = 0.9852212602212602
2024-04-06T22:50:51 scale=[array([1.]), array([1.]), array([1.]), array([1.]), array([1.]), array([1.])]
2024-04-06 22:50:51,421 scale=[array([1.]), array([1.]), array([1.]), array([1.]), array([1.]), array([1.])]
2024-04-06T22:50:51 *** End Major Checkpoint

2024-04-06 22:50:51,421 *** End Major Checkpoint

2024-04-06T22:50:51 21 loss=0.09544062422817637
2024-04-06 22:50:51,455 21 loss=0.09544062422817637
2024-04-06T22:50:51 22 loss=0.0888489066564003
2024-04-06 22:50:51,490 22 loss=0.0888489066564003
2024-04-06T22:50:51 23 loss=0.08455418300601011
2024-04-06 22:50:51,526 23 loss=0.08455418300601011
2024-04-06T22:50:51 24 loss=0.0784488859001205
2024-04-06 22:50:51,565 24 loss=0.0784488859001205
2024-04-06T22:50:51 25 loss=0.07473780365554945
2024-04-06 22:50:51,602 25 loss=0.07473780365554945
2024-04-06T22:50:51 26 loss=0.07006333017484792
2024-04-06 22:50:51,641 26 loss=0.07006333017484792
2024-04-06T22:50:51 27 loss=0.06625012988785199
2024-04-06 22:50:51,681 27 loss=0.06625012988785199
2024-04-06T22:50:51 28 loss=0.06267902764232494
2024-04-06 22:50:51,716 28 loss=0.06267902764232494
2024-04-06T22:50:51 29 loss=0.05921125658493871
2024-04-06 22:50:51,752 29 loss=0.05921125658493871
2024-04-06T22:50:51 30 loss=0.05626869604877023
2024-04-06 22:50:51,791 30 loss=0.05626869604877023
2024-04-06T22:50:51 
*** Major Checkpoint. Computing Stats and Saving
2024-04-06 22:50:51,791 
*** Major Checkpoint. Computing Stats and Saving
2024-04-06T22:50:51 	 Computing Major Stats lazily... 
2024-04-06 22:50:51,791 	 Computing Major Stats lazily... 
2024-04-06T22:50:51 		 Completed edges=528 good=528 bad=0
2024-04-06 22:50:51,802 		 Completed edges=528 good=528 bad=0
2024-04-06T22:50:51 Distortion avg=0.18583360850628358 wc=3.8580166871173334 me=1.4135650922290166 mc=2.7292812395598425 nan_elements=0
2024-04-06 22:50:51,832 Distortion avg=0.18583360850628358 wc=3.8580166871173334 me=1.4135650922290166 mc=2.7292812395598425 nan_elements=0
2024-04-06T22:50:51 MAP = 0.952861952861953
2024-04-06 22:50:51,832 MAP = 0.952861952861953
2024-04-06T22:50:51 scale=[array([1.]), array([1.]), array([1.]), array([1.]), array([1.]), array([1.])]
2024-04-06 22:50:51,832 scale=[array([1.]), array([1.]), array([1.]), array([1.]), array([1.]), array([1.])]
2024-04-06T22:50:51 *** End Major Checkpoint

2024-04-06 22:50:51,833 *** End Major Checkpoint

2024-04-06T22:50:51 31 loss=0.05325459312646358
2024-04-06 22:50:51,871 31 loss=0.05325459312646358
2024-04-06T22:50:51 32 loss=0.05078864225829159
2024-04-06 22:50:51,911 32 loss=0.05078864225829159
2024-04-06T22:50:51 33 loss=0.048588224173184744
2024-04-06 22:50:51,947 33 loss=0.048588224173184744
2024-04-06T22:50:51 34 loss=0.04655504030043182
2024-04-06 22:50:51,988 34 loss=0.04655504030043182
2024-04-06T22:50:52 35 loss=0.044554151296791245
2024-04-06 22:50:52,024 35 loss=0.044554151296791245
2024-04-06T22:50:52 36 loss=0.04277403482954866
2024-04-06 22:50:52,057 36 loss=0.04277403482954866
2024-04-06T22:50:52 37 loss=0.04094778795328199
2024-04-06 22:50:52,094 37 loss=0.04094778795328199
2024-04-06T22:50:52 38 loss=0.03922739268071302
2024-04-06 22:50:52,131 38 loss=0.03922739268071302
2024-04-06T22:50:52 39 loss=0.03779730318959291
2024-04-06 22:50:52,165 39 loss=0.03779730318959291
2024-04-06T22:50:52 40 loss=0.03698239752815376
2024-04-06 22:50:52,204 40 loss=0.03698239752815376
2024-04-06T22:50:52 
*** Major Checkpoint. Computing Stats and Saving
2024-04-06 22:50:52,204 
*** Major Checkpoint. Computing Stats and Saving
2024-04-06T22:50:52 	 Computing Major Stats lazily... 
2024-04-06 22:50:52,204 	 Computing Major Stats lazily... 
2024-04-06T22:50:52 		 Completed edges=528 good=528 bad=0
2024-04-06 22:50:52,215 		 Completed edges=528 good=528 bad=0
2024-04-06T22:50:52 Distortion avg=0.14935194312806993 wc=2.9615580346692365 me=1.377407771249883 mc=2.1500953432126124 nan_elements=0
2024-04-06 22:50:52,248 Distortion avg=0.14935194312806993 wc=2.9615580346692365 me=1.377407771249883 mc=2.1500953432126124 nan_elements=0
2024-04-06T22:50:52 MAP = 0.952861952861953
2024-04-06 22:50:52,248 MAP = 0.952861952861953
2024-04-06T22:50:52 scale=[array([1.]), array([1.]), array([1.]), array([1.]), array([1.]), array([1.])]
2024-04-06 22:50:52,250 scale=[array([1.]), array([1.]), array([1.]), array([1.]), array([1.]), array([1.])]
2024-04-06T22:50:52 *** End Major Checkpoint

2024-04-06 22:50:52,250 *** End Major Checkpoint

2024-04-06T22:50:52 41 loss=0.035019974840311587
2024-04-06 22:50:52,287 41 loss=0.035019974840311587
2024-04-06T22:50:52 42 loss=0.03400142865013647
2024-04-06 22:50:52,324 42 loss=0.03400142865013647
2024-04-06T22:50:52 43 loss=0.03261352437812594
2024-04-06 22:50:52,361 43 loss=0.03261352437812594
2024-04-06T22:50:52 44 loss=0.031227381104004512
2024-04-06 22:50:52,399 44 loss=0.031227381104004512
2024-04-06T22:50:52 45 loss=0.030120507018450583
2024-04-06 22:50:52,438 45 loss=0.030120507018450583
2024-04-06T22:50:52 46 loss=0.02936981484700151
2024-04-06 22:50:52,475 46 loss=0.02936981484700151
2024-04-06T22:50:52 47 loss=0.02820799736695641
2024-04-06 22:50:52,512 47 loss=0.02820799736695641
2024-04-06T22:50:52 48 loss=0.02757637131293168
2024-04-06 22:50:52,549 48 loss=0.02757637131293168
2024-04-06T22:50:52 49 loss=0.026908758544330936
2024-04-06 22:50:52,585 49 loss=0.026908758544330936
2024-04-06T22:50:52 50 loss=0.02614511636447839
2024-04-06 22:50:52,622 50 loss=0.02614511636447839
2024-04-06T22:50:52 
*** Major Checkpoint. Computing Stats and Saving
2024-04-06 22:50:52,622 
*** Major Checkpoint. Computing Stats and Saving
2024-04-06T22:50:52 	 Computing Major Stats lazily... 
2024-04-06 22:50:52,622 	 Computing Major Stats lazily... 
2024-04-06T22:50:52 		 Completed edges=528 good=528 bad=0
2024-04-06 22:50:52,631 		 Completed edges=528 good=528 bad=0
2024-04-06T22:50:52 Distortion avg=0.127496807559101 wc=2.5307936677347196 me=1.3813841289282414 mc=1.83207090246379 nan_elements=0
2024-04-06 22:50:52,660 Distortion avg=0.127496807559101 wc=2.5307936677347196 me=1.3813841289282414 mc=1.83207090246379 nan_elements=0
2024-04-06T22:50:52 MAP = 0.952861952861953
2024-04-06 22:50:52,660 MAP = 0.952861952861953
2024-04-06T22:50:52 scale=[array([1.]), array([1.]), array([1.]), array([1.]), array([1.]), array([1.])]
2024-04-06 22:50:52,661 scale=[array([1.]), array([1.]), array([1.]), array([1.]), array([1.]), array([1.])]
2024-04-06T22:50:52 *** End Major Checkpoint

2024-04-06 22:50:52,661 *** End Major Checkpoint

2024-04-06T22:50:52 51 loss=0.02548175245266282
2024-04-06 22:50:52,697 51 loss=0.02548175245266282
2024-04-06T22:50:52 52 loss=0.024543421782561716
2024-04-06 22:50:52,735 52 loss=0.024543421782561716
2024-04-06T22:50:52 53 loss=0.024088856588491678
2024-04-06 22:50:52,773 53 loss=0.024088856588491678
2024-04-06T22:50:52 54 loss=0.02341270670167115
2024-04-06 22:50:52,811 54 loss=0.02341270670167115
2024-04-06T22:50:52 55 loss=0.02296529803744641
2024-04-06 22:50:52,846 55 loss=0.02296529803744641
2024-04-06T22:50:52 56 loss=0.022327865045959232
2024-04-06 22:50:52,885 56 loss=0.022327865045959232
2024-04-06T22:50:52 57 loss=0.02174120530457864
2024-04-06 22:50:52,922 57 loss=0.02174120530457864
2024-04-06T22:50:52 58 loss=0.021302644313029542
2024-04-06 22:50:52,957 58 loss=0.021302644313029542
2024-04-06T22:50:52 59 loss=0.020893917633155203
2024-04-06 22:50:52,996 59 loss=0.020893917633155203
2024-04-06T22:50:53 60 loss=0.020723526253213144
2024-04-06 22:50:53,032 60 loss=0.020723526253213144
2024-04-06T22:50:53 
*** Major Checkpoint. Computing Stats and Saving
2024-04-06 22:50:53,032 
*** Major Checkpoint. Computing Stats and Saving
2024-04-06T22:50:53 	 Computing Major Stats lazily... 
2024-04-06 22:50:53,032 	 Computing Major Stats lazily... 
2024-04-06T22:50:53 		 Completed edges=528 good=528 bad=0
2024-04-06 22:50:53,044 		 Completed edges=528 good=528 bad=0
2024-04-06T22:50:53 Distortion avg=0.11241693387728174 wc=2.3673666388775105 me=1.4171603548304428 mc=1.6705001877933257 nan_elements=0
2024-04-06 22:50:53,074 Distortion avg=0.11241693387728174 wc=2.3673666388775105 me=1.4171603548304428 mc=1.6705001877933257 nan_elements=0
2024-04-06T22:50:53 MAP = 0.9562289562289563
2024-04-06 22:50:53,074 MAP = 0.9562289562289563
2024-04-06T22:50:53 scale=[array([1.]), array([1.]), array([1.]), array([1.]), array([1.]), array([1.])]
2024-04-06 22:50:53,075 scale=[array([1.]), array([1.]), array([1.]), array([1.]), array([1.]), array([1.])]
2024-04-06T22:50:53 *** End Major Checkpoint

2024-04-06 22:50:53,075 *** End Major Checkpoint

2024-04-06T22:50:53 61 loss=0.020047819433567083
2024-04-06 22:50:53,115 61 loss=0.020047819433567083
2024-04-06T22:50:53 62 loss=0.020767183806655872
2024-04-06 22:50:53,153 62 loss=0.020767183806655872
2024-04-06T22:50:53 63 loss=0.019349942492117956
2024-04-06 22:50:53,191 63 loss=0.019349942492117956
2024-04-06T22:50:53 64 loss=0.01892021103453835
2024-04-06 22:50:53,229 64 loss=0.01892021103453835
2024-04-06T22:50:53 65 loss=0.01855379407757445
2024-04-06 22:50:53,264 65 loss=0.01855379407757445
2024-04-06T22:50:53 66 loss=0.018281788351382607
2024-04-06 22:50:53,299 66 loss=0.018281788351382607
2024-04-06T22:50:53 67 loss=0.017778744669495205
2024-04-06 22:50:53,338 67 loss=0.017778744669495205
2024-04-06T22:50:53 68 loss=0.01747696291059036
2024-04-06 22:50:53,375 68 loss=0.01747696291059036
2024-04-06T22:50:53 69 loss=0.017372746438268586
2024-04-06 22:50:53,413 69 loss=0.017372746438268586
2024-04-06T22:50:53 70 loss=0.01703999529563818
2024-04-06 22:50:53,451 70 loss=0.01703999529563818
2024-04-06T22:50:53 
*** Major Checkpoint. Computing Stats and Saving
2024-04-06 22:50:53,451 
*** Major Checkpoint. Computing Stats and Saving
2024-04-06T22:50:53 	 Computing Major Stats lazily... 
2024-04-06 22:50:53,452 	 Computing Major Stats lazily... 
2024-04-06T22:50:53 		 Completed edges=528 good=528 bad=0
2024-04-06 22:50:53,461 		 Completed edges=528 good=528 bad=0
2024-04-06T22:50:53 Distortion avg=0.10091783245209564 wc=2.167383729150378 me=1.3980924612496481 mc=1.550243484764319 nan_elements=0
2024-04-06 22:50:53,494 Distortion avg=0.10091783245209564 wc=2.167383729150378 me=1.3980924612496481 mc=1.550243484764319 nan_elements=0
2024-04-06T22:50:53 MAP = 0.952861952861953
2024-04-06 22:50:53,494 MAP = 0.952861952861953
2024-04-06T22:50:53 scale=[array([1.]), array([1.]), array([1.]), array([1.]), array([1.]), array([1.])]
2024-04-06 22:50:53,495 scale=[array([1.]), array([1.]), array([1.]), array([1.]), array([1.]), array([1.])]
2024-04-06T22:50:53 *** End Major Checkpoint

2024-04-06 22:50:53,495 *** End Major Checkpoint

2024-04-06T22:50:53 71 loss=0.016732237849547003
2024-04-06 22:50:53,533 71 loss=0.016732237849547003
2024-04-06T22:50:53 72 loss=0.016474301863223604
2024-04-06 22:50:53,572 72 loss=0.016474301863223604
2024-04-06T22:50:53 73 loss=0.017384185263981094
2024-04-06 22:50:53,606 73 loss=0.017384185263981094
2024-04-06T22:50:53 74 loss=0.01622035717544647
2024-04-06 22:50:53,644 74 loss=0.01622035717544647
2024-04-06T22:50:53 75 loss=0.01581382920112261
2024-04-06 22:50:53,683 75 loss=0.01581382920112261
2024-04-06T22:50:53 76 loss=0.015621592443584692
2024-04-06 22:50:53,715 76 loss=0.015621592443584692
2024-04-06T22:50:53 77 loss=0.01537765793807467
2024-04-06 22:50:53,754 77 loss=0.01537765793807467
2024-04-06T22:50:53 78 loss=0.015222078538404092
2024-04-06 22:50:53,793 78 loss=0.015222078538404092
2024-04-06T22:50:53 79 loss=0.015072163147982652
2024-04-06 22:50:53,832 79 loss=0.015072163147982652
2024-04-06T22:50:53 80 loss=0.01485171824474611
2024-04-06 22:50:53,871 80 loss=0.01485171824474611
2024-04-06T22:50:53 
*** Major Checkpoint. Computing Stats and Saving
2024-04-06 22:50:53,871 
*** Major Checkpoint. Computing Stats and Saving
2024-04-06T22:50:53 	 Computing Major Stats lazily... 
2024-04-06 22:50:53,871 	 Computing Major Stats lazily... 
2024-04-06T22:50:53 		 Completed edges=528 good=528 bad=0
2024-04-06 22:50:53,882 		 Completed edges=528 good=528 bad=0
2024-04-06T22:50:53 Distortion avg=0.0942894827846641 wc=2.034880102481065 me=1.394589994343767 mc=1.4591242664397508 nan_elements=0
2024-04-06 22:50:53,910 Distortion avg=0.0942894827846641 wc=2.034880102481065 me=1.394589994343767 mc=1.4591242664397508 nan_elements=0
2024-04-06T22:50:53 MAP = 0.9562289562289562
2024-04-06 22:50:53,911 MAP = 0.9562289562289562
2024-04-06T22:50:53 scale=[array([1.]), array([1.]), array([1.]), array([1.]), array([1.]), array([1.])]
2024-04-06 22:50:53,911 scale=[array([1.]), array([1.]), array([1.]), array([1.]), array([1.]), array([1.])]
2024-04-06T22:50:53 *** End Major Checkpoint

2024-04-06 22:50:53,911 *** End Major Checkpoint

2024-04-06T22:50:53 81 loss=0.01480836113304732
2024-04-06 22:50:53,949 81 loss=0.01480836113304732
2024-04-06T22:50:53 82 loss=0.014361726068668099
2024-04-06 22:50:53,989 82 loss=0.014361726068668099
2024-04-06T22:50:54 83 loss=0.014230449731539883
2024-04-06 22:50:54,027 83 loss=0.014230449731539883
2024-04-06T22:50:54 84 loss=0.014329268237252769
2024-04-06 22:50:54,064 84 loss=0.014329268237252769
2024-04-06T22:50:54 85 loss=0.014043756373330385
2024-04-06 22:50:54,101 85 loss=0.014043756373330385
2024-04-06T22:50:54 86 loss=0.013968261193792316
2024-04-06 22:50:54,139 86 loss=0.013968261193792316
2024-04-06T22:50:54 87 loss=0.013774457467682907
2024-04-06 22:50:54,177 87 loss=0.013774457467682907
2024-04-06T22:50:54 88 loss=0.013620808800206356
2024-04-06 22:50:54,216 88 loss=0.013620808800206356
2024-04-06T22:50:54 89 loss=0.013497936060246863
2024-04-06 22:50:54,254 89 loss=0.013497936060246863
2024-04-06T22:50:54 90 loss=0.01364476681213421
2024-04-06 22:50:54,290 90 loss=0.01364476681213421
2024-04-06T22:50:54 
*** Major Checkpoint. Computing Stats and Saving
2024-04-06 22:50:54,291 
*** Major Checkpoint. Computing Stats and Saving
2024-04-06T22:50:54 	 Computing Major Stats lazily... 
2024-04-06 22:50:54,291 	 Computing Major Stats lazily... 
2024-04-06T22:50:54 		 Completed edges=528 good=528 bad=0
2024-04-06 22:50:54,301 		 Completed edges=528 good=528 bad=0
2024-04-06T22:50:54 Distortion avg=0.08949428080967814 wc=2.0955288227618176 me=1.4297159517950913 mc=1.4656959098279345 nan_elements=0
2024-04-06 22:50:54,332 Distortion avg=0.08949428080967814 wc=2.0955288227618176 me=1.4297159517950913 mc=1.4656959098279345 nan_elements=0
2024-04-06T22:50:54 MAP = 0.9562289562289562
2024-04-06 22:50:54,332 MAP = 0.9562289562289562
2024-04-06T22:50:54 scale=[array([1.]), array([1.]), array([1.]), array([1.]), array([1.]), array([1.])]
2024-04-06 22:50:54,333 scale=[array([1.]), array([1.]), array([1.]), array([1.]), array([1.]), array([1.])]
2024-04-06T22:50:54 *** End Major Checkpoint

2024-04-06 22:50:54,333 *** End Major Checkpoint

2024-04-06T22:50:54 91 loss=0.013309025422717419
2024-04-06 22:50:54,369 91 loss=0.013309025422717419
2024-04-06T22:50:54 92 loss=0.01314272963045008
2024-04-06 22:50:54,407 92 loss=0.01314272963045008
2024-04-06T22:50:54 93 loss=0.013047323167941488
2024-04-06 22:50:54,444 93 loss=0.013047323167941488
2024-04-06T22:50:54 94 loss=0.013107531340574022
2024-04-06 22:50:54,484 94 loss=0.013107531340574022
2024-04-06T22:50:54 95 loss=0.01305509026471603
2024-04-06 22:50:54,519 95 loss=0.01305509026471603
2024-04-06T22:50:54 96 loss=0.012913084965029959
2024-04-06 22:50:54,553 96 loss=0.012913084965029959
2024-04-06T22:50:54 97 loss=0.012806456645415675
2024-04-06 22:50:54,590 97 loss=0.012806456645415675
2024-04-06T22:50:54 98 loss=0.012666673927417575
2024-04-06 22:50:54,628 98 loss=0.012666673927417575
2024-04-06T22:50:54 99 loss=0.012566227950338387
2024-04-06 22:50:54,668 99 loss=0.012566227950338387
2024-04-06T22:50:54 100 loss=0.012376794163427707
2024-04-06 22:50:54,711 100 loss=0.012376794163427707
2024-04-06T22:50:54 
*** Major Checkpoint. Computing Stats and Saving
2024-04-06 22:50:54,711 
*** Major Checkpoint. Computing Stats and Saving
2024-04-06T22:50:54 	 Computing Major Stats lazily... 
2024-04-06 22:50:54,711 	 Computing Major Stats lazily... 
2024-04-06T22:50:54 		 Completed edges=528 good=528 bad=0
2024-04-06 22:50:54,722 		 Completed edges=528 good=528 bad=0
2024-04-06T22:50:54 Distortion avg=0.08583840119718564 wc=2.0624480072702607 me=1.4704710374101366 mc=1.4025764226561999 nan_elements=0
2024-04-06 22:50:54,756 Distortion avg=0.08583840119718564 wc=2.0624480072702607 me=1.4704710374101366 mc=1.4025764226561999 nan_elements=0
2024-04-06T22:50:54 MAP = 0.9646464646464646
2024-04-06 22:50:54,756 MAP = 0.9646464646464646
2024-04-06T22:50:54 scale=[array([1.]), array([1.]), array([1.]), array([1.]), array([1.]), array([1.])]
2024-04-06 22:50:54,757 scale=[array([1.]), array([1.]), array([1.]), array([1.]), array([1.]), array([1.])]
2024-04-06T22:50:54 *** End Major Checkpoint

2024-04-06 22:50:54,757 *** End Major Checkpoint

2024-04-06T22:50:54 final loss=0.012376794163427707
2024-04-06 22:50:54,757 final loss=0.012376794163427707
2024-04-06T22:50:54 best loss=0.012376794163427707, distortion=0.08583840119718564, map=0.9852212602212602, wc_dist=2.034880102481065
2024-04-06 22:50:54,757 best loss=0.012376794163427707, distortion=0.08583840119718564, map=0.9852212602212602, wc_dist=2.034880102481065
2024-04-06T22:50:54 Compare matrices built
2024-04-06 22:50:54,780 Compare matrices built
2024-04-06T22:50:55 Distortion avg=0.08542098949640788 wc=7.324281621139834 me=1.4704710374101366 mc=4.980908453688218 nan_elements=0.0
2024-04-06 22:50:55,224 Distortion avg=0.08542098949640788 wc=7.324281621139834 me=1.4704710374101366 mc=4.980908453688218 nan_elements=0.0
2024-04-06T22:50:55 MAP = 0.9646464646464646
2024-04-06 22:50:55,225 MAP = 0.9646464646464646
2024-04-06T22:50:55 scale=[array([1.]), array([1.]), array([1.]), array([1.]), array([1.]), array([1.])]
2024-04-06 22:50:55,226 scale=[array([1.]), array([1.]), array([1.]), array([1.]), array([1.]), array([1.])]
