# load graph
# initialize tNodeEmbed for dataset=PPI, test_size=0.2
# load dataset
# fit
# tNodeEmbed
Epoch 1/25

 1/67 [..............................] - ETA: 1:23 - loss: 0.6946 - accuracy: 0.5000
18/67 [=======>......................] - ETA: 0s - loss: 0.6704 - accuracy: 0.5312  
36/67 [===============>..............] - ETA: 0s - loss: 0.6622 - accuracy: 0.5773
55/67 [=======================>......] - ETA: 0s - loss: 0.6501 - accuracy: 0.6131
67/67 [==============================] - 1s 3ms/step - loss: 0.6404 - accuracy: 0.6318
Epoch 2/25

 1/67 [..............................] - ETA: 0s - loss: 0.5327 - accuracy: 0.6562
20/67 [=======>......................] - ETA: 0s - loss: 0.5570 - accuracy: 0.7359
37/67 [===============>..............] - ETA: 0s - loss: 0.5519 - accuracy: 0.7424
54/67 [=======================>......] - ETA: 0s - loss: 0.5421 - accuracy: 0.7506
67/67 [==============================] - 0s 3ms/step - loss: 0.5378 - accuracy: 0.7527
Epoch 3/25

 1/67 [..............................] - ETA: 0s - loss: 0.3711 - accuracy: 0.8438
18/67 [=======>......................] - ETA: 0s - loss: 0.4854 - accuracy: 0.7778
36/67 [===============>..............] - ETA: 0s - loss: 0.4939 - accuracy: 0.7734
54/67 [=======================>......] - ETA: 0s - loss: 0.4886 - accuracy: 0.7755
67/67 [==============================] - 0s 3ms/step - loss: 0.4799 - accuracy: 0.7797
Epoch 4/25

 1/67 [..............................] - ETA: 0s - loss: 0.4742 - accuracy: 0.7812
20/67 [=======>......................] - ETA: 0s - loss: 0.4382 - accuracy: 0.8156
41/67 [=================>............] - ETA: 0s - loss: 0.4471 - accuracy: 0.8095
61/67 [==========================>...] - ETA: 0s - loss: 0.4418 - accuracy: 0.8110
67/67 [==============================] - 0s 3ms/step - loss: 0.4396 - accuracy: 0.8129
Epoch 5/25

 1/67 [..............................] - ETA: 0s - loss: 0.2903 - accuracy: 0.9062
19/67 [=======>......................] - ETA: 0s - loss: 0.3827 - accuracy: 0.8454
35/67 [==============>...............] - ETA: 0s - loss: 0.3807 - accuracy: 0.8500
53/67 [======================>.......] - ETA: 0s - loss: 0.3924 - accuracy: 0.8479
67/67 [==============================] - 0s 3ms/step - loss: 0.4027 - accuracy: 0.8399
Epoch 6/25

 1/67 [..............................] - ETA: 0s - loss: 0.3527 - accuracy: 0.9062
21/67 [========>.....................] - ETA: 0s - loss: 0.3747 - accuracy: 0.8557
40/67 [================>.............] - ETA: 0s - loss: 0.3513 - accuracy: 0.8625
59/67 [=========================>....] - ETA: 0s - loss: 0.3643 - accuracy: 0.8528
67/67 [==============================] - 0s 3ms/step - loss: 0.3688 - accuracy: 0.8516
Epoch 7/25

 1/67 [..............................] - ETA: 0s - loss: 0.3914 - accuracy: 0.8438
19/67 [=======>......................] - ETA: 0s - loss: 0.3014 - accuracy: 0.8882
38/67 [================>.............] - ETA: 0s - loss: 0.3113 - accuracy: 0.8849
57/67 [========================>.....] - ETA: 0s - loss: 0.3260 - accuracy: 0.8739
67/67 [==============================] - 0s 3ms/step - loss: 0.3287 - accuracy: 0.8721
Epoch 8/25

 1/67 [..............................] - ETA: 0s - loss: 0.3392 - accuracy: 0.8750
18/67 [=======>......................] - ETA: 0s - loss: 0.2692 - accuracy: 0.9115
36/67 [===============>..............] - ETA: 0s - loss: 0.2772 - accuracy: 0.8984
53/67 [======================>.......] - ETA: 0s - loss: 0.2932 - accuracy: 0.8868
67/67 [==============================] - 0s 3ms/step - loss: 0.2922 - accuracy: 0.8866
Epoch 9/25

 1/67 [..............................] - ETA: 0s - loss: 0.2196 - accuracy: 0.8750
18/67 [=======>......................] - ETA: 0s - loss: 0.2564 - accuracy: 0.9045
34/67 [==============>...............] - ETA: 0s - loss: 0.2702 - accuracy: 0.8980
52/67 [======================>.......] - ETA: 0s - loss: 0.2694 - accuracy: 0.8960
67/67 [==============================] - 0s 3ms/step - loss: 0.2675 - accuracy: 0.8969
Epoch 10/25

 1/67 [..............................] - ETA: 0s - loss: 0.3102 - accuracy: 0.8438
18/67 [=======>......................] - ETA: 0s - loss: 0.2271 - accuracy: 0.9184
36/67 [===============>..............] - ETA: 0s - loss: 0.2430 - accuracy: 0.9097
49/67 [====================>.........] - ETA: 0s - loss: 0.2420 - accuracy: 0.9114
63/67 [===========================>..] - ETA: 0s - loss: 0.2466 - accuracy: 0.9082
67/67 [==============================] - 0s 3ms/step - loss: 0.2455 - accuracy: 0.9090
Epoch 11/25

 1/67 [..............................] - ETA: 0s - loss: 0.1841 - accuracy: 0.9375
19/67 [=======>......................] - ETA: 0s - loss: 0.2289 - accuracy: 0.9178
38/67 [================>.............] - ETA: 0s - loss: 0.2249 - accuracy: 0.9153
57/67 [========================>.....] - ETA: 0s - loss: 0.2298 - accuracy: 0.9106
67/67 [==============================] - 0s 3ms/step - loss: 0.2257 - accuracy: 0.9141
Epoch 12/25

 1/67 [..............................] - ETA: 0s - loss: 0.3722 - accuracy: 0.8438
18/67 [=======>......................] - ETA: 0s - loss: 0.2305 - accuracy: 0.9132
35/67 [==============>...............] - ETA: 0s - loss: 0.2242 - accuracy: 0.9152
53/67 [======================>.......] - ETA: 0s - loss: 0.2191 - accuracy: 0.9151
67/67 [==============================] - 0s 3ms/step - loss: 0.2235 - accuracy: 0.9113
Epoch 13/25

 1/67 [..............................] - ETA: 0s - loss: 0.1927 - accuracy: 0.9062
19/67 [=======>......................] - ETA: 0s - loss: 0.1796 - accuracy: 0.9391
37/67 [===============>..............] - ETA: 0s - loss: 0.1978 - accuracy: 0.9274
55/67 [=======================>......] - ETA: 0s - loss: 0.2124 - accuracy: 0.9193
67/67 [==============================] - 0s 3ms/step - loss: 0.2117 - accuracy: 0.9202
Epoch 14/25

 1/67 [..............................] - ETA: 0s - loss: 0.1734 - accuracy: 0.9375
18/67 [=======>......................] - ETA: 0s - loss: 0.1959 - accuracy: 0.9271
38/67 [================>.............] - ETA: 0s - loss: 0.2051 - accuracy: 0.9186
57/67 [========================>.....] - ETA: 0s - loss: 0.2106 - accuracy: 0.9183
67/67 [==============================] - 0s 3ms/step - loss: 0.2044 - accuracy: 0.9211
Epoch 15/25

 1/67 [..............................] - ETA: 0s - loss: 0.1986 - accuracy: 0.9375
21/67 [========>.....................] - ETA: 0s - loss: 0.2186 - accuracy: 0.9152
41/67 [=================>............] - ETA: 0s - loss: 0.2030 - accuracy: 0.9238
61/67 [==========================>...] - ETA: 0s - loss: 0.1991 - accuracy: 0.9237
67/67 [==============================] - 0s 3ms/step - loss: 0.2012 - accuracy: 0.9216
Epoch 16/25

 1/67 [..............................] - ETA: 0s - loss: 0.2196 - accuracy: 0.9375
21/67 [========>.....................] - ETA: 0s - loss: 0.2122 - accuracy: 0.9077
40/67 [================>.............] - ETA: 0s - loss: 0.2059 - accuracy: 0.9141
58/67 [========================>.....] - ETA: 0s - loss: 0.1971 - accuracy: 0.9203
67/67 [==============================] - 0s 3ms/step - loss: 0.1968 - accuracy: 0.9216
Epoch 17/25

 1/67 [..............................] - ETA: 0s - loss: 0.0961 - accuracy: 0.9688
18/67 [=======>......................] - ETA: 0s - loss: 0.1815 - accuracy: 0.9253
36/67 [===============>..............] - ETA: 0s - loss: 0.1878 - accuracy: 0.9245
55/67 [=======================>......] - ETA: 0s - loss: 0.1919 - accuracy: 0.9250
67/67 [==============================] - 0s 3ms/step - loss: 0.1934 - accuracy: 0.9235
Epoch 18/25

 1/67 [..............................] - ETA: 0s - loss: 0.0929 - accuracy: 1.0000
19/67 [=======>......................] - ETA: 0s - loss: 0.1941 - accuracy: 0.9260
37/67 [===============>..............] - ETA: 0s - loss: 0.2037 - accuracy: 0.9172
54/67 [=======================>......] - ETA: 0s - loss: 0.1998 - accuracy: 0.9201
67/67 [==============================] - 0s 3ms/step - loss: 0.1963 - accuracy: 0.9225
Epoch 19/25

 1/67 [..............................] - ETA: 0s - loss: 0.2402 - accuracy: 0.8750
18/67 [=======>......................] - ETA: 0s - loss: 0.1779 - accuracy: 0.9288
35/67 [==============>...............] - ETA: 0s - loss: 0.1892 - accuracy: 0.9232
53/67 [======================>.......] - ETA: 0s - loss: 0.1955 - accuracy: 0.9210
67/67 [==============================] - 0s 3ms/step - loss: 0.1963 - accuracy: 0.9225
Epoch 20/25

 1/67 [..............................] - ETA: 0s - loss: 0.2020 - accuracy: 0.9062
21/67 [========>.....................] - ETA: 0s - loss: 0.1750 - accuracy: 0.9301
40/67 [================>.............] - ETA: 0s - loss: 0.1929 - accuracy: 0.9203
58/67 [========================>.....] - ETA: 0s - loss: 0.1897 - accuracy: 0.9240
67/67 [==============================] - 0s 3ms/step - loss: 0.1931 - accuracy: 0.9225
Epoch 21/25

 1/67 [..............................] - ETA: 0s - loss: 0.0977 - accuracy: 0.9688
19/67 [=======>......................] - ETA: 0s - loss: 0.1610 - accuracy: 0.9391
37/67 [===============>..............] - ETA: 0s - loss: 0.1866 - accuracy: 0.9231
55/67 [=======================>......] - ETA: 0s - loss: 0.1922 - accuracy: 0.9222
67/67 [==============================] - 0s 3ms/step - loss: 0.1884 - accuracy: 0.9249
Epoch 22/25

 1/67 [..............................] - ETA: 0s - loss: 0.2687 - accuracy: 0.8438
21/67 [========>.....................] - ETA: 0s - loss: 0.1796 - accuracy: 0.9345
39/67 [================>.............] - ETA: 0s - loss: 0.1863 - accuracy: 0.9271
58/67 [========================>.....] - ETA: 0s - loss: 0.1850 - accuracy: 0.9278
67/67 [==============================] - 0s 3ms/step - loss: 0.1918 - accuracy: 0.9249
Epoch 23/25

 1/67 [..............................] - ETA: 0s - loss: 0.1670 - accuracy: 0.9375
18/67 [=======>......................] - ETA: 0s - loss: 0.1743 - accuracy: 0.9358
35/67 [==============>...............] - ETA: 0s - loss: 0.1753 - accuracy: 0.9330
52/67 [======================>.......] - ETA: 0s - loss: 0.1810 - accuracy: 0.9297
67/67 [==============================] - 0s 3ms/step - loss: 0.1858 - accuracy: 0.9253
Epoch 24/25

 1/67 [..............................] - ETA: 0s - loss: 0.1151 - accuracy: 0.9375
17/67 [======>.......................] - ETA: 0s - loss: 0.1816 - accuracy: 0.9338
34/67 [==============>...............] - ETA: 0s - loss: 0.1711 - accuracy: 0.9366
51/67 [=====================>........] - ETA: 0s - loss: 0.1766 - accuracy: 0.9344
67/67 [==============================] - ETA: 0s - loss: 0.1894 - accuracy: 0.9263
67/67 [==============================] - 0s 3ms/step - loss: 0.1894 - accuracy: 0.9263
Epoch 25/25

 1/67 [..............................] - ETA: 0s - loss: 0.2092 - accuracy: 0.9062
20/67 [=======>......................] - ETA: 0s - loss: 0.1814 - accuracy: 0.9281
40/67 [================>.............] - ETA: 0s - loss: 0.1786 - accuracy: 0.9250
59/67 [=========================>....] - ETA: 0s - loss: 0.1818 - accuracy: 0.9269
67/67 [==============================] - 0s 3ms/step - loss: 0.1877 - accuracy: 0.9230
# node2vec
Epoch 1/25

 1/67 [..............................] - ETA: 21s - loss: 0.7087 - accuracy: 0.4688
27/67 [===========>..................] - ETA: 0s - loss: 0.6518 - accuracy: 0.6493 
56/67 [========================>.....] - ETA: 0s - loss: 0.6276 - accuracy: 0.6925
67/67 [==============================] - 0s 2ms/step - loss: 0.6174 - accuracy: 0.7042
Epoch 2/25

 1/67 [..............................] - ETA: 0s - loss: 0.6454 - accuracy: 0.7188
31/67 [============>.................] - ETA: 0s - loss: 0.5397 - accuracy: 0.7671
64/67 [===========================>..] - ETA: 0s - loss: 0.5378 - accuracy: 0.7690
67/67 [==============================] - 0s 2ms/step - loss: 0.5355 - accuracy: 0.7713
Epoch 3/25

 1/67 [..............................] - ETA: 0s - loss: 0.4871 - accuracy: 0.7812
28/67 [===========>..................] - ETA: 0s - loss: 0.4859 - accuracy: 0.7812
61/67 [==========================>...] - ETA: 0s - loss: 0.4822 - accuracy: 0.7905
67/67 [==============================] - 0s 2ms/step - loss: 0.4826 - accuracy: 0.7914
Epoch 4/25

 1/67 [..............................] - ETA: 0s - loss: 0.4705 - accuracy: 0.7500
35/67 [==============>...............] - ETA: 0s - loss: 0.4497 - accuracy: 0.8107
67/67 [==============================] - 0s 1ms/step - loss: 0.4543 - accuracy: 0.8054
Epoch 5/25

 1/67 [..............................] - ETA: 0s - loss: 0.4033 - accuracy: 0.8438
36/67 [===============>..............] - ETA: 0s - loss: 0.4348 - accuracy: 0.8099
67/67 [==============================] - 0s 1ms/step - loss: 0.4290 - accuracy: 0.8189
Epoch 6/25

 1/67 [..............................] - ETA: 0s - loss: 0.3555 - accuracy: 0.8750
36/67 [===============>..............] - ETA: 0s - loss: 0.4061 - accuracy: 0.8307
67/67 [==============================] - 0s 1ms/step - loss: 0.4132 - accuracy: 0.8259
Epoch 7/25

 1/67 [..............................] - ETA: 0s - loss: 0.3165 - accuracy: 0.9062
35/67 [==============>...............] - ETA: 0s - loss: 0.3742 - accuracy: 0.8491
63/67 [===========================>..] - ETA: 0s - loss: 0.3877 - accuracy: 0.8378
67/67 [==============================] - 0s 2ms/step - loss: 0.3915 - accuracy: 0.8348
Epoch 8/25

 1/67 [..............................] - ETA: 0s - loss: 0.4528 - accuracy: 0.7812
30/67 [============>.................] - ETA: 0s - loss: 0.3530 - accuracy: 0.8656
59/67 [=========================>....] - ETA: 0s - loss: 0.3698 - accuracy: 0.8506
67/67 [==============================] - 0s 2ms/step - loss: 0.3722 - accuracy: 0.8507
Epoch 9/25

 1/67 [..............................] - ETA: 0s - loss: 0.2761 - accuracy: 0.9375
28/67 [===========>..................] - ETA: 0s - loss: 0.3500 - accuracy: 0.8661
56/67 [========================>.....] - ETA: 0s - loss: 0.3545 - accuracy: 0.8638
67/67 [==============================] - 0s 2ms/step - loss: 0.3528 - accuracy: 0.8651
Epoch 10/25

 1/67 [..............................] - ETA: 0s - loss: 0.3186 - accuracy: 0.8750
25/67 [==========>...................] - ETA: 0s - loss: 0.3320 - accuracy: 0.8763
55/67 [=======================>......] - ETA: 0s - loss: 0.3395 - accuracy: 0.8699
67/67 [==============================] - 0s 2ms/step - loss: 0.3403 - accuracy: 0.8698
Epoch 11/25

 1/67 [..............................] - ETA: 0s - loss: 0.3439 - accuracy: 0.9062
28/67 [===========>..................] - ETA: 0s - loss: 0.3072 - accuracy: 0.8895
62/67 [==========================>...] - ETA: 0s - loss: 0.3180 - accuracy: 0.8846
67/67 [==============================] - 0s 2ms/step - loss: 0.3230 - accuracy: 0.8782
Epoch 12/25

 1/67 [..............................] - ETA: 0s - loss: 0.2604 - accuracy: 0.8750
38/67 [================>.............] - ETA: 0s - loss: 0.3153 - accuracy: 0.8808
67/67 [==============================] - 0s 1ms/step - loss: 0.3054 - accuracy: 0.8922
Epoch 13/25

 1/67 [..............................] - ETA: 0s - loss: 0.2706 - accuracy: 0.9062
39/67 [================>.............] - ETA: 0s - loss: 0.2901 - accuracy: 0.9006
67/67 [==============================] - 0s 1ms/step - loss: 0.2935 - accuracy: 0.8941
Epoch 14/25

 1/67 [..............................] - ETA: 0s - loss: 0.3746 - accuracy: 0.8438
34/67 [==============>...............] - ETA: 0s - loss: 0.2780 - accuracy: 0.9108
67/67 [==============================] - 0s 1ms/step - loss: 0.2813 - accuracy: 0.9039
Epoch 15/25

 1/67 [..............................] - ETA: 0s - loss: 0.3267 - accuracy: 0.8438
35/67 [==============>...............] - ETA: 0s - loss: 0.2781 - accuracy: 0.8973
67/67 [==============================] - 0s 1ms/step - loss: 0.2723 - accuracy: 0.9057
Epoch 16/25

 1/67 [..............................] - ETA: 0s - loss: 0.3110 - accuracy: 0.9062
38/67 [================>.............] - ETA: 0s - loss: 0.2492 - accuracy: 0.9186
67/67 [==============================] - 0s 2ms/step - loss: 0.2605 - accuracy: 0.9109
Epoch 17/25

 1/67 [..............................] - ETA: 0s - loss: 0.1863 - accuracy: 0.9375
33/67 [=============>................] - ETA: 0s - loss: 0.2521 - accuracy: 0.9148
64/67 [===========================>..] - ETA: 0s - loss: 0.2550 - accuracy: 0.9111
67/67 [==============================] - 0s 2ms/step - loss: 0.2521 - accuracy: 0.9132
Epoch 18/25

 1/67 [..............................] - ETA: 0s - loss: 0.2398 - accuracy: 0.9375
34/67 [==============>...............] - ETA: 0s - loss: 0.2317 - accuracy: 0.9256
66/67 [============================>.] - ETA: 0s - loss: 0.2474 - accuracy: 0.9171
67/67 [==============================] - 0s 2ms/step - loss: 0.2462 - accuracy: 0.9179
Epoch 19/25

 1/67 [..............................] - ETA: 0s - loss: 0.1804 - accuracy: 0.9688
28/67 [===========>..................] - ETA: 0s - loss: 0.2334 - accuracy: 0.9252
51/67 [=====================>........] - ETA: 0s - loss: 0.2325 - accuracy: 0.9210
65/67 [============================>.] - ETA: 0s - loss: 0.2389 - accuracy: 0.9168
67/67 [==============================] - 0s 2ms/step - loss: 0.2373 - accuracy: 0.9174
Epoch 20/25

 1/67 [..............................] - ETA: 0s - loss: 0.2975 - accuracy: 0.8750
24/67 [=========>....................] - ETA: 0s - loss: 0.2198 - accuracy: 0.9284
52/67 [======================>.......] - ETA: 0s - loss: 0.2261 - accuracy: 0.9237
67/67 [==============================] - 0s 2ms/step - loss: 0.2309 - accuracy: 0.9197
Epoch 21/25

 1/67 [..............................] - ETA: 0s - loss: 0.1268 - accuracy: 0.9688
29/67 [===========>..................] - ETA: 0s - loss: 0.2166 - accuracy: 0.9235
63/67 [===========================>..] - ETA: 0s - loss: 0.2279 - accuracy: 0.9187
67/67 [==============================] - 0s 2ms/step - loss: 0.2262 - accuracy: 0.9193
Epoch 22/25

 1/67 [..............................] - ETA: 0s - loss: 0.2630 - accuracy: 0.9062
35/67 [==============>...............] - ETA: 0s - loss: 0.2314 - accuracy: 0.9161
67/67 [==============================] - 0s 1ms/step - loss: 0.2229 - accuracy: 0.9221
Epoch 23/25

 1/67 [..............................] - ETA: 0s - loss: 0.2318 - accuracy: 0.9062
36/67 [===============>..............] - ETA: 0s - loss: 0.2286 - accuracy: 0.9132
67/67 [==============================] - 0s 2ms/step - loss: 0.2165 - accuracy: 0.9202
Epoch 24/25

 1/67 [..............................] - ETA: 0s - loss: 0.2952 - accuracy: 0.8750
36/67 [===============>..............] - ETA: 0s - loss: 0.2030 - accuracy: 0.9297
67/67 [==============================] - 0s 1ms/step - loss: 0.2145 - accuracy: 0.9225
Epoch 25/25

 1/67 [..............................] - ETA: 0s - loss: 0.2833 - accuracy: 0.8750
35/67 [==============>...............] - ETA: 0s - loss: 0.1943 - accuracy: 0.9321
67/67 [==============================] - 0s 1ms/step - loss: 0.2075 - accuracy: 0.9235
# predict: steps=1872
# predict: tnodeembed_metrics
# predict: node2vec_metrics
tnodeembed: {'auc': 0.6715882086035629, 'f1_micro': 0.6692939683387883, 'f1_macro': 0.6627367388595845} tNodeEmbed_final_loss=0.18765616416931152 tNodeEmbed_final_accuracy=0.9230051040649414 
node2vec: {'auc': 0.6598701698754612, 'f1_micro': 0.6571705296907354, 'f1_macro': 0.6467191669363676} node2vec_final_loss=0.20751164853572845 node2vec_final_accuracy=0.9234717488288879 
