# load graph
# initialize tNodeEmbed for dataset=PPI, test_size=0.2
# load dataset
# fit
# tNodeEmbed
Epoch 1/25

 1/67 [..............................] - ETA: 1:25 - loss: 0.6819 - accuracy: 0.6875
21/67 [========>.....................] - ETA: 0s - loss: 0.6868 - accuracy: 0.5342  
41/67 [=================>............] - ETA: 0s - loss: 0.6744 - accuracy: 0.5884
61/67 [==========================>...] - ETA: 0s - loss: 0.6612 - accuracy: 0.6178
67/67 [==============================] - 1s 3ms/step - loss: 0.6570 - accuracy: 0.6248
Epoch 2/25

 1/67 [..............................] - ETA: 0s - loss: 0.5485 - accuracy: 0.8438
20/67 [=======>......................] - ETA: 0s - loss: 0.5576 - accuracy: 0.7359
41/67 [=================>............] - ETA: 0s - loss: 0.5508 - accuracy: 0.7462
62/67 [==========================>...] - ETA: 0s - loss: 0.5462 - accuracy: 0.7429
67/67 [==============================] - 0s 3ms/step - loss: 0.5450 - accuracy: 0.7420
Epoch 3/25

 1/67 [..............................] - ETA: 0s - loss: 0.6053 - accuracy: 0.8438
21/67 [========>.....................] - ETA: 0s - loss: 0.5143 - accuracy: 0.7560
42/67 [=================>............] - ETA: 0s - loss: 0.4872 - accuracy: 0.7738
64/67 [===========================>..] - ETA: 0s - loss: 0.4826 - accuracy: 0.7788
67/67 [==============================] - 0s 2ms/step - loss: 0.4793 - accuracy: 0.7807
Epoch 4/25

 1/67 [..............................] - ETA: 0s - loss: 0.3788 - accuracy: 0.8750
19/67 [=======>......................] - ETA: 0s - loss: 0.4239 - accuracy: 0.8092
39/67 [================>.............] - ETA: 0s - loss: 0.4048 - accuracy: 0.8133
58/67 [========================>.....] - ETA: 0s - loss: 0.4040 - accuracy: 0.8152
67/67 [==============================] - 0s 3ms/step - loss: 0.4068 - accuracy: 0.8147
Epoch 5/25

 1/67 [..............................] - ETA: 0s - loss: 0.3157 - accuracy: 0.9062
19/67 [=======>......................] - ETA: 0s - loss: 0.3591 - accuracy: 0.8503
38/67 [================>.............] - ETA: 0s - loss: 0.3390 - accuracy: 0.8536
56/67 [========================>.....] - ETA: 0s - loss: 0.3286 - accuracy: 0.8627
67/67 [==============================] - 0s 3ms/step - loss: 0.3315 - accuracy: 0.8614
Epoch 6/25

 1/67 [..............................] - ETA: 0s - loss: 0.2236 - accuracy: 0.9062
18/67 [=======>......................] - ETA: 0s - loss: 0.2391 - accuracy: 0.9080
35/67 [==============>...............] - ETA: 0s - loss: 0.2415 - accuracy: 0.9089
51/67 [=====================>........] - ETA: 0s - loss: 0.2438 - accuracy: 0.9105
66/67 [============================>.] - ETA: 0s - loss: 0.2390 - accuracy: 0.9119
67/67 [==============================] - 0s 3ms/step - loss: 0.2381 - accuracy: 0.9127
Epoch 7/25

 1/67 [..............................] - ETA: 0s - loss: 0.1124 - accuracy: 1.0000
12/67 [====>.........................] - ETA: 0s - loss: 0.1488 - accuracy: 0.9609
23/67 [=========>....................] - ETA: 0s - loss: 0.1515 - accuracy: 0.9565
39/67 [================>.............] - ETA: 0s - loss: 0.1480 - accuracy: 0.9591
58/67 [========================>.....] - ETA: 0s - loss: 0.1499 - accuracy: 0.9601
67/67 [==============================] - 0s 4ms/step - loss: 0.1509 - accuracy: 0.9585
Epoch 8/25

 1/67 [..............................] - ETA: 0s - loss: 0.0902 - accuracy: 1.0000
20/67 [=======>......................] - ETA: 0s - loss: 0.0923 - accuracy: 0.9875
40/67 [================>.............] - ETA: 0s - loss: 0.0916 - accuracy: 0.9852
59/67 [=========================>....] - ETA: 0s - loss: 0.0917 - accuracy: 0.9831
67/67 [==============================] - 0s 3ms/step - loss: 0.0925 - accuracy: 0.9813
Epoch 9/25

 1/67 [..............................] - ETA: 0s - loss: 0.0362 - accuracy: 1.0000
20/67 [=======>......................] - ETA: 0s - loss: 0.0488 - accuracy: 0.9953
40/67 [================>.............] - ETA: 0s - loss: 0.0543 - accuracy: 0.9906
59/67 [=========================>....] - ETA: 0s - loss: 0.0527 - accuracy: 0.9921
67/67 [==============================] - 0s 3ms/step - loss: 0.0540 - accuracy: 0.9911
Epoch 10/25

 1/67 [..............................] - ETA: 0s - loss: 0.0180 - accuracy: 1.0000
20/67 [=======>......................] - ETA: 0s - loss: 0.0324 - accuracy: 0.9984
39/67 [================>.............] - ETA: 0s - loss: 0.0314 - accuracy: 0.9976
56/67 [========================>.....] - ETA: 0s - loss: 0.0320 - accuracy: 0.9978
67/67 [==============================] - 0s 3ms/step - loss: 0.0304 - accuracy: 0.9981
Epoch 11/25

 1/67 [..............................] - ETA: 0s - loss: 0.0151 - accuracy: 1.0000
18/67 [=======>......................] - ETA: 0s - loss: 0.0166 - accuracy: 1.0000
34/67 [==============>...............] - ETA: 0s - loss: 0.0154 - accuracy: 0.9991
51/67 [=====================>........] - ETA: 0s - loss: 0.0152 - accuracy: 0.9994
67/67 [==============================] - 0s 3ms/step - loss: 0.0157 - accuracy: 0.9986
Epoch 12/25

 1/67 [..............................] - ETA: 0s - loss: 0.0099 - accuracy: 1.0000
18/67 [=======>......................] - ETA: 0s - loss: 0.0116 - accuracy: 1.0000
36/67 [===============>..............] - ETA: 0s - loss: 0.0110 - accuracy: 0.9991
54/67 [=======================>......] - ETA: 0s - loss: 0.0104 - accuracy: 0.9988
67/67 [==============================] - 0s 3ms/step - loss: 0.0105 - accuracy: 0.9991
Epoch 13/25

 1/67 [..............................] - ETA: 0s - loss: 0.0043 - accuracy: 1.0000
20/67 [=======>......................] - ETA: 0s - loss: 0.0061 - accuracy: 1.0000
39/67 [================>.............] - ETA: 0s - loss: 0.0066 - accuracy: 1.0000
59/67 [=========================>....] - ETA: 0s - loss: 0.0075 - accuracy: 0.9995
67/67 [==============================] - 0s 3ms/step - loss: 0.0075 - accuracy: 0.9995
Epoch 14/25

 1/67 [..............................] - ETA: 0s - loss: 0.0047 - accuracy: 1.0000
19/67 [=======>......................] - ETA: 0s - loss: 0.0049 - accuracy: 1.0000
38/67 [================>.............] - ETA: 0s - loss: 0.0049 - accuracy: 1.0000
58/67 [========================>.....] - ETA: 0s - loss: 0.0049 - accuracy: 1.0000
67/67 [==============================] - 0s 3ms/step - loss: 0.0052 - accuracy: 1.0000
Epoch 15/25

 1/67 [..............................] - ETA: 0s - loss: 0.0074 - accuracy: 1.0000
18/67 [=======>......................] - ETA: 0s - loss: 0.0039 - accuracy: 1.0000
36/67 [===============>..............] - ETA: 0s - loss: 0.0041 - accuracy: 1.0000
54/67 [=======================>......] - ETA: 0s - loss: 0.0039 - accuracy: 1.0000
67/67 [==============================] - 0s 3ms/step - loss: 0.0039 - accuracy: 1.0000
Epoch 16/25

 1/67 [..............................] - ETA: 0s - loss: 0.0040 - accuracy: 1.0000
19/67 [=======>......................] - ETA: 0s - loss: 0.0030 - accuracy: 1.0000
37/67 [===============>..............] - ETA: 0s - loss: 0.0028 - accuracy: 1.0000
55/67 [=======================>......] - ETA: 0s - loss: 0.0031 - accuracy: 1.0000
67/67 [==============================] - 0s 3ms/step - loss: 0.0030 - accuracy: 1.0000
Epoch 17/25

 1/67 [..............................] - ETA: 0s - loss: 8.8489e-04 - accuracy: 1.0000
18/67 [=======>......................] - ETA: 0s - loss: 0.0022 - accuracy: 1.0000    
36/67 [===============>..............] - ETA: 0s - loss: 0.0024 - accuracy: 1.0000
54/67 [=======================>......] - ETA: 0s - loss: 0.0023 - accuracy: 1.0000
67/67 [==============================] - 0s 3ms/step - loss: 0.0024 - accuracy: 1.0000
Epoch 18/25

 1/67 [..............................] - ETA: 0s - loss: 0.0028 - accuracy: 1.0000
19/67 [=======>......................] - ETA: 0s - loss: 0.0019 - accuracy: 1.0000
37/67 [===============>..............] - ETA: 0s - loss: 0.0019 - accuracy: 1.0000
56/67 [========================>.....] - ETA: 0s - loss: 0.0020 - accuracy: 1.0000
67/67 [==============================] - 0s 3ms/step - loss: 0.0020 - accuracy: 1.0000
Epoch 19/25

 1/67 [..............................] - ETA: 0s - loss: 0.0017 - accuracy: 1.0000
20/67 [=======>......................] - ETA: 0s - loss: 0.0016 - accuracy: 1.0000
40/67 [================>.............] - ETA: 0s - loss: 0.0017 - accuracy: 1.0000
59/67 [=========================>....] - ETA: 0s - loss: 0.0016 - accuracy: 1.0000
67/67 [==============================] - 0s 3ms/step - loss: 0.0016 - accuracy: 1.0000
Epoch 20/25

 1/67 [..............................] - ETA: 0s - loss: 9.3686e-04 - accuracy: 1.0000
20/67 [=======>......................] - ETA: 0s - loss: 0.0016 - accuracy: 1.0000    
39/67 [================>.............] - ETA: 0s - loss: 0.0015 - accuracy: 1.0000
58/67 [========================>.....] - ETA: 0s - loss: 0.0014 - accuracy: 1.0000
67/67 [==============================] - 0s 3ms/step - loss: 0.0014 - accuracy: 1.0000
Epoch 21/25

 1/67 [..............................] - ETA: 0s - loss: 0.0011 - accuracy: 1.0000
19/67 [=======>......................] - ETA: 0s - loss: 0.0012 - accuracy: 1.0000
38/67 [================>.............] - ETA: 0s - loss: 0.0013 - accuracy: 1.0000
56/67 [========================>.....] - ETA: 0s - loss: 0.0012 - accuracy: 1.0000
67/67 [==============================] - 0s 3ms/step - loss: 0.0012 - accuracy: 1.0000
Epoch 22/25

 1/67 [..............................] - ETA: 0s - loss: 9.0901e-04 - accuracy: 1.0000
17/67 [======>.......................] - ETA: 0s - loss: 9.3746e-04 - accuracy: 1.0000
34/67 [==============>...............] - ETA: 0s - loss: 9.9690e-04 - accuracy: 1.0000
51/67 [=====================>........] - ETA: 0s - loss: 0.0010 - accuracy: 1.0000    
67/67 [==============================] - ETA: 0s - loss: 9.9963e-04 - accuracy: 1.0000
67/67 [==============================] - 0s 3ms/step - loss: 9.9963e-04 - accuracy: 1.0000
Epoch 23/25

 1/67 [..............................] - ETA: 0s - loss: 0.0012 - accuracy: 1.0000
17/67 [======>.......................] - ETA: 0s - loss: 9.2229e-04 - accuracy: 1.0000
34/67 [==============>...............] - ETA: 0s - loss: 9.4994e-04 - accuracy: 1.0000
54/67 [=======================>......] - ETA: 0s - loss: 8.9292e-04 - accuracy: 1.0000
67/67 [==============================] - 0s 3ms/step - loss: 8.9026e-04 - accuracy: 1.0000
Epoch 24/25

 1/67 [..............................] - ETA: 0s - loss: 7.8114e-04 - accuracy: 1.0000
21/67 [========>.....................] - ETA: 0s - loss: 8.9383e-04 - accuracy: 1.0000
41/67 [=================>............] - ETA: 0s - loss: 8.0874e-04 - accuracy: 1.0000
60/67 [=========================>....] - ETA: 0s - loss: 7.8357e-04 - accuracy: 1.0000
67/67 [==============================] - 0s 3ms/step - loss: 7.6147e-04 - accuracy: 1.0000
Epoch 25/25

 1/67 [..............................] - ETA: 0s - loss: 0.0013 - accuracy: 1.0000
19/67 [=======>......................] - ETA: 0s - loss: 8.3824e-04 - accuracy: 1.0000
38/67 [================>.............] - ETA: 0s - loss: 7.2492e-04 - accuracy: 1.0000
56/67 [========================>.....] - ETA: 0s - loss: 6.8170e-04 - accuracy: 1.0000
67/67 [==============================] - 0s 3ms/step - loss: 6.7437e-04 - accuracy: 1.0000
# node2vec
Epoch 1/25

 1/67 [..............................] - ETA: 19s - loss: 0.7576 - accuracy: 0.3750
37/67 [===============>..............] - ETA: 0s - loss: 0.6706 - accuracy: 0.5794 
67/67 [==============================] - 0s 1ms/step - loss: 0.6427 - accuracy: 0.6272
Epoch 2/25

 1/67 [..............................] - ETA: 0s - loss: 0.5942 - accuracy: 0.6562
32/67 [=============>................] - ETA: 0s - loss: 0.5516 - accuracy: 0.7588
67/67 [==============================] - 0s 1ms/step - loss: 0.5429 - accuracy: 0.7587
Epoch 3/25

 1/67 [..............................] - ETA: 0s - loss: 0.6950 - accuracy: 0.5938
34/67 [==============>...............] - ETA: 0s - loss: 0.4844 - accuracy: 0.7987
67/67 [==============================] - ETA: 0s - loss: 0.4901 - accuracy: 0.7886
67/67 [==============================] - 0s 2ms/step - loss: 0.4901 - accuracy: 0.7886
Epoch 4/25

 1/67 [..............................] - ETA: 0s - loss: 0.4746 - accuracy: 0.7812
32/67 [=============>................] - ETA: 0s - loss: 0.4238 - accuracy: 0.8389
61/67 [==========================>...] - ETA: 0s - loss: 0.4351 - accuracy: 0.8289
67/67 [==============================] - 0s 2ms/step - loss: 0.4373 - accuracy: 0.8250
Epoch 5/25

 1/67 [..............................] - ETA: 0s - loss: 0.3326 - accuracy: 0.9062
32/67 [=============>................] - ETA: 0s - loss: 0.3783 - accuracy: 0.8535
63/67 [===========================>..] - ETA: 0s - loss: 0.3936 - accuracy: 0.8438
67/67 [==============================] - 0s 2ms/step - loss: 0.3923 - accuracy: 0.8446
Epoch 6/25

 1/67 [..............................] - ETA: 0s - loss: 0.3785 - accuracy: 0.8438
30/67 [============>.................] - ETA: 0s - loss: 0.3334 - accuracy: 0.8938
67/67 [==============================] - ETA: 0s - loss: 0.3406 - accuracy: 0.8847
67/67 [==============================] - 0s 2ms/step - loss: 0.3406 - accuracy: 0.8847
Epoch 7/25

 1/67 [..............................] - ETA: 0s - loss: 0.2070 - accuracy: 1.0000
39/67 [================>.............] - ETA: 0s - loss: 0.2981 - accuracy: 0.9135
67/67 [==============================] - 0s 1ms/step - loss: 0.2942 - accuracy: 0.9085
Epoch 8/25

 1/67 [..............................] - ETA: 0s - loss: 0.2238 - accuracy: 0.9688
40/67 [================>.............] - ETA: 0s - loss: 0.2433 - accuracy: 0.9359
67/67 [==============================] - 0s 1ms/step - loss: 0.2487 - accuracy: 0.9342
Epoch 9/25

 1/67 [..............................] - ETA: 0s - loss: 0.2441 - accuracy: 0.9062
31/67 [============>.................] - ETA: 0s - loss: 0.2049 - accuracy: 0.9708
66/67 [============================>.] - ETA: 0s - loss: 0.2103 - accuracy: 0.9593
67/67 [==============================] - 0s 2ms/step - loss: 0.2093 - accuracy: 0.9599
Epoch 10/25

 1/67 [..............................] - ETA: 0s - loss: 0.1847 - accuracy: 0.9688
34/67 [==============>...............] - ETA: 0s - loss: 0.1734 - accuracy: 0.9807
67/67 [==============================] - 0s 1ms/step - loss: 0.1741 - accuracy: 0.9762
Epoch 11/25

 1/67 [..............................] - ETA: 0s - loss: 0.1231 - accuracy: 1.0000
39/67 [================>.............] - ETA: 0s - loss: 0.1416 - accuracy: 0.9880
67/67 [==============================] - 0s 1ms/step - loss: 0.1439 - accuracy: 0.9860
Epoch 12/25

 1/67 [..............................] - ETA: 0s - loss: 0.1267 - accuracy: 1.0000
39/67 [================>.............] - ETA: 0s - loss: 0.1170 - accuracy: 0.9952
67/67 [==============================] - 0s 1ms/step - loss: 0.1194 - accuracy: 0.9930
Epoch 13/25

 1/67 [..............................] - ETA: 0s - loss: 0.0727 - accuracy: 1.0000
38/67 [================>.............] - ETA: 0s - loss: 0.0994 - accuracy: 0.9975
67/67 [==============================] - 0s 1ms/step - loss: 0.1000 - accuracy: 0.9972
Epoch 14/25

 1/67 [..............................] - ETA: 0s - loss: 0.0982 - accuracy: 1.0000
35/67 [==============>...............] - ETA: 0s - loss: 0.0827 - accuracy: 0.9973
67/67 [==============================] - 0s 2ms/step - loss: 0.0830 - accuracy: 0.9977
Epoch 15/25

 1/67 [..............................] - ETA: 0s - loss: 0.0736 - accuracy: 1.0000
21/67 [========>.....................] - ETA: 0s - loss: 0.0695 - accuracy: 0.9985
40/67 [================>.............] - ETA: 0s - loss: 0.0683 - accuracy: 0.9984
65/67 [============================>.] - ETA: 0s - loss: 0.0694 - accuracy: 0.9990
67/67 [==============================] - 0s 2ms/step - loss: 0.0691 - accuracy: 0.9991
Epoch 16/25

 1/67 [..............................] - ETA: 0s - loss: 0.0551 - accuracy: 1.0000
28/67 [===========>..................] - ETA: 0s - loss: 0.0588 - accuracy: 1.0000
55/67 [=======================>......] - ETA: 0s - loss: 0.0591 - accuracy: 0.9994
67/67 [==============================] - 0s 2ms/step - loss: 0.0590 - accuracy: 0.9995
Epoch 17/25

 1/67 [..............................] - ETA: 0s - loss: 0.0500 - accuracy: 1.0000
36/67 [===============>..............] - ETA: 0s - loss: 0.0516 - accuracy: 0.9991
67/67 [==============================] - 0s 1ms/step - loss: 0.0499 - accuracy: 0.9995
Epoch 18/25

 1/67 [..............................] - ETA: 0s - loss: 0.0383 - accuracy: 1.0000
40/67 [================>.............] - ETA: 0s - loss: 0.0434 - accuracy: 0.9992
67/67 [==============================] - 0s 1ms/step - loss: 0.0425 - accuracy: 0.9995
Epoch 19/25

 1/67 [..............................] - ETA: 0s - loss: 0.0322 - accuracy: 1.0000
40/67 [================>.............] - ETA: 0s - loss: 0.0361 - accuracy: 1.0000
67/67 [==============================] - 0s 1ms/step - loss: 0.0368 - accuracy: 1.0000
Epoch 20/25

 1/67 [..............................] - ETA: 0s - loss: 0.0376 - accuracy: 1.0000
41/67 [=================>............] - ETA: 0s - loss: 0.0326 - accuracy: 1.0000
67/67 [==============================] - 0s 1ms/step - loss: 0.0321 - accuracy: 1.0000
Epoch 21/25

 1/67 [..............................] - ETA: 0s - loss: 0.0298 - accuracy: 1.0000
32/67 [=============>................] - ETA: 0s - loss: 0.0278 - accuracy: 1.0000
64/67 [===========================>..] - ETA: 0s - loss: 0.0278 - accuracy: 1.0000
67/67 [==============================] - 0s 2ms/step - loss: 0.0279 - accuracy: 1.0000
Epoch 22/25

 1/67 [..............................] - ETA: 0s - loss: 0.0141 - accuracy: 1.0000
34/67 [==============>...............] - ETA: 0s - loss: 0.0232 - accuracy: 1.0000
67/67 [==============================] - ETA: 0s - loss: 0.0246 - accuracy: 1.0000
67/67 [==============================] - 0s 2ms/step - loss: 0.0246 - accuracy: 1.0000
Epoch 23/25

 1/67 [..............................] - ETA: 0s - loss: 0.0255 - accuracy: 1.0000
35/67 [==============>...............] - ETA: 0s - loss: 0.0229 - accuracy: 1.0000
66/67 [============================>.] - ETA: 0s - loss: 0.0220 - accuracy: 1.0000
67/67 [==============================] - 0s 2ms/step - loss: 0.0221 - accuracy: 1.0000
Epoch 24/25

 1/67 [..............................] - ETA: 0s - loss: 0.0188 - accuracy: 1.0000
31/67 [============>.................] - ETA: 0s - loss: 0.0180 - accuracy: 1.0000
65/67 [============================>.] - ETA: 0s - loss: 0.0194 - accuracy: 1.0000
67/67 [==============================] - 0s 2ms/step - loss: 0.0194 - accuracy: 1.0000
Epoch 25/25

 1/67 [..............................] - ETA: 0s - loss: 0.0237 - accuracy: 1.0000
31/67 [============>.................] - ETA: 0s - loss: 0.0173 - accuracy: 1.0000
67/67 [==============================] - 0s 2ms/step - loss: 0.0174 - accuracy: 1.0000
# predict: steps=1872
# predict: tnodeembed_metrics
# predict: node2vec_metrics
tnodeembed: {'auc': 0.6965004327539198, 'f1_micro': 0.6441286487208603, 'f1_macro': 0.6420959374664419} tNodeEmbed_final_loss=0.0006743700359947979 tNodeEmbed_final_accuracy=1.0 
node2vec: {'auc': 0.7160412157423708, 'f1_micro': 0.6566361632489479, 'f1_macro': 0.6502434495827274} node2vec_final_loss=0.017387574538588524 node2vec_final_accuracy=1.0 
