# load graph
# initialize tNodeEmbed for dataset=PPI, test_size=0.2
# load dataset
# fit
# tNodeEmbed
Epoch 1/25

 1/67 [..............................] - ETA: 1:27 - loss: 0.6924 - accuracy: 0.4375
19/67 [=======>......................] - ETA: 0s - loss: 0.6785 - accuracy: 0.5724  
38/67 [================>.............] - ETA: 0s - loss: 0.6636 - accuracy: 0.6242
59/67 [=========================>....] - ETA: 0s - loss: 0.6415 - accuracy: 0.6504
67/67 [==============================] - 1s 3ms/step - loss: 0.6348 - accuracy: 0.6533
Epoch 2/25

 1/67 [..............................] - ETA: 0s - loss: 0.5573 - accuracy: 0.7188
19/67 [=======>......................] - ETA: 0s - loss: 0.5347 - accuracy: 0.7566
36/67 [===============>..............] - ETA: 0s - loss: 0.5263 - accuracy: 0.7543
55/67 [=======================>......] - ETA: 0s - loss: 0.5292 - accuracy: 0.7523
67/67 [==============================] - 0s 3ms/step - loss: 0.5317 - accuracy: 0.7517
Epoch 3/25

 1/67 [..............................] - ETA: 0s - loss: 0.4567 - accuracy: 0.8125
18/67 [=======>......................] - ETA: 0s - loss: 0.4652 - accuracy: 0.7951
36/67 [===============>..............] - ETA: 0s - loss: 0.4882 - accuracy: 0.7821
53/67 [======================>.......] - ETA: 0s - loss: 0.4807 - accuracy: 0.7801
67/67 [==============================] - 0s 3ms/step - loss: 0.4797 - accuracy: 0.7783
Epoch 4/25

 1/67 [..............................] - ETA: 0s - loss: 0.3934 - accuracy: 0.8438
19/67 [=======>......................] - ETA: 0s - loss: 0.4393 - accuracy: 0.8010
38/67 [================>.............] - ETA: 0s - loss: 0.4465 - accuracy: 0.7936
58/67 [========================>.....] - ETA: 0s - loss: 0.4374 - accuracy: 0.8017
67/67 [==============================] - 0s 3ms/step - loss: 0.4355 - accuracy: 0.8003
Epoch 5/25

 1/67 [..............................] - ETA: 0s - loss: 0.3539 - accuracy: 0.8125
21/67 [========>.....................] - ETA: 0s - loss: 0.3764 - accuracy: 0.8467
39/67 [================>.............] - ETA: 0s - loss: 0.3869 - accuracy: 0.8357
57/67 [========================>.....] - ETA: 0s - loss: 0.3964 - accuracy: 0.8333
67/67 [==============================] - 0s 3ms/step - loss: 0.3959 - accuracy: 0.8339
Epoch 6/25

 1/67 [..............................] - ETA: 0s - loss: 0.3230 - accuracy: 0.8750
18/67 [=======>......................] - ETA: 0s - loss: 0.3244 - accuracy: 0.8698
36/67 [===============>..............] - ETA: 0s - loss: 0.3538 - accuracy: 0.8455
55/67 [=======================>......] - ETA: 0s - loss: 0.3593 - accuracy: 0.8438
67/67 [==============================] - 0s 3ms/step - loss: 0.3592 - accuracy: 0.8446
Epoch 7/25

 1/67 [..............................] - ETA: 0s - loss: 0.3655 - accuracy: 0.8750
18/67 [=======>......................] - ETA: 0s - loss: 0.2737 - accuracy: 0.9028
37/67 [===============>..............] - ETA: 0s - loss: 0.3009 - accuracy: 0.8826
56/67 [========================>.....] - ETA: 0s - loss: 0.3086 - accuracy: 0.8789
67/67 [==============================] - 0s 3ms/step - loss: 0.3151 - accuracy: 0.8768
Epoch 8/25

 1/67 [..............................] - ETA: 0s - loss: 0.2203 - accuracy: 0.9062
18/67 [=======>......................] - ETA: 0s - loss: 0.2774 - accuracy: 0.8906
35/67 [==============>...............] - ETA: 0s - loss: 0.2790 - accuracy: 0.8866
52/67 [======================>.......] - ETA: 0s - loss: 0.2796 - accuracy: 0.8906
67/67 [==============================] - 0s 3ms/step - loss: 0.2799 - accuracy: 0.8889
Epoch 9/25

 1/67 [..............................] - ETA: 0s - loss: 0.1543 - accuracy: 0.9688
18/67 [=======>......................] - ETA: 0s - loss: 0.2242 - accuracy: 0.9219
34/67 [==============>...............] - ETA: 0s - loss: 0.2288 - accuracy: 0.9191
52/67 [======================>.......] - ETA: 0s - loss: 0.2425 - accuracy: 0.9081
67/67 [==============================] - 0s 3ms/step - loss: 0.2527 - accuracy: 0.9020
Epoch 10/25

 1/67 [..............................] - ETA: 0s - loss: 0.1758 - accuracy: 0.9688
19/67 [=======>......................] - ETA: 0s - loss: 0.2103 - accuracy: 0.9293
38/67 [================>.............] - ETA: 0s - loss: 0.2283 - accuracy: 0.9161
57/67 [========================>.....] - ETA: 0s - loss: 0.2250 - accuracy: 0.9172
67/67 [==============================] - 0s 3ms/step - loss: 0.2294 - accuracy: 0.9141
Epoch 11/25

 1/67 [..............................] - ETA: 0s - loss: 0.1438 - accuracy: 0.9688
20/67 [=======>......................] - ETA: 0s - loss: 0.2019 - accuracy: 0.9328
39/67 [================>.............] - ETA: 0s - loss: 0.2168 - accuracy: 0.9199
59/67 [=========================>....] - ETA: 0s - loss: 0.2127 - accuracy: 0.9221
67/67 [==============================] - 0s 3ms/step - loss: 0.2117 - accuracy: 0.9230
Epoch 12/25

 1/67 [..............................] - ETA: 0s - loss: 0.1955 - accuracy: 0.9375
21/67 [========>.....................] - ETA: 0s - loss: 0.1812 - accuracy: 0.9390
41/67 [=================>............] - ETA: 0s - loss: 0.1920 - accuracy: 0.9291
59/67 [=========================>....] - ETA: 0s - loss: 0.1919 - accuracy: 0.9296
67/67 [==============================] - 0s 3ms/step - loss: 0.1958 - accuracy: 0.9277
Epoch 13/25

 1/67 [..............................] - ETA: 0s - loss: 0.2604 - accuracy: 0.8750
19/67 [=======>......................] - ETA: 0s - loss: 0.1936 - accuracy: 0.9326
38/67 [================>.............] - ETA: 0s - loss: 0.1806 - accuracy: 0.9350
55/67 [=======================>......] - ETA: 0s - loss: 0.1846 - accuracy: 0.9307
67/67 [==============================] - 0s 3ms/step - loss: 0.1918 - accuracy: 0.9277
Epoch 14/25

 1/67 [..............................] - ETA: 0s - loss: 0.1731 - accuracy: 0.9375
18/67 [=======>......................] - ETA: 0s - loss: 0.1857 - accuracy: 0.9358
36/67 [===============>..............] - ETA: 0s - loss: 0.1849 - accuracy: 0.9366
53/67 [======================>.......] - ETA: 0s - loss: 0.1799 - accuracy: 0.9387
67/67 [==============================] - 0s 3ms/step - loss: 0.1829 - accuracy: 0.9342
Epoch 15/25

 1/67 [..............................] - ETA: 0s - loss: 0.1473 - accuracy: 0.9688
20/67 [=======>......................] - ETA: 0s - loss: 0.1494 - accuracy: 0.9469
40/67 [================>.............] - ETA: 0s - loss: 0.1639 - accuracy: 0.9375
59/67 [=========================>....] - ETA: 0s - loss: 0.1735 - accuracy: 0.9327
67/67 [==============================] - 0s 3ms/step - loss: 0.1720 - accuracy: 0.9337
Epoch 16/25

 1/67 [..............................] - ETA: 0s - loss: 0.1970 - accuracy: 0.9062
21/67 [========>.....................] - ETA: 0s - loss: 0.1483 - accuracy: 0.9509
41/67 [=================>............] - ETA: 0s - loss: 0.1593 - accuracy: 0.9428
59/67 [=========================>....] - ETA: 0s - loss: 0.1667 - accuracy: 0.9391
67/67 [==============================] - 0s 3ms/step - loss: 0.1684 - accuracy: 0.9379
Epoch 17/25

 1/67 [..............................] - ETA: 0s - loss: 0.2793 - accuracy: 0.8438
18/67 [=======>......................] - ETA: 0s - loss: 0.1520 - accuracy: 0.9427
36/67 [===============>..............] - ETA: 0s - loss: 0.1772 - accuracy: 0.9271
53/67 [======================>.......] - ETA: 0s - loss: 0.1719 - accuracy: 0.9316
67/67 [==============================] - 0s 3ms/step - loss: 0.1687 - accuracy: 0.9347
Epoch 18/25

 1/67 [..............................] - ETA: 0s - loss: 0.1111 - accuracy: 0.9688
18/67 [=======>......................] - ETA: 0s - loss: 0.1423 - accuracy: 0.9531
37/67 [===============>..............] - ETA: 0s - loss: 0.1544 - accuracy: 0.9434
55/67 [=======================>......] - ETA: 0s - loss: 0.1644 - accuracy: 0.9409
67/67 [==============================] - 0s 3ms/step - loss: 0.1665 - accuracy: 0.9393
Epoch 19/25

 1/67 [..............................] - ETA: 0s - loss: 0.2394 - accuracy: 0.8750
17/67 [======>.......................] - ETA: 0s - loss: 0.1615 - accuracy: 0.9320
34/67 [==============>...............] - ETA: 0s - loss: 0.1481 - accuracy: 0.9430
52/67 [======================>.......] - ETA: 0s - loss: 0.1668 - accuracy: 0.9327
67/67 [==============================] - 0s 3ms/step - loss: 0.1617 - accuracy: 0.9375
Epoch 20/25

 1/67 [..............................] - ETA: 0s - loss: 0.1499 - accuracy: 0.9375
19/67 [=======>......................] - ETA: 0s - loss: 0.1473 - accuracy: 0.9441
39/67 [================>.............] - ETA: 0s - loss: 0.1654 - accuracy: 0.9351
58/67 [========================>.....] - ETA: 0s - loss: 0.1574 - accuracy: 0.9380
67/67 [==============================] - 0s 3ms/step - loss: 0.1604 - accuracy: 0.9375
Epoch 21/25

 1/67 [..............................] - ETA: 0s - loss: 0.0870 - accuracy: 0.9688
19/67 [=======>......................] - ETA: 0s - loss: 0.1676 - accuracy: 0.9293
37/67 [===============>..............] - ETA: 0s - loss: 0.1575 - accuracy: 0.9375
55/67 [=======================>......] - ETA: 0s - loss: 0.1586 - accuracy: 0.9364
67/67 [==============================] - ETA: 0s - loss: 0.1593 - accuracy: 0.9375
67/67 [==============================] - 0s 3ms/step - loss: 0.1593 - accuracy: 0.9375
Epoch 22/25

 1/67 [..............................] - ETA: 0s - loss: 0.2493 - accuracy: 0.8750
13/67 [====>.........................] - ETA: 0s - loss: 0.1692 - accuracy: 0.9279
29/67 [===========>..................] - ETA: 0s - loss: 0.1633 - accuracy: 0.9343
48/67 [====================>.........] - ETA: 0s - loss: 0.1551 - accuracy: 0.9388
66/67 [============================>.] - ETA: 0s - loss: 0.1599 - accuracy: 0.9384
67/67 [==============================] - 0s 3ms/step - loss: 0.1590 - accuracy: 0.9389
Epoch 23/25

 1/67 [..............................] - ETA: 0s - loss: 0.2210 - accuracy: 0.9062
18/67 [=======>......................] - ETA: 0s - loss: 0.1509 - accuracy: 0.9427
35/67 [==============>...............] - ETA: 0s - loss: 0.1498 - accuracy: 0.9429
53/67 [======================>.......] - ETA: 0s - loss: 0.1567 - accuracy: 0.9387
67/67 [==============================] - 0s 3ms/step - loss: 0.1569 - accuracy: 0.9393
Epoch 24/25

 1/67 [..............................] - ETA: 0s - loss: 0.2593 - accuracy: 0.8750
17/67 [======>.......................] - ETA: 0s - loss: 0.1610 - accuracy: 0.9375
35/67 [==============>...............] - ETA: 0s - loss: 0.1627 - accuracy: 0.9366
53/67 [======================>.......] - ETA: 0s - loss: 0.1555 - accuracy: 0.9399
67/67 [==============================] - 0s 3ms/step - loss: 0.1544 - accuracy: 0.9389
Epoch 25/25

 1/67 [..............................] - ETA: 0s - loss: 0.1388 - accuracy: 0.9375
20/67 [=======>......................] - ETA: 0s - loss: 0.1417 - accuracy: 0.9469
40/67 [================>.............] - ETA: 0s - loss: 0.1488 - accuracy: 0.9422
58/67 [========================>.....] - ETA: 0s - loss: 0.1513 - accuracy: 0.9413
67/67 [==============================] - 0s 3ms/step - loss: 0.1548 - accuracy: 0.9389
# node2vec
Epoch 1/25

 1/67 [..............................] - ETA: 22s - loss: 0.7329 - accuracy: 0.4688
27/67 [===========>..................] - ETA: 0s - loss: 0.6547 - accuracy: 0.6366 
57/67 [========================>.....] - ETA: 0s - loss: 0.6359 - accuracy: 0.6595
67/67 [==============================] - 0s 2ms/step - loss: 0.6296 - accuracy: 0.6668
Epoch 2/25

 1/67 [..............................] - ETA: 0s - loss: 0.6306 - accuracy: 0.7500
41/67 [=================>............] - ETA: 0s - loss: 0.5419 - accuracy: 0.7576
67/67 [==============================] - 0s 1ms/step - loss: 0.5301 - accuracy: 0.7653
Epoch 3/25

 1/67 [..............................] - ETA: 0s - loss: 0.4860 - accuracy: 0.7812
36/67 [===============>..............] - ETA: 0s - loss: 0.4971 - accuracy: 0.7717
67/67 [==============================] - 0s 1ms/step - loss: 0.4817 - accuracy: 0.7825
Epoch 4/25

 1/67 [..............................] - ETA: 0s - loss: 0.4514 - accuracy: 0.8125
40/67 [================>.............] - ETA: 0s - loss: 0.4392 - accuracy: 0.8195
67/67 [==============================] - 0s 1ms/step - loss: 0.4397 - accuracy: 0.8180
Epoch 5/25

 1/67 [..............................] - ETA: 0s - loss: 0.3338 - accuracy: 0.9062
38/67 [================>.............] - ETA: 0s - loss: 0.4112 - accuracy: 0.8314
67/67 [==============================] - 0s 1ms/step - loss: 0.4153 - accuracy: 0.8278
Epoch 6/25

 1/67 [..............................] - ETA: 0s - loss: 0.2681 - accuracy: 0.9688
32/67 [=============>................] - ETA: 0s - loss: 0.3765 - accuracy: 0.8477
65/67 [============================>.] - ETA: 0s - loss: 0.3838 - accuracy: 0.8413
67/67 [==============================] - 0s 2ms/step - loss: 0.3868 - accuracy: 0.8390
Epoch 7/25

 1/67 [..............................] - ETA: 0s - loss: 0.4159 - accuracy: 0.8125
32/67 [=============>................] - ETA: 0s - loss: 0.3730 - accuracy: 0.8486
64/67 [===========================>..] - ETA: 0s - loss: 0.3667 - accuracy: 0.8535
67/67 [==============================] - 0s 2ms/step - loss: 0.3643 - accuracy: 0.8558
Epoch 8/25

 1/67 [..............................] - ETA: 0s - loss: 0.3619 - accuracy: 0.8750
29/67 [===========>..................] - ETA: 0s - loss: 0.3420 - accuracy: 0.8675
57/67 [========================>.....] - ETA: 0s - loss: 0.3465 - accuracy: 0.8657
67/67 [==============================] - 0s 2ms/step - loss: 0.3455 - accuracy: 0.8665
Epoch 9/25

 1/67 [..............................] - ETA: 0s - loss: 0.3201 - accuracy: 0.9062
31/67 [============>.................] - ETA: 0s - loss: 0.3044 - accuracy: 0.8921
63/67 [===========================>..] - ETA: 0s - loss: 0.3227 - accuracy: 0.8785
67/67 [==============================] - 0s 2ms/step - loss: 0.3213 - accuracy: 0.8791
Epoch 10/25

 1/67 [..............................] - ETA: 0s - loss: 0.3944 - accuracy: 0.8750
29/67 [===========>..................] - ETA: 0s - loss: 0.2993 - accuracy: 0.8944
59/67 [=========================>....] - ETA: 0s - loss: 0.3026 - accuracy: 0.8930
67/67 [==============================] - 0s 2ms/step - loss: 0.3028 - accuracy: 0.8936
Epoch 11/25

 1/67 [..............................] - ETA: 0s - loss: 0.2621 - accuracy: 0.9375
26/67 [==========>...................] - ETA: 0s - loss: 0.2811 - accuracy: 0.9111
50/67 [=====================>........] - ETA: 0s - loss: 0.2827 - accuracy: 0.9069
67/67 [==============================] - 0s 2ms/step - loss: 0.2842 - accuracy: 0.9039
Epoch 12/25

 1/67 [..............................] - ETA: 0s - loss: 0.2601 - accuracy: 0.9375
26/67 [==========>...................] - ETA: 0s - loss: 0.2658 - accuracy: 0.9195
56/67 [========================>.....] - ETA: 0s - loss: 0.2717 - accuracy: 0.9152
67/67 [==============================] - 0s 2ms/step - loss: 0.2683 - accuracy: 0.9151
Epoch 13/25

 1/67 [..............................] - ETA: 0s - loss: 0.2707 - accuracy: 0.9062
30/67 [============>.................] - ETA: 0s - loss: 0.2445 - accuracy: 0.9292
63/67 [===========================>..] - ETA: 0s - loss: 0.2552 - accuracy: 0.9187
67/67 [==============================] - 0s 2ms/step - loss: 0.2540 - accuracy: 0.9193
Epoch 14/25

 1/67 [..............................] - ETA: 0s - loss: 0.2558 - accuracy: 0.9375
32/67 [=============>................] - ETA: 0s - loss: 0.2408 - accuracy: 0.9277
64/67 [===========================>..] - ETA: 0s - loss: 0.2422 - accuracy: 0.9214
67/67 [==============================] - 0s 2ms/step - loss: 0.2420 - accuracy: 0.9207
Epoch 15/25

 1/67 [..............................] - ETA: 0s - loss: 0.2223 - accuracy: 0.9688
36/67 [===============>..............] - ETA: 0s - loss: 0.2412 - accuracy: 0.9219
67/67 [==============================] - ETA: 0s - loss: 0.2336 - accuracy: 0.9258
67/67 [==============================] - 0s 2ms/step - loss: 0.2336 - accuracy: 0.9258
Epoch 16/25

 1/67 [..............................] - ETA: 0s - loss: 0.2272 - accuracy: 0.9062
31/67 [============>.................] - ETA: 0s - loss: 0.2316 - accuracy: 0.9274
64/67 [===========================>..] - ETA: 0s - loss: 0.2228 - accuracy: 0.9321
67/67 [==============================] - 0s 2ms/step - loss: 0.2240 - accuracy: 0.9314
Epoch 17/25

 1/67 [..............................] - ETA: 0s - loss: 0.1991 - accuracy: 0.9688
34/67 [==============>...............] - ETA: 0s - loss: 0.2035 - accuracy: 0.9393
63/67 [===========================>..] - ETA: 0s - loss: 0.2179 - accuracy: 0.9286
67/67 [==============================] - 0s 2ms/step - loss: 0.2149 - accuracy: 0.9300
Epoch 18/25

 1/67 [..............................] - ETA: 0s - loss: 0.1065 - accuracy: 1.0000
26/67 [==========>...................] - ETA: 0s - loss: 0.1959 - accuracy: 0.9435
52/67 [======================>.......] - ETA: 0s - loss: 0.2055 - accuracy: 0.9375
67/67 [==============================] - 0s 2ms/step - loss: 0.2052 - accuracy: 0.9365
Epoch 19/25

 1/67 [..............................] - ETA: 0s - loss: 0.3527 - accuracy: 0.8438
24/67 [=========>....................] - ETA: 0s - loss: 0.1938 - accuracy: 0.9388
49/67 [====================>.........] - ETA: 0s - loss: 0.2002 - accuracy: 0.9324
67/67 [==============================] - 0s 2ms/step - loss: 0.2016 - accuracy: 0.9333
Epoch 20/25

 1/67 [..............................] - ETA: 0s - loss: 0.1281 - accuracy: 0.9688
31/67 [============>.................] - ETA: 0s - loss: 0.1843 - accuracy: 0.9435
65/67 [============================>.] - ETA: 0s - loss: 0.1956 - accuracy: 0.9370
67/67 [==============================] - 0s 2ms/step - loss: 0.1947 - accuracy: 0.9375
Epoch 21/25

 1/67 [..............................] - ETA: 0s - loss: 0.2255 - accuracy: 0.9062
32/67 [=============>................] - ETA: 0s - loss: 0.1856 - accuracy: 0.9453
66/67 [============================>.] - ETA: 0s - loss: 0.1905 - accuracy: 0.9370
67/67 [==============================] - 0s 2ms/step - loss: 0.1919 - accuracy: 0.9361
Epoch 22/25

 1/67 [..............................] - ETA: 0s - loss: 0.1981 - accuracy: 0.9062
32/67 [=============>................] - ETA: 0s - loss: 0.1855 - accuracy: 0.9326
62/67 [==========================>...] - ETA: 0s - loss: 0.1814 - accuracy: 0.9385
67/67 [==============================] - 0s 2ms/step - loss: 0.1839 - accuracy: 0.9379
Epoch 23/25

 1/67 [..............................] - ETA: 0s - loss: 0.2203 - accuracy: 0.9062
39/67 [================>.............] - ETA: 0s - loss: 0.1850 - accuracy: 0.9367
67/67 [==============================] - 0s 1ms/step - loss: 0.1812 - accuracy: 0.9384
Epoch 24/25

 1/67 [..............................] - ETA: 0s - loss: 0.1754 - accuracy: 0.9375
38/67 [================>.............] - ETA: 0s - loss: 0.1800 - accuracy: 0.9326
67/67 [==============================] - 0s 1ms/step - loss: 0.1785 - accuracy: 0.9375
Epoch 25/25

 1/67 [..............................] - ETA: 0s - loss: 0.1184 - accuracy: 0.9688
39/67 [================>.............] - ETA: 0s - loss: 0.1737 - accuracy: 0.9407
67/67 [==============================] - 0s 1ms/step - loss: 0.1762 - accuracy: 0.9379
# predict: steps=1872
# predict: tnodeembed_metrics
# predict: node2vec_metrics
tnodeembed: {'auc': 0.6606999524889123, 'f1_micro': 0.6534466635495291, 'f1_macro': 0.6485521507430596} tNodeEmbed_final_loss=0.1548071652650833 tNodeEmbed_final_accuracy=0.9388707280158997 
node2vec: {'auc': 0.6768184587992511, 'f1_micro': 0.6576547992786053, 'f1_macro': 0.65297929606251} node2vec_final_loss=0.17621897161006927 node2vec_final_accuracy=0.9379374980926514 
