# load graph
# initialize tNodeEmbed for dataset=PPI, test_size=0.2
# load dataset
# fit
# tNodeEmbed
Epoch 1/25

 1/67 [..............................] - ETA: 1:24 - loss: 0.6952 - accuracy: 0.6250
19/67 [=======>......................] - ETA: 0s - loss: 0.6780 - accuracy: 0.6497  
36/67 [===============>..............] - ETA: 0s - loss: 0.6549 - accuracy: 0.6615
51/67 [=====================>........] - ETA: 0s - loss: 0.6378 - accuracy: 0.6808
67/67 [==============================] - ETA: 0s - loss: 0.6301 - accuracy: 0.6892
67/67 [==============================] - 1s 3ms/step - loss: 0.6301 - accuracy: 0.6892
Epoch 2/25

 1/67 [..............................] - ETA: 0s - loss: 0.5254 - accuracy: 0.8125
17/67 [======>.......................] - ETA: 0s - loss: 0.5697 - accuracy: 0.7169
35/67 [==============>...............] - ETA: 0s - loss: 0.5647 - accuracy: 0.7161
54/67 [=======================>......] - ETA: 0s - loss: 0.5661 - accuracy: 0.7141
67/67 [==============================] - 0s 3ms/step - loss: 0.5628 - accuracy: 0.7191
Epoch 3/25

 1/67 [..............................] - ETA: 0s - loss: 0.5546 - accuracy: 0.6250
19/67 [=======>......................] - ETA: 0s - loss: 0.5401 - accuracy: 0.7220
37/67 [===============>..............] - ETA: 0s - loss: 0.5312 - accuracy: 0.7416
56/67 [========================>.....] - ETA: 0s - loss: 0.5385 - accuracy: 0.7338
67/67 [==============================] - 0s 3ms/step - loss: 0.5355 - accuracy: 0.7364
Epoch 4/25

 1/67 [..............................] - ETA: 0s - loss: 0.5734 - accuracy: 0.6875
21/67 [========>.....................] - ETA: 0s - loss: 0.5059 - accuracy: 0.7589
42/67 [=================>............] - ETA: 0s - loss: 0.5118 - accuracy: 0.7545
63/67 [===========================>..] - ETA: 0s - loss: 0.5091 - accuracy: 0.7560
67/67 [==============================] - 0s 3ms/step - loss: 0.5096 - accuracy: 0.7559
Epoch 5/25

 1/67 [..............................] - ETA: 0s - loss: 0.3933 - accuracy: 0.9062
21/67 [========>.....................] - ETA: 0s - loss: 0.4882 - accuracy: 0.7679
41/67 [=================>............] - ETA: 0s - loss: 0.4700 - accuracy: 0.7835
61/67 [==========================>...] - ETA: 0s - loss: 0.4750 - accuracy: 0.7807
67/67 [==============================] - 0s 3ms/step - loss: 0.4773 - accuracy: 0.7774
Epoch 6/25

 1/67 [..............................] - ETA: 0s - loss: 0.5458 - accuracy: 0.6562
21/67 [========>.....................] - ETA: 0s - loss: 0.4641 - accuracy: 0.7872
41/67 [=================>............] - ETA: 0s - loss: 0.4555 - accuracy: 0.7858
62/67 [==========================>...] - ETA: 0s - loss: 0.4580 - accuracy: 0.7858
67/67 [==============================] - 0s 3ms/step - loss: 0.4553 - accuracy: 0.7886
Epoch 7/25

 1/67 [..............................] - ETA: 0s - loss: 0.5422 - accuracy: 0.7500
21/67 [========>.....................] - ETA: 0s - loss: 0.4336 - accuracy: 0.8036
41/67 [=================>............] - ETA: 0s - loss: 0.4282 - accuracy: 0.8110
60/67 [=========================>....] - ETA: 0s - loss: 0.4341 - accuracy: 0.8021
67/67 [==============================] - 0s 3ms/step - loss: 0.4393 - accuracy: 0.7975
Epoch 8/25

 1/67 [..............................] - ETA: 0s - loss: 0.6569 - accuracy: 0.5938
14/67 [=====>........................] - ETA: 0s - loss: 0.4339 - accuracy: 0.8013
28/67 [===========>..................] - ETA: 0s - loss: 0.4137 - accuracy: 0.8158
43/67 [==================>...........] - ETA: 0s - loss: 0.4015 - accuracy: 0.8205
60/67 [=========================>....] - ETA: 0s - loss: 0.4093 - accuracy: 0.8146
67/67 [==============================] - 0s 3ms/step - loss: 0.4133 - accuracy: 0.8110
Epoch 9/25

 1/67 [..............................] - ETA: 0s - loss: 0.4321 - accuracy: 0.7812
18/67 [=======>......................] - ETA: 0s - loss: 0.4001 - accuracy: 0.8177
35/67 [==============>...............] - ETA: 0s - loss: 0.3993 - accuracy: 0.8241
52/67 [======================>.......] - ETA: 0s - loss: 0.3943 - accuracy: 0.8209
67/67 [==============================] - 0s 3ms/step - loss: 0.3909 - accuracy: 0.8255
Epoch 10/25

 1/67 [..............................] - ETA: 0s - loss: 0.2552 - accuracy: 0.9688
20/67 [=======>......................] - ETA: 0s - loss: 0.3683 - accuracy: 0.8391
40/67 [================>.............] - ETA: 0s - loss: 0.3798 - accuracy: 0.8273
61/67 [==========================>...] - ETA: 0s - loss: 0.3778 - accuracy: 0.8274
67/67 [==============================] - 0s 3ms/step - loss: 0.3772 - accuracy: 0.8292
Epoch 11/25

 1/67 [..............................] - ETA: 0s - loss: 0.2332 - accuracy: 0.9062
21/67 [========>.....................] - ETA: 0s - loss: 0.3612 - accuracy: 0.8259
42/67 [=================>............] - ETA: 0s - loss: 0.3678 - accuracy: 0.8214
62/67 [==========================>...] - ETA: 0s - loss: 0.3658 - accuracy: 0.8271
67/67 [==============================] - 0s 3ms/step - loss: 0.3656 - accuracy: 0.8278
Epoch 12/25

 1/67 [..............................] - ETA: 0s - loss: 0.3060 - accuracy: 0.9062
21/67 [========>.....................] - ETA: 0s - loss: 0.3504 - accuracy: 0.8423
40/67 [================>.............] - ETA: 0s - loss: 0.3606 - accuracy: 0.8313
59/67 [=========================>....] - ETA: 0s - loss: 0.3601 - accuracy: 0.8347
67/67 [==============================] - 0s 3ms/step - loss: 0.3603 - accuracy: 0.8325
Epoch 13/25

 1/67 [..............................] - ETA: 0s - loss: 0.3262 - accuracy: 0.8750
17/67 [======>.......................] - ETA: 0s - loss: 0.3517 - accuracy: 0.8290
35/67 [==============>...............] - ETA: 0s - loss: 0.3433 - accuracy: 0.8366
52/67 [======================>.......] - ETA: 0s - loss: 0.3525 - accuracy: 0.8323
67/67 [==============================] - 0s 3ms/step - loss: 0.3522 - accuracy: 0.8339
Epoch 14/25

 1/67 [..............................] - ETA: 0s - loss: 0.3459 - accuracy: 0.8438
16/67 [======>.......................] - ETA: 0s - loss: 0.3055 - accuracy: 0.8574
33/67 [=============>................] - ETA: 0s - loss: 0.3252 - accuracy: 0.8494
51/67 [=====================>........] - ETA: 0s - loss: 0.3381 - accuracy: 0.8438
67/67 [==============================] - 0s 3ms/step - loss: 0.3420 - accuracy: 0.8395
Epoch 15/25

 1/67 [..............................] - ETA: 0s - loss: 0.3755 - accuracy: 0.8125
21/67 [========>.....................] - ETA: 0s - loss: 0.3310 - accuracy: 0.8408
41/67 [=================>............] - ETA: 0s - loss: 0.3269 - accuracy: 0.8483
62/67 [==========================>...] - ETA: 0s - loss: 0.3382 - accuracy: 0.8417
67/67 [==============================] - 0s 3ms/step - loss: 0.3413 - accuracy: 0.8413
Epoch 16/25

 1/67 [..............................] - ETA: 0s - loss: 0.3542 - accuracy: 0.8125
21/67 [========>.....................] - ETA: 0s - loss: 0.3335 - accuracy: 0.8378
42/67 [=================>............] - ETA: 0s - loss: 0.3284 - accuracy: 0.8452
62/67 [==========================>...] - ETA: 0s - loss: 0.3313 - accuracy: 0.8427
67/67 [==============================] - 0s 3ms/step - loss: 0.3336 - accuracy: 0.8413
Epoch 17/25

 1/67 [..............................] - ETA: 0s - loss: 0.2070 - accuracy: 0.9375
20/67 [=======>......................] - ETA: 0s - loss: 0.3174 - accuracy: 0.8531
39/67 [================>.............] - ETA: 0s - loss: 0.3428 - accuracy: 0.8325
60/67 [=========================>....] - ETA: 0s - loss: 0.3408 - accuracy: 0.8349
67/67 [==============================] - 0s 3ms/step - loss: 0.3350 - accuracy: 0.8395
Epoch 18/25

 1/67 [..............................] - ETA: 0s - loss: 0.3293 - accuracy: 0.8750
20/67 [=======>......................] - ETA: 0s - loss: 0.3180 - accuracy: 0.8547
39/67 [================>.............] - ETA: 0s - loss: 0.3241 - accuracy: 0.8462
58/67 [========================>.....] - ETA: 0s - loss: 0.3354 - accuracy: 0.8400
67/67 [==============================] - 0s 3ms/step - loss: 0.3309 - accuracy: 0.8409
Epoch 19/25

 1/67 [..............................] - ETA: 0s - loss: 0.4227 - accuracy: 0.7500
20/67 [=======>......................] - ETA: 0s - loss: 0.3311 - accuracy: 0.8422
39/67 [================>.............] - ETA: 0s - loss: 0.3284 - accuracy: 0.8462
57/67 [========================>.....] - ETA: 0s - loss: 0.3274 - accuracy: 0.8470
67/67 [==============================] - 0s 3ms/step - loss: 0.3297 - accuracy: 0.8427
Epoch 20/25

 1/67 [..............................] - ETA: 0s - loss: 0.1974 - accuracy: 0.9375
18/67 [=======>......................] - ETA: 0s - loss: 0.3357 - accuracy: 0.8438
36/67 [===============>..............] - ETA: 0s - loss: 0.3309 - accuracy: 0.8420
53/67 [======================>.......] - ETA: 0s - loss: 0.3274 - accuracy: 0.8432
67/67 [==============================] - 0s 3ms/step - loss: 0.3268 - accuracy: 0.8460
Epoch 21/25

 1/67 [..............................] - ETA: 0s - loss: 0.3145 - accuracy: 0.9062
20/67 [=======>......................] - ETA: 0s - loss: 0.3169 - accuracy: 0.8484
38/67 [================>.............] - ETA: 0s - loss: 0.3128 - accuracy: 0.8479
57/67 [========================>.....] - ETA: 0s - loss: 0.3179 - accuracy: 0.8470
67/67 [==============================] - 0s 3ms/step - loss: 0.3254 - accuracy: 0.8423
Epoch 22/25

 1/67 [..............................] - ETA: 0s - loss: 0.4156 - accuracy: 0.7188
20/67 [=======>......................] - ETA: 0s - loss: 0.3453 - accuracy: 0.8219
40/67 [================>.............] - ETA: 0s - loss: 0.3275 - accuracy: 0.8477
60/67 [=========================>....] - ETA: 0s - loss: 0.3326 - accuracy: 0.8406
67/67 [==============================] - 0s 3ms/step - loss: 0.3274 - accuracy: 0.8446
Epoch 23/25

 1/67 [..............................] - ETA: 0s - loss: 0.3400 - accuracy: 0.8125
19/67 [=======>......................] - ETA: 0s - loss: 0.3019 - accuracy: 0.8569
37/67 [===============>..............] - ETA: 0s - loss: 0.3273 - accuracy: 0.8412
55/67 [=======================>......] - ETA: 0s - loss: 0.3200 - accuracy: 0.8472
67/67 [==============================] - 0s 3ms/step - loss: 0.3234 - accuracy: 0.8460
Epoch 24/25

 1/67 [..............................] - ETA: 0s - loss: 0.2367 - accuracy: 0.9375
20/67 [=======>......................] - ETA: 0s - loss: 0.3177 - accuracy: 0.8469
38/67 [================>.............] - ETA: 0s - loss: 0.3179 - accuracy: 0.8487
56/67 [========================>.....] - ETA: 0s - loss: 0.3178 - accuracy: 0.8465
67/67 [==============================] - 0s 3ms/step - loss: 0.3200 - accuracy: 0.8460
Epoch 25/25

 1/67 [..............................] - ETA: 0s - loss: 0.3139 - accuracy: 0.8438
18/67 [=======>......................] - ETA: 0s - loss: 0.2841 - accuracy: 0.8698
35/67 [==============>...............] - ETA: 0s - loss: 0.2916 - accuracy: 0.8625
52/67 [======================>.......] - ETA: 0s - loss: 0.3092 - accuracy: 0.8504
67/67 [==============================] - 0s 3ms/step - loss: 0.3170 - accuracy: 0.8474
# node2vec
Epoch 1/25

 1/67 [..............................] - ETA: 18s - loss: 0.7625 - accuracy: 0.4062
29/67 [===========>..................] - ETA: 0s - loss: 0.6514 - accuracy: 0.6034 
60/67 [=========================>....] - ETA: 0s - loss: 0.6372 - accuracy: 0.6557
67/67 [==============================] - 0s 2ms/step - loss: 0.6323 - accuracy: 0.6654
Epoch 2/25

 1/67 [..............................] - ETA: 0s - loss: 0.6459 - accuracy: 0.6250
27/67 [===========>..................] - ETA: 0s - loss: 0.5828 - accuracy: 0.7153
57/67 [========================>.....] - ETA: 0s - loss: 0.5765 - accuracy: 0.7259
67/67 [==============================] - 0s 2ms/step - loss: 0.5739 - accuracy: 0.7266
Epoch 3/25

 1/67 [..............................] - ETA: 0s - loss: 0.5801 - accuracy: 0.7188
31/67 [============>.................] - ETA: 0s - loss: 0.5466 - accuracy: 0.7450
63/67 [===========================>..] - ETA: 0s - loss: 0.5361 - accuracy: 0.7515
67/67 [==============================] - 0s 2ms/step - loss: 0.5357 - accuracy: 0.7508
Epoch 4/25

 1/67 [..............................] - ETA: 0s - loss: 0.5047 - accuracy: 0.7500
40/67 [================>.............] - ETA: 0s - loss: 0.5114 - accuracy: 0.7547
67/67 [==============================] - 0s 1ms/step - loss: 0.5134 - accuracy: 0.7569
Epoch 5/25

 1/67 [..............................] - ETA: 0s - loss: 0.4805 - accuracy: 0.7500
41/67 [=================>............] - ETA: 0s - loss: 0.4893 - accuracy: 0.7721
67/67 [==============================] - 0s 1ms/step - loss: 0.4926 - accuracy: 0.7681
Epoch 6/25

 1/67 [..............................] - ETA: 0s - loss: 0.4944 - accuracy: 0.7812
39/67 [================>.............] - ETA: 0s - loss: 0.4780 - accuracy: 0.7853
67/67 [==============================] - 0s 1ms/step - loss: 0.4826 - accuracy: 0.7793
Epoch 7/25

 1/67 [..............................] - ETA: 0s - loss: 0.4648 - accuracy: 0.7812
39/67 [================>.............] - ETA: 0s - loss: 0.4576 - accuracy: 0.7877
67/67 [==============================] - 0s 1ms/step - loss: 0.4602 - accuracy: 0.7914
Epoch 8/25

 1/67 [..............................] - ETA: 0s - loss: 0.3586 - accuracy: 0.9062
33/67 [=============>................] - ETA: 0s - loss: 0.4462 - accuracy: 0.8049
65/67 [============================>.] - ETA: 0s - loss: 0.4506 - accuracy: 0.7976
67/67 [==============================] - 0s 2ms/step - loss: 0.4475 - accuracy: 0.8003
Epoch 9/25

 1/67 [..............................] - ETA: 0s - loss: 0.3995 - accuracy: 0.8125
32/67 [=============>................] - ETA: 0s - loss: 0.4165 - accuracy: 0.8242
67/67 [==============================] - 0s 2ms/step - loss: 0.4401 - accuracy: 0.8045
Epoch 10/25

 1/67 [..............................] - ETA: 0s - loss: 0.4320 - accuracy: 0.8125
37/67 [===============>..............] - ETA: 0s - loss: 0.4206 - accuracy: 0.8142
67/67 [==============================] - 0s 1ms/step - loss: 0.4256 - accuracy: 0.8133
Epoch 11/25

 1/67 [..............................] - ETA: 0s - loss: 0.3641 - accuracy: 0.8438
36/67 [===============>..............] - ETA: 0s - loss: 0.4157 - accuracy: 0.8134
67/67 [==============================] - 0s 1ms/step - loss: 0.4177 - accuracy: 0.8138
Epoch 12/25

 1/67 [..............................] - ETA: 0s - loss: 0.4126 - accuracy: 0.8438
33/67 [=============>................] - ETA: 0s - loss: 0.4022 - accuracy: 0.8258
61/67 [==========================>...] - ETA: 0s - loss: 0.4089 - accuracy: 0.8192
67/67 [==============================] - 0s 2ms/step - loss: 0.4074 - accuracy: 0.8213
Epoch 13/25

 1/67 [..............................] - ETA: 0s - loss: 0.2767 - accuracy: 0.9375
32/67 [=============>................] - ETA: 0s - loss: 0.3770 - accuracy: 0.8379
62/67 [==========================>...] - ETA: 0s - loss: 0.3964 - accuracy: 0.8211
67/67 [==============================] - 0s 2ms/step - loss: 0.3991 - accuracy: 0.8199
Epoch 14/25

 1/67 [..............................] - ETA: 0s - loss: 0.4025 - accuracy: 0.8125
32/67 [=============>................] - ETA: 0s - loss: 0.3938 - accuracy: 0.8145
67/67 [==============================] - 0s 2ms/step - loss: 0.3884 - accuracy: 0.8250
Epoch 15/25

 1/67 [..............................] - ETA: 0s - loss: 0.4749 - accuracy: 0.7500
35/67 [==============>...............] - ETA: 0s - loss: 0.3814 - accuracy: 0.8339
67/67 [==============================] - 0s 2ms/step - loss: 0.3826 - accuracy: 0.8315
Epoch 16/25

 1/67 [..............................] - ETA: 0s - loss: 0.3816 - accuracy: 0.8125
33/67 [=============>................] - ETA: 0s - loss: 0.3679 - accuracy: 0.8343
64/67 [===========================>..] - ETA: 0s - loss: 0.3756 - accuracy: 0.8311
67/67 [==============================] - 0s 2ms/step - loss: 0.3757 - accuracy: 0.8306
Epoch 17/25

 1/67 [..............................] - ETA: 0s - loss: 0.3554 - accuracy: 0.8125
32/67 [=============>................] - ETA: 0s - loss: 0.3616 - accuracy: 0.8369
67/67 [==============================] - 0s 2ms/step - loss: 0.3670 - accuracy: 0.8376
Epoch 18/25

 1/67 [..............................] - ETA: 0s - loss: 0.3933 - accuracy: 0.8438
39/67 [================>.............] - ETA: 0s - loss: 0.3436 - accuracy: 0.8574
64/67 [===========================>..] - ETA: 0s - loss: 0.3641 - accuracy: 0.8379
67/67 [==============================] - 0s 2ms/step - loss: 0.3637 - accuracy: 0.8395
Epoch 19/25

 1/67 [..............................] - ETA: 0s - loss: 0.2645 - accuracy: 0.9375
25/67 [==========>...................] - ETA: 0s - loss: 0.3516 - accuracy: 0.8425
55/67 [=======================>......] - ETA: 0s - loss: 0.3589 - accuracy: 0.8403
67/67 [==============================] - 0s 2ms/step - loss: 0.3636 - accuracy: 0.8353
Epoch 20/25

 1/67 [..............................] - ETA: 0s - loss: 0.2860 - accuracy: 0.9062
34/67 [==============>...............] - ETA: 0s - loss: 0.3397 - accuracy: 0.8529
66/67 [============================>.] - ETA: 0s - loss: 0.3522 - accuracy: 0.8451
67/67 [==============================] - 0s 2ms/step - loss: 0.3502 - accuracy: 0.8469
Epoch 21/25

 1/67 [..............................] - ETA: 0s - loss: 0.2868 - accuracy: 0.8750
33/67 [=============>................] - ETA: 0s - loss: 0.3525 - accuracy: 0.8371
67/67 [==============================] - ETA: 0s - loss: 0.3530 - accuracy: 0.8395
67/67 [==============================] - 0s 2ms/step - loss: 0.3530 - accuracy: 0.8395
Epoch 22/25

 1/67 [..............................] - ETA: 0s - loss: 0.3026 - accuracy: 0.8750
30/67 [============>.................] - ETA: 0s - loss: 0.3428 - accuracy: 0.8458
61/67 [==========================>...] - ETA: 0s - loss: 0.3439 - accuracy: 0.8458
67/67 [==============================] - 0s 2ms/step - loss: 0.3462 - accuracy: 0.8446
Epoch 23/25

 1/67 [..............................] - ETA: 0s - loss: 0.3804 - accuracy: 0.8125
28/67 [===========>..................] - ETA: 0s - loss: 0.3208 - accuracy: 0.8605
59/67 [=========================>....] - ETA: 0s - loss: 0.3446 - accuracy: 0.8438
67/67 [==============================] - 0s 2ms/step - loss: 0.3438 - accuracy: 0.8451
Epoch 24/25

 1/67 [..............................] - ETA: 0s - loss: 0.3669 - accuracy: 0.8125
38/67 [================>.............] - ETA: 0s - loss: 0.3351 - accuracy: 0.8503
67/67 [==============================] - 0s 1ms/step - loss: 0.3451 - accuracy: 0.8418
Epoch 25/25

 1/67 [..............................] - ETA: 0s - loss: 0.4594 - accuracy: 0.8125
40/67 [================>.............] - ETA: 0s - loss: 0.3441 - accuracy: 0.8367
67/67 [==============================] - 0s 1ms/step - loss: 0.3365 - accuracy: 0.8460
# predict: steps=1872
# predict: tnodeembed_metrics
# predict: node2vec_metrics
tnodeembed: {'auc': 0.6358405284125983, 'f1_micro': 0.6390354685725737, 'f1_macro': 0.6220191381719239} tNodeEmbed_final_loss=0.3170006275177002 tNodeEmbed_final_accuracy=0.8474102020263672 
node2vec: {'auc': 0.6591787785242817, 'f1_micro': 0.6447632088704829, 'f1_macro': 0.631908201527572} node2vec_final_loss=0.3365122079849243 node2vec_final_accuracy=0.8460102677345276 
