# load graph
# initialize tNodeEmbed for dataset=PPI, test_size=0.2
# load dataset
# fit
# tNodeEmbed
Epoch 1/25

 1/67 [..............................] - ETA: 1:25 - loss: 0.6913 - accuracy: 0.5625
18/67 [=======>......................] - ETA: 0s - loss: 0.6901 - accuracy: 0.5208  
35/67 [==============>...............] - ETA: 0s - loss: 0.6824 - accuracy: 0.5839
53/67 [======================>.......] - ETA: 0s - loss: 0.6700 - accuracy: 0.6073
67/67 [==============================] - 1s 3ms/step - loss: 0.6622 - accuracy: 0.6304
Epoch 2/25

 1/67 [..............................] - ETA: 0s - loss: 0.5887 - accuracy: 0.6875
15/67 [=====>........................] - ETA: 0s - loss: 0.5856 - accuracy: 0.7000
32/67 [=============>................] - ETA: 0s - loss: 0.5767 - accuracy: 0.7236
49/67 [====================>.........] - ETA: 0s - loss: 0.5668 - accuracy: 0.7290
66/67 [============================>.] - ETA: 0s - loss: 0.5624 - accuracy: 0.7352
67/67 [==============================] - 0s 3ms/step - loss: 0.5615 - accuracy: 0.7368
Epoch 3/25

 1/67 [..............................] - ETA: 0s - loss: 0.4205 - accuracy: 0.8125
18/67 [=======>......................] - ETA: 0s - loss: 0.4799 - accuracy: 0.7726
36/67 [===============>..............] - ETA: 0s - loss: 0.4903 - accuracy: 0.7856
54/67 [=======================>......] - ETA: 0s - loss: 0.4965 - accuracy: 0.7801
67/67 [==============================] - 0s 3ms/step - loss: 0.4892 - accuracy: 0.7821
Epoch 4/25

 1/67 [..............................] - ETA: 0s - loss: 0.4167 - accuracy: 0.8125
20/67 [=======>......................] - ETA: 0s - loss: 0.4210 - accuracy: 0.8188
39/67 [================>.............] - ETA: 0s - loss: 0.4236 - accuracy: 0.8093
59/67 [=========================>....] - ETA: 0s - loss: 0.4194 - accuracy: 0.8114
67/67 [==============================] - 0s 3ms/step - loss: 0.4196 - accuracy: 0.8129
Epoch 5/25

 1/67 [..............................] - ETA: 0s - loss: 0.4298 - accuracy: 0.8438
18/67 [=======>......................] - ETA: 0s - loss: 0.3370 - accuracy: 0.8837
36/67 [===============>..............] - ETA: 0s - loss: 0.3429 - accuracy: 0.8672
54/67 [=======================>......] - ETA: 0s - loss: 0.3509 - accuracy: 0.8576
67/67 [==============================] - 0s 3ms/step - loss: 0.3495 - accuracy: 0.8614
Epoch 6/25

 1/67 [..............................] - ETA: 0s - loss: 0.2617 - accuracy: 0.9375
17/67 [======>.......................] - ETA: 0s - loss: 0.2610 - accuracy: 0.9210
36/67 [===============>..............] - ETA: 0s - loss: 0.2769 - accuracy: 0.9054
55/67 [=======================>......] - ETA: 0s - loss: 0.2757 - accuracy: 0.9017
67/67 [==============================] - 0s 3ms/step - loss: 0.2722 - accuracy: 0.9020
Epoch 7/25

 1/67 [..............................] - ETA: 0s - loss: 0.1573 - accuracy: 1.0000
19/67 [=======>......................] - ETA: 0s - loss: 0.1973 - accuracy: 0.9359
37/67 [===============>..............] - ETA: 0s - loss: 0.1990 - accuracy: 0.9383
55/67 [=======================>......] - ETA: 0s - loss: 0.1997 - accuracy: 0.9386
67/67 [==============================] - 0s 3ms/step - loss: 0.2053 - accuracy: 0.9375
Epoch 8/25

 1/67 [..............................] - ETA: 0s - loss: 0.1200 - accuracy: 1.0000
18/67 [=======>......................] - ETA: 0s - loss: 0.1379 - accuracy: 0.9618
35/67 [==============>...............] - ETA: 0s - loss: 0.1464 - accuracy: 0.9563
52/67 [======================>.......] - ETA: 0s - loss: 0.1417 - accuracy: 0.9603
67/67 [==============================] - 0s 3ms/step - loss: 0.1466 - accuracy: 0.9599
Epoch 9/25

 1/67 [..............................] - ETA: 0s - loss: 0.0783 - accuracy: 1.0000
17/67 [======>.......................] - ETA: 0s - loss: 0.0957 - accuracy: 0.9761
36/67 [===============>..............] - ETA: 0s - loss: 0.1040 - accuracy: 0.9740
55/67 [=======================>......] - ETA: 0s - loss: 0.1095 - accuracy: 0.9739
67/67 [==============================] - 0s 3ms/step - loss: 0.1152 - accuracy: 0.9711
Epoch 10/25

 1/67 [..............................] - ETA: 0s - loss: 0.0996 - accuracy: 1.0000
20/67 [=======>......................] - ETA: 0s - loss: 0.0776 - accuracy: 0.9906
39/67 [================>.............] - ETA: 0s - loss: 0.0898 - accuracy: 0.9824
59/67 [=========================>....] - ETA: 0s - loss: 0.0843 - accuracy: 0.9836
67/67 [==============================] - 0s 3ms/step - loss: 0.0863 - accuracy: 0.9823
Epoch 11/25

 1/67 [..............................] - ETA: 0s - loss: 0.1650 - accuracy: 0.9688
20/67 [=======>......................] - ETA: 0s - loss: 0.0701 - accuracy: 0.9906
40/67 [================>.............] - ETA: 0s - loss: 0.0575 - accuracy: 0.9930
58/67 [========================>.....] - ETA: 0s - loss: 0.0657 - accuracy: 0.9881
67/67 [==============================] - 0s 3ms/step - loss: 0.0650 - accuracy: 0.9879
Epoch 12/25

 1/67 [..............................] - ETA: 0s - loss: 0.0481 - accuracy: 1.0000
15/67 [=====>........................] - ETA: 0s - loss: 0.0447 - accuracy: 0.9937
31/67 [============>.................] - ETA: 0s - loss: 0.0468 - accuracy: 0.9919
46/67 [===================>..........] - ETA: 0s - loss: 0.0493 - accuracy: 0.9918
63/67 [===========================>..] - ETA: 0s - loss: 0.0509 - accuracy: 0.9901
67/67 [==============================] - 0s 3ms/step - loss: 0.0497 - accuracy: 0.9907
Epoch 13/25

 1/67 [..............................] - ETA: 0s - loss: 0.0126 - accuracy: 1.0000
18/67 [=======>......................] - ETA: 0s - loss: 0.0460 - accuracy: 0.9878
36/67 [===============>..............] - ETA: 0s - loss: 0.0471 - accuracy: 0.9896
53/67 [======================>.......] - ETA: 0s - loss: 0.0461 - accuracy: 0.9900
67/67 [==============================] - 0s 3ms/step - loss: 0.0447 - accuracy: 0.9907
Epoch 14/25

 1/67 [..............................] - ETA: 0s - loss: 0.0783 - accuracy: 0.9688
19/67 [=======>......................] - ETA: 0s - loss: 0.0362 - accuracy: 0.9918
38/67 [================>.............] - ETA: 0s - loss: 0.0374 - accuracy: 0.9901
57/67 [========================>.....] - ETA: 0s - loss: 0.0348 - accuracy: 0.9923
67/67 [==============================] - 0s 3ms/step - loss: 0.0400 - accuracy: 0.9911
Epoch 15/25

 1/67 [..............................] - ETA: 0s - loss: 0.0248 - accuracy: 1.0000
19/67 [=======>......................] - ETA: 0s - loss: 0.0355 - accuracy: 0.9934
39/67 [================>.............] - ETA: 0s - loss: 0.0423 - accuracy: 0.9904
56/67 [========================>.....] - ETA: 0s - loss: 0.0430 - accuracy: 0.9894
67/67 [==============================] - 0s 3ms/step - loss: 0.0444 - accuracy: 0.9888
Epoch 16/25

 1/67 [..............................] - ETA: 0s - loss: 0.0204 - accuracy: 1.0000
20/67 [=======>......................] - ETA: 0s - loss: 0.0247 - accuracy: 0.9953
38/67 [================>.............] - ETA: 0s - loss: 0.0307 - accuracy: 0.9934
56/67 [========================>.....] - ETA: 0s - loss: 0.0338 - accuracy: 0.9927
67/67 [==============================] - 0s 3ms/step - loss: 0.0348 - accuracy: 0.9921
Epoch 17/25

 1/67 [..............................] - ETA: 0s - loss: 0.0120 - accuracy: 1.0000
18/67 [=======>......................] - ETA: 0s - loss: 0.0307 - accuracy: 0.9931
37/67 [===============>..............] - ETA: 0s - loss: 0.0337 - accuracy: 0.9916
55/67 [=======================>......] - ETA: 0s - loss: 0.0323 - accuracy: 0.9915
67/67 [==============================] - 0s 3ms/step - loss: 0.0322 - accuracy: 0.9916
Epoch 18/25

 1/67 [..............................] - ETA: 0s - loss: 0.0162 - accuracy: 1.0000
18/67 [=======>......................] - ETA: 0s - loss: 0.0261 - accuracy: 0.9931
35/67 [==============>...............] - ETA: 0s - loss: 0.0306 - accuracy: 0.9920
53/67 [======================>.......] - ETA: 0s - loss: 0.0256 - accuracy: 0.9935
67/67 [==============================] - 0s 3ms/step - loss: 0.0298 - accuracy: 0.9916
Epoch 19/25

 1/67 [..............................] - ETA: 0s - loss: 0.0092 - accuracy: 1.0000
18/67 [=======>......................] - ETA: 0s - loss: 0.0386 - accuracy: 0.9861
36/67 [===============>..............] - ETA: 0s - loss: 0.0314 - accuracy: 0.9905
55/67 [=======================>......] - ETA: 0s - loss: 0.0260 - accuracy: 0.9932
67/67 [==============================] - 0s 3ms/step - loss: 0.0289 - accuracy: 0.9930
Epoch 20/25

 1/67 [..............................] - ETA: 0s - loss: 0.0082 - accuracy: 1.0000
20/67 [=======>......................] - ETA: 0s - loss: 0.0292 - accuracy: 0.9922
38/67 [================>.............] - ETA: 0s - loss: 0.0286 - accuracy: 0.9918
58/67 [========================>.....] - ETA: 0s - loss: 0.0284 - accuracy: 0.9925
67/67 [==============================] - 0s 3ms/step - loss: 0.0277 - accuracy: 0.9930
Epoch 21/25

 1/67 [..............................] - ETA: 0s - loss: 0.0776 - accuracy: 0.9688
20/67 [=======>......................] - ETA: 0s - loss: 0.0473 - accuracy: 0.9812
39/67 [================>.............] - ETA: 0s - loss: 0.0370 - accuracy: 0.9872
58/67 [========================>.....] - ETA: 0s - loss: 0.0312 - accuracy: 0.9898
67/67 [==============================] - 0s 3ms/step - loss: 0.0295 - accuracy: 0.9907
Epoch 22/25

 1/67 [..............................] - ETA: 0s - loss: 0.0199 - accuracy: 1.0000
18/67 [=======>......................] - ETA: 0s - loss: 0.0170 - accuracy: 0.9965
37/67 [===============>..............] - ETA: 0s - loss: 0.0245 - accuracy: 0.9924
55/67 [=======================>......] - ETA: 0s - loss: 0.0245 - accuracy: 0.9926
67/67 [==============================] - 0s 3ms/step - loss: 0.0310 - accuracy: 0.9907
Epoch 23/25

 1/67 [..............................] - ETA: 0s - loss: 0.0167 - accuracy: 1.0000
19/67 [=======>......................] - ETA: 0s - loss: 0.0203 - accuracy: 0.9951
36/67 [===============>..............] - ETA: 0s - loss: 0.0290 - accuracy: 0.9913
53/67 [======================>.......] - ETA: 0s - loss: 0.0247 - accuracy: 0.9929
67/67 [==============================] - 0s 3ms/step - loss: 0.0312 - accuracy: 0.9911
Epoch 24/25

 1/67 [..............................] - ETA: 0s - loss: 0.0138 - accuracy: 1.0000
16/67 [======>.......................] - ETA: 0s - loss: 0.0320 - accuracy: 0.9902
33/67 [=============>................] - ETA: 0s - loss: 0.0241 - accuracy: 0.9943
51/67 [=====================>........] - ETA: 0s - loss: 0.0274 - accuracy: 0.9926
67/67 [==============================] - 0s 3ms/step - loss: 0.0279 - accuracy: 0.9916
Epoch 25/25

 1/67 [..............................] - ETA: 0s - loss: 0.0024 - accuracy: 1.0000
20/67 [=======>......................] - ETA: 0s - loss: 0.0247 - accuracy: 0.9922
40/67 [================>.............] - ETA: 0s - loss: 0.0221 - accuracy: 0.9937
60/67 [=========================>....] - ETA: 0s - loss: 0.0249 - accuracy: 0.9922
67/67 [==============================] - 0s 3ms/step - loss: 0.0243 - accuracy: 0.9925
# node2vec
Epoch 1/25

 1/67 [..............................] - ETA: 21s - loss: 0.7227 - accuracy: 0.4688
34/67 [==============>...............] - ETA: 0s - loss: 0.6775 - accuracy: 0.5570 
67/67 [==============================] - 0s 1ms/step - loss: 0.6507 - accuracy: 0.6183
Epoch 2/25

 1/67 [..............................] - ETA: 0s - loss: 0.5552 - accuracy: 0.7812
40/67 [================>.............] - ETA: 0s - loss: 0.5563 - accuracy: 0.7578
64/67 [===========================>..] - ETA: 0s - loss: 0.5589 - accuracy: 0.7544
67/67 [==============================] - 0s 2ms/step - loss: 0.5579 - accuracy: 0.7564
Epoch 3/25

 1/67 [..............................] - ETA: 0s - loss: 0.4473 - accuracy: 0.8125
25/67 [==========>...................] - ETA: 0s - loss: 0.4951 - accuracy: 0.7925
59/67 [=========================>....] - ETA: 0s - loss: 0.4988 - accuracy: 0.7897
67/67 [==============================] - 0s 2ms/step - loss: 0.4918 - accuracy: 0.7961
Epoch 4/25

 1/67 [..............................] - ETA: 0s - loss: 0.4518 - accuracy: 0.8125
32/67 [=============>................] - ETA: 0s - loss: 0.4407 - accuracy: 0.8369
67/67 [==============================] - 0s 2ms/step - loss: 0.4389 - accuracy: 0.8311
Epoch 5/25

 1/67 [..............................] - ETA: 0s - loss: 0.3552 - accuracy: 0.9375
40/67 [================>.............] - ETA: 0s - loss: 0.3921 - accuracy: 0.8578
67/67 [==============================] - 0s 1ms/step - loss: 0.3928 - accuracy: 0.8544
Epoch 6/25

 1/67 [..............................] - ETA: 0s - loss: 0.3461 - accuracy: 0.8750
37/67 [===============>..............] - ETA: 0s - loss: 0.3284 - accuracy: 0.9020
67/67 [==============================] - 0s 1ms/step - loss: 0.3506 - accuracy: 0.8796
Epoch 7/25

 1/67 [..............................] - ETA: 0s - loss: 0.2047 - accuracy: 0.9375
38/67 [================>.............] - ETA: 0s - loss: 0.3157 - accuracy: 0.9030
67/67 [==============================] - 0s 1ms/step - loss: 0.3100 - accuracy: 0.9011
Epoch 8/25

 1/67 [..............................] - ETA: 0s - loss: 0.2911 - accuracy: 0.9375
37/67 [===============>..............] - ETA: 0s - loss: 0.2777 - accuracy: 0.9147
67/67 [==============================] - 0s 2ms/step - loss: 0.2729 - accuracy: 0.9160
Epoch 9/25

 1/67 [..............................] - ETA: 0s - loss: 0.2569 - accuracy: 0.9375
30/67 [============>.................] - ETA: 0s - loss: 0.2415 - accuracy: 0.9427
61/67 [==========================>...] - ETA: 0s - loss: 0.2403 - accuracy: 0.9411
67/67 [==============================] - 0s 2ms/step - loss: 0.2413 - accuracy: 0.9389
Epoch 10/25

 1/67 [..............................] - ETA: 0s - loss: 0.2432 - accuracy: 0.9375
31/67 [============>.................] - ETA: 0s - loss: 0.1960 - accuracy: 0.9597
62/67 [==========================>...] - ETA: 0s - loss: 0.2122 - accuracy: 0.9506
67/67 [==============================] - 0s 2ms/step - loss: 0.2113 - accuracy: 0.9519
Epoch 11/25

 1/67 [..............................] - ETA: 0s - loss: 0.1799 - accuracy: 0.9688
32/67 [=============>................] - ETA: 0s - loss: 0.1805 - accuracy: 0.9609
62/67 [==========================>...] - ETA: 0s - loss: 0.1884 - accuracy: 0.9617
67/67 [==============================] - 0s 2ms/step - loss: 0.1886 - accuracy: 0.9627
Epoch 12/25

 1/67 [..............................] - ETA: 0s - loss: 0.1412 - accuracy: 0.9688
33/67 [=============>................] - ETA: 0s - loss: 0.1593 - accuracy: 0.9744
67/67 [==============================] - 0s 2ms/step - loss: 0.1586 - accuracy: 0.9757
Epoch 13/25

 1/67 [..............................] - ETA: 0s - loss: 0.1380 - accuracy: 0.9688
39/67 [================>.............] - ETA: 0s - loss: 0.1359 - accuracy: 0.9776
67/67 [==============================] - 0s 1ms/step - loss: 0.1419 - accuracy: 0.9757
Epoch 14/25

 1/67 [..............................] - ETA: 0s - loss: 0.1307 - accuracy: 0.9688
37/67 [===============>..............] - ETA: 0s - loss: 0.1247 - accuracy: 0.9840
67/67 [==============================] - 0s 1ms/step - loss: 0.1249 - accuracy: 0.9827
Epoch 15/25

 1/67 [..............................] - ETA: 0s - loss: 0.0704 - accuracy: 1.0000
38/67 [================>.............] - ETA: 0s - loss: 0.1067 - accuracy: 0.9868
67/67 [==============================] - 0s 1ms/step - loss: 0.1102 - accuracy: 0.9855
Epoch 16/25

 1/67 [..............................] - ETA: 0s - loss: 0.0670 - accuracy: 1.0000
35/67 [==============>...............] - ETA: 0s - loss: 0.0952 - accuracy: 0.9902
67/67 [==============================] - 0s 2ms/step - loss: 0.0987 - accuracy: 0.9860
Epoch 17/25

 1/67 [..............................] - ETA: 0s - loss: 0.0754 - accuracy: 1.0000
38/67 [================>.............] - ETA: 0s - loss: 0.0870 - accuracy: 0.9860
67/67 [==============================] - 0s 1ms/step - loss: 0.0871 - accuracy: 0.9874
Epoch 18/25

 1/67 [..............................] - ETA: 0s - loss: 0.0615 - accuracy: 1.0000
33/67 [=============>................] - ETA: 0s - loss: 0.0905 - accuracy: 0.9867
65/67 [============================>.] - ETA: 0s - loss: 0.0812 - accuracy: 0.9904
67/67 [==============================] - 0s 2ms/step - loss: 0.0803 - accuracy: 0.9907
Epoch 19/25

 1/67 [..............................] - ETA: 0s - loss: 0.0630 - accuracy: 1.0000
27/67 [===========>..................] - ETA: 0s - loss: 0.0627 - accuracy: 0.9942
54/67 [=======================>......] - ETA: 0s - loss: 0.0654 - accuracy: 0.9936
67/67 [==============================] - 0s 2ms/step - loss: 0.0721 - accuracy: 0.9907
Epoch 20/25

 1/67 [..............................] - ETA: 0s - loss: 0.0663 - accuracy: 0.9688
29/67 [===========>..................] - ETA: 0s - loss: 0.0691 - accuracy: 0.9914
59/67 [=========================>....] - ETA: 0s - loss: 0.0659 - accuracy: 0.9926
67/67 [==============================] - 0s 2ms/step - loss: 0.0662 - accuracy: 0.9921
Epoch 21/25

 1/67 [..............................] - ETA: 0s - loss: 0.0431 - accuracy: 1.0000
28/67 [===========>..................] - ETA: 0s - loss: 0.0559 - accuracy: 0.9922
64/67 [===========================>..] - ETA: 0s - loss: 0.0594 - accuracy: 0.9922
67/67 [==============================] - 0s 2ms/step - loss: 0.0613 - accuracy: 0.9916
Epoch 22/25

 1/67 [..............................] - ETA: 0s - loss: 0.0282 - accuracy: 1.0000
35/67 [==============>...............] - ETA: 0s - loss: 0.0490 - accuracy: 0.9946
67/67 [==============================] - 0s 1ms/step - loss: 0.0545 - accuracy: 0.9925
Epoch 23/25

 1/67 [..............................] - ETA: 0s - loss: 0.1640 - accuracy: 0.9688
38/67 [================>.............] - ETA: 0s - loss: 0.0571 - accuracy: 0.9893
67/67 [==============================] - 0s 1ms/step - loss: 0.0513 - accuracy: 0.9921
Epoch 24/25

 1/67 [..............................] - ETA: 0s - loss: 0.0424 - accuracy: 1.0000
39/67 [================>.............] - ETA: 0s - loss: 0.0420 - accuracy: 0.9944
67/67 [==============================] - 0s 1ms/step - loss: 0.0495 - accuracy: 0.9916
Epoch 25/25

 1/67 [..............................] - ETA: 0s - loss: 0.0204 - accuracy: 1.0000
37/67 [===============>..............] - ETA: 0s - loss: 0.0436 - accuracy: 0.9932
67/67 [==============================] - 0s 1ms/step - loss: 0.0468 - accuracy: 0.9925
# predict: steps=1872
# predict: tnodeembed_metrics
# predict: node2vec_metrics
tnodeembed: {'auc': 0.6782952189743491, 'f1_micro': 0.6425923452007214, 'f1_macro': 0.6408399090700423} tNodeEmbed_final_loss=0.024282896891236305 tNodeEmbed_final_accuracy=0.992533802986145 
node2vec: {'auc': 0.6992415922135411, 'f1_micro': 0.6499732816779106, 'f1_macro': 0.6476707945746156} node2vec_final_loss=0.04676232859492302 node2vec_final_accuracy=0.992533802986145 
