# load graph
# initialize tNodeEmbed for dataset=PPI, test_size=0.2
# load dataset
# fit
# tNodeEmbed
Epoch 1/25

 1/67 [..............................] - ETA: 1:28 - loss: 0.6938 - accuracy: 0.6562
22/67 [========>.....................] - ETA: 0s - loss: 0.6927 - accuracy: 0.5369  
40/67 [================>.............] - ETA: 0s - loss: 0.6924 - accuracy: 0.5172
60/67 [=========================>....] - ETA: 0s - loss: 0.6916 - accuracy: 0.5120
67/67 [==============================] - 2s 3ms/step - loss: 0.6915 - accuracy: 0.5147
Epoch 2/25

 1/67 [..............................] - ETA: 0s - loss: 0.6925 - accuracy: 0.5312
21/67 [========>.....................] - ETA: 0s - loss: 0.6844 - accuracy: 0.5223
40/67 [================>.............] - ETA: 0s - loss: 0.6885 - accuracy: 0.4984
59/67 [=========================>....] - ETA: 0s - loss: 0.6885 - accuracy: 0.4979
67/67 [==============================] - 0s 3ms/step - loss: 0.6879 - accuracy: 0.5035
Epoch 3/25

 1/67 [..............................] - ETA: 0s - loss: 0.6927 - accuracy: 0.5312
21/67 [========>.....................] - ETA: 0s - loss: 0.6917 - accuracy: 0.4985
39/67 [================>.............] - ETA: 0s - loss: 0.6873 - accuracy: 0.5088
57/67 [========================>.....] - ETA: 0s - loss: 0.6866 - accuracy: 0.5126
67/67 [==============================] - 0s 3ms/step - loss: 0.6875 - accuracy: 0.5156
Epoch 4/25

 1/67 [..............................] - ETA: 0s - loss: 0.6962 - accuracy: 0.3750
16/67 [======>.......................] - ETA: 0s - loss: 0.6931 - accuracy: 0.5176
32/67 [=============>................] - ETA: 0s - loss: 0.6893 - accuracy: 0.5264
48/67 [====================>.........] - ETA: 0s - loss: 0.6877 - accuracy: 0.5221
67/67 [==============================] - ETA: 0s - loss: 0.6865 - accuracy: 0.5156
67/67 [==============================] - 0s 3ms/step - loss: 0.6865 - accuracy: 0.5156
Epoch 5/25

 1/67 [..............................] - ETA: 0s - loss: 0.6914 - accuracy: 0.5625
20/67 [=======>......................] - ETA: 0s - loss: 0.6854 - accuracy: 0.5234
40/67 [================>.............] - ETA: 0s - loss: 0.6868 - accuracy: 0.5125
61/67 [==========================>...] - ETA: 0s - loss: 0.6840 - accuracy: 0.5143
67/67 [==============================] - 0s 3ms/step - loss: 0.6842 - accuracy: 0.5161
Epoch 6/25

 1/67 [..............................] - ETA: 0s - loss: 0.6957 - accuracy: 0.3750
22/67 [========>.....................] - ETA: 0s - loss: 0.6794 - accuracy: 0.5256
43/67 [==================>...........] - ETA: 0s - loss: 0.6820 - accuracy: 0.5276
64/67 [===========================>..] - ETA: 0s - loss: 0.6840 - accuracy: 0.5200
67/67 [==============================] - 0s 2ms/step - loss: 0.6841 - accuracy: 0.5184
Epoch 7/25

 1/67 [..............................] - ETA: 0s - loss: 0.6922 - accuracy: 0.5312
21/67 [========>.....................] - ETA: 0s - loss: 0.6829 - accuracy: 0.5134
40/67 [================>.............] - ETA: 0s - loss: 0.6781 - accuracy: 0.5102
60/67 [=========================>....] - ETA: 0s - loss: 0.6822 - accuracy: 0.5188
67/67 [==============================] - 0s 3ms/step - loss: 0.6840 - accuracy: 0.5203
Epoch 8/25

 1/67 [..............................] - ETA: 0s - loss: 0.6557 - accuracy: 0.5312
20/67 [=======>......................] - ETA: 0s - loss: 0.6814 - accuracy: 0.5219
38/67 [================>.............] - ETA: 0s - loss: 0.6801 - accuracy: 0.5329
57/67 [========================>.....] - ETA: 0s - loss: 0.6832 - accuracy: 0.5241
67/67 [==============================] - 0s 3ms/step - loss: 0.6832 - accuracy: 0.5161
Epoch 9/25

 1/67 [..............................] - ETA: 0s - loss: 0.6650 - accuracy: 0.4375
19/67 [=======>......................] - ETA: 0s - loss: 0.6812 - accuracy: 0.5247
38/67 [================>.............] - ETA: 0s - loss: 0.6785 - accuracy: 0.5214
57/67 [========================>.....] - ETA: 0s - loss: 0.6816 - accuracy: 0.5197
67/67 [==============================] - 0s 3ms/step - loss: 0.6824 - accuracy: 0.5170
Epoch 10/25

 1/67 [..............................] - ETA: 0s - loss: 0.6894 - accuracy: 0.6250
20/67 [=======>......................] - ETA: 0s - loss: 0.6780 - accuracy: 0.5266
41/67 [=================>............] - ETA: 0s - loss: 0.6802 - accuracy: 0.5244
62/67 [==========================>...] - ETA: 0s - loss: 0.6822 - accuracy: 0.5192
67/67 [==============================] - 0s 3ms/step - loss: 0.6817 - accuracy: 0.5194
Epoch 11/25

 1/67 [..............................] - ETA: 0s - loss: 0.6723 - accuracy: 0.6250
20/67 [=======>......................] - ETA: 0s - loss: 0.6843 - accuracy: 0.5328
39/67 [================>.............] - ETA: 0s - loss: 0.6813 - accuracy: 0.5240
57/67 [========================>.....] - ETA: 0s - loss: 0.6821 - accuracy: 0.5203
67/67 [==============================] - 0s 3ms/step - loss: 0.6823 - accuracy: 0.5147
Epoch 12/25

 1/67 [..............................] - ETA: 0s - loss: 0.6933 - accuracy: 0.5000
19/67 [=======>......................] - ETA: 0s - loss: 0.6827 - accuracy: 0.5164
38/67 [================>.............] - ETA: 0s - loss: 0.6838 - accuracy: 0.5173
58/67 [========================>.....] - ETA: 0s - loss: 0.6812 - accuracy: 0.5178
67/67 [==============================] - 0s 3ms/step - loss: 0.6816 - accuracy: 0.5194
Epoch 13/25

 1/67 [..............................] - ETA: 0s - loss: 0.6749 - accuracy: 0.6562
19/67 [=======>......................] - ETA: 0s - loss: 0.6849 - accuracy: 0.5345
38/67 [================>.............] - ETA: 0s - loss: 0.6843 - accuracy: 0.5140
56/67 [========================>.....] - ETA: 0s - loss: 0.6823 - accuracy: 0.5184
67/67 [==============================] - 0s 3ms/step - loss: 0.6821 - accuracy: 0.5175
Epoch 14/25

 1/67 [..............................] - ETA: 0s - loss: 0.6717 - accuracy: 0.5312
18/67 [=======>......................] - ETA: 0s - loss: 0.6818 - accuracy: 0.4844
37/67 [===============>..............] - ETA: 0s - loss: 0.6798 - accuracy: 0.5228
55/67 [=======================>......] - ETA: 0s - loss: 0.6822 - accuracy: 0.5205
67/67 [==============================] - 0s 3ms/step - loss: 0.6817 - accuracy: 0.5175
Epoch 15/25

 1/67 [..............................] - ETA: 0s - loss: 0.6942 - accuracy: 0.4688
20/67 [=======>......................] - ETA: 0s - loss: 0.6818 - accuracy: 0.5250
39/67 [================>.............] - ETA: 0s - loss: 0.6826 - accuracy: 0.5304
60/67 [=========================>....] - ETA: 0s - loss: 0.6820 - accuracy: 0.5234
67/67 [==============================] - 0s 3ms/step - loss: 0.6811 - accuracy: 0.5166
Epoch 16/25

 1/67 [..............................] - ETA: 0s - loss: 0.6912 - accuracy: 0.5625
19/67 [=======>......................] - ETA: 0s - loss: 0.6781 - accuracy: 0.5066
38/67 [================>.............] - ETA: 0s - loss: 0.6795 - accuracy: 0.5181
57/67 [========================>.....] - ETA: 0s - loss: 0.6802 - accuracy: 0.5197
67/67 [==============================] - 0s 3ms/step - loss: 0.6815 - accuracy: 0.5198
Epoch 17/25

 1/67 [..............................] - ETA: 0s - loss: 0.6710 - accuracy: 0.5625
20/67 [=======>......................] - ETA: 0s - loss: 0.6835 - accuracy: 0.4891
41/67 [=================>............] - ETA: 0s - loss: 0.6822 - accuracy: 0.5099
61/67 [==========================>...] - ETA: 0s - loss: 0.6813 - accuracy: 0.5159
67/67 [==============================] - 0s 3ms/step - loss: 0.6813 - accuracy: 0.5170
Epoch 18/25

 1/67 [..............................] - ETA: 0s - loss: 0.6970 - accuracy: 0.3750
20/67 [=======>......................] - ETA: 0s - loss: 0.6859 - accuracy: 0.4875
39/67 [================>.............] - ETA: 0s - loss: 0.6831 - accuracy: 0.5048
58/67 [========================>.....] - ETA: 0s - loss: 0.6823 - accuracy: 0.5151
67/67 [==============================] - 0s 3ms/step - loss: 0.6812 - accuracy: 0.5189
Epoch 19/25

 1/67 [..............................] - ETA: 0s - loss: 0.6888 - accuracy: 0.6562
14/67 [=====>........................] - ETA: 0s - loss: 0.6758 - accuracy: 0.5737
31/67 [============>.................] - ETA: 0s - loss: 0.6779 - accuracy: 0.5363
49/67 [====================>.........] - ETA: 0s - loss: 0.6798 - accuracy: 0.5274
66/67 [============================>.] - ETA: 0s - loss: 0.6812 - accuracy: 0.5163
67/67 [==============================] - 0s 3ms/step - loss: 0.6814 - accuracy: 0.5170
Epoch 20/25

 1/67 [..............................] - ETA: 0s - loss: 0.6933 - accuracy: 0.5000
18/67 [=======>......................] - ETA: 0s - loss: 0.6814 - accuracy: 0.5174
37/67 [===============>..............] - ETA: 0s - loss: 0.6811 - accuracy: 0.5211
55/67 [=======================>......] - ETA: 0s - loss: 0.6828 - accuracy: 0.5148
67/67 [==============================] - 0s 3ms/step - loss: 0.6811 - accuracy: 0.5166
Epoch 21/25

 1/67 [..............................] - ETA: 0s - loss: 0.6932 - accuracy: 0.5000
18/67 [=======>......................] - ETA: 0s - loss: 0.6827 - accuracy: 0.5139
38/67 [================>.............] - ETA: 0s - loss: 0.6786 - accuracy: 0.5164
57/67 [========================>.....] - ETA: 0s - loss: 0.6797 - accuracy: 0.5126
67/67 [==============================] - 0s 3ms/step - loss: 0.6812 - accuracy: 0.5189
Epoch 22/25

 1/67 [..............................] - ETA: 0s - loss: 0.6932 - accuracy: 0.5000
20/67 [=======>......................] - ETA: 0s - loss: 0.6800 - accuracy: 0.5156
41/67 [=================>............] - ETA: 0s - loss: 0.6782 - accuracy: 0.5229
60/67 [=========================>....] - ETA: 0s - loss: 0.6804 - accuracy: 0.5161
67/67 [==============================] - 0s 3ms/step - loss: 0.6818 - accuracy: 0.5161
Epoch 23/25

 1/67 [..............................] - ETA: 0s - loss: 0.6915 - accuracy: 0.5625
20/67 [=======>......................] - ETA: 0s - loss: 0.6818 - accuracy: 0.5188
36/67 [===============>..............] - ETA: 0s - loss: 0.6790 - accuracy: 0.5278
52/67 [======================>.......] - ETA: 0s - loss: 0.6799 - accuracy: 0.5306
67/67 [==============================] - 0s 3ms/step - loss: 0.6814 - accuracy: 0.5184
Epoch 24/25

 1/67 [..............................] - ETA: 0s - loss: 0.6744 - accuracy: 0.4375
19/67 [=======>......................] - ETA: 0s - loss: 0.6778 - accuracy: 0.5444
38/67 [================>.............] - ETA: 0s - loss: 0.6803 - accuracy: 0.5329
57/67 [========================>.....] - ETA: 0s - loss: 0.6809 - accuracy: 0.5247
67/67 [==============================] - 0s 3ms/step - loss: 0.6811 - accuracy: 0.5175
Epoch 25/25

 1/67 [..............................] - ETA: 0s - loss: 0.6882 - accuracy: 0.6562
19/67 [=======>......................] - ETA: 0s - loss: 0.6850 - accuracy: 0.5132
37/67 [===============>..............] - ETA: 0s - loss: 0.6843 - accuracy: 0.5110
55/67 [=======================>......] - ETA: 0s - loss: 0.6825 - accuracy: 0.5222
67/67 [==============================] - 0s 3ms/step - loss: 0.6805 - accuracy: 0.5203
# node2vec
Epoch 1/25

 1/67 [..............................] - ETA: 20s - loss: 0.6862 - accuracy: 0.5000
32/67 [=============>................] - ETA: 0s - loss: 0.6927 - accuracy: 0.5010 
62/67 [==========================>...] - ETA: 0s - loss: 0.6914 - accuracy: 0.4950
67/67 [==============================] - 0s 2ms/step - loss: 0.6917 - accuracy: 0.4932
Epoch 2/25

 1/67 [..............................] - ETA: 0s - loss: 0.7209 - accuracy: 0.6250
29/67 [===========>..................] - ETA: 0s - loss: 0.6875 - accuracy: 0.5269
59/67 [=========================>....] - ETA: 0s - loss: 0.6864 - accuracy: 0.5185
67/67 [==============================] - 0s 2ms/step - loss: 0.6863 - accuracy: 0.5175
Epoch 3/25

 1/67 [..............................] - ETA: 0s - loss: 0.6620 - accuracy: 0.7188
28/67 [===========>..................] - ETA: 0s - loss: 0.6815 - accuracy: 0.5335
58/67 [========================>.....] - ETA: 0s - loss: 0.6860 - accuracy: 0.5167
67/67 [==============================] - 0s 2ms/step - loss: 0.6853 - accuracy: 0.5161
Epoch 4/25

 1/67 [..............................] - ETA: 0s - loss: 0.6928 - accuracy: 0.5312
38/67 [================>.............] - ETA: 0s - loss: 0.6833 - accuracy: 0.5049
67/67 [==============================] - 0s 1ms/step - loss: 0.6845 - accuracy: 0.5184
Epoch 5/25

 1/67 [..............................] - ETA: 0s - loss: 0.6775 - accuracy: 0.3750
38/67 [================>.............] - ETA: 0s - loss: 0.6829 - accuracy: 0.5238
67/67 [==============================] - 0s 1ms/step - loss: 0.6832 - accuracy: 0.5161
Epoch 6/25

 1/67 [..............................] - ETA: 0s - loss: 0.6901 - accuracy: 0.6250
36/67 [===============>..............] - ETA: 0s - loss: 0.6832 - accuracy: 0.5148
67/67 [==============================] - 0s 2ms/step - loss: 0.6839 - accuracy: 0.5198
Epoch 7/25

 1/67 [..............................] - ETA: 0s - loss: 0.6940 - accuracy: 0.4688
38/67 [================>.............] - ETA: 0s - loss: 0.6862 - accuracy: 0.5074
67/67 [==============================] - 0s 1ms/step - loss: 0.6829 - accuracy: 0.5147
Epoch 8/25

 1/67 [..............................] - ETA: 0s - loss: 0.6924 - accuracy: 0.5312
36/67 [===============>..............] - ETA: 0s - loss: 0.6860 - accuracy: 0.5278
67/67 [==============================] - 0s 1ms/step - loss: 0.6815 - accuracy: 0.5231
Epoch 9/25

 1/67 [..............................] - ETA: 0s - loss: 0.6912 - accuracy: 0.5625
38/67 [================>.............] - ETA: 0s - loss: 0.6859 - accuracy: 0.5140
67/67 [==============================] - 0s 1ms/step - loss: 0.6824 - accuracy: 0.5152
Epoch 10/25

 1/67 [..............................] - ETA: 0s - loss: 0.6693 - accuracy: 0.6562
35/67 [==============>...............] - ETA: 0s - loss: 0.6803 - accuracy: 0.5321
67/67 [==============================] - 0s 1ms/step - loss: 0.6824 - accuracy: 0.5184
Epoch 11/25

 1/67 [..............................] - ETA: 0s - loss: 0.6914 - accuracy: 0.5625
31/67 [============>.................] - ETA: 0s - loss: 0.6834 - accuracy: 0.4980
64/67 [===========================>..] - ETA: 0s - loss: 0.6824 - accuracy: 0.5171
67/67 [==============================] - 0s 2ms/step - loss: 0.6827 - accuracy: 0.5166
Epoch 12/25

 1/67 [..............................] - ETA: 0s - loss: 0.6732 - accuracy: 0.4688
26/67 [==========>...................] - ETA: 0s - loss: 0.6806 - accuracy: 0.5276
48/67 [====================>.........] - ETA: 0s - loss: 0.6816 - accuracy: 0.5182
67/67 [==============================] - 0s 2ms/step - loss: 0.6824 - accuracy: 0.5175
Epoch 13/25

 1/67 [..............................] - ETA: 0s - loss: 0.6699 - accuracy: 0.7188
30/67 [============>.................] - ETA: 0s - loss: 0.6799 - accuracy: 0.5219
63/67 [===========================>..] - ETA: 0s - loss: 0.6821 - accuracy: 0.5169
67/67 [==============================] - 0s 2ms/step - loss: 0.6820 - accuracy: 0.5156
Epoch 14/25

 1/67 [..............................] - ETA: 0s - loss: 0.6951 - accuracy: 0.4375
33/67 [=============>................] - ETA: 0s - loss: 0.6800 - accuracy: 0.5199
67/67 [==============================] - 0s 2ms/step - loss: 0.6815 - accuracy: 0.5166
Epoch 15/25

 1/67 [..............................] - ETA: 0s - loss: 0.6943 - accuracy: 0.4688
36/67 [===============>..............] - ETA: 0s - loss: 0.6812 - accuracy: 0.5165
67/67 [==============================] - 0s 1ms/step - loss: 0.6825 - accuracy: 0.5194
Epoch 16/25

 1/67 [..............................] - ETA: 0s - loss: 0.6943 - accuracy: 0.4688
36/67 [===============>..............] - ETA: 0s - loss: 0.6796 - accuracy: 0.5278
67/67 [==============================] - 0s 1ms/step - loss: 0.6815 - accuracy: 0.5166
Epoch 17/25

 1/67 [..............................] - ETA: 0s - loss: 0.6742 - accuracy: 0.5625
38/67 [================>.............] - ETA: 0s - loss: 0.6792 - accuracy: 0.5230
67/67 [==============================] - 0s 1ms/step - loss: 0.6824 - accuracy: 0.5198
Epoch 18/25

 1/67 [..............................] - ETA: 0s - loss: 0.6817 - accuracy: 0.4375
38/67 [================>.............] - ETA: 0s - loss: 0.6845 - accuracy: 0.5082
67/67 [==============================] - 0s 1ms/step - loss: 0.6815 - accuracy: 0.5166
Epoch 19/25

 1/67 [..............................] - ETA: 0s - loss: 0.6933 - accuracy: 0.5000
32/67 [=============>................] - ETA: 0s - loss: 0.6779 - accuracy: 0.5195
61/67 [==========================>...] - ETA: 0s - loss: 0.6820 - accuracy: 0.5169
67/67 [==============================] - 0s 2ms/step - loss: 0.6814 - accuracy: 0.5170
Epoch 20/25

 1/67 [..............................] - ETA: 0s - loss: 0.6923 - accuracy: 0.5312
25/67 [==========>...................] - ETA: 0s - loss: 0.6774 - accuracy: 0.5275
50/67 [=====================>........] - ETA: 0s - loss: 0.6780 - accuracy: 0.5225
67/67 [==============================] - 0s 2ms/step - loss: 0.6810 - accuracy: 0.5166
Epoch 21/25

 1/67 [..............................] - ETA: 0s - loss: 0.6742 - accuracy: 0.5000
30/67 [============>.................] - ETA: 0s - loss: 0.6784 - accuracy: 0.5250
60/67 [=========================>....] - ETA: 0s - loss: 0.6806 - accuracy: 0.5120
67/67 [==============================] - 0s 2ms/step - loss: 0.6811 - accuracy: 0.5194
Epoch 22/25

 1/67 [..............................] - ETA: 0s - loss: 0.6951 - accuracy: 0.4375
31/67 [============>.................] - ETA: 0s - loss: 0.6784 - accuracy: 0.5151
61/67 [==========================>...] - ETA: 0s - loss: 0.6806 - accuracy: 0.5169
67/67 [==============================] - 0s 2ms/step - loss: 0.6805 - accuracy: 0.5147
Epoch 23/25

 1/67 [..............................] - ETA: 0s - loss: 0.6723 - accuracy: 0.5000
32/67 [=============>................] - ETA: 0s - loss: 0.6815 - accuracy: 0.5283
67/67 [==============================] - ETA: 0s - loss: 0.6820 - accuracy: 0.5180
67/67 [==============================] - 0s 2ms/step - loss: 0.6820 - accuracy: 0.5180
Epoch 24/25

 1/67 [..............................] - ETA: 0s - loss: 0.6741 - accuracy: 0.4375
38/67 [================>.............] - ETA: 0s - loss: 0.6788 - accuracy: 0.5148
67/67 [==============================] - 0s 1ms/step - loss: 0.6813 - accuracy: 0.5156
Epoch 25/25

 1/67 [..............................] - ETA: 0s - loss: 0.6729 - accuracy: 0.5000
36/67 [===============>..............] - ETA: 0s - loss: 0.6793 - accuracy: 0.5078
67/67 [==============================] - 0s 1ms/step - loss: 0.6814 - accuracy: 0.5175
# predict: steps=1872
# predict: tnodeembed_metrics
# predict: node2vec_metrics
tnodeembed: {'auc': 0.503081528168629, 'f1_micro': 0.503172800748113, 'f1_macro': 0.34975158403539014} tNodeEmbed_final_loss=0.680469274520874 tNodeEmbed_final_accuracy=0.5202986598014832 
node2vec: {'auc': 0.5034119066193126, 'f1_micro': 0.5032395965533365, 'f1_macro': 0.3494243971413048} node2vec_final_loss=0.6814044713973999 node2vec_final_accuracy=0.5174988508224487 
