# load graph
# initialize tNodeEmbed for dataset=PPI, test_size=0.2
# load dataset
# fit
# tNodeEmbed
Epoch 1/25

 1/67 [..............................] - ETA: 1:25 - loss: 0.6923 - accuracy: 0.4375
17/67 [======>.......................] - ETA: 0s - loss: 0.6783 - accuracy: 0.5092  
36/67 [===============>..............] - ETA: 0s - loss: 0.6706 - accuracy: 0.5234
55/67 [=======================>......] - ETA: 0s - loss: 0.6674 - accuracy: 0.5494
67/67 [==============================] - 1s 3ms/step - loss: 0.6633 - accuracy: 0.5539
Epoch 2/25

 1/67 [..............................] - ETA: 0s - loss: 0.6435 - accuracy: 0.5625
20/67 [=======>......................] - ETA: 0s - loss: 0.6522 - accuracy: 0.5766
41/67 [=================>............] - ETA: 0s - loss: 0.6513 - accuracy: 0.5808
61/67 [==========================>...] - ETA: 0s - loss: 0.6462 - accuracy: 0.5825
67/67 [==============================] - 0s 3ms/step - loss: 0.6473 - accuracy: 0.5833
Epoch 3/25

 1/67 [..............................] - ETA: 0s - loss: 0.6448 - accuracy: 0.5938
20/67 [=======>......................] - ETA: 0s - loss: 0.6429 - accuracy: 0.5813
39/67 [================>.............] - ETA: 0s - loss: 0.6385 - accuracy: 0.5897
59/67 [=========================>....] - ETA: 0s - loss: 0.6414 - accuracy: 0.5779
67/67 [==============================] - 0s 3ms/step - loss: 0.6415 - accuracy: 0.5805
Epoch 4/25

 1/67 [..............................] - ETA: 0s - loss: 0.6455 - accuracy: 0.5312
18/67 [=======>......................] - ETA: 0s - loss: 0.6336 - accuracy: 0.6111
37/67 [===============>..............] - ETA: 0s - loss: 0.6422 - accuracy: 0.5845
57/67 [========================>.....] - ETA: 0s - loss: 0.6401 - accuracy: 0.5899
67/67 [==============================] - 0s 3ms/step - loss: 0.6394 - accuracy: 0.5880
Epoch 5/25

 1/67 [..............................] - ETA: 0s - loss: 0.6616 - accuracy: 0.6250
22/67 [========>.....................] - ETA: 0s - loss: 0.6441 - accuracy: 0.5795
43/67 [==================>...........] - ETA: 0s - loss: 0.6409 - accuracy: 0.5828
64/67 [===========================>..] - ETA: 0s - loss: 0.6354 - accuracy: 0.5874
67/67 [==============================] - 0s 2ms/step - loss: 0.6365 - accuracy: 0.5856
Epoch 6/25

 1/67 [..............................] - ETA: 0s - loss: 0.6680 - accuracy: 0.5938
22/67 [========>.....................] - ETA: 0s - loss: 0.6317 - accuracy: 0.5966
42/67 [=================>............] - ETA: 0s - loss: 0.6291 - accuracy: 0.6004
61/67 [==========================>...] - ETA: 0s - loss: 0.6313 - accuracy: 0.5917
67/67 [==============================] - 0s 3ms/step - loss: 0.6337 - accuracy: 0.5894
Epoch 7/25

 1/67 [..............................] - ETA: 0s - loss: 0.7124 - accuracy: 0.5312
18/67 [=======>......................] - ETA: 0s - loss: 0.6231 - accuracy: 0.6076
35/67 [==============>...............] - ETA: 0s - loss: 0.6305 - accuracy: 0.5902
53/67 [======================>.......] - ETA: 0s - loss: 0.6332 - accuracy: 0.5908
67/67 [==============================] - 0s 3ms/step - loss: 0.6339 - accuracy: 0.5894
Epoch 8/25

 1/67 [..............................] - ETA: 0s - loss: 0.5563 - accuracy: 0.5625
20/67 [=======>......................] - ETA: 0s - loss: 0.6340 - accuracy: 0.5922
38/67 [================>.............] - ETA: 0s - loss: 0.6304 - accuracy: 0.5913
56/67 [========================>.....] - ETA: 0s - loss: 0.6310 - accuracy: 0.5893
67/67 [==============================] - 0s 3ms/step - loss: 0.6320 - accuracy: 0.5889
Epoch 9/25

 1/67 [..............................] - ETA: 0s - loss: 0.6470 - accuracy: 0.5000
18/67 [=======>......................] - ETA: 0s - loss: 0.6273 - accuracy: 0.5990
37/67 [===============>..............] - ETA: 0s - loss: 0.6359 - accuracy: 0.5878
51/67 [=====================>........] - ETA: 0s - loss: 0.6364 - accuracy: 0.5833
64/67 [===========================>..] - ETA: 0s - loss: 0.6312 - accuracy: 0.5859
67/67 [==============================] - 0s 3ms/step - loss: 0.6307 - accuracy: 0.5875
Epoch 10/25

 1/67 [..............................] - ETA: 0s - loss: 0.6566 - accuracy: 0.5312
19/67 [=======>......................] - ETA: 0s - loss: 0.6290 - accuracy: 0.5773
40/67 [================>.............] - ETA: 0s - loss: 0.6294 - accuracy: 0.5813
60/67 [=========================>....] - ETA: 0s - loss: 0.6301 - accuracy: 0.5865
67/67 [==============================] - 0s 3ms/step - loss: 0.6300 - accuracy: 0.5898
Epoch 11/25

 1/67 [..............................] - ETA: 0s - loss: 0.5931 - accuracy: 0.6875
20/67 [=======>......................] - ETA: 0s - loss: 0.6186 - accuracy: 0.6062
39/67 [================>.............] - ETA: 0s - loss: 0.6280 - accuracy: 0.5897
58/67 [========================>.....] - ETA: 0s - loss: 0.6252 - accuracy: 0.5916
67/67 [==============================] - 0s 3ms/step - loss: 0.6273 - accuracy: 0.5856
Epoch 12/25

 1/67 [..............................] - ETA: 0s - loss: 0.6345 - accuracy: 0.5312
21/67 [========>.....................] - ETA: 0s - loss: 0.6280 - accuracy: 0.5878
41/67 [=================>............] - ETA: 0s - loss: 0.6311 - accuracy: 0.5953
61/67 [==========================>...] - ETA: 0s - loss: 0.6292 - accuracy: 0.5881
67/67 [==============================] - 0s 3ms/step - loss: 0.6295 - accuracy: 0.5922
Epoch 13/25

 1/67 [..............................] - ETA: 0s - loss: 0.6282 - accuracy: 0.6250
20/67 [=======>......................] - ETA: 0s - loss: 0.6273 - accuracy: 0.5891
39/67 [================>.............] - ETA: 0s - loss: 0.6255 - accuracy: 0.5994
59/67 [=========================>....] - ETA: 0s - loss: 0.6255 - accuracy: 0.5927
67/67 [==============================] - 0s 3ms/step - loss: 0.6276 - accuracy: 0.5875
Epoch 14/25

 1/67 [..............................] - ETA: 0s - loss: 0.6284 - accuracy: 0.5000
18/67 [=======>......................] - ETA: 0s - loss: 0.6300 - accuracy: 0.5712
37/67 [===============>..............] - ETA: 0s - loss: 0.6285 - accuracy: 0.5802
55/67 [=======================>......] - ETA: 0s - loss: 0.6278 - accuracy: 0.5875
67/67 [==============================] - 0s 3ms/step - loss: 0.6282 - accuracy: 0.5889
Epoch 15/25

 1/67 [..............................] - ETA: 0s - loss: 0.6060 - accuracy: 0.6875
19/67 [=======>......................] - ETA: 0s - loss: 0.6402 - accuracy: 0.5921
38/67 [================>.............] - ETA: 0s - loss: 0.6260 - accuracy: 0.6028
57/67 [========================>.....] - ETA: 0s - loss: 0.6251 - accuracy: 0.5948
67/67 [==============================] - 0s 3ms/step - loss: 0.6273 - accuracy: 0.5884
Epoch 16/25

 1/67 [..............................] - ETA: 0s - loss: 0.5629 - accuracy: 0.7500
22/67 [========>.....................] - ETA: 0s - loss: 0.6320 - accuracy: 0.5881
44/67 [==================>...........] - ETA: 0s - loss: 0.6285 - accuracy: 0.5859
65/67 [============================>.] - ETA: 0s - loss: 0.6265 - accuracy: 0.5885
67/67 [==============================] - 0s 2ms/step - loss: 0.6263 - accuracy: 0.5908
Epoch 17/25

 1/67 [..............................] - ETA: 0s - loss: 0.6378 - accuracy: 0.6250
22/67 [========>.....................] - ETA: 0s - loss: 0.6315 - accuracy: 0.5753
43/67 [==================>...........] - ETA: 0s - loss: 0.6271 - accuracy: 0.5865
64/67 [===========================>..] - ETA: 0s - loss: 0.6263 - accuracy: 0.5864
67/67 [==============================] - 0s 2ms/step - loss: 0.6255 - accuracy: 0.5894
Epoch 18/25

 1/67 [..............................] - ETA: 0s - loss: 0.6259 - accuracy: 0.6875
21/67 [========>.....................] - ETA: 0s - loss: 0.6220 - accuracy: 0.5952
40/67 [================>.............] - ETA: 0s - loss: 0.6254 - accuracy: 0.5859
58/67 [========================>.....] - ETA: 0s - loss: 0.6241 - accuracy: 0.5900
67/67 [==============================] - 0s 3ms/step - loss: 0.6253 - accuracy: 0.5903
Epoch 19/25

 1/67 [..............................] - ETA: 0s - loss: 0.6627 - accuracy: 0.6875
19/67 [=======>......................] - ETA: 0s - loss: 0.6395 - accuracy: 0.5806
37/67 [===============>..............] - ETA: 0s - loss: 0.6309 - accuracy: 0.5895
56/67 [========================>.....] - ETA: 0s - loss: 0.6277 - accuracy: 0.5809
67/67 [==============================] - 0s 3ms/step - loss: 0.6260 - accuracy: 0.5866
Epoch 20/25

 1/67 [..............................] - ETA: 0s - loss: 0.6514 - accuracy: 0.5938
20/67 [=======>......................] - ETA: 0s - loss: 0.6196 - accuracy: 0.6047
39/67 [================>.............] - ETA: 0s - loss: 0.6232 - accuracy: 0.6058
58/67 [========================>.....] - ETA: 0s - loss: 0.6230 - accuracy: 0.5938
67/67 [==============================] - 0s 3ms/step - loss: 0.6236 - accuracy: 0.5912
Epoch 21/25

 1/67 [..............................] - ETA: 0s - loss: 0.6095 - accuracy: 0.5625
19/67 [=======>......................] - ETA: 0s - loss: 0.6234 - accuracy: 0.5806
41/67 [=================>............] - ETA: 0s - loss: 0.6254 - accuracy: 0.5831
62/67 [==========================>...] - ETA: 0s - loss: 0.6231 - accuracy: 0.5892
67/67 [==============================] - 0s 3ms/step - loss: 0.6248 - accuracy: 0.5880
Epoch 22/25

 1/67 [..............................] - ETA: 0s - loss: 0.5587 - accuracy: 0.7500
23/67 [=========>....................] - ETA: 0s - loss: 0.6270 - accuracy: 0.5897
45/67 [===================>..........] - ETA: 0s - loss: 0.6260 - accuracy: 0.5785
66/67 [============================>.] - ETA: 0s - loss: 0.6226 - accuracy: 0.5912
67/67 [==============================] - 0s 2ms/step - loss: 0.6230 - accuracy: 0.5903
Epoch 23/25

 1/67 [..............................] - ETA: 0s - loss: 0.6288 - accuracy: 0.5625
20/67 [=======>......................] - ETA: 0s - loss: 0.6172 - accuracy: 0.5875
40/67 [================>.............] - ETA: 0s - loss: 0.6190 - accuracy: 0.5883
59/67 [=========================>....] - ETA: 0s - loss: 0.6202 - accuracy: 0.5932
67/67 [==============================] - 0s 3ms/step - loss: 0.6228 - accuracy: 0.5908
Epoch 24/25

 1/67 [..............................] - ETA: 0s - loss: 0.6359 - accuracy: 0.6562
19/67 [=======>......................] - ETA: 0s - loss: 0.6176 - accuracy: 0.6020
40/67 [================>.............] - ETA: 0s - loss: 0.6213 - accuracy: 0.5961
61/67 [==========================>...] - ETA: 0s - loss: 0.6203 - accuracy: 0.5917
67/67 [==============================] - 0s 3ms/step - loss: 0.6198 - accuracy: 0.5954
Epoch 25/25

 1/67 [..............................] - ETA: 0s - loss: 0.6430 - accuracy: 0.4062
20/67 [=======>......................] - ETA: 0s - loss: 0.6257 - accuracy: 0.5656
40/67 [================>.............] - ETA: 0s - loss: 0.6216 - accuracy: 0.5781
60/67 [=========================>....] - ETA: 0s - loss: 0.6238 - accuracy: 0.5859
67/67 [==============================] - 0s 3ms/step - loss: 0.6222 - accuracy: 0.5908
# node2vec
Epoch 1/25

 1/67 [..............................] - ETA: 19s - loss: 0.7030 - accuracy: 0.5938
35/67 [==============>...............] - ETA: 0s - loss: 0.6633 - accuracy: 0.5607 
67/67 [==============================] - 0s 1ms/step - loss: 0.6588 - accuracy: 0.5758
Epoch 2/25

 1/67 [..............................] - ETA: 0s - loss: 0.6714 - accuracy: 0.5312
39/67 [================>.............] - ETA: 0s - loss: 0.6486 - accuracy: 0.5721
67/67 [==============================] - 0s 1ms/step - loss: 0.6475 - accuracy: 0.5819
Epoch 3/25

 1/67 [..............................] - ETA: 0s - loss: 0.6257 - accuracy: 0.5938
32/67 [=============>................] - ETA: 0s - loss: 0.6357 - accuracy: 0.5869
63/67 [===========================>..] - ETA: 0s - loss: 0.6447 - accuracy: 0.5794
67/67 [==============================] - 0s 2ms/step - loss: 0.6429 - accuracy: 0.5819
Epoch 4/25

 1/67 [..............................] - ETA: 0s - loss: 0.5773 - accuracy: 0.6875
34/67 [==============>...............] - ETA: 0s - loss: 0.6424 - accuracy: 0.5818
64/67 [===========================>..] - ETA: 0s - loss: 0.6389 - accuracy: 0.5854
67/67 [==============================] - 0s 2ms/step - loss: 0.6391 - accuracy: 0.5866
Epoch 5/25

 1/67 [..............................] - ETA: 0s - loss: 0.6287 - accuracy: 0.6562
25/67 [==========>...................] - ETA: 0s - loss: 0.6352 - accuracy: 0.6087
50/67 [=====================>........] - ETA: 0s - loss: 0.6361 - accuracy: 0.5931
67/67 [==============================] - 0s 2ms/step - loss: 0.6377 - accuracy: 0.5861
Epoch 6/25

 1/67 [..............................] - ETA: 0s - loss: 0.6086 - accuracy: 0.6875
32/67 [=============>................] - ETA: 0s - loss: 0.6284 - accuracy: 0.6084
64/67 [===========================>..] - ETA: 0s - loss: 0.6356 - accuracy: 0.5908
67/67 [==============================] - 0s 2ms/step - loss: 0.6362 - accuracy: 0.5861
Epoch 7/25

 1/67 [..............................] - ETA: 0s - loss: 0.5917 - accuracy: 0.6250
33/67 [=============>................] - ETA: 0s - loss: 0.6332 - accuracy: 0.5843
63/67 [===========================>..] - ETA: 0s - loss: 0.6344 - accuracy: 0.5898
67/67 [==============================] - 0s 2ms/step - loss: 0.6330 - accuracy: 0.5926
Epoch 8/25

 1/67 [..............................] - ETA: 0s - loss: 0.6211 - accuracy: 0.5312
32/67 [=============>................] - ETA: 0s - loss: 0.6266 - accuracy: 0.5977
64/67 [===========================>..] - ETA: 0s - loss: 0.6343 - accuracy: 0.5830
67/67 [==============================] - 0s 2ms/step - loss: 0.6322 - accuracy: 0.5870
Epoch 9/25

 1/67 [..............................] - ETA: 0s - loss: 0.6714 - accuracy: 0.5000
35/67 [==============>...............] - ETA: 0s - loss: 0.6442 - accuracy: 0.5625
67/67 [==============================] - 0s 1ms/step - loss: 0.6319 - accuracy: 0.5880
Epoch 10/25

 1/67 [..............................] - ETA: 0s - loss: 0.6353 - accuracy: 0.5312
38/67 [================>.............] - ETA: 0s - loss: 0.6353 - accuracy: 0.5806
67/67 [==============================] - 0s 1ms/step - loss: 0.6308 - accuracy: 0.5875
Epoch 11/25

 1/67 [..............................] - ETA: 0s - loss: 0.6774 - accuracy: 0.5312
36/67 [===============>..............] - ETA: 0s - loss: 0.6347 - accuracy: 0.5929
67/67 [==============================] - ETA: 0s - loss: 0.6321 - accuracy: 0.5880
67/67 [==============================] - 0s 2ms/step - loss: 0.6321 - accuracy: 0.5880
Epoch 12/25

 1/67 [..............................] - ETA: 0s - loss: 0.6385 - accuracy: 0.6250
36/67 [===============>..............] - ETA: 0s - loss: 0.6266 - accuracy: 0.5929
67/67 [==============================] - 0s 1ms/step - loss: 0.6300 - accuracy: 0.5908
Epoch 13/25

 1/67 [..............................] - ETA: 0s - loss: 0.6244 - accuracy: 0.5000
27/67 [===========>..................] - ETA: 0s - loss: 0.6347 - accuracy: 0.5694
55/67 [=======================>......] - ETA: 0s - loss: 0.6265 - accuracy: 0.5903
67/67 [==============================] - 0s 2ms/step - loss: 0.6285 - accuracy: 0.5880
Epoch 14/25

 1/67 [..............................] - ETA: 0s - loss: 0.6091 - accuracy: 0.6250
29/67 [===========>..................] - ETA: 0s - loss: 0.6194 - accuracy: 0.5991
59/67 [=========================>....] - ETA: 0s - loss: 0.6317 - accuracy: 0.5837
67/67 [==============================] - 0s 2ms/step - loss: 0.6303 - accuracy: 0.5866
Epoch 15/25

 1/67 [..............................] - ETA: 0s - loss: 0.6614 - accuracy: 0.5938
27/67 [===========>..................] - ETA: 0s - loss: 0.6302 - accuracy: 0.6053
58/67 [========================>.....] - ETA: 0s - loss: 0.6258 - accuracy: 0.5916
67/67 [==============================] - 0s 2ms/step - loss: 0.6271 - accuracy: 0.5903
Epoch 16/25

 1/67 [..............................] - ETA: 0s - loss: 0.6422 - accuracy: 0.6875
32/67 [=============>................] - ETA: 0s - loss: 0.6298 - accuracy: 0.5791
67/67 [==============================] - ETA: 0s - loss: 0.6285 - accuracy: 0.5889
67/67 [==============================] - 0s 2ms/step - loss: 0.6285 - accuracy: 0.5889
Epoch 17/25

 1/67 [..............................] - ETA: 0s - loss: 0.6471 - accuracy: 0.4688
36/67 [===============>..............] - ETA: 0s - loss: 0.6259 - accuracy: 0.5747
67/67 [==============================] - 0s 1ms/step - loss: 0.6273 - accuracy: 0.5903
Epoch 18/25

 1/67 [..............................] - ETA: 0s - loss: 0.7102 - accuracy: 0.4062
36/67 [===============>..............] - ETA: 0s - loss: 0.6192 - accuracy: 0.5885
67/67 [==============================] - 0s 1ms/step - loss: 0.6269 - accuracy: 0.5880
Epoch 19/25

 1/67 [..............................] - ETA: 0s - loss: 0.6128 - accuracy: 0.5625
40/67 [================>.............] - ETA: 0s - loss: 0.6285 - accuracy: 0.5836
67/67 [==============================] - 0s 1ms/step - loss: 0.6281 - accuracy: 0.5903
Epoch 20/25

 1/67 [..............................] - ETA: 0s - loss: 0.5549 - accuracy: 0.6875
35/67 [==============>...............] - ETA: 0s - loss: 0.6283 - accuracy: 0.5830
58/67 [========================>.....] - ETA: 0s - loss: 0.6244 - accuracy: 0.5938
67/67 [==============================] - 0s 2ms/step - loss: 0.6259 - accuracy: 0.5908
Epoch 21/25

 1/67 [..............................] - ETA: 0s - loss: 0.6031 - accuracy: 0.5938
25/67 [==========>...................] - ETA: 0s - loss: 0.6299 - accuracy: 0.5863
56/67 [========================>.....] - ETA: 0s - loss: 0.6280 - accuracy: 0.5904
67/67 [==============================] - 0s 2ms/step - loss: 0.6255 - accuracy: 0.5922
Epoch 22/25

 1/67 [..............................] - ETA: 0s - loss: 0.6514 - accuracy: 0.5625
33/67 [=============>................] - ETA: 0s - loss: 0.6287 - accuracy: 0.5956
64/67 [===========================>..] - ETA: 0s - loss: 0.6276 - accuracy: 0.5879
67/67 [==============================] - 0s 2ms/step - loss: 0.6274 - accuracy: 0.5875
Epoch 23/25

 1/67 [..............................] - ETA: 0s - loss: 0.6523 - accuracy: 0.5938
31/67 [============>.................] - ETA: 0s - loss: 0.6248 - accuracy: 0.5726
63/67 [===========================>..] - ETA: 0s - loss: 0.6240 - accuracy: 0.5878
67/67 [==============================] - 0s 2ms/step - loss: 0.6241 - accuracy: 0.5950
Epoch 24/25

 1/67 [..............................] - ETA: 0s - loss: 0.6296 - accuracy: 0.5625
28/67 [===========>..................] - ETA: 0s - loss: 0.6248 - accuracy: 0.5871
59/67 [=========================>....] - ETA: 0s - loss: 0.6241 - accuracy: 0.5911
67/67 [==============================] - 0s 2ms/step - loss: 0.6265 - accuracy: 0.5866
Epoch 25/25

 1/67 [..............................] - ETA: 0s - loss: 0.6681 - accuracy: 0.4688
31/67 [============>.................] - ETA: 0s - loss: 0.6252 - accuracy: 0.5887
63/67 [===========================>..] - ETA: 0s - loss: 0.6230 - accuracy: 0.5962
67/67 [==============================] - 0s 2ms/step - loss: 0.6246 - accuracy: 0.5912
# predict: steps=1872
# predict: tnodeembed_metrics
# predict: node2vec_metrics
tnodeembed: {'auc': 0.5313304985992535, 'f1_micro': 0.5286053035869347, 'f1_macro': 0.40980680737733344} tNodeEmbed_final_loss=0.6221654415130615 tNodeEmbed_final_accuracy=0.5907605886459351 
node2vec: {'auc': 0.5333675040732124, 'f1_micro': 0.531510921114154, 'f1_macro': 0.4176529516343423} node2vec_final_loss=0.624575138092041 node2vec_final_accuracy=0.5912272334098816 
