# load graph
# initialize tNodeEmbed for dataset=PPI, test_size=0.2
# load dataset
# fit
# tNodeEmbed
Epoch 1/25

 1/67 [..............................] - ETA: 1:25 - loss: 0.6980 - accuracy: 0.3438
19/67 [=======>......................] - ETA: 0s - loss: 0.6884 - accuracy: 0.5641  
36/67 [===============>..............] - ETA: 0s - loss: 0.6810 - accuracy: 0.6181
54/67 [=======================>......] - ETA: 0s - loss: 0.6674 - accuracy: 0.6441
67/67 [==============================] - 1s 3ms/step - loss: 0.6536 - accuracy: 0.6575
Epoch 2/25

 1/67 [..............................] - ETA: 0s - loss: 0.6065 - accuracy: 0.7188
18/67 [=======>......................] - ETA: 0s - loss: 0.5618 - accuracy: 0.7535
36/67 [===============>..............] - ETA: 0s - loss: 0.5675 - accuracy: 0.7396
54/67 [=======================>......] - ETA: 0s - loss: 0.5504 - accuracy: 0.7546
67/67 [==============================] - 0s 3ms/step - loss: 0.5422 - accuracy: 0.7573
Epoch 3/25

 1/67 [..............................] - ETA: 0s - loss: 0.4650 - accuracy: 0.8125
19/67 [=======>......................] - ETA: 0s - loss: 0.4591 - accuracy: 0.8125
37/67 [===============>..............] - ETA: 0s - loss: 0.4878 - accuracy: 0.7872
56/67 [========================>.....] - ETA: 0s - loss: 0.4797 - accuracy: 0.7874
67/67 [==============================] - 0s 3ms/step - loss: 0.4728 - accuracy: 0.7863
Epoch 4/25

 1/67 [..............................] - ETA: 0s - loss: 0.3683 - accuracy: 0.8438
22/67 [========>.....................] - ETA: 0s - loss: 0.3923 - accuracy: 0.8551
43/67 [==================>...........] - ETA: 0s - loss: 0.4043 - accuracy: 0.8285
63/67 [===========================>..] - ETA: 0s - loss: 0.4083 - accuracy: 0.8234
67/67 [==============================] - 0s 2ms/step - loss: 0.4089 - accuracy: 0.8227
Epoch 5/25

 1/67 [..............................] - ETA: 0s - loss: 0.3927 - accuracy: 0.8750
22/67 [========>.....................] - ETA: 0s - loss: 0.3247 - accuracy: 0.8892
42/67 [=================>............] - ETA: 0s - loss: 0.3241 - accuracy: 0.8757
62/67 [==========================>...] - ETA: 0s - loss: 0.3328 - accuracy: 0.8710
67/67 [==============================] - 0s 3ms/step - loss: 0.3299 - accuracy: 0.8731
Epoch 6/25

 1/67 [..............................] - ETA: 0s - loss: 0.2112 - accuracy: 0.9688
22/67 [========>.....................] - ETA: 0s - loss: 0.2644 - accuracy: 0.9233
42/67 [=================>............] - ETA: 0s - loss: 0.2639 - accuracy: 0.9167
60/67 [=========================>....] - ETA: 0s - loss: 0.2585 - accuracy: 0.9182
67/67 [==============================] - 0s 3ms/step - loss: 0.2629 - accuracy: 0.9137
Epoch 7/25

 1/67 [..............................] - ETA: 0s - loss: 0.2196 - accuracy: 0.9062
18/67 [=======>......................] - ETA: 0s - loss: 0.2047 - accuracy: 0.9288
35/67 [==============>...............] - ETA: 0s - loss: 0.2013 - accuracy: 0.9375
53/67 [======================>.......] - ETA: 0s - loss: 0.2076 - accuracy: 0.9363
67/67 [==============================] - 0s 3ms/step - loss: 0.2018 - accuracy: 0.9356
Epoch 8/25

 1/67 [..............................] - ETA: 0s - loss: 0.1201 - accuracy: 0.9688
18/67 [=======>......................] - ETA: 0s - loss: 0.1464 - accuracy: 0.9566
35/67 [==============>...............] - ETA: 0s - loss: 0.1593 - accuracy: 0.9536
53/67 [======================>.......] - ETA: 0s - loss: 0.1532 - accuracy: 0.9558
67/67 [==============================] - 0s 3ms/step - loss: 0.1496 - accuracy: 0.9571
Epoch 9/25

 1/67 [..............................] - ETA: 0s - loss: 0.0558 - accuracy: 1.0000
18/67 [=======>......................] - ETA: 0s - loss: 0.1056 - accuracy: 0.9826
35/67 [==============>...............] - ETA: 0s - loss: 0.1045 - accuracy: 0.9795
52/67 [======================>.......] - ETA: 0s - loss: 0.1077 - accuracy: 0.9778
67/67 [==============================] - 0s 3ms/step - loss: 0.1095 - accuracy: 0.9757
Epoch 10/25

 1/67 [..............................] - ETA: 0s - loss: 0.1440 - accuracy: 0.9688
21/67 [========>.....................] - ETA: 0s - loss: 0.0653 - accuracy: 0.9896
40/67 [================>.............] - ETA: 0s - loss: 0.0791 - accuracy: 0.9852
57/67 [========================>.....] - ETA: 0s - loss: 0.0852 - accuracy: 0.9808
67/67 [==============================] - 0s 3ms/step - loss: 0.0846 - accuracy: 0.9809
Epoch 11/25

 1/67 [..............................] - ETA: 0s - loss: 0.0321 - accuracy: 1.0000
18/67 [=======>......................] - ETA: 0s - loss: 0.0462 - accuracy: 0.9931
36/67 [===============>..............] - ETA: 0s - loss: 0.0493 - accuracy: 0.9905
54/67 [=======================>......] - ETA: 0s - loss: 0.0664 - accuracy: 0.9844
67/67 [==============================] - 0s 3ms/step - loss: 0.0700 - accuracy: 0.9851
Epoch 12/25

 1/67 [..............................] - ETA: 0s - loss: 0.0318 - accuracy: 1.0000
19/67 [=======>......................] - ETA: 0s - loss: 0.0378 - accuracy: 0.9967
38/67 [================>.............] - ETA: 0s - loss: 0.0438 - accuracy: 0.9951
56/67 [========================>.....] - ETA: 0s - loss: 0.0593 - accuracy: 0.9877
67/67 [==============================] - 0s 3ms/step - loss: 0.0619 - accuracy: 0.9869
Epoch 13/25

 1/67 [..............................] - ETA: 0s - loss: 0.0374 - accuracy: 1.0000
19/67 [=======>......................] - ETA: 0s - loss: 0.0518 - accuracy: 0.9868
37/67 [===============>..............] - ETA: 0s - loss: 0.0458 - accuracy: 0.9890
55/67 [=======================>......] - ETA: 0s - loss: 0.0527 - accuracy: 0.9875
67/67 [==============================] - 0s 3ms/step - loss: 0.0532 - accuracy: 0.9874
Epoch 14/25

 1/67 [..............................] - ETA: 0s - loss: 0.0151 - accuracy: 1.0000
19/67 [=======>......................] - ETA: 0s - loss: 0.0249 - accuracy: 0.9951
37/67 [===============>..............] - ETA: 0s - loss: 0.0345 - accuracy: 0.9924
55/67 [=======================>......] - ETA: 0s - loss: 0.0404 - accuracy: 0.9903
67/67 [==============================] - 0s 3ms/step - loss: 0.0458 - accuracy: 0.9893
Epoch 15/25

 1/67 [..............................] - ETA: 0s - loss: 0.0176 - accuracy: 1.0000
17/67 [======>.......................] - ETA: 0s - loss: 0.0475 - accuracy: 0.9908
30/67 [============>.................] - ETA: 0s - loss: 0.0360 - accuracy: 0.9927
47/67 [====================>.........] - ETA: 0s - loss: 0.0436 - accuracy: 0.9914
66/67 [============================>.] - ETA: 0s - loss: 0.0474 - accuracy: 0.9896
67/67 [==============================] - 0s 3ms/step - loss: 0.0467 - accuracy: 0.9897
Epoch 16/25

 1/67 [..............................] - ETA: 0s - loss: 0.0061 - accuracy: 1.0000
20/67 [=======>......................] - ETA: 0s - loss: 0.0402 - accuracy: 0.9906
40/67 [================>.............] - ETA: 0s - loss: 0.0442 - accuracy: 0.9891
59/67 [=========================>....] - ETA: 0s - loss: 0.0435 - accuracy: 0.9894
67/67 [==============================] - 0s 3ms/step - loss: 0.0421 - accuracy: 0.9897
Epoch 17/25

 1/67 [..............................] - ETA: 0s - loss: 0.0064 - accuracy: 1.0000
21/67 [========>.....................] - ETA: 0s - loss: 0.0210 - accuracy: 0.9970
41/67 [=================>............] - ETA: 0s - loss: 0.0285 - accuracy: 0.9939
60/67 [=========================>....] - ETA: 0s - loss: 0.0320 - accuracy: 0.9927
67/67 [==============================] - 0s 3ms/step - loss: 0.0368 - accuracy: 0.9916
Epoch 18/25

 1/67 [..............................] - ETA: 0s - loss: 0.0213 - accuracy: 1.0000
17/67 [======>.......................] - ETA: 0s - loss: 0.0539 - accuracy: 0.9871
34/67 [==============>...............] - ETA: 0s - loss: 0.0431 - accuracy: 0.9890
50/67 [=====================>........] - ETA: 0s - loss: 0.0425 - accuracy: 0.9894
67/67 [==============================] - ETA: 0s - loss: 0.0398 - accuracy: 0.9902
67/67 [==============================] - 0s 3ms/step - loss: 0.0398 - accuracy: 0.9902
Epoch 19/25

 1/67 [..............................] - ETA: 0s - loss: 0.0098 - accuracy: 1.0000
17/67 [======>.......................] - ETA: 0s - loss: 0.0318 - accuracy: 0.9926
34/67 [==============>...............] - ETA: 0s - loss: 0.0319 - accuracy: 0.9936
52/67 [======================>.......] - ETA: 0s - loss: 0.0389 - accuracy: 0.9904
67/67 [==============================] - 0s 3ms/step - loss: 0.0365 - accuracy: 0.9911
Epoch 20/25

 1/67 [..............................] - ETA: 0s - loss: 0.0141 - accuracy: 1.0000
19/67 [=======>......................] - ETA: 0s - loss: 0.0286 - accuracy: 0.9918
39/67 [================>.............] - ETA: 0s - loss: 0.0345 - accuracy: 0.9912
59/67 [=========================>....] - ETA: 0s - loss: 0.0343 - accuracy: 0.9905
67/67 [==============================] - 0s 3ms/step - loss: 0.0339 - accuracy: 0.9907
Epoch 21/25

 1/67 [..............................] - ETA: 0s - loss: 0.0849 - accuracy: 0.9688
20/67 [=======>......................] - ETA: 0s - loss: 0.0398 - accuracy: 0.9859
40/67 [================>.............] - ETA: 0s - loss: 0.0432 - accuracy: 0.9883
59/67 [=========================>....] - ETA: 0s - loss: 0.0373 - accuracy: 0.9905
67/67 [==============================] - 0s 3ms/step - loss: 0.0381 - accuracy: 0.9902
Epoch 22/25

 1/67 [..............................] - ETA: 0s - loss: 0.0068 - accuracy: 1.0000
19/67 [=======>......................] - ETA: 0s - loss: 0.0340 - accuracy: 0.9901
37/67 [===============>..............] - ETA: 0s - loss: 0.0381 - accuracy: 0.9899
54/67 [=======================>......] - ETA: 0s - loss: 0.0350 - accuracy: 0.9907
67/67 [==============================] - 0s 3ms/step - loss: 0.0310 - accuracy: 0.9921
Epoch 23/25

 1/67 [..............................] - ETA: 0s - loss: 0.0136 - accuracy: 1.0000
20/67 [=======>......................] - ETA: 0s - loss: 0.0363 - accuracy: 0.9906
39/67 [================>.............] - ETA: 0s - loss: 0.0347 - accuracy: 0.9904
57/67 [========================>.....] - ETA: 0s - loss: 0.0333 - accuracy: 0.9907
67/67 [==============================] - 0s 3ms/step - loss: 0.0331 - accuracy: 0.9907
Epoch 24/25

 1/67 [..............................] - ETA: 0s - loss: 0.0055 - accuracy: 1.0000
18/67 [=======>......................] - ETA: 0s - loss: 0.0494 - accuracy: 0.9861
36/67 [===============>..............] - ETA: 0s - loss: 0.0397 - accuracy: 0.9887
53/67 [======================>.......] - ETA: 0s - loss: 0.0314 - accuracy: 0.9912
67/67 [==============================] - 0s 3ms/step - loss: 0.0314 - accuracy: 0.9911
Epoch 25/25

 1/67 [..............................] - ETA: 0s - loss: 0.0085 - accuracy: 1.0000
19/67 [=======>......................] - ETA: 0s - loss: 0.0101 - accuracy: 0.9984
39/67 [================>.............] - ETA: 0s - loss: 0.0184 - accuracy: 0.9952
59/67 [=========================>....] - ETA: 0s - loss: 0.0255 - accuracy: 0.9926
67/67 [==============================] - 0s 3ms/step - loss: 0.0291 - accuracy: 0.9911
# node2vec
Epoch 1/25

 1/67 [..............................] - ETA: 21s - loss: 0.8013 - accuracy: 0.4062
31/67 [============>.................] - ETA: 0s - loss: 0.6760 - accuracy: 0.5665 
59/67 [=========================>....] - ETA: 0s - loss: 0.6609 - accuracy: 0.6091
67/67 [==============================] - 0s 2ms/step - loss: 0.6535 - accuracy: 0.6220
Epoch 2/25

 1/67 [..............................] - ETA: 0s - loss: 0.5791 - accuracy: 0.6562
31/67 [============>.................] - ETA: 0s - loss: 0.5702 - accuracy: 0.7278
63/67 [===========================>..] - ETA: 0s - loss: 0.5574 - accuracy: 0.7381
67/67 [==============================] - 0s 2ms/step - loss: 0.5543 - accuracy: 0.7406
Epoch 3/25

 1/67 [..............................] - ETA: 0s - loss: 0.4016 - accuracy: 0.9062
37/67 [===============>..............] - ETA: 0s - loss: 0.4989 - accuracy: 0.7796
67/67 [==============================] - 0s 1ms/step - loss: 0.4897 - accuracy: 0.7886
Epoch 4/25

 1/67 [..............................] - ETA: 0s - loss: 0.5707 - accuracy: 0.6875
37/67 [===============>..............] - ETA: 0s - loss: 0.4525 - accuracy: 0.8201
67/67 [==============================] - 0s 1ms/step - loss: 0.4440 - accuracy: 0.8217
Epoch 5/25

 1/67 [..............................] - ETA: 0s - loss: 0.3274 - accuracy: 0.8438
37/67 [===============>..............] - ETA: 0s - loss: 0.3881 - accuracy: 0.8505
67/67 [==============================] - 0s 1ms/step - loss: 0.3890 - accuracy: 0.8474
Epoch 6/25

 1/67 [..............................] - ETA: 0s - loss: 0.3891 - accuracy: 0.8438
37/67 [===============>..............] - ETA: 0s - loss: 0.3622 - accuracy: 0.8682
67/67 [==============================] - 0s 1ms/step - loss: 0.3578 - accuracy: 0.8670
Epoch 7/25

 1/67 [..............................] - ETA: 0s - loss: 0.3116 - accuracy: 0.8750
36/67 [===============>..............] - ETA: 0s - loss: 0.3208 - accuracy: 0.8889
67/67 [==============================] - 0s 1ms/step - loss: 0.3151 - accuracy: 0.8922
Epoch 8/25

 1/67 [..............................] - ETA: 0s - loss: 0.2104 - accuracy: 0.9688
40/67 [================>.............] - ETA: 0s - loss: 0.2857 - accuracy: 0.9148
67/67 [==============================] - 0s 1ms/step - loss: 0.2824 - accuracy: 0.9113
Epoch 9/25

 1/67 [..............................] - ETA: 0s - loss: 0.2955 - accuracy: 0.9062
29/67 [===========>..................] - ETA: 0s - loss: 0.2511 - accuracy: 0.9343
54/67 [=======================>......] - ETA: 0s - loss: 0.2544 - accuracy: 0.9306
67/67 [==============================] - 0s 2ms/step - loss: 0.2523 - accuracy: 0.9300
Epoch 10/25

 1/67 [..............................] - ETA: 0s - loss: 0.1684 - accuracy: 0.9688
29/67 [===========>..................] - ETA: 0s - loss: 0.2036 - accuracy: 0.9591
57/67 [========================>.....] - ETA: 0s - loss: 0.2180 - accuracy: 0.9501
67/67 [==============================] - 0s 2ms/step - loss: 0.2180 - accuracy: 0.9496
Epoch 11/25

 1/67 [..............................] - ETA: 0s - loss: 0.1487 - accuracy: 1.0000
28/67 [===========>..................] - ETA: 0s - loss: 0.1833 - accuracy: 0.9676
60/67 [=========================>....] - ETA: 0s - loss: 0.1956 - accuracy: 0.9583
67/67 [==============================] - 0s 2ms/step - loss: 0.1946 - accuracy: 0.9589
Epoch 12/25

 1/67 [..............................] - ETA: 0s - loss: 0.3485 - accuracy: 0.9375
28/67 [===========>..................] - ETA: 0s - loss: 0.1827 - accuracy: 0.9643
63/67 [===========================>..] - ETA: 0s - loss: 0.1714 - accuracy: 0.9683
67/67 [==============================] - 0s 2ms/step - loss: 0.1704 - accuracy: 0.9683
Epoch 13/25

 1/67 [..............................] - ETA: 0s - loss: 0.1282 - accuracy: 0.9688
36/67 [===============>..............] - ETA: 0s - loss: 0.1533 - accuracy: 0.9740
67/67 [==============================] - 0s 1ms/step - loss: 0.1512 - accuracy: 0.9729
Epoch 14/25

 1/67 [..............................] - ETA: 0s - loss: 0.0972 - accuracy: 1.0000
34/67 [==============>...............] - ETA: 0s - loss: 0.1337 - accuracy: 0.9770
67/67 [==============================] - 0s 2ms/step - loss: 0.1335 - accuracy: 0.9785
Epoch 15/25

 1/67 [..............................] - ETA: 0s - loss: 0.1224 - accuracy: 0.9688
39/67 [================>.............] - ETA: 0s - loss: 0.1130 - accuracy: 0.9832
67/67 [==============================] - 0s 1ms/step - loss: 0.1196 - accuracy: 0.9809
Epoch 16/25

 1/67 [..............................] - ETA: 0s - loss: 0.0582 - accuracy: 1.0000
37/67 [===============>..............] - ETA: 0s - loss: 0.1051 - accuracy: 0.9865
67/67 [==============================] - 0s 1ms/step - loss: 0.1087 - accuracy: 0.9846
Epoch 17/25

 1/67 [..............................] - ETA: 0s - loss: 0.0678 - accuracy: 1.0000
34/67 [==============>...............] - ETA: 0s - loss: 0.0949 - accuracy: 0.9871
67/67 [==============================] - ETA: 0s - loss: 0.0956 - accuracy: 0.9865
67/67 [==============================] - 0s 2ms/step - loss: 0.0956 - accuracy: 0.9865
Epoch 18/25

 1/67 [..............................] - ETA: 0s - loss: 0.0724 - accuracy: 1.0000
31/67 [============>.................] - ETA: 0s - loss: 0.0871 - accuracy: 0.9849
66/67 [============================>.] - ETA: 0s - loss: 0.0882 - accuracy: 0.9867
67/67 [==============================] - 0s 2ms/step - loss: 0.0882 - accuracy: 0.9865
Epoch 19/25

 1/67 [..............................] - ETA: 0s - loss: 0.0485 - accuracy: 1.0000
29/67 [===========>..................] - ETA: 0s - loss: 0.0817 - accuracy: 0.9871
61/67 [==========================>...] - ETA: 0s - loss: 0.0783 - accuracy: 0.9903
67/67 [==============================] - 0s 2ms/step - loss: 0.0808 - accuracy: 0.9883
Epoch 20/25

 1/67 [..............................] - ETA: 0s - loss: 0.1017 - accuracy: 0.9688
32/67 [=============>................] - ETA: 0s - loss: 0.0656 - accuracy: 0.9922
65/67 [============================>.] - ETA: 0s - loss: 0.0740 - accuracy: 0.9885
67/67 [==============================] - 0s 2ms/step - loss: 0.0737 - accuracy: 0.9879
Epoch 21/25

 1/67 [..............................] - ETA: 0s - loss: 0.0333 - accuracy: 1.0000
35/67 [==============>...............] - ETA: 0s - loss: 0.0729 - accuracy: 0.9884
67/67 [==============================] - 0s 1ms/step - loss: 0.0678 - accuracy: 0.9902
Epoch 22/25

 1/67 [..............................] - ETA: 0s - loss: 0.0340 - accuracy: 1.0000
30/67 [============>.................] - ETA: 0s - loss: 0.0588 - accuracy: 0.9927
58/67 [========================>.....] - ETA: 0s - loss: 0.0615 - accuracy: 0.9908
67/67 [==============================] - 0s 2ms/step - loss: 0.0663 - accuracy: 0.9897
Epoch 23/25

 1/67 [..............................] - ETA: 0s - loss: 0.0304 - accuracy: 1.0000
32/67 [=============>................] - ETA: 0s - loss: 0.0546 - accuracy: 0.9922
62/67 [==========================>...] - ETA: 0s - loss: 0.0585 - accuracy: 0.9909
67/67 [==============================] - 0s 2ms/step - loss: 0.0579 - accuracy: 0.9911
Epoch 24/25

 1/67 [..............................] - ETA: 0s - loss: 0.0946 - accuracy: 0.9688
34/67 [==============>...............] - ETA: 0s - loss: 0.0538 - accuracy: 0.9908
67/67 [==============================] - 0s 1ms/step - loss: 0.0574 - accuracy: 0.9902
Epoch 25/25

 1/67 [..............................] - ETA: 0s - loss: 0.0263 - accuracy: 1.0000
38/67 [================>.............] - ETA: 0s - loss: 0.0441 - accuracy: 0.9934
67/67 [==============================] - 0s 1ms/step - loss: 0.0552 - accuracy: 0.9902
# predict: steps=1872
# predict: tnodeembed_metrics
# predict: node2vec_metrics
tnodeembed: {'auc': 0.6750657119517077, 'f1_micro': 0.6448801015296239, 'f1_macro': 0.64368923946219} tNodeEmbed_final_loss=0.029089171439409256 tNodeEmbed_final_accuracy=0.9911339282989502 
node2vec: {'auc': 0.7114280972603855, 'f1_micro': 0.6633825395765146, 'f1_macro': 0.6630021211747307} node2vec_final_loss=0.05516396835446358 node2vec_final_accuracy=0.9902006387710571 
