# load graph
# initialize tNodeEmbed for dataset=PPI, test_size=0.2
# load dataset
# fit
# tNodeEmbed
Epoch 1/25

 1/67 [..............................] - ETA: 1:26 - loss: 0.6927 - accuracy: 0.5938
16/67 [======>.......................] - ETA: 0s - loss: 0.6928 - accuracy: 0.4844  
34/67 [==============>...............] - ETA: 0s - loss: 0.6906 - accuracy: 0.5074
52/67 [======================>.......] - ETA: 0s - loss: 0.6871 - accuracy: 0.5072
67/67 [==============================] - 2s 3ms/step - loss: 0.6907 - accuracy: 0.5058
Epoch 2/25

 1/67 [..............................] - ETA: 0s - loss: 0.7021 - accuracy: 0.5625
20/67 [=======>......................] - ETA: 0s - loss: 0.6831 - accuracy: 0.4891
40/67 [================>.............] - ETA: 0s - loss: 0.6857 - accuracy: 0.4867
60/67 [=========================>....] - ETA: 0s - loss: 0.6853 - accuracy: 0.4870
67/67 [==============================] - 0s 3ms/step - loss: 0.6852 - accuracy: 0.4993
Epoch 3/25

 1/67 [..............................] - ETA: 0s - loss: 0.6754 - accuracy: 0.5625
19/67 [=======>......................] - ETA: 0s - loss: 0.6765 - accuracy: 0.5247
38/67 [================>.............] - ETA: 0s - loss: 0.6798 - accuracy: 0.5321
57/67 [========================>.....] - ETA: 0s - loss: 0.6806 - accuracy: 0.5312
67/67 [==============================] - 0s 3ms/step - loss: 0.6824 - accuracy: 0.5222
Epoch 4/25

 1/67 [..............................] - ETA: 0s - loss: 0.6773 - accuracy: 0.4688
19/67 [=======>......................] - ETA: 0s - loss: 0.6768 - accuracy: 0.5378
38/67 [================>.............] - ETA: 0s - loss: 0.6790 - accuracy: 0.5354
57/67 [========================>.....] - ETA: 0s - loss: 0.6787 - accuracy: 0.5280
67/67 [==============================] - 0s 3ms/step - loss: 0.6802 - accuracy: 0.5264
Epoch 5/25

 1/67 [..............................] - ETA: 0s - loss: 0.6970 - accuracy: 0.5625
22/67 [========>.....................] - ETA: 0s - loss: 0.6809 - accuracy: 0.5227
44/67 [==================>...........] - ETA: 0s - loss: 0.6798 - accuracy: 0.5206
66/67 [============================>.] - ETA: 0s - loss: 0.6780 - accuracy: 0.5287
67/67 [==============================] - 0s 2ms/step - loss: 0.6777 - accuracy: 0.5306
Epoch 6/25

 1/67 [..............................] - ETA: 0s - loss: 0.6786 - accuracy: 0.5000
21/67 [========>.....................] - ETA: 0s - loss: 0.6807 - accuracy: 0.5149
41/67 [=================>............] - ETA: 0s - loss: 0.6743 - accuracy: 0.5335
61/67 [==========================>...] - ETA: 0s - loss: 0.6755 - accuracy: 0.5241
67/67 [==============================] - 0s 3ms/step - loss: 0.6776 - accuracy: 0.5259
Epoch 7/25

 1/67 [..............................] - ETA: 0s - loss: 0.6473 - accuracy: 0.6875
12/67 [====>.........................] - ETA: 0s - loss: 0.6759 - accuracy: 0.5339
27/67 [===========>..................] - ETA: 0s - loss: 0.6794 - accuracy: 0.5127
46/67 [===================>..........] - ETA: 0s - loss: 0.6738 - accuracy: 0.5177
66/67 [============================>.] - ETA: 0s - loss: 0.6753 - accuracy: 0.5272
67/67 [==============================] - 0s 3ms/step - loss: 0.6751 - accuracy: 0.5250
Epoch 8/25

 1/67 [..............................] - ETA: 0s - loss: 0.6727 - accuracy: 0.5938
20/67 [=======>......................] - ETA: 0s - loss: 0.6719 - accuracy: 0.5516
38/67 [================>.............] - ETA: 0s - loss: 0.6748 - accuracy: 0.5362
55/67 [=======================>......] - ETA: 0s - loss: 0.6757 - accuracy: 0.5290
67/67 [==============================] - 0s 3ms/step - loss: 0.6750 - accuracy: 0.5310
Epoch 9/25

 1/67 [..............................] - ETA: 0s - loss: 0.6667 - accuracy: 0.5312
16/67 [======>.......................] - ETA: 0s - loss: 0.6644 - accuracy: 0.5234
35/67 [==============>...............] - ETA: 0s - loss: 0.6717 - accuracy: 0.5134
54/67 [=======================>......] - ETA: 0s - loss: 0.6724 - accuracy: 0.5278
67/67 [==============================] - 0s 3ms/step - loss: 0.6744 - accuracy: 0.5292
Epoch 10/25

 1/67 [..............................] - ETA: 0s - loss: 0.6650 - accuracy: 0.6875
23/67 [=========>....................] - ETA: 0s - loss: 0.6757 - accuracy: 0.5435
44/67 [==================>...........] - ETA: 0s - loss: 0.6699 - accuracy: 0.5355
66/67 [============================>.] - ETA: 0s - loss: 0.6751 - accuracy: 0.5258
67/67 [==============================] - 0s 2ms/step - loss: 0.6750 - accuracy: 0.5273
Epoch 11/25

 1/67 [..............................] - ETA: 0s - loss: 0.6493 - accuracy: 0.5625
22/67 [========>.....................] - ETA: 0s - loss: 0.6720 - accuracy: 0.5426
43/67 [==================>...........] - ETA: 0s - loss: 0.6718 - accuracy: 0.5414
64/67 [===========================>..] - ETA: 0s - loss: 0.6737 - accuracy: 0.5269
67/67 [==============================] - 0s 2ms/step - loss: 0.6744 - accuracy: 0.5236
Epoch 12/25

 1/67 [..............................] - ETA: 0s - loss: 0.6533 - accuracy: 0.5312
23/67 [=========>....................] - ETA: 0s - loss: 0.6744 - accuracy: 0.5122
44/67 [==================>...........] - ETA: 0s - loss: 0.6761 - accuracy: 0.5192
64/67 [===========================>..] - ETA: 0s - loss: 0.6738 - accuracy: 0.5269
67/67 [==============================] - 0s 2ms/step - loss: 0.6730 - accuracy: 0.5292
Epoch 13/25

 1/67 [..............................] - ETA: 0s - loss: 0.6910 - accuracy: 0.5625
19/67 [=======>......................] - ETA: 0s - loss: 0.6669 - accuracy: 0.5247
37/67 [===============>..............] - ETA: 0s - loss: 0.6734 - accuracy: 0.5287
55/67 [=======================>......] - ETA: 0s - loss: 0.6757 - accuracy: 0.5256
67/67 [==============================] - 0s 3ms/step - loss: 0.6743 - accuracy: 0.5250
Epoch 14/25

 1/67 [..............................] - ETA: 0s - loss: 0.6696 - accuracy: 0.5625
20/67 [=======>......................] - ETA: 0s - loss: 0.6710 - accuracy: 0.5266
39/67 [================>.............] - ETA: 0s - loss: 0.6710 - accuracy: 0.5256
58/67 [========================>.....] - ETA: 0s - loss: 0.6715 - accuracy: 0.5264
67/67 [==============================] - 0s 3ms/step - loss: 0.6731 - accuracy: 0.5282
Epoch 15/25

 1/67 [..............................] - ETA: 0s - loss: 0.6679 - accuracy: 0.5938
19/67 [=======>......................] - ETA: 0s - loss: 0.6724 - accuracy: 0.5312
38/67 [================>.............] - ETA: 0s - loss: 0.6718 - accuracy: 0.5304
57/67 [========================>.....] - ETA: 0s - loss: 0.6722 - accuracy: 0.5312
67/67 [==============================] - 0s 3ms/step - loss: 0.6729 - accuracy: 0.5320
Epoch 16/25

 1/67 [..............................] - ETA: 0s - loss: 0.6842 - accuracy: 0.3125
23/67 [=========>....................] - ETA: 0s - loss: 0.6792 - accuracy: 0.5014
45/67 [===================>..........] - ETA: 0s - loss: 0.6745 - accuracy: 0.5264
67/67 [==============================] - ETA: 0s - loss: 0.6736 - accuracy: 0.5282
67/67 [==============================] - 0s 2ms/step - loss: 0.6736 - accuracy: 0.5282
Epoch 17/25

 1/67 [..............................] - ETA: 0s - loss: 0.6685 - accuracy: 0.5938
23/67 [=========>....................] - ETA: 0s - loss: 0.6708 - accuracy: 0.5285
42/67 [=================>............] - ETA: 0s - loss: 0.6698 - accuracy: 0.5268
63/67 [===========================>..] - ETA: 0s - loss: 0.6723 - accuracy: 0.5298
67/67 [==============================] - 0s 2ms/step - loss: 0.6729 - accuracy: 0.5296
Epoch 18/25

 1/67 [..............................] - ETA: 0s - loss: 0.6507 - accuracy: 0.5312
23/67 [=========>....................] - ETA: 0s - loss: 0.6694 - accuracy: 0.5204
43/67 [==================>...........] - ETA: 0s - loss: 0.6716 - accuracy: 0.5196
64/67 [===========================>..] - ETA: 0s - loss: 0.6736 - accuracy: 0.5249
67/67 [==============================] - 0s 2ms/step - loss: 0.6727 - accuracy: 0.5273
Epoch 19/25

 1/67 [..............................] - ETA: 0s - loss: 0.6863 - accuracy: 0.6562
19/67 [=======>......................] - ETA: 0s - loss: 0.6713 - accuracy: 0.5033
38/67 [================>.............] - ETA: 0s - loss: 0.6713 - accuracy: 0.5247
57/67 [========================>.....] - ETA: 0s - loss: 0.6718 - accuracy: 0.5280
67/67 [==============================] - 0s 3ms/step - loss: 0.6711 - accuracy: 0.5292
Epoch 20/25

 1/67 [..............................] - ETA: 0s - loss: 0.6893 - accuracy: 0.5625
19/67 [=======>......................] - ETA: 0s - loss: 0.6746 - accuracy: 0.5362
38/67 [================>.............] - ETA: 0s - loss: 0.6754 - accuracy: 0.5362
56/67 [========================>.....] - ETA: 0s - loss: 0.6757 - accuracy: 0.5212
67/67 [==============================] - 0s 3ms/step - loss: 0.6738 - accuracy: 0.5278
Epoch 21/25

 1/67 [..............................] - ETA: 0s - loss: 0.6788 - accuracy: 0.3750
20/67 [=======>......................] - ETA: 0s - loss: 0.6722 - accuracy: 0.5250
40/67 [================>.............] - ETA: 0s - loss: 0.6751 - accuracy: 0.5305
61/67 [==========================>...] - ETA: 0s - loss: 0.6724 - accuracy: 0.5256
67/67 [==============================] - 0s 3ms/step - loss: 0.6718 - accuracy: 0.5292
Epoch 22/25

 1/67 [..............................] - ETA: 0s - loss: 0.6950 - accuracy: 0.4688
22/67 [========>.....................] - ETA: 0s - loss: 0.6747 - accuracy: 0.5185
43/67 [==================>...........] - ETA: 0s - loss: 0.6747 - accuracy: 0.5283
64/67 [===========================>..] - ETA: 0s - loss: 0.6736 - accuracy: 0.5264
67/67 [==============================] - 0s 2ms/step - loss: 0.6728 - accuracy: 0.5264
Epoch 23/25

 1/67 [..............................] - ETA: 0s - loss: 0.6710 - accuracy: 0.5312
22/67 [========>.....................] - ETA: 0s - loss: 0.6695 - accuracy: 0.5398
43/67 [==================>...........] - ETA: 0s - loss: 0.6696 - accuracy: 0.5240
65/67 [============================>.] - ETA: 0s - loss: 0.6728 - accuracy: 0.5298
67/67 [==============================] - 0s 2ms/step - loss: 0.6727 - accuracy: 0.5264
Epoch 24/25

 1/67 [..............................] - ETA: 0s - loss: 0.6668 - accuracy: 0.5938
22/67 [========>.....................] - ETA: 0s - loss: 0.6628 - accuracy: 0.5213
43/67 [==================>...........] - ETA: 0s - loss: 0.6670 - accuracy: 0.5298
63/67 [===========================>..] - ETA: 0s - loss: 0.6716 - accuracy: 0.5293
67/67 [==============================] - 0s 3ms/step - loss: 0.6722 - accuracy: 0.5292
Epoch 25/25

 1/67 [..............................] - ETA: 0s - loss: 0.6907 - accuracy: 0.5625
18/67 [=======>......................] - ETA: 0s - loss: 0.6695 - accuracy: 0.5417
36/67 [===============>..............] - ETA: 0s - loss: 0.6703 - accuracy: 0.5443
54/67 [=======================>......] - ETA: 0s - loss: 0.6718 - accuracy: 0.5307
67/67 [==============================] - 0s 3ms/step - loss: 0.6717 - accuracy: 0.5296
# node2vec
Epoch 1/25

 1/67 [..............................] - ETA: 18s - loss: 0.7088 - accuracy: 0.4062
35/67 [==============>...............] - ETA: 0s - loss: 0.6919 - accuracy: 0.4902 
67/67 [==============================] - 0s 1ms/step - loss: 0.6899 - accuracy: 0.5040
Epoch 2/25

 1/67 [..............................] - ETA: 0s - loss: 0.6929 - accuracy: 0.5312
36/67 [===============>..............] - ETA: 0s - loss: 0.6826 - accuracy: 0.5200
67/67 [==============================] - 0s 1ms/step - loss: 0.6835 - accuracy: 0.5212
Epoch 3/25

 1/67 [..............................] - ETA: 0s - loss: 0.6804 - accuracy: 0.6562
34/67 [==============>...............] - ETA: 0s - loss: 0.6781 - accuracy: 0.5340
64/67 [===========================>..] - ETA: 0s - loss: 0.6794 - accuracy: 0.5273
67/67 [==============================] - 0s 2ms/step - loss: 0.6806 - accuracy: 0.5296
Epoch 4/25

 1/67 [..............................] - ETA: 0s - loss: 0.6901 - accuracy: 0.5938
29/67 [===========>..................] - ETA: 0s - loss: 0.6755 - accuracy: 0.5280
55/67 [=======================>......] - ETA: 0s - loss: 0.6776 - accuracy: 0.5273
67/67 [==============================] - 0s 2ms/step - loss: 0.6784 - accuracy: 0.5268
Epoch 5/25

 1/67 [..............................] - ETA: 0s - loss: 0.6566 - accuracy: 0.5938
23/67 [=========>....................] - ETA: 0s - loss: 0.6719 - accuracy: 0.5272
46/67 [===================>..........] - ETA: 0s - loss: 0.6752 - accuracy: 0.5306
67/67 [==============================] - 0s 2ms/step - loss: 0.6761 - accuracy: 0.5278
Epoch 6/25

 1/67 [..............................] - ETA: 0s - loss: 0.6419 - accuracy: 0.5625
27/67 [===========>..................] - ETA: 0s - loss: 0.6763 - accuracy: 0.5231
53/67 [======================>.......] - ETA: 0s - loss: 0.6767 - accuracy: 0.5324
67/67 [==============================] - 0s 2ms/step - loss: 0.6764 - accuracy: 0.5292
Epoch 7/25

 1/67 [..............................] - ETA: 0s - loss: 0.6557 - accuracy: 0.5000
33/67 [=============>................] - ETA: 0s - loss: 0.6748 - accuracy: 0.5303
65/67 [============================>.] - ETA: 0s - loss: 0.6767 - accuracy: 0.5264
67/67 [==============================] - 0s 2ms/step - loss: 0.6764 - accuracy: 0.5273
Epoch 8/25

 1/67 [..............................] - ETA: 0s - loss: 0.6691 - accuracy: 0.5938
30/67 [============>.................] - ETA: 0s - loss: 0.6801 - accuracy: 0.5177
56/67 [========================>.....] - ETA: 0s - loss: 0.6763 - accuracy: 0.5296
67/67 [==============================] - 0s 2ms/step - loss: 0.6751 - accuracy: 0.5259
Epoch 9/25

 1/67 [..............................] - ETA: 0s - loss: 0.6882 - accuracy: 0.5312
30/67 [============>.................] - ETA: 0s - loss: 0.6767 - accuracy: 0.5208
63/67 [===========================>..] - ETA: 0s - loss: 0.6752 - accuracy: 0.5263
67/67 [==============================] - 0s 2ms/step - loss: 0.6750 - accuracy: 0.5296
Epoch 10/25

 1/67 [..............................] - ETA: 0s - loss: 0.6860 - accuracy: 0.6562
29/67 [===========>..................] - ETA: 0s - loss: 0.6731 - accuracy: 0.5216
54/67 [=======================>......] - ETA: 0s - loss: 0.6716 - accuracy: 0.5312
67/67 [==============================] - 0s 2ms/step - loss: 0.6744 - accuracy: 0.5278
Epoch 11/25

 1/67 [..............................] - ETA: 0s - loss: 0.6707 - accuracy: 0.5625
27/67 [===========>..................] - ETA: 0s - loss: 0.6750 - accuracy: 0.5359
58/67 [========================>.....] - ETA: 0s - loss: 0.6734 - accuracy: 0.5334
67/67 [==============================] - 0s 2ms/step - loss: 0.6746 - accuracy: 0.5259
Epoch 12/25

 1/67 [..............................] - ETA: 0s - loss: 0.6884 - accuracy: 0.5938
36/67 [===============>..............] - ETA: 0s - loss: 0.6717 - accuracy: 0.5469
67/67 [==============================] - ETA: 0s - loss: 0.6739 - accuracy: 0.5292
67/67 [==============================] - 0s 2ms/step - loss: 0.6739 - accuracy: 0.5292
Epoch 13/25

 1/67 [..............................] - ETA: 0s - loss: 0.6541 - accuracy: 0.5000
31/67 [============>.................] - ETA: 0s - loss: 0.6756 - accuracy: 0.5141
59/67 [=========================>....] - ETA: 0s - loss: 0.6728 - accuracy: 0.5222
67/67 [==============================] - 0s 2ms/step - loss: 0.6732 - accuracy: 0.5254
Epoch 14/25

 1/67 [..............................] - ETA: 0s - loss: 0.6816 - accuracy: 0.4375
30/67 [============>.................] - ETA: 0s - loss: 0.6707 - accuracy: 0.5510
57/67 [========================>.....] - ETA: 0s - loss: 0.6733 - accuracy: 0.5285
67/67 [==============================] - 0s 2ms/step - loss: 0.6744 - accuracy: 0.5292
Epoch 15/25

 1/67 [..............................] - ETA: 0s - loss: 0.6503 - accuracy: 0.5625
25/67 [==========>...................] - ETA: 0s - loss: 0.6701 - accuracy: 0.5238
52/67 [======================>.......] - ETA: 0s - loss: 0.6723 - accuracy: 0.5331
67/67 [==============================] - 0s 2ms/step - loss: 0.6737 - accuracy: 0.5268
Epoch 16/25

 1/67 [..............................] - ETA: 0s - loss: 0.6772 - accuracy: 0.4062
33/67 [=============>................] - ETA: 0s - loss: 0.6734 - accuracy: 0.5341
53/67 [======================>.......] - ETA: 0s - loss: 0.6731 - accuracy: 0.5330
67/67 [==============================] - 0s 2ms/step - loss: 0.6733 - accuracy: 0.5329
Epoch 17/25

 1/67 [..............................] - ETA: 0s - loss: 0.6934 - accuracy: 0.5000
29/67 [===========>..................] - ETA: 0s - loss: 0.6654 - accuracy: 0.5463
62/67 [==========================>...] - ETA: 0s - loss: 0.6727 - accuracy: 0.5277
67/67 [==============================] - 0s 2ms/step - loss: 0.6736 - accuracy: 0.5278
Epoch 18/25

 1/67 [..............................] - ETA: 0s - loss: 0.7028 - accuracy: 0.3125
35/67 [==============>...............] - ETA: 0s - loss: 0.6715 - accuracy: 0.5286
67/67 [==============================] - 0s 1ms/step - loss: 0.6733 - accuracy: 0.5264
Epoch 19/25

 1/67 [..............................] - ETA: 0s - loss: 0.6523 - accuracy: 0.5000
36/67 [===============>..............] - ETA: 0s - loss: 0.6697 - accuracy: 0.5347
67/67 [==============================] - 0s 1ms/step - loss: 0.6725 - accuracy: 0.5268
Epoch 20/25

 1/67 [..............................] - ETA: 0s - loss: 0.6464 - accuracy: 0.6875
35/67 [==============>...............] - ETA: 0s - loss: 0.6689 - accuracy: 0.5455
67/67 [==============================] - 0s 1ms/step - loss: 0.6735 - accuracy: 0.5292
Epoch 21/25

 1/67 [..............................] - ETA: 0s - loss: 0.6864 - accuracy: 0.6562
34/67 [==============>...............] - ETA: 0s - loss: 0.6740 - accuracy: 0.5340
63/67 [===========================>..] - ETA: 0s - loss: 0.6743 - accuracy: 0.5258
67/67 [==============================] - 0s 2ms/step - loss: 0.6732 - accuracy: 0.5264
Epoch 22/25

 1/67 [..............................] - ETA: 0s - loss: 0.6880 - accuracy: 0.6250
32/67 [=============>................] - ETA: 0s - loss: 0.6650 - accuracy: 0.5479
63/67 [===========================>..] - ETA: 0s - loss: 0.6722 - accuracy: 0.5342
67/67 [==============================] - 0s 2ms/step - loss: 0.6732 - accuracy: 0.5278
Epoch 23/25

 1/67 [..............................] - ETA: 0s - loss: 0.6978 - accuracy: 0.5312
34/67 [==============>...............] - ETA: 0s - loss: 0.6674 - accuracy: 0.5101
67/67 [==============================] - 0s 1ms/step - loss: 0.6730 - accuracy: 0.5282
Epoch 24/25

 1/67 [..............................] - ETA: 0s - loss: 0.6504 - accuracy: 0.5625
37/67 [===============>..............] - ETA: 0s - loss: 0.6739 - accuracy: 0.5346
67/67 [==============================] - 0s 1ms/step - loss: 0.6716 - accuracy: 0.5287
Epoch 25/25

 1/67 [..............................] - ETA: 0s - loss: 0.6956 - accuracy: 0.5938
41/67 [=================>............] - ETA: 0s - loss: 0.6737 - accuracy: 0.5404
67/67 [==============================] - 0s 1ms/step - loss: 0.6735 - accuracy: 0.5264
# predict: steps=1872
# predict: tnodeembed_metrics
# predict: node2vec_metrics
tnodeembed: {'auc': 0.5051752148201684, 'f1_micro': 0.5053269654665687, 'f1_macro': 0.357358324140884} tNodeEmbed_final_loss=0.6717241406440735 tNodeEmbed_final_accuracy=0.5296313762664795 
node2vec: {'auc': 0.5072858145836342, 'f1_micro': 0.5055440518335449, 'f1_macro': 0.3586936786963123} node2vec_final_loss=0.6735363006591797 node2vec_final_accuracy=0.5263649225234985 
