# load graph
# initialize tNodeEmbed for dataset=PPI, test_size=0.2
# load dataset
# fit
# tNodeEmbed
Epoch 1/25

 1/67 [..............................] - ETA: 1:23 - loss: 0.6909 - accuracy: 0.5000
21/67 [========>.....................] - ETA: 0s - loss: 0.6702 - accuracy: 0.5104  
40/67 [================>.............] - ETA: 0s - loss: 0.6581 - accuracy: 0.5570
61/67 [==========================>...] - ETA: 0s - loss: 0.6470 - accuracy: 0.5999
67/67 [==============================] - 1s 3ms/step - loss: 0.6473 - accuracy: 0.5968
Epoch 2/25

 1/67 [..............................] - ETA: 0s - loss: 0.6345 - accuracy: 0.5312
20/67 [=======>......................] - ETA: 0s - loss: 0.6254 - accuracy: 0.6375
40/67 [================>.............] - ETA: 0s - loss: 0.6228 - accuracy: 0.6453
61/67 [==========================>...] - ETA: 0s - loss: 0.6207 - accuracy: 0.6419
67/67 [==============================] - 0s 3ms/step - loss: 0.6211 - accuracy: 0.6416
Epoch 3/25

 1/67 [..............................] - ETA: 0s - loss: 0.6987 - accuracy: 0.5625
19/67 [=======>......................] - ETA: 0s - loss: 0.6044 - accuracy: 0.6464
37/67 [===============>..............] - ETA: 0s - loss: 0.6035 - accuracy: 0.6546
55/67 [=======================>......] - ETA: 0s - loss: 0.6047 - accuracy: 0.6494
67/67 [==============================] - 0s 3ms/step - loss: 0.6056 - accuracy: 0.6505
Epoch 4/25

 1/67 [..............................] - ETA: 0s - loss: 0.5443 - accuracy: 0.7812
18/67 [=======>......................] - ETA: 0s - loss: 0.6062 - accuracy: 0.6372
35/67 [==============>...............] - ETA: 0s - loss: 0.6038 - accuracy: 0.6446
50/67 [=====================>........] - ETA: 0s - loss: 0.5908 - accuracy: 0.6625
67/67 [==============================] - 0s 3ms/step - loss: 0.5995 - accuracy: 0.6505
Epoch 5/25

 1/67 [..............................] - ETA: 0s - loss: 0.5753 - accuracy: 0.6875
19/67 [=======>......................] - ETA: 0s - loss: 0.6138 - accuracy: 0.6382
40/67 [================>.............] - ETA: 0s - loss: 0.5995 - accuracy: 0.6477
62/67 [==========================>...] - ETA: 0s - loss: 0.5947 - accuracy: 0.6537
67/67 [==============================] - 0s 3ms/step - loss: 0.5917 - accuracy: 0.6617
Epoch 6/25

 1/67 [..............................] - ETA: 0s - loss: 0.5401 - accuracy: 0.7812
21/67 [========>.....................] - ETA: 0s - loss: 0.5895 - accuracy: 0.6473
42/67 [=================>............] - ETA: 0s - loss: 0.5854 - accuracy: 0.6540
62/67 [==========================>...] - ETA: 0s - loss: 0.5842 - accuracy: 0.6598
67/67 [==============================] - 0s 2ms/step - loss: 0.5836 - accuracy: 0.6589
Epoch 7/25

 1/67 [..............................] - ETA: 0s - loss: 0.4596 - accuracy: 0.7812
20/67 [=======>......................] - ETA: 0s - loss: 0.5573 - accuracy: 0.6875
41/67 [=================>............] - ETA: 0s - loss: 0.5719 - accuracy: 0.6654
61/67 [==========================>...] - ETA: 0s - loss: 0.5770 - accuracy: 0.6644
67/67 [==============================] - 0s 3ms/step - loss: 0.5766 - accuracy: 0.6687
Epoch 8/25

 1/67 [..............................] - ETA: 0s - loss: 0.5424 - accuracy: 0.5938
20/67 [=======>......................] - ETA: 0s - loss: 0.5508 - accuracy: 0.6797
32/67 [=============>................] - ETA: 0s - loss: 0.5520 - accuracy: 0.6895
46/67 [===================>..........] - ETA: 0s - loss: 0.5572 - accuracy: 0.6827
60/67 [=========================>....] - ETA: 0s - loss: 0.5657 - accuracy: 0.6698
67/67 [==============================] - 0s 4ms/step - loss: 0.5741 - accuracy: 0.6598
Epoch 9/25

 1/67 [..............................] - ETA: 0s - loss: 0.5675 - accuracy: 0.6875
18/67 [=======>......................] - ETA: 0s - loss: 0.5783 - accuracy: 0.6510
35/67 [==============>...............] - ETA: 0s - loss: 0.5714 - accuracy: 0.6679
52/67 [======================>.......] - ETA: 0s - loss: 0.5627 - accuracy: 0.6701
67/67 [==============================] - 0s 3ms/step - loss: 0.5643 - accuracy: 0.6710
Epoch 10/25

 1/67 [..............................] - ETA: 0s - loss: 0.5464 - accuracy: 0.6875
21/67 [========>.....................] - ETA: 0s - loss: 0.5745 - accuracy: 0.6622
41/67 [=================>............] - ETA: 0s - loss: 0.5682 - accuracy: 0.6585
62/67 [==========================>...] - ETA: 0s - loss: 0.5628 - accuracy: 0.6663
67/67 [==============================] - 0s 3ms/step - loss: 0.5620 - accuracy: 0.6710
Epoch 11/25

 1/67 [..............................] - ETA: 0s - loss: 0.5982 - accuracy: 0.5625
21/67 [========>.....................] - ETA: 0s - loss: 0.5459 - accuracy: 0.6935
43/67 [==================>...........] - ETA: 0s - loss: 0.5498 - accuracy: 0.6831
63/67 [===========================>..] - ETA: 0s - loss: 0.5559 - accuracy: 0.6761
67/67 [==============================] - 0s 2ms/step - loss: 0.5593 - accuracy: 0.6724
Epoch 12/25

 1/67 [..............................] - ETA: 0s - loss: 0.5515 - accuracy: 0.6250
22/67 [========>.....................] - ETA: 0s - loss: 0.5667 - accuracy: 0.6577
42/67 [=================>............] - ETA: 0s - loss: 0.5553 - accuracy: 0.6682
63/67 [===========================>..] - ETA: 0s - loss: 0.5524 - accuracy: 0.6741
67/67 [==============================] - 0s 2ms/step - loss: 0.5538 - accuracy: 0.6715
Epoch 13/25

 1/67 [..............................] - ETA: 0s - loss: 0.4695 - accuracy: 0.7812
19/67 [=======>......................] - ETA: 0s - loss: 0.5195 - accuracy: 0.7056
38/67 [================>.............] - ETA: 0s - loss: 0.5352 - accuracy: 0.6859
58/67 [========================>.....] - ETA: 0s - loss: 0.5474 - accuracy: 0.6773
67/67 [==============================] - 0s 3ms/step - loss: 0.5504 - accuracy: 0.6743
Epoch 14/25

 1/67 [..............................] - ETA: 0s - loss: 0.5808 - accuracy: 0.6562
20/67 [=======>......................] - ETA: 0s - loss: 0.5585 - accuracy: 0.6672
39/67 [================>.............] - ETA: 0s - loss: 0.5507 - accuracy: 0.6739
58/67 [========================>.....] - ETA: 0s - loss: 0.5506 - accuracy: 0.6724
67/67 [==============================] - 0s 3ms/step - loss: 0.5515 - accuracy: 0.6734
Epoch 15/25

 1/67 [..............................] - ETA: 0s - loss: 0.4679 - accuracy: 0.7812
20/67 [=======>......................] - ETA: 0s - loss: 0.5401 - accuracy: 0.6781
38/67 [================>.............] - ETA: 0s - loss: 0.5406 - accuracy: 0.6908
57/67 [========================>.....] - ETA: 0s - loss: 0.5443 - accuracy: 0.6798
67/67 [==============================] - 0s 3ms/step - loss: 0.5485 - accuracy: 0.6748
Epoch 16/25

 1/67 [..............................] - ETA: 0s - loss: 0.6052 - accuracy: 0.5938
21/67 [========>.....................] - ETA: 0s - loss: 0.5456 - accuracy: 0.6786
40/67 [================>.............] - ETA: 0s - loss: 0.5449 - accuracy: 0.6750
59/67 [=========================>....] - ETA: 0s - loss: 0.5479 - accuracy: 0.6758
67/67 [==============================] - 0s 3ms/step - loss: 0.5463 - accuracy: 0.6766
Epoch 17/25

 1/67 [..............................] - ETA: 0s - loss: 0.4226 - accuracy: 0.7812
20/67 [=======>......................] - ETA: 0s - loss: 0.5333 - accuracy: 0.6906
40/67 [================>.............] - ETA: 0s - loss: 0.5352 - accuracy: 0.6906
61/67 [==========================>...] - ETA: 0s - loss: 0.5435 - accuracy: 0.6798
67/67 [==============================] - 0s 3ms/step - loss: 0.5436 - accuracy: 0.6799
Epoch 18/25

 1/67 [..............................] - ETA: 0s - loss: 0.5248 - accuracy: 0.6562
20/67 [=======>......................] - ETA: 0s - loss: 0.5392 - accuracy: 0.6875
40/67 [================>.............] - ETA: 0s - loss: 0.5486 - accuracy: 0.6672
60/67 [=========================>....] - ETA: 0s - loss: 0.5499 - accuracy: 0.6646
67/67 [==============================] - 0s 3ms/step - loss: 0.5428 - accuracy: 0.6794
Epoch 19/25

 1/67 [..............................] - ETA: 0s - loss: 0.5822 - accuracy: 0.5312
19/67 [=======>......................] - ETA: 0s - loss: 0.5546 - accuracy: 0.6661
39/67 [================>.............] - ETA: 0s - loss: 0.5448 - accuracy: 0.6835
58/67 [========================>.....] - ETA: 0s - loss: 0.5456 - accuracy: 0.6778
67/67 [==============================] - 0s 3ms/step - loss: 0.5441 - accuracy: 0.6771
Epoch 20/25

 1/67 [..............................] - ETA: 0s - loss: 0.5596 - accuracy: 0.6250
19/67 [=======>......................] - ETA: 0s - loss: 0.5384 - accuracy: 0.6891
38/67 [================>.............] - ETA: 0s - loss: 0.5412 - accuracy: 0.6850
55/67 [=======================>......] - ETA: 0s - loss: 0.5402 - accuracy: 0.6795
67/67 [==============================] - 0s 3ms/step - loss: 0.5412 - accuracy: 0.6762
Epoch 21/25

 1/67 [..............................] - ETA: 0s - loss: 0.5136 - accuracy: 0.7500
20/67 [=======>......................] - ETA: 0s - loss: 0.5247 - accuracy: 0.6938
39/67 [================>.............] - ETA: 0s - loss: 0.5354 - accuracy: 0.6827
58/67 [========================>.....] - ETA: 0s - loss: 0.5393 - accuracy: 0.6848
67/67 [==============================] - 0s 3ms/step - loss: 0.5357 - accuracy: 0.6874
Epoch 22/25

 1/67 [..............................] - ETA: 0s - loss: 0.5300 - accuracy: 0.7188
22/67 [========>.....................] - ETA: 0s - loss: 0.5379 - accuracy: 0.6918
43/67 [==================>...........] - ETA: 0s - loss: 0.5396 - accuracy: 0.6831
64/67 [===========================>..] - ETA: 0s - loss: 0.5419 - accuracy: 0.6802
67/67 [==============================] - 0s 2ms/step - loss: 0.5422 - accuracy: 0.6780
Epoch 23/25

 1/67 [..............................] - ETA: 0s - loss: 0.6199 - accuracy: 0.5938
21/67 [========>.....................] - ETA: 0s - loss: 0.5166 - accuracy: 0.7173
41/67 [=================>............] - ETA: 0s - loss: 0.5277 - accuracy: 0.6974
61/67 [==========================>...] - ETA: 0s - loss: 0.5363 - accuracy: 0.6783
67/67 [==============================] - 0s 3ms/step - loss: 0.5386 - accuracy: 0.6766
Epoch 24/25

 1/67 [..............................] - ETA: 0s - loss: 0.5314 - accuracy: 0.6562
21/67 [========>.....................] - ETA: 0s - loss: 0.5445 - accuracy: 0.6786
40/67 [================>.............] - ETA: 0s - loss: 0.5296 - accuracy: 0.6875
59/67 [=========================>....] - ETA: 0s - loss: 0.5365 - accuracy: 0.6785
67/67 [==============================] - 0s 3ms/step - loss: 0.5369 - accuracy: 0.6808
Epoch 25/25

 1/67 [..............................] - ETA: 0s - loss: 0.4947 - accuracy: 0.6875
19/67 [=======>......................] - ETA: 0s - loss: 0.5287 - accuracy: 0.6826
37/67 [===============>..............] - ETA: 0s - loss: 0.5302 - accuracy: 0.6867
56/67 [========================>.....] - ETA: 0s - loss: 0.5325 - accuracy: 0.6830
67/67 [==============================] - 0s 3ms/step - loss: 0.5377 - accuracy: 0.6804
# node2vec
Epoch 1/25

 1/67 [..............................] - ETA: 18s - loss: 0.7023 - accuracy: 0.6562
30/67 [============>.................] - ETA: 0s - loss: 0.6582 - accuracy: 0.5688 
60/67 [=========================>....] - ETA: 0s - loss: 0.6465 - accuracy: 0.6068
67/67 [==============================] - 0s 2ms/step - loss: 0.6432 - accuracy: 0.6094
Epoch 2/25

 1/67 [..............................] - ETA: 0s - loss: 0.7537 - accuracy: 0.5938
25/67 [==========>...................] - ETA: 0s - loss: 0.6299 - accuracy: 0.6438
49/67 [====================>.........] - ETA: 0s - loss: 0.6189 - accuracy: 0.6518
67/67 [==============================] - 0s 2ms/step - loss: 0.6223 - accuracy: 0.6430
Epoch 3/25

 1/67 [..............................] - ETA: 0s - loss: 0.5708 - accuracy: 0.7500
31/67 [============>.................] - ETA: 0s - loss: 0.6014 - accuracy: 0.6552
62/67 [==========================>...] - ETA: 0s - loss: 0.6050 - accuracy: 0.6542
67/67 [==============================] - 0s 2ms/step - loss: 0.6029 - accuracy: 0.6547
Epoch 4/25

 1/67 [..............................] - ETA: 0s - loss: 0.6494 - accuracy: 0.7500
29/67 [===========>..................] - ETA: 0s - loss: 0.6211 - accuracy: 0.6336
59/67 [=========================>....] - ETA: 0s - loss: 0.6028 - accuracy: 0.6499
67/67 [==============================] - 0s 2ms/step - loss: 0.5990 - accuracy: 0.6528
Epoch 5/25

 1/67 [..............................] - ETA: 0s - loss: 0.5706 - accuracy: 0.5938
32/67 [=============>................] - ETA: 0s - loss: 0.5887 - accuracy: 0.6572
64/67 [===========================>..] - ETA: 0s - loss: 0.5894 - accuracy: 0.6636
67/67 [==============================] - 0s 2ms/step - loss: 0.5900 - accuracy: 0.6598
Epoch 6/25

 1/67 [..............................] - ETA: 0s - loss: 0.5583 - accuracy: 0.7500
39/67 [================>.............] - ETA: 0s - loss: 0.5764 - accuracy: 0.6747
67/67 [==============================] - 0s 1ms/step - loss: 0.5850 - accuracy: 0.6631
Epoch 7/25

 1/67 [..............................] - ETA: 0s - loss: 0.5944 - accuracy: 0.6562
38/67 [================>.............] - ETA: 0s - loss: 0.5868 - accuracy: 0.6562
67/67 [==============================] - 0s 1ms/step - loss: 0.5800 - accuracy: 0.6687
Epoch 8/25

 1/67 [..............................] - ETA: 0s - loss: 0.5280 - accuracy: 0.7188
34/67 [==============>...............] - ETA: 0s - loss: 0.5770 - accuracy: 0.6765
67/67 [==============================] - ETA: 0s - loss: 0.5770 - accuracy: 0.6687
67/67 [==============================] - 0s 2ms/step - loss: 0.5770 - accuracy: 0.6687
Epoch 9/25

 1/67 [..............................] - ETA: 0s - loss: 0.6425 - accuracy: 0.5312
31/67 [============>.................] - ETA: 0s - loss: 0.5810 - accuracy: 0.6532
63/67 [===========================>..] - ETA: 0s - loss: 0.5751 - accuracy: 0.6637
67/67 [==============================] - 0s 2ms/step - loss: 0.5741 - accuracy: 0.6664
Epoch 10/25

 1/67 [..............................] - ETA: 0s - loss: 0.6154 - accuracy: 0.5938
36/67 [===============>..............] - ETA: 0s - loss: 0.5661 - accuracy: 0.6701
67/67 [==============================] - 0s 1ms/step - loss: 0.5677 - accuracy: 0.6706
Epoch 11/25

 1/67 [..............................] - ETA: 0s - loss: 0.5866 - accuracy: 0.6250
34/67 [==============>...............] - ETA: 0s - loss: 0.5562 - accuracy: 0.6756
67/67 [==============================] - 0s 2ms/step - loss: 0.5663 - accuracy: 0.6673
Epoch 12/25

 1/67 [..............................] - ETA: 0s - loss: 0.4324 - accuracy: 0.8438
34/67 [==============>...............] - ETA: 0s - loss: 0.5639 - accuracy: 0.6710
67/67 [==============================] - 0s 2ms/step - loss: 0.5638 - accuracy: 0.6710
Epoch 13/25

 1/67 [..............................] - ETA: 0s - loss: 0.5066 - accuracy: 0.6562
31/67 [============>.................] - ETA: 0s - loss: 0.5571 - accuracy: 0.6764
62/67 [==========================>...] - ETA: 0s - loss: 0.5613 - accuracy: 0.6724
67/67 [==============================] - 0s 2ms/step - loss: 0.5612 - accuracy: 0.6748
Epoch 14/25

 1/67 [..............................] - ETA: 0s - loss: 0.5348 - accuracy: 0.6875
29/67 [===========>..................] - ETA: 0s - loss: 0.5646 - accuracy: 0.6616
59/67 [=========================>....] - ETA: 0s - loss: 0.5615 - accuracy: 0.6668
67/67 [==============================] - 0s 2ms/step - loss: 0.5590 - accuracy: 0.6729
Epoch 15/25

 1/67 [..............................] - ETA: 0s - loss: 0.4012 - accuracy: 0.8750
39/67 [================>.............] - ETA: 0s - loss: 0.5405 - accuracy: 0.6931
67/67 [==============================] - 0s 1ms/step - loss: 0.5574 - accuracy: 0.6738
Epoch 16/25

 1/67 [..............................] - ETA: 0s - loss: 0.5253 - accuracy: 0.6562
37/67 [===============>..............] - ETA: 0s - loss: 0.5375 - accuracy: 0.6976
67/67 [==============================] - 0s 1ms/step - loss: 0.5549 - accuracy: 0.6776
Epoch 17/25

 1/67 [..............................] - ETA: 0s - loss: 0.5486 - accuracy: 0.7812
38/67 [================>.............] - ETA: 0s - loss: 0.5546 - accuracy: 0.6752
67/67 [==============================] - ETA: 0s - loss: 0.5548 - accuracy: 0.6738
67/67 [==============================] - 0s 2ms/step - loss: 0.5548 - accuracy: 0.6738
Epoch 18/25

 1/67 [..............................] - ETA: 0s - loss: 0.5541 - accuracy: 0.6875
23/67 [=========>....................] - ETA: 0s - loss: 0.5395 - accuracy: 0.6848
52/67 [======================>.......] - ETA: 0s - loss: 0.5549 - accuracy: 0.6761
67/67 [==============================] - 0s 2ms/step - loss: 0.5499 - accuracy: 0.6794
Epoch 19/25

 1/67 [..............................] - ETA: 0s - loss: 0.5686 - accuracy: 0.6562
36/67 [===============>..............] - ETA: 0s - loss: 0.5499 - accuracy: 0.6684
67/67 [==============================] - 0s 1ms/step - loss: 0.5533 - accuracy: 0.6766
Epoch 20/25

 1/67 [..............................] - ETA: 0s - loss: 0.5117 - accuracy: 0.7500
38/67 [================>.............] - ETA: 0s - loss: 0.5474 - accuracy: 0.6842
67/67 [==============================] - 0s 1ms/step - loss: 0.5473 - accuracy: 0.6790
Epoch 21/25

 1/67 [..............................] - ETA: 0s - loss: 0.4966 - accuracy: 0.6875
34/67 [==============>...............] - ETA: 0s - loss: 0.5532 - accuracy: 0.6627
67/67 [==============================] - ETA: 0s - loss: 0.5478 - accuracy: 0.6766
67/67 [==============================] - 0s 2ms/step - loss: 0.5478 - accuracy: 0.6766
Epoch 22/25

 1/67 [..............................] - ETA: 0s - loss: 0.5801 - accuracy: 0.5938
28/67 [===========>..................] - ETA: 0s - loss: 0.5455 - accuracy: 0.6752
60/67 [=========================>....] - ETA: 0s - loss: 0.5468 - accuracy: 0.6792
67/67 [==============================] - 0s 2ms/step - loss: 0.5506 - accuracy: 0.6748
Epoch 23/25

 1/67 [..............................] - ETA: 0s - loss: 0.4748 - accuracy: 0.7812
30/67 [============>.................] - ETA: 0s - loss: 0.5376 - accuracy: 0.6854
63/67 [===========================>..] - ETA: 0s - loss: 0.5436 - accuracy: 0.6791
67/67 [==============================] - 0s 2ms/step - loss: 0.5425 - accuracy: 0.6822
Epoch 24/25

 1/67 [..............................] - ETA: 0s - loss: 0.5947 - accuracy: 0.5625
32/67 [=============>................] - ETA: 0s - loss: 0.5357 - accuracy: 0.6846
62/67 [==========================>...] - ETA: 0s - loss: 0.5450 - accuracy: 0.6774
67/67 [==============================] - 0s 2ms/step - loss: 0.5464 - accuracy: 0.6776
Epoch 25/25

 1/67 [..............................] - ETA: 0s - loss: 0.5776 - accuracy: 0.6250
28/67 [===========>..................] - ETA: 0s - loss: 0.5460 - accuracy: 0.6741
64/67 [===========================>..] - ETA: 0s - loss: 0.5437 - accuracy: 0.6792
67/67 [==============================] - 0s 2ms/step - loss: 0.5423 - accuracy: 0.6813
# predict: steps=1872
# predict: tnodeembed_metrics
# predict: node2vec_metrics
tnodeembed: {'auc': 0.5799700709194233, 'f1_micro': 0.5788524480662615, 'f1_macro': 0.5176706315647437} tNodeEmbed_final_loss=0.5376853346824646 tNodeEmbed_final_accuracy=0.680354654788971 
node2vec: {'auc': 0.5771972558430726, 'f1_micro': 0.5768151760069468, 'f1_macro': 0.5184125621261718} node2vec_final_loss=0.5422583818435669 node2vec_final_accuracy=0.6812878847122192 
