# load graph
# initialize tNodeEmbed for dataset=PPI, test_size=0.2
# load dataset
# fit
# tNodeEmbed
Epoch 1/25

 1/67 [..............................] - ETA: 1:26 - loss: 0.6931 - accuracy: 0.4688
24/67 [=========>....................] - ETA: 0s - loss: 0.6932 - accuracy: 0.4883  
47/67 [====================>.........] - ETA: 0s - loss: 0.6932 - accuracy: 0.4967
67/67 [==============================] - 1s 2ms/step - loss: 0.6933 - accuracy: 0.4942
Epoch 2/25

 1/67 [..............................] - ETA: 0s - loss: 0.6928 - accuracy: 0.5625
14/67 [=====>........................] - ETA: 0s - loss: 0.6931 - accuracy: 0.5290
34/67 [==============>...............] - ETA: 0s - loss: 0.6930 - accuracy: 0.5202
53/67 [======================>.......] - ETA: 0s - loss: 0.6932 - accuracy: 0.5071
67/67 [==============================] - 0s 3ms/step - loss: 0.6933 - accuracy: 0.5002
Epoch 3/25

 1/67 [..............................] - ETA: 0s - loss: 0.6931 - accuracy: 0.5312
19/67 [=======>......................] - ETA: 0s - loss: 0.6932 - accuracy: 0.5000
37/67 [===============>..............] - ETA: 0s - loss: 0.6932 - accuracy: 0.5017
57/67 [========================>.....] - ETA: 0s - loss: 0.6931 - accuracy: 0.4901
67/67 [==============================] - 0s 3ms/step - loss: 0.6931 - accuracy: 0.4918
Epoch 4/25

 1/67 [..............................] - ETA: 0s - loss: 0.6930 - accuracy: 0.5938
22/67 [========>.....................] - ETA: 0s - loss: 0.6931 - accuracy: 0.5227
43/67 [==================>...........] - ETA: 0s - loss: 0.6932 - accuracy: 0.5073
63/67 [===========================>..] - ETA: 0s - loss: 0.6929 - accuracy: 0.5025
67/67 [==============================] - 0s 3ms/step - loss: 0.6930 - accuracy: 0.5035
Epoch 5/25

 1/67 [..............................] - ETA: 0s - loss: 0.6930 - accuracy: 0.5625
22/67 [========>.....................] - ETA: 0s - loss: 0.6931 - accuracy: 0.5000
44/67 [==================>...........] - ETA: 0s - loss: 0.6930 - accuracy: 0.5028
65/67 [============================>.] - ETA: 0s - loss: 0.6929 - accuracy: 0.4938
67/67 [==============================] - 0s 2ms/step - loss: 0.6929 - accuracy: 0.4942
Epoch 6/25

 1/67 [..............................] - ETA: 0s - loss: 0.6934 - accuracy: 0.4375
22/67 [========>.....................] - ETA: 0s - loss: 0.6932 - accuracy: 0.4858
43/67 [==================>...........] - ETA: 0s - loss: 0.6929 - accuracy: 0.4942
66/67 [============================>.] - ETA: 0s - loss: 0.6927 - accuracy: 0.5012
67/67 [==============================] - 0s 2ms/step - loss: 0.6927 - accuracy: 0.5021
Epoch 7/25

 1/67 [..............................] - ETA: 0s - loss: 0.6944 - accuracy: 0.4062
24/67 [=========>....................] - ETA: 0s - loss: 0.6927 - accuracy: 0.4857
45/67 [===================>..........] - ETA: 0s - loss: 0.6924 - accuracy: 0.4840
65/67 [============================>.] - ETA: 0s - loss: 0.6928 - accuracy: 0.4856
67/67 [==============================] - 0s 2ms/step - loss: 0.6928 - accuracy: 0.4876
Epoch 8/25

 1/67 [..............................] - ETA: 0s - loss: 0.6926 - accuracy: 0.4688
20/67 [=======>......................] - ETA: 0s - loss: 0.6933 - accuracy: 0.5094
40/67 [================>.............] - ETA: 0s - loss: 0.6922 - accuracy: 0.5055
59/67 [=========================>....] - ETA: 0s - loss: 0.6926 - accuracy: 0.5016
67/67 [==============================] - 0s 3ms/step - loss: 0.6927 - accuracy: 0.5002
Epoch 9/25

 1/67 [..............................] - ETA: 0s - loss: 0.6930 - accuracy: 0.5312
21/67 [========>.....................] - ETA: 0s - loss: 0.6933 - accuracy: 0.4985
42/67 [=================>............] - ETA: 0s - loss: 0.6932 - accuracy: 0.4903
64/67 [===========================>..] - ETA: 0s - loss: 0.6926 - accuracy: 0.4902
67/67 [==============================] - 0s 2ms/step - loss: 0.6926 - accuracy: 0.4923
Epoch 10/25

 1/67 [..............................] - ETA: 0s - loss: 0.6926 - accuracy: 0.6250
22/67 [========>.....................] - ETA: 0s - loss: 0.6932 - accuracy: 0.5142
43/67 [==================>...........] - ETA: 0s - loss: 0.6928 - accuracy: 0.4971
64/67 [===========================>..] - ETA: 0s - loss: 0.6926 - accuracy: 0.4976
67/67 [==============================] - 0s 2ms/step - loss: 0.6926 - accuracy: 0.4951
Epoch 11/25

 1/67 [..............................] - ETA: 0s - loss: 0.6929 - accuracy: 0.6250
21/67 [========>.....................] - ETA: 0s - loss: 0.6921 - accuracy: 0.4777
42/67 [=================>............] - ETA: 0s - loss: 0.6927 - accuracy: 0.4725
64/67 [===========================>..] - ETA: 0s - loss: 0.6926 - accuracy: 0.4780
67/67 [==============================] - 0s 2ms/step - loss: 0.6926 - accuracy: 0.4746
Epoch 12/25

 1/67 [..............................] - ETA: 0s - loss: 0.6931 - accuracy: 0.5938
23/67 [=========>....................] - ETA: 0s - loss: 0.6932 - accuracy: 0.4701
46/67 [===================>..........] - ETA: 0s - loss: 0.6928 - accuracy: 0.4783
67/67 [==============================] - 0s 2ms/step - loss: 0.6926 - accuracy: 0.4722
Epoch 13/25

 1/67 [..............................] - ETA: 0s - loss: 0.6932 - accuracy: 0.4062
23/67 [=========>....................] - ETA: 0s - loss: 0.6913 - accuracy: 0.5095
45/67 [===================>..........] - ETA: 0s - loss: 0.6922 - accuracy: 0.5049
67/67 [==============================] - 0s 2ms/step - loss: 0.6926 - accuracy: 0.4979
Epoch 14/25

 1/67 [..............................] - ETA: 0s - loss: 0.6933 - accuracy: 0.4375
24/67 [=========>....................] - ETA: 0s - loss: 0.6924 - accuracy: 0.4987
46/67 [===================>..........] - ETA: 0s - loss: 0.6928 - accuracy: 0.5034
67/67 [==============================] - ETA: 0s - loss: 0.6926 - accuracy: 0.4988
67/67 [==============================] - 0s 2ms/step - loss: 0.6926 - accuracy: 0.4988
Epoch 15/25

 1/67 [..............................] - ETA: 0s - loss: 0.6932 - accuracy: 0.4688
22/67 [========>.....................] - ETA: 0s - loss: 0.6912 - accuracy: 0.4901
43/67 [==================>...........] - ETA: 0s - loss: 0.6922 - accuracy: 0.4935
63/67 [===========================>..] - ETA: 0s - loss: 0.6926 - accuracy: 0.4871
67/67 [==============================] - 0s 3ms/step - loss: 0.6926 - accuracy: 0.4886
Epoch 16/25

 1/67 [..............................] - ETA: 0s - loss: 0.6931 - accuracy: 0.5312
19/67 [=======>......................] - ETA: 0s - loss: 0.6920 - accuracy: 0.5049
38/67 [================>.............] - ETA: 0s - loss: 0.6921 - accuracy: 0.4975
57/67 [========================>.....] - ETA: 0s - loss: 0.6924 - accuracy: 0.4995
67/67 [==============================] - 0s 3ms/step - loss: 0.6926 - accuracy: 0.5007
Epoch 17/25

 1/67 [..............................] - ETA: 0s - loss: 0.6931 - accuracy: 0.5000
20/67 [=======>......................] - ETA: 0s - loss: 0.6931 - accuracy: 0.5063
40/67 [================>.............] - ETA: 0s - loss: 0.6932 - accuracy: 0.5047
60/67 [=========================>....] - ETA: 0s - loss: 0.6925 - accuracy: 0.5005
67/67 [==============================] - 0s 3ms/step - loss: 0.6926 - accuracy: 0.4988
Epoch 18/25

 1/67 [..............................] - ETA: 0s - loss: 0.6941 - accuracy: 0.2500
12/67 [====>.........................] - ETA: 0s - loss: 0.6932 - accuracy: 0.4792
28/67 [===========>..................] - ETA: 0s - loss: 0.6932 - accuracy: 0.4900
49/67 [====================>.........] - ETA: 0s - loss: 0.6928 - accuracy: 0.5006
67/67 [==============================] - 0s 3ms/step - loss: 0.6926 - accuracy: 0.4923
Epoch 19/25

 1/67 [..............................] - ETA: 0s - loss: 0.6931 - accuracy: 0.6250
24/67 [=========>....................] - ETA: 0s - loss: 0.6923 - accuracy: 0.5104
48/67 [====================>.........] - ETA: 0s - loss: 0.6927 - accuracy: 0.5091
67/67 [==============================] - 0s 2ms/step - loss: 0.6926 - accuracy: 0.5007
Epoch 20/25

 1/67 [..............................] - ETA: 0s - loss: 0.6931 - accuracy: 0.5000
22/67 [========>.....................] - ETA: 0s - loss: 0.6912 - accuracy: 0.4901
43/67 [==================>...........] - ETA: 0s - loss: 0.6922 - accuracy: 0.4884
64/67 [===========================>..] - ETA: 0s - loss: 0.6925 - accuracy: 0.4897
67/67 [==============================] - 0s 2ms/step - loss: 0.6926 - accuracy: 0.4886
Epoch 21/25

 1/67 [..............................] - ETA: 0s - loss: 0.6932 - accuracy: 0.4688
21/67 [========>.....................] - ETA: 0s - loss: 0.6931 - accuracy: 0.4970
41/67 [=================>............] - ETA: 0s - loss: 0.6927 - accuracy: 0.4962
60/67 [=========================>....] - ETA: 0s - loss: 0.6928 - accuracy: 0.4948
67/67 [==============================] - 0s 3ms/step - loss: 0.6926 - accuracy: 0.4937
Epoch 22/25

 1/67 [..............................] - ETA: 0s - loss: 0.6930 - accuracy: 0.5312
21/67 [========>.....................] - ETA: 0s - loss: 0.6932 - accuracy: 0.4747
42/67 [=================>............] - ETA: 0s - loss: 0.6922 - accuracy: 0.4881
63/67 [===========================>..] - ETA: 0s - loss: 0.6926 - accuracy: 0.4876
67/67 [==============================] - 0s 3ms/step - loss: 0.6926 - accuracy: 0.4858
Epoch 23/25

 1/67 [..............................] - ETA: 0s - loss: 0.6934 - accuracy: 0.4062
22/67 [========>.....................] - ETA: 0s - loss: 0.6922 - accuracy: 0.4886
42/67 [=================>............] - ETA: 0s - loss: 0.6921 - accuracy: 0.5022
63/67 [===========================>..] - ETA: 0s - loss: 0.6926 - accuracy: 0.4866
67/67 [==============================] - 0s 3ms/step - loss: 0.6926 - accuracy: 0.4900
Epoch 24/25

 1/67 [..............................] - ETA: 0s - loss: 0.6932 - accuracy: 0.4062
22/67 [========>.....................] - ETA: 0s - loss: 0.6932 - accuracy: 0.4830
43/67 [==================>...........] - ETA: 0s - loss: 0.6932 - accuracy: 0.4920
65/67 [============================>.] - ETA: 0s - loss: 0.6925 - accuracy: 0.4990
67/67 [==============================] - 0s 2ms/step - loss: 0.6925 - accuracy: 0.4993
Epoch 25/25

 1/67 [..............................] - ETA: 0s - loss: 0.6934 - accuracy: 0.4375
23/67 [=========>....................] - ETA: 0s - loss: 0.6913 - accuracy: 0.5082
46/67 [===================>..........] - ETA: 0s - loss: 0.6922 - accuracy: 0.5014
67/67 [==============================] - 0s 2ms/step - loss: 0.6925 - accuracy: 0.4998
# node2vec
Epoch 1/25

 1/67 [..............................] - ETA: 30s - loss: 0.6931 - accuracy: 0.4688
37/67 [===============>..............] - ETA: 0s - loss: 0.6940 - accuracy: 0.5059 
67/67 [==============================] - 1s 1ms/step - loss: 0.6939 - accuracy: 0.4965
Epoch 2/25

 1/67 [..............................] - ETA: 0s - loss: 0.6929 - accuracy: 0.5312
35/67 [==============>...............] - ETA: 0s - loss: 0.6933 - accuracy: 0.4857
67/67 [==============================] - 0s 1ms/step - loss: 0.6933 - accuracy: 0.4802
Epoch 3/25

 1/67 [..............................] - ETA: 0s - loss: 0.6936 - accuracy: 0.4375
34/67 [==============>...............] - ETA: 0s - loss: 0.6931 - accuracy: 0.4807
67/67 [==============================] - 0s 2ms/step - loss: 0.6930 - accuracy: 0.4886
Epoch 4/25

 1/67 [..............................] - ETA: 0s - loss: 0.6952 - accuracy: 0.4062
39/67 [================>.............] - ETA: 0s - loss: 0.6929 - accuracy: 0.4631
67/67 [==============================] - 0s 1ms/step - loss: 0.6930 - accuracy: 0.4713
Epoch 5/25

 1/67 [..............................] - ETA: 0s - loss: 0.6932 - accuracy: 0.4062
30/67 [============>.................] - ETA: 0s - loss: 0.6933 - accuracy: 0.4948
58/67 [========================>.....] - ETA: 0s - loss: 0.6927 - accuracy: 0.4887
67/67 [==============================] - 0s 2ms/step - loss: 0.6929 - accuracy: 0.4890
Epoch 6/25

 1/67 [..............................] - ETA: 0s - loss: 0.6933 - accuracy: 0.4375
27/67 [===========>..................] - ETA: 0s - loss: 0.6934 - accuracy: 0.5023
56/67 [========================>.....] - ETA: 0s - loss: 0.6927 - accuracy: 0.4950
67/67 [==============================] - 0s 2ms/step - loss: 0.6928 - accuracy: 0.4942
Epoch 7/25

 1/67 [..............................] - ETA: 0s - loss: 0.6929 - accuracy: 0.4688
24/67 [=========>....................] - ETA: 0s - loss: 0.6929 - accuracy: 0.5195
48/67 [====================>.........] - ETA: 0s - loss: 0.6930 - accuracy: 0.4967
67/67 [==============================] - 0s 2ms/step - loss: 0.6929 - accuracy: 0.4965
Epoch 8/25

 1/67 [..............................] - ETA: 0s - loss: 0.6932 - accuracy: 0.4062
26/67 [==========>...................] - ETA: 0s - loss: 0.6926 - accuracy: 0.4820
50/67 [=====================>........] - ETA: 0s - loss: 0.6929 - accuracy: 0.4756
67/67 [==============================] - 0s 2ms/step - loss: 0.6925 - accuracy: 0.4788
Epoch 9/25

 1/67 [..............................] - ETA: 0s - loss: 0.6933 - accuracy: 0.4688
26/67 [==========>...................] - ETA: 0s - loss: 0.6924 - accuracy: 0.4796
54/67 [=======================>......] - ETA: 0s - loss: 0.6928 - accuracy: 0.4902
67/67 [==============================] - 0s 2ms/step - loss: 0.6931 - accuracy: 0.4890
Epoch 10/25

 1/67 [..............................] - ETA: 0s - loss: 0.6931 - accuracy: 0.5312
29/67 [===========>..................] - ETA: 0s - loss: 0.6926 - accuracy: 0.4860
52/67 [======================>.......] - ETA: 0s - loss: 0.6926 - accuracy: 0.4778
67/67 [==============================] - 0s 2ms/step - loss: 0.6928 - accuracy: 0.4806
Epoch 11/25

 1/67 [..............................] - ETA: 0s - loss: 0.6927 - accuracy: 0.5625
29/67 [===========>..................] - ETA: 0s - loss: 0.6925 - accuracy: 0.5172
56/67 [========================>.....] - ETA: 0s - loss: 0.6927 - accuracy: 0.5011
67/67 [==============================] - 0s 2ms/step - loss: 0.6927 - accuracy: 0.5002
Epoch 12/25

 1/67 [..............................] - ETA: 0s - loss: 0.6950 - accuracy: 0.5938
30/67 [============>.................] - ETA: 0s - loss: 0.6932 - accuracy: 0.5010
59/67 [=========================>....] - ETA: 0s - loss: 0.6926 - accuracy: 0.5026
67/67 [==============================] - 0s 2ms/step - loss: 0.6927 - accuracy: 0.5016
Epoch 13/25

 1/67 [..............................] - ETA: 0s - loss: 0.6932 - accuracy: 0.5000
30/67 [============>.................] - ETA: 0s - loss: 0.6932 - accuracy: 0.4802
59/67 [=========================>....] - ETA: 0s - loss: 0.6926 - accuracy: 0.4894
67/67 [==============================] - 0s 2ms/step - loss: 0.6927 - accuracy: 0.4848
Epoch 14/25

 1/67 [..............................] - ETA: 0s - loss: 0.6931 - accuracy: 0.5000
28/67 [===========>..................] - ETA: 0s - loss: 0.6925 - accuracy: 0.5123
56/67 [========================>.....] - ETA: 0s - loss: 0.6925 - accuracy: 0.5089
67/67 [==============================] - 0s 2ms/step - loss: 0.6927 - accuracy: 0.5030
Epoch 15/25

 1/67 [..............................] - ETA: 0s - loss: 0.6936 - accuracy: 0.4375
26/67 [==========>...................] - ETA: 0s - loss: 0.6933 - accuracy: 0.4868
51/67 [=====================>........] - ETA: 0s - loss: 0.6924 - accuracy: 0.4975
67/67 [==============================] - 0s 2ms/step - loss: 0.6928 - accuracy: 0.4928
Epoch 16/25

 1/67 [..............................] - ETA: 0s - loss: 0.6933 - accuracy: 0.4688
26/67 [==========>...................] - ETA: 0s - loss: 0.6932 - accuracy: 0.4796
53/67 [======================>.......] - ETA: 0s - loss: 0.6930 - accuracy: 0.4770
67/67 [==============================] - 0s 2ms/step - loss: 0.6927 - accuracy: 0.4783
Epoch 17/25

 1/67 [..............................] - ETA: 0s - loss: 0.6931 - accuracy: 0.5000
27/67 [===========>..................] - ETA: 0s - loss: 0.6925 - accuracy: 0.4931
54/67 [=======================>......] - ETA: 0s - loss: 0.6928 - accuracy: 0.5139
67/67 [==============================] - 0s 2ms/step - loss: 0.6927 - accuracy: 0.5012
Epoch 18/25

 1/67 [..............................] - ETA: 0s - loss: 0.6927 - accuracy: 0.5625
28/67 [===========>..................] - ETA: 0s - loss: 0.6932 - accuracy: 0.4955
62/67 [==========================>...] - ETA: 0s - loss: 0.6930 - accuracy: 0.4975
67/67 [==============================] - 0s 2ms/step - loss: 0.6927 - accuracy: 0.5007
Epoch 19/25

 1/67 [..............................] - ETA: 0s - loss: 0.6931 - accuracy: 0.5000
34/67 [==============>...............] - ETA: 0s - loss: 0.6920 - accuracy: 0.4871
67/67 [==============================] - 0s 1ms/step - loss: 0.6926 - accuracy: 0.4876
Epoch 20/25

 1/67 [..............................] - ETA: 0s - loss: 0.6932 - accuracy: 0.4375
36/67 [===============>..............] - ETA: 0s - loss: 0.6925 - accuracy: 0.4983
67/67 [==============================] - 0s 1ms/step - loss: 0.6927 - accuracy: 0.4974
Epoch 21/25

 1/67 [..............................] - ETA: 0s - loss: 0.6931 - accuracy: 0.5000
35/67 [==============>...............] - ETA: 0s - loss: 0.6919 - accuracy: 0.5080
67/67 [==============================] - 0s 2ms/step - loss: 0.6926 - accuracy: 0.5007
Epoch 22/25

 1/67 [..............................] - ETA: 0s - loss: 0.6928 - accuracy: 0.5938
32/67 [=============>................] - ETA: 0s - loss: 0.6927 - accuracy: 0.5020
65/67 [============================>.] - ETA: 0s - loss: 0.6926 - accuracy: 0.4962
67/67 [==============================] - 0s 2ms/step - loss: 0.6927 - accuracy: 0.4965
Epoch 23/25

 1/67 [..............................] - ETA: 0s - loss: 0.6931 - accuracy: 0.6250
30/67 [============>.................] - ETA: 0s - loss: 0.6932 - accuracy: 0.4833
61/67 [==========================>...] - ETA: 0s - loss: 0.6925 - accuracy: 0.4933
67/67 [==============================] - 0s 2ms/step - loss: 0.6927 - accuracy: 0.4918
Epoch 24/25

 1/67 [..............................] - ETA: 0s - loss: 0.6930 - accuracy: 0.5625
30/67 [============>.................] - ETA: 0s - loss: 0.6918 - accuracy: 0.5104
58/67 [========================>.....] - ETA: 0s - loss: 0.6926 - accuracy: 0.4984
67/67 [==============================] - 0s 2ms/step - loss: 0.6927 - accuracy: 0.4918
Epoch 25/25

 1/67 [..............................] - ETA: 0s - loss: 0.6925 - accuracy: 0.4688
32/67 [=============>................] - ETA: 0s - loss: 0.6932 - accuracy: 0.4971
63/67 [===========================>..] - ETA: 0s - loss: 0.6926 - accuracy: 0.4881
67/67 [==============================] - 0s 2ms/step - loss: 0.6926 - accuracy: 0.4890
# predict: steps=1872
# predict: tnodeembed_metrics
# predict: node2vec_metrics
tnodeembed: {'auc': 0.49948257065166685, 'f1_micro': 0.4998497094382473, 'f1_macro': 0.33356305105871453} tNodeEmbed_final_loss=0.692538321018219 tNodeEmbed_final_accuracy=0.49976667761802673 
node2vec: {'auc': 0.4994825884983852, 'f1_micro': 0.4998497094382473, 'f1_macro': 0.33356305105871453} node2vec_final_loss=0.69261634349823 node2vec_final_accuracy=0.4890340566635132 
