# load graph
# initialize tNodeEmbed for dataset=PPI, test_size=0.2
# load dataset
# fit
# tNodeEmbed
Epoch 1/25

 1/67 [..............................] - ETA: 1:20 - loss: 0.6921 - accuracy: 0.7188
20/67 [=======>......................] - ETA: 0s - loss: 0.6566 - accuracy: 0.6281  
38/67 [================>.............] - ETA: 0s - loss: 0.6397 - accuracy: 0.6604
58/67 [========================>.....] - ETA: 0s - loss: 0.6283 - accuracy: 0.6730
67/67 [==============================] - 1s 3ms/step - loss: 0.6232 - accuracy: 0.6748
Epoch 2/25

 1/67 [..............................] - ETA: 0s - loss: 0.5935 - accuracy: 0.6250
19/67 [=======>......................] - ETA: 0s - loss: 0.5629 - accuracy: 0.7253
38/67 [================>.............] - ETA: 0s - loss: 0.5457 - accuracy: 0.7352
57/67 [========================>.....] - ETA: 0s - loss: 0.5466 - accuracy: 0.7314
67/67 [==============================] - 0s 3ms/step - loss: 0.5375 - accuracy: 0.7420
Epoch 3/25

 1/67 [..............................] - ETA: 0s - loss: 0.4958 - accuracy: 0.7188
15/67 [=====>........................] - ETA: 0s - loss: 0.4664 - accuracy: 0.7833
27/67 [===========>..................] - ETA: 0s - loss: 0.4850 - accuracy: 0.7720
38/67 [================>.............] - ETA: 0s - loss: 0.4895 - accuracy: 0.7697
49/67 [====================>.........] - ETA: 0s - loss: 0.4953 - accuracy: 0.7659
61/67 [==========================>...] - ETA: 0s - loss: 0.5003 - accuracy: 0.7613
67/67 [==============================] - 0s 4ms/step - loss: 0.5001 - accuracy: 0.7634
Epoch 4/25

 1/67 [..............................] - ETA: 0s - loss: 0.4736 - accuracy: 0.8438
11/67 [===>..........................] - ETA: 0s - loss: 0.4570 - accuracy: 0.8097
22/67 [========>.....................] - ETA: 0s - loss: 0.4573 - accuracy: 0.8026
38/67 [================>.............] - ETA: 0s - loss: 0.4680 - accuracy: 0.7928
55/67 [=======================>......] - ETA: 0s - loss: 0.4783 - accuracy: 0.7807
67/67 [==============================] - 0s 4ms/step - loss: 0.4692 - accuracy: 0.7886
Epoch 5/25

 1/67 [..............................] - ETA: 0s - loss: 0.4843 - accuracy: 0.7500
16/67 [======>.......................] - ETA: 0s - loss: 0.4322 - accuracy: 0.8047
30/67 [============>.................] - ETA: 0s - loss: 0.4291 - accuracy: 0.8115
45/67 [===================>..........] - ETA: 0s - loss: 0.4372 - accuracy: 0.8042
60/67 [=========================>....] - ETA: 0s - loss: 0.4364 - accuracy: 0.8062
67/67 [==============================] - 0s 3ms/step - loss: 0.4409 - accuracy: 0.8031
Epoch 6/25

 1/67 [..............................] - ETA: 0s - loss: 0.4888 - accuracy: 0.7188
15/67 [=====>........................] - ETA: 0s - loss: 0.4061 - accuracy: 0.8229
31/67 [============>.................] - ETA: 0s - loss: 0.4036 - accuracy: 0.8276
47/67 [====================>.........] - ETA: 0s - loss: 0.4081 - accuracy: 0.8245
64/67 [===========================>..] - ETA: 0s - loss: 0.4141 - accuracy: 0.8213
67/67 [==============================] - 0s 3ms/step - loss: 0.4142 - accuracy: 0.8227
Epoch 7/25

 1/67 [..............................] - ETA: 0s - loss: 0.3730 - accuracy: 0.8438
15/67 [=====>........................] - ETA: 0s - loss: 0.4008 - accuracy: 0.8313
32/67 [=============>................] - ETA: 0s - loss: 0.3812 - accuracy: 0.8486
49/67 [====================>.........] - ETA: 0s - loss: 0.3742 - accuracy: 0.8482
67/67 [==============================] - ETA: 0s - loss: 0.3859 - accuracy: 0.8371
67/67 [==============================] - 0s 3ms/step - loss: 0.3859 - accuracy: 0.8371
Epoch 8/25

 1/67 [..............................] - ETA: 0s - loss: 0.2868 - accuracy: 0.8750
18/67 [=======>......................] - ETA: 0s - loss: 0.3682 - accuracy: 0.8420
35/67 [==============>...............] - ETA: 0s - loss: 0.3690 - accuracy: 0.8429
51/67 [=====================>........] - ETA: 0s - loss: 0.3778 - accuracy: 0.8376
65/67 [============================>.] - ETA: 0s - loss: 0.3680 - accuracy: 0.8447
67/67 [==============================] - 0s 3ms/step - loss: 0.3693 - accuracy: 0.8437
Epoch 9/25

 1/67 [..............................] - ETA: 0s - loss: 0.4112 - accuracy: 0.8750
16/67 [======>.......................] - ETA: 0s - loss: 0.3460 - accuracy: 0.8574
32/67 [=============>................] - ETA: 0s - loss: 0.3437 - accuracy: 0.8564
48/67 [====================>.........] - ETA: 0s - loss: 0.3430 - accuracy: 0.8548
64/67 [===========================>..] - ETA: 0s - loss: 0.3456 - accuracy: 0.8521
67/67 [==============================] - 0s 3ms/step - loss: 0.3426 - accuracy: 0.8539
Epoch 10/25

 1/67 [..............................] - ETA: 0s - loss: 0.3387 - accuracy: 0.8438
17/67 [======>.......................] - ETA: 0s - loss: 0.3201 - accuracy: 0.8732
32/67 [=============>................] - ETA: 0s - loss: 0.3232 - accuracy: 0.8701
47/67 [====================>.........] - ETA: 0s - loss: 0.3323 - accuracy: 0.8597
62/67 [==========================>...] - ETA: 0s - loss: 0.3372 - accuracy: 0.8533
67/67 [==============================] - 0s 3ms/step - loss: 0.3326 - accuracy: 0.8567
Epoch 11/25

 1/67 [..............................] - ETA: 0s - loss: 0.1777 - accuracy: 0.9688
16/67 [======>.......................] - ETA: 0s - loss: 0.3201 - accuracy: 0.8613
31/67 [============>.................] - ETA: 0s - loss: 0.2997 - accuracy: 0.8841
48/67 [====================>.........] - ETA: 0s - loss: 0.3095 - accuracy: 0.8743
65/67 [============================>.] - ETA: 0s - loss: 0.3169 - accuracy: 0.8692
67/67 [==============================] - 0s 3ms/step - loss: 0.3174 - accuracy: 0.8684
Epoch 12/25

 1/67 [..............................] - ETA: 0s - loss: 0.3343 - accuracy: 0.8438
17/67 [======>.......................] - ETA: 0s - loss: 0.3241 - accuracy: 0.8621
33/67 [=============>................] - ETA: 0s - loss: 0.3063 - accuracy: 0.8741
49/67 [====================>.........] - ETA: 0s - loss: 0.3075 - accuracy: 0.8699
64/67 [===========================>..] - ETA: 0s - loss: 0.3083 - accuracy: 0.8711
67/67 [==============================] - 0s 3ms/step - loss: 0.3089 - accuracy: 0.8707
Epoch 13/25

 1/67 [..............................] - ETA: 0s - loss: 0.3698 - accuracy: 0.8438
16/67 [======>.......................] - ETA: 0s - loss: 0.2979 - accuracy: 0.8672
32/67 [=============>................] - ETA: 0s - loss: 0.2996 - accuracy: 0.8672
48/67 [====================>.........] - ETA: 0s - loss: 0.3002 - accuracy: 0.8665
65/67 [============================>.] - ETA: 0s - loss: 0.2984 - accuracy: 0.8707
67/67 [==============================] - 0s 3ms/step - loss: 0.2972 - accuracy: 0.8712
Epoch 14/25

 1/67 [..............................] - ETA: 0s - loss: 0.3007 - accuracy: 0.8438
17/67 [======>.......................] - ETA: 0s - loss: 0.2641 - accuracy: 0.8934
34/67 [==============>...............] - ETA: 0s - loss: 0.2711 - accuracy: 0.8879
50/67 [=====================>........] - ETA: 0s - loss: 0.2808 - accuracy: 0.8806
66/67 [============================>.] - ETA: 0s - loss: 0.2942 - accuracy: 0.8759
67/67 [==============================] - 0s 3ms/step - loss: 0.2938 - accuracy: 0.8759
Epoch 15/25

 1/67 [..............................] - ETA: 0s - loss: 0.2237 - accuracy: 0.9375
17/67 [======>.......................] - ETA: 0s - loss: 0.2985 - accuracy: 0.8658
33/67 [=============>................] - ETA: 0s - loss: 0.2954 - accuracy: 0.8703
49/67 [====================>.........] - ETA: 0s - loss: 0.2844 - accuracy: 0.8776
65/67 [============================>.] - ETA: 0s - loss: 0.2898 - accuracy: 0.8774
67/67 [==============================] - 0s 3ms/step - loss: 0.2900 - accuracy: 0.8768
Epoch 16/25

 1/67 [..............................] - ETA: 0s - loss: 0.3447 - accuracy: 0.8125
16/67 [======>.......................] - ETA: 0s - loss: 0.3177 - accuracy: 0.8457
34/67 [==============>...............] - ETA: 0s - loss: 0.2828 - accuracy: 0.8787
51/67 [=====================>........] - ETA: 0s - loss: 0.2757 - accuracy: 0.8836
67/67 [==============================] - 0s 3ms/step - loss: 0.2851 - accuracy: 0.8749
Epoch 17/25

 1/67 [..............................] - ETA: 0s - loss: 0.2152 - accuracy: 0.9062
17/67 [======>.......................] - ETA: 0s - loss: 0.2545 - accuracy: 0.9007
34/67 [==============>...............] - ETA: 0s - loss: 0.2612 - accuracy: 0.8934
53/67 [======================>.......] - ETA: 0s - loss: 0.2789 - accuracy: 0.8791
67/67 [==============================] - 0s 3ms/step - loss: 0.2765 - accuracy: 0.8810
Epoch 18/25

 1/67 [..............................] - ETA: 0s - loss: 0.1921 - accuracy: 0.9062
18/67 [=======>......................] - ETA: 0s - loss: 0.2574 - accuracy: 0.8872
34/67 [==============>...............] - ETA: 0s - loss: 0.2488 - accuracy: 0.8961
50/67 [=====================>........] - ETA: 0s - loss: 0.2629 - accuracy: 0.8875
65/67 [============================>.] - ETA: 0s - loss: 0.2702 - accuracy: 0.8817
67/67 [==============================] - 0s 3ms/step - loss: 0.2734 - accuracy: 0.8791
Epoch 19/25

 1/67 [..............................] - ETA: 0s - loss: 0.1870 - accuracy: 0.9375
14/67 [=====>........................] - ETA: 0s - loss: 0.2583 - accuracy: 0.8973
23/67 [=========>....................] - ETA: 0s - loss: 0.2610 - accuracy: 0.8899
33/67 [=============>................] - ETA: 0s - loss: 0.2614 - accuracy: 0.8873
45/67 [===================>..........] - ETA: 0s - loss: 0.2670 - accuracy: 0.8819
59/67 [=========================>....] - ETA: 0s - loss: 0.2714 - accuracy: 0.8819
67/67 [==============================] - 0s 4ms/step - loss: 0.2741 - accuracy: 0.8782
Epoch 20/25

 1/67 [..............................] - ETA: 0s - loss: 0.3307 - accuracy: 0.8438
17/67 [======>.......................] - ETA: 0s - loss: 0.2586 - accuracy: 0.8989
34/67 [==============>...............] - ETA: 0s - loss: 0.2679 - accuracy: 0.8897
52/67 [======================>.......] - ETA: 0s - loss: 0.2750 - accuracy: 0.8828
67/67 [==============================] - 0s 3ms/step - loss: 0.2766 - accuracy: 0.8801
Epoch 21/25

 1/67 [..............................] - ETA: 0s - loss: 0.1937 - accuracy: 0.9688
19/67 [=======>......................] - ETA: 0s - loss: 0.2506 - accuracy: 0.9013
37/67 [===============>..............] - ETA: 0s - loss: 0.2632 - accuracy: 0.8877
55/67 [=======================>......] - ETA: 0s - loss: 0.2694 - accuracy: 0.8841
67/67 [==============================] - 0s 3ms/step - loss: 0.2697 - accuracy: 0.8815
Epoch 22/25

 1/67 [..............................] - ETA: 0s - loss: 0.1843 - accuracy: 0.9375
17/67 [======>.......................] - ETA: 0s - loss: 0.2444 - accuracy: 0.8971
33/67 [=============>................] - ETA: 0s - loss: 0.2624 - accuracy: 0.8826
49/67 [====================>.........] - ETA: 0s - loss: 0.2643 - accuracy: 0.8801
65/67 [============================>.] - ETA: 0s - loss: 0.2654 - accuracy: 0.8798
67/67 [==============================] - 0s 3ms/step - loss: 0.2629 - accuracy: 0.8805
Epoch 23/25

 1/67 [..............................] - ETA: 0s - loss: 0.1790 - accuracy: 0.9375
16/67 [======>.......................] - ETA: 0s - loss: 0.2558 - accuracy: 0.8848
32/67 [=============>................] - ETA: 0s - loss: 0.2543 - accuracy: 0.8887
49/67 [====================>.........] - ETA: 0s - loss: 0.2727 - accuracy: 0.8782
65/67 [============================>.] - ETA: 0s - loss: 0.2698 - accuracy: 0.8803
67/67 [==============================] - 0s 3ms/step - loss: 0.2690 - accuracy: 0.8810
Epoch 24/25

 1/67 [..............................] - ETA: 0s - loss: 0.1931 - accuracy: 0.9375
17/67 [======>.......................] - ETA: 0s - loss: 0.2461 - accuracy: 0.8934
33/67 [=============>................] - ETA: 0s - loss: 0.2546 - accuracy: 0.8911
50/67 [=====================>........] - ETA: 0s - loss: 0.2656 - accuracy: 0.8813
67/67 [==============================] - 0s 3ms/step - loss: 0.2668 - accuracy: 0.8805
Epoch 25/25

 1/67 [..............................] - ETA: 0s - loss: 0.3813 - accuracy: 0.7812
20/67 [=======>......................] - ETA: 0s - loss: 0.2514 - accuracy: 0.8875
38/67 [================>.............] - ETA: 0s - loss: 0.2690 - accuracy: 0.8783
56/67 [========================>.....] - ETA: 0s - loss: 0.2725 - accuracy: 0.8789
67/67 [==============================] - 0s 3ms/step - loss: 0.2684 - accuracy: 0.8815
# node2vec
Epoch 1/25

 1/67 [..............................] - ETA: 22s - loss: 0.7113 - accuracy: 0.5312
32/67 [=============>................] - ETA: 0s - loss: 0.6587 - accuracy: 0.6416 
59/67 [=========================>....] - ETA: 0s - loss: 0.6343 - accuracy: 0.6822
67/67 [==============================] - 0s 2ms/step - loss: 0.6274 - accuracy: 0.6920
Epoch 2/25

 1/67 [..............................] - ETA: 0s - loss: 0.5709 - accuracy: 0.6875
27/67 [===========>..................] - ETA: 0s - loss: 0.5623 - accuracy: 0.7361
59/67 [=========================>....] - ETA: 0s - loss: 0.5505 - accuracy: 0.7389
67/67 [==============================] - 0s 2ms/step - loss: 0.5493 - accuracy: 0.7415
Epoch 3/25

 1/67 [..............................] - ETA: 0s - loss: 0.6216 - accuracy: 0.6562
28/67 [===========>..................] - ETA: 0s - loss: 0.5123 - accuracy: 0.7612
54/67 [=======================>......] - ETA: 0s - loss: 0.5089 - accuracy: 0.7656
67/67 [==============================] - 0s 2ms/step - loss: 0.5082 - accuracy: 0.7611
Epoch 4/25

 1/67 [..............................] - ETA: 0s - loss: 0.5061 - accuracy: 0.7500
25/67 [==========>...................] - ETA: 0s - loss: 0.4816 - accuracy: 0.7850
57/67 [========================>.....] - ETA: 0s - loss: 0.4777 - accuracy: 0.7818
67/67 [==============================] - 0s 2ms/step - loss: 0.4789 - accuracy: 0.7807
Epoch 5/25

 1/67 [..............................] - ETA: 0s - loss: 0.4772 - accuracy: 0.7812
28/67 [===========>..................] - ETA: 0s - loss: 0.4687 - accuracy: 0.7768
49/67 [====================>.........] - ETA: 0s - loss: 0.4593 - accuracy: 0.7934
67/67 [==============================] - 0s 2ms/step - loss: 0.4646 - accuracy: 0.7895
Epoch 6/25

 1/67 [..............................] - ETA: 0s - loss: 0.3953 - accuracy: 0.8125
25/67 [==========>...................] - ETA: 0s - loss: 0.4418 - accuracy: 0.8062
49/67 [====================>.........] - ETA: 0s - loss: 0.4409 - accuracy: 0.8087
67/67 [==============================] - 0s 2ms/step - loss: 0.4444 - accuracy: 0.8040
Epoch 7/25

 1/67 [..............................] - ETA: 0s - loss: 0.3378 - accuracy: 0.9375
23/67 [=========>....................] - ETA: 0s - loss: 0.4213 - accuracy: 0.8288
45/67 [===================>..........] - ETA: 0s - loss: 0.4273 - accuracy: 0.8181
67/67 [==============================] - 0s 2ms/step - loss: 0.4310 - accuracy: 0.8129
Epoch 8/25

 1/67 [..............................] - ETA: 0s - loss: 0.2529 - accuracy: 0.9375
21/67 [========>.....................] - ETA: 0s - loss: 0.4017 - accuracy: 0.8333
44/67 [==================>...........] - ETA: 0s - loss: 0.4027 - accuracy: 0.8359
67/67 [==============================] - 0s 2ms/step - loss: 0.4165 - accuracy: 0.8269
Epoch 9/25

 1/67 [..............................] - ETA: 0s - loss: 0.3828 - accuracy: 0.8438
32/67 [=============>................] - ETA: 0s - loss: 0.3854 - accuracy: 0.8438
53/67 [======================>.......] - ETA: 0s - loss: 0.3961 - accuracy: 0.8396
67/67 [==============================] - 0s 2ms/step - loss: 0.4020 - accuracy: 0.8325
Epoch 10/25

 1/67 [..............................] - ETA: 0s - loss: 0.3158 - accuracy: 0.9062
26/67 [==========>...................] - ETA: 0s - loss: 0.3848 - accuracy: 0.8438
52/67 [======================>.......] - ETA: 0s - loss: 0.3857 - accuracy: 0.8450
67/67 [==============================] - 0s 2ms/step - loss: 0.3876 - accuracy: 0.8432
Epoch 11/25

 1/67 [..............................] - ETA: 0s - loss: 0.3618 - accuracy: 0.8438
31/67 [============>.................] - ETA: 0s - loss: 0.3780 - accuracy: 0.8407
57/67 [========================>.....] - ETA: 0s - loss: 0.3683 - accuracy: 0.8481
67/67 [==============================] - 0s 2ms/step - loss: 0.3713 - accuracy: 0.8465
Epoch 12/25

 1/67 [..............................] - ETA: 0s - loss: 0.2004 - accuracy: 0.9688
32/67 [=============>................] - ETA: 0s - loss: 0.3639 - accuracy: 0.8545
56/67 [========================>.....] - ETA: 0s - loss: 0.3622 - accuracy: 0.8583
67/67 [==============================] - 0s 2ms/step - loss: 0.3649 - accuracy: 0.8553
Epoch 13/25

 1/67 [..............................] - ETA: 0s - loss: 0.4646 - accuracy: 0.7812
23/67 [=========>....................] - ETA: 0s - loss: 0.3326 - accuracy: 0.8750
44/67 [==================>...........] - ETA: 0s - loss: 0.3440 - accuracy: 0.8587
66/67 [============================>.] - ETA: 0s - loss: 0.3527 - accuracy: 0.8555
67/67 [==============================] - 0s 2ms/step - loss: 0.3516 - accuracy: 0.8563
Epoch 14/25

 1/67 [..............................] - ETA: 0s - loss: 0.3141 - accuracy: 0.8750
26/67 [==========>...................] - ETA: 0s - loss: 0.3564 - accuracy: 0.8522
54/67 [=======================>......] - ETA: 0s - loss: 0.3425 - accuracy: 0.8634
67/67 [==============================] - 0s 2ms/step - loss: 0.3413 - accuracy: 0.8651
Epoch 15/25

 1/67 [..............................] - ETA: 0s - loss: 0.3246 - accuracy: 0.8750
28/67 [===========>..................] - ETA: 0s - loss: 0.3191 - accuracy: 0.8750
56/67 [========================>.....] - ETA: 0s - loss: 0.3425 - accuracy: 0.8588
67/67 [==============================] - 0s 2ms/step - loss: 0.3358 - accuracy: 0.8661
Epoch 16/25

 1/67 [..............................] - ETA: 0s - loss: 0.3348 - accuracy: 0.8750
29/67 [===========>..................] - ETA: 0s - loss: 0.3416 - accuracy: 0.8545
57/67 [========================>.....] - ETA: 0s - loss: 0.3255 - accuracy: 0.8695
67/67 [==============================] - 0s 2ms/step - loss: 0.3263 - accuracy: 0.8693
Epoch 17/25

 1/67 [..............................] - ETA: 0s - loss: 0.2671 - accuracy: 0.8750
30/67 [============>.................] - ETA: 0s - loss: 0.3204 - accuracy: 0.8667
61/67 [==========================>...] - ETA: 0s - loss: 0.3174 - accuracy: 0.8724
67/67 [==============================] - 0s 2ms/step - loss: 0.3188 - accuracy: 0.8717
Epoch 18/25

 1/67 [..............................] - ETA: 0s - loss: 0.3691 - accuracy: 0.8125
27/67 [===========>..................] - ETA: 0s - loss: 0.3134 - accuracy: 0.8738
56/67 [========================>.....] - ETA: 0s - loss: 0.3120 - accuracy: 0.8722
67/67 [==============================] - 0s 2ms/step - loss: 0.3174 - accuracy: 0.8698
Epoch 19/25

 1/67 [..............................] - ETA: 0s - loss: 0.3548 - accuracy: 0.8438
33/67 [=============>................] - ETA: 0s - loss: 0.3146 - accuracy: 0.8684
65/67 [============================>.] - ETA: 0s - loss: 0.3085 - accuracy: 0.8750
67/67 [==============================] - 0s 2ms/step - loss: 0.3115 - accuracy: 0.8731
Epoch 20/25

 1/67 [..............................] - ETA: 0s - loss: 0.2641 - accuracy: 0.8750
33/67 [=============>................] - ETA: 0s - loss: 0.2838 - accuracy: 0.8864
64/67 [===========================>..] - ETA: 0s - loss: 0.2978 - accuracy: 0.8779
67/67 [==============================] - 0s 2ms/step - loss: 0.2986 - accuracy: 0.8782
Epoch 21/25

 1/67 [..............................] - ETA: 0s - loss: 0.2337 - accuracy: 0.9375
35/67 [==============>...............] - ETA: 0s - loss: 0.2943 - accuracy: 0.8830
67/67 [==============================] - 0s 2ms/step - loss: 0.3009 - accuracy: 0.8763
Epoch 22/25

 1/67 [..............................] - ETA: 0s - loss: 0.2776 - accuracy: 0.9062
32/67 [=============>................] - ETA: 0s - loss: 0.2827 - accuracy: 0.8848
60/67 [=========================>....] - ETA: 0s - loss: 0.2868 - accuracy: 0.8833
67/67 [==============================] - 0s 2ms/step - loss: 0.2913 - accuracy: 0.8801
Epoch 23/25

 1/67 [..............................] - ETA: 0s - loss: 0.2327 - accuracy: 0.9062
27/67 [===========>..................] - ETA: 0s - loss: 0.2829 - accuracy: 0.8843
57/67 [========================>.....] - ETA: 0s - loss: 0.2892 - accuracy: 0.8794
67/67 [==============================] - 0s 2ms/step - loss: 0.2933 - accuracy: 0.8759
Epoch 24/25

 1/67 [..............................] - ETA: 0s - loss: 0.2918 - accuracy: 0.8750
26/67 [==========>...................] - ETA: 0s - loss: 0.3159 - accuracy: 0.8606
58/67 [========================>.....] - ETA: 0s - loss: 0.2937 - accuracy: 0.8745
67/67 [==============================] - 0s 2ms/step - loss: 0.2861 - accuracy: 0.8810
Epoch 25/25

 1/67 [..............................] - ETA: 0s - loss: 0.1592 - accuracy: 0.9688
28/67 [===========>..................] - ETA: 0s - loss: 0.2613 - accuracy: 0.8973
55/67 [=======================>......] - ETA: 0s - loss: 0.2799 - accuracy: 0.8847
67/67 [==============================] - 0s 2ms/step - loss: 0.2849 - accuracy: 0.8815
# predict: steps=1872
# predict: tnodeembed_metrics
# predict: node2vec_metrics
tnodeembed: {'auc': 0.6611706100500466, 'f1_micro': 0.6556008282679848, 'f1_macro': 0.647085516585328} tNodeEmbed_final_loss=0.2684421241283417 tNodeEmbed_final_accuracy=0.8814745545387268 
node2vec: {'auc': 0.6643696187041032, 'f1_micro': 0.6500066795805224, 'f1_macro': 0.6416570997997644} node2vec_final_loss=0.2848520278930664 node2vec_final_accuracy=0.8814745545387268 
