# load graph
# initialize tNodeEmbed for dataset=PPI, test_size=0.2
# load dataset
# fit
# tNodeEmbed
Epoch 1/25

 1/67 [..............................] - ETA: 1:25 - loss: 0.6945 - accuracy: 0.4688
14/67 [=====>........................] - ETA: 0s - loss: 0.6824 - accuracy: 0.5558  
32/67 [=============>................] - ETA: 0s - loss: 0.6734 - accuracy: 0.5293
51/67 [=====================>........] - ETA: 0s - loss: 0.6649 - accuracy: 0.5196
67/67 [==============================] - 1s 3ms/step - loss: 0.6642 - accuracy: 0.5441
Epoch 2/25

 1/67 [..............................] - ETA: 0s - loss: 0.6434 - accuracy: 0.5312
19/67 [=======>......................] - ETA: 0s - loss: 0.6250 - accuracy: 0.6036
39/67 [================>.............] - ETA: 0s - loss: 0.6331 - accuracy: 0.6226
58/67 [========================>.....] - ETA: 0s - loss: 0.6423 - accuracy: 0.6008
67/67 [==============================] - 0s 3ms/step - loss: 0.6439 - accuracy: 0.5912
Epoch 3/25

 1/67 [..............................] - ETA: 0s - loss: 0.6121 - accuracy: 0.6250
19/67 [=======>......................] - ETA: 0s - loss: 0.6348 - accuracy: 0.5724
39/67 [================>.............] - ETA: 0s - loss: 0.6373 - accuracy: 0.5938
61/67 [==========================>...] - ETA: 0s - loss: 0.6346 - accuracy: 0.6030
67/67 [==============================] - 0s 3ms/step - loss: 0.6358 - accuracy: 0.6010
Epoch 4/25

 1/67 [..............................] - ETA: 0s - loss: 0.6626 - accuracy: 0.5000
19/67 [=======>......................] - ETA: 0s - loss: 0.6387 - accuracy: 0.5691
38/67 [================>.............] - ETA: 0s - loss: 0.6382 - accuracy: 0.5863
56/67 [========================>.....] - ETA: 0s - loss: 0.6278 - accuracy: 0.5999
67/67 [==============================] - 0s 3ms/step - loss: 0.6275 - accuracy: 0.6029
Epoch 5/25

 1/67 [..............................] - ETA: 0s - loss: 0.5739 - accuracy: 0.5938
22/67 [========>.....................] - ETA: 0s - loss: 0.6195 - accuracy: 0.5994
43/67 [==================>...........] - ETA: 0s - loss: 0.6215 - accuracy: 0.6032
65/67 [============================>.] - ETA: 0s - loss: 0.6273 - accuracy: 0.6014
67/67 [==============================] - 0s 2ms/step - loss: 0.6272 - accuracy: 0.6015
Epoch 6/25

 1/67 [..............................] - ETA: 0s - loss: 0.6496 - accuracy: 0.5312
22/67 [========>.....................] - ETA: 0s - loss: 0.6257 - accuracy: 0.6165
44/67 [==================>...........] - ETA: 0s - loss: 0.6239 - accuracy: 0.6129
65/67 [============================>.] - ETA: 0s - loss: 0.6223 - accuracy: 0.6082
67/67 [==============================] - 0s 2ms/step - loss: 0.6226 - accuracy: 0.6066
Epoch 7/25

 1/67 [..............................] - ETA: 0s - loss: 0.5980 - accuracy: 0.6562
21/67 [========>.....................] - ETA: 0s - loss: 0.6143 - accuracy: 0.5923
42/67 [=================>............] - ETA: 0s - loss: 0.6206 - accuracy: 0.6071
62/67 [==========================>...] - ETA: 0s - loss: 0.6189 - accuracy: 0.6048
67/67 [==============================] - 0s 3ms/step - loss: 0.6183 - accuracy: 0.6090
Epoch 8/25

 1/67 [..............................] - ETA: 0s - loss: 0.5078 - accuracy: 0.8438
20/67 [=======>......................] - ETA: 0s - loss: 0.6030 - accuracy: 0.6250
39/67 [================>.............] - ETA: 0s - loss: 0.6196 - accuracy: 0.6026
56/67 [========================>.....] - ETA: 0s - loss: 0.6228 - accuracy: 0.5960
67/67 [==============================] - 0s 3ms/step - loss: 0.6225 - accuracy: 0.5992
Epoch 9/25

 1/67 [..............................] - ETA: 0s - loss: 0.6019 - accuracy: 0.6875
20/67 [=======>......................] - ETA: 0s - loss: 0.6210 - accuracy: 0.5891
39/67 [================>.............] - ETA: 0s - loss: 0.6198 - accuracy: 0.5994
58/67 [========================>.....] - ETA: 0s - loss: 0.6174 - accuracy: 0.6088
67/67 [==============================] - 0s 3ms/step - loss: 0.6163 - accuracy: 0.6118
Epoch 10/25

 1/67 [..............................] - ETA: 0s - loss: 0.5794 - accuracy: 0.7188
20/67 [=======>......................] - ETA: 0s - loss: 0.6194 - accuracy: 0.6094
42/67 [=================>............] - ETA: 0s - loss: 0.6091 - accuracy: 0.6257
62/67 [==========================>...] - ETA: 0s - loss: 0.6170 - accuracy: 0.6064
67/67 [==============================] - 0s 3ms/step - loss: 0.6162 - accuracy: 0.6071
Epoch 11/25

 1/67 [..............................] - ETA: 0s - loss: 0.5717 - accuracy: 0.5938
20/67 [=======>......................] - ETA: 0s - loss: 0.6047 - accuracy: 0.6234
40/67 [================>.............] - ETA: 0s - loss: 0.6117 - accuracy: 0.6172
58/67 [========================>.....] - ETA: 0s - loss: 0.6153 - accuracy: 0.6099
67/67 [==============================] - 0s 3ms/step - loss: 0.6129 - accuracy: 0.6094
Epoch 12/25

 1/67 [..............................] - ETA: 0s - loss: 0.6477 - accuracy: 0.5312
21/67 [========>.....................] - ETA: 0s - loss: 0.6194 - accuracy: 0.5863
42/67 [=================>............] - ETA: 0s - loss: 0.6119 - accuracy: 0.6057
62/67 [==========================>...] - ETA: 0s - loss: 0.6124 - accuracy: 0.6074
67/67 [==============================] - 0s 3ms/step - loss: 0.6134 - accuracy: 0.6076
Epoch 13/25

 1/67 [..............................] - ETA: 0s - loss: 0.5932 - accuracy: 0.6562
21/67 [========>.....................] - ETA: 0s - loss: 0.6179 - accuracy: 0.5923
41/67 [=================>............] - ETA: 0s - loss: 0.6120 - accuracy: 0.6067
60/67 [=========================>....] - ETA: 0s - loss: 0.6109 - accuracy: 0.6068
67/67 [==============================] - 0s 3ms/step - loss: 0.6112 - accuracy: 0.6080
Epoch 14/25

 1/67 [..............................] - ETA: 0s - loss: 0.5722 - accuracy: 0.6562
19/67 [=======>......................] - ETA: 0s - loss: 0.6070 - accuracy: 0.6184
38/67 [================>.............] - ETA: 0s - loss: 0.6077 - accuracy: 0.6094
56/67 [========================>.....] - ETA: 0s - loss: 0.6086 - accuracy: 0.6110
67/67 [==============================] - 0s 3ms/step - loss: 0.6114 - accuracy: 0.6080
Epoch 15/25

 1/67 [..............................] - ETA: 0s - loss: 0.5578 - accuracy: 0.5625
19/67 [=======>......................] - ETA: 0s - loss: 0.6234 - accuracy: 0.5938
36/67 [===============>..............] - ETA: 0s - loss: 0.6129 - accuracy: 0.6085
56/67 [========================>.....] - ETA: 0s - loss: 0.6108 - accuracy: 0.6110
67/67 [==============================] - 0s 3ms/step - loss: 0.6125 - accuracy: 0.6066
Epoch 16/25

 1/67 [..............................] - ETA: 0s - loss: 0.6415 - accuracy: 0.5938
21/67 [========>.....................] - ETA: 0s - loss: 0.6082 - accuracy: 0.6012
40/67 [================>.............] - ETA: 0s - loss: 0.6096 - accuracy: 0.6062
59/67 [=========================>....] - ETA: 0s - loss: 0.6089 - accuracy: 0.6107
67/67 [==============================] - 0s 3ms/step - loss: 0.6089 - accuracy: 0.6118
Epoch 17/25

 1/67 [..............................] - ETA: 0s - loss: 0.6456 - accuracy: 0.5000
19/67 [=======>......................] - ETA: 0s - loss: 0.6032 - accuracy: 0.6201
39/67 [================>.............] - ETA: 0s - loss: 0.6095 - accuracy: 0.6066
60/67 [=========================>....] - ETA: 0s - loss: 0.6112 - accuracy: 0.6047
67/67 [==============================] - 0s 3ms/step - loss: 0.6094 - accuracy: 0.6094
Epoch 18/25

 1/67 [..............................] - ETA: 0s - loss: 0.6404 - accuracy: 0.5312
21/67 [========>.....................] - ETA: 0s - loss: 0.6207 - accuracy: 0.5893
42/67 [=================>............] - ETA: 0s - loss: 0.6087 - accuracy: 0.6228
63/67 [===========================>..] - ETA: 0s - loss: 0.6103 - accuracy: 0.6086
67/67 [==============================] - 0s 3ms/step - loss: 0.6116 - accuracy: 0.6076
Epoch 19/25

 1/67 [..............................] - ETA: 0s - loss: 0.6350 - accuracy: 0.5625
20/67 [=======>......................] - ETA: 0s - loss: 0.5959 - accuracy: 0.6328
40/67 [================>.............] - ETA: 0s - loss: 0.5976 - accuracy: 0.6258
58/67 [========================>.....] - ETA: 0s - loss: 0.6012 - accuracy: 0.6191
67/67 [==============================] - 0s 3ms/step - loss: 0.6079 - accuracy: 0.6099
Epoch 20/25

 1/67 [..............................] - ETA: 0s - loss: 0.6103 - accuracy: 0.6562
20/67 [=======>......................] - ETA: 0s - loss: 0.5935 - accuracy: 0.6406
38/67 [================>.............] - ETA: 0s - loss: 0.5959 - accuracy: 0.6258
56/67 [========================>.....] - ETA: 0s - loss: 0.6053 - accuracy: 0.6183
67/67 [==============================] - 0s 3ms/step - loss: 0.6075 - accuracy: 0.6104
Epoch 21/25

 1/67 [..............................] - ETA: 0s - loss: 0.5509 - accuracy: 0.5000
20/67 [=======>......................] - ETA: 0s - loss: 0.6111 - accuracy: 0.6203
40/67 [================>.............] - ETA: 0s - loss: 0.6108 - accuracy: 0.6109
62/67 [==========================>...] - ETA: 0s - loss: 0.6115 - accuracy: 0.6089
67/67 [==============================] - 0s 3ms/step - loss: 0.6107 - accuracy: 0.6076
Epoch 22/25

 1/67 [..............................] - ETA: 0s - loss: 0.6230 - accuracy: 0.6875
22/67 [========>.....................] - ETA: 0s - loss: 0.6159 - accuracy: 0.5938
43/67 [==================>...........] - ETA: 0s - loss: 0.6102 - accuracy: 0.6068
64/67 [===========================>..] - ETA: 0s - loss: 0.6092 - accuracy: 0.6118
67/67 [==============================] - 0s 2ms/step - loss: 0.6093 - accuracy: 0.6132
Epoch 23/25

 1/67 [..............................] - ETA: 0s - loss: 0.6706 - accuracy: 0.5312
21/67 [========>.....................] - ETA: 0s - loss: 0.6173 - accuracy: 0.6057
41/67 [=================>............] - ETA: 0s - loss: 0.6085 - accuracy: 0.6090
60/67 [=========================>....] - ETA: 0s - loss: 0.6101 - accuracy: 0.6068
67/67 [==============================] - 0s 3ms/step - loss: 0.6087 - accuracy: 0.6076
Epoch 24/25

 1/67 [..............................] - ETA: 0s - loss: 0.5100 - accuracy: 0.7500
19/67 [=======>......................] - ETA: 0s - loss: 0.5960 - accuracy: 0.6283
39/67 [================>.............] - ETA: 0s - loss: 0.6045 - accuracy: 0.6250
57/67 [========================>.....] - ETA: 0s - loss: 0.6042 - accuracy: 0.6190
67/67 [==============================] - 0s 3ms/step - loss: 0.6094 - accuracy: 0.6108
Epoch 25/25

 1/67 [..............................] - ETA: 0s - loss: 0.5768 - accuracy: 0.6562
15/67 [=====>........................] - ETA: 0s - loss: 0.5913 - accuracy: 0.6042
33/67 [=============>................] - ETA: 0s - loss: 0.6007 - accuracy: 0.6127
52/67 [======================>.......] - ETA: 0s - loss: 0.6027 - accuracy: 0.6160
67/67 [==============================] - 0s 3ms/step - loss: 0.6082 - accuracy: 0.6104
# node2vec
Epoch 1/25

 1/67 [..............................] - ETA: 19s - loss: 0.7022 - accuracy: 0.5625
30/67 [============>.................] - ETA: 0s - loss: 0.6562 - accuracy: 0.5875 
56/67 [========================>.....] - ETA: 0s - loss: 0.6569 - accuracy: 0.5843
67/67 [==============================] - 0s 2ms/step - loss: 0.6554 - accuracy: 0.5847
Epoch 2/25

 1/67 [..............................] - ETA: 0s - loss: 0.5930 - accuracy: 0.5938
34/67 [==============>...............] - ETA: 0s - loss: 0.6416 - accuracy: 0.5836
66/67 [============================>.] - ETA: 0s - loss: 0.6423 - accuracy: 0.5973
67/67 [==============================] - 0s 2ms/step - loss: 0.6427 - accuracy: 0.5973
Epoch 3/25

 1/67 [..............................] - ETA: 0s - loss: 0.6482 - accuracy: 0.5625
35/67 [==============>...............] - ETA: 0s - loss: 0.6443 - accuracy: 0.5902
67/67 [==============================] - 0s 1ms/step - loss: 0.6338 - accuracy: 0.6006
Epoch 4/25

 1/67 [..............................] - ETA: 0s - loss: 0.6404 - accuracy: 0.6562
31/67 [============>.................] - ETA: 0s - loss: 0.6281 - accuracy: 0.5958
64/67 [===========================>..] - ETA: 0s - loss: 0.6304 - accuracy: 0.6011
67/67 [==============================] - 0s 2ms/step - loss: 0.6282 - accuracy: 0.6038
Epoch 5/25

 1/67 [..............................] - ETA: 0s - loss: 0.6190 - accuracy: 0.6875
30/67 [============>.................] - ETA: 0s - loss: 0.6239 - accuracy: 0.6094
59/67 [=========================>....] - ETA: 0s - loss: 0.6292 - accuracy: 0.6022
67/67 [==============================] - 0s 2ms/step - loss: 0.6274 - accuracy: 0.6001
Epoch 6/25

 1/67 [..............................] - ETA: 0s - loss: 0.5978 - accuracy: 0.6562
33/67 [=============>................] - ETA: 0s - loss: 0.6236 - accuracy: 0.6061
67/67 [==============================] - 0s 2ms/step - loss: 0.6249 - accuracy: 0.6066
Epoch 7/25

 1/67 [..............................] - ETA: 0s - loss: 0.6808 - accuracy: 0.4688
37/67 [===============>..............] - ETA: 0s - loss: 0.6200 - accuracy: 0.6039
67/67 [==============================] - 0s 1ms/step - loss: 0.6212 - accuracy: 0.6010
Epoch 8/25

 1/67 [..............................] - ETA: 0s - loss: 0.6184 - accuracy: 0.5000
38/67 [================>.............] - ETA: 0s - loss: 0.6147 - accuracy: 0.6077
67/67 [==============================] - 0s 1ms/step - loss: 0.6201 - accuracy: 0.6099
Epoch 9/25

 1/67 [..............................] - ETA: 0s - loss: 0.5964 - accuracy: 0.6875
37/67 [===============>..............] - ETA: 0s - loss: 0.6228 - accuracy: 0.5946
67/67 [==============================] - 0s 1ms/step - loss: 0.6206 - accuracy: 0.6052
Epoch 10/25

 1/67 [..............................] - ETA: 0s - loss: 0.6370 - accuracy: 0.5312
37/67 [===============>..............] - ETA: 0s - loss: 0.6189 - accuracy: 0.6030
67/67 [==============================] - 0s 1ms/step - loss: 0.6173 - accuracy: 0.6066
Epoch 11/25

 1/67 [..............................] - ETA: 0s - loss: 0.5957 - accuracy: 0.7188
39/67 [================>.............] - ETA: 0s - loss: 0.6188 - accuracy: 0.6090
67/67 [==============================] - 0s 1ms/step - loss: 0.6156 - accuracy: 0.6094
Epoch 12/25

 1/67 [..............................] - ETA: 0s - loss: 0.5925 - accuracy: 0.7188
33/67 [=============>................] - ETA: 0s - loss: 0.6069 - accuracy: 0.5919
61/67 [==========================>...] - ETA: 0s - loss: 0.6158 - accuracy: 0.6030
67/67 [==============================] - 0s 2ms/step - loss: 0.6163 - accuracy: 0.6057
Epoch 13/25

 1/67 [..............................] - ETA: 0s - loss: 0.5524 - accuracy: 0.8125
28/67 [===========>..................] - ETA: 0s - loss: 0.6054 - accuracy: 0.6150
57/67 [========================>.....] - ETA: 0s - loss: 0.6133 - accuracy: 0.6151
67/67 [==============================] - 0s 2ms/step - loss: 0.6170 - accuracy: 0.6066
Epoch 14/25

 1/67 [..............................] - ETA: 0s - loss: 0.5806 - accuracy: 0.7500
30/67 [============>.................] - ETA: 0s - loss: 0.6078 - accuracy: 0.6146
62/67 [==========================>...] - ETA: 0s - loss: 0.6145 - accuracy: 0.6079
67/67 [==============================] - 0s 2ms/step - loss: 0.6156 - accuracy: 0.6090
Epoch 15/25

 1/67 [..............................] - ETA: 0s - loss: 0.6201 - accuracy: 0.6250
30/67 [============>.................] - ETA: 0s - loss: 0.6135 - accuracy: 0.6115
65/67 [============================>.] - ETA: 0s - loss: 0.6133 - accuracy: 0.6091
67/67 [==============================] - 0s 2ms/step - loss: 0.6140 - accuracy: 0.6071
Epoch 16/25

 1/67 [..............................] - ETA: 0s - loss: 0.6135 - accuracy: 0.5625
35/67 [==============>...............] - ETA: 0s - loss: 0.6151 - accuracy: 0.5964
67/67 [==============================] - 0s 2ms/step - loss: 0.6110 - accuracy: 0.6118
Epoch 17/25

 1/67 [..............................] - ETA: 0s - loss: 0.6185 - accuracy: 0.6250
38/67 [================>.............] - ETA: 0s - loss: 0.6134 - accuracy: 0.6069
67/67 [==============================] - 0s 1ms/step - loss: 0.6145 - accuracy: 0.6080
Epoch 18/25

 1/67 [..............................] - ETA: 0s - loss: 0.6685 - accuracy: 0.5625
36/67 [===============>..............] - ETA: 0s - loss: 0.6102 - accuracy: 0.6033
67/67 [==============================] - 0s 1ms/step - loss: 0.6108 - accuracy: 0.6099
Epoch 19/25

 1/67 [..............................] - ETA: 0s - loss: 0.6283 - accuracy: 0.5938
36/67 [===============>..............] - ETA: 0s - loss: 0.6189 - accuracy: 0.5955
65/67 [============================>.] - ETA: 0s - loss: 0.6132 - accuracy: 0.6082
67/67 [==============================] - 0s 2ms/step - loss: 0.6130 - accuracy: 0.6094
Epoch 20/25

 1/67 [..............................] - ETA: 0s - loss: 0.5492 - accuracy: 0.6250
32/67 [=============>................] - ETA: 0s - loss: 0.6056 - accuracy: 0.5996
63/67 [===========================>..] - ETA: 0s - loss: 0.6118 - accuracy: 0.6101
67/67 [==============================] - 0s 2ms/step - loss: 0.6133 - accuracy: 0.6071
Epoch 21/25

 1/67 [..............................] - ETA: 0s - loss: 0.6653 - accuracy: 0.4375
31/67 [============>.................] - ETA: 0s - loss: 0.6155 - accuracy: 0.6099
59/67 [=========================>....] - ETA: 0s - loss: 0.6105 - accuracy: 0.6086
67/67 [==============================] - 0s 2ms/step - loss: 0.6115 - accuracy: 0.6080
Epoch 22/25

 1/67 [..............................] - ETA: 0s - loss: 0.5953 - accuracy: 0.5938
33/67 [=============>................] - ETA: 0s - loss: 0.6194 - accuracy: 0.6032
62/67 [==========================>...] - ETA: 0s - loss: 0.6074 - accuracy: 0.6139
67/67 [==============================] - 0s 2ms/step - loss: 0.6103 - accuracy: 0.6099
Epoch 23/25

 1/67 [..............................] - ETA: 0s - loss: 0.6415 - accuracy: 0.5625
31/67 [============>.................] - ETA: 0s - loss: 0.6115 - accuracy: 0.5907
63/67 [===========================>..] - ETA: 0s - loss: 0.6060 - accuracy: 0.6126
67/67 [==============================] - 0s 2ms/step - loss: 0.6112 - accuracy: 0.6076
Epoch 24/25

 1/67 [..............................] - ETA: 0s - loss: 0.6304 - accuracy: 0.5938
30/67 [============>.................] - ETA: 0s - loss: 0.6053 - accuracy: 0.6031
62/67 [==========================>...] - ETA: 0s - loss: 0.6088 - accuracy: 0.6129
67/67 [==============================] - 0s 2ms/step - loss: 0.6091 - accuracy: 0.6094
Epoch 25/25

 1/67 [..............................] - ETA: 0s - loss: 0.5331 - accuracy: 0.7188
32/67 [=============>................] - ETA: 0s - loss: 0.6129 - accuracy: 0.6045
65/67 [============================>.] - ETA: 0s - loss: 0.6101 - accuracy: 0.6106
67/67 [==============================] - 0s 2ms/step - loss: 0.6101 - accuracy: 0.6099
# predict: steps=1872
# predict: tnodeembed_metrics
# predict: node2vec_metrics
tnodeembed: {'auc': 0.5320630422521816, 'f1_micro': 0.5330138267316813, 'f1_macro': 0.4254065947131613} tNodeEmbed_final_loss=0.6081680059432983 tNodeEmbed_final_accuracy=0.6103593111038208 
node2vec: {'auc': 0.5321225342879071, 'f1_micro': 0.5322957718255293, 'f1_macro': 0.4250236336893845} node2vec_final_loss=0.6100544333457947 node2vec_final_accuracy=0.6098926663398743 
