# load graph
# initialize tNodeEmbed for dataset=PPI, test_size=0.2
# load dataset
# fit
# tNodeEmbed
Epoch 1/25

 1/67 [..............................] - ETA: 1:24 - loss: 0.6942 - accuracy: 0.4375
20/67 [=======>......................] - ETA: 0s - loss: 0.6792 - accuracy: 0.4812  
40/67 [================>.............] - ETA: 0s - loss: 0.6625 - accuracy: 0.5523
59/67 [=========================>....] - ETA: 0s - loss: 0.6557 - accuracy: 0.5763
67/67 [==============================] - 1s 3ms/step - loss: 0.6540 - accuracy: 0.5856
Epoch 2/25

 1/67 [..............................] - ETA: 0s - loss: 0.6599 - accuracy: 0.6250
20/67 [=======>......................] - ETA: 0s - loss: 0.6277 - accuracy: 0.6266
39/67 [================>.............] - ETA: 0s - loss: 0.6327 - accuracy: 0.6250
59/67 [=========================>....] - ETA: 0s - loss: 0.6324 - accuracy: 0.6213
67/67 [==============================] - 0s 3ms/step - loss: 0.6302 - accuracy: 0.6248
Epoch 3/25

 1/67 [..............................] - ETA: 0s - loss: 0.6385 - accuracy: 0.6875
20/67 [=======>......................] - ETA: 0s - loss: 0.6114 - accuracy: 0.6453
38/67 [================>.............] - ETA: 0s - loss: 0.6105 - accuracy: 0.6398
53/67 [======================>.......] - ETA: 0s - loss: 0.6220 - accuracy: 0.6244
67/67 [==============================] - 0s 3ms/step - loss: 0.6230 - accuracy: 0.6244
Epoch 4/25

 1/67 [..............................] - ETA: 0s - loss: 0.6392 - accuracy: 0.6562
16/67 [======>.......................] - ETA: 0s - loss: 0.6131 - accuracy: 0.6191
33/67 [=============>................] - ETA: 0s - loss: 0.6206 - accuracy: 0.6259
52/67 [======================>.......] - ETA: 0s - loss: 0.6196 - accuracy: 0.6304
67/67 [==============================] - 0s 3ms/step - loss: 0.6168 - accuracy: 0.6300
Epoch 5/25

 1/67 [..............................] - ETA: 0s - loss: 0.5349 - accuracy: 0.6875
21/67 [========>.....................] - ETA: 0s - loss: 0.5952 - accuracy: 0.6369
42/67 [=================>............] - ETA: 0s - loss: 0.6030 - accuracy: 0.6317
63/67 [===========================>..] - ETA: 0s - loss: 0.6070 - accuracy: 0.6384
67/67 [==============================] - 0s 3ms/step - loss: 0.6058 - accuracy: 0.6379
Epoch 6/25

 1/67 [..............................] - ETA: 0s - loss: 0.6028 - accuracy: 0.5625
21/67 [========>.....................] - ETA: 0s - loss: 0.6088 - accuracy: 0.6324
42/67 [=================>............] - ETA: 0s - loss: 0.6009 - accuracy: 0.6451
63/67 [===========================>..] - ETA: 0s - loss: 0.6034 - accuracy: 0.6384
67/67 [==============================] - 0s 3ms/step - loss: 0.6029 - accuracy: 0.6407
Epoch 7/25

 1/67 [..............................] - ETA: 0s - loss: 0.5744 - accuracy: 0.6875
21/67 [========>.....................] - ETA: 0s - loss: 0.6136 - accuracy: 0.6116
39/67 [================>.............] - ETA: 0s - loss: 0.5945 - accuracy: 0.6378
56/67 [========================>.....] - ETA: 0s - loss: 0.5964 - accuracy: 0.6378
67/67 [==============================] - 0s 3ms/step - loss: 0.5972 - accuracy: 0.6356
Epoch 8/25

 1/67 [..............................] - ETA: 0s - loss: 0.5280 - accuracy: 0.7812
18/67 [=======>......................] - ETA: 0s - loss: 0.5884 - accuracy: 0.6337
36/67 [===============>..............] - ETA: 0s - loss: 0.5973 - accuracy: 0.6302
54/67 [=======================>......] - ETA: 0s - loss: 0.5925 - accuracy: 0.6470
67/67 [==============================] - 0s 3ms/step - loss: 0.5940 - accuracy: 0.6412
Epoch 9/25

 1/67 [..............................] - ETA: 0s - loss: 0.5833 - accuracy: 0.7188
19/67 [=======>......................] - ETA: 0s - loss: 0.5886 - accuracy: 0.6447
37/67 [===============>..............] - ETA: 0s - loss: 0.5825 - accuracy: 0.6444
56/67 [========================>.....] - ETA: 0s - loss: 0.5867 - accuracy: 0.6468
67/67 [==============================] - 0s 3ms/step - loss: 0.5917 - accuracy: 0.6407
Epoch 10/25

 1/67 [..............................] - ETA: 0s - loss: 0.6396 - accuracy: 0.5938
21/67 [========>.....................] - ETA: 0s - loss: 0.5866 - accuracy: 0.6562
41/67 [=================>............] - ETA: 0s - loss: 0.5857 - accuracy: 0.6509
62/67 [==========================>...] - ETA: 0s - loss: 0.5857 - accuracy: 0.6467
67/67 [==============================] - 0s 3ms/step - loss: 0.5866 - accuracy: 0.6454
Epoch 11/25

 1/67 [..............................] - ETA: 0s - loss: 0.6426 - accuracy: 0.5625
21/67 [========>.....................] - ETA: 0s - loss: 0.5746 - accuracy: 0.6622
41/67 [=================>............] - ETA: 0s - loss: 0.5809 - accuracy: 0.6479
60/67 [=========================>....] - ETA: 0s - loss: 0.5826 - accuracy: 0.6490
67/67 [==============================] - 0s 3ms/step - loss: 0.5860 - accuracy: 0.6430
Epoch 12/25

 1/67 [..............................] - ETA: 0s - loss: 0.6874 - accuracy: 0.4375
21/67 [========>.....................] - ETA: 0s - loss: 0.5763 - accuracy: 0.6429
42/67 [=================>............] - ETA: 0s - loss: 0.5745 - accuracy: 0.6429
61/67 [==========================>...] - ETA: 0s - loss: 0.5822 - accuracy: 0.6450
67/67 [==============================] - 0s 3ms/step - loss: 0.5809 - accuracy: 0.6468
Epoch 13/25

 1/67 [..............................] - ETA: 0s - loss: 0.6269 - accuracy: 0.5938
19/67 [=======>......................] - ETA: 0s - loss: 0.5854 - accuracy: 0.6447
38/67 [================>.............] - ETA: 0s - loss: 0.5823 - accuracy: 0.6538
57/67 [========================>.....] - ETA: 0s - loss: 0.5832 - accuracy: 0.6480
67/67 [==============================] - 0s 3ms/step - loss: 0.5807 - accuracy: 0.6500
Epoch 14/25

 1/67 [..............................] - ETA: 0s - loss: 0.6574 - accuracy: 0.5000
19/67 [=======>......................] - ETA: 0s - loss: 0.5727 - accuracy: 0.6431
38/67 [================>.............] - ETA: 0s - loss: 0.5809 - accuracy: 0.6464
56/67 [========================>.....] - ETA: 0s - loss: 0.5799 - accuracy: 0.6518
67/67 [==============================] - 0s 3ms/step - loss: 0.5791 - accuracy: 0.6477
Epoch 15/25

 1/67 [..............................] - ETA: 0s - loss: 0.5520 - accuracy: 0.6250
19/67 [=======>......................] - ETA: 0s - loss: 0.5704 - accuracy: 0.6612
37/67 [===============>..............] - ETA: 0s - loss: 0.5754 - accuracy: 0.6503
54/67 [=======================>......] - ETA: 0s - loss: 0.5796 - accuracy: 0.6441
67/67 [==============================] - 0s 3ms/step - loss: 0.5787 - accuracy: 0.6486
Epoch 16/25

 1/67 [..............................] - ETA: 0s - loss: 0.5876 - accuracy: 0.6250
19/67 [=======>......................] - ETA: 0s - loss: 0.5689 - accuracy: 0.6497
39/67 [================>.............] - ETA: 0s - loss: 0.5723 - accuracy: 0.6426
58/67 [========================>.....] - ETA: 0s - loss: 0.5757 - accuracy: 0.6492
67/67 [==============================] - 0s 3ms/step - loss: 0.5758 - accuracy: 0.6500
Epoch 17/25

 1/67 [..............................] - ETA: 0s - loss: 0.5328 - accuracy: 0.6875
21/67 [========>.....................] - ETA: 0s - loss: 0.5724 - accuracy: 0.6607
42/67 [=================>............] - ETA: 0s - loss: 0.5716 - accuracy: 0.6592
63/67 [===========================>..] - ETA: 0s - loss: 0.5719 - accuracy: 0.6533
67/67 [==============================] - 0s 2ms/step - loss: 0.5716 - accuracy: 0.6528
Epoch 18/25

 1/67 [..............................] - ETA: 0s - loss: 0.5629 - accuracy: 0.7500
20/67 [=======>......................] - ETA: 0s - loss: 0.5728 - accuracy: 0.6469
40/67 [================>.............] - ETA: 0s - loss: 0.5728 - accuracy: 0.6453
59/67 [=========================>....] - ETA: 0s - loss: 0.5743 - accuracy: 0.6467
67/67 [==============================] - 0s 3ms/step - loss: 0.5735 - accuracy: 0.6500
Epoch 19/25

 1/67 [..............................] - ETA: 0s - loss: 0.4781 - accuracy: 0.7812
19/67 [=======>......................] - ETA: 0s - loss: 0.5698 - accuracy: 0.6579
37/67 [===============>..............] - ETA: 0s - loss: 0.5764 - accuracy: 0.6537
52/67 [======================>.......] - ETA: 0s - loss: 0.5713 - accuracy: 0.6502
67/67 [==============================] - 0s 3ms/step - loss: 0.5704 - accuracy: 0.6500
Epoch 20/25

 1/67 [..............................] - ETA: 0s - loss: 0.5675 - accuracy: 0.6875
18/67 [=======>......................] - ETA: 0s - loss: 0.5626 - accuracy: 0.6788
36/67 [===============>..............] - ETA: 0s - loss: 0.5748 - accuracy: 0.6545
54/67 [=======================>......] - ETA: 0s - loss: 0.5705 - accuracy: 0.6557
67/67 [==============================] - 0s 3ms/step - loss: 0.5692 - accuracy: 0.6533
Epoch 21/25

 1/67 [..............................] - ETA: 0s - loss: 0.5328 - accuracy: 0.6875
20/67 [=======>......................] - ETA: 0s - loss: 0.5535 - accuracy: 0.6656
41/67 [=================>............] - ETA: 0s - loss: 0.5554 - accuracy: 0.6669
61/67 [==========================>...] - ETA: 0s - loss: 0.5650 - accuracy: 0.6598
67/67 [==============================] - 0s 3ms/step - loss: 0.5696 - accuracy: 0.6533
Epoch 22/25

 1/67 [..............................] - ETA: 0s - loss: 0.5511 - accuracy: 0.6250
18/67 [=======>......................] - ETA: 0s - loss: 0.5496 - accuracy: 0.6667
29/67 [===========>..................] - ETA: 0s - loss: 0.5558 - accuracy: 0.6713
46/67 [===================>..........] - ETA: 0s - loss: 0.5600 - accuracy: 0.6624
67/67 [==============================] - ETA: 0s - loss: 0.5714 - accuracy: 0.6477
67/67 [==============================] - 0s 3ms/step - loss: 0.5714 - accuracy: 0.6477
Epoch 23/25

 1/67 [..............................] - ETA: 0s - loss: 0.5998 - accuracy: 0.6875
22/67 [========>.....................] - ETA: 0s - loss: 0.5622 - accuracy: 0.6634
41/67 [=================>............] - ETA: 0s - loss: 0.5715 - accuracy: 0.6517
61/67 [==========================>...] - ETA: 0s - loss: 0.5714 - accuracy: 0.6506
67/67 [==============================] - 0s 3ms/step - loss: 0.5686 - accuracy: 0.6556
Epoch 24/25

 1/67 [..............................] - ETA: 0s - loss: 0.5950 - accuracy: 0.6875
20/67 [=======>......................] - ETA: 0s - loss: 0.5732 - accuracy: 0.6516
39/67 [================>.............] - ETA: 0s - loss: 0.5735 - accuracy: 0.6378
58/67 [========================>.....] - ETA: 0s - loss: 0.5733 - accuracy: 0.6460
67/67 [==============================] - 0s 3ms/step - loss: 0.5728 - accuracy: 0.6482
Epoch 25/25

 1/67 [..............................] - ETA: 0s - loss: 0.5924 - accuracy: 0.5938
19/67 [=======>......................] - ETA: 0s - loss: 0.5613 - accuracy: 0.6711
37/67 [===============>..............] - ETA: 0s - loss: 0.5624 - accuracy: 0.6681
56/67 [========================>.....] - ETA: 0s - loss: 0.5642 - accuracy: 0.6602
67/67 [==============================] - 0s 3ms/step - loss: 0.5665 - accuracy: 0.6528
# node2vec
Epoch 1/25

 1/67 [..............................] - ETA: 21s - loss: 0.6872 - accuracy: 0.6562
29/67 [===========>..................] - ETA: 0s - loss: 0.6626 - accuracy: 0.5216 
66/67 [============================>.] - ETA: 0s - loss: 0.6563 - accuracy: 0.5817
67/67 [==============================] - 0s 2ms/step - loss: 0.6563 - accuracy: 0.5828
Epoch 2/25

 1/67 [..............................] - ETA: 0s - loss: 0.6399 - accuracy: 0.6250
37/67 [===============>..............] - ETA: 0s - loss: 0.6319 - accuracy: 0.6301
67/67 [==============================] - 0s 1ms/step - loss: 0.6317 - accuracy: 0.6272
Epoch 3/25

 1/67 [..............................] - ETA: 0s - loss: 0.6109 - accuracy: 0.5938
32/67 [=============>................] - ETA: 0s - loss: 0.6207 - accuracy: 0.6299
66/67 [============================>.] - ETA: 0s - loss: 0.6242 - accuracy: 0.6277
67/67 [==============================] - 0s 2ms/step - loss: 0.6235 - accuracy: 0.6286
Epoch 4/25

 1/67 [..............................] - ETA: 0s - loss: 0.4960 - accuracy: 0.8125
31/67 [============>.................] - ETA: 0s - loss: 0.6056 - accuracy: 0.6442
61/67 [==========================>...] - ETA: 0s - loss: 0.6148 - accuracy: 0.6368
67/67 [==============================] - 0s 2ms/step - loss: 0.6151 - accuracy: 0.6328
Epoch 5/25

 1/67 [..............................] - ETA: 0s - loss: 0.5510 - accuracy: 0.7188
30/67 [============>.................] - ETA: 0s - loss: 0.6057 - accuracy: 0.6458
56/67 [========================>.....] - ETA: 0s - loss: 0.6033 - accuracy: 0.6412
67/67 [==============================] - 0s 2ms/step - loss: 0.6090 - accuracy: 0.6365
Epoch 6/25

 1/67 [..............................] - ETA: 0s - loss: 0.6303 - accuracy: 0.6250
26/67 [==========>...................] - ETA: 0s - loss: 0.6067 - accuracy: 0.6406
51/67 [=====================>........] - ETA: 0s - loss: 0.6080 - accuracy: 0.6446
67/67 [==============================] - 0s 2ms/step - loss: 0.6036 - accuracy: 0.6412
Epoch 7/25

 1/67 [..............................] - ETA: 0s - loss: 0.6160 - accuracy: 0.5938
32/67 [=============>................] - ETA: 0s - loss: 0.5968 - accuracy: 0.6562
65/67 [============================>.] - ETA: 0s - loss: 0.6042 - accuracy: 0.6389
67/67 [==============================] - 0s 2ms/step - loss: 0.6041 - accuracy: 0.6384
Epoch 8/25

 1/67 [..............................] - ETA: 0s - loss: 0.5760 - accuracy: 0.6875
35/67 [==============>...............] - ETA: 0s - loss: 0.5929 - accuracy: 0.6545
67/67 [==============================] - 0s 1ms/step - loss: 0.5973 - accuracy: 0.6458
Epoch 9/25

 1/67 [..............................] - ETA: 0s - loss: 0.5717 - accuracy: 0.7188
37/67 [===============>..............] - ETA: 0s - loss: 0.5923 - accuracy: 0.6478
67/67 [==============================] - 0s 1ms/step - loss: 0.5946 - accuracy: 0.6426
Epoch 10/25

 1/67 [..............................] - ETA: 0s - loss: 0.6803 - accuracy: 0.5000
37/67 [===============>..............] - ETA: 0s - loss: 0.5932 - accuracy: 0.6512
67/67 [==============================] - 0s 1ms/step - loss: 0.5938 - accuracy: 0.6435
Epoch 11/25

 1/67 [..............................] - ETA: 0s - loss: 0.4969 - accuracy: 0.7188
35/67 [==============>...............] - ETA: 0s - loss: 0.5901 - accuracy: 0.6473
67/67 [==============================] - 0s 2ms/step - loss: 0.5930 - accuracy: 0.6416
Epoch 12/25

 1/67 [..............................] - ETA: 0s - loss: 0.5002 - accuracy: 0.8125
34/67 [==============>...............] - ETA: 0s - loss: 0.5813 - accuracy: 0.6535
64/67 [===========================>..] - ETA: 0s - loss: 0.5885 - accuracy: 0.6465
67/67 [==============================] - 0s 2ms/step - loss: 0.5893 - accuracy: 0.6458
Epoch 13/25

 1/67 [..............................] - ETA: 0s - loss: 0.4959 - accuracy: 0.8125
29/67 [===========>..................] - ETA: 0s - loss: 0.5787 - accuracy: 0.6649
59/67 [=========================>....] - ETA: 0s - loss: 0.5877 - accuracy: 0.6478
67/67 [==============================] - 0s 2ms/step - loss: 0.5876 - accuracy: 0.6486
Epoch 14/25

 1/67 [..............................] - ETA: 0s - loss: 0.5007 - accuracy: 0.8125
28/67 [===========>..................] - ETA: 0s - loss: 0.5875 - accuracy: 0.6708
58/67 [========================>.....] - ETA: 0s - loss: 0.5881 - accuracy: 0.6482
67/67 [==============================] - 0s 2ms/step - loss: 0.5856 - accuracy: 0.6500
Epoch 15/25

 1/67 [..............................] - ETA: 0s - loss: 0.5674 - accuracy: 0.6562
37/67 [===============>..............] - ETA: 0s - loss: 0.5879 - accuracy: 0.6470
67/67 [==============================] - 0s 1ms/step - loss: 0.5875 - accuracy: 0.6426
Epoch 16/25

 1/67 [..............................] - ETA: 0s - loss: 0.5360 - accuracy: 0.7500
39/67 [================>.............] - ETA: 0s - loss: 0.5831 - accuracy: 0.6571
67/67 [==============================] - 0s 1ms/step - loss: 0.5859 - accuracy: 0.6454
Epoch 17/25

 1/67 [..............................] - ETA: 0s - loss: 0.5926 - accuracy: 0.6250
40/67 [================>.............] - ETA: 0s - loss: 0.5788 - accuracy: 0.6484
67/67 [==============================] - 0s 1ms/step - loss: 0.5801 - accuracy: 0.6500
Epoch 18/25

 1/67 [..............................] - ETA: 0s - loss: 0.6452 - accuracy: 0.5625
31/67 [============>.................] - ETA: 0s - loss: 0.5692 - accuracy: 0.6583
61/67 [==========================>...] - ETA: 0s - loss: 0.5783 - accuracy: 0.6522
67/67 [==============================] - 0s 2ms/step - loss: 0.5821 - accuracy: 0.6477
Epoch 19/25

 1/67 [..............................] - ETA: 0s - loss: 0.5669 - accuracy: 0.5938
31/67 [============>.................] - ETA: 0s - loss: 0.5650 - accuracy: 0.6562
61/67 [==========================>...] - ETA: 0s - loss: 0.5762 - accuracy: 0.6496
67/67 [==============================] - 0s 2ms/step - loss: 0.5773 - accuracy: 0.6500
Epoch 20/25

 1/67 [..............................] - ETA: 0s - loss: 0.5915 - accuracy: 0.6562
31/67 [============>.................] - ETA: 0s - loss: 0.5732 - accuracy: 0.6542
63/67 [===========================>..] - ETA: 0s - loss: 0.5766 - accuracy: 0.6543
67/67 [==============================] - 0s 2ms/step - loss: 0.5795 - accuracy: 0.6477
Epoch 21/25

 1/67 [..............................] - ETA: 0s - loss: 0.6143 - accuracy: 0.6562
31/67 [============>.................] - ETA: 0s - loss: 0.5831 - accuracy: 0.6452
63/67 [===========================>..] - ETA: 0s - loss: 0.5773 - accuracy: 0.6533
67/67 [==============================] - 0s 2ms/step - loss: 0.5780 - accuracy: 0.6533
Epoch 22/25

 1/67 [..............................] - ETA: 0s - loss: 0.6181 - accuracy: 0.6562
31/67 [============>.................] - ETA: 0s - loss: 0.5786 - accuracy: 0.6552
60/67 [=========================>....] - ETA: 0s - loss: 0.5785 - accuracy: 0.6469
67/67 [==============================] - 0s 2ms/step - loss: 0.5772 - accuracy: 0.6491
Epoch 23/25

 1/67 [..............................] - ETA: 0s - loss: 0.5748 - accuracy: 0.7500
30/67 [============>.................] - ETA: 0s - loss: 0.5845 - accuracy: 0.6406
65/67 [============================>.] - ETA: 0s - loss: 0.5762 - accuracy: 0.6505
67/67 [==============================] - 0s 2ms/step - loss: 0.5752 - accuracy: 0.6538
Epoch 24/25

 1/67 [..............................] - ETA: 0s - loss: 0.4941 - accuracy: 0.8438
34/67 [==============>...............] - ETA: 0s - loss: 0.5746 - accuracy: 0.6553
67/67 [==============================] - 0s 2ms/step - loss: 0.5789 - accuracy: 0.6449
Epoch 25/25

 1/67 [..............................] - ETA: 0s - loss: 0.5551 - accuracy: 0.7188
37/67 [===============>..............] - ETA: 0s - loss: 0.5639 - accuracy: 0.6655
67/67 [==============================] - 0s 1ms/step - loss: 0.5756 - accuracy: 0.6505
# predict: steps=1872
# predict: tnodeembed_metrics
# predict: node2vec_metrics
tnodeembed: {'auc': 0.5505787811236563, 'f1_micro': 0.5533030525682987, 'f1_macro': 0.47012678789212003} tNodeEmbed_final_loss=0.566516637802124 tNodeEmbed_final_accuracy=0.6528231501579285 
node2vec: {'auc': 0.5534000132315571, 'f1_micro': 0.5542214948901208, 'f1_macro': 0.47396272614571733} node2vec_final_loss=0.5755588412284851 node2vec_final_accuracy=0.6504899859428406 
