# load graph
# initialize tNodeEmbed for dataset=PPI, test_size=0.2
# load dataset
# fit
# tNodeEmbed
Epoch 1/25

 1/67 [..............................] - ETA: 1:38 - loss: 0.6931 - accuracy: 0.4688
17/67 [======>.......................] - ETA: 0s - loss: 0.6929 - accuracy: 0.5147  
34/67 [==============>...............] - ETA: 0s - loss: 0.6919 - accuracy: 0.5165
53/67 [======================>.......] - ETA: 0s - loss: 0.6916 - accuracy: 0.5059
67/67 [==============================] - 2s 3ms/step - loss: 0.6922 - accuracy: 0.5035
Epoch 2/25

 1/67 [..............................] - ETA: 0s - loss: 0.6931 - accuracy: 0.5625
17/67 [======>.......................] - ETA: 0s - loss: 0.6852 - accuracy: 0.5037
34/67 [==============>...............] - ETA: 0s - loss: 0.6883 - accuracy: 0.4899
51/67 [=====================>........] - ETA: 0s - loss: 0.6878 - accuracy: 0.4822
67/67 [==============================] - 0s 3ms/step - loss: 0.6877 - accuracy: 0.4946
Epoch 3/25

 1/67 [..............................] - ETA: 0s - loss: 0.6793 - accuracy: 0.5312
19/67 [=======>......................] - ETA: 0s - loss: 0.6846 - accuracy: 0.4967
37/67 [===============>..............] - ETA: 0s - loss: 0.6853 - accuracy: 0.5051
57/67 [========================>.....] - ETA: 0s - loss: 0.6854 - accuracy: 0.5071
67/67 [==============================] - 0s 3ms/step - loss: 0.6861 - accuracy: 0.5082
Epoch 4/25

 1/67 [..............................] - ETA: 0s - loss: 0.6733 - accuracy: 0.6250
20/67 [=======>......................] - ETA: 0s - loss: 0.6842 - accuracy: 0.5172
40/67 [================>.............] - ETA: 0s - loss: 0.6867 - accuracy: 0.5078
60/67 [=========================>....] - ETA: 0s - loss: 0.6852 - accuracy: 0.5109
67/67 [==============================] - 0s 3ms/step - loss: 0.6845 - accuracy: 0.5110
Epoch 5/25

 1/67 [..............................] - ETA: 0s - loss: 0.6924 - accuracy: 0.5312
21/67 [========>.....................] - ETA: 0s - loss: 0.6851 - accuracy: 0.5179
41/67 [=================>............] - ETA: 0s - loss: 0.6833 - accuracy: 0.5053
60/67 [=========================>....] - ETA: 0s - loss: 0.6849 - accuracy: 0.5078
67/67 [==============================] - 0s 3ms/step - loss: 0.6837 - accuracy: 0.5110
Epoch 6/25

 1/67 [..............................] - ETA: 0s - loss: 0.6939 - accuracy: 0.4375
20/67 [=======>......................] - ETA: 0s - loss: 0.6843 - accuracy: 0.5281
40/67 [================>.............] - ETA: 0s - loss: 0.6827 - accuracy: 0.5102
60/67 [=========================>....] - ETA: 0s - loss: 0.6836 - accuracy: 0.5141
67/67 [==============================] - 0s 3ms/step - loss: 0.6837 - accuracy: 0.5128
Epoch 7/25

 1/67 [..............................] - ETA: 0s - loss: 0.6866 - accuracy: 0.6250
19/67 [=======>......................] - ETA: 0s - loss: 0.6832 - accuracy: 0.5099
38/67 [================>.............] - ETA: 0s - loss: 0.6834 - accuracy: 0.5107
56/67 [========================>.....] - ETA: 0s - loss: 0.6835 - accuracy: 0.5117
67/67 [==============================] - 0s 3ms/step - loss: 0.6835 - accuracy: 0.5114
Epoch 8/25

 1/67 [..............................] - ETA: 0s - loss: 0.6939 - accuracy: 0.4688
18/67 [=======>......................] - ETA: 0s - loss: 0.6889 - accuracy: 0.4948
29/67 [===========>..................] - ETA: 0s - loss: 0.6853 - accuracy: 0.5065
41/67 [=================>............] - ETA: 0s - loss: 0.6829 - accuracy: 0.5168
55/67 [=======================>......] - ETA: 0s - loss: 0.6830 - accuracy: 0.5188
67/67 [==============================] - 0s 4ms/step - loss: 0.6828 - accuracy: 0.5138
Epoch 9/25

 1/67 [..............................] - ETA: 0s - loss: 0.6933 - accuracy: 0.5000
17/67 [======>.......................] - ETA: 0s - loss: 0.6862 - accuracy: 0.4853
35/67 [==============>...............] - ETA: 0s - loss: 0.6836 - accuracy: 0.5045
54/67 [=======================>......] - ETA: 0s - loss: 0.6827 - accuracy: 0.5006
67/67 [==============================] - 0s 3ms/step - loss: 0.6835 - accuracy: 0.5091
Epoch 10/25

 1/67 [..............................] - ETA: 0s - loss: 0.6702 - accuracy: 0.4688
20/67 [=======>......................] - ETA: 0s - loss: 0.6836 - accuracy: 0.4953
40/67 [================>.............] - ETA: 0s - loss: 0.6835 - accuracy: 0.5109
60/67 [=========================>....] - ETA: 0s - loss: 0.6824 - accuracy: 0.5115
67/67 [==============================] - 0s 3ms/step - loss: 0.6828 - accuracy: 0.5128
Epoch 11/25

 1/67 [..............................] - ETA: 0s - loss: 0.6945 - accuracy: 0.4375
20/67 [=======>......................] - ETA: 0s - loss: 0.6926 - accuracy: 0.4828
40/67 [================>.............] - ETA: 0s - loss: 0.6822 - accuracy: 0.5008
59/67 [=========================>....] - ETA: 0s - loss: 0.6833 - accuracy: 0.5064
67/67 [==============================] - 0s 3ms/step - loss: 0.6831 - accuracy: 0.5105
Epoch 12/25

 1/67 [..............................] - ETA: 0s - loss: 0.6932 - accuracy: 0.5000
18/67 [=======>......................] - ETA: 0s - loss: 0.6778 - accuracy: 0.5087
35/67 [==============>...............] - ETA: 0s - loss: 0.6801 - accuracy: 0.5179
53/67 [======================>.......] - ETA: 0s - loss: 0.6816 - accuracy: 0.5189
67/67 [==============================] - 0s 3ms/step - loss: 0.6829 - accuracy: 0.5133
Epoch 13/25

 1/67 [..............................] - ETA: 0s - loss: 0.6915 - accuracy: 0.5625
17/67 [======>.......................] - ETA: 0s - loss: 0.6876 - accuracy: 0.4835
33/67 [=============>................] - ETA: 0s - loss: 0.6854 - accuracy: 0.5123
50/67 [=====================>........] - ETA: 0s - loss: 0.6842 - accuracy: 0.5119
67/67 [==============================] - ETA: 0s - loss: 0.6827 - accuracy: 0.5119
67/67 [==============================] - 0s 3ms/step - loss: 0.6827 - accuracy: 0.5119
Epoch 14/25

 1/67 [..............................] - ETA: 0s - loss: 0.6894 - accuracy: 0.6562
20/67 [=======>......................] - ETA: 0s - loss: 0.6810 - accuracy: 0.5250
40/67 [================>.............] - ETA: 0s - loss: 0.6822 - accuracy: 0.5172
60/67 [=========================>....] - ETA: 0s - loss: 0.6831 - accuracy: 0.5120
67/67 [==============================] - 0s 3ms/step - loss: 0.6832 - accuracy: 0.5128
Epoch 15/25

 1/67 [..............................] - ETA: 0s - loss: 0.6478 - accuracy: 0.6562
19/67 [=======>......................] - ETA: 0s - loss: 0.6820 - accuracy: 0.5049
39/67 [================>.............] - ETA: 0s - loss: 0.6833 - accuracy: 0.5120
59/67 [=========================>....] - ETA: 0s - loss: 0.6831 - accuracy: 0.5101
67/67 [==============================] - 0s 3ms/step - loss: 0.6823 - accuracy: 0.5128
Epoch 16/25

 1/67 [..............................] - ETA: 0s - loss: 0.6710 - accuracy: 0.5625
20/67 [=======>......................] - ETA: 0s - loss: 0.6794 - accuracy: 0.5000
40/67 [================>.............] - ETA: 0s - loss: 0.6826 - accuracy: 0.4945
60/67 [=========================>....] - ETA: 0s - loss: 0.6840 - accuracy: 0.5120
67/67 [==============================] - 0s 3ms/step - loss: 0.6837 - accuracy: 0.5063
Epoch 17/25

 1/67 [..............................] - ETA: 0s - loss: 0.6958 - accuracy: 0.3750
20/67 [=======>......................] - ETA: 0s - loss: 0.6813 - accuracy: 0.5156
38/67 [================>.............] - ETA: 0s - loss: 0.6820 - accuracy: 0.5033
57/67 [========================>.....] - ETA: 0s - loss: 0.6826 - accuracy: 0.5137
67/67 [==============================] - 0s 3ms/step - loss: 0.6828 - accuracy: 0.5161
Epoch 18/25

 1/67 [..............................] - ETA: 0s - loss: 0.6694 - accuracy: 0.6250
19/67 [=======>......................] - ETA: 0s - loss: 0.6853 - accuracy: 0.5049
38/67 [================>.............] - ETA: 0s - loss: 0.6829 - accuracy: 0.5123
55/67 [=======================>......] - ETA: 0s - loss: 0.6827 - accuracy: 0.5057
67/67 [==============================] - 0s 3ms/step - loss: 0.6830 - accuracy: 0.5110
Epoch 19/25

 1/67 [..............................] - ETA: 0s - loss: 0.6937 - accuracy: 0.4688
19/67 [=======>......................] - ETA: 0s - loss: 0.6829 - accuracy: 0.5099
36/67 [===============>..............] - ETA: 0s - loss: 0.6815 - accuracy: 0.5217
54/67 [=======================>......] - ETA: 0s - loss: 0.6815 - accuracy: 0.5162
67/67 [==============================] - 0s 3ms/step - loss: 0.6830 - accuracy: 0.5096
Epoch 20/25

 1/67 [..............................] - ETA: 0s - loss: 0.6959 - accuracy: 0.4062
18/67 [=======>......................] - ETA: 0s - loss: 0.6829 - accuracy: 0.5382
36/67 [===============>..............] - ETA: 0s - loss: 0.6831 - accuracy: 0.5069
54/67 [=======================>......] - ETA: 0s - loss: 0.6814 - accuracy: 0.5214
67/67 [==============================] - 0s 3ms/step - loss: 0.6829 - accuracy: 0.5133
Epoch 21/25

 1/67 [..............................] - ETA: 0s - loss: 0.6925 - accuracy: 0.5312
21/67 [========>.....................] - ETA: 0s - loss: 0.6842 - accuracy: 0.4896
40/67 [================>.............] - ETA: 0s - loss: 0.6814 - accuracy: 0.5172
60/67 [=========================>....] - ETA: 0s - loss: 0.6832 - accuracy: 0.5094
67/67 [==============================] - 0s 3ms/step - loss: 0.6829 - accuracy: 0.5138
Epoch 22/25

 1/67 [..............................] - ETA: 0s - loss: 0.6724 - accuracy: 0.4688
20/67 [=======>......................] - ETA: 0s - loss: 0.6823 - accuracy: 0.5156
39/67 [================>.............] - ETA: 0s - loss: 0.6829 - accuracy: 0.5000
57/67 [========================>.....] - ETA: 0s - loss: 0.6814 - accuracy: 0.5137
67/67 [==============================] - 0s 3ms/step - loss: 0.6826 - accuracy: 0.5096
Epoch 23/25

 1/67 [..............................] - ETA: 0s - loss: 0.6919 - accuracy: 0.5625
19/67 [=======>......................] - ETA: 0s - loss: 0.6821 - accuracy: 0.4951
38/67 [================>.............] - ETA: 0s - loss: 0.6826 - accuracy: 0.5041
54/67 [=======================>......] - ETA: 0s - loss: 0.6833 - accuracy: 0.5064
67/67 [==============================] - 0s 3ms/step - loss: 0.6832 - accuracy: 0.5110
Epoch 24/25

 1/67 [..............................] - ETA: 0s - loss: 0.6718 - accuracy: 0.5000
19/67 [=======>......................] - ETA: 0s - loss: 0.6809 - accuracy: 0.4951
37/67 [===============>..............] - ETA: 0s - loss: 0.6829 - accuracy: 0.4924
54/67 [=======================>......] - ETA: 0s - loss: 0.6833 - accuracy: 0.5127
67/67 [==============================] - 0s 3ms/step - loss: 0.6829 - accuracy: 0.5124
Epoch 25/25

 1/67 [..............................] - ETA: 0s - loss: 0.6915 - accuracy: 0.5625
19/67 [=======>......................] - ETA: 0s - loss: 0.6853 - accuracy: 0.5082
37/67 [===============>..............] - ETA: 0s - loss: 0.6833 - accuracy: 0.5118
57/67 [========================>.....] - ETA: 0s - loss: 0.6833 - accuracy: 0.5154
67/67 [==============================] - 0s 3ms/step - loss: 0.6829 - accuracy: 0.5110
# node2vec
Epoch 1/25

 1/67 [..............................] - ETA: 19s - loss: 0.6931 - accuracy: 0.3750
25/67 [==========>...................] - ETA: 0s - loss: 0.6907 - accuracy: 0.4837 
52/67 [======================>.......] - ETA: 0s - loss: 0.6917 - accuracy: 0.4952
67/67 [==============================] - 0s 2ms/step - loss: 0.6907 - accuracy: 0.4928
Epoch 2/25

 1/67 [..............................] - ETA: 0s - loss: 0.6751 - accuracy: 0.5625
24/67 [=========>....................] - ETA: 0s - loss: 0.6827 - accuracy: 0.4987
49/67 [====================>.........] - ETA: 0s - loss: 0.6846 - accuracy: 0.5096
67/67 [==============================] - 0s 2ms/step - loss: 0.6872 - accuracy: 0.5054
Epoch 3/25

 1/67 [..............................] - ETA: 0s - loss: 0.6941 - accuracy: 0.4375
28/67 [===========>..................] - ETA: 0s - loss: 0.6860 - accuracy: 0.5223
58/67 [========================>.....] - ETA: 0s - loss: 0.6862 - accuracy: 0.5086
67/67 [==============================] - 0s 2ms/step - loss: 0.6852 - accuracy: 0.5096
Epoch 4/25

 1/67 [..............................] - ETA: 0s - loss: 0.6927 - accuracy: 0.5312
33/67 [=============>................] - ETA: 0s - loss: 0.6856 - accuracy: 0.5180
63/67 [===========================>..] - ETA: 0s - loss: 0.6837 - accuracy: 0.5203
67/67 [==============================] - 0s 2ms/step - loss: 0.6844 - accuracy: 0.5138
Epoch 5/25

 1/67 [..............................] - ETA: 0s - loss: 0.6732 - accuracy: 0.5625
33/67 [=============>................] - ETA: 0s - loss: 0.6817 - accuracy: 0.5275
64/67 [===========================>..] - ETA: 0s - loss: 0.6839 - accuracy: 0.5132
67/67 [==============================] - 0s 2ms/step - loss: 0.6843 - accuracy: 0.5119
Epoch 6/25

 1/67 [..............................] - ETA: 0s - loss: 0.6969 - accuracy: 0.3750
28/67 [===========>..................] - ETA: 0s - loss: 0.6818 - accuracy: 0.5167
56/67 [========================>.....] - ETA: 0s - loss: 0.6829 - accuracy: 0.5106
67/67 [==============================] - 0s 2ms/step - loss: 0.6841 - accuracy: 0.5128
Epoch 7/25

 1/67 [..............................] - ETA: 0s - loss: 0.6737 - accuracy: 0.5312
31/67 [============>.................] - ETA: 0s - loss: 0.6844 - accuracy: 0.5020
64/67 [===========================>..] - ETA: 0s - loss: 0.6833 - accuracy: 0.5093
67/67 [==============================] - 0s 2ms/step - loss: 0.6839 - accuracy: 0.5082
Epoch 8/25

 1/67 [..............................] - ETA: 0s - loss: 0.6936 - accuracy: 0.4688
31/67 [============>.................] - ETA: 0s - loss: 0.6822 - accuracy: 0.5192
62/67 [==========================>...] - ETA: 0s - loss: 0.6838 - accuracy: 0.5161
67/67 [==============================] - 0s 2ms/step - loss: 0.6840 - accuracy: 0.5119
Epoch 9/25

 1/67 [..............................] - ETA: 0s - loss: 0.6908 - accuracy: 0.6250
32/67 [=============>................] - ETA: 0s - loss: 0.6832 - accuracy: 0.5078
63/67 [===========================>..] - ETA: 0s - loss: 0.6830 - accuracy: 0.5139
67/67 [==============================] - 0s 2ms/step - loss: 0.6836 - accuracy: 0.5152
Epoch 10/25

 1/67 [..............................] - ETA: 0s - loss: 0.6926 - accuracy: 0.5312
30/67 [============>.................] - ETA: 0s - loss: 0.6875 - accuracy: 0.4698
60/67 [=========================>....] - ETA: 0s - loss: 0.6837 - accuracy: 0.4896
67/67 [==============================] - 0s 2ms/step - loss: 0.6837 - accuracy: 0.4918
Epoch 11/25

 1/67 [..............................] - ETA: 0s - loss: 0.6508 - accuracy: 0.5312
30/67 [============>.................] - ETA: 0s - loss: 0.6817 - accuracy: 0.5219
57/67 [========================>.....] - ETA: 0s - loss: 0.6834 - accuracy: 0.5186
67/67 [==============================] - 0s 2ms/step - loss: 0.6837 - accuracy: 0.5100
Epoch 12/25

 1/67 [..............................] - ETA: 0s - loss: 0.6726 - accuracy: 0.4688
22/67 [========>.....................] - ETA: 0s - loss: 0.6816 - accuracy: 0.5071
49/67 [====================>.........] - ETA: 0s - loss: 0.6833 - accuracy: 0.5128
67/67 [==============================] - 0s 2ms/step - loss: 0.6834 - accuracy: 0.5138
Epoch 13/25

 1/67 [..............................] - ETA: 0s - loss: 0.6955 - accuracy: 0.3750
27/67 [===========>..................] - ETA: 0s - loss: 0.6810 - accuracy: 0.5255
56/67 [========================>.....] - ETA: 0s - loss: 0.6821 - accuracy: 0.5140
67/67 [==============================] - 0s 2ms/step - loss: 0.6837 - accuracy: 0.5105
Epoch 14/25

 1/67 [..............................] - ETA: 0s - loss: 0.6950 - accuracy: 0.3750
28/67 [===========>..................] - ETA: 0s - loss: 0.6810 - accuracy: 0.5100
61/67 [==========================>...] - ETA: 0s - loss: 0.6831 - accuracy: 0.5159
67/67 [==============================] - 0s 2ms/step - loss: 0.6839 - accuracy: 0.5114
Epoch 15/25

 1/67 [..............................] - ETA: 0s - loss: 0.6911 - accuracy: 0.5938
30/67 [============>.................] - ETA: 0s - loss: 0.6830 - accuracy: 0.5104
63/67 [===========================>..] - ETA: 0s - loss: 0.6836 - accuracy: 0.5079
67/67 [==============================] - 0s 2ms/step - loss: 0.6835 - accuracy: 0.5124
Epoch 16/25

 1/67 [..............................] - ETA: 0s - loss: 0.6716 - accuracy: 0.5625
38/67 [================>.............] - ETA: 0s - loss: 0.6823 - accuracy: 0.5132
67/67 [==============================] - 0s 1ms/step - loss: 0.6836 - accuracy: 0.5128
Epoch 17/25

 1/67 [..............................] - ETA: 0s - loss: 0.6505 - accuracy: 0.5000
33/67 [=============>................] - ETA: 0s - loss: 0.6820 - accuracy: 0.5199
65/67 [============================>.] - ETA: 0s - loss: 0.6829 - accuracy: 0.5120
67/67 [==============================] - 0s 2ms/step - loss: 0.6827 - accuracy: 0.5096
Epoch 18/25

 1/67 [..............................] - ETA: 0s - loss: 0.6738 - accuracy: 0.4062
30/67 [============>.................] - ETA: 0s - loss: 0.6789 - accuracy: 0.5052
60/67 [=========================>....] - ETA: 0s - loss: 0.6834 - accuracy: 0.5047
67/67 [==============================] - 0s 2ms/step - loss: 0.6841 - accuracy: 0.5044
Epoch 19/25

 1/67 [..............................] - ETA: 0s - loss: 0.6895 - accuracy: 0.4375
27/67 [===========>..................] - ETA: 0s - loss: 0.6807 - accuracy: 0.5208
57/67 [========================>.....] - ETA: 0s - loss: 0.6831 - accuracy: 0.5121
67/67 [==============================] - 0s 2ms/step - loss: 0.6833 - accuracy: 0.5133
Epoch 20/25

 1/67 [..............................] - ETA: 0s - loss: 0.6932 - accuracy: 0.5000
32/67 [=============>................] - ETA: 0s - loss: 0.6814 - accuracy: 0.5215
66/67 [============================>.] - ETA: 0s - loss: 0.6836 - accuracy: 0.5116
67/67 [==============================] - 0s 2ms/step - loss: 0.6837 - accuracy: 0.5096
Epoch 21/25

 1/67 [..............................] - ETA: 0s - loss: 0.6911 - accuracy: 0.6875
34/67 [==============>...............] - ETA: 0s - loss: 0.6845 - accuracy: 0.5101
67/67 [==============================] - 0s 2ms/step - loss: 0.6833 - accuracy: 0.4988
Epoch 22/25

 1/67 [..............................] - ETA: 0s - loss: 0.6937 - accuracy: 0.4375
36/67 [===============>..............] - ETA: 0s - loss: 0.6836 - accuracy: 0.5113
67/67 [==============================] - 0s 1ms/step - loss: 0.6834 - accuracy: 0.5124
Epoch 23/25

 1/67 [..............................] - ETA: 0s - loss: 0.6535 - accuracy: 0.3438
35/67 [==============>...............] - ETA: 0s - loss: 0.6799 - accuracy: 0.5214
67/67 [==============================] - 0s 2ms/step - loss: 0.6827 - accuracy: 0.5133
Epoch 24/25

 1/67 [..............................] - ETA: 0s - loss: 0.6937 - accuracy: 0.4688
35/67 [==============>...............] - ETA: 0s - loss: 0.6834 - accuracy: 0.5143
64/67 [===========================>..] - ETA: 0s - loss: 0.6840 - accuracy: 0.5098
67/67 [==============================] - 0s 2ms/step - loss: 0.6841 - accuracy: 0.5077
Epoch 25/25

 1/67 [..............................] - ETA: 0s - loss: 0.6705 - accuracy: 0.5938
28/67 [===========>..................] - ETA: 0s - loss: 0.6841 - accuracy: 0.5391
58/67 [========================>.....] - ETA: 0s - loss: 0.6835 - accuracy: 0.5108
67/67 [==============================] - 0s 2ms/step - loss: 0.6832 - accuracy: 0.5133
# predict: steps=1872
# predict: tnodeembed_metrics
# predict: node2vec_metrics
tnodeembed: {'auc': 0.49973934700490413, 'f1_micro': 0.4996827199251887, 'f1_macro': 0.3382842688185243} tNodeEmbed_final_loss=0.6829432249069214 tNodeEmbed_final_accuracy=0.5109659433364868 
node2vec: {'auc': 0.49953955689658974, 'f1_micro': 0.4996827199251887, 'f1_macro': 0.3389183483039387} node2vec_final_loss=0.6831527948379517 node2vec_final_accuracy=0.5132991075515747 
