# load graph
# initialize tNodeEmbed for dataset=PPI, test_size=0.2
# load dataset
# fit
# tNodeEmbed
Epoch 1/25

 1/67 [..............................] - ETA: 1:31 - loss: 0.6931 - accuracy: 0.5938
21/67 [========>.....................] - ETA: 0s - loss: 0.6929 - accuracy: 0.4985  
38/67 [================>.............] - ETA: 0s - loss: 0.6930 - accuracy: 0.4942
56/67 [========================>.....] - ETA: 0s - loss: 0.6930 - accuracy: 0.4883
67/67 [==============================] - 2s 3ms/step - loss: 0.6931 - accuracy: 0.4844
Epoch 2/25

 1/67 [..............................] - ETA: 0s - loss: 0.6865 - accuracy: 0.4688
16/67 [======>.......................] - ETA: 0s - loss: 0.6902 - accuracy: 0.5215
32/67 [=============>................] - ETA: 0s - loss: 0.6912 - accuracy: 0.4961
49/67 [====================>.........] - ETA: 0s - loss: 0.6913 - accuracy: 0.4981
65/67 [============================>.] - ETA: 0s - loss: 0.6928 - accuracy: 0.4899
67/67 [==============================] - 0s 3ms/step - loss: 0.6928 - accuracy: 0.4890
Epoch 3/25

 1/67 [..............................] - ETA: 0s - loss: 0.6935 - accuracy: 0.4375
17/67 [======>.......................] - ETA: 0s - loss: 0.6913 - accuracy: 0.4577
33/67 [=============>................] - ETA: 0s - loss: 0.6919 - accuracy: 0.4811
49/67 [====================>.........] - ETA: 0s - loss: 0.6912 - accuracy: 0.4828
65/67 [============================>.] - ETA: 0s - loss: 0.6916 - accuracy: 0.4827
67/67 [==============================] - 0s 3ms/step - loss: 0.6917 - accuracy: 0.4834
Epoch 4/25

 1/67 [..............................] - ETA: 0s - loss: 0.6934 - accuracy: 0.4375
18/67 [=======>......................] - ETA: 0s - loss: 0.6915 - accuracy: 0.5104
36/67 [===============>..............] - ETA: 0s - loss: 0.6919 - accuracy: 0.5043
54/67 [=======================>......] - ETA: 0s - loss: 0.6916 - accuracy: 0.5035
67/67 [==============================] - 0s 3ms/step - loss: 0.6914 - accuracy: 0.5030
Epoch 5/25

 1/67 [..............................] - ETA: 0s - loss: 0.6925 - accuracy: 0.5625
18/67 [=======>......................] - ETA: 0s - loss: 0.6878 - accuracy: 0.5069
34/67 [==============>...............] - ETA: 0s - loss: 0.6899 - accuracy: 0.5018
53/67 [======================>.......] - ETA: 0s - loss: 0.6909 - accuracy: 0.5018
67/67 [==============================] - 0s 3ms/step - loss: 0.6913 - accuracy: 0.5026
Epoch 6/25

 1/67 [..............................] - ETA: 0s - loss: 0.6935 - accuracy: 0.4375
18/67 [=======>......................] - ETA: 0s - loss: 0.6890 - accuracy: 0.5139
35/67 [==============>...............] - ETA: 0s - loss: 0.6911 - accuracy: 0.5009
52/67 [======================>.......] - ETA: 0s - loss: 0.6913 - accuracy: 0.5042
67/67 [==============================] - 0s 3ms/step - loss: 0.6909 - accuracy: 0.5040
Epoch 7/25

 1/67 [..............................] - ETA: 0s - loss: 0.6913 - accuracy: 0.5625
20/67 [=======>......................] - ETA: 0s - loss: 0.6917 - accuracy: 0.5141
36/67 [===============>..............] - ETA: 0s - loss: 0.6913 - accuracy: 0.5035
52/67 [======================>.......] - ETA: 0s - loss: 0.6900 - accuracy: 0.5024
67/67 [==============================] - 0s 3ms/step - loss: 0.6908 - accuracy: 0.5030
Epoch 8/25

 1/67 [..............................] - ETA: 0s - loss: 0.6933 - accuracy: 0.4688
17/67 [======>.......................] - ETA: 0s - loss: 0.6903 - accuracy: 0.4982
33/67 [=============>................] - ETA: 0s - loss: 0.6914 - accuracy: 0.5076
49/67 [====================>.........] - ETA: 0s - loss: 0.6912 - accuracy: 0.5019
65/67 [============================>.] - ETA: 0s - loss: 0.6906 - accuracy: 0.5010
67/67 [==============================] - 0s 3ms/step - loss: 0.6907 - accuracy: 0.5016
Epoch 9/25

 1/67 [..............................] - ETA: 0s - loss: 0.6928 - accuracy: 0.5625
17/67 [======>.......................] - ETA: 0s - loss: 0.6903 - accuracy: 0.5349
33/67 [=============>................] - ETA: 0s - loss: 0.6910 - accuracy: 0.5208
49/67 [====================>.........] - ETA: 0s - loss: 0.6905 - accuracy: 0.5159
64/67 [===========================>..] - ETA: 0s - loss: 0.6901 - accuracy: 0.5093
67/67 [==============================] - 0s 3ms/step - loss: 0.6903 - accuracy: 0.5040
Epoch 10/25

 1/67 [..............................] - ETA: 0s - loss: 0.6936 - accuracy: 0.4688
16/67 [======>.......................] - ETA: 0s - loss: 0.6922 - accuracy: 0.4805
32/67 [=============>................] - ETA: 0s - loss: 0.6902 - accuracy: 0.4707
50/67 [=====================>........] - ETA: 0s - loss: 0.6895 - accuracy: 0.4913
67/67 [==============================] - ETA: 0s - loss: 0.6902 - accuracy: 0.4886
67/67 [==============================] - 0s 3ms/step - loss: 0.6902 - accuracy: 0.4886
Epoch 11/25

 1/67 [..............................] - ETA: 0s - loss: 0.6929 - accuracy: 0.5312
12/67 [====>.........................] - ETA: 0s - loss: 0.6913 - accuracy: 0.5104
24/67 [=========>....................] - ETA: 0s - loss: 0.6898 - accuracy: 0.5000
35/67 [==============>...............] - ETA: 0s - loss: 0.6881 - accuracy: 0.5054
47/67 [====================>.........] - ETA: 0s - loss: 0.6890 - accuracy: 0.4980
60/67 [=========================>....] - ETA: 0s - loss: 0.6897 - accuracy: 0.4974
67/67 [==============================] - 0s 4ms/step - loss: 0.6900 - accuracy: 0.5002
Epoch 12/25

 1/67 [..............................] - ETA: 0s - loss: 0.6713 - accuracy: 0.5625
16/67 [======>.......................] - ETA: 0s - loss: 0.6907 - accuracy: 0.4805
32/67 [=============>................] - ETA: 0s - loss: 0.6920 - accuracy: 0.4863
49/67 [====================>.........] - ETA: 0s - loss: 0.6909 - accuracy: 0.4962
65/67 [============================>.] - ETA: 0s - loss: 0.6901 - accuracy: 0.5029
67/67 [==============================] - 0s 3ms/step - loss: 0.6899 - accuracy: 0.5068
Epoch 13/25

 1/67 [..............................] - ETA: 0s - loss: 0.6939 - accuracy: 0.4375
17/67 [======>.......................] - ETA: 0s - loss: 0.6870 - accuracy: 0.4963
33/67 [=============>................] - ETA: 0s - loss: 0.6900 - accuracy: 0.5038
49/67 [====================>.........] - ETA: 0s - loss: 0.6893 - accuracy: 0.5051
65/67 [============================>.] - ETA: 0s - loss: 0.6901 - accuracy: 0.5019
67/67 [==============================] - 0s 3ms/step - loss: 0.6899 - accuracy: 0.5002
Epoch 14/25

 1/67 [..............................] - ETA: 0s - loss: 0.6943 - accuracy: 0.4375
19/67 [=======>......................] - ETA: 0s - loss: 0.6923 - accuracy: 0.4836
37/67 [===============>..............] - ETA: 0s - loss: 0.6909 - accuracy: 0.4983
56/67 [========================>.....] - ETA: 0s - loss: 0.6902 - accuracy: 0.5061
67/67 [==============================] - 0s 3ms/step - loss: 0.6898 - accuracy: 0.5040
Epoch 15/25

 1/67 [..............................] - ETA: 0s - loss: 0.6924 - accuracy: 0.5625
19/67 [=======>......................] - ETA: 0s - loss: 0.6888 - accuracy: 0.4918
38/67 [================>.............] - ETA: 0s - loss: 0.6898 - accuracy: 0.4951
56/67 [========================>.....] - ETA: 0s - loss: 0.6903 - accuracy: 0.4983
67/67 [==============================] - 0s 3ms/step - loss: 0.6898 - accuracy: 0.5058
Epoch 16/25

 1/67 [..............................] - ETA: 0s - loss: 0.6938 - accuracy: 0.4062
17/67 [======>.......................] - ETA: 0s - loss: 0.6920 - accuracy: 0.4908
33/67 [=============>................] - ETA: 0s - loss: 0.6890 - accuracy: 0.4886
46/67 [===================>..........] - ETA: 0s - loss: 0.6887 - accuracy: 0.5000
57/67 [========================>.....] - ETA: 0s - loss: 0.6897 - accuracy: 0.4951
67/67 [==============================] - 0s 4ms/step - loss: 0.6898 - accuracy: 0.5035
Epoch 17/25

 1/67 [..............................] - ETA: 0s - loss: 0.6915 - accuracy: 0.6562
18/67 [=======>......................] - ETA: 0s - loss: 0.6931 - accuracy: 0.5069
34/67 [==============>...............] - ETA: 0s - loss: 0.6912 - accuracy: 0.5092
51/67 [=====================>........] - ETA: 0s - loss: 0.6895 - accuracy: 0.4994
67/67 [==============================] - 0s 3ms/step - loss: 0.6897 - accuracy: 0.5035
Epoch 18/25

 1/67 [..............................] - ETA: 0s - loss: 0.6497 - accuracy: 0.5938
18/67 [=======>......................] - ETA: 0s - loss: 0.6872 - accuracy: 0.4983
35/67 [==============>...............] - ETA: 0s - loss: 0.6877 - accuracy: 0.4991
53/67 [======================>.......] - ETA: 0s - loss: 0.6896 - accuracy: 0.4953
67/67 [==============================] - 0s 3ms/step - loss: 0.6897 - accuracy: 0.5012
Epoch 19/25

 1/67 [..............................] - ETA: 0s - loss: 0.6934 - accuracy: 0.4375
19/67 [=======>......................] - ETA: 0s - loss: 0.6898 - accuracy: 0.5049
37/67 [===============>..............] - ETA: 0s - loss: 0.6879 - accuracy: 0.5059
56/67 [========================>.....] - ETA: 0s - loss: 0.6893 - accuracy: 0.5073
67/67 [==============================] - 0s 3ms/step - loss: 0.6897 - accuracy: 0.5044
Epoch 20/25

 1/67 [..............................] - ETA: 0s - loss: 0.6922 - accuracy: 0.5938
19/67 [=======>......................] - ETA: 0s - loss: 0.6915 - accuracy: 0.5493
38/67 [================>.............] - ETA: 0s - loss: 0.6889 - accuracy: 0.5296
56/67 [========================>.....] - ETA: 0s - loss: 0.6897 - accuracy: 0.5117
67/67 [==============================] - 0s 3ms/step - loss: 0.6898 - accuracy: 0.5026
Epoch 21/25

 1/67 [..............................] - ETA: 0s - loss: 0.6945 - accuracy: 0.3750
19/67 [=======>......................] - ETA: 0s - loss: 0.6921 - accuracy: 0.5066
37/67 [===============>..............] - ETA: 0s - loss: 0.6902 - accuracy: 0.5135
55/67 [=======================>......] - ETA: 0s - loss: 0.6900 - accuracy: 0.5142
67/67 [==============================] - 0s 3ms/step - loss: 0.6897 - accuracy: 0.5026
Epoch 22/25

 1/67 [..............................] - ETA: 0s - loss: 0.6925 - accuracy: 0.5625
17/67 [======>.......................] - ETA: 0s - loss: 0.6908 - accuracy: 0.4835
33/67 [=============>................] - ETA: 0s - loss: 0.6906 - accuracy: 0.4972
49/67 [====================>.........] - ETA: 0s - loss: 0.6902 - accuracy: 0.4911
66/67 [============================>.] - ETA: 0s - loss: 0.6896 - accuracy: 0.4969
67/67 [==============================] - 0s 3ms/step - loss: 0.6897 - accuracy: 0.4988
Epoch 23/25

 1/67 [..............................] - ETA: 0s - loss: 0.6931 - accuracy: 0.5000
18/67 [=======>......................] - ETA: 0s - loss: 0.6909 - accuracy: 0.4861
35/67 [==============>...............] - ETA: 0s - loss: 0.6907 - accuracy: 0.5036
52/67 [======================>.......] - ETA: 0s - loss: 0.6904 - accuracy: 0.4952
67/67 [==============================] - 0s 3ms/step - loss: 0.6897 - accuracy: 0.5030
Epoch 24/25

 1/67 [..............................] - ETA: 0s - loss: 0.6710 - accuracy: 0.5938
20/67 [=======>......................] - ETA: 0s - loss: 0.6877 - accuracy: 0.5156
39/67 [================>.............] - ETA: 0s - loss: 0.6905 - accuracy: 0.5064
59/67 [=========================>....] - ETA: 0s - loss: 0.6896 - accuracy: 0.5079
67/67 [==============================] - 0s 3ms/step - loss: 0.6897 - accuracy: 0.5016
Epoch 25/25

 1/67 [..............................] - ETA: 0s - loss: 0.6937 - accuracy: 0.4375
19/67 [=======>......................] - ETA: 0s - loss: 0.6910 - accuracy: 0.4934
37/67 [===============>..............] - ETA: 0s - loss: 0.6909 - accuracy: 0.5186
56/67 [========================>.....] - ETA: 0s - loss: 0.6902 - accuracy: 0.5061
67/67 [==============================] - 0s 3ms/step - loss: 0.6897 - accuracy: 0.5054
# node2vec
Epoch 1/25

 1/67 [..............................] - ETA: 22s - loss: 0.6931 - accuracy: 0.5312
31/67 [============>.................] - ETA: 0s - loss: 0.6945 - accuracy: 0.5151 
64/67 [===========================>..] - ETA: 0s - loss: 0.6934 - accuracy: 0.4966
67/67 [==============================] - 0s 2ms/step - loss: 0.6931 - accuracy: 0.4932
Epoch 2/25

 1/67 [..............................] - ETA: 0s - loss: 0.6761 - accuracy: 0.5312
33/67 [=============>................] - ETA: 0s - loss: 0.6923 - accuracy: 0.5057
67/67 [==============================] - ETA: 0s - loss: 0.6919 - accuracy: 0.4951
67/67 [==============================] - 0s 2ms/step - loss: 0.6919 - accuracy: 0.4951
Epoch 3/25

 1/67 [..............................] - ETA: 0s - loss: 0.6953 - accuracy: 0.3750
33/67 [=============>................] - ETA: 0s - loss: 0.6928 - accuracy: 0.4896
67/67 [==============================] - 0s 2ms/step - loss: 0.6912 - accuracy: 0.4904
Epoch 4/25

 1/67 [..............................] - ETA: 0s - loss: 0.6923 - accuracy: 0.5938
37/67 [===============>..............] - ETA: 0s - loss: 0.6905 - accuracy: 0.5118
67/67 [==============================] - 0s 2ms/step - loss: 0.6910 - accuracy: 0.5072
Epoch 5/25

 1/67 [..............................] - ETA: 0s - loss: 0.6747 - accuracy: 0.5000
27/67 [===========>..................] - ETA: 0s - loss: 0.6884 - accuracy: 0.5069
50/67 [=====================>........] - ETA: 0s - loss: 0.6902 - accuracy: 0.5069
67/67 [==============================] - 0s 2ms/step - loss: 0.6907 - accuracy: 0.5007
Epoch 6/25

 1/67 [..............................] - ETA: 0s - loss: 0.6732 - accuracy: 0.5000
25/67 [==========>...................] - ETA: 0s - loss: 0.6895 - accuracy: 0.4988
52/67 [======================>.......] - ETA: 0s - loss: 0.6895 - accuracy: 0.4934
67/67 [==============================] - 0s 2ms/step - loss: 0.6906 - accuracy: 0.4998
Epoch 7/25

 1/67 [..............................] - ETA: 0s - loss: 0.6930 - accuracy: 0.5312
27/67 [===========>..................] - ETA: 0s - loss: 0.6902 - accuracy: 0.5162
54/67 [=======================>......] - ETA: 0s - loss: 0.6900 - accuracy: 0.5087
67/67 [==============================] - 0s 2ms/step - loss: 0.6904 - accuracy: 0.5021
Epoch 8/25

 1/67 [..............................] - ETA: 0s - loss: 0.6932 - accuracy: 0.5000
32/67 [=============>................] - ETA: 0s - loss: 0.6893 - accuracy: 0.5088
58/67 [========================>.....] - ETA: 0s - loss: 0.6898 - accuracy: 0.4828
67/67 [==============================] - 0s 2ms/step - loss: 0.6903 - accuracy: 0.4848
Epoch 9/25

 1/67 [..............................] - ETA: 0s - loss: 0.6933 - accuracy: 0.4375
24/67 [=========>....................] - ETA: 0s - loss: 0.6890 - accuracy: 0.4831
51/67 [=====================>........] - ETA: 0s - loss: 0.6899 - accuracy: 0.4939
67/67 [==============================] - 0s 2ms/step - loss: 0.6904 - accuracy: 0.4881
Epoch 10/25

 1/67 [..............................] - ETA: 0s - loss: 0.6930 - accuracy: 0.5625
24/67 [=========>....................] - ETA: 0s - loss: 0.6898 - accuracy: 0.5130
50/67 [=====================>........] - ETA: 0s - loss: 0.6897 - accuracy: 0.5069
67/67 [==============================] - 0s 2ms/step - loss: 0.6903 - accuracy: 0.5063
Epoch 11/25

 1/67 [..............................] - ETA: 0s - loss: 0.6927 - accuracy: 0.5625
28/67 [===========>..................] - ETA: 0s - loss: 0.6915 - accuracy: 0.5100
56/67 [========================>.....] - ETA: 0s - loss: 0.6908 - accuracy: 0.5045
67/67 [==============================] - 0s 2ms/step - loss: 0.6902 - accuracy: 0.5035
Epoch 12/25

 1/67 [..............................] - ETA: 0s - loss: 0.6721 - accuracy: 0.5000
30/67 [============>.................] - ETA: 0s - loss: 0.6904 - accuracy: 0.4896
62/67 [==========================>...] - ETA: 0s - loss: 0.6902 - accuracy: 0.4955
67/67 [==============================] - 0s 2ms/step - loss: 0.6902 - accuracy: 0.4956
Epoch 13/25

 1/67 [..............................] - ETA: 0s - loss: 0.6704 - accuracy: 0.6562
29/67 [===========>..................] - ETA: 0s - loss: 0.6902 - accuracy: 0.4978
57/67 [========================>.....] - ETA: 0s - loss: 0.6905 - accuracy: 0.5071
67/67 [==============================] - 0s 2ms/step - loss: 0.6901 - accuracy: 0.5040
Epoch 14/25

 1/67 [..............................] - ETA: 0s - loss: 0.6939 - accuracy: 0.4375
26/67 [==========>...................] - ETA: 0s - loss: 0.6913 - accuracy: 0.5000
48/67 [====================>.........] - ETA: 0s - loss: 0.6887 - accuracy: 0.4987
67/67 [==============================] - 0s 2ms/step - loss: 0.6902 - accuracy: 0.5049
Epoch 15/25

 1/67 [..............................] - ETA: 0s - loss: 0.6930 - accuracy: 0.5000
25/67 [==========>...................] - ETA: 0s - loss: 0.6886 - accuracy: 0.4925
45/67 [===================>..........] - ETA: 0s - loss: 0.6898 - accuracy: 0.4812
67/67 [==============================] - ETA: 0s - loss: 0.6900 - accuracy: 0.4848
67/67 [==============================] - 0s 2ms/step - loss: 0.6900 - accuracy: 0.4848
Epoch 16/25

 1/67 [..............................] - ETA: 0s - loss: 0.6926 - accuracy: 0.5625
22/67 [========>.....................] - ETA: 0s - loss: 0.6894 - accuracy: 0.4901
44/67 [==================>...........] - ETA: 0s - loss: 0.6899 - accuracy: 0.4950
67/67 [==============================] - 0s 2ms/step - loss: 0.6901 - accuracy: 0.5049
Epoch 17/25

 1/67 [..............................] - ETA: 0s - loss: 0.6719 - accuracy: 0.5000
32/67 [=============>................] - ETA: 0s - loss: 0.6901 - accuracy: 0.4912
66/67 [============================>.] - ETA: 0s - loss: 0.6901 - accuracy: 0.4903
67/67 [==============================] - 0s 2ms/step - loss: 0.6902 - accuracy: 0.4900
Epoch 18/25

 1/67 [..............................] - ETA: 0s - loss: 0.6923 - accuracy: 0.5938
33/67 [=============>................] - ETA: 0s - loss: 0.6896 - accuracy: 0.4953
64/67 [===========================>..] - ETA: 0s - loss: 0.6900 - accuracy: 0.4897
67/67 [==============================] - 0s 2ms/step - loss: 0.6901 - accuracy: 0.4932
Epoch 19/25

 1/67 [..............................] - ETA: 0s - loss: 0.6929 - accuracy: 0.5938
32/67 [=============>................] - ETA: 0s - loss: 0.6900 - accuracy: 0.5049
65/67 [============================>.] - ETA: 0s - loss: 0.6900 - accuracy: 0.5043
67/67 [==============================] - 0s 2ms/step - loss: 0.6901 - accuracy: 0.5030
Epoch 20/25

 1/67 [..............................] - ETA: 0s - loss: 0.6974 - accuracy: 0.4375
31/67 [============>.................] - ETA: 0s - loss: 0.6906 - accuracy: 0.4929
52/67 [======================>.......] - ETA: 0s - loss: 0.6899 - accuracy: 0.4958
67/67 [==============================] - 0s 2ms/step - loss: 0.6901 - accuracy: 0.5026
Epoch 21/25

 1/67 [..............................] - ETA: 0s - loss: 0.6932 - accuracy: 0.5000
26/67 [==========>...................] - ETA: 0s - loss: 0.6891 - accuracy: 0.4988
53/67 [======================>.......] - ETA: 0s - loss: 0.6894 - accuracy: 0.5088
67/67 [==============================] - 0s 2ms/step - loss: 0.6899 - accuracy: 0.5035
Epoch 22/25

 1/67 [..............................] - ETA: 0s - loss: 0.6934 - accuracy: 0.4688
25/67 [==========>...................] - ETA: 0s - loss: 0.6890 - accuracy: 0.4875
52/67 [======================>.......] - ETA: 0s - loss: 0.6898 - accuracy: 0.4940
67/67 [==============================] - 0s 2ms/step - loss: 0.6899 - accuracy: 0.4900
Epoch 23/25

 1/67 [..............................] - ETA: 0s - loss: 0.6931 - accuracy: 0.5000
30/67 [============>.................] - ETA: 0s - loss: 0.6863 - accuracy: 0.5031
52/67 [======================>.......] - ETA: 0s - loss: 0.6889 - accuracy: 0.5036
67/67 [==============================] - 0s 2ms/step - loss: 0.6899 - accuracy: 0.5012
Epoch 24/25

 1/67 [..............................] - ETA: 0s - loss: 0.6896 - accuracy: 0.5312
27/67 [===========>..................] - ETA: 0s - loss: 0.6916 - accuracy: 0.5185
57/67 [========================>.....] - ETA: 0s - loss: 0.6896 - accuracy: 0.4989
67/67 [==============================] - 0s 2ms/step - loss: 0.6901 - accuracy: 0.5040
Epoch 25/25

 1/67 [..............................] - ETA: 0s - loss: 0.6934 - accuracy: 0.4375
27/67 [===========>..................] - ETA: 0s - loss: 0.6886 - accuracy: 0.4942
55/67 [=======================>......] - ETA: 0s - loss: 0.6896 - accuracy: 0.5057
67/67 [==============================] - 0s 2ms/step - loss: 0.6900 - accuracy: 0.5002
# predict: steps=1872
# predict: tnodeembed_metrics
# predict: node2vec_metrics
tnodeembed: {'auc': 0.49970054879685205, 'f1_micro': 0.499766214681718, 'f1_macro': 0.33458928784237985} tNodeEmbed_final_loss=0.6897319555282593 tNodeEmbed_final_accuracy=0.505366325378418 
node2vec: {'auc': 0.4997675543010166, 'f1_micro': 0.4997996125843297, 'f1_macro': 0.3348103602548029} node2vec_final_loss=0.6899682879447937 node2vec_final_accuracy=0.5002332925796509 
