# load graph
# initialize tNodeEmbed for dataset=PPI, test_size=0.2
# load dataset
# fit
# tNodeEmbed
Epoch 1/25

 1/67 [..............................] - ETA: 1:23 - loss: 0.6928 - accuracy: 0.5000
19/67 [=======>......................] - ETA: 0s - loss: 0.6935 - accuracy: 0.4786  
38/67 [================>.............] - ETA: 0s - loss: 0.6932 - accuracy: 0.4753
59/67 [=========================>....] - ETA: 0s - loss: 0.6931 - accuracy: 0.4841
67/67 [==============================] - 1s 3ms/step - loss: 0.6929 - accuracy: 0.4853
Epoch 2/25

 1/67 [..............................] - ETA: 0s - loss: 0.6871 - accuracy: 0.5000
21/67 [========>.....................] - ETA: 0s - loss: 0.6911 - accuracy: 0.4821
42/67 [=================>............] - ETA: 0s - loss: 0.6907 - accuracy: 0.5067
63/67 [===========================>..] - ETA: 0s - loss: 0.6914 - accuracy: 0.5040
67/67 [==============================] - 0s 3ms/step - loss: 0.6914 - accuracy: 0.4984
Epoch 3/25

 1/67 [..............................] - ETA: 0s - loss: 0.6904 - accuracy: 0.4688
20/67 [=======>......................] - ETA: 0s - loss: 0.6891 - accuracy: 0.4703
37/67 [===============>..............] - ETA: 0s - loss: 0.6905 - accuracy: 0.4738
55/67 [=======================>......] - ETA: 0s - loss: 0.6903 - accuracy: 0.4716
67/67 [==============================] - 0s 3ms/step - loss: 0.6902 - accuracy: 0.4746
Epoch 4/25

 1/67 [..............................] - ETA: 0s - loss: 0.6929 - accuracy: 0.5312
15/67 [=====>........................] - ETA: 0s - loss: 0.6860 - accuracy: 0.5063
30/67 [============>.................] - ETA: 0s - loss: 0.6850 - accuracy: 0.4948
47/67 [====================>.........] - ETA: 0s - loss: 0.6876 - accuracy: 0.4847
65/67 [============================>.] - ETA: 0s - loss: 0.6884 - accuracy: 0.4918
67/67 [==============================] - 0s 3ms/step - loss: 0.6886 - accuracy: 0.4914
Epoch 5/25

 1/67 [..............................] - ETA: 0s - loss: 0.6932 - accuracy: 0.5000
18/67 [=======>......................] - ETA: 0s - loss: 0.6899 - accuracy: 0.4566
35/67 [==============>...............] - ETA: 0s - loss: 0.6889 - accuracy: 0.4732
55/67 [=======================>......] - ETA: 0s - loss: 0.6870 - accuracy: 0.4926
67/67 [==============================] - 0s 3ms/step - loss: 0.6881 - accuracy: 0.4937
Epoch 6/25

 1/67 [..............................] - ETA: 0s - loss: 0.6578 - accuracy: 0.5938
20/67 [=======>......................] - ETA: 0s - loss: 0.6862 - accuracy: 0.4719
39/67 [================>.............] - ETA: 0s - loss: 0.6855 - accuracy: 0.4848
58/67 [========================>.....] - ETA: 0s - loss: 0.6873 - accuracy: 0.4946
67/67 [==============================] - 0s 3ms/step - loss: 0.6877 - accuracy: 0.4988
Epoch 7/25

 1/67 [..............................] - ETA: 0s - loss: 0.6908 - accuracy: 0.6250
20/67 [=======>......................] - ETA: 0s - loss: 0.6893 - accuracy: 0.4906
40/67 [================>.............] - ETA: 0s - loss: 0.6891 - accuracy: 0.4930
59/67 [=========================>....] - ETA: 0s - loss: 0.6892 - accuracy: 0.5005
67/67 [==============================] - 0s 3ms/step - loss: 0.6878 - accuracy: 0.5054
Epoch 8/25

 1/67 [..............................] - ETA: 0s - loss: 0.6708 - accuracy: 0.5625
18/67 [=======>......................] - ETA: 0s - loss: 0.6819 - accuracy: 0.4965
37/67 [===============>..............] - ETA: 0s - loss: 0.6855 - accuracy: 0.5110
56/67 [========================>.....] - ETA: 0s - loss: 0.6866 - accuracy: 0.5089
67/67 [==============================] - 0s 3ms/step - loss: 0.6875 - accuracy: 0.5026
Epoch 9/25

 1/67 [..............................] - ETA: 0s - loss: 0.6947 - accuracy: 0.3750
19/67 [=======>......................] - ETA: 0s - loss: 0.6886 - accuracy: 0.5099
37/67 [===============>..............] - ETA: 0s - loss: 0.6884 - accuracy: 0.5093
55/67 [=======================>......] - ETA: 0s - loss: 0.6878 - accuracy: 0.4972
67/67 [==============================] - 0s 3ms/step - loss: 0.6874 - accuracy: 0.4904
Epoch 10/25

 1/67 [..............................] - ETA: 0s - loss: 0.6933 - accuracy: 0.4688
15/67 [=====>........................] - ETA: 0s - loss: 0.6833 - accuracy: 0.5042
31/67 [============>.................] - ETA: 0s - loss: 0.6852 - accuracy: 0.5151
48/67 [====================>.........] - ETA: 0s - loss: 0.6858 - accuracy: 0.5104
65/67 [============================>.] - ETA: 0s - loss: 0.6871 - accuracy: 0.5072
67/67 [==============================] - 0s 3ms/step - loss: 0.6873 - accuracy: 0.5082
Epoch 11/25

 1/67 [..............................] - ETA: 0s - loss: 0.6940 - accuracy: 0.4062
20/67 [=======>......................] - ETA: 0s - loss: 0.6900 - accuracy: 0.4906
40/67 [================>.............] - ETA: 0s - loss: 0.6879 - accuracy: 0.5023
60/67 [=========================>....] - ETA: 0s - loss: 0.6872 - accuracy: 0.5036
67/67 [==============================] - 0s 3ms/step - loss: 0.6873 - accuracy: 0.5040
Epoch 12/25

 1/67 [..............................] - ETA: 0s - loss: 0.6920 - accuracy: 0.6250
20/67 [=======>......................] - ETA: 0s - loss: 0.6859 - accuracy: 0.4938
40/67 [================>.............] - ETA: 0s - loss: 0.6886 - accuracy: 0.4914
60/67 [=========================>....] - ETA: 0s - loss: 0.6870 - accuracy: 0.5089
67/67 [==============================] - 0s 3ms/step - loss: 0.6874 - accuracy: 0.5026
Epoch 13/25

 1/67 [..............................] - ETA: 0s - loss: 0.6921 - accuracy: 0.6250
20/67 [=======>......................] - ETA: 0s - loss: 0.6877 - accuracy: 0.5312
40/67 [================>.............] - ETA: 0s - loss: 0.6873 - accuracy: 0.5242
58/67 [========================>.....] - ETA: 0s - loss: 0.6866 - accuracy: 0.5178
67/67 [==============================] - 0s 3ms/step - loss: 0.6873 - accuracy: 0.5068
Epoch 14/25

 1/67 [..............................] - ETA: 0s - loss: 0.6923 - accuracy: 0.5625
19/67 [=======>......................] - ETA: 0s - loss: 0.6851 - accuracy: 0.5181
37/67 [===============>..............] - ETA: 0s - loss: 0.6866 - accuracy: 0.5203
54/67 [=======================>......] - ETA: 0s - loss: 0.6863 - accuracy: 0.5127
67/67 [==============================] - 0s 3ms/step - loss: 0.6868 - accuracy: 0.5077
Epoch 15/25

 1/67 [..............................] - ETA: 0s - loss: 0.6925 - accuracy: 0.5938
18/67 [=======>......................] - ETA: 0s - loss: 0.6859 - accuracy: 0.5260
34/67 [==============>...............] - ETA: 0s - loss: 0.6860 - accuracy: 0.5267
51/67 [=====================>........] - ETA: 0s - loss: 0.6877 - accuracy: 0.5190
67/67 [==============================] - 0s 3ms/step - loss: 0.6873 - accuracy: 0.5077
Epoch 16/25

 1/67 [..............................] - ETA: 0s - loss: 0.6929 - accuracy: 0.5312
19/67 [=======>......................] - ETA: 0s - loss: 0.6885 - accuracy: 0.5132
38/67 [================>.............] - ETA: 0s - loss: 0.6887 - accuracy: 0.4885
57/67 [========================>.....] - ETA: 0s - loss: 0.6876 - accuracy: 0.4907
67/67 [==============================] - 0s 3ms/step - loss: 0.6872 - accuracy: 0.4914
Epoch 17/25

 1/67 [..............................] - ETA: 0s - loss: 0.6929 - accuracy: 0.5625
20/67 [=======>......................] - ETA: 0s - loss: 0.6855 - accuracy: 0.4969
39/67 [================>.............] - ETA: 0s - loss: 0.6877 - accuracy: 0.4832
59/67 [=========================>....] - ETA: 0s - loss: 0.6877 - accuracy: 0.4799
67/67 [==============================] - 0s 3ms/step - loss: 0.6875 - accuracy: 0.4811
Epoch 18/25

 1/67 [..............................] - ETA: 0s - loss: 0.6502 - accuracy: 0.6250
20/67 [=======>......................] - ETA: 0s - loss: 0.6857 - accuracy: 0.4734
40/67 [================>.............] - ETA: 0s - loss: 0.6868 - accuracy: 0.4859
58/67 [========================>.....] - ETA: 0s - loss: 0.6885 - accuracy: 0.4871
67/67 [==============================] - 0s 3ms/step - loss: 0.6872 - accuracy: 0.4909
Epoch 19/25

 1/67 [..............................] - ETA: 0s - loss: 0.6717 - accuracy: 0.4688
18/67 [=======>......................] - ETA: 0s - loss: 0.6872 - accuracy: 0.5174
36/67 [===============>..............] - ETA: 0s - loss: 0.6890 - accuracy: 0.5139
54/67 [=======================>......] - ETA: 0s - loss: 0.6881 - accuracy: 0.5052
67/67 [==============================] - 0s 3ms/step - loss: 0.6872 - accuracy: 0.5044
Epoch 20/25

 1/67 [..............................] - ETA: 0s - loss: 0.6942 - accuracy: 0.3750
18/67 [=======>......................] - ETA: 0s - loss: 0.6872 - accuracy: 0.4861
36/67 [===============>..............] - ETA: 0s - loss: 0.6855 - accuracy: 0.4983
54/67 [=======================>......] - ETA: 0s - loss: 0.6861 - accuracy: 0.5017
67/67 [==============================] - 0s 3ms/step - loss: 0.6872 - accuracy: 0.4900
Epoch 21/25

 1/67 [..............................] - ETA: 0s - loss: 0.6933 - accuracy: 0.4688
19/67 [=======>......................] - ETA: 0s - loss: 0.6874 - accuracy: 0.5230
38/67 [================>.............] - ETA: 0s - loss: 0.6870 - accuracy: 0.5107
56/67 [========================>.....] - ETA: 0s - loss: 0.6875 - accuracy: 0.5022
67/67 [==============================] - 0s 3ms/step - loss: 0.6872 - accuracy: 0.5100
Epoch 22/25

 1/67 [..............................] - ETA: 0s - loss: 0.6934 - accuracy: 0.4688
17/67 [======>.......................] - ETA: 0s - loss: 0.6896 - accuracy: 0.4871
33/67 [=============>................] - ETA: 0s - loss: 0.6905 - accuracy: 0.5123
43/67 [==================>...........] - ETA: 0s - loss: 0.6880 - accuracy: 0.5174
57/67 [========================>.....] - ETA: 0s - loss: 0.6875 - accuracy: 0.5093
67/67 [==============================] - 0s 4ms/step - loss: 0.6872 - accuracy: 0.5002
Epoch 23/25

 1/67 [..............................] - ETA: 0s - loss: 0.6714 - accuracy: 0.5312
20/67 [=======>......................] - ETA: 0s - loss: 0.6866 - accuracy: 0.5188
40/67 [================>.............] - ETA: 0s - loss: 0.6867 - accuracy: 0.5094
60/67 [=========================>....] - ETA: 0s - loss: 0.6867 - accuracy: 0.5083
67/67 [==============================] - 0s 3ms/step - loss: 0.6868 - accuracy: 0.5040
Epoch 24/25

 1/67 [..............................] - ETA: 0s - loss: 0.6935 - accuracy: 0.4375
16/67 [======>.......................] - ETA: 0s - loss: 0.6850 - accuracy: 0.5195
34/67 [==============>...............] - ETA: 0s - loss: 0.6862 - accuracy: 0.5092
52/67 [======================>.......] - ETA: 0s - loss: 0.6878 - accuracy: 0.5030
67/67 [==============================] - 0s 3ms/step - loss: 0.6871 - accuracy: 0.4993
Epoch 25/25

 1/67 [..............................] - ETA: 0s - loss: 0.6932 - accuracy: 0.4688
18/67 [=======>......................] - ETA: 0s - loss: 0.6848 - accuracy: 0.5122
34/67 [==============>...............] - ETA: 0s - loss: 0.6881 - accuracy: 0.5037
52/67 [======================>.......] - ETA: 0s - loss: 0.6866 - accuracy: 0.5072
67/67 [==============================] - 0s 3ms/step - loss: 0.6871 - accuracy: 0.5086
# node2vec
Epoch 1/25

 1/67 [..............................] - ETA: 19s - loss: 0.6931 - accuracy: 0.5000
31/67 [============>.................] - ETA: 0s - loss: 0.6945 - accuracy: 0.4849 
62/67 [==========================>...] - ETA: 0s - loss: 0.6937 - accuracy: 0.4874
67/67 [==============================] - 0s 2ms/step - loss: 0.6935 - accuracy: 0.4867
Epoch 2/25

 1/67 [..............................] - ETA: 0s - loss: 0.6930 - accuracy: 0.5312
30/67 [============>.................] - ETA: 0s - loss: 0.6885 - accuracy: 0.4740
60/67 [=========================>....] - ETA: 0s - loss: 0.6903 - accuracy: 0.4724
67/67 [==============================] - 0s 2ms/step - loss: 0.6906 - accuracy: 0.4713
Epoch 3/25

 1/67 [..............................] - ETA: 0s - loss: 0.6749 - accuracy: 0.2500
31/67 [============>.................] - ETA: 0s - loss: 0.6885 - accuracy: 0.4506
60/67 [=========================>....] - ETA: 0s - loss: 0.6891 - accuracy: 0.4766
67/67 [==============================] - 0s 2ms/step - loss: 0.6895 - accuracy: 0.4792
Epoch 4/25

 1/67 [..............................] - ETA: 0s - loss: 0.6927 - accuracy: 0.5625
28/67 [===========>..................] - ETA: 0s - loss: 0.6871 - accuracy: 0.4743
60/67 [=========================>....] - ETA: 0s - loss: 0.6883 - accuracy: 0.4896
67/67 [==============================] - 0s 2ms/step - loss: 0.6888 - accuracy: 0.4923
Epoch 5/25

 1/67 [..............................] - ETA: 0s - loss: 0.6601 - accuracy: 0.3750
35/67 [==============>...............] - ETA: 0s - loss: 0.6882 - accuracy: 0.5036
67/67 [==============================] - 0s 2ms/step - loss: 0.6880 - accuracy: 0.5091
Epoch 6/25

 1/67 [..............................] - ETA: 0s - loss: 0.6701 - accuracy: 0.6875
35/67 [==============>...............] - ETA: 0s - loss: 0.6858 - accuracy: 0.5000
67/67 [==============================] - 0s 2ms/step - loss: 0.6884 - accuracy: 0.5040
Epoch 7/25

 1/67 [..............................] - ETA: 0s - loss: 0.6928 - accuracy: 0.5312
36/67 [===============>..............] - ETA: 0s - loss: 0.6872 - accuracy: 0.5191
67/67 [==============================] - 0s 1ms/step - loss: 0.6877 - accuracy: 0.5054
Epoch 8/25

 1/67 [..............................] - ETA: 0s - loss: 0.6931 - accuracy: 0.5000
36/67 [===============>..............] - ETA: 0s - loss: 0.6853 - accuracy: 0.4896
65/67 [============================>.] - ETA: 0s - loss: 0.6881 - accuracy: 0.4942
67/67 [==============================] - 0s 2ms/step - loss: 0.6883 - accuracy: 0.4904
Epoch 9/25

 1/67 [..............................] - ETA: 0s - loss: 0.6912 - accuracy: 0.6250
30/67 [============>.................] - ETA: 0s - loss: 0.6859 - accuracy: 0.5396
61/67 [==========================>...] - ETA: 0s - loss: 0.6882 - accuracy: 0.4990
67/67 [==============================] - 0s 2ms/step - loss: 0.6879 - accuracy: 0.4970
Epoch 10/25

 1/67 [..............................] - ETA: 0s - loss: 0.6945 - accuracy: 0.3438
30/67 [============>.................] - ETA: 0s - loss: 0.6877 - accuracy: 0.4948
60/67 [=========================>....] - ETA: 0s - loss: 0.6870 - accuracy: 0.4974
67/67 [==============================] - 0s 2ms/step - loss: 0.6878 - accuracy: 0.4946
Epoch 11/25

 1/67 [..............................] - ETA: 0s - loss: 0.6733 - accuracy: 0.4062
33/67 [=============>................] - ETA: 0s - loss: 0.6856 - accuracy: 0.5028
67/67 [==============================] - ETA: 0s - loss: 0.6880 - accuracy: 0.4928
67/67 [==============================] - 0s 2ms/step - loss: 0.6880 - accuracy: 0.4928
Epoch 12/25

 1/67 [..............................] - ETA: 0s - loss: 0.6729 - accuracy: 0.4688
32/67 [=============>................] - ETA: 0s - loss: 0.6890 - accuracy: 0.5166
62/67 [==========================>...] - ETA: 0s - loss: 0.6871 - accuracy: 0.5086
67/67 [==============================] - 0s 2ms/step - loss: 0.6878 - accuracy: 0.5082
Epoch 13/25

 1/67 [..............................] - ETA: 0s - loss: 0.6946 - accuracy: 0.3750
26/67 [==========>...................] - ETA: 0s - loss: 0.6920 - accuracy: 0.4832
52/67 [======================>.......] - ETA: 0s - loss: 0.6887 - accuracy: 0.5060
67/67 [==============================] - 0s 2ms/step - loss: 0.6877 - accuracy: 0.4993
Epoch 14/25

 1/67 [..............................] - ETA: 0s - loss: 0.6937 - accuracy: 0.4688
28/67 [===========>..................] - ETA: 0s - loss: 0.6859 - accuracy: 0.5022
62/67 [==========================>...] - ETA: 0s - loss: 0.6877 - accuracy: 0.5066
67/67 [==============================] - 0s 2ms/step - loss: 0.6879 - accuracy: 0.5044
Epoch 15/25

 1/67 [..............................] - ETA: 0s - loss: 0.6950 - accuracy: 0.3125
30/67 [============>.................] - ETA: 0s - loss: 0.6870 - accuracy: 0.4812
60/67 [=========================>....] - ETA: 0s - loss: 0.6876 - accuracy: 0.4870
67/67 [==============================] - 0s 2ms/step - loss: 0.6878 - accuracy: 0.4937
Epoch 16/25

 1/67 [..............................] - ETA: 0s - loss: 0.6940 - accuracy: 0.4062
32/67 [=============>................] - ETA: 0s - loss: 0.6868 - accuracy: 0.4785
63/67 [===========================>..] - ETA: 0s - loss: 0.6881 - accuracy: 0.4767
67/67 [==============================] - 0s 2ms/step - loss: 0.6881 - accuracy: 0.4778
Epoch 17/25

 1/67 [..............................] - ETA: 0s - loss: 0.6928 - accuracy: 0.5625
30/67 [============>.................] - ETA: 0s - loss: 0.6874 - accuracy: 0.4948
59/67 [=========================>....] - ETA: 0s - loss: 0.6882 - accuracy: 0.4984
67/67 [==============================] - 0s 2ms/step - loss: 0.6875 - accuracy: 0.4974
Epoch 18/25

 1/67 [..............................] - ETA: 0s - loss: 0.6951 - accuracy: 0.3125
30/67 [============>.................] - ETA: 0s - loss: 0.6897 - accuracy: 0.4823
62/67 [==========================>...] - ETA: 0s - loss: 0.6882 - accuracy: 0.4904
67/67 [==============================] - 0s 2ms/step - loss: 0.6873 - accuracy: 0.4895
Epoch 19/25

 1/67 [..............................] - ETA: 0s - loss: 0.6932 - accuracy: 0.5000
31/67 [============>.................] - ETA: 0s - loss: 0.6864 - accuracy: 0.5050
64/67 [===========================>..] - ETA: 0s - loss: 0.6876 - accuracy: 0.4922
67/67 [==============================] - 0s 2ms/step - loss: 0.6877 - accuracy: 0.4942
Epoch 20/25

 1/67 [..............................] - ETA: 0s - loss: 0.6933 - accuracy: 0.4688
33/67 [=============>................] - ETA: 0s - loss: 0.6877 - accuracy: 0.4915
67/67 [==============================] - ETA: 0s - loss: 0.6876 - accuracy: 0.4890
67/67 [==============================] - 0s 2ms/step - loss: 0.6876 - accuracy: 0.4890
Epoch 21/25

 1/67 [..............................] - ETA: 0s - loss: 0.6293 - accuracy: 0.5312
34/67 [==============>...............] - ETA: 0s - loss: 0.6872 - accuracy: 0.5129
64/67 [===========================>..] - ETA: 0s - loss: 0.6878 - accuracy: 0.5054
67/67 [==============================] - 0s 2ms/step - loss: 0.6880 - accuracy: 0.5077
Epoch 22/25

 1/67 [..............................] - ETA: 0s - loss: 0.6938 - accuracy: 0.4375
33/67 [=============>................] - ETA: 0s - loss: 0.6867 - accuracy: 0.4981
64/67 [===========================>..] - ETA: 0s - loss: 0.6877 - accuracy: 0.5029
67/67 [==============================] - 0s 2ms/step - loss: 0.6876 - accuracy: 0.5058
Epoch 23/25

 1/67 [..............................] - ETA: 0s - loss: 0.6947 - accuracy: 0.3438
33/67 [=============>................] - ETA: 0s - loss: 0.6883 - accuracy: 0.4706
64/67 [===========================>..] - ETA: 0s - loss: 0.6881 - accuracy: 0.4932
67/67 [==============================] - 0s 2ms/step - loss: 0.6877 - accuracy: 0.4974
Epoch 24/25

 1/67 [..............................] - ETA: 0s - loss: 0.6948 - accuracy: 0.3750
35/67 [==============>...............] - ETA: 0s - loss: 0.6882 - accuracy: 0.4750
67/67 [==============================] - 0s 2ms/step - loss: 0.6879 - accuracy: 0.4783
Epoch 25/25

 1/67 [..............................] - ETA: 0s - loss: 0.6938 - accuracy: 0.5000
39/67 [================>.............] - ETA: 0s - loss: 0.6890 - accuracy: 0.4968
67/67 [==============================] - 0s 1ms/step - loss: 0.6871 - accuracy: 0.5054
# predict: steps=1872
# predict: tnodeembed_metrics
# predict: node2vec_metrics
tnodeembed: {'auc': 0.4994359957360799, 'f1_micro': 0.4995992251686594, 'f1_macro': 0.33726203041865455} tNodeEmbed_final_loss=0.687104344367981 tNodeEmbed_final_accuracy=0.5086327791213989 
node2vec: {'auc': 0.499402588352399, 'f1_micro': 0.49958252621735355, 'f1_macro': 0.33745742262300776} node2vec_final_loss=0.6871282458305359 node2vec_final_accuracy=0.505366325378418 
