# load graph
# initialize tNodeEmbed for dataset=PPI, test_size=0.2
# load dataset
# fit
# tNodeEmbed
Epoch 1/25

 1/67 [..............................] - ETA: 1:28 - loss: 0.6931 - accuracy: 0.5625
20/67 [=======>......................] - ETA: 0s - loss: 0.6930 - accuracy: 0.4797  
39/67 [================>.............] - ETA: 0s - loss: 0.6922 - accuracy: 0.4896
58/67 [========================>.....] - ETA: 0s - loss: 0.6933 - accuracy: 0.4892
67/67 [==============================] - 2s 3ms/step - loss: 0.6929 - accuracy: 0.4937
Epoch 2/25

 1/67 [..............................] - ETA: 0s - loss: 0.6933 - accuracy: 0.4062
18/67 [=======>......................] - ETA: 0s - loss: 0.6865 - accuracy: 0.5069
34/67 [==============>...............] - ETA: 0s - loss: 0.6878 - accuracy: 0.4881
52/67 [======================>.......] - ETA: 0s - loss: 0.6885 - accuracy: 0.4802
67/67 [==============================] - 0s 3ms/step - loss: 0.6880 - accuracy: 0.4890
Epoch 3/25

 1/67 [..............................] - ETA: 0s - loss: 0.6920 - accuracy: 0.6875
21/67 [========>.....................] - ETA: 0s - loss: 0.6840 - accuracy: 0.4717
41/67 [=================>............] - ETA: 0s - loss: 0.6831 - accuracy: 0.5030
61/67 [==========================>...] - ETA: 0s - loss: 0.6852 - accuracy: 0.5087
67/67 [==============================] - 0s 3ms/step - loss: 0.6858 - accuracy: 0.5054
Epoch 4/25

 1/67 [..............................] - ETA: 0s - loss: 0.6916 - accuracy: 0.5938
22/67 [========>.....................] - ETA: 0s - loss: 0.6842 - accuracy: 0.5071
45/67 [===================>..........] - ETA: 0s - loss: 0.6823 - accuracy: 0.5090
67/67 [==============================] - 0s 2ms/step - loss: 0.6838 - accuracy: 0.5166
Epoch 5/25

 1/67 [..............................] - ETA: 0s - loss: 0.6297 - accuracy: 0.5625
23/67 [=========>....................] - ETA: 0s - loss: 0.6816 - accuracy: 0.5353
43/67 [==================>...........] - ETA: 0s - loss: 0.6819 - accuracy: 0.5131
56/67 [========================>.....] - ETA: 0s - loss: 0.6830 - accuracy: 0.5134
67/67 [==============================] - 0s 3ms/step - loss: 0.6828 - accuracy: 0.5161
Epoch 6/25

 1/67 [..............................] - ETA: 0s - loss: 0.6488 - accuracy: 0.5312
20/67 [=======>......................] - ETA: 0s - loss: 0.6780 - accuracy: 0.5375
40/67 [================>.............] - ETA: 0s - loss: 0.6801 - accuracy: 0.5258
60/67 [=========================>....] - ETA: 0s - loss: 0.6814 - accuracy: 0.5193
67/67 [==============================] - 0s 3ms/step - loss: 0.6824 - accuracy: 0.5194
Epoch 7/25

 1/67 [..............................] - ETA: 0s - loss: 0.6783 - accuracy: 0.5312
20/67 [=======>......................] - ETA: 0s - loss: 0.6807 - accuracy: 0.5125
40/67 [================>.............] - ETA: 0s - loss: 0.6783 - accuracy: 0.5250
61/67 [==========================>...] - ETA: 0s - loss: 0.6816 - accuracy: 0.5169
67/67 [==============================] - 0s 3ms/step - loss: 0.6829 - accuracy: 0.5156
Epoch 8/25

 1/67 [..............................] - ETA: 0s - loss: 0.6712 - accuracy: 0.5312
22/67 [========>.....................] - ETA: 0s - loss: 0.6763 - accuracy: 0.5298
41/67 [=================>............] - ETA: 0s - loss: 0.6773 - accuracy: 0.5290
61/67 [==========================>...] - ETA: 0s - loss: 0.6809 - accuracy: 0.5174
67/67 [==============================] - 0s 3ms/step - loss: 0.6813 - accuracy: 0.5161
Epoch 9/25

 1/67 [..............................] - ETA: 0s - loss: 0.6776 - accuracy: 0.4062
20/67 [=======>......................] - ETA: 0s - loss: 0.6803 - accuracy: 0.5172
40/67 [================>.............] - ETA: 0s - loss: 0.6822 - accuracy: 0.5250
60/67 [=========================>....] - ETA: 0s - loss: 0.6827 - accuracy: 0.5234
67/67 [==============================] - 0s 3ms/step - loss: 0.6817 - accuracy: 0.5184
Epoch 10/25

 1/67 [..............................] - ETA: 0s - loss: 0.6743 - accuracy: 0.5625
20/67 [=======>......................] - ETA: 0s - loss: 0.6771 - accuracy: 0.5312
42/67 [=================>............] - ETA: 0s - loss: 0.6804 - accuracy: 0.5283
63/67 [===========================>..] - ETA: 0s - loss: 0.6801 - accuracy: 0.5223
67/67 [==============================] - 0s 2ms/step - loss: 0.6804 - accuracy: 0.5184
Epoch 11/25

 1/67 [..............................] - ETA: 0s - loss: 0.6799 - accuracy: 0.3438
21/67 [========>.....................] - ETA: 0s - loss: 0.6801 - accuracy: 0.4896
42/67 [=================>............] - ETA: 0s - loss: 0.6815 - accuracy: 0.4948
64/67 [===========================>..] - ETA: 0s - loss: 0.6818 - accuracy: 0.5190
67/67 [==============================] - 0s 2ms/step - loss: 0.6812 - accuracy: 0.5194
Epoch 12/25

 1/67 [..............................] - ETA: 0s - loss: 0.6896 - accuracy: 0.6250
23/67 [=========>....................] - ETA: 0s - loss: 0.6759 - accuracy: 0.5367
46/67 [===================>..........] - ETA: 0s - loss: 0.6790 - accuracy: 0.5197
66/67 [============================>.] - ETA: 0s - loss: 0.6808 - accuracy: 0.5159
67/67 [==============================] - 0s 2ms/step - loss: 0.6807 - accuracy: 0.5166
Epoch 13/25

 1/67 [..............................] - ETA: 0s - loss: 0.6722 - accuracy: 0.5000
21/67 [========>.....................] - ETA: 0s - loss: 0.6804 - accuracy: 0.4926
42/67 [=================>............] - ETA: 0s - loss: 0.6833 - accuracy: 0.5000
62/67 [==========================>...] - ETA: 0s - loss: 0.6809 - accuracy: 0.5116
67/67 [==============================] - 0s 3ms/step - loss: 0.6798 - accuracy: 0.5180
Epoch 14/25

 1/67 [..............................] - ETA: 0s - loss: 0.6949 - accuracy: 0.4062
19/67 [=======>......................] - ETA: 0s - loss: 0.6782 - accuracy: 0.5099
37/67 [===============>..............] - ETA: 0s - loss: 0.6788 - accuracy: 0.5203
55/67 [=======================>......] - ETA: 0s - loss: 0.6809 - accuracy: 0.5205
67/67 [==============================] - 0s 3ms/step - loss: 0.6811 - accuracy: 0.5184
Epoch 15/25

 1/67 [..............................] - ETA: 0s - loss: 0.6954 - accuracy: 0.4375
19/67 [=======>......................] - ETA: 0s - loss: 0.6828 - accuracy: 0.5132
40/67 [================>.............] - ETA: 0s - loss: 0.6813 - accuracy: 0.5102
62/67 [==========================>...] - ETA: 0s - loss: 0.6793 - accuracy: 0.5181
67/67 [==============================] - 0s 3ms/step - loss: 0.6803 - accuracy: 0.5161
Epoch 16/25

 1/67 [..............................] - ETA: 0s - loss: 0.6895 - accuracy: 0.6250
23/67 [=========>....................] - ETA: 0s - loss: 0.6821 - accuracy: 0.5448
46/67 [===================>..........] - ETA: 0s - loss: 0.6798 - accuracy: 0.5279
67/67 [==============================] - 0s 2ms/step - loss: 0.6799 - accuracy: 0.5189
Epoch 17/25

 1/67 [..............................] - ETA: 0s - loss: 0.6915 - accuracy: 0.4375
23/67 [=========>....................] - ETA: 0s - loss: 0.6840 - accuracy: 0.5204
44/67 [==================>...........] - ETA: 0s - loss: 0.6814 - accuracy: 0.5270
66/67 [============================>.] - ETA: 0s - loss: 0.6801 - accuracy: 0.5182
67/67 [==============================] - 0s 2ms/step - loss: 0.6803 - accuracy: 0.5198
Epoch 18/25

 1/67 [..............................] - ETA: 0s - loss: 0.6702 - accuracy: 0.6250
23/67 [=========>....................] - ETA: 0s - loss: 0.6790 - accuracy: 0.5231
45/67 [===================>..........] - ETA: 0s - loss: 0.6806 - accuracy: 0.5097
66/67 [============================>.] - ETA: 0s - loss: 0.6799 - accuracy: 0.5163
67/67 [==============================] - 0s 2ms/step - loss: 0.6800 - accuracy: 0.5180
Epoch 19/25

 1/67 [..............................] - ETA: 0s - loss: 0.6495 - accuracy: 0.5625
21/67 [========>.....................] - ETA: 0s - loss: 0.6770 - accuracy: 0.5432
40/67 [================>.............] - ETA: 0s - loss: 0.6817 - accuracy: 0.5211
59/67 [=========================>....] - ETA: 0s - loss: 0.6802 - accuracy: 0.5191
67/67 [==============================] - 0s 3ms/step - loss: 0.6798 - accuracy: 0.5138
Epoch 20/25

 1/67 [..............................] - ETA: 0s - loss: 0.6750 - accuracy: 0.4062
18/67 [=======>......................] - ETA: 0s - loss: 0.6742 - accuracy: 0.5278
38/67 [================>.............] - ETA: 0s - loss: 0.6787 - accuracy: 0.5214
57/67 [========================>.....] - ETA: 0s - loss: 0.6810 - accuracy: 0.5170
67/67 [==============================] - 0s 3ms/step - loss: 0.6802 - accuracy: 0.5147
Epoch 21/25

 1/67 [..............................] - ETA: 0s - loss: 0.6720 - accuracy: 0.5000
20/67 [=======>......................] - ETA: 0s - loss: 0.6749 - accuracy: 0.5344
39/67 [================>.............] - ETA: 0s - loss: 0.6774 - accuracy: 0.5216
59/67 [=========================>....] - ETA: 0s - loss: 0.6799 - accuracy: 0.5201
67/67 [==============================] - 0s 3ms/step - loss: 0.6795 - accuracy: 0.5226
Epoch 22/25

 1/67 [..............................] - ETA: 0s - loss: 0.6940 - accuracy: 0.4688
22/67 [========>.....................] - ETA: 0s - loss: 0.6820 - accuracy: 0.5227
45/67 [===================>..........] - ETA: 0s - loss: 0.6790 - accuracy: 0.5361
67/67 [==============================] - 0s 2ms/step - loss: 0.6797 - accuracy: 0.5180
Epoch 23/25

 1/67 [..............................] - ETA: 0s - loss: 0.6924 - accuracy: 0.5312
23/67 [=========>....................] - ETA: 0s - loss: 0.6814 - accuracy: 0.5190
45/67 [===================>..........] - ETA: 0s - loss: 0.6805 - accuracy: 0.5139
67/67 [==============================] - ETA: 0s - loss: 0.6801 - accuracy: 0.5147
67/67 [==============================] - 0s 2ms/step - loss: 0.6801 - accuracy: 0.5147
Epoch 24/25

 1/67 [..............................] - ETA: 0s - loss: 0.6926 - accuracy: 0.5312
22/67 [========>.....................] - ETA: 0s - loss: 0.6768 - accuracy: 0.5312
43/67 [==================>...........] - ETA: 0s - loss: 0.6793 - accuracy: 0.5276
63/67 [===========================>..] - ETA: 0s - loss: 0.6794 - accuracy: 0.5233
67/67 [==============================] - 0s 2ms/step - loss: 0.6799 - accuracy: 0.5226
Epoch 25/25

 1/67 [..............................] - ETA: 0s - loss: 0.6950 - accuracy: 0.4375
21/67 [========>.....................] - ETA: 0s - loss: 0.6772 - accuracy: 0.5074
41/67 [=================>............] - ETA: 0s - loss: 0.6804 - accuracy: 0.5038
61/67 [==========================>...] - ETA: 0s - loss: 0.6807 - accuracy: 0.5143
67/67 [==============================] - 0s 3ms/step - loss: 0.6797 - accuracy: 0.5138
# node2vec
Epoch 1/25

 1/67 [..............................] - ETA: 20s - loss: 0.6931 - accuracy: 0.5938
31/67 [============>.................] - ETA: 0s - loss: 0.6930 - accuracy: 0.5323 
64/67 [===========================>..] - ETA: 0s - loss: 0.6915 - accuracy: 0.5088
67/67 [==============================] - 0s 2ms/step - loss: 0.6915 - accuracy: 0.5086
Epoch 2/25

 1/67 [..............................] - ETA: 0s - loss: 0.6879 - accuracy: 0.5625
37/67 [===============>..............] - ETA: 0s - loss: 0.6861 - accuracy: 0.5279
67/67 [==============================] - 0s 1ms/step - loss: 0.6854 - accuracy: 0.5156
Epoch 3/25

 1/67 [..............................] - ETA: 0s - loss: 0.6813 - accuracy: 0.2812
40/67 [================>.............] - ETA: 0s - loss: 0.6843 - accuracy: 0.5047
67/67 [==============================] - 0s 1ms/step - loss: 0.6852 - accuracy: 0.5044
Epoch 4/25

 1/67 [..............................] - ETA: 0s - loss: 0.6778 - accuracy: 0.5625
36/67 [===============>..............] - ETA: 0s - loss: 0.6789 - accuracy: 0.5365
67/67 [==============================] - 0s 1ms/step - loss: 0.6826 - accuracy: 0.5198
Epoch 5/25

 1/67 [..............................] - ETA: 0s - loss: 0.6577 - accuracy: 0.5312
34/67 [==============>...............] - ETA: 0s - loss: 0.6801 - accuracy: 0.5184
66/67 [============================>.] - ETA: 0s - loss: 0.6828 - accuracy: 0.5159
67/67 [==============================] - 0s 2ms/step - loss: 0.6830 - accuracy: 0.5166
Epoch 6/25

 1/67 [..............................] - ETA: 0s - loss: 0.6572 - accuracy: 0.5000
31/67 [============>.................] - ETA: 0s - loss: 0.6768 - accuracy: 0.5312
57/67 [========================>.....] - ETA: 0s - loss: 0.6811 - accuracy: 0.5148
67/67 [==============================] - 0s 2ms/step - loss: 0.6817 - accuracy: 0.5203
Epoch 7/25

 1/67 [..............................] - ETA: 0s - loss: 0.6815 - accuracy: 0.5625
29/67 [===========>..................] - ETA: 0s - loss: 0.6833 - accuracy: 0.5000
52/67 [======================>.......] - ETA: 0s - loss: 0.6830 - accuracy: 0.5204
67/67 [==============================] - 0s 2ms/step - loss: 0.6817 - accuracy: 0.5128
Epoch 8/25

 1/67 [..............................] - ETA: 0s - loss: 0.6895 - accuracy: 0.5938
35/67 [==============>...............] - ETA: 0s - loss: 0.6780 - accuracy: 0.5312
67/67 [==============================] - 0s 1ms/step - loss: 0.6831 - accuracy: 0.5180
Epoch 9/25

 1/67 [..............................] - ETA: 0s - loss: 0.6960 - accuracy: 0.5938
37/67 [===============>..............] - ETA: 0s - loss: 0.6801 - accuracy: 0.5304
67/67 [==============================] - 0s 1ms/step - loss: 0.6806 - accuracy: 0.5189
Epoch 10/25

 1/67 [..............................] - ETA: 0s - loss: 0.6941 - accuracy: 0.4688
40/67 [================>.............] - ETA: 0s - loss: 0.6811 - accuracy: 0.5258
67/67 [==============================] - 0s 1ms/step - loss: 0.6815 - accuracy: 0.5142
Epoch 11/25

 1/67 [..............................] - ETA: 0s - loss: 0.6937 - accuracy: 0.4688
40/67 [================>.............] - ETA: 0s - loss: 0.6815 - accuracy: 0.5047
67/67 [==============================] - 0s 1ms/step - loss: 0.6818 - accuracy: 0.5170
Epoch 12/25

 1/67 [..............................] - ETA: 0s - loss: 0.6534 - accuracy: 0.4375
37/67 [===============>..............] - ETA: 0s - loss: 0.6814 - accuracy: 0.5186
67/67 [==============================] - 0s 1ms/step - loss: 0.6809 - accuracy: 0.5156
Epoch 13/25

 1/67 [..............................] - ETA: 0s - loss: 0.6727 - accuracy: 0.5000
40/67 [================>.............] - ETA: 0s - loss: 0.6793 - accuracy: 0.4945
67/67 [==============================] - 0s 1ms/step - loss: 0.6811 - accuracy: 0.4918
Epoch 14/25

 1/67 [..............................] - ETA: 0s - loss: 0.6921 - accuracy: 0.5312
34/67 [==============>...............] - ETA: 0s - loss: 0.6818 - accuracy: 0.5193
66/67 [============================>.] - ETA: 0s - loss: 0.6814 - accuracy: 0.5178
67/67 [==============================] - 0s 2ms/step - loss: 0.6815 - accuracy: 0.5180
Epoch 15/25

 1/67 [..............................] - ETA: 0s - loss: 0.6964 - accuracy: 0.4375
34/67 [==============>...............] - ETA: 0s - loss: 0.6789 - accuracy: 0.5267
67/67 [==============================] - ETA: 0s - loss: 0.6804 - accuracy: 0.5180
67/67 [==============================] - 0s 2ms/step - loss: 0.6804 - accuracy: 0.5180
Epoch 16/25

 1/67 [..............................] - ETA: 0s - loss: 0.6933 - accuracy: 0.5000
22/67 [========>.....................] - ETA: 0s - loss: 0.6783 - accuracy: 0.5227
42/67 [=================>............] - ETA: 0s - loss: 0.6811 - accuracy: 0.5231
67/67 [==============================] - 0s 2ms/step - loss: 0.6803 - accuracy: 0.5170
Epoch 17/25

 1/67 [..............................] - ETA: 0s - loss: 0.6717 - accuracy: 0.5625
33/67 [=============>................] - ETA: 0s - loss: 0.6776 - accuracy: 0.5180
67/67 [==============================] - 0s 1ms/step - loss: 0.6808 - accuracy: 0.5180
Epoch 18/25

 1/67 [..............................] - ETA: 0s - loss: 0.6516 - accuracy: 0.5625
34/67 [==============>...............] - ETA: 0s - loss: 0.6790 - accuracy: 0.5083
65/67 [============================>.] - ETA: 0s - loss: 0.6805 - accuracy: 0.5144
67/67 [==============================] - 0s 2ms/step - loss: 0.6802 - accuracy: 0.5156
Epoch 19/25

 1/67 [..............................] - ETA: 0s - loss: 0.6932 - accuracy: 0.5000
26/67 [==========>...................] - ETA: 0s - loss: 0.6752 - accuracy: 0.5144
55/67 [=======================>......] - ETA: 0s - loss: 0.6792 - accuracy: 0.5210
67/67 [==============================] - 0s 2ms/step - loss: 0.6814 - accuracy: 0.5170
Epoch 20/25

 1/67 [..............................] - ETA: 0s - loss: 0.6944 - accuracy: 0.4688
32/67 [=============>................] - ETA: 0s - loss: 0.6801 - accuracy: 0.5059
66/67 [============================>.] - ETA: 0s - loss: 0.6807 - accuracy: 0.5178
67/67 [==============================] - 0s 2ms/step - loss: 0.6805 - accuracy: 0.5161
Epoch 21/25

 1/67 [..............................] - ETA: 0s - loss: 0.6943 - accuracy: 0.4688
35/67 [==============>...............] - ETA: 0s - loss: 0.6791 - accuracy: 0.5268
67/67 [==============================] - 0s 2ms/step - loss: 0.6804 - accuracy: 0.5194
Epoch 22/25

 1/67 [..............................] - ETA: 0s - loss: 0.6919 - accuracy: 0.5938
36/67 [===============>..............] - ETA: 0s - loss: 0.6806 - accuracy: 0.5208
67/67 [==============================] - 0s 1ms/step - loss: 0.6811 - accuracy: 0.5184
Epoch 23/25

 1/67 [..............................] - ETA: 0s - loss: 0.6916 - accuracy: 0.5625
37/67 [===============>..............] - ETA: 0s - loss: 0.6834 - accuracy: 0.5228
67/67 [==============================] - 0s 1ms/step - loss: 0.6809 - accuracy: 0.5175
Epoch 24/25

 1/67 [..............................] - ETA: 0s - loss: 0.6531 - accuracy: 0.5312
33/67 [=============>................] - ETA: 0s - loss: 0.6769 - accuracy: 0.5038
66/67 [============================>.] - ETA: 0s - loss: 0.6803 - accuracy: 0.5017
67/67 [==============================] - 0s 2ms/step - loss: 0.6792 - accuracy: 0.5044
Epoch 25/25

 1/67 [..............................] - ETA: 0s - loss: 0.6716 - accuracy: 0.4688
32/67 [=============>................] - ETA: 0s - loss: 0.6806 - accuracy: 0.5176
65/67 [============================>.] - ETA: 0s - loss: 0.6811 - accuracy: 0.5154
67/67 [==============================] - 0s 2ms/step - loss: 0.6811 - accuracy: 0.5147
# predict: steps=1872
# predict: tnodeembed_metrics
# predict: node2vec_metrics
tnodeembed: {'auc': 0.5038989474679212, 'f1_micro': 0.5033230913098657, 'f1_macro': 0.347879949503167} tNodeEmbed_final_loss=0.6796898245811462 tNodeEmbed_final_accuracy=0.5137657523155212 
node2vec: {'auc': 0.5030451286710693, 'f1_micro': 0.5029056175272193, 'f1_macro': 0.34807087627225924} node2vec_final_loss=0.6810814738273621 node2vec_final_accuracy=0.5146990418434143 
