# load graph
# initialize tNodeEmbed for dataset=PPI, test_size=0.2
# load dataset
# fit
# tNodeEmbed
Epoch 1/25

 1/67 [..............................] - ETA: 1:22 - loss: 0.6988 - accuracy: 0.4688
21/67 [========>.....................] - ETA: 0s - loss: 0.6823 - accuracy: 0.4926  
39/67 [================>.............] - ETA: 0s - loss: 0.6613 - accuracy: 0.5777
58/67 [========================>.....] - ETA: 0s - loss: 0.6470 - accuracy: 0.6148
67/67 [==============================] - 1s 3ms/step - loss: 0.6401 - accuracy: 0.6309
Epoch 2/25

 1/67 [..............................] - ETA: 0s - loss: 0.5383 - accuracy: 0.7500
17/67 [======>.......................] - ETA: 0s - loss: 0.5524 - accuracy: 0.7426
34/67 [==============>...............] - ETA: 0s - loss: 0.5319 - accuracy: 0.7482
51/67 [=====================>........] - ETA: 0s - loss: 0.5296 - accuracy: 0.7518
67/67 [==============================] - 0s 3ms/step - loss: 0.5312 - accuracy: 0.7508
Epoch 3/25

 1/67 [..............................] - ETA: 0s - loss: 0.5373 - accuracy: 0.6562
18/67 [=======>......................] - ETA: 0s - loss: 0.4828 - accuracy: 0.7760
36/67 [===============>..............] - ETA: 0s - loss: 0.4679 - accuracy: 0.7856
55/67 [=======================>......] - ETA: 0s - loss: 0.4678 - accuracy: 0.7852
67/67 [==============================] - 0s 3ms/step - loss: 0.4718 - accuracy: 0.7811
Epoch 4/25

 1/67 [..............................] - ETA: 0s - loss: 0.5362 - accuracy: 0.7500
20/67 [=======>......................] - ETA: 0s - loss: 0.4264 - accuracy: 0.8250
39/67 [================>.............] - ETA: 0s - loss: 0.4339 - accuracy: 0.8133
59/67 [=========================>....] - ETA: 0s - loss: 0.4240 - accuracy: 0.8146
67/67 [==============================] - 0s 3ms/step - loss: 0.4305 - accuracy: 0.8101
Epoch 5/25

 1/67 [..............................] - ETA: 0s - loss: 0.2729 - accuracy: 0.9375
17/67 [======>.......................] - ETA: 0s - loss: 0.3543 - accuracy: 0.8438
35/67 [==============>...............] - ETA: 0s - loss: 0.3660 - accuracy: 0.8438
52/67 [======================>.......] - ETA: 0s - loss: 0.3806 - accuracy: 0.8293
67/67 [==============================] - 0s 3ms/step - loss: 0.3820 - accuracy: 0.8297
Epoch 6/25

 1/67 [..............................] - ETA: 0s - loss: 0.3319 - accuracy: 0.9062
21/67 [========>.....................] - ETA: 0s - loss: 0.3328 - accuracy: 0.8676
40/67 [================>.............] - ETA: 0s - loss: 0.3303 - accuracy: 0.8687
59/67 [=========================>....] - ETA: 0s - loss: 0.3310 - accuracy: 0.8655
67/67 [==============================] - 0s 3ms/step - loss: 0.3371 - accuracy: 0.8605
Epoch 7/25

 1/67 [..............................] - ETA: 0s - loss: 0.2373 - accuracy: 0.9375
10/67 [===>..........................] - ETA: 0s - loss: 0.3004 - accuracy: 0.8781
24/67 [=========>....................] - ETA: 0s - loss: 0.2881 - accuracy: 0.8958
42/67 [=================>............] - ETA: 0s - loss: 0.2822 - accuracy: 0.8943
60/67 [=========================>....] - ETA: 0s - loss: 0.2880 - accuracy: 0.8911
67/67 [==============================] - 0s 3ms/step - loss: 0.2926 - accuracy: 0.8880
Epoch 8/25

 1/67 [..............................] - ETA: 0s - loss: 0.2009 - accuracy: 0.9688
18/67 [=======>......................] - ETA: 0s - loss: 0.2332 - accuracy: 0.9288
36/67 [===============>..............] - ETA: 0s - loss: 0.2415 - accuracy: 0.9184
53/67 [======================>.......] - ETA: 0s - loss: 0.2369 - accuracy: 0.9169
67/67 [==============================] - 0s 3ms/step - loss: 0.2436 - accuracy: 0.9146
Epoch 9/25

 1/67 [..............................] - ETA: 0s - loss: 0.2062 - accuracy: 0.9375
17/67 [======>.......................] - ETA: 0s - loss: 0.2079 - accuracy: 0.9338
34/67 [==============>...............] - ETA: 0s - loss: 0.2182 - accuracy: 0.9219
52/67 [======================>.......] - ETA: 0s - loss: 0.2149 - accuracy: 0.9273
67/67 [==============================] - 0s 3ms/step - loss: 0.2166 - accuracy: 0.9258
Epoch 10/25

 1/67 [..............................] - ETA: 0s - loss: 0.1204 - accuracy: 0.9688
20/67 [=======>......................] - ETA: 0s - loss: 0.1868 - accuracy: 0.9438
40/67 [================>.............] - ETA: 0s - loss: 0.1876 - accuracy: 0.9391
60/67 [=========================>....] - ETA: 0s - loss: 0.1908 - accuracy: 0.9370
67/67 [==============================] - 0s 3ms/step - loss: 0.1922 - accuracy: 0.9351
Epoch 11/25

 1/67 [..............................] - ETA: 0s - loss: 0.1007 - accuracy: 1.0000
20/67 [=======>......................] - ETA: 0s - loss: 0.1504 - accuracy: 0.9609
39/67 [================>.............] - ETA: 0s - loss: 0.1600 - accuracy: 0.9511
57/67 [========================>.....] - ETA: 0s - loss: 0.1711 - accuracy: 0.9435
67/67 [==============================] - 0s 3ms/step - loss: 0.1742 - accuracy: 0.9398
Epoch 12/25

 1/67 [..............................] - ETA: 0s - loss: 0.1669 - accuracy: 0.9375
19/67 [=======>......................] - ETA: 0s - loss: 0.1775 - accuracy: 0.9326
37/67 [===============>..............] - ETA: 0s - loss: 0.1699 - accuracy: 0.9392
55/67 [=======================>......] - ETA: 0s - loss: 0.1580 - accuracy: 0.9460
67/67 [==============================] - 0s 3ms/step - loss: 0.1597 - accuracy: 0.9449
Epoch 13/25

 1/67 [..............................] - ETA: 0s - loss: 0.0583 - accuracy: 1.0000
18/67 [=======>......................] - ETA: 0s - loss: 0.1441 - accuracy: 0.9497
35/67 [==============>...............] - ETA: 0s - loss: 0.1526 - accuracy: 0.9482
53/67 [======================>.......] - ETA: 0s - loss: 0.1556 - accuracy: 0.9463
67/67 [==============================] - 0s 3ms/step - loss: 0.1534 - accuracy: 0.9463
Epoch 14/25

 1/67 [..............................] - ETA: 0s - loss: 0.1000 - accuracy: 0.9688
21/67 [========>.....................] - ETA: 0s - loss: 0.1255 - accuracy: 0.9554
41/67 [=================>............] - ETA: 0s - loss: 0.1435 - accuracy: 0.9474
61/67 [==========================>...] - ETA: 0s - loss: 0.1499 - accuracy: 0.9452
67/67 [==============================] - 0s 3ms/step - loss: 0.1504 - accuracy: 0.9454
Epoch 15/25

 1/67 [..............................] - ETA: 0s - loss: 0.0676 - accuracy: 1.0000
20/67 [=======>......................] - ETA: 0s - loss: 0.1380 - accuracy: 0.9484
39/67 [================>.............] - ETA: 0s - loss: 0.1423 - accuracy: 0.9503
59/67 [=========================>....] - ETA: 0s - loss: 0.1411 - accuracy: 0.9502
67/67 [==============================] - 0s 3ms/step - loss: 0.1363 - accuracy: 0.9524
Epoch 16/25

 1/67 [..............................] - ETA: 0s - loss: 0.2435 - accuracy: 0.9062
20/67 [=======>......................] - ETA: 0s - loss: 0.1440 - accuracy: 0.9547
39/67 [================>.............] - ETA: 0s - loss: 0.1374 - accuracy: 0.9543
57/67 [========================>.....] - ETA: 0s - loss: 0.1371 - accuracy: 0.9539
67/67 [==============================] - 0s 3ms/step - loss: 0.1364 - accuracy: 0.9538
Epoch 17/25

 1/67 [..............................] - ETA: 0s - loss: 0.0501 - accuracy: 1.0000
19/67 [=======>......................] - ETA: 0s - loss: 0.1212 - accuracy: 0.9556
38/67 [================>.............] - ETA: 0s - loss: 0.1232 - accuracy: 0.9564
56/67 [========================>.....] - ETA: 0s - loss: 0.1293 - accuracy: 0.9537
67/67 [==============================] - 0s 3ms/step - loss: 0.1314 - accuracy: 0.9538
Epoch 18/25

 1/67 [..............................] - ETA: 0s - loss: 0.0981 - accuracy: 0.9688
19/67 [=======>......................] - ETA: 0s - loss: 0.1329 - accuracy: 0.9490
38/67 [================>.............] - ETA: 0s - loss: 0.1335 - accuracy: 0.9490
56/67 [========================>.....] - ETA: 0s - loss: 0.1384 - accuracy: 0.9487
67/67 [==============================] - 0s 3ms/step - loss: 0.1373 - accuracy: 0.9496
Epoch 19/25

 1/67 [..............................] - ETA: 0s - loss: 0.0817 - accuracy: 0.9688
18/67 [=======>......................] - ETA: 0s - loss: 0.1388 - accuracy: 0.9479
36/67 [===============>..............] - ETA: 0s - loss: 0.1235 - accuracy: 0.9575
54/67 [=======================>......] - ETA: 0s - loss: 0.1335 - accuracy: 0.9525
67/67 [==============================] - 0s 3ms/step - loss: 0.1318 - accuracy: 0.9519
Epoch 20/25

 1/67 [..............................] - ETA: 0s - loss: 0.1510 - accuracy: 0.9375
19/67 [=======>......................] - ETA: 0s - loss: 0.1222 - accuracy: 0.9589
37/67 [===============>..............] - ETA: 0s - loss: 0.1321 - accuracy: 0.9510
55/67 [=======================>......] - ETA: 0s - loss: 0.1298 - accuracy: 0.9517
67/67 [==============================] - 0s 3ms/step - loss: 0.1299 - accuracy: 0.9519
Epoch 21/25

 1/67 [..............................] - ETA: 0s - loss: 0.0363 - accuracy: 1.0000
19/67 [=======>......................] - ETA: 0s - loss: 0.1273 - accuracy: 0.9539
37/67 [===============>..............] - ETA: 0s - loss: 0.1222 - accuracy: 0.9586
57/67 [========================>.....] - ETA: 0s - loss: 0.1307 - accuracy: 0.9534
67/67 [==============================] - 0s 3ms/step - loss: 0.1384 - accuracy: 0.9482
Epoch 22/25

 1/67 [..............................] - ETA: 0s - loss: 0.1375 - accuracy: 0.9375
19/67 [=======>......................] - ETA: 0s - loss: 0.1376 - accuracy: 0.9474
37/67 [===============>..............] - ETA: 0s - loss: 0.1302 - accuracy: 0.9519
56/67 [========================>.....] - ETA: 0s - loss: 0.1274 - accuracy: 0.9531
67/67 [==============================] - 0s 3ms/step - loss: 0.1268 - accuracy: 0.9538
Epoch 23/25

 1/67 [..............................] - ETA: 0s - loss: 0.1401 - accuracy: 0.9375
18/67 [=======>......................] - ETA: 0s - loss: 0.1366 - accuracy: 0.9497
36/67 [===============>..............] - ETA: 0s - loss: 0.1292 - accuracy: 0.9523
53/67 [======================>.......] - ETA: 0s - loss: 0.1318 - accuracy: 0.9499
67/67 [==============================] - 0s 3ms/step - loss: 0.1250 - accuracy: 0.9529
Epoch 24/25

 1/67 [..............................] - ETA: 0s - loss: 0.0821 - accuracy: 0.9688
18/67 [=======>......................] - ETA: 0s - loss: 0.1104 - accuracy: 0.9601
36/67 [===============>..............] - ETA: 0s - loss: 0.1238 - accuracy: 0.9540
53/67 [======================>.......] - ETA: 0s - loss: 0.1295 - accuracy: 0.9499
67/67 [==============================] - 0s 3ms/step - loss: 0.1297 - accuracy: 0.9515
Epoch 25/25

 1/67 [..............................] - ETA: 0s - loss: 0.0284 - accuracy: 1.0000
21/67 [========>.....................] - ETA: 0s - loss: 0.1050 - accuracy: 0.9643
41/67 [=================>............] - ETA: 0s - loss: 0.1183 - accuracy: 0.9543
59/67 [=========================>....] - ETA: 0s - loss: 0.1242 - accuracy: 0.9513
67/67 [==============================] - 0s 3ms/step - loss: 0.1201 - accuracy: 0.9533
# node2vec
Epoch 1/25

 1/67 [..............................] - ETA: 22s - loss: 0.7328 - accuracy: 0.5312
35/67 [==============>...............] - ETA: 0s - loss: 0.6614 - accuracy: 0.6304 
67/67 [==============================] - ETA: 0s - loss: 0.6351 - accuracy: 0.6570
67/67 [==============================] - 0s 2ms/step - loss: 0.6351 - accuracy: 0.6570
Epoch 2/25

 1/67 [..............................] - ETA: 0s - loss: 0.5722 - accuracy: 0.7188
37/67 [===============>..............] - ETA: 0s - loss: 0.5378 - accuracy: 0.7593
67/67 [==============================] - 0s 1ms/step - loss: 0.5390 - accuracy: 0.7531
Epoch 3/25

 1/67 [..............................] - ETA: 0s - loss: 0.5224 - accuracy: 0.8438
35/67 [==============>...............] - ETA: 0s - loss: 0.4827 - accuracy: 0.8009
67/67 [==============================] - 0s 1ms/step - loss: 0.4846 - accuracy: 0.7839
Epoch 4/25

 1/67 [..............................] - ETA: 0s - loss: 0.4640 - accuracy: 0.7812
35/67 [==============>...............] - ETA: 0s - loss: 0.4594 - accuracy: 0.8054
67/67 [==============================] - 0s 2ms/step - loss: 0.4496 - accuracy: 0.8031
Epoch 5/25

 1/67 [..............................] - ETA: 0s - loss: 0.4503 - accuracy: 0.8125
36/67 [===============>..............] - ETA: 0s - loss: 0.4291 - accuracy: 0.8134
67/67 [==============================] - 0s 1ms/step - loss: 0.4235 - accuracy: 0.8185
Epoch 6/25

 1/67 [..............................] - ETA: 0s - loss: 0.2931 - accuracy: 0.8750
38/67 [================>.............] - ETA: 0s - loss: 0.3827 - accuracy: 0.8462
67/67 [==============================] - 0s 1ms/step - loss: 0.3890 - accuracy: 0.8395
Epoch 7/25

 1/67 [..............................] - ETA: 0s - loss: 0.3602 - accuracy: 0.8438
34/67 [==============>...............] - ETA: 0s - loss: 0.3573 - accuracy: 0.8621
67/67 [==============================] - 0s 2ms/step - loss: 0.3663 - accuracy: 0.8581
Epoch 8/25

 1/67 [..............................] - ETA: 0s - loss: 0.3595 - accuracy: 0.8438
27/67 [===========>..................] - ETA: 0s - loss: 0.3390 - accuracy: 0.8750
61/67 [==========================>...] - ETA: 0s - loss: 0.3456 - accuracy: 0.8673
67/67 [==============================] - 0s 2ms/step - loss: 0.3456 - accuracy: 0.8670
Epoch 9/25

 1/67 [..............................] - ETA: 0s - loss: 0.3851 - accuracy: 0.8750
32/67 [=============>................] - ETA: 0s - loss: 0.3263 - accuracy: 0.8779
63/67 [===========================>..] - ETA: 0s - loss: 0.3259 - accuracy: 0.8785
67/67 [==============================] - 0s 2ms/step - loss: 0.3255 - accuracy: 0.8801
Epoch 10/25

 1/67 [..............................] - ETA: 0s - loss: 0.3933 - accuracy: 0.8125
27/67 [===========>..................] - ETA: 0s - loss: 0.2924 - accuracy: 0.9051
59/67 [=========================>....] - ETA: 0s - loss: 0.3054 - accuracy: 0.8893
67/67 [==============================] - 0s 2ms/step - loss: 0.3049 - accuracy: 0.8880
Epoch 11/25

 1/67 [..............................] - ETA: 0s - loss: 0.2648 - accuracy: 0.8750
33/67 [=============>................] - ETA: 0s - loss: 0.2754 - accuracy: 0.9157
62/67 [==========================>...] - ETA: 0s - loss: 0.2813 - accuracy: 0.9078
67/67 [==============================] - 0s 2ms/step - loss: 0.2802 - accuracy: 0.9081
Epoch 12/25

 1/67 [..............................] - ETA: 0s - loss: 0.1984 - accuracy: 0.9688
31/67 [============>.................] - ETA: 0s - loss: 0.2594 - accuracy: 0.9183
67/67 [==============================] - 0s 2ms/step - loss: 0.2665 - accuracy: 0.9141
Epoch 13/25

 1/67 [..............................] - ETA: 0s - loss: 0.2444 - accuracy: 0.9062
41/67 [=================>............] - ETA: 0s - loss: 0.2464 - accuracy: 0.9207
67/67 [==============================] - 0s 1ms/step - loss: 0.2566 - accuracy: 0.9155
Epoch 14/25

 1/67 [..............................] - ETA: 0s - loss: 0.1947 - accuracy: 0.9688
36/67 [===============>..............] - ETA: 0s - loss: 0.2312 - accuracy: 0.9297
67/67 [==============================] - ETA: 0s - loss: 0.2385 - accuracy: 0.9249
67/67 [==============================] - 0s 2ms/step - loss: 0.2385 - accuracy: 0.9249
Epoch 15/25

 1/67 [..............................] - ETA: 0s - loss: 0.2683 - accuracy: 0.8125
23/67 [=========>....................] - ETA: 0s - loss: 0.2256 - accuracy: 0.9307
51/67 [=====================>........] - ETA: 0s - loss: 0.2215 - accuracy: 0.9338
67/67 [==============================] - 0s 2ms/step - loss: 0.2262 - accuracy: 0.9323
Epoch 16/25

 1/67 [..............................] - ETA: 0s - loss: 0.1794 - accuracy: 0.9375
36/67 [===============>..............] - ETA: 0s - loss: 0.2077 - accuracy: 0.9375
67/67 [==============================] - 0s 1ms/step - loss: 0.2167 - accuracy: 0.9347
Epoch 17/25

 1/67 [..............................] - ETA: 0s - loss: 0.2345 - accuracy: 0.9062
38/67 [================>.............] - ETA: 0s - loss: 0.1940 - accuracy: 0.9449
67/67 [==============================] - 0s 1ms/step - loss: 0.2012 - accuracy: 0.9393
Epoch 18/25

 1/67 [..............................] - ETA: 0s - loss: 0.1695 - accuracy: 0.9688
35/67 [==============>...............] - ETA: 0s - loss: 0.1926 - accuracy: 0.9420
67/67 [==============================] - 0s 2ms/step - loss: 0.1956 - accuracy: 0.9417
Epoch 19/25

 1/67 [..............................] - ETA: 0s - loss: 0.1894 - accuracy: 0.9375
33/67 [=============>................] - ETA: 0s - loss: 0.1819 - accuracy: 0.9470
59/67 [=========================>....] - ETA: 0s - loss: 0.1878 - accuracy: 0.9439
67/67 [==============================] - 0s 2ms/step - loss: 0.1868 - accuracy: 0.9445
Epoch 20/25

 1/67 [..............................] - ETA: 0s - loss: 0.3206 - accuracy: 0.8750
23/67 [=========>....................] - ETA: 0s - loss: 0.1935 - accuracy: 0.9402
50/67 [=====================>........] - ETA: 0s - loss: 0.1806 - accuracy: 0.9463
67/67 [==============================] - 0s 2ms/step - loss: 0.1782 - accuracy: 0.9477
Epoch 21/25

 1/67 [..............................] - ETA: 0s - loss: 0.1613 - accuracy: 0.9375
36/67 [===============>..............] - ETA: 0s - loss: 0.1729 - accuracy: 0.9505
67/67 [==============================] - 0s 1ms/step - loss: 0.1757 - accuracy: 0.9477
Epoch 22/25

 1/67 [..............................] - ETA: 0s - loss: 0.2322 - accuracy: 0.9062
35/67 [==============>...............] - ETA: 0s - loss: 0.1712 - accuracy: 0.9482
66/67 [============================>.] - ETA: 0s - loss: 0.1682 - accuracy: 0.9479
67/67 [==============================] - 0s 2ms/step - loss: 0.1672 - accuracy: 0.9487
Epoch 23/25

 1/67 [..............................] - ETA: 0s - loss: 0.1233 - accuracy: 0.9688
32/67 [=============>................] - ETA: 0s - loss: 0.1580 - accuracy: 0.9521
67/67 [==============================] - 0s 2ms/step - loss: 0.1615 - accuracy: 0.9501
Epoch 24/25

 1/67 [..............................] - ETA: 0s - loss: 0.2012 - accuracy: 0.9375
38/67 [================>.............] - ETA: 0s - loss: 0.1519 - accuracy: 0.9531
67/67 [==============================] - 0s 1ms/step - loss: 0.1572 - accuracy: 0.9505
Epoch 25/25

 1/67 [..............................] - ETA: 0s - loss: 0.0678 - accuracy: 1.0000
35/67 [==============>...............] - ETA: 0s - loss: 0.1520 - accuracy: 0.9500
67/67 [==============================] - 0s 1ms/step - loss: 0.1545 - accuracy: 0.9496
# predict: steps=1872
# predict: tnodeembed_metrics
# predict: node2vec_metrics
tnodeembed: {'auc': 0.674589017180371, 'f1_micro': 0.6587736290160978, 'f1_macro': 0.6567108689160681} tNodeEmbed_final_loss=0.1201275959610939 tNodeEmbed_final_accuracy=0.9533364176750183 
node2vec: {'auc': 0.6801836823072465, 'f1_micro': 0.6477857190568432, 'f1_macro': 0.641502358485757} node2vec_final_loss=0.15447098016738892 node2vec_final_accuracy=0.9496033787727356 
