# load graph
# initialize tNodeEmbed for dataset=PPI, test_size=0.2
# load dataset
# fit
# tNodeEmbed
Epoch 1/25

 1/67 [..............................] - ETA: 1:22 - loss: 0.6954 - accuracy: 0.5625
19/67 [=======>......................] - ETA: 0s - loss: 0.6896 - accuracy: 0.5016  
36/67 [===============>..............] - ETA: 0s - loss: 0.6816 - accuracy: 0.5816
53/67 [======================>.......] - ETA: 0s - loss: 0.6713 - accuracy: 0.6044
67/67 [==============================] - 1s 3ms/step - loss: 0.6603 - accuracy: 0.6192
Epoch 2/25

 1/67 [..............................] - ETA: 0s - loss: 0.5826 - accuracy: 0.6562
15/67 [=====>........................] - ETA: 0s - loss: 0.5819 - accuracy: 0.7208
30/67 [============>.................] - ETA: 0s - loss: 0.5715 - accuracy: 0.7375
47/67 [====================>.........] - ETA: 0s - loss: 0.5649 - accuracy: 0.7400
63/67 [===========================>..] - ETA: 0s - loss: 0.5662 - accuracy: 0.7356
67/67 [==============================] - 0s 3ms/step - loss: 0.5660 - accuracy: 0.7336
Epoch 3/25

 1/67 [..............................] - ETA: 0s - loss: 0.4167 - accuracy: 0.8438
17/67 [======>.......................] - ETA: 0s - loss: 0.4974 - accuracy: 0.8015
35/67 [==============>...............] - ETA: 0s - loss: 0.4937 - accuracy: 0.7857
52/67 [======================>.......] - ETA: 0s - loss: 0.4927 - accuracy: 0.7915
67/67 [==============================] - 0s 3ms/step - loss: 0.4832 - accuracy: 0.7937
Epoch 4/25

 1/67 [..............................] - ETA: 0s - loss: 0.3114 - accuracy: 0.9375
18/67 [=======>......................] - ETA: 0s - loss: 0.3807 - accuracy: 0.8524
35/67 [==============>...............] - ETA: 0s - loss: 0.3941 - accuracy: 0.8420
52/67 [======================>.......] - ETA: 0s - loss: 0.4000 - accuracy: 0.8359
67/67 [==============================] - 0s 3ms/step - loss: 0.4124 - accuracy: 0.8259
Epoch 5/25

 1/67 [..............................] - ETA: 0s - loss: 0.3008 - accuracy: 0.9375
19/67 [=======>......................] - ETA: 0s - loss: 0.3162 - accuracy: 0.8980
37/67 [===============>..............] - ETA: 0s - loss: 0.3291 - accuracy: 0.8767
55/67 [=======================>......] - ETA: 0s - loss: 0.3278 - accuracy: 0.8727
67/67 [==============================] - 0s 3ms/step - loss: 0.3333 - accuracy: 0.8717
Epoch 6/25

 1/67 [..............................] - ETA: 0s - loss: 0.1988 - accuracy: 0.9688
20/67 [=======>......................] - ETA: 0s - loss: 0.2782 - accuracy: 0.8984
39/67 [================>.............] - ETA: 0s - loss: 0.2613 - accuracy: 0.9095
58/67 [========================>.....] - ETA: 0s - loss: 0.2553 - accuracy: 0.9127
67/67 [==============================] - 0s 3ms/step - loss: 0.2533 - accuracy: 0.9132
Epoch 7/25

 1/67 [..............................] - ETA: 0s - loss: 0.2185 - accuracy: 0.9375
19/67 [=======>......................] - ETA: 0s - loss: 0.1692 - accuracy: 0.9638
37/67 [===============>..............] - ETA: 0s - loss: 0.1844 - accuracy: 0.9485
56/67 [========================>.....] - ETA: 0s - loss: 0.1842 - accuracy: 0.9425
67/67 [==============================] - 0s 3ms/step - loss: 0.1846 - accuracy: 0.9421
Epoch 8/25

 1/67 [..............................] - ETA: 0s - loss: 0.0657 - accuracy: 1.0000
19/67 [=======>......................] - ETA: 0s - loss: 0.1027 - accuracy: 0.9852
37/67 [===============>..............] - ETA: 0s - loss: 0.1174 - accuracy: 0.9747
55/67 [=======================>......] - ETA: 0s - loss: 0.1192 - accuracy: 0.9733
67/67 [==============================] - 0s 3ms/step - loss: 0.1221 - accuracy: 0.9701
Epoch 9/25

 1/67 [..............................] - ETA: 0s - loss: 0.0708 - accuracy: 0.9688
16/67 [======>.......................] - ETA: 0s - loss: 0.0713 - accuracy: 0.9902
31/67 [============>.................] - ETA: 0s - loss: 0.0745 - accuracy: 0.9909
46/67 [===================>..........] - ETA: 0s - loss: 0.0775 - accuracy: 0.9871
62/67 [==========================>...] - ETA: 0s - loss: 0.0772 - accuracy: 0.9869
67/67 [==============================] - 0s 3ms/step - loss: 0.0768 - accuracy: 0.9869
Epoch 10/25

 1/67 [..............................] - ETA: 0s - loss: 0.0380 - accuracy: 1.0000
17/67 [======>.......................] - ETA: 0s - loss: 0.0541 - accuracy: 0.9908
34/67 [==============>...............] - ETA: 0s - loss: 0.0544 - accuracy: 0.9917
53/67 [======================>.......] - ETA: 0s - loss: 0.0530 - accuracy: 0.9929
67/67 [==============================] - 0s 3ms/step - loss: 0.0530 - accuracy: 0.9916
Epoch 11/25

 1/67 [..............................] - ETA: 0s - loss: 0.0252 - accuracy: 1.0000
20/67 [=======>......................] - ETA: 0s - loss: 0.0349 - accuracy: 0.9969
38/67 [================>.............] - ETA: 0s - loss: 0.0376 - accuracy: 0.9959
56/67 [========================>.....] - ETA: 0s - loss: 0.0377 - accuracy: 0.9955
67/67 [==============================] - 0s 3ms/step - loss: 0.0369 - accuracy: 0.9953
Epoch 12/25

 1/67 [..............................] - ETA: 0s - loss: 0.0225 - accuracy: 1.0000
19/67 [=======>......................] - ETA: 0s - loss: 0.0299 - accuracy: 0.9934
38/67 [================>.............] - ETA: 0s - loss: 0.0303 - accuracy: 0.9942
55/67 [=======================>......] - ETA: 0s - loss: 0.0296 - accuracy: 0.9949
67/67 [==============================] - 0s 3ms/step - loss: 0.0274 - accuracy: 0.9953
Epoch 13/25

 1/67 [..............................] - ETA: 0s - loss: 0.0094 - accuracy: 1.0000
16/67 [======>.......................] - ETA: 0s - loss: 0.0190 - accuracy: 0.9980
31/67 [============>.................] - ETA: 0s - loss: 0.0212 - accuracy: 0.9960
48/67 [====================>.........] - ETA: 0s - loss: 0.0193 - accuracy: 0.9961
65/67 [============================>.] - ETA: 0s - loss: 0.0213 - accuracy: 0.9957
67/67 [==============================] - 0s 3ms/step - loss: 0.0208 - accuracy: 0.9958
Epoch 14/25

 1/67 [..............................] - ETA: 0s - loss: 0.0145 - accuracy: 1.0000
17/67 [======>.......................] - ETA: 0s - loss: 0.0201 - accuracy: 0.9945
34/67 [==============>...............] - ETA: 0s - loss: 0.0237 - accuracy: 0.9936
51/67 [=====================>........] - ETA: 0s - loss: 0.0192 - accuracy: 0.9957
67/67 [==============================] - ETA: 0s - loss: 0.0167 - accuracy: 0.9967
67/67 [==============================] - 0s 3ms/step - loss: 0.0167 - accuracy: 0.9967
Epoch 15/25

 1/67 [..............................] - ETA: 0s - loss: 0.0130 - accuracy: 1.0000
19/67 [=======>......................] - ETA: 0s - loss: 0.0068 - accuracy: 1.0000
37/67 [===============>..............] - ETA: 0s - loss: 0.0158 - accuracy: 0.9966
56/67 [========================>.....] - ETA: 0s - loss: 0.0152 - accuracy: 0.9967
67/67 [==============================] - 0s 3ms/step - loss: 0.0139 - accuracy: 0.9972
Epoch 16/25

 1/67 [..............................] - ETA: 0s - loss: 0.0079 - accuracy: 1.0000
19/67 [=======>......................] - ETA: 0s - loss: 0.0060 - accuracy: 1.0000
36/67 [===============>..............] - ETA: 0s - loss: 0.0059 - accuracy: 1.0000
55/67 [=======================>......] - ETA: 0s - loss: 0.0124 - accuracy: 0.9972
67/67 [==============================] - 0s 3ms/step - loss: 0.0125 - accuracy: 0.9972
Epoch 17/25

 1/67 [..............................] - ETA: 0s - loss: 0.0050 - accuracy: 1.0000
19/67 [=======>......................] - ETA: 0s - loss: 0.0086 - accuracy: 0.9984
39/67 [================>.............] - ETA: 0s - loss: 0.0094 - accuracy: 0.9984
58/67 [========================>.....] - ETA: 0s - loss: 0.0109 - accuracy: 0.9978
67/67 [==============================] - 0s 3ms/step - loss: 0.0113 - accuracy: 0.9977
Epoch 18/25

 1/67 [..............................] - ETA: 0s - loss: 0.0051 - accuracy: 1.0000
18/67 [=======>......................] - ETA: 0s - loss: 0.0085 - accuracy: 0.9983
36/67 [===============>..............] - ETA: 0s - loss: 0.0114 - accuracy: 0.9974
54/67 [=======================>......] - ETA: 0s - loss: 0.0107 - accuracy: 0.9977
67/67 [==============================] - 0s 3ms/step - loss: 0.0108 - accuracy: 0.9977
Epoch 19/25

 1/67 [..............................] - ETA: 0s - loss: 0.0034 - accuracy: 1.0000
18/67 [=======>......................] - ETA: 0s - loss: 0.0169 - accuracy: 0.9948
35/67 [==============>...............] - ETA: 0s - loss: 0.0133 - accuracy: 0.9964
52/67 [======================>.......] - ETA: 0s - loss: 0.0104 - accuracy: 0.9976
67/67 [==============================] - 0s 3ms/step - loss: 0.0102 - accuracy: 0.9977
Epoch 20/25

 1/67 [..............................] - ETA: 0s - loss: 0.0060 - accuracy: 1.0000
17/67 [======>.......................] - ETA: 0s - loss: 0.0133 - accuracy: 0.9963
32/67 [=============>................] - ETA: 0s - loss: 0.0115 - accuracy: 0.9971
48/67 [====================>.........] - ETA: 0s - loss: 0.0105 - accuracy: 0.9974
66/67 [============================>.] - ETA: 0s - loss: 0.0100 - accuracy: 0.9976
67/67 [==============================] - 0s 3ms/step - loss: 0.0098 - accuracy: 0.9977
Epoch 21/25

 1/67 [..............................] - ETA: 0s - loss: 0.0040 - accuracy: 1.0000
19/67 [=======>......................] - ETA: 0s - loss: 0.0118 - accuracy: 0.9967
38/67 [================>.............] - ETA: 0s - loss: 0.0085 - accuracy: 0.9984
57/67 [========================>.....] - ETA: 0s - loss: 0.0108 - accuracy: 0.9973
67/67 [==============================] - 0s 3ms/step - loss: 0.0096 - accuracy: 0.9977
Epoch 22/25

 1/67 [..............................] - ETA: 0s - loss: 0.0019 - accuracy: 1.0000
19/67 [=======>......................] - ETA: 0s - loss: 0.0113 - accuracy: 0.9967
38/67 [================>.............] - ETA: 0s - loss: 0.0098 - accuracy: 0.9975
57/67 [========================>.....] - ETA: 0s - loss: 0.0091 - accuracy: 0.9978
67/67 [==============================] - 0s 3ms/step - loss: 0.0094 - accuracy: 0.9977
Epoch 23/25

 1/67 [..............................] - ETA: 0s - loss: 0.0068 - accuracy: 1.0000
18/67 [=======>......................] - ETA: 0s - loss: 0.0030 - accuracy: 1.0000
35/67 [==============>...............] - ETA: 0s - loss: 0.0077 - accuracy: 0.9982
52/67 [======================>.......] - ETA: 0s - loss: 0.0064 - accuracy: 0.9988
67/67 [==============================] - 0s 3ms/step - loss: 0.0092 - accuracy: 0.9977
Epoch 24/25

 1/67 [..............................] - ETA: 0s - loss: 8.4255e-04 - accuracy: 1.0000
17/67 [======>.......................] - ETA: 0s - loss: 0.0022 - accuracy: 1.0000    
32/67 [=============>................] - ETA: 0s - loss: 0.0098 - accuracy: 0.9971
49/67 [====================>.........] - ETA: 0s - loss: 0.0105 - accuracy: 0.9968
65/67 [============================>.] - ETA: 0s - loss: 0.0092 - accuracy: 0.9976
67/67 [==============================] - 0s 3ms/step - loss: 0.0091 - accuracy: 0.9977
Epoch 25/25

 1/67 [..............................] - ETA: 0s - loss: 0.0042 - accuracy: 1.0000
13/67 [====>.........................] - ETA: 0s - loss: 0.0147 - accuracy: 0.9952
28/67 [===========>..................] - ETA: 0s - loss: 0.0113 - accuracy: 0.9967
46/67 [===================>..........] - ETA: 0s - loss: 0.0098 - accuracy: 0.9973
65/67 [============================>.] - ETA: 0s - loss: 0.0090 - accuracy: 0.9976
67/67 [==============================] - 0s 3ms/step - loss: 0.0088 - accuracy: 0.9977
# node2vec
Epoch 1/25

 1/67 [..............................] - ETA: 19s - loss: 0.6518 - accuracy: 0.7188
39/67 [================>.............] - ETA: 0s - loss: 0.6786 - accuracy: 0.5633 
67/67 [==============================] - 0s 1ms/step - loss: 0.6593 - accuracy: 0.6076
Epoch 2/25

 1/67 [..............................] - ETA: 0s - loss: 0.6276 - accuracy: 0.7188
36/67 [===============>..............] - ETA: 0s - loss: 0.5713 - accuracy: 0.7205
67/67 [==============================] - 0s 1ms/step - loss: 0.5665 - accuracy: 0.7284
Epoch 3/25

 1/67 [..............................] - ETA: 0s - loss: 0.5199 - accuracy: 0.8438
38/67 [================>.............] - ETA: 0s - loss: 0.5013 - accuracy: 0.7911
67/67 [==============================] - ETA: 0s - loss: 0.5041 - accuracy: 0.7816
67/67 [==============================] - 0s 2ms/step - loss: 0.5041 - accuracy: 0.7816
Epoch 4/25

 1/67 [..............................] - ETA: 0s - loss: 0.4812 - accuracy: 0.8125
32/67 [=============>................] - ETA: 0s - loss: 0.4414 - accuracy: 0.8359
63/67 [===========================>..] - ETA: 0s - loss: 0.4507 - accuracy: 0.8204
67/67 [==============================] - 0s 2ms/step - loss: 0.4512 - accuracy: 0.8194
Epoch 5/25

 1/67 [..............................] - ETA: 0s - loss: 0.2856 - accuracy: 0.9375
34/67 [==============>...............] - ETA: 0s - loss: 0.3961 - accuracy: 0.8594
67/67 [==============================] - 0s 2ms/step - loss: 0.4014 - accuracy: 0.8483
Epoch 6/25

 1/67 [..............................] - ETA: 0s - loss: 0.3317 - accuracy: 0.9062
37/67 [===============>..............] - ETA: 0s - loss: 0.3496 - accuracy: 0.8877
67/67 [==============================] - 0s 1ms/step - loss: 0.3542 - accuracy: 0.8819
Epoch 7/25

 1/67 [..............................] - ETA: 0s - loss: 0.3612 - accuracy: 0.9062
36/67 [===============>..............] - ETA: 0s - loss: 0.3214 - accuracy: 0.8950
67/67 [==============================] - 0s 2ms/step - loss: 0.3137 - accuracy: 0.8964
Epoch 8/25

 1/67 [..............................] - ETA: 0s - loss: 0.3006 - accuracy: 0.9062
34/67 [==============>...............] - ETA: 0s - loss: 0.2711 - accuracy: 0.9301
65/67 [============================>.] - ETA: 0s - loss: 0.2678 - accuracy: 0.9322
67/67 [==============================] - 0s 2ms/step - loss: 0.2681 - accuracy: 0.9328
Epoch 9/25

 1/67 [..............................] - ETA: 0s - loss: 0.2265 - accuracy: 0.9688
30/67 [============>.................] - ETA: 0s - loss: 0.2280 - accuracy: 0.9521
62/67 [==========================>...] - ETA: 0s - loss: 0.2318 - accuracy: 0.9451
67/67 [==============================] - 0s 2ms/step - loss: 0.2299 - accuracy: 0.9463
Epoch 10/25

 1/67 [..............................] - ETA: 0s - loss: 0.1735 - accuracy: 1.0000
26/67 [==========>...................] - ETA: 0s - loss: 0.1911 - accuracy: 0.9688
55/67 [=======================>......] - ETA: 0s - loss: 0.1888 - accuracy: 0.9699
67/67 [==============================] - 0s 2ms/step - loss: 0.1953 - accuracy: 0.9655
Epoch 11/25

 1/67 [..............................] - ETA: 0s - loss: 0.1912 - accuracy: 0.9688
28/67 [===========>..................] - ETA: 0s - loss: 0.1680 - accuracy: 0.9766
57/67 [========================>.....] - ETA: 0s - loss: 0.1704 - accuracy: 0.9737
67/67 [==============================] - 0s 2ms/step - loss: 0.1674 - accuracy: 0.9743
Epoch 12/25

 1/67 [..............................] - ETA: 0s - loss: 0.1210 - accuracy: 0.9688
33/67 [=============>................] - ETA: 0s - loss: 0.1332 - accuracy: 0.9839
67/67 [==============================] - 0s 2ms/step - loss: 0.1399 - accuracy: 0.9818
Epoch 13/25

 1/67 [..............................] - ETA: 0s - loss: 0.1064 - accuracy: 1.0000
36/67 [===============>..............] - ETA: 0s - loss: 0.1196 - accuracy: 0.9887
67/67 [==============================] - 0s 1ms/step - loss: 0.1182 - accuracy: 0.9883
Epoch 14/25

 1/67 [..............................] - ETA: 0s - loss: 0.0857 - accuracy: 1.0000
37/67 [===============>..............] - ETA: 0s - loss: 0.1041 - accuracy: 0.9890
67/67 [==============================] - 0s 1ms/step - loss: 0.1019 - accuracy: 0.9916
Epoch 15/25

 1/67 [..............................] - ETA: 0s - loss: 0.0571 - accuracy: 1.0000
37/67 [===============>..............] - ETA: 0s - loss: 0.0865 - accuracy: 0.9932
67/67 [==============================] - 0s 1ms/step - loss: 0.0864 - accuracy: 0.9944
Epoch 16/25

 1/67 [..............................] - ETA: 0s - loss: 0.0593 - accuracy: 1.0000
36/67 [===============>..............] - ETA: 0s - loss: 0.0700 - accuracy: 0.9974
67/67 [==============================] - 0s 1ms/step - loss: 0.0756 - accuracy: 0.9949
Epoch 17/25

 1/67 [..............................] - ETA: 0s - loss: 0.0677 - accuracy: 1.0000
36/67 [===============>..............] - ETA: 0s - loss: 0.0670 - accuracy: 0.9957
66/67 [============================>.] - ETA: 0s - loss: 0.0653 - accuracy: 0.9962
67/67 [==============================] - 0s 2ms/step - loss: 0.0652 - accuracy: 0.9963
Epoch 18/25

 1/67 [..............................] - ETA: 0s - loss: 0.0417 - accuracy: 1.0000
30/67 [============>.................] - ETA: 0s - loss: 0.0552 - accuracy: 0.9958
60/67 [=========================>....] - ETA: 0s - loss: 0.0575 - accuracy: 0.9964
67/67 [==============================] - 0s 2ms/step - loss: 0.0574 - accuracy: 0.9967
Epoch 19/25

 1/67 [..............................] - ETA: 0s - loss: 0.0327 - accuracy: 1.0000
30/67 [============>.................] - ETA: 0s - loss: 0.0450 - accuracy: 0.9979
57/67 [========================>.....] - ETA: 0s - loss: 0.0513 - accuracy: 0.9962
67/67 [==============================] - 0s 2ms/step - loss: 0.0504 - accuracy: 0.9967
Epoch 20/25

 1/67 [..............................] - ETA: 0s - loss: 0.0459 - accuracy: 1.0000
26/67 [==========>...................] - ETA: 0s - loss: 0.0413 - accuracy: 0.9988
54/67 [=======================>......] - ETA: 0s - loss: 0.0464 - accuracy: 0.9965
67/67 [==============================] - 0s 2ms/step - loss: 0.0455 - accuracy: 0.9972
Epoch 21/25

 1/67 [..............................] - ETA: 0s - loss: 0.0305 - accuracy: 1.0000
31/67 [============>.................] - ETA: 0s - loss: 0.0346 - accuracy: 0.9990
66/67 [============================>.] - ETA: 0s - loss: 0.0408 - accuracy: 0.9972
67/67 [==============================] - 0s 2ms/step - loss: 0.0407 - accuracy: 0.9972
Epoch 22/25

 1/67 [..............................] - ETA: 0s - loss: 0.0251 - accuracy: 1.0000
33/67 [=============>................] - ETA: 0s - loss: 0.0331 - accuracy: 0.9981
65/67 [============================>.] - ETA: 0s - loss: 0.0369 - accuracy: 0.9971
67/67 [==============================] - 0s 2ms/step - loss: 0.0365 - accuracy: 0.9972
Epoch 23/25

 1/67 [..............................] - ETA: 0s - loss: 0.0943 - accuracy: 0.9688
34/67 [==============>...............] - ETA: 0s - loss: 0.0341 - accuracy: 0.9963
64/67 [===========================>..] - ETA: 0s - loss: 0.0336 - accuracy: 0.9971
67/67 [==============================] - 0s 2ms/step - loss: 0.0335 - accuracy: 0.9972
Epoch 24/25

 1/67 [..............................] - ETA: 0s - loss: 0.0281 - accuracy: 1.0000
30/67 [============>.................] - ETA: 0s - loss: 0.0325 - accuracy: 0.9958
61/67 [==========================>...] - ETA: 0s - loss: 0.0298 - accuracy: 0.9974
67/67 [==============================] - 0s 2ms/step - loss: 0.0305 - accuracy: 0.9972
Epoch 25/25

 1/67 [..............................] - ETA: 0s - loss: 0.0218 - accuracy: 1.0000
33/67 [=============>................] - ETA: 0s - loss: 0.0330 - accuracy: 0.9953
65/67 [============================>.] - ETA: 0s - loss: 0.0284 - accuracy: 0.9971
67/67 [==============================] - 0s 2ms/step - loss: 0.0282 - accuracy: 0.9972
# predict: steps=1872
# predict: tnodeembed_metrics
# predict: node2vec_metrics
tnodeembed: {'auc': 0.6917158106545453, 'f1_micro': 0.6461492218288691, 'f1_macro': 0.6447382098910872} tNodeEmbed_final_loss=0.00881511252373457 tNodeEmbed_final_accuracy=0.9976668357849121 
node2vec: {'auc': 0.7057669402802088, 'f1_micro': 0.65239462961726, 'f1_macro': 0.6504818914208871} node2vec_final_loss=0.028174761682748795 node2vec_final_accuracy=0.9972001910209656 
