# load graph
Processing Static file: filename='interactions_with_dates_1987_nodes_10_edges_13_component_0.edges'
# initialize tNodeEmbed for dataset=PPI_NC, test_size=0.2
# load dataset
# fit
# tNodeEmbed steps_per_epoch=5
Epoch 1/25

1/5 [=====>........................] - ETA: 12s - loss: 5.7004 - accuracy: 0.2812
5/5 [==============================] - 3s 5ms/step - loss: 5.6972 - accuracy: 0.2045
Epoch 2/25

1/5 [=====>........................] - ETA: 0s - loss: 5.6903 - accuracy: 0.2188
5/5 [==============================] - 0s 6ms/step - loss: 5.6872 - accuracy: 0.2197
Epoch 3/25

1/5 [=====>........................] - ETA: 0s - loss: 5.6798 - accuracy: 0.1562
5/5 [==============================] - 0s 6ms/step - loss: 5.6734 - accuracy: 0.1970
Epoch 4/25

1/5 [=====>........................] - ETA: 0s - loss: 5.6546 - accuracy: 0.2812
5/5 [==============================] - 0s 6ms/step - loss: 5.6616 - accuracy: 0.1591
Epoch 5/25

1/5 [=====>........................] - ETA: 0s - loss: 5.6485 - accuracy: 0.2812
5/5 [==============================] - 0s 5ms/step - loss: 5.6433 - accuracy: 0.2348
Epoch 6/25

1/5 [=====>........................] - ETA: 0s - loss: 5.6075 - accuracy: 0.2500
5/5 [==============================] - 0s 4ms/step - loss: 5.6247 - accuracy: 0.2197
Epoch 7/25

1/5 [=====>........................] - ETA: 0s - loss: 5.6289 - accuracy: 0.0938
5/5 [==============================] - 0s 5ms/step - loss: 5.6048 - accuracy: 0.1818
Epoch 8/25

1/5 [=====>........................] - ETA: 0s - loss: 5.5580 - accuracy: 0.1875
5/5 [==============================] - 0s 5ms/step - loss: 5.5778 - accuracy: 0.2348
Epoch 9/25

1/5 [=====>........................] - ETA: 0s - loss: 5.5247 - accuracy: 0.2188
5/5 [==============================] - 0s 5ms/step - loss: 5.5498 - accuracy: 0.1894
Epoch 10/25

1/5 [=====>........................] - ETA: 0s - loss: 5.5355 - accuracy: 0.1875
5/5 [==============================] - 0s 5ms/step - loss: 5.5096 - accuracy: 0.2197
Epoch 11/25

1/5 [=====>........................] - ETA: 0s - loss: 5.5002 - accuracy: 0.1562
5/5 [==============================] - 0s 5ms/step - loss: 5.4731 - accuracy: 0.1818
Epoch 12/25

1/5 [=====>........................] - ETA: 0s - loss: 5.3963 - accuracy: 0.2188
5/5 [==============================] - 0s 5ms/step - loss: 5.4055 - accuracy: 0.2045
Epoch 13/25

1/5 [=====>........................] - ETA: 0s - loss: 5.4084 - accuracy: 0.2188
5/5 [==============================] - 0s 5ms/step - loss: 5.3652 - accuracy: 0.2273
Epoch 14/25

1/5 [=====>........................] - ETA: 0s - loss: 5.3346 - accuracy: 0.2500
5/5 [==============================] - 0s 4ms/step - loss: 5.3282 - accuracy: 0.1667
Epoch 15/25

1/5 [=====>........................] - ETA: 0s - loss: 5.3103 - accuracy: 0.1875
5/5 [==============================] - 0s 4ms/step - loss: 5.2412 - accuracy: 0.2121
Epoch 16/25

1/5 [=====>........................] - ETA: 0s - loss: 5.2494 - accuracy: 0.1250
5/5 [==============================] - 0s 5ms/step - loss: 5.1736 - accuracy: 0.2197
Epoch 17/25

1/5 [=====>........................] - ETA: 0s - loss: 5.0715 - accuracy: 0.1250
5/5 [==============================] - 0s 5ms/step - loss: 5.0823 - accuracy: 0.1970
Epoch 18/25

1/5 [=====>........................] - ETA: 0s - loss: 5.0471 - accuracy: 0.3125
5/5 [==============================] - 0s 6ms/step - loss: 5.0071 - accuracy: 0.2045
Epoch 19/25

1/5 [=====>........................] - ETA: 0s - loss: 4.8287 - accuracy: 0.2188
5/5 [==============================] - 0s 5ms/step - loss: 4.9132 - accuracy: 0.2045
Epoch 20/25

1/5 [=====>........................] - ETA: 0s - loss: 4.7710 - accuracy: 0.2500
5/5 [==============================] - 0s 5ms/step - loss: 4.8060 - accuracy: 0.1970
Epoch 21/25

1/5 [=====>........................] - ETA: 0s - loss: 4.7690 - accuracy: 0.1875
5/5 [==============================] - 0s 6ms/step - loss: 4.7244 - accuracy: 0.2197
Epoch 22/25

1/5 [=====>........................] - ETA: 0s - loss: 4.6645 - accuracy: 0.1875
5/5 [==============================] - 0s 6ms/step - loss: 4.6152 - accuracy: 0.2045
Epoch 23/25

1/5 [=====>........................] - ETA: 0s - loss: 4.5351 - accuracy: 0.1562
5/5 [==============================] - 0s 5ms/step - loss: 4.5323 - accuracy: 0.1742
Epoch 24/25

1/5 [=====>........................] - ETA: 0s - loss: 4.3122 - accuracy: 0.2812
5/5 [==============================] - 0s 5ms/step - loss: 4.3587 - accuracy: 0.2652
Epoch 25/25

1/5 [=====>........................] - ETA: 0s - loss: 4.3988 - accuracy: 0.1562
5/5 [==============================] - 0s 5ms/step - loss: 4.2855 - accuracy: 0.1742
# node2vec
Epoch 1/25

1/5 [=====>........................] - ETA: 2s - loss: 5.7004 - accuracy: 0.2188
5/5 [==============================] - 1s 5ms/step - loss: 5.6963 - accuracy: 0.1591
Epoch 2/25

1/5 [=====>........................] - ETA: 0s - loss: 5.6936 - accuracy: 0.1875
5/5 [==============================] - 0s 3ms/step - loss: 5.6873 - accuracy: 0.2121
Epoch 3/25

1/5 [=====>........................] - ETA: 0s - loss: 5.6865 - accuracy: 0.2500
5/5 [==============================] - 0s 3ms/step - loss: 5.6793 - accuracy: 0.1742
Epoch 4/25

1/5 [=====>........................] - ETA: 0s - loss: 5.6783 - accuracy: 0.2500
5/5 [==============================] - 0s 3ms/step - loss: 5.6629 - accuracy: 0.1894
Epoch 5/25

1/5 [=====>........................] - ETA: 0s - loss: 5.6706 - accuracy: 0.2188
5/5 [==============================] - 0s 3ms/step - loss: 5.6689 - accuracy: 0.2045
Epoch 6/25

1/5 [=====>........................] - ETA: 0s - loss: 5.6248 - accuracy: 0.3438
5/5 [==============================] - 0s 3ms/step - loss: 5.6526 - accuracy: 0.2045
Epoch 7/25

1/5 [=====>........................] - ETA: 0s - loss: 5.6566 - accuracy: 0.1875
5/5 [==============================] - 0s 3ms/step - loss: 5.6313 - accuracy: 0.2197
Epoch 8/25

1/5 [=====>........................] - ETA: 0s - loss: 5.6510 - accuracy: 0.1875
5/5 [==============================] - 0s 3ms/step - loss: 5.6476 - accuracy: 0.2273
Epoch 9/25

1/5 [=====>........................] - ETA: 0s - loss: 5.5895 - accuracy: 0.1562
5/5 [==============================] - 0s 4ms/step - loss: 5.6258 - accuracy: 0.1818
Epoch 10/25

1/5 [=====>........................] - ETA: 0s - loss: 5.5749 - accuracy: 0.2812
5/5 [==============================] - 0s 4ms/step - loss: 5.6182 - accuracy: 0.2197
Epoch 11/25

1/5 [=====>........................] - ETA: 0s - loss: 5.6295 - accuracy: 0.1562
5/5 [==============================] - 0s 4ms/step - loss: 5.5927 - accuracy: 0.1742
Epoch 12/25

1/5 [=====>........................] - ETA: 0s - loss: 5.6215 - accuracy: 0.1562
5/5 [==============================] - 0s 4ms/step - loss: 5.6184 - accuracy: 0.1894
Epoch 13/25

1/5 [=====>........................] - ETA: 0s - loss: 5.6154 - accuracy: 0.2500
5/5 [==============================] - 0s 4ms/step - loss: 5.5946 - accuracy: 0.2045
Epoch 14/25

1/5 [=====>........................] - ETA: 0s - loss: 5.5228 - accuracy: 0.2500
5/5 [==============================] - 0s 4ms/step - loss: 5.5602 - accuracy: 0.2348
Epoch 15/25

1/5 [=====>........................] - ETA: 0s - loss: 5.6007 - accuracy: 0.3125
5/5 [==============================] - 0s 4ms/step - loss: 5.5991 - accuracy: 0.1970
Epoch 16/25

1/5 [=====>........................] - ETA: 0s - loss: 5.5927 - accuracy: 0.2812
5/5 [==============================] - 0s 4ms/step - loss: 5.5660 - accuracy: 0.2121
Epoch 17/25

1/5 [=====>........................] - ETA: 0s - loss: 5.5858 - accuracy: 0.1250
5/5 [==============================] - 0s 4ms/step - loss: 5.5588 - accuracy: 0.2273
Epoch 18/25

1/5 [=====>........................] - ETA: 0s - loss: 5.5760 - accuracy: 0.1562
5/5 [==============================] - 0s 4ms/step - loss: 5.5215 - accuracy: 0.1742
Epoch 19/25

1/5 [=====>........................] - ETA: 0s - loss: 5.5718 - accuracy: 0.2812
5/5 [==============================] - 0s 3ms/step - loss: 5.5723 - accuracy: 0.2045
Epoch 20/25

1/5 [=====>........................] - ETA: 0s - loss: 5.5618 - accuracy: 0.2188
5/5 [==============================] - 0s 4ms/step - loss: 5.5013 - accuracy: 0.1667
Epoch 21/25

1/5 [=====>........................] - ETA: 0s - loss: 5.5559 - accuracy: 0.1875
5/5 [==============================] - 0s 3ms/step - loss: 5.5571 - accuracy: 0.0985
Epoch 22/25

1/5 [=====>........................] - ETA: 0s - loss: 5.5422 - accuracy: 0.1875
5/5 [==============================] - 0s 3ms/step - loss: 5.4878 - accuracy: 0.1288
Epoch 23/25

1/5 [=====>........................] - ETA: 0s - loss: 5.5447 - accuracy: 0.1875
5/5 [==============================] - 0s 3ms/step - loss: 5.5409 - accuracy: 0.1212
Epoch 24/25

1/5 [=====>........................] - ETA: 0s - loss: 5.5371 - accuracy: 0.1250
5/5 [==============================] - 0s 3ms/step - loss: 5.5032 - accuracy: 0.1212
Epoch 25/25

1/5 [=====>........................] - ETA: 0s - loss: 5.5281 - accuracy: 0.0938
5/5 [==============================] - 0s 3ms/step - loss: 5.4954 - accuracy: 0.1136
# predict: steps=103
# predict: tnodeembed_metrics
# predict: node2vec_metrics
tnodeembed: {'auc': 0.9037871082231399, 'f1_micro': 0.0, 'f1_macro': 0.0} tNodeEmbed_final_loss=4.285511493682861 tNodeEmbed_final_accuracy=0.17424242198467255 
node2vec: {'auc': 0.8631812660526783, 'f1_micro': 0.0, 'f1_macro': 0.0} node2vec_final_loss=5.495380878448486 node2vec_final_accuracy=0.11363636702299118 
