# load graph
Processing Static file: filename='interactions_with_dates_2008_nodes_2479_edges_3856_component_0.edges'
# initialize tNodeEmbed for dataset=PPI_NC, test_size=0.2
# load dataset
# fit
# tNodeEmbed steps_per_epoch=5
Epoch 1/25

1/5 [=====>........................] - ETA: 3s - loss: 5.7057 - accuracy: 0.0625
5/5 [==============================] - 1s 3ms/step - loss: 5.6896 - accuracy: 0.1187
Epoch 2/25

1/5 [=====>........................] - ETA: 0s - loss: 5.6669 - accuracy: 0.1875
5/5 [==============================] - 0s 4ms/step - loss: 5.6533 - accuracy: 0.2652
Epoch 3/25

1/5 [=====>........................] - ETA: 0s - loss: 5.6436 - accuracy: 0.2188
5/5 [==============================] - 0s 5ms/step - loss: 5.6093 - accuracy: 0.2885
Epoch 4/25

1/5 [=====>........................] - ETA: 0s - loss: 5.5565 - accuracy: 0.2812
5/5 [==============================] - 0s 4ms/step - loss: 5.5506 - accuracy: 0.3409
Epoch 5/25

1/5 [=====>........................] - ETA: 0s - loss: 5.5219 - accuracy: 0.3438
5/5 [==============================] - 0s 3ms/step - loss: 5.4922 - accuracy: 0.3182
Epoch 6/25

1/5 [=====>........................] - ETA: 0s - loss: 5.4344 - accuracy: 0.3438
5/5 [==============================] - 0s 3ms/step - loss: 5.3949 - accuracy: 0.3864
Epoch 7/25

1/5 [=====>........................] - ETA: 0s - loss: 5.3189 - accuracy: 0.3438
5/5 [==============================] - 0s 3ms/step - loss: 5.3245 - accuracy: 0.3333
Epoch 8/25

1/5 [=====>........................] - ETA: 0s - loss: 5.2149 - accuracy: 0.3125
5/5 [==============================] - 0s 3ms/step - loss: 5.1810 - accuracy: 0.3636
Epoch 9/25

1/5 [=====>........................] - ETA: 0s - loss: 5.0027 - accuracy: 0.2500
5/5 [==============================] - 0s 3ms/step - loss: 5.0719 - accuracy: 0.2803
Epoch 10/25

1/5 [=====>........................] - ETA: 0s - loss: 4.8828 - accuracy: 0.3438
5/5 [==============================] - 0s 3ms/step - loss: 4.8949 - accuracy: 0.3561
Epoch 11/25

1/5 [=====>........................] - ETA: 0s - loss: 4.7055 - accuracy: 0.1875
5/5 [==============================] - 0s 3ms/step - loss: 4.5967 - accuracy: 0.2955
Epoch 12/25

1/5 [=====>........................] - ETA: 0s - loss: 4.8062 - accuracy: 0.3125
5/5 [==============================] - 0s 3ms/step - loss: 4.4433 - accuracy: 0.2424
Epoch 13/25

1/5 [=====>........................] - ETA: 0s - loss: 4.3657 - accuracy: 0.2812
5/5 [==============================] - 0s 3ms/step - loss: 4.2912 - accuracy: 0.2500
Epoch 14/25

1/5 [=====>........................] - ETA: 0s - loss: 4.2500 - accuracy: 0.1875
5/5 [==============================] - 0s 3ms/step - loss: 4.1965 - accuracy: 0.2197
Epoch 15/25

1/5 [=====>........................] - ETA: 0s - loss: 4.1805 - accuracy: 0.2812
5/5 [==============================] - 0s 3ms/step - loss: 3.9687 - accuracy: 0.2576
Epoch 16/25

1/5 [=====>........................] - ETA: 0s - loss: 3.9102 - accuracy: 0.3125
5/5 [==============================] - 0s 3ms/step - loss: 3.9486 - accuracy: 0.2652
Epoch 17/25

1/5 [=====>........................] - ETA: 0s - loss: 3.6163 - accuracy: 0.2812
5/5 [==============================] - 0s 2ms/step - loss: 3.7827 - accuracy: 0.2955
Epoch 18/25

1/5 [=====>........................] - ETA: 0s - loss: 3.6293 - accuracy: 0.2188
5/5 [==============================] - 0s 3ms/step - loss: 3.7810 - accuracy: 0.3485
Epoch 19/25

1/5 [=====>........................] - ETA: 0s - loss: 3.6672 - accuracy: 0.3438
5/5 [==============================] - 0s 3ms/step - loss: 3.6802 - accuracy: 0.3333
Epoch 20/25

1/5 [=====>........................] - ETA: 0s - loss: 3.7035 - accuracy: 0.4688
5/5 [==============================] - 0s 3ms/step - loss: 3.6301 - accuracy: 0.3788
Epoch 21/25

1/5 [=====>........................] - ETA: 0s - loss: 3.8772 - accuracy: 0.2188
5/5 [==============================] - 0s 3ms/step - loss: 3.6388 - accuracy: 0.3409
Epoch 22/25

1/5 [=====>........................] - ETA: 0s - loss: 3.4956 - accuracy: 0.4062
5/5 [==============================] - 0s 3ms/step - loss: 3.5491 - accuracy: 0.4242
Epoch 23/25

1/5 [=====>........................] - ETA: 0s - loss: 3.7105 - accuracy: 0.4375
5/5 [==============================] - 0s 3ms/step - loss: 3.5449 - accuracy: 0.4318
Epoch 24/25

1/5 [=====>........................] - ETA: 0s - loss: 3.0218 - accuracy: 0.4688
5/5 [==============================] - 0s 3ms/step - loss: 3.3439 - accuracy: 0.3864
Epoch 25/25

1/5 [=====>........................] - ETA: 0s - loss: 3.3317 - accuracy: 0.4062
5/5 [==============================] - 0s 3ms/step - loss: 3.4856 - accuracy: 0.4167
# node2vec
Epoch 1/25

1/5 [=====>........................] - ETA: 0s - loss: 5.6919 - accuracy: 0.1562
5/5 [==============================] - 0s 2ms/step - loss: 5.6713 - accuracy: 0.0985
Epoch 2/25

1/5 [=====>........................] - ETA: 0s - loss: 5.5642 - accuracy: 0.0312
5/5 [==============================] - 0s 1ms/step - loss: 5.5648 - accuracy: 0.0833
Epoch 3/25

1/5 [=====>........................] - ETA: 0s - loss: 5.5074 - accuracy: 0.0938
5/5 [==============================] - 0s 3ms/step - loss: 5.4854 - accuracy: 0.1970
Epoch 4/25

1/5 [=====>........................] - ETA: 0s - loss: 5.4361 - accuracy: 0.1250
5/5 [==============================] - 0s 3ms/step - loss: 5.4074 - accuracy: 0.2197
Epoch 5/25

1/5 [=====>........................] - ETA: 0s - loss: 5.3998 - accuracy: 0.2188
5/5 [==============================] - 0s 2ms/step - loss: 5.3567 - accuracy: 0.2121
Epoch 6/25

1/5 [=====>........................] - ETA: 0s - loss: 5.2600 - accuracy: 0.2188
5/5 [==============================] - 0s 2ms/step - loss: 5.2191 - accuracy: 0.2955
Epoch 7/25

1/5 [=====>........................] - ETA: 0s - loss: 5.1791 - accuracy: 0.2812
5/5 [==============================] - 0s 2ms/step - loss: 5.1732 - accuracy: 0.3030
Epoch 8/25

1/5 [=====>........................] - ETA: 0s - loss: 5.0481 - accuracy: 0.3125
5/5 [==============================] - 0s 2ms/step - loss: 5.0538 - accuracy: 0.3106
Epoch 9/25

1/5 [=====>........................] - ETA: 0s - loss: 5.1482 - accuracy: 0.3750
5/5 [==============================] - 0s 2ms/step - loss: 5.0336 - accuracy: 0.3333
Epoch 10/25

1/5 [=====>........................] - ETA: 0s - loss: 4.8714 - accuracy: 0.2812
5/5 [==============================] - 0s 2ms/step - loss: 4.9156 - accuracy: 0.3864
Epoch 11/25

1/5 [=====>........................] - ETA: 0s - loss: 5.0188 - accuracy: 0.2812
5/5 [==============================] - 0s 2ms/step - loss: 4.8926 - accuracy: 0.3636
Epoch 12/25

1/5 [=====>........................] - ETA: 0s - loss: 5.0212 - accuracy: 0.5000
5/5 [==============================] - 0s 2ms/step - loss: 4.7303 - accuracy: 0.4470
Epoch 13/25

1/5 [=====>........................] - ETA: 0s - loss: 4.6318 - accuracy: 0.5000
5/5 [==============================] - 0s 2ms/step - loss: 4.8325 - accuracy: 0.4167
Epoch 14/25

1/5 [=====>........................] - ETA: 0s - loss: 4.6199 - accuracy: 0.5312
5/5 [==============================] - 0s 2ms/step - loss: 4.5399 - accuracy: 0.5076
Epoch 15/25

1/5 [=====>........................] - ETA: 0s - loss: 4.4830 - accuracy: 0.5312
5/5 [==============================] - 0s 2ms/step - loss: 4.7084 - accuracy: 0.4545
Epoch 16/25

1/5 [=====>........................] - ETA: 0s - loss: 4.5903 - accuracy: 0.5625
5/5 [==============================] - 0s 2ms/step - loss: 4.5868 - accuracy: 0.4848
Epoch 17/25

1/5 [=====>........................] - ETA: 0s - loss: 4.3535 - accuracy: 0.5312
5/5 [==============================] - 0s 2ms/step - loss: 4.4720 - accuracy: 0.5379
Epoch 18/25

1/5 [=====>........................] - ETA: 0s - loss: 4.2440 - accuracy: 0.5000
5/5 [==============================] - 0s 2ms/step - loss: 4.4007 - accuracy: 0.5379
Epoch 19/25

1/5 [=====>........................] - ETA: 0s - loss: 4.3036 - accuracy: 0.5000
5/5 [==============================] - 0s 2ms/step - loss: 4.3487 - accuracy: 0.5379
Epoch 20/25

1/5 [=====>........................] - ETA: 0s - loss: 4.3534 - accuracy: 0.5000
5/5 [==============================] - 0s 4ms/step - loss: 4.3473 - accuracy: 0.5606
Epoch 21/25

1/5 [=====>........................] - ETA: 0s - loss: 4.2959 - accuracy: 0.5625
5/5 [==============================] - 0s 3ms/step - loss: 4.1997 - accuracy: 0.5758
Epoch 22/25

1/5 [=====>........................] - ETA: 0s - loss: 4.4150 - accuracy: 0.5312
5/5 [==============================] - 0s 2ms/step - loss: 4.1925 - accuracy: 0.5833
Epoch 23/25

1/5 [=====>........................] - ETA: 0s - loss: 4.0722 - accuracy: 0.6250
5/5 [==============================] - 0s 2ms/step - loss: 4.1488 - accuracy: 0.5985
Epoch 24/25

1/5 [=====>........................] - ETA: 0s - loss: 3.8508 - accuracy: 0.5938
5/5 [==============================] - 0s 2ms/step - loss: 4.1100 - accuracy: 0.6212
Epoch 25/25

1/5 [=====>........................] - ETA: 0s - loss: 3.7954 - accuracy: 0.7188
5/5 [==============================] - 0s 2ms/step - loss: 4.0314 - accuracy: 0.6061
# predict: steps=103
# predict: tnodeembed_metrics
# predict: node2vec_metrics
tnodeembed: {'auc': 0.863999793433338, 'f1_micro': 0.0, 'f1_macro': 0.0} tNodeEmbed_final_loss=3.485609769821167 tNodeEmbed_final_accuracy=0.4166666567325592 
node2vec: {'auc': 0.8460507249577374, 'f1_micro': 0.0, 'f1_macro': 0.0} node2vec_final_loss=4.0313639640808105 node2vec_final_accuracy=0.6060606241226196 
