# load graph
Processing Static file: filename='interactions_with_dates_1989_nodes_5_edges_4_component_0.edges'
# initialize tNodeEmbed for dataset=PPI_NC, test_size=0.2
# load dataset
# fit
# tNodeEmbed steps_per_epoch=5
Epoch 1/25

1/5 [=====>........................] - ETA: 12s - loss: 5.7004 - accuracy: 0.2188
5/5 [==============================] - 3s 5ms/step - loss: 5.6975 - accuracy: 0.1923
Epoch 2/25

1/5 [=====>........................] - ETA: 0s - loss: 5.6908 - accuracy: 0.1562
5/5 [==============================] - 0s 6ms/step - loss: 5.6864 - accuracy: 0.2000
Epoch 3/25

1/5 [=====>........................] - ETA: 0s - loss: 5.6838 - accuracy: 0.0625
5/5 [==============================] - 0s 5ms/step - loss: 5.6750 - accuracy: 0.1970
Epoch 4/25

1/5 [=====>........................] - ETA: 0s - loss: 5.6704 - accuracy: 0.1250
5/5 [==============================] - 0s 5ms/step - loss: 5.6565 - accuracy: 0.1667
Epoch 5/25

1/5 [=====>........................] - ETA: 0s - loss: 5.6546 - accuracy: 0.1875
5/5 [==============================] - 0s 5ms/step - loss: 5.6481 - accuracy: 0.1894
Epoch 6/25

1/5 [=====>........................] - ETA: 0s - loss: 5.6345 - accuracy: 0.2500
5/5 [==============================] - 0s 5ms/step - loss: 5.6226 - accuracy: 0.2197
Epoch 7/25

1/5 [=====>........................] - ETA: 0s - loss: 5.6190 - accuracy: 0.1250
5/5 [==============================] - 0s 5ms/step - loss: 5.5988 - accuracy: 0.1894
Epoch 8/25

1/5 [=====>........................] - ETA: 0s - loss: 5.5937 - accuracy: 0.1562
5/5 [==============================] - 0s 5ms/step - loss: 5.5720 - accuracy: 0.1818
Epoch 9/25

1/5 [=====>........................] - ETA: 0s - loss: 5.5651 - accuracy: 0.1250
5/5 [==============================] - 0s 5ms/step - loss: 5.5435 - accuracy: 0.1591
Epoch 10/25

1/5 [=====>........................] - ETA: 0s - loss: 5.5277 - accuracy: 0.1250
5/5 [==============================] - 0s 5ms/step - loss: 5.4946 - accuracy: 0.2348
Epoch 11/25

1/5 [=====>........................] - ETA: 0s - loss: 5.4994 - accuracy: 0.1250
5/5 [==============================] - 0s 5ms/step - loss: 5.4539 - accuracy: 0.1667
Epoch 12/25

1/5 [=====>........................] - ETA: 0s - loss: 5.4492 - accuracy: 0.0938
5/5 [==============================] - 0s 5ms/step - loss: 5.4060 - accuracy: 0.2197
Epoch 13/25

1/5 [=====>........................] - ETA: 0s - loss: 5.3962 - accuracy: 0.0938
5/5 [==============================] - 0s 6ms/step - loss: 5.3528 - accuracy: 0.1439
Epoch 14/25

1/5 [=====>........................] - ETA: 0s - loss: 5.3289 - accuracy: 0.1875
5/5 [==============================] - 0s 5ms/step - loss: 5.2904 - accuracy: 0.2045
Epoch 15/25

1/5 [=====>........................] - ETA: 0s - loss: 5.2675 - accuracy: 0.1875
5/5 [==============================] - 0s 7ms/step - loss: 5.2162 - accuracy: 0.1818
Epoch 16/25

1/5 [=====>........................] - ETA: 0s - loss: 5.0680 - accuracy: 0.2500
5/5 [==============================] - 0s 7ms/step - loss: 5.1419 - accuracy: 0.1970
Epoch 17/25

1/5 [=====>........................] - ETA: 0s - loss: 5.1170 - accuracy: 0.2812
5/5 [==============================] - 0s 6ms/step - loss: 5.0638 - accuracy: 0.1970
Epoch 18/25

1/5 [=====>........................] - ETA: 0s - loss: 5.0748 - accuracy: 0.1562
5/5 [==============================] - 0s 5ms/step - loss: 4.9887 - accuracy: 0.1894
Epoch 19/25

1/5 [=====>........................] - ETA: 0s - loss: 4.9207 - accuracy: 0.1875
5/5 [==============================] - 0s 5ms/step - loss: 4.8814 - accuracy: 0.1742
Epoch 20/25

1/5 [=====>........................] - ETA: 0s - loss: 4.8415 - accuracy: 0.1875
5/5 [==============================] - 0s 6ms/step - loss: 4.7800 - accuracy: 0.2045
Epoch 21/25

1/5 [=====>........................] - ETA: 0s - loss: 4.7381 - accuracy: 0.1875
5/5 [==============================] - 0s 6ms/step - loss: 4.6772 - accuracy: 0.2045
Epoch 22/25

1/5 [=====>........................] - ETA: 0s - loss: 4.5835 - accuracy: 0.1250
5/5 [==============================] - 0s 5ms/step - loss: 4.5966 - accuracy: 0.1667
Epoch 23/25

1/5 [=====>........................] - ETA: 0s - loss: 4.4506 - accuracy: 0.3125
5/5 [==============================] - 0s 5ms/step - loss: 4.4663 - accuracy: 0.1894
Epoch 24/25

1/5 [=====>........................] - ETA: 0s - loss: 4.2385 - accuracy: 0.3125
5/5 [==============================] - 0s 5ms/step - loss: 4.3676 - accuracy: 0.1742
Epoch 25/25

1/5 [=====>........................] - ETA: 0s - loss: 4.1537 - accuracy: 0.3125
5/5 [==============================] - 0s 5ms/step - loss: 4.2301 - accuracy: 0.2045
# node2vec
Epoch 1/25

1/5 [=====>........................] - ETA: 2s - loss: 5.7004 - accuracy: 0.2812
5/5 [==============================] - 1s 5ms/step - loss: 5.7015 - accuracy: 0.1500
Epoch 2/25

1/5 [=====>........................] - ETA: 0s - loss: 5.6931 - accuracy: 0.0625
5/5 [==============================] - 0s 4ms/step - loss: 5.6904 - accuracy: 0.1061
Epoch 3/25

1/5 [=====>........................] - ETA: 0s - loss: 5.6859 - accuracy: 0.2188
5/5 [==============================] - 0s 4ms/step - loss: 5.6838 - accuracy: 0.1058
Epoch 4/25

1/5 [=====>........................] - ETA: 0s - loss: 5.6705 - accuracy: 0.0625
5/5 [==============================] - 0s 3ms/step - loss: 5.6735 - accuracy: 0.1288
Epoch 5/25

1/5 [=====>........................] - ETA: 0s - loss: 5.6579 - accuracy: 0.2500
5/5 [==============================] - 0s 3ms/step - loss: 5.6652 - accuracy: 0.1136
Epoch 6/25

1/5 [=====>........................] - ETA: 0s - loss: 5.6627 - accuracy: 0.1250
5/5 [==============================] - 0s 3ms/step - loss: 5.6564 - accuracy: 0.1364
Epoch 7/25

1/5 [=====>........................] - ETA: 0s - loss: 5.6575 - accuracy: 0.1875
5/5 [==============================] - 0s 3ms/step - loss: 5.6490 - accuracy: 0.1212
Epoch 8/25

1/5 [=====>........................] - ETA: 0s - loss: 5.6256 - accuracy: 0.0625
5/5 [==============================] - 0s 4ms/step - loss: 5.6404 - accuracy: 0.0985
Epoch 9/25

1/5 [=====>........................] - ETA: 0s - loss: 5.6408 - accuracy: 0.1562
5/5 [==============================] - 0s 4ms/step - loss: 5.6324 - accuracy: 0.1515
Epoch 10/25

1/5 [=====>........................] - ETA: 0s - loss: 5.6308 - accuracy: 0.2188
5/5 [==============================] - 0s 4ms/step - loss: 5.6229 - accuracy: 0.1288
Epoch 11/25

1/5 [=====>........................] - ETA: 0s - loss: 5.5874 - accuracy: 0.0938
5/5 [==============================] - 0s 5ms/step - loss: 5.6148 - accuracy: 0.1288
Epoch 12/25

1/5 [=====>........................] - ETA: 0s - loss: 5.6188 - accuracy: 0.1875
5/5 [==============================] - 0s 5ms/step - loss: 5.6071 - accuracy: 0.1136
Epoch 13/25

1/5 [=====>........................] - ETA: 0s - loss: 5.6156 - accuracy: 0.1250
5/5 [==============================] - 0s 6ms/step - loss: 5.5867 - accuracy: 0.1439
Epoch 14/25

1/5 [=====>........................] - ETA: 0s - loss: 5.6029 - accuracy: 0.1250
5/5 [==============================] - 0s 4ms/step - loss: 5.5890 - accuracy: 0.1288
Epoch 15/25

1/5 [=====>........................] - ETA: 0s - loss: 5.5957 - accuracy: 0.2188
5/5 [==============================] - 0s 4ms/step - loss: 5.5962 - accuracy: 0.1364
Epoch 16/25

1/5 [=====>........................] - ETA: 0s - loss: 5.5327 - accuracy: 0.2500
5/5 [==============================] - 0s 4ms/step - loss: 5.5734 - accuracy: 0.1288
Epoch 17/25

1/5 [=====>........................] - ETA: 0s - loss: 5.5158 - accuracy: 0.1250
5/5 [==============================] - 0s 4ms/step - loss: 5.5660 - accuracy: 0.1212
Epoch 18/25

1/5 [=====>........................] - ETA: 0s - loss: 5.5752 - accuracy: 0.1250
5/5 [==============================] - 0s 4ms/step - loss: 5.5553 - accuracy: 0.1288
Epoch 19/25

1/5 [=====>........................] - ETA: 0s - loss: 5.5715 - accuracy: 0.1250
5/5 [==============================] - 0s 4ms/step - loss: 5.5496 - accuracy: 0.1439
Epoch 20/25

1/5 [=====>........................] - ETA: 0s - loss: 5.5678 - accuracy: 0.0938
5/5 [==============================] - 0s 4ms/step - loss: 5.5413 - accuracy: 0.1136
Epoch 21/25

1/5 [=====>........................] - ETA: 0s - loss: 5.4635 - accuracy: 0.1562
5/5 [==============================] - 0s 5ms/step - loss: 5.5336 - accuracy: 0.1136
Epoch 22/25

1/5 [=====>........................] - ETA: 0s - loss: 5.5443 - accuracy: 0.0625
5/5 [==============================] - 0s 5ms/step - loss: 5.5004 - accuracy: 0.1364
Epoch 23/25

1/5 [=====>........................] - ETA: 0s - loss: 5.5365 - accuracy: 0.1250
5/5 [==============================] - 0s 4ms/step - loss: 5.5388 - accuracy: 0.1364
Epoch 24/25

1/5 [=====>........................] - ETA: 0s - loss: 5.5377 - accuracy: 0.1250
5/5 [==============================] - 0s 5ms/step - loss: 5.5080 - accuracy: 0.1212
Epoch 25/25

1/5 [=====>........................] - ETA: 0s - loss: 5.5344 - accuracy: 0.0938
5/5 [==============================] - 0s 5ms/step - loss: 5.4993 - accuracy: 0.1288
# predict: steps=103
# predict: tnodeembed_metrics
# predict: node2vec_metrics
tnodeembed: {'auc': 0.8990539258770888, 'f1_micro': 0.0, 'f1_macro': 0.0} tNodeEmbed_final_loss=4.230123519897461 tNodeEmbed_final_accuracy=0.20454545319080353 
node2vec: {'auc': 0.8909170402958935, 'f1_micro': 0.0, 'f1_macro': 0.0} node2vec_final_loss=5.499279975891113 node2vec_final_accuracy=0.12878787517547607 
