# load graph
Processing Static file: filename='interactions_with_dates_1972_nodes_2_edges_1_component_0.edges'
# initialize tNodeEmbed for dataset=PPI_NC, test_size=0.2
# load dataset
# fit
# tNodeEmbed steps_per_epoch=5
Epoch 1/25

1/5 [=====>........................] - ETA: 3s - loss: 5.7004 - accuracy: 0.1250
5/5 [==============================] - 1s 3ms/step - loss: 5.6977 - accuracy: 0.0909
Epoch 2/25

1/5 [=====>........................] - ETA: 0s - loss: 5.6908 - accuracy: 0.1250
5/5 [==============================] - 0s 3ms/step - loss: 5.6873 - accuracy: 0.1970
Epoch 3/25

1/5 [=====>........................] - ETA: 0s - loss: 5.6792 - accuracy: 0.2188
5/5 [==============================] - 0s 3ms/step - loss: 5.6751 - accuracy: 0.1894
Epoch 4/25

1/5 [=====>........................] - ETA: 0s - loss: 5.6666 - accuracy: 0.2500
5/5 [==============================] - 0s 3ms/step - loss: 5.6627 - accuracy: 0.1818
Epoch 5/25

1/5 [=====>........................] - ETA: 0s - loss: 5.6465 - accuracy: 0.2812
5/5 [==============================] - 0s 3ms/step - loss: 5.6467 - accuracy: 0.1742
Epoch 6/25

1/5 [=====>........................] - ETA: 0s - loss: 5.6305 - accuracy: 0.2812
5/5 [==============================] - 0s 3ms/step - loss: 5.6277 - accuracy: 0.1894
Epoch 7/25

1/5 [=====>........................] - ETA: 0s - loss: 5.6103 - accuracy: 0.2500
5/5 [==============================] - 0s 2ms/step - loss: 5.6047 - accuracy: 0.2045
Epoch 8/25

1/5 [=====>........................] - ETA: 0s - loss: 5.5833 - accuracy: 0.2500
5/5 [==============================] - 0s 3ms/step - loss: 5.5759 - accuracy: 0.1894
Epoch 9/25

1/5 [=====>........................] - ETA: 0s - loss: 5.5650 - accuracy: 0.2188
5/5 [==============================] - 0s 2ms/step - loss: 5.5459 - accuracy: 0.1894
Epoch 10/25

1/5 [=====>........................] - ETA: 0s - loss: 5.5169 - accuracy: 0.2812
5/5 [==============================] - 0s 2ms/step - loss: 5.5081 - accuracy: 0.2045
Epoch 11/25

1/5 [=====>........................] - ETA: 0s - loss: 5.4771 - accuracy: 0.1250
5/5 [==============================] - 0s 2ms/step - loss: 5.4672 - accuracy: 0.1818
Epoch 12/25

1/5 [=====>........................] - ETA: 0s - loss: 5.4428 - accuracy: 0.1875
5/5 [==============================] - 0s 2ms/step - loss: 5.4144 - accuracy: 0.1970
Epoch 13/25

1/5 [=====>........................] - ETA: 0s - loss: 5.3902 - accuracy: 0.1875
5/5 [==============================] - 0s 3ms/step - loss: 5.3625 - accuracy: 0.1894
Epoch 14/25

1/5 [=====>........................] - ETA: 0s - loss: 5.3331 - accuracy: 0.1250
5/5 [==============================] - 0s 3ms/step - loss: 5.3081 - accuracy: 0.1742
Epoch 15/25

1/5 [=====>........................] - ETA: 0s - loss: 5.2785 - accuracy: 0.1250
5/5 [==============================] - 0s 3ms/step - loss: 5.2292 - accuracy: 0.1970
Epoch 16/25

1/5 [=====>........................] - ETA: 0s - loss: 5.1822 - accuracy: 0.1875
5/5 [==============================] - 0s 3ms/step - loss: 5.1601 - accuracy: 0.1970
Epoch 17/25

1/5 [=====>........................] - ETA: 0s - loss: 5.1246 - accuracy: 0.1250
5/5 [==============================] - 0s 2ms/step - loss: 5.0608 - accuracy: 0.2121
Epoch 18/25

1/5 [=====>........................] - ETA: 0s - loss: 5.0265 - accuracy: 0.2188
5/5 [==============================] - 0s 2ms/step - loss: 4.9985 - accuracy: 0.1591
Epoch 19/25

1/5 [=====>........................] - ETA: 0s - loss: 4.9553 - accuracy: 0.2188
5/5 [==============================] - 0s 3ms/step - loss: 4.9081 - accuracy: 0.2045
Epoch 20/25

1/5 [=====>........................] - ETA: 0s - loss: 4.8568 - accuracy: 0.1250
5/5 [==============================] - 0s 3ms/step - loss: 4.7799 - accuracy: 0.2045
Epoch 21/25

1/5 [=====>........................] - ETA: 0s - loss: 4.7504 - accuracy: 0.0938
5/5 [==============================] - 0s 3ms/step - loss: 4.7073 - accuracy: 0.1742
Epoch 22/25

1/5 [=====>........................] - ETA: 0s - loss: 4.6569 - accuracy: 0.1250
5/5 [==============================] - 0s 2ms/step - loss: 4.6063 - accuracy: 0.1742
Epoch 23/25

1/5 [=====>........................] - ETA: 0s - loss: 4.5487 - accuracy: 0.1562
5/5 [==============================] - 0s 3ms/step - loss: 4.4717 - accuracy: 0.1970
Epoch 24/25

1/5 [=====>........................] - ETA: 0s - loss: 4.4888 - accuracy: 0.1875
5/5 [==============================] - 0s 3ms/step - loss: 4.3776 - accuracy: 0.2121
Epoch 25/25

1/5 [=====>........................] - ETA: 0s - loss: 4.3028 - accuracy: 0.1250
5/5 [==============================] - 0s 3ms/step - loss: 4.3067 - accuracy: 0.1515
# node2vec
Epoch 1/25

1/5 [=====>........................] - ETA: 0s - loss: 5.7004 - accuracy: 0.1875
5/5 [==============================] - 0s 2ms/step - loss: 5.6977 - accuracy: 0.0812
Epoch 2/25

1/5 [=====>........................] - ETA: 0s - loss: 5.6930 - accuracy: 0.2188
5/5 [==============================] - 0s 1ms/step - loss: 5.6908 - accuracy: 0.1894
Epoch 3/25

1/5 [=====>........................] - ETA: 0s - loss: 5.6856 - accuracy: 0.1875
5/5 [==============================] - 0s 2ms/step - loss: 5.6835 - accuracy: 0.1827
Epoch 4/25

1/5 [=====>........................] - ETA: 0s - loss: 5.6789 - accuracy: 0.1250
5/5 [==============================] - 0s 3ms/step - loss: 5.6759 - accuracy: 0.1894
Epoch 5/25

1/5 [=====>........................] - ETA: 0s - loss: 5.6698 - accuracy: 0.3750
5/5 [==============================] - 0s 2ms/step - loss: 5.6689 - accuracy: 0.1818
Epoch 6/25

1/5 [=====>........................] - ETA: 0s - loss: 5.6631 - accuracy: 0.2500
5/5 [==============================] - 0s 2ms/step - loss: 5.6613 - accuracy: 0.2121
Epoch 7/25

1/5 [=====>........................] - ETA: 0s - loss: 5.6561 - accuracy: 0.2500
5/5 [==============================] - 0s 2ms/step - loss: 5.6544 - accuracy: 0.1970
Epoch 8/25

1/5 [=====>........................] - ETA: 0s - loss: 5.6485 - accuracy: 0.2500
5/5 [==============================] - 0s 2ms/step - loss: 5.6478 - accuracy: 0.1591
Epoch 9/25

1/5 [=====>........................] - ETA: 0s - loss: 5.6438 - accuracy: 0.1875
5/5 [==============================] - 0s 2ms/step - loss: 5.6398 - accuracy: 0.1970
Epoch 10/25

1/5 [=====>........................] - ETA: 0s - loss: 5.6366 - accuracy: 0.2188
5/5 [==============================] - 0s 2ms/step - loss: 5.6338 - accuracy: 0.1818
Epoch 11/25

1/5 [=====>........................] - ETA: 0s - loss: 5.6238 - accuracy: 0.2812
5/5 [==============================] - 0s 2ms/step - loss: 5.6261 - accuracy: 0.1970
Epoch 12/25

1/5 [=====>........................] - ETA: 0s - loss: 5.6245 - accuracy: 0.1250
5/5 [==============================] - 0s 2ms/step - loss: 5.6188 - accuracy: 0.1970
Epoch 13/25

1/5 [=====>........................] - ETA: 0s - loss: 5.6150 - accuracy: 0.1875
5/5 [==============================] - 0s 2ms/step - loss: 5.6139 - accuracy: 0.1894
Epoch 14/25

1/5 [=====>........................] - ETA: 0s - loss: 5.6103 - accuracy: 0.0938
5/5 [==============================] - 0s 2ms/step - loss: 5.6053 - accuracy: 0.1667
Epoch 15/25

1/5 [=====>........................] - ETA: 0s - loss: 5.5995 - accuracy: 0.1250
5/5 [==============================] - 0s 2ms/step - loss: 5.5973 - accuracy: 0.2045
Epoch 16/25

1/5 [=====>........................] - ETA: 0s - loss: 5.5921 - accuracy: 0.2188
5/5 [==============================] - 0s 2ms/step - loss: 5.5911 - accuracy: 0.2045
Epoch 17/25

1/5 [=====>........................] - ETA: 0s - loss: 5.5839 - accuracy: 0.1875
5/5 [==============================] - 0s 2ms/step - loss: 5.5850 - accuracy: 0.1894
Epoch 18/25

1/5 [=====>........................] - ETA: 0s - loss: 5.5842 - accuracy: 0.1250
5/5 [==============================] - 0s 2ms/step - loss: 5.5773 - accuracy: 0.1894
Epoch 19/25

1/5 [=====>........................] - ETA: 0s - loss: 5.5743 - accuracy: 0.1875
5/5 [==============================] - 0s 2ms/step - loss: 5.5710 - accuracy: 0.1591
Epoch 20/25

1/5 [=====>........................] - ETA: 0s - loss: 5.5614 - accuracy: 0.2500
5/5 [==============================] - 0s 2ms/step - loss: 5.5639 - accuracy: 0.1970
Epoch 21/25

1/5 [=====>........................] - ETA: 0s - loss: 5.5548 - accuracy: 0.2188
5/5 [==============================] - 0s 2ms/step - loss: 5.5572 - accuracy: 0.1818
Epoch 22/25

1/5 [=====>........................] - ETA: 0s - loss: 5.5538 - accuracy: 0.1875
5/5 [==============================] - 0s 2ms/step - loss: 5.5486 - accuracy: 0.2121
Epoch 23/25

1/5 [=====>........................] - ETA: 0s - loss: 5.5458 - accuracy: 0.1562
5/5 [==============================] - 0s 2ms/step - loss: 5.5425 - accuracy: 0.1818
Epoch 24/25

1/5 [=====>........................] - ETA: 0s - loss: 5.5362 - accuracy: 0.1562
5/5 [==============================] - 0s 3ms/step - loss: 5.5338 - accuracy: 0.1818
Epoch 25/25

1/5 [=====>........................] - ETA: 0s - loss: 5.5358 - accuracy: 0.1875
5/5 [==============================] - 0s 3ms/step - loss: 5.5321 - accuracy: 0.2197
# predict: steps=103
# predict: tnodeembed_metrics
# predict: node2vec_metrics
tnodeembed: {'auc': 0.888480398829409, 'f1_micro': 0.0, 'f1_macro': 0.0} tNodeEmbed_final_loss=4.306711196899414 tNodeEmbed_final_accuracy=0.1515151560306549 
node2vec: {'auc': 0.895907822052533, 'f1_micro': 0.0, 'f1_macro': 0.0} node2vec_final_loss=5.532105445861816 node2vec_final_accuracy=0.21969696879386902 
