# load graph
Processing Static file: filename='interactions_with_dates_1975_nodes_2_edges_1_component_0.edges'
# initialize tNodeEmbed for dataset=PPI_NC, test_size=0.2
# load dataset
# fit
# tNodeEmbed steps_per_epoch=5
Epoch 1/25

1/5 [=====>........................] - ETA: 3s - loss: 5.7004 - accuracy: 0.0938
5/5 [==============================] - 1s 2ms/step - loss: 5.6970 - accuracy: 0.1515
Epoch 2/25

1/5 [=====>........................] - ETA: 0s - loss: 5.6925 - accuracy: 0.1875
5/5 [==============================] - 0s 2ms/step - loss: 5.6875 - accuracy: 0.1742
Epoch 3/25

1/5 [=====>........................] - ETA: 0s - loss: 5.6802 - accuracy: 0.0625
5/5 [==============================] - 0s 2ms/step - loss: 5.6764 - accuracy: 0.1439
Epoch 4/25

1/5 [=====>........................] - ETA: 0s - loss: 5.6676 - accuracy: 0.1250
5/5 [==============================] - 0s 6ms/step - loss: 5.6632 - accuracy: 0.1439
Epoch 5/25

1/5 [=====>........................] - ETA: 0s - loss: 5.6580 - accuracy: 0.1562
5/5 [==============================] - 0s 4ms/step - loss: 5.6481 - accuracy: 0.1591
Epoch 6/25

1/5 [=====>........................] - ETA: 0s - loss: 5.6270 - accuracy: 0.3750
5/5 [==============================] - 0s 3ms/step - loss: 5.6275 - accuracy: 0.2045
Epoch 7/25

1/5 [=====>........................] - ETA: 0s - loss: 5.6170 - accuracy: 0.1875
5/5 [==============================] - 0s 3ms/step - loss: 5.6081 - accuracy: 0.1288
Epoch 8/25

1/5 [=====>........................] - ETA: 0s - loss: 5.5905 - accuracy: 0.2188
5/5 [==============================] - 0s 3ms/step - loss: 5.5821 - accuracy: 0.1818
Epoch 9/25

1/5 [=====>........................] - ETA: 0s - loss: 5.5536 - accuracy: 0.2500
5/5 [==============================] - 0s 3ms/step - loss: 5.5469 - accuracy: 0.1742
Epoch 10/25

1/5 [=====>........................] - ETA: 0s - loss: 5.5278 - accuracy: 0.1875
5/5 [==============================] - 0s 3ms/step - loss: 5.5148 - accuracy: 0.1439
Epoch 11/25

1/5 [=====>........................] - ETA: 0s - loss: 5.4833 - accuracy: 0.1875
5/5 [==============================] - 0s 2ms/step - loss: 5.4694 - accuracy: 0.1742
Epoch 12/25

1/5 [=====>........................] - ETA: 0s - loss: 5.4352 - accuracy: 0.2500
5/5 [==============================] - 0s 3ms/step - loss: 5.4238 - accuracy: 0.1667
Epoch 13/25

1/5 [=====>........................] - ETA: 0s - loss: 5.3733 - accuracy: 0.2500
5/5 [==============================] - 0s 3ms/step - loss: 5.3661 - accuracy: 0.1894
Epoch 14/25

1/5 [=====>........................] - ETA: 0s - loss: 5.3286 - accuracy: 0.2500
5/5 [==============================] - 0s 3ms/step - loss: 5.3077 - accuracy: 0.1515
Epoch 15/25

1/5 [=====>........................] - ETA: 0s - loss: 5.2580 - accuracy: 0.1562
5/5 [==============================] - 0s 3ms/step - loss: 5.2270 - accuracy: 0.1818
Epoch 16/25

1/5 [=====>........................] - ETA: 0s - loss: 5.2050 - accuracy: 0.0938
5/5 [==============================] - 0s 2ms/step - loss: 5.1617 - accuracy: 0.1667
Epoch 17/25

1/5 [=====>........................] - ETA: 0s - loss: 5.0965 - accuracy: 0.2500
5/5 [==============================] - 0s 3ms/step - loss: 5.0854 - accuracy: 0.1515
Epoch 18/25

1/5 [=====>........................] - ETA: 0s - loss: 5.0013 - accuracy: 0.2500
5/5 [==============================] - 0s 2ms/step - loss: 4.9915 - accuracy: 0.1742
Epoch 19/25

1/5 [=====>........................] - ETA: 0s - loss: 4.9505 - accuracy: 0.1562
5/5 [==============================] - 0s 3ms/step - loss: 4.8981 - accuracy: 0.1667
Epoch 20/25

1/5 [=====>........................] - ETA: 0s - loss: 4.8290 - accuracy: 0.2188
5/5 [==============================] - 0s 2ms/step - loss: 4.8197 - accuracy: 0.1591
Epoch 21/25

1/5 [=====>........................] - ETA: 0s - loss: 4.7170 - accuracy: 0.1250
5/5 [==============================] - 0s 2ms/step - loss: 4.6819 - accuracy: 0.1894
Epoch 22/25

1/5 [=====>........................] - ETA: 0s - loss: 4.6887 - accuracy: 0.0938
5/5 [==============================] - 0s 2ms/step - loss: 4.6050 - accuracy: 0.1439
Epoch 23/25

1/5 [=====>........................] - ETA: 0s - loss: 4.5574 - accuracy: 0.1562
5/5 [==============================] - 0s 2ms/step - loss: 4.4600 - accuracy: 0.1818
Epoch 24/25

1/5 [=====>........................] - ETA: 0s - loss: 4.4000 - accuracy: 0.1875
5/5 [==============================] - 0s 2ms/step - loss: 4.4429 - accuracy: 0.1288
Epoch 25/25

1/5 [=====>........................] - ETA: 0s - loss: 4.3168 - accuracy: 0.1875
5/5 [==============================] - 0s 3ms/step - loss: 4.2336 - accuracy: 0.1818
# node2vec
Epoch 1/25

1/5 [=====>........................] - ETA: 0s - loss: 5.7004 - accuracy: 0.0625
5/5 [==============================] - 0s 2ms/step - loss: 5.6983 - accuracy: 0.0985
Epoch 2/25

1/5 [=====>........................] - ETA: 0s - loss: 5.6935 - accuracy: 0.0625
5/5 [==============================] - 0s 2ms/step - loss: 5.6905 - accuracy: 0.0833
Epoch 3/25

1/5 [=====>........................] - ETA: 0s - loss: 5.6867 - accuracy: 0.0625
5/5 [==============================] - 0s 2ms/step - loss: 5.6833 - accuracy: 0.1667
Epoch 4/25

1/5 [=====>........................] - ETA: 0s - loss: 5.6794 - accuracy: 0.2500
5/5 [==============================] - 0s 2ms/step - loss: 5.6759 - accuracy: 0.1667
Epoch 5/25

1/5 [=====>........................] - ETA: 0s - loss: 5.6724 - accuracy: 0.2812
5/5 [==============================] - 0s 2ms/step - loss: 5.6690 - accuracy: 0.1667
Epoch 6/25

1/5 [=====>........................] - ETA: 0s - loss: 5.6629 - accuracy: 0.1562
5/5 [==============================] - 0s 2ms/step - loss: 5.6619 - accuracy: 0.1667
Epoch 7/25

1/5 [=====>........................] - ETA: 0s - loss: 5.6556 - accuracy: 0.2188
5/5 [==============================] - 0s 2ms/step - loss: 5.6539 - accuracy: 0.2121
Epoch 8/25

1/5 [=====>........................] - ETA: 0s - loss: 5.6508 - accuracy: 0.1562
5/5 [==============================] - 0s 2ms/step - loss: 5.6469 - accuracy: 0.1591
Epoch 9/25

1/5 [=====>........................] - ETA: 0s - loss: 5.6441 - accuracy: 0.1250
5/5 [==============================] - 0s 2ms/step - loss: 5.6409 - accuracy: 0.1515
Epoch 10/25

1/5 [=====>........................] - ETA: 0s - loss: 5.6322 - accuracy: 0.0938
5/5 [==============================] - 0s 2ms/step - loss: 5.6328 - accuracy: 0.1667
Epoch 11/25

1/5 [=====>........................] - ETA: 0s - loss: 5.6278 - accuracy: 0.0938
5/5 [==============================] - 0s 2ms/step - loss: 5.6260 - accuracy: 0.1439
Epoch 12/25

1/5 [=====>........................] - ETA: 0s - loss: 5.6230 - accuracy: 0.0938
5/5 [==============================] - 0s 2ms/step - loss: 5.6189 - accuracy: 0.1894
Epoch 13/25

1/5 [=====>........................] - ETA: 0s - loss: 5.6125 - accuracy: 0.1562
5/5 [==============================] - 0s 2ms/step - loss: 5.6119 - accuracy: 0.1515
Epoch 14/25

1/5 [=====>........................] - ETA: 0s - loss: 5.6093 - accuracy: 0.1875
5/5 [==============================] - 0s 2ms/step - loss: 5.6053 - accuracy: 0.1742
Epoch 15/25

1/5 [=====>........................] - ETA: 0s - loss: 5.6010 - accuracy: 0.1875
5/5 [==============================] - 0s 2ms/step - loss: 5.5983 - accuracy: 0.1742
Epoch 16/25

1/5 [=====>........................] - ETA: 0s - loss: 5.5920 - accuracy: 0.1875
5/5 [==============================] - 0s 2ms/step - loss: 5.5903 - accuracy: 0.1515
Epoch 17/25

1/5 [=====>........................] - ETA: 0s - loss: 5.5864 - accuracy: 0.1562
5/5 [==============================] - 0s 2ms/step - loss: 5.5844 - accuracy: 0.1667
Epoch 18/25

1/5 [=====>........................] - ETA: 0s - loss: 5.5806 - accuracy: 0.1250
5/5 [==============================] - 0s 2ms/step - loss: 5.5770 - accuracy: 0.1742
Epoch 19/25

1/5 [=====>........................] - ETA: 0s - loss: 5.5695 - accuracy: 0.2188
5/5 [==============================] - 0s 2ms/step - loss: 5.5702 - accuracy: 0.1591
Epoch 20/25

1/5 [=====>........................] - ETA: 0s - loss: 5.5612 - accuracy: 0.2188
5/5 [==============================] - 0s 2ms/step - loss: 5.5626 - accuracy: 0.1818
Epoch 21/25

1/5 [=====>........................] - ETA: 0s - loss: 5.5583 - accuracy: 0.0625
5/5 [==============================] - 0s 2ms/step - loss: 5.5556 - accuracy: 0.1667
Epoch 22/25

1/5 [=====>........................] - ETA: 0s - loss: 5.5570 - accuracy: 0.0625
5/5 [==============================] - 0s 2ms/step - loss: 5.5496 - accuracy: 0.1515
Epoch 23/25

1/5 [=====>........................] - ETA: 0s - loss: 5.5405 - accuracy: 0.2188
5/5 [==============================] - 0s 2ms/step - loss: 5.5428 - accuracy: 0.1742
Epoch 24/25

1/5 [=====>........................] - ETA: 0s - loss: 5.5447 - accuracy: 0.1562
5/5 [==============================] - 0s 2ms/step - loss: 5.5352 - accuracy: 0.1591
Epoch 25/25

1/5 [=====>........................] - ETA: 0s - loss: 5.5353 - accuracy: 0.1875
5/5 [==============================] - 0s 2ms/step - loss: 5.5294 - accuracy: 0.1818
# predict: steps=103
# predict: tnodeembed_metrics
# predict: node2vec_metrics
tnodeembed: {'auc': 0.8845223624435743, 'f1_micro': 0.0, 'f1_macro': 0.0} tNodeEmbed_final_loss=4.233559608459473 tNodeEmbed_final_accuracy=0.1818181872367859 
node2vec: {'auc': 0.8813436873702718, 'f1_micro': 0.0, 'f1_macro': 0.0} node2vec_final_loss=5.529383659362793 node2vec_final_accuracy=0.1818181872367859 
