# load graph
Processing Static file: filename='interactions_with_dates_2004_nodes_3198_edges_6820_component_0.edges'
# initialize tNodeEmbed for dataset=PPI_NC, test_size=0.2
# load dataset
# fit
# tNodeEmbed steps_per_epoch=5
Epoch 1/25

1/5 [=====>........................] - ETA: 3s - loss: 5.6988 - accuracy: 0.2188
5/5 [==============================] - 1s 3ms/step - loss: 5.6955 - accuracy: 0.1875
Epoch 2/25

1/5 [=====>........................] - ETA: 0s - loss: 5.6589 - accuracy: 0.1875
5/5 [==============================] - 0s 4ms/step - loss: 5.6527 - accuracy: 0.2121
Epoch 3/25

1/5 [=====>........................] - ETA: 0s - loss: 5.6245 - accuracy: 0.3125
5/5 [==============================] - 0s 3ms/step - loss: 5.6057 - accuracy: 0.3558
Epoch 4/25

1/5 [=====>........................] - ETA: 0s - loss: 5.5864 - accuracy: 0.3750
5/5 [==============================] - 0s 3ms/step - loss: 5.5882 - accuracy: 0.3485
Epoch 5/25

1/5 [=====>........................] - ETA: 0s - loss: 5.5533 - accuracy: 0.2188
5/5 [==============================] - 0s 3ms/step - loss: 5.5246 - accuracy: 0.3485
Epoch 6/25

1/5 [=====>........................] - ETA: 0s - loss: 5.4407 - accuracy: 0.3125
5/5 [==============================] - 0s 3ms/step - loss: 5.4558 - accuracy: 0.4015
Epoch 7/25

1/5 [=====>........................] - ETA: 0s - loss: 5.4338 - accuracy: 0.3750
5/5 [==============================] - 0s 3ms/step - loss: 5.3840 - accuracy: 0.3485
Epoch 8/25

1/5 [=====>........................] - ETA: 0s - loss: 5.3646 - accuracy: 0.2188
5/5 [==============================] - 0s 3ms/step - loss: 5.2835 - accuracy: 0.3864
Epoch 9/25

1/5 [=====>........................] - ETA: 0s - loss: 5.2425 - accuracy: 0.2500
5/5 [==============================] - 0s 3ms/step - loss: 5.1876 - accuracy: 0.3409
Epoch 10/25

1/5 [=====>........................] - ETA: 0s - loss: 4.7959 - accuracy: 0.4688
5/5 [==============================] - 0s 3ms/step - loss: 5.0197 - accuracy: 0.3258
Epoch 11/25

1/5 [=====>........................] - ETA: 0s - loss: 4.6760 - accuracy: 0.4062
5/5 [==============================] - 0s 3ms/step - loss: 4.8393 - accuracy: 0.3182
Epoch 12/25

1/5 [=====>........................] - ETA: 0s - loss: 4.8598 - accuracy: 0.3750
5/5 [==============================] - 0s 3ms/step - loss: 4.7630 - accuracy: 0.3258
Epoch 13/25

1/5 [=====>........................] - ETA: 0s - loss: 4.6459 - accuracy: 0.1875
5/5 [==============================] - 0s 4ms/step - loss: 4.5404 - accuracy: 0.2803
Epoch 14/25

1/5 [=====>........................] - ETA: 0s - loss: 4.4923 - accuracy: 0.1875
5/5 [==============================] - 0s 3ms/step - loss: 4.4159 - accuracy: 0.2727
Epoch 15/25

1/5 [=====>........................] - ETA: 0s - loss: 4.5090 - accuracy: 0.2188
5/5 [==============================] - 0s 4ms/step - loss: 4.3646 - accuracy: 0.3030
Epoch 16/25

1/5 [=====>........................] - ETA: 0s - loss: 4.0030 - accuracy: 0.3438
5/5 [==============================] - 0s 3ms/step - loss: 4.2641 - accuracy: 0.2879
Epoch 17/25

1/5 [=====>........................] - ETA: 0s - loss: 4.0050 - accuracy: 0.2500
5/5 [==============================] - 0s 3ms/step - loss: 4.0892 - accuracy: 0.2576
Epoch 18/25

1/5 [=====>........................] - ETA: 0s - loss: 4.3494 - accuracy: 0.2812
5/5 [==============================] - 0s 3ms/step - loss: 4.2457 - accuracy: 0.2727
Epoch 19/25

1/5 [=====>........................] - ETA: 0s - loss: 3.8255 - accuracy: 0.2500
5/5 [==============================] - 0s 3ms/step - loss: 4.0071 - accuracy: 0.2955
Epoch 20/25

1/5 [=====>........................] - ETA: 0s - loss: 4.1693 - accuracy: 0.3750
5/5 [==============================] - 0s 3ms/step - loss: 4.0278 - accuracy: 0.3106
Epoch 21/25

1/5 [=====>........................] - ETA: 0s - loss: 4.2070 - accuracy: 0.2500
5/5 [==============================] - 0s 3ms/step - loss: 3.9859 - accuracy: 0.2879
Epoch 22/25

1/5 [=====>........................] - ETA: 0s - loss: 4.0811 - accuracy: 0.2188
5/5 [==============================] - 0s 3ms/step - loss: 3.8408 - accuracy: 0.3182
Epoch 23/25

1/5 [=====>........................] - ETA: 0s - loss: 3.9946 - accuracy: 0.2812
5/5 [==============================] - 0s 3ms/step - loss: 3.8973 - accuracy: 0.3409
Epoch 24/25

1/5 [=====>........................] - ETA: 0s - loss: 4.0937 - accuracy: 0.2812
5/5 [==============================] - 0s 3ms/step - loss: 3.8043 - accuracy: 0.3636
Epoch 25/25

1/5 [=====>........................] - ETA: 0s - loss: 4.1476 - accuracy: 0.4375
5/5 [==============================] - 0s 3ms/step - loss: 3.6956 - accuracy: 0.3561
# node2vec
Epoch 1/25

1/5 [=====>........................] - ETA: 0s - loss: 5.7150 - accuracy: 0.1875
5/5 [==============================] - 0s 2ms/step - loss: 5.7055 - accuracy: 0.0833
Epoch 2/25

1/5 [=====>........................] - ETA: 0s - loss: 5.6186 - accuracy: 0.0312
5/5 [==============================] - 0s 2ms/step - loss: 5.6446 - accuracy: 0.1061
Epoch 3/25

1/5 [=====>........................] - ETA: 0s - loss: 5.5384 - accuracy: 0.0312
5/5 [==============================] - 0s 3ms/step - loss: 5.5530 - accuracy: 0.0758
Epoch 4/25

1/5 [=====>........................] - ETA: 0s - loss: 5.5089 - accuracy: 0.2500
5/5 [==============================] - 0s 3ms/step - loss: 5.4801 - accuracy: 0.2045
Epoch 5/25

1/5 [=====>........................] - ETA: 0s - loss: 5.4416 - accuracy: 0.2188
5/5 [==============================] - 0s 2ms/step - loss: 5.4222 - accuracy: 0.1818
Epoch 6/25

1/5 [=====>........................] - ETA: 0s - loss: 5.3689 - accuracy: 0.2188
5/5 [==============================] - 0s 2ms/step - loss: 5.3389 - accuracy: 0.1742
Epoch 7/25

1/5 [=====>........................] - ETA: 0s - loss: 5.3827 - accuracy: 0.2812
5/5 [==============================] - 0s 2ms/step - loss: 5.2887 - accuracy: 0.2121
Epoch 8/25

1/5 [=====>........................] - ETA: 0s - loss: 5.1135 - accuracy: 0.1875
5/5 [==============================] - 0s 2ms/step - loss: 5.2034 - accuracy: 0.1894
Epoch 9/25

1/5 [=====>........................] - ETA: 0s - loss: 5.1279 - accuracy: 0.1875
5/5 [==============================] - 0s 2ms/step - loss: 5.1363 - accuracy: 0.2348
Epoch 10/25

1/5 [=====>........................] - ETA: 0s - loss: 5.0809 - accuracy: 0.2188
5/5 [==============================] - 0s 2ms/step - loss: 5.0779 - accuracy: 0.2803
Epoch 11/25

1/5 [=====>........................] - ETA: 0s - loss: 4.9408 - accuracy: 0.1875
5/5 [==============================] - 0s 2ms/step - loss: 4.9688 - accuracy: 0.2424
Epoch 12/25

1/5 [=====>........................] - ETA: 0s - loss: 5.2022 - accuracy: 0.3438
5/5 [==============================] - 0s 2ms/step - loss: 5.0201 - accuracy: 0.3258
Epoch 13/25

1/5 [=====>........................] - ETA: 0s - loss: 4.8249 - accuracy: 0.3125
5/5 [==============================] - 0s 2ms/step - loss: 4.8427 - accuracy: 0.2955
Epoch 14/25

1/5 [=====>........................] - ETA: 0s - loss: 4.6534 - accuracy: 0.2500
5/5 [==============================] - 0s 2ms/step - loss: 4.8136 - accuracy: 0.3106
Epoch 15/25

1/5 [=====>........................] - ETA: 0s - loss: 4.8161 - accuracy: 0.3125
5/5 [==============================] - 0s 2ms/step - loss: 4.8646 - accuracy: 0.3333
Epoch 16/25

1/5 [=====>........................] - ETA: 0s - loss: 4.7033 - accuracy: 0.4062
5/5 [==============================] - 0s 2ms/step - loss: 4.7643 - accuracy: 0.3712
Epoch 17/25

1/5 [=====>........................] - ETA: 0s - loss: 4.7258 - accuracy: 0.3125
5/5 [==============================] - 0s 2ms/step - loss: 4.7373 - accuracy: 0.3712
Epoch 18/25

1/5 [=====>........................] - ETA: 0s - loss: 4.6852 - accuracy: 0.3438
5/5 [==============================] - 0s 2ms/step - loss: 4.6029 - accuracy: 0.3788
Epoch 19/25

1/5 [=====>........................] - ETA: 0s - loss: 4.6460 - accuracy: 0.4062
5/5 [==============================] - 0s 2ms/step - loss: 4.6158 - accuracy: 0.4167
Epoch 20/25

1/5 [=====>........................] - ETA: 0s - loss: 4.6453 - accuracy: 0.4062
5/5 [==============================] - 0s 2ms/step - loss: 4.5370 - accuracy: 0.4318
Epoch 21/25

1/5 [=====>........................] - ETA: 0s - loss: 4.3203 - accuracy: 0.5000
5/5 [==============================] - 0s 2ms/step - loss: 4.4804 - accuracy: 0.4621
Epoch 22/25

1/5 [=====>........................] - ETA: 0s - loss: 4.5130 - accuracy: 0.5625
5/5 [==============================] - 0s 2ms/step - loss: 4.4851 - accuracy: 0.4470
Epoch 23/25

1/5 [=====>........................] - ETA: 0s - loss: 4.3360 - accuracy: 0.5312
5/5 [==============================] - 0s 2ms/step - loss: 4.3907 - accuracy: 0.4545
Epoch 24/25

1/5 [=====>........................] - ETA: 0s - loss: 4.5769 - accuracy: 0.5000
5/5 [==============================] - 0s 2ms/step - loss: 4.5134 - accuracy: 0.4545
Epoch 25/25

1/5 [=====>........................] - ETA: 0s - loss: 4.3508 - accuracy: 0.4062
5/5 [==============================] - 0s 2ms/step - loss: 4.3866 - accuracy: 0.4697
# predict: steps=103
# predict: tnodeembed_metrics
# predict: node2vec_metrics
tnodeembed: {'auc': 0.852057250871195, 'f1_micro': 0.0, 'f1_macro': 0.0} tNodeEmbed_final_loss=3.6956088542938232 tNodeEmbed_final_accuracy=0.35606059432029724 
node2vec: {'auc': 0.849572613654358, 'f1_micro': 0.0, 'f1_macro': 0.0} node2vec_final_loss=4.386598110198975 node2vec_final_accuracy=0.469696968793869 
