# load graph
Processing Static file: filename='interactions_with_dates_2000_nodes_1235_edges_1748_component_0.edges'
# initialize tNodeEmbed for dataset=PPI_NC, test_size=0.2
# load dataset
# fit
# tNodeEmbed steps_per_epoch=5
Epoch 1/25

1/5 [=====>........................] - ETA: 3s - loss: 5.7049 - accuracy: 0.1562
5/5 [==============================] - 1s 3ms/step - loss: 5.6954 - accuracy: 0.1312
Epoch 2/25

1/5 [=====>........................] - ETA: 0s - loss: 5.6607 - accuracy: 0.2812
5/5 [==============================] - 0s 3ms/step - loss: 5.6687 - accuracy: 0.2424
Epoch 3/25

1/5 [=====>........................] - ETA: 0s - loss: 5.6404 - accuracy: 0.1875
5/5 [==============================] - 0s 4ms/step - loss: 5.6255 - accuracy: 0.3365
Epoch 4/25

1/5 [=====>........................] - ETA: 0s - loss: 5.6208 - accuracy: 0.1875
5/5 [==============================] - 0s 4ms/step - loss: 5.6093 - accuracy: 0.2955
Epoch 5/25

1/5 [=====>........................] - ETA: 0s - loss: 5.5773 - accuracy: 0.2812
5/5 [==============================] - 0s 4ms/step - loss: 5.5670 - accuracy: 0.2652
Epoch 6/25

1/5 [=====>........................] - ETA: 0s - loss: 5.4968 - accuracy: 0.2812
5/5 [==============================] - 0s 3ms/step - loss: 5.5216 - accuracy: 0.2955
Epoch 7/25

1/5 [=====>........................] - ETA: 0s - loss: 5.5064 - accuracy: 0.3750
5/5 [==============================] - 0s 5ms/step - loss: 5.4398 - accuracy: 0.2955
Epoch 8/25

1/5 [=====>........................] - ETA: 0s - loss: 5.5290 - accuracy: 0.0625
5/5 [==============================] - 0s 4ms/step - loss: 5.4176 - accuracy: 0.2727
Epoch 9/25

1/5 [=====>........................] - ETA: 0s - loss: 5.4347 - accuracy: 0.3438
5/5 [==============================] - 0s 3ms/step - loss: 5.3229 - accuracy: 0.2727
Epoch 10/25

1/5 [=====>........................] - ETA: 0s - loss: 5.2380 - accuracy: 0.2500
5/5 [==============================] - 0s 3ms/step - loss: 5.2665 - accuracy: 0.2424
Epoch 11/25

1/5 [=====>........................] - ETA: 0s - loss: 5.1898 - accuracy: 0.1562
5/5 [==============================] - 0s 3ms/step - loss: 5.1473 - accuracy: 0.2803
Epoch 12/25

1/5 [=====>........................] - ETA: 0s - loss: 5.0509 - accuracy: 0.3125
5/5 [==============================] - 0s 3ms/step - loss: 4.9499 - accuracy: 0.2424
Epoch 13/25

1/5 [=====>........................] - ETA: 0s - loss: 4.9860 - accuracy: 0.2188
5/5 [==============================] - 0s 3ms/step - loss: 5.0389 - accuracy: 0.2727
Epoch 14/25

1/5 [=====>........................] - ETA: 0s - loss: 4.8835 - accuracy: 0.2188
5/5 [==============================] - 0s 3ms/step - loss: 4.6927 - accuracy: 0.2500
Epoch 15/25

1/5 [=====>........................] - ETA: 0s - loss: 4.8455 - accuracy: 0.1562
5/5 [==============================] - 0s 4ms/step - loss: 4.7932 - accuracy: 0.2424
Epoch 16/25

1/5 [=====>........................] - ETA: 0s - loss: 4.7696 - accuracy: 0.0938
5/5 [==============================] - 0s 3ms/step - loss: 4.7659 - accuracy: 0.1970
Epoch 17/25

1/5 [=====>........................] - ETA: 0s - loss: 4.3926 - accuracy: 0.3438
5/5 [==============================] - 0s 3ms/step - loss: 4.6105 - accuracy: 0.2424
Epoch 18/25

1/5 [=====>........................] - ETA: 0s - loss: 4.5365 - accuracy: 0.1875
5/5 [==============================] - 0s 3ms/step - loss: 4.5693 - accuracy: 0.2576
Epoch 19/25

1/5 [=====>........................] - ETA: 0s - loss: 4.4930 - accuracy: 0.1562
5/5 [==============================] - 0s 3ms/step - loss: 4.4628 - accuracy: 0.2955
Epoch 20/25

1/5 [=====>........................] - ETA: 0s - loss: 4.9135 - accuracy: 0.2188
5/5 [==============================] - 0s 3ms/step - loss: 4.3862 - accuracy: 0.3106
Epoch 21/25

1/5 [=====>........................] - ETA: 0s - loss: 4.6228 - accuracy: 0.2188
5/5 [==============================] - 0s 3ms/step - loss: 4.4194 - accuracy: 0.3258
Epoch 22/25

1/5 [=====>........................] - ETA: 0s - loss: 4.5892 - accuracy: 0.4062
5/5 [==============================] - 0s 3ms/step - loss: 4.3233 - accuracy: 0.3485
Epoch 23/25

1/5 [=====>........................] - ETA: 0s - loss: 4.1892 - accuracy: 0.3125
5/5 [==============================] - 0s 3ms/step - loss: 4.1942 - accuracy: 0.3864
Epoch 24/25

1/5 [=====>........................] - ETA: 0s - loss: 4.4718 - accuracy: 0.3750
5/5 [==============================] - 0s 3ms/step - loss: 4.1380 - accuracy: 0.4318
Epoch 25/25

1/5 [=====>........................] - ETA: 0s - loss: 4.0494 - accuracy: 0.3438
5/5 [==============================] - 0s 3ms/step - loss: 4.1202 - accuracy: 0.3636
# node2vec
Epoch 1/25

1/5 [=====>........................] - ETA: 0s - loss: 5.7700 - accuracy: 0.1562
5/5 [==============================] - 0s 2ms/step - loss: 5.7482 - accuracy: 0.0909
Epoch 2/25

1/5 [=====>........................] - ETA: 0s - loss: 5.7102 - accuracy: 0.1875
5/5 [==============================] - 0s 1ms/step - loss: 5.7034 - accuracy: 0.2121
Epoch 3/25

1/5 [=====>........................] - ETA: 0s - loss: 5.6492 - accuracy: 0.1250
5/5 [==============================] - 0s 2ms/step - loss: 5.6668 - accuracy: 0.1515
Epoch 4/25

1/5 [=====>........................] - ETA: 0s - loss: 5.6239 - accuracy: 0.2188
5/5 [==============================] - 0s 3ms/step - loss: 5.5804 - accuracy: 0.1894
Epoch 5/25

1/5 [=====>........................] - ETA: 0s - loss: 5.5341 - accuracy: 0.1562
5/5 [==============================] - 0s 2ms/step - loss: 5.5471 - accuracy: 0.2045
Epoch 6/25

1/5 [=====>........................] - ETA: 0s - loss: 5.5767 - accuracy: 0.1562
5/5 [==============================] - 0s 2ms/step - loss: 5.4769 - accuracy: 0.1591
Epoch 7/25

1/5 [=====>........................] - ETA: 0s - loss: 5.5104 - accuracy: 0.1562
5/5 [==============================] - 0s 2ms/step - loss: 5.4407 - accuracy: 0.2121
Epoch 8/25

1/5 [=====>........................] - ETA: 0s - loss: 5.4019 - accuracy: 0.0938
5/5 [==============================] - 0s 2ms/step - loss: 5.4091 - accuracy: 0.2121
Epoch 9/25

1/5 [=====>........................] - ETA: 0s - loss: 5.4263 - accuracy: 0.1562
5/5 [==============================] - 0s 2ms/step - loss: 5.3251 - accuracy: 0.2273
Epoch 10/25

1/5 [=====>........................] - ETA: 0s - loss: 5.3626 - accuracy: 0.2812
5/5 [==============================] - 0s 2ms/step - loss: 5.3340 - accuracy: 0.2045
Epoch 11/25

1/5 [=====>........................] - ETA: 0s - loss: 5.2486 - accuracy: 0.3438
5/5 [==============================] - 0s 2ms/step - loss: 5.2400 - accuracy: 0.2576
Epoch 12/25

1/5 [=====>........................] - ETA: 0s - loss: 5.0912 - accuracy: 0.2500
5/5 [==============================] - 0s 2ms/step - loss: 5.1230 - accuracy: 0.3106
Epoch 13/25

1/5 [=====>........................] - ETA: 0s - loss: 5.1936 - accuracy: 0.2812
5/5 [==============================] - 0s 2ms/step - loss: 5.2432 - accuracy: 0.2576
Epoch 14/25

1/5 [=====>........................] - ETA: 0s - loss: 5.2509 - accuracy: 0.3438
5/5 [==============================] - 0s 2ms/step - loss: 5.1106 - accuracy: 0.3106
Epoch 15/25

1/5 [=====>........................] - ETA: 0s - loss: 5.2507 - accuracy: 0.3125
5/5 [==============================] - 0s 2ms/step - loss: 5.0974 - accuracy: 0.3939
Epoch 16/25

1/5 [=====>........................] - ETA: 0s - loss: 5.1751 - accuracy: 0.3438
5/5 [==============================] - 0s 2ms/step - loss: 5.0252 - accuracy: 0.3106
Epoch 17/25

1/5 [=====>........................] - ETA: 0s - loss: 4.8729 - accuracy: 0.4688
5/5 [==============================] - 0s 2ms/step - loss: 5.0380 - accuracy: 0.3636
Epoch 18/25

1/5 [=====>........................] - ETA: 0s - loss: 5.2002 - accuracy: 0.3125
5/5 [==============================] - 0s 2ms/step - loss: 5.0157 - accuracy: 0.3864
Epoch 19/25

1/5 [=====>........................] - ETA: 0s - loss: 4.7209 - accuracy: 0.4375
5/5 [==============================] - 0s 2ms/step - loss: 4.9594 - accuracy: 0.3409
Epoch 20/25

1/5 [=====>........................] - ETA: 0s - loss: 5.1470 - accuracy: 0.4062
5/5 [==============================] - 0s 2ms/step - loss: 4.8233 - accuracy: 0.4545
Epoch 21/25

1/5 [=====>........................] - ETA: 0s - loss: 5.0091 - accuracy: 0.3438
5/5 [==============================] - 0s 2ms/step - loss: 4.8910 - accuracy: 0.3788
Epoch 22/25

1/5 [=====>........................] - ETA: 0s - loss: 4.9141 - accuracy: 0.4688
5/5 [==============================] - 0s 2ms/step - loss: 4.8326 - accuracy: 0.4091
Epoch 23/25

1/5 [=====>........................] - ETA: 0s - loss: 4.9405 - accuracy: 0.3125
5/5 [==============================] - 0s 2ms/step - loss: 4.8101 - accuracy: 0.4091
Epoch 24/25

1/5 [=====>........................] - ETA: 0s - loss: 4.8925 - accuracy: 0.4375
5/5 [==============================] - 0s 1ms/step - loss: 4.8981 - accuracy: 0.3864
Epoch 25/25

1/5 [=====>........................] - ETA: 0s - loss: 4.5915 - accuracy: 0.4375
5/5 [==============================] - 0s 2ms/step - loss: 4.7241 - accuracy: 0.4318
# predict: steps=103
# predict: tnodeembed_metrics
# predict: node2vec_metrics
tnodeembed: {'auc': 0.8381344340411593, 'f1_micro': 0.0, 'f1_macro': 0.0} tNodeEmbed_final_loss=4.120248317718506 tNodeEmbed_final_accuracy=0.3636363744735718 
node2vec: {'auc': 0.8350849716621807, 'f1_micro': 0.0, 'f1_macro': 0.0} node2vec_final_loss=4.72406005859375 node2vec_final_accuracy=0.4318181872367859 
