# load graph
Processing Static file: filename='interactions_with_dates_1977_nodes_2_edges_1_component_0.edges'
# initialize tNodeEmbed for dataset=PPI_NC, test_size=0.2
# load dataset
# fit
# tNodeEmbed steps_per_epoch=5
Epoch 1/25

1/5 [=====>........................] - ETA: 4s - loss: 5.7004 - accuracy: 0.1250
5/5 [==============================] - 1s 3ms/step - loss: 5.6963 - accuracy: 0.1500
Epoch 2/25

1/5 [=====>........................] - ETA: 0s - loss: 5.6905 - accuracy: 0.2188
5/5 [==============================] - 0s 4ms/step - loss: 5.6881 - accuracy: 0.2121
Epoch 3/25

1/5 [=====>........................] - ETA: 0s - loss: 5.6833 - accuracy: 0.1562
5/5 [==============================] - 0s 3ms/step - loss: 5.6781 - accuracy: 0.1442
Epoch 4/25

1/5 [=====>........................] - ETA: 0s - loss: 5.6725 - accuracy: 0.1562
5/5 [==============================] - 0s 3ms/step - loss: 5.6608 - accuracy: 0.1970
Epoch 5/25

1/5 [=====>........................] - ETA: 0s - loss: 5.6586 - accuracy: 0.1875
5/5 [==============================] - 0s 3ms/step - loss: 5.6388 - accuracy: 0.2121
Epoch 6/25

1/5 [=====>........................] - ETA: 0s - loss: 5.6451 - accuracy: 0.2188
5/5 [==============================] - 0s 3ms/step - loss: 5.6385 - accuracy: 0.1667
Epoch 7/25

1/5 [=====>........................] - ETA: 0s - loss: 5.6289 - accuracy: 0.1875
5/5 [==============================] - 0s 3ms/step - loss: 5.6043 - accuracy: 0.1742
Epoch 8/25

1/5 [=====>........................] - ETA: 0s - loss: 5.6129 - accuracy: 0.1875
5/5 [==============================] - 0s 3ms/step - loss: 5.5990 - accuracy: 0.1894
Epoch 9/25

1/5 [=====>........................] - ETA: 0s - loss: 5.5792 - accuracy: 0.1875
5/5 [==============================] - 0s 3ms/step - loss: 5.5576 - accuracy: 0.2197
Epoch 10/25

1/5 [=====>........................] - ETA: 0s - loss: 5.5599 - accuracy: 0.1875
5/5 [==============================] - 0s 2ms/step - loss: 5.5356 - accuracy: 0.1742
Epoch 11/25

1/5 [=====>........................] - ETA: 0s - loss: 5.5079 - accuracy: 0.2500
5/5 [==============================] - 0s 2ms/step - loss: 5.4840 - accuracy: 0.1818
Epoch 12/25

1/5 [=====>........................] - ETA: 0s - loss: 5.4895 - accuracy: 0.1562
5/5 [==============================] - 0s 2ms/step - loss: 5.4682 - accuracy: 0.2045
Epoch 13/25

1/5 [=====>........................] - ETA: 0s - loss: 5.3661 - accuracy: 0.2188
5/5 [==============================] - 0s 2ms/step - loss: 5.4058 - accuracy: 0.1818
Epoch 14/25

1/5 [=====>........................] - ETA: 0s - loss: 5.3153 - accuracy: 0.2500
5/5 [==============================] - 0s 3ms/step - loss: 5.3598 - accuracy: 0.1591
Epoch 15/25

1/5 [=====>........................] - ETA: 0s - loss: 5.3333 - accuracy: 0.1250
5/5 [==============================] - 0s 3ms/step - loss: 5.2917 - accuracy: 0.2197
Epoch 16/25

1/5 [=====>........................] - ETA: 0s - loss: 5.2025 - accuracy: 0.1250
5/5 [==============================] - 0s 2ms/step - loss: 5.2307 - accuracy: 0.1818
Epoch 17/25

1/5 [=====>........................] - ETA: 0s - loss: 5.2392 - accuracy: 0.1250
5/5 [==============================] - 0s 2ms/step - loss: 5.1356 - accuracy: 0.2045
Epoch 18/25

1/5 [=====>........................] - ETA: 0s - loss: 5.1416 - accuracy: 0.1875
5/5 [==============================] - 0s 2ms/step - loss: 5.1105 - accuracy: 0.1591
Epoch 19/25

1/5 [=====>........................] - ETA: 0s - loss: 5.0296 - accuracy: 0.1875
5/5 [==============================] - 0s 2ms/step - loss: 4.9700 - accuracy: 0.2121
Epoch 20/25

1/5 [=====>........................] - ETA: 0s - loss: 4.9901 - accuracy: 0.1562
5/5 [==============================] - 0s 2ms/step - loss: 4.9181 - accuracy: 0.1894
Epoch 21/25

1/5 [=====>........................] - ETA: 0s - loss: 4.8792 - accuracy: 0.0625
5/5 [==============================] - 0s 2ms/step - loss: 4.8353 - accuracy: 0.1818
Epoch 22/25

1/5 [=====>........................] - ETA: 0s - loss: 4.6625 - accuracy: 0.1562
5/5 [==============================] - 0s 2ms/step - loss: 4.7218 - accuracy: 0.1970
Epoch 23/25

1/5 [=====>........................] - ETA: 0s - loss: 4.7180 - accuracy: 0.1875
5/5 [==============================] - 0s 3ms/step - loss: 4.6055 - accuracy: 0.2121
Epoch 24/25

1/5 [=====>........................] - ETA: 0s - loss: 4.4490 - accuracy: 0.2188
5/5 [==============================] - 0s 2ms/step - loss: 4.5396 - accuracy: 0.1667
Epoch 25/25

1/5 [=====>........................] - ETA: 0s - loss: 4.4232 - accuracy: 0.2188
5/5 [==============================] - 0s 2ms/step - loss: 4.4208 - accuracy: 0.1818
# node2vec
Epoch 1/25

1/5 [=====>........................] - ETA: 1s - loss: 5.7004 - accuracy: 0.2188
5/5 [==============================] - 0s 2ms/step - loss: 5.7023 - accuracy: 0.1288
Epoch 2/25

1/5 [=====>........................] - ETA: 0s - loss: 5.6936 - accuracy: 0.0312
5/5 [==============================] - 0s 2ms/step - loss: 5.6941 - accuracy: 0.0985
Epoch 3/25

1/5 [=====>........................] - ETA: 0s - loss: 5.6865 - accuracy: 0.2188
5/5 [==============================] - 0s 1ms/step - loss: 5.6863 - accuracy: 0.1667
Epoch 4/25

1/5 [=====>........................] - ETA: 0s - loss: 5.6796 - accuracy: 0.1875
5/5 [==============================] - 0s 2ms/step - loss: 5.6777 - accuracy: 0.1818
Epoch 5/25

1/5 [=====>........................] - ETA: 0s - loss: 5.6738 - accuracy: 0.2500
5/5 [==============================] - 0s 2ms/step - loss: 5.6713 - accuracy: 0.1667
Epoch 6/25

1/5 [=====>........................] - ETA: 0s - loss: 5.6594 - accuracy: 0.2500
5/5 [==============================] - 0s 1ms/step - loss: 5.6595 - accuracy: 0.2197
Epoch 7/25

1/5 [=====>........................] - ETA: 0s - loss: 5.6606 - accuracy: 0.1250
5/5 [==============================] - 0s 1ms/step - loss: 5.6581 - accuracy: 0.1591
Epoch 8/25

1/5 [=====>........................] - ETA: 0s - loss: 5.6381 - accuracy: 0.1250
5/5 [==============================] - 0s 1ms/step - loss: 5.6466 - accuracy: 0.1818
Epoch 9/25

1/5 [=====>........................] - ETA: 0s - loss: 5.6442 - accuracy: 0.2500
5/5 [==============================] - 0s 1ms/step - loss: 5.6393 - accuracy: 0.1894
Epoch 10/25

1/5 [=====>........................] - ETA: 0s - loss: 5.6137 - accuracy: 0.3125
5/5 [==============================] - 0s 2ms/step - loss: 5.6312 - accuracy: 0.1970
Epoch 11/25

1/5 [=====>........................] - ETA: 0s - loss: 5.6339 - accuracy: 0.2500
5/5 [==============================] - 0s 1ms/step - loss: 5.6239 - accuracy: 0.1894
Epoch 12/25

1/5 [=====>........................] - ETA: 0s - loss: 5.5941 - accuracy: 0.1875
5/5 [==============================] - 0s 2ms/step - loss: 5.6161 - accuracy: 0.2045
Epoch 13/25

1/5 [=====>........................] - ETA: 0s - loss: 5.6235 - accuracy: 0.0938
5/5 [==============================] - 0s 2ms/step - loss: 5.6078 - accuracy: 0.1742
Epoch 14/25

1/5 [=====>........................] - ETA: 0s - loss: 5.5788 - accuracy: 0.0938
5/5 [==============================] - 0s 2ms/step - loss: 5.6012 - accuracy: 0.1894
Epoch 15/25

1/5 [=====>........................] - ETA: 0s - loss: 5.5614 - accuracy: 0.2188
5/5 [==============================] - 0s 1ms/step - loss: 5.5931 - accuracy: 0.1894
Epoch 16/25

1/5 [=====>........................] - ETA: 0s - loss: 5.6024 - accuracy: 0.1875
5/5 [==============================] - 0s 1ms/step - loss: 5.5728 - accuracy: 0.1894
Epoch 17/25

1/5 [=====>........................] - ETA: 0s - loss: 5.5932 - accuracy: 0.1875
5/5 [==============================] - 0s 2ms/step - loss: 5.5766 - accuracy: 0.1894
Epoch 18/25

1/5 [=====>........................] - ETA: 0s - loss: 5.5821 - accuracy: 0.2500
5/5 [==============================] - 0s 1ms/step - loss: 5.5837 - accuracy: 0.1742
Epoch 19/25

1/5 [=====>........................] - ETA: 0s - loss: 5.5813 - accuracy: 0.1250
5/5 [==============================] - 0s 1ms/step - loss: 5.5621 - accuracy: 0.2197
Epoch 20/25

1/5 [=====>........................] - ETA: 0s - loss: 5.5760 - accuracy: 0.1562
5/5 [==============================] - 0s 1ms/step - loss: 5.5556 - accuracy: 0.1667
Epoch 21/25

1/5 [=====>........................] - ETA: 0s - loss: 5.5696 - accuracy: 0.1875
5/5 [==============================] - 0s 1ms/step - loss: 5.5484 - accuracy: 0.1667
Epoch 22/25

1/5 [=====>........................] - ETA: 0s - loss: 5.5590 - accuracy: 0.2188
5/5 [==============================] - 0s 2ms/step - loss: 5.5180 - accuracy: 0.2197
Epoch 23/25

1/5 [=====>........................] - ETA: 0s - loss: 5.5564 - accuracy: 0.0938
5/5 [==============================] - 0s 1ms/step - loss: 5.5538 - accuracy: 0.1667
Epoch 24/25

1/5 [=====>........................] - ETA: 0s - loss: 5.4659 - accuracy: 0.1562
5/5 [==============================] - 0s 1ms/step - loss: 5.5250 - accuracy: 0.1894
Epoch 25/25

1/5 [=====>........................] - ETA: 0s - loss: 5.5453 - accuracy: 0.1250
5/5 [==============================] - 0s 2ms/step - loss: 5.5165 - accuracy: 0.1970
# predict: steps=103
# predict: tnodeembed_metrics
# predict: node2vec_metrics
tnodeembed: {'auc': 0.9067286981772789, 'f1_micro': 0.0, 'f1_macro': 0.0} tNodeEmbed_final_loss=4.420783042907715 tNodeEmbed_final_accuracy=0.1818181872367859 
node2vec: {'auc': 0.9086348623186014, 'f1_micro': 0.0, 'f1_macro': 0.0} node2vec_final_loss=5.516468524932861 node2vec_final_accuracy=0.19696970283985138 
