# load graph
Processing Static file: filename='interactions_with_dates_1984_nodes_3_edges_2_component_0.edges'
# initialize tNodeEmbed for dataset=PPI_NC, test_size=0.2
# load dataset
# fit
# tNodeEmbed steps_per_epoch=5
Epoch 1/25

1/5 [=====>........................] - ETA: 12s - loss: 5.7004 - accuracy: 0.1562
5/5 [==============================] - 3s 8ms/step - loss: 5.6971 - accuracy: 0.1136
Epoch 2/25

1/5 [=====>........................] - ETA: 0s - loss: 5.6906 - accuracy: 0.1875
5/5 [==============================] - 0s 6ms/step - loss: 5.6871 - accuracy: 0.1970
Epoch 3/25

1/5 [=====>........................] - ETA: 0s - loss: 5.6781 - accuracy: 0.1250
5/5 [==============================] - 0s 6ms/step - loss: 5.6758 - accuracy: 0.1591
Epoch 4/25

1/5 [=====>........................] - ETA: 0s - loss: 5.6603 - accuracy: 0.2500
5/5 [==============================] - 0s 6ms/step - loss: 5.6606 - accuracy: 0.2121
Epoch 5/25

1/5 [=====>........................] - ETA: 0s - loss: 5.6455 - accuracy: 0.1562
5/5 [==============================] - 0s 8ms/step - loss: 5.6440 - accuracy: 0.1742
Epoch 6/25

1/5 [=====>........................] - ETA: 0s - loss: 5.6325 - accuracy: 0.2500
5/5 [==============================] - 0s 7ms/step - loss: 5.6301 - accuracy: 0.2045
Epoch 7/25

1/5 [=====>........................] - ETA: 0s - loss: 5.6163 - accuracy: 0.1875
5/5 [==============================] - 0s 8ms/step - loss: 5.6088 - accuracy: 0.1591
Epoch 8/25

1/5 [=====>........................] - ETA: 0s - loss: 5.5782 - accuracy: 0.2500
5/5 [==============================] - 0s 6ms/step - loss: 5.5798 - accuracy: 0.2121
Epoch 9/25

1/5 [=====>........................] - ETA: 0s - loss: 5.5726 - accuracy: 0.2188
5/5 [==============================] - 0s 6ms/step - loss: 5.5455 - accuracy: 0.1818
Epoch 10/25

1/5 [=====>........................] - ETA: 0s - loss: 5.5244 - accuracy: 0.2500
5/5 [==============================] - 0s 6ms/step - loss: 5.5221 - accuracy: 0.2197
Epoch 11/25

1/5 [=====>........................] - ETA: 0s - loss: 5.5080 - accuracy: 0.1562
5/5 [==============================] - 0s 7ms/step - loss: 5.4774 - accuracy: 0.1742
Epoch 12/25

1/5 [=====>........................] - ETA: 0s - loss: 5.4604 - accuracy: 0.1562
5/5 [==============================] - 0s 7ms/step - loss: 5.4299 - accuracy: 0.1439
Epoch 13/25

1/5 [=====>........................] - ETA: 0s - loss: 5.4054 - accuracy: 0.2188
5/5 [==============================] - 0s 6ms/step - loss: 5.3690 - accuracy: 0.2424
Epoch 14/25

1/5 [=====>........................] - ETA: 0s - loss: 5.3480 - accuracy: 0.1875
5/5 [==============================] - 0s 6ms/step - loss: 5.3196 - accuracy: 0.1591
Epoch 15/25

1/5 [=====>........................] - ETA: 0s - loss: 5.1978 - accuracy: 0.2188
5/5 [==============================] - 0s 6ms/step - loss: 5.2348 - accuracy: 0.2197
Epoch 16/25

1/5 [=====>........................] - ETA: 0s - loss: 5.2320 - accuracy: 0.1250
5/5 [==============================] - 0s 6ms/step - loss: 5.1898 - accuracy: 0.1515
Epoch 17/25

1/5 [=====>........................] - ETA: 0s - loss: 5.1218 - accuracy: 0.1875
5/5 [==============================] - 0s 6ms/step - loss: 5.0899 - accuracy: 0.2273
Epoch 18/25

1/5 [=====>........................] - ETA: 0s - loss: 4.9842 - accuracy: 0.1875
5/5 [==============================] - 0s 7ms/step - loss: 4.9834 - accuracy: 0.1818
Epoch 19/25

1/5 [=====>........................] - ETA: 0s - loss: 4.9743 - accuracy: 0.2500
5/5 [==============================] - 0s 6ms/step - loss: 4.9062 - accuracy: 0.1894
Epoch 20/25

1/5 [=====>........................] - ETA: 0s - loss: 4.8868 - accuracy: 0.1250
5/5 [==============================] - 0s 6ms/step - loss: 4.8551 - accuracy: 0.1667
Epoch 21/25

1/5 [=====>........................] - ETA: 0s - loss: 4.6767 - accuracy: 0.1875
5/5 [==============================] - 0s 6ms/step - loss: 4.7189 - accuracy: 0.1970
Epoch 22/25

1/5 [=====>........................] - ETA: 0s - loss: 4.5340 - accuracy: 0.1875
5/5 [==============================] - 0s 8ms/step - loss: 4.5959 - accuracy: 0.2045
Epoch 23/25

1/5 [=====>........................] - ETA: 0s - loss: 4.6048 - accuracy: 0.1875
5/5 [==============================] - 0s 7ms/step - loss: 4.4826 - accuracy: 0.1742
Epoch 24/25

1/5 [=====>........................] - ETA: 0s - loss: 4.4353 - accuracy: 0.2500
5/5 [==============================] - 0s 6ms/step - loss: 4.4157 - accuracy: 0.1667
Epoch 25/25

1/5 [=====>........................] - ETA: 0s - loss: 4.4045 - accuracy: 0.2812
5/5 [==============================] - 0s 7ms/step - loss: 4.2674 - accuracy: 0.2197
# node2vec
Epoch 1/25

1/5 [=====>........................] - ETA: 3s - loss: 5.7004 - accuracy: 0.2188
5/5 [==============================] - 1s 6ms/step - loss: 5.6956 - accuracy: 0.1063
Epoch 2/25

1/5 [=====>........................] - ETA: 0s - loss: 5.6932 - accuracy: 0.0000e+00
5/5 [==============================] - 0s 5ms/step - loss: 5.6851 - accuracy: 0.1288
Epoch 3/25

1/5 [=====>........................] - ETA: 0s - loss: 5.6856 - accuracy: 0.2188
5/5 [==============================] - 0s 4ms/step - loss: 5.6693 - accuracy: 0.1923
Epoch 4/25

1/5 [=====>........................] - ETA: 0s - loss: 5.6792 - accuracy: 0.1562
5/5 [==============================] - 0s 4ms/step - loss: 5.6755 - accuracy: 0.2045
Epoch 5/25

1/5 [=====>........................] - ETA: 0s - loss: 5.6703 - accuracy: 0.0625
5/5 [==============================] - 0s 4ms/step - loss: 5.6604 - accuracy: 0.2045
Epoch 6/25

1/5 [=====>........................] - ETA: 0s - loss: 5.6657 - accuracy: 0.1250
5/5 [==============================] - 0s 3ms/step - loss: 5.6441 - accuracy: 0.1742
Epoch 7/25

1/5 [=====>........................] - ETA: 0s - loss: 5.6553 - accuracy: 0.2188
5/5 [==============================] - 0s 3ms/step - loss: 5.6442 - accuracy: 0.2121
Epoch 8/25

1/5 [=====>........................] - ETA: 0s - loss: 5.6479 - accuracy: 0.2188
5/5 [==============================] - 0s 3ms/step - loss: 5.6461 - accuracy: 0.1667
Epoch 9/25

1/5 [=====>........................] - ETA: 0s - loss: 5.6441 - accuracy: 0.1250
5/5 [==============================] - 0s 3ms/step - loss: 5.6277 - accuracy: 0.1894
Epoch 10/25

1/5 [=====>........................] - ETA: 0s - loss: 5.6339 - accuracy: 0.2188
5/5 [==============================] - 0s 3ms/step - loss: 5.6196 - accuracy: 0.1970
Epoch 11/25

1/5 [=====>........................] - ETA: 0s - loss: 5.5723 - accuracy: 0.1250
5/5 [==============================] - 0s 3ms/step - loss: 5.6116 - accuracy: 0.1742
Epoch 12/25

1/5 [=====>........................] - ETA: 0s - loss: 5.5603 - accuracy: 0.1562
5/5 [==============================] - 0s 3ms/step - loss: 5.6009 - accuracy: 0.2197
Epoch 13/25

1/5 [=====>........................] - ETA: 0s - loss: 5.6133 - accuracy: 0.1250
5/5 [==============================] - 0s 4ms/step - loss: 5.5803 - accuracy: 0.1667
Epoch 14/25

1/5 [=====>........................] - ETA: 0s - loss: 5.6097 - accuracy: 0.2188
5/5 [==============================] - 0s 3ms/step - loss: 5.6047 - accuracy: 0.1818
Epoch 15/25

1/5 [=====>........................] - ETA: 0s - loss: 5.5971 - accuracy: 0.1875
5/5 [==============================] - 0s 3ms/step - loss: 5.5614 - accuracy: 0.2273
Epoch 16/25

1/5 [=====>........................] - ETA: 0s - loss: 5.5921 - accuracy: 0.1562
5/5 [==============================] - 0s 3ms/step - loss: 5.5893 - accuracy: 0.1667
Epoch 17/25

1/5 [=====>........................] - ETA: 0s - loss: 5.5870 - accuracy: 0.1250
5/5 [==============================] - 0s 3ms/step - loss: 5.5645 - accuracy: 0.1742
Epoch 18/25

1/5 [=====>........................] - ETA: 0s - loss: 5.5810 - accuracy: 0.1250
5/5 [==============================] - 0s 3ms/step - loss: 5.5564 - accuracy: 0.1742
Epoch 19/25

1/5 [=====>........................] - ETA: 0s - loss: 5.5758 - accuracy: 0.1562
5/5 [==============================] - 0s 3ms/step - loss: 5.5303 - accuracy: 0.1591
Epoch 20/25

1/5 [=====>........................] - ETA: 0s - loss: 5.5695 - accuracy: 0.1562
5/5 [==============================] - 0s 3ms/step - loss: 5.5603 - accuracy: 0.1591
Epoch 21/25

1/5 [=====>........................] - ETA: 0s - loss: 5.5617 - accuracy: 0.1250
5/5 [==============================] - 0s 4ms/step - loss: 5.5383 - accuracy: 0.1515
Epoch 22/25

1/5 [=====>........................] - ETA: 0s - loss: 5.5407 - accuracy: 0.1875
5/5 [==============================] - 0s 4ms/step - loss: 5.5259 - accuracy: 0.1364
Epoch 23/25

1/5 [=====>........................] - ETA: 0s - loss: 5.4633 - accuracy: 0.1562
5/5 [==============================] - 0s 3ms/step - loss: 5.5147 - accuracy: 0.1970
Epoch 24/25

1/5 [=====>........................] - ETA: 0s - loss: 5.5364 - accuracy: 0.1250
5/5 [==============================] - 0s 4ms/step - loss: 5.5135 - accuracy: 0.0909
Epoch 25/25

1/5 [=====>........................] - ETA: 0s - loss: 5.4372 - accuracy: 0.1562
5/5 [==============================] - 0s 4ms/step - loss: 5.4821 - accuracy: 0.1818
# predict: steps=103
# predict: tnodeembed_metrics
# predict: node2vec_metrics
tnodeembed: {'auc': 0.9072074771719048, 'f1_micro': 0.0006073489219556636, 'f1_macro': 0.00015555728396982187} tNodeEmbed_final_loss=4.267421245574951 tNodeEmbed_final_accuracy=0.21969696879386902 
node2vec: {'auc': 0.9117398109154988, 'f1_micro': 0.0, 'f1_macro': 0.0} node2vec_final_loss=5.482129096984863 node2vec_final_accuracy=0.1818181872367859 
