# load graph
Processing Static file: filename='interactions_with_dates_2006_nodes_2482_edges_3918_component_0.edges'
# initialize tNodeEmbed for dataset=PPI_NC, test_size=0.2
# load dataset
# fit
# tNodeEmbed steps_per_epoch=5
Epoch 1/25

1/5 [=====>........................] - ETA: 3s - loss: 5.7016 - accuracy: 0.1875
5/5 [==============================] - 1s 4ms/step - loss: 5.6824 - accuracy: 0.1437
Epoch 2/25

1/5 [=====>........................] - ETA: 0s - loss: 5.6544 - accuracy: 0.2812
5/5 [==============================] - 0s 5ms/step - loss: 5.6303 - accuracy: 0.2348
Epoch 3/25

1/5 [=====>........................] - ETA: 0s - loss: 5.5931 - accuracy: 0.2812
5/5 [==============================] - 0s 4ms/step - loss: 5.5747 - accuracy: 0.2212
Epoch 4/25

1/5 [=====>........................] - ETA: 0s - loss: 5.5146 - accuracy: 0.4375
5/5 [==============================] - 0s 4ms/step - loss: 5.5204 - accuracy: 0.3258
Epoch 5/25

1/5 [=====>........................] - ETA: 0s - loss: 5.4578 - accuracy: 0.2188
5/5 [==============================] - 0s 3ms/step - loss: 5.4400 - accuracy: 0.2197
Epoch 6/25

1/5 [=====>........................] - ETA: 0s - loss: 5.3130 - accuracy: 0.2188
5/5 [==============================] - 0s 4ms/step - loss: 5.3379 - accuracy: 0.2121
Epoch 7/25

1/5 [=====>........................] - ETA: 0s - loss: 5.3399 - accuracy: 0.1875
5/5 [==============================] - 0s 4ms/step - loss: 5.2503 - accuracy: 0.2045
Epoch 8/25

1/5 [=====>........................] - ETA: 0s - loss: 5.0304 - accuracy: 0.1562
5/5 [==============================] - 0s 3ms/step - loss: 5.0720 - accuracy: 0.1212
Epoch 9/25

1/5 [=====>........................] - ETA: 0s - loss: 5.0690 - accuracy: 0.1250
5/5 [==============================] - 0s 4ms/step - loss: 4.8585 - accuracy: 0.0985
Epoch 10/25

1/5 [=====>........................] - ETA: 0s - loss: 4.8634 - accuracy: 0.1250
5/5 [==============================] - 0s 3ms/step - loss: 4.7960 - accuracy: 0.1061
Epoch 11/25

1/5 [=====>........................] - ETA: 0s - loss: 4.5315 - accuracy: 0.1250
5/5 [==============================] - 0s 2ms/step - loss: 4.5362 - accuracy: 0.1061
Epoch 12/25

1/5 [=====>........................] - ETA: 0s - loss: 4.2884 - accuracy: 0.1250
5/5 [==============================] - 0s 3ms/step - loss: 4.3072 - accuracy: 0.1061
Epoch 13/25

1/5 [=====>........................] - ETA: 0s - loss: 4.3157 - accuracy: 0.1250
5/5 [==============================] - 0s 3ms/step - loss: 4.1047 - accuracy: 0.1136
Epoch 14/25

1/5 [=====>........................] - ETA: 0s - loss: 4.2534 - accuracy: 0.1562
5/5 [==============================] - 0s 3ms/step - loss: 4.1437 - accuracy: 0.0758
Epoch 15/25

1/5 [=====>........................] - ETA: 0s - loss: 3.9078 - accuracy: 0.1875
5/5 [==============================] - 0s 3ms/step - loss: 3.8389 - accuracy: 0.1288
Epoch 16/25

1/5 [=====>........................] - ETA: 0s - loss: 3.9918 - accuracy: 0.0938
5/5 [==============================] - 0s 3ms/step - loss: 3.9040 - accuracy: 0.1212
Epoch 17/25

1/5 [=====>........................] - ETA: 0s - loss: 3.8404 - accuracy: 0.1250
5/5 [==============================] - 0s 3ms/step - loss: 3.8603 - accuracy: 0.1061
Epoch 18/25

1/5 [=====>........................] - ETA: 0s - loss: 3.3464 - accuracy: 0.1562
5/5 [==============================] - 0s 4ms/step - loss: 3.7231 - accuracy: 0.1288
Epoch 19/25

1/5 [=====>........................] - ETA: 0s - loss: 3.9885 - accuracy: 0.1250
5/5 [==============================] - 0s 3ms/step - loss: 3.6703 - accuracy: 0.1894
Epoch 20/25

1/5 [=====>........................] - ETA: 0s - loss: 3.3385 - accuracy: 0.3125
5/5 [==============================] - 0s 3ms/step - loss: 3.7256 - accuracy: 0.2273
Epoch 21/25

1/5 [=====>........................] - ETA: 0s - loss: 3.6235 - accuracy: 0.1562
5/5 [==============================] - 0s 3ms/step - loss: 3.6195 - accuracy: 0.2652
Epoch 22/25

1/5 [=====>........................] - ETA: 0s - loss: 3.5470 - accuracy: 0.2188
5/5 [==============================] - 0s 3ms/step - loss: 3.5069 - accuracy: 0.2803
Epoch 23/25

1/5 [=====>........................] - ETA: 0s - loss: 3.3875 - accuracy: 0.3438
5/5 [==============================] - 0s 3ms/step - loss: 3.4685 - accuracy: 0.2955
Epoch 24/25

1/5 [=====>........................] - ETA: 0s - loss: 3.1700 - accuracy: 0.3438
5/5 [==============================] - 0s 3ms/step - loss: 3.3963 - accuracy: 0.3106
Epoch 25/25

1/5 [=====>........................] - ETA: 0s - loss: 3.4488 - accuracy: 0.3438
5/5 [==============================] - 0s 3ms/step - loss: 3.4203 - accuracy: 0.3485
# node2vec
Epoch 1/25

1/5 [=====>........................] - ETA: 0s - loss: 5.7390 - accuracy: 0.1875
5/5 [==============================] - 0s 2ms/step - loss: 5.6909 - accuracy: 0.0909
Epoch 2/25

1/5 [=====>........................] - ETA: 0s - loss: 5.6503 - accuracy: 0.0938
5/5 [==============================] - 0s 2ms/step - loss: 5.6232 - accuracy: 0.0530
Epoch 3/25

1/5 [=====>........................] - ETA: 0s - loss: 5.7644 - accuracy: 0.0000e+00
5/5 [==============================] - 0s 3ms/step - loss: 5.5148 - accuracy: 0.1591
Epoch 4/25

1/5 [=====>........................] - ETA: 0s - loss: 5.4663 - accuracy: 0.2188
5/5 [==============================] - 0s 2ms/step - loss: 5.4514 - accuracy: 0.1818
Epoch 5/25

1/5 [=====>........................] - ETA: 0s - loss: 5.2737 - accuracy: 0.3438
5/5 [==============================] - 0s 2ms/step - loss: 5.3329 - accuracy: 0.1894
Epoch 6/25

1/5 [=====>........................] - ETA: 0s - loss: 5.2973 - accuracy: 0.2500
5/5 [==============================] - 0s 2ms/step - loss: 5.2703 - accuracy: 0.2576
Epoch 7/25

1/5 [=====>........................] - ETA: 0s - loss: 5.1616 - accuracy: 0.1875
5/5 [==============================] - 0s 2ms/step - loss: 5.2162 - accuracy: 0.2500
Epoch 8/25

1/5 [=====>........................] - ETA: 0s - loss: 5.1195 - accuracy: 0.3125
5/5 [==============================] - 0s 2ms/step - loss: 5.0938 - accuracy: 0.2576
Epoch 9/25

1/5 [=====>........................] - ETA: 0s - loss: 4.9933 - accuracy: 0.3438
5/5 [==============================] - 0s 2ms/step - loss: 5.0619 - accuracy: 0.3258
Epoch 10/25

1/5 [=====>........................] - ETA: 0s - loss: 5.0431 - accuracy: 0.3125
5/5 [==============================] - 0s 2ms/step - loss: 4.8986 - accuracy: 0.3561
Epoch 11/25

1/5 [=====>........................] - ETA: 0s - loss: 4.9630 - accuracy: 0.4688
5/5 [==============================] - 0s 2ms/step - loss: 4.8834 - accuracy: 0.3939
Epoch 12/25

1/5 [=====>........................] - ETA: 0s - loss: 4.7370 - accuracy: 0.4375
5/5 [==============================] - 0s 2ms/step - loss: 4.8600 - accuracy: 0.3788
Epoch 13/25

1/5 [=====>........................] - ETA: 0s - loss: 4.8862 - accuracy: 0.2812
5/5 [==============================] - 0s 2ms/step - loss: 4.7609 - accuracy: 0.4242
Epoch 14/25

1/5 [=====>........................] - ETA: 0s - loss: 4.6390 - accuracy: 0.5312
5/5 [==============================] - 0s 2ms/step - loss: 4.6026 - accuracy: 0.4621
Epoch 15/25

1/5 [=====>........................] - ETA: 0s - loss: 4.7715 - accuracy: 0.2500
5/5 [==============================] - 0s 2ms/step - loss: 4.6585 - accuracy: 0.4394
Epoch 16/25

1/5 [=====>........................] - ETA: 0s - loss: 4.5498 - accuracy: 0.6250
5/5 [==============================] - 0s 3ms/step - loss: 4.5476 - accuracy: 0.4621
Epoch 17/25

1/5 [=====>........................] - ETA: 0s - loss: 4.4384 - accuracy: 0.4375
5/5 [==============================] - 0s 3ms/step - loss: 4.4615 - accuracy: 0.4697
Epoch 18/25

1/5 [=====>........................] - ETA: 0s - loss: 4.4741 - accuracy: 0.4688
5/5 [==============================] - 0s 2ms/step - loss: 4.3643 - accuracy: 0.5530
Epoch 19/25

1/5 [=====>........................] - ETA: 0s - loss: 4.3255 - accuracy: 0.4688
5/5 [==============================] - 0s 2ms/step - loss: 4.4826 - accuracy: 0.4242
Epoch 20/25

1/5 [=====>........................] - ETA: 0s - loss: 4.2432 - accuracy: 0.6875
5/5 [==============================] - 0s 2ms/step - loss: 4.1671 - accuracy: 0.5606
Epoch 21/25

1/5 [=====>........................] - ETA: 0s - loss: 4.4731 - accuracy: 0.4062
5/5 [==============================] - 0s 2ms/step - loss: 4.3625 - accuracy: 0.5152
Epoch 22/25

1/5 [=====>........................] - ETA: 0s - loss: 3.8288 - accuracy: 0.6250
5/5 [==============================] - 0s 2ms/step - loss: 4.1556 - accuracy: 0.5455
Epoch 23/25

1/5 [=====>........................] - ETA: 0s - loss: 4.1550 - accuracy: 0.5625
5/5 [==============================] - 0s 2ms/step - loss: 4.0560 - accuracy: 0.5303
Epoch 24/25

1/5 [=====>........................] - ETA: 0s - loss: 4.2212 - accuracy: 0.5938
5/5 [==============================] - 0s 2ms/step - loss: 4.1609 - accuracy: 0.5606
Epoch 25/25

1/5 [=====>........................] - ETA: 0s - loss: 4.1951 - accuracy: 0.5312
5/5 [==============================] - 0s 2ms/step - loss: 4.0883 - accuracy: 0.5379
# predict: steps=103
# predict: tnodeembed_metrics
# predict: node2vec_metrics
tnodeembed: {'auc': 0.8868724593689024, 'f1_micro': 0.0030175015087507543, 'f1_macro': 0.00014292656433124662} tNodeEmbed_final_loss=3.4203269481658936 tNodeEmbed_final_accuracy=0.3484848439693451 
node2vec: {'auc': 0.876565244832691, 'f1_micro': 0.0, 'f1_macro': 0.0} node2vec_final_loss=4.088314533233643 node2vec_final_accuracy=0.5378788113594055 
