# load graph
Processing Static file: filename='interactions_with_dates_1985_nodes_3_edges_2_component_0.edges'
# initialize tNodeEmbed for dataset=PPI_NC, test_size=0.2
# load dataset
# fit
# tNodeEmbed steps_per_epoch=5
Epoch 1/25

1/5 [=====>........................] - ETA: 10s - loss: 5.7004 - accuracy: 0.1562
5/5 [==============================] - 3s 5ms/step - loss: 5.6975 - accuracy: 0.1439
Epoch 2/25

1/5 [=====>........................] - ETA: 0s - loss: 5.6911 - accuracy: 0.3125
5/5 [==============================] - 0s 5ms/step - loss: 5.6866 - accuracy: 0.2273
Epoch 3/25

1/5 [=====>........................] - ETA: 0s - loss: 5.6782 - accuracy: 0.2500
5/5 [==============================] - 0s 5ms/step - loss: 5.6749 - accuracy: 0.2121
Epoch 4/25

1/5 [=====>........................] - ETA: 0s - loss: 5.6662 - accuracy: 0.2812
5/5 [==============================] - 0s 5ms/step - loss: 5.6617 - accuracy: 0.1742
Epoch 5/25

1/5 [=====>........................] - ETA: 0s - loss: 5.6543 - accuracy: 0.1875
5/5 [==============================] - 0s 5ms/step - loss: 5.6436 - accuracy: 0.2424
Epoch 6/25

1/5 [=====>........................] - ETA: 0s - loss: 5.6352 - accuracy: 0.2188
5/5 [==============================] - 0s 6ms/step - loss: 5.6259 - accuracy: 0.1894
Epoch 7/25

1/5 [=====>........................] - ETA: 0s - loss: 5.6088 - accuracy: 0.1250
5/5 [==============================] - 0s 5ms/step - loss: 5.6016 - accuracy: 0.1970
Epoch 8/25

1/5 [=====>........................] - ETA: 0s - loss: 5.5888 - accuracy: 0.1875
5/5 [==============================] - 0s 6ms/step - loss: 5.5750 - accuracy: 0.1742
Epoch 9/25

1/5 [=====>........................] - ETA: 0s - loss: 5.5495 - accuracy: 0.2812
5/5 [==============================] - 0s 5ms/step - loss: 5.5415 - accuracy: 0.2045
Epoch 10/25

1/5 [=====>........................] - ETA: 0s - loss: 5.5098 - accuracy: 0.2188
5/5 [==============================] - 0s 5ms/step - loss: 5.5060 - accuracy: 0.1742
Epoch 11/25

1/5 [=====>........................] - ETA: 0s - loss: 5.4623 - accuracy: 0.1875
5/5 [==============================] - 0s 5ms/step - loss: 5.4574 - accuracy: 0.2197
Epoch 12/25

1/5 [=====>........................] - ETA: 0s - loss: 5.4376 - accuracy: 0.1250
5/5 [==============================] - 0s 5ms/step - loss: 5.4028 - accuracy: 0.2348
Epoch 13/25

1/5 [=====>........................] - ETA: 0s - loss: 5.3795 - accuracy: 0.1562
5/5 [==============================] - 0s 5ms/step - loss: 5.3604 - accuracy: 0.1288
Epoch 14/25

1/5 [=====>........................] - ETA: 0s - loss: 5.3320 - accuracy: 0.1875
5/5 [==============================] - 0s 5ms/step - loss: 5.2931 - accuracy: 0.2121
Epoch 15/25

1/5 [=====>........................] - ETA: 0s - loss: 5.2279 - accuracy: 0.2812
5/5 [==============================] - 0s 5ms/step - loss: 5.2215 - accuracy: 0.2121
Epoch 16/25

1/5 [=====>........................] - ETA: 0s - loss: 5.1840 - accuracy: 0.1562
5/5 [==============================] - 0s 5ms/step - loss: 5.1495 - accuracy: 0.1970
Epoch 17/25

1/5 [=====>........................] - ETA: 0s - loss: 5.0923 - accuracy: 0.1250
5/5 [==============================] - 0s 5ms/step - loss: 5.0636 - accuracy: 0.1818
Epoch 18/25

1/5 [=====>........................] - ETA: 0s - loss: 4.9988 - accuracy: 0.2188
5/5 [==============================] - 0s 5ms/step - loss: 4.9833 - accuracy: 0.2121
Epoch 19/25

1/5 [=====>........................] - ETA: 0s - loss: 4.9333 - accuracy: 0.1250
5/5 [==============================] - 0s 5ms/step - loss: 4.8947 - accuracy: 0.1894
Epoch 20/25

1/5 [=====>........................] - ETA: 0s - loss: 4.8293 - accuracy: 0.1875
5/5 [==============================] - 0s 5ms/step - loss: 4.7848 - accuracy: 0.2045
Epoch 21/25

1/5 [=====>........................] - ETA: 0s - loss: 4.6794 - accuracy: 0.2500
5/5 [==============================] - 0s 5ms/step - loss: 4.7130 - accuracy: 0.1970
Epoch 22/25

1/5 [=====>........................] - ETA: 0s - loss: 4.6554 - accuracy: 0.1562
5/5 [==============================] - 0s 5ms/step - loss: 4.5666 - accuracy: 0.2121
Epoch 23/25

1/5 [=====>........................] - ETA: 0s - loss: 4.5224 - accuracy: 0.1875
5/5 [==============================] - 0s 5ms/step - loss: 4.4966 - accuracy: 0.1667
Epoch 24/25

1/5 [=====>........................] - ETA: 0s - loss: 4.4652 - accuracy: 0.1562
5/5 [==============================] - 0s 5ms/step - loss: 4.3791 - accuracy: 0.2348
Epoch 25/25

1/5 [=====>........................] - ETA: 0s - loss: 4.3415 - accuracy: 0.1875
5/5 [==============================] - 0s 6ms/step - loss: 4.2754 - accuracy: 0.1591
# node2vec
Epoch 1/25

1/5 [=====>........................] - ETA: 2s - loss: 5.7004 - accuracy: 0.2188
5/5 [==============================] - 1s 5ms/step - loss: 5.6976 - accuracy: 0.1063
Epoch 2/25

1/5 [=====>........................] - ETA: 0s - loss: 5.6932 - accuracy: 0.0312
5/5 [==============================] - 0s 4ms/step - loss: 5.6899 - accuracy: 0.0192
Epoch 3/25

1/5 [=====>........................] - ETA: 0s - loss: 5.6865 - accuracy: 0.0625
5/5 [==============================] - 0s 4ms/step - loss: 5.6839 - accuracy: 0.1894
Epoch 4/25

1/5 [=====>........................] - ETA: 0s - loss: 5.6794 - accuracy: 0.0938
5/5 [==============================] - 0s 4ms/step - loss: 5.6761 - accuracy: 0.0833
Epoch 5/25

1/5 [=====>........................] - ETA: 0s - loss: 5.6709 - accuracy: 0.1250
5/5 [==============================] - 0s 3ms/step - loss: 5.6690 - accuracy: 0.1061
Epoch 6/25

1/5 [=====>........................] - ETA: 0s - loss: 5.6638 - accuracy: 0.1250
5/5 [==============================] - 0s 4ms/step - loss: 5.6620 - accuracy: 0.1136
Epoch 7/25

1/5 [=====>........................] - ETA: 0s - loss: 5.6579 - accuracy: 0.1250
5/5 [==============================] - 0s 3ms/step - loss: 5.6551 - accuracy: 0.1212
Epoch 8/25

1/5 [=====>........................] - ETA: 0s - loss: 5.6530 - accuracy: 0.1250
5/5 [==============================] - 0s 4ms/step - loss: 5.6478 - accuracy: 0.1061
Epoch 9/25

1/5 [=====>........................] - ETA: 0s - loss: 5.6446 - accuracy: 0.0312
5/5 [==============================] - 0s 4ms/step - loss: 5.6416 - accuracy: 0.0909
Epoch 10/25

1/5 [=====>........................] - ETA: 0s - loss: 5.6382 - accuracy: 0.1562
5/5 [==============================] - 0s 4ms/step - loss: 5.6340 - accuracy: 0.1136
Epoch 11/25

1/5 [=====>........................] - ETA: 0s - loss: 5.6299 - accuracy: 0.0938
5/5 [==============================] - 0s 5ms/step - loss: 5.6270 - accuracy: 0.0909
Epoch 12/25

1/5 [=====>........................] - ETA: 0s - loss: 5.6232 - accuracy: 0.1250
5/5 [==============================] - 0s 4ms/step - loss: 5.6202 - accuracy: 0.1212
Epoch 13/25

1/5 [=====>........................] - ETA: 0s - loss: 5.6154 - accuracy: 0.0625
5/5 [==============================] - 0s 5ms/step - loss: 5.6128 - accuracy: 0.1061
Epoch 14/25

1/5 [=====>........................] - ETA: 0s - loss: 5.6068 - accuracy: 0.0625
5/5 [==============================] - 0s 6ms/step - loss: 5.6062 - accuracy: 0.1136
Epoch 15/25

1/5 [=====>........................] - ETA: 0s - loss: 5.6007 - accuracy: 0.0938
5/5 [==============================] - 0s 5ms/step - loss: 5.5990 - accuracy: 0.1061
Epoch 16/25

1/5 [=====>........................] - ETA: 0s - loss: 5.5941 - accuracy: 0.0938
5/5 [==============================] - 0s 3ms/step - loss: 5.5919 - accuracy: 0.1061
Epoch 17/25

1/5 [=====>........................] - ETA: 0s - loss: 5.5862 - accuracy: 0.1562
5/5 [==============================] - 0s 4ms/step - loss: 5.5850 - accuracy: 0.1061
Epoch 18/25

1/5 [=====>........................] - ETA: 0s - loss: 5.5769 - accuracy: 0.1250
5/5 [==============================] - 0s 4ms/step - loss: 5.5798 - accuracy: 0.0833
Epoch 19/25

1/5 [=====>........................] - ETA: 0s - loss: 5.5756 - accuracy: 0.1875
5/5 [==============================] - 0s 5ms/step - loss: 5.5704 - accuracy: 0.0909
Epoch 20/25

1/5 [=====>........................] - ETA: 0s - loss: 5.5680 - accuracy: 0.0938
5/5 [==============================] - 0s 5ms/step - loss: 5.5648 - accuracy: 0.0833
Epoch 21/25

1/5 [=====>........................] - ETA: 0s - loss: 5.5605 - accuracy: 0.0938
5/5 [==============================] - 0s 4ms/step - loss: 5.5588 - accuracy: 0.0985
Epoch 22/25

1/5 [=====>........................] - ETA: 0s - loss: 5.5546 - accuracy: 0.1250
5/5 [==============================] - 0s 4ms/step - loss: 5.5497 - accuracy: 0.1061
Epoch 23/25

1/5 [=====>........................] - ETA: 0s - loss: 5.5440 - accuracy: 0.2500
5/5 [==============================] - 0s 4ms/step - loss: 5.5468 - accuracy: 0.1061
Epoch 24/25

1/5 [=====>........................] - ETA: 0s - loss: 5.5388 - accuracy: 0.0938
5/5 [==============================] - 0s 5ms/step - loss: 5.5341 - accuracy: 0.0985
Epoch 25/25

1/5 [=====>........................] - ETA: 0s - loss: 5.5282 - accuracy: 0.1875
5/5 [==============================] - 0s 5ms/step - loss: 5.5314 - accuracy: 0.0985
# predict: steps=103
# predict: tnodeembed_metrics
# predict: node2vec_metrics
tnodeembed: {'auc': 0.8901516682803547, 'f1_micro': 0.0, 'f1_macro': 0.0} tNodeEmbed_final_loss=4.275373458862305 tNodeEmbed_final_accuracy=0.15909090638160706 
node2vec: {'auc': 0.8900316046670825, 'f1_micro': 0.0, 'f1_macro': 0.0} node2vec_final_loss=5.531423568725586 node2vec_final_accuracy=0.09848485141992569 
