# load graph
Processing Static file: filename='interactions_with_dates_2005_nodes_4809_edges_10768_component_0.edges'
# initialize tNodeEmbed for dataset=PPI_NC, test_size=0.2
# load dataset
# fit
# tNodeEmbed steps_per_epoch=5
Epoch 1/25

1/5 [=====>........................] - ETA: 3s - loss: 5.7005 - accuracy: 0.1875
5/5 [==============================] - 1s 3ms/step - loss: 5.6854 - accuracy: 0.1742
Epoch 2/25

1/5 [=====>........................] - ETA: 0s - loss: 5.6683 - accuracy: 0.2812
5/5 [==============================] - 0s 4ms/step - loss: 5.6549 - accuracy: 0.2348
Epoch 3/25

1/5 [=====>........................] - ETA: 0s - loss: 5.6173 - accuracy: 0.3125
5/5 [==============================] - 0s 4ms/step - loss: 5.6099 - accuracy: 0.3333
Epoch 4/25

1/5 [=====>........................] - ETA: 0s - loss: 5.6046 - accuracy: 0.2188
5/5 [==============================] - 0s 3ms/step - loss: 5.5720 - accuracy: 0.3636
Epoch 5/25

1/5 [=====>........................] - ETA: 0s - loss: 5.4952 - accuracy: 0.4375
5/5 [==============================] - 0s 3ms/step - loss: 5.5266 - accuracy: 0.3106
Epoch 6/25

1/5 [=====>........................] - ETA: 0s - loss: 5.4349 - accuracy: 0.4062
5/5 [==============================] - 0s 5ms/step - loss: 5.4344 - accuracy: 0.4167
Epoch 7/25

1/5 [=====>........................] - ETA: 0s - loss: 5.4040 - accuracy: 0.3438
5/5 [==============================] - 0s 3ms/step - loss: 5.4001 - accuracy: 0.3333
Epoch 8/25

1/5 [=====>........................] - ETA: 0s - loss: 5.3269 - accuracy: 0.5312
5/5 [==============================] - 0s 3ms/step - loss: 5.2740 - accuracy: 0.3485
Epoch 9/25

1/5 [=====>........................] - ETA: 0s - loss: 5.1854 - accuracy: 0.2812
5/5 [==============================] - 0s 3ms/step - loss: 5.1681 - accuracy: 0.3561
Epoch 10/25

1/5 [=====>........................] - ETA: 0s - loss: 5.1615 - accuracy: 0.1562
5/5 [==============================] - 0s 3ms/step - loss: 5.0112 - accuracy: 0.2955
Epoch 11/25

1/5 [=====>........................] - ETA: 0s - loss: 4.7756 - accuracy: 0.2812
5/5 [==============================] - 0s 3ms/step - loss: 4.8499 - accuracy: 0.2727
Epoch 12/25

1/5 [=====>........................] - ETA: 0s - loss: 5.0609 - accuracy: 0.2812
5/5 [==============================] - 0s 3ms/step - loss: 4.7272 - accuracy: 0.3106
Epoch 13/25

1/5 [=====>........................] - ETA: 0s - loss: 4.5647 - accuracy: 0.1250
5/5 [==============================] - 0s 3ms/step - loss: 4.4510 - accuracy: 0.2803
Epoch 14/25

1/5 [=====>........................] - ETA: 0s - loss: 4.6074 - accuracy: 0.1875
5/5 [==============================] - 0s 3ms/step - loss: 4.4603 - accuracy: 0.2652
Epoch 15/25

1/5 [=====>........................] - ETA: 0s - loss: 4.1869 - accuracy: 0.2188
5/5 [==============================] - 0s 3ms/step - loss: 4.1447 - accuracy: 0.2197
Epoch 16/25

1/5 [=====>........................] - ETA: 0s - loss: 4.2003 - accuracy: 0.3438
5/5 [==============================] - 0s 3ms/step - loss: 4.1886 - accuracy: 0.2727
Epoch 17/25

1/5 [=====>........................] - ETA: 0s - loss: 4.0668 - accuracy: 0.3125
5/5 [==============================] - 0s 3ms/step - loss: 4.0809 - accuracy: 0.2955
Epoch 18/25

1/5 [=====>........................] - ETA: 0s - loss: 3.8422 - accuracy: 0.2500
5/5 [==============================] - 0s 3ms/step - loss: 4.0214 - accuracy: 0.2727
Epoch 19/25

1/5 [=====>........................] - ETA: 0s - loss: 3.8535 - accuracy: 0.0938
5/5 [==============================] - 0s 3ms/step - loss: 3.9059 - accuracy: 0.2348
Epoch 20/25

1/5 [=====>........................] - ETA: 0s - loss: 4.1496 - accuracy: 0.2812
5/5 [==============================] - 0s 3ms/step - loss: 3.7818 - accuracy: 0.3258
Epoch 21/25

1/5 [=====>........................] - ETA: 0s - loss: 3.8294 - accuracy: 0.2188
5/5 [==============================] - 0s 3ms/step - loss: 3.8527 - accuracy: 0.2879
Epoch 22/25

1/5 [=====>........................] - ETA: 0s - loss: 4.0525 - accuracy: 0.2812
5/5 [==============================] - 0s 3ms/step - loss: 3.7857 - accuracy: 0.3333
Epoch 23/25

1/5 [=====>........................] - ETA: 0s - loss: 3.5956 - accuracy: 0.4688
5/5 [==============================] - 0s 2ms/step - loss: 3.5504 - accuracy: 0.3561
Epoch 24/25

1/5 [=====>........................] - ETA: 0s - loss: 3.9433 - accuracy: 0.5000
5/5 [==============================] - 0s 3ms/step - loss: 3.6221 - accuracy: 0.4697
Epoch 25/25

1/5 [=====>........................] - ETA: 0s - loss: 3.4450 - accuracy: 0.5000
5/5 [==============================] - 0s 2ms/step - loss: 3.5215 - accuracy: 0.4773
# node2vec
Epoch 1/25

1/5 [=====>........................] - ETA: 0s - loss: 5.6607 - accuracy: 0.0938
5/5 [==============================] - 0s 2ms/step - loss: 5.6710 - accuracy: 0.0909
Epoch 2/25

1/5 [=====>........................] - ETA: 0s - loss: 5.6127 - accuracy: 0.0625
5/5 [==============================] - 0s 2ms/step - loss: 5.6057 - accuracy: 0.0530
Epoch 3/25

1/5 [=====>........................] - ETA: 0s - loss: 5.5521 - accuracy: 0.1875
5/5 [==============================] - 0s 2ms/step - loss: 5.5218 - accuracy: 0.2045
Epoch 4/25

1/5 [=====>........................] - ETA: 0s - loss: 5.4906 - accuracy: 0.1875
5/5 [==============================] - 0s 3ms/step - loss: 5.4220 - accuracy: 0.1742
Epoch 5/25

1/5 [=====>........................] - ETA: 0s - loss: 5.4321 - accuracy: 0.2500
5/5 [==============================] - 0s 3ms/step - loss: 5.3584 - accuracy: 0.2652
Epoch 6/25

1/5 [=====>........................] - ETA: 0s - loss: 5.2767 - accuracy: 0.2812
5/5 [==============================] - 0s 3ms/step - loss: 5.3238 - accuracy: 0.2576
Epoch 7/25

1/5 [=====>........................] - ETA: 0s - loss: 5.2008 - accuracy: 0.2812
5/5 [==============================] - 0s 2ms/step - loss: 5.2193 - accuracy: 0.2652
Epoch 8/25

1/5 [=====>........................] - ETA: 0s - loss: 5.2614 - accuracy: 0.4062
5/5 [==============================] - 0s 2ms/step - loss: 5.1437 - accuracy: 0.2955
Epoch 9/25

1/5 [=====>........................] - ETA: 0s - loss: 5.0552 - accuracy: 0.3750
5/5 [==============================] - 0s 2ms/step - loss: 5.1216 - accuracy: 0.3333
Epoch 10/25

1/5 [=====>........................] - ETA: 0s - loss: 5.1199 - accuracy: 0.1875
5/5 [==============================] - 0s 2ms/step - loss: 4.9847 - accuracy: 0.3333
Epoch 11/25

1/5 [=====>........................] - ETA: 0s - loss: 4.9098 - accuracy: 0.4375
5/5 [==============================] - 0s 2ms/step - loss: 5.0079 - accuracy: 0.3712
Epoch 12/25

1/5 [=====>........................] - ETA: 0s - loss: 4.9071 - accuracy: 0.4375
5/5 [==============================] - 0s 2ms/step - loss: 4.8629 - accuracy: 0.4242
Epoch 13/25

1/5 [=====>........................] - ETA: 0s - loss: 4.8194 - accuracy: 0.5312
5/5 [==============================] - 0s 2ms/step - loss: 4.7816 - accuracy: 0.4773
Epoch 14/25

1/5 [=====>........................] - ETA: 0s - loss: 5.1444 - accuracy: 0.3125
5/5 [==============================] - 0s 2ms/step - loss: 4.8300 - accuracy: 0.4545
Epoch 15/25

1/5 [=====>........................] - ETA: 0s - loss: 4.6245 - accuracy: 0.4375
5/5 [==============================] - 0s 2ms/step - loss: 4.7367 - accuracy: 0.4773
Epoch 16/25

1/5 [=====>........................] - ETA: 0s - loss: 4.8503 - accuracy: 0.3438
5/5 [==============================] - 0s 2ms/step - loss: 4.6126 - accuracy: 0.5152
Epoch 17/25

1/5 [=====>........................] - ETA: 0s - loss: 4.5579 - accuracy: 0.5625
5/5 [==============================] - 0s 2ms/step - loss: 4.6011 - accuracy: 0.5000
Epoch 18/25

1/5 [=====>........................] - ETA: 0s - loss: 4.6224 - accuracy: 0.4688
5/5 [==============================] - 0s 2ms/step - loss: 4.5703 - accuracy: 0.5303
Epoch 19/25

1/5 [=====>........................] - ETA: 0s - loss: 4.5181 - accuracy: 0.5312
5/5 [==============================] - 0s 2ms/step - loss: 4.5121 - accuracy: 0.5227
Epoch 20/25

1/5 [=====>........................] - ETA: 0s - loss: 4.2965 - accuracy: 0.5938
5/5 [==============================] - 0s 2ms/step - loss: 4.4135 - accuracy: 0.5833
Epoch 21/25

1/5 [=====>........................] - ETA: 0s - loss: 4.6418 - accuracy: 0.5312
5/5 [==============================] - 0s 2ms/step - loss: 4.4314 - accuracy: 0.5303
Epoch 22/25

1/5 [=====>........................] - ETA: 0s - loss: 4.1364 - accuracy: 0.7812
5/5 [==============================] - 0s 2ms/step - loss: 4.2528 - accuracy: 0.6591
Epoch 23/25

1/5 [=====>........................] - ETA: 0s - loss: 4.3196 - accuracy: 0.6562
5/5 [==============================] - 0s 2ms/step - loss: 4.4486 - accuracy: 0.5379
Epoch 24/25

1/5 [=====>........................] - ETA: 0s - loss: 4.2516 - accuracy: 0.5938
5/5 [==============================] - 0s 2ms/step - loss: 4.2032 - accuracy: 0.6212
Epoch 25/25

1/5 [=====>........................] - ETA: 0s - loss: 4.3988 - accuracy: 0.5000
5/5 [==============================] - 0s 2ms/step - loss: 4.2510 - accuracy: 0.5455
# predict: steps=103
# predict: tnodeembed_metrics
# predict: node2vec_metrics
tnodeembed: {'auc': 0.8722248902199452, 'f1_micro': 0.0, 'f1_macro': 0.0} tNodeEmbed_final_loss=3.521547317504883 tNodeEmbed_final_accuracy=0.47727271914482117 
node2vec: {'auc': 0.8655110730243898, 'f1_micro': 0.0, 'f1_macro': 0.0} node2vec_final_loss=4.250970840454102 node2vec_final_accuracy=0.5454545617103577 
