# load graph
Processing Static file: filename='interactions_with_dates_1992_nodes_33_edges_36_component_0.edges'
# initialize tNodeEmbed for dataset=PPI_NC, test_size=0.2
# load dataset
# fit
# tNodeEmbed steps_per_epoch=5
Epoch 1/25

1/5 [=====>........................] - ETA: 10s - loss: 5.7004 - accuracy: 0.2188
5/5 [==============================] - 3s 7ms/step - loss: 5.6969 - accuracy: 0.2348
Epoch 2/25

1/5 [=====>........................] - ETA: 0s - loss: 5.6829 - accuracy: 0.2500
5/5 [==============================] - 0s 6ms/step - loss: 5.6846 - accuracy: 0.2576
Epoch 3/25

1/5 [=====>........................] - ETA: 0s - loss: 5.6823 - accuracy: 0.1250
5/5 [==============================] - 0s 7ms/step - loss: 5.6715 - accuracy: 0.2045
Epoch 4/25

1/5 [=====>........................] - ETA: 0s - loss: 5.6664 - accuracy: 0.2500
5/5 [==============================] - 0s 6ms/step - loss: 5.6536 - accuracy: 0.2348
Epoch 5/25

1/5 [=====>........................] - ETA: 0s - loss: 5.6549 - accuracy: 0.2500
5/5 [==============================] - 0s 7ms/step - loss: 5.6358 - accuracy: 0.2652
Epoch 6/25

1/5 [=====>........................] - ETA: 0s - loss: 5.6440 - accuracy: 0.1875
5/5 [==============================] - 0s 7ms/step - loss: 5.6236 - accuracy: 0.2424
Epoch 7/25

1/5 [=====>........................] - ETA: 0s - loss: 5.6171 - accuracy: 0.2500
5/5 [==============================] - 0s 6ms/step - loss: 5.5958 - accuracy: 0.2197
Epoch 8/25

1/5 [=====>........................] - ETA: 0s - loss: 5.5659 - accuracy: 0.1250
5/5 [==============================] - 0s 5ms/step - loss: 5.5672 - accuracy: 0.2273
Epoch 9/25

1/5 [=====>........................] - ETA: 0s - loss: 5.5720 - accuracy: 0.2500
5/5 [==============================] - 0s 6ms/step - loss: 5.5302 - accuracy: 0.2652
Epoch 10/25

1/5 [=====>........................] - ETA: 0s - loss: 5.5031 - accuracy: 0.2500
5/5 [==============================] - 0s 5ms/step - loss: 5.4824 - accuracy: 0.2348
Epoch 11/25

1/5 [=====>........................] - ETA: 0s - loss: 5.5224 - accuracy: 0.1562
5/5 [==============================] - 0s 5ms/step - loss: 5.4590 - accuracy: 0.2652
Epoch 12/25

1/5 [=====>........................] - ETA: 0s - loss: 5.3131 - accuracy: 0.3125
5/5 [==============================] - 0s 8ms/step - loss: 5.3604 - accuracy: 0.2348
Epoch 13/25

1/5 [=====>........................] - ETA: 0s - loss: 5.3212 - accuracy: 0.3438
5/5 [==============================] - 0s 6ms/step - loss: 5.3395 - accuracy: 0.2273
Epoch 14/25

1/5 [=====>........................] - ETA: 0s - loss: 5.3641 - accuracy: 0.2188
5/5 [==============================] - 0s 4ms/step - loss: 5.2997 - accuracy: 0.2273
Epoch 15/25

1/5 [=====>........................] - ETA: 0s - loss: 5.2137 - accuracy: 0.1562
5/5 [==============================] - 0s 4ms/step - loss: 5.2259 - accuracy: 0.2500
Epoch 16/25

1/5 [=====>........................] - ETA: 0s - loss: 5.2050 - accuracy: 0.3438
5/5 [==============================] - 0s 7ms/step - loss: 5.1060 - accuracy: 0.2348
Epoch 17/25

1/5 [=====>........................] - ETA: 0s - loss: 5.0701 - accuracy: 0.2500
5/5 [==============================] - 0s 6ms/step - loss: 5.0312 - accuracy: 0.3030
Epoch 18/25

1/5 [=====>........................] - ETA: 0s - loss: 5.1350 - accuracy: 0.0938
5/5 [==============================] - 0s 6ms/step - loss: 4.9452 - accuracy: 0.1970
Epoch 19/25

1/5 [=====>........................] - ETA: 0s - loss: 4.9889 - accuracy: 0.2812
5/5 [==============================] - 0s 9ms/step - loss: 4.8726 - accuracy: 0.2576
Epoch 20/25

1/5 [=====>........................] - ETA: 0s - loss: 4.7247 - accuracy: 0.3438
5/5 [==============================] - 0s 8ms/step - loss: 4.8436 - accuracy: 0.2197
Epoch 21/25

1/5 [=====>........................] - ETA: 0s - loss: 4.6893 - accuracy: 0.2500
5/5 [==============================] - 0s 8ms/step - loss: 4.6825 - accuracy: 0.2652
Epoch 22/25

1/5 [=====>........................] - ETA: 0s - loss: 4.6655 - accuracy: 0.3125
5/5 [==============================] - 0s 10ms/step - loss: 4.5187 - accuracy: 0.2348
Epoch 23/25

1/5 [=====>........................] - ETA: 0s - loss: 4.5667 - accuracy: 0.2500
5/5 [==============================] - 0s 10ms/step - loss: 4.5301 - accuracy: 0.2424
Epoch 24/25

1/5 [=====>........................] - ETA: 0s - loss: 4.3637 - accuracy: 0.3438
5/5 [==============================] - 0s 7ms/step - loss: 4.3293 - accuracy: 0.2424
Epoch 25/25

1/5 [=====>........................] - ETA: 0s - loss: 4.4252 - accuracy: 0.1562
5/5 [==============================] - 0s 8ms/step - loss: 4.2498 - accuracy: 0.2121
# node2vec
Epoch 1/25

1/5 [=====>........................] - ETA: 2s - loss: 5.6906 - accuracy: 0.1875
5/5 [==============================] - 1s 5ms/step - loss: 5.6952 - accuracy: 0.1591
Epoch 2/25

1/5 [=====>........................] - ETA: 0s - loss: 5.6796 - accuracy: 0.2188
5/5 [==============================] - 0s 5ms/step - loss: 5.6783 - accuracy: 0.2197
Epoch 3/25

1/5 [=====>........................] - ETA: 0s - loss: 5.6667 - accuracy: 0.2812
5/5 [==============================] - 0s 6ms/step - loss: 5.6789 - accuracy: 0.2348
Epoch 4/25

1/5 [=====>........................] - ETA: 0s - loss: 5.6621 - accuracy: 0.2812
5/5 [==============================] - 0s 6ms/step - loss: 5.6576 - accuracy: 0.2273
Epoch 5/25

1/5 [=====>........................] - ETA: 0s - loss: 5.6728 - accuracy: 0.2812
5/5 [==============================] - 0s 5ms/step - loss: 5.6506 - accuracy: 0.2121
Epoch 6/25

1/5 [=====>........................] - ETA: 0s - loss: 5.6326 - accuracy: 0.2188
5/5 [==============================] - 0s 5ms/step - loss: 5.6483 - accuracy: 0.2576
Epoch 7/25

1/5 [=====>........................] - ETA: 0s - loss: 5.6292 - accuracy: 0.2188
5/5 [==============================] - 0s 4ms/step - loss: 5.6320 - accuracy: 0.2500
Epoch 8/25

1/5 [=====>........................] - ETA: 0s - loss: 5.6161 - accuracy: 0.1250
5/5 [==============================] - 0s 5ms/step - loss: 5.6117 - accuracy: 0.2121
Epoch 9/25

1/5 [=====>........................] - ETA: 0s - loss: 5.6450 - accuracy: 0.1250
5/5 [==============================] - 0s 5ms/step - loss: 5.6021 - accuracy: 0.2727
Epoch 10/25

1/5 [=====>........................] - ETA: 0s - loss: 5.6386 - accuracy: 0.1250
5/5 [==============================] - 0s 4ms/step - loss: 5.6024 - accuracy: 0.2045
Epoch 11/25

1/5 [=====>........................] - ETA: 0s - loss: 5.6309 - accuracy: 0.2500
5/5 [==============================] - 0s 5ms/step - loss: 5.5921 - accuracy: 0.2576
Epoch 12/25

1/5 [=====>........................] - ETA: 0s - loss: 5.5696 - accuracy: 0.3125
5/5 [==============================] - 0s 5ms/step - loss: 5.6068 - accuracy: 0.2273
Epoch 13/25

1/5 [=====>........................] - ETA: 0s - loss: 5.5620 - accuracy: 0.2812
5/5 [==============================] - 0s 6ms/step - loss: 5.5753 - accuracy: 0.2652
Epoch 14/25

1/5 [=====>........................] - ETA: 0s - loss: 5.4944 - accuracy: 0.2812
5/5 [==============================] - 0s 6ms/step - loss: 5.5640 - accuracy: 0.2197
Epoch 15/25

1/5 [=====>........................] - ETA: 0s - loss: 5.4743 - accuracy: 0.3125
5/5 [==============================] - 0s 4ms/step - loss: 5.5390 - accuracy: 0.2500
Epoch 16/25

1/5 [=====>........................] - ETA: 0s - loss: 5.5968 - accuracy: 0.2500
5/5 [==============================] - 0s 6ms/step - loss: 5.5588 - accuracy: 0.2273
Epoch 17/25

1/5 [=====>........................] - ETA: 0s - loss: 5.5216 - accuracy: 0.2812
5/5 [==============================] - 0s 5ms/step - loss: 5.5338 - accuracy: 0.2652
Epoch 18/25

1/5 [=====>........................] - ETA: 0s - loss: 5.5786 - accuracy: 0.2500
5/5 [==============================] - 0s 5ms/step - loss: 5.4874 - accuracy: 0.2121
Epoch 19/25

1/5 [=====>........................] - ETA: 0s - loss: 5.4995 - accuracy: 0.3750
5/5 [==============================] - 0s 5ms/step - loss: 5.5522 - accuracy: 0.2955
Epoch 20/25

1/5 [=====>........................] - ETA: 0s - loss: 5.5629 - accuracy: 0.2812
5/5 [==============================] - 0s 5ms/step - loss: 5.5083 - accuracy: 0.1894
Epoch 21/25

1/5 [=====>........................] - ETA: 0s - loss: 5.3931 - accuracy: 0.2812
5/5 [==============================] - 0s 4ms/step - loss: 5.4753 - accuracy: 0.2803
Epoch 22/25

1/5 [=====>........................] - ETA: 0s - loss: 5.5553 - accuracy: 0.2500
5/5 [==============================] - 0s 5ms/step - loss: 5.5104 - accuracy: 0.2273
Epoch 23/25

1/5 [=====>........................] - ETA: 0s - loss: 5.5530 - accuracy: 0.1875
5/5 [==============================] - 0s 5ms/step - loss: 5.4535 - accuracy: 0.2652
Epoch 24/25

1/5 [=====>........................] - ETA: 0s - loss: 5.4544 - accuracy: 0.2188
5/5 [==============================] - 0s 5ms/step - loss: 5.4936 - accuracy: 0.2273
Epoch 25/25

1/5 [=====>........................] - ETA: 0s - loss: 5.5279 - accuracy: 0.2188
5/5 [==============================] - 0s 4ms/step - loss: 5.4608 - accuracy: 0.2500
# predict: steps=103
# predict: tnodeembed_metrics
# predict: node2vec_metrics
tnodeembed: {'auc': 0.8892457223855039, 'f1_micro': 0.0017740981667652275, 'f1_macro': 0.0001824262693827911} tNodeEmbed_final_loss=4.249847412109375 tNodeEmbed_final_accuracy=0.21212121844291687 
node2vec: {'auc': 0.8822029247090681, 'f1_micro': 0.0, 'f1_macro': 0.0} node2vec_final_loss=5.460790634155273 node2vec_final_accuracy=0.25 
