# load graph
Processing Static file: filename='interactions_with_dates_2003_nodes_1955_edges_2962_component_0.edges'
# initialize tNodeEmbed for dataset=PPI_NC, test_size=0.2
# load dataset
# fit
# tNodeEmbed steps_per_epoch=5
Epoch 1/25

1/5 [=====>........................] - ETA: 3s - loss: 5.7025 - accuracy: 0.1875
5/5 [==============================] - 1s 3ms/step - loss: 5.6930 - accuracy: 0.1742
Epoch 2/25

1/5 [=====>........................] - ETA: 0s - loss: 5.6617 - accuracy: 0.2812
5/5 [==============================] - 0s 3ms/step - loss: 5.6626 - accuracy: 0.2727
Epoch 3/25

1/5 [=====>........................] - ETA: 0s - loss: 5.6520 - accuracy: 0.2188
5/5 [==============================] - 0s 3ms/step - loss: 5.6331 - accuracy: 0.2652
Epoch 4/25

1/5 [=====>........................] - ETA: 0s - loss: 5.6068 - accuracy: 0.2812
5/5 [==============================] - 0s 3ms/step - loss: 5.5871 - accuracy: 0.3106
Epoch 5/25

1/5 [=====>........................] - ETA: 0s - loss: 5.5531 - accuracy: 0.3125
5/5 [==============================] - 0s 6ms/step - loss: 5.5197 - accuracy: 0.3106
Epoch 6/25

1/5 [=====>........................] - ETA: 0s - loss: 5.4955 - accuracy: 0.2500
5/5 [==============================] - 0s 3ms/step - loss: 5.4848 - accuracy: 0.3258
Epoch 7/25

1/5 [=====>........................] - ETA: 0s - loss: 5.4090 - accuracy: 0.3750
5/5 [==============================] - 0s 3ms/step - loss: 5.3691 - accuracy: 0.3030
Epoch 8/25

1/5 [=====>........................] - ETA: 0s - loss: 5.2622 - accuracy: 0.3438
5/5 [==============================] - 0s 3ms/step - loss: 5.3014 - accuracy: 0.3030
Epoch 9/25

1/5 [=====>........................] - ETA: 0s - loss: 5.2793 - accuracy: 0.2812
5/5 [==============================] - 0s 3ms/step - loss: 5.1904 - accuracy: 0.2879
Epoch 10/25

1/5 [=====>........................] - ETA: 0s - loss: 5.1781 - accuracy: 0.3125
5/5 [==============================] - 0s 3ms/step - loss: 5.0159 - accuracy: 0.2803
Epoch 11/25

1/5 [=====>........................] - ETA: 0s - loss: 5.0335 - accuracy: 0.1875
5/5 [==============================] - 0s 3ms/step - loss: 4.9364 - accuracy: 0.2576
Epoch 12/25

1/5 [=====>........................] - ETA: 0s - loss: 4.9921 - accuracy: 0.1875
5/5 [==============================] - 0s 3ms/step - loss: 4.7304 - accuracy: 0.2727
Epoch 13/25

1/5 [=====>........................] - ETA: 0s - loss: 4.8163 - accuracy: 0.2188
5/5 [==============================] - 0s 3ms/step - loss: 4.5824 - accuracy: 0.2803
Epoch 14/25

1/5 [=====>........................] - ETA: 0s - loss: 4.5631 - accuracy: 0.1875
5/5 [==============================] - 0s 3ms/step - loss: 4.6168 - accuracy: 0.2121
Epoch 15/25

1/5 [=====>........................] - ETA: 0s - loss: 4.2248 - accuracy: 0.2500
5/5 [==============================] - 0s 3ms/step - loss: 4.2975 - accuracy: 0.2424
Epoch 16/25

1/5 [=====>........................] - ETA: 0s - loss: 4.9213 - accuracy: 0.3438
5/5 [==============================] - 0s 3ms/step - loss: 4.4430 - accuracy: 0.2955
Epoch 17/25

1/5 [=====>........................] - ETA: 0s - loss: 4.1188 - accuracy: 0.1250
5/5 [==============================] - 0s 3ms/step - loss: 4.3696 - accuracy: 0.2348
Epoch 18/25

1/5 [=====>........................] - ETA: 0s - loss: 3.9378 - accuracy: 0.2500
5/5 [==============================] - 0s 3ms/step - loss: 4.3225 - accuracy: 0.2424
Epoch 19/25

1/5 [=====>........................] - ETA: 0s - loss: 4.1328 - accuracy: 0.3438
5/5 [==============================] - 0s 3ms/step - loss: 4.1269 - accuracy: 0.2576
Epoch 20/25

1/5 [=====>........................] - ETA: 0s - loss: 3.8512 - accuracy: 0.4375
5/5 [==============================] - 0s 3ms/step - loss: 4.2641 - accuracy: 0.2955
Epoch 21/25

1/5 [=====>........................] - ETA: 0s - loss: 3.9561 - accuracy: 0.2812
5/5 [==============================] - 0s 3ms/step - loss: 4.0097 - accuracy: 0.2803
Epoch 22/25

1/5 [=====>........................] - ETA: 0s - loss: 4.1033 - accuracy: 0.3125
5/5 [==============================] - 0s 3ms/step - loss: 3.9343 - accuracy: 0.3106
Epoch 23/25

1/5 [=====>........................] - ETA: 0s - loss: 3.8325 - accuracy: 0.3750
5/5 [==============================] - 0s 3ms/step - loss: 3.9540 - accuracy: 0.4167
Epoch 24/25

1/5 [=====>........................] - ETA: 0s - loss: 4.0416 - accuracy: 0.2188
5/5 [==============================] - 0s 3ms/step - loss: 4.0351 - accuracy: 0.3561
Epoch 25/25

1/5 [=====>........................] - ETA: 0s - loss: 3.9195 - accuracy: 0.4375
5/5 [==============================] - 0s 3ms/step - loss: 3.8107 - accuracy: 0.4394
# node2vec
Epoch 1/25

1/5 [=====>........................] - ETA: 0s - loss: 5.6880 - accuracy: 0.2188
5/5 [==============================] - 0s 2ms/step - loss: 5.7040 - accuracy: 0.0909
Epoch 2/25

1/5 [=====>........................] - ETA: 0s - loss: 5.6829 - accuracy: 0.0312
5/5 [==============================] - 0s 1ms/step - loss: 5.6598 - accuracy: 0.0985
Epoch 3/25

1/5 [=====>........................] - ETA: 0s - loss: 5.6565 - accuracy: 0.1875
5/5 [==============================] - 0s 2ms/step - loss: 5.6092 - accuracy: 0.2045
Epoch 4/25

1/5 [=====>........................] - ETA: 0s - loss: 5.4279 - accuracy: 0.2500
5/5 [==============================] - 0s 2ms/step - loss: 5.5122 - accuracy: 0.2424
Epoch 5/25

1/5 [=====>........................] - ETA: 0s - loss: 5.4234 - accuracy: 0.2500
5/5 [==============================] - 0s 2ms/step - loss: 5.4606 - accuracy: 0.2348
Epoch 6/25

1/5 [=====>........................] - ETA: 0s - loss: 5.4105 - accuracy: 0.2188
5/5 [==============================] - 0s 2ms/step - loss: 5.4129 - accuracy: 0.2576
Epoch 7/25

1/5 [=====>........................] - ETA: 0s - loss: 5.3890 - accuracy: 0.2812
5/5 [==============================] - 0s 2ms/step - loss: 5.3129 - accuracy: 0.2955
Epoch 8/25

1/5 [=====>........................] - ETA: 0s - loss: 5.3537 - accuracy: 0.3438
5/5 [==============================] - 0s 2ms/step - loss: 5.3004 - accuracy: 0.3258
Epoch 9/25

1/5 [=====>........................] - ETA: 0s - loss: 5.2591 - accuracy: 0.2500
5/5 [==============================] - 0s 2ms/step - loss: 5.1935 - accuracy: 0.3030
Epoch 10/25

1/5 [=====>........................] - ETA: 0s - loss: 5.0143 - accuracy: 0.2812
5/5 [==============================] - 0s 2ms/step - loss: 5.2152 - accuracy: 0.3182
Epoch 11/25

1/5 [=====>........................] - ETA: 0s - loss: 5.0774 - accuracy: 0.3750
5/5 [==============================] - 0s 2ms/step - loss: 5.1250 - accuracy: 0.3258
Epoch 12/25

1/5 [=====>........................] - ETA: 0s - loss: 4.8961 - accuracy: 0.5000
5/5 [==============================] - 0s 2ms/step - loss: 5.0501 - accuracy: 0.3636
Epoch 13/25

1/5 [=====>........................] - ETA: 0s - loss: 5.2391 - accuracy: 0.3438
5/5 [==============================] - 0s 1ms/step - loss: 5.0277 - accuracy: 0.3712
Epoch 14/25

1/5 [=====>........................] - ETA: 0s - loss: 4.9969 - accuracy: 0.3750
5/5 [==============================] - 0s 2ms/step - loss: 4.9666 - accuracy: 0.3864
Epoch 15/25

1/5 [=====>........................] - ETA: 0s - loss: 4.9985 - accuracy: 0.4688
5/5 [==============================] - 0s 2ms/step - loss: 4.9507 - accuracy: 0.3939
Epoch 16/25

1/5 [=====>........................] - ETA: 0s - loss: 4.9235 - accuracy: 0.4375
5/5 [==============================] - 0s 2ms/step - loss: 4.8405 - accuracy: 0.3788
Epoch 17/25

1/5 [=====>........................] - ETA: 0s - loss: 4.7733 - accuracy: 0.4375
5/5 [==============================] - 0s 2ms/step - loss: 4.7887 - accuracy: 0.4242
Epoch 18/25

1/5 [=====>........................] - ETA: 0s - loss: 5.0636 - accuracy: 0.5312
5/5 [==============================] - 0s 2ms/step - loss: 4.8670 - accuracy: 0.4470
Epoch 19/25

1/5 [=====>........................] - ETA: 0s - loss: 4.7006 - accuracy: 0.3750
5/5 [==============================] - 0s 2ms/step - loss: 4.7902 - accuracy: 0.4318
Epoch 20/25

1/5 [=====>........................] - ETA: 0s - loss: 4.7733 - accuracy: 0.5000
5/5 [==============================] - 0s 2ms/step - loss: 4.6735 - accuracy: 0.4773
Epoch 21/25

1/5 [=====>........................] - ETA: 0s - loss: 4.3942 - accuracy: 0.5000
5/5 [==============================] - 0s 2ms/step - loss: 4.6352 - accuracy: 0.5000
Epoch 22/25

1/5 [=====>........................] - ETA: 0s - loss: 4.6995 - accuracy: 0.4688
5/5 [==============================] - 0s 2ms/step - loss: 4.5756 - accuracy: 0.5000
Epoch 23/25

1/5 [=====>........................] - ETA: 0s - loss: 4.6131 - accuracy: 0.5000
5/5 [==============================] - 0s 2ms/step - loss: 4.5859 - accuracy: 0.4924
Epoch 24/25

1/5 [=====>........................] - ETA: 0s - loss: 4.9346 - accuracy: 0.3750
5/5 [==============================] - 0s 2ms/step - loss: 4.7068 - accuracy: 0.4697
Epoch 25/25

1/5 [=====>........................] - ETA: 0s - loss: 4.4242 - accuracy: 0.4688
5/5 [==============================] - 0s 2ms/step - loss: 4.4217 - accuracy: 0.5455
# predict: steps=103
# predict: tnodeembed_metrics
# predict: node2vec_metrics
tnodeembed: {'auc': 0.8415511510367, 'f1_micro': 0.0, 'f1_macro': 0.0} tNodeEmbed_final_loss=3.8107359409332275 tNodeEmbed_final_accuracy=0.43939393758773804 
node2vec: {'auc': 0.8243653530159688, 'f1_micro': 0.0, 'f1_macro': 0.0} node2vec_final_loss=4.421659469604492 node2vec_final_accuracy=0.5454545617103577 
