# load graph
Processing Static file: filename='interactions_with_dates_1988_nodes_6_edges_5_component_0.edges'
# initialize tNodeEmbed for dataset=PPI_NC, test_size=0.2
# load dataset
# fit
# tNodeEmbed steps_per_epoch=5
Epoch 1/25

1/5 [=====>........................] - ETA: 11s - loss: 5.7004 - accuracy: 0.1875
5/5 [==============================] - 3s 4ms/step - loss: 5.6956 - accuracy: 0.2348
Epoch 2/25

1/5 [=====>........................] - ETA: 0s - loss: 5.6864 - accuracy: 0.2188
5/5 [==============================] - 0s 4ms/step - loss: 5.6866 - accuracy: 0.2045
Epoch 3/25

1/5 [=====>........................] - ETA: 0s - loss: 5.6719 - accuracy: 0.1250
5/5 [==============================] - 0s 5ms/step - loss: 5.6703 - accuracy: 0.2045
Epoch 4/25

1/5 [=====>........................] - ETA: 0s - loss: 5.6567 - accuracy: 0.1875
5/5 [==============================] - 0s 4ms/step - loss: 5.6511 - accuracy: 0.2197
Epoch 5/25

1/5 [=====>........................] - ETA: 0s - loss: 5.6542 - accuracy: 0.2812
5/5 [==============================] - 0s 5ms/step - loss: 5.6399 - accuracy: 0.2348
Epoch 6/25

1/5 [=====>........................] - ETA: 0s - loss: 5.6173 - accuracy: 0.1875
5/5 [==============================] - 0s 5ms/step - loss: 5.6148 - accuracy: 0.2348
Epoch 7/25

1/5 [=====>........................] - ETA: 0s - loss: 5.6232 - accuracy: 0.2188
5/5 [==============================] - 0s 4ms/step - loss: 5.5891 - accuracy: 0.1742
Epoch 8/25

1/5 [=====>........................] - ETA: 0s - loss: 5.6043 - accuracy: 0.1875
5/5 [==============================] - 0s 5ms/step - loss: 5.5666 - accuracy: 0.2197
Epoch 9/25

1/5 [=====>........................] - ETA: 0s - loss: 5.5272 - accuracy: 0.2812
5/5 [==============================] - 0s 5ms/step - loss: 5.5428 - accuracy: 0.2424
Epoch 10/25

1/5 [=====>........................] - ETA: 0s - loss: 5.5133 - accuracy: 0.1562
5/5 [==============================] - 0s 5ms/step - loss: 5.5047 - accuracy: 0.1894
Epoch 11/25

1/5 [=====>........................] - ETA: 0s - loss: 5.5320 - accuracy: 0.2188
5/5 [==============================] - 0s 4ms/step - loss: 5.4441 - accuracy: 0.2576
Epoch 12/25

1/5 [=====>........................] - ETA: 0s - loss: 5.4081 - accuracy: 0.2188
5/5 [==============================] - 0s 5ms/step - loss: 5.4336 - accuracy: 0.1894
Epoch 13/25

1/5 [=====>........................] - ETA: 0s - loss: 5.3396 - accuracy: 0.2188
5/5 [==============================] - 0s 4ms/step - loss: 5.3454 - accuracy: 0.2424
Epoch 14/25

1/5 [=====>........................] - ETA: 0s - loss: 5.3843 - accuracy: 0.2812
5/5 [==============================] - 0s 4ms/step - loss: 5.3035 - accuracy: 0.2197
Epoch 15/25

1/5 [=====>........................] - ETA: 0s - loss: 5.3320 - accuracy: 0.1875
5/5 [==============================] - 0s 4ms/step - loss: 5.2489 - accuracy: 0.1970
Epoch 16/25

1/5 [=====>........................] - ETA: 0s - loss: 5.1879 - accuracy: 0.2188
5/5 [==============================] - 0s 4ms/step - loss: 5.2052 - accuracy: 0.2273
Epoch 17/25

1/5 [=====>........................] - ETA: 0s - loss: 5.1387 - accuracy: 0.1562
5/5 [==============================] - 0s 4ms/step - loss: 5.0848 - accuracy: 0.2348
Epoch 18/25

1/5 [=====>........................] - ETA: 0s - loss: 5.0213 - accuracy: 0.2500
5/5 [==============================] - 0s 4ms/step - loss: 4.9966 - accuracy: 0.2197
Epoch 19/25

1/5 [=====>........................] - ETA: 0s - loss: 5.0644 - accuracy: 0.1875
5/5 [==============================] - 0s 4ms/step - loss: 4.9515 - accuracy: 0.1970
Epoch 20/25

1/5 [=====>........................] - ETA: 0s - loss: 4.8454 - accuracy: 0.2500
5/5 [==============================] - 0s 4ms/step - loss: 4.8444 - accuracy: 0.2500
Epoch 21/25

1/5 [=====>........................] - ETA: 0s - loss: 4.9125 - accuracy: 0.2188
5/5 [==============================] - 0s 4ms/step - loss: 4.8133 - accuracy: 0.1894
Epoch 22/25

1/5 [=====>........................] - ETA: 0s - loss: 4.6110 - accuracy: 0.3438
5/5 [==============================] - 0s 4ms/step - loss: 4.7167 - accuracy: 0.2121
Epoch 23/25

1/5 [=====>........................] - ETA: 0s - loss: 4.6051 - accuracy: 0.1875
5/5 [==============================] - 0s 4ms/step - loss: 4.5586 - accuracy: 0.2273
Epoch 24/25

1/5 [=====>........................] - ETA: 0s - loss: 4.5191 - accuracy: 0.1875
5/5 [==============================] - 0s 4ms/step - loss: 4.4781 - accuracy: 0.2273
Epoch 25/25

1/5 [=====>........................] - ETA: 0s - loss: 4.2809 - accuracy: 0.3438
5/5 [==============================] - 0s 4ms/step - loss: 4.3622 - accuracy: 0.2197
# node2vec
Epoch 1/25

1/5 [=====>........................] - ETA: 2s - loss: 5.7004 - accuracy: 0.1562
5/5 [==============================] - 1s 6ms/step - loss: 5.6942 - accuracy: 0.1667
Epoch 2/25

1/5 [=====>........................] - ETA: 0s - loss: 5.6933 - accuracy: 0.1875
5/5 [==============================] - 0s 5ms/step - loss: 5.6924 - accuracy: 0.1742
Epoch 3/25

1/5 [=====>........................] - ETA: 0s - loss: 5.6865 - accuracy: 0.2500
5/5 [==============================] - 0s 4ms/step - loss: 5.6819 - accuracy: 0.2348
Epoch 4/25

1/5 [=====>........................] - ETA: 0s - loss: 5.6776 - accuracy: 0.2500
5/5 [==============================] - 0s 3ms/step - loss: 5.6704 - accuracy: 0.2424
Epoch 5/25

1/5 [=====>........................] - ETA: 0s - loss: 5.6438 - accuracy: 0.2188
5/5 [==============================] - 0s 4ms/step - loss: 5.6567 - accuracy: 0.1742
Epoch 6/25

1/5 [=====>........................] - ETA: 0s - loss: 5.6654 - accuracy: 0.1875
5/5 [==============================] - 0s 4ms/step - loss: 5.6461 - accuracy: 0.2273
Epoch 7/25

1/5 [=====>........................] - ETA: 0s - loss: 5.6304 - accuracy: 0.1875
5/5 [==============================] - 0s 4ms/step - loss: 5.6354 - accuracy: 0.1742
Epoch 8/25

1/5 [=====>........................] - ETA: 0s - loss: 5.6204 - accuracy: 0.1875
5/5 [==============================] - 0s 4ms/step - loss: 5.6243 - accuracy: 0.2273
Epoch 9/25

1/5 [=====>........................] - ETA: 0s - loss: 5.6438 - accuracy: 0.1875
5/5 [==============================] - 0s 4ms/step - loss: 5.6139 - accuracy: 0.2424
Epoch 10/25

1/5 [=====>........................] - ETA: 0s - loss: 5.6398 - accuracy: 0.0938
5/5 [==============================] - 0s 3ms/step - loss: 5.5928 - accuracy: 0.1894
Epoch 11/25

1/5 [=====>........................] - ETA: 0s - loss: 5.6331 - accuracy: 0.1562
5/5 [==============================] - 0s 3ms/step - loss: 5.5917 - accuracy: 0.2424
Epoch 12/25

1/5 [=====>........................] - ETA: 0s - loss: 5.6234 - accuracy: 0.2812
5/5 [==============================] - 0s 3ms/step - loss: 5.5631 - accuracy: 0.1970
Epoch 13/25

1/5 [=====>........................] - ETA: 0s - loss: 5.5642 - accuracy: 0.3125
5/5 [==============================] - 0s 3ms/step - loss: 5.6018 - accuracy: 0.2197
Epoch 14/25

1/5 [=====>........................] - ETA: 0s - loss: 5.5543 - accuracy: 0.1250
5/5 [==============================] - 0s 3ms/step - loss: 5.5612 - accuracy: 0.2424
Epoch 15/25

1/5 [=====>........................] - ETA: 0s - loss: 5.4685 - accuracy: 0.2812
5/5 [==============================] - 0s 3ms/step - loss: 5.5524 - accuracy: 0.2121
Epoch 16/25

1/5 [=====>........................] - ETA: 0s - loss: 5.5347 - accuracy: 0.1875
5/5 [==============================] - 0s 3ms/step - loss: 5.5441 - accuracy: 0.2121
Epoch 17/25

1/5 [=====>........................] - ETA: 0s - loss: 5.5054 - accuracy: 0.3125
5/5 [==============================] - 0s 4ms/step - loss: 5.5139 - accuracy: 0.2348
Epoch 18/25

1/5 [=====>........................] - ETA: 0s - loss: 5.5044 - accuracy: 0.2500
5/5 [==============================] - 0s 3ms/step - loss: 5.5058 - accuracy: 0.2045
Epoch 19/25

1/5 [=====>........................] - ETA: 0s - loss: 5.5763 - accuracy: 0.1875
5/5 [==============================] - 0s 3ms/step - loss: 5.5172 - accuracy: 0.2273
Epoch 20/25

1/5 [=====>........................] - ETA: 0s - loss: 5.5639 - accuracy: 0.2500
5/5 [==============================] - 0s 3ms/step - loss: 5.5472 - accuracy: 0.1970
Epoch 21/25

1/5 [=====>........................] - ETA: 0s - loss: 5.3945 - accuracy: 0.2500
5/5 [==============================] - 0s 3ms/step - loss: 5.4773 - accuracy: 0.2424
Epoch 22/25

1/5 [=====>........................] - ETA: 0s - loss: 5.5547 - accuracy: 0.2500
5/5 [==============================] - 0s 5ms/step - loss: 5.4901 - accuracy: 0.2273
Epoch 23/25

1/5 [=====>........................] - ETA: 0s - loss: 5.3716 - accuracy: 0.2500
5/5 [==============================] - 0s 3ms/step - loss: 5.4563 - accuracy: 0.2197
Epoch 24/25

1/5 [=====>........................] - ETA: 0s - loss: 5.5415 - accuracy: 0.2500
5/5 [==============================] - 0s 3ms/step - loss: 5.4969 - accuracy: 0.2197
Epoch 25/25

1/5 [=====>........................] - ETA: 0s - loss: 5.4227 - accuracy: 0.1250
5/5 [==============================] - 0s 4ms/step - loss: 5.4598 - accuracy: 0.2045
# predict: steps=103
# predict: tnodeembed_metrics
# predict: node2vec_metrics
tnodeembed: {'auc': 0.9017419396382282, 'f1_micro': 0.0, 'f1_macro': 0.0} tNodeEmbed_final_loss=4.3621826171875 tNodeEmbed_final_accuracy=0.21969696879386902 
node2vec: {'auc': 0.8958737711651157, 'f1_micro': 0.0, 'f1_macro': 0.0} node2vec_final_loss=5.459805488586426 node2vec_final_accuracy=0.20454545319080353 
