# load graph
Processing Static file: filename='interactions_with_dates_1993_nodes_81_edges_94_component_0.edges'
# initialize tNodeEmbed for dataset=PPI_NC, test_size=0.2
# load dataset
# fit
# tNodeEmbed steps_per_epoch=5
Epoch 1/25

1/5 [=====>........................] - ETA: 10s - loss: 5.7008 - accuracy: 0.1875
5/5 [==============================] - 3s 9ms/step - loss: 5.6982 - accuracy: 0.2348
Epoch 2/25

1/5 [=====>........................] - ETA: 0s - loss: 5.6874 - accuracy: 0.1250
5/5 [==============================] - 0s 10ms/step - loss: 5.6841 - accuracy: 0.2424
Epoch 3/25

1/5 [=====>........................] - ETA: 0s - loss: 5.6694 - accuracy: 0.2188
5/5 [==============================] - 0s 6ms/step - loss: 5.6668 - accuracy: 0.2424
Epoch 4/25

1/5 [=====>........................] - ETA: 0s - loss: 5.6645 - accuracy: 0.2188
5/5 [==============================] - 0s 6ms/step - loss: 5.6441 - accuracy: 0.2576
Epoch 5/25

1/5 [=====>........................] - ETA: 0s - loss: 5.6522 - accuracy: 0.1875
5/5 [==============================] - 0s 5ms/step - loss: 5.6428 - accuracy: 0.2273
Epoch 6/25

1/5 [=====>........................] - ETA: 0s - loss: 5.5714 - accuracy: 0.2812
5/5 [==============================] - 0s 5ms/step - loss: 5.6076 - accuracy: 0.2727
Epoch 7/25

1/5 [=====>........................] - ETA: 0s - loss: 5.6153 - accuracy: 0.1562
5/5 [==============================] - 0s 6ms/step - loss: 5.5720 - accuracy: 0.2576
Epoch 8/25

1/5 [=====>........................] - ETA: 0s - loss: 5.5195 - accuracy: 0.3125
5/5 [==============================] - 0s 6ms/step - loss: 5.5552 - accuracy: 0.2500
Epoch 9/25

1/5 [=====>........................] - ETA: 0s - loss: 5.4272 - accuracy: 0.3125
5/5 [==============================] - 0s 5ms/step - loss: 5.5157 - accuracy: 0.2348
Epoch 10/25

1/5 [=====>........................] - ETA: 0s - loss: 5.5143 - accuracy: 0.2812
5/5 [==============================] - 0s 5ms/step - loss: 5.4676 - accuracy: 0.2576
Epoch 11/25

1/5 [=====>........................] - ETA: 0s - loss: 5.4832 - accuracy: 0.2500
5/5 [==============================] - 0s 7ms/step - loss: 5.3914 - accuracy: 0.2576
Epoch 12/25

1/5 [=====>........................] - ETA: 0s - loss: 5.4529 - accuracy: 0.1562
5/5 [==============================] - 0s 5ms/step - loss: 5.4008 - accuracy: 0.2424
Epoch 13/25

1/5 [=====>........................] - ETA: 0s - loss: 5.2941 - accuracy: 0.2188
5/5 [==============================] - 0s 5ms/step - loss: 5.2843 - accuracy: 0.2500
Epoch 14/25

1/5 [=====>........................] - ETA: 0s - loss: 5.3351 - accuracy: 0.2500
5/5 [==============================] - 0s 5ms/step - loss: 5.2738 - accuracy: 0.2500
Epoch 15/25

1/5 [=====>........................] - ETA: 0s - loss: 5.2664 - accuracy: 0.2500
5/5 [==============================] - 0s 7ms/step - loss: 5.1431 - accuracy: 0.2727
Epoch 16/25

1/5 [=====>........................] - ETA: 0s - loss: 5.2044 - accuracy: 0.1562
5/5 [==============================] - 0s 10ms/step - loss: 5.1342 - accuracy: 0.2576
Epoch 17/25

1/5 [=====>........................] - ETA: 0s - loss: 5.0154 - accuracy: 0.2188
5/5 [==============================] - 0s 8ms/step - loss: 5.0389 - accuracy: 0.2197
Epoch 18/25

1/5 [=====>........................] - ETA: 0s - loss: 5.0109 - accuracy: 0.2812
5/5 [==============================] - 0s 10ms/step - loss: 4.9377 - accuracy: 0.2424
Epoch 19/25

1/5 [=====>........................] - ETA: 0s - loss: 4.9764 - accuracy: 0.2188
5/5 [==============================] - 0s 11ms/step - loss: 4.8518 - accuracy: 0.2500
Epoch 20/25

1/5 [=====>........................] - ETA: 0s - loss: 4.8922 - accuracy: 0.2188
5/5 [==============================] - 0s 9ms/step - loss: 4.7452 - accuracy: 0.2576
Epoch 21/25

1/5 [=====>........................] - ETA: 0s - loss: 4.6692 - accuracy: 0.2188
5/5 [==============================] - 0s 10ms/step - loss: 4.6301 - accuracy: 0.2727
Epoch 22/25

1/5 [=====>........................] - ETA: 0s - loss: 4.6731 - accuracy: 0.2500
5/5 [==============================] - 0s 9ms/step - loss: 4.5596 - accuracy: 0.2424
Epoch 23/25

1/5 [=====>........................] - ETA: 0s - loss: 4.6259 - accuracy: 0.1250
5/5 [==============================] - 0s 9ms/step - loss: 4.4387 - accuracy: 0.2500
Epoch 24/25

1/5 [=====>........................] - ETA: 0s - loss: 4.4363 - accuracy: 0.2812
5/5 [==============================] - 0s 8ms/step - loss: 4.3672 - accuracy: 0.2424
Epoch 25/25

1/5 [=====>........................] - ETA: 0s - loss: 4.0565 - accuracy: 0.2500
5/5 [==============================] - 0s 10ms/step - loss: 4.1867 - accuracy: 0.2424
# node2vec
Epoch 1/25

1/5 [=====>........................] - ETA: 1s - loss: 5.6934 - accuracy: 0.1562
5/5 [==============================] - 0s 4ms/step - loss: 5.6973 - accuracy: 0.1439
Epoch 2/25

1/5 [=====>........................] - ETA: 0s - loss: 5.6935 - accuracy: 0.0938
5/5 [==============================] - 0s 5ms/step - loss: 5.6857 - accuracy: 0.1591
Epoch 3/25

1/5 [=====>........................] - ETA: 0s - loss: 5.6796 - accuracy: 0.2188
5/5 [==============================] - 0s 8ms/step - loss: 5.6699 - accuracy: 0.2273
Epoch 4/25

1/5 [=====>........................] - ETA: 0s - loss: 5.6776 - accuracy: 0.2500
5/5 [==============================] - 0s 5ms/step - loss: 5.6721 - accuracy: 0.2576
Epoch 5/25

1/5 [=====>........................] - ETA: 0s - loss: 5.6175 - accuracy: 0.2500
5/5 [==============================] - 0s 4ms/step - loss: 5.6450 - accuracy: 0.2727
Epoch 6/25

1/5 [=====>........................] - ETA: 0s - loss: 5.6639 - accuracy: 0.1562
5/5 [==============================] - 0s 4ms/step - loss: 5.6444 - accuracy: 0.2348
Epoch 7/25

1/5 [=====>........................] - ETA: 0s - loss: 5.6546 - accuracy: 0.2500
5/5 [==============================] - 0s 5ms/step - loss: 5.6458 - accuracy: 0.2500
Epoch 8/25

1/5 [=====>........................] - ETA: 0s - loss: 5.5940 - accuracy: 0.1562
5/5 [==============================] - 0s 5ms/step - loss: 5.6254 - accuracy: 0.2121
Epoch 9/25

1/5 [=====>........................] - ETA: 0s - loss: 5.6027 - accuracy: 0.2812
5/5 [==============================] - 0s 5ms/step - loss: 5.5986 - accuracy: 0.2652
Epoch 10/25

1/5 [=====>........................] - ETA: 0s - loss: 5.6334 - accuracy: 0.2188
5/5 [==============================] - 0s 5ms/step - loss: 5.6021 - accuracy: 0.2652
Epoch 11/25

1/5 [=====>........................] - ETA: 0s - loss: 5.6271 - accuracy: 0.1875
5/5 [==============================] - 0s 5ms/step - loss: 5.6007 - accuracy: 0.2273
Epoch 12/25

1/5 [=====>........................] - ETA: 0s - loss: 5.5403 - accuracy: 0.3125
5/5 [==============================] - 0s 5ms/step - loss: 5.5977 - accuracy: 0.2652
Epoch 13/25

1/5 [=====>........................] - ETA: 0s - loss: 5.5516 - accuracy: 0.2500
5/5 [==============================] - 0s 5ms/step - loss: 5.5521 - accuracy: 0.2576
Epoch 14/25

1/5 [=====>........................] - ETA: 0s - loss: 5.6035 - accuracy: 0.3125
5/5 [==============================] - 0s 5ms/step - loss: 5.5862 - accuracy: 0.2500
Epoch 15/25

1/5 [=====>........................] - ETA: 0s - loss: 5.5256 - accuracy: 0.3438
5/5 [==============================] - 0s 6ms/step - loss: 5.5541 - accuracy: 0.2500
Epoch 16/25

1/5 [=====>........................] - ETA: 0s - loss: 5.5976 - accuracy: 0.1562
5/5 [==============================] - 0s 5ms/step - loss: 5.5470 - accuracy: 0.2424
Epoch 17/25

1/5 [=====>........................] - ETA: 0s - loss: 5.5831 - accuracy: 0.1875
5/5 [==============================] - 0s 6ms/step - loss: 5.5067 - accuracy: 0.2424
Epoch 18/25

1/5 [=====>........................] - ETA: 0s - loss: 5.5751 - accuracy: 0.2188
5/5 [==============================] - 0s 5ms/step - loss: 5.5530 - accuracy: 0.2652
Epoch 19/25

1/5 [=====>........................] - ETA: 0s - loss: 5.4835 - accuracy: 0.2188
5/5 [==============================] - 0s 5ms/step - loss: 5.5147 - accuracy: 0.2576
Epoch 20/25

1/5 [=====>........................] - ETA: 0s - loss: 5.5643 - accuracy: 0.1250
5/5 [==============================] - 0s 5ms/step - loss: 5.5063 - accuracy: 0.1970
Epoch 21/25

1/5 [=====>........................] - ETA: 0s - loss: 5.5530 - accuracy: 0.2812
5/5 [==============================] - 0s 4ms/step - loss: 5.4637 - accuracy: 0.2803
Epoch 22/25

1/5 [=====>........................] - ETA: 0s - loss: 5.5362 - accuracy: 0.4375
5/5 [==============================] - 0s 4ms/step - loss: 5.5188 - accuracy: 0.2500
Epoch 23/25

1/5 [=====>........................] - ETA: 0s - loss: 5.4021 - accuracy: 0.3125
5/5 [==============================] - 0s 8ms/step - loss: 5.4789 - accuracy: 0.2273
Epoch 24/25

1/5 [=====>........................] - ETA: 0s - loss: 5.5368 - accuracy: 0.3125
5/5 [==============================] - 0s 8ms/step - loss: 5.4400 - accuracy: 0.3106
Epoch 25/25

1/5 [=====>........................] - ETA: 0s - loss: 5.5268 - accuracy: 0.2188
5/5 [==============================] - 0s 6ms/step - loss: 5.4880 - accuracy: 0.2273
# predict: steps=103
# predict: tnodeembed_metrics
# predict: node2vec_metrics
tnodeembed: {'auc': 0.8666397797055114, 'f1_micro': 0.0, 'f1_macro': 0.0} tNodeEmbed_final_loss=4.186738014221191 tNodeEmbed_final_accuracy=0.24242424964904785 
node2vec: {'auc': 0.8626503892854563, 'f1_micro': 0.0, 'f1_macro': 0.0} node2vec_final_loss=5.488016605377197 node2vec_final_accuracy=0.22727273404598236 
