# load graph
Processing Static file: filename='interactions_with_dates_1981_nodes_2_edges_1_component_0.edges'
# initialize tNodeEmbed for dataset=PPI_NC, test_size=0.2
# load dataset
# fit
# tNodeEmbed steps_per_epoch=5
Epoch 1/25

1/5 [=====>........................] - ETA: 9s - loss: 5.7004 - accuracy: 0.2812
5/5 [==============================] - 2s 8ms/step - loss: 5.6960 - accuracy: 0.1212
Epoch 2/25

1/5 [=====>........................] - ETA: 0s - loss: 5.6909 - accuracy: 0.0938
5/5 [==============================] - 0s 8ms/step - loss: 5.6872 - accuracy: 0.1439
Epoch 3/25

1/5 [=====>........................] - ETA: 0s - loss: 5.6679 - accuracy: 0.1250
5/5 [==============================] - 0s 8ms/step - loss: 5.6722 - accuracy: 0.1515
Epoch 4/25

1/5 [=====>........................] - ETA: 0s - loss: 5.6683 - accuracy: 0.1562
5/5 [==============================] - 0s 8ms/step - loss: 5.6589 - accuracy: 0.1742
Epoch 5/25

1/5 [=====>........................] - ETA: 0s - loss: 5.6549 - accuracy: 0.0938
5/5 [==============================] - 0s 10ms/step - loss: 5.6339 - accuracy: 0.1515
Epoch 6/25

1/5 [=====>........................] - ETA: 0s - loss: 5.6400 - accuracy: 0.1250
5/5 [==============================] - 0s 8ms/step - loss: 5.6282 - accuracy: 0.1591
Epoch 7/25

1/5 [=====>........................] - ETA: 0s - loss: 5.5762 - accuracy: 0.1875
5/5 [==============================] - 0s 9ms/step - loss: 5.5870 - accuracy: 0.1742
Epoch 8/25

1/5 [=====>........................] - ETA: 0s - loss: 5.5949 - accuracy: 0.1562
5/5 [==============================] - 0s 8ms/step - loss: 5.5649 - accuracy: 0.1742
Epoch 9/25

1/5 [=====>........................] - ETA: 0s - loss: 5.5650 - accuracy: 0.2188
5/5 [==============================] - 0s 9ms/step - loss: 5.5340 - accuracy: 0.1667
Epoch 10/25

1/5 [=====>........................] - ETA: 0s - loss: 5.5366 - accuracy: 0.0312
5/5 [==============================] - 0s 7ms/step - loss: 5.5105 - accuracy: 0.1667
Epoch 11/25

1/5 [=====>........................] - ETA: 0s - loss: 5.5035 - accuracy: 0.0938
5/5 [==============================] - 0s 7ms/step - loss: 5.4260 - accuracy: 0.1742
Epoch 12/25

1/5 [=====>........................] - ETA: 0s - loss: 5.4463 - accuracy: 0.1562
5/5 [==============================] - 0s 9ms/step - loss: 5.4266 - accuracy: 0.1515
Epoch 13/25

1/5 [=====>........................] - ETA: 0s - loss: 5.3944 - accuracy: 0.1875
5/5 [==============================] - 0s 8ms/step - loss: 5.3389 - accuracy: 0.1818
Epoch 14/25

1/5 [=====>........................] - ETA: 0s - loss: 5.3429 - accuracy: 0.1562
5/5 [==============================] - 0s 8ms/step - loss: 5.2439 - accuracy: 0.1439
Epoch 15/25

1/5 [=====>........................] - ETA: 0s - loss: 5.2458 - accuracy: 0.2188
5/5 [==============================] - 0s 9ms/step - loss: 5.2466 - accuracy: 0.1970
Epoch 16/25

1/5 [=====>........................] - ETA: 0s - loss: 5.0390 - accuracy: 0.1875
5/5 [==============================] - 0s 9ms/step - loss: 5.0870 - accuracy: 0.1742
Epoch 17/25

1/5 [=====>........................] - ETA: 0s - loss: 5.1028 - accuracy: 0.1875
5/5 [==============================] - 0s 7ms/step - loss: 5.0807 - accuracy: 0.1364
Epoch 18/25

1/5 [=====>........................] - ETA: 0s - loss: 4.9166 - accuracy: 0.1875
5/5 [==============================] - 0s 8ms/step - loss: 4.9507 - accuracy: 0.1818
Epoch 19/25

1/5 [=====>........................] - ETA: 0s - loss: 4.9433 - accuracy: 0.1250
5/5 [==============================] - 0s 8ms/step - loss: 4.8596 - accuracy: 0.1667
Epoch 20/25

1/5 [=====>........................] - ETA: 0s - loss: 4.6930 - accuracy: 0.1562
5/5 [==============================] - 0s 6ms/step - loss: 4.7658 - accuracy: 0.1591
Epoch 21/25

1/5 [=====>........................] - ETA: 0s - loss: 4.6984 - accuracy: 0.0938
5/5 [==============================] - 0s 5ms/step - loss: 4.6169 - accuracy: 0.1591
Epoch 22/25

1/5 [=====>........................] - ETA: 0s - loss: 4.5857 - accuracy: 0.2188
5/5 [==============================] - 0s 8ms/step - loss: 4.5799 - accuracy: 0.1515
Epoch 23/25

1/5 [=====>........................] - ETA: 0s - loss: 4.4500 - accuracy: 0.2500
5/5 [==============================] - 0s 9ms/step - loss: 4.3925 - accuracy: 0.1818
Epoch 24/25

1/5 [=====>........................] - ETA: 0s - loss: 4.3894 - accuracy: 0.1562
5/5 [==============================] - 0s 7ms/step - loss: 4.3418 - accuracy: 0.1818
Epoch 25/25

1/5 [=====>........................] - ETA: 0s - loss: 4.1711 - accuracy: 0.1250
5/5 [==============================] - 0s 6ms/step - loss: 4.2086 - accuracy: 0.1515
# node2vec
Epoch 1/25

1/5 [=====>........................] - ETA: 1s - loss: 5.7004 - accuracy: 0.1875
5/5 [==============================] - 0s 4ms/step - loss: 5.6975 - accuracy: 0.0909
Epoch 2/25

1/5 [=====>........................] - ETA: 0s - loss: 5.6930 - accuracy: 0.0312
5/5 [==============================] - 0s 5ms/step - loss: 5.6888 - accuracy: 0.0682
Epoch 3/25

1/5 [=====>........................] - ETA: 0s - loss: 5.6857 - accuracy: 0.0312
5/5 [==============================] - 0s 4ms/step - loss: 5.6821 - accuracy: 0.1515
Epoch 4/25

1/5 [=====>........................] - ETA: 0s - loss: 5.6660 - accuracy: 0.0938
5/5 [==============================] - 0s 4ms/step - loss: 5.6689 - accuracy: 0.1136
Epoch 5/25

1/5 [=====>........................] - ETA: 0s - loss: 5.6695 - accuracy: 0.1250
5/5 [==============================] - 0s 2ms/step - loss: 5.6677 - accuracy: 0.1439
Epoch 6/25

1/5 [=====>........................] - ETA: 0s - loss: 5.6639 - accuracy: 0.0938
5/5 [==============================] - 0s 4ms/step - loss: 5.6556 - accuracy: 0.1515
Epoch 7/25

1/5 [=====>........................] - ETA: 0s - loss: 5.6540 - accuracy: 0.2188
5/5 [==============================] - 0s 5ms/step - loss: 5.6457 - accuracy: 0.1591
Epoch 8/25

1/5 [=====>........................] - ETA: 0s - loss: 5.6199 - accuracy: 0.1875
5/5 [==============================] - 0s 5ms/step - loss: 5.6307 - accuracy: 0.1818
Epoch 9/25

1/5 [=====>........................] - ETA: 0s - loss: 5.6396 - accuracy: 0.0938
5/5 [==============================] - 0s 5ms/step - loss: 5.6366 - accuracy: 0.1894
Epoch 10/25

1/5 [=====>........................] - ETA: 0s - loss: 5.6355 - accuracy: 0.0938
5/5 [==============================] - 0s 7ms/step - loss: 5.6122 - accuracy: 0.1364
Epoch 11/25

1/5 [=====>........................] - ETA: 0s - loss: 5.6232 - accuracy: 0.2188
5/5 [==============================] - 0s 6ms/step - loss: 5.6228 - accuracy: 0.1439
Epoch 12/25

1/5 [=====>........................] - ETA: 0s - loss: 5.6181 - accuracy: 0.1875
5/5 [==============================] - 0s 5ms/step - loss: 5.6035 - accuracy: 0.1742
Epoch 13/25

1/5 [=====>........................] - ETA: 0s - loss: 5.6146 - accuracy: 0.1250
5/5 [==============================] - 0s 6ms/step - loss: 5.5961 - accuracy: 0.1667
Epoch 14/25

1/5 [=====>........................] - ETA: 0s - loss: 5.5470 - accuracy: 0.2500
5/5 [==============================] - 0s 5ms/step - loss: 5.5868 - accuracy: 0.1894
Epoch 15/25

1/5 [=====>........................] - ETA: 0s - loss: 5.5370 - accuracy: 0.1562
5/5 [==============================] - 0s 6ms/step - loss: 5.5810 - accuracy: 0.1288
Epoch 16/25

1/5 [=====>........................] - ETA: 0s - loss: 5.5881 - accuracy: 0.1250
5/5 [==============================] - 0s 5ms/step - loss: 5.5688 - accuracy: 0.1742
Epoch 17/25

1/5 [=====>........................] - ETA: 0s - loss: 5.5778 - accuracy: 0.1562
5/5 [==============================] - 0s 5ms/step - loss: 5.5437 - accuracy: 0.1439
Epoch 18/25

1/5 [=====>........................] - ETA: 0s - loss: 5.5743 - accuracy: 0.0938
5/5 [==============================] - 0s 5ms/step - loss: 5.5721 - accuracy: 0.1212
Epoch 19/25

1/5 [=====>........................] - ETA: 0s - loss: 5.5650 - accuracy: 0.1250
5/5 [==============================] - 0s 4ms/step - loss: 5.5240 - accuracy: 0.1818
Epoch 20/25

1/5 [=====>........................] - ETA: 0s - loss: 5.5614 - accuracy: 0.1562
5/5 [==============================] - 0s 4ms/step - loss: 5.5599 - accuracy: 0.1212
Epoch 21/25

1/5 [=====>........................] - ETA: 0s - loss: 5.5470 - accuracy: 0.1562
5/5 [==============================] - 0s 4ms/step - loss: 5.5275 - accuracy: 0.1439
Epoch 22/25

1/5 [=====>........................] - ETA: 0s - loss: 5.5514 - accuracy: 0.1562
5/5 [==============================] - 0s 3ms/step - loss: 5.5218 - accuracy: 0.1515
Epoch 23/25

1/5 [=====>........................] - ETA: 0s - loss: 5.5383 - accuracy: 0.0625
5/5 [==============================] - 0s 3ms/step - loss: 5.5126 - accuracy: 0.1591
Epoch 24/25

1/5 [=====>........................] - ETA: 0s - loss: 5.5318 - accuracy: 0.0312
5/5 [==============================] - 0s 4ms/step - loss: 5.5044 - accuracy: 0.1288
Epoch 25/25

1/5 [=====>........................] - ETA: 0s - loss: 5.5193 - accuracy: 0.1562
5/5 [==============================] - 0s 4ms/step - loss: 5.4769 - accuracy: 0.1742
# predict: steps=103
# predict: tnodeembed_metrics
# predict: node2vec_metrics
tnodeembed: {'auc': 0.894205713661838, 'f1_micro': 0.0, 'f1_macro': 0.0} tNodeEmbed_final_loss=4.208596229553223 tNodeEmbed_final_accuracy=0.1515151560306549 
node2vec: {'auc': 0.8917147779558933, 'f1_micro': 0.0, 'f1_macro': 0.0} node2vec_final_loss=5.476928234100342 node2vec_final_accuracy=0.17424242198467255 
