# load graph
Processing Static file: filename='interactions_with_dates_1996_nodes_414_edges_564_component_0.edges'
# initialize tNodeEmbed for dataset=PPI_NC, test_size=0.2
# load dataset
# fit
# tNodeEmbed steps_per_epoch=5
Epoch 1/25

1/5 [=====>........................] - ETA: 3s - loss: 5.7003 - accuracy: 0.1875
5/5 [==============================] - 1s 3ms/step - loss: 5.6944 - accuracy: 0.1591
Epoch 2/25

1/5 [=====>........................] - ETA: 0s - loss: 5.6902 - accuracy: 0.2500
5/5 [==============================] - 0s 3ms/step - loss: 5.6760 - accuracy: 0.2273
Epoch 3/25

1/5 [=====>........................] - ETA: 0s - loss: 5.6793 - accuracy: 0.1875
5/5 [==============================] - 0s 2ms/step - loss: 5.6665 - accuracy: 0.1970
Epoch 4/25

1/5 [=====>........................] - ETA: 0s - loss: 5.6333 - accuracy: 0.2812
5/5 [==============================] - 0s 3ms/step - loss: 5.6409 - accuracy: 0.2197
Epoch 5/25

1/5 [=====>........................] - ETA: 0s - loss: 5.6542 - accuracy: 0.1875
5/5 [==============================] - 0s 2ms/step - loss: 5.6233 - accuracy: 0.2197
Epoch 6/25

1/5 [=====>........................] - ETA: 0s - loss: 5.5846 - accuracy: 0.2188
5/5 [==============================] - 0s 4ms/step - loss: 5.6079 - accuracy: 0.1970
Epoch 7/25

1/5 [=====>........................] - ETA: 0s - loss: 5.5395 - accuracy: 0.3438
5/5 [==============================] - 0s 3ms/step - loss: 5.5720 - accuracy: 0.2121
Epoch 8/25

1/5 [=====>........................] - ETA: 0s - loss: 5.5738 - accuracy: 0.3125
5/5 [==============================] - 0s 3ms/step - loss: 5.5235 - accuracy: 0.2424
Epoch 9/25

1/5 [=====>........................] - ETA: 0s - loss: 5.5682 - accuracy: 0.2188
5/5 [==============================] - 0s 3ms/step - loss: 5.5171 - accuracy: 0.2197
Epoch 10/25

1/5 [=====>........................] - ETA: 0s - loss: 5.3033 - accuracy: 0.2812
5/5 [==============================] - 0s 2ms/step - loss: 5.4590 - accuracy: 0.2121
Epoch 11/25

1/5 [=====>........................] - ETA: 0s - loss: 5.4754 - accuracy: 0.1562
5/5 [==============================] - 0s 2ms/step - loss: 5.3633 - accuracy: 0.2273
Epoch 12/25

1/5 [=====>........................] - ETA: 0s - loss: 5.3884 - accuracy: 0.2500
5/5 [==============================] - 0s 3ms/step - loss: 5.3791 - accuracy: 0.1970
Epoch 13/25

1/5 [=====>........................] - ETA: 0s - loss: 5.4254 - accuracy: 0.2188
5/5 [==============================] - 0s 3ms/step - loss: 5.2762 - accuracy: 0.2273
Epoch 14/25

1/5 [=====>........................] - ETA: 0s - loss: 5.2949 - accuracy: 0.1875
5/5 [==============================] - 0s 3ms/step - loss: 5.2360 - accuracy: 0.2273
Epoch 15/25

1/5 [=====>........................] - ETA: 0s - loss: 5.1138 - accuracy: 0.2812
5/5 [==============================] - 0s 3ms/step - loss: 5.1590 - accuracy: 0.2045
Epoch 16/25

1/5 [=====>........................] - ETA: 0s - loss: 5.1105 - accuracy: 0.1875
5/5 [==============================] - 0s 3ms/step - loss: 5.0725 - accuracy: 0.2121
Epoch 17/25

1/5 [=====>........................] - ETA: 0s - loss: 5.0103 - accuracy: 0.1875
5/5 [==============================] - 0s 3ms/step - loss: 4.9975 - accuracy: 0.2348
Epoch 18/25

1/5 [=====>........................] - ETA: 0s - loss: 4.7866 - accuracy: 0.2500
5/5 [==============================] - 0s 4ms/step - loss: 4.9590 - accuracy: 0.1818
Epoch 19/25

1/5 [=====>........................] - ETA: 0s - loss: 4.8532 - accuracy: 0.3438
5/5 [==============================] - 0s 3ms/step - loss: 4.8503 - accuracy: 0.2273
Epoch 20/25

1/5 [=====>........................] - ETA: 0s - loss: 5.0082 - accuracy: 0.1562
5/5 [==============================] - 0s 3ms/step - loss: 4.8238 - accuracy: 0.2348
Epoch 21/25

1/5 [=====>........................] - ETA: 0s - loss: 4.7606 - accuracy: 0.2500
5/5 [==============================] - 0s 3ms/step - loss: 4.6199 - accuracy: 0.2197
Epoch 22/25

1/5 [=====>........................] - ETA: 0s - loss: 4.5505 - accuracy: 0.1562
5/5 [==============================] - 0s 3ms/step - loss: 4.5574 - accuracy: 0.2121
Epoch 23/25

1/5 [=====>........................] - ETA: 0s - loss: 4.5761 - accuracy: 0.2500
5/5 [==============================] - 0s 2ms/step - loss: 4.5526 - accuracy: 0.1894
Epoch 24/25

1/5 [=====>........................] - ETA: 0s - loss: 4.3306 - accuracy: 0.2188
5/5 [==============================] - 0s 2ms/step - loss: 4.4147 - accuracy: 0.2121
Epoch 25/25

1/5 [=====>........................] - ETA: 0s - loss: 4.1190 - accuracy: 0.2812
5/5 [==============================] - 0s 5ms/step - loss: 4.2726 - accuracy: 0.2424
# node2vec
Epoch 1/25

1/5 [=====>........................] - ETA: 1s - loss: 5.6918 - accuracy: 0.2500
5/5 [==============================] - 0s 2ms/step - loss: 5.6857 - accuracy: 0.0875
Epoch 2/25

1/5 [=====>........................] - ETA: 0s - loss: 5.6954 - accuracy: 0.2500
5/5 [==============================] - 0s 3ms/step - loss: 5.6899 - accuracy: 0.1635
Epoch 3/25

1/5 [=====>........................] - ETA: 0s - loss: 5.6700 - accuracy: 0.1250
5/5 [==============================] - 0s 4ms/step - loss: 5.6692 - accuracy: 0.1515
Epoch 4/25

1/5 [=====>........................] - ETA: 0s - loss: 5.6233 - accuracy: 0.2812
5/5 [==============================] - 0s 2ms/step - loss: 5.6509 - accuracy: 0.2197
Epoch 5/25

1/5 [=====>........................] - ETA: 0s - loss: 5.6180 - accuracy: 0.0938
5/5 [==============================] - 0s 2ms/step - loss: 5.6073 - accuracy: 0.2121
Epoch 6/25

1/5 [=====>........................] - ETA: 0s - loss: 5.6632 - accuracy: 0.1562
5/5 [==============================] - 0s 3ms/step - loss: 5.6260 - accuracy: 0.1894
Epoch 7/25

1/5 [=====>........................] - ETA: 0s - loss: 5.6565 - accuracy: 0.2188
5/5 [==============================] - 0s 3ms/step - loss: 5.6299 - accuracy: 0.1818
Epoch 8/25

1/5 [=====>........................] - ETA: 0s - loss: 5.5394 - accuracy: 0.2812
5/5 [==============================] - 0s 3ms/step - loss: 5.5796 - accuracy: 0.2424
Epoch 9/25

1/5 [=====>........................] - ETA: 0s - loss: 5.5454 - accuracy: 0.1562
5/5 [==============================] - 0s 3ms/step - loss: 5.5916 - accuracy: 0.1894
Epoch 10/25

1/5 [=====>........................] - ETA: 0s - loss: 5.5711 - accuracy: 0.2188
5/5 [==============================] - 0s 2ms/step - loss: 5.5255 - accuracy: 0.2197
Epoch 11/25

1/5 [=====>........................] - ETA: 0s - loss: 5.5128 - accuracy: 0.1875
5/5 [==============================] - 0s 2ms/step - loss: 5.5912 - accuracy: 0.1818
Epoch 12/25

1/5 [=====>........................] - ETA: 0s - loss: 5.5436 - accuracy: 0.1875
5/5 [==============================] - 0s 3ms/step - loss: 5.4852 - accuracy: 0.2576
Epoch 13/25

1/5 [=====>........................] - ETA: 0s - loss: 5.5632 - accuracy: 0.2188
5/5 [==============================] - 0s 4ms/step - loss: 5.5544 - accuracy: 0.1894
Epoch 14/25

1/5 [=====>........................] - ETA: 0s - loss: 5.5520 - accuracy: 0.1875
5/5 [==============================] - 0s 2ms/step - loss: 5.4976 - accuracy: 0.2348
Epoch 15/25

1/5 [=====>........................] - ETA: 0s - loss: 5.4541 - accuracy: 0.2188
5/5 [==============================] - 0s 2ms/step - loss: 5.4683 - accuracy: 0.2121
Epoch 16/25

1/5 [=====>........................] - ETA: 0s - loss: 5.5479 - accuracy: 0.1250
5/5 [==============================] - 0s 2ms/step - loss: 5.5432 - accuracy: 0.1742
Epoch 17/25

1/5 [=====>........................] - ETA: 0s - loss: 5.3922 - accuracy: 0.1875
5/5 [==============================] - 0s 2ms/step - loss: 5.4414 - accuracy: 0.2424
Epoch 18/25

1/5 [=====>........................] - ETA: 0s - loss: 5.4698 - accuracy: 0.1562
5/5 [==============================] - 0s 2ms/step - loss: 5.4632 - accuracy: 0.2197
Epoch 19/25

1/5 [=====>........................] - ETA: 0s - loss: 5.3820 - accuracy: 0.1875
5/5 [==============================] - 0s 2ms/step - loss: 5.4408 - accuracy: 0.1970
Epoch 20/25

1/5 [=====>........................] - ETA: 0s - loss: 5.4485 - accuracy: 0.1875
5/5 [==============================] - 0s 2ms/step - loss: 5.3673 - accuracy: 0.2500
Epoch 21/25

1/5 [=====>........................] - ETA: 0s - loss: 5.4765 - accuracy: 0.1250
5/5 [==============================] - 0s 2ms/step - loss: 5.4559 - accuracy: 0.1970
Epoch 22/25

1/5 [=====>........................] - ETA: 0s - loss: 5.4111 - accuracy: 0.2812
5/5 [==============================] - 0s 2ms/step - loss: 5.4301 - accuracy: 0.2273
Epoch 23/25

1/5 [=====>........................] - ETA: 0s - loss: 5.5390 - accuracy: 0.1875
5/5 [==============================] - 0s 3ms/step - loss: 5.4205 - accuracy: 0.2197
Epoch 24/25

1/5 [=====>........................] - ETA: 0s - loss: 5.2535 - accuracy: 0.2812
5/5 [==============================] - 0s 3ms/step - loss: 5.3520 - accuracy: 0.2121
Epoch 25/25

1/5 [=====>........................] - ETA: 0s - loss: 5.3954 - accuracy: 0.2812
5/5 [==============================] - 0s 4ms/step - loss: 5.3808 - accuracy: 0.2273
# predict: steps=103
# predict: tnodeembed_metrics
# predict: node2vec_metrics
tnodeembed: {'auc': 0.8763891961633923, 'f1_micro': 0.0, 'f1_macro': 0.0} tNodeEmbed_final_loss=4.272633075714111 tNodeEmbed_final_accuracy=0.24242424964904785 
node2vec: {'auc': 0.8411279584301528, 'f1_micro': 0.0, 'f1_macro': 0.0} node2vec_final_loss=5.380774021148682 node2vec_final_accuracy=0.22727273404598236 
