# load graph
Processing Static file: filename='interactions_with_dates_2007_nodes_3106_edges_6237_component_0.edges'
# initialize tNodeEmbed for dataset=PPI_NC, test_size=0.2
# load dataset
# fit
# tNodeEmbed steps_per_epoch=5
Epoch 1/25

1/5 [=====>........................] - ETA: 3s - loss: 5.6933 - accuracy: 0.1250
5/5 [==============================] - 1s 3ms/step - loss: 5.6845 - accuracy: 0.1125
Epoch 2/25

1/5 [=====>........................] - ETA: 0s - loss: 5.6509 - accuracy: 0.3125
5/5 [==============================] - 0s 3ms/step - loss: 5.6367 - accuracy: 0.2652
Epoch 3/25

1/5 [=====>........................] - ETA: 0s - loss: 5.6037 - accuracy: 0.3125
5/5 [==============================] - 0s 4ms/step - loss: 5.5757 - accuracy: 0.3846
Epoch 4/25

1/5 [=====>........................] - ETA: 0s - loss: 5.5524 - accuracy: 0.3750
5/5 [==============================] - 0s 3ms/step - loss: 5.5413 - accuracy: 0.3030
Epoch 5/25

1/5 [=====>........................] - ETA: 0s - loss: 5.4653 - accuracy: 0.1250
5/5 [==============================] - 0s 3ms/step - loss: 5.4465 - accuracy: 0.3182
Epoch 6/25

1/5 [=====>........................] - ETA: 0s - loss: 5.3571 - accuracy: 0.2812
5/5 [==============================] - 0s 3ms/step - loss: 5.3170 - accuracy: 0.3106
Epoch 7/25

1/5 [=====>........................] - ETA: 0s - loss: 5.2853 - accuracy: 0.1250
5/5 [==============================] - 0s 3ms/step - loss: 5.2572 - accuracy: 0.2803
Epoch 8/25

1/5 [=====>........................] - ETA: 0s - loss: 5.0550 - accuracy: 0.2812
5/5 [==============================] - 0s 3ms/step - loss: 5.0956 - accuracy: 0.1970
Epoch 9/25

1/5 [=====>........................] - ETA: 0s - loss: 4.8853 - accuracy: 0.3750
5/5 [==============================] - 0s 3ms/step - loss: 4.8651 - accuracy: 0.2121
Epoch 10/25

1/5 [=====>........................] - ETA: 0s - loss: 4.6474 - accuracy: 0.1562
5/5 [==============================] - 0s 3ms/step - loss: 4.6788 - accuracy: 0.1742
Epoch 11/25

1/5 [=====>........................] - ETA: 0s - loss: 4.6869 - accuracy: 0.1562
5/5 [==============================] - 0s 3ms/step - loss: 4.5003 - accuracy: 0.0985
Epoch 12/25

1/5 [=====>........................] - ETA: 0s - loss: 4.5430 - accuracy: 0.0625
5/5 [==============================] - 0s 3ms/step - loss: 4.2605 - accuracy: 0.1288
Epoch 13/25

1/5 [=====>........................] - ETA: 0s - loss: 4.1184 - accuracy: 0.0938
5/5 [==============================] - 0s 3ms/step - loss: 4.1082 - accuracy: 0.0985
Epoch 14/25

1/5 [=====>........................] - ETA: 0s - loss: 4.0984 - accuracy: 0.1562
5/5 [==============================] - 0s 3ms/step - loss: 4.0812 - accuracy: 0.1061
Epoch 15/25

1/5 [=====>........................] - ETA: 0s - loss: 3.8552 - accuracy: 0.0312
5/5 [==============================] - 0s 3ms/step - loss: 3.8766 - accuracy: 0.0985
Epoch 16/25

1/5 [=====>........................] - ETA: 0s - loss: 3.4270 - accuracy: 0.1250
5/5 [==============================] - 0s 3ms/step - loss: 3.6798 - accuracy: 0.0985
Epoch 17/25

1/5 [=====>........................] - ETA: 0s - loss: 3.6570 - accuracy: 0.1250
5/5 [==============================] - 0s 4ms/step - loss: 3.8064 - accuracy: 0.1212
Epoch 18/25

1/5 [=====>........................] - ETA: 0s - loss: 3.6003 - accuracy: 0.1250
5/5 [==============================] - 0s 3ms/step - loss: 3.5853 - accuracy: 0.1288
Epoch 19/25

1/5 [=====>........................] - ETA: 0s - loss: 3.7852 - accuracy: 0.0625
5/5 [==============================] - 0s 3ms/step - loss: 3.6745 - accuracy: 0.1667
Epoch 20/25

1/5 [=====>........................] - ETA: 0s - loss: 3.5355 - accuracy: 0.1250
5/5 [==============================] - 0s 3ms/step - loss: 3.6397 - accuracy: 0.2121
Epoch 21/25

1/5 [=====>........................] - ETA: 0s - loss: 4.0215 - accuracy: 0.2500
5/5 [==============================] - 0s 3ms/step - loss: 3.5521 - accuracy: 0.2348
Epoch 22/25

1/5 [=====>........................] - ETA: 0s - loss: 3.4419 - accuracy: 0.2812
5/5 [==============================] - 0s 3ms/step - loss: 3.4760 - accuracy: 0.2500
Epoch 23/25

1/5 [=====>........................] - ETA: 0s - loss: 3.7410 - accuracy: 0.1875
5/5 [==============================] - 0s 2ms/step - loss: 3.4760 - accuracy: 0.2803
Epoch 24/25

1/5 [=====>........................] - ETA: 0s - loss: 3.4317 - accuracy: 0.2188
5/5 [==============================] - 0s 3ms/step - loss: 3.3900 - accuracy: 0.3712
Epoch 25/25

1/5 [=====>........................] - ETA: 0s - loss: 3.1048 - accuracy: 0.2500
5/5 [==============================] - 0s 2ms/step - loss: 3.2962 - accuracy: 0.3712
# node2vec
Epoch 1/25

1/5 [=====>........................] - ETA: 0s - loss: 5.6854 - accuracy: 0.0938
5/5 [==============================] - 0s 2ms/step - loss: 5.7081 - accuracy: 0.0500
Epoch 2/25

1/5 [=====>........................] - ETA: 0s - loss: 5.6685 - accuracy: 0.1250
5/5 [==============================] - 0s 2ms/step - loss: 5.6143 - accuracy: 0.0673
Epoch 3/25

1/5 [=====>........................] - ETA: 0s - loss: 5.5482 - accuracy: 0.0625
5/5 [==============================] - 0s 2ms/step - loss: 5.5370 - accuracy: 0.0606
Epoch 4/25

1/5 [=====>........................] - ETA: 0s - loss: 5.4483 - accuracy: 0.1250
5/5 [==============================] - 0s 2ms/step - loss: 5.4023 - accuracy: 0.0758
Epoch 5/25

1/5 [=====>........................] - ETA: 0s - loss: 5.3908 - accuracy: 0.0938
5/5 [==============================] - 0s 2ms/step - loss: 5.3465 - accuracy: 0.0909
Epoch 6/25

1/5 [=====>........................] - ETA: 0s - loss: 5.3302 - accuracy: 0.0938
5/5 [==============================] - 0s 2ms/step - loss: 5.2507 - accuracy: 0.1136
Epoch 7/25

1/5 [=====>........................] - ETA: 0s - loss: 5.2427 - accuracy: 0.1875
5/5 [==============================] - 0s 2ms/step - loss: 5.1729 - accuracy: 0.1061
Epoch 8/25

1/5 [=====>........................] - ETA: 0s - loss: 5.1935 - accuracy: 0.1250
5/5 [==============================] - 0s 2ms/step - loss: 5.0777 - accuracy: 0.2424
Epoch 9/25

1/5 [=====>........................] - ETA: 0s - loss: 5.0313 - accuracy: 0.3750
5/5 [==============================] - 0s 3ms/step - loss: 5.0384 - accuracy: 0.2955
Epoch 10/25

1/5 [=====>........................] - ETA: 0s - loss: 4.9808 - accuracy: 0.2500
5/5 [==============================] - 0s 4ms/step - loss: 4.9394 - accuracy: 0.2576
Epoch 11/25

1/5 [=====>........................] - ETA: 0s - loss: 4.7084 - accuracy: 0.4062
5/5 [==============================] - 0s 3ms/step - loss: 4.8748 - accuracy: 0.3182
Epoch 12/25

1/5 [=====>........................] - ETA: 0s - loss: 4.6580 - accuracy: 0.6562
5/5 [==============================] - 0s 2ms/step - loss: 4.7362 - accuracy: 0.3636
Epoch 13/25

1/5 [=====>........................] - ETA: 0s - loss: 4.7311 - accuracy: 0.3438
5/5 [==============================] - 0s 2ms/step - loss: 4.7173 - accuracy: 0.3864
Epoch 14/25

1/5 [=====>........................] - ETA: 0s - loss: 4.6249 - accuracy: 0.4375
5/5 [==============================] - 0s 2ms/step - loss: 4.6161 - accuracy: 0.4015
Epoch 15/25

1/5 [=====>........................] - ETA: 0s - loss: 4.7144 - accuracy: 0.4062
5/5 [==============================] - 0s 2ms/step - loss: 4.6356 - accuracy: 0.3561
Epoch 16/25

1/5 [=====>........................] - ETA: 0s - loss: 4.3661 - accuracy: 0.4062
5/5 [==============================] - 0s 2ms/step - loss: 4.4812 - accuracy: 0.4091
Epoch 17/25

1/5 [=====>........................] - ETA: 0s - loss: 4.4203 - accuracy: 0.4375
5/5 [==============================] - 0s 2ms/step - loss: 4.3696 - accuracy: 0.4015
Epoch 18/25

1/5 [=====>........................] - ETA: 0s - loss: 4.7103 - accuracy: 0.4688
5/5 [==============================] - 0s 2ms/step - loss: 4.3743 - accuracy: 0.4621
Epoch 19/25

1/5 [=====>........................] - ETA: 0s - loss: 4.2150 - accuracy: 0.4688
5/5 [==============================] - 0s 2ms/step - loss: 4.3493 - accuracy: 0.4924
Epoch 20/25

1/5 [=====>........................] - ETA: 0s - loss: 4.1633 - accuracy: 0.5312
5/5 [==============================] - 0s 2ms/step - loss: 4.2569 - accuracy: 0.4848
Epoch 21/25

1/5 [=====>........................] - ETA: 0s - loss: 4.3807 - accuracy: 0.2812
5/5 [==============================] - 0s 2ms/step - loss: 4.1940 - accuracy: 0.4318
Epoch 22/25

1/5 [=====>........................] - ETA: 0s - loss: 4.0174 - accuracy: 0.4688
5/5 [==============================] - 0s 2ms/step - loss: 4.2095 - accuracy: 0.4470
Epoch 23/25

1/5 [=====>........................] - ETA: 0s - loss: 4.4666 - accuracy: 0.4688
5/5 [==============================] - 0s 2ms/step - loss: 4.1736 - accuracy: 0.4848
Epoch 24/25

1/5 [=====>........................] - ETA: 0s - loss: 3.9324 - accuracy: 0.6875
5/5 [==============================] - 0s 2ms/step - loss: 3.9964 - accuracy: 0.5379
Epoch 25/25

1/5 [=====>........................] - ETA: 0s - loss: 3.9794 - accuracy: 0.5312
5/5 [==============================] - 0s 2ms/step - loss: 3.9505 - accuracy: 0.4924
# predict: steps=103
# predict: tnodeembed_metrics
# predict: node2vec_metrics
tnodeembed: {'auc': 0.8714980573962149, 'f1_micro': 0.00181653042688465, 'f1_macro': 6.991947607005932e-05} tNodeEmbed_final_loss=3.2961950302124023 tNodeEmbed_final_accuracy=0.3712121248245239 
node2vec: {'auc': 0.8541893060001742, 'f1_micro': 0.0, 'f1_macro': 0.0} node2vec_final_loss=3.9504778385162354 node2vec_final_accuracy=0.49242424964904785 
