# load graph
Processing Static file: filename='interactions_with_dates_1994_nodes_111_edges_142_component_0.edges'
# initialize tNodeEmbed for dataset=PPI_NC, test_size=0.2
# load dataset
# fit
# tNodeEmbed steps_per_epoch=5
Epoch 1/25

1/5 [=====>........................] - ETA: 4s - loss: 5.7027 - accuracy: 0.3125
5/5 [==============================] - 1s 3ms/step - loss: 5.6977 - accuracy: 0.2197
Epoch 2/25

1/5 [=====>........................] - ETA: 0s - loss: 5.6862 - accuracy: 0.1875
5/5 [==============================] - 0s 3ms/step - loss: 5.6793 - accuracy: 0.2197
Epoch 3/25

1/5 [=====>........................] - ETA: 0s - loss: 5.6697 - accuracy: 0.1250
5/5 [==============================] - 0s 4ms/step - loss: 5.6657 - accuracy: 0.1970
Epoch 4/25

1/5 [=====>........................] - ETA: 0s - loss: 5.6350 - accuracy: 0.2188
5/5 [==============================] - 0s 4ms/step - loss: 5.6487 - accuracy: 0.2197
Epoch 5/25

1/5 [=====>........................] - ETA: 0s - loss: 5.6156 - accuracy: 0.2500
5/5 [==============================] - 0s 4ms/step - loss: 5.6342 - accuracy: 0.2652
Epoch 6/25

1/5 [=====>........................] - ETA: 0s - loss: 5.5873 - accuracy: 0.3125
5/5 [==============================] - 0s 3ms/step - loss: 5.6002 - accuracy: 0.2121
Epoch 7/25

1/5 [=====>........................] - ETA: 0s - loss: 5.5775 - accuracy: 0.2812
5/5 [==============================] - 0s 3ms/step - loss: 5.5849 - accuracy: 0.2197
Epoch 8/25

1/5 [=====>........................] - ETA: 0s - loss: 5.5853 - accuracy: 0.1875
5/5 [==============================] - 0s 2ms/step - loss: 5.5643 - accuracy: 0.2273
Epoch 9/25

1/5 [=====>........................] - ETA: 0s - loss: 5.5801 - accuracy: 0.2812
5/5 [==============================] - 0s 2ms/step - loss: 5.5213 - accuracy: 0.2273
Epoch 10/25

1/5 [=====>........................] - ETA: 0s - loss: 5.4596 - accuracy: 0.2812
5/5 [==============================] - 0s 3ms/step - loss: 5.4972 - accuracy: 0.2803
Epoch 11/25

1/5 [=====>........................] - ETA: 0s - loss: 5.5040 - accuracy: 0.0312
5/5 [==============================] - 0s 3ms/step - loss: 5.4408 - accuracy: 0.2121
Epoch 12/25

1/5 [=====>........................] - ETA: 0s - loss: 5.4091 - accuracy: 0.2812
5/5 [==============================] - 0s 3ms/step - loss: 5.3800 - accuracy: 0.2727
Epoch 13/25

1/5 [=====>........................] - ETA: 0s - loss: 5.3487 - accuracy: 0.2188
5/5 [==============================] - 0s 3ms/step - loss: 5.3374 - accuracy: 0.2121
Epoch 14/25

1/5 [=====>........................] - ETA: 0s - loss: 5.3189 - accuracy: 0.1562
5/5 [==============================] - 0s 3ms/step - loss: 5.2885 - accuracy: 0.2348
Epoch 15/25

1/5 [=====>........................] - ETA: 0s - loss: 5.2884 - accuracy: 0.2812
5/5 [==============================] - 0s 3ms/step - loss: 5.1698 - accuracy: 0.2727
Epoch 16/25

1/5 [=====>........................] - ETA: 0s - loss: 5.1675 - accuracy: 0.2500
5/5 [==============================] - 0s 3ms/step - loss: 5.2163 - accuracy: 0.2348
Epoch 17/25

1/5 [=====>........................] - ETA: 0s - loss: 5.2078 - accuracy: 0.1562
5/5 [==============================] - 0s 3ms/step - loss: 5.0913 - accuracy: 0.2348
Epoch 18/25

1/5 [=====>........................] - ETA: 0s - loss: 5.0557 - accuracy: 0.1875
5/5 [==============================] - 0s 3ms/step - loss: 4.9930 - accuracy: 0.2348
Epoch 19/25

1/5 [=====>........................] - ETA: 0s - loss: 5.1561 - accuracy: 0.2500
5/5 [==============================] - 0s 3ms/step - loss: 5.0086 - accuracy: 0.2197
Epoch 20/25

1/5 [=====>........................] - ETA: 0s - loss: 4.8878 - accuracy: 0.1875
5/5 [==============================] - 0s 3ms/step - loss: 4.8075 - accuracy: 0.2652
Epoch 21/25

1/5 [=====>........................] - ETA: 0s - loss: 5.0118 - accuracy: 0.2188
5/5 [==============================] - 0s 3ms/step - loss: 4.8241 - accuracy: 0.2424
Epoch 22/25

1/5 [=====>........................] - ETA: 0s - loss: 4.7974 - accuracy: 0.1250
5/5 [==============================] - 0s 3ms/step - loss: 4.6237 - accuracy: 0.2273
Epoch 23/25

1/5 [=====>........................] - ETA: 0s - loss: 4.7667 - accuracy: 0.2188
5/5 [==============================] - 0s 3ms/step - loss: 4.6282 - accuracy: 0.2879
Epoch 24/25

1/5 [=====>........................] - ETA: 0s - loss: 4.6850 - accuracy: 0.1250
5/5 [==============================] - 0s 3ms/step - loss: 4.5028 - accuracy: 0.2273
Epoch 25/25

1/5 [=====>........................] - ETA: 0s - loss: 4.0871 - accuracy: 0.3750
5/5 [==============================] - 0s 3ms/step - loss: 4.4242 - accuracy: 0.2348
# node2vec
Epoch 1/25

1/5 [=====>........................] - ETA: 0s - loss: 5.6857 - accuracy: 0.1250
5/5 [==============================] - 0s 2ms/step - loss: 5.6963 - accuracy: 0.1288
Epoch 2/25

1/5 [=====>........................] - ETA: 0s - loss: 5.6795 - accuracy: 0.1875
5/5 [==============================] - 0s 2ms/step - loss: 5.6854 - accuracy: 0.1894
Epoch 3/25

1/5 [=====>........................] - ETA: 0s - loss: 5.6828 - accuracy: 0.1250
5/5 [==============================] - 0s 2ms/step - loss: 5.6622 - accuracy: 0.1970
Epoch 4/25

1/5 [=====>........................] - ETA: 0s - loss: 5.6647 - accuracy: 0.1875
5/5 [==============================] - 0s 2ms/step - loss: 5.6536 - accuracy: 0.1742
Epoch 5/25

1/5 [=====>........................] - ETA: 0s - loss: 5.6108 - accuracy: 0.2812
5/5 [==============================] - 0s 2ms/step - loss: 5.6413 - accuracy: 0.2576
Epoch 6/25

1/5 [=====>........................] - ETA: 0s - loss: 5.6467 - accuracy: 0.1562
5/5 [==============================] - 0s 2ms/step - loss: 5.6093 - accuracy: 0.1742
Epoch 7/25

1/5 [=====>........................] - ETA: 0s - loss: 5.5610 - accuracy: 0.2188
5/5 [==============================] - 0s 2ms/step - loss: 5.5913 - accuracy: 0.2424
Epoch 8/25

1/5 [=====>........................] - ETA: 0s - loss: 5.5907 - accuracy: 0.1875
5/5 [==============================] - 0s 2ms/step - loss: 5.5977 - accuracy: 0.1818
Epoch 9/25

1/5 [=====>........................] - ETA: 0s - loss: 5.4935 - accuracy: 0.1250
5/5 [==============================] - 0s 2ms/step - loss: 5.5775 - accuracy: 0.2121
Epoch 10/25

1/5 [=====>........................] - ETA: 0s - loss: 5.5332 - accuracy: 0.2188
5/5 [==============================] - 0s 2ms/step - loss: 5.5275 - accuracy: 0.2500
Epoch 11/25

1/5 [=====>........................] - ETA: 0s - loss: 5.6293 - accuracy: 0.2188
5/5 [==============================] - 0s 2ms/step - loss: 5.5529 - accuracy: 0.2121
Epoch 12/25

1/5 [=====>........................] - ETA: 0s - loss: 5.5226 - accuracy: 0.2812
5/5 [==============================] - 0s 2ms/step - loss: 5.5036 - accuracy: 0.2273
Epoch 13/25

1/5 [=====>........................] - ETA: 0s - loss: 5.4541 - accuracy: 0.3125
5/5 [==============================] - 0s 2ms/step - loss: 5.5306 - accuracy: 0.2197
Epoch 14/25

1/5 [=====>........................] - ETA: 0s - loss: 5.4898 - accuracy: 0.1562
5/5 [==============================] - 0s 2ms/step - loss: 5.4910 - accuracy: 0.2273
Epoch 15/25

1/5 [=====>........................] - ETA: 0s - loss: 5.5499 - accuracy: 0.1250
5/5 [==============================] - 0s 2ms/step - loss: 5.4752 - accuracy: 0.2348
Epoch 16/25

1/5 [=====>........................] - ETA: 0s - loss: 5.4667 - accuracy: 0.1875
5/5 [==============================] - 0s 2ms/step - loss: 5.4303 - accuracy: 0.2348
Epoch 17/25

1/5 [=====>........................] - ETA: 0s - loss: 5.5861 - accuracy: 0.2500
5/5 [==============================] - 0s 2ms/step - loss: 5.4796 - accuracy: 0.2348
Epoch 18/25

1/5 [=====>........................] - ETA: 0s - loss: 5.5271 - accuracy: 0.2188
5/5 [==============================] - 0s 2ms/step - loss: 5.4313 - accuracy: 0.2500
Epoch 19/25

1/5 [=====>........................] - ETA: 0s - loss: 5.5230 - accuracy: 0.1562
5/5 [==============================] - 0s 2ms/step - loss: 5.4307 - accuracy: 0.1818
Epoch 20/25

1/5 [=====>........................] - ETA: 0s - loss: 5.4237 - accuracy: 0.2188
5/5 [==============================] - 0s 1ms/step - loss: 5.4279 - accuracy: 0.2273
Epoch 21/25

1/5 [=====>........................] - ETA: 0s - loss: 5.4250 - accuracy: 0.1875
5/5 [==============================] - 0s 2ms/step - loss: 5.4247 - accuracy: 0.2197
Epoch 22/25

1/5 [=====>........................] - ETA: 0s - loss: 5.2908 - accuracy: 0.3125
5/5 [==============================] - 0s 2ms/step - loss: 5.3654 - accuracy: 0.2348
Epoch 23/25

1/5 [=====>........................] - ETA: 0s - loss: 5.2662 - accuracy: 0.2812
5/5 [==============================] - 0s 1ms/step - loss: 5.3042 - accuracy: 0.2348
Epoch 24/25

1/5 [=====>........................] - ETA: 0s - loss: 5.3727 - accuracy: 0.1875
5/5 [==============================] - 0s 2ms/step - loss: 5.4126 - accuracy: 0.2121
Epoch 25/25

1/5 [=====>........................] - ETA: 0s - loss: 5.4332 - accuracy: 0.3438
5/5 [==============================] - 0s 2ms/step - loss: 5.2894 - accuracy: 0.2803
# predict: steps=103
# predict: tnodeembed_metrics
# predict: node2vec_metrics
tnodeembed: {'auc': 0.88224014899335, 'f1_micro': 0.0, 'f1_macro': 0.0} tNodeEmbed_final_loss=4.424225807189941 tNodeEmbed_final_accuracy=0.2348484843969345 
node2vec: {'auc': 0.8721558940355049, 'f1_micro': 0.0, 'f1_macro': 0.0} node2vec_final_loss=5.289395332336426 node2vec_final_accuracy=0.280303031206131 
