# load graph
Processing Static file: filename='interactions_with_dates_2012_nodes_4891_edges_10687_component_0.edges'
# initialize tNodeEmbed for dataset=PPI_NC, test_size=0.2
# load dataset
# fit
# tNodeEmbed steps_per_epoch=5
Epoch 1/25

1/5 [=====>........................] - ETA: 4s - loss: 5.6890 - accuracy: 0.0000e+00
5/5 [==============================] - 1s 3ms/step - loss: 5.6797 - accuracy: 0.0227
Epoch 2/25

1/5 [=====>........................] - ETA: 0s - loss: 5.6417 - accuracy: 0.1250
5/5 [==============================] - 0s 5ms/step - loss: 5.6318 - accuracy: 0.1667
Epoch 3/25

1/5 [=====>........................] - ETA: 0s - loss: 5.6036 - accuracy: 0.1562
5/5 [==============================] - 0s 4ms/step - loss: 5.5822 - accuracy: 0.1970
Epoch 4/25

1/5 [=====>........................] - ETA: 0s - loss: 5.5661 - accuracy: 0.2188
5/5 [==============================] - 0s 3ms/step - loss: 5.5131 - accuracy: 0.2727
Epoch 5/25

1/5 [=====>........................] - ETA: 0s - loss: 5.4549 - accuracy: 0.2500
5/5 [==============================] - 0s 3ms/step - loss: 5.4375 - accuracy: 0.1894
Epoch 6/25

1/5 [=====>........................] - ETA: 0s - loss: 5.3663 - accuracy: 0.2188
5/5 [==============================] - 0s 3ms/step - loss: 5.3507 - accuracy: 0.2121
Epoch 7/25

1/5 [=====>........................] - ETA: 0s - loss: 5.2636 - accuracy: 0.2500
5/5 [==============================] - 0s 3ms/step - loss: 5.2096 - accuracy: 0.2121
Epoch 8/25

1/5 [=====>........................] - ETA: 0s - loss: 5.1167 - accuracy: 0.2500
5/5 [==============================] - 0s 3ms/step - loss: 5.0417 - accuracy: 0.1667
Epoch 9/25

1/5 [=====>........................] - ETA: 0s - loss: 4.9426 - accuracy: 0.2812
5/5 [==============================] - 0s 4ms/step - loss: 4.8461 - accuracy: 0.1970
Epoch 10/25

1/5 [=====>........................] - ETA: 0s - loss: 4.7608 - accuracy: 0.1875
5/5 [==============================] - 0s 3ms/step - loss: 4.6326 - accuracy: 0.2121
Epoch 11/25

1/5 [=====>........................] - ETA: 0s - loss: 4.5117 - accuracy: 0.1250
5/5 [==============================] - 0s 2ms/step - loss: 4.3357 - accuracy: 0.1894
Epoch 12/25

1/5 [=====>........................] - ETA: 0s - loss: 4.3011 - accuracy: 0.1250
5/5 [==============================] - 0s 3ms/step - loss: 4.1273 - accuracy: 0.1288
Epoch 13/25

1/5 [=====>........................] - ETA: 0s - loss: 3.6928 - accuracy: 0.2812
5/5 [==============================] - 0s 3ms/step - loss: 3.8691 - accuracy: 0.1667
Epoch 14/25

1/5 [=====>........................] - ETA: 0s - loss: 3.6312 - accuracy: 0.1250
5/5 [==============================] - 0s 3ms/step - loss: 3.6249 - accuracy: 0.1591
Epoch 15/25

1/5 [=====>........................] - ETA: 0s - loss: 3.5070 - accuracy: 0.1562
5/5 [==============================] - 0s 3ms/step - loss: 3.3908 - accuracy: 0.1970
Epoch 16/25

1/5 [=====>........................] - ETA: 0s - loss: 3.4559 - accuracy: 0.1250
5/5 [==============================] - 0s 3ms/step - loss: 3.2493 - accuracy: 0.1818
Epoch 17/25

1/5 [=====>........................] - ETA: 0s - loss: 3.3147 - accuracy: 0.0938
5/5 [==============================] - 0s 3ms/step - loss: 3.2633 - accuracy: 0.1439
Epoch 18/25

1/5 [=====>........................] - ETA: 0s - loss: 3.3147 - accuracy: 0.0938
5/5 [==============================] - 0s 3ms/step - loss: 3.1919 - accuracy: 0.1667
Epoch 19/25

1/5 [=====>........................] - ETA: 0s - loss: 2.9275 - accuracy: 0.2500
5/5 [==============================] - 0s 3ms/step - loss: 3.1168 - accuracy: 0.1894
Epoch 20/25

1/5 [=====>........................] - ETA: 0s - loss: 3.2659 - accuracy: 0.2188
5/5 [==============================] - 0s 5ms/step - loss: 3.0488 - accuracy: 0.2273
Epoch 21/25

1/5 [=====>........................] - ETA: 0s - loss: 3.0348 - accuracy: 0.2500
5/5 [==============================] - 0s 3ms/step - loss: 3.1154 - accuracy: 0.2803
Epoch 22/25

1/5 [=====>........................] - ETA: 0s - loss: 2.9500 - accuracy: 0.2812
5/5 [==============================] - 0s 3ms/step - loss: 2.8739 - accuracy: 0.3409
Epoch 23/25

1/5 [=====>........................] - ETA: 0s - loss: 3.0424 - accuracy: 0.3438
5/5 [==============================] - 0s 3ms/step - loss: 3.0465 - accuracy: 0.2500
Epoch 24/25

1/5 [=====>........................] - ETA: 0s - loss: 2.6874 - accuracy: 0.3125
5/5 [==============================] - 0s 2ms/step - loss: 2.8896 - accuracy: 0.2803
Epoch 25/25

1/5 [=====>........................] - ETA: 0s - loss: 2.9677 - accuracy: 0.4375
5/5 [==============================] - 0s 3ms/step - loss: 2.8585 - accuracy: 0.2803
# node2vec
Epoch 1/25

1/5 [=====>........................] - ETA: 0s - loss: 5.7389 - accuracy: 0.0938
5/5 [==============================] - 0s 2ms/step - loss: 5.6789 - accuracy: 0.0227
Epoch 2/25

1/5 [=====>........................] - ETA: 0s - loss: 5.6395 - accuracy: 0.0000e+00
5/5 [==============================] - 0s 2ms/step - loss: 5.5891 - accuracy: 0.0455
Epoch 3/25

1/5 [=====>........................] - ETA: 0s - loss: 5.5855 - accuracy: 0.0625
5/5 [==============================] - 0s 2ms/step - loss: 5.5238 - accuracy: 0.0833
Epoch 4/25

1/5 [=====>........................] - ETA: 0s - loss: 5.3657 - accuracy: 0.2188
5/5 [==============================] - 0s 3ms/step - loss: 5.3740 - accuracy: 0.1515
Epoch 5/25

1/5 [=====>........................] - ETA: 0s - loss: 5.3296 - accuracy: 0.1250
5/5 [==============================] - 0s 2ms/step - loss: 5.2964 - accuracy: 0.0758
Epoch 6/25

1/5 [=====>........................] - ETA: 0s - loss: 5.2398 - accuracy: 0.1875
5/5 [==============================] - 0s 2ms/step - loss: 5.2105 - accuracy: 0.1515
Epoch 7/25

1/5 [=====>........................] - ETA: 0s - loss: 5.0955 - accuracy: 0.2500
5/5 [==============================] - 0s 2ms/step - loss: 5.1201 - accuracy: 0.2121
Epoch 8/25

1/5 [=====>........................] - ETA: 0s - loss: 5.0462 - accuracy: 0.2812
5/5 [==============================] - 0s 2ms/step - loss: 5.0424 - accuracy: 0.1515
Epoch 9/25

1/5 [=====>........................] - ETA: 0s - loss: 4.9559 - accuracy: 0.1250
5/5 [==============================] - 0s 2ms/step - loss: 4.9562 - accuracy: 0.1970
Epoch 10/25

1/5 [=====>........................] - ETA: 0s - loss: 4.9010 - accuracy: 0.3125
5/5 [==============================] - 0s 2ms/step - loss: 4.8764 - accuracy: 0.2273
Epoch 11/25

1/5 [=====>........................] - ETA: 0s - loss: 4.8819 - accuracy: 0.1562
5/5 [==============================] - 0s 2ms/step - loss: 4.8263 - accuracy: 0.2424
Epoch 12/25

1/5 [=====>........................] - ETA: 0s - loss: 4.6516 - accuracy: 0.2812
5/5 [==============================] - 0s 2ms/step - loss: 4.6890 - accuracy: 0.3030
Epoch 13/25

1/5 [=====>........................] - ETA: 0s - loss: 4.6816 - accuracy: 0.3125
5/5 [==============================] - 0s 2ms/step - loss: 4.6128 - accuracy: 0.3106
Epoch 14/25

1/5 [=====>........................] - ETA: 0s - loss: 4.5839 - accuracy: 0.4062
5/5 [==============================] - 0s 2ms/step - loss: 4.5773 - accuracy: 0.3864
Epoch 15/25

1/5 [=====>........................] - ETA: 0s - loss: 4.6009 - accuracy: 0.3125
5/5 [==============================] - 0s 2ms/step - loss: 4.5211 - accuracy: 0.3561
Epoch 16/25

1/5 [=====>........................] - ETA: 0s - loss: 4.3231 - accuracy: 0.4062
5/5 [==============================] - 0s 2ms/step - loss: 4.3853 - accuracy: 0.4091
Epoch 17/25

1/5 [=====>........................] - ETA: 0s - loss: 4.3777 - accuracy: 0.4688
5/5 [==============================] - 0s 3ms/step - loss: 4.3174 - accuracy: 0.4697
Epoch 18/25

1/5 [=====>........................] - ETA: 0s - loss: 4.3182 - accuracy: 0.5000
5/5 [==============================] - 0s 3ms/step - loss: 4.2881 - accuracy: 0.4394
Epoch 19/25

1/5 [=====>........................] - ETA: 0s - loss: 4.1667 - accuracy: 0.5312
5/5 [==============================] - 0s 2ms/step - loss: 4.1908 - accuracy: 0.4394
Epoch 20/25

1/5 [=====>........................] - ETA: 0s - loss: 3.9656 - accuracy: 0.5938
5/5 [==============================] - 0s 2ms/step - loss: 4.1119 - accuracy: 0.4773
Epoch 21/25

1/5 [=====>........................] - ETA: 0s - loss: 4.1398 - accuracy: 0.5938
5/5 [==============================] - 0s 2ms/step - loss: 4.0887 - accuracy: 0.5530
Epoch 22/25

1/5 [=====>........................] - ETA: 0s - loss: 4.1013 - accuracy: 0.4062
5/5 [==============================] - 0s 2ms/step - loss: 4.0701 - accuracy: 0.4621
Epoch 23/25

1/5 [=====>........................] - ETA: 0s - loss: 3.9139 - accuracy: 0.5625
5/5 [==============================] - 0s 2ms/step - loss: 3.8444 - accuracy: 0.5000
Epoch 24/25

1/5 [=====>........................] - ETA: 0s - loss: 3.7973 - accuracy: 0.6250
5/5 [==============================] - 0s 2ms/step - loss: 3.8872 - accuracy: 0.5682
Epoch 25/25

1/5 [=====>........................] - ETA: 0s - loss: 3.9070 - accuracy: 0.5625
5/5 [==============================] - 0s 2ms/step - loss: 3.8284 - accuracy: 0.5227
# predict: steps=103
# predict: tnodeembed_metrics
# predict: node2vec_metrics
tnodeembed: {'auc': 0.9016599417695471, 'f1_micro': 0.0, 'f1_macro': 0.0} tNodeEmbed_final_loss=2.8584933280944824 tNodeEmbed_final_accuracy=0.280303031206131 
node2vec: {'auc': 0.8751008193308476, 'f1_micro': 0.0, 'f1_macro': 0.0} node2vec_final_loss=3.8283796310424805 node2vec_final_accuracy=0.5227272510528564 
