# load graph
Processing Static file: filename='interactions_with_dates_1980_nodes_2_edges_1_component_0.edges'
# initialize tNodeEmbed for dataset=PPI_NC, test_size=0.2
# load dataset
# fit
# tNodeEmbed steps_per_epoch=5
Epoch 1/25

1/5 [=====>........................] - ETA: 4s - loss: 5.7004 - accuracy: 0.1875
5/5 [==============================] - 1s 3ms/step - loss: 5.6972 - accuracy: 0.2121
Epoch 2/25

1/5 [=====>........................] - ETA: 0s - loss: 5.6905 - accuracy: 0.1875
5/5 [==============================] - 0s 3ms/step - loss: 5.6867 - accuracy: 0.1742
Epoch 3/25

1/5 [=====>........................] - ETA: 0s - loss: 5.6736 - accuracy: 0.1250
5/5 [==============================] - 0s 3ms/step - loss: 5.6668 - accuracy: 0.2197
Epoch 4/25

1/5 [=====>........................] - ETA: 0s - loss: 5.6667 - accuracy: 0.1875
5/5 [==============================] - 0s 2ms/step - loss: 5.6618 - accuracy: 0.1742
Epoch 5/25

1/5 [=====>........................] - ETA: 0s - loss: 5.6525 - accuracy: 0.0938
5/5 [==============================] - 0s 2ms/step - loss: 5.6385 - accuracy: 0.1894
Epoch 6/25

1/5 [=====>........................] - ETA: 0s - loss: 5.6350 - accuracy: 0.1250
5/5 [==============================] - 0s 2ms/step - loss: 5.6154 - accuracy: 0.1818
Epoch 7/25

1/5 [=====>........................] - ETA: 0s - loss: 5.6077 - accuracy: 0.2188
5/5 [==============================] - 0s 2ms/step - loss: 5.5898 - accuracy: 0.2500
Epoch 8/25

1/5 [=====>........................] - ETA: 0s - loss: 5.5404 - accuracy: 0.1875
5/5 [==============================] - 0s 2ms/step - loss: 5.5604 - accuracy: 0.1742
Epoch 9/25

1/5 [=====>........................] - ETA: 0s - loss: 5.5551 - accuracy: 0.1250
5/5 [==============================] - 0s 2ms/step - loss: 5.5286 - accuracy: 0.1742
Epoch 10/25

1/5 [=====>........................] - ETA: 0s - loss: 5.5072 - accuracy: 0.2812
5/5 [==============================] - 0s 2ms/step - loss: 5.4602 - accuracy: 0.2424
Epoch 11/25

1/5 [=====>........................] - ETA: 0s - loss: 5.4760 - accuracy: 0.1562
5/5 [==============================] - 0s 2ms/step - loss: 5.4586 - accuracy: 0.1818
Epoch 12/25

1/5 [=====>........................] - ETA: 0s - loss: 5.3164 - accuracy: 0.2812
5/5 [==============================] - 0s 3ms/step - loss: 5.3829 - accuracy: 0.1818
Epoch 13/25

1/5 [=====>........................] - ETA: 0s - loss: 5.3803 - accuracy: 0.1875
5/5 [==============================] - 0s 4ms/step - loss: 5.2896 - accuracy: 0.1970
Epoch 14/25

1/5 [=====>........................] - ETA: 0s - loss: 5.3157 - accuracy: 0.1250
5/5 [==============================] - 0s 3ms/step - loss: 5.2957 - accuracy: 0.1894
Epoch 15/25

1/5 [=====>........................] - ETA: 0s - loss: 5.2299 - accuracy: 0.1562
5/5 [==============================] - 0s 3ms/step - loss: 5.1886 - accuracy: 0.2121
Epoch 16/25

1/5 [=====>........................] - ETA: 0s - loss: 5.1592 - accuracy: 0.1562
5/5 [==============================] - 0s 3ms/step - loss: 5.1094 - accuracy: 0.1667
Epoch 17/25

1/5 [=====>........................] - ETA: 0s - loss: 4.9222 - accuracy: 0.2500
5/5 [==============================] - 0s 2ms/step - loss: 5.0188 - accuracy: 0.2197
Epoch 18/25

1/5 [=====>........................] - ETA: 0s - loss: 5.0059 - accuracy: 0.1875
5/5 [==============================] - 0s 2ms/step - loss: 4.9186 - accuracy: 0.2045
Epoch 19/25

1/5 [=====>........................] - ETA: 0s - loss: 4.8921 - accuracy: 0.2812
5/5 [==============================] - 0s 2ms/step - loss: 4.8122 - accuracy: 0.2121
Epoch 20/25

1/5 [=====>........................] - ETA: 0s - loss: 4.7834 - accuracy: 0.1875
5/5 [==============================] - 0s 2ms/step - loss: 4.7106 - accuracy: 0.1970
Epoch 21/25

1/5 [=====>........................] - ETA: 0s - loss: 4.7077 - accuracy: 0.0938
5/5 [==============================] - 0s 2ms/step - loss: 4.6758 - accuracy: 0.1818
Epoch 22/25

1/5 [=====>........................] - ETA: 0s - loss: 4.4396 - accuracy: 0.2812
5/5 [==============================] - 0s 2ms/step - loss: 4.4943 - accuracy: 0.1970
Epoch 23/25

1/5 [=====>........................] - ETA: 0s - loss: 4.3499 - accuracy: 0.2188
5/5 [==============================] - 0s 2ms/step - loss: 4.3823 - accuracy: 0.1894
Epoch 24/25

1/5 [=====>........................] - ETA: 0s - loss: 4.3020 - accuracy: 0.2188
5/5 [==============================] - 0s 2ms/step - loss: 4.2882 - accuracy: 0.2045
Epoch 25/25

1/5 [=====>........................] - ETA: 0s - loss: 4.2132 - accuracy: 0.2188
5/5 [==============================] - 0s 2ms/step - loss: 4.1701 - accuracy: 0.1970
# node2vec
Epoch 1/25

1/5 [=====>........................] - ETA: 0s - loss: 5.7004 - accuracy: 0.1562
5/5 [==============================] - 0s 1ms/step - loss: 5.6975 - accuracy: 0.0625
Epoch 2/25

1/5 [=====>........................] - ETA: 0s - loss: 5.6930 - accuracy: 0.0312
5/5 [==============================] - 0s 2ms/step - loss: 5.6884 - accuracy: 0.0606
Epoch 3/25

1/5 [=====>........................] - ETA: 0s - loss: 5.6876 - accuracy: 0.2500
5/5 [==============================] - 0s 2ms/step - loss: 5.6788 - accuracy: 0.0673
Epoch 4/25

1/5 [=====>........................] - ETA: 0s - loss: 5.6766 - accuracy: 0.1562
5/5 [==============================] - 0s 1ms/step - loss: 5.6707 - accuracy: 0.0985
Epoch 5/25

1/5 [=====>........................] - ETA: 0s - loss: 5.6697 - accuracy: 0.2188
5/5 [==============================] - 0s 1ms/step - loss: 5.6623 - accuracy: 0.1894
Epoch 6/25

1/5 [=====>........................] - ETA: 0s - loss: 5.6649 - accuracy: 0.1562
5/5 [==============================] - 0s 1ms/step - loss: 5.6534 - accuracy: 0.2045
Epoch 7/25

1/5 [=====>........................] - ETA: 0s - loss: 5.6556 - accuracy: 0.0938
5/5 [==============================] - 0s 1ms/step - loss: 5.6443 - accuracy: 0.2045
Epoch 8/25

1/5 [=====>........................] - ETA: 0s - loss: 5.6165 - accuracy: 0.1250
5/5 [==============================] - 0s 1ms/step - loss: 5.6285 - accuracy: 0.1894
Epoch 9/25

1/5 [=====>........................] - ETA: 0s - loss: 5.6394 - accuracy: 0.2188
5/5 [==============================] - 0s 1ms/step - loss: 5.6369 - accuracy: 0.1818
Epoch 10/25

1/5 [=====>........................] - ETA: 0s - loss: 5.6342 - accuracy: 0.0625
5/5 [==============================] - 0s 1ms/step - loss: 5.6184 - accuracy: 0.1818
Epoch 11/25

1/5 [=====>........................] - ETA: 0s - loss: 5.5745 - accuracy: 0.2500
5/5 [==============================] - 0s 2ms/step - loss: 5.6109 - accuracy: 0.2121
Epoch 12/25

1/5 [=====>........................] - ETA: 0s - loss: 5.6198 - accuracy: 0.1250
5/5 [==============================] - 0s 1ms/step - loss: 5.6019 - accuracy: 0.1894
Epoch 13/25

1/5 [=====>........................] - ETA: 0s - loss: 5.6109 - accuracy: 0.1875
5/5 [==============================] - 0s 1ms/step - loss: 5.5939 - accuracy: 0.1970
Epoch 14/25

1/5 [=====>........................] - ETA: 0s - loss: 5.5383 - accuracy: 0.1875
5/5 [==============================] - 0s 1ms/step - loss: 5.5855 - accuracy: 0.1818
Epoch 15/25

1/5 [=====>........................] - ETA: 0s - loss: 5.6008 - accuracy: 0.1875
5/5 [==============================] - 0s 1ms/step - loss: 5.5778 - accuracy: 0.2045
Epoch 16/25

1/5 [=====>........................] - ETA: 0s - loss: 5.5117 - accuracy: 0.2500
5/5 [==============================] - 0s 2ms/step - loss: 5.5676 - accuracy: 0.1818
Epoch 17/25

1/5 [=====>........................] - ETA: 0s - loss: 5.5858 - accuracy: 0.1875
5/5 [==============================] - 0s 1ms/step - loss: 5.5587 - accuracy: 0.2121
Epoch 18/25

1/5 [=====>........................] - ETA: 0s - loss: 5.5693 - accuracy: 0.2812
5/5 [==============================] - 0s 1ms/step - loss: 5.5530 - accuracy: 0.1818
Epoch 19/25

1/5 [=====>........................] - ETA: 0s - loss: 5.4809 - accuracy: 0.1875
5/5 [==============================] - 0s 1ms/step - loss: 5.5222 - accuracy: 0.2576
Epoch 20/25

1/5 [=====>........................] - ETA: 0s - loss: 5.5567 - accuracy: 0.2188
5/5 [==============================] - 0s 1ms/step - loss: 5.5376 - accuracy: 0.1667
Epoch 21/25

1/5 [=====>........................] - ETA: 0s - loss: 5.5483 - accuracy: 0.2188
5/5 [==============================] - 0s 1ms/step - loss: 5.5485 - accuracy: 0.1970
Epoch 22/25

1/5 [=====>........................] - ETA: 0s - loss: 5.5483 - accuracy: 0.0625
5/5 [==============================] - 0s 2ms/step - loss: 5.5206 - accuracy: 0.1818
Epoch 23/25

1/5 [=====>........................] - ETA: 0s - loss: 5.5374 - accuracy: 0.2188
5/5 [==============================] - 0s 1ms/step - loss: 5.5120 - accuracy: 0.2197
Epoch 24/25

1/5 [=====>........................] - ETA: 0s - loss: 5.5307 - accuracy: 0.1562
5/5 [==============================] - 0s 1ms/step - loss: 5.4831 - accuracy: 0.1667
Epoch 25/25

1/5 [=====>........................] - ETA: 0s - loss: 5.5168 - accuracy: 0.2812
5/5 [==============================] - 0s 1ms/step - loss: 5.5190 - accuracy: 0.2273
# predict: steps=103
# predict: tnodeembed_metrics
# predict: node2vec_metrics
tnodeembed: {'auc': 0.8742933408581859, 'f1_micro': 0.0, 'f1_macro': 0.0} tNodeEmbed_final_loss=4.170055866241455 tNodeEmbed_final_accuracy=0.19696970283985138 
node2vec: {'auc': 0.8658277859893432, 'f1_micro': 0.0, 'f1_macro': 0.0} node2vec_final_loss=5.519026756286621 node2vec_final_accuracy=0.22727273404598236 
