# load graph
Processing Static file: filename='interactions_with_dates_1977.csv'
# initialize tNodeEmbed for dataset=PPI_NC, test_size=0.2
# load dataset
# fit
# tNodeEmbed steps_per_epoch=5
Epoch 1/25

1/5 [=====>........................] - ETA: 3s - loss: 5.7004 - accuracy: 0.2188
5/5 [==============================] - 1s 2ms/step - loss: 5.6970 - accuracy: 0.2576
Epoch 2/25

1/5 [=====>........................] - ETA: 0s - loss: 5.6914 - accuracy: 0.1562
5/5 [==============================] - 0s 2ms/step - loss: 5.6866 - accuracy: 0.2652
Epoch 3/25

1/5 [=====>........................] - ETA: 0s - loss: 5.6800 - accuracy: 0.2188
5/5 [==============================] - 0s 3ms/step - loss: 5.6751 - accuracy: 0.2348
Epoch 4/25

1/5 [=====>........................] - ETA: 0s - loss: 5.6694 - accuracy: 0.0938
5/5 [==============================] - 0s 3ms/step - loss: 5.6606 - accuracy: 0.2121
Epoch 5/25

1/5 [=====>........................] - ETA: 0s - loss: 5.6490 - accuracy: 0.3125
5/5 [==============================] - 0s 2ms/step - loss: 5.6435 - accuracy: 0.2424
Epoch 6/25

1/5 [=====>........................] - ETA: 0s - loss: 5.6341 - accuracy: 0.2500
5/5 [==============================] - 0s 2ms/step - loss: 5.6248 - accuracy: 0.2121
Epoch 7/25

1/5 [=====>........................] - ETA: 0s - loss: 5.6150 - accuracy: 0.1875
5/5 [==============================] - 0s 2ms/step - loss: 5.5991 - accuracy: 0.2576
Epoch 8/25

1/5 [=====>........................] - ETA: 0s - loss: 5.5792 - accuracy: 0.2500
5/5 [==============================] - 0s 2ms/step - loss: 5.5734 - accuracy: 0.2121
Epoch 9/25

1/5 [=====>........................] - ETA: 0s - loss: 5.5461 - accuracy: 0.2812
5/5 [==============================] - 0s 3ms/step - loss: 5.5355 - accuracy: 0.2576
Epoch 10/25

1/5 [=====>........................] - ETA: 0s - loss: 5.5333 - accuracy: 0.1562
5/5 [==============================] - 0s 3ms/step - loss: 5.4983 - accuracy: 0.2348
Epoch 11/25

1/5 [=====>........................] - ETA: 0s - loss: 5.4974 - accuracy: 0.1562
5/5 [==============================] - 0s 3ms/step - loss: 5.4548 - accuracy: 0.2348
Epoch 12/25

1/5 [=====>........................] - ETA: 0s - loss: 5.4327 - accuracy: 0.1562
5/5 [==============================] - 0s 3ms/step - loss: 5.4073 - accuracy: 0.2273
Epoch 13/25

1/5 [=====>........................] - ETA: 0s - loss: 5.3707 - accuracy: 0.1875
5/5 [==============================] - 0s 2ms/step - loss: 5.3499 - accuracy: 0.2197
Epoch 14/25

1/5 [=====>........................] - ETA: 0s - loss: 5.2867 - accuracy: 0.3438
5/5 [==============================] - 0s 3ms/step - loss: 5.2809 - accuracy: 0.2273
Epoch 15/25

1/5 [=====>........................] - ETA: 0s - loss: 5.2358 - accuracy: 0.2500
5/5 [==============================] - 0s 3ms/step - loss: 5.2045 - accuracy: 0.2576
Epoch 16/25

1/5 [=====>........................] - ETA: 0s - loss: 5.1385 - accuracy: 0.3125
5/5 [==============================] - 0s 3ms/step - loss: 5.1230 - accuracy: 0.2576
Epoch 17/25

1/5 [=====>........................] - ETA: 0s - loss: 5.0954 - accuracy: 0.2188
5/5 [==============================] - 0s 3ms/step - loss: 5.0442 - accuracy: 0.2273
Epoch 18/25

1/5 [=====>........................] - ETA: 0s - loss: 5.0034 - accuracy: 0.1875
5/5 [==============================] - 0s 3ms/step - loss: 4.9597 - accuracy: 0.2348
Epoch 19/25

1/5 [=====>........................] - ETA: 0s - loss: 4.8933 - accuracy: 0.2812
5/5 [==============================] - 0s 3ms/step - loss: 4.8579 - accuracy: 0.2273
Epoch 20/25

1/5 [=====>........................] - ETA: 0s - loss: 4.8278 - accuracy: 0.1250
5/5 [==============================] - 0s 3ms/step - loss: 4.7698 - accuracy: 0.2197
Epoch 21/25

1/5 [=====>........................] - ETA: 0s - loss: 4.7161 - accuracy: 0.2188
5/5 [==============================] - 0s 3ms/step - loss: 4.6605 - accuracy: 0.2348
Epoch 22/25

1/5 [=====>........................] - ETA: 0s - loss: 4.6095 - accuracy: 0.1875
5/5 [==============================] - 0s 3ms/step - loss: 4.5291 - accuracy: 0.2500
Epoch 23/25

1/5 [=====>........................] - ETA: 0s - loss: 4.5091 - accuracy: 0.2812
5/5 [==============================] - 0s 3ms/step - loss: 4.4215 - accuracy: 0.2197
Epoch 24/25

1/5 [=====>........................] - ETA: 0s - loss: 4.3211 - accuracy: 0.2188
5/5 [==============================] - 0s 3ms/step - loss: 4.3211 - accuracy: 0.2348
Epoch 25/25

1/5 [=====>........................] - ETA: 0s - loss: 4.1843 - accuracy: 0.3125
5/5 [==============================] - 0s 2ms/step - loss: 4.2032 - accuracy: 0.2424
# node2vec
Epoch 1/25

1/5 [=====>........................] - ETA: 0s - loss: 5.7004 - accuracy: 0.2500
5/5 [==============================] - 0s 1ms/step - loss: 5.6978 - accuracy: 0.2197
Epoch 2/25

1/5 [=====>........................] - ETA: 0s - loss: 5.6924 - accuracy: 0.3438
5/5 [==============================] - 0s 1ms/step - loss: 5.6904 - accuracy: 0.2348
Epoch 3/25

1/5 [=====>........................] - ETA: 0s - loss: 5.6847 - accuracy: 0.2188
5/5 [==============================] - 0s 2ms/step - loss: 5.6826 - accuracy: 0.2273
Epoch 4/25

1/5 [=====>........................] - ETA: 0s - loss: 5.6777 - accuracy: 0.3438
5/5 [==============================] - 0s 2ms/step - loss: 5.6751 - accuracy: 0.2273
Epoch 5/25

1/5 [=====>........................] - ETA: 0s - loss: 5.6693 - accuracy: 0.3438
5/5 [==============================] - 0s 2ms/step - loss: 5.6677 - accuracy: 0.2803
Epoch 6/25

1/5 [=====>........................] - ETA: 0s - loss: 5.6629 - accuracy: 0.1875
5/5 [==============================] - 0s 4ms/step - loss: 5.6600 - accuracy: 0.2273
Epoch 7/25

1/5 [=====>........................] - ETA: 0s - loss: 5.6561 - accuracy: 0.1562
5/5 [==============================] - 0s 3ms/step - loss: 5.6531 - accuracy: 0.2197
Epoch 8/25

1/5 [=====>........................] - ETA: 0s - loss: 5.6451 - accuracy: 0.2188
5/5 [==============================] - 0s 2ms/step - loss: 5.6446 - accuracy: 0.2652
Epoch 9/25

1/5 [=====>........................] - ETA: 0s - loss: 5.6390 - accuracy: 0.2188
5/5 [==============================] - 0s 2ms/step - loss: 5.6382 - accuracy: 0.2121
Epoch 10/25

1/5 [=====>........................] - ETA: 0s - loss: 5.6344 - accuracy: 0.3438
5/5 [==============================] - 0s 2ms/step - loss: 5.6311 - accuracy: 0.2121
Epoch 11/25

1/5 [=====>........................] - ETA: 0s - loss: 5.6270 - accuracy: 0.2188
5/5 [==============================] - 0s 2ms/step - loss: 5.6226 - accuracy: 0.2652
Epoch 12/25

1/5 [=====>........................] - ETA: 0s - loss: 5.6169 - accuracy: 0.2812
5/5 [==============================] - 0s 2ms/step - loss: 5.6151 - accuracy: 0.2424
Epoch 13/25

1/5 [=====>........................] - ETA: 0s - loss: 5.6175 - accuracy: 0.0625
5/5 [==============================] - 0s 2ms/step - loss: 5.6098 - accuracy: 0.2121
Epoch 14/25

1/5 [=====>........................] - ETA: 0s - loss: 5.6056 - accuracy: 0.2812
5/5 [==============================] - 0s 2ms/step - loss: 5.6001 - accuracy: 0.2424
Epoch 15/25

1/5 [=====>........................] - ETA: 0s - loss: 5.5937 - accuracy: 0.3438
5/5 [==============================] - 0s 2ms/step - loss: 5.5941 - accuracy: 0.2727
Epoch 16/25

1/5 [=====>........................] - ETA: 0s - loss: 5.5888 - accuracy: 0.1875
5/5 [==============================] - 0s 2ms/step - loss: 5.5875 - accuracy: 0.1970
Epoch 17/25

1/5 [=====>........................] - ETA: 0s - loss: 5.5820 - accuracy: 0.1250
5/5 [==============================] - 0s 2ms/step - loss: 5.5798 - accuracy: 0.1970
Epoch 18/25

1/5 [=====>........................] - ETA: 0s - loss: 5.5731 - accuracy: 0.2500
5/5 [==============================] - 0s 2ms/step - loss: 5.5714 - accuracy: 0.2576
Epoch 19/25

1/5 [=====>........................] - ETA: 0s - loss: 5.5614 - accuracy: 0.2812
5/5 [==============================] - 0s 2ms/step - loss: 5.5669 - accuracy: 0.2348
Epoch 20/25

1/5 [=====>........................] - ETA: 0s - loss: 5.5572 - accuracy: 0.2188
5/5 [==============================] - 0s 2ms/step - loss: 5.5594 - accuracy: 0.2197
Epoch 21/25

1/5 [=====>........................] - ETA: 0s - loss: 5.5510 - accuracy: 0.2812
5/5 [==============================] - 0s 2ms/step - loss: 5.5479 - accuracy: 0.2803
Epoch 22/25

1/5 [=====>........................] - ETA: 0s - loss: 5.5466 - accuracy: 0.1875
5/5 [==============================] - 0s 2ms/step - loss: 5.5427 - accuracy: 0.2348
Epoch 23/25

1/5 [=====>........................] - ETA: 0s - loss: 5.5400 - accuracy: 0.2188
5/5 [==============================] - 0s 1ms/step - loss: 5.5398 - accuracy: 0.2045
Epoch 24/25

1/5 [=====>........................] - ETA: 0s - loss: 5.5257 - accuracy: 0.3438
5/5 [==============================] - 0s 2ms/step - loss: 5.5271 - accuracy: 0.2879
Epoch 25/25

1/5 [=====>........................] - ETA: 0s - loss: 5.5337 - accuracy: 0.0938
5/5 [==============================] - 0s 2ms/step - loss: 5.5237 - accuracy: 0.2197
# predict: steps=103
# predict: tnodeembed_metrics
# predict: node2vec_metrics
tnodeembed: {'auc': 0.9042539788900482, 'f1_micro': 0.0, 'f1_macro': 0.0} tNodeEmbed_final_loss=4.203198432922363 tNodeEmbed_final_accuracy=0.24242424964904785 
node2vec: {'auc': 0.901690320421992, 'f1_micro': 0.0, 'f1_macro': 0.0} node2vec_final_loss=5.523682594299316 node2vec_final_accuracy=0.21969696879386902 
