# load graph
Processing Static file: filename='interactions_with_dates_1982.csv'
# initialize tNodeEmbed for dataset=PPI_NC, test_size=0.2
# load dataset
# fit
# tNodeEmbed steps_per_epoch=5
Epoch 1/25

1/5 [=====>........................] - ETA: 3s - loss: 5.7004 - accuracy: 0.1875
5/5 [==============================] - 1s 3ms/step - loss: 5.6974 - accuracy: 0.1288
Epoch 2/25

1/5 [=====>........................] - ETA: 0s - loss: 5.6922 - accuracy: 0.0312
5/5 [==============================] - 0s 3ms/step - loss: 5.6873 - accuracy: 0.1515
Epoch 3/25

1/5 [=====>........................] - ETA: 0s - loss: 5.6798 - accuracy: 0.1250
5/5 [==============================] - 0s 3ms/step - loss: 5.6759 - accuracy: 0.1212
Epoch 4/25

1/5 [=====>........................] - ETA: 0s - loss: 5.6677 - accuracy: 0.1562
5/5 [==============================] - 0s 3ms/step - loss: 5.6627 - accuracy: 0.1288
Epoch 5/25

1/5 [=====>........................] - ETA: 0s - loss: 5.6540 - accuracy: 0.1875
5/5 [==============================] - 0s 3ms/step - loss: 5.6479 - accuracy: 0.1212
Epoch 6/25

1/5 [=====>........................] - ETA: 0s - loss: 5.6375 - accuracy: 0.1562
5/5 [==============================] - 0s 2ms/step - loss: 5.6285 - accuracy: 0.1667
Epoch 7/25

1/5 [=====>........................] - ETA: 0s - loss: 5.6099 - accuracy: 0.2812
5/5 [==============================] - 0s 2ms/step - loss: 5.6040 - accuracy: 0.1515
Epoch 8/25

1/5 [=====>........................] - ETA: 0s - loss: 5.5955 - accuracy: 0.1875
5/5 [==============================] - 0s 2ms/step - loss: 5.5778 - accuracy: 0.1742
Epoch 9/25

1/5 [=====>........................] - ETA: 0s - loss: 5.5562 - accuracy: 0.1250
5/5 [==============================] - 0s 3ms/step - loss: 5.5442 - accuracy: 0.1364
Epoch 10/25

1/5 [=====>........................] - ETA: 0s - loss: 5.5146 - accuracy: 0.2188
5/5 [==============================] - 0s 3ms/step - loss: 5.5067 - accuracy: 0.1742
Epoch 11/25

1/5 [=====>........................] - ETA: 0s - loss: 5.4696 - accuracy: 0.1562
5/5 [==============================] - 0s 3ms/step - loss: 5.4671 - accuracy: 0.1364
Epoch 12/25

1/5 [=====>........................] - ETA: 0s - loss: 5.4167 - accuracy: 0.1562
5/5 [==============================] - 0s 3ms/step - loss: 5.4070 - accuracy: 0.1515
Epoch 13/25

1/5 [=====>........................] - ETA: 0s - loss: 5.4043 - accuracy: 0.0625
5/5 [==============================] - 0s 2ms/step - loss: 5.3572 - accuracy: 0.1439
Epoch 14/25

1/5 [=====>........................] - ETA: 0s - loss: 5.3151 - accuracy: 0.1250
5/5 [==============================] - 0s 2ms/step - loss: 5.2871 - accuracy: 0.1515
Epoch 15/25

1/5 [=====>........................] - ETA: 0s - loss: 5.2542 - accuracy: 0.1250
5/5 [==============================] - 0s 2ms/step - loss: 5.2286 - accuracy: 0.1439
Epoch 16/25

1/5 [=====>........................] - ETA: 0s - loss: 5.1808 - accuracy: 0.1250
5/5 [==============================] - 0s 2ms/step - loss: 5.1416 - accuracy: 0.1515
Epoch 17/25

1/5 [=====>........................] - ETA: 0s - loss: 5.0429 - accuracy: 0.2812
5/5 [==============================] - 0s 2ms/step - loss: 5.0740 - accuracy: 0.1591
Epoch 18/25

1/5 [=====>........................] - ETA: 0s - loss: 4.9590 - accuracy: 0.1250
5/5 [==============================] - 0s 3ms/step - loss: 4.9645 - accuracy: 0.1515
Epoch 19/25

1/5 [=====>........................] - ETA: 0s - loss: 4.9612 - accuracy: 0.1250
5/5 [==============================] - 0s 3ms/step - loss: 4.8723 - accuracy: 0.1667
Epoch 20/25

1/5 [=====>........................] - ETA: 0s - loss: 4.8221 - accuracy: 0.1562
5/5 [==============================] - 0s 3ms/step - loss: 4.7784 - accuracy: 0.1591
Epoch 21/25

1/5 [=====>........................] - ETA: 0s - loss: 4.7215 - accuracy: 0.1562
5/5 [==============================] - 0s 2ms/step - loss: 4.6703 - accuracy: 0.1439
Epoch 22/25

1/5 [=====>........................] - ETA: 0s - loss: 4.6751 - accuracy: 0.0938
5/5 [==============================] - 0s 2ms/step - loss: 4.5868 - accuracy: 0.1288
Epoch 23/25

1/5 [=====>........................] - ETA: 0s - loss: 4.5185 - accuracy: 0.1562
5/5 [==============================] - 0s 2ms/step - loss: 4.4493 - accuracy: 0.1667
Epoch 24/25

1/5 [=====>........................] - ETA: 0s - loss: 4.3563 - accuracy: 0.0625
5/5 [==============================] - 0s 5ms/step - loss: 4.3342 - accuracy: 0.1515
Epoch 25/25

1/5 [=====>........................] - ETA: 0s - loss: 4.2311 - accuracy: 0.1562
5/5 [==============================] - 0s 3ms/step - loss: 4.2556 - accuracy: 0.1364
# node2vec
Epoch 1/25

1/5 [=====>........................] - ETA: 0s - loss: 5.7004 - accuracy: 0.1562
5/5 [==============================] - 0s 2ms/step - loss: 5.6979 - accuracy: 0.1061
Epoch 2/25

1/5 [=====>........................] - ETA: 0s - loss: 5.6929 - accuracy: 0.2188
5/5 [==============================] - 0s 2ms/step - loss: 5.6911 - accuracy: 0.1591
Epoch 3/25

1/5 [=====>........................] - ETA: 0s - loss: 5.6863 - accuracy: 0.2188
5/5 [==============================] - 0s 2ms/step - loss: 5.6831 - accuracy: 0.1288
Epoch 4/25

1/5 [=====>........................] - ETA: 0s - loss: 5.6792 - accuracy: 0.2188
5/5 [==============================] - 0s 3ms/step - loss: 5.6765 - accuracy: 0.1212
Epoch 5/25

1/5 [=====>........................] - ETA: 0s - loss: 5.6714 - accuracy: 0.1250
5/5 [==============================] - 0s 2ms/step - loss: 5.6685 - accuracy: 0.1667
Epoch 6/25

1/5 [=====>........................] - ETA: 0s - loss: 5.6648 - accuracy: 0.0625
5/5 [==============================] - 0s 2ms/step - loss: 5.6619 - accuracy: 0.1212
Epoch 7/25

1/5 [=====>........................] - ETA: 0s - loss: 5.6565 - accuracy: 0.1250
5/5 [==============================] - 0s 2ms/step - loss: 5.6552 - accuracy: 0.1212
Epoch 8/25

1/5 [=====>........................] - ETA: 0s - loss: 5.6513 - accuracy: 0.0625
5/5 [==============================] - 0s 2ms/step - loss: 5.6472 - accuracy: 0.1667
Epoch 9/25

1/5 [=====>........................] - ETA: 0s - loss: 5.6432 - accuracy: 0.1250
5/5 [==============================] - 0s 2ms/step - loss: 5.6405 - accuracy: 0.1212
Epoch 10/25

1/5 [=====>........................] - ETA: 0s - loss: 5.6351 - accuracy: 0.1875
5/5 [==============================] - 0s 2ms/step - loss: 5.6337 - accuracy: 0.1667
Epoch 11/25

1/5 [=====>........................] - ETA: 0s - loss: 5.6254 - accuracy: 0.0625
5/5 [==============================] - 0s 1ms/step - loss: 5.6253 - accuracy: 0.1136
Epoch 12/25

1/5 [=====>........................] - ETA: 0s - loss: 5.6217 - accuracy: 0.0938
5/5 [==============================] - 0s 2ms/step - loss: 5.6193 - accuracy: 0.1212
Epoch 13/25

1/5 [=====>........................] - ETA: 0s - loss: 5.6164 - accuracy: 0.1562
5/5 [==============================] - 0s 2ms/step - loss: 5.6115 - accuracy: 0.1364
Epoch 14/25

1/5 [=====>........................] - ETA: 0s - loss: 5.6047 - accuracy: 0.1875
5/5 [==============================] - 0s 2ms/step - loss: 5.6044 - accuracy: 0.1439
Epoch 15/25

1/5 [=====>........................] - ETA: 0s - loss: 5.6024 - accuracy: 0.1562
5/5 [==============================] - 0s 2ms/step - loss: 5.5984 - accuracy: 0.1364
Epoch 16/25

1/5 [=====>........................] - ETA: 0s - loss: 5.5937 - accuracy: 0.1250
5/5 [==============================] - 0s 2ms/step - loss: 5.5902 - accuracy: 0.1288
Epoch 17/25

1/5 [=====>........................] - ETA: 0s - loss: 5.5844 - accuracy: 0.1562
5/5 [==============================] - 0s 2ms/step - loss: 5.5831 - accuracy: 0.1439
Epoch 18/25

1/5 [=====>........................] - ETA: 0s - loss: 5.5744 - accuracy: 0.2812
5/5 [==============================] - 0s 2ms/step - loss: 5.5759 - accuracy: 0.1288
Epoch 19/25

1/5 [=====>........................] - ETA: 0s - loss: 5.5747 - accuracy: 0.1875
5/5 [==============================] - 0s 1ms/step - loss: 5.5708 - accuracy: 0.1667
Epoch 20/25

1/5 [=====>........................] - ETA: 0s - loss: 5.5667 - accuracy: 0.1250
5/5 [==============================] - 0s 2ms/step - loss: 5.5623 - accuracy: 0.0985
Epoch 21/25

1/5 [=====>........................] - ETA: 0s - loss: 5.5530 - accuracy: 0.1562
5/5 [==============================] - 0s 2ms/step - loss: 5.5567 - accuracy: 0.0758
Epoch 22/25

1/5 [=====>........................] - ETA: 0s - loss: 5.5504 - accuracy: 0.0312
5/5 [==============================] - 0s 2ms/step - loss: 5.5492 - accuracy: 0.0909
Epoch 23/25

1/5 [=====>........................] - ETA: 0s - loss: 5.5450 - accuracy: 0.0938
5/5 [==============================] - 0s 2ms/step - loss: 5.5403 - accuracy: 0.1061
Epoch 24/25

1/5 [=====>........................] - ETA: 0s - loss: 5.5351 - accuracy: 0.0625
5/5 [==============================] - 0s 2ms/step - loss: 5.5362 - accuracy: 0.0606
Epoch 25/25

1/5 [=====>........................] - ETA: 0s - loss: 5.5288 - accuracy: 0.1250
5/5 [==============================] - 0s 1ms/step - loss: 5.5266 - accuracy: 0.1591
# predict: steps=103
# predict: tnodeembed_metrics
# predict: node2vec_metrics
tnodeembed: {'auc': 0.9069992803837628, 'f1_micro': 0.0, 'f1_macro': 0.0} tNodeEmbed_final_loss=4.255605697631836 tNodeEmbed_final_accuracy=0.13636364042758942 
node2vec: {'auc': 0.8932620252917844, 'f1_micro': 0.0, 'f1_macro': 0.0} node2vec_final_loss=5.526618003845215 node2vec_final_accuracy=0.15909090638160706 
