# load graph
Processing Static file: filename='interactions_with_dates_1981.csv'
# initialize tNodeEmbed for dataset=PPI_NC, test_size=0.2
# load dataset
# fit
# tNodeEmbed steps_per_epoch=5
Epoch 1/25

1/5 [=====>........................] - ETA: 4s - loss: 5.7004 - accuracy: 0.2188
5/5 [==============================] - 1s 3ms/step - loss: 5.6966 - accuracy: 0.2125
Epoch 2/25

1/5 [=====>........................] - ETA: 0s - loss: 5.6902 - accuracy: 0.2188
5/5 [==============================] - 0s 3ms/step - loss: 5.6850 - accuracy: 0.2197
Epoch 3/25

1/5 [=====>........................] - ETA: 0s - loss: 5.6785 - accuracy: 0.1875
5/5 [==============================] - 0s 3ms/step - loss: 5.6729 - accuracy: 0.1923
Epoch 4/25

1/5 [=====>........................] - ETA: 0s - loss: 5.6642 - accuracy: 0.2500
5/5 [==============================] - 0s 3ms/step - loss: 5.6587 - accuracy: 0.1970
Epoch 5/25

1/5 [=====>........................] - ETA: 0s - loss: 5.6505 - accuracy: 0.0625
5/5 [==============================] - 0s 3ms/step - loss: 5.6422 - accuracy: 0.2045
Epoch 6/25

1/5 [=====>........................] - ETA: 0s - loss: 5.6296 - accuracy: 0.2188
5/5 [==============================] - 0s 3ms/step - loss: 5.6201 - accuracy: 0.2500
Epoch 7/25

1/5 [=====>........................] - ETA: 0s - loss: 5.6056 - accuracy: 0.1250
5/5 [==============================] - 0s 4ms/step - loss: 5.5978 - accuracy: 0.1591
Epoch 8/25

1/5 [=====>........................] - ETA: 0s - loss: 5.5783 - accuracy: 0.2188
5/5 [==============================] - 0s 3ms/step - loss: 5.5675 - accuracy: 0.2121
Epoch 9/25

1/5 [=====>........................] - ETA: 0s - loss: 5.5409 - accuracy: 0.2500
5/5 [==============================] - 0s 3ms/step - loss: 5.5308 - accuracy: 0.2197
Epoch 10/25

1/5 [=====>........................] - ETA: 0s - loss: 5.5058 - accuracy: 0.1562
5/5 [==============================] - 0s 2ms/step - loss: 5.4958 - accuracy: 0.1667
Epoch 11/25

1/5 [=====>........................] - ETA: 0s - loss: 5.4640 - accuracy: 0.2500
5/5 [==============================] - 0s 3ms/step - loss: 5.4476 - accuracy: 0.2348
Epoch 12/25

1/5 [=====>........................] - ETA: 0s - loss: 5.4124 - accuracy: 0.1875
5/5 [==============================] - 0s 3ms/step - loss: 5.3926 - accuracy: 0.2045
Epoch 13/25

1/5 [=====>........................] - ETA: 0s - loss: 5.3444 - accuracy: 0.2500
5/5 [==============================] - 0s 3ms/step - loss: 5.3377 - accuracy: 0.1970
Epoch 14/25

1/5 [=====>........................] - ETA: 0s - loss: 5.3192 - accuracy: 0.1562
5/5 [==============================] - 0s 3ms/step - loss: 5.2767 - accuracy: 0.2045
Epoch 15/25

1/5 [=====>........................] - ETA: 0s - loss: 5.2317 - accuracy: 0.2188
5/5 [==============================] - 0s 3ms/step - loss: 5.1940 - accuracy: 0.2121
Epoch 16/25

1/5 [=====>........................] - ETA: 0s - loss: 5.1502 - accuracy: 0.2812
5/5 [==============================] - 0s 3ms/step - loss: 5.1207 - accuracy: 0.2045
Epoch 17/25

1/5 [=====>........................] - ETA: 0s - loss: 5.0560 - accuracy: 0.2188
5/5 [==============================] - 0s 3ms/step - loss: 5.0440 - accuracy: 0.1970
Epoch 18/25

1/5 [=====>........................] - ETA: 0s - loss: 5.0143 - accuracy: 0.1562
5/5 [==============================] - 0s 3ms/step - loss: 4.9373 - accuracy: 0.2273
Epoch 19/25

1/5 [=====>........................] - ETA: 0s - loss: 4.8759 - accuracy: 0.2500
5/5 [==============================] - 0s 3ms/step - loss: 4.8567 - accuracy: 0.1970
Epoch 20/25

1/5 [=====>........................] - ETA: 0s - loss: 4.7877 - accuracy: 0.2188
5/5 [==============================] - 0s 3ms/step - loss: 4.7539 - accuracy: 0.1667
Epoch 21/25

1/5 [=====>........................] - ETA: 0s - loss: 4.6478 - accuracy: 0.2812
5/5 [==============================] - 0s 3ms/step - loss: 4.6357 - accuracy: 0.2273
Epoch 22/25

1/5 [=====>........................] - ETA: 0s - loss: 4.5483 - accuracy: 0.2188
5/5 [==============================] - 0s 2ms/step - loss: 4.5383 - accuracy: 0.1894
Epoch 23/25

1/5 [=====>........................] - ETA: 0s - loss: 4.4071 - accuracy: 0.2812
5/5 [==============================] - 0s 3ms/step - loss: 4.3899 - accuracy: 0.2197
Epoch 24/25

1/5 [=====>........................] - ETA: 0s - loss: 4.3274 - accuracy: 0.1875
5/5 [==============================] - 0s 3ms/step - loss: 4.3112 - accuracy: 0.2045
Epoch 25/25

1/5 [=====>........................] - ETA: 0s - loss: 4.3257 - accuracy: 0.1562
5/5 [==============================] - 0s 2ms/step - loss: 4.1888 - accuracy: 0.1970
# node2vec
Epoch 1/25

1/5 [=====>........................] - ETA: 0s - loss: 5.7004 - accuracy: 0.1250
5/5 [==============================] - 0s 2ms/step - loss: 5.6978 - accuracy: 0.0909
Epoch 2/25

1/5 [=====>........................] - ETA: 0s - loss: 5.6925 - accuracy: 0.1562
5/5 [==============================] - 0s 2ms/step - loss: 5.6903 - accuracy: 0.1439
Epoch 3/25

1/5 [=====>........................] - ETA: 0s - loss: 5.6850 - accuracy: 0.2188
5/5 [==============================] - 0s 2ms/step - loss: 5.6824 - accuracy: 0.2348
Epoch 4/25

1/5 [=====>........................] - ETA: 0s - loss: 5.6779 - accuracy: 0.1562
5/5 [==============================] - 0s 2ms/step - loss: 5.6748 - accuracy: 0.2197
Epoch 5/25

1/5 [=====>........................] - ETA: 0s - loss: 5.6694 - accuracy: 0.2812
5/5 [==============================] - 0s 2ms/step - loss: 5.6677 - accuracy: 0.1591
Epoch 6/25

1/5 [=====>........................] - ETA: 0s - loss: 5.6631 - accuracy: 0.1250
5/5 [==============================] - 0s 2ms/step - loss: 5.6603 - accuracy: 0.2045
Epoch 7/25

1/5 [=====>........................] - ETA: 0s - loss: 5.6554 - accuracy: 0.2500
5/5 [==============================] - 0s 2ms/step - loss: 5.6521 - accuracy: 0.2348
Epoch 8/25

1/5 [=====>........................] - ETA: 0s - loss: 5.6494 - accuracy: 0.1250
5/5 [==============================] - 0s 2ms/step - loss: 5.6464 - accuracy: 0.1970
Epoch 9/25

1/5 [=====>........................] - ETA: 0s - loss: 5.6416 - accuracy: 0.1562
5/5 [==============================] - 0s 1ms/step - loss: 5.6381 - accuracy: 0.1894
Epoch 10/25

1/5 [=====>........................] - ETA: 0s - loss: 5.6353 - accuracy: 0.3438
5/5 [==============================] - 0s 2ms/step - loss: 5.6306 - accuracy: 0.2273
Epoch 11/25

1/5 [=====>........................] - ETA: 0s - loss: 5.6277 - accuracy: 0.0938
5/5 [==============================] - 0s 2ms/step - loss: 5.6246 - accuracy: 0.1818
Epoch 12/25

1/5 [=====>........................] - ETA: 0s - loss: 5.6181 - accuracy: 0.2500
5/5 [==============================] - 0s 1ms/step - loss: 5.6152 - accuracy: 0.2273
Epoch 13/25

1/5 [=====>........................] - ETA: 0s - loss: 5.6190 - accuracy: 0.0938
5/5 [==============================] - 0s 1ms/step - loss: 5.6106 - accuracy: 0.1742
Epoch 14/25

1/5 [=====>........................] - ETA: 0s - loss: 5.6051 - accuracy: 0.1562
5/5 [==============================] - 0s 2ms/step - loss: 5.6023 - accuracy: 0.2197
Epoch 15/25

1/5 [=====>........................] - ETA: 0s - loss: 5.5919 - accuracy: 0.3125
5/5 [==============================] - 0s 2ms/step - loss: 5.5944 - accuracy: 0.2197
Epoch 16/25

1/5 [=====>........................] - ETA: 0s - loss: 5.5885 - accuracy: 0.3125
5/5 [==============================] - 0s 2ms/step - loss: 5.5867 - accuracy: 0.1742
Epoch 17/25

1/5 [=====>........................] - ETA: 0s - loss: 5.5807 - accuracy: 0.3125
5/5 [==============================] - 0s 2ms/step - loss: 5.5807 - accuracy: 0.2273
Epoch 18/25

1/5 [=====>........................] - ETA: 0s - loss: 5.5707 - accuracy: 0.2500
5/5 [==============================] - 0s 2ms/step - loss: 5.5733 - accuracy: 0.2045
Epoch 19/25

1/5 [=====>........................] - ETA: 0s - loss: 5.5663 - accuracy: 0.1875
5/5 [==============================] - 0s 2ms/step - loss: 5.5655 - accuracy: 0.1894
Epoch 20/25

1/5 [=====>........................] - ETA: 0s - loss: 5.5677 - accuracy: 0.1562
5/5 [==============================] - 0s 2ms/step - loss: 5.5589 - accuracy: 0.1970
Epoch 21/25

1/5 [=====>........................] - ETA: 0s - loss: 5.5505 - accuracy: 0.2188
5/5 [==============================] - 0s 2ms/step - loss: 5.5508 - accuracy: 0.2121
Epoch 22/25

1/5 [=====>........................] - ETA: 0s - loss: 5.5414 - accuracy: 0.2812
5/5 [==============================] - 0s 2ms/step - loss: 5.5457 - accuracy: 0.1894
Epoch 23/25

1/5 [=====>........................] - ETA: 0s - loss: 5.5369 - accuracy: 0.2500
5/5 [==============================] - 0s 1ms/step - loss: 5.5383 - accuracy: 0.2045
Epoch 24/25

1/5 [=====>........................] - ETA: 0s - loss: 5.5213 - accuracy: 0.2812
5/5 [==============================] - 0s 1ms/step - loss: 5.5274 - accuracy: 0.2045
Epoch 25/25

1/5 [=====>........................] - ETA: 0s - loss: 5.5275 - accuracy: 0.1875
5/5 [==============================] - 0s 2ms/step - loss: 5.5224 - accuracy: 0.2121
# predict: steps=103
# predict: tnodeembed_metrics
# predict: node2vec_metrics
tnodeembed: {'auc': 0.8949723795290425, 'f1_micro': 0.0, 'f1_macro': 0.0} tNodeEmbed_final_loss=4.188802242279053 tNodeEmbed_final_accuracy=0.19696970283985138 
node2vec: {'auc': 0.896089683997212, 'f1_micro': 0.0, 'f1_macro': 0.0} node2vec_final_loss=5.522408962249756 node2vec_final_accuracy=0.21212121844291687 
