# load graph
Processing Static file: filename='interactions_with_dates_2015.csv'
# initialize tNodeEmbed for dataset=PPI_NC, test_size=0.2
# load dataset
# fit
# tNodeEmbed steps_per_epoch=5
Epoch 1/25

1/5 [=====>........................] - ETA: 6s - loss: 5.7108 - accuracy: 0.0000e+00
5/5 [==============================] - 2s 3ms/step - loss: 5.6852 - accuracy: 0.0379
Epoch 2/25

1/5 [=====>........................] - ETA: 0s - loss: 5.6377 - accuracy: 0.2188
5/5 [==============================] - 0s 3ms/step - loss: 5.6280 - accuracy: 0.1591
Epoch 3/25

1/5 [=====>........................] - ETA: 0s - loss: 5.5835 - accuracy: 0.3438
5/5 [==============================] - 0s 3ms/step - loss: 5.5541 - accuracy: 0.2576
Epoch 4/25

1/5 [=====>........................] - ETA: 0s - loss: 5.5243 - accuracy: 0.1875
5/5 [==============================] - 0s 3ms/step - loss: 5.4682 - accuracy: 0.2652
Epoch 5/25

1/5 [=====>........................] - ETA: 0s - loss: 5.4243 - accuracy: 0.1875
5/5 [==============================] - 0s 3ms/step - loss: 5.3476 - accuracy: 0.2273
Epoch 6/25

1/5 [=====>........................] - ETA: 0s - loss: 5.2732 - accuracy: 0.2812
5/5 [==============================] - 0s 3ms/step - loss: 5.2451 - accuracy: 0.2045
Epoch 7/25

1/5 [=====>........................] - ETA: 0s - loss: 5.0752 - accuracy: 0.3125
5/5 [==============================] - 0s 3ms/step - loss: 5.0534 - accuracy: 0.2500
Epoch 8/25

1/5 [=====>........................] - ETA: 0s - loss: 4.9744 - accuracy: 0.1875
5/5 [==============================] - 0s 5ms/step - loss: 4.8333 - accuracy: 0.2045
Epoch 9/25

1/5 [=====>........................] - ETA: 0s - loss: 4.6098 - accuracy: 0.2188
5/5 [==============================] - 0s 4ms/step - loss: 4.6017 - accuracy: 0.1970
Epoch 10/25

1/5 [=====>........................] - ETA: 0s - loss: 4.3071 - accuracy: 0.2500
5/5 [==============================] - 0s 3ms/step - loss: 4.2799 - accuracy: 0.2273
Epoch 11/25

1/5 [=====>........................] - ETA: 0s - loss: 3.9781 - accuracy: 0.2188
5/5 [==============================] - 0s 3ms/step - loss: 3.9386 - accuracy: 0.2197
Epoch 12/25

1/5 [=====>........................] - ETA: 0s - loss: 3.8030 - accuracy: 0.1875
5/5 [==============================] - 0s 3ms/step - loss: 3.6417 - accuracy: 0.2121
Epoch 13/25

1/5 [=====>........................] - ETA: 0s - loss: 3.2135 - accuracy: 0.3125
5/5 [==============================] - 0s 3ms/step - loss: 3.3327 - accuracy: 0.2121
Epoch 14/25

1/5 [=====>........................] - ETA: 0s - loss: 3.2537 - accuracy: 0.1250
5/5 [==============================] - 0s 3ms/step - loss: 3.0909 - accuracy: 0.1894
Epoch 15/25

1/5 [=====>........................] - ETA: 0s - loss: 3.1117 - accuracy: 0.2188
5/5 [==============================] - 0s 3ms/step - loss: 2.8897 - accuracy: 0.2273
Epoch 16/25

1/5 [=====>........................] - ETA: 0s - loss: 3.3008 - accuracy: 0.1250
5/5 [==============================] - 0s 3ms/step - loss: 2.9462 - accuracy: 0.2045
Epoch 17/25

1/5 [=====>........................] - ETA: 0s - loss: 3.2981 - accuracy: 0.0938
5/5 [==============================] - 0s 3ms/step - loss: 2.8245 - accuracy: 0.2045
Epoch 18/25

1/5 [=====>........................] - ETA: 0s - loss: 2.9518 - accuracy: 0.2188
5/5 [==============================] - 0s 3ms/step - loss: 2.7961 - accuracy: 0.2197
Epoch 19/25

1/5 [=====>........................] - ETA: 0s - loss: 2.4109 - accuracy: 0.4375
5/5 [==============================] - 0s 3ms/step - loss: 2.7663 - accuracy: 0.2879
Epoch 20/25

1/5 [=====>........................] - ETA: 0s - loss: 2.7661 - accuracy: 0.2188
5/5 [==============================] - 0s 3ms/step - loss: 2.5733 - accuracy: 0.3333
Epoch 21/25

1/5 [=====>........................] - ETA: 0s - loss: 2.6241 - accuracy: 0.2188
5/5 [==============================] - 0s 3ms/step - loss: 2.6980 - accuracy: 0.2803
Epoch 22/25

1/5 [=====>........................] - ETA: 0s - loss: 2.3880 - accuracy: 0.4062
5/5 [==============================] - 0s 3ms/step - loss: 2.5500 - accuracy: 0.3182
Epoch 23/25

1/5 [=====>........................] - ETA: 0s - loss: 2.8237 - accuracy: 0.2500
5/5 [==============================] - 0s 3ms/step - loss: 2.6686 - accuracy: 0.2955
Epoch 24/25

1/5 [=====>........................] - ETA: 0s - loss: 2.5450 - accuracy: 0.3438
5/5 [==============================] - 0s 3ms/step - loss: 2.4609 - accuracy: 0.3485
Epoch 25/25

1/5 [=====>........................] - ETA: 0s - loss: 2.4092 - accuracy: 0.2812
5/5 [==============================] - 0s 3ms/step - loss: 2.5235 - accuracy: 0.2652
# node2vec
Epoch 1/25

1/5 [=====>........................] - ETA: 0s - loss: 5.6578 - accuracy: 0.0312
5/5 [==============================] - 0s 2ms/step - loss: 5.6252 - accuracy: 0.0152
Epoch 2/25

1/5 [=====>........................] - ETA: 0s - loss: 5.6497 - accuracy: 0.0312
5/5 [==============================] - 0s 2ms/step - loss: 5.5961 - accuracy: 0.0227
Epoch 3/25

1/5 [=====>........................] - ETA: 0s - loss: 5.5743 - accuracy: 0.0000e+00
5/5 [==============================] - 0s 2ms/step - loss: 5.4772 - accuracy: 0.0303
Epoch 4/25

1/5 [=====>........................] - ETA: 0s - loss: 5.3000 - accuracy: 0.1562
5/5 [==============================] - 0s 2ms/step - loss: 5.3296 - accuracy: 0.0909
Epoch 5/25

1/5 [=====>........................] - ETA: 0s - loss: 5.2462 - accuracy: 0.0625
5/5 [==============================] - 0s 2ms/step - loss: 5.2426 - accuracy: 0.1136
Epoch 6/25

1/5 [=====>........................] - ETA: 0s - loss: 5.1691 - accuracy: 0.1250
5/5 [==============================] - 0s 2ms/step - loss: 5.1214 - accuracy: 0.1591
Epoch 7/25

1/5 [=====>........................] - ETA: 0s - loss: 5.0886 - accuracy: 0.1875
5/5 [==============================] - 0s 2ms/step - loss: 5.0099 - accuracy: 0.1894
Epoch 8/25

1/5 [=====>........................] - ETA: 0s - loss: 5.0733 - accuracy: 0.2188
5/5 [==============================] - 0s 2ms/step - loss: 4.9390 - accuracy: 0.1894
Epoch 9/25

1/5 [=====>........................] - ETA: 0s - loss: 4.8283 - accuracy: 0.2500
5/5 [==============================] - 0s 2ms/step - loss: 4.8299 - accuracy: 0.2273
Epoch 10/25

1/5 [=====>........................] - ETA: 0s - loss: 4.7255 - accuracy: 0.2812
5/5 [==============================] - 0s 2ms/step - loss: 4.7419 - accuracy: 0.2727
Epoch 11/25

1/5 [=====>........................] - ETA: 0s - loss: 4.6215 - accuracy: 0.2188
5/5 [==============================] - 0s 1ms/step - loss: 4.6448 - accuracy: 0.2576
Epoch 12/25

1/5 [=====>........................] - ETA: 0s - loss: 4.6096 - accuracy: 0.1875
5/5 [==============================] - 0s 2ms/step - loss: 4.5169 - accuracy: 0.3106
Epoch 13/25

1/5 [=====>........................] - ETA: 0s - loss: 4.5580 - accuracy: 0.2188
5/5 [==============================] - 0s 2ms/step - loss: 4.4670 - accuracy: 0.2955
Epoch 14/25

1/5 [=====>........................] - ETA: 0s - loss: 4.4659 - accuracy: 0.3125
5/5 [==============================] - 0s 2ms/step - loss: 4.3701 - accuracy: 0.3561
Epoch 15/25

1/5 [=====>........................] - ETA: 0s - loss: 4.3730 - accuracy: 0.3438
5/5 [==============================] - 0s 3ms/step - loss: 4.2881 - accuracy: 0.3333
Epoch 16/25

1/5 [=====>........................] - ETA: 0s - loss: 4.3002 - accuracy: 0.4062
5/5 [==============================] - 0s 2ms/step - loss: 4.1882 - accuracy: 0.3788
Epoch 17/25

1/5 [=====>........................] - ETA: 0s - loss: 4.0948 - accuracy: 0.3125
5/5 [==============================] - 0s 2ms/step - loss: 4.0864 - accuracy: 0.4015
Epoch 18/25

1/5 [=====>........................] - ETA: 0s - loss: 4.0776 - accuracy: 0.3750
5/5 [==============================] - 0s 2ms/step - loss: 4.0347 - accuracy: 0.3561
Epoch 19/25

1/5 [=====>........................] - ETA: 0s - loss: 3.8728 - accuracy: 0.5000
5/5 [==============================] - 0s 2ms/step - loss: 3.9777 - accuracy: 0.3788
Epoch 20/25

1/5 [=====>........................] - ETA: 0s - loss: 3.8311 - accuracy: 0.3750
5/5 [==============================] - 0s 2ms/step - loss: 3.8708 - accuracy: 0.3712
Epoch 21/25

1/5 [=====>........................] - ETA: 0s - loss: 3.8441 - accuracy: 0.4375
5/5 [==============================] - 0s 2ms/step - loss: 3.8287 - accuracy: 0.3712
Epoch 22/25

1/5 [=====>........................] - ETA: 0s - loss: 3.8351 - accuracy: 0.3438
5/5 [==============================] - 0s 2ms/step - loss: 3.7237 - accuracy: 0.4242
Epoch 23/25

1/5 [=====>........................] - ETA: 0s - loss: 3.6415 - accuracy: 0.4375
5/5 [==============================] - 0s 3ms/step - loss: 3.6295 - accuracy: 0.4394
Epoch 24/25

1/5 [=====>........................] - ETA: 0s - loss: 3.5689 - accuracy: 0.5312
5/5 [==============================] - 0s 2ms/step - loss: 3.5960 - accuracy: 0.3636
Epoch 25/25

1/5 [=====>........................] - ETA: 0s - loss: 3.5615 - accuracy: 0.4375
5/5 [==============================] - 0s 2ms/step - loss: 3.5114 - accuracy: 0.4697
# predict: steps=103
# predict: tnodeembed_metrics
# predict: node2vec_metrics
tnodeembed: {'auc': 0.9419658206024729, 'f1_micro': 0.004221954161640531, 'f1_macro': 7.062253766955715e-05} tNodeEmbed_final_loss=2.5235276222229004 tNodeEmbed_final_accuracy=0.2651515007019043 
node2vec: {'auc': 0.9102582299964543, 'f1_micro': 0.0, 'f1_macro': 0.0} node2vec_final_loss=3.5114479064941406 node2vec_final_accuracy=0.469696968793869 
