# load graph
Processing Static file: filename='interactions_with_dates_1996.csv'
# initialize tNodeEmbed for dataset=PPI_NC, test_size=0.2
# load dataset
# fit
# tNodeEmbed steps_per_epoch=5
Epoch 1/25

1/5 [=====>........................] - ETA: 3s - loss: 5.6939 - accuracy: 0.2500
5/5 [==============================] - 1s 3ms/step - loss: 5.6887 - accuracy: 0.2125
Epoch 2/25

1/5 [=====>........................] - ETA: 0s - loss: 5.6902 - accuracy: 0.1562
5/5 [==============================] - 0s 4ms/step - loss: 5.6808 - accuracy: 0.2045
Epoch 3/25

1/5 [=====>........................] - ETA: 0s - loss: 5.6358 - accuracy: 0.1875
5/5 [==============================] - 0s 2ms/step - loss: 5.6533 - accuracy: 0.2308
Epoch 4/25

1/5 [=====>........................] - ETA: 0s - loss: 5.6256 - accuracy: 0.2188
5/5 [==============================] - 0s 3ms/step - loss: 5.6230 - accuracy: 0.2576
Epoch 5/25

1/5 [=====>........................] - ETA: 0s - loss: 5.6004 - accuracy: 0.2500
5/5 [==============================] - 0s 3ms/step - loss: 5.6100 - accuracy: 0.2652
Epoch 6/25

1/5 [=====>........................] - ETA: 0s - loss: 5.5965 - accuracy: 0.2188
5/5 [==============================] - 0s 3ms/step - loss: 5.5638 - accuracy: 0.2727
Epoch 7/25

1/5 [=====>........................] - ETA: 0s - loss: 5.4896 - accuracy: 0.3125
5/5 [==============================] - 0s 2ms/step - loss: 5.5284 - accuracy: 0.2652
Epoch 8/25

1/5 [=====>........................] - ETA: 0s - loss: 5.5621 - accuracy: 0.1875
5/5 [==============================] - 0s 2ms/step - loss: 5.5204 - accuracy: 0.2424
Epoch 9/25

1/5 [=====>........................] - ETA: 0s - loss: 5.3983 - accuracy: 0.3750
5/5 [==============================] - 0s 2ms/step - loss: 5.4511 - accuracy: 0.2652
Epoch 10/25

1/5 [=====>........................] - ETA: 0s - loss: 5.2903 - accuracy: 0.4062
5/5 [==============================] - 0s 3ms/step - loss: 5.4218 - accuracy: 0.2652
Epoch 11/25

1/5 [=====>........................] - ETA: 0s - loss: 5.3939 - accuracy: 0.2188
5/5 [==============================] - 0s 3ms/step - loss: 5.3026 - accuracy: 0.2727
Epoch 12/25

1/5 [=====>........................] - ETA: 0s - loss: 5.3172 - accuracy: 0.3125
5/5 [==============================] - 0s 2ms/step - loss: 5.2780 - accuracy: 0.2576
Epoch 13/25

1/5 [=====>........................] - ETA: 0s - loss: 5.3749 - accuracy: 0.1875
5/5 [==============================] - 0s 2ms/step - loss: 5.2362 - accuracy: 0.2652
Epoch 14/25

1/5 [=====>........................] - ETA: 0s - loss: 5.2342 - accuracy: 0.4062
5/5 [==============================] - 0s 2ms/step - loss: 5.1446 - accuracy: 0.2576
Epoch 15/25

1/5 [=====>........................] - ETA: 0s - loss: 5.1915 - accuracy: 0.2812
5/5 [==============================] - 0s 3ms/step - loss: 5.0313 - accuracy: 0.2955
Epoch 16/25

1/5 [=====>........................] - ETA: 0s - loss: 5.1712 - accuracy: 0.1875
5/5 [==============================] - 0s 3ms/step - loss: 5.0909 - accuracy: 0.2273
Epoch 17/25

1/5 [=====>........................] - ETA: 0s - loss: 5.1605 - accuracy: 0.2188
5/5 [==============================] - 0s 3ms/step - loss: 4.8931 - accuracy: 0.2803
Epoch 18/25

1/5 [=====>........................] - ETA: 0s - loss: 5.1150 - accuracy: 0.1875
5/5 [==============================] - 0s 3ms/step - loss: 4.8661 - accuracy: 0.2197
Epoch 19/25

1/5 [=====>........................] - ETA: 0s - loss: 4.9439 - accuracy: 0.1562
5/5 [==============================] - 0s 3ms/step - loss: 4.8107 - accuracy: 0.2803
Epoch 20/25

1/5 [=====>........................] - ETA: 0s - loss: 4.7742 - accuracy: 0.2812
5/5 [==============================] - 0s 3ms/step - loss: 4.7662 - accuracy: 0.2424
Epoch 21/25

1/5 [=====>........................] - ETA: 0s - loss: 4.4713 - accuracy: 0.2500
5/5 [==============================] - 0s 3ms/step - loss: 4.5710 - accuracy: 0.2576
Epoch 22/25

1/5 [=====>........................] - ETA: 0s - loss: 4.8205 - accuracy: 0.3125
5/5 [==============================] - 0s 3ms/step - loss: 4.5793 - accuracy: 0.2197
Epoch 23/25

1/5 [=====>........................] - ETA: 0s - loss: 4.5945 - accuracy: 0.2500
5/5 [==============================] - 0s 4ms/step - loss: 4.4883 - accuracy: 0.2727
Epoch 24/25

1/5 [=====>........................] - ETA: 0s - loss: 4.2146 - accuracy: 0.4375
5/5 [==============================] - 0s 3ms/step - loss: 4.3391 - accuracy: 0.2879
Epoch 25/25

1/5 [=====>........................] - ETA: 0s - loss: 4.5681 - accuracy: 0.1875
5/5 [==============================] - 0s 2ms/step - loss: 4.3665 - accuracy: 0.2424
# node2vec
Epoch 1/25

1/5 [=====>........................] - ETA: 0s - loss: 5.7091 - accuracy: 0.0938
5/5 [==============================] - 0s 1ms/step - loss: 5.7088 - accuracy: 0.1212
Epoch 2/25

1/5 [=====>........................] - ETA: 0s - loss: 5.7117 - accuracy: 0.1250
5/5 [==============================] - 0s 2ms/step - loss: 5.7053 - accuracy: 0.1346
Epoch 3/25

1/5 [=====>........................] - ETA: 0s - loss: 5.6871 - accuracy: 0.2188
5/5 [==============================] - 0s 2ms/step - loss: 5.6648 - accuracy: 0.1688
Epoch 4/25

1/5 [=====>........................] - ETA: 0s - loss: 5.6582 - accuracy: 0.1562
5/5 [==============================] - 0s 2ms/step - loss: 5.6332 - accuracy: 0.2197
Epoch 5/25

1/5 [=====>........................] - ETA: 0s - loss: 5.6604 - accuracy: 0.1250
5/5 [==============================] - 0s 2ms/step - loss: 5.6335 - accuracy: 0.1894
Epoch 6/25

1/5 [=====>........................] - ETA: 0s - loss: 5.6281 - accuracy: 0.1562
5/5 [==============================] - 0s 1ms/step - loss: 5.6046 - accuracy: 0.1894
Epoch 7/25

1/5 [=====>........................] - ETA: 0s - loss: 5.6034 - accuracy: 0.0938
5/5 [==============================] - 0s 2ms/step - loss: 5.5897 - accuracy: 0.1970
Epoch 8/25

1/5 [=====>........................] - ETA: 0s - loss: 5.5783 - accuracy: 0.1875
5/5 [==============================] - 0s 2ms/step - loss: 5.5938 - accuracy: 0.2121
Epoch 9/25

1/5 [=====>........................] - ETA: 0s - loss: 5.5193 - accuracy: 0.2500
5/5 [==============================] - 0s 2ms/step - loss: 5.5424 - accuracy: 0.1667
Epoch 10/25

1/5 [=====>........................] - ETA: 0s - loss: 5.5764 - accuracy: 0.2500
5/5 [==============================] - 0s 2ms/step - loss: 5.5021 - accuracy: 0.2424
Epoch 11/25

1/5 [=====>........................] - ETA: 0s - loss: 5.5165 - accuracy: 0.2188
5/5 [==============================] - 0s 3ms/step - loss: 5.5265 - accuracy: 0.2197
Epoch 12/25

1/5 [=====>........................] - ETA: 0s - loss: 5.5152 - accuracy: 0.1562
5/5 [==============================] - 0s 4ms/step - loss: 5.4802 - accuracy: 0.2197
Epoch 13/25

1/5 [=====>........................] - ETA: 0s - loss: 5.5049 - accuracy: 0.2188
5/5 [==============================] - 0s 2ms/step - loss: 5.4859 - accuracy: 0.1970
Epoch 14/25

1/5 [=====>........................] - ETA: 0s - loss: 5.5109 - accuracy: 0.2188
5/5 [==============================] - 0s 2ms/step - loss: 5.4220 - accuracy: 0.2576
Epoch 15/25

1/5 [=====>........................] - ETA: 0s - loss: 5.4626 - accuracy: 0.2500
5/5 [==============================] - 0s 2ms/step - loss: 5.4400 - accuracy: 0.2121
Epoch 16/25

1/5 [=====>........................] - ETA: 0s - loss: 5.4795 - accuracy: 0.2812
5/5 [==============================] - 0s 2ms/step - loss: 5.3921 - accuracy: 0.2652
Epoch 17/25

1/5 [=====>........................] - ETA: 0s - loss: 5.3343 - accuracy: 0.2500
5/5 [==============================] - 0s 2ms/step - loss: 5.4054 - accuracy: 0.2045
Epoch 18/25

1/5 [=====>........................] - ETA: 0s - loss: 5.1980 - accuracy: 0.3125
5/5 [==============================] - 0s 2ms/step - loss: 5.3978 - accuracy: 0.2652
Epoch 19/25

1/5 [=====>........................] - ETA: 0s - loss: 5.0374 - accuracy: 0.2812
5/5 [==============================] - 0s 1ms/step - loss: 5.3050 - accuracy: 0.2424
Epoch 20/25

1/5 [=====>........................] - ETA: 0s - loss: 5.4956 - accuracy: 0.2188
5/5 [==============================] - 0s 2ms/step - loss: 5.3570 - accuracy: 0.2348
Epoch 21/25

1/5 [=====>........................] - ETA: 0s - loss: 5.3632 - accuracy: 0.3125
5/5 [==============================] - 0s 1ms/step - loss: 5.2968 - accuracy: 0.2652
Epoch 22/25

1/5 [=====>........................] - ETA: 0s - loss: 5.3343 - accuracy: 0.2188
5/5 [==============================] - 0s 1ms/step - loss: 5.3591 - accuracy: 0.2424
Epoch 23/25

1/5 [=====>........................] - ETA: 0s - loss: 5.0059 - accuracy: 0.4062
5/5 [==============================] - 0s 2ms/step - loss: 5.3046 - accuracy: 0.2879
Epoch 24/25

1/5 [=====>........................] - ETA: 0s - loss: 5.1291 - accuracy: 0.3438
5/5 [==============================] - 0s 2ms/step - loss: 5.2509 - accuracy: 0.2348
Epoch 25/25

1/5 [=====>........................] - ETA: 0s - loss: 5.0640 - accuracy: 0.2500
5/5 [==============================] - 0s 2ms/step - loss: 5.2677 - accuracy: 0.2500
# predict: steps=103
# predict: tnodeembed_metrics
# predict: node2vec_metrics
tnodeembed: {'auc': 0.8626672328901339, 'f1_micro': 0.0, 'f1_macro': 0.0} tNodeEmbed_final_loss=4.36649751663208 tNodeEmbed_final_accuracy=0.24242424964904785 
node2vec: {'auc': 0.8496737746784717, 'f1_micro': 0.0, 'f1_macro': 0.0} node2vec_final_loss=5.267708778381348 node2vec_final_accuracy=0.25 
