# load graph
Processing Static file: filename='interactions_with_dates_2003.csv'
# initialize tNodeEmbed for dataset=PPI_NC, test_size=0.2
# load dataset
# fit
# tNodeEmbed steps_per_epoch=5
Epoch 1/25

1/5 [=====>........................] - ETA: 3s - loss: 5.7070 - accuracy: 0.2188
5/5 [==============================] - 1s 3ms/step - loss: 5.6951 - accuracy: 0.1500
Epoch 2/25

1/5 [=====>........................] - ETA: 0s - loss: 5.6704 - accuracy: 0.3750
5/5 [==============================] - 0s 4ms/step - loss: 5.6599 - accuracy: 0.2273
Epoch 3/25

1/5 [=====>........................] - ETA: 0s - loss: 5.6258 - accuracy: 0.3125
5/5 [==============================] - 0s 3ms/step - loss: 5.6251 - accuracy: 0.3077
Epoch 4/25

1/5 [=====>........................] - ETA: 0s - loss: 5.6274 - accuracy: 0.2812
5/5 [==============================] - 0s 3ms/step - loss: 5.5792 - accuracy: 0.3409
Epoch 5/25

1/5 [=====>........................] - ETA: 0s - loss: 5.5668 - accuracy: 0.2188
5/5 [==============================] - 0s 3ms/step - loss: 5.5432 - accuracy: 0.3106
Epoch 6/25

1/5 [=====>........................] - ETA: 0s - loss: 5.5753 - accuracy: 0.2500
5/5 [==============================] - 0s 3ms/step - loss: 5.4686 - accuracy: 0.3258
Epoch 7/25

1/5 [=====>........................] - ETA: 0s - loss: 5.4446 - accuracy: 0.2500
5/5 [==============================] - 0s 3ms/step - loss: 5.4275 - accuracy: 0.3106
Epoch 8/25

1/5 [=====>........................] - ETA: 0s - loss: 5.3261 - accuracy: 0.2812
5/5 [==============================] - 0s 3ms/step - loss: 5.3405 - accuracy: 0.3333
Epoch 9/25

1/5 [=====>........................] - ETA: 0s - loss: 5.3160 - accuracy: 0.2812
5/5 [==============================] - 0s 3ms/step - loss: 5.2218 - accuracy: 0.2803
Epoch 10/25

1/5 [=====>........................] - ETA: 0s - loss: 5.0287 - accuracy: 0.4375
5/5 [==============================] - 0s 3ms/step - loss: 5.0955 - accuracy: 0.3106
Epoch 11/25

1/5 [=====>........................] - ETA: 0s - loss: 5.1390 - accuracy: 0.3125
5/5 [==============================] - 0s 3ms/step - loss: 4.9502 - accuracy: 0.2803
Epoch 12/25

1/5 [=====>........................] - ETA: 0s - loss: 5.1824 - accuracy: 0.3750
5/5 [==============================] - 0s 2ms/step - loss: 4.9704 - accuracy: 0.2197
Epoch 13/25

1/5 [=====>........................] - ETA: 0s - loss: 4.6826 - accuracy: 0.2500
5/5 [==============================] - 0s 3ms/step - loss: 4.6250 - accuracy: 0.2576
Epoch 14/25

1/5 [=====>........................] - ETA: 0s - loss: 5.0167 - accuracy: 0.2188
5/5 [==============================] - 0s 3ms/step - loss: 4.7091 - accuracy: 0.2273
Epoch 15/25

1/5 [=====>........................] - ETA: 0s - loss: 4.7266 - accuracy: 0.2188
5/5 [==============================] - 0s 3ms/step - loss: 4.5744 - accuracy: 0.3106
Epoch 16/25

1/5 [=====>........................] - ETA: 0s - loss: 4.6415 - accuracy: 0.2188
5/5 [==============================] - 0s 3ms/step - loss: 4.4756 - accuracy: 0.2727
Epoch 17/25

1/5 [=====>........................] - ETA: 0s - loss: 4.6078 - accuracy: 0.3125
5/5 [==============================] - 0s 3ms/step - loss: 4.3971 - accuracy: 0.3182
Epoch 18/25

1/5 [=====>........................] - ETA: 0s - loss: 4.1191 - accuracy: 0.3750
5/5 [==============================] - 0s 3ms/step - loss: 4.4517 - accuracy: 0.2803
Epoch 19/25

1/5 [=====>........................] - ETA: 0s - loss: 4.1239 - accuracy: 0.4062
5/5 [==============================] - 0s 3ms/step - loss: 4.3497 - accuracy: 0.3182
Epoch 20/25

1/5 [=====>........................] - ETA: 0s - loss: 4.4117 - accuracy: 0.2812
5/5 [==============================] - 0s 3ms/step - loss: 4.1833 - accuracy: 0.3485
Epoch 21/25

1/5 [=====>........................] - ETA: 0s - loss: 4.3551 - accuracy: 0.2188
5/5 [==============================] - 0s 3ms/step - loss: 4.2479 - accuracy: 0.3106
Epoch 22/25

1/5 [=====>........................] - ETA: 0s - loss: 4.3034 - accuracy: 0.3438
5/5 [==============================] - 0s 3ms/step - loss: 4.2179 - accuracy: 0.3636
Epoch 23/25

1/5 [=====>........................] - ETA: 0s - loss: 3.9845 - accuracy: 0.3750
5/5 [==============================] - 0s 3ms/step - loss: 3.9329 - accuracy: 0.4015
Epoch 24/25

1/5 [=====>........................] - ETA: 0s - loss: 4.1945 - accuracy: 0.2188
5/5 [==============================] - 0s 3ms/step - loss: 4.0667 - accuracy: 0.4167
Epoch 25/25

1/5 [=====>........................] - ETA: 0s - loss: 3.6663 - accuracy: 0.4688
5/5 [==============================] - 0s 3ms/step - loss: 3.8863 - accuracy: 0.4545
# node2vec
Epoch 1/25

1/5 [=====>........................] - ETA: 0s - loss: 5.6440 - accuracy: 0.1875
5/5 [==============================] - 0s 2ms/step - loss: 5.6529 - accuracy: 0.0562
Epoch 2/25

1/5 [=====>........................] - ETA: 0s - loss: 5.6182 - accuracy: 0.0312
5/5 [==============================] - 0s 1ms/step - loss: 5.6528 - accuracy: 0.0303
Epoch 3/25

1/5 [=====>........................] - ETA: 0s - loss: 5.5760 - accuracy: 0.1875
5/5 [==============================] - 0s 2ms/step - loss: 5.5367 - accuracy: 0.1635
Epoch 4/25

1/5 [=====>........................] - ETA: 0s - loss: 5.5284 - accuracy: 0.1562
5/5 [==============================] - 0s 2ms/step - loss: 5.4759 - accuracy: 0.1515
Epoch 5/25

1/5 [=====>........................] - ETA: 0s - loss: 5.5229 - accuracy: 0.2812
5/5 [==============================] - 0s 2ms/step - loss: 5.4860 - accuracy: 0.2273
Epoch 6/25

1/5 [=====>........................] - ETA: 0s - loss: 5.3866 - accuracy: 0.2500
5/5 [==============================] - 0s 2ms/step - loss: 5.3328 - accuracy: 0.2576
Epoch 7/25

1/5 [=====>........................] - ETA: 0s - loss: 5.3148 - accuracy: 0.3125
5/5 [==============================] - 0s 2ms/step - loss: 5.3132 - accuracy: 0.2273
Epoch 8/25

1/5 [=====>........................] - ETA: 0s - loss: 5.2932 - accuracy: 0.3750
5/5 [==============================] - 0s 2ms/step - loss: 5.2423 - accuracy: 0.3106
Epoch 9/25

1/5 [=====>........................] - ETA: 0s - loss: 5.2386 - accuracy: 0.2812
5/5 [==============================] - 0s 2ms/step - loss: 5.2481 - accuracy: 0.3030
Epoch 10/25

1/5 [=====>........................] - ETA: 0s - loss: 5.0654 - accuracy: 0.3438
5/5 [==============================] - 0s 2ms/step - loss: 5.1518 - accuracy: 0.3561
Epoch 11/25

1/5 [=====>........................] - ETA: 0s - loss: 4.8716 - accuracy: 0.4375
5/5 [==============================] - 0s 2ms/step - loss: 5.0539 - accuracy: 0.3106
Epoch 12/25

1/5 [=====>........................] - ETA: 0s - loss: 4.9007 - accuracy: 0.4375
5/5 [==============================] - 0s 2ms/step - loss: 5.0620 - accuracy: 0.3712
Epoch 13/25

1/5 [=====>........................] - ETA: 0s - loss: 5.1390 - accuracy: 0.3438
5/5 [==============================] - 0s 2ms/step - loss: 4.9603 - accuracy: 0.3712
Epoch 14/25

1/5 [=====>........................] - ETA: 0s - loss: 4.9388 - accuracy: 0.3438
5/5 [==============================] - 0s 2ms/step - loss: 4.9520 - accuracy: 0.4167
Epoch 15/25

1/5 [=====>........................] - ETA: 0s - loss: 5.1731 - accuracy: 0.3438
5/5 [==============================] - 0s 2ms/step - loss: 4.9466 - accuracy: 0.3712
Epoch 16/25

1/5 [=====>........................] - ETA: 0s - loss: 4.6947 - accuracy: 0.4375
5/5 [==============================] - 0s 2ms/step - loss: 4.8684 - accuracy: 0.3864
Epoch 17/25

1/5 [=====>........................] - ETA: 0s - loss: 4.9143 - accuracy: 0.3438
5/5 [==============================] - 0s 2ms/step - loss: 4.8552 - accuracy: 0.3561
Epoch 18/25

1/5 [=====>........................] - ETA: 0s - loss: 4.8231 - accuracy: 0.5312
5/5 [==============================] - 0s 1ms/step - loss: 4.7589 - accuracy: 0.4773
Epoch 19/25

1/5 [=====>........................] - ETA: 0s - loss: 4.7306 - accuracy: 0.3438
5/5 [==============================] - 0s 2ms/step - loss: 4.7687 - accuracy: 0.4091
Epoch 20/25

1/5 [=====>........................] - ETA: 0s - loss: 4.7111 - accuracy: 0.4688
5/5 [==============================] - 0s 1ms/step - loss: 4.6928 - accuracy: 0.4394
Epoch 21/25

1/5 [=====>........................] - ETA: 0s - loss: 4.4606 - accuracy: 0.4375
5/5 [==============================] - 0s 2ms/step - loss: 4.5026 - accuracy: 0.4545
Epoch 22/25

1/5 [=====>........................] - ETA: 0s - loss: 5.0156 - accuracy: 0.4062
5/5 [==============================] - 0s 2ms/step - loss: 4.8036 - accuracy: 0.4015
Epoch 23/25

1/5 [=====>........................] - ETA: 0s - loss: 4.5425 - accuracy: 0.5312
5/5 [==============================] - 0s 2ms/step - loss: 4.5556 - accuracy: 0.4621
Epoch 24/25

1/5 [=====>........................] - ETA: 0s - loss: 4.7725 - accuracy: 0.5312
5/5 [==============================] - 0s 1ms/step - loss: 4.6545 - accuracy: 0.4697
Epoch 25/25

1/5 [=====>........................] - ETA: 0s - loss: 4.5576 - accuracy: 0.3750
5/5 [==============================] - 0s 1ms/step - loss: 4.4731 - accuracy: 0.4924
# predict: steps=103
# predict: tnodeembed_metrics
# predict: node2vec_metrics
tnodeembed: {'auc': 0.8448632820246931, 'f1_micro': 0.0, 'f1_macro': 0.0} tNodeEmbed_final_loss=3.8862521648406982 tNodeEmbed_final_accuracy=0.4545454680919647 
node2vec: {'auc': 0.825066337603366, 'f1_micro': 0.0, 'f1_macro': 0.0} node2vec_final_loss=4.473081588745117 node2vec_final_accuracy=0.49242424964904785 
