# load graph
Processing Static file: filename='interactions_with_dates_2014.csv'
# initialize tNodeEmbed for dataset=PPI_NC, test_size=0.2
# load dataset
# fit
# tNodeEmbed steps_per_epoch=5
Epoch 1/25

1/5 [=====>........................] - ETA: 3s - loss: 5.7045 - accuracy: 0.0000e+00
5/5 [==============================] - 1s 3ms/step - loss: 5.6835 - accuracy: 0.0250
Epoch 2/25

1/5 [=====>........................] - ETA: 0s - loss: 5.6446 - accuracy: 0.0938
5/5 [==============================] - 0s 2ms/step - loss: 5.6301 - accuracy: 0.1364
Epoch 3/25

1/5 [=====>........................] - ETA: 0s - loss: 5.6263 - accuracy: 0.0625
5/5 [==============================] - 0s 3ms/step - loss: 5.5867 - accuracy: 0.1058
Epoch 4/25

1/5 [=====>........................] - ETA: 0s - loss: 5.5326 - accuracy: 0.2188
5/5 [==============================] - 0s 3ms/step - loss: 5.5066 - accuracy: 0.2045
Epoch 5/25

1/5 [=====>........................] - ETA: 0s - loss: 5.4546 - accuracy: 0.2500
5/5 [==============================] - 0s 3ms/step - loss: 5.4249 - accuracy: 0.2045
Epoch 6/25

1/5 [=====>........................] - ETA: 0s - loss: 5.4134 - accuracy: 0.0625
5/5 [==============================] - 0s 2ms/step - loss: 5.3272 - accuracy: 0.1742
Epoch 7/25

1/5 [=====>........................] - ETA: 0s - loss: 5.2183 - accuracy: 0.1875
5/5 [==============================] - 0s 3ms/step - loss: 5.1965 - accuracy: 0.1742
Epoch 8/25

1/5 [=====>........................] - ETA: 0s - loss: 5.0933 - accuracy: 0.2188
5/5 [==============================] - 0s 3ms/step - loss: 5.0415 - accuracy: 0.1818
Epoch 9/25

1/5 [=====>........................] - ETA: 0s - loss: 4.9315 - accuracy: 0.1250
5/5 [==============================] - 0s 3ms/step - loss: 4.8146 - accuracy: 0.1818
Epoch 10/25

1/5 [=====>........................] - ETA: 0s - loss: 4.7420 - accuracy: 0.1875
5/5 [==============================] - 0s 3ms/step - loss: 4.6153 - accuracy: 0.1818
Epoch 11/25

1/5 [=====>........................] - ETA: 0s - loss: 4.3812 - accuracy: 0.1875
5/5 [==============================] - 0s 3ms/step - loss: 4.3715 - accuracy: 0.1364
Epoch 12/25

1/5 [=====>........................] - ETA: 0s - loss: 4.2155 - accuracy: 0.1562
5/5 [==============================] - 0s 3ms/step - loss: 4.0356 - accuracy: 0.1818
Epoch 13/25

1/5 [=====>........................] - ETA: 0s - loss: 3.7929 - accuracy: 0.1875
5/5 [==============================] - 0s 3ms/step - loss: 3.7527 - accuracy: 0.1894
Epoch 14/25

1/5 [=====>........................] - ETA: 0s - loss: 3.6571 - accuracy: 0.0938
5/5 [==============================] - 0s 2ms/step - loss: 3.5124 - accuracy: 0.1515
Epoch 15/25

1/5 [=====>........................] - ETA: 0s - loss: 3.4449 - accuracy: 0.1875
5/5 [==============================] - 0s 4ms/step - loss: 3.3350 - accuracy: 0.1742
Epoch 16/25

1/5 [=====>........................] - ETA: 0s - loss: 3.1039 - accuracy: 0.2188
5/5 [==============================] - 0s 3ms/step - loss: 3.1231 - accuracy: 0.2045
Epoch 17/25

1/5 [=====>........................] - ETA: 0s - loss: 3.2404 - accuracy: 0.0938
5/5 [==============================] - 0s 3ms/step - loss: 3.0847 - accuracy: 0.1591
Epoch 18/25

1/5 [=====>........................] - ETA: 0s - loss: 2.8852 - accuracy: 0.1875
5/5 [==============================] - 0s 3ms/step - loss: 3.0393 - accuracy: 0.1742
Epoch 19/25

1/5 [=====>........................] - ETA: 0s - loss: 2.7560 - accuracy: 0.2188
5/5 [==============================] - 0s 3ms/step - loss: 2.9460 - accuracy: 0.1591
Epoch 20/25

1/5 [=====>........................] - ETA: 0s - loss: 2.8204 - accuracy: 0.2188
5/5 [==============================] - 0s 3ms/step - loss: 2.8559 - accuracy: 0.1970
Epoch 21/25

1/5 [=====>........................] - ETA: 0s - loss: 2.8976 - accuracy: 0.2188
5/5 [==============================] - 0s 2ms/step - loss: 2.8781 - accuracy: 0.1818
Epoch 22/25

1/5 [=====>........................] - ETA: 0s - loss: 2.9347 - accuracy: 0.1250
5/5 [==============================] - 0s 2ms/step - loss: 2.7944 - accuracy: 0.2045
Epoch 23/25

1/5 [=====>........................] - ETA: 0s - loss: 3.0682 - accuracy: 0.1875
5/5 [==============================] - 0s 3ms/step - loss: 2.7491 - accuracy: 0.2576
Epoch 24/25

1/5 [=====>........................] - ETA: 0s - loss: 2.9149 - accuracy: 0.1250
5/5 [==============================] - 0s 3ms/step - loss: 2.7171 - accuracy: 0.2121
Epoch 25/25

1/5 [=====>........................] - ETA: 0s - loss: 2.5170 - accuracy: 0.3125
5/5 [==============================] - 0s 3ms/step - loss: 2.7057 - accuracy: 0.2273
# node2vec
Epoch 1/25

1/5 [=====>........................] - ETA: 0s - loss: 5.7514 - accuracy: 0.0312
5/5 [==============================] - 0s 2ms/step - loss: 5.7268 - accuracy: 0.0227
Epoch 2/25

1/5 [=====>........................] - ETA: 0s - loss: 5.6531 - accuracy: 0.0938
5/5 [==============================] - 0s 3ms/step - loss: 5.6031 - accuracy: 0.0530
Epoch 3/25

1/5 [=====>........................] - ETA: 0s - loss: 5.5870 - accuracy: 0.0312
5/5 [==============================] - 0s 3ms/step - loss: 5.4882 - accuracy: 0.0758
Epoch 4/25

1/5 [=====>........................] - ETA: 0s - loss: 5.3801 - accuracy: 0.0625
5/5 [==============================] - 0s 2ms/step - loss: 5.3865 - accuracy: 0.1061
Epoch 5/25

1/5 [=====>........................] - ETA: 0s - loss: 5.3483 - accuracy: 0.0312
5/5 [==============================] - 0s 2ms/step - loss: 5.3147 - accuracy: 0.0833
Epoch 6/25

1/5 [=====>........................] - ETA: 0s - loss: 5.1917 - accuracy: 0.1250
5/5 [==============================] - 0s 2ms/step - loss: 5.1881 - accuracy: 0.1439
Epoch 7/25

1/5 [=====>........................] - ETA: 0s - loss: 5.1498 - accuracy: 0.1562
5/5 [==============================] - 0s 2ms/step - loss: 5.1088 - accuracy: 0.1515
Epoch 8/25

1/5 [=====>........................] - ETA: 0s - loss: 4.9802 - accuracy: 0.3125
5/5 [==============================] - 0s 2ms/step - loss: 4.9983 - accuracy: 0.2045
Epoch 9/25

1/5 [=====>........................] - ETA: 0s - loss: 4.8968 - accuracy: 0.3125
5/5 [==============================] - 0s 2ms/step - loss: 4.9263 - accuracy: 0.2348
Epoch 10/25

1/5 [=====>........................] - ETA: 0s - loss: 4.8131 - accuracy: 0.3438
5/5 [==============================] - 0s 2ms/step - loss: 4.8305 - accuracy: 0.2348
Epoch 11/25

1/5 [=====>........................] - ETA: 0s - loss: 4.7107 - accuracy: 0.4688
5/5 [==============================] - 0s 3ms/step - loss: 4.7302 - accuracy: 0.3106
Epoch 12/25

1/5 [=====>........................] - ETA: 0s - loss: 4.6961 - accuracy: 0.2812
5/5 [==============================] - 0s 2ms/step - loss: 4.6629 - accuracy: 0.3182
Epoch 13/25

1/5 [=====>........................] - ETA: 0s - loss: 4.6083 - accuracy: 0.2188
5/5 [==============================] - 0s 2ms/step - loss: 4.5628 - accuracy: 0.3106
Epoch 14/25

1/5 [=====>........................] - ETA: 0s - loss: 4.5228 - accuracy: 0.3438
5/5 [==============================] - 0s 2ms/step - loss: 4.4787 - accuracy: 0.2955
Epoch 15/25

1/5 [=====>........................] - ETA: 0s - loss: 4.4772 - accuracy: 0.3750
5/5 [==============================] - 0s 2ms/step - loss: 4.4207 - accuracy: 0.3106
Epoch 16/25

1/5 [=====>........................] - ETA: 0s - loss: 4.3106 - accuracy: 0.3125
5/5 [==============================] - 0s 2ms/step - loss: 4.2979 - accuracy: 0.3409
Epoch 17/25

1/5 [=====>........................] - ETA: 0s - loss: 4.3024 - accuracy: 0.4062
5/5 [==============================] - 0s 2ms/step - loss: 4.2580 - accuracy: 0.3864
Epoch 18/25

1/5 [=====>........................] - ETA: 0s - loss: 4.2435 - accuracy: 0.3750
5/5 [==============================] - 0s 2ms/step - loss: 4.1487 - accuracy: 0.3939
Epoch 19/25

1/5 [=====>........................] - ETA: 0s - loss: 4.0905 - accuracy: 0.4688
5/5 [==============================] - 0s 2ms/step - loss: 4.1110 - accuracy: 0.4091
Epoch 20/25

1/5 [=====>........................] - ETA: 0s - loss: 4.0709 - accuracy: 0.3438
5/5 [==============================] - 0s 2ms/step - loss: 4.0205 - accuracy: 0.4015
Epoch 21/25

1/5 [=====>........................] - ETA: 0s - loss: 3.9872 - accuracy: 0.4062
5/5 [==============================] - 0s 2ms/step - loss: 3.9826 - accuracy: 0.3939
Epoch 22/25

1/5 [=====>........................] - ETA: 0s - loss: 3.8367 - accuracy: 0.4062
5/5 [==============================] - 0s 2ms/step - loss: 3.8532 - accuracy: 0.4697
Epoch 23/25

1/5 [=====>........................] - ETA: 0s - loss: 3.7451 - accuracy: 0.4688
5/5 [==============================] - 0s 2ms/step - loss: 3.7912 - accuracy: 0.4470
Epoch 24/25

1/5 [=====>........................] - ETA: 0s - loss: 3.7786 - accuracy: 0.5312
5/5 [==============================] - 0s 2ms/step - loss: 3.7578 - accuracy: 0.3939
Epoch 25/25

1/5 [=====>........................] - ETA: 0s - loss: 3.6349 - accuracy: 0.5938
5/5 [==============================] - 0s 2ms/step - loss: 3.6446 - accuracy: 0.5000
# predict: steps=103
# predict: tnodeembed_metrics
# predict: node2vec_metrics
tnodeembed: {'auc': 0.928594198361327, 'f1_micro': 0.005429864253393666, 'f1_macro': 9.039139473922083e-05} tNodeEmbed_final_loss=2.7056655883789062 tNodeEmbed_final_accuracy=0.22727273404598236 
node2vec: {'auc': 0.8962547415073068, 'f1_micro': 0.0, 'f1_macro': 0.0} node2vec_final_loss=3.6445696353912354 node2vec_final_accuracy=0.5 
