# load graph
Processing Static file: filename='interactions_with_dates_2009.csv'
# initialize tNodeEmbed for dataset=PPI_NC, test_size=0.2
# load dataset
# fit
# tNodeEmbed steps_per_epoch=5
Epoch 1/25

1/5 [=====>........................] - ETA: 3s - loss: 5.7014 - accuracy: 0.1562
5/5 [==============================] - 1s 3ms/step - loss: 5.6892 - accuracy: 0.1212
Epoch 2/25

1/5 [=====>........................] - ETA: 0s - loss: 5.6491 - accuracy: 0.1875
5/5 [==============================] - 0s 3ms/step - loss: 5.6330 - accuracy: 0.1970
Epoch 3/25

1/5 [=====>........................] - ETA: 0s - loss: 5.6032 - accuracy: 0.2500
5/5 [==============================] - 0s 3ms/step - loss: 5.5884 - accuracy: 0.2803
Epoch 4/25

1/5 [=====>........................] - ETA: 0s - loss: 5.5372 - accuracy: 0.1875
5/5 [==============================] - 0s 4ms/step - loss: 5.5322 - accuracy: 0.2652
Epoch 5/25

1/5 [=====>........................] - ETA: 0s - loss: 5.4940 - accuracy: 0.3750
5/5 [==============================] - 0s 4ms/step - loss: 5.4334 - accuracy: 0.3106
Epoch 6/25

1/5 [=====>........................] - ETA: 0s - loss: 5.3999 - accuracy: 0.3125
5/5 [==============================] - 0s 3ms/step - loss: 5.4016 - accuracy: 0.2955
Epoch 7/25

1/5 [=====>........................] - ETA: 0s - loss: 5.2745 - accuracy: 0.3438
5/5 [==============================] - 0s 3ms/step - loss: 5.2344 - accuracy: 0.2348
Epoch 8/25

1/5 [=====>........................] - ETA: 0s - loss: 5.1256 - accuracy: 0.1562
5/5 [==============================] - 0s 3ms/step - loss: 5.0885 - accuracy: 0.2576
Epoch 9/25

1/5 [=====>........................] - ETA: 0s - loss: 4.9981 - accuracy: 0.2812
5/5 [==============================] - 0s 3ms/step - loss: 4.9802 - accuracy: 0.2879
Epoch 10/25

1/5 [=====>........................] - ETA: 0s - loss: 4.8178 - accuracy: 0.2812
5/5 [==============================] - 0s 3ms/step - loss: 4.7151 - accuracy: 0.3258
Epoch 11/25

1/5 [=====>........................] - ETA: 0s - loss: 4.5912 - accuracy: 0.3125
5/5 [==============================] - 0s 3ms/step - loss: 4.5617 - accuracy: 0.3485
Epoch 12/25

1/5 [=====>........................] - ETA: 0s - loss: 4.3114 - accuracy: 0.2812
5/5 [==============================] - 0s 3ms/step - loss: 4.3140 - accuracy: 0.3030
Epoch 13/25

1/5 [=====>........................] - ETA: 0s - loss: 3.9319 - accuracy: 0.4375
5/5 [==============================] - 0s 3ms/step - loss: 4.0773 - accuracy: 0.3258
Epoch 14/25

1/5 [=====>........................] - ETA: 0s - loss: 3.8788 - accuracy: 0.2812
5/5 [==============================] - 0s 3ms/step - loss: 3.8821 - accuracy: 0.2500
Epoch 15/25

1/5 [=====>........................] - ETA: 0s - loss: 3.8479 - accuracy: 0.3125
5/5 [==============================] - 0s 3ms/step - loss: 3.8931 - accuracy: 0.2576
Epoch 16/25

1/5 [=====>........................] - ETA: 0s - loss: 3.9492 - accuracy: 0.2812
5/5 [==============================] - 0s 3ms/step - loss: 3.8073 - accuracy: 0.3030
Epoch 17/25

1/5 [=====>........................] - ETA: 0s - loss: 3.4758 - accuracy: 0.2500
5/5 [==============================] - 0s 3ms/step - loss: 3.6617 - accuracy: 0.2500
Epoch 18/25

1/5 [=====>........................] - ETA: 0s - loss: 3.4813 - accuracy: 0.3125
5/5 [==============================] - 0s 3ms/step - loss: 3.6519 - accuracy: 0.2424
Epoch 19/25

1/5 [=====>........................] - ETA: 0s - loss: 3.3536 - accuracy: 0.3750
5/5 [==============================] - 0s 3ms/step - loss: 3.5685 - accuracy: 0.3182
Epoch 20/25

1/5 [=====>........................] - ETA: 0s - loss: 3.1344 - accuracy: 0.5312
5/5 [==============================] - 0s 4ms/step - loss: 3.3381 - accuracy: 0.3636
Epoch 21/25

1/5 [=====>........................] - ETA: 0s - loss: 3.2812 - accuracy: 0.4062
5/5 [==============================] - 0s 3ms/step - loss: 3.5821 - accuracy: 0.3485
Epoch 22/25

1/5 [=====>........................] - ETA: 0s - loss: 3.1622 - accuracy: 0.3750
5/5 [==============================] - 0s 3ms/step - loss: 3.4127 - accuracy: 0.3561
Epoch 23/25

1/5 [=====>........................] - ETA: 0s - loss: 3.1903 - accuracy: 0.4062
5/5 [==============================] - 0s 3ms/step - loss: 3.4790 - accuracy: 0.3485
Epoch 24/25

1/5 [=====>........................] - ETA: 0s - loss: 3.3738 - accuracy: 0.3125
5/5 [==============================] - 0s 3ms/step - loss: 3.2874 - accuracy: 0.3788
Epoch 25/25

1/5 [=====>........................] - ETA: 0s - loss: 3.2927 - accuracy: 0.2500
5/5 [==============================] - 0s 3ms/step - loss: 3.3172 - accuracy: 0.3636
# node2vec
Epoch 1/25

1/5 [=====>........................] - ETA: 0s - loss: 5.6938 - accuracy: 0.1562
5/5 [==============================] - 0s 2ms/step - loss: 5.6663 - accuracy: 0.0985
Epoch 2/25

1/5 [=====>........................] - ETA: 0s - loss: 5.5866 - accuracy: 0.1562
5/5 [==============================] - 0s 2ms/step - loss: 5.5714 - accuracy: 0.1667
Epoch 3/25

1/5 [=====>........................] - ETA: 0s - loss: 5.5512 - accuracy: 0.1875
5/5 [==============================] - 0s 2ms/step - loss: 5.5179 - accuracy: 0.1591
Epoch 4/25

1/5 [=====>........................] - ETA: 0s - loss: 5.4585 - accuracy: 0.1250
5/5 [==============================] - 0s 2ms/step - loss: 5.4019 - accuracy: 0.1894
Epoch 5/25

1/5 [=====>........................] - ETA: 0s - loss: 5.3700 - accuracy: 0.2500
5/5 [==============================] - 0s 2ms/step - loss: 5.3189 - accuracy: 0.1818
Epoch 6/25

1/5 [=====>........................] - ETA: 0s - loss: 5.2991 - accuracy: 0.1875
5/5 [==============================] - 0s 3ms/step - loss: 5.2819 - accuracy: 0.1742
Epoch 7/25

1/5 [=====>........................] - ETA: 0s - loss: 5.1690 - accuracy: 0.1250
5/5 [==============================] - 0s 2ms/step - loss: 5.1524 - accuracy: 0.2121
Epoch 8/25

1/5 [=====>........................] - ETA: 0s - loss: 5.0793 - accuracy: 0.2500
5/5 [==============================] - 0s 2ms/step - loss: 5.1000 - accuracy: 0.2348
Epoch 9/25

1/5 [=====>........................] - ETA: 0s - loss: 4.9978 - accuracy: 0.2188
5/5 [==============================] - 0s 2ms/step - loss: 4.9982 - accuracy: 0.2045
Epoch 10/25

1/5 [=====>........................] - ETA: 0s - loss: 5.0800 - accuracy: 0.1875
5/5 [==============================] - 0s 2ms/step - loss: 4.9386 - accuracy: 0.2500
Epoch 11/25

1/5 [=====>........................] - ETA: 0s - loss: 5.0026 - accuracy: 0.3125
5/5 [==============================] - 0s 2ms/step - loss: 4.9009 - accuracy: 0.2879
Epoch 12/25

1/5 [=====>........................] - ETA: 0s - loss: 4.7988 - accuracy: 0.3438
5/5 [==============================] - 0s 2ms/step - loss: 4.8341 - accuracy: 0.3333
Epoch 13/25

1/5 [=====>........................] - ETA: 0s - loss: 4.6414 - accuracy: 0.2500
5/5 [==============================] - 0s 2ms/step - loss: 4.6680 - accuracy: 0.3106
Epoch 14/25

1/5 [=====>........................] - ETA: 0s - loss: 4.8222 - accuracy: 0.3438
5/5 [==============================] - 0s 2ms/step - loss: 4.7026 - accuracy: 0.3864
Epoch 15/25

1/5 [=====>........................] - ETA: 0s - loss: 4.7382 - accuracy: 0.3750
5/5 [==============================] - 0s 2ms/step - loss: 4.6484 - accuracy: 0.3712
Epoch 16/25

1/5 [=====>........................] - ETA: 0s - loss: 4.4230 - accuracy: 0.4062
5/5 [==============================] - 0s 2ms/step - loss: 4.4813 - accuracy: 0.4167
Epoch 17/25

1/5 [=====>........................] - ETA: 0s - loss: 4.5862 - accuracy: 0.3438
5/5 [==============================] - 0s 2ms/step - loss: 4.5433 - accuracy: 0.4470
Epoch 18/25

1/5 [=====>........................] - ETA: 0s - loss: 4.7317 - accuracy: 0.3750
5/5 [==============================] - 0s 2ms/step - loss: 4.4125 - accuracy: 0.4545
Epoch 19/25

1/5 [=====>........................] - ETA: 0s - loss: 4.3982 - accuracy: 0.5000
5/5 [==============================] - 0s 2ms/step - loss: 4.4119 - accuracy: 0.4621
Epoch 20/25

1/5 [=====>........................] - ETA: 0s - loss: 4.5403 - accuracy: 0.5000
5/5 [==============================] - 0s 2ms/step - loss: 4.2892 - accuracy: 0.5152
Epoch 21/25

1/5 [=====>........................] - ETA: 0s - loss: 4.3463 - accuracy: 0.4375
5/5 [==============================] - 0s 2ms/step - loss: 4.1596 - accuracy: 0.4848
Epoch 22/25

1/5 [=====>........................] - ETA: 0s - loss: 4.3431 - accuracy: 0.4375
5/5 [==============================] - 0s 1ms/step - loss: 4.2717 - accuracy: 0.5227
Epoch 23/25

1/5 [=====>........................] - ETA: 0s - loss: 4.1575 - accuracy: 0.6250
5/5 [==============================] - 0s 2ms/step - loss: 4.1685 - accuracy: 0.5303
Epoch 24/25

1/5 [=====>........................] - ETA: 0s - loss: 4.1618 - accuracy: 0.5625
5/5 [==============================] - 0s 2ms/step - loss: 4.0810 - accuracy: 0.4848
Epoch 25/25

1/5 [=====>........................] - ETA: 0s - loss: 4.0673 - accuracy: 0.5625
5/5 [==============================] - 0s 2ms/step - loss: 4.0069 - accuracy: 0.5227
# predict: steps=103
# predict: tnodeembed_metrics
# predict: node2vec_metrics
tnodeembed: {'auc': 0.8803263641787356, 'f1_micro': 0.0, 'f1_macro': 0.0} tNodeEmbed_final_loss=3.3171942234039307 tNodeEmbed_final_accuracy=0.3636363744735718 
node2vec: {'auc': 0.8650739946971039, 'f1_micro': 0.0, 'f1_macro': 0.0} node2vec_final_loss=4.006905555725098 node2vec_final_accuracy=0.5227272510528564 
