# load graph
Processing Static file: filename='interactions_with_dates_1997.csv'
# initialize tNodeEmbed for dataset=PPI_NC, test_size=0.2
# load dataset
# fit
# tNodeEmbed steps_per_epoch=5
Epoch 1/25

1/5 [=====>........................] - ETA: 4s - loss: 5.7019 - accuracy: 0.2500
5/5 [==============================] - 1s 3ms/step - loss: 5.6956 - accuracy: 0.2188
Epoch 2/25

1/5 [=====>........................] - ETA: 0s - loss: 5.6957 - accuracy: 0.0000e+00
5/5 [==============================] - 0s 3ms/step - loss: 5.6760 - accuracy: 0.2424
Epoch 3/25

1/5 [=====>........................] - ETA: 0s - loss: 5.6238 - accuracy: 0.2500
5/5 [==============================] - 0s 4ms/step - loss: 5.6572 - accuracy: 0.3173
Epoch 4/25

1/5 [=====>........................] - ETA: 0s - loss: 5.6097 - accuracy: 0.2812
5/5 [==============================] - 0s 4ms/step - loss: 5.6323 - accuracy: 0.2652
Epoch 5/25

1/5 [=====>........................] - ETA: 0s - loss: 5.6372 - accuracy: 0.2500
5/5 [==============================] - 0s 3ms/step - loss: 5.6153 - accuracy: 0.2727
Epoch 6/25

1/5 [=====>........................] - ETA: 0s - loss: 5.5603 - accuracy: 0.2812
5/5 [==============================] - 0s 3ms/step - loss: 5.5515 - accuracy: 0.3030
Epoch 7/25

1/5 [=====>........................] - ETA: 0s - loss: 5.5404 - accuracy: 0.3438
5/5 [==============================] - 0s 3ms/step - loss: 5.5768 - accuracy: 0.2500
Epoch 8/25

1/5 [=====>........................] - ETA: 0s - loss: 5.5572 - accuracy: 0.2188
5/5 [==============================] - 0s 3ms/step - loss: 5.5144 - accuracy: 0.3030
Epoch 9/25

1/5 [=====>........................] - ETA: 0s - loss: 5.5206 - accuracy: 0.2812
5/5 [==============================] - 0s 3ms/step - loss: 5.4462 - accuracy: 0.2955
Epoch 10/25

1/5 [=====>........................] - ETA: 0s - loss: 5.3864 - accuracy: 0.3750
5/5 [==============================] - 0s 3ms/step - loss: 5.4271 - accuracy: 0.2727
Epoch 11/25

1/5 [=====>........................] - ETA: 0s - loss: 5.3508 - accuracy: 0.3438
5/5 [==============================] - 0s 3ms/step - loss: 5.3615 - accuracy: 0.2879
Epoch 12/25

1/5 [=====>........................] - ETA: 0s - loss: 5.0127 - accuracy: 0.4375
5/5 [==============================] - 0s 3ms/step - loss: 5.2632 - accuracy: 0.2727
Epoch 13/25

1/5 [=====>........................] - ETA: 0s - loss: 5.2929 - accuracy: 0.2500
5/5 [==============================] - 0s 3ms/step - loss: 5.2172 - accuracy: 0.2727
Epoch 14/25

1/5 [=====>........................] - ETA: 0s - loss: 5.1957 - accuracy: 0.2812
5/5 [==============================] - 0s 3ms/step - loss: 5.1690 - accuracy: 0.2879
Epoch 15/25

1/5 [=====>........................] - ETA: 0s - loss: 5.1943 - accuracy: 0.1875
5/5 [==============================] - 0s 3ms/step - loss: 5.0898 - accuracy: 0.2424
Epoch 16/25

1/5 [=====>........................] - ETA: 0s - loss: 4.9911 - accuracy: 0.4062
5/5 [==============================] - 0s 3ms/step - loss: 5.0245 - accuracy: 0.2652
Epoch 17/25

1/5 [=====>........................] - ETA: 0s - loss: 4.9974 - accuracy: 0.3438
5/5 [==============================] - 0s 3ms/step - loss: 5.0176 - accuracy: 0.2273
Epoch 18/25

1/5 [=====>........................] - ETA: 0s - loss: 4.6082 - accuracy: 0.4062
5/5 [==============================] - 0s 3ms/step - loss: 4.8522 - accuracy: 0.2803
Epoch 19/25

1/5 [=====>........................] - ETA: 0s - loss: 4.7316 - accuracy: 0.3125
5/5 [==============================] - 0s 4ms/step - loss: 4.7579 - accuracy: 0.2500
Epoch 20/25

1/5 [=====>........................] - ETA: 0s - loss: 4.9650 - accuracy: 0.2188
5/5 [==============================] - 0s 4ms/step - loss: 4.7801 - accuracy: 0.2803
Epoch 21/25

1/5 [=====>........................] - ETA: 0s - loss: 4.7067 - accuracy: 0.3438
5/5 [==============================] - 0s 3ms/step - loss: 4.6410 - accuracy: 0.3106
Epoch 22/25

1/5 [=====>........................] - ETA: 0s - loss: 4.4542 - accuracy: 0.2812
5/5 [==============================] - 0s 3ms/step - loss: 4.5973 - accuracy: 0.2955
Epoch 23/25

1/5 [=====>........................] - ETA: 0s - loss: 4.6929 - accuracy: 0.2188
5/5 [==============================] - 0s 2ms/step - loss: 4.5249 - accuracy: 0.2652
Epoch 24/25

1/5 [=====>........................] - ETA: 0s - loss: 4.5894 - accuracy: 0.1875
5/5 [==============================] - 0s 3ms/step - loss: 4.3043 - accuracy: 0.3258
Epoch 25/25

1/5 [=====>........................] - ETA: 0s - loss: 4.3615 - accuracy: 0.2500
5/5 [==============================] - 0s 3ms/step - loss: 4.4010 - accuracy: 0.2652
# node2vec
Epoch 1/25

1/5 [=====>........................] - ETA: 0s - loss: 5.6861 - accuracy: 0.1875
5/5 [==============================] - 0s 2ms/step - loss: 5.6872 - accuracy: 0.1875
Epoch 2/25

1/5 [=====>........................] - ETA: 0s - loss: 5.6873 - accuracy: 0.3125
5/5 [==============================] - 0s 1ms/step - loss: 5.6875 - accuracy: 0.2576
Epoch 3/25

1/5 [=====>........................] - ETA: 0s - loss: 5.6645 - accuracy: 0.1250
5/5 [==============================] - 0s 2ms/step - loss: 5.6480 - accuracy: 0.1827
Epoch 4/25

1/5 [=====>........................] - ETA: 0s - loss: 5.6767 - accuracy: 0.2500
5/5 [==============================] - 0s 2ms/step - loss: 5.6279 - accuracy: 0.2348
Epoch 5/25

1/5 [=====>........................] - ETA: 0s - loss: 5.6082 - accuracy: 0.2812
5/5 [==============================] - 0s 2ms/step - loss: 5.6152 - accuracy: 0.2197
Epoch 6/25

1/5 [=====>........................] - ETA: 0s - loss: 5.5070 - accuracy: 0.1562
5/5 [==============================] - 0s 2ms/step - loss: 5.5731 - accuracy: 0.2652
Epoch 7/25

1/5 [=====>........................] - ETA: 0s - loss: 5.4977 - accuracy: 0.2812
5/5 [==============================] - 0s 2ms/step - loss: 5.5712 - accuracy: 0.2424
Epoch 8/25

1/5 [=====>........................] - ETA: 0s - loss: 5.5733 - accuracy: 0.1875
5/5 [==============================] - 0s 2ms/step - loss: 5.5270 - accuracy: 0.2348
Epoch 9/25

1/5 [=====>........................] - ETA: 0s - loss: 5.6386 - accuracy: 0.1562
5/5 [==============================] - 0s 2ms/step - loss: 5.5127 - accuracy: 0.2348
Epoch 10/25

1/5 [=====>........................] - ETA: 0s - loss: 5.5057 - accuracy: 0.2812
5/5 [==============================] - 0s 2ms/step - loss: 5.4923 - accuracy: 0.2045
Epoch 11/25

1/5 [=====>........................] - ETA: 0s - loss: 5.4302 - accuracy: 0.2812
5/5 [==============================] - 0s 2ms/step - loss: 5.5083 - accuracy: 0.2727
Epoch 12/25

1/5 [=====>........................] - ETA: 0s - loss: 5.4863 - accuracy: 0.2500
5/5 [==============================] - 0s 2ms/step - loss: 5.4419 - accuracy: 0.2121
Epoch 13/25

1/5 [=====>........................] - ETA: 0s - loss: 5.5095 - accuracy: 0.2812
5/5 [==============================] - 0s 2ms/step - loss: 5.4126 - accuracy: 0.2273
Epoch 14/25

1/5 [=====>........................] - ETA: 0s - loss: 5.2735 - accuracy: 0.2812
5/5 [==============================] - 0s 1ms/step - loss: 5.4123 - accuracy: 0.2424
Epoch 15/25

1/5 [=====>........................] - ETA: 0s - loss: 5.5185 - accuracy: 0.1562
5/5 [==============================] - 0s 2ms/step - loss: 5.4365 - accuracy: 0.2197
Epoch 16/25

1/5 [=====>........................] - ETA: 0s - loss: 5.3110 - accuracy: 0.3750
5/5 [==============================] - 0s 2ms/step - loss: 5.3447 - accuracy: 0.2424
Epoch 17/25

1/5 [=====>........................] - ETA: 0s - loss: 5.4272 - accuracy: 0.2812
5/5 [==============================] - 0s 2ms/step - loss: 5.3829 - accuracy: 0.2576
Epoch 18/25

1/5 [=====>........................] - ETA: 0s - loss: 5.4755 - accuracy: 0.2812
5/5 [==============================] - 0s 2ms/step - loss: 5.3493 - accuracy: 0.2576
Epoch 19/25

1/5 [=====>........................] - ETA: 0s - loss: 5.5235 - accuracy: 0.2812
5/5 [==============================] - 0s 2ms/step - loss: 5.3042 - accuracy: 0.2500
Epoch 20/25

1/5 [=====>........................] - ETA: 0s - loss: 5.2692 - accuracy: 0.2188
5/5 [==============================] - 0s 2ms/step - loss: 5.3260 - accuracy: 0.2197
Epoch 21/25

1/5 [=====>........................] - ETA: 0s - loss: 5.2067 - accuracy: 0.2812
5/5 [==============================] - 0s 2ms/step - loss: 5.2622 - accuracy: 0.2424
Epoch 22/25

1/5 [=====>........................] - ETA: 0s - loss: 5.3875 - accuracy: 0.2188
5/5 [==============================] - 0s 2ms/step - loss: 5.3589 - accuracy: 0.2803
Epoch 23/25

1/5 [=====>........................] - ETA: 0s - loss: 5.1824 - accuracy: 0.2812
5/5 [==============================] - 0s 2ms/step - loss: 5.2560 - accuracy: 0.2576
Epoch 24/25

1/5 [=====>........................] - ETA: 0s - loss: 5.5261 - accuracy: 0.3438
5/5 [==============================] - 0s 2ms/step - loss: 5.3053 - accuracy: 0.2576
Epoch 25/25

1/5 [=====>........................] - ETA: 0s - loss: 5.0497 - accuracy: 0.1875
5/5 [==============================] - 0s 2ms/step - loss: 5.2018 - accuracy: 0.2424
# predict: steps=103
# predict: tnodeembed_metrics
# predict: node2vec_metrics
tnodeembed: {'auc': 0.8738102605847539, 'f1_micro': 0.0, 'f1_macro': 0.0} tNodeEmbed_final_loss=4.400969505310059 tNodeEmbed_final_accuracy=0.2651515007019043 
node2vec: {'auc': 0.8548265557362846, 'f1_micro': 0.0, 'f1_macro': 0.0} node2vec_final_loss=5.201820373535156 node2vec_final_accuracy=0.24242424964904785 
