# load graph
Processing Static file: filename='interactions_with_dates_2011.csv'
# initialize tNodeEmbed for dataset=PPI_NC, test_size=0.2
# load dataset
# fit
# tNodeEmbed steps_per_epoch=5
Epoch 1/25

1/5 [=====>........................] - ETA: 3s - loss: 5.7063 - accuracy: 0.0938
5/5 [==============================] - 1s 3ms/step - loss: 5.6755 - accuracy: 0.1136
Epoch 2/25

1/5 [=====>........................] - ETA: 0s - loss: 5.6558 - accuracy: 0.0312
5/5 [==============================] - 0s 4ms/step - loss: 5.6281 - accuracy: 0.1818
Epoch 3/25

1/5 [=====>........................] - ETA: 0s - loss: 5.5914 - accuracy: 0.1562
5/5 [==============================] - 0s 4ms/step - loss: 5.5609 - accuracy: 0.2424
Epoch 4/25

1/5 [=====>........................] - ETA: 0s - loss: 5.5070 - accuracy: 0.2500
5/5 [==============================] - 0s 3ms/step - loss: 5.4705 - accuracy: 0.2424
Epoch 5/25

1/5 [=====>........................] - ETA: 0s - loss: 5.4359 - accuracy: 0.1875
5/5 [==============================] - 0s 3ms/step - loss: 5.3901 - accuracy: 0.2576
Epoch 6/25

1/5 [=====>........................] - ETA: 0s - loss: 5.2701 - accuracy: 0.3750
5/5 [==============================] - 0s 3ms/step - loss: 5.2665 - accuracy: 0.2803
Epoch 7/25

1/5 [=====>........................] - ETA: 0s - loss: 5.1258 - accuracy: 0.2500
5/5 [==============================] - 0s 2ms/step - loss: 5.0573 - accuracy: 0.2197
Epoch 8/25

1/5 [=====>........................] - ETA: 0s - loss: 4.9677 - accuracy: 0.3438
5/5 [==============================] - 0s 3ms/step - loss: 4.9558 - accuracy: 0.3182
Epoch 9/25

1/5 [=====>........................] - ETA: 0s - loss: 4.6067 - accuracy: 0.2188
5/5 [==============================] - 0s 3ms/step - loss: 4.6632 - accuracy: 0.2273
Epoch 10/25

1/5 [=====>........................] - ETA: 0s - loss: 4.4277 - accuracy: 0.2188
5/5 [==============================] - 0s 3ms/step - loss: 4.3484 - accuracy: 0.2424
Epoch 11/25

1/5 [=====>........................] - ETA: 0s - loss: 4.4780 - accuracy: 0.2500
5/5 [==============================] - 0s 3ms/step - loss: 4.1739 - accuracy: 0.2576
Epoch 12/25

1/5 [=====>........................] - ETA: 0s - loss: 3.9794 - accuracy: 0.2812
5/5 [==============================] - 0s 3ms/step - loss: 3.8473 - accuracy: 0.2576
Epoch 13/25

1/5 [=====>........................] - ETA: 0s - loss: 3.8051 - accuracy: 0.2500
5/5 [==============================] - 0s 3ms/step - loss: 3.5611 - accuracy: 0.2424
Epoch 14/25

1/5 [=====>........................] - ETA: 0s - loss: 3.6128 - accuracy: 0.2500
5/5 [==============================] - 0s 2ms/step - loss: 3.4529 - accuracy: 0.2652
Epoch 15/25

1/5 [=====>........................] - ETA: 0s - loss: 2.9190 - accuracy: 0.2812
5/5 [==============================] - 0s 3ms/step - loss: 3.1688 - accuracy: 0.2803
Epoch 16/25

1/5 [=====>........................] - ETA: 0s - loss: 3.2122 - accuracy: 0.2188
5/5 [==============================] - 0s 3ms/step - loss: 3.2991 - accuracy: 0.2424
Epoch 17/25

1/5 [=====>........................] - ETA: 0s - loss: 2.7917 - accuracy: 0.1875
5/5 [==============================] - 0s 3ms/step - loss: 2.9783 - accuracy: 0.2879
Epoch 18/25

1/5 [=====>........................] - ETA: 0s - loss: 3.0452 - accuracy: 0.2500
5/5 [==============================] - 0s 3ms/step - loss: 3.0496 - accuracy: 0.2121
Epoch 19/25

1/5 [=====>........................] - ETA: 0s - loss: 3.2843 - accuracy: 0.1562
5/5 [==============================] - 0s 3ms/step - loss: 3.0907 - accuracy: 0.1742
Epoch 20/25

1/5 [=====>........................] - ETA: 0s - loss: 2.9576 - accuracy: 0.0938
5/5 [==============================] - 0s 3ms/step - loss: 2.9798 - accuracy: 0.1970
Epoch 21/25

1/5 [=====>........................] - ETA: 0s - loss: 3.0037 - accuracy: 0.1875
5/5 [==============================] - 0s 3ms/step - loss: 2.9779 - accuracy: 0.2121
Epoch 22/25

1/5 [=====>........................] - ETA: 0s - loss: 2.8595 - accuracy: 0.2812
5/5 [==============================] - 0s 4ms/step - loss: 3.0203 - accuracy: 0.3333
Epoch 23/25

1/5 [=====>........................] - ETA: 0s - loss: 2.6772 - accuracy: 0.3438
5/5 [==============================] - 0s 3ms/step - loss: 2.7305 - accuracy: 0.3182
Epoch 24/25

1/5 [=====>........................] - ETA: 0s - loss: 2.6591 - accuracy: 0.4375
5/5 [==============================] - 0s 3ms/step - loss: 2.8445 - accuracy: 0.3485
Epoch 25/25

1/5 [=====>........................] - ETA: 0s - loss: 2.9966 - accuracy: 0.2812
5/5 [==============================] - 0s 3ms/step - loss: 2.7910 - accuracy: 0.3409
# node2vec
Epoch 1/25

1/5 [=====>........................] - ETA: 0s - loss: 5.7364 - accuracy: 0.0938
5/5 [==============================] - 0s 2ms/step - loss: 5.7419 - accuracy: 0.0606
Epoch 2/25

1/5 [=====>........................] - ETA: 0s - loss: 5.6620 - accuracy: 0.0000e+00
5/5 [==============================] - 0s 1ms/step - loss: 5.6337 - accuracy: 0.0833
Epoch 3/25

1/5 [=====>........................] - ETA: 0s - loss: 5.5948 - accuracy: 0.0625
5/5 [==============================] - 0s 4ms/step - loss: 5.4634 - accuracy: 0.1212
Epoch 4/25

1/5 [=====>........................] - ETA: 0s - loss: 5.5366 - accuracy: 0.0938
5/5 [==============================] - 0s 3ms/step - loss: 5.4139 - accuracy: 0.0985
Epoch 5/25

1/5 [=====>........................] - ETA: 0s - loss: 5.3555 - accuracy: 0.1562
5/5 [==============================] - 0s 2ms/step - loss: 5.3296 - accuracy: 0.1288
Epoch 6/25

1/5 [=====>........................] - ETA: 0s - loss: 5.2361 - accuracy: 0.1875
5/5 [==============================] - 0s 2ms/step - loss: 5.2311 - accuracy: 0.1288
Epoch 7/25

1/5 [=====>........................] - ETA: 0s - loss: 5.0649 - accuracy: 0.0938
5/5 [==============================] - 0s 1ms/step - loss: 5.1062 - accuracy: 0.1667
Epoch 8/25

1/5 [=====>........................] - ETA: 0s - loss: 5.0482 - accuracy: 0.1562
5/5 [==============================] - 0s 2ms/step - loss: 5.0323 - accuracy: 0.1818
Epoch 9/25

1/5 [=====>........................] - ETA: 0s - loss: 4.8551 - accuracy: 0.2188
5/5 [==============================] - 0s 2ms/step - loss: 4.9554 - accuracy: 0.1591
Epoch 10/25

1/5 [=====>........................] - ETA: 0s - loss: 4.8781 - accuracy: 0.3125
5/5 [==============================] - 0s 1ms/step - loss: 4.8590 - accuracy: 0.2273
Epoch 11/25

1/5 [=====>........................] - ETA: 0s - loss: 4.5686 - accuracy: 0.3125
5/5 [==============================] - 0s 2ms/step - loss: 4.6897 - accuracy: 0.2045
Epoch 12/25

1/5 [=====>........................] - ETA: 0s - loss: 4.8170 - accuracy: 0.2188
5/5 [==============================] - 0s 2ms/step - loss: 4.7242 - accuracy: 0.2045
Epoch 13/25

1/5 [=====>........................] - ETA: 0s - loss: 4.7057 - accuracy: 0.1875
5/5 [==============================] - 0s 2ms/step - loss: 4.6398 - accuracy: 0.2197
Epoch 14/25

1/5 [=====>........................] - ETA: 0s - loss: 4.5761 - accuracy: 0.1562
5/5 [==============================] - 0s 2ms/step - loss: 4.4953 - accuracy: 0.2652
Epoch 15/25

1/5 [=====>........................] - ETA: 0s - loss: 4.5225 - accuracy: 0.2812
5/5 [==============================] - 0s 2ms/step - loss: 4.3916 - accuracy: 0.2803
Epoch 16/25

1/5 [=====>........................] - ETA: 0s - loss: 4.3739 - accuracy: 0.3125
5/5 [==============================] - 0s 2ms/step - loss: 4.3828 - accuracy: 0.2879
Epoch 17/25

1/5 [=====>........................] - ETA: 0s - loss: 4.4154 - accuracy: 0.1875
5/5 [==============================] - 0s 2ms/step - loss: 4.3697 - accuracy: 0.2424
Epoch 18/25

1/5 [=====>........................] - ETA: 0s - loss: 4.0384 - accuracy: 0.4062
5/5 [==============================] - 0s 2ms/step - loss: 4.1656 - accuracy: 0.3333
Epoch 19/25

1/5 [=====>........................] - ETA: 0s - loss: 4.0826 - accuracy: 0.2812
5/5 [==============================] - 0s 2ms/step - loss: 4.1676 - accuracy: 0.2879
Epoch 20/25

1/5 [=====>........................] - ETA: 0s - loss: 4.1711 - accuracy: 0.2812
5/5 [==============================] - 0s 2ms/step - loss: 4.0255 - accuracy: 0.3864
Epoch 21/25

1/5 [=====>........................] - ETA: 0s - loss: 4.2553 - accuracy: 0.2188
5/5 [==============================] - 0s 2ms/step - loss: 4.0169 - accuracy: 0.3864
Epoch 22/25

1/5 [=====>........................] - ETA: 0s - loss: 4.0277 - accuracy: 0.2188
5/5 [==============================] - 0s 2ms/step - loss: 3.9983 - accuracy: 0.3485
Epoch 23/25

1/5 [=====>........................] - ETA: 0s - loss: 4.0220 - accuracy: 0.3438
5/5 [==============================] - 0s 2ms/step - loss: 3.8807 - accuracy: 0.4167
Epoch 24/25

1/5 [=====>........................] - ETA: 0s - loss: 3.8438 - accuracy: 0.3438
5/5 [==============================] - 0s 2ms/step - loss: 3.9021 - accuracy: 0.4015
Epoch 25/25

1/5 [=====>........................] - ETA: 0s - loss: 3.6451 - accuracy: 0.3438
5/5 [==============================] - 0s 2ms/step - loss: 3.7144 - accuracy: 0.4015
# predict: steps=103
# predict: tnodeembed_metrics
# predict: node2vec_metrics
tnodeembed: {'auc': 0.8999827531446284, 'f1_micro': 0.0012139605462822456, 'f1_macro': 2.0486870476883127e-05} tNodeEmbed_final_loss=2.7909531593322754 tNodeEmbed_final_accuracy=0.34090909361839294 
node2vec: {'auc': 0.8769422362365296, 'f1_micro': 0.0012139605462822456, 'f1_macro': 2.0486870476883127e-05} node2vec_final_loss=3.7144134044647217 node2vec_final_accuracy=0.4015151560306549 
