# load graph
Processing Static file: filename='interactions_with_dates_2007.csv'
# initialize tNodeEmbed for dataset=PPI_NC, test_size=0.2
# load dataset
# fit
# tNodeEmbed steps_per_epoch=5
Epoch 1/25

1/5 [=====>........................] - ETA: 3s - loss: 5.6982 - accuracy: 0.0938
5/5 [==============================] - 1s 3ms/step - loss: 5.6772 - accuracy: 0.1000
Epoch 2/25

1/5 [=====>........................] - ETA: 0s - loss: 5.6644 - accuracy: 0.0938
5/5 [==============================] - 0s 4ms/step - loss: 5.6409 - accuracy: 0.1970
Epoch 3/25

1/5 [=====>........................] - ETA: 0s - loss: 5.6138 - accuracy: 0.2188
5/5 [==============================] - 0s 3ms/step - loss: 5.5907 - accuracy: 0.2692
Epoch 4/25

1/5 [=====>........................] - ETA: 0s - loss: 5.5530 - accuracy: 0.4062
5/5 [==============================] - 0s 3ms/step - loss: 5.5520 - accuracy: 0.3788
Epoch 5/25

1/5 [=====>........................] - ETA: 0s - loss: 5.4860 - accuracy: 0.5000
5/5 [==============================] - 0s 3ms/step - loss: 5.4612 - accuracy: 0.4015
Epoch 6/25

1/5 [=====>........................] - ETA: 0s - loss: 5.3902 - accuracy: 0.4062
5/5 [==============================] - 0s 3ms/step - loss: 5.3888 - accuracy: 0.2803
Epoch 7/25

1/5 [=====>........................] - ETA: 0s - loss: 5.2692 - accuracy: 0.2812
5/5 [==============================] - 0s 3ms/step - loss: 5.3068 - accuracy: 0.2727
Epoch 8/25

1/5 [=====>........................] - ETA: 0s - loss: 5.2137 - accuracy: 0.1875
5/5 [==============================] - 0s 3ms/step - loss: 5.1592 - accuracy: 0.2348
Epoch 9/25

1/5 [=====>........................] - ETA: 0s - loss: 4.9809 - accuracy: 0.3438
5/5 [==============================] - 0s 3ms/step - loss: 4.9703 - accuracy: 0.2879
Epoch 10/25

1/5 [=====>........................] - ETA: 0s - loss: 4.8347 - accuracy: 0.3125
5/5 [==============================] - 0s 3ms/step - loss: 4.9325 - accuracy: 0.2424
Epoch 11/25

1/5 [=====>........................] - ETA: 0s - loss: 4.5971 - accuracy: 0.1875
5/5 [==============================] - 0s 3ms/step - loss: 4.5827 - accuracy: 0.3258
Epoch 12/25

1/5 [=====>........................] - ETA: 0s - loss: 4.4146 - accuracy: 0.3438
5/5 [==============================] - 0s 3ms/step - loss: 4.4595 - accuracy: 0.2424
Epoch 13/25

1/5 [=====>........................] - ETA: 0s - loss: 4.1535 - accuracy: 0.4062
5/5 [==============================] - 0s 3ms/step - loss: 4.2903 - accuracy: 0.2955
Epoch 14/25

1/5 [=====>........................] - ETA: 0s - loss: 4.0431 - accuracy: 0.1875
5/5 [==============================] - 0s 4ms/step - loss: 4.2086 - accuracy: 0.2727
Epoch 15/25

1/5 [=====>........................] - ETA: 0s - loss: 4.0682 - accuracy: 0.2812
5/5 [==============================] - 0s 5ms/step - loss: 3.9131 - accuracy: 0.2879
Epoch 16/25

1/5 [=====>........................] - ETA: 0s - loss: 3.7340 - accuracy: 0.3125
5/5 [==============================] - 0s 3ms/step - loss: 3.8540 - accuracy: 0.2727
Epoch 17/25

1/5 [=====>........................] - ETA: 0s - loss: 3.7008 - accuracy: 0.3438
5/5 [==============================] - 0s 3ms/step - loss: 3.8788 - accuracy: 0.2500
Epoch 18/25

1/5 [=====>........................] - ETA: 0s - loss: 3.9432 - accuracy: 0.3125
5/5 [==============================] - 0s 3ms/step - loss: 3.7632 - accuracy: 0.2576
Epoch 19/25

1/5 [=====>........................] - ETA: 0s - loss: 3.8391 - accuracy: 0.3125
5/5 [==============================] - 0s 3ms/step - loss: 3.8136 - accuracy: 0.2803
Epoch 20/25

1/5 [=====>........................] - ETA: 0s - loss: 3.7635 - accuracy: 0.2500
5/5 [==============================] - 0s 3ms/step - loss: 3.7108 - accuracy: 0.2652
Epoch 21/25

1/5 [=====>........................] - ETA: 0s - loss: 3.6026 - accuracy: 0.2812
5/5 [==============================] - 0s 3ms/step - loss: 3.5089 - accuracy: 0.2727
Epoch 22/25

1/5 [=====>........................] - ETA: 0s - loss: 3.4827 - accuracy: 0.3438
5/5 [==============================] - 0s 3ms/step - loss: 3.5767 - accuracy: 0.2955
Epoch 23/25

1/5 [=====>........................] - ETA: 0s - loss: 3.3852 - accuracy: 0.3438
5/5 [==============================] - 0s 3ms/step - loss: 3.6056 - accuracy: 0.2652
Epoch 24/25

1/5 [=====>........................] - ETA: 0s - loss: 3.8644 - accuracy: 0.2188
5/5 [==============================] - 0s 2ms/step - loss: 3.4485 - accuracy: 0.3636
Epoch 25/25

1/5 [=====>........................] - ETA: 0s - loss: 3.4243 - accuracy: 0.3438
5/5 [==============================] - 0s 3ms/step - loss: 3.3914 - accuracy: 0.4242
# node2vec
Epoch 1/25

1/5 [=====>........................] - ETA: 0s - loss: 5.6571 - accuracy: 0.1562
5/5 [==============================] - 0s 2ms/step - loss: 5.6663 - accuracy: 0.1136
Epoch 2/25

1/5 [=====>........................] - ETA: 0s - loss: 5.6820 - accuracy: 0.1875
5/5 [==============================] - 0s 1ms/step - loss: 5.6010 - accuracy: 0.1667
Epoch 3/25

1/5 [=====>........................] - ETA: 0s - loss: 5.5601 - accuracy: 0.2500
5/5 [==============================] - 0s 2ms/step - loss: 5.5381 - accuracy: 0.1894
Epoch 4/25

1/5 [=====>........................] - ETA: 0s - loss: 5.3793 - accuracy: 0.1250
5/5 [==============================] - 0s 2ms/step - loss: 5.4239 - accuracy: 0.1970
Epoch 5/25

1/5 [=====>........................] - ETA: 0s - loss: 5.3961 - accuracy: 0.2188
5/5 [==============================] - 0s 2ms/step - loss: 5.3323 - accuracy: 0.2500
Epoch 6/25

1/5 [=====>........................] - ETA: 0s - loss: 5.3971 - accuracy: 0.1875
5/5 [==============================] - 0s 1ms/step - loss: 5.2942 - accuracy: 0.1894
Epoch 7/25

1/5 [=====>........................] - ETA: 0s - loss: 5.1998 - accuracy: 0.3438
5/5 [==============================] - 0s 1ms/step - loss: 5.1497 - accuracy: 0.2803
Epoch 8/25

1/5 [=====>........................] - ETA: 0s - loss: 5.1926 - accuracy: 0.1875
5/5 [==============================] - 0s 2ms/step - loss: 5.1453 - accuracy: 0.2576
Epoch 9/25

1/5 [=====>........................] - ETA: 0s - loss: 4.9766 - accuracy: 0.2812
5/5 [==============================] - 0s 2ms/step - loss: 5.0038 - accuracy: 0.3485
Epoch 10/25

1/5 [=====>........................] - ETA: 0s - loss: 4.8385 - accuracy: 0.3438
5/5 [==============================] - 0s 2ms/step - loss: 4.9968 - accuracy: 0.2955
Epoch 11/25

1/5 [=====>........................] - ETA: 0s - loss: 4.7350 - accuracy: 0.3438
5/5 [==============================] - 0s 2ms/step - loss: 4.8893 - accuracy: 0.3636
Epoch 12/25

1/5 [=====>........................] - ETA: 0s - loss: 5.0663 - accuracy: 0.5312
5/5 [==============================] - 0s 2ms/step - loss: 4.8283 - accuracy: 0.3485
Epoch 13/25

1/5 [=====>........................] - ETA: 0s - loss: 4.6208 - accuracy: 0.5000
5/5 [==============================] - 0s 2ms/step - loss: 4.7532 - accuracy: 0.4318
Epoch 14/25

1/5 [=====>........................] - ETA: 0s - loss: 4.6200 - accuracy: 0.4375
5/5 [==============================] - 0s 2ms/step - loss: 4.6520 - accuracy: 0.3939
Epoch 15/25

1/5 [=====>........................] - ETA: 0s - loss: 4.6767 - accuracy: 0.4688
5/5 [==============================] - 0s 2ms/step - loss: 4.6537 - accuracy: 0.4470
Epoch 16/25

1/5 [=====>........................] - ETA: 0s - loss: 4.7700 - accuracy: 0.5000
5/5 [==============================] - 0s 1ms/step - loss: 4.5525 - accuracy: 0.4773
Epoch 17/25

1/5 [=====>........................] - ETA: 0s - loss: 4.4339 - accuracy: 0.4062
5/5 [==============================] - 0s 2ms/step - loss: 4.6019 - accuracy: 0.4470
Epoch 18/25

1/5 [=====>........................] - ETA: 0s - loss: 4.4985 - accuracy: 0.7188
5/5 [==============================] - 0s 2ms/step - loss: 4.3237 - accuracy: 0.5606
Epoch 19/25

1/5 [=====>........................] - ETA: 0s - loss: 4.5249 - accuracy: 0.3438
5/5 [==============================] - 0s 2ms/step - loss: 4.3590 - accuracy: 0.4924
Epoch 20/25

1/5 [=====>........................] - ETA: 0s - loss: 4.5280 - accuracy: 0.4062
5/5 [==============================] - 0s 2ms/step - loss: 4.4374 - accuracy: 0.4773
Epoch 21/25

1/5 [=====>........................] - ETA: 0s - loss: 4.1566 - accuracy: 0.6562
5/5 [==============================] - 0s 2ms/step - loss: 4.2008 - accuracy: 0.5303
Epoch 22/25

1/5 [=====>........................] - ETA: 0s - loss: 4.0342 - accuracy: 0.5000
5/5 [==============================] - 0s 2ms/step - loss: 4.2560 - accuracy: 0.5303
Epoch 23/25

1/5 [=====>........................] - ETA: 0s - loss: 4.0875 - accuracy: 0.4062
5/5 [==============================] - 0s 2ms/step - loss: 4.2523 - accuracy: 0.4924
Epoch 24/25

1/5 [=====>........................] - ETA: 0s - loss: 3.9289 - accuracy: 0.5625
5/5 [==============================] - 0s 2ms/step - loss: 4.1780 - accuracy: 0.6288
Epoch 25/25

1/5 [=====>........................] - ETA: 0s - loss: 4.0806 - accuracy: 0.4688
5/5 [==============================] - 0s 1ms/step - loss: 4.0235 - accuracy: 0.5000
# predict: steps=103
# predict: tnodeembed_metrics
# predict: node2vec_metrics
tnodeembed: {'auc': 0.8659370383471611, 'f1_micro': 0.0, 'f1_macro': 0.0} tNodeEmbed_final_loss=3.3913800716400146 tNodeEmbed_final_accuracy=0.42424243688583374 
node2vec: {'auc': 0.854160936324541, 'f1_micro': 0.0, 'f1_macro': 0.0} node2vec_final_loss=4.023518085479736 node2vec_final_accuracy=0.5 
