# load graph
Processing Static file: filename='interactions_with_dates_1992.csv'
# initialize tNodeEmbed for dataset=PPI_NC, test_size=0.2
# load dataset
# fit
# tNodeEmbed steps_per_epoch=5
Epoch 1/25

1/5 [=====>........................] - ETA: 3s - loss: 5.7014 - accuracy: 0.1250
5/5 [==============================] - 1s 3ms/step - loss: 5.6968 - accuracy: 0.1937
Epoch 2/25

1/5 [=====>........................] - ETA: 0s - loss: 5.6870 - accuracy: 0.2188
5/5 [==============================] - 0s 3ms/step - loss: 5.6840 - accuracy: 0.1970
Epoch 3/25

1/5 [=====>........................] - ETA: 0s - loss: 5.6810 - accuracy: 0.1875
5/5 [==============================] - 0s 3ms/step - loss: 5.6724 - accuracy: 0.1731
Epoch 4/25

1/5 [=====>........................] - ETA: 0s - loss: 5.6474 - accuracy: 0.1875
5/5 [==============================] - 0s 3ms/step - loss: 5.6514 - accuracy: 0.2197
Epoch 5/25

1/5 [=====>........................] - ETA: 0s - loss: 5.6324 - accuracy: 0.1250
5/5 [==============================] - 0s 3ms/step - loss: 5.6282 - accuracy: 0.2121
Epoch 6/25

1/5 [=====>........................] - ETA: 0s - loss: 5.6203 - accuracy: 0.1250
5/5 [==============================] - 0s 3ms/step - loss: 5.6157 - accuracy: 0.2121
Epoch 7/25

1/5 [=====>........................] - ETA: 0s - loss: 5.5718 - accuracy: 0.0938
5/5 [==============================] - 0s 3ms/step - loss: 5.5721 - accuracy: 0.2273
Epoch 8/25

1/5 [=====>........................] - ETA: 0s - loss: 5.6003 - accuracy: 0.1250
5/5 [==============================] - 0s 3ms/step - loss: 5.5451 - accuracy: 0.2045
Epoch 9/25

1/5 [=====>........................] - ETA: 0s - loss: 5.5745 - accuracy: 0.1250
5/5 [==============================] - 0s 3ms/step - loss: 5.5238 - accuracy: 0.1970
Epoch 10/25

1/5 [=====>........................] - ETA: 0s - loss: 5.5422 - accuracy: 0.1562
5/5 [==============================] - 0s 2ms/step - loss: 5.4702 - accuracy: 0.2348
Epoch 11/25

1/5 [=====>........................] - ETA: 0s - loss: 5.3885 - accuracy: 0.2188
5/5 [==============================] - 0s 3ms/step - loss: 5.4218 - accuracy: 0.1970
Epoch 12/25

1/5 [=====>........................] - ETA: 0s - loss: 5.3408 - accuracy: 0.1875
5/5 [==============================] - 0s 3ms/step - loss: 5.3701 - accuracy: 0.2273
Epoch 13/25

1/5 [=====>........................] - ETA: 0s - loss: 5.4054 - accuracy: 0.2500
5/5 [==============================] - 0s 3ms/step - loss: 5.2969 - accuracy: 0.1970
Epoch 14/25

1/5 [=====>........................] - ETA: 0s - loss: 5.2954 - accuracy: 0.3125
5/5 [==============================] - 0s 3ms/step - loss: 5.2907 - accuracy: 0.2273
Epoch 15/25

1/5 [=====>........................] - ETA: 0s - loss: 5.0482 - accuracy: 0.2812
5/5 [==============================] - 0s 2ms/step - loss: 5.1699 - accuracy: 0.2197
Epoch 16/25

1/5 [=====>........................] - ETA: 0s - loss: 5.1514 - accuracy: 0.2500
5/5 [==============================] - 0s 2ms/step - loss: 5.0802 - accuracy: 0.2500
Epoch 17/25

1/5 [=====>........................] - ETA: 0s - loss: 5.0895 - accuracy: 0.1875
5/5 [==============================] - 0s 2ms/step - loss: 5.0699 - accuracy: 0.2121
Epoch 18/25

1/5 [=====>........................] - ETA: 0s - loss: 5.0058 - accuracy: 0.2812
5/5 [==============================] - 0s 3ms/step - loss: 5.0021 - accuracy: 0.1742
Epoch 19/25

1/5 [=====>........................] - ETA: 0s - loss: 4.9407 - accuracy: 0.1562
5/5 [==============================] - 0s 3ms/step - loss: 4.8734 - accuracy: 0.2500
Epoch 20/25

1/5 [=====>........................] - ETA: 0s - loss: 4.7431 - accuracy: 0.2188
5/5 [==============================] - 0s 3ms/step - loss: 4.7506 - accuracy: 0.2045
Epoch 21/25

1/5 [=====>........................] - ETA: 0s - loss: 4.6350 - accuracy: 0.3750
5/5 [==============================] - 0s 2ms/step - loss: 4.7656 - accuracy: 0.2197
Epoch 22/25

1/5 [=====>........................] - ETA: 0s - loss: 4.5585 - accuracy: 0.2500
5/5 [==============================] - 0s 2ms/step - loss: 4.6061 - accuracy: 0.2197
Epoch 23/25

1/5 [=====>........................] - ETA: 0s - loss: 4.6806 - accuracy: 0.3125
5/5 [==============================] - 0s 3ms/step - loss: 4.4984 - accuracy: 0.2348
Epoch 24/25

1/5 [=====>........................] - ETA: 0s - loss: 4.5595 - accuracy: 0.1562
5/5 [==============================] - 0s 3ms/step - loss: 4.4256 - accuracy: 0.2348
Epoch 25/25

1/5 [=====>........................] - ETA: 0s - loss: 4.1970 - accuracy: 0.2812
5/5 [==============================] - 0s 3ms/step - loss: 4.3284 - accuracy: 0.1970
# node2vec
Epoch 1/25

1/5 [=====>........................] - ETA: 0s - loss: 5.7006 - accuracy: 0.2188
5/5 [==============================] - 0s 2ms/step - loss: 5.6982 - accuracy: 0.1439
Epoch 2/25

1/5 [=====>........................] - ETA: 0s - loss: 5.6912 - accuracy: 0.0938
5/5 [==============================] - 0s 2ms/step - loss: 5.6903 - accuracy: 0.1136
Epoch 3/25

1/5 [=====>........................] - ETA: 0s - loss: 5.6827 - accuracy: 0.1875
5/5 [==============================] - 0s 2ms/step - loss: 5.6656 - accuracy: 0.1364
Epoch 4/25

1/5 [=====>........................] - ETA: 0s - loss: 5.6779 - accuracy: 0.1875
5/5 [==============================] - 0s 2ms/step - loss: 5.6725 - accuracy: 0.1515
Epoch 5/25

1/5 [=====>........................] - ETA: 0s - loss: 5.6576 - accuracy: 0.1250
5/5 [==============================] - 0s 2ms/step - loss: 5.6398 - accuracy: 0.1061
Epoch 6/25

1/5 [=====>........................] - ETA: 0s - loss: 5.6510 - accuracy: 0.0938
5/5 [==============================] - 0s 2ms/step - loss: 5.6414 - accuracy: 0.1970
Epoch 7/25

1/5 [=====>........................] - ETA: 0s - loss: 5.6421 - accuracy: 0.2188
5/5 [==============================] - 0s 2ms/step - loss: 5.6250 - accuracy: 0.2121
Epoch 8/25

1/5 [=====>........................] - ETA: 0s - loss: 5.6031 - accuracy: 0.1562
5/5 [==============================] - 0s 2ms/step - loss: 5.6176 - accuracy: 0.1667
Epoch 9/25

1/5 [=====>........................] - ETA: 0s - loss: 5.6195 - accuracy: 0.2500
5/5 [==============================] - 0s 2ms/step - loss: 5.6106 - accuracy: 0.1970
Epoch 10/25

1/5 [=====>........................] - ETA: 0s - loss: 5.6085 - accuracy: 0.2500
5/5 [==============================] - 0s 2ms/step - loss: 5.5821 - accuracy: 0.1894
Epoch 11/25

1/5 [=====>........................] - ETA: 0s - loss: 5.5106 - accuracy: 0.1562
5/5 [==============================] - 0s 2ms/step - loss: 5.5878 - accuracy: 0.2197
Epoch 12/25

1/5 [=====>........................] - ETA: 0s - loss: 5.5730 - accuracy: 0.2812
5/5 [==============================] - 0s 2ms/step - loss: 5.5463 - accuracy: 0.1970
Epoch 13/25

1/5 [=====>........................] - ETA: 0s - loss: 5.5307 - accuracy: 0.0625
5/5 [==============================] - 0s 2ms/step - loss: 5.5418 - accuracy: 0.2045
Epoch 14/25

1/5 [=====>........................] - ETA: 0s - loss: 5.6087 - accuracy: 0.0938
5/5 [==============================] - 0s 2ms/step - loss: 5.5690 - accuracy: 0.1591
Epoch 15/25

1/5 [=====>........................] - ETA: 0s - loss: 5.6020 - accuracy: 0.1562
5/5 [==============================] - 0s 1ms/step - loss: 5.5310 - accuracy: 0.2348
Epoch 16/25

1/5 [=====>........................] - ETA: 0s - loss: 5.4734 - accuracy: 0.2500
5/5 [==============================] - 0s 2ms/step - loss: 5.5212 - accuracy: 0.1818
Epoch 17/25

1/5 [=====>........................] - ETA: 0s - loss: 5.4628 - accuracy: 0.1562
5/5 [==============================] - 0s 2ms/step - loss: 5.4838 - accuracy: 0.2045
Epoch 18/25

1/5 [=====>........................] - ETA: 0s - loss: 5.5797 - accuracy: 0.2812
5/5 [==============================] - 0s 2ms/step - loss: 5.5258 - accuracy: 0.2348
Epoch 19/25

1/5 [=====>........................] - ETA: 0s - loss: 5.5760 - accuracy: 0.0938
5/5 [==============================] - 0s 2ms/step - loss: 5.5051 - accuracy: 0.2121
Epoch 20/25

1/5 [=====>........................] - ETA: 0s - loss: 5.3649 - accuracy: 0.2188
5/5 [==============================] - 0s 1ms/step - loss: 5.4424 - accuracy: 0.2045
Epoch 21/25

1/5 [=====>........................] - ETA: 0s - loss: 5.5562 - accuracy: 0.1875
5/5 [==============================] - 0s 2ms/step - loss: 5.4871 - accuracy: 0.2273
Epoch 22/25

1/5 [=====>........................] - ETA: 0s - loss: 5.4837 - accuracy: 0.2500
5/5 [==============================] - 0s 2ms/step - loss: 5.4415 - accuracy: 0.2045
Epoch 23/25

1/5 [=====>........................] - ETA: 0s - loss: 5.4517 - accuracy: 0.1875
5/5 [==============================] - 0s 2ms/step - loss: 5.4464 - accuracy: 0.2197
Epoch 24/25

1/5 [=====>........................] - ETA: 0s - loss: 5.4617 - accuracy: 0.1875
5/5 [==============================] - 0s 4ms/step - loss: 5.4287 - accuracy: 0.2500
Epoch 25/25

1/5 [=====>........................] - ETA: 0s - loss: 5.3706 - accuracy: 0.1875
5/5 [==============================] - 0s 2ms/step - loss: 5.4716 - accuracy: 0.1591
# predict: steps=103
# predict: tnodeembed_metrics
# predict: node2vec_metrics
tnodeembed: {'auc': 0.8916467299044676, 'f1_micro': 0.0006047777441790142, 'f1_macro': 1.619603682978775e-05} tNodeEmbed_final_loss=4.328433036804199 tNodeEmbed_final_accuracy=0.19696970283985138 
node2vec: {'auc': 0.8887969126926223, 'f1_micro': 0.0, 'f1_macro': 0.0} node2vec_final_loss=5.471640110015869 node2vec_final_accuracy=0.15909090638160706 
