# load graph
Processing Static file: filename='interactions_with_dates_1988.csv'
# initialize tNodeEmbed for dataset=PPI_NC, test_size=0.2
# load dataset
# fit
# tNodeEmbed steps_per_epoch=5
Epoch 1/25

1/5 [=====>........................] - ETA: 3s - loss: 5.7004 - accuracy: 0.3125
5/5 [==============================] - 1s 3ms/step - loss: 5.6975 - accuracy: 0.2404
Epoch 2/25

1/5 [=====>........................] - ETA: 0s - loss: 5.6909 - accuracy: 0.1250
5/5 [==============================] - 0s 4ms/step - loss: 5.6884 - accuracy: 0.1500
Epoch 3/25

1/5 [=====>........................] - ETA: 0s - loss: 5.6807 - accuracy: 0.2188
5/5 [==============================] - 0s 4ms/step - loss: 5.6762 - accuracy: 0.1970
Epoch 4/25

1/5 [=====>........................] - ETA: 0s - loss: 5.6673 - accuracy: 0.2188
5/5 [==============================] - 0s 3ms/step - loss: 5.6575 - accuracy: 0.2424
Epoch 5/25

1/5 [=====>........................] - ETA: 0s - loss: 5.6588 - accuracy: 0.0938
5/5 [==============================] - 0s 3ms/step - loss: 5.6505 - accuracy: 0.1212
Epoch 6/25

1/5 [=====>........................] - ETA: 0s - loss: 5.6183 - accuracy: 0.3125
5/5 [==============================] - 0s 3ms/step - loss: 5.6181 - accuracy: 0.2500
Epoch 7/25

1/5 [=====>........................] - ETA: 0s - loss: 5.6150 - accuracy: 0.1250
5/5 [==============================] - 0s 3ms/step - loss: 5.6029 - accuracy: 0.1742
Epoch 8/25

1/5 [=====>........................] - ETA: 0s - loss: 5.5945 - accuracy: 0.1875
5/5 [==============================] - 0s 3ms/step - loss: 5.5810 - accuracy: 0.1970
Epoch 9/25

1/5 [=====>........................] - ETA: 0s - loss: 5.5215 - accuracy: 0.2188
5/5 [==============================] - 0s 3ms/step - loss: 5.5388 - accuracy: 0.2197
Epoch 10/25

1/5 [=====>........................] - ETA: 0s - loss: 5.5234 - accuracy: 0.1562
5/5 [==============================] - 0s 3ms/step - loss: 5.4993 - accuracy: 0.1894
Epoch 11/25

1/5 [=====>........................] - ETA: 0s - loss: 5.4985 - accuracy: 0.1250
5/5 [==============================] - 0s 3ms/step - loss: 5.4581 - accuracy: 0.1894
Epoch 12/25

1/5 [=====>........................] - ETA: 0s - loss: 5.3642 - accuracy: 0.2812
5/5 [==============================] - 0s 3ms/step - loss: 5.4109 - accuracy: 0.2121
Epoch 13/25

1/5 [=====>........................] - ETA: 0s - loss: 5.4039 - accuracy: 0.1562
5/5 [==============================] - 0s 3ms/step - loss: 5.3268 - accuracy: 0.1818
Epoch 14/25

1/5 [=====>........................] - ETA: 0s - loss: 5.3235 - accuracy: 0.2188
5/5 [==============================] - 0s 3ms/step - loss: 5.3135 - accuracy: 0.1970
Epoch 15/25

1/5 [=====>........................] - ETA: 0s - loss: 5.1766 - accuracy: 0.1875
5/5 [==============================] - 0s 3ms/step - loss: 5.2253 - accuracy: 0.1894
Epoch 16/25

1/5 [=====>........................] - ETA: 0s - loss: 5.2181 - accuracy: 0.0938
5/5 [==============================] - 0s 3ms/step - loss: 5.1451 - accuracy: 0.1894
Epoch 17/25

1/5 [=====>........................] - ETA: 0s - loss: 4.9932 - accuracy: 0.2188
5/5 [==============================] - 0s 2ms/step - loss: 5.0529 - accuracy: 0.2121
Epoch 18/25

1/5 [=====>........................] - ETA: 0s - loss: 5.0667 - accuracy: 0.1562
5/5 [==============================] - 0s 3ms/step - loss: 4.9872 - accuracy: 0.2045
Epoch 19/25

1/5 [=====>........................] - ETA: 0s - loss: 4.9430 - accuracy: 0.2500
5/5 [==============================] - 0s 3ms/step - loss: 4.8899 - accuracy: 0.1742
Epoch 20/25

1/5 [=====>........................] - ETA: 0s - loss: 4.9058 - accuracy: 0.0938
5/5 [==============================] - 0s 3ms/step - loss: 4.7948 - accuracy: 0.2121
Epoch 21/25

1/5 [=====>........................] - ETA: 0s - loss: 4.6524 - accuracy: 0.2188
5/5 [==============================] - 0s 2ms/step - loss: 4.7006 - accuracy: 0.1818
Epoch 22/25

1/5 [=====>........................] - ETA: 0s - loss: 4.6742 - accuracy: 0.2188
5/5 [==============================] - 0s 3ms/step - loss: 4.5872 - accuracy: 0.2045
Epoch 23/25

1/5 [=====>........................] - ETA: 0s - loss: 4.5363 - accuracy: 0.1875
5/5 [==============================] - 0s 2ms/step - loss: 4.4979 - accuracy: 0.1818
Epoch 24/25

1/5 [=====>........................] - ETA: 0s - loss: 4.3892 - accuracy: 0.0938
5/5 [==============================] - 0s 3ms/step - loss: 4.3573 - accuracy: 0.2348
Epoch 25/25

1/5 [=====>........................] - ETA: 0s - loss: 4.1431 - accuracy: 0.2500
5/5 [==============================] - 0s 3ms/step - loss: 4.2338 - accuracy: 0.1970
# node2vec
Epoch 1/25

1/5 [=====>........................] - ETA: 0s - loss: 5.7004 - accuracy: 0.2188
5/5 [==============================] - 0s 4ms/step - loss: 5.6984 - accuracy: 0.0909
Epoch 2/25

1/5 [=====>........................] - ETA: 0s - loss: 5.6917 - accuracy: 0.0938
5/5 [==============================] - 0s 2ms/step - loss: 5.6890 - accuracy: 0.1667
Epoch 3/25

1/5 [=====>........................] - ETA: 0s - loss: 5.6855 - accuracy: 0.2188
5/5 [==============================] - 0s 2ms/step - loss: 5.6836 - accuracy: 0.1970
Epoch 4/25

1/5 [=====>........................] - ETA: 0s - loss: 5.6684 - accuracy: 0.1875
5/5 [==============================] - 0s 2ms/step - loss: 5.6732 - accuracy: 0.1667
Epoch 5/25

1/5 [=====>........................] - ETA: 0s - loss: 5.6713 - accuracy: 0.1875
5/5 [==============================] - 0s 1ms/step - loss: 5.6651 - accuracy: 0.2197
Epoch 6/25

1/5 [=====>........................] - ETA: 0s - loss: 5.6631 - accuracy: 0.1875
5/5 [==============================] - 0s 2ms/step - loss: 5.6524 - accuracy: 0.1591
Epoch 7/25

1/5 [=====>........................] - ETA: 0s - loss: 5.6578 - accuracy: 0.2812
5/5 [==============================] - 0s 1ms/step - loss: 5.6478 - accuracy: 0.2348
Epoch 8/25

1/5 [=====>........................] - ETA: 0s - loss: 5.6475 - accuracy: 0.2500
5/5 [==============================] - 0s 2ms/step - loss: 5.6478 - accuracy: 0.1667
Epoch 9/25

1/5 [=====>........................] - ETA: 0s - loss: 5.6107 - accuracy: 0.1875
5/5 [==============================] - 0s 2ms/step - loss: 5.6238 - accuracy: 0.2197
Epoch 10/25

1/5 [=====>........................] - ETA: 0s - loss: 5.6377 - accuracy: 0.2188
5/5 [==============================] - 0s 2ms/step - loss: 5.6330 - accuracy: 0.1970
Epoch 11/25

1/5 [=====>........................] - ETA: 0s - loss: 5.6272 - accuracy: 0.2812
5/5 [==============================] - 0s 1ms/step - loss: 5.6060 - accuracy: 0.2121
Epoch 12/25

1/5 [=====>........................] - ETA: 0s - loss: 5.6212 - accuracy: 0.2188
5/5 [==============================] - 0s 2ms/step - loss: 5.6196 - accuracy: 0.1667
Epoch 13/25

1/5 [=====>........................] - ETA: 0s - loss: 5.5659 - accuracy: 0.1562
5/5 [==============================] - 0s 2ms/step - loss: 5.5866 - accuracy: 0.2121
Epoch 14/25

1/5 [=====>........................] - ETA: 0s - loss: 5.6091 - accuracy: 0.2188
5/5 [==============================] - 0s 2ms/step - loss: 5.6053 - accuracy: 0.1970
Epoch 15/25

1/5 [=====>........................] - ETA: 0s - loss: 5.6012 - accuracy: 0.1875
5/5 [==============================] - 0s 2ms/step - loss: 5.5835 - accuracy: 0.2273
Epoch 16/25

1/5 [=====>........................] - ETA: 0s - loss: 5.5971 - accuracy: 0.0938
5/5 [==============================] - 0s 2ms/step - loss: 5.5761 - accuracy: 0.1667
Epoch 17/25

1/5 [=====>........................] - ETA: 0s - loss: 5.5875 - accuracy: 0.1562
5/5 [==============================] - 0s 2ms/step - loss: 5.5527 - accuracy: 0.1894
Epoch 18/25

1/5 [=====>........................] - ETA: 0s - loss: 5.5836 - accuracy: 0.1562
5/5 [==============================] - 0s 2ms/step - loss: 5.5758 - accuracy: 0.2121
Epoch 19/25

1/5 [=====>........................] - ETA: 0s - loss: 5.5745 - accuracy: 0.2188
5/5 [==============================] - 0s 2ms/step - loss: 5.5333 - accuracy: 0.1970
Epoch 20/25

1/5 [=====>........................] - ETA: 0s - loss: 5.5706 - accuracy: 0.0938
5/5 [==============================] - 0s 2ms/step - loss: 5.5631 - accuracy: 0.1970
Epoch 21/25

1/5 [=====>........................] - ETA: 0s - loss: 5.5613 - accuracy: 0.1562
5/5 [==============================] - 0s 2ms/step - loss: 5.5365 - accuracy: 0.1818
Epoch 22/25

1/5 [=====>........................] - ETA: 0s - loss: 5.5524 - accuracy: 0.1875
5/5 [==============================] - 0s 1ms/step - loss: 5.5064 - accuracy: 0.1970
Epoch 23/25

1/5 [=====>........................] - ETA: 0s - loss: 5.5514 - accuracy: 0.0938
5/5 [==============================] - 0s 2ms/step - loss: 5.5419 - accuracy: 0.1818
Epoch 24/25

1/5 [=====>........................] - ETA: 0s - loss: 5.5436 - accuracy: 0.0938
5/5 [==============================] - 0s 2ms/step - loss: 5.5120 - accuracy: 0.1970
Epoch 25/25

1/5 [=====>........................] - ETA: 0s - loss: 5.5272 - accuracy: 0.2500
5/5 [==============================] - 0s 1ms/step - loss: 5.5060 - accuracy: 0.1970
# predict: steps=103
# predict: tnodeembed_metrics
# predict: node2vec_metrics
tnodeembed: {'auc': 0.8984294979214694, 'f1_micro': 0.0, 'f1_macro': 0.0} tNodeEmbed_final_loss=4.233833312988281 tNodeEmbed_final_accuracy=0.19696970283985138 
node2vec: {'auc': 0.8976858454905495, 'f1_micro': 0.0, 'f1_macro': 0.0} node2vec_final_loss=5.506011009216309 node2vec_final_accuracy=0.19696970283985138 
