# load graph
Processing Static file: filename='interactions_with_dates_2008.csv'
# initialize tNodeEmbed for dataset=PPI_NC, test_size=0.2
# load dataset
# fit
# tNodeEmbed steps_per_epoch=5
Epoch 1/25

1/5 [=====>........................] - ETA: 3s - loss: 5.7029 - accuracy: 0.0625
5/5 [==============================] - 1s 3ms/step - loss: 5.6859 - accuracy: 0.0833
Epoch 2/25

1/5 [=====>........................] - ETA: 0s - loss: 5.6579 - accuracy: 0.2188
5/5 [==============================] - 0s 2ms/step - loss: 5.6475 - accuracy: 0.1970
Epoch 3/25

1/5 [=====>........................] - ETA: 0s - loss: 5.6074 - accuracy: 0.3125
5/5 [==============================] - 0s 3ms/step - loss: 5.5872 - accuracy: 0.3182
Epoch 4/25

1/5 [=====>........................] - ETA: 0s - loss: 5.5476 - accuracy: 0.2812
5/5 [==============================] - 0s 3ms/step - loss: 5.5348 - accuracy: 0.2803
Epoch 5/25

1/5 [=====>........................] - ETA: 0s - loss: 5.4634 - accuracy: 0.3750
5/5 [==============================] - 0s 3ms/step - loss: 5.4554 - accuracy: 0.2803
Epoch 6/25

1/5 [=====>........................] - ETA: 0s - loss: 5.4035 - accuracy: 0.2188
5/5 [==============================] - 0s 3ms/step - loss: 5.3468 - accuracy: 0.2955
Epoch 7/25

1/5 [=====>........................] - ETA: 0s - loss: 5.2627 - accuracy: 0.3438
5/5 [==============================] - 0s 3ms/step - loss: 5.2244 - accuracy: 0.3030
Epoch 8/25

1/5 [=====>........................] - ETA: 0s - loss: 5.2142 - accuracy: 0.1562
5/5 [==============================] - 0s 3ms/step - loss: 5.1076 - accuracy: 0.2955
Epoch 9/25

1/5 [=====>........................] - ETA: 0s - loss: 4.9280 - accuracy: 0.3438
5/5 [==============================] - 0s 3ms/step - loss: 4.8560 - accuracy: 0.2500
Epoch 10/25

1/5 [=====>........................] - ETA: 0s - loss: 4.7689 - accuracy: 0.3438
5/5 [==============================] - 0s 3ms/step - loss: 4.6827 - accuracy: 0.2803
Epoch 11/25

1/5 [=====>........................] - ETA: 0s - loss: 4.5179 - accuracy: 0.1875
5/5 [==============================] - 0s 3ms/step - loss: 4.5320 - accuracy: 0.2045
Epoch 12/25

1/5 [=====>........................] - ETA: 0s - loss: 4.2136 - accuracy: 0.0938
5/5 [==============================] - 0s 3ms/step - loss: 4.3166 - accuracy: 0.2197
Epoch 13/25

1/5 [=====>........................] - ETA: 0s - loss: 4.0104 - accuracy: 0.2188
5/5 [==============================] - 0s 3ms/step - loss: 3.9779 - accuracy: 0.1818
Epoch 14/25

1/5 [=====>........................] - ETA: 0s - loss: 3.6968 - accuracy: 0.1250
5/5 [==============================] - 0s 3ms/step - loss: 4.0041 - accuracy: 0.1818
Epoch 15/25

1/5 [=====>........................] - ETA: 0s - loss: 4.2102 - accuracy: 0.0938
5/5 [==============================] - 0s 3ms/step - loss: 3.9935 - accuracy: 0.1742
Epoch 16/25

1/5 [=====>........................] - ETA: 0s - loss: 3.7479 - accuracy: 0.1562
5/5 [==============================] - 0s 3ms/step - loss: 3.6133 - accuracy: 0.1591
Epoch 17/25

1/5 [=====>........................] - ETA: 0s - loss: 3.8704 - accuracy: 0.1562
5/5 [==============================] - 0s 2ms/step - loss: 3.7953 - accuracy: 0.1667
Epoch 18/25

1/5 [=====>........................] - ETA: 0s - loss: 3.8904 - accuracy: 0.1875
5/5 [==============================] - 0s 3ms/step - loss: 3.6953 - accuracy: 0.1894
Epoch 19/25

1/5 [=====>........................] - ETA: 0s - loss: 3.8270 - accuracy: 0.2500
5/5 [==============================] - 0s 3ms/step - loss: 3.6450 - accuracy: 0.1970
Epoch 20/25

1/5 [=====>........................] - ETA: 0s - loss: 3.7111 - accuracy: 0.2500
5/5 [==============================] - 0s 3ms/step - loss: 3.5537 - accuracy: 0.1894
Epoch 21/25

1/5 [=====>........................] - ETA: 0s - loss: 3.9987 - accuracy: 0.2500
5/5 [==============================] - 0s 3ms/step - loss: 3.4791 - accuracy: 0.2500
Epoch 22/25

1/5 [=====>........................] - ETA: 0s - loss: 4.0270 - accuracy: 0.2500
5/5 [==============================] - 0s 3ms/step - loss: 3.6558 - accuracy: 0.1818
Epoch 23/25

1/5 [=====>........................] - ETA: 0s - loss: 3.5178 - accuracy: 0.3125
5/5 [==============================] - 0s 3ms/step - loss: 3.5747 - accuracy: 0.1970
Epoch 24/25

1/5 [=====>........................] - ETA: 0s - loss: 2.9668 - accuracy: 0.3750
5/5 [==============================] - 0s 4ms/step - loss: 3.2951 - accuracy: 0.3258
Epoch 25/25

1/5 [=====>........................] - ETA: 0s - loss: 3.2475 - accuracy: 0.2812
5/5 [==============================] - 0s 3ms/step - loss: 3.2409 - accuracy: 0.3333
# node2vec
Epoch 1/25

1/5 [=====>........................] - ETA: 0s - loss: 5.6967 - accuracy: 0.1562
5/5 [==============================] - 0s 2ms/step - loss: 5.6724 - accuracy: 0.1364
Epoch 2/25

1/5 [=====>........................] - ETA: 0s - loss: 5.6717 - accuracy: 0.0625
5/5 [==============================] - 0s 2ms/step - loss: 5.5967 - accuracy: 0.0303
Epoch 3/25

1/5 [=====>........................] - ETA: 0s - loss: 5.5149 - accuracy: 0.0938
5/5 [==============================] - 0s 2ms/step - loss: 5.4930 - accuracy: 0.1667
Epoch 4/25

1/5 [=====>........................] - ETA: 0s - loss: 5.3703 - accuracy: 0.0625
5/5 [==============================] - 0s 2ms/step - loss: 5.4149 - accuracy: 0.1818
Epoch 5/25

1/5 [=====>........................] - ETA: 0s - loss: 5.3497 - accuracy: 0.1875
5/5 [==============================] - 0s 2ms/step - loss: 5.2932 - accuracy: 0.2348
Epoch 6/25

1/5 [=====>........................] - ETA: 0s - loss: 5.3537 - accuracy: 0.3125
5/5 [==============================] - 0s 2ms/step - loss: 5.2938 - accuracy: 0.1894
Epoch 7/25

1/5 [=====>........................] - ETA: 0s - loss: 5.0946 - accuracy: 0.2812
5/5 [==============================] - 0s 2ms/step - loss: 5.1666 - accuracy: 0.2500
Epoch 8/25

1/5 [=====>........................] - ETA: 0s - loss: 5.1715 - accuracy: 0.3125
5/5 [==============================] - 0s 2ms/step - loss: 5.0583 - accuracy: 0.2803
Epoch 9/25

1/5 [=====>........................] - ETA: 0s - loss: 5.1618 - accuracy: 0.2188
5/5 [==============================] - 0s 2ms/step - loss: 4.9884 - accuracy: 0.2652
Epoch 10/25

1/5 [=====>........................] - ETA: 0s - loss: 5.0383 - accuracy: 0.3438
5/5 [==============================] - 0s 2ms/step - loss: 5.0193 - accuracy: 0.3030
Epoch 11/25

1/5 [=====>........................] - ETA: 0s - loss: 4.8498 - accuracy: 0.3438
5/5 [==============================] - 0s 2ms/step - loss: 4.7859 - accuracy: 0.3939
Epoch 12/25

1/5 [=====>........................] - ETA: 0s - loss: 4.8634 - accuracy: 0.4062
5/5 [==============================] - 0s 2ms/step - loss: 4.7818 - accuracy: 0.3485
Epoch 13/25

1/5 [=====>........................] - ETA: 0s - loss: 4.6689 - accuracy: 0.4062
5/5 [==============================] - 0s 2ms/step - loss: 4.6582 - accuracy: 0.3788
Epoch 14/25

1/5 [=====>........................] - ETA: 0s - loss: 4.7653 - accuracy: 0.3438
5/5 [==============================] - 0s 2ms/step - loss: 4.6946 - accuracy: 0.4167
Epoch 15/25

1/5 [=====>........................] - ETA: 0s - loss: 4.6627 - accuracy: 0.3438
5/5 [==============================] - 0s 2ms/step - loss: 4.6140 - accuracy: 0.3712
Epoch 16/25

1/5 [=====>........................] - ETA: 0s - loss: 4.6196 - accuracy: 0.4375
5/5 [==============================] - 0s 2ms/step - loss: 4.5046 - accuracy: 0.3939
Epoch 17/25

1/5 [=====>........................] - ETA: 0s - loss: 4.2712 - accuracy: 0.4688
5/5 [==============================] - 0s 2ms/step - loss: 4.5820 - accuracy: 0.4242
Epoch 18/25

1/5 [=====>........................] - ETA: 0s - loss: 4.1797 - accuracy: 0.5000
5/5 [==============================] - 0s 2ms/step - loss: 4.2728 - accuracy: 0.4470
Epoch 19/25

1/5 [=====>........................] - ETA: 0s - loss: 4.7046 - accuracy: 0.5000
5/5 [==============================] - 0s 2ms/step - loss: 4.4459 - accuracy: 0.4621
Epoch 20/25

1/5 [=====>........................] - ETA: 0s - loss: 4.2965 - accuracy: 0.5000
5/5 [==============================] - 0s 2ms/step - loss: 4.3126 - accuracy: 0.4773
Epoch 21/25

1/5 [=====>........................] - ETA: 0s - loss: 3.9814 - accuracy: 0.4688
5/5 [==============================] - 0s 2ms/step - loss: 4.2845 - accuracy: 0.4924
Epoch 22/25

1/5 [=====>........................] - ETA: 0s - loss: 3.9125 - accuracy: 0.6875
5/5 [==============================] - 0s 2ms/step - loss: 4.1446 - accuracy: 0.5530
Epoch 23/25

1/5 [=====>........................] - ETA: 0s - loss: 4.0514 - accuracy: 0.5312
5/5 [==============================] - 0s 2ms/step - loss: 4.1319 - accuracy: 0.4773
Epoch 24/25

1/5 [=====>........................] - ETA: 0s - loss: 4.0480 - accuracy: 0.6875
5/5 [==============================] - 0s 2ms/step - loss: 4.0785 - accuracy: 0.5758
Epoch 25/25

1/5 [=====>........................] - ETA: 0s - loss: 4.2633 - accuracy: 0.5625
5/5 [==============================] - 0s 2ms/step - loss: 4.1691 - accuracy: 0.5379
# predict: steps=103
# predict: tnodeembed_metrics
# predict: node2vec_metrics
tnodeembed: {'auc': 0.8638057844246401, 'f1_micro': 0.0, 'f1_macro': 0.0} tNodeEmbed_final_loss=3.240946054458618 tNodeEmbed_final_accuracy=0.3333333432674408 
node2vec: {'auc': 0.8418667263658939, 'f1_micro': 0.0, 'f1_macro': 0.0} node2vec_final_loss=4.169137001037598 node2vec_final_accuracy=0.5378788113594055 
