# load graph
Processing Static file: filename='interactions_with_dates_1980.csv'
# initialize tNodeEmbed for dataset=PPI_NC, test_size=0.2
# load dataset
# fit
# tNodeEmbed steps_per_epoch=5
Epoch 1/25

1/5 [=====>........................] - ETA: 3s - loss: 5.7004 - accuracy: 0.2500
5/5 [==============================] - 1s 3ms/step - loss: 5.6966 - accuracy: 0.2250
Epoch 2/25

1/5 [=====>........................] - ETA: 0s - loss: 5.6920 - accuracy: 0.2500
5/5 [==============================] - 0s 3ms/step - loss: 5.6885 - accuracy: 0.1667
Epoch 3/25

1/5 [=====>........................] - ETA: 0s - loss: 5.6805 - accuracy: 0.0938
5/5 [==============================] - 0s 2ms/step - loss: 5.6767 - accuracy: 0.1635
Epoch 4/25

1/5 [=====>........................] - ETA: 0s - loss: 5.6688 - accuracy: 0.1250
5/5 [==============================] - 0s 3ms/step - loss: 5.6625 - accuracy: 0.1667
Epoch 5/25

1/5 [=====>........................] - ETA: 0s - loss: 5.6531 - accuracy: 0.1562
5/5 [==============================] - 0s 3ms/step - loss: 5.6456 - accuracy: 0.2045
Epoch 6/25

1/5 [=====>........................] - ETA: 0s - loss: 5.6381 - accuracy: 0.1562
5/5 [==============================] - 0s 3ms/step - loss: 5.6309 - accuracy: 0.1667
Epoch 7/25

1/5 [=====>........................] - ETA: 0s - loss: 5.6028 - accuracy: 0.1875
5/5 [==============================] - 0s 3ms/step - loss: 5.6059 - accuracy: 0.1439
Epoch 8/25

1/5 [=====>........................] - ETA: 0s - loss: 5.5831 - accuracy: 0.3125
5/5 [==============================] - 0s 3ms/step - loss: 5.5783 - accuracy: 0.1970
Epoch 9/25

1/5 [=====>........................] - ETA: 0s - loss: 5.5640 - accuracy: 0.1562
5/5 [==============================] - 0s 3ms/step - loss: 5.5495 - accuracy: 0.1894
Epoch 10/25

1/5 [=====>........................] - ETA: 0s - loss: 5.5255 - accuracy: 0.1250
5/5 [==============================] - 0s 3ms/step - loss: 5.5115 - accuracy: 0.1515
Epoch 11/25

1/5 [=====>........................] - ETA: 0s - loss: 5.4820 - accuracy: 0.2188
5/5 [==============================] - 0s 3ms/step - loss: 5.4701 - accuracy: 0.1818
Epoch 12/25

1/5 [=====>........................] - ETA: 0s - loss: 5.4215 - accuracy: 0.4062
5/5 [==============================] - 0s 3ms/step - loss: 5.4127 - accuracy: 0.2197
Epoch 13/25

1/5 [=====>........................] - ETA: 0s - loss: 5.3836 - accuracy: 0.2500
5/5 [==============================] - 0s 3ms/step - loss: 5.3602 - accuracy: 0.2197
Epoch 14/25

1/5 [=====>........................] - ETA: 0s - loss: 5.3517 - accuracy: 0.1250
5/5 [==============================] - 0s 3ms/step - loss: 5.3063 - accuracy: 0.1742
Epoch 15/25

1/5 [=====>........................] - ETA: 0s - loss: 5.2893 - accuracy: 0.1875
5/5 [==============================] - 0s 3ms/step - loss: 5.2329 - accuracy: 0.2197
Epoch 16/25

1/5 [=====>........................] - ETA: 0s - loss: 5.2106 - accuracy: 0.2500
5/5 [==============================] - 0s 3ms/step - loss: 5.1544 - accuracy: 0.1894
Epoch 17/25

1/5 [=====>........................] - ETA: 0s - loss: 5.0916 - accuracy: 0.1875
5/5 [==============================] - 0s 3ms/step - loss: 5.1001 - accuracy: 0.1742
Epoch 18/25

1/5 [=====>........................] - ETA: 0s - loss: 5.0183 - accuracy: 0.1562
5/5 [==============================] - 0s 3ms/step - loss: 4.9859 - accuracy: 0.2121
Epoch 19/25

1/5 [=====>........................] - ETA: 0s - loss: 4.9848 - accuracy: 0.1250
5/5 [==============================] - 0s 2ms/step - loss: 4.9164 - accuracy: 0.2045
Epoch 20/25

1/5 [=====>........................] - ETA: 0s - loss: 4.8314 - accuracy: 0.2188
5/5 [==============================] - 0s 3ms/step - loss: 4.8032 - accuracy: 0.1818
Epoch 21/25

1/5 [=====>........................] - ETA: 0s - loss: 4.7789 - accuracy: 0.1875
5/5 [==============================] - 0s 3ms/step - loss: 4.7013 - accuracy: 0.2197
Epoch 22/25

1/5 [=====>........................] - ETA: 0s - loss: 4.6596 - accuracy: 0.1562
5/5 [==============================] - 0s 3ms/step - loss: 4.6336 - accuracy: 0.1818
Epoch 23/25

1/5 [=====>........................] - ETA: 0s - loss: 4.5772 - accuracy: 0.1875
5/5 [==============================] - 0s 3ms/step - loss: 4.5150 - accuracy: 0.1818
Epoch 24/25

1/5 [=====>........................] - ETA: 0s - loss: 4.4018 - accuracy: 0.1875
5/5 [==============================] - 0s 2ms/step - loss: 4.3845 - accuracy: 0.2045
Epoch 25/25

1/5 [=====>........................] - ETA: 0s - loss: 4.2848 - accuracy: 0.2500
5/5 [==============================] - 0s 3ms/step - loss: 4.3161 - accuracy: 0.1970
# node2vec
Epoch 1/25

1/5 [=====>........................] - ETA: 0s - loss: 5.7004 - accuracy: 0.1562
5/5 [==============================] - 0s 2ms/step - loss: 5.6979 - accuracy: 0.1875
Epoch 2/25

1/5 [=====>........................] - ETA: 0s - loss: 5.6932 - accuracy: 0.1562
5/5 [==============================] - 0s 2ms/step - loss: 5.6919 - accuracy: 0.1923
Epoch 3/25

1/5 [=====>........................] - ETA: 0s - loss: 5.6864 - accuracy: 0.2188
5/5 [==============================] - 0s 2ms/step - loss: 5.6838 - accuracy: 0.2273
Epoch 4/25

1/5 [=====>........................] - ETA: 0s - loss: 5.6781 - accuracy: 0.2500
5/5 [==============================] - 0s 3ms/step - loss: 5.6771 - accuracy: 0.1515
Epoch 5/25

1/5 [=====>........................] - ETA: 0s - loss: 5.6697 - accuracy: 0.3438
5/5 [==============================] - 0s 2ms/step - loss: 5.6685 - accuracy: 0.2500
Epoch 6/25

1/5 [=====>........................] - ETA: 0s - loss: 5.6638 - accuracy: 0.1562
5/5 [==============================] - 0s 2ms/step - loss: 5.6616 - accuracy: 0.1970
Epoch 7/25

1/5 [=====>........................] - ETA: 0s - loss: 5.6570 - accuracy: 0.1562
5/5 [==============================] - 0s 2ms/step - loss: 5.6555 - accuracy: 0.1894
Epoch 8/25

1/5 [=====>........................] - ETA: 0s - loss: 5.6501 - accuracy: 0.1250
5/5 [==============================] - 0s 3ms/step - loss: 5.6480 - accuracy: 0.1894
Epoch 9/25

1/5 [=====>........................] - ETA: 0s - loss: 5.6454 - accuracy: 0.1250
5/5 [==============================] - 0s 2ms/step - loss: 5.6407 - accuracy: 0.2273
Epoch 10/25

1/5 [=====>........................] - ETA: 0s - loss: 5.6357 - accuracy: 0.2188
5/5 [==============================] - 0s 2ms/step - loss: 5.6341 - accuracy: 0.1667
Epoch 11/25

1/5 [=====>........................] - ETA: 0s - loss: 5.6280 - accuracy: 0.1250
5/5 [==============================] - 0s 2ms/step - loss: 5.6267 - accuracy: 0.2121
Epoch 12/25

1/5 [=====>........................] - ETA: 0s - loss: 5.6237 - accuracy: 0.2188
5/5 [==============================] - 0s 2ms/step - loss: 5.6190 - accuracy: 0.2121
Epoch 13/25

1/5 [=====>........................] - ETA: 0s - loss: 5.6185 - accuracy: 0.1562
5/5 [==============================] - 0s 2ms/step - loss: 5.6154 - accuracy: 0.1591
Epoch 14/25

1/5 [=====>........................] - ETA: 0s - loss: 5.6110 - accuracy: 0.2188
5/5 [==============================] - 0s 2ms/step - loss: 5.6051 - accuracy: 0.1970
Epoch 15/25

1/5 [=====>........................] - ETA: 0s - loss: 5.5991 - accuracy: 0.2812
5/5 [==============================] - 0s 2ms/step - loss: 5.5996 - accuracy: 0.2045
Epoch 16/25

1/5 [=====>........................] - ETA: 0s - loss: 5.5887 - accuracy: 0.3125
5/5 [==============================] - 0s 2ms/step - loss: 5.5919 - accuracy: 0.1818
Epoch 17/25

1/5 [=====>........................] - ETA: 0s - loss: 5.5889 - accuracy: 0.1875
5/5 [==============================] - 0s 2ms/step - loss: 5.5851 - accuracy: 0.2121
Epoch 18/25

1/5 [=====>........................] - ETA: 0s - loss: 5.5859 - accuracy: 0.0938
5/5 [==============================] - 0s 2ms/step - loss: 5.5805 - accuracy: 0.1970
Epoch 19/25

1/5 [=====>........................] - ETA: 0s - loss: 5.5711 - accuracy: 0.2812
5/5 [==============================] - 0s 2ms/step - loss: 5.5699 - accuracy: 0.2273
Epoch 20/25

1/5 [=====>........................] - ETA: 0s - loss: 5.5672 - accuracy: 0.1875
5/5 [==============================] - 0s 2ms/step - loss: 5.5661 - accuracy: 0.1591
Epoch 21/25

1/5 [=====>........................] - ETA: 0s - loss: 5.5614 - accuracy: 0.2188
5/5 [==============================] - 0s 2ms/step - loss: 5.5595 - accuracy: 0.1894
Epoch 22/25

1/5 [=====>........................] - ETA: 0s - loss: 5.5625 - accuracy: 0.0625
5/5 [==============================] - 0s 1ms/step - loss: 5.5500 - accuracy: 0.2424
Epoch 23/25

1/5 [=====>........................] - ETA: 0s - loss: 5.5503 - accuracy: 0.1875
5/5 [==============================] - 0s 2ms/step - loss: 5.5458 - accuracy: 0.1667
Epoch 24/25

1/5 [=====>........................] - ETA: 0s - loss: 5.5496 - accuracy: 0.0938
5/5 [==============================] - 0s 2ms/step - loss: 5.5371 - accuracy: 0.2045
Epoch 25/25

1/5 [=====>........................] - ETA: 0s - loss: 5.5335 - accuracy: 0.2812
5/5 [==============================] - 0s 2ms/step - loss: 5.5313 - accuracy: 0.1894
# predict: steps=103
# predict: tnodeembed_metrics
# predict: node2vec_metrics
tnodeembed: {'auc': 0.8917091227542897, 'f1_micro': 0.0, 'f1_macro': 0.0} tNodeEmbed_final_loss=4.31613826751709 tNodeEmbed_final_accuracy=0.19696970283985138 
node2vec: {'auc': 0.894418811975634, 'f1_micro': 0.0, 'f1_macro': 0.0} node2vec_final_loss=5.531264781951904 node2vec_final_accuracy=0.18939393758773804 
