# load graph
Processing Static file: filename='interactions_with_dates_1975.csv'
# initialize tNodeEmbed for dataset=PPI_NC, test_size=0.2
# load dataset
# fit
# tNodeEmbed steps_per_epoch=5
Epoch 1/25

1/5 [=====>........................] - ETA: 3s - loss: 5.7004 - accuracy: 0.2812
5/5 [==============================] - 1s 3ms/step - loss: 5.6975 - accuracy: 0.1667
Epoch 2/25

1/5 [=====>........................] - ETA: 0s - loss: 5.6905 - accuracy: 0.1250
5/5 [==============================] - 0s 5ms/step - loss: 5.6884 - accuracy: 0.1515
Epoch 3/25

1/5 [=====>........................] - ETA: 0s - loss: 5.6821 - accuracy: 0.0938
5/5 [==============================] - 0s 5ms/step - loss: 5.6782 - accuracy: 0.1288
Epoch 4/25

1/5 [=====>........................] - ETA: 0s - loss: 5.6665 - accuracy: 0.2500
5/5 [==============================] - 0s 3ms/step - loss: 5.6645 - accuracy: 0.1818
Epoch 5/25

1/5 [=====>........................] - ETA: 0s - loss: 5.6545 - accuracy: 0.0938
5/5 [==============================] - 0s 3ms/step - loss: 5.6513 - accuracy: 0.1288
Epoch 6/25

1/5 [=====>........................] - ETA: 0s - loss: 5.6385 - accuracy: 0.1562
5/5 [==============================] - 0s 3ms/step - loss: 5.6318 - accuracy: 0.1515
Epoch 7/25

1/5 [=====>........................] - ETA: 0s - loss: 5.6175 - accuracy: 0.1562
5/5 [==============================] - 0s 3ms/step - loss: 5.6101 - accuracy: 0.1515
Epoch 8/25

1/5 [=====>........................] - ETA: 0s - loss: 5.5938 - accuracy: 0.0938
5/5 [==============================] - 0s 3ms/step - loss: 5.5836 - accuracy: 0.1515
Epoch 9/25

1/5 [=====>........................] - ETA: 0s - loss: 5.5592 - accuracy: 0.1875
5/5 [==============================] - 0s 3ms/step - loss: 5.5475 - accuracy: 0.1894
Epoch 10/25

1/5 [=====>........................] - ETA: 0s - loss: 5.5427 - accuracy: 0.0625
5/5 [==============================] - 0s 3ms/step - loss: 5.5147 - accuracy: 0.1591
Epoch 11/25

1/5 [=====>........................] - ETA: 0s - loss: 5.5115 - accuracy: 0.0625
5/5 [==============================] - 0s 3ms/step - loss: 5.4770 - accuracy: 0.1288
Epoch 12/25

1/5 [=====>........................] - ETA: 0s - loss: 5.4577 - accuracy: 0.0938
5/5 [==============================] - 0s 3ms/step - loss: 5.4272 - accuracy: 0.1515
Epoch 13/25

1/5 [=====>........................] - ETA: 0s - loss: 5.3743 - accuracy: 0.1875
5/5 [==============================] - 0s 3ms/step - loss: 5.3692 - accuracy: 0.1288
Epoch 14/25

1/5 [=====>........................] - ETA: 0s - loss: 5.3474 - accuracy: 0.1562
5/5 [==============================] - 0s 3ms/step - loss: 5.3102 - accuracy: 0.1591
Epoch 15/25

1/5 [=====>........................] - ETA: 0s - loss: 5.2517 - accuracy: 0.1875
5/5 [==============================] - 0s 3ms/step - loss: 5.2441 - accuracy: 0.1364
Epoch 16/25

1/5 [=====>........................] - ETA: 0s - loss: 5.1901 - accuracy: 0.2188
5/5 [==============================] - 0s 3ms/step - loss: 5.1646 - accuracy: 0.1591
Epoch 17/25

1/5 [=====>........................] - ETA: 0s - loss: 5.1348 - accuracy: 0.1562
5/5 [==============================] - 0s 3ms/step - loss: 5.1036 - accuracy: 0.1439
Epoch 18/25

1/5 [=====>........................] - ETA: 0s - loss: 5.0246 - accuracy: 0.2188
5/5 [==============================] - 0s 2ms/step - loss: 5.0021 - accuracy: 0.1439
Epoch 19/25

1/5 [=====>........................] - ETA: 0s - loss: 4.9851 - accuracy: 0.0625
5/5 [==============================] - 0s 3ms/step - loss: 4.9064 - accuracy: 0.1970
Epoch 20/25

1/5 [=====>........................] - ETA: 0s - loss: 4.8343 - accuracy: 0.1562
5/5 [==============================] - 0s 3ms/step - loss: 4.8367 - accuracy: 0.1288
Epoch 21/25

1/5 [=====>........................] - ETA: 0s - loss: 4.7554 - accuracy: 0.0938
5/5 [==============================] - 0s 3ms/step - loss: 4.6952 - accuracy: 0.1591
Epoch 22/25

1/5 [=====>........................] - ETA: 0s - loss: 4.6288 - accuracy: 0.1875
5/5 [==============================] - 0s 3ms/step - loss: 4.6157 - accuracy: 0.1364
Epoch 23/25

1/5 [=====>........................] - ETA: 0s - loss: 4.5346 - accuracy: 0.1875
5/5 [==============================] - 0s 3ms/step - loss: 4.4960 - accuracy: 0.1742
Epoch 24/25

1/5 [=====>........................] - ETA: 0s - loss: 4.4385 - accuracy: 0.0625
5/5 [==============================] - 0s 3ms/step - loss: 4.4029 - accuracy: 0.1364
Epoch 25/25

1/5 [=====>........................] - ETA: 0s - loss: 4.2321 - accuracy: 0.1875
5/5 [==============================] - 0s 3ms/step - loss: 4.2844 - accuracy: 0.1591
# node2vec
Epoch 1/25

1/5 [=====>........................] - ETA: 0s - loss: 5.7004 - accuracy: 0.0938
5/5 [==============================] - 0s 1ms/step - loss: 5.6976 - accuracy: 0.1375
Epoch 2/25

1/5 [=====>........................] - ETA: 0s - loss: 5.6937 - accuracy: 0.0938
5/5 [==============================] - 0s 1ms/step - loss: 5.6912 - accuracy: 0.1364
Epoch 3/25

1/5 [=====>........................] - ETA: 0s - loss: 5.6870 - accuracy: 0.0000e+00
5/5 [==============================] - 0s 2ms/step - loss: 5.6822 - accuracy: 0.1346
Epoch 4/25

1/5 [=====>........................] - ETA: 0s - loss: 5.6781 - accuracy: 0.1562
5/5 [==============================] - 0s 3ms/step - loss: 5.6764 - accuracy: 0.0985
Epoch 5/25

1/5 [=====>........................] - ETA: 0s - loss: 5.6713 - accuracy: 0.1562
5/5 [==============================] - 0s 2ms/step - loss: 5.6693 - accuracy: 0.1212
Epoch 6/25

1/5 [=====>........................] - ETA: 0s - loss: 5.6674 - accuracy: 0.1562
5/5 [==============================] - 0s 2ms/step - loss: 5.6626 - accuracy: 0.0985
Epoch 7/25

1/5 [=====>........................] - ETA: 0s - loss: 5.6572 - accuracy: 0.0938
5/5 [==============================] - 0s 2ms/step - loss: 5.6551 - accuracy: 0.1212
Epoch 8/25

1/5 [=====>........................] - ETA: 0s - loss: 5.6508 - accuracy: 0.1875
5/5 [==============================] - 0s 2ms/step - loss: 5.6477 - accuracy: 0.1288
Epoch 9/25

1/5 [=====>........................] - ETA: 0s - loss: 5.6421 - accuracy: 0.1562
5/5 [==============================] - 0s 2ms/step - loss: 5.6410 - accuracy: 0.1212
Epoch 10/25

1/5 [=====>........................] - ETA: 0s - loss: 5.6358 - accuracy: 0.1875
5/5 [==============================] - 0s 2ms/step - loss: 5.6358 - accuracy: 0.1212
Epoch 11/25

1/5 [=====>........................] - ETA: 0s - loss: 5.6277 - accuracy: 0.1562
5/5 [==============================] - 0s 2ms/step - loss: 5.6260 - accuracy: 0.1667
Epoch 12/25

1/5 [=====>........................] - ETA: 0s - loss: 5.6233 - accuracy: 0.1875
5/5 [==============================] - 0s 2ms/step - loss: 5.6207 - accuracy: 0.1667
Epoch 13/25

1/5 [=====>........................] - ETA: 0s - loss: 5.6119 - accuracy: 0.2188
5/5 [==============================] - 0s 2ms/step - loss: 5.6135 - accuracy: 0.1515
Epoch 14/25

1/5 [=====>........................] - ETA: 0s - loss: 5.6086 - accuracy: 0.0938
5/5 [==============================] - 0s 2ms/step - loss: 5.6059 - accuracy: 0.1439
Epoch 15/25

1/5 [=====>........................] - ETA: 0s - loss: 5.6042 - accuracy: 0.0625
5/5 [==============================] - 0s 2ms/step - loss: 5.6005 - accuracy: 0.1288
Epoch 16/25

1/5 [=====>........................] - ETA: 0s - loss: 5.5937 - accuracy: 0.1250
5/5 [==============================] - 0s 2ms/step - loss: 5.5927 - accuracy: 0.1742
Epoch 17/25

1/5 [=====>........................] - ETA: 0s - loss: 5.5896 - accuracy: 0.2188
5/5 [==============================] - 0s 2ms/step - loss: 5.5868 - accuracy: 0.1212
Epoch 18/25

1/5 [=====>........................] - ETA: 0s - loss: 5.5856 - accuracy: 0.1562
5/5 [==============================] - 0s 2ms/step - loss: 5.5783 - accuracy: 0.1742
Epoch 19/25

1/5 [=====>........................] - ETA: 0s - loss: 5.5736 - accuracy: 0.2188
5/5 [==============================] - 0s 2ms/step - loss: 5.5720 - accuracy: 0.1591
Epoch 20/25

1/5 [=====>........................] - ETA: 0s - loss: 5.5708 - accuracy: 0.1562
5/5 [==============================] - 0s 2ms/step - loss: 5.5680 - accuracy: 0.1288
Epoch 21/25

1/5 [=====>........................] - ETA: 0s - loss: 5.5573 - accuracy: 0.1250
5/5 [==============================] - 0s 2ms/step - loss: 5.5554 - accuracy: 0.1818
Epoch 22/25

1/5 [=====>........................] - ETA: 0s - loss: 5.5478 - accuracy: 0.3438
5/5 [==============================] - 0s 2ms/step - loss: 5.5510 - accuracy: 0.1439
Epoch 23/25

1/5 [=====>........................] - ETA: 0s - loss: 5.5475 - accuracy: 0.2500
5/5 [==============================] - 0s 1ms/step - loss: 5.5466 - accuracy: 0.1591
Epoch 24/25

1/5 [=====>........................] - ETA: 0s - loss: 5.5471 - accuracy: 0.1875
5/5 [==============================] - 0s 2ms/step - loss: 5.5366 - accuracy: 0.1439
Epoch 25/25

1/5 [=====>........................] - ETA: 0s - loss: 5.5311 - accuracy: 0.2188
5/5 [==============================] - 0s 2ms/step - loss: 5.5327 - accuracy: 0.1515
# predict: steps=103
# predict: tnodeembed_metrics
# predict: node2vec_metrics
tnodeembed: {'auc': 0.8876758057837545, 'f1_micro': 0.0, 'f1_macro': 0.0} tNodeEmbed_final_loss=4.284370422363281 tNodeEmbed_final_accuracy=0.15909090638160706 
node2vec: {'auc': 0.88609156221713, 'f1_micro': 0.0, 'f1_macro': 0.0} node2vec_final_loss=5.53274393081665 node2vec_final_accuracy=0.1515151560306549 
