# load graph
Processing Static file: filename='interactions_with_dates_2005.csv'
# initialize tNodeEmbed for dataset=PPI_NC, test_size=0.2
# load dataset
# fit
# tNodeEmbed steps_per_epoch=5
Epoch 1/25

1/5 [=====>........................] - ETA: 3s - loss: 5.6886 - accuracy: 0.2188
5/5 [==============================] - 1s 3ms/step - loss: 5.6866 - accuracy: 0.2045
Epoch 2/25

1/5 [=====>........................] - ETA: 0s - loss: 5.6649 - accuracy: 0.3125
5/5 [==============================] - 0s 3ms/step - loss: 5.6427 - accuracy: 0.3030
Epoch 3/25

1/5 [=====>........................] - ETA: 0s - loss: 5.6396 - accuracy: 0.3125
5/5 [==============================] - 0s 3ms/step - loss: 5.6153 - accuracy: 0.3333
Epoch 4/25

1/5 [=====>........................] - ETA: 0s - loss: 5.6025 - accuracy: 0.3438
5/5 [==============================] - 0s 3ms/step - loss: 5.5522 - accuracy: 0.4015
Epoch 5/25

1/5 [=====>........................] - ETA: 0s - loss: 5.5143 - accuracy: 0.4062
5/5 [==============================] - 0s 3ms/step - loss: 5.4891 - accuracy: 0.3788
Epoch 6/25

1/5 [=====>........................] - ETA: 0s - loss: 5.4724 - accuracy: 0.4688
5/5 [==============================] - 0s 3ms/step - loss: 5.4330 - accuracy: 0.4167
Epoch 7/25

1/5 [=====>........................] - ETA: 0s - loss: 5.3373 - accuracy: 0.5000
5/5 [==============================] - 0s 3ms/step - loss: 5.3374 - accuracy: 0.3788
Epoch 8/25

1/5 [=====>........................] - ETA: 0s - loss: 5.2251 - accuracy: 0.3438
5/5 [==============================] - 0s 3ms/step - loss: 5.2057 - accuracy: 0.3409
Epoch 9/25

1/5 [=====>........................] - ETA: 0s - loss: 5.1795 - accuracy: 0.3750
5/5 [==============================] - 0s 3ms/step - loss: 5.1304 - accuracy: 0.3409
Epoch 10/25

1/5 [=====>........................] - ETA: 0s - loss: 4.9201 - accuracy: 0.1875
5/5 [==============================] - 0s 3ms/step - loss: 4.9202 - accuracy: 0.2727
Epoch 11/25

1/5 [=====>........................] - ETA: 0s - loss: 4.8582 - accuracy: 0.3125
5/5 [==============================] - 0s 3ms/step - loss: 4.7813 - accuracy: 0.3258
Epoch 12/25

1/5 [=====>........................] - ETA: 0s - loss: 4.6433 - accuracy: 0.4375
5/5 [==============================] - 0s 3ms/step - loss: 4.5864 - accuracy: 0.2955
Epoch 13/25

1/5 [=====>........................] - ETA: 0s - loss: 4.6184 - accuracy: 0.2812
5/5 [==============================] - 0s 3ms/step - loss: 4.3492 - accuracy: 0.3030
Epoch 14/25

1/5 [=====>........................] - ETA: 0s - loss: 4.2885 - accuracy: 0.2188
5/5 [==============================] - 0s 3ms/step - loss: 4.4043 - accuracy: 0.2500
Epoch 15/25

1/5 [=====>........................] - ETA: 0s - loss: 4.1200 - accuracy: 0.2500
5/5 [==============================] - 0s 3ms/step - loss: 4.0641 - accuracy: 0.3030
Epoch 16/25

1/5 [=====>........................] - ETA: 0s - loss: 4.4705 - accuracy: 0.2500
5/5 [==============================] - 0s 3ms/step - loss: 4.1715 - accuracy: 0.2955
Epoch 17/25

1/5 [=====>........................] - ETA: 0s - loss: 4.2726 - accuracy: 0.3125
5/5 [==============================] - 0s 3ms/step - loss: 4.0785 - accuracy: 0.2879
Epoch 18/25

1/5 [=====>........................] - ETA: 0s - loss: 4.1175 - accuracy: 0.3125
5/5 [==============================] - 0s 2ms/step - loss: 3.8166 - accuracy: 0.3182
Epoch 19/25

1/5 [=====>........................] - ETA: 0s - loss: 3.8052 - accuracy: 0.2500
5/5 [==============================] - 0s 3ms/step - loss: 4.0193 - accuracy: 0.3030
Epoch 20/25

1/5 [=====>........................] - ETA: 0s - loss: 3.7525 - accuracy: 0.4375
5/5 [==============================] - 0s 3ms/step - loss: 3.7444 - accuracy: 0.3561
Epoch 21/25

1/5 [=====>........................] - ETA: 0s - loss: 3.6151 - accuracy: 0.3750
5/5 [==============================] - 0s 3ms/step - loss: 3.7977 - accuracy: 0.3106
Epoch 22/25

1/5 [=====>........................] - ETA: 0s - loss: 3.8300 - accuracy: 0.2188
5/5 [==============================] - 0s 5ms/step - loss: 3.7395 - accuracy: 0.3409
Epoch 23/25

1/5 [=====>........................] - ETA: 0s - loss: 3.7586 - accuracy: 0.3125
5/5 [==============================] - 0s 4ms/step - loss: 3.7393 - accuracy: 0.3258
Epoch 24/25

1/5 [=====>........................] - ETA: 0s - loss: 3.3353 - accuracy: 0.5000
5/5 [==============================] - 0s 3ms/step - loss: 3.4519 - accuracy: 0.3712
Epoch 25/25

1/5 [=====>........................] - ETA: 0s - loss: 3.4561 - accuracy: 0.5000
5/5 [==============================] - 0s 2ms/step - loss: 3.6403 - accuracy: 0.3788
# node2vec
Epoch 1/25

1/5 [=====>........................] - ETA: 0s - loss: 5.7129 - accuracy: 0.1562
5/5 [==============================] - 0s 2ms/step - loss: 5.6474 - accuracy: 0.1000
Epoch 2/25

1/5 [=====>........................] - ETA: 0s - loss: 5.6631 - accuracy: 0.0000e+00
5/5 [==============================] - 0s 2ms/step - loss: 5.5852 - accuracy: 0.0152
Epoch 3/25

1/5 [=====>........................] - ETA: 0s - loss: 5.5650 - accuracy: 0.0000e+00
5/5 [==============================] - 0s 2ms/step - loss: 5.5347 - accuracy: 0.0481
Epoch 4/25

1/5 [=====>........................] - ETA: 0s - loss: 5.4507 - accuracy: 0.2188
5/5 [==============================] - 0s 2ms/step - loss: 5.4201 - accuracy: 0.1818
Epoch 5/25

1/5 [=====>........................] - ETA: 0s - loss: 5.3791 - accuracy: 0.2812
5/5 [==============================] - 0s 2ms/step - loss: 5.3037 - accuracy: 0.2576
Epoch 6/25

1/5 [=====>........................] - ETA: 0s - loss: 5.2494 - accuracy: 0.3125
5/5 [==============================] - 0s 2ms/step - loss: 5.2705 - accuracy: 0.3258
Epoch 7/25

1/5 [=====>........................] - ETA: 0s - loss: 5.2594 - accuracy: 0.2188
5/5 [==============================] - 0s 2ms/step - loss: 5.1610 - accuracy: 0.3030
Epoch 8/25

1/5 [=====>........................] - ETA: 0s - loss: 5.1565 - accuracy: 0.4062
5/5 [==============================] - 0s 2ms/step - loss: 5.1503 - accuracy: 0.3182
Epoch 9/25

1/5 [=====>........................] - ETA: 0s - loss: 5.0146 - accuracy: 0.3438
5/5 [==============================] - 0s 2ms/step - loss: 5.0323 - accuracy: 0.3788
Epoch 10/25

1/5 [=====>........................] - ETA: 0s - loss: 4.9963 - accuracy: 0.2812
5/5 [==============================] - 0s 2ms/step - loss: 4.9244 - accuracy: 0.3409
Epoch 11/25

1/5 [=====>........................] - ETA: 0s - loss: 4.8099 - accuracy: 0.4375
5/5 [==============================] - 0s 2ms/step - loss: 4.9546 - accuracy: 0.3712
Epoch 12/25

1/5 [=====>........................] - ETA: 0s - loss: 4.8713 - accuracy: 0.3750
5/5 [==============================] - 0s 2ms/step - loss: 4.8667 - accuracy: 0.4015
Epoch 13/25

1/5 [=====>........................] - ETA: 0s - loss: 4.8259 - accuracy: 0.2500
5/5 [==============================] - 0s 2ms/step - loss: 4.7734 - accuracy: 0.4091
Epoch 14/25

1/5 [=====>........................] - ETA: 0s - loss: 4.7362 - accuracy: 0.3750
5/5 [==============================] - 0s 1ms/step - loss: 4.6999 - accuracy: 0.4242
Epoch 15/25

1/5 [=====>........................] - ETA: 0s - loss: 4.7246 - accuracy: 0.4688
5/5 [==============================] - 0s 2ms/step - loss: 4.6701 - accuracy: 0.4773
Epoch 16/25

1/5 [=====>........................] - ETA: 0s - loss: 4.6317 - accuracy: 0.5000
5/5 [==============================] - 0s 2ms/step - loss: 4.5940 - accuracy: 0.4773
Epoch 17/25

1/5 [=====>........................] - ETA: 0s - loss: 4.4680 - accuracy: 0.4375
5/5 [==============================] - 0s 2ms/step - loss: 4.5377 - accuracy: 0.4773
Epoch 18/25

1/5 [=====>........................] - ETA: 0s - loss: 4.6505 - accuracy: 0.4375
5/5 [==============================] - 0s 2ms/step - loss: 4.5130 - accuracy: 0.4773
Epoch 19/25

1/5 [=====>........................] - ETA: 0s - loss: 4.2595 - accuracy: 0.5312
5/5 [==============================] - 0s 1ms/step - loss: 4.4819 - accuracy: 0.4773
Epoch 20/25

1/5 [=====>........................] - ETA: 0s - loss: 4.1804 - accuracy: 0.5000
5/5 [==============================] - 0s 2ms/step - loss: 4.3778 - accuracy: 0.5455
Epoch 21/25

1/5 [=====>........................] - ETA: 0s - loss: 4.2376 - accuracy: 0.5625
5/5 [==============================] - 0s 2ms/step - loss: 4.4519 - accuracy: 0.4697
Epoch 22/25

1/5 [=====>........................] - ETA: 0s - loss: 4.4765 - accuracy: 0.5625
5/5 [==============================] - 0s 1ms/step - loss: 4.2272 - accuracy: 0.5530
Epoch 23/25

1/5 [=====>........................] - ETA: 0s - loss: 4.1246 - accuracy: 0.5938
5/5 [==============================] - 0s 1ms/step - loss: 4.2533 - accuracy: 0.5909
Epoch 24/25

1/5 [=====>........................] - ETA: 0s - loss: 4.3835 - accuracy: 0.5312
5/5 [==============================] - 0s 2ms/step - loss: 4.2750 - accuracy: 0.5152
Epoch 25/25

1/5 [=====>........................] - ETA: 0s - loss: 4.0125 - accuracy: 0.6250
5/5 [==============================] - 0s 2ms/step - loss: 4.1044 - accuracy: 0.5758
# predict: steps=103
# predict: tnodeembed_metrics
# predict: node2vec_metrics
tnodeembed: {'auc': 0.863299719202264, 'f1_micro': 0.0, 'f1_macro': 0.0} tNodeEmbed_final_loss=3.64029860496521 tNodeEmbed_final_accuracy=0.3787878751754761 
node2vec: {'auc': 0.8586475656908417, 'f1_micro': 0.0, 'f1_macro': 0.0} node2vec_final_loss=4.104397773742676 node2vec_final_accuracy=0.5757575631141663 
