# load graph
Processing Static file: filename='interactions_with_dates_2012.csv'
# initialize tNodeEmbed for dataset=PPI_NC, test_size=0.2
# load dataset
# fit
# tNodeEmbed steps_per_epoch=5
Epoch 1/25

1/5 [=====>........................] - ETA: 3s - loss: 5.7024 - accuracy: 0.0625
5/5 [==============================] - 1s 3ms/step - loss: 5.6820 - accuracy: 0.0606
Epoch 2/25

1/5 [=====>........................] - ETA: 0s - loss: 5.6520 - accuracy: 0.1250
5/5 [==============================] - 0s 5ms/step - loss: 5.6327 - accuracy: 0.2121
Epoch 3/25

1/5 [=====>........................] - ETA: 0s - loss: 5.6032 - accuracy: 0.4062
5/5 [==============================] - 0s 4ms/step - loss: 5.5800 - accuracy: 0.3333
Epoch 4/25

1/5 [=====>........................] - ETA: 0s - loss: 5.5443 - accuracy: 0.3125
5/5 [==============================] - 0s 3ms/step - loss: 5.5169 - accuracy: 0.3333
Epoch 5/25

1/5 [=====>........................] - ETA: 0s - loss: 5.4971 - accuracy: 0.3438
5/5 [==============================] - 0s 3ms/step - loss: 5.4368 - accuracy: 0.3485
Epoch 6/25

1/5 [=====>........................] - ETA: 0s - loss: 5.3595 - accuracy: 0.2188
5/5 [==============================] - 0s 3ms/step - loss: 5.3605 - accuracy: 0.2500
Epoch 7/25

1/5 [=====>........................] - ETA: 0s - loss: 5.1904 - accuracy: 0.4688
5/5 [==============================] - 0s 3ms/step - loss: 5.1985 - accuracy: 0.3333
Epoch 8/25

1/5 [=====>........................] - ETA: 0s - loss: 5.1065 - accuracy: 0.2812
5/5 [==============================] - 0s 3ms/step - loss: 5.0434 - accuracy: 0.2955
Epoch 9/25

1/5 [=====>........................] - ETA: 0s - loss: 4.9574 - accuracy: 0.2500
5/5 [==============================] - 0s 3ms/step - loss: 4.8729 - accuracy: 0.2576
Epoch 10/25

1/5 [=====>........................] - ETA: 0s - loss: 4.8120 - accuracy: 0.2188
5/5 [==============================] - 0s 2ms/step - loss: 4.5838 - accuracy: 0.2197
Epoch 11/25

1/5 [=====>........................] - ETA: 0s - loss: 4.4187 - accuracy: 0.2812
5/5 [==============================] - 0s 2ms/step - loss: 4.3689 - accuracy: 0.2500
Epoch 12/25

1/5 [=====>........................] - ETA: 0s - loss: 4.2341 - accuracy: 0.2500
5/5 [==============================] - 0s 3ms/step - loss: 4.0176 - accuracy: 0.2424
Epoch 13/25

1/5 [=====>........................] - ETA: 0s - loss: 3.7185 - accuracy: 0.2188
5/5 [==============================] - 0s 3ms/step - loss: 3.7310 - accuracy: 0.2424
Epoch 14/25

1/5 [=====>........................] - ETA: 0s - loss: 3.6847 - accuracy: 0.2812
5/5 [==============================] - 0s 3ms/step - loss: 3.5447 - accuracy: 0.2727
Epoch 15/25

1/5 [=====>........................] - ETA: 0s - loss: 3.3450 - accuracy: 0.3125
5/5 [==============================] - 0s 3ms/step - loss: 3.3985 - accuracy: 0.2727
Epoch 16/25

1/5 [=====>........................] - ETA: 0s - loss: 3.0092 - accuracy: 0.2812
5/5 [==============================] - 0s 3ms/step - loss: 3.1963 - accuracy: 0.2273
Epoch 17/25

1/5 [=====>........................] - ETA: 0s - loss: 2.9560 - accuracy: 0.2812
5/5 [==============================] - 0s 3ms/step - loss: 3.1508 - accuracy: 0.2273
Epoch 18/25

1/5 [=====>........................] - ETA: 0s - loss: 3.1632 - accuracy: 0.2188
5/5 [==============================] - 0s 3ms/step - loss: 3.0758 - accuracy: 0.2197
Epoch 19/25

1/5 [=====>........................] - ETA: 0s - loss: 3.0725 - accuracy: 0.1875
5/5 [==============================] - 0s 4ms/step - loss: 3.0149 - accuracy: 0.2045
Epoch 20/25

1/5 [=====>........................] - ETA: 0s - loss: 2.9682 - accuracy: 0.1875
5/5 [==============================] - 0s 3ms/step - loss: 2.9449 - accuracy: 0.1970
Epoch 21/25

1/5 [=====>........................] - ETA: 0s - loss: 2.7877 - accuracy: 0.2500
5/5 [==============================] - 0s 3ms/step - loss: 2.9677 - accuracy: 0.2500
Epoch 22/25

1/5 [=====>........................] - ETA: 0s - loss: 3.0113 - accuracy: 0.2188
5/5 [==============================] - 0s 3ms/step - loss: 2.9933 - accuracy: 0.2424
Epoch 23/25

1/5 [=====>........................] - ETA: 0s - loss: 2.6832 - accuracy: 0.1562
5/5 [==============================] - 0s 3ms/step - loss: 2.6661 - accuracy: 0.2955
Epoch 24/25

1/5 [=====>........................] - ETA: 0s - loss: 3.1159 - accuracy: 0.1875
5/5 [==============================] - 0s 3ms/step - loss: 2.8385 - accuracy: 0.2803
Epoch 25/25

1/5 [=====>........................] - ETA: 0s - loss: 2.4567 - accuracy: 0.2812
5/5 [==============================] - 0s 3ms/step - loss: 2.8485 - accuracy: 0.2955
# node2vec
Epoch 1/25

1/5 [=====>........................] - ETA: 0s - loss: 5.7562 - accuracy: 0.0312
5/5 [==============================] - 0s 2ms/step - loss: 5.7032 - accuracy: 0.0227
Epoch 2/25

1/5 [=====>........................] - ETA: 0s - loss: 5.6417 - accuracy: 0.0625
5/5 [==============================] - 0s 1ms/step - loss: 5.6248 - accuracy: 0.0758
Epoch 3/25

1/5 [=====>........................] - ETA: 0s - loss: 5.4927 - accuracy: 0.0000e+00
5/5 [==============================] - 0s 2ms/step - loss: 5.5335 - accuracy: 0.0909
Epoch 4/25

1/5 [=====>........................] - ETA: 0s - loss: 5.4428 - accuracy: 0.0312
5/5 [==============================] - 0s 2ms/step - loss: 5.4640 - accuracy: 0.0833
Epoch 5/25

1/5 [=====>........................] - ETA: 0s - loss: 5.3433 - accuracy: 0.1250
5/5 [==============================] - 0s 2ms/step - loss: 5.2974 - accuracy: 0.1439
Epoch 6/25

1/5 [=====>........................] - ETA: 0s - loss: 5.2614 - accuracy: 0.1875
5/5 [==============================] - 0s 2ms/step - loss: 5.2454 - accuracy: 0.1288
Epoch 7/25

1/5 [=====>........................] - ETA: 0s - loss: 5.2151 - accuracy: 0.3125
5/5 [==============================] - 0s 1ms/step - loss: 5.1528 - accuracy: 0.2348
Epoch 8/25

1/5 [=====>........................] - ETA: 0s - loss: 5.0871 - accuracy: 0.2188
5/5 [==============================] - 0s 2ms/step - loss: 5.0426 - accuracy: 0.1818
Epoch 9/25

1/5 [=====>........................] - ETA: 0s - loss: 4.9202 - accuracy: 0.2812
5/5 [==============================] - 0s 2ms/step - loss: 4.9484 - accuracy: 0.2424
Epoch 10/25

1/5 [=====>........................] - ETA: 0s - loss: 4.8449 - accuracy: 0.2188
5/5 [==============================] - 0s 2ms/step - loss: 4.8568 - accuracy: 0.2045
Epoch 11/25

1/5 [=====>........................] - ETA: 0s - loss: 4.7048 - accuracy: 0.3125
5/5 [==============================] - 0s 2ms/step - loss: 4.7828 - accuracy: 0.2879
Epoch 12/25

1/5 [=====>........................] - ETA: 0s - loss: 4.7634 - accuracy: 0.3750
5/5 [==============================] - 0s 3ms/step - loss: 4.6901 - accuracy: 0.3485
Epoch 13/25

1/5 [=====>........................] - ETA: 0s - loss: 4.6709 - accuracy: 0.3125
5/5 [==============================] - 0s 3ms/step - loss: 4.6196 - accuracy: 0.3939
Epoch 14/25

1/5 [=====>........................] - ETA: 0s - loss: 4.5560 - accuracy: 0.2812
5/5 [==============================] - 0s 3ms/step - loss: 4.5330 - accuracy: 0.3939
Epoch 15/25

1/5 [=====>........................] - ETA: 0s - loss: 4.4982 - accuracy: 0.4688
5/5 [==============================] - 0s 4ms/step - loss: 4.4016 - accuracy: 0.4848
Epoch 16/25

1/5 [=====>........................] - ETA: 0s - loss: 4.5826 - accuracy: 0.3125
5/5 [==============================] - 0s 3ms/step - loss: 4.3800 - accuracy: 0.4848
Epoch 17/25

1/5 [=====>........................] - ETA: 0s - loss: 4.4177 - accuracy: 0.5312
5/5 [==============================] - 0s 3ms/step - loss: 4.3202 - accuracy: 0.4773
Epoch 18/25

1/5 [=====>........................] - ETA: 0s - loss: 4.1608 - accuracy: 0.5000
5/5 [==============================] - 0s 2ms/step - loss: 4.2380 - accuracy: 0.4848
Epoch 19/25

1/5 [=====>........................] - ETA: 0s - loss: 4.0418 - accuracy: 0.5625
5/5 [==============================] - 0s 2ms/step - loss: 4.1937 - accuracy: 0.4924
Epoch 20/25

1/5 [=====>........................] - ETA: 0s - loss: 3.9033 - accuracy: 0.6562
5/5 [==============================] - 0s 2ms/step - loss: 4.0272 - accuracy: 0.5227
Epoch 21/25

1/5 [=====>........................] - ETA: 0s - loss: 4.3096 - accuracy: 0.4688
5/5 [==============================] - 0s 3ms/step - loss: 4.0372 - accuracy: 0.5606
Epoch 22/25

1/5 [=====>........................] - ETA: 0s - loss: 3.8902 - accuracy: 0.5000
5/5 [==============================] - 0s 2ms/step - loss: 3.9253 - accuracy: 0.5379
Epoch 23/25

1/5 [=====>........................] - ETA: 0s - loss: 3.9897 - accuracy: 0.6562
5/5 [==============================] - 0s 3ms/step - loss: 3.9055 - accuracy: 0.5606
Epoch 24/25

1/5 [=====>........................] - ETA: 0s - loss: 3.7583 - accuracy: 0.7812
5/5 [==============================] - 0s 2ms/step - loss: 3.8407 - accuracy: 0.5985
Epoch 25/25

1/5 [=====>........................] - ETA: 0s - loss: 3.6927 - accuracy: 0.5312
5/5 [==============================] - 0s 2ms/step - loss: 3.7104 - accuracy: 0.6212
# predict: steps=103
# predict: tnodeembed_metrics
# predict: node2vec_metrics
tnodeembed: {'auc': 0.8972493537857312, 'f1_micro': 0.004218137993371497, 'f1_macro': 6.988469026106923e-05} tNodeEmbed_final_loss=2.8484811782836914 tNodeEmbed_final_accuracy=0.2954545319080353 
node2vec: {'auc': 0.8683379870335731, 'f1_micro': 0.0006073489219556636, 'f1_macro': 1.0386588836494318e-05} node2vec_final_loss=3.7103629112243652 node2vec_final_accuracy=0.6212121248245239 
