# load graph
Processing Static file: filename='interactions_with_dates_2006.csv'
# initialize tNodeEmbed for dataset=PPI_NC, test_size=0.2
# load dataset
# fit
# tNodeEmbed steps_per_epoch=5
Epoch 1/25

1/5 [=====>........................] - ETA: 3s - loss: 5.6975 - accuracy: 0.0938
5/5 [==============================] - 1s 3ms/step - loss: 5.6805 - accuracy: 0.1437
Epoch 2/25

1/5 [=====>........................] - ETA: 0s - loss: 5.6761 - accuracy: 0.2500
5/5 [==============================] - 0s 2ms/step - loss: 5.6294 - accuracy: 0.2115
Epoch 3/25

1/5 [=====>........................] - ETA: 0s - loss: 5.6039 - accuracy: 0.2812
5/5 [==============================] - 0s 3ms/step - loss: 5.5659 - accuracy: 0.2727
Epoch 4/25

1/5 [=====>........................] - ETA: 0s - loss: 5.5467 - accuracy: 0.2188
5/5 [==============================] - 0s 3ms/step - loss: 5.5148 - accuracy: 0.2727
Epoch 5/25

1/5 [=====>........................] - ETA: 0s - loss: 5.4680 - accuracy: 0.3438
5/5 [==============================] - 0s 3ms/step - loss: 5.4061 - accuracy: 0.3409
Epoch 6/25

1/5 [=====>........................] - ETA: 0s - loss: 5.2674 - accuracy: 0.4688
5/5 [==============================] - 0s 4ms/step - loss: 5.2971 - accuracy: 0.3333
Epoch 7/25

1/5 [=====>........................] - ETA: 0s - loss: 5.2560 - accuracy: 0.3438
5/5 [==============================] - 0s 3ms/step - loss: 5.1737 - accuracy: 0.3788
Epoch 8/25

1/5 [=====>........................] - ETA: 0s - loss: 5.0154 - accuracy: 0.4688
5/5 [==============================] - 0s 3ms/step - loss: 5.0077 - accuracy: 0.3788
Epoch 9/25

1/5 [=====>........................] - ETA: 0s - loss: 4.8915 - accuracy: 0.2500
5/5 [==============================] - 0s 3ms/step - loss: 4.7870 - accuracy: 0.3788
Epoch 10/25

1/5 [=====>........................] - ETA: 0s - loss: 4.5798 - accuracy: 0.3438
5/5 [==============================] - 0s 3ms/step - loss: 4.6028 - accuracy: 0.3333
Epoch 11/25

1/5 [=====>........................] - ETA: 0s - loss: 4.4621 - accuracy: 0.3750
5/5 [==============================] - 0s 4ms/step - loss: 4.3733 - accuracy: 0.4015
Epoch 12/25

1/5 [=====>........................] - ETA: 0s - loss: 4.1105 - accuracy: 0.3125
5/5 [==============================] - 0s 3ms/step - loss: 4.2266 - accuracy: 0.3788
Epoch 13/25

1/5 [=====>........................] - ETA: 0s - loss: 4.2954 - accuracy: 0.3750
5/5 [==============================] - 0s 3ms/step - loss: 3.9940 - accuracy: 0.3561
Epoch 14/25

1/5 [=====>........................] - ETA: 0s - loss: 3.8956 - accuracy: 0.4688
5/5 [==============================] - 0s 3ms/step - loss: 3.8627 - accuracy: 0.3561
Epoch 15/25

1/5 [=====>........................] - ETA: 0s - loss: 4.1743 - accuracy: 0.2812
5/5 [==============================] - 0s 3ms/step - loss: 3.8538 - accuracy: 0.2727
Epoch 16/25

1/5 [=====>........................] - ETA: 0s - loss: 3.8380 - accuracy: 0.2500
5/5 [==============================] - 0s 3ms/step - loss: 3.8108 - accuracy: 0.2879
Epoch 17/25

1/5 [=====>........................] - ETA: 0s - loss: 3.4636 - accuracy: 0.1875
5/5 [==============================] - 0s 2ms/step - loss: 3.6774 - accuracy: 0.2500
Epoch 18/25

1/5 [=====>........................] - ETA: 0s - loss: 3.9683 - accuracy: 0.3438
5/5 [==============================] - 0s 3ms/step - loss: 3.6043 - accuracy: 0.2803
Epoch 19/25

1/5 [=====>........................] - ETA: 0s - loss: 3.6002 - accuracy: 0.2188
5/5 [==============================] - 0s 3ms/step - loss: 3.5284 - accuracy: 0.3182
Epoch 20/25

1/5 [=====>........................] - ETA: 0s - loss: 3.5578 - accuracy: 0.3438
5/5 [==============================] - 0s 3ms/step - loss: 3.5856 - accuracy: 0.2652
Epoch 21/25

1/5 [=====>........................] - ETA: 0s - loss: 3.5021 - accuracy: 0.3125
5/5 [==============================] - 0s 3ms/step - loss: 3.5357 - accuracy: 0.3409
Epoch 22/25

1/5 [=====>........................] - ETA: 0s - loss: 4.1286 - accuracy: 0.2188
5/5 [==============================] - 0s 3ms/step - loss: 3.5345 - accuracy: 0.2576
Epoch 23/25

1/5 [=====>........................] - ETA: 0s - loss: 3.3808 - accuracy: 0.5000
5/5 [==============================] - 0s 3ms/step - loss: 3.3648 - accuracy: 0.3939
Epoch 24/25

1/5 [=====>........................] - ETA: 0s - loss: 3.9278 - accuracy: 0.2500
5/5 [==============================] - 0s 3ms/step - loss: 3.4058 - accuracy: 0.3561
Epoch 25/25

1/5 [=====>........................] - ETA: 0s - loss: 3.1587 - accuracy: 0.4375
5/5 [==============================] - 0s 3ms/step - loss: 3.3621 - accuracy: 0.3561
# node2vec
Epoch 1/25

1/5 [=====>........................] - ETA: 0s - loss: 5.7866 - accuracy: 0.1562
5/5 [==============================] - 0s 1ms/step - loss: 5.7457 - accuracy: 0.1000
Epoch 2/25

1/5 [=====>........................] - ETA: 0s - loss: 5.6394 - accuracy: 0.0312
5/5 [==============================] - 0s 2ms/step - loss: 5.6341 - accuracy: 0.1061
Epoch 3/25

1/5 [=====>........................] - ETA: 0s - loss: 5.6892 - accuracy: 0.5000
5/5 [==============================] - 0s 3ms/step - loss: 5.5480 - accuracy: 0.1442
Epoch 4/25

1/5 [=====>........................] - ETA: 0s - loss: 5.3385 - accuracy: 0.2500
5/5 [==============================] - 0s 3ms/step - loss: 5.4254 - accuracy: 0.1818
Epoch 5/25

1/5 [=====>........................] - ETA: 0s - loss: 5.4505 - accuracy: 0.0625
5/5 [==============================] - 0s 2ms/step - loss: 5.3506 - accuracy: 0.1818
Epoch 6/25

1/5 [=====>........................] - ETA: 0s - loss: 5.1849 - accuracy: 0.2500
5/5 [==============================] - 0s 2ms/step - loss: 5.2667 - accuracy: 0.1894
Epoch 7/25

1/5 [=====>........................] - ETA: 0s - loss: 5.1412 - accuracy: 0.2188
5/5 [==============================] - 0s 2ms/step - loss: 5.1690 - accuracy: 0.2500
Epoch 8/25

1/5 [=====>........................] - ETA: 0s - loss: 4.9531 - accuracy: 0.2812
5/5 [==============================] - 0s 2ms/step - loss: 5.0376 - accuracy: 0.2348
Epoch 9/25

1/5 [=====>........................] - ETA: 0s - loss: 5.0818 - accuracy: 0.2500
5/5 [==============================] - 0s 2ms/step - loss: 4.9833 - accuracy: 0.3106
Epoch 10/25

1/5 [=====>........................] - ETA: 0s - loss: 4.9161 - accuracy: 0.3125
5/5 [==============================] - 0s 2ms/step - loss: 4.8964 - accuracy: 0.2727
Epoch 11/25

1/5 [=====>........................] - ETA: 0s - loss: 4.8770 - accuracy: 0.2812
5/5 [==============================] - 0s 3ms/step - loss: 4.8184 - accuracy: 0.2955
Epoch 12/25

1/5 [=====>........................] - ETA: 0s - loss: 4.7261 - accuracy: 0.2812
5/5 [==============================] - 0s 2ms/step - loss: 4.7419 - accuracy: 0.3258
Epoch 13/25

1/5 [=====>........................] - ETA: 0s - loss: 4.4920 - accuracy: 0.2812
5/5 [==============================] - 0s 2ms/step - loss: 4.7023 - accuracy: 0.3485
Epoch 14/25

1/5 [=====>........................] - ETA: 0s - loss: 4.5394 - accuracy: 0.4062
5/5 [==============================] - 0s 2ms/step - loss: 4.5614 - accuracy: 0.3636
Epoch 15/25

1/5 [=====>........................] - ETA: 0s - loss: 4.6173 - accuracy: 0.4375
5/5 [==============================] - 0s 2ms/step - loss: 4.5264 - accuracy: 0.3864
Epoch 16/25

1/5 [=====>........................] - ETA: 0s - loss: 4.1923 - accuracy: 0.3438
5/5 [==============================] - 0s 2ms/step - loss: 4.4546 - accuracy: 0.3788
Epoch 17/25

1/5 [=====>........................] - ETA: 0s - loss: 4.3665 - accuracy: 0.4375
5/5 [==============================] - 0s 2ms/step - loss: 4.4392 - accuracy: 0.4015
Epoch 18/25

1/5 [=====>........................] - ETA: 0s - loss: 4.1880 - accuracy: 0.3750
5/5 [==============================] - 0s 2ms/step - loss: 4.2468 - accuracy: 0.3561
Epoch 19/25

1/5 [=====>........................] - ETA: 0s - loss: 4.0748 - accuracy: 0.5938
5/5 [==============================] - 0s 2ms/step - loss: 4.2177 - accuracy: 0.4773
Epoch 20/25

1/5 [=====>........................] - ETA: 0s - loss: 4.1575 - accuracy: 0.3438
5/5 [==============================] - 0s 2ms/step - loss: 4.2955 - accuracy: 0.4015
Epoch 21/25

1/5 [=====>........................] - ETA: 0s - loss: 3.7084 - accuracy: 0.5312
5/5 [==============================] - 0s 2ms/step - loss: 4.0162 - accuracy: 0.4697
Epoch 22/25

1/5 [=====>........................] - ETA: 0s - loss: 3.9253 - accuracy: 0.5000
5/5 [==============================] - 0s 2ms/step - loss: 4.0924 - accuracy: 0.4621
Epoch 23/25

1/5 [=====>........................] - ETA: 0s - loss: 3.9979 - accuracy: 0.4688
5/5 [==============================] - 0s 2ms/step - loss: 4.1818 - accuracy: 0.4697
Epoch 24/25

1/5 [=====>........................] - ETA: 0s - loss: 3.7955 - accuracy: 0.4688
5/5 [==============================] - 0s 2ms/step - loss: 3.7884 - accuracy: 0.5379
Epoch 25/25

1/5 [=====>........................] - ETA: 0s - loss: 3.9126 - accuracy: 0.5625
5/5 [==============================] - 0s 2ms/step - loss: 3.9434 - accuracy: 0.4924
# predict: steps=103
# predict: tnodeembed_metrics
# predict: node2vec_metrics
tnodeembed: {'auc': 0.8763472666683916, 'f1_micro': 0.0, 'f1_macro': 0.0} tNodeEmbed_final_loss=3.3620896339416504 tNodeEmbed_final_accuracy=0.35606059432029724 
node2vec: {'auc': 0.8641320253213122, 'f1_micro': 0.0, 'f1_macro': 0.0} node2vec_final_loss=3.9433963298797607 node2vec_final_accuracy=0.49242424964904785 
