# load graph
Processing Static file: filename='interactions_with_dates_1998.csv'
# initialize tNodeEmbed for dataset=PPI_NC, test_size=0.2
# load dataset
# fit
# tNodeEmbed steps_per_epoch=5
Epoch 1/25

1/5 [=====>........................] - ETA: 3s - loss: 5.7017 - accuracy: 0.2812
5/5 [==============================] - 1s 3ms/step - loss: 5.6953 - accuracy: 0.2197
Epoch 2/25

1/5 [=====>........................] - ETA: 0s - loss: 5.6850 - accuracy: 0.1250
5/5 [==============================] - 0s 3ms/step - loss: 5.6751 - accuracy: 0.2348
Epoch 3/25

1/5 [=====>........................] - ETA: 0s - loss: 5.6647 - accuracy: 0.2500
5/5 [==============================] - 0s 4ms/step - loss: 5.6522 - accuracy: 0.2576
Epoch 4/25

1/5 [=====>........................] - ETA: 0s - loss: 5.6240 - accuracy: 0.2500
5/5 [==============================] - 0s 3ms/step - loss: 5.6304 - accuracy: 0.2576
Epoch 5/25

1/5 [=====>........................] - ETA: 0s - loss: 5.5946 - accuracy: 0.1562
5/5 [==============================] - 0s 2ms/step - loss: 5.6000 - accuracy: 0.2576
Epoch 6/25

1/5 [=====>........................] - ETA: 0s - loss: 5.5540 - accuracy: 0.2188
5/5 [==============================] - 0s 3ms/step - loss: 5.5596 - accuracy: 0.2727
Epoch 7/25

1/5 [=====>........................] - ETA: 0s - loss: 5.5681 - accuracy: 0.2812
5/5 [==============================] - 0s 3ms/step - loss: 5.4995 - accuracy: 0.2348
Epoch 8/25

1/5 [=====>........................] - ETA: 0s - loss: 5.4285 - accuracy: 0.2500
5/5 [==============================] - 0s 3ms/step - loss: 5.5001 - accuracy: 0.2576
Epoch 9/25

1/5 [=====>........................] - ETA: 0s - loss: 5.5515 - accuracy: 0.1875
5/5 [==============================] - 0s 3ms/step - loss: 5.4005 - accuracy: 0.2652
Epoch 10/25

1/5 [=====>........................] - ETA: 0s - loss: 5.4648 - accuracy: 0.1875
5/5 [==============================] - 0s 3ms/step - loss: 5.3008 - accuracy: 0.2652
Epoch 11/25

1/5 [=====>........................] - ETA: 0s - loss: 5.2594 - accuracy: 0.1875
5/5 [==============================] - 0s 3ms/step - loss: 5.3134 - accuracy: 0.2045
Epoch 12/25

1/5 [=====>........................] - ETA: 0s - loss: 5.1609 - accuracy: 0.2500
5/5 [==============================] - 0s 3ms/step - loss: 5.2211 - accuracy: 0.2348
Epoch 13/25

1/5 [=====>........................] - ETA: 0s - loss: 5.1696 - accuracy: 0.2500
5/5 [==============================] - 0s 3ms/step - loss: 5.1892 - accuracy: 0.2197
Epoch 14/25

1/5 [=====>........................] - ETA: 0s - loss: 4.7991 - accuracy: 0.2188
5/5 [==============================] - 0s 3ms/step - loss: 5.0284 - accuracy: 0.2727
Epoch 15/25

1/5 [=====>........................] - ETA: 0s - loss: 5.0938 - accuracy: 0.1562
5/5 [==============================] - 0s 2ms/step - loss: 4.9773 - accuracy: 0.2424
Epoch 16/25

1/5 [=====>........................] - ETA: 0s - loss: 5.0736 - accuracy: 0.1562
5/5 [==============================] - 0s 3ms/step - loss: 4.9444 - accuracy: 0.2424
Epoch 17/25

1/5 [=====>........................] - ETA: 0s - loss: 4.8924 - accuracy: 0.3125
5/5 [==============================] - 0s 3ms/step - loss: 4.9399 - accuracy: 0.2121
Epoch 18/25

1/5 [=====>........................] - ETA: 0s - loss: 5.0074 - accuracy: 0.2188
5/5 [==============================] - 0s 3ms/step - loss: 4.8215 - accuracy: 0.2727
Epoch 19/25

1/5 [=====>........................] - ETA: 0s - loss: 4.6378 - accuracy: 0.2188
5/5 [==============================] - 0s 3ms/step - loss: 4.7221 - accuracy: 0.2803
Epoch 20/25

1/5 [=====>........................] - ETA: 0s - loss: 4.7973 - accuracy: 0.2500
5/5 [==============================] - 0s 3ms/step - loss: 4.6550 - accuracy: 0.2727
Epoch 21/25

1/5 [=====>........................] - ETA: 0s - loss: 4.5112 - accuracy: 0.3125
5/5 [==============================] - 0s 3ms/step - loss: 4.5691 - accuracy: 0.2955
Epoch 22/25

1/5 [=====>........................] - ETA: 0s - loss: 4.3733 - accuracy: 0.3750
5/5 [==============================] - 0s 2ms/step - loss: 4.5334 - accuracy: 0.3106
Epoch 23/25

1/5 [=====>........................] - ETA: 0s - loss: 4.1263 - accuracy: 0.4062
5/5 [==============================] - 0s 2ms/step - loss: 4.3799 - accuracy: 0.3485
Epoch 24/25

1/5 [=====>........................] - ETA: 0s - loss: 4.2564 - accuracy: 0.2500
5/5 [==============================] - 0s 3ms/step - loss: 4.3319 - accuracy: 0.3106
Epoch 25/25

1/5 [=====>........................] - ETA: 0s - loss: 4.3728 - accuracy: 0.2812
5/5 [==============================] - 0s 3ms/step - loss: 4.2533 - accuracy: 0.3106
# node2vec
Epoch 1/25

1/5 [=====>........................] - ETA: 0s - loss: 5.6950 - accuracy: 0.1562
5/5 [==============================] - 0s 2ms/step - loss: 5.6994 - accuracy: 0.1875
Epoch 2/25

1/5 [=====>........................] - ETA: 0s - loss: 5.6803 - accuracy: 0.1250
5/5 [==============================] - 0s 2ms/step - loss: 5.6667 - accuracy: 0.1667
Epoch 3/25

1/5 [=====>........................] - ETA: 0s - loss: 5.6863 - accuracy: 0.2500
5/5 [==============================] - 0s 2ms/step - loss: 5.6564 - accuracy: 0.2596
Epoch 4/25

1/5 [=====>........................] - ETA: 0s - loss: 5.6594 - accuracy: 0.2500
5/5 [==============================] - 0s 2ms/step - loss: 5.6081 - accuracy: 0.1970
Epoch 5/25

1/5 [=====>........................] - ETA: 0s - loss: 5.6213 - accuracy: 0.2812
5/5 [==============================] - 0s 2ms/step - loss: 5.5751 - accuracy: 0.2652
Epoch 6/25

1/5 [=====>........................] - ETA: 0s - loss: 5.5452 - accuracy: 0.3125
5/5 [==============================] - 0s 2ms/step - loss: 5.5472 - accuracy: 0.2348
Epoch 7/25

1/5 [=====>........................] - ETA: 0s - loss: 5.5997 - accuracy: 0.3438
5/5 [==============================] - 0s 2ms/step - loss: 5.5586 - accuracy: 0.2879
Epoch 8/25

1/5 [=====>........................] - ETA: 0s - loss: 5.4841 - accuracy: 0.3125
5/5 [==============================] - 0s 2ms/step - loss: 5.4665 - accuracy: 0.2879
Epoch 9/25

1/5 [=====>........................] - ETA: 0s - loss: 5.4883 - accuracy: 0.1875
5/5 [==============================] - 0s 2ms/step - loss: 5.5271 - accuracy: 0.2197
Epoch 10/25

1/5 [=====>........................] - ETA: 0s - loss: 5.4303 - accuracy: 0.2500
5/5 [==============================] - 0s 1ms/step - loss: 5.4523 - accuracy: 0.2955
Epoch 11/25

1/5 [=====>........................] - ETA: 0s - loss: 5.2590 - accuracy: 0.2812
5/5 [==============================] - 0s 2ms/step - loss: 5.4242 - accuracy: 0.2500
Epoch 12/25

1/5 [=====>........................] - ETA: 0s - loss: 5.3707 - accuracy: 0.2188
5/5 [==============================] - 0s 2ms/step - loss: 5.3401 - accuracy: 0.2727
Epoch 13/25

1/5 [=====>........................] - ETA: 0s - loss: 5.5104 - accuracy: 0.2500
5/5 [==============================] - 0s 1ms/step - loss: 5.4012 - accuracy: 0.3182
Epoch 14/25

1/5 [=====>........................] - ETA: 0s - loss: 5.4362 - accuracy: 0.1562
5/5 [==============================] - 0s 2ms/step - loss: 5.3515 - accuracy: 0.2955
Epoch 15/25

1/5 [=====>........................] - ETA: 0s - loss: 5.3729 - accuracy: 0.2500
5/5 [==============================] - 0s 2ms/step - loss: 5.2990 - accuracy: 0.3030
Epoch 16/25

1/5 [=====>........................] - ETA: 0s - loss: 5.4018 - accuracy: 0.2812
5/5 [==============================] - 0s 2ms/step - loss: 5.3671 - accuracy: 0.2652
Epoch 17/25

1/5 [=====>........................] - ETA: 0s - loss: 5.3320 - accuracy: 0.2812
5/5 [==============================] - 0s 2ms/step - loss: 5.2708 - accuracy: 0.2803
Epoch 18/25

1/5 [=====>........................] - ETA: 0s - loss: 5.3563 - accuracy: 0.2500
5/5 [==============================] - 0s 2ms/step - loss: 5.2607 - accuracy: 0.3106
Epoch 19/25

1/5 [=====>........................] - ETA: 0s - loss: 5.0992 - accuracy: 0.4062
5/5 [==============================] - 0s 2ms/step - loss: 5.2779 - accuracy: 0.2879
Epoch 20/25

1/5 [=====>........................] - ETA: 0s - loss: 5.2839 - accuracy: 0.2812
5/5 [==============================] - 0s 2ms/step - loss: 5.1895 - accuracy: 0.3561
Epoch 21/25

1/5 [=====>........................] - ETA: 0s - loss: 5.4897 - accuracy: 0.1875
5/5 [==============================] - 0s 2ms/step - loss: 5.2010 - accuracy: 0.2727
Epoch 22/25

1/5 [=====>........................] - ETA: 0s - loss: 5.2866 - accuracy: 0.2500
5/5 [==============================] - 0s 2ms/step - loss: 5.2188 - accuracy: 0.3258
Epoch 23/25

1/5 [=====>........................] - ETA: 0s - loss: 4.9561 - accuracy: 0.3750
5/5 [==============================] - 0s 2ms/step - loss: 5.1764 - accuracy: 0.3106
Epoch 24/25

1/5 [=====>........................] - ETA: 0s - loss: 4.9446 - accuracy: 0.3438
5/5 [==============================] - 0s 2ms/step - loss: 5.1614 - accuracy: 0.3333
Epoch 25/25

1/5 [=====>........................] - ETA: 0s - loss: 5.2736 - accuracy: 0.2500
5/5 [==============================] - 0s 2ms/step - loss: 5.1163 - accuracy: 0.3106
# predict: steps=103
# predict: tnodeembed_metrics
# predict: node2vec_metrics
tnodeembed: {'auc': 0.8483730264441, 'f1_micro': 0.0, 'f1_macro': 0.0} tNodeEmbed_final_loss=4.253323078155518 tNodeEmbed_final_accuracy=0.31060606241226196 
node2vec: {'auc': 0.8337532189828025, 'f1_micro': 0.0, 'f1_macro': 0.0} node2vec_final_loss=5.11630916595459 node2vec_final_accuracy=0.31060606241226196 
