# load graph
Processing Static file: filename='interactions_with_dates_1990.csv'
# initialize tNodeEmbed for dataset=PPI_NC, test_size=0.2
# load dataset
# fit
# tNodeEmbed steps_per_epoch=5
Epoch 1/25

1/5 [=====>........................] - ETA: 3s - loss: 5.7004 - accuracy: 0.2188
5/5 [==============================] - 1s 3ms/step - loss: 5.6973 - accuracy: 0.1894
Epoch 2/25

1/5 [=====>........................] - ETA: 0s - loss: 5.6909 - accuracy: 0.3750
5/5 [==============================] - 0s 4ms/step - loss: 5.6869 - accuracy: 0.2576
Epoch 3/25

1/5 [=====>........................] - ETA: 0s - loss: 5.6817 - accuracy: 0.1875
5/5 [==============================] - 0s 4ms/step - loss: 5.6744 - accuracy: 0.2121
Epoch 4/25

1/5 [=====>........................] - ETA: 0s - loss: 5.6603 - accuracy: 0.2188
5/5 [==============================] - 0s 3ms/step - loss: 5.6541 - accuracy: 0.2727
Epoch 5/25

1/5 [=====>........................] - ETA: 0s - loss: 5.6518 - accuracy: 0.2188
5/5 [==============================] - 0s 4ms/step - loss: 5.6396 - accuracy: 0.2197
Epoch 6/25

1/5 [=====>........................] - ETA: 0s - loss: 5.6312 - accuracy: 0.3125
5/5 [==============================] - 0s 3ms/step - loss: 5.6199 - accuracy: 0.2652
Epoch 7/25

1/5 [=====>........................] - ETA: 0s - loss: 5.6149 - accuracy: 0.1562
5/5 [==============================] - 0s 2ms/step - loss: 5.5941 - accuracy: 0.2197
Epoch 8/25

1/5 [=====>........................] - ETA: 0s - loss: 5.5549 - accuracy: 0.2812
5/5 [==============================] - 0s 3ms/step - loss: 5.5553 - accuracy: 0.2576
Epoch 9/25

1/5 [=====>........................] - ETA: 0s - loss: 5.5265 - accuracy: 0.2188
5/5 [==============================] - 0s 3ms/step - loss: 5.5305 - accuracy: 0.2879
Epoch 10/25

1/5 [=====>........................] - ETA: 0s - loss: 5.4726 - accuracy: 0.2812
5/5 [==============================] - 0s 3ms/step - loss: 5.4902 - accuracy: 0.2197
Epoch 11/25

1/5 [=====>........................] - ETA: 0s - loss: 5.4866 - accuracy: 0.2188
5/5 [==============================] - 0s 2ms/step - loss: 5.4168 - accuracy: 0.2955
Epoch 12/25

1/5 [=====>........................] - ETA: 0s - loss: 5.4503 - accuracy: 0.1875
5/5 [==============================] - 0s 3ms/step - loss: 5.3844 - accuracy: 0.2424
Epoch 13/25

1/5 [=====>........................] - ETA: 0s - loss: 5.3769 - accuracy: 0.2500
5/5 [==============================] - 0s 3ms/step - loss: 5.3380 - accuracy: 0.2727
Epoch 14/25

1/5 [=====>........................] - ETA: 0s - loss: 5.2354 - accuracy: 0.2188
5/5 [==============================] - 0s 3ms/step - loss: 5.2350 - accuracy: 0.2273
Epoch 15/25

1/5 [=====>........................] - ETA: 0s - loss: 5.1797 - accuracy: 0.1875
5/5 [==============================] - 0s 3ms/step - loss: 5.1843 - accuracy: 0.2500
Epoch 16/25

1/5 [=====>........................] - ETA: 0s - loss: 5.1610 - accuracy: 0.2500
5/5 [==============================] - 0s 3ms/step - loss: 5.1299 - accuracy: 0.2652
Epoch 17/25

1/5 [=====>........................] - ETA: 0s - loss: 5.0976 - accuracy: 0.1875
5/5 [==============================] - 0s 3ms/step - loss: 5.0120 - accuracy: 0.2045
Epoch 18/25

1/5 [=====>........................] - ETA: 0s - loss: 4.9345 - accuracy: 0.1875
5/5 [==============================] - 0s 3ms/step - loss: 4.9400 - accuracy: 0.2500
Epoch 19/25

1/5 [=====>........................] - ETA: 0s - loss: 4.7929 - accuracy: 0.2500
5/5 [==============================] - 0s 3ms/step - loss: 4.7947 - accuracy: 0.2652
Epoch 20/25

1/5 [=====>........................] - ETA: 0s - loss: 4.6553 - accuracy: 0.3125
5/5 [==============================] - 0s 3ms/step - loss: 4.7487 - accuracy: 0.2500
Epoch 21/25

1/5 [=====>........................] - ETA: 0s - loss: 4.6282 - accuracy: 0.2500
5/5 [==============================] - 0s 2ms/step - loss: 4.6047 - accuracy: 0.2273
Epoch 22/25

1/5 [=====>........................] - ETA: 0s - loss: 4.5959 - accuracy: 0.3438
5/5 [==============================] - 0s 2ms/step - loss: 4.5294 - accuracy: 0.3106
Epoch 23/25

1/5 [=====>........................] - ETA: 0s - loss: 4.5490 - accuracy: 0.1875
5/5 [==============================] - 0s 2ms/step - loss: 4.3963 - accuracy: 0.2197
Epoch 24/25

1/5 [=====>........................] - ETA: 0s - loss: 4.3881 - accuracy: 0.3125
5/5 [==============================] - 0s 3ms/step - loss: 4.3197 - accuracy: 0.2273
Epoch 25/25

1/5 [=====>........................] - ETA: 0s - loss: 4.1915 - accuracy: 0.2812
5/5 [==============================] - 0s 2ms/step - loss: 4.1482 - accuracy: 0.2727
# node2vec
Epoch 1/25

1/5 [=====>........................] - ETA: 0s - loss: 5.7010 - accuracy: 0.1875
5/5 [==============================] - 0s 2ms/step - loss: 5.6981 - accuracy: 0.1894
Epoch 2/25

1/5 [=====>........................] - ETA: 0s - loss: 5.6941 - accuracy: 0.1562
5/5 [==============================] - 0s 1ms/step - loss: 5.6908 - accuracy: 0.1136
Epoch 3/25

1/5 [=====>........................] - ETA: 0s - loss: 5.6859 - accuracy: 0.0000e+00
5/5 [==============================] - 0s 2ms/step - loss: 5.6811 - accuracy: 0.0530
Epoch 4/25

1/5 [=====>........................] - ETA: 0s - loss: 5.6776 - accuracy: 0.1250
5/5 [==============================] - 0s 2ms/step - loss: 5.6650 - accuracy: 0.1136
Epoch 5/25

1/5 [=====>........................] - ETA: 0s - loss: 5.6718 - accuracy: 0.0625
5/5 [==============================] - 0s 2ms/step - loss: 5.6687 - accuracy: 0.1591
Epoch 6/25

1/5 [=====>........................] - ETA: 0s - loss: 5.6641 - accuracy: 0.1875
5/5 [==============================] - 0s 2ms/step - loss: 5.6509 - accuracy: 0.2348
Epoch 7/25

1/5 [=====>........................] - ETA: 0s - loss: 5.6543 - accuracy: 0.4062
5/5 [==============================] - 0s 2ms/step - loss: 5.6379 - accuracy: 0.2727
Epoch 8/25

1/5 [=====>........................] - ETA: 0s - loss: 5.6475 - accuracy: 0.1875
5/5 [==============================] - 0s 2ms/step - loss: 5.6368 - accuracy: 0.2197
Epoch 9/25

1/5 [=====>........................] - ETA: 0s - loss: 5.5999 - accuracy: 0.2500
5/5 [==============================] - 0s 2ms/step - loss: 5.6170 - accuracy: 0.2576
Epoch 10/25

1/5 [=====>........................] - ETA: 0s - loss: 5.6330 - accuracy: 0.2500
5/5 [==============================] - 0s 2ms/step - loss: 5.6117 - accuracy: 0.2500
Epoch 11/25

1/5 [=====>........................] - ETA: 0s - loss: 5.6262 - accuracy: 0.2500
5/5 [==============================] - 0s 2ms/step - loss: 5.6101 - accuracy: 0.2803
Epoch 12/25

1/5 [=====>........................] - ETA: 0s - loss: 5.5580 - accuracy: 0.3438
5/5 [==============================] - 0s 2ms/step - loss: 5.5936 - accuracy: 0.2273
Epoch 13/25

1/5 [=====>........................] - ETA: 0s - loss: 5.5774 - accuracy: 0.1562
5/5 [==============================] - 0s 2ms/step - loss: 5.5861 - accuracy: 0.2348
Epoch 14/25

1/5 [=====>........................] - ETA: 0s - loss: 5.6023 - accuracy: 0.2812
5/5 [==============================] - 0s 2ms/step - loss: 5.5746 - accuracy: 0.2803
Epoch 15/25

1/5 [=====>........................] - ETA: 0s - loss: 5.5555 - accuracy: 0.1250
5/5 [==============================] - 0s 2ms/step - loss: 5.5678 - accuracy: 0.2273
Epoch 16/25

1/5 [=====>........................] - ETA: 0s - loss: 5.5466 - accuracy: 0.1875
5/5 [==============================] - 0s 1ms/step - loss: 5.5579 - accuracy: 0.2576
Epoch 17/25

1/5 [=====>........................] - ETA: 0s - loss: 5.5343 - accuracy: 0.1562
5/5 [==============================] - 0s 2ms/step - loss: 5.5485 - accuracy: 0.2500
Epoch 18/25

1/5 [=====>........................] - ETA: 0s - loss: 5.5733 - accuracy: 0.2188
5/5 [==============================] - 0s 2ms/step - loss: 5.5404 - accuracy: 0.2348
Epoch 19/25

1/5 [=====>........................] - ETA: 0s - loss: 5.5163 - accuracy: 0.2500
5/5 [==============================] - 0s 2ms/step - loss: 5.5100 - accuracy: 0.2500
Epoch 20/25

1/5 [=====>........................] - ETA: 0s - loss: 5.5609 - accuracy: 0.2500
5/5 [==============================] - 0s 2ms/step - loss: 5.5444 - accuracy: 0.2500
Epoch 21/25

1/5 [=====>........................] - ETA: 0s - loss: 5.4991 - accuracy: 0.2500
5/5 [==============================] - 0s 2ms/step - loss: 5.5129 - accuracy: 0.2727
Epoch 22/25

1/5 [=====>........................] - ETA: 0s - loss: 5.5434 - accuracy: 0.2812
5/5 [==============================] - 0s 2ms/step - loss: 5.4666 - accuracy: 0.2273
Epoch 23/25

1/5 [=====>........................] - ETA: 0s - loss: 5.5351 - accuracy: 0.3438
5/5 [==============================] - 0s 1ms/step - loss: 5.5360 - accuracy: 0.2727
Epoch 24/25

1/5 [=====>........................] - ETA: 0s - loss: 5.5354 - accuracy: 0.1250
5/5 [==============================] - 0s 2ms/step - loss: 5.4880 - accuracy: 0.2273
Epoch 25/25

1/5 [=====>........................] - ETA: 0s - loss: 5.4531 - accuracy: 0.2812
5/5 [==============================] - 0s 1ms/step - loss: 5.4773 - accuracy: 0.2576
# predict: steps=103
# predict: tnodeembed_metrics
# predict: node2vec_metrics
tnodeembed: {'auc': 0.8899776240980152, 'f1_micro': 0.0, 'f1_macro': 0.0} tNodeEmbed_final_loss=4.148220539093018 tNodeEmbed_final_accuracy=0.27272728085517883 
node2vec: {'auc': 0.8945264684230809, 'f1_micro': 0.0, 'f1_macro': 0.0} node2vec_final_loss=5.4772844314575195 node2vec_final_accuracy=0.25757575035095215 
