# load graph
Processing Static file: filename='interactions_with_dates_1972.csv'
# initialize tNodeEmbed for dataset=PPI_NC, test_size=0.2
# load dataset
# fit
# tNodeEmbed steps_per_epoch=5
Epoch 1/25

1/5 [=====>........................] - ETA: 3s - loss: 5.7004 - accuracy: 0.1875
5/5 [==============================] - 1s 2ms/step - loss: 5.6975 - accuracy: 0.1288
Epoch 2/25

1/5 [=====>........................] - ETA: 0s - loss: 5.6913 - accuracy: 0.1562
5/5 [==============================] - 0s 5ms/step - loss: 5.6871 - accuracy: 0.2045
Epoch 3/25

1/5 [=====>........................] - ETA: 0s - loss: 5.6810 - accuracy: 0.1250
5/5 [==============================] - 0s 3ms/step - loss: 5.6758 - accuracy: 0.1894
Epoch 4/25

1/5 [=====>........................] - ETA: 0s - loss: 5.6688 - accuracy: 0.1250
5/5 [==============================] - 0s 3ms/step - loss: 5.6619 - accuracy: 0.1818
Epoch 5/25

1/5 [=====>........................] - ETA: 0s - loss: 5.6535 - accuracy: 0.1562
5/5 [==============================] - 0s 3ms/step - loss: 5.6465 - accuracy: 0.1667
Epoch 6/25

1/5 [=====>........................] - ETA: 0s - loss: 5.6379 - accuracy: 0.2188
5/5 [==============================] - 0s 3ms/step - loss: 5.6283 - accuracy: 0.2045
Epoch 7/25

1/5 [=====>........................] - ETA: 0s - loss: 5.6107 - accuracy: 0.2812
5/5 [==============================] - 0s 3ms/step - loss: 5.6045 - accuracy: 0.1742
Epoch 8/25

1/5 [=====>........................] - ETA: 0s - loss: 5.5873 - accuracy: 0.1562
5/5 [==============================] - 0s 3ms/step - loss: 5.5761 - accuracy: 0.2273
Epoch 9/25

1/5 [=====>........................] - ETA: 0s - loss: 5.5645 - accuracy: 0.1250
5/5 [==============================] - 0s 3ms/step - loss: 5.5443 - accuracy: 0.1818
Epoch 10/25

1/5 [=====>........................] - ETA: 0s - loss: 5.5290 - accuracy: 0.1250
5/5 [==============================] - 0s 3ms/step - loss: 5.5118 - accuracy: 0.1591
Epoch 11/25

1/5 [=====>........................] - ETA: 0s - loss: 5.4731 - accuracy: 0.2188
5/5 [==============================] - 0s 3ms/step - loss: 5.4584 - accuracy: 0.2121
Epoch 12/25

1/5 [=====>........................] - ETA: 0s - loss: 5.4370 - accuracy: 0.1562
5/5 [==============================] - 0s 3ms/step - loss: 5.4144 - accuracy: 0.1818
Epoch 13/25

1/5 [=====>........................] - ETA: 0s - loss: 5.3705 - accuracy: 0.2188
5/5 [==============================] - 0s 3ms/step - loss: 5.3642 - accuracy: 0.1894
Epoch 14/25

1/5 [=====>........................] - ETA: 0s - loss: 5.3070 - accuracy: 0.1250
5/5 [==============================] - 0s 3ms/step - loss: 5.2940 - accuracy: 0.1742
Epoch 15/25

1/5 [=====>........................] - ETA: 0s - loss: 5.2713 - accuracy: 0.1562
5/5 [==============================] - 0s 3ms/step - loss: 5.2207 - accuracy: 0.2045
Epoch 16/25

1/5 [=====>........................] - ETA: 0s - loss: 5.1614 - accuracy: 0.3438
5/5 [==============================] - 0s 2ms/step - loss: 5.1538 - accuracy: 0.1742
Epoch 17/25

1/5 [=====>........................] - ETA: 0s - loss: 5.1083 - accuracy: 0.1562
5/5 [==============================] - 0s 3ms/step - loss: 5.0729 - accuracy: 0.1970
Epoch 18/25

1/5 [=====>........................] - ETA: 0s - loss: 5.0270 - accuracy: 0.2188
5/5 [==============================] - 0s 2ms/step - loss: 4.9825 - accuracy: 0.1970
Epoch 19/25

1/5 [=====>........................] - ETA: 0s - loss: 4.9386 - accuracy: 0.1562
5/5 [==============================] - 0s 2ms/step - loss: 4.8782 - accuracy: 0.1894
Epoch 20/25

1/5 [=====>........................] - ETA: 0s - loss: 4.8586 - accuracy: 0.1875
5/5 [==============================] - 0s 3ms/step - loss: 4.7958 - accuracy: 0.1818
Epoch 21/25

1/5 [=====>........................] - ETA: 0s - loss: 4.6910 - accuracy: 0.2188
5/5 [==============================] - 0s 3ms/step - loss: 4.6950 - accuracy: 0.1894
Epoch 22/25

1/5 [=====>........................] - ETA: 0s - loss: 4.6056 - accuracy: 0.2500
5/5 [==============================] - 0s 3ms/step - loss: 4.5845 - accuracy: 0.1818
Epoch 23/25

1/5 [=====>........................] - ETA: 0s - loss: 4.5662 - accuracy: 0.0938
5/5 [==============================] - 0s 3ms/step - loss: 4.4794 - accuracy: 0.1894
Epoch 24/25

1/5 [=====>........................] - ETA: 0s - loss: 4.4162 - accuracy: 0.1875
5/5 [==============================] - 0s 3ms/step - loss: 4.3486 - accuracy: 0.1970
Epoch 25/25

1/5 [=====>........................] - ETA: 0s - loss: 4.2744 - accuracy: 0.3125
5/5 [==============================] - 0s 3ms/step - loss: 4.2696 - accuracy: 0.1970
# node2vec
Epoch 1/25

1/5 [=====>........................] - ETA: 0s - loss: 5.7004 - accuracy: 0.2188
5/5 [==============================] - 0s 2ms/step - loss: 5.6981 - accuracy: 0.1818
Epoch 2/25

1/5 [=====>........................] - ETA: 0s - loss: 5.6932 - accuracy: 0.1250
5/5 [==============================] - 0s 1ms/step - loss: 5.6911 - accuracy: 0.1818
Epoch 3/25

1/5 [=====>........................] - ETA: 0s - loss: 5.6868 - accuracy: 0.1250
5/5 [==============================] - 0s 3ms/step - loss: 5.6836 - accuracy: 0.1439
Epoch 4/25

1/5 [=====>........................] - ETA: 0s - loss: 5.6783 - accuracy: 0.2188
5/5 [==============================] - 0s 4ms/step - loss: 5.6757 - accuracy: 0.2197
Epoch 5/25

1/5 [=====>........................] - ETA: 0s - loss: 5.6726 - accuracy: 0.1562
5/5 [==============================] - 0s 2ms/step - loss: 5.6688 - accuracy: 0.2045
Epoch 6/25

1/5 [=====>........................] - ETA: 0s - loss: 5.6645 - accuracy: 0.1250
5/5 [==============================] - 0s 2ms/step - loss: 5.6616 - accuracy: 0.1818
Epoch 7/25

1/5 [=====>........................] - ETA: 0s - loss: 5.6550 - accuracy: 0.1875
5/5 [==============================] - 0s 2ms/step - loss: 5.6542 - accuracy: 0.1818
Epoch 8/25

1/5 [=====>........................] - ETA: 0s - loss: 5.6482 - accuracy: 0.1562
5/5 [==============================] - 0s 2ms/step - loss: 5.6467 - accuracy: 0.2045
Epoch 9/25

1/5 [=====>........................] - ETA: 0s - loss: 5.6439 - accuracy: 0.1250
5/5 [==============================] - 0s 1ms/step - loss: 5.6398 - accuracy: 0.2045
Epoch 10/25

1/5 [=====>........................] - ETA: 0s - loss: 5.6354 - accuracy: 0.0938
5/5 [==============================] - 0s 2ms/step - loss: 5.6336 - accuracy: 0.1591
Epoch 11/25

1/5 [=====>........................] - ETA: 0s - loss: 5.6298 - accuracy: 0.2188
5/5 [==============================] - 0s 2ms/step - loss: 5.6247 - accuracy: 0.2045
Epoch 12/25

1/5 [=====>........................] - ETA: 0s - loss: 5.6171 - accuracy: 0.2188
5/5 [==============================] - 0s 2ms/step - loss: 5.6179 - accuracy: 0.1818
Epoch 13/25

1/5 [=====>........................] - ETA: 0s - loss: 5.6092 - accuracy: 0.3438
5/5 [==============================] - 0s 2ms/step - loss: 5.6105 - accuracy: 0.1742
Epoch 14/25

1/5 [=====>........................] - ETA: 0s - loss: 5.6060 - accuracy: 0.2188
5/5 [==============================] - 0s 1ms/step - loss: 5.6042 - accuracy: 0.2045
Epoch 15/25

1/5 [=====>........................] - ETA: 0s - loss: 5.6014 - accuracy: 0.1562
5/5 [==============================] - 0s 2ms/step - loss: 5.5983 - accuracy: 0.1742
Epoch 16/25

1/5 [=====>........................] - ETA: 0s - loss: 5.5893 - accuracy: 0.1875
5/5 [==============================] - 0s 2ms/step - loss: 5.5881 - accuracy: 0.2045
Epoch 17/25

1/5 [=====>........................] - ETA: 0s - loss: 5.5853 - accuracy: 0.1562
5/5 [==============================] - 0s 2ms/step - loss: 5.5835 - accuracy: 0.1970
Epoch 18/25

1/5 [=====>........................] - ETA: 0s - loss: 5.5787 - accuracy: 0.1250
5/5 [==============================] - 0s 2ms/step - loss: 5.5760 - accuracy: 0.1742
Epoch 19/25

1/5 [=====>........................] - ETA: 0s - loss: 5.5741 - accuracy: 0.1250
5/5 [==============================] - 0s 2ms/step - loss: 5.5682 - accuracy: 0.1894
Epoch 20/25

1/5 [=====>........................] - ETA: 0s - loss: 5.5662 - accuracy: 0.1562
5/5 [==============================] - 0s 1ms/step - loss: 5.5623 - accuracy: 0.1818
Epoch 21/25

1/5 [=====>........................] - ETA: 0s - loss: 5.5513 - accuracy: 0.2812
5/5 [==============================] - 0s 2ms/step - loss: 5.5529 - accuracy: 0.2045
Epoch 22/25

1/5 [=====>........................] - ETA: 0s - loss: 5.5495 - accuracy: 0.1875
5/5 [==============================] - 0s 2ms/step - loss: 5.5501 - accuracy: 0.1742
Epoch 23/25

1/5 [=====>........................] - ETA: 0s - loss: 5.5461 - accuracy: 0.1250
5/5 [==============================] - 0s 2ms/step - loss: 5.5382 - accuracy: 0.2121
Epoch 24/25

1/5 [=====>........................] - ETA: 0s - loss: 5.5332 - accuracy: 0.1250
5/5 [==============================] - 0s 2ms/step - loss: 5.5364 - accuracy: 0.1515
Epoch 25/25

1/5 [=====>........................] - ETA: 0s - loss: 5.5297 - accuracy: 0.0938
5/5 [==============================] - 0s 2ms/step - loss: 5.5238 - accuracy: 0.2045
# predict: steps=103
# predict: tnodeembed_metrics
# predict: node2vec_metrics
tnodeembed: {'auc': 0.8747849769328341, 'f1_micro': 0.0, 'f1_macro': 0.0} tNodeEmbed_final_loss=4.269563674926758 tNodeEmbed_final_accuracy=0.19696970283985138 
node2vec: {'auc': 0.8921317287383692, 'f1_micro': 0.0, 'f1_macro': 0.0} node2vec_final_loss=5.523838043212891 node2vec_final_accuracy=0.20454545319080353 
